==========================================
Launching experiments for seeds 0, 1, and 2 in parallel.
Common Parameters:
  Model Name     : OfficeHomeNet
  Source Domains : Art
  Policy ID      : 3
  Setting ID     : 77
  Schedule       : step_1
  Image Size     : 224
==========================================

--- Launching experiment for SEED: 0 ---
  Log file       : ../../logs/drift_src_Art_model_OfficeHomeNet_policy_3_setting_77_schedule_step_1_seed_0_imgsize_224_20250521_045623.log
----------------------------------------

--- Launching experiment for SEED: 1 ---
  Log file       : ../../logs/drift_src_Art_model_OfficeHomeNet_policy_3_setting_77_schedule_step_1_seed_1_imgsize_224_20250521_045623.log
----------------------------------------

--- Launching experiment for SEED: 2 ---
  Log file       : ../../logs/drift_src_Art_model_OfficeHomeNet_policy_3_setting_77_schedule_step_1_seed_2_imgsize_224_20250521_045623.log
----------------------------------------

All experiments launched. Waiting for completion...
All experiments appear to have completed successfully.
==========================================
Script finished.

