Using the latest cached version of the dataset since flwrlabs/pacs couldn't be found on the Hugging Face Hub
Found the latest cached dataset configuration 'default' at /home/apiasecz/.cache/huggingface/datasets/flwrlabs___pacs/default/0.0.0/394113073258ead631f617d2e13bb377c0715c4b (last modified on Wed Jan 29 16:59:35 2025).
Using the latest cached version of the dataset since flwrlabs/pacs couldn't be found on the Hugging Face Hub
Found the latest cached dataset configuration 'default' at /home/apiasecz/.cache/huggingface/datasets/flwrlabs___pacs/default/0.0.0/394113073258ead631f617d2e13bb377c0715c4b (last modified on Wed Jan 29 16:59:35 2025).
Using the latest cached version of the dataset since flwrlabs/pacs couldn't be found on the Hugging Face Hub
Found the latest cached dataset configuration 'default' at /home/apiasecz/.cache/huggingface/datasets/flwrlabs___pacs/default/0.0.0/394113073258ead631f617d2e13bb377c0715c4b (last modified on Wed Jan 29 16:59:35 2025).
Using the latest cached version of the dataset since flwrlabs/pacs couldn't be found on the Hugging Face Hub
Found the latest cached dataset configuration 'default' at /home/apiasecz/.cache/huggingface/datasets/flwrlabs___pacs/default/0.0.0/394113073258ead631f617d2e13bb377c0715c4b (last modified on Wed Jan 29 16:59:35 2025).
Using the latest cached version of the dataset since flwrlabs/pacs couldn't be found on the Hugging Face Hub
Found the latest cached dataset configuration 'default' at /home/apiasecz/.cache/huggingface/datasets/flwrlabs___pacs/default/0.0.0/394113073258ead631f617d2e13bb377c0715c4b (last modified on Wed Jan 29 16:59:35 2025).
Device: cuda
CUDA Version: 12.1
cuDNN Version: 8902
PyTorch Version: 2.3.0

Model used: PACSCNN_1
Initial dataset creation
Initial dataset creation
Initial loss: 0.8022273778915405
<__main__.Policy object at 0x15521c51b710>
0.8022273778915405
Average loss over 5 updates: 0.8445
Round 1 took 0.3705472946166992s, results:
{'t': 0, 'current_accuracy': 0.71875, 'current_loss': 0.7634759247303009, 'train_loss': 0.8444749355316162, 'decision': 1, 'drift_rate': 0.0, 'target_domains': ['sketch']}
Round 2 took 0.12755274772644043s, results:
{'t': 1, 'current_accuracy': 0.72265625, 'current_loss': 0.7588084936141968, 'train_loss': None, 'decision': 0, 'drift_rate': 0.0, 'target_domains': ['sketch']}
Round 3 took 0.12750983238220215s, results:
{'t': 2, 'current_accuracy': 0.72265625, 'current_loss': 0.7588084638118744, 'train_loss': None, 'decision': 0, 'drift_rate': 0.0, 'target_domains': ['sketch']}
Round 4 took 0.1274127960205078s, results:
{'t': 3, 'current_accuracy': 0.72265625, 'current_loss': 0.7588084936141968, 'train_loss': None, 'decision': 0, 'drift_rate': 0.0, 'target_domains': ['sketch']}
Round 5 took 0.12722420692443848s, results:
{'t': 4, 'current_accuracy': 0.72265625, 'current_loss': 0.7588084638118744, 'train_loss': None, 'decision': 0, 'drift_rate': 0.0, 'target_domains': ['sketch']}
Round 6 took 0.12718677520751953s, results:
{'t': 5, 'current_accuracy': 0.72265625, 'current_loss': 0.7588084936141968, 'train_loss': None, 'decision': 0, 'drift_rate': 0.0, 'target_domains': ['sketch']}
Round 7 took 0.12732768058776855s, results:
{'t': 6, 'current_accuracy': 0.72265625, 'current_loss': 0.7588084638118744, 'train_loss': None, 'decision': 0, 'drift_rate': 0.0, 'target_domains': ['sketch']}
Round 8 took 0.126906156539917s, results:
{'t': 7, 'current_accuracy': 0.72265625, 'current_loss': 0.7588084936141968, 'train_loss': None, 'decision': 0, 'drift_rate': 0.0, 'target_domains': ['sketch']}
Round 9 took 0.1270604133605957s, results:
{'t': 8, 'current_accuracy': 0.72265625, 'current_loss': 0.7588084638118744, 'train_loss': None, 'decision': 0, 'drift_rate': 0.0, 'target_domains': ['sketch']}
Round 10 took 0.12717318534851074s, results:
{'t': 9, 'current_accuracy': 0.72265625, 'current_loss': 0.7588085830211639, 'train_loss': None, 'decision': 0, 'drift_rate': 0.0, 'target_domains': ['sketch']}
Average loss over 5 updates: 0.8431
Round 11 took 0.2924540042877197s, results:
{'t': 10, 'current_accuracy': 0.72265625, 'current_loss': 0.7588084936141968, 'train_loss': 0.8431472659111023, 'decision': 1, 'drift_rate': 0.0, 'target_domains': ['sketch']}
Round 12 took 0.13077831268310547s, results:
{'t': 11, 'current_accuracy': 0.67578125, 'current_loss': 0.8219485878944397, 'train_loss': None, 'decision': 0, 'drift_rate': 0.0, 'target_domains': ['sketch']}
Round 13 took 0.12705087661743164s, results:
{'t': 12, 'current_accuracy': 0.67578125, 'current_loss': 0.8219485282897949, 'train_loss': None, 'decision': 0, 'drift_rate': 0.0, 'target_domains': ['sketch']}
Round 14 took 0.12708711624145508s, results:
{'t': 13, 'current_accuracy': 0.67578125, 'current_loss': 0.8219486474990845, 'train_loss': None, 'decision': 0, 'drift_rate': 0.0, 'target_domains': ['sketch']}
Round 15 took 0.12701821327209473s, results:
{'t': 14, 'current_accuracy': 0.67578125, 'current_loss': 0.8219485580921173, 'train_loss': None, 'decision': 0, 'drift_rate': 0.0, 'target_domains': ['sketch']}
Round 16 took 0.12690305709838867s, results:
{'t': 15, 'current_accuracy': 0.67578125, 'current_loss': 0.8219486773014069, 'train_loss': None, 'decision': 0, 'drift_rate': 0.0, 'target_domains': ['sketch']}
Round 17 took 0.12682580947875977s, results:
{'t': 16, 'current_accuracy': 0.67578125, 'current_loss': 0.8219486176967621, 'train_loss': None, 'decision': 0, 'drift_rate': 0.0, 'target_domains': ['sketch']}
Round 18 took 0.12699460983276367s, results:
{'t': 17, 'current_accuracy': 0.67578125, 'current_loss': 0.8219486176967621, 'train_loss': None, 'decision': 0, 'drift_rate': 0.0, 'target_domains': ['sketch']}
Round 19 took 0.12686634063720703s, results:
{'t': 18, 'current_accuracy': 0.67578125, 'current_loss': 0.8219485580921173, 'train_loss': None, 'decision': 0, 'drift_rate': 0.0, 'target_domains': ['sketch']}
Round 20 took 0.12679123878479004s, results:
{'t': 19, 'current_accuracy': 0.67578125, 'current_loss': 0.8219486474990845, 'train_loss': None, 'decision': 0, 'drift_rate': 0.0, 'target_domains': ['sketch']}
Average loss over 5 updates: 0.7442
Round 21 took 0.29439830780029297s, results:
{'t': 20, 'current_accuracy': 0.67578125, 'current_loss': 0.8219485282897949, 'train_loss': 0.744204044342041, 'decision': 1, 'drift_rate': 0.0, 'target_domains': ['sketch']}
Round 22 took 0.12737822532653809s, results:
{'t': 21, 'current_accuracy': 0.703125, 'current_loss': 0.7395566403865814, 'train_loss': None, 'decision': 0, 'drift_rate': 0.0, 'target_domains': ['sketch']}
Round 23 took 0.12701892852783203s, results:
{'t': 22, 'current_accuracy': 0.703125, 'current_loss': 0.7395567297935486, 'train_loss': None, 'decision': 0, 'drift_rate': 0.0, 'target_domains': ['sketch']}
Round 24 took 0.1273343563079834s, results:
{'t': 23, 'current_accuracy': 0.703125, 'current_loss': 0.7395565807819366, 'train_loss': None, 'decision': 0, 'drift_rate': 0.0, 'target_domains': ['sketch']}
Round 25 took 0.12728118896484375s, results:
{'t': 24, 'current_accuracy': 0.703125, 'current_loss': 0.7395567297935486, 'train_loss': None, 'decision': 0, 'drift_rate': 0.0, 'target_domains': ['sketch']}
Round 26 took 0.13106822967529297s, results:
{'t': 25, 'current_accuracy': 0.703125, 'current_loss': 0.7395565807819366, 'train_loss': None, 'decision': 0, 'drift_rate': 0.0, 'target_domains': ['sketch']}
Round 27 took 0.12697458267211914s, results:
{'t': 26, 'current_accuracy': 0.703125, 'current_loss': 0.7395566701889038, 'train_loss': None, 'decision': 0, 'drift_rate': 0.0, 'target_domains': ['sketch']}
Round 28 took 0.12716245651245117s, results:
{'t': 27, 'current_accuracy': 0.703125, 'current_loss': 0.7395566701889038, 'train_loss': None, 'decision': 0, 'drift_rate': 0.0, 'target_domains': ['sketch']}
Round 29 took 0.12714862823486328s, results:
{'t': 28, 'current_accuracy': 0.703125, 'current_loss': 0.739556610584259, 'train_loss': None, 'decision': 0, 'drift_rate': 0.0, 'target_domains': ['sketch']}
Round 30 took 0.1268620491027832s, results:
{'t': 29, 'current_accuracy': 0.703125, 'current_loss': 0.7395566999912262, 'train_loss': None, 'decision': 0, 'drift_rate': 0.0, 'target_domains': ['sketch']}
Average loss over 5 updates: 0.7558
Round 31 took 0.2958195209503174s, results:
{'t': 30, 'current_accuracy': 0.703125, 'current_loss': 0.7395565807819366, 'train_loss': 0.755832576751709, 'decision': 1, 'drift_rate': 0.0, 'target_domains': ['sketch']}
Round 32 took 0.12737393379211426s, results:
{'t': 31, 'current_accuracy': 0.71875, 'current_loss': 0.7495721280574799, 'train_loss': None, 'decision': 0, 'drift_rate': 0.0, 'target_domains': ['sketch']}
Round 33 took 0.12725305557250977s, results:
{'t': 32, 'current_accuracy': 0.71875, 'current_loss': 0.749572217464447, 'train_loss': None, 'decision': 0, 'drift_rate': 0.0, 'target_domains': ['sketch']}
Round 34 took 0.1271381378173828s, results:
{'t': 33, 'current_accuracy': 0.71875, 'current_loss': 0.7495721578598022, 'train_loss': None, 'decision': 0, 'drift_rate': 0.0, 'target_domains': ['sketch']}
Round 35 took 0.12720370292663574s, results:
{'t': 34, 'current_accuracy': 0.71875, 'current_loss': 0.7495721578598022, 'train_loss': None, 'decision': 0, 'drift_rate': 0.0, 'target_domains': ['sketch']}
Round 36 took 0.1271820068359375s, results:
{'t': 35, 'current_accuracy': 0.71875, 'current_loss': 0.7495720386505127, 'train_loss': None, 'decision': 0, 'drift_rate': 0.0, 'target_domains': ['sketch']}
Round 37 took 0.1270456314086914s, results:
{'t': 36, 'current_accuracy': 0.71875, 'current_loss': 0.7495720982551575, 'train_loss': None, 'decision': 0, 'drift_rate': 0.0, 'target_domains': ['sketch']}
Round 38 took 0.12710261344909668s, results:
{'t': 37, 'current_accuracy': 0.71875, 'current_loss': 0.7495720684528351, 'train_loss': None, 'decision': 0, 'drift_rate': 0.0, 'target_domains': ['sketch']}
Round 39 took 0.1302659511566162s, results:
{'t': 38, 'current_accuracy': 0.71875, 'current_loss': 0.7495721578598022, 'train_loss': None, 'decision': 0, 'drift_rate': 0.0, 'target_domains': ['sketch']}
Round 40 took 0.12722086906433105s, results:
{'t': 39, 'current_accuracy': 0.71875, 'current_loss': 0.7495721280574799, 'train_loss': None, 'decision': 0, 'drift_rate': 0.0, 'target_domains': ['sketch']}
Average loss over 5 updates: 1.0052
Round 41 took 0.29506349563598633s, results:
{'t': 40, 'current_accuracy': 0.71875, 'current_loss': 0.7495720088481903, 'train_loss': 1.005242908000946, 'decision': 1, 'drift_rate': 0.0, 'target_domains': ['sketch']}
Round 42 took 0.12741351127624512s, results:
{'t': 41, 'current_accuracy': 0.7109375, 'current_loss': 0.7711471021175385, 'train_loss': None, 'decision': 0, 'drift_rate': 0.0, 'target_domains': ['sketch']}
Round 43 took 0.1271686553955078s, results:
{'t': 42, 'current_accuracy': 0.7109375, 'current_loss': 0.7711471915245056, 'train_loss': None, 'decision': 0, 'drift_rate': 0.0, 'target_domains': ['sketch']}
Round 44 took 0.12722277641296387s, results:
{'t': 43, 'current_accuracy': 0.7109375, 'current_loss': 0.7711471021175385, 'train_loss': None, 'decision': 0, 'drift_rate': 0.0, 'target_domains': ['sketch']}
Round 45 took 0.12719964981079102s, results:
{'t': 44, 'current_accuracy': 0.7109375, 'current_loss': 0.7711471617221832, 'train_loss': None, 'decision': 0, 'drift_rate': 0.0, 'target_domains': ['sketch']}
Round 46 took 0.12714529037475586s, results:
{'t': 45, 'current_accuracy': 0.7109375, 'current_loss': 0.7711471319198608, 'train_loss': None, 'decision': 0, 'drift_rate': 0.0, 'target_domains': ['sketch']}
Round 47 took 0.12717103958129883s, results:
{'t': 46, 'current_accuracy': 0.7109375, 'current_loss': 0.7711471915245056, 'train_loss': None, 'decision': 0, 'drift_rate': 0.0, 'target_domains': ['sketch']}
Round 48 took 0.12691211700439453s, results:
{'t': 47, 'current_accuracy': 0.7109375, 'current_loss': 0.7711471915245056, 'train_loss': None, 'decision': 0, 'drift_rate': 0.0, 'target_domains': ['sketch']}
Round 49 took 0.12705564498901367s, results:
{'t': 48, 'current_accuracy': 0.7109375, 'current_loss': 0.7711471021175385, 'train_loss': None, 'decision': 0, 'drift_rate': 0.0, 'target_domains': ['sketch']}
Round 50 took 0.12693166732788086s, results:
{'t': 49, 'current_accuracy': 0.7109375, 'current_loss': 0.7711470723152161, 'train_loss': None, 'decision': 0, 'drift_rate': 0.0, 'target_domains': ['sketch']}
Average loss over 5 updates: 0.7623
Round 51 took 0.2922487258911133s, results:
{'t': 50, 'current_accuracy': 0.7109375, 'current_loss': 0.7711470425128937, 'train_loss': 0.7623480558395386, 'decision': 1, 'drift_rate': 0.0, 'target_domains': ['sketch']}
Round 52 took 0.1311783790588379s, results:
{'t': 51, 'current_accuracy': 0.72265625, 'current_loss': 0.8261686563491821, 'train_loss': None, 'decision': 0, 'drift_rate': 0.0, 'target_domains': ['sketch']}
Round 53 took 0.12747502326965332s, results:
{'t': 52, 'current_accuracy': 0.72265625, 'current_loss': 0.8261687457561493, 'train_loss': None, 'decision': 0, 'drift_rate': 0.0, 'target_domains': ['sketch']}
Round 54 took 0.1272435188293457s, results:
{'t': 53, 'current_accuracy': 0.72265625, 'current_loss': 0.8261687159538269, 'train_loss': None, 'decision': 0, 'drift_rate': 0.0, 'target_domains': ['sketch']}
Round 55 took 0.12726831436157227s, results:
{'t': 54, 'current_accuracy': 0.72265625, 'current_loss': 0.8261686265468597, 'train_loss': None, 'decision': 0, 'drift_rate': 0.0, 'target_domains': ['sketch']}
Round 56 took 0.12782621383666992s, results:
{'t': 55, 'current_accuracy': 0.72265625, 'current_loss': 0.8261686265468597, 'train_loss': None, 'decision': 0, 'drift_rate': 0.4, 'target_domains': ['sketch']}
Round 57 took 0.12762665748596191s, results:
{'t': 56, 'current_accuracy': 0.72265625, 'current_loss': 0.8261686861515045, 'train_loss': None, 'decision': 0, 'drift_rate': 0.4, 'target_domains': ['sketch']}
Round 58 took 0.12743520736694336s, results:
{'t': 57, 'current_accuracy': 0.72265625, 'current_loss': 0.8261685967445374, 'train_loss': None, 'decision': 0, 'drift_rate': 0.4, 'target_domains': ['sketch']}
Round 59 took 0.12727928161621094s, results:
{'t': 58, 'current_accuracy': 0.72265625, 'current_loss': 0.8261686861515045, 'train_loss': None, 'decision': 0, 'drift_rate': 0.4, 'target_domains': ['sketch']}
Round 60 took 0.12729477882385254s, results:
{'t': 59, 'current_accuracy': 0.72265625, 'current_loss': 0.8261685967445374, 'train_loss': None, 'decision': 0, 'drift_rate': 0.4, 'target_domains': ['sketch']}
Average loss over 5 updates: 0.7612
Round 61 took 0.29199814796447754s, results:
{'t': 60, 'current_accuracy': 0.72265625, 'current_loss': 0.826168566942215, 'train_loss': 0.7611506581306458, 'decision': 1, 'drift_rate': 0.0, 'target_domains': ['sketch']}
Round 62 took 0.12721943855285645s, results:
{'t': 61, 'current_accuracy': 0.71484375, 'current_loss': 0.8650433719158173, 'train_loss': None, 'decision': 0, 'drift_rate': 0.0, 'target_domains': ['sketch']}
Round 63 took 0.1271364688873291s, results:
{'t': 62, 'current_accuracy': 0.71484375, 'current_loss': 0.865043431520462, 'train_loss': None, 'decision': 0, 'drift_rate': 0.0, 'target_domains': ['sketch']}
Round 64 took 0.12694454193115234s, results:
{'t': 63, 'current_accuracy': 0.71484375, 'current_loss': 0.865043431520462, 'train_loss': None, 'decision': 0, 'drift_rate': 0.0, 'target_domains': ['sketch']}
Round 65 took 0.12697649002075195s, results:
{'t': 64, 'current_accuracy': 0.71484375, 'current_loss': 0.8650433421134949, 'train_loss': None, 'decision': 0, 'drift_rate': 0.0, 'target_domains': ['sketch']}
Round 66 took 0.13032889366149902s, results:
{'t': 65, 'current_accuracy': 0.71484375, 'current_loss': 0.865043431520462, 'train_loss': None, 'decision': 0, 'drift_rate': 0.0, 'target_domains': ['sketch']}
Round 67 took 0.1271512508392334s, results:
{'t': 66, 'current_accuracy': 0.71484375, 'current_loss': 0.8650433719158173, 'train_loss': None, 'decision': 0, 'drift_rate': 0.0, 'target_domains': ['sketch']}
Round 68 took 0.12723970413208008s, results:
{'t': 67, 'current_accuracy': 0.71484375, 'current_loss': 0.8650433719158173, 'train_loss': None, 'decision': 0, 'drift_rate': 0.0, 'target_domains': ['sketch']}
Round 69 took 0.12715792655944824s, results:
{'t': 68, 'current_accuracy': 0.71484375, 'current_loss': 0.8650434017181396, 'train_loss': None, 'decision': 0, 'drift_rate': 0.0, 'target_domains': ['sketch']}
Round 70 took 0.12695002555847168s, results:
{'t': 69, 'current_accuracy': 0.71484375, 'current_loss': 0.8650433123111725, 'train_loss': None, 'decision': 0, 'drift_rate': 0.0, 'target_domains': ['sketch']}
Average loss over 5 updates: 0.8109
Round 71 took 0.29146552085876465s, results:
{'t': 70, 'current_accuracy': 0.71484375, 'current_loss': 0.865043431520462, 'train_loss': 0.8109455704689026, 'decision': 1, 'drift_rate': 0.0, 'target_domains': ['sketch']}
Round 72 took 0.12748169898986816s, results:
{'t': 71, 'current_accuracy': 0.7265625, 'current_loss': 0.7592606246471405, 'train_loss': None, 'decision': 0, 'drift_rate': 0.0, 'target_domains': ['sketch']}
Round 73 took 0.127197265625s, results:
{'t': 72, 'current_accuracy': 0.7265625, 'current_loss': 0.759260505437851, 'train_loss': None, 'decision': 0, 'drift_rate': 0.0, 'target_domains': ['sketch']}
Round 74 took 0.127274751663208s, results:
{'t': 73, 'current_accuracy': 0.7265625, 'current_loss': 0.7592605948448181, 'train_loss': None, 'decision': 0, 'drift_rate': 0.0, 'target_domains': ['sketch']}
Round 75 took 0.12721681594848633s, results:
{'t': 74, 'current_accuracy': 0.7265625, 'current_loss': 0.7592605650424957, 'train_loss': None, 'decision': 0, 'drift_rate': 0.0, 'target_domains': ['sketch']}
Round 76 took 0.12710118293762207s, results:
{'t': 75, 'current_accuracy': 0.7265625, 'current_loss': 0.7592605352401733, 'train_loss': None, 'decision': 0, 'drift_rate': 0.0, 'target_domains': ['sketch']}
Round 77 took 0.12733936309814453s, results:
{'t': 76, 'current_accuracy': 0.7265625, 'current_loss': 0.7592605948448181, 'train_loss': None, 'decision': 0, 'drift_rate': 0.0, 'target_domains': ['sketch']}
Round 78 took 0.12727570533752441s, results:
{'t': 77, 'current_accuracy': 0.7265625, 'current_loss': 0.7592606544494629, 'train_loss': None, 'decision': 0, 'drift_rate': 0.0, 'target_domains': ['sketch']}
Round 79 took 0.1271378993988037s, results:
{'t': 78, 'current_accuracy': 0.7265625, 'current_loss': 0.7592606842517853, 'train_loss': None, 'decision': 0, 'drift_rate': 0.0, 'target_domains': ['sketch']}
Round 80 took 0.13020563125610352s, results:
{'t': 79, 'current_accuracy': 0.7265625, 'current_loss': 0.7592606246471405, 'train_loss': None, 'decision': 0, 'drift_rate': 0.0, 'target_domains': ['sketch']}
Average loss over 5 updates: 0.8280
Round 81 took 0.29170870780944824s, results:
{'t': 80, 'current_accuracy': 0.7265625, 'current_loss': 0.7592606544494629, 'train_loss': 0.8279575109481812, 'decision': 1, 'drift_rate': 0.0, 'target_domains': ['sketch']}
Round 82 took 0.12778925895690918s, results:
{'t': 81, 'current_accuracy': 0.70703125, 'current_loss': 0.764677882194519, 'train_loss': None, 'decision': 0, 'drift_rate': 0.0, 'target_domains': ['sketch']}
Round 83 took 0.12746715545654297s, results:
{'t': 82, 'current_accuracy': 0.70703125, 'current_loss': 0.7646777629852295, 'train_loss': None, 'decision': 0, 'drift_rate': 0.0, 'target_domains': ['sketch']}
Round 84 took 0.12734198570251465s, results:
{'t': 83, 'current_accuracy': 0.70703125, 'current_loss': 0.7646777629852295, 'train_loss': None, 'decision': 0, 'drift_rate': 0.0, 'target_domains': ['sketch']}
Round 85 took 0.12755489349365234s, results:
{'t': 84, 'current_accuracy': 0.70703125, 'current_loss': 0.7646777927875519, 'train_loss': None, 'decision': 0, 'drift_rate': 0.0, 'target_domains': ['sketch']}
Round 86 took 0.12743139266967773s, results:
{'t': 85, 'current_accuracy': 0.70703125, 'current_loss': 0.764677882194519, 'train_loss': None, 'decision': 0, 'drift_rate': 0.0, 'target_domains': ['sketch']}
Round 87 took 0.12739920616149902s, results:
{'t': 86, 'current_accuracy': 0.70703125, 'current_loss': 0.7646778225898743, 'train_loss': None, 'decision': 0, 'drift_rate': 0.0, 'target_domains': ['sketch']}
Round 88 took 0.12735652923583984s, results:
{'t': 87, 'current_accuracy': 0.70703125, 'current_loss': 0.7646778225898743, 'train_loss': None, 'decision': 0, 'drift_rate': 0.0, 'target_domains': ['sketch']}
Round 89 took 0.1274547576904297s, results:
{'t': 88, 'current_accuracy': 0.70703125, 'current_loss': 0.7646778523921967, 'train_loss': None, 'decision': 0, 'drift_rate': 0.0, 'target_domains': ['sketch']}
Round 90 took 0.12759637832641602s, results:
{'t': 89, 'current_accuracy': 0.70703125, 'current_loss': 0.7646779417991638, 'train_loss': None, 'decision': 0, 'drift_rate': 0.0, 'target_domains': ['sketch']}
Average loss over 5 updates: 0.7961
Round 91 took 0.2920045852661133s, results:
{'t': 90, 'current_accuracy': 0.70703125, 'current_loss': 0.7646779417991638, 'train_loss': 0.7961453557014465, 'decision': 1, 'drift_rate': 0.0, 'target_domains': ['sketch']}
Round 92 took 0.1275649070739746s, results:
{'t': 91, 'current_accuracy': 0.72265625, 'current_loss': 0.7977233231067657, 'train_loss': None, 'decision': 0, 'drift_rate': 0.0, 'target_domains': ['sketch']}
Round 93 took 0.12926125526428223s, results:
{'t': 92, 'current_accuracy': 0.72265625, 'current_loss': 0.7977233231067657, 'train_loss': None, 'decision': 0, 'drift_rate': 0.0, 'target_domains': ['sketch']}
Round 94 took 0.12724995613098145s, results:
{'t': 93, 'current_accuracy': 0.72265625, 'current_loss': 0.797723263502121, 'train_loss': None, 'decision': 0, 'drift_rate': 0.0, 'target_domains': ['sketch']}
Round 95 took 0.1270890235900879s, results:
{'t': 94, 'current_accuracy': 0.72265625, 'current_loss': 0.7977232933044434, 'train_loss': None, 'decision': 0, 'drift_rate': 0.0, 'target_domains': ['sketch']}
Round 96 took 0.12713241577148438s, results:
{'t': 95, 'current_accuracy': 0.72265625, 'current_loss': 0.7977233529090881, 'train_loss': None, 'decision': 0, 'drift_rate': 0.0, 'target_domains': ['sketch']}
Round 97 took 0.12710905075073242s, results:
{'t': 96, 'current_accuracy': 0.72265625, 'current_loss': 0.7977232336997986, 'train_loss': None, 'decision': 0, 'drift_rate': 0.0, 'target_domains': ['sketch']}
Round 98 took 0.12726593017578125s, results:
{'t': 97, 'current_accuracy': 0.72265625, 'current_loss': 0.7977233529090881, 'train_loss': None, 'decision': 0, 'drift_rate': 0.0, 'target_domains': ['sketch']}
Round 99 took 0.12697720527648926s, results:
{'t': 98, 'current_accuracy': 0.72265625, 'current_loss': 0.797723263502121, 'train_loss': None, 'decision': 0, 'drift_rate': 0.0, 'target_domains': ['sketch']}
Round 100 took 0.12715649604797363s, results:
{'t': 99, 'current_accuracy': 0.72265625, 'current_loss': 0.7977233529090881, 'train_loss': None, 'decision': 0, 'drift_rate': 0.0, 'target_domains': ['sketch']}
Average loss over 5 updates: 0.7594
Round 101 took 0.2916562557220459s, results:
{'t': 100, 'current_accuracy': 0.72265625, 'current_loss': 0.7977232336997986, 'train_loss': 0.7594052314758301, 'decision': 1, 'drift_rate': 0.0, 'target_domains': ['sketch']}
Round 102 took 0.12749361991882324s, results:
{'t': 101, 'current_accuracy': 0.72265625, 'current_loss': 0.7399438619613647, 'train_loss': None, 'decision': 0, 'drift_rate': 0.0, 'target_domains': ['sketch']}
Round 103 took 0.12732863426208496s, results:
{'t': 102, 'current_accuracy': 0.72265625, 'current_loss': 0.73994380235672, 'train_loss': None, 'decision': 0, 'drift_rate': 0.0, 'target_domains': ['sketch']}
Round 104 took 0.1271679401397705s, results:
{'t': 103, 'current_accuracy': 0.72265625, 'current_loss': 0.7399438917636871, 'train_loss': None, 'decision': 0, 'drift_rate': 0.0, 'target_domains': ['sketch']}
Round 105 took 0.12723469734191895s, results:
{'t': 104, 'current_accuracy': 0.72265625, 'current_loss': 0.73994380235672, 'train_loss': None, 'decision': 0, 'drift_rate': 0.0, 'target_domains': ['sketch']}
Round 106 took 0.13256549835205078s, results:
{'t': 105, 'current_accuracy': 0.53125, 'current_loss': 3.441030740737915, 'train_loss': None, 'decision': 0, 'drift_rate': 0.4, 'target_domains': ['cartoon']}
Round 107 took 0.1312403678894043s, results:
{'t': 106, 'current_accuracy': 0.3125, 'current_loss': 5.983556747436523, 'train_loss': None, 'decision': 0, 'drift_rate': 0.4, 'target_domains': ['cartoon']}
Round 108 took 0.12950706481933594s, results:
{'t': 107, 'current_accuracy': 0.21484375, 'current_loss': 7.127537250518799, 'train_loss': None, 'decision': 0, 'drift_rate': 0.4, 'target_domains': ['cartoon']}
Round 109 took 0.1275346279144287s, results:
{'t': 108, 'current_accuracy': 0.21484375, 'current_loss': 7.127537727355957, 'train_loss': None, 'decision': 0, 'drift_rate': 0.4, 'target_domains': ['cartoon']}
Round 110 took 0.12767267227172852s, results:
{'t': 109, 'current_accuracy': 0.21484375, 'current_loss': 7.127537727355957, 'train_loss': None, 'decision': 0, 'drift_rate': 0.4, 'target_domains': ['cartoon']}
Average loss over 5 updates: 3.6831
Round 111 took 0.3037734031677246s, results:
{'t': 110, 'current_accuracy': 0.21484375, 'current_loss': 7.127537727355957, 'train_loss': 3.6831242561340334, 'decision': 1, 'drift_rate': 0.0, 'target_domains': ['cartoon']}
Round 112 took 0.12770438194274902s, results:
{'t': 111, 'current_accuracy': 0.25, 'current_loss': 1.923343539237976, 'train_loss': None, 'decision': 0, 'drift_rate': 0.0, 'target_domains': ['cartoon']}
Round 113 took 0.1276078224182129s, results:
{'t': 112, 'current_accuracy': 0.25, 'current_loss': 1.9233435988426208, 'train_loss': None, 'decision': 0, 'drift_rate': 0.0, 'target_domains': ['cartoon']}
Round 114 took 0.12778615951538086s, results:
{'t': 113, 'current_accuracy': 0.25, 'current_loss': 1.9233436584472656, 'train_loss': None, 'decision': 0, 'drift_rate': 0.0, 'target_domains': ['cartoon']}
Round 115 took 0.12768292427062988s, results:
{'t': 114, 'current_accuracy': 0.25, 'current_loss': 1.9233434200286865, 'train_loss': None, 'decision': 0, 'drift_rate': 0.0, 'target_domains': ['cartoon']}
Round 116 took 0.1274244785308838s, results:
{'t': 115, 'current_accuracy': 0.25, 'current_loss': 1.9233435988426208, 'train_loss': None, 'decision': 0, 'drift_rate': 0.0, 'target_domains': ['cartoon']}
Round 117 took 0.127516508102417s, results:
{'t': 116, 'current_accuracy': 0.25, 'current_loss': 1.9233435988426208, 'train_loss': None, 'decision': 0, 'drift_rate': 0.0, 'target_domains': ['cartoon']}
Round 118 took 0.12741446495056152s, results:
{'t': 117, 'current_accuracy': 0.25, 'current_loss': 1.9233438372612, 'train_loss': None, 'decision': 0, 'drift_rate': 0.0, 'target_domains': ['cartoon']}
Round 119 took 0.1275041103363037s, results:
{'t': 118, 'current_accuracy': 0.25, 'current_loss': 1.923343539237976, 'train_loss': None, 'decision': 0, 'drift_rate': 0.0, 'target_domains': ['cartoon']}
Round 120 took 0.13121771812438965s, results:
{'t': 119, 'current_accuracy': 0.25, 'current_loss': 1.923343539237976, 'train_loss': None, 'decision': 0, 'drift_rate': 0.0, 'target_domains': ['cartoon']}
Average loss over 5 updates: 1.8158
Round 121 took 0.29593896865844727s, results:
{'t': 120, 'current_accuracy': 0.25, 'current_loss': 1.9233434796333313, 'train_loss': 1.8157925605773926, 'decision': 1, 'drift_rate': 0.0, 'target_domains': ['cartoon']}
Round 122 took 0.127701997756958s, results:
{'t': 121, 'current_accuracy': 0.33203125, 'current_loss': 1.7257693409919739, 'train_loss': None, 'decision': 0, 'drift_rate': 0.0, 'target_domains': ['cartoon']}
Round 123 took 0.12743473052978516s, results:
{'t': 122, 'current_accuracy': 0.33203125, 'current_loss': 1.7257692217826843, 'train_loss': None, 'decision': 0, 'drift_rate': 0.0, 'target_domains': ['cartoon']}
Round 124 took 0.12762069702148438s, results:
{'t': 123, 'current_accuracy': 0.33203125, 'current_loss': 1.725769281387329, 'train_loss': None, 'decision': 0, 'drift_rate': 0.0, 'target_domains': ['cartoon']}
Round 125 took 0.12758278846740723s, results:
{'t': 124, 'current_accuracy': 0.33203125, 'current_loss': 1.7257693409919739, 'train_loss': None, 'decision': 0, 'drift_rate': 0.0, 'target_domains': ['cartoon']}
Round 126 took 0.12737631797790527s, results:
{'t': 125, 'current_accuracy': 0.33203125, 'current_loss': 1.7257693409919739, 'train_loss': None, 'decision': 0, 'drift_rate': 0.0, 'target_domains': ['cartoon']}
Round 127 took 0.12737107276916504s, results:
{'t': 126, 'current_accuracy': 0.33203125, 'current_loss': 1.7257692217826843, 'train_loss': None, 'decision': 0, 'drift_rate': 0.0, 'target_domains': ['cartoon']}
Round 128 took 0.1274259090423584s, results:
{'t': 127, 'current_accuracy': 0.33203125, 'current_loss': 1.7257694602012634, 'train_loss': None, 'decision': 0, 'drift_rate': 0.0, 'target_domains': ['cartoon']}
Round 129 took 0.12733674049377441s, results:
{'t': 128, 'current_accuracy': 0.33203125, 'current_loss': 1.725769281387329, 'train_loss': None, 'decision': 0, 'drift_rate': 0.0, 'target_domains': ['cartoon']}
Round 130 took 0.12736868858337402s, results:
{'t': 129, 'current_accuracy': 0.33203125, 'current_loss': 1.7257691621780396, 'train_loss': None, 'decision': 0, 'drift_rate': 0.0, 'target_domains': ['cartoon']}
Average loss over 5 updates: 1.6930
Round 131 took 0.2940528392791748s, results:
{'t': 130, 'current_accuracy': 0.33203125, 'current_loss': 1.7257693409919739, 'train_loss': 1.6929654359817505, 'decision': 1, 'drift_rate': 0.0, 'target_domains': ['cartoon']}
Round 132 took 0.1324024200439453s, results:
{'t': 131, 'current_accuracy': 0.375, 'current_loss': 1.5934946537017822, 'train_loss': None, 'decision': 0, 'drift_rate': 0.0, 'target_domains': ['cartoon']}
Round 133 took 0.12799406051635742s, results:
{'t': 132, 'current_accuracy': 0.375, 'current_loss': 1.5934945940971375, 'train_loss': None, 'decision': 0, 'drift_rate': 0.0, 'target_domains': ['cartoon']}
Round 134 took 0.12778520584106445s, results:
{'t': 133, 'current_accuracy': 0.375, 'current_loss': 1.5934945940971375, 'train_loss': None, 'decision': 0, 'drift_rate': 0.0, 'target_domains': ['cartoon']}
Round 135 took 0.12733125686645508s, results:
{'t': 134, 'current_accuracy': 0.375, 'current_loss': 1.5934946537017822, 'train_loss': None, 'decision': 0, 'drift_rate': 0.0, 'target_domains': ['cartoon']}
Round 136 took 0.12735509872436523s, results:
{'t': 135, 'current_accuracy': 0.375, 'current_loss': 1.5934946537017822, 'train_loss': None, 'decision': 0, 'drift_rate': 0.0, 'target_domains': ['cartoon']}
Round 137 took 0.12771916389465332s, results:
{'t': 136, 'current_accuracy': 0.375, 'current_loss': 1.5934945344924927, 'train_loss': None, 'decision': 0, 'drift_rate': 0.0, 'target_domains': ['cartoon']}
Round 138 took 0.1275465488433838s, results:
{'t': 137, 'current_accuracy': 0.375, 'current_loss': 1.5934945940971375, 'train_loss': None, 'decision': 0, 'drift_rate': 0.0, 'target_domains': ['cartoon']}
Round 139 took 0.12758374214172363s, results:
{'t': 138, 'current_accuracy': 0.375, 'current_loss': 1.593494713306427, 'train_loss': None, 'decision': 0, 'drift_rate': 0.0, 'target_domains': ['cartoon']}
Round 140 took 0.1275768280029297s, results:
{'t': 139, 'current_accuracy': 0.375, 'current_loss': 1.593494713306427, 'train_loss': None, 'decision': 0, 'drift_rate': 0.0, 'target_domains': ['cartoon']}
Average loss over 5 updates: 1.5759
Round 141 took 0.2934424877166748s, results:
{'t': 140, 'current_accuracy': 0.375, 'current_loss': 1.5934944152832031, 'train_loss': 1.5758662939071655, 'decision': 1, 'drift_rate': 0.0, 'target_domains': ['cartoon']}
Round 142 took 0.1278839111328125s, results:
{'t': 141, 'current_accuracy': 0.453125, 'current_loss': 1.510448694229126, 'train_loss': None, 'decision': 0, 'drift_rate': 0.0, 'target_domains': ['cartoon']}
Round 143 took 0.12774014472961426s, results:
{'t': 142, 'current_accuracy': 0.453125, 'current_loss': 1.5104487538337708, 'train_loss': None, 'decision': 0, 'drift_rate': 0.0, 'target_domains': ['cartoon']}
Round 144 took 0.12753081321716309s, results:
{'t': 143, 'current_accuracy': 0.453125, 'current_loss': 1.5104488134384155, 'train_loss': None, 'decision': 0, 'drift_rate': 0.0, 'target_domains': ['cartoon']}
Round 145 took 0.12760663032531738s, results:
{'t': 144, 'current_accuracy': 0.453125, 'current_loss': 1.5104488134384155, 'train_loss': None, 'decision': 0, 'drift_rate': 0.0, 'target_domains': ['cartoon']}
Round 146 took 0.12758350372314453s, results:
{'t': 145, 'current_accuracy': 0.453125, 'current_loss': 1.510448932647705, 'train_loss': None, 'decision': 0, 'drift_rate': 0.0, 'target_domains': ['cartoon']}
Round 147 took 0.13280940055847168s, results:
{'t': 146, 'current_accuracy': 0.453125, 'current_loss': 1.510448932647705, 'train_loss': None, 'decision': 0, 'drift_rate': 0.0, 'target_domains': ['cartoon']}
Round 148 took 0.12778425216674805s, results:
{'t': 147, 'current_accuracy': 0.453125, 'current_loss': 1.5104488730430603, 'train_loss': None, 'decision': 0, 'drift_rate': 0.0, 'target_domains': ['cartoon']}
Round 149 took 0.1277618408203125s, results:
{'t': 148, 'current_accuracy': 0.453125, 'current_loss': 1.5104488134384155, 'train_loss': None, 'decision': 0, 'drift_rate': 0.0, 'target_domains': ['cartoon']}
Round 150 took 0.12789034843444824s, results:
{'t': 149, 'current_accuracy': 0.453125, 'current_loss': 1.5104488730430603, 'train_loss': None, 'decision': 0, 'drift_rate': 0.0, 'target_domains': ['cartoon']}
Average loss over 5 updates: 1.5028
Round 151 took 0.295365571975708s, results:
{'t': 150, 'current_accuracy': 0.453125, 'current_loss': 1.510448932647705, 'train_loss': 1.502804207801819, 'decision': 1, 'drift_rate': 0.0, 'target_domains': ['cartoon']}
Round 152 took 0.1279892921447754s, results:
{'t': 151, 'current_accuracy': 0.51171875, 'current_loss': 1.4476726055145264, 'train_loss': None, 'decision': 0, 'drift_rate': 0.0, 'target_domains': ['cartoon']}
Round 153 took 0.12780332565307617s, results:
{'t': 152, 'current_accuracy': 0.51171875, 'current_loss': 1.4476724863052368, 'train_loss': None, 'decision': 0, 'drift_rate': 0.0, 'target_domains': ['cartoon']}
Round 154 took 0.1276400089263916s, results:
{'t': 153, 'current_accuracy': 0.51171875, 'current_loss': 1.447672724723816, 'train_loss': None, 'decision': 0, 'drift_rate': 0.0, 'target_domains': ['cartoon']}
Round 155 took 0.12773609161376953s, results:
{'t': 154, 'current_accuracy': 0.51171875, 'current_loss': 1.4476724863052368, 'train_loss': None, 'decision': 0, 'drift_rate': 0.0, 'target_domains': ['cartoon']}
Round 156 took 0.1308455467224121s, results:
{'t': 155, 'current_accuracy': 0.35546875, 'current_loss': 1.6883872747421265, 'train_loss': None, 'decision': 0, 'drift_rate': 0.4, 'target_domains': ['art_painting']}
Round 157 took 0.13030791282653809s, results:
{'t': 156, 'current_accuracy': 0.2421875, 'current_loss': 1.907427728176117, 'train_loss': None, 'decision': 0, 'drift_rate': 0.4, 'target_domains': ['art_painting']}
Round 158 took 0.12966394424438477s, results:
{'t': 157, 'current_accuracy': 0.171875, 'current_loss': 2.024659037590027, 'train_loss': None, 'decision': 0, 'drift_rate': 0.4, 'target_domains': ['art_painting']}
Round 159 took 0.12790226936340332s, results:
{'t': 158, 'current_accuracy': 0.171875, 'current_loss': 2.0246587991714478, 'train_loss': None, 'decision': 0, 'drift_rate': 0.4, 'target_domains': ['art_painting']}
Round 160 took 0.13079309463500977s, results:
{'t': 159, 'current_accuracy': 0.171875, 'current_loss': 2.0246589183807373, 'train_loss': None, 'decision': 0, 'drift_rate': 0.4, 'target_domains': ['art_painting']}
Average loss over 5 updates: 1.9617
Round 161 took 0.30464720726013184s, results:
{'t': 160, 'current_accuracy': 0.171875, 'current_loss': 2.0246587991714478, 'train_loss': 1.9617236137390137, 'decision': 1, 'drift_rate': 0.0, 'target_domains': ['art_painting']}
Round 162 took 0.12800240516662598s, results:
{'t': 161, 'current_accuracy': 0.25390625, 'current_loss': 1.8728176951408386, 'train_loss': None, 'decision': 0, 'drift_rate': 0.0, 'target_domains': ['art_painting']}
Round 163 took 0.12773728370666504s, results:
{'t': 162, 'current_accuracy': 0.25390625, 'current_loss': 1.8728178143501282, 'train_loss': None, 'decision': 0, 'drift_rate': 0.0, 'target_domains': ['art_painting']}
Round 164 took 0.12773847579956055s, results:
{'t': 163, 'current_accuracy': 0.25390625, 'current_loss': 1.8728177547454834, 'train_loss': None, 'decision': 0, 'drift_rate': 0.0, 'target_domains': ['art_painting']}
Round 165 took 0.12777042388916016s, results:
{'t': 164, 'current_accuracy': 0.25390625, 'current_loss': 1.8728178143501282, 'train_loss': None, 'decision': 0, 'drift_rate': 0.0, 'target_domains': ['art_painting']}
Round 166 took 0.12790775299072266s, results:
{'t': 165, 'current_accuracy': 0.25390625, 'current_loss': 1.8728177547454834, 'train_loss': None, 'decision': 0, 'drift_rate': 0.0, 'target_domains': ['art_painting']}
Round 167 took 0.12791180610656738s, results:
{'t': 166, 'current_accuracy': 0.25390625, 'current_loss': 1.872817873954773, 'train_loss': None, 'decision': 0, 'drift_rate': 0.0, 'target_domains': ['art_painting']}
Round 168 took 0.12842893600463867s, results:
{'t': 167, 'current_accuracy': 0.25390625, 'current_loss': 1.8728178143501282, 'train_loss': None, 'decision': 0, 'drift_rate': 0.0, 'target_domains': ['art_painting']}
Round 169 took 0.12818217277526855s, results:
{'t': 168, 'current_accuracy': 0.25390625, 'current_loss': 1.8728177547454834, 'train_loss': None, 'decision': 0, 'drift_rate': 0.0, 'target_domains': ['art_painting']}
Round 170 took 0.12798094749450684s, results:
{'t': 169, 'current_accuracy': 0.25390625, 'current_loss': 1.8728176951408386, 'train_loss': None, 'decision': 0, 'drift_rate': 0.0, 'target_domains': ['art_painting']}
Average loss over 5 updates: 1.8544
Round 171 took 0.2971022129058838s, results:
{'t': 170, 'current_accuracy': 0.25390625, 'current_loss': 1.8728178143501282, 'train_loss': 1.854385209083557, 'decision': 1, 'drift_rate': 0.0, 'target_domains': ['art_painting']}
Round 172 took 0.12874579429626465s, results:
{'t': 171, 'current_accuracy': 0.296875, 'current_loss': 1.8167461156845093, 'train_loss': None, 'decision': 0, 'drift_rate': 0.0, 'target_domains': ['art_painting']}
Round 173 took 0.12937641143798828s, results:
{'t': 172, 'current_accuracy': 0.296875, 'current_loss': 1.8167463541030884, 'train_loss': None, 'decision': 0, 'drift_rate': 0.0, 'target_domains': ['art_painting']}
Round 174 took 0.12743043899536133s, results:
{'t': 173, 'current_accuracy': 0.296875, 'current_loss': 1.8167461156845093, 'train_loss': None, 'decision': 0, 'drift_rate': 0.0, 'target_domains': ['art_painting']}
Round 175 took 0.12729120254516602s, results:
{'t': 174, 'current_accuracy': 0.296875, 'current_loss': 1.8167461156845093, 'train_loss': None, 'decision': 0, 'drift_rate': 0.0, 'target_domains': ['art_painting']}
Round 176 took 0.12740874290466309s, results:
{'t': 175, 'current_accuracy': 0.296875, 'current_loss': 1.8167462944984436, 'train_loss': None, 'decision': 0, 'drift_rate': 0.0, 'target_domains': ['art_painting']}
Round 177 took 0.12963414192199707s, results:
{'t': 176, 'current_accuracy': 0.296875, 'current_loss': 1.8167462348937988, 'train_loss': None, 'decision': 0, 'drift_rate': 0.0, 'target_domains': ['art_painting']}
Round 178 took 0.12836122512817383s, results:
{'t': 177, 'current_accuracy': 0.296875, 'current_loss': 1.8167462348937988, 'train_loss': None, 'decision': 0, 'drift_rate': 0.0, 'target_domains': ['art_painting']}
Round 179 took 0.12777972221374512s, results:
{'t': 178, 'current_accuracy': 0.296875, 'current_loss': 1.8167462348937988, 'train_loss': None, 'decision': 0, 'drift_rate': 0.0, 'target_domains': ['art_painting']}
Round 180 took 0.12783455848693848s, results:
{'t': 179, 'current_accuracy': 0.296875, 'current_loss': 1.8167464137077332, 'train_loss': None, 'decision': 0, 'drift_rate': 0.0, 'target_domains': ['art_painting']}
Average loss over 5 updates: 1.8306
Round 181 took 0.29586172103881836s, results:
{'t': 180, 'current_accuracy': 0.296875, 'current_loss': 1.8167462944984436, 'train_loss': 1.8305574655532837, 'decision': 1, 'drift_rate': 0.0, 'target_domains': ['art_painting']}
Round 182 took 0.128065824508667s, results:
{'t': 181, 'current_accuracy': 0.29296875, 'current_loss': 1.8214390277862549, 'train_loss': None, 'decision': 0, 'drift_rate': 0.0, 'target_domains': ['art_painting']}
Round 183 took 0.12799859046936035s, results:
{'t': 182, 'current_accuracy': 0.29296875, 'current_loss': 1.82143896818161, 'train_loss': None, 'decision': 0, 'drift_rate': 0.0, 'target_domains': ['art_painting']}
Round 184 took 0.1280965805053711s, results:
{'t': 183, 'current_accuracy': 0.29296875, 'current_loss': 1.8214391469955444, 'train_loss': None, 'decision': 0, 'drift_rate': 0.0, 'target_domains': ['art_painting']}
Round 185 took 0.12857627868652344s, results:
{'t': 184, 'current_accuracy': 0.29296875, 'current_loss': 1.8214390277862549, 'train_loss': None, 'decision': 0, 'drift_rate': 0.0, 'target_domains': ['art_painting']}
Round 186 took 0.12860107421875s, results:
{'t': 185, 'current_accuracy': 0.29296875, 'current_loss': 1.8214388489723206, 'train_loss': None, 'decision': 0, 'drift_rate': 0.0, 'target_domains': ['art_painting']}
Round 187 took 0.12839341163635254s, results:
{'t': 186, 'current_accuracy': 0.29296875, 'current_loss': 1.8214390873908997, 'train_loss': None, 'decision': 0, 'drift_rate': 0.0, 'target_domains': ['art_painting']}
Round 188 took 0.12811660766601562s, results:
{'t': 187, 'current_accuracy': 0.29296875, 'current_loss': 1.82143896818161, 'train_loss': None, 'decision': 0, 'drift_rate': 0.0, 'target_domains': ['art_painting']}
Round 189 took 0.12822842597961426s, results:
{'t': 188, 'current_accuracy': 0.29296875, 'current_loss': 1.8214390277862549, 'train_loss': None, 'decision': 0, 'drift_rate': 0.0, 'target_domains': ['art_painting']}
Round 190 took 0.1298227310180664s, results:
{'t': 189, 'current_accuracy': 0.29296875, 'current_loss': 1.8214387893676758, 'train_loss': None, 'decision': 0, 'drift_rate': 0.0, 'target_domains': ['art_painting']}
Average loss over 5 updates: 1.7703
Round 191 took 0.29460859298706055s, results:
{'t': 190, 'current_accuracy': 0.29296875, 'current_loss': 1.8214390277862549, 'train_loss': 1.7702728509902954, 'decision': 1, 'drift_rate': 0.0, 'target_domains': ['art_painting']}
Round 192 took 0.128828763961792s, results:
{'t': 191, 'current_accuracy': 0.28515625, 'current_loss': 1.7539150714874268, 'train_loss': None, 'decision': 0, 'drift_rate': 0.0, 'target_domains': ['art_painting']}
Round 193 took 0.12830042839050293s, results:
{'t': 192, 'current_accuracy': 0.28515625, 'current_loss': 1.753915250301361, 'train_loss': None, 'decision': 0, 'drift_rate': 0.0, 'target_domains': ['art_painting']}
Round 194 took 0.1325373649597168s, results:
{'t': 193, 'current_accuracy': 0.28515625, 'current_loss': 1.7539151310920715, 'train_loss': None, 'decision': 0, 'drift_rate': 0.0, 'target_domains': ['art_painting']}
Round 195 took 0.12791228294372559s, results:
{'t': 194, 'current_accuracy': 0.28515625, 'current_loss': 1.753915250301361, 'train_loss': None, 'decision': 0, 'drift_rate': 0.0, 'target_domains': ['art_painting']}
Round 196 took 0.12993645668029785s, results:
{'t': 195, 'current_accuracy': 0.28515625, 'current_loss': 1.7539151310920715, 'train_loss': None, 'decision': 0, 'drift_rate': 0.0, 'target_domains': ['art_painting']}
Round 197 took 0.12969374656677246s, results:
{'t': 196, 'current_accuracy': 0.28515625, 'current_loss': 1.7539149522781372, 'train_loss': None, 'decision': 0, 'drift_rate': 0.0, 'target_domains': ['art_painting']}
Round 198 took 0.12932157516479492s, results:
{'t': 197, 'current_accuracy': 0.28515625, 'current_loss': 1.7539151906967163, 'train_loss': None, 'decision': 0, 'drift_rate': 0.0, 'target_domains': ['art_painting']}
Round 199 took 0.1274716854095459s, results:
{'t': 198, 'current_accuracy': 0.28515625, 'current_loss': 1.7539151310920715, 'train_loss': None, 'decision': 0, 'drift_rate': 0.0, 'target_domains': ['art_painting']}
Round 200 took 0.1273348331451416s, results:
{'t': 199, 'current_accuracy': 0.28515625, 'current_loss': 1.7539151906967163, 'train_loss': None, 'decision': 0, 'drift_rate': 0.0, 'target_domains': ['art_painting']}
Average time per round: 0.14497185230255127
Total time: 28.994370460510254
