Device: cuda
CUDA Version: 12.1
cuDNN Version: 8902
PyTorch Version: 2.3.0
Model used: PACSCNN_4
Initial training subset size: 2344
Round 0 took 1.3258066177368164 seconds
    Round 0: Decision = 0, Drift = 0.0000
    Current accuracy: 0.8440, Loss: 0.4766
Current target domain: sketch
Round 1 took 1.257577657699585 seconds
    Round 1: Decision = 0, Drift = 0.0000
    Current accuracy: 0.8440, Loss: 0.4766
Current target domain: sketch
Round 2 took 1.3479702472686768 seconds
    Round 2: Decision = 0, Drift = 0.0000
    Current accuracy: 0.8440, Loss: 0.4766
Current target domain: sketch
Round 3 took 1.2900161743164062 seconds
    Round 3: Decision = 0, Drift = 0.0000
    Current accuracy: 0.8440, Loss: 0.4766
Current target domain: sketch
Round 4 took 1.3437469005584717 seconds
    Round 4: Decision = 0, Drift = 0.0000
    Current accuracy: 0.8440, Loss: 0.4766
Current target domain: sketch
Round 5 took 1.2543437480926514 seconds
    Round 5: Decision = 0, Drift = 0.0000
    Current accuracy: 0.8440, Loss: 0.4766
Current target domain: sketch
Round 6 took 1.2722578048706055 seconds
    Round 6: Decision = 0, Drift = 0.0000
    Current accuracy: 0.8440, Loss: 0.4766
Current target domain: sketch
Round 7 took 1.3300087451934814 seconds
    Round 7: Decision = 0, Drift = 0.0000
    Current accuracy: 0.8440, Loss: 0.4766
Current target domain: sketch
Round 8 took 1.3235912322998047 seconds
    Round 8: Decision = 0, Drift = 0.0000
    Current accuracy: 0.8440, Loss: 0.4766
Current target domain: sketch
Round 9 took 1.3116705417633057 seconds
    Round 9: Decision = 0, Drift = 0.0000
    Current accuracy: 0.8440, Loss: 0.4766
Current target domain: sketch
Round 10 took 1.3220572471618652 seconds
    Round 10: Decision = 0, Drift = 0.0000
    Current accuracy: 0.8440, Loss: 0.4766
Current target domain: sketch
Round 11 took 1.3154633045196533 seconds
    Round 11: Decision = 0, Drift = 0.0000
    Current accuracy: 0.8440, Loss: 0.4766
Current target domain: sketch
Round 12 took 1.359792947769165 seconds
    Round 12: Decision = 0, Drift = 0.0000
    Current accuracy: 0.8440, Loss: 0.4766
Current target domain: sketch
Round 13 took 1.266083002090454 seconds
    Round 13: Decision = 0, Drift = 0.0000
    Current accuracy: 0.8440, Loss: 0.4766
Current target domain: sketch
Round 14 took 1.2562150955200195 seconds
    Round 14: Decision = 0, Drift = 0.0000
    Current accuracy: 0.8440, Loss: 0.4766
Current target domain: sketch
Round 15 took 1.3650050163269043 seconds
    Round 15: Decision = 0, Drift = 0.0000
    Current accuracy: 0.8440, Loss: 0.4766
Current target domain: sketch
Round 16 took 1.2958509922027588 seconds
    Round 16: Decision = 0, Drift = 0.0000
    Current accuracy: 0.8440, Loss: 0.4766
Current target domain: sketch
Round 17 took 1.366363286972046 seconds
    Round 17: Decision = 0, Drift = 0.0000
    Current accuracy: 0.8440, Loss: 0.4766
Current target domain: sketch
Round 18 took 1.3654873371124268 seconds
    Round 18: Decision = 0, Drift = 0.0000
    Current accuracy: 0.8440, Loss: 0.4766
Current target domain: sketch
Round 19 took 1.3406076431274414 seconds
    Round 19: Decision = 0, Drift = 0.0000
    Current accuracy: 0.8440, Loss: 0.4766
Current target domain: sketch
Round 20 took 1.3671081066131592 seconds
    Round 20: Decision = 0, Drift = 0.0000
    Current accuracy: 0.8440, Loss: 0.4766
Current target domain: sketch
Round 21 took 1.3805747032165527 seconds
    Round 21: Decision = 0, Drift = 0.0000
    Current accuracy: 0.8440, Loss: 0.4766
Current target domain: sketch
Round 22 took 1.2922117710113525 seconds
    Round 22: Decision = 0, Drift = 0.0000
    Current accuracy: 0.8440, Loss: 0.4766
Current target domain: sketch
Round 23 took 1.3718171119689941 seconds
    Round 23: Decision = 0, Drift = 0.0000
    Current accuracy: 0.8440, Loss: 0.4766
Current target domain: sketch
Round 24 took 1.2400565147399902 seconds
    Round 24: Decision = 0, Drift = 0.0000
    Current accuracy: 0.8440, Loss: 0.4766
Current target domain: sketch
Round 25 took 11.622973203659058 seconds
    Round 25: Decision = 0, Drift = 0.5000
    Current accuracy: 0.5546, Loss: 1.4988
Current target domain: sketch
Round 26 took 11.17928171157837 seconds
    Round 26: Decision = 0, Drift = 0.5000
    Current accuracy: 0.2044, Loss: 2.5002
Current target domain: sketch
Round 27 took 1.2286031246185303 seconds
    Round 27: Decision = 0, Drift = 0.0000
    Current accuracy: 0.2044, Loss: 2.5002
Current target domain: sketch
Round 28 took 1.3715574741363525 seconds
    Round 28: Decision = 0, Drift = 0.0000
    Current accuracy: 0.2044, Loss: 2.5002
Current target domain: sketch
Round 29 took 1.4426343441009521 seconds
    Round 29: Decision = 0, Drift = 0.0000
    Current accuracy: 0.2044, Loss: 2.5002
Current target domain: sketch
Round 30 took 1.260394811630249 seconds
    Round 30: Decision = 0, Drift = 0.0000
    Current accuracy: 0.2044, Loss: 2.5002
Current target domain: sketch
Round 31 took 1.381809949874878 seconds
    Round 31: Decision = 0, Drift = 0.0000
    Current accuracy: 0.2044, Loss: 2.5002
Current target domain: sketch
Round 32 took 1.2805743217468262 seconds
    Round 32: Decision = 0, Drift = 0.0000
    Current accuracy: 0.2044, Loss: 2.5002
Current target domain: sketch
Round 33 took 1.3438241481781006 seconds
    Round 33: Decision = 0, Drift = 0.0000
    Current accuracy: 0.2044, Loss: 2.5002
Current target domain: sketch
Round 34 took 1.3839912414550781 seconds
    Round 34: Decision = 0, Drift = 0.0000
    Current accuracy: 0.2044, Loss: 2.5002
Current target domain: sketch
Round 35 took 1.4086451530456543 seconds
    Round 35: Decision = 0, Drift = 0.0000
    Current accuracy: 0.2044, Loss: 2.5002
Current target domain: sketch
Round 36 took 1.3021550178527832 seconds
    Round 36: Decision = 0, Drift = 0.0000
    Current accuracy: 0.2044, Loss: 2.5002
Current target domain: sketch
Round 37 took 1.350527048110962 seconds
    Round 37: Decision = 0, Drift = 0.0000
    Current accuracy: 0.2044, Loss: 2.5002
Current target domain: sketch
Round 38 took 1.2771751880645752 seconds
    Round 38: Decision = 0, Drift = 0.0000
    Current accuracy: 0.2044, Loss: 2.5002
Current target domain: sketch
Round 39 took 1.3388924598693848 seconds
    Round 39: Decision = 0, Drift = 0.0000
    Current accuracy: 0.2044, Loss: 2.5002
Current target domain: sketch
Round 40 took 1.2493650913238525 seconds
    Round 40: Decision = 0, Drift = 0.0000
    Current accuracy: 0.2044, Loss: 2.5002
Current target domain: sketch
Round 41 took 1.3693299293518066 seconds
    Round 41: Decision = 0, Drift = 0.0000
    Current accuracy: 0.2044, Loss: 2.5002
Current target domain: sketch
Round 42 took 1.237816572189331 seconds
    Round 42: Decision = 0, Drift = 0.0000
    Current accuracy: 0.2044, Loss: 2.5002
Current target domain: sketch
Round 43 took 1.4270005226135254 seconds
    Round 43: Decision = 0, Drift = 0.0000
    Current accuracy: 0.2044, Loss: 2.5002
Current target domain: sketch
Round 44 took 1.4195749759674072 seconds
    Round 44: Decision = 0, Drift = 0.0000
    Current accuracy: 0.2044, Loss: 2.5002
Current target domain: sketch
Round 45 took 1.4460105895996094 seconds
    Round 45: Decision = 0, Drift = 0.0000
    Current accuracy: 0.2044, Loss: 2.5002
Current target domain: sketch
Round 46 took 1.3147876262664795 seconds
    Round 46: Decision = 0, Drift = 0.0000
    Current accuracy: 0.2044, Loss: 2.5002
Current target domain: sketch
Round 47 took 1.306474208831787 seconds
    Round 47: Decision = 0, Drift = 0.0000
    Current accuracy: 0.2044, Loss: 2.5002
Current target domain: sketch
Round 48 took 1.293893575668335 seconds
    Round 48: Decision = 0, Drift = 0.0000
    Current accuracy: 0.2044, Loss: 2.5002
Current target domain: sketch
Round 49 took 1.2955069541931152 seconds
    Round 49: Decision = 0, Drift = 0.0000
    Current accuracy: 0.2044, Loss: 2.5002
Current target domain: sketch
Round 50 took 1.3371284008026123 seconds
    Round 50: Decision = 0, Drift = 0.0000
    Current accuracy: 0.2044, Loss: 2.5002
Current target domain: sketch
Round 51 took 1.3943016529083252 seconds
    Round 51: Decision = 0, Drift = 0.0000
    Current accuracy: 0.2044, Loss: 2.5002
Current target domain: sketch
Round 52 took 1.3154284954071045 seconds
    Round 52: Decision = 0, Drift = 0.0000
    Current accuracy: 0.2044, Loss: 2.5002
Current target domain: sketch
Round 53 took 1.3206512928009033 seconds
    Round 53: Decision = 0, Drift = 0.0000
    Current accuracy: 0.2044, Loss: 2.5002
Current target domain: sketch
Round 54 took 1.226076364517212 seconds
    Round 54: Decision = 0, Drift = 0.0000
    Current accuracy: 0.2044, Loss: 2.5002
Current target domain: sketch
Average loss over 1 updates: 2.6460
Round 55 took 2.1593923568725586 seconds
    Round 55: Decision = 1, Drift = 0.0000
    Current accuracy: 0.3003, Loss: 2.5002
Current target domain: sketch
Average loss over 1 updates: 1.4458
Round 56 took 2.2512660026550293 seconds
    Round 56: Decision = 1, Drift = 0.0000
    Current accuracy: 0.3409, Loss: 2.7010
Current target domain: sketch
Average loss over 1 updates: 1.2068
Round 57 took 2.250704050064087 seconds
    Round 57: Decision = 1, Drift = 0.0000
    Current accuracy: 0.3432, Loss: 2.5172
Current target domain: sketch
Average loss over 1 updates: 1.0271
Round 58 took 2.179719924926758 seconds
    Round 58: Decision = 1, Drift = 0.0000
    Current accuracy: 0.3697, Loss: 2.5924
Current target domain: sketch
Average loss over 1 updates: 0.9101
Round 59 took 2.3489456176757812 seconds
    Round 59: Decision = 1, Drift = 0.0000
    Current accuracy: 0.3651, Loss: 2.2256
Current target domain: sketch
Average loss over 1 updates: 0.8223
Round 60 took 2.3882105350494385 seconds
    Round 60: Decision = 1, Drift = 0.0000
    Current accuracy: 0.3705, Loss: 2.3889
Current target domain: sketch
Average loss over 1 updates: 0.7198
Round 61 took 2.334357738494873 seconds
    Round 61: Decision = 1, Drift = 0.0000
    Current accuracy: 0.4048, Loss: 2.0337
Current target domain: sketch
Round 62 took 1.3952105045318604 seconds
    Round 62: Decision = 0, Drift = 0.0000
    Current accuracy: 0.4048, Loss: 2.1207
Current target domain: sketch
Round 63 took 1.4357273578643799 seconds
    Round 63: Decision = 0, Drift = 0.0000
    Current accuracy: 0.4048, Loss: 2.1207
Current target domain: sketch
Round 64 took 1.491694688796997 seconds
    Round 64: Decision = 0, Drift = 0.0000
    Current accuracy: 0.4048, Loss: 2.1207
Current target domain: sketch
Round 65 took 1.337505578994751 seconds
    Round 65: Decision = 0, Drift = 0.0000
    Current accuracy: 0.4048, Loss: 2.1207
Current target domain: sketch
Round 66 took 1.3858485221862793 seconds
    Round 66: Decision = 0, Drift = 0.0000
    Current accuracy: 0.4048, Loss: 2.1207
Current target domain: sketch
Round 67 took 1.3833255767822266 seconds
    Round 67: Decision = 0, Drift = 0.0000
    Current accuracy: 0.4048, Loss: 2.1207
Current target domain: sketch
Round 68 took 1.53224778175354 seconds
    Round 68: Decision = 0, Drift = 0.0000
    Current accuracy: 0.4048, Loss: 2.1207
Current target domain: sketch
Round 69 took 1.3847856521606445 seconds
    Round 69: Decision = 0, Drift = 0.0000
    Current accuracy: 0.4048, Loss: 2.1207
Current target domain: sketch
Round 70 took 1.4508297443389893 seconds
    Round 70: Decision = 0, Drift = 0.0000
    Current accuracy: 0.4048, Loss: 2.1207
Current target domain: sketch
Round 71 took 1.3545076847076416 seconds
    Round 71: Decision = 0, Drift = 0.0000
    Current accuracy: 0.4048, Loss: 2.1207
Current target domain: sketch
Round 72 took 1.3539223670959473 seconds
    Round 72: Decision = 0, Drift = 0.0000
    Current accuracy: 0.4048, Loss: 2.1207
Current target domain: sketch
Round 73 took 1.4830424785614014 seconds
    Round 73: Decision = 0, Drift = 0.0000
    Current accuracy: 0.4048, Loss: 2.1207
Current target domain: sketch
Round 74 took 1.3598203659057617 seconds
    Round 74: Decision = 0, Drift = 0.0000
    Current accuracy: 0.4048, Loss: 2.1207
Current target domain: sketch
Round 75 took 1.362947702407837 seconds
    Round 75: Decision = 0, Drift = 0.0000
    Current accuracy: 0.4048, Loss: 2.1207
Current target domain: sketch
Round 76 took 1.3451783657073975 seconds
    Round 76: Decision = 0, Drift = 0.0000
    Current accuracy: 0.4048, Loss: 2.1207
Current target domain: sketch
Round 77 took 1.4526095390319824 seconds
    Round 77: Decision = 0, Drift = 0.0000
    Current accuracy: 0.4048, Loss: 2.1207
Current target domain: sketch
Round 78 took 1.4572091102600098 seconds
    Round 78: Decision = 0, Drift = 0.0000
    Current accuracy: 0.4048, Loss: 2.1207
Current target domain: sketch
Round 79 took 1.461296796798706 seconds
    Round 79: Decision = 0, Drift = 0.0000
    Current accuracy: 0.4048, Loss: 2.1207
Current target domain: sketch
Round 80 took 1.4030616283416748 seconds
    Round 80: Decision = 0, Drift = 0.0000
    Current accuracy: 0.4048, Loss: 2.1207
Current target domain: sketch
Round 81 took 1.3473598957061768 seconds
    Round 81: Decision = 0, Drift = 0.0000
    Current accuracy: 0.4048, Loss: 2.1207
Current target domain: sketch
Round 82 took 1.460263967514038 seconds
    Round 82: Decision = 0, Drift = 0.0000
    Current accuracy: 0.4048, Loss: 2.1207
Current target domain: sketch
Round 83 took 1.3543157577514648 seconds
    Round 83: Decision = 0, Drift = 0.0000
    Current accuracy: 0.4048, Loss: 2.1207
Current target domain: sketch
Round 84 took 1.436190128326416 seconds
    Round 84: Decision = 0, Drift = 0.0000
    Current accuracy: 0.4048, Loss: 2.1207
Current target domain: sketch
Round 85 took 1.4059782028198242 seconds
    Round 85: Decision = 0, Drift = 0.0000
    Current accuracy: 0.4048, Loss: 2.1207
Current target domain: sketch
Round 86 took 1.313220739364624 seconds
    Round 86: Decision = 0, Drift = 0.0000
    Current accuracy: 0.4048, Loss: 2.1207
Current target domain: sketch
Round 87 took 1.4229645729064941 seconds
    Round 87: Decision = 0, Drift = 0.0000
    Current accuracy: 0.4048, Loss: 2.1207
Current target domain: sketch
Round 88 took 1.454160451889038 seconds
    Round 88: Decision = 0, Drift = 0.0000
    Current accuracy: 0.4048, Loss: 2.1207
Current target domain: sketch
Round 89 took 1.3505432605743408 seconds
    Round 89: Decision = 0, Drift = 0.0000
    Current accuracy: 0.4048, Loss: 2.1207
Current target domain: sketch
Round 90 took 1.3764269351959229 seconds
    Round 90: Decision = 0, Drift = 0.0000
    Current accuracy: 0.4048, Loss: 2.1207
Current target domain: sketch
Round 91 took 1.3925583362579346 seconds
    Round 91: Decision = 0, Drift = 0.0000
    Current accuracy: 0.4048, Loss: 2.1207
Current target domain: sketch
Round 92 took 1.4246320724487305 seconds
    Round 92: Decision = 0, Drift = 0.0000
    Current accuracy: 0.4048, Loss: 2.1207
Current target domain: sketch
Round 93 took 1.4608769416809082 seconds
    Round 93: Decision = 0, Drift = 0.0000
    Current accuracy: 0.4048, Loss: 2.1207
Current target domain: sketch
Round 94 took 1.4504053592681885 seconds
    Round 94: Decision = 0, Drift = 0.0000
    Current accuracy: 0.4048, Loss: 2.1207
Current target domain: sketch
Round 95 took 1.4385862350463867 seconds
    Round 95: Decision = 0, Drift = 0.0000
    Current accuracy: 0.4048, Loss: 2.1207
Current target domain: sketch
Round 96 took 1.4652583599090576 seconds
    Round 96: Decision = 0, Drift = 0.0000
    Current accuracy: 0.4048, Loss: 2.1207
Current target domain: sketch
Round 97 took 1.4091899394989014 seconds
    Round 97: Decision = 0, Drift = 0.0000
    Current accuracy: 0.4048, Loss: 2.1207
Current target domain: sketch
Round 98 took 1.3886356353759766 seconds
    Round 98: Decision = 0, Drift = 0.0000
    Current accuracy: 0.4048, Loss: 2.1207
Current target domain: sketch
Round 99 took 1.4005768299102783 seconds
    Round 99: Decision = 0, Drift = 0.0000
    Current accuracy: 0.4048, Loss: 2.1207
Current target domain: sketch
Round 100 took 1.4127638339996338 seconds
    Round 100: Decision = 0, Drift = 0.0000
    Current accuracy: 0.4048, Loss: 2.1207
Current target domain: sketch
Round 101 took 1.3382658958435059 seconds
    Round 101: Decision = 0, Drift = 0.0000
    Current accuracy: 0.4048, Loss: 2.1207
Current target domain: sketch
Round 102 took 1.495720624923706 seconds
    Round 102: Decision = 0, Drift = 0.0000
    Current accuracy: 0.4048, Loss: 2.1207
Current target domain: sketch
Round 103 took 1.4871013164520264 seconds
    Round 103: Decision = 0, Drift = 0.0000
    Current accuracy: 0.4048, Loss: 2.1207
Current target domain: sketch
Round 104 took 1.4355051517486572 seconds
    Round 104: Decision = 0, Drift = 0.0000
    Current accuracy: 0.4048, Loss: 2.1207
Current target domain: sketch
Average loss over 1 updates: 0.6341
Round 105 took 2.205345630645752 seconds
    Round 105: Decision = 1, Drift = 0.0000
    Current accuracy: 0.3830, Loss: 2.1207
Current target domain: sketch
Average loss over 1 updates: 0.5810
Round 106 took 2.2013792991638184 seconds
    Round 106: Decision = 1, Drift = 0.0000
    Current accuracy: 0.3315, Loss: 1.9257
Current target domain: sketch
Average loss over 1 updates: 0.6066
Round 107 took 2.3139235973358154 seconds
    Round 107: Decision = 1, Drift = 0.0000
    Current accuracy: 0.3768, Loss: 2.1249
Current target domain: sketch
Average loss over 1 updates: 0.5985
Round 108 took 2.3191463947296143 seconds
    Round 108: Decision = 1, Drift = 0.0000
    Current accuracy: 0.2231, Loss: 1.8590
Current target domain: sketch
Average loss over 1 updates: 0.6143
Round 109 took 2.200670003890991 seconds
    Round 109: Decision = 1, Drift = 0.0000
    Current accuracy: 0.3986, Loss: 2.4386
Current target domain: sketch
Average loss over 1 updates: 0.4115
Round 110 took 2.361959218978882 seconds
    Round 110: Decision = 1, Drift = 0.0000
    Current accuracy: 0.4149, Loss: 1.5645
Current target domain: sketch
Average loss over 1 updates: 0.3533
Round 111 took 2.3998465538024902 seconds
    Round 111: Decision = 1, Drift = 0.0000
    Current accuracy: 0.4578, Loss: 1.5796
Current target domain: sketch
Average loss over 1 updates: 0.3141
Round 112 took 2.39369535446167 seconds
    Round 112: Decision = 1, Drift = 0.0000
    Current accuracy: 0.4267, Loss: 1.4664
Current target domain: sketch
Round 113 took 1.4471819400787354 seconds
    Round 113: Decision = 0, Drift = 0.0000
    Current accuracy: 0.4267, Loss: 1.4961
Current target domain: sketch
Round 114 took 1.3773539066314697 seconds
    Round 114: Decision = 0, Drift = 0.0000
    Current accuracy: 0.4267, Loss: 1.4961
Current target domain: sketch
Round 115 took 1.3802051544189453 seconds
    Round 115: Decision = 0, Drift = 0.0000
    Current accuracy: 0.4267, Loss: 1.4961
Current target domain: sketch
Round 116 took 1.3926072120666504 seconds
    Round 116: Decision = 0, Drift = 0.0000
    Current accuracy: 0.4267, Loss: 1.4961
Current target domain: sketch
Round 117 took 1.4348266124725342 seconds
    Round 117: Decision = 0, Drift = 0.0000
    Current accuracy: 0.4267, Loss: 1.4961
Current target domain: sketch
Round 118 took 1.4879932403564453 seconds
    Round 118: Decision = 0, Drift = 0.0000
    Current accuracy: 0.4267, Loss: 1.4961
Current target domain: sketch
Round 119 took 1.425823450088501 seconds
    Round 119: Decision = 0, Drift = 0.0000
    Current accuracy: 0.4267, Loss: 1.4961
Current target domain: sketch
Round 120 took 1.457716703414917 seconds
    Round 120: Decision = 0, Drift = 0.0000
    Current accuracy: 0.4267, Loss: 1.4961
Current target domain: sketch
Round 121 took 1.469877004623413 seconds
    Round 121: Decision = 0, Drift = 0.0000
    Current accuracy: 0.4267, Loss: 1.4961
Current target domain: sketch
Round 122 took 1.3999865055084229 seconds
    Round 122: Decision = 0, Drift = 0.0000
    Current accuracy: 0.4267, Loss: 1.4961
Current target domain: sketch
Round 123 took 1.364152431488037 seconds
    Round 123: Decision = 0, Drift = 0.0000
    Current accuracy: 0.4267, Loss: 1.4961
Current target domain: sketch
Round 124 took 1.4078164100646973 seconds
    Round 124: Decision = 0, Drift = 0.0000
    Current accuracy: 0.4267, Loss: 1.4961
Current target domain: sketch
Round 125 took 12.710419416427612 seconds
    Round 125: Decision = 0, Drift = 0.5000
    Current accuracy: 0.4259, Loss: 2.4825
Current target domain: cartoon
Round 126 took 11.602075576782227 seconds
    Round 126: Decision = 0, Drift = 0.5000
    Current accuracy: 0.4048, Loss: 2.9772
Current target domain: cartoon
Round 127 took 1.4089791774749756 seconds
    Round 127: Decision = 0, Drift = 0.0000
    Current accuracy: 0.4048, Loss: 2.9772
Current target domain: cartoon
Round 128 took 1.3349237442016602 seconds
    Round 128: Decision = 0, Drift = 0.0000
    Current accuracy: 0.4048, Loss: 2.9772
Current target domain: cartoon
Round 129 took 1.3476433753967285 seconds
    Round 129: Decision = 0, Drift = 0.0000
    Current accuracy: 0.4048, Loss: 2.9772
Current target domain: cartoon
Round 130 took 1.3930408954620361 seconds
    Round 130: Decision = 0, Drift = 0.0000
    Current accuracy: 0.4048, Loss: 2.9772
Current target domain: cartoon
Round 131 took 1.3997411727905273 seconds
    Round 131: Decision = 0, Drift = 0.0000
    Current accuracy: 0.4048, Loss: 2.9772
Current target domain: cartoon
Round 132 took 1.4024827480316162 seconds
    Round 132: Decision = 0, Drift = 0.0000
    Current accuracy: 0.4048, Loss: 2.9772
Current target domain: cartoon
Round 133 took 1.3975255489349365 seconds
    Round 133: Decision = 0, Drift = 0.0000
    Current accuracy: 0.4048, Loss: 2.9772
Current target domain: cartoon
Round 134 took 1.4918997287750244 seconds
    Round 134: Decision = 0, Drift = 0.0000
    Current accuracy: 0.4048, Loss: 2.9772
Current target domain: cartoon
Round 135 took 1.4935660362243652 seconds
    Round 135: Decision = 0, Drift = 0.0000
    Current accuracy: 0.4048, Loss: 2.9772
Current target domain: cartoon
Round 136 took 1.4285979270935059 seconds
    Round 136: Decision = 0, Drift = 0.0000
    Current accuracy: 0.4048, Loss: 2.9772
Current target domain: cartoon
Round 137 took 1.4734830856323242 seconds
    Round 137: Decision = 0, Drift = 0.0000
    Current accuracy: 0.4048, Loss: 2.9772
Current target domain: cartoon
Round 138 took 1.4615466594696045 seconds
    Round 138: Decision = 0, Drift = 0.0000
    Current accuracy: 0.4048, Loss: 2.9772
Current target domain: cartoon
Round 139 took 1.3863029479980469 seconds
    Round 139: Decision = 0, Drift = 0.0000
    Current accuracy: 0.4048, Loss: 2.9772
Current target domain: cartoon
Round 140 took 1.4030711650848389 seconds
    Round 140: Decision = 0, Drift = 0.0000
    Current accuracy: 0.4048, Loss: 2.9772
Current target domain: cartoon
Round 141 took 1.3019599914550781 seconds
    Round 141: Decision = 0, Drift = 0.0000
    Current accuracy: 0.4048, Loss: 2.9772
Current target domain: cartoon
Round 142 took 1.3321523666381836 seconds
    Round 142: Decision = 0, Drift = 0.0000
    Current accuracy: 0.4048, Loss: 2.9772
Current target domain: cartoon
Round 143 took 1.448678970336914 seconds
    Round 143: Decision = 0, Drift = 0.0000
    Current accuracy: 0.4048, Loss: 2.9772
Current target domain: cartoon
Round 144 took 1.3653829097747803 seconds
    Round 144: Decision = 0, Drift = 0.0000
    Current accuracy: 0.4048, Loss: 2.9772
Current target domain: cartoon
Round 145 took 1.3956999778747559 seconds
    Round 145: Decision = 0, Drift = 0.0000
    Current accuracy: 0.4048, Loss: 2.9772
Current target domain: cartoon
Round 146 took 1.4029560089111328 seconds
    Round 146: Decision = 0, Drift = 0.0000
    Current accuracy: 0.4048, Loss: 2.9772
Current target domain: cartoon
Round 147 took 1.4512624740600586 seconds
    Round 147: Decision = 0, Drift = 0.0000
    Current accuracy: 0.4048, Loss: 2.9772
Current target domain: cartoon
Round 148 took 1.4704532623291016 seconds
    Round 148: Decision = 0, Drift = 0.0000
    Current accuracy: 0.4048, Loss: 2.9772
Current target domain: cartoon
Round 149 took 1.359952449798584 seconds
    Round 149: Decision = 0, Drift = 0.0000
    Current accuracy: 0.4048, Loss: 2.9772
Current target domain: cartoon
Round 150 took 1.3657395839691162 seconds
    Round 150: Decision = 0, Drift = 0.0000
    Current accuracy: 0.4048, Loss: 2.9772
Current target domain: cartoon
Round 151 took 1.4371592998504639 seconds
    Round 151: Decision = 0, Drift = 0.0000
    Current accuracy: 0.4048, Loss: 2.9772
Current target domain: cartoon
Round 152 took 1.5355224609375 seconds
    Round 152: Decision = 0, Drift = 0.0000
    Current accuracy: 0.4048, Loss: 2.9772
Current target domain: cartoon
Round 153 took 1.5088462829589844 seconds
    Round 153: Decision = 0, Drift = 0.0000
    Current accuracy: 0.4048, Loss: 2.9772
Current target domain: cartoon
Round 154 took 1.3773934841156006 seconds
    Round 154: Decision = 0, Drift = 0.0000
    Current accuracy: 0.4048, Loss: 2.9772
Current target domain: cartoon
Average loss over 1 updates: 0.8027
Round 155 took 2.2837347984313965 seconds
    Round 155: Decision = 1, Drift = 0.0000
    Current accuracy: 0.4025, Loss: 2.9772
Current target domain: cartoon
Average loss over 1 updates: 0.5267
Round 156 took 2.263746976852417 seconds
    Round 156: Decision = 1, Drift = 0.0000
    Current accuracy: 0.4228, Loss: 2.4717
Current target domain: cartoon
Average loss over 1 updates: 0.4226
Round 157 took 2.49466609954834 seconds
    Round 157: Decision = 1, Drift = 0.0000
    Current accuracy: 0.4384, Loss: 2.3156
Current target domain: cartoon
Average loss over 1 updates: 0.3606
Round 158 took 2.430551528930664 seconds
    Round 158: Decision = 1, Drift = 0.0000
    Current accuracy: 0.5078, Loss: 2.2835
Current target domain: cartoon
Average loss over 1 updates: 0.3174
Round 159 took 2.3260886669158936 seconds
    Round 159: Decision = 1, Drift = 0.0000
    Current accuracy: 0.5288, Loss: 1.9905
Current target domain: cartoon
Average loss over 1 updates: 0.2844
Round 160 took 2.2351694107055664 seconds
    Round 160: Decision = 1, Drift = 0.0000
    Current accuracy: 0.5445, Loss: 1.8851
Current target domain: cartoon
Average loss over 1 updates: 0.2603
Round 161 took 2.3467633724212646 seconds
    Round 161: Decision = 1, Drift = 0.0000
    Current accuracy: 0.5889, Loss: 1.5751
Current target domain: cartoon
Average loss over 1 updates: 0.2388
Round 162 took 2.309584856033325 seconds
    Round 162: Decision = 1, Drift = 0.0000
    Current accuracy: 0.5866, Loss: 1.5646
Current target domain: cartoon
Round 163 took 1.4304759502410889 seconds
    Round 163: Decision = 0, Drift = 0.0000
    Current accuracy: 0.5866, Loss: 1.2676
Current target domain: cartoon
Round 164 took 1.3419857025146484 seconds
    Round 164: Decision = 0, Drift = 0.0000
    Current accuracy: 0.5866, Loss: 1.2676
Current target domain: cartoon
Round 165 took 1.4159371852874756 seconds
    Round 165: Decision = 0, Drift = 0.0000
    Current accuracy: 0.5866, Loss: 1.2676
Current target domain: cartoon
Round 166 took 1.4087059497833252 seconds
    Round 166: Decision = 0, Drift = 0.0000
    Current accuracy: 0.5866, Loss: 1.2676
Current target domain: cartoon
Round 167 took 1.34208345413208 seconds
    Round 167: Decision = 0, Drift = 0.0000
    Current accuracy: 0.5866, Loss: 1.2676
Current target domain: cartoon
Round 168 took 1.4089243412017822 seconds
    Round 168: Decision = 0, Drift = 0.0000
    Current accuracy: 0.5866, Loss: 1.2676
Current target domain: cartoon
Round 169 took 1.4075868129730225 seconds
    Round 169: Decision = 0, Drift = 0.0000
    Current accuracy: 0.5866, Loss: 1.2676
Current target domain: cartoon
Round 170 took 1.4196348190307617 seconds
    Round 170: Decision = 0, Drift = 0.0000
    Current accuracy: 0.5866, Loss: 1.2676
Current target domain: cartoon
Round 171 took 1.4356722831726074 seconds
    Round 171: Decision = 0, Drift = 0.0000
    Current accuracy: 0.5866, Loss: 1.2676
Current target domain: cartoon
Round 172 took 1.3942592144012451 seconds
    Round 172: Decision = 0, Drift = 0.0000
    Current accuracy: 0.5866, Loss: 1.2676
Current target domain: cartoon
Round 173 took 1.519376516342163 seconds
    Round 173: Decision = 0, Drift = 0.0000
    Current accuracy: 0.5866, Loss: 1.2676
Current target domain: cartoon
Round 174 took 1.4137814044952393 seconds
    Round 174: Decision = 0, Drift = 0.0000
    Current accuracy: 0.5866, Loss: 1.2676
Current target domain: cartoon
Round 175 took 1.4163010120391846 seconds
    Round 175: Decision = 0, Drift = 0.0000
    Current accuracy: 0.5866, Loss: 1.2676
Current target domain: cartoon
Round 176 took 1.3698713779449463 seconds
    Round 176: Decision = 0, Drift = 0.0000
    Current accuracy: 0.5866, Loss: 1.2676
Current target domain: cartoon
Round 177 took 1.409165382385254 seconds
    Round 177: Decision = 0, Drift = 0.0000
    Current accuracy: 0.5866, Loss: 1.2676
Current target domain: cartoon
Round 178 took 1.4739148616790771 seconds
    Round 178: Decision = 0, Drift = 0.0000
    Current accuracy: 0.5866, Loss: 1.2676
Current target domain: cartoon
Round 179 took 1.5347621440887451 seconds
    Round 179: Decision = 0, Drift = 0.0000
    Current accuracy: 0.5866, Loss: 1.2676
Current target domain: cartoon
Round 180 took 1.3185296058654785 seconds
    Round 180: Decision = 0, Drift = 0.0000
    Current accuracy: 0.5866, Loss: 1.2676
Current target domain: cartoon
Round 181 took 1.4295151233673096 seconds
    Round 181: Decision = 0, Drift = 0.0000
    Current accuracy: 0.5866, Loss: 1.2676
Current target domain: cartoon
Round 182 took 1.3383452892303467 seconds
    Round 182: Decision = 0, Drift = 0.0000
    Current accuracy: 0.5866, Loss: 1.2676
Current target domain: cartoon
Round 183 took 1.5101799964904785 seconds
    Round 183: Decision = 0, Drift = 0.0000
    Current accuracy: 0.5866, Loss: 1.2676
Current target domain: cartoon
Round 184 took 1.4694545269012451 seconds
    Round 184: Decision = 0, Drift = 0.0000
    Current accuracy: 0.5866, Loss: 1.2676
Current target domain: cartoon
Round 185 took 1.4225716590881348 seconds
    Round 185: Decision = 0, Drift = 0.0000
    Current accuracy: 0.5866, Loss: 1.2676
Current target domain: cartoon
Round 186 took 1.5019145011901855 seconds
    Round 186: Decision = 0, Drift = 0.0000
    Current accuracy: 0.5866, Loss: 1.2676
Current target domain: cartoon
Round 187 took 1.3737585544586182 seconds
    Round 187: Decision = 0, Drift = 0.0000
    Current accuracy: 0.5866, Loss: 1.2676
Current target domain: cartoon
Round 188 took 1.338517427444458 seconds
    Round 188: Decision = 0, Drift = 0.0000
    Current accuracy: 0.5866, Loss: 1.2676
Current target domain: cartoon
Round 189 took 1.503798246383667 seconds
    Round 189: Decision = 0, Drift = 0.0000
    Current accuracy: 0.5866, Loss: 1.2676
Current target domain: cartoon
Round 190 took 1.384699821472168 seconds
    Round 190: Decision = 0, Drift = 0.0000
    Current accuracy: 0.5866, Loss: 1.2676
Current target domain: cartoon
Round 191 took 1.4239263534545898 seconds
    Round 191: Decision = 0, Drift = 0.0000
    Current accuracy: 0.5866, Loss: 1.2676
Current target domain: cartoon
Round 192 took 1.541194200515747 seconds
    Round 192: Decision = 0, Drift = 0.0000
    Current accuracy: 0.5866, Loss: 1.2676
Current target domain: cartoon
Round 193 took 1.4039654731750488 seconds
    Round 193: Decision = 0, Drift = 0.0000
    Current accuracy: 0.5866, Loss: 1.2676
Current target domain: cartoon
Round 194 took 1.357548713684082 seconds
    Round 194: Decision = 0, Drift = 0.0000
    Current accuracy: 0.5866, Loss: 1.2676
Current target domain: cartoon
Round 195 took 1.424680233001709 seconds
    Round 195: Decision = 0, Drift = 0.0000
    Current accuracy: 0.5866, Loss: 1.2676
Current target domain: cartoon
Round 196 took 1.3188567161560059 seconds
    Round 196: Decision = 0, Drift = 0.0000
    Current accuracy: 0.5866, Loss: 1.2676
Current target domain: cartoon
Round 197 took 1.3718624114990234 seconds
    Round 197: Decision = 0, Drift = 0.0000
    Current accuracy: 0.5866, Loss: 1.2676
Current target domain: cartoon
Round 198 took 1.4256763458251953 seconds
    Round 198: Decision = 0, Drift = 0.0000
    Current accuracy: 0.5866, Loss: 1.2676
Current target domain: cartoon
Round 199 took 1.3830101490020752 seconds
    Round 199: Decision = 0, Drift = 0.0000
    Current accuracy: 0.5866, Loss: 1.2676
Current target domain: cartoon
Average time per round: 1.7007882606983185
Total time: 340.1576521396637
