Using the latest cached version of the dataset since flwrlabs/pacs couldn't be found on the Hugging Face Hub
Found the latest cached dataset configuration 'default' at /home/apiasecz/.cache/huggingface/datasets/flwrlabs___pacs/default/0.0.0/394113073258ead631f617d2e13bb377c0715c4b (last modified on Wed Jan 29 16:59:35 2025).
Using the latest cached version of the dataset since flwrlabs/pacs couldn't be found on the Hugging Face Hub
Found the latest cached dataset configuration 'default' at /home/apiasecz/.cache/huggingface/datasets/flwrlabs___pacs/default/0.0.0/394113073258ead631f617d2e13bb377c0715c4b (last modified on Wed Jan 29 16:59:35 2025).
Using the latest cached version of the dataset since flwrlabs/pacs couldn't be found on the Hugging Face Hub
Found the latest cached dataset configuration 'default' at /home/apiasecz/.cache/huggingface/datasets/flwrlabs___pacs/default/0.0.0/394113073258ead631f617d2e13bb377c0715c4b (last modified on Wed Jan 29 16:59:35 2025).
Device: cuda
CUDA Version: 12.1
cuDNN Version: 8902
PyTorch Version: 2.3.0

Model used: PACSCNN
Initial dataset creation
Initial dataset creation
Initial loss: 27.586103439331055
<__main__.Policy object at 0x146212a231d0>
27.586103439331055
Loss historical diff: 3.231167793273926; Loss Difference: 0.0, Decision: 0
Round 1 took 3.869110107421875s, results:
{'t': 0, 'current_accuracy': 0.09765625, 'current_loss': 30.81727123260498, 'train_loss': None, 'decision': 0, 'drift_rate': 0.0, 'target_domains': ['cartoon']}
Loss historical diff: 3.2311668395996094; Loss Difference: 0.0, Decision: 0
Round 2 took 3.8772189617156982s, results:
{'t': 1, 'current_accuracy': 0.09765625, 'current_loss': 30.817270278930664, 'train_loss': None, 'decision': 0, 'drift_rate': 0.0, 'target_domains': ['cartoon']}
Loss historical diff: 3.2311697006225586; Loss Difference: 0.0, Decision: 0
Round 3 took 3.7743144035339355s, results:
{'t': 2, 'current_accuracy': 0.09765625, 'current_loss': 30.817273139953613, 'train_loss': None, 'decision': 0, 'drift_rate': 0.0, 'target_domains': ['cartoon']}
Loss historical diff: 3.231167793273926; Loss Difference: 0.0, Decision: 0
Round 4 took 3.9334466457366943s, results:
{'t': 3, 'current_accuracy': 0.09765625, 'current_loss': 30.81727123260498, 'train_loss': None, 'decision': 0, 'drift_rate': 0.0, 'target_domains': ['cartoon']}
Loss historical diff: 3.231170654296875; Loss Difference: 0.0, Decision: 0
Round 5 took 3.918642282485962s, results:
{'t': 4, 'current_accuracy': 0.09765625, 'current_loss': 30.81727409362793, 'train_loss': None, 'decision': 0, 'drift_rate': 0.0, 'target_domains': ['cartoon']}
Loss historical diff: 3.231167793273926; Loss Difference: 0.0, Decision: 0
Round 6 took 4.184469938278198s, results:
{'t': 5, 'current_accuracy': 0.09765625, 'current_loss': 30.81727123260498, 'train_loss': None, 'decision': 0, 'drift_rate': 0.0, 'target_domains': ['cartoon']}
Loss historical diff: 3.2311668395996094; Loss Difference: 0.0, Decision: 0
Round 7 took 4.30046820640564s, results:
{'t': 6, 'current_accuracy': 0.09765625, 'current_loss': 30.817270278930664, 'train_loss': None, 'decision': 0, 'drift_rate': 0.0, 'target_domains': ['cartoon']}
Loss historical diff: 3.2311716079711914; Loss Difference: 0.0, Decision: 0
Round 8 took 4.495868682861328s, results:
{'t': 7, 'current_accuracy': 0.09765625, 'current_loss': 30.817275047302246, 'train_loss': None, 'decision': 0, 'drift_rate': 0.0, 'target_domains': ['cartoon']}
Loss historical diff: 3.231168746948242; Loss Difference: 0.0, Decision: 0
Round 9 took 4.114700555801392s, results:
{'t': 8, 'current_accuracy': 0.09765625, 'current_loss': 30.817272186279297, 'train_loss': None, 'decision': 0, 'drift_rate': 0.0, 'target_domains': ['cartoon']}
Loss historical diff: 3.231167793273926; Loss Difference: 0.0, Decision: 0
Round 10 took 3.813727855682373s, results:
{'t': 9, 'current_accuracy': 0.09765625, 'current_loss': 30.81727123260498, 'train_loss': None, 'decision': 0, 'drift_rate': 0.0, 'target_domains': ['cartoon']}
Loss historical diff: 3.231173515319824; Loss Difference: 0.0, Decision: 0
Round 11 took 3.7330048084259033s, results:
{'t': 10, 'current_accuracy': 0.09765625, 'current_loss': 30.81727695465088, 'train_loss': None, 'decision': 0, 'drift_rate': 0.0, 'target_domains': ['cartoon']}
Loss historical diff: 3.231168746948242; Loss Difference: 0.0, Decision: 0
Round 12 took 3.876648187637329s, results:
{'t': 11, 'current_accuracy': 0.09765625, 'current_loss': 30.817272186279297, 'train_loss': None, 'decision': 0, 'drift_rate': 0.0, 'target_domains': ['cartoon']}
Loss historical diff: 3.231168746948242; Loss Difference: 0.0, Decision: 0
Round 13 took 3.907808780670166s, results:
{'t': 12, 'current_accuracy': 0.09765625, 'current_loss': 30.817272186279297, 'train_loss': None, 'decision': 0, 'drift_rate': 0.0, 'target_domains': ['cartoon']}
Loss historical diff: 3.2311697006225586; Loss Difference: 0.0, Decision: 0
Round 14 took 4.543313980102539s, results:
{'t': 13, 'current_accuracy': 0.09765625, 'current_loss': 30.817273139953613, 'train_loss': None, 'decision': 0, 'drift_rate': 0.0, 'target_domains': ['cartoon']}
Loss historical diff: 3.2311697006225586; Loss Difference: 0.0, Decision: 0
Round 15 took 4.162975072860718s, results:
{'t': 14, 'current_accuracy': 0.09765625, 'current_loss': 30.817273139953613, 'train_loss': None, 'decision': 0, 'drift_rate': 0.0, 'target_domains': ['cartoon']}
Loss historical diff: 3.231167793273926; Loss Difference: 0.0, Decision: 0
Round 16 took 3.9114763736724854s, results:
{'t': 15, 'current_accuracy': 0.09765625, 'current_loss': 30.81727123260498, 'train_loss': None, 'decision': 0, 'drift_rate': 0.0, 'target_domains': ['cartoon']}
Loss historical diff: 3.231168746948242; Loss Difference: 0.0, Decision: 0
Round 17 took 4.004991054534912s, results:
{'t': 16, 'current_accuracy': 0.09765625, 'current_loss': 30.817272186279297, 'train_loss': None, 'decision': 0, 'drift_rate': 0.0, 'target_domains': ['cartoon']}
Loss historical diff: 3.231168746948242; Loss Difference: 0.0, Decision: 0
Round 18 took 4.461890459060669s, results:
{'t': 17, 'current_accuracy': 0.09765625, 'current_loss': 30.817272186279297, 'train_loss': None, 'decision': 0, 'drift_rate': 0.0, 'target_domains': ['cartoon']}
Loss historical diff: 3.231167793273926; Loss Difference: 0.0, Decision: 0
Round 19 took 4.228098392486572s, results:
{'t': 18, 'current_accuracy': 0.09765625, 'current_loss': 30.81727123260498, 'train_loss': None, 'decision': 0, 'drift_rate': 0.0, 'target_domains': ['cartoon']}
Loss historical diff: 3.231170654296875; Loss Difference: 0.0, Decision: 0
Round 20 took 4.066303730010986s, results:
{'t': 19, 'current_accuracy': 0.09765625, 'current_loss': 30.81727409362793, 'train_loss': None, 'decision': 0, 'drift_rate': 0.0, 'target_domains': ['cartoon']}
Loss historical diff: 7.882833480834961; Loss Difference: 0.0, Decision: 1
Average loss over 5 updates: 1.4771
Round 21 took 7.016545057296753s, results:
{'t': 20, 'current_accuracy': 0.0703125, 'current_loss': 35.468936920166016, 'train_loss': 1.4770734906196594, 'decision': 1, 'drift_rate': 0.35, 'target_domains': ['sketch']}
Loss historical diff: 0.0; Loss Difference: 0.0, Decision: 0
Round 22 took 4.449720621109009s, results:
{'t': 21, 'current_accuracy': 0.1875, 'current_loss': 7.6550822257995605, 'train_loss': None, 'decision': 0, 'drift_rate': 0.35, 'target_domains': ['sketch']}
Loss historical diff: 0.3830287456512451; Loss Difference: 0.0, Decision: 0
Round 23 took 4.01810097694397s, results:
{'t': 22, 'current_accuracy': 0.16796875, 'current_loss': 8.038110971450806, 'train_loss': None, 'decision': 0, 'drift_rate': 0.35, 'target_domains': ['sketch']}
Loss historical diff: 0.3830299377441406; Loss Difference: 0.0, Decision: 0
Round 24 took 4.3744378089904785s, results:
{'t': 23, 'current_accuracy': 0.16796875, 'current_loss': 8.038112163543701, 'train_loss': None, 'decision': 0, 'drift_rate': 0.0, 'target_domains': ['sketch']}
Loss historical diff: 0.3830294609069824; Loss Difference: 0.0, Decision: 0
Round 25 took 4.236157178878784s, results:
{'t': 24, 'current_accuracy': 0.16796875, 'current_loss': 8.038111686706543, 'train_loss': None, 'decision': 0, 'drift_rate': 0.0, 'target_domains': ['sketch']}
Loss historical diff: 0.3830282688140869; Loss Difference: 0.0, Decision: 0
Round 26 took 5.099902629852295s, results:
{'t': 25, 'current_accuracy': 0.16796875, 'current_loss': 8.038110494613647, 'train_loss': None, 'decision': 0, 'drift_rate': 0.0, 'target_domains': ['sketch']}
Loss historical diff: 0.3830282688140869; Loss Difference: 0.0, Decision: 0
Round 27 took 5.203760623931885s, results:
{'t': 26, 'current_accuracy': 0.16796875, 'current_loss': 8.038110494613647, 'train_loss': None, 'decision': 0, 'drift_rate': 0.0, 'target_domains': ['sketch']}
Loss historical diff: 0.3830296993255615; Loss Difference: 0.0, Decision: 0
Round 28 took 4.688238620758057s, results:
{'t': 27, 'current_accuracy': 0.16796875, 'current_loss': 8.038111925125122, 'train_loss': None, 'decision': 0, 'drift_rate': 0.0, 'target_domains': ['sketch']}
Loss historical diff: 0.3830275535583496; Loss Difference: 0.0, Decision: 0
Round 29 took 4.926765203475952s, results:
{'t': 28, 'current_accuracy': 0.16796875, 'current_loss': 8.03810977935791, 'train_loss': None, 'decision': 0, 'drift_rate': 0.0, 'target_domains': ['sketch']}
Loss historical diff: 0.3830282688140869; Loss Difference: 0.0, Decision: 0
Round 30 took 5.123158693313599s, results:
{'t': 29, 'current_accuracy': 0.16796875, 'current_loss': 8.038110494613647, 'train_loss': None, 'decision': 0, 'drift_rate': 0.0, 'target_domains': ['sketch']}
Loss historical diff: 0.3830289840698242; Loss Difference: 0.0, Decision: 0
Round 31 took 4.566327095031738s, results:
{'t': 30, 'current_accuracy': 0.16796875, 'current_loss': 8.038111209869385, 'train_loss': None, 'decision': 0, 'drift_rate': 0.0, 'target_domains': ['sketch']}
Loss historical diff: 0.383028507232666; Loss Difference: 0.0, Decision: 0
Round 32 took 4.799315452575684s, results:
{'t': 31, 'current_accuracy': 0.16796875, 'current_loss': 8.038110733032227, 'train_loss': None, 'decision': 0, 'drift_rate': 0.0, 'target_domains': ['sketch']}
Loss historical diff: 0.3830280303955078; Loss Difference: 0.0, Decision: 0
Round 33 took 4.44652795791626s, results:
{'t': 32, 'current_accuracy': 0.16796875, 'current_loss': 8.038110256195068, 'train_loss': None, 'decision': 0, 'drift_rate': 0.0, 'target_domains': ['sketch']}
Loss historical diff: 0.3830280303955078; Loss Difference: 0.0, Decision: 0
Round 34 took 3.9302632808685303s, results:
{'t': 33, 'current_accuracy': 0.16796875, 'current_loss': 8.038110256195068, 'train_loss': None, 'decision': 0, 'drift_rate': 0.0, 'target_domains': ['sketch']}
Loss historical diff: 0.3830287456512451; Loss Difference: 0.0, Decision: 0
Round 35 took 4.870270013809204s, results:
{'t': 34, 'current_accuracy': 0.16796875, 'current_loss': 8.038110971450806, 'train_loss': None, 'decision': 0, 'drift_rate': 0.0, 'target_domains': ['sketch']}
Loss historical diff: 0.3830289840698242; Loss Difference: 0.0, Decision: 0
Round 36 took 4.436920166015625s, results:
{'t': 35, 'current_accuracy': 0.16796875, 'current_loss': 8.038111209869385, 'train_loss': None, 'decision': 0, 'drift_rate': 0.0, 'target_domains': ['sketch']}
Loss historical diff: 0.3830296993255615; Loss Difference: 0.0, Decision: 0
Round 37 took 4.205765008926392s, results:
{'t': 36, 'current_accuracy': 0.16796875, 'current_loss': 8.038111925125122, 'train_loss': None, 'decision': 0, 'drift_rate': 0.0, 'target_domains': ['sketch']}
Loss historical diff: 0.3830287456512451; Loss Difference: 0.0, Decision: 0
Round 38 took 4.791493654251099s, results:
{'t': 37, 'current_accuracy': 0.16796875, 'current_loss': 8.038110971450806, 'train_loss': None, 'decision': 0, 'drift_rate': 0.0, 'target_domains': ['sketch']}
Loss historical diff: 0.3830282688140869; Loss Difference: 0.0, Decision: 0
Round 39 took 4.613542795181274s, results:
{'t': 38, 'current_accuracy': 0.16796875, 'current_loss': 8.038110494613647, 'train_loss': None, 'decision': 0, 'drift_rate': 0.0, 'target_domains': ['sketch']}
Loss historical diff: 0.3830287456512451; Loss Difference: 0.0, Decision: 0
Round 40 took 4.639777183532715s, results:
{'t': 39, 'current_accuracy': 0.16796875, 'current_loss': 8.038110971450806, 'train_loss': None, 'decision': 0, 'drift_rate': 0.0, 'target_domains': ['sketch']}
Loss historical diff: 0.38303041458129883; Loss Difference: 0.0, Decision: 0
Round 41 took 4.690980672836304s, results:
{'t': 40, 'current_accuracy': 0.16796875, 'current_loss': 8.03811264038086, 'train_loss': None, 'decision': 0, 'drift_rate': 0.0, 'target_domains': ['sketch']}
Loss historical diff: 0.3830292224884033; Loss Difference: 0.0, Decision: 0
Round 42 took 4.8602375984191895s, results:
{'t': 41, 'current_accuracy': 0.16796875, 'current_loss': 8.038111448287964, 'train_loss': None, 'decision': 0, 'drift_rate': 0.0, 'target_domains': ['sketch']}
Loss historical diff: 0.3830292224884033; Loss Difference: 0.0, Decision: 0
Round 43 took 4.579728126525879s, results:
{'t': 42, 'current_accuracy': 0.16796875, 'current_loss': 8.038111448287964, 'train_loss': None, 'decision': 0, 'drift_rate': 0.0, 'target_domains': ['sketch']}
Loss historical diff: 0.3830282688140869; Loss Difference: 0.0, Decision: 0
Round 44 took 4.646528959274292s, results:
{'t': 43, 'current_accuracy': 0.16796875, 'current_loss': 8.038110494613647, 'train_loss': None, 'decision': 0, 'drift_rate': 0.0, 'target_domains': ['sketch']}
Loss historical diff: 0.3830292224884033; Loss Difference: 0.0, Decision: 0
Round 45 took 4.881395101547241s, results:
{'t': 44, 'current_accuracy': 0.16796875, 'current_loss': 8.038111448287964, 'train_loss': None, 'decision': 0, 'drift_rate': 0.0, 'target_domains': ['sketch']}
Loss historical diff: 0.3830282688140869; Loss Difference: 0.0, Decision: 0
Round 46 took 5.369836807250977s, results:
{'t': 45, 'current_accuracy': 0.16796875, 'current_loss': 8.038110494613647, 'train_loss': None, 'decision': 0, 'drift_rate': 0.0, 'target_domains': ['sketch']}
Loss historical diff: 0.3830292224884033; Loss Difference: 0.0, Decision: 0
Round 47 took 4.024411916732788s, results:
{'t': 46, 'current_accuracy': 0.16796875, 'current_loss': 8.038111448287964, 'train_loss': None, 'decision': 0, 'drift_rate': 0.0, 'target_domains': ['sketch']}
Loss historical diff: 0.3830287456512451; Loss Difference: 0.0, Decision: 0
Round 48 took 3.979736328125s, results:
{'t': 47, 'current_accuracy': 0.16796875, 'current_loss': 8.038110971450806, 'train_loss': None, 'decision': 0, 'drift_rate': 0.0, 'target_domains': ['sketch']}
Loss historical diff: 0.38303089141845703; Loss Difference: 0.0, Decision: 0
Round 49 took 4.187235116958618s, results:
{'t': 48, 'current_accuracy': 0.16796875, 'current_loss': 8.038113117218018, 'train_loss': None, 'decision': 0, 'drift_rate': 0.0, 'target_domains': ['sketch']}
Loss historical diff: 0.3830287456512451; Loss Difference: 0.0, Decision: 0
Round 50 took 4.432373762130737s, results:
{'t': 49, 'current_accuracy': 0.16796875, 'current_loss': 8.038110971450806, 'train_loss': None, 'decision': 0, 'drift_rate': 0.0, 'target_domains': ['sketch']}
Loss historical diff: 0.3830289840698242; Loss Difference: 0.0, Decision: 0
Round 51 took 4.376967668533325s, results:
{'t': 50, 'current_accuracy': 0.16796875, 'current_loss': 8.038111209869385, 'train_loss': None, 'decision': 0, 'drift_rate': 0.0, 'target_domains': ['sketch']}
Loss historical diff: 0.3830289840698242; Loss Difference: 0.0, Decision: 0
Round 52 took 4.357781648635864s, results:
{'t': 51, 'current_accuracy': 0.16796875, 'current_loss': 8.038111209869385, 'train_loss': None, 'decision': 0, 'drift_rate': 0.0, 'target_domains': ['sketch']}
Loss historical diff: 0.3830294609069824; Loss Difference: 0.0, Decision: 0
Round 53 took 4.230339527130127s, results:
{'t': 52, 'current_accuracy': 0.16796875, 'current_loss': 8.038111686706543, 'train_loss': None, 'decision': 0, 'drift_rate': 0.0, 'target_domains': ['sketch']}
Loss historical diff: 0.383028507232666; Loss Difference: 0.0, Decision: 0
Round 54 took 4.7210164070129395s, results:
{'t': 53, 'current_accuracy': 0.16796875, 'current_loss': 8.038110733032227, 'train_loss': None, 'decision': 0, 'drift_rate': 0.0, 'target_domains': ['sketch']}
Loss historical diff: 0.3830275535583496; Loss Difference: 0.0, Decision: 0
Round 55 took 4.571223735809326s, results:
{'t': 54, 'current_accuracy': 0.16796875, 'current_loss': 8.03810977935791, 'train_loss': None, 'decision': 0, 'drift_rate': 0.0, 'target_domains': ['sketch']}
Loss historical diff: 0.3830299377441406; Loss Difference: 0.0, Decision: 0
Round 56 took 4.588421106338501s, results:
{'t': 55, 'current_accuracy': 0.16796875, 'current_loss': 8.038112163543701, 'train_loss': None, 'decision': 0, 'drift_rate': 0.0, 'target_domains': ['sketch']}
Loss historical diff: 0.3830280303955078; Loss Difference: 0.0, Decision: 0
Round 57 took 4.007981061935425s, results:
{'t': 56, 'current_accuracy': 0.16796875, 'current_loss': 8.038110256195068, 'train_loss': None, 'decision': 0, 'drift_rate': 0.0, 'target_domains': ['sketch']}
Loss historical diff: 0.3830299377441406; Loss Difference: 0.0, Decision: 0
Round 58 took 4.39884877204895s, results:
{'t': 57, 'current_accuracy': 0.16796875, 'current_loss': 8.038112163543701, 'train_loss': None, 'decision': 0, 'drift_rate': 0.0, 'target_domains': ['sketch']}
Loss historical diff: 0.3830292224884033; Loss Difference: 0.0, Decision: 0
Round 59 took 4.806250333786011s, results:
{'t': 58, 'current_accuracy': 0.16796875, 'current_loss': 8.038111448287964, 'train_loss': None, 'decision': 0, 'drift_rate': 0.0, 'target_domains': ['sketch']}
Loss historical diff: 0.383028507232666; Loss Difference: 0.0, Decision: 0
Round 60 took 4.855102062225342s, results:
{'t': 59, 'current_accuracy': 0.16796875, 'current_loss': 8.038110733032227, 'train_loss': None, 'decision': 0, 'drift_rate': 0.0, 'target_domains': ['sketch']}
Loss historical diff: 0.3830275535583496; Loss Difference: 0.0, Decision: 0
Round 61 took 4.231770992279053s, results:
{'t': 60, 'current_accuracy': 0.16796875, 'current_loss': 8.03810977935791, 'train_loss': None, 'decision': 0, 'drift_rate': 0.0, 'target_domains': ['sketch']}
Loss historical diff: 0.3830280303955078; Loss Difference: 0.0, Decision: 0
Round 62 took 5.05999755859375s, results:
{'t': 61, 'current_accuracy': 0.16796875, 'current_loss': 8.038110256195068, 'train_loss': None, 'decision': 0, 'drift_rate': 0.0, 'target_domains': ['sketch']}
Loss historical diff: 0.3830282688140869; Loss Difference: 0.0, Decision: 0
Round 63 took 4.658322095870972s, results:
{'t': 62, 'current_accuracy': 0.16796875, 'current_loss': 8.038110494613647, 'train_loss': None, 'decision': 0, 'drift_rate': 0.0, 'target_domains': ['sketch']}
Loss historical diff: 0.0; Loss Difference: 0.0, Decision: 0
Round 64 took 4.47044825553894s, results:
{'t': 63, 'current_accuracy': 0.29296875, 'current_loss': 7.1565656661987305, 'train_loss': None, 'decision': 0, 'drift_rate': 0.35, 'target_domains': ['photo']}
Loss historical diff: 0.0; Loss Difference: 0.0, Decision: 0
Round 65 took 4.459307909011841s, results:
{'t': 64, 'current_accuracy': 0.34765625, 'current_loss': 7.062664747238159, 'train_loss': None, 'decision': 0, 'drift_rate': 0.35, 'target_domains': ['photo']}
Loss historical diff: 0.0; Loss Difference: 0.0, Decision: 0
Round 66 took 4.36897873878479s, results:
{'t': 65, 'current_accuracy': 0.41015625, 'current_loss': 6.815946102142334, 'train_loss': None, 'decision': 0, 'drift_rate': 0.35, 'target_domains': ['photo']}
Loss historical diff: 0.0; Loss Difference: 0.0, Decision: 0
Round 67 took 4.7398600578308105s, results:
{'t': 66, 'current_accuracy': 0.41015625, 'current_loss': 6.815945386886597, 'train_loss': None, 'decision': 0, 'drift_rate': 0.0, 'target_domains': ['photo']}
Loss historical diff: 2.384185791015625e-07; Loss Difference: 0.0, Decision: 0
Round 68 took 4.762212753295898s, results:
{'t': 67, 'current_accuracy': 0.41015625, 'current_loss': 6.815945625305176, 'train_loss': None, 'decision': 0, 'drift_rate': 0.0, 'target_domains': ['photo']}
Loss historical diff: 1.430511474609375e-06; Loss Difference: 0.0, Decision: 0
Round 69 took 4.4677979946136475s, results:
{'t': 68, 'current_accuracy': 0.41015625, 'current_loss': 6.815946817398071, 'train_loss': None, 'decision': 0, 'drift_rate': 0.0, 'target_domains': ['photo']}
Loss historical diff: 4.76837158203125e-07; Loss Difference: 0.0, Decision: 0
Round 70 took 4.787827968597412s, results:
{'t': 69, 'current_accuracy': 0.41015625, 'current_loss': 6.815945863723755, 'train_loss': None, 'decision': 0, 'drift_rate': 0.0, 'target_domains': ['photo']}
Loss historical diff: 2.384185791015625e-07; Loss Difference: 0.0, Decision: 0
Round 71 took 4.510033845901489s, results:
{'t': 70, 'current_accuracy': 0.41015625, 'current_loss': 6.815945625305176, 'train_loss': None, 'decision': 0, 'drift_rate': 0.0, 'target_domains': ['photo']}
Loss historical diff: 2.384185791015625e-07; Loss Difference: 0.0, Decision: 0
Round 72 took 4.425168752670288s, results:
{'t': 71, 'current_accuracy': 0.41015625, 'current_loss': 6.815945625305176, 'train_loss': None, 'decision': 0, 'drift_rate': 0.0, 'target_domains': ['photo']}
Loss historical diff: 9.5367431640625e-07; Loss Difference: 0.0, Decision: 0
Round 73 took 4.340025424957275s, results:
{'t': 72, 'current_accuracy': 0.41015625, 'current_loss': 6.815946340560913, 'train_loss': None, 'decision': 0, 'drift_rate': 0.0, 'target_domains': ['photo']}
Loss historical diff: 4.76837158203125e-07; Loss Difference: 0.0, Decision: 0
Round 74 took 4.610803842544556s, results:
{'t': 73, 'current_accuracy': 0.41015625, 'current_loss': 6.815945863723755, 'train_loss': None, 'decision': 0, 'drift_rate': 0.0, 'target_domains': ['photo']}
Loss historical diff: 1.1920928955078125e-06; Loss Difference: 0.0, Decision: 0
Round 75 took 4.810515642166138s, results:
{'t': 74, 'current_accuracy': 0.41015625, 'current_loss': 6.815946578979492, 'train_loss': None, 'decision': 0, 'drift_rate': 0.0, 'target_domains': ['photo']}
Loss historical diff: 7.152557373046875e-07; Loss Difference: 0.0, Decision: 0
Round 76 took 4.800593376159668s, results:
{'t': 75, 'current_accuracy': 0.41015625, 'current_loss': 6.815946102142334, 'train_loss': None, 'decision': 0, 'drift_rate': 0.0, 'target_domains': ['photo']}
Loss historical diff: 2.384185791015625e-07; Loss Difference: 0.0, Decision: 0
Round 77 took 4.207485675811768s, results:
{'t': 76, 'current_accuracy': 0.41015625, 'current_loss': 6.815945625305176, 'train_loss': None, 'decision': 0, 'drift_rate': 0.0, 'target_domains': ['photo']}
Loss historical diff: 4.76837158203125e-07; Loss Difference: 0.0, Decision: 0
Round 78 took 4.904431104660034s, results:
{'t': 77, 'current_accuracy': 0.41015625, 'current_loss': 6.815945863723755, 'train_loss': None, 'decision': 0, 'drift_rate': 0.0, 'target_domains': ['photo']}
Loss historical diff: 9.5367431640625e-07; Loss Difference: 0.0, Decision: 0
Round 79 took 4.313870668411255s, results:
{'t': 78, 'current_accuracy': 0.41015625, 'current_loss': 6.815946340560913, 'train_loss': None, 'decision': 0, 'drift_rate': 0.0, 'target_domains': ['photo']}
Loss historical diff: 4.76837158203125e-07; Loss Difference: 0.0, Decision: 0
Round 80 took 4.256783962249756s, results:
{'t': 79, 'current_accuracy': 0.41015625, 'current_loss': 6.815945863723755, 'train_loss': None, 'decision': 0, 'drift_rate': 0.0, 'target_domains': ['photo']}
Loss historical diff: 2.384185791015625e-07; Loss Difference: 0.0, Decision: 0
Round 81 took 4.059354066848755s, results:
{'t': 80, 'current_accuracy': 0.41015625, 'current_loss': 6.815945625305176, 'train_loss': None, 'decision': 0, 'drift_rate': 0.0, 'target_domains': ['photo']}
Loss historical diff: 4.76837158203125e-07; Loss Difference: 0.0, Decision: 0
Round 82 took 4.165449142456055s, results:
{'t': 81, 'current_accuracy': 0.41015625, 'current_loss': 6.815945863723755, 'train_loss': None, 'decision': 0, 'drift_rate': 0.0, 'target_domains': ['photo']}
Loss historical diff: 0.0; Loss Difference: 0.0, Decision: 0
Round 83 took 4.098233699798584s, results:
{'t': 82, 'current_accuracy': 0.41015625, 'current_loss': 6.815945386886597, 'train_loss': None, 'decision': 0, 'drift_rate': 0.0, 'target_domains': ['photo']}
Loss historical diff: 9.5367431640625e-07; Loss Difference: 0.0, Decision: 0
Round 84 took 4.351039886474609s, results:
{'t': 83, 'current_accuracy': 0.41015625, 'current_loss': 6.815946340560913, 'train_loss': None, 'decision': 0, 'drift_rate': 0.0, 'target_domains': ['photo']}
Loss historical diff: 7.152557373046875e-07; Loss Difference: 0.0, Decision: 0
Round 85 took 4.290237188339233s, results:
{'t': 84, 'current_accuracy': 0.41015625, 'current_loss': 6.815946102142334, 'train_loss': None, 'decision': 0, 'drift_rate': 0.0, 'target_domains': ['photo']}
Loss historical diff: 9.5367431640625e-07; Loss Difference: 0.0, Decision: 0
Round 86 took 4.503878355026245s, results:
{'t': 85, 'current_accuracy': 0.41015625, 'current_loss': 6.815946340560913, 'train_loss': None, 'decision': 0, 'drift_rate': 0.0, 'target_domains': ['photo']}
Loss historical diff: 2.384185791015625e-07; Loss Difference: 0.0, Decision: 0
Round 87 took 4.137128114700317s, results:
{'t': 86, 'current_accuracy': 0.41015625, 'current_loss': 6.815945625305176, 'train_loss': None, 'decision': 0, 'drift_rate': 0.0, 'target_domains': ['photo']}
Loss historical diff: 1.6689300537109375e-06; Loss Difference: 0.0, Decision: 0
Round 88 took 4.582677125930786s, results:
{'t': 87, 'current_accuracy': 0.41015625, 'current_loss': 6.81594705581665, 'train_loss': None, 'decision': 0, 'drift_rate': 0.0, 'target_domains': ['photo']}
Loss historical diff: 0.0; Loss Difference: 0.0, Decision: 0
Round 89 took 4.421118974685669s, results:
{'t': 88, 'current_accuracy': 0.41015625, 'current_loss': 6.8159449100494385, 'train_loss': None, 'decision': 0, 'drift_rate': 0.0, 'target_domains': ['photo']}
Loss historical diff: 1.1920928955078125e-06; Loss Difference: 0.0, Decision: 0
Round 90 took 4.868118524551392s, results:
{'t': 89, 'current_accuracy': 0.41015625, 'current_loss': 6.815946102142334, 'train_loss': None, 'decision': 0, 'drift_rate': 0.0, 'target_domains': ['photo']}
Loss historical diff: 7.152557373046875e-07; Loss Difference: 0.0, Decision: 0
Round 91 took 4.694868803024292s, results:
{'t': 90, 'current_accuracy': 0.41015625, 'current_loss': 6.815945625305176, 'train_loss': None, 'decision': 0, 'drift_rate': 0.0, 'target_domains': ['photo']}
Loss historical diff: 2.384185791015625e-07; Loss Difference: 0.0, Decision: 0
Round 92 took 5.098082065582275s, results:
{'t': 91, 'current_accuracy': 0.41015625, 'current_loss': 6.815945148468018, 'train_loss': None, 'decision': 0, 'drift_rate': 0.0, 'target_domains': ['photo']}
Loss historical diff: 0.0; Loss Difference: 0.0, Decision: 0
Round 93 took 5.407750368118286s, results:
{'t': 92, 'current_accuracy': 0.41015625, 'current_loss': 6.815944671630859, 'train_loss': None, 'decision': 0, 'drift_rate': 0.0, 'target_domains': ['photo']}
Loss historical diff: 2.1457672119140625e-06; Loss Difference: 0.0, Decision: 0
Round 94 took 4.748327016830444s, results:
{'t': 93, 'current_accuracy': 0.41015625, 'current_loss': 6.815946817398071, 'train_loss': None, 'decision': 0, 'drift_rate': 0.0, 'target_domains': ['photo']}
Loss historical diff: 0.0; Loss Difference: 0.0, Decision: 0
Round 95 took 4.731590509414673s, results:
{'t': 94, 'current_accuracy': 0.41015625, 'current_loss': 6.815944671630859, 'train_loss': None, 'decision': 0, 'drift_rate': 0.0, 'target_domains': ['photo']}
Loss historical diff: 1.9073486328125e-06; Loss Difference: 0.0, Decision: 0
Round 96 took 4.585703134536743s, results:
{'t': 95, 'current_accuracy': 0.41015625, 'current_loss': 6.815946578979492, 'train_loss': None, 'decision': 0, 'drift_rate': 0.0, 'target_domains': ['photo']}
Loss historical diff: 1.6689300537109375e-06; Loss Difference: 0.0, Decision: 0
Round 97 took 4.344911813735962s, results:
{'t': 96, 'current_accuracy': 0.41015625, 'current_loss': 6.815946340560913, 'train_loss': None, 'decision': 0, 'drift_rate': 0.0, 'target_domains': ['photo']}
Loss historical diff: 0.0; Loss Difference: 0.0, Decision: 0
Round 98 took 5.058802604675293s, results:
{'t': 97, 'current_accuracy': 0.41015625, 'current_loss': 6.815944671630859, 'train_loss': None, 'decision': 0, 'drift_rate': 0.0, 'target_domains': ['photo']}
Loss historical diff: 1.430511474609375e-06; Loss Difference: 0.0, Decision: 0
Round 99 took 5.1299989223480225s, results:
{'t': 98, 'current_accuracy': 0.41015625, 'current_loss': 6.815946102142334, 'train_loss': None, 'decision': 0, 'drift_rate': 0.0, 'target_domains': ['photo']}
Loss historical diff: 9.5367431640625e-07; Loss Difference: 0.0, Decision: 0
Round 100 took 4.515366792678833s, results:
{'t': 99, 'current_accuracy': 0.41015625, 'current_loss': 6.815945625305176, 'train_loss': None, 'decision': 0, 'drift_rate': 0.0, 'target_domains': ['photo']}
Loss historical diff: 1.430511474609375e-06; Loss Difference: 0.0, Decision: 0
Round 101 took 4.438033819198608s, results:
{'t': 100, 'current_accuracy': 0.41015625, 'current_loss': 6.815946102142334, 'train_loss': None, 'decision': 0, 'drift_rate': 0.0, 'target_domains': ['photo']}
Loss historical diff: 9.5367431640625e-07; Loss Difference: 0.0, Decision: 0
Round 102 took 4.792027235031128s, results:
{'t': 101, 'current_accuracy': 0.41015625, 'current_loss': 6.815945625305176, 'train_loss': None, 'decision': 0, 'drift_rate': 0.0, 'target_domains': ['photo']}
Loss historical diff: 7.152557373046875e-07; Loss Difference: 0.0, Decision: 0
Round 103 took 4.573949337005615s, results:
{'t': 102, 'current_accuracy': 0.41015625, 'current_loss': 6.815945386886597, 'train_loss': None, 'decision': 0, 'drift_rate': 0.0, 'target_domains': ['photo']}
Loss historical diff: 1.1920928955078125e-06; Loss Difference: 0.0, Decision: 0
Round 104 took 4.6591668128967285s, results:
{'t': 103, 'current_accuracy': 0.41015625, 'current_loss': 6.815945863723755, 'train_loss': None, 'decision': 0, 'drift_rate': 0.0, 'target_domains': ['photo']}
Loss historical diff: 9.5367431640625e-07; Loss Difference: 0.0, Decision: 0
Round 105 took 4.351605653762817s, results:
{'t': 104, 'current_accuracy': 0.41015625, 'current_loss': 6.815945625305176, 'train_loss': None, 'decision': 0, 'drift_rate': 0.0, 'target_domains': ['photo']}
Loss historical diff: 2.384185791015625e-06; Loss Difference: 0.0, Decision: 0
Round 106 took 4.741663932800293s, results:
{'t': 105, 'current_accuracy': 0.41015625, 'current_loss': 6.81594705581665, 'train_loss': None, 'decision': 0, 'drift_rate': 0.0, 'target_domains': ['photo']}
Loss historical diff: 1.9073486328125e-06; Loss Difference: 0.0, Decision: 0
Round 107 took 4.350540637969971s, results:
{'t': 106, 'current_accuracy': 0.41015625, 'current_loss': 6.815946578979492, 'train_loss': None, 'decision': 0, 'drift_rate': 0.0, 'target_domains': ['photo']}
Loss historical diff: 7.152557373046875e-07; Loss Difference: 0.0, Decision: 0
Round 108 took 4.457580327987671s, results:
{'t': 107, 'current_accuracy': 0.41015625, 'current_loss': 6.815945386886597, 'train_loss': None, 'decision': 0, 'drift_rate': 0.0, 'target_domains': ['photo']}
Loss historical diff: 2.384185791015625e-07; Loss Difference: 0.0, Decision: 0
Round 109 took 4.739030122756958s, results:
{'t': 108, 'current_accuracy': 0.41015625, 'current_loss': 6.8159449100494385, 'train_loss': None, 'decision': 0, 'drift_rate': 0.0, 'target_domains': ['photo']}
Loss historical diff: 1.6689300537109375e-06; Loss Difference: 0.0, Decision: 0
Round 110 took 4.5015764236450195s, results:
{'t': 109, 'current_accuracy': 0.41015625, 'current_loss': 6.815946340560913, 'train_loss': None, 'decision': 0, 'drift_rate': 0.0, 'target_domains': ['photo']}
Loss historical diff: 9.5367431640625e-07; Loss Difference: 0.0, Decision: 0
Round 111 took 4.727952241897583s, results:
{'t': 110, 'current_accuracy': 0.41015625, 'current_loss': 6.815945625305176, 'train_loss': None, 'decision': 0, 'drift_rate': 0.0, 'target_domains': ['photo']}
Loss historical diff: 1.1920928955078125e-06; Loss Difference: 0.0, Decision: 0
Round 112 took 4.705525636672974s, results:
{'t': 111, 'current_accuracy': 0.41015625, 'current_loss': 6.815945863723755, 'train_loss': None, 'decision': 0, 'drift_rate': 0.0, 'target_domains': ['photo']}
Loss historical diff: 9.5367431640625e-07; Loss Difference: 0.0, Decision: 0
Round 113 took 4.5076305866241455s, results:
{'t': 112, 'current_accuracy': 0.41015625, 'current_loss': 6.815945625305176, 'train_loss': None, 'decision': 0, 'drift_rate': 0.0, 'target_domains': ['photo']}
Loss historical diff: 1.430511474609375e-06; Loss Difference: 0.0, Decision: 0
Round 114 took 4.54792594909668s, results:
{'t': 113, 'current_accuracy': 0.41015625, 'current_loss': 6.815946102142334, 'train_loss': None, 'decision': 0, 'drift_rate': 0.0, 'target_domains': ['photo']}
Loss historical diff: 2.1457672119140625e-06; Loss Difference: 0.0, Decision: 0
Round 115 took 4.156331777572632s, results:
{'t': 114, 'current_accuracy': 0.41015625, 'current_loss': 6.815946817398071, 'train_loss': None, 'decision': 0, 'drift_rate': 0.0, 'target_domains': ['photo']}
Loss historical diff: 2.1457672119140625e-06; Loss Difference: 0.0, Decision: 0
Round 116 took 4.267562627792358s, results:
{'t': 115, 'current_accuracy': 0.41015625, 'current_loss': 6.815946817398071, 'train_loss': None, 'decision': 0, 'drift_rate': 0.0, 'target_domains': ['photo']}
Loss historical diff: 0.0; Loss Difference: 0.0, Decision: 0
Round 117 took 4.477344751358032s, results:
{'t': 116, 'current_accuracy': 0.4140625, 'current_loss': 6.270024538040161, 'train_loss': None, 'decision': 0, 'drift_rate': 0.35, 'target_domains': ['cartoon']}
Loss historical diff: 0.0; Loss Difference: 0.0, Decision: 0
Round 118 took 4.384533643722534s, results:
{'t': 117, 'current_accuracy': 0.37890625, 'current_loss': 5.576327800750732, 'train_loss': None, 'decision': 0, 'drift_rate': 0.35, 'target_domains': ['cartoon']}
Loss historical diff: 0.0; Loss Difference: 0.0, Decision: 0
Round 119 took 4.4236791133880615s, results:
{'t': 118, 'current_accuracy': 0.33984375, 'current_loss': 5.280192136764526, 'train_loss': None, 'decision': 0, 'drift_rate': 0.35, 'target_domains': ['cartoon']}
Loss historical diff: 0.0; Loss Difference: 0.0, Decision: 0
Round 120 took 4.6599040031433105s, results:
{'t': 119, 'current_accuracy': 0.33984375, 'current_loss': 5.280191421508789, 'train_loss': None, 'decision': 0, 'drift_rate': 0.0, 'target_domains': ['cartoon']}
Loss historical diff: 9.5367431640625e-07; Loss Difference: 0.0, Decision: 0
Round 121 took 4.723444938659668s, results:
{'t': 120, 'current_accuracy': 0.33984375, 'current_loss': 5.2801923751831055, 'train_loss': None, 'decision': 0, 'drift_rate': 0.0, 'target_domains': ['cartoon']}
Loss historical diff: 0.0; Loss Difference: 0.0, Decision: 0
Round 122 took 4.683598041534424s, results:
{'t': 121, 'current_accuracy': 0.33984375, 'current_loss': 5.280191421508789, 'train_loss': None, 'decision': 0, 'drift_rate': 0.0, 'target_domains': ['cartoon']}
Loss historical diff: 0.0; Loss Difference: 0.0, Decision: 0
Round 123 took 4.422672748565674s, results:
{'t': 122, 'current_accuracy': 0.33984375, 'current_loss': 5.280190706253052, 'train_loss': None, 'decision': 0, 'drift_rate': 0.0, 'target_domains': ['cartoon']}
Loss historical diff: 0.0; Loss Difference: 0.0, Decision: 0
Round 124 took 4.582797050476074s, results:
{'t': 123, 'current_accuracy': 0.33984375, 'current_loss': 5.280189752578735, 'train_loss': None, 'decision': 0, 'drift_rate': 0.0, 'target_domains': ['cartoon']}
Loss historical diff: 9.5367431640625e-07; Loss Difference: 0.0, Decision: 0
Round 125 took 4.700518369674683s, results:
{'t': 124, 'current_accuracy': 0.33984375, 'current_loss': 5.280190706253052, 'train_loss': None, 'decision': 0, 'drift_rate': 0.0, 'target_domains': ['cartoon']}
Loss historical diff: 2.384185791015625e-07; Loss Difference: 0.0, Decision: 0
Round 126 took 4.81852650642395s, results:
{'t': 125, 'current_accuracy': 0.33984375, 'current_loss': 5.2801899909973145, 'train_loss': None, 'decision': 0, 'drift_rate': 0.0, 'target_domains': ['cartoon']}
Loss historical diff: 1.1920928955078125e-06; Loss Difference: 0.0, Decision: 0
Round 127 took 4.52905797958374s, results:
{'t': 126, 'current_accuracy': 0.33984375, 'current_loss': 5.280190944671631, 'train_loss': None, 'decision': 0, 'drift_rate': 0.0, 'target_domains': ['cartoon']}
Loss historical diff: 1.430511474609375e-06; Loss Difference: 0.0, Decision: 0
Round 128 took 4.50800633430481s, results:
{'t': 127, 'current_accuracy': 0.33984375, 'current_loss': 5.28019118309021, 'train_loss': None, 'decision': 0, 'drift_rate': 0.0, 'target_domains': ['cartoon']}
Loss historical diff: 3.0994415283203125e-06; Loss Difference: 0.0, Decision: 0
Round 129 took 4.743844270706177s, results:
{'t': 128, 'current_accuracy': 0.33984375, 'current_loss': 5.280192852020264, 'train_loss': None, 'decision': 0, 'drift_rate': 0.0, 'target_domains': ['cartoon']}
Loss historical diff: 1.1920928955078125e-06; Loss Difference: 0.0, Decision: 0
Round 130 took 4.762348890304565s, results:
{'t': 129, 'current_accuracy': 0.33984375, 'current_loss': 5.280190944671631, 'train_loss': None, 'decision': 0, 'drift_rate': 0.0, 'target_domains': ['cartoon']}
Loss historical diff: 0.0; Loss Difference: 0.0, Decision: 0
Round 131 took 4.61213493347168s, results:
{'t': 130, 'current_accuracy': 0.33984375, 'current_loss': 5.280189514160156, 'train_loss': None, 'decision': 0, 'drift_rate': 0.0, 'target_domains': ['cartoon']}
Loss historical diff: 1.430511474609375e-06; Loss Difference: 0.0, Decision: 0
Round 132 took 3.948172092437744s, results:
{'t': 131, 'current_accuracy': 0.33984375, 'current_loss': 5.280190944671631, 'train_loss': None, 'decision': 0, 'drift_rate': 0.0, 'target_domains': ['cartoon']}
Loss historical diff: 2.1457672119140625e-06; Loss Difference: 0.0, Decision: 0
Round 133 took 4.509963274002075s, results:
{'t': 132, 'current_accuracy': 0.33984375, 'current_loss': 5.280191659927368, 'train_loss': None, 'decision': 0, 'drift_rate': 0.0, 'target_domains': ['cartoon']}
Loss historical diff: 1.9073486328125e-06; Loss Difference: 0.0, Decision: 0
Round 134 took 4.312432050704956s, results:
{'t': 133, 'current_accuracy': 0.33984375, 'current_loss': 5.280191421508789, 'train_loss': None, 'decision': 0, 'drift_rate': 0.0, 'target_domains': ['cartoon']}
Loss historical diff: 1.6689300537109375e-06; Loss Difference: 0.0, Decision: 0
Round 135 took 4.706873655319214s, results:
{'t': 134, 'current_accuracy': 0.33984375, 'current_loss': 5.28019118309021, 'train_loss': None, 'decision': 0, 'drift_rate': 0.0, 'target_domains': ['cartoon']}
Loss historical diff: 1.9073486328125e-06; Loss Difference: 0.0, Decision: 0
Round 136 took 4.746182680130005s, results:
{'t': 135, 'current_accuracy': 0.33984375, 'current_loss': 5.280191421508789, 'train_loss': None, 'decision': 0, 'drift_rate': 0.0, 'target_domains': ['cartoon']}
Loss historical diff: 1.6689300537109375e-06; Loss Difference: 0.0, Decision: 0
Round 137 took 4.3986334800720215s, results:
{'t': 136, 'current_accuracy': 0.33984375, 'current_loss': 5.28019118309021, 'train_loss': None, 'decision': 0, 'drift_rate': 0.0, 'target_domains': ['cartoon']}
Loss historical diff: 2.384185791015625e-06; Loss Difference: 0.0, Decision: 0
Round 138 took 4.286557674407959s, results:
{'t': 137, 'current_accuracy': 0.33984375, 'current_loss': 5.280191898345947, 'train_loss': None, 'decision': 0, 'drift_rate': 0.0, 'target_domains': ['cartoon']}
Loss historical diff: 7.152557373046875e-07; Loss Difference: 0.0, Decision: 0
Round 139 took 4.516634941101074s, results:
{'t': 138, 'current_accuracy': 0.33984375, 'current_loss': 5.2801902294158936, 'train_loss': None, 'decision': 0, 'drift_rate': 0.0, 'target_domains': ['cartoon']}
Loss historical diff: 1.9073486328125e-06; Loss Difference: 0.0, Decision: 0
Round 140 took 4.852200269699097s, results:
{'t': 139, 'current_accuracy': 0.33984375, 'current_loss': 5.280191421508789, 'train_loss': None, 'decision': 0, 'drift_rate': 0.0, 'target_domains': ['cartoon']}
Loss historical diff: 1.430511474609375e-06; Loss Difference: 0.0, Decision: 0
Round 141 took 4.832937479019165s, results:
{'t': 140, 'current_accuracy': 0.33984375, 'current_loss': 5.280190944671631, 'train_loss': None, 'decision': 0, 'drift_rate': 0.0, 'target_domains': ['cartoon']}
Loss historical diff: 3.0994415283203125e-06; Loss Difference: 0.0, Decision: 0
Round 142 took 4.5623250007629395s, results:
{'t': 141, 'current_accuracy': 0.33984375, 'current_loss': 5.280192613601685, 'train_loss': None, 'decision': 0, 'drift_rate': 0.0, 'target_domains': ['cartoon']}
Loss historical diff: 1.1920928955078125e-06; Loss Difference: 0.0, Decision: 0
Round 143 took 4.6801228523254395s, results:
{'t': 142, 'current_accuracy': 0.33984375, 'current_loss': 5.280190706253052, 'train_loss': None, 'decision': 0, 'drift_rate': 0.0, 'target_domains': ['cartoon']}
Loss historical diff: 1.6689300537109375e-06; Loss Difference: 0.0, Decision: 0
Round 144 took 4.632533311843872s, results:
{'t': 143, 'current_accuracy': 0.33984375, 'current_loss': 5.28019118309021, 'train_loss': None, 'decision': 0, 'drift_rate': 0.0, 'target_domains': ['cartoon']}
Loss historical diff: 3.0994415283203125e-06; Loss Difference: 0.0, Decision: 0
Round 145 took 4.495682716369629s, results:
{'t': 144, 'current_accuracy': 0.33984375, 'current_loss': 5.280192613601685, 'train_loss': None, 'decision': 0, 'drift_rate': 0.0, 'target_domains': ['cartoon']}
Loss historical diff: 2.384185791015625e-07; Loss Difference: 0.0, Decision: 0
Round 146 took 4.514235734939575s, results:
{'t': 145, 'current_accuracy': 0.33984375, 'current_loss': 5.280189752578735, 'train_loss': None, 'decision': 0, 'drift_rate': 0.0, 'target_domains': ['cartoon']}
Loss historical diff: 1.9073486328125e-06; Loss Difference: 0.0, Decision: 0
Round 147 took 4.372628211975098s, results:
{'t': 146, 'current_accuracy': 0.33984375, 'current_loss': 5.280191421508789, 'train_loss': None, 'decision': 0, 'drift_rate': 0.0, 'target_domains': ['cartoon']}
Loss historical diff: 9.5367431640625e-07; Loss Difference: 0.0, Decision: 0
Round 148 took 4.761709213256836s, results:
{'t': 147, 'current_accuracy': 0.33984375, 'current_loss': 5.280190467834473, 'train_loss': None, 'decision': 0, 'drift_rate': 0.0, 'target_domains': ['cartoon']}
Loss historical diff: 1.6689300537109375e-06; Loss Difference: 0.0, Decision: 0
Round 149 took 4.615393400192261s, results:
{'t': 148, 'current_accuracy': 0.33984375, 'current_loss': 5.28019118309021, 'train_loss': None, 'decision': 0, 'drift_rate': 0.0, 'target_domains': ['cartoon']}
Loss historical diff: 1.1920928955078125e-06; Loss Difference: 0.0, Decision: 0
Round 150 took 4.763213634490967s, results:
{'t': 149, 'current_accuracy': 0.33984375, 'current_loss': 5.280190706253052, 'train_loss': None, 'decision': 0, 'drift_rate': 0.0, 'target_domains': ['cartoon']}
Loss historical diff: 1.430511474609375e-06; Loss Difference: 0.0, Decision: 0
Round 151 took 4.6477370262146s, results:
{'t': 150, 'current_accuracy': 0.33984375, 'current_loss': 5.280190944671631, 'train_loss': None, 'decision': 0, 'drift_rate': 0.0, 'target_domains': ['cartoon']}
Loss historical diff: 2.1457672119140625e-06; Loss Difference: 0.0, Decision: 0
Round 152 took 4.706952810287476s, results:
{'t': 151, 'current_accuracy': 0.33984375, 'current_loss': 5.280191659927368, 'train_loss': None, 'decision': 0, 'drift_rate': 0.0, 'target_domains': ['cartoon']}
Loss historical diff: 1.1920928955078125e-06; Loss Difference: 0.0, Decision: 0
Round 153 took 4.5678019523620605s, results:
{'t': 152, 'current_accuracy': 0.33984375, 'current_loss': 5.280190706253052, 'train_loss': None, 'decision': 0, 'drift_rate': 0.0, 'target_domains': ['cartoon']}
Loss historical diff: 2.384185791015625e-07; Loss Difference: 0.0, Decision: 0
Round 154 took 4.8909032344818115s, results:
{'t': 153, 'current_accuracy': 0.33984375, 'current_loss': 5.280189752578735, 'train_loss': None, 'decision': 0, 'drift_rate': 0.0, 'target_domains': ['cartoon']}
Loss historical diff: 7.152557373046875e-07; Loss Difference: 0.0, Decision: 0
Round 155 took 4.409981966018677s, results:
{'t': 154, 'current_accuracy': 0.33984375, 'current_loss': 5.2801902294158936, 'train_loss': None, 'decision': 0, 'drift_rate': 0.0, 'target_domains': ['cartoon']}
Loss historical diff: 2.86102294921875e-06; Loss Difference: 0.0, Decision: 0
Round 156 took 4.847577095031738s, results:
{'t': 155, 'current_accuracy': 0.33984375, 'current_loss': 5.2801923751831055, 'train_loss': None, 'decision': 0, 'drift_rate': 0.0, 'target_domains': ['cartoon']}
Loss historical diff: 1.9073486328125e-06; Loss Difference: 0.0, Decision: 0
Round 157 took 4.794972658157349s, results:
{'t': 156, 'current_accuracy': 0.33984375, 'current_loss': 5.280191421508789, 'train_loss': None, 'decision': 0, 'drift_rate': 0.0, 'target_domains': ['cartoon']}
Loss historical diff: 9.5367431640625e-07; Loss Difference: 0.0, Decision: 0
Round 158 took 4.721102237701416s, results:
{'t': 157, 'current_accuracy': 0.33984375, 'current_loss': 5.280190467834473, 'train_loss': None, 'decision': 0, 'drift_rate': 0.0, 'target_domains': ['cartoon']}
Loss historical diff: 1.6689300537109375e-06; Loss Difference: 0.0, Decision: 0
Round 159 took 4.773280620574951s, results:
{'t': 158, 'current_accuracy': 0.33984375, 'current_loss': 5.28019118309021, 'train_loss': None, 'decision': 0, 'drift_rate': 0.0, 'target_domains': ['cartoon']}
Loss historical diff: 1.1920928955078125e-06; Loss Difference: 0.0, Decision: 0
Round 160 took 5.109605550765991s, results:
{'t': 159, 'current_accuracy': 0.33984375, 'current_loss': 5.280190706253052, 'train_loss': None, 'decision': 0, 'drift_rate': 0.0, 'target_domains': ['cartoon']}
Loss historical diff: 7.152557373046875e-07; Loss Difference: 0.0, Decision: 0
Round 161 took 4.925795555114746s, results:
{'t': 160, 'current_accuracy': 0.33984375, 'current_loss': 5.2801902294158936, 'train_loss': None, 'decision': 0, 'drift_rate': 0.0, 'target_domains': ['cartoon']}
Loss historical diff: 1.6689300537109375e-06; Loss Difference: 0.0, Decision: 0
Round 162 took 4.368474721908569s, results:
{'t': 161, 'current_accuracy': 0.33984375, 'current_loss': 5.28019118309021, 'train_loss': None, 'decision': 0, 'drift_rate': 0.0, 'target_domains': ['cartoon']}
Loss historical diff: 1.1920928955078125e-06; Loss Difference: 0.0, Decision: 0
Round 163 took 4.169395446777344s, results:
{'t': 162, 'current_accuracy': 0.33984375, 'current_loss': 5.280190706253052, 'train_loss': None, 'decision': 0, 'drift_rate': 0.0, 'target_domains': ['cartoon']}
Loss historical diff: 1.1920928955078125e-06; Loss Difference: 0.0, Decision: 0
Round 164 took 4.73447060585022s, results:
{'t': 163, 'current_accuracy': 0.33984375, 'current_loss': 5.280190706253052, 'train_loss': None, 'decision': 0, 'drift_rate': 0.0, 'target_domains': ['cartoon']}
Loss historical diff: 4.76837158203125e-07; Loss Difference: 0.0, Decision: 0
Round 165 took 4.310095548629761s, results:
{'t': 164, 'current_accuracy': 0.33984375, 'current_loss': 5.2801899909973145, 'train_loss': None, 'decision': 0, 'drift_rate': 0.0, 'target_domains': ['cartoon']}
Loss historical diff: 2.384185791015625e-06; Loss Difference: 0.0, Decision: 0
Round 166 took 4.669311285018921s, results:
{'t': 165, 'current_accuracy': 0.33984375, 'current_loss': 5.280191898345947, 'train_loss': None, 'decision': 0, 'drift_rate': 0.0, 'target_domains': ['cartoon']}
Loss historical diff: 1.6689300537109375e-06; Loss Difference: 0.0, Decision: 0
Round 167 took 4.845567941665649s, results:
{'t': 166, 'current_accuracy': 0.33984375, 'current_loss': 5.28019118309021, 'train_loss': None, 'decision': 0, 'drift_rate': 0.0, 'target_domains': ['cartoon']}
Loss historical diff: 1.430511474609375e-06; Loss Difference: 0.0, Decision: 0
Round 168 took 4.656780242919922s, results:
{'t': 167, 'current_accuracy': 0.33984375, 'current_loss': 5.280190944671631, 'train_loss': None, 'decision': 0, 'drift_rate': 0.0, 'target_domains': ['cartoon']}
Loss historical diff: 1.1920928955078125e-06; Loss Difference: 0.0, Decision: 0
Round 169 took 4.447908878326416s, results:
{'t': 168, 'current_accuracy': 0.33984375, 'current_loss': 5.280190706253052, 'train_loss': None, 'decision': 0, 'drift_rate': 0.0, 'target_domains': ['cartoon']}
Loss historical diff: 4.76837158203125e-07; Loss Difference: 0.0, Decision: 0
Round 170 took 3.9924895763397217s, results:
{'t': 169, 'current_accuracy': 0.33984375, 'current_loss': 5.2801899909973145, 'train_loss': None, 'decision': 0, 'drift_rate': 0.0, 'target_domains': ['cartoon']}
Loss historical diff: 4.76837158203125e-07; Loss Difference: 0.0, Decision: 0
Round 171 took 4.959198474884033s, results:
{'t': 170, 'current_accuracy': 0.33984375, 'current_loss': 5.2801899909973145, 'train_loss': None, 'decision': 0, 'drift_rate': 0.0, 'target_domains': ['cartoon']}
Loss historical diff: 1.430511474609375e-06; Loss Difference: 0.0, Decision: 0
Round 172 took 3.9759645462036133s, results:
{'t': 171, 'current_accuracy': 0.33984375, 'current_loss': 5.280190944671631, 'train_loss': None, 'decision': 0, 'drift_rate': 0.0, 'target_domains': ['cartoon']}
Loss historical diff: 2.384185791015625e-07; Loss Difference: 0.0, Decision: 0
Round 173 took 4.313284635543823s, results:
{'t': 172, 'current_accuracy': 0.33984375, 'current_loss': 5.280189752578735, 'train_loss': None, 'decision': 0, 'drift_rate': 0.0, 'target_domains': ['cartoon']}
Loss historical diff: 1.9073486328125e-06; Loss Difference: 0.0, Decision: 0
Round 174 took 4.822578430175781s, results:
{'t': 173, 'current_accuracy': 0.33984375, 'current_loss': 5.280191421508789, 'train_loss': None, 'decision': 0, 'drift_rate': 0.0, 'target_domains': ['cartoon']}
Loss historical diff: 7.152557373046875e-07; Loss Difference: 0.0, Decision: 0
Round 175 took 4.572754383087158s, results:
{'t': 174, 'current_accuracy': 0.33984375, 'current_loss': 5.2801902294158936, 'train_loss': None, 'decision': 0, 'drift_rate': 0.0, 'target_domains': ['cartoon']}
Loss historical diff: 1.6689300537109375e-06; Loss Difference: 0.0, Decision: 0
Round 176 took 4.152332544326782s, results:
{'t': 175, 'current_accuracy': 0.33984375, 'current_loss': 5.28019118309021, 'train_loss': None, 'decision': 0, 'drift_rate': 0.0, 'target_domains': ['cartoon']}
Loss historical diff: 9.5367431640625e-07; Loss Difference: 0.0, Decision: 0
Round 177 took 4.444461107254028s, results:
{'t': 176, 'current_accuracy': 0.33984375, 'current_loss': 5.280190467834473, 'train_loss': None, 'decision': 0, 'drift_rate': 0.0, 'target_domains': ['cartoon']}
Loss historical diff: 1.430511474609375e-06; Loss Difference: 0.0, Decision: 0
Round 178 took 4.413459777832031s, results:
{'t': 177, 'current_accuracy': 0.33984375, 'current_loss': 5.280190944671631, 'train_loss': None, 'decision': 0, 'drift_rate': 0.0, 'target_domains': ['cartoon']}
Loss historical diff: 9.5367431640625e-07; Loss Difference: 0.0, Decision: 0
Round 179 took 4.434711933135986s, results:
{'t': 178, 'current_accuracy': 0.33984375, 'current_loss': 5.280190467834473, 'train_loss': None, 'decision': 0, 'drift_rate': 0.0, 'target_domains': ['cartoon']}
Loss historical diff: 1.0198369026184082; Loss Difference: 0.0, Decision: 1
Average loss over 5 updates: 0.9042
Round 180 took 7.650598049163818s, results:
{'t': 179, 'current_accuracy': 0.28125, 'current_loss': 6.3000264167785645, 'train_loss': 0.9041643500328064, 'decision': 1, 'drift_rate': 0.35, 'target_domains': ['sketch']}
Loss historical diff: 0.0; Loss Difference: 0.0, Decision: 0
Round 181 took 4.500653266906738s, results:
{'t': 180, 'current_accuracy': 0.38671875, 'current_loss': 3.3967912197113037, 'train_loss': None, 'decision': 0, 'drift_rate': 0.35, 'target_domains': ['sketch']}
Loss historical diff: 0.6249464750289917; Loss Difference: 0.0, Decision: 0
Round 182 took 4.576767206192017s, results:
{'t': 181, 'current_accuracy': 0.26953125, 'current_loss': 4.021737694740295, 'train_loss': None, 'decision': 0, 'drift_rate': 0.35, 'target_domains': ['sketch']}
Loss historical diff: 0.624945878982544; Loss Difference: 0.0, Decision: 0
Round 183 took 4.404739618301392s, results:
{'t': 182, 'current_accuracy': 0.26953125, 'current_loss': 4.021737098693848, 'train_loss': None, 'decision': 0, 'drift_rate': 0.0, 'target_domains': ['sketch']}
Loss historical diff: 0.6249462366104126; Loss Difference: 0.0, Decision: 0
Round 184 took 4.416227340698242s, results:
{'t': 183, 'current_accuracy': 0.26953125, 'current_loss': 4.021737456321716, 'train_loss': None, 'decision': 0, 'drift_rate': 0.0, 'target_domains': ['sketch']}
Loss historical diff: 0.6249467134475708; Loss Difference: 0.0, Decision: 0
Round 185 took 4.097841739654541s, results:
{'t': 184, 'current_accuracy': 0.26953125, 'current_loss': 4.0217379331588745, 'train_loss': None, 'decision': 0, 'drift_rate': 0.0, 'target_domains': ['sketch']}
Loss historical diff: 0.6249464750289917; Loss Difference: 0.0, Decision: 0
Round 186 took 3.9732613563537598s, results:
{'t': 185, 'current_accuracy': 0.26953125, 'current_loss': 4.021737694740295, 'train_loss': None, 'decision': 0, 'drift_rate': 0.0, 'target_domains': ['sketch']}
Loss historical diff: 0.6249463558197021; Loss Difference: 0.0, Decision: 0
Round 187 took 4.384108543395996s, results:
{'t': 186, 'current_accuracy': 0.26953125, 'current_loss': 4.021737575531006, 'train_loss': None, 'decision': 0, 'drift_rate': 0.0, 'target_domains': ['sketch']}
Loss historical diff: 0.6249463558197021; Loss Difference: 0.0, Decision: 0
Round 188 took 4.02259373664856s, results:
{'t': 187, 'current_accuracy': 0.26953125, 'current_loss': 4.021737575531006, 'train_loss': None, 'decision': 0, 'drift_rate': 0.0, 'target_domains': ['sketch']}
Loss historical diff: 0.6249465942382812; Loss Difference: 0.0, Decision: 0
Round 189 took 4.462988615036011s, results:
{'t': 188, 'current_accuracy': 0.26953125, 'current_loss': 4.021737813949585, 'train_loss': None, 'decision': 0, 'drift_rate': 0.0, 'target_domains': ['sketch']}
Loss historical diff: 0.624946117401123; Loss Difference: 0.0, Decision: 0
Round 190 took 4.838237762451172s, results:
{'t': 189, 'current_accuracy': 0.26953125, 'current_loss': 4.021737337112427, 'train_loss': None, 'decision': 0, 'drift_rate': 0.0, 'target_domains': ['sketch']}
Loss historical diff: 0.6249465942382812; Loss Difference: 0.0, Decision: 0
Round 191 took 4.395532608032227s, results:
{'t': 190, 'current_accuracy': 0.26953125, 'current_loss': 4.021737813949585, 'train_loss': None, 'decision': 0, 'drift_rate': 0.0, 'target_domains': ['sketch']}
Loss historical diff: 0.6249467134475708; Loss Difference: 0.0, Decision: 0
Round 192 took 4.173111915588379s, results:
{'t': 191, 'current_accuracy': 0.26953125, 'current_loss': 4.0217379331588745, 'train_loss': None, 'decision': 0, 'drift_rate': 0.0, 'target_domains': ['sketch']}
Loss historical diff: 0.6249465942382812; Loss Difference: 0.0, Decision: 0
Round 193 took 4.049273490905762s, results:
{'t': 192, 'current_accuracy': 0.26953125, 'current_loss': 4.021737813949585, 'train_loss': None, 'decision': 0, 'drift_rate': 0.0, 'target_domains': ['sketch']}
Loss historical diff: 0.6249459981918335; Loss Difference: 0.0, Decision: 0
Round 194 took 4.334695100784302s, results:
{'t': 193, 'current_accuracy': 0.26953125, 'current_loss': 4.021737217903137, 'train_loss': None, 'decision': 0, 'drift_rate': 0.0, 'target_domains': ['sketch']}
Loss historical diff: 0.6249465942382812; Loss Difference: 0.0, Decision: 0
Round 195 took 4.452197074890137s, results:
{'t': 194, 'current_accuracy': 0.26953125, 'current_loss': 4.021737813949585, 'train_loss': None, 'decision': 0, 'drift_rate': 0.0, 'target_domains': ['sketch']}
Loss historical diff: 0.6249464750289917; Loss Difference: 0.0, Decision: 0
Round 196 took 4.492423057556152s, results:
{'t': 195, 'current_accuracy': 0.26953125, 'current_loss': 4.021737694740295, 'train_loss': None, 'decision': 0, 'drift_rate': 0.0, 'target_domains': ['sketch']}
Loss historical diff: 0.6249459981918335; Loss Difference: 0.0, Decision: 0
Round 197 took 4.163604021072388s, results:
{'t': 196, 'current_accuracy': 0.26953125, 'current_loss': 4.021737217903137, 'train_loss': None, 'decision': 0, 'drift_rate': 0.0, 'target_domains': ['sketch']}
Loss historical diff: 0.624945878982544; Loss Difference: 0.0, Decision: 0
Round 198 took 4.223158121109009s, results:
{'t': 197, 'current_accuracy': 0.26953125, 'current_loss': 4.021737098693848, 'train_loss': None, 'decision': 0, 'drift_rate': 0.0, 'target_domains': ['sketch']}
Loss historical diff: 0.6249465942382812; Loss Difference: 0.0, Decision: 0
Round 199 took 4.08847713470459s, results:
{'t': 198, 'current_accuracy': 0.26953125, 'current_loss': 4.021737813949585, 'train_loss': None, 'decision': 0, 'drift_rate': 0.0, 'target_domains': ['sketch']}
Loss historical diff: 0.6249464750289917; Loss Difference: 0.0, Decision: 0
Round 200 took 4.202962160110474s, results:
{'t': 199, 'current_accuracy': 0.26953125, 'current_loss': 4.021737694740295, 'train_loss': None, 'decision': 0, 'drift_rate': 0.0, 'target_domains': ['sketch']}
Loss historical diff: 0.624946117401123; Loss Difference: 0.0, Decision: 0
Round 201 took 4.0170512199401855s, results:
{'t': 200, 'current_accuracy': 0.26953125, 'current_loss': 4.021737337112427, 'train_loss': None, 'decision': 0, 'drift_rate': 0.0, 'target_domains': ['sketch']}
Loss historical diff: 0.6249468326568604; Loss Difference: 0.0, Decision: 0
Round 202 took 4.335639476776123s, results:
{'t': 201, 'current_accuracy': 0.26953125, 'current_loss': 4.021738052368164, 'train_loss': None, 'decision': 0, 'drift_rate': 0.0, 'target_domains': ['sketch']}
Loss historical diff: 0.6249462366104126; Loss Difference: 0.0, Decision: 0
Round 203 took 4.271497964859009s, results:
{'t': 202, 'current_accuracy': 0.26953125, 'current_loss': 4.021737456321716, 'train_loss': None, 'decision': 0, 'drift_rate': 0.0, 'target_domains': ['sketch']}
Loss historical diff: 0.6249465942382812; Loss Difference: 0.0, Decision: 0
Round 204 took 4.062602758407593s, results:
{'t': 203, 'current_accuracy': 0.26953125, 'current_loss': 4.021737813949585, 'train_loss': None, 'decision': 0, 'drift_rate': 0.0, 'target_domains': ['sketch']}
Loss historical diff: 0.6249463558197021; Loss Difference: 0.0, Decision: 0
Round 205 took 3.924832344055176s, results:
{'t': 204, 'current_accuracy': 0.26953125, 'current_loss': 4.021737575531006, 'train_loss': None, 'decision': 0, 'drift_rate': 0.0, 'target_domains': ['sketch']}
Loss historical diff: 0.6249463558197021; Loss Difference: 0.0, Decision: 0
Round 206 took 4.665015697479248s, results:
{'t': 205, 'current_accuracy': 0.26953125, 'current_loss': 4.021737575531006, 'train_loss': None, 'decision': 0, 'drift_rate': 0.0, 'target_domains': ['sketch']}
Loss historical diff: 0.624946117401123; Loss Difference: 0.0, Decision: 0
Round 207 took 4.341609239578247s, results:
{'t': 206, 'current_accuracy': 0.26953125, 'current_loss': 4.021737337112427, 'train_loss': None, 'decision': 0, 'drift_rate': 0.0, 'target_domains': ['sketch']}
Loss historical diff: 0.6249464750289917; Loss Difference: 0.0, Decision: 0
Round 208 took 4.254999160766602s, results:
{'t': 207, 'current_accuracy': 0.26953125, 'current_loss': 4.021737694740295, 'train_loss': None, 'decision': 0, 'drift_rate': 0.0, 'target_domains': ['sketch']}
Loss historical diff: 0.6249465942382812; Loss Difference: 0.0, Decision: 0
Round 209 took 4.1126813888549805s, results:
{'t': 208, 'current_accuracy': 0.26953125, 'current_loss': 4.021737813949585, 'train_loss': None, 'decision': 0, 'drift_rate': 0.0, 'target_domains': ['sketch']}
Loss historical diff: 0.624946117401123; Loss Difference: 0.0, Decision: 0
Round 210 took 4.150689125061035s, results:
{'t': 209, 'current_accuracy': 0.26953125, 'current_loss': 4.021737337112427, 'train_loss': None, 'decision': 0, 'drift_rate': 0.0, 'target_domains': ['sketch']}
Loss historical diff: 0.624946117401123; Loss Difference: 0.0, Decision: 0
Round 211 took 4.1841394901275635s, results:
{'t': 210, 'current_accuracy': 0.26953125, 'current_loss': 4.021737337112427, 'train_loss': None, 'decision': 0, 'drift_rate': 0.0, 'target_domains': ['sketch']}
Loss historical diff: 0.6249468326568604; Loss Difference: 0.0, Decision: 0
Round 212 took 4.132207155227661s, results:
{'t': 211, 'current_accuracy': 0.26953125, 'current_loss': 4.021738052368164, 'train_loss': None, 'decision': 0, 'drift_rate': 0.0, 'target_domains': ['sketch']}
Loss historical diff: 0.6249463558197021; Loss Difference: 0.0, Decision: 0
Round 213 took 4.123055934906006s, results:
{'t': 212, 'current_accuracy': 0.26953125, 'current_loss': 4.021737575531006, 'train_loss': None, 'decision': 0, 'drift_rate': 0.0, 'target_domains': ['sketch']}
Loss historical diff: 0.6249462366104126; Loss Difference: 0.0, Decision: 0
Round 214 took 4.418447017669678s, results:
{'t': 213, 'current_accuracy': 0.26953125, 'current_loss': 4.021737456321716, 'train_loss': None, 'decision': 0, 'drift_rate': 0.0, 'target_domains': ['sketch']}
Loss historical diff: 0.6249462366104126; Loss Difference: 0.0, Decision: 0
Round 215 took 4.244773626327515s, results:
{'t': 214, 'current_accuracy': 0.26953125, 'current_loss': 4.021737456321716, 'train_loss': None, 'decision': 0, 'drift_rate': 0.0, 'target_domains': ['sketch']}
Loss historical diff: 0.6249464750289917; Loss Difference: 0.0, Decision: 0
Round 216 took 4.175175428390503s, results:
{'t': 215, 'current_accuracy': 0.26953125, 'current_loss': 4.021737694740295, 'train_loss': None, 'decision': 0, 'drift_rate': 0.0, 'target_domains': ['sketch']}
Loss historical diff: 0.6249464750289917; Loss Difference: 0.0, Decision: 0
Round 217 took 3.901515007019043s, results:
{'t': 216, 'current_accuracy': 0.26953125, 'current_loss': 4.021737694740295, 'train_loss': None, 'decision': 0, 'drift_rate': 0.0, 'target_domains': ['sketch']}
Loss historical diff: 0.6249464750289917; Loss Difference: 0.0, Decision: 0
Round 218 took 4.278015851974487s, results:
{'t': 217, 'current_accuracy': 0.26953125, 'current_loss': 4.021737694740295, 'train_loss': None, 'decision': 0, 'drift_rate': 0.0, 'target_domains': ['sketch']}
Loss historical diff: 0.6249465942382812; Loss Difference: 0.0, Decision: 0
Round 219 took 4.656616926193237s, results:
{'t': 218, 'current_accuracy': 0.26953125, 'current_loss': 4.021737813949585, 'train_loss': None, 'decision': 0, 'drift_rate': 0.0, 'target_domains': ['sketch']}
Loss historical diff: 0.6249468326568604; Loss Difference: 0.0, Decision: 0
Round 220 took 4.21538233757019s, results:
{'t': 219, 'current_accuracy': 0.26953125, 'current_loss': 4.021738052368164, 'train_loss': None, 'decision': 0, 'drift_rate': 0.0, 'target_domains': ['sketch']}
Loss historical diff: 0.6249463558197021; Loss Difference: 0.0, Decision: 0
Round 221 took 4.202151536941528s, results:
{'t': 220, 'current_accuracy': 0.26953125, 'current_loss': 4.021737575531006, 'train_loss': None, 'decision': 0, 'drift_rate': 0.0, 'target_domains': ['sketch']}
Loss historical diff: 0.624946117401123; Loss Difference: 0.0, Decision: 0
Round 222 took 4.407723426818848s, results:
{'t': 221, 'current_accuracy': 0.26953125, 'current_loss': 4.021737337112427, 'train_loss': None, 'decision': 0, 'drift_rate': 0.0, 'target_domains': ['sketch']}
Loss historical diff: 0.6249463558197021; Loss Difference: 0.0, Decision: 0
Round 223 took 3.860618829727173s, results:
{'t': 222, 'current_accuracy': 0.26953125, 'current_loss': 4.021737575531006, 'train_loss': None, 'decision': 0, 'drift_rate': 0.0, 'target_domains': ['sketch']}
Loss historical diff: 0.6249465942382812; Loss Difference: 0.0, Decision: 0
Round 224 took 3.8739030361175537s, results:
{'t': 223, 'current_accuracy': 0.26953125, 'current_loss': 4.021737813949585, 'train_loss': None, 'decision': 0, 'drift_rate': 0.0, 'target_domains': ['sketch']}
Loss historical diff: 0.6249463558197021; Loss Difference: 0.0, Decision: 0
Round 225 took 3.9586029052734375s, results:
{'t': 224, 'current_accuracy': 0.26953125, 'current_loss': 4.021737575531006, 'train_loss': None, 'decision': 0, 'drift_rate': 0.0, 'target_domains': ['sketch']}
Loss historical diff: 0.624946117401123; Loss Difference: 0.0, Decision: 0
Round 226 took 3.7321531772613525s, results:
{'t': 225, 'current_accuracy': 0.26953125, 'current_loss': 4.021737337112427, 'train_loss': None, 'decision': 0, 'drift_rate': 0.0, 'target_domains': ['sketch']}
Loss historical diff: 0.6249457597732544; Loss Difference: 0.0, Decision: 0
Round 227 took 4.0916078090667725s, results:
{'t': 226, 'current_accuracy': 0.26953125, 'current_loss': 4.021736979484558, 'train_loss': None, 'decision': 0, 'drift_rate': 0.0, 'target_domains': ['sketch']}
Loss historical diff: 0.6249467134475708; Loss Difference: 0.0, Decision: 0
Round 228 took 3.9332573413848877s, results:
{'t': 227, 'current_accuracy': 0.26953125, 'current_loss': 4.0217379331588745, 'train_loss': None, 'decision': 0, 'drift_rate': 0.0, 'target_domains': ['sketch']}
Loss historical diff: 0.6249464750289917; Loss Difference: 0.0, Decision: 0
Round 229 took 3.885180711746216s, results:
{'t': 228, 'current_accuracy': 0.26953125, 'current_loss': 4.021737694740295, 'train_loss': None, 'decision': 0, 'drift_rate': 0.0, 'target_domains': ['sketch']}
Loss historical diff: 0.6249467134475708; Loss Difference: 0.0, Decision: 0
Round 230 took 3.861504316329956s, results:
{'t': 229, 'current_accuracy': 0.26953125, 'current_loss': 4.0217379331588745, 'train_loss': None, 'decision': 0, 'drift_rate': 0.0, 'target_domains': ['sketch']}
Loss historical diff: 0.6249464750289917; Loss Difference: 0.0, Decision: 0
Round 231 took 3.706712245941162s, results:
{'t': 230, 'current_accuracy': 0.26953125, 'current_loss': 4.021737694740295, 'train_loss': None, 'decision': 0, 'drift_rate': 0.0, 'target_domains': ['sketch']}
Loss historical diff: 0.6249464750289917; Loss Difference: 0.0, Decision: 0
Round 232 took 3.7954392433166504s, results:
{'t': 231, 'current_accuracy': 0.26953125, 'current_loss': 4.021737694740295, 'train_loss': None, 'decision': 0, 'drift_rate': 0.0, 'target_domains': ['sketch']}
Loss historical diff: 0.6249462366104126; Loss Difference: 0.0, Decision: 0
Round 233 took 3.7563228607177734s, results:
{'t': 232, 'current_accuracy': 0.26953125, 'current_loss': 4.021737456321716, 'train_loss': None, 'decision': 0, 'drift_rate': 0.0, 'target_domains': ['sketch']}
Loss historical diff: 0.6249464750289917; Loss Difference: 0.0, Decision: 0
Round 234 took 3.6507208347320557s, results:
{'t': 233, 'current_accuracy': 0.26953125, 'current_loss': 4.021737694740295, 'train_loss': None, 'decision': 0, 'drift_rate': 0.0, 'target_domains': ['sketch']}
Loss historical diff: 0.6249464750289917; Loss Difference: 0.0, Decision: 0
Round 235 took 3.796516180038452s, results:
{'t': 234, 'current_accuracy': 0.26953125, 'current_loss': 4.021737694740295, 'train_loss': None, 'decision': 0, 'drift_rate': 0.0, 'target_domains': ['sketch']}
Loss historical diff: 0.6249463558197021; Loss Difference: 0.0, Decision: 0
Round 236 took 3.6171014308929443s, results:
{'t': 235, 'current_accuracy': 0.26953125, 'current_loss': 4.021737575531006, 'train_loss': None, 'decision': 0, 'drift_rate': 0.0, 'target_domains': ['sketch']}
Loss historical diff: 0.6249459981918335; Loss Difference: 0.0, Decision: 0
Round 237 took 4.204722166061401s, results:
{'t': 236, 'current_accuracy': 0.26953125, 'current_loss': 4.021737217903137, 'train_loss': None, 'decision': 0, 'drift_rate': 0.0, 'target_domains': ['sketch']}
Loss historical diff: 0.6249462366104126; Loss Difference: 0.0, Decision: 0
Round 238 took 4.12253475189209s, results:
{'t': 237, 'current_accuracy': 0.26953125, 'current_loss': 4.021737456321716, 'train_loss': None, 'decision': 0, 'drift_rate': 0.0, 'target_domains': ['sketch']}
Loss historical diff: 0.6249462366104126; Loss Difference: 0.0, Decision: 0
Round 239 took 3.7124807834625244s, results:
{'t': 238, 'current_accuracy': 0.26953125, 'current_loss': 4.021737456321716, 'train_loss': None, 'decision': 0, 'drift_rate': 0.0, 'target_domains': ['sketch']}
Loss historical diff: 0.6249462366104126; Loss Difference: 0.0, Decision: 0
Round 240 took 3.3234333992004395s, results:
{'t': 239, 'current_accuracy': 0.26953125, 'current_loss': 4.021737456321716, 'train_loss': None, 'decision': 0, 'drift_rate': 0.0, 'target_domains': ['sketch']}
Loss historical diff: 0.6249463558197021; Loss Difference: 0.0, Decision: 0
Round 241 took 3.666407823562622s, results:
{'t': 240, 'current_accuracy': 0.26953125, 'current_loss': 4.021737575531006, 'train_loss': None, 'decision': 0, 'drift_rate': 0.0, 'target_domains': ['sketch']}
Loss historical diff: 0.6249463558197021; Loss Difference: 0.0, Decision: 0
Round 242 took 3.5712850093841553s, results:
{'t': 241, 'current_accuracy': 0.26953125, 'current_loss': 4.021737575531006, 'train_loss': None, 'decision': 0, 'drift_rate': 0.0, 'target_domains': ['sketch']}
Loss historical diff: 0.624946117401123; Loss Difference: 0.0, Decision: 0
Round 243 took 3.5685880184173584s, results:
{'t': 242, 'current_accuracy': 0.26953125, 'current_loss': 4.021737337112427, 'train_loss': None, 'decision': 0, 'drift_rate': 0.0, 'target_domains': ['sketch']}
Loss historical diff: 0.6249465942382812; Loss Difference: 0.0, Decision: 0
Round 244 took 3.4788548946380615s, results:
{'t': 243, 'current_accuracy': 0.26953125, 'current_loss': 4.021737813949585, 'train_loss': None, 'decision': 0, 'drift_rate': 0.0, 'target_domains': ['sketch']}
Loss historical diff: 0.6249468326568604; Loss Difference: 0.0, Decision: 0
Round 245 took 3.5844645500183105s, results:
{'t': 244, 'current_accuracy': 0.26953125, 'current_loss': 4.021738052368164, 'train_loss': None, 'decision': 0, 'drift_rate': 0.0, 'target_domains': ['sketch']}
Loss historical diff: 0.6249464750289917; Loss Difference: 0.0, Decision: 0
Round 246 took 3.621579885482788s, results:
{'t': 245, 'current_accuracy': 0.26953125, 'current_loss': 4.021737694740295, 'train_loss': None, 'decision': 0, 'drift_rate': 0.0, 'target_domains': ['sketch']}
Loss historical diff: 0.6249467134475708; Loss Difference: 0.0, Decision: 0
Round 247 took 3.352597236633301s, results:
{'t': 246, 'current_accuracy': 0.26953125, 'current_loss': 4.0217379331588745, 'train_loss': None, 'decision': 0, 'drift_rate': 0.0, 'target_domains': ['sketch']}
Loss historical diff: 0.6249463558197021; Loss Difference: 0.0, Decision: 0
Round 248 took 3.358858108520508s, results:
{'t': 247, 'current_accuracy': 0.26953125, 'current_loss': 4.021737575531006, 'train_loss': None, 'decision': 0, 'drift_rate': 0.0, 'target_domains': ['sketch']}
Loss historical diff: 0.6249462366104126; Loss Difference: 0.0, Decision: 0
Round 249 took 3.3108363151550293s, results:
{'t': 248, 'current_accuracy': 0.26953125, 'current_loss': 4.021737456321716, 'train_loss': None, 'decision': 0, 'drift_rate': 0.0, 'target_domains': ['sketch']}
Loss historical diff: 0.6249463558197021; Loss Difference: 0.0, Decision: 0
Round 250 took 3.386993885040283s, results:
{'t': 249, 'current_accuracy': 0.26953125, 'current_loss': 4.021737575531006, 'train_loss': None, 'decision': 0, 'drift_rate': 0.0, 'target_domains': ['sketch']}
Average time per round: 4.402644751548767
Total time: 1100.6611878871918
