Using the latest cached version of the dataset since flwrlabs/pacs couldn't be found on the Hugging Face Hub
Found the latest cached dataset configuration 'default' at /home/apiasecz/.cache/huggingface/datasets/flwrlabs___pacs/default/0.0.0/394113073258ead631f617d2e13bb377c0715c4b (last modified on Wed Jan 29 16:59:35 2025).
Using the latest cached version of the dataset since flwrlabs/pacs couldn't be found on the Hugging Face Hub
Found the latest cached dataset configuration 'default' at /home/apiasecz/.cache/huggingface/datasets/flwrlabs___pacs/default/0.0.0/394113073258ead631f617d2e13bb377c0715c4b (last modified on Wed Jan 29 16:59:35 2025).
Device: cuda
CUDA Version: 12.1
cuDNN Version: 8902
PyTorch Version: 2.3.0

Model used: PACSCNN_4
Initial dataset creation
Initial dataset creation
Initial loss: 0.125986710190773
<__main__.Policy object at 0x1455e80dca10>
0.125986710190773
Loss historical diff: 0.09316085651516914; Loss Difference: 0.0, Decision: 0
Round 1 took 0.3988008499145508s, results:
{'t': 0, 'current_accuracy': 0.9296875, 'current_loss': 0.21914756670594215, 'train_loss': None, 'decision': 0, 'drift_rate': 0.0, 'target_domains': ['photo']}
Loss historical diff: 0.09316171705722809; Loss Difference: 0.0, Decision: 0
Round 2 took 0.38710641860961914s, results:
{'t': 1, 'current_accuracy': 0.9296875, 'current_loss': 0.2191484272480011, 'train_loss': None, 'decision': 0, 'drift_rate': 0.0, 'target_domains': ['photo']}
Loss historical diff: 0.0931616723537445; Loss Difference: 0.0, Decision: 0
Round 3 took 0.38599324226379395s, results:
{'t': 2, 'current_accuracy': 0.9296875, 'current_loss': 0.21914838254451752, 'train_loss': None, 'decision': 0, 'drift_rate': 0.0, 'target_domains': ['photo']}
Loss historical diff: 0.0931616798043251; Loss Difference: 0.0, Decision: 0
Round 4 took 0.3895082473754883s, results:
{'t': 3, 'current_accuracy': 0.9296875, 'current_loss': 0.21914838999509811, 'train_loss': None, 'decision': 0, 'drift_rate': 0.0, 'target_domains': ['photo']}
Loss historical diff: 0.0931616947054863; Loss Difference: 0.0, Decision: 0
Round 5 took 0.3859379291534424s, results:
{'t': 4, 'current_accuracy': 0.9296875, 'current_loss': 0.2191484048962593, 'train_loss': None, 'decision': 0, 'drift_rate': 0.0, 'target_domains': ['photo']}
Loss historical diff: 0.0931617021560669; Loss Difference: 0.0, Decision: 0
Round 6 took 0.3864438533782959s, results:
{'t': 5, 'current_accuracy': 0.9296875, 'current_loss': 0.2191484123468399, 'train_loss': None, 'decision': 0, 'drift_rate': 0.0, 'target_domains': ['photo']}
Loss historical diff: 0.0931616947054863; Loss Difference: 0.0, Decision: 0
Round 7 took 0.38621973991394043s, results:
{'t': 6, 'current_accuracy': 0.9296875, 'current_loss': 0.2191484048962593, 'train_loss': None, 'decision': 0, 'drift_rate': 0.0, 'target_domains': ['photo']}
Loss historical diff: 0.0931616947054863; Loss Difference: 0.0, Decision: 0
Round 8 took 0.38532328605651855s, results:
{'t': 7, 'current_accuracy': 0.9296875, 'current_loss': 0.2191484048962593, 'train_loss': None, 'decision': 0, 'drift_rate': 0.0, 'target_domains': ['photo']}
Loss historical diff: 0.09316166490316391; Loss Difference: 0.0, Decision: 0
Round 9 took 0.3894941806793213s, results:
{'t': 8, 'current_accuracy': 0.9296875, 'current_loss': 0.21914837509393692, 'train_loss': None, 'decision': 0, 'drift_rate': 0.0, 'target_domains': ['photo']}
Loss historical diff: 0.0931616872549057; Loss Difference: 0.0, Decision: 0
Round 10 took 0.38535308837890625s, results:
{'t': 9, 'current_accuracy': 0.9296875, 'current_loss': 0.2191483974456787, 'train_loss': None, 'decision': 0, 'drift_rate': 0.0, 'target_domains': ['photo']}
Loss historical diff: 0.0931616798043251; Loss Difference: 0.0, Decision: 0
Round 11 took 0.38484859466552734s, results:
{'t': 10, 'current_accuracy': 0.9296875, 'current_loss': 0.21914838999509811, 'train_loss': None, 'decision': 0, 'drift_rate': 0.0, 'target_domains': ['photo']}
Loss historical diff: 0.0931616872549057; Loss Difference: 0.0, Decision: 0
Round 12 took 0.3847687244415283s, results:
{'t': 11, 'current_accuracy': 0.9296875, 'current_loss': 0.2191483974456787, 'train_loss': None, 'decision': 0, 'drift_rate': 0.0, 'target_domains': ['photo']}
Loss historical diff: 0.0931616723537445; Loss Difference: 0.0, Decision: 0
Round 13 took 0.38435935974121094s, results:
{'t': 12, 'current_accuracy': 0.9296875, 'current_loss': 0.21914838254451752, 'train_loss': None, 'decision': 0, 'drift_rate': 0.0, 'target_domains': ['photo']}
Loss historical diff: 0.0931616798043251; Loss Difference: 0.0, Decision: 0
Round 14 took 0.38637232780456543s, results:
{'t': 13, 'current_accuracy': 0.9296875, 'current_loss': 0.21914838999509811, 'train_loss': None, 'decision': 0, 'drift_rate': 0.0, 'target_domains': ['photo']}
Loss historical diff: 0.0931616798043251; Loss Difference: 0.0, Decision: 1
Average loss over 5 updates: 0.1916
Round 15 took 1.3171002864837646s, results:
{'t': 14, 'current_accuracy': 0.9296875, 'current_loss': 0.21914838999509811, 'train_loss': 0.19160153567790986, 'decision': 1, 'drift_rate': 0.0, 'target_domains': ['photo']}
Loss historical diff: 0.16775040328502655; Loss Difference: 0.0, Decision: 0
Round 16 took 0.38929104804992676s, results:
{'t': 15, 'current_accuracy': 0.94140625, 'current_loss': 0.29373711347579956, 'train_loss': None, 'decision': 0, 'drift_rate': 0.0, 'target_domains': ['photo']}
Loss historical diff: 0.16775041818618774; Loss Difference: 0.0, Decision: 0
Round 17 took 0.38684797286987305s, results:
{'t': 16, 'current_accuracy': 0.94140625, 'current_loss': 0.29373712837696075, 'train_loss': None, 'decision': 0, 'drift_rate': 0.0, 'target_domains': ['photo']}
Loss historical diff: 0.16775162518024445; Loss Difference: 0.0, Decision: 0
Round 18 took 0.3865196704864502s, results:
{'t': 17, 'current_accuracy': 0.94140625, 'current_loss': 0.29373833537101746, 'train_loss': None, 'decision': 0, 'drift_rate': 0.0, 'target_domains': ['photo']}
Loss historical diff: 0.16775046288967133; Loss Difference: 0.0, Decision: 0
Round 19 took 0.385845422744751s, results:
{'t': 18, 'current_accuracy': 0.94140625, 'current_loss': 0.29373717308044434, 'train_loss': None, 'decision': 0, 'drift_rate': 0.0, 'target_domains': ['photo']}
Loss historical diff: 0.16775044053792953; Loss Difference: 0.0, Decision: 0
Round 20 took 0.38596010208129883s, results:
{'t': 19, 'current_accuracy': 0.94140625, 'current_loss': 0.29373715072870255, 'train_loss': None, 'decision': 0, 'drift_rate': 0.0, 'target_domains': ['photo']}
Loss historical diff: 0.16775047034025192; Loss Difference: 0.0, Decision: 1
Average loss over 5 updates: 0.1260
Round 21 took 1.239201545715332s, results:
{'t': 20, 'current_accuracy': 0.94140625, 'current_loss': 0.29373718053102493, 'train_loss': 0.12604867964982985, 'decision': 1, 'drift_rate': 0.0, 'target_domains': ['photo']}
Loss historical diff: 0.012785937637090683; Loss Difference: 0.0, Decision: 0
Round 22 took 0.38597679138183594s, results:
{'t': 21, 'current_accuracy': 0.96484375, 'current_loss': 0.1387726478278637, 'train_loss': None, 'decision': 0, 'drift_rate': 0.0, 'target_domains': ['photo']}
Loss historical diff: 0.012785974889993668; Loss Difference: 0.0, Decision: 0
Round 23 took 0.38663411140441895s, results:
{'t': 22, 'current_accuracy': 0.96484375, 'current_loss': 0.13877268508076668, 'train_loss': None, 'decision': 0, 'drift_rate': 0.0, 'target_domains': ['photo']}
Loss historical diff: 0.012785963714122772; Loss Difference: 0.0, Decision: 0
Round 24 took 0.4089181423187256s, results:
{'t': 23, 'current_accuracy': 0.96484375, 'current_loss': 0.13877267390489578, 'train_loss': None, 'decision': 0, 'drift_rate': 0.0, 'target_domains': ['photo']}
Loss historical diff: 0.012785941362380981; Loss Difference: 0.0, Decision: 0
Round 25 took 0.38481831550598145s, results:
{'t': 24, 'current_accuracy': 0.96484375, 'current_loss': 0.138772651553154, 'train_loss': None, 'decision': 0, 'drift_rate': 0.0, 'target_domains': ['photo']}
Loss historical diff: 0.012785948812961578; Loss Difference: 0.0, Decision: 0
Round 26 took 0.3848593235015869s, results:
{'t': 25, 'current_accuracy': 0.96484375, 'current_loss': 0.1387726590037346, 'train_loss': None, 'decision': 0, 'drift_rate': 0.0, 'target_domains': ['photo']}
Loss historical diff: 0.012785930186510086; Loss Difference: 0.0, Decision: 0
Round 27 took 0.38464856147766113s, results:
{'t': 26, 'current_accuracy': 0.96484375, 'current_loss': 0.1387726403772831, 'train_loss': None, 'decision': 0, 'drift_rate': 0.0, 'target_domains': ['photo']}
Loss historical diff: 0.012785941362380981; Loss Difference: 0.0, Decision: 0
Round 28 took 0.38488245010375977s, results:
{'t': 27, 'current_accuracy': 0.96484375, 'current_loss': 0.138772651553154, 'train_loss': None, 'decision': 0, 'drift_rate': 0.0, 'target_domains': ['photo']}
Loss historical diff: 0.012785950675606728; Loss Difference: 0.0, Decision: 0
Round 29 took 0.38761425018310547s, results:
{'t': 28, 'current_accuracy': 0.96484375, 'current_loss': 0.13877266086637974, 'train_loss': None, 'decision': 0, 'drift_rate': 0.0, 'target_domains': ['photo']}
Loss historical diff: 0.012786027044057846; Loss Difference: 0.0, Decision: 0
Round 30 took 0.3870234489440918s, results:
{'t': 29, 'current_accuracy': 0.96484375, 'current_loss': 0.13877273723483086, 'train_loss': None, 'decision': 0, 'drift_rate': 0.0, 'target_domains': ['photo']}
Loss historical diff: 0.012785963714122772; Loss Difference: 0.0, Decision: 0
Round 31 took 0.3858191967010498s, results:
{'t': 30, 'current_accuracy': 0.96484375, 'current_loss': 0.13877267390489578, 'train_loss': None, 'decision': 0, 'drift_rate': 0.0, 'target_domains': ['photo']}
Loss historical diff: 0.012785948812961578; Loss Difference: 0.0, Decision: 0
Round 32 took 0.3860588073730469s, results:
{'t': 31, 'current_accuracy': 0.96484375, 'current_loss': 0.1387726590037346, 'train_loss': None, 'decision': 0, 'drift_rate': 0.0, 'target_domains': ['photo']}
Loss historical diff: 0.012785948812961578; Loss Difference: 0.0, Decision: 0
Round 33 took 0.38559484481811523s, results:
{'t': 32, 'current_accuracy': 0.96484375, 'current_loss': 0.1387726590037346, 'train_loss': None, 'decision': 0, 'drift_rate': 0.0, 'target_domains': ['photo']}
Loss historical diff: 0.012785933911800385; Loss Difference: 0.0, Decision: 1
Average loss over 5 updates: 0.0849
Round 34 took 1.2366321086883545s, results:
{'t': 33, 'current_accuracy': 0.96484375, 'current_loss': 0.1387726441025734, 'train_loss': 0.08494245260953903, 'decision': 1, 'drift_rate': 0.0, 'target_domains': ['photo']}
Loss historical diff: 0.4454561024904251; Loss Difference: 0.0, Decision: 0
Round 35 took 0.3845968246459961s, results:
{'t': 34, 'current_accuracy': 0.8359375, 'current_loss': 0.5714428126811981, 'train_loss': None, 'decision': 0, 'drift_rate': 0.0, 'target_domains': ['photo']}
Loss historical diff: 0.4454563707113266; Loss Difference: 0.0, Decision: 0
Round 36 took 0.38370180130004883s, results:
{'t': 35, 'current_accuracy': 0.8359375, 'current_loss': 0.5714430809020996, 'train_loss': None, 'decision': 0, 'drift_rate': 0.0, 'target_domains': ['photo']}
Loss historical diff: 0.4454560726881027; Loss Difference: 0.0, Decision: 0
Round 37 took 0.38738560676574707s, results:
{'t': 36, 'current_accuracy': 0.8359375, 'current_loss': 0.5714427828788757, 'train_loss': None, 'decision': 0, 'drift_rate': 0.0, 'target_domains': ['photo']}
Loss historical diff: 0.4454561918973923; Loss Difference: 0.0, Decision: 0
Round 38 took 0.3845362663269043s, results:
{'t': 37, 'current_accuracy': 0.8359375, 'current_loss': 0.5714429020881653, 'train_loss': None, 'decision': 0, 'drift_rate': 0.0, 'target_domains': ['photo']}
Loss historical diff: 0.44545605778694153; Loss Difference: 0.0, Decision: 0
Round 39 took 0.3846323490142822s, results:
{'t': 38, 'current_accuracy': 0.8359375, 'current_loss': 0.5714427679777145, 'train_loss': None, 'decision': 0, 'drift_rate': 0.0, 'target_domains': ['photo']}
Loss historical diff: 0.4454561620950699; Loss Difference: 0.0, Decision: 0
Round 40 took 0.38427734375s, results:
{'t': 39, 'current_accuracy': 0.8359375, 'current_loss': 0.5714428722858429, 'train_loss': None, 'decision': 0, 'drift_rate': 0.0, 'target_domains': ['photo']}
Loss historical diff: 0.4454561918973923; Loss Difference: 0.0, Decision: 0
Round 41 took 0.3839094638824463s, results:
{'t': 40, 'current_accuracy': 0.8359375, 'current_loss': 0.5714429020881653, 'train_loss': None, 'decision': 0, 'drift_rate': 0.0, 'target_domains': ['photo']}
Loss historical diff: 0.4454558789730072; Loss Difference: 0.0, Decision: 0
Round 42 took 0.38399600982666016s, results:
{'t': 41, 'current_accuracy': 0.8359375, 'current_loss': 0.5714425891637802, 'train_loss': None, 'decision': 0, 'drift_rate': 0.0, 'target_domains': ['photo']}
Loss historical diff: 0.4454561024904251; Loss Difference: 0.0, Decision: 1
Average loss over 5 updates: 0.0633
Round 43 took 1.2344565391540527s, results:
{'t': 42, 'current_accuracy': 0.8359375, 'current_loss': 0.5714428126811981, 'train_loss': 0.06330090574920177, 'decision': 1, 'drift_rate': 0.0, 'target_domains': ['photo']}
Loss historical diff: 0.002292253077030182; Loss Difference: 0.0, Decision: 0
Round 44 took 0.38509488105773926s, results:
{'t': 43, 'current_accuracy': 0.9609375, 'current_loss': 0.1282789632678032, 'train_loss': None, 'decision': 0, 'drift_rate': 0.0, 'target_domains': ['photo']}
Loss historical diff: 0.002292390912771225; Loss Difference: 0.0, Decision: 0
Round 45 took 0.38411808013916016s, results:
{'t': 44, 'current_accuracy': 0.9609375, 'current_loss': 0.12827910110354424, 'train_loss': None, 'decision': 0, 'drift_rate': 0.0, 'target_domains': ['photo']}
Loss historical diff: 0.002292238175868988; Loss Difference: 0.0, Decision: 0
Round 46 took 0.3865799903869629s, results:
{'t': 45, 'current_accuracy': 0.9609375, 'current_loss': 0.128278948366642, 'train_loss': None, 'decision': 0, 'drift_rate': 0.0, 'target_domains': ['photo']}
Loss historical diff: 0.0022922102361917496; Loss Difference: 0.0, Decision: 0
Round 47 took 0.38272976875305176s, results:
{'t': 46, 'current_accuracy': 0.9609375, 'current_loss': 0.12827892042696476, 'train_loss': None, 'decision': 0, 'drift_rate': 0.0, 'target_domains': ['photo']}
Loss historical diff: 0.002292238175868988; Loss Difference: 0.0, Decision: 0
Round 48 took 0.3829984664916992s, results:
{'t': 47, 'current_accuracy': 0.9609375, 'current_loss': 0.128278948366642, 'train_loss': None, 'decision': 0, 'drift_rate': 0.0, 'target_domains': ['photo']}
Loss historical diff: 0.002292271703481674; Loss Difference: 0.0, Decision: 0
Round 49 took 0.38425755500793457s, results:
{'t': 48, 'current_accuracy': 0.9609375, 'current_loss': 0.12827898189425468, 'train_loss': None, 'decision': 0, 'drift_rate': 0.0, 'target_domains': ['photo']}
Loss historical diff: 0.0022922419011592865; Loss Difference: 0.0, Decision: 0
Round 50 took 0.38407468795776367s, results:
{'t': 49, 'current_accuracy': 0.9609375, 'current_loss': 0.1282789520919323, 'train_loss': None, 'decision': 0, 'drift_rate': 0.49894308803157716, 'target_domains': ['photo']}
Loss historical diff: 0.002292245626449585; Loss Difference: 0.0, Decision: 0
Round 51 took 0.3834829330444336s, results:
{'t': 50, 'current_accuracy': 0.9609375, 'current_loss': 0.1282789558172226, 'train_loss': None, 'decision': 0, 'drift_rate': 0.5451827643455464, 'target_domains': ['photo']}
Loss historical diff: 0.0022922493517398834; Loss Difference: 0.0, Decision: 0
Round 52 took 0.3861734867095947s, results:
{'t': 51, 'current_accuracy': 0.9609375, 'current_loss': 0.1282789595425129, 'train_loss': None, 'decision': 0, 'drift_rate': 0.34941164315784323, 'target_domains': ['photo']}
Loss historical diff: 0.0022922419011592865; Loss Difference: 0.0, Decision: 0
Round 53 took 0.3839247226715088s, results:
{'t': 52, 'current_accuracy': 0.9609375, 'current_loss': 0.1282789520919323, 'train_loss': None, 'decision': 0, 'drift_rate': 0.3566939146389854, 'target_domains': ['photo']}
Loss historical diff: 0.0022922269999980927; Loss Difference: 0.0, Decision: 0
Round 54 took 0.38471007347106934s, results:
{'t': 53, 'current_accuracy': 0.9609375, 'current_loss': 0.1282789371907711, 'train_loss': None, 'decision': 0, 'drift_rate': 0.3770350115309801, 'target_domains': ['photo']}
Loss historical diff: 0.002292156219482422; Loss Difference: 0.0, Decision: 0
Round 55 took 0.3838174343109131s, results:
{'t': 54, 'current_accuracy': 0.9609375, 'current_loss': 0.12827886641025543, 'train_loss': None, 'decision': 0, 'drift_rate': 0.0, 'target_domains': ['photo']}
Loss historical diff: 0.002292271703481674; Loss Difference: 0.0, Decision: 0
Round 56 took 0.3839113712310791s, results:
{'t': 55, 'current_accuracy': 0.9609375, 'current_loss': 0.12827898189425468, 'train_loss': None, 'decision': 0, 'drift_rate': 0.0, 'target_domains': ['photo']}
Loss historical diff: 0.002292238175868988; Loss Difference: 0.0, Decision: 0
Round 57 took 0.385206937789917s, results:
{'t': 56, 'current_accuracy': 0.9609375, 'current_loss': 0.128278948366642, 'train_loss': None, 'decision': 0, 'drift_rate': 0.0, 'target_domains': ['photo']}
Loss historical diff: 0.002292245626449585; Loss Difference: 0.0, Decision: 1
Average loss over 5 updates: 0.0494
Round 58 took 1.2421753406524658s, results:
{'t': 57, 'current_accuracy': 0.9609375, 'current_loss': 0.1282789558172226, 'train_loss': 0.04937966875731945, 'decision': 1, 'drift_rate': 0.0, 'target_domains': ['photo']}
Loss historical diff: 0.0; Loss Difference: 0.0, Decision: 0
Round 59 took 0.3913707733154297s, results:
{'t': 58, 'current_accuracy': 0.984375, 'current_loss': 0.09195499494671822, 'train_loss': None, 'decision': 0, 'drift_rate': 0.0, 'target_domains': ['photo']}
Loss historical diff: 2.4726614356040955e-07; Loss Difference: 0.0, Decision: 0
Round 60 took 0.38379883766174316s, results:
{'t': 59, 'current_accuracy': 0.984375, 'current_loss': 0.09195524221286178, 'train_loss': None, 'decision': 0, 'drift_rate': 0.0, 'target_domains': ['photo']}
Loss historical diff: 2.60770320892334e-07; Loss Difference: 0.0, Decision: 0
Round 61 took 0.38367247581481934s, results:
{'t': 60, 'current_accuracy': 0.984375, 'current_loss': 0.09195525571703911, 'train_loss': None, 'decision': 0, 'drift_rate': 0.0, 'target_domains': ['photo']}
Loss historical diff: 2.5331974029541016e-07; Loss Difference: 0.0, Decision: 0
Round 62 took 0.3840913772583008s, results:
{'t': 61, 'current_accuracy': 0.984375, 'current_loss': 0.09195524826645851, 'train_loss': None, 'decision': 0, 'drift_rate': 0.0, 'target_domains': ['photo']}
Loss historical diff: 2.4586915969848633e-07; Loss Difference: 0.0, Decision: 0
Round 63 took 0.38692331314086914s, results:
{'t': 62, 'current_accuracy': 0.984375, 'current_loss': 0.09195524081587791, 'train_loss': None, 'decision': 0, 'drift_rate': 0.0, 'target_domains': ['photo']}
Loss historical diff: 2.5704503059387207e-07; Loss Difference: 0.0, Decision: 0
Round 64 took 0.3836243152618408s, results:
{'t': 63, 'current_accuracy': 0.984375, 'current_loss': 0.09195525199174881, 'train_loss': None, 'decision': 0, 'drift_rate': 0.0, 'target_domains': ['photo']}
Loss historical diff: 2.3096799850463867e-07; Loss Difference: 0.0, Decision: 0
Round 65 took 0.38376450538635254s, results:
{'t': 64, 'current_accuracy': 0.984375, 'current_loss': 0.09195522591471672, 'train_loss': None, 'decision': 0, 'drift_rate': 0.0, 'target_domains': ['photo']}
Loss historical diff: 2.5704503059387207e-07; Loss Difference: 0.0, Decision: 0
Round 66 took 0.3838768005371094s, results:
{'t': 65, 'current_accuracy': 0.984375, 'current_loss': 0.09195525199174881, 'train_loss': None, 'decision': 0, 'drift_rate': 0.0, 'target_domains': ['photo']}
Loss historical diff: 2.7008354663848877e-07; Loss Difference: 0.0, Decision: 0
Round 67 took 0.38392210006713867s, results:
{'t': 66, 'current_accuracy': 0.984375, 'current_loss': 0.09195526503026485, 'train_loss': None, 'decision': 0, 'drift_rate': 0.0, 'target_domains': ['photo']}
Loss historical diff: 1.341104507446289e-07; Loss Difference: 0.0, Decision: 0
Round 68 took 0.3835177421569824s, results:
{'t': 67, 'current_accuracy': 0.984375, 'current_loss': 0.09195512905716896, 'train_loss': None, 'decision': 0, 'drift_rate': 0.0, 'target_domains': ['photo']}
Loss historical diff: 2.5331974029541016e-07; Loss Difference: 0.0, Decision: 0
Round 69 took 0.3842935562133789s, results:
{'t': 68, 'current_accuracy': 0.984375, 'current_loss': 0.09195524826645851, 'train_loss': None, 'decision': 0, 'drift_rate': 0.0, 'target_domains': ['photo']}
Loss historical diff: 2.812594175338745e-07; Loss Difference: 0.0, Decision: 0
Round 70 took 0.38440585136413574s, results:
{'t': 69, 'current_accuracy': 0.984375, 'current_loss': 0.09195527620613575, 'train_loss': None, 'decision': 0, 'drift_rate': 0.0, 'target_domains': ['photo']}
Loss historical diff: 2.4400651454925537e-07; Loss Difference: 0.0, Decision: 0
Round 71 took 0.3844025135040283s, results:
{'t': 70, 'current_accuracy': 0.984375, 'current_loss': 0.09195523895323277, 'train_loss': None, 'decision': 0, 'drift_rate': 0.0, 'target_domains': ['photo']}
Loss historical diff: 2.3469328880310059e-07; Loss Difference: 0.0, Decision: 0
Round 72 took 0.38408541679382324s, results:
{'t': 71, 'current_accuracy': 0.984375, 'current_loss': 0.09195522964000702, 'train_loss': None, 'decision': 0, 'drift_rate': 0.0, 'target_domains': ['photo']}
Loss historical diff: 2.4959444999694824e-07; Loss Difference: 0.0, Decision: 0
Round 73 took 0.3844265937805176s, results:
{'t': 72, 'current_accuracy': 0.984375, 'current_loss': 0.09195524454116821, 'train_loss': None, 'decision': 0, 'drift_rate': 0.0, 'target_domains': ['photo']}
Loss historical diff: 2.5425106287002563e-07; Loss Difference: 0.0, Decision: 0
Round 74 took 0.38415026664733887s, results:
{'t': 73, 'current_accuracy': 0.984375, 'current_loss': 0.09195524919778109, 'train_loss': None, 'decision': 0, 'drift_rate': 0.0, 'target_domains': ['photo']}
Loss historical diff: 2.384185791015625e-07; Loss Difference: 0.0, Decision: 0
Round 75 took 0.3836328983306885s, results:
{'t': 74, 'current_accuracy': 0.984375, 'current_loss': 0.09195523336529732, 'train_loss': None, 'decision': 0, 'drift_rate': 0.0, 'target_domains': ['photo']}
Loss historical diff: 3.2223761081695557e-07; Loss Difference: 0.0, Decision: 0
Round 76 took 0.38738179206848145s, results:
{'t': 75, 'current_accuracy': 0.984375, 'current_loss': 0.09195531718432903, 'train_loss': None, 'decision': 0, 'drift_rate': 0.0, 'target_domains': ['photo']}
Loss historical diff: 0.0; Loss Difference: 0.0, Decision: 0
Round 77 took 0.3839151859283447s, results:
{'t': 76, 'current_accuracy': 0.984375, 'current_loss': 0.09195498749613762, 'train_loss': None, 'decision': 0, 'drift_rate': 0.0, 'target_domains': ['photo']}
Loss historical diff: 2.5331974029541016e-07; Loss Difference: 0.0, Decision: 0
Round 78 took 0.3834977149963379s, results:
{'t': 77, 'current_accuracy': 0.984375, 'current_loss': 0.09195524081587791, 'train_loss': None, 'decision': 0, 'drift_rate': 0.0, 'target_domains': ['photo']}
Loss historical diff: 2.5704503059387207e-07; Loss Difference: 0.0, Decision: 0
Round 79 took 0.3840017318725586s, results:
{'t': 78, 'current_accuracy': 0.984375, 'current_loss': 0.09195524454116821, 'train_loss': None, 'decision': 0, 'drift_rate': 0.0, 'target_domains': ['photo']}
Loss historical diff: 2.5890767574310303e-07; Loss Difference: 0.0, Decision: 0
Round 80 took 0.3838388919830322s, results:
{'t': 79, 'current_accuracy': 0.984375, 'current_loss': 0.09195524640381336, 'train_loss': None, 'decision': 0, 'drift_rate': 0.0, 'target_domains': ['photo']}
Loss historical diff: 2.4586915969848633e-07; Loss Difference: 0.0, Decision: 0
Round 81 took 0.38412928581237793s, results:
{'t': 80, 'current_accuracy': 0.984375, 'current_loss': 0.09195523336529732, 'train_loss': None, 'decision': 0, 'drift_rate': 0.0, 'target_domains': ['photo']}
Loss historical diff: 4.5821070671081543e-07; Loss Difference: 0.0, Decision: 1
Average loss over 5 updates: 0.0263
Round 82 took 1.2510685920715332s, results:
{'t': 81, 'current_accuracy': 0.984375, 'current_loss': 0.09195544570684433, 'train_loss': 0.02630422282963991, 'decision': 1, 'drift_rate': 0.0, 'target_domains': ['photo']}
Loss historical diff: 0.0035290010273456573; Loss Difference: 0.0, Decision: 0
Round 83 took 0.3846156597137451s, results:
{'t': 82, 'current_accuracy': 0.98046875, 'current_loss': 0.09548398852348328, 'train_loss': None, 'decision': 0, 'drift_rate': 0.0, 'target_domains': ['photo']}
Loss historical diff: 0.003529018722474575; Loss Difference: 0.0, Decision: 0
Round 84 took 0.38381290435791016s, results:
{'t': 83, 'current_accuracy': 0.98046875, 'current_loss': 0.0954840062186122, 'train_loss': None, 'decision': 0, 'drift_rate': 0.0, 'target_domains': ['photo']}
Loss historical diff: 0.003529006615281105; Loss Difference: 0.0, Decision: 0
Round 85 took 0.38368940353393555s, results:
{'t': 84, 'current_accuracy': 0.98046875, 'current_loss': 0.09548399411141872, 'train_loss': None, 'decision': 0, 'drift_rate': 0.0, 'target_domains': ['photo']}
Loss historical diff: 0.0035290010273456573; Loss Difference: 0.0, Decision: 0
Round 86 took 0.3866097927093506s, results:
{'t': 85, 'current_accuracy': 0.98046875, 'current_loss': 0.09548398852348328, 'train_loss': None, 'decision': 0, 'drift_rate': 0.0, 'target_domains': ['photo']}
Loss historical diff: 0.0035290084779262543; Loss Difference: 0.0, Decision: 0
Round 87 took 0.38356566429138184s, results:
{'t': 86, 'current_accuracy': 0.98046875, 'current_loss': 0.09548399597406387, 'train_loss': None, 'decision': 0, 'drift_rate': 0.0, 'target_domains': ['photo']}
Loss historical diff: 0.0035290010273456573; Loss Difference: 0.0, Decision: 1
Average loss over 5 updates: 0.0258
Round 88 took 1.24062180519104s, results:
{'t': 87, 'current_accuracy': 0.98046875, 'current_loss': 0.09548398852348328, 'train_loss': 0.025822223350405692, 'decision': 1, 'drift_rate': 0.0, 'target_domains': ['photo']}
Loss historical diff: 0.000682431273162365; Loss Difference: 0.0, Decision: 0
Round 89 took 0.38404345512390137s, results:
{'t': 88, 'current_accuracy': 0.984375, 'current_loss': 0.09263741876929998, 'train_loss': None, 'decision': 0, 'drift_rate': 0.0, 'target_domains': ['photo']}
Loss historical diff: 0.0006824498996138573; Loss Difference: 0.0, Decision: 0
Round 90 took 0.3832998275756836s, results:
{'t': 89, 'current_accuracy': 0.984375, 'current_loss': 0.09263743739575148, 'train_loss': None, 'decision': 0, 'drift_rate': 0.0, 'target_domains': ['photo']}
Loss historical diff: 0.0006824284791946411; Loss Difference: 0.0, Decision: 0
Round 91 took 0.3832437992095947s, results:
{'t': 90, 'current_accuracy': 0.984375, 'current_loss': 0.09263741597533226, 'train_loss': None, 'decision': 0, 'drift_rate': 0.0, 'target_domains': ['photo']}
Loss historical diff: 0.000682435929775238; Loss Difference: 0.0, Decision: 0
Round 92 took 0.3834800720214844s, results:
{'t': 91, 'current_accuracy': 0.984375, 'current_loss': 0.09263742342591286, 'train_loss': None, 'decision': 0, 'drift_rate': 0.0, 'target_domains': ['photo']}
Loss historical diff: 0.0006823940202593803; Loss Difference: 0.0, Decision: 0
Round 93 took 0.3844928741455078s, results:
{'t': 92, 'current_accuracy': 0.984375, 'current_loss': 0.092637381516397, 'train_loss': None, 'decision': 0, 'drift_rate': 0.0, 'target_domains': ['photo']}
Loss historical diff: 0.000682435929775238; Loss Difference: 0.0, Decision: 0
Round 94 took 0.3843395709991455s, results:
{'t': 93, 'current_accuracy': 0.984375, 'current_loss': 0.09263742342591286, 'train_loss': None, 'decision': 0, 'drift_rate': 0.0, 'target_domains': ['photo']}
Loss historical diff: 0.000682435929775238; Loss Difference: 0.0, Decision: 0
Round 95 took 0.3837435245513916s, results:
{'t': 94, 'current_accuracy': 0.984375, 'current_loss': 0.09263742342591286, 'train_loss': None, 'decision': 0, 'drift_rate': 0.0, 'target_domains': ['photo']}
Loss historical diff: 0.0006824415177106857; Loss Difference: 0.0, Decision: 0
Round 96 took 0.38417720794677734s, results:
{'t': 95, 'current_accuracy': 0.984375, 'current_loss': 0.0926374290138483, 'train_loss': None, 'decision': 0, 'drift_rate': 0.0, 'target_domains': ['photo']}
Loss historical diff: 0.0006824284791946411; Loss Difference: 0.0, Decision: 0
Round 97 took 0.38411545753479004s, results:
{'t': 96, 'current_accuracy': 0.984375, 'current_loss': 0.09263741597533226, 'train_loss': None, 'decision': 0, 'drift_rate': 0.0, 'target_domains': ['photo']}
Loss historical diff: 0.0006825597956776619; Loss Difference: 0.0, Decision: 0
Round 98 took 0.3839900493621826s, results:
{'t': 97, 'current_accuracy': 0.984375, 'current_loss': 0.09263754729181528, 'train_loss': None, 'decision': 0, 'drift_rate': 0.0, 'target_domains': ['photo']}
Loss historical diff: 0.0006825737655162811; Loss Difference: 0.0, Decision: 0
Round 99 took 0.38404035568237305s, results:
{'t': 98, 'current_accuracy': 0.984375, 'current_loss': 0.0926375612616539, 'train_loss': None, 'decision': 0, 'drift_rate': 0.0, 'target_domains': ['photo']}
Loss historical diff: 0.0006828401237726212; Loss Difference: 0.0, Decision: 0
Round 100 took 0.38361263275146484s, results:
{'t': 99, 'current_accuracy': 0.984375, 'current_loss': 0.09263782761991024, 'train_loss': None, 'decision': 0, 'drift_rate': 0.0, 'target_domains': ['photo']}
Loss historical diff: 0.0006824051961302757; Loss Difference: 0.0, Decision: 0
Round 101 took 0.3841676712036133s, results:
{'t': 100, 'current_accuracy': 0.984375, 'current_loss': 0.0926373926922679, 'train_loss': None, 'decision': 0, 'drift_rate': 0.0, 'target_domains': ['photo']}
Loss historical diff: 0.0006824471056461334; Loss Difference: 0.0, Decision: 0
Round 102 took 0.3847651481628418s, results:
{'t': 101, 'current_accuracy': 0.984375, 'current_loss': 0.09263743460178375, 'train_loss': None, 'decision': 0, 'drift_rate': 0.0, 'target_domains': ['photo']}
Loss historical diff: 0.0006824210286140442; Loss Difference: 0.0, Decision: 0
Round 103 took 0.40543270111083984s, results:
{'t': 102, 'current_accuracy': 0.984375, 'current_loss': 0.09263740852475166, 'train_loss': None, 'decision': 0, 'drift_rate': 0.0, 'target_domains': ['photo']}
Loss historical diff: 0.0006824377924203873; Loss Difference: 0.0, Decision: 1
Average loss over 5 updates: 0.0360
Round 104 took 1.2367687225341797s, results:
{'t': 103, 'current_accuracy': 0.984375, 'current_loss': 0.092637425288558, 'train_loss': 0.03602370917797089, 'decision': 1, 'drift_rate': 0.0, 'target_domains': ['photo']}
Loss historical diff: 0.030732451006770134; Loss Difference: 0.0, Decision: 0
Round 105 took 0.3836336135864258s, results:
{'t': 104, 'current_accuracy': 0.96875, 'current_loss': 0.12268743850290775, 'train_loss': None, 'decision': 0, 'drift_rate': 0.0, 'target_domains': ['photo']}
Loss historical diff: 0.03073246031999588; Loss Difference: 0.0, Decision: 0
Round 106 took 0.38294386863708496s, results:
{'t': 105, 'current_accuracy': 0.96875, 'current_loss': 0.1226874478161335, 'train_loss': None, 'decision': 0, 'drift_rate': 0.0, 'target_domains': ['photo']}
Loss historical diff: 0.030732546001672745; Loss Difference: 0.0, Decision: 0
Round 107 took 0.3841392993927002s, results:
{'t': 106, 'current_accuracy': 0.96875, 'current_loss': 0.12268753349781036, 'train_loss': None, 'decision': 0, 'drift_rate': 0.0, 'target_domains': ['photo']}
Loss historical diff: 0.030732523649930954; Loss Difference: 0.0, Decision: 0
Round 108 took 0.3834192752838135s, results:
{'t': 107, 'current_accuracy': 0.96875, 'current_loss': 0.12268751114606857, 'train_loss': None, 'decision': 0, 'drift_rate': 0.0, 'target_domains': ['photo']}
Loss historical diff: 0.03073253482580185; Loss Difference: 0.0, Decision: 1
Average loss over 5 updates: 0.0260
Round 109 took 1.2336037158966064s, results:
{'t': 108, 'current_accuracy': 0.96875, 'current_loss': 0.12268752232193947, 'train_loss': 0.025994270294904708, 'decision': 1, 'drift_rate': 0.0, 'target_domains': ['photo']}
Loss historical diff: 0.07488566264510155; Loss Difference: 0.0, Decision: 0
Round 110 took 0.3843379020690918s, results:
{'t': 109, 'current_accuracy': 0.953125, 'current_loss': 0.16684065014123917, 'train_loss': None, 'decision': 0, 'drift_rate': 0.0, 'target_domains': ['photo']}
Loss historical diff: 0.07488566264510155; Loss Difference: 0.0, Decision: 0
Round 111 took 0.3835275173187256s, results:
{'t': 110, 'current_accuracy': 0.953125, 'current_loss': 0.16684065014123917, 'train_loss': None, 'decision': 0, 'drift_rate': 0.0, 'target_domains': ['photo']}
Loss historical diff: 0.07488567009568214; Loss Difference: 0.0, Decision: 0
Round 112 took 0.38338637351989746s, results:
{'t': 111, 'current_accuracy': 0.953125, 'current_loss': 0.16684065759181976, 'train_loss': None, 'decision': 0, 'drift_rate': 0.0, 'target_domains': ['photo']}
Loss historical diff: 0.07488565519452095; Loss Difference: 0.0, Decision: 0
Round 113 took 0.3836402893066406s, results:
{'t': 112, 'current_accuracy': 0.953125, 'current_loss': 0.16684064269065857, 'train_loss': None, 'decision': 0, 'drift_rate': 0.0, 'target_domains': ['photo']}
Loss historical diff: 0.07488565891981125; Loss Difference: 0.0, Decision: 0
Round 114 took 0.3840787410736084s, results:
{'t': 113, 'current_accuracy': 0.953125, 'current_loss': 0.16684064641594887, 'train_loss': None, 'decision': 0, 'drift_rate': 0.0, 'target_domains': ['photo']}
Loss historical diff: 0.07488569989800453; Loss Difference: 0.0, Decision: 0
Round 115 took 0.383453369140625s, results:
{'t': 114, 'current_accuracy': 0.953125, 'current_loss': 0.16684068739414215, 'train_loss': None, 'decision': 0, 'drift_rate': 0.0, 'target_domains': ['photo']}
Loss historical diff: 0.07488566264510155; Loss Difference: 0.0, Decision: 0
Round 116 took 0.3840165138244629s, results:
{'t': 115, 'current_accuracy': 0.953125, 'current_loss': 0.16684065014123917, 'train_loss': None, 'decision': 0, 'drift_rate': 0.0, 'target_domains': ['photo']}
Loss historical diff: 0.07488560304045677; Loss Difference: 0.0, Decision: 0
Round 117 took 0.3833932876586914s, results:
{'t': 116, 'current_accuracy': 0.953125, 'current_loss': 0.1668405905365944, 'train_loss': None, 'decision': 0, 'drift_rate': 0.0, 'target_domains': ['photo']}
Loss historical diff: 0.07488566264510155; Loss Difference: 0.0, Decision: 0
Round 118 took 0.3843038082122803s, results:
{'t': 117, 'current_accuracy': 0.953125, 'current_loss': 0.16684065014123917, 'train_loss': None, 'decision': 0, 'drift_rate': 0.0, 'target_domains': ['photo']}
Loss historical diff: 0.07488565519452095; Loss Difference: 0.0, Decision: 0
Round 119 took 0.3849184513092041s, results:
{'t': 118, 'current_accuracy': 0.953125, 'current_loss': 0.16684064269065857, 'train_loss': None, 'decision': 0, 'drift_rate': 0.0, 'target_domains': ['photo']}
Loss historical diff: 0.07488565519452095; Loss Difference: 0.0, Decision: 0
Round 120 took 0.3845553398132324s, results:
{'t': 119, 'current_accuracy': 0.953125, 'current_loss': 0.16684064269065857, 'train_loss': None, 'decision': 0, 'drift_rate': 0.0, 'target_domains': ['photo']}
Loss historical diff: 0.07488567009568214; Loss Difference: 0.0, Decision: 0
Round 121 took 0.38350439071655273s, results:
{'t': 120, 'current_accuracy': 0.953125, 'current_loss': 0.16684065759181976, 'train_loss': None, 'decision': 0, 'drift_rate': 0.0, 'target_domains': ['photo']}
Loss historical diff: 0.07488564774394035; Loss Difference: 0.0, Decision: 0
Round 122 took 0.3832743167877197s, results:
{'t': 121, 'current_accuracy': 0.953125, 'current_loss': 0.16684063524007797, 'train_loss': None, 'decision': 0, 'drift_rate': 0.0, 'target_domains': ['photo']}
Loss historical diff: 0.07488555461168289; Loss Difference: 0.0, Decision: 0
Round 123 took 0.38332152366638184s, results:
{'t': 122, 'current_accuracy': 0.953125, 'current_loss': 0.1668405421078205, 'train_loss': None, 'decision': 0, 'drift_rate': 0.0, 'target_domains': ['photo']}
Loss historical diff: 0.07488573715090752; Loss Difference: 0.0, Decision: 0
Round 124 took 0.3839888572692871s, results:
{'t': 123, 'current_accuracy': 0.953125, 'current_loss': 0.16684072464704514, 'train_loss': None, 'decision': 0, 'drift_rate': 0.0, 'target_domains': ['photo']}
Loss historical diff: 0.07488565519452095; Loss Difference: 0.0, Decision: 0
Round 125 took 0.38407158851623535s, results:
{'t': 124, 'current_accuracy': 0.953125, 'current_loss': 0.16684064269065857, 'train_loss': None, 'decision': 0, 'drift_rate': 0.0, 'target_domains': ['photo']}
Loss historical diff: 0.07488566637039185; Loss Difference: 0.0, Decision: 0
Round 126 took 0.3846752643585205s, results:
{'t': 125, 'current_accuracy': 0.953125, 'current_loss': 0.16684065386652946, 'train_loss': None, 'decision': 0, 'drift_rate': 0.0, 'target_domains': ['photo']}
Loss historical diff: 0.07488565891981125; Loss Difference: 0.0, Decision: 0
Round 127 took 0.38497328758239746s, results:
{'t': 126, 'current_accuracy': 0.953125, 'current_loss': 0.16684064641594887, 'train_loss': None, 'decision': 0, 'drift_rate': 0.0, 'target_domains': ['photo']}
Loss historical diff: 0.07488564774394035; Loss Difference: 0.0, Decision: 0
Round 128 took 0.38729000091552734s, results:
{'t': 127, 'current_accuracy': 0.953125, 'current_loss': 0.16684063524007797, 'train_loss': None, 'decision': 0, 'drift_rate': 0.0, 'target_domains': ['photo']}
Loss historical diff: 0.07488566264510155; Loss Difference: 0.0, Decision: 0
Round 129 took 0.38448119163513184s, results:
{'t': 128, 'current_accuracy': 0.953125, 'current_loss': 0.16684065014123917, 'train_loss': None, 'decision': 0, 'drift_rate': 0.0, 'target_domains': ['photo']}
Loss historical diff: 0.07488566264510155; Loss Difference: 0.0, Decision: 0
Round 130 took 0.38486361503601074s, results:
{'t': 129, 'current_accuracy': 0.953125, 'current_loss': 0.16684065014123917, 'train_loss': None, 'decision': 0, 'drift_rate': 0.0, 'target_domains': ['photo']}
Loss historical diff: 0.07488566264510155; Loss Difference: 0.0, Decision: 0
Round 131 took 0.38470983505249023s, results:
{'t': 130, 'current_accuracy': 0.953125, 'current_loss': 0.16684065014123917, 'train_loss': None, 'decision': 0, 'drift_rate': 0.0, 'target_domains': ['photo']}
Loss historical diff: 0.07488622888922691; Loss Difference: 0.0, Decision: 0
Round 132 took 0.38382601737976074s, results:
{'t': 131, 'current_accuracy': 0.953125, 'current_loss': 0.16684121638536453, 'train_loss': None, 'decision': 0, 'drift_rate': 0.0, 'target_domains': ['photo']}
Loss historical diff: 0.07488566264510155; Loss Difference: 0.0, Decision: 0
Round 133 took 0.38465356826782227s, results:
{'t': 132, 'current_accuracy': 0.953125, 'current_loss': 0.16684065014123917, 'train_loss': None, 'decision': 0, 'drift_rate': 0.0, 'target_domains': ['photo']}
Loss historical diff: 0.07488567009568214; Loss Difference: 0.0, Decision: 0
Round 134 took 0.3845200538635254s, results:
{'t': 133, 'current_accuracy': 0.953125, 'current_loss': 0.16684065759181976, 'train_loss': None, 'decision': 0, 'drift_rate': 0.0, 'target_domains': ['photo']}
Loss historical diff: 0.07488568499684334; Loss Difference: 0.0, Decision: 0
Round 135 took 0.38434433937072754s, results:
{'t': 134, 'current_accuracy': 0.953125, 'current_loss': 0.16684067249298096, 'train_loss': None, 'decision': 0, 'drift_rate': 0.0, 'target_domains': ['photo']}
Loss historical diff: 0.07488567009568214; Loss Difference: 0.0, Decision: 0
Round 136 took 0.38716840744018555s, results:
{'t': 135, 'current_accuracy': 0.953125, 'current_loss': 0.16684065759181976, 'train_loss': None, 'decision': 0, 'drift_rate': 0.0, 'target_domains': ['photo']}
Loss historical diff: 0.07488565519452095; Loss Difference: 0.0, Decision: 0
Round 137 took 0.3847670555114746s, results:
{'t': 136, 'current_accuracy': 0.953125, 'current_loss': 0.16684064269065857, 'train_loss': None, 'decision': 0, 'drift_rate': 0.0, 'target_domains': ['photo']}
Loss historical diff: 0.07488565519452095; Loss Difference: 0.0, Decision: 0
Round 138 took 0.3842747211456299s, results:
{'t': 137, 'current_accuracy': 0.953125, 'current_loss': 0.16684064269065857, 'train_loss': None, 'decision': 0, 'drift_rate': 0.0, 'target_domains': ['photo']}
Loss historical diff: 0.07488567009568214; Loss Difference: 0.0, Decision: 0
Round 139 took 0.38365674018859863s, results:
{'t': 138, 'current_accuracy': 0.953125, 'current_loss': 0.16684065759181976, 'train_loss': None, 'decision': 0, 'drift_rate': 0.0, 'target_domains': ['photo']}
Loss historical diff: 0.07488567009568214; Loss Difference: 0.0, Decision: 0
Round 140 took 0.3851184844970703s, results:
{'t': 139, 'current_accuracy': 0.953125, 'current_loss': 0.16684065759181976, 'train_loss': None, 'decision': 0, 'drift_rate': 0.0, 'target_domains': ['photo']}
Loss historical diff: 0.07488567754626274; Loss Difference: 0.0, Decision: 0
Round 141 took 0.38428544998168945s, results:
{'t': 140, 'current_accuracy': 0.953125, 'current_loss': 0.16684066504240036, 'train_loss': None, 'decision': 0, 'drift_rate': 0.0, 'target_domains': ['photo']}
Loss historical diff: 0.07488567009568214; Loss Difference: 0.0, Decision: 0
Round 142 took 0.38515710830688477s, results:
{'t': 141, 'current_accuracy': 0.953125, 'current_loss': 0.16684065759181976, 'train_loss': None, 'decision': 0, 'drift_rate': 0.0, 'target_domains': ['photo']}
Loss historical diff: 0.07488565519452095; Loss Difference: 0.0, Decision: 0
Round 143 took 0.38437604904174805s, results:
{'t': 142, 'current_accuracy': 0.953125, 'current_loss': 0.16684064269065857, 'train_loss': None, 'decision': 0, 'drift_rate': 0.0, 'target_domains': ['photo']}
Loss historical diff: 0.07488580420613289; Loss Difference: 0.0, Decision: 0
Round 144 took 0.3867034912109375s, results:
{'t': 143, 'current_accuracy': 0.953125, 'current_loss': 0.1668407917022705, 'train_loss': None, 'decision': 0, 'drift_rate': 0.0, 'target_domains': ['photo']}
Loss historical diff: 0.07488566637039185; Loss Difference: 0.0, Decision: 0
Round 145 took 0.3842964172363281s, results:
{'t': 144, 'current_accuracy': 0.953125, 'current_loss': 0.16684065386652946, 'train_loss': None, 'decision': 0, 'drift_rate': 0.0, 'target_domains': ['photo']}
Loss historical diff: 0.07488561794161797; Loss Difference: 0.0, Decision: 0
Round 146 took 0.3853292465209961s, results:
{'t': 145, 'current_accuracy': 0.953125, 'current_loss': 0.16684060543775558, 'train_loss': None, 'decision': 0, 'drift_rate': 0.0, 'target_domains': ['photo']}
Loss historical diff: 0.07488566264510155; Loss Difference: 0.0, Decision: 0
Round 147 took 0.3848557472229004s, results:
{'t': 146, 'current_accuracy': 0.953125, 'current_loss': 0.16684065014123917, 'train_loss': None, 'decision': 0, 'drift_rate': 0.0, 'target_domains': ['photo']}
Loss historical diff: 0.07488566264510155; Loss Difference: 0.0, Decision: 0
Round 148 took 0.38494372367858887s, results:
{'t': 147, 'current_accuracy': 0.953125, 'current_loss': 0.16684065014123917, 'train_loss': None, 'decision': 0, 'drift_rate': 0.0, 'target_domains': ['photo']}
Loss historical diff: 0.07488565519452095; Loss Difference: 0.0, Decision: 0
Round 149 took 0.3849372863769531s, results:
{'t': 148, 'current_accuracy': 0.953125, 'current_loss': 0.16684064269065857, 'train_loss': None, 'decision': 0, 'drift_rate': 0.0, 'target_domains': ['photo']}
Loss historical diff: 0.07488562539219856; Loss Difference: 0.0, Decision: 0
Round 150 took 0.38462185859680176s, results:
{'t': 149, 'current_accuracy': 0.953125, 'current_loss': 0.16684061288833618, 'train_loss': None, 'decision': 0, 'drift_rate': 0.0, 'target_domains': ['photo']}
Loss historical diff: 0.07488581910729408; Loss Difference: 0.0, Decision: 0
Round 151 took 0.3853781223297119s, results:
{'t': 150, 'current_accuracy': 0.953125, 'current_loss': 0.1668408066034317, 'train_loss': None, 'decision': 0, 'drift_rate': 0.0, 'target_domains': ['photo']}
Loss historical diff: 0.07488567009568214; Loss Difference: 0.0, Decision: 0
Round 152 took 0.386584997177124s, results:
{'t': 151, 'current_accuracy': 0.953125, 'current_loss': 0.16684065759181976, 'train_loss': None, 'decision': 0, 'drift_rate': 0.0, 'target_domains': ['photo']}
Loss historical diff: 0.07488566264510155; Loss Difference: 0.0, Decision: 0
Round 153 took 0.38553762435913086s, results:
{'t': 152, 'current_accuracy': 0.953125, 'current_loss': 0.16684065014123917, 'train_loss': None, 'decision': 0, 'drift_rate': 0.0, 'target_domains': ['photo']}
Loss historical diff: 0.07488566264510155; Loss Difference: 0.0, Decision: 0
Round 154 took 0.38429951667785645s, results:
{'t': 153, 'current_accuracy': 0.953125, 'current_loss': 0.16684065014123917, 'train_loss': None, 'decision': 0, 'drift_rate': 0.0, 'target_domains': ['photo']}
Loss historical diff: 0.07488567754626274; Loss Difference: 0.0, Decision: 0
Round 155 took 0.38335728645324707s, results:
{'t': 154, 'current_accuracy': 0.953125, 'current_loss': 0.16684066504240036, 'train_loss': None, 'decision': 0, 'drift_rate': 0.0, 'target_domains': ['photo']}
Loss historical diff: 0.07488568127155304; Loss Difference: 0.0, Decision: 0
Round 156 took 0.38378047943115234s, results:
{'t': 155, 'current_accuracy': 0.953125, 'current_loss': 0.16684066876769066, 'train_loss': None, 'decision': 0, 'drift_rate': 0.0, 'target_domains': ['photo']}
Loss historical diff: 0.07488567754626274; Loss Difference: 0.0, Decision: 0
Round 157 took 0.38392043113708496s, results:
{'t': 156, 'current_accuracy': 0.953125, 'current_loss': 0.16684066504240036, 'train_loss': None, 'decision': 0, 'drift_rate': 0.0, 'target_domains': ['photo']}
Loss historical diff: 0.07488633319735527; Loss Difference: 0.0, Decision: 0
Round 158 took 0.38364553451538086s, results:
{'t': 157, 'current_accuracy': 0.953125, 'current_loss': 0.1668413206934929, 'train_loss': None, 'decision': 0, 'drift_rate': 0.0, 'target_domains': ['photo']}
Loss historical diff: 0.07488574460148811; Loss Difference: 0.0, Decision: 0
Round 159 took 0.3833310604095459s, results:
{'t': 158, 'current_accuracy': 0.953125, 'current_loss': 0.16684073209762573, 'train_loss': None, 'decision': 0, 'drift_rate': 0.0, 'target_domains': ['photo']}
Loss historical diff: 0.07488566264510155; Loss Difference: 0.0, Decision: 0
Round 160 took 0.38408970832824707s, results:
{'t': 159, 'current_accuracy': 0.953125, 'current_loss': 0.16684065014123917, 'train_loss': None, 'decision': 0, 'drift_rate': 0.0, 'target_domains': ['photo']}
Loss historical diff: 0.07488565146923065; Loss Difference: 0.0, Decision: 0
Round 161 took 0.38543272018432617s, results:
{'t': 160, 'current_accuracy': 0.953125, 'current_loss': 0.16684063896536827, 'train_loss': None, 'decision': 0, 'drift_rate': 0.0, 'target_domains': ['photo']}
Loss historical diff: 3.308640915900469; Loss Difference: 0.0, Decision: 0
Round 162 took 0.3912358283996582s, results:
{'t': 161, 'current_accuracy': 0.59375, 'current_loss': 3.4005959033966064, 'train_loss': None, 'decision': 0, 'drift_rate': 0.4359484422462738, 'target_domains': ['cartoon']}
Loss historical diff: 8.403812129050493; Loss Difference: 0.0, Decision: 0
Round 163 took 0.3928501605987549s, results:
{'t': 162, 'current_accuracy': 0.10546875, 'current_loss': 8.49576711654663, 'train_loss': None, 'decision': 0, 'drift_rate': 0.5666314246379334, 'target_domains': ['cartoon']}
Loss historical diff: 8.40381308272481; Loss Difference: 0.0, Decision: 0
Round 164 took 0.3834090232849121s, results:
{'t': 163, 'current_accuracy': 0.10546875, 'current_loss': 8.495768070220947, 'train_loss': None, 'decision': 0, 'drift_rate': 0.505292377952244, 'target_domains': ['cartoon']}
Loss historical diff: 8.40381308272481; Loss Difference: 0.0, Decision: 0
Round 165 took 0.38385820388793945s, results:
{'t': 164, 'current_accuracy': 0.10546875, 'current_loss': 8.495768070220947, 'train_loss': None, 'decision': 0, 'drift_rate': 0.5684844126249522, 'target_domains': ['cartoon']}
Loss historical diff: 8.403814513236284; Loss Difference: 0.0, Decision: 1
Average loss over 5 updates: 2.8793
Round 166 took 1.2621991634368896s, results:
{'t': 165, 'current_accuracy': 0.10546875, 'current_loss': 8.495769500732422, 'train_loss': 2.8793202877044677, 'decision': 1, 'drift_rate': 0.0, 'target_domains': ['cartoon']}
Loss historical diff: 7.755090910941362; Loss Difference: 0.0, Decision: 1
Average loss over 5 updates: 1.8585
Round 167 took 1.2486052513122559s, results:
{'t': 166, 'current_accuracy': 0.1953125, 'current_loss': 7.8470458984375, 'train_loss': 1.8584661960601807, 'decision': 1, 'drift_rate': 0.0, 'target_domains': ['cartoon']}
Loss historical diff: 9.854797560721636; Loss Difference: 0.0, Decision: 0
Round 168 took 0.3910355567932129s, results:
{'t': 167, 'current_accuracy': 0.28515625, 'current_loss': 9.946752548217773, 'train_loss': None, 'decision': 0, 'drift_rate': 0.0, 'target_domains': ['cartoon']}
Loss historical diff: 9.854797560721636; Loss Difference: 0.0, Decision: 0
Round 169 took 0.3840317726135254s, results:
{'t': 168, 'current_accuracy': 0.28515625, 'current_loss': 9.946752548217773, 'train_loss': None, 'decision': 0, 'drift_rate': 0.0, 'target_domains': ['cartoon']}
Loss historical diff: 9.854798037558794; Loss Difference: 0.0, Decision: 0
Round 170 took 0.3830907344818115s, results:
{'t': 169, 'current_accuracy': 0.28515625, 'current_loss': 9.946753025054932, 'train_loss': None, 'decision': 0, 'drift_rate': 0.0, 'target_domains': ['cartoon']}
Loss historical diff: 10.831354815512896; Loss Difference: 0.0, Decision: 0
Round 171 took 0.3920125961303711s, results:
{'t': 170, 'current_accuracy': 0.23046875, 'current_loss': 10.923309803009033, 'train_loss': None, 'decision': 0, 'drift_rate': 0.5344355208227305, 'target_domains': ['sketch']}
Loss historical diff: 11.925457675009966; Loss Difference: 0.0, Decision: 0
Round 172 took 0.39107584953308105s, results:
{'t': 171, 'current_accuracy': 0.1796875, 'current_loss': 12.017412662506104, 'train_loss': None, 'decision': 0, 'drift_rate': 0.3932746652584, 'target_domains': ['sketch']}
Loss historical diff: 12.307809073477983; Loss Difference: 0.0, Decision: 0
Round 173 took 0.38559770584106445s, results:
{'t': 172, 'current_accuracy': 0.15625, 'current_loss': 12.399764060974121, 'train_loss': None, 'decision': 0, 'drift_rate': 0.5143060946305232, 'target_domains': ['sketch']}
Loss historical diff: 12.307809073477983; Loss Difference: 0.0, Decision: 0
Round 174 took 0.384629487991333s, results:
{'t': 173, 'current_accuracy': 0.15625, 'current_loss': 12.399764060974121, 'train_loss': None, 'decision': 0, 'drift_rate': 0.4861686942645346, 'target_domains': ['sketch']}
Loss historical diff: 12.3078100271523; Loss Difference: 0.0, Decision: 0
Round 175 took 0.3839888572692871s, results:
{'t': 174, 'current_accuracy': 0.15625, 'current_loss': 12.399765014648438, 'train_loss': None, 'decision': 0, 'drift_rate': 0.5660866898135315, 'target_domains': ['sketch']}
Loss historical diff: 12.307811934500933; Loss Difference: 0.0, Decision: 1
Average loss over 5 updates: 1.9710
Round 176 took 1.2637341022491455s, results:
{'t': 175, 'current_accuracy': 0.15625, 'current_loss': 12.39976692199707, 'train_loss': 1.971016764640808, 'decision': 1, 'drift_rate': 0.46165077460410325, 'target_domains': ['sketch']}
Loss historical diff: 18.253001410514116; Loss Difference: 0.0, Decision: 0
Round 177 took 0.38329577445983887s, results:
{'t': 176, 'current_accuracy': 0.1875, 'current_loss': 18.344956398010254, 'train_loss': None, 'decision': 0, 'drift_rate': 0.0, 'target_domains': ['sketch']}
Loss historical diff: 18.2530004568398; Loss Difference: 0.0, Decision: 0
Round 178 took 0.3837594985961914s, results:
{'t': 177, 'current_accuracy': 0.1875, 'current_loss': 18.344955444335938, 'train_loss': None, 'decision': 0, 'drift_rate': 0.0, 'target_domains': ['sketch']}
Loss historical diff: 18.25299759581685; Loss Difference: 0.0, Decision: 0
Round 179 took 0.38356733322143555s, results:
{'t': 178, 'current_accuracy': 0.1875, 'current_loss': 18.34495258331299, 'train_loss': None, 'decision': 0, 'drift_rate': 0.0, 'target_domains': ['sketch']}
Loss historical diff: 18.2530004568398; Loss Difference: 0.0, Decision: 0
Round 180 took 0.3851585388183594s, results:
{'t': 179, 'current_accuracy': 0.1875, 'current_loss': 18.344955444335938, 'train_loss': None, 'decision': 0, 'drift_rate': 0.0, 'target_domains': ['sketch']}
Loss historical diff: 18.2530004568398; Loss Difference: 0.0, Decision: 0
Round 181 took 0.38576793670654297s, results:
{'t': 180, 'current_accuracy': 0.1875, 'current_loss': 18.344955444335938, 'train_loss': None, 'decision': 0, 'drift_rate': 0.0, 'target_domains': ['sketch']}
Loss historical diff: 18.252998549491167; Loss Difference: 0.0, Decision: 0
Round 182 took 0.3832714557647705s, results:
{'t': 181, 'current_accuracy': 0.1875, 'current_loss': 18.344953536987305, 'train_loss': None, 'decision': 0, 'drift_rate': 0.0, 'target_domains': ['sketch']}
Loss historical diff: 18.252998549491167; Loss Difference: 0.0, Decision: 1
Average loss over 5 updates: 1.2919
Round 183 took 1.2449305057525635s, results:
{'t': 182, 'current_accuracy': 0.1875, 'current_loss': 18.344953536987305, 'train_loss': 1.2918938159942628, 'decision': 1, 'drift_rate': 0.0, 'target_domains': ['sketch']}
Loss historical diff: 10.013991076499224; Loss Difference: 0.0, Decision: 0
Round 184 took 0.38387465476989746s, results:
{'t': 183, 'current_accuracy': 0.18359375, 'current_loss': 10.105946063995361, 'train_loss': None, 'decision': 0, 'drift_rate': 0.0, 'target_domains': ['sketch']}
Loss historical diff: 10.013990599662066; Loss Difference: 0.0, Decision: 0
Round 185 took 0.3832833766937256s, results:
{'t': 184, 'current_accuracy': 0.18359375, 'current_loss': 10.105945587158203, 'train_loss': None, 'decision': 0, 'drift_rate': 0.0, 'target_domains': ['sketch']}
Loss historical diff: 10.013990599662066; Loss Difference: 0.0, Decision: 0
Round 186 took 0.3825228214263916s, results:
{'t': 185, 'current_accuracy': 0.18359375, 'current_loss': 10.105945587158203, 'train_loss': None, 'decision': 0, 'drift_rate': 0.0, 'target_domains': ['sketch']}
Loss historical diff: 10.013991076499224; Loss Difference: 0.0, Decision: 0
Round 187 took 0.3832128047943115s, results:
{'t': 186, 'current_accuracy': 0.18359375, 'current_loss': 10.105946063995361, 'train_loss': None, 'decision': 0, 'drift_rate': 0.0, 'target_domains': ['sketch']}
Loss historical diff: 10.013991076499224; Loss Difference: 0.0, Decision: 0
Round 188 took 0.38265109062194824s, results:
{'t': 187, 'current_accuracy': 0.18359375, 'current_loss': 10.105946063995361, 'train_loss': None, 'decision': 0, 'drift_rate': 0.0, 'target_domains': ['sketch']}
Loss historical diff: 10.013990599662066; Loss Difference: 0.0, Decision: 0
Round 189 took 0.38329148292541504s, results:
{'t': 188, 'current_accuracy': 0.18359375, 'current_loss': 10.105945587158203, 'train_loss': None, 'decision': 0, 'drift_rate': 0.0, 'target_domains': ['sketch']}
Loss historical diff: 10.013990599662066; Loss Difference: 0.0, Decision: 0
Round 190 took 0.3834269046783447s, results:
{'t': 189, 'current_accuracy': 0.18359375, 'current_loss': 10.105945587158203, 'train_loss': None, 'decision': 0, 'drift_rate': 0.0, 'target_domains': ['sketch']}
Loss historical diff: 10.013990122824907; Loss Difference: 0.0, Decision: 0
Round 191 took 0.3838963508605957s, results:
{'t': 190, 'current_accuracy': 0.18359375, 'current_loss': 10.105945110321045, 'train_loss': None, 'decision': 0, 'drift_rate': 0.0, 'target_domains': ['sketch']}
Loss historical diff: 10.013991076499224; Loss Difference: 0.0, Decision: 0
Round 192 took 0.3833606243133545s, results:
{'t': 191, 'current_accuracy': 0.18359375, 'current_loss': 10.105946063995361, 'train_loss': None, 'decision': 0, 'drift_rate': 0.0, 'target_domains': ['sketch']}
Loss historical diff: 10.013990122824907; Loss Difference: 0.0, Decision: 0
Round 193 took 0.4018669128417969s, results:
{'t': 192, 'current_accuracy': 0.18359375, 'current_loss': 10.105945110321045, 'train_loss': None, 'decision': 0, 'drift_rate': 0.0, 'target_domains': ['sketch']}
Loss historical diff: 10.013990599662066; Loss Difference: 0.0, Decision: 0
Round 194 took 0.3835327625274658s, results:
{'t': 193, 'current_accuracy': 0.18359375, 'current_loss': 10.105945587158203, 'train_loss': None, 'decision': 0, 'drift_rate': 0.0, 'target_domains': ['sketch']}
Loss historical diff: 10.013990599662066; Loss Difference: 0.0, Decision: 0
Round 195 took 0.3829331398010254s, results:
{'t': 194, 'current_accuracy': 0.18359375, 'current_loss': 10.105945587158203, 'train_loss': None, 'decision': 0, 'drift_rate': 0.0, 'target_domains': ['sketch']}
Loss historical diff: 10.013991076499224; Loss Difference: 0.0, Decision: 0
Round 196 took 0.3836195468902588s, results:
{'t': 195, 'current_accuracy': 0.18359375, 'current_loss': 10.105946063995361, 'train_loss': None, 'decision': 0, 'drift_rate': 0.0, 'target_domains': ['sketch']}
Loss historical diff: 10.013991553336382; Loss Difference: 0.0, Decision: 0
Round 197 took 0.3831515312194824s, results:
{'t': 196, 'current_accuracy': 0.18359375, 'current_loss': 10.10594654083252, 'train_loss': None, 'decision': 0, 'drift_rate': 0.0, 'target_domains': ['sketch']}
Loss historical diff: 10.013990122824907; Loss Difference: 0.0, Decision: 0
Round 198 took 0.38248181343078613s, results:
{'t': 197, 'current_accuracy': 0.18359375, 'current_loss': 10.105945110321045, 'train_loss': None, 'decision': 0, 'drift_rate': 0.0, 'target_domains': ['sketch']}
Loss historical diff: 10.013990599662066; Loss Difference: 0.0, Decision: 1
Average loss over 5 updates: 1.1718
Round 199 took 1.240218162536621s, results:
{'t': 198, 'current_accuracy': 0.18359375, 'current_loss': 10.105945587158203, 'train_loss': 1.1718374252319337, 'decision': 1, 'drift_rate': 0.0, 'target_domains': ['sketch']}
Loss historical diff: 4.3440453596413136; Loss Difference: 0.0, Decision: 0
Round 200 took 0.3850064277648926s, results:
{'t': 199, 'current_accuracy': 0.3046875, 'current_loss': 4.436000347137451, 'train_loss': None, 'decision': 0, 'drift_rate': 0.0, 'target_domains': ['sketch']}
Loss historical diff: 4.344044405966997; Loss Difference: 0.0, Decision: 0
Round 201 took 0.38336849212646484s, results:
{'t': 200, 'current_accuracy': 0.3046875, 'current_loss': 4.435999393463135, 'train_loss': None, 'decision': 0, 'drift_rate': 0.0, 'target_domains': ['sketch']}
Loss historical diff: 4.344044882804155; Loss Difference: 0.0, Decision: 0
Round 202 took 0.38439393043518066s, results:
{'t': 201, 'current_accuracy': 0.3046875, 'current_loss': 4.435999870300293, 'train_loss': None, 'decision': 0, 'drift_rate': 0.0, 'target_domains': ['sketch']}
Loss historical diff: 4.344044882804155; Loss Difference: 0.0, Decision: 0
Round 203 took 0.383342981338501s, results:
{'t': 202, 'current_accuracy': 0.3046875, 'current_loss': 4.435999870300293, 'train_loss': None, 'decision': 0, 'drift_rate': 0.0, 'target_domains': ['sketch']}
Loss historical diff: 4.344044644385576; Loss Difference: 0.0, Decision: 0
Round 204 took 0.38373541831970215s, results:
{'t': 203, 'current_accuracy': 0.3046875, 'current_loss': 4.435999631881714, 'train_loss': None, 'decision': 0, 'drift_rate': 0.0, 'target_domains': ['sketch']}
Loss historical diff: 4.344044882804155; Loss Difference: 0.0, Decision: 0
Round 205 took 0.3836672306060791s, results:
{'t': 204, 'current_accuracy': 0.3046875, 'current_loss': 4.435999870300293, 'train_loss': None, 'decision': 0, 'drift_rate': 0.0, 'target_domains': ['sketch']}
Loss historical diff: 4.344044644385576; Loss Difference: 0.0, Decision: 0
Round 206 took 0.3835303783416748s, results:
{'t': 205, 'current_accuracy': 0.3046875, 'current_loss': 4.435999631881714, 'train_loss': None, 'decision': 0, 'drift_rate': 0.0, 'target_domains': ['sketch']}
Loss historical diff: 4.344044405966997; Loss Difference: 0.0, Decision: 0
Round 207 took 0.38561487197875977s, results:
{'t': 206, 'current_accuracy': 0.3046875, 'current_loss': 4.435999393463135, 'train_loss': None, 'decision': 0, 'drift_rate': 0.0, 'target_domains': ['sketch']}
Loss historical diff: 4.34404369071126; Loss Difference: 0.0, Decision: 0
Round 208 took 0.38390564918518066s, results:
{'t': 207, 'current_accuracy': 0.3046875, 'current_loss': 4.4359986782073975, 'train_loss': None, 'decision': 0, 'drift_rate': 0.0, 'target_domains': ['sketch']}
Loss historical diff: 4.344044405966997; Loss Difference: 0.0, Decision: 0
Round 209 took 0.38405895233154297s, results:
{'t': 208, 'current_accuracy': 0.3046875, 'current_loss': 4.435999393463135, 'train_loss': None, 'decision': 0, 'drift_rate': 0.0, 'target_domains': ['sketch']}
Loss historical diff: 4.344044882804155; Loss Difference: 0.0, Decision: 1
Average loss over 5 updates: 0.9910
Round 210 took 1.2409312725067139s, results:
{'t': 209, 'current_accuracy': 0.3046875, 'current_loss': 4.435999870300293, 'train_loss': 0.9910202145576477, 'decision': 1, 'drift_rate': 0.0, 'target_domains': ['sketch']}
Loss historical diff: 2.245136458426714; Loss Difference: 0.0, Decision: 1
Average loss over 5 updates: 0.9043
Round 211 took 1.2328517436981201s, results:
{'t': 210, 'current_accuracy': 0.34375, 'current_loss': 2.3370914459228516, 'train_loss': 0.9042693614959717, 'decision': 1, 'drift_rate': 0.0, 'target_domains': ['sketch']}
Loss historical diff: 1.612010795623064; Loss Difference: 0.0, Decision: 0
Round 212 took 0.3858358860015869s, results:
{'t': 211, 'current_accuracy': 0.4296875, 'current_loss': 1.7039657831192017, 'train_loss': None, 'decision': 0, 'drift_rate': 0.0, 'target_domains': ['sketch']}
Loss historical diff: 1.6120110340416431; Loss Difference: 0.0, Decision: 0
Round 213 took 0.38381385803222656s, results:
{'t': 212, 'current_accuracy': 0.4296875, 'current_loss': 1.7039660215377808, 'train_loss': None, 'decision': 0, 'drift_rate': 0.0, 'target_domains': ['sketch']}
Loss historical diff: 1.6120109744369984; Loss Difference: 0.0, Decision: 1
Average loss over 5 updates: 0.7942
Round 214 took 1.2329142093658447s, results:
{'t': 213, 'current_accuracy': 0.4296875, 'current_loss': 1.703965961933136, 'train_loss': 0.7942466735839844, 'decision': 1, 'drift_rate': 0.0, 'target_domains': ['sketch']}
Loss historical diff: 1.9850428886711597; Loss Difference: 0.0, Decision: 0
Round 215 took 0.3839690685272217s, results:
{'t': 214, 'current_accuracy': 0.359375, 'current_loss': 2.0769978761672974, 'train_loss': None, 'decision': 0, 'drift_rate': 0.0, 'target_domains': ['sketch']}
Loss historical diff: 1.9850441999733448; Loss Difference: 0.0, Decision: 0
Round 216 took 0.3832998275756836s, results:
{'t': 215, 'current_accuracy': 0.359375, 'current_loss': 2.0769991874694824, 'train_loss': None, 'decision': 0, 'drift_rate': 0.0, 'target_domains': ['sketch']}
Loss historical diff: 1.9850434847176075; Loss Difference: 0.0, Decision: 1
Average loss over 5 updates: 0.7706
Round 217 took 1.2351539134979248s, results:
{'t': 216, 'current_accuracy': 0.359375, 'current_loss': 2.076998472213745, 'train_loss': 0.7705824375152588, 'decision': 1, 'drift_rate': 0.0, 'target_domains': ['sketch']}
Loss historical diff: 1.677211482077837; Loss Difference: 0.0, Decision: 0
Round 218 took 0.3869779109954834s, results:
{'t': 217, 'current_accuracy': 0.4453125, 'current_loss': 1.7691664695739746, 'train_loss': None, 'decision': 0, 'drift_rate': 0.0, 'target_domains': ['sketch']}
Loss historical diff: 1.6772115416824818; Loss Difference: 0.0, Decision: 0
Round 219 took 0.3840169906616211s, results:
{'t': 218, 'current_accuracy': 0.4453125, 'current_loss': 1.7691665291786194, 'train_loss': None, 'decision': 0, 'drift_rate': 0.0, 'target_domains': ['sketch']}
Loss historical diff: 1.6772120781242847; Loss Difference: 0.0, Decision: 0
Round 220 took 0.3838474750518799s, results:
{'t': 219, 'current_accuracy': 0.4453125, 'current_loss': 1.7691670656204224, 'train_loss': None, 'decision': 0, 'drift_rate': 0.0, 'target_domains': ['sketch']}
Loss historical diff: 1.677211482077837; Loss Difference: 0.0, Decision: 0
Round 221 took 0.3834719657897949s, results:
{'t': 220, 'current_accuracy': 0.4453125, 'current_loss': 1.7691664695739746, 'train_loss': None, 'decision': 0, 'drift_rate': 0.0, 'target_domains': ['sketch']}
Loss historical diff: 1.6772117801010609; Loss Difference: 0.0, Decision: 0
Round 222 took 0.3832249641418457s, results:
{'t': 221, 'current_accuracy': 0.4453125, 'current_loss': 1.7691667675971985, 'train_loss': None, 'decision': 0, 'drift_rate': 0.0, 'target_domains': ['sketch']}
Loss historical diff: 1.6772115416824818; Loss Difference: 0.0, Decision: 0
Round 223 took 0.38268280029296875s, results:
{'t': 222, 'current_accuracy': 0.4453125, 'current_loss': 1.7691665291786194, 'train_loss': None, 'decision': 0, 'drift_rate': 0.0, 'target_domains': ['sketch']}
Loss historical diff: 1.6772113032639027; Loss Difference: 0.0, Decision: 0
Round 224 took 0.38403940200805664s, results:
{'t': 223, 'current_accuracy': 0.4453125, 'current_loss': 1.7691662907600403, 'train_loss': None, 'decision': 0, 'drift_rate': 0.0, 'target_domains': ['sketch']}
Loss historical diff: 1.6772115416824818; Loss Difference: 0.0, Decision: 0
Round 225 took 0.38402438163757324s, results:
{'t': 224, 'current_accuracy': 0.4453125, 'current_loss': 1.7691665291786194, 'train_loss': None, 'decision': 0, 'drift_rate': 0.0, 'target_domains': ['sketch']}
Loss historical diff: 1.6772118993103504; Loss Difference: 0.0, Decision: 0
Round 226 took 0.38411426544189453s, results:
{'t': 225, 'current_accuracy': 0.4453125, 'current_loss': 1.769166886806488, 'train_loss': None, 'decision': 0, 'drift_rate': 0.0, 'target_domains': ['sketch']}
Loss historical diff: 1.677211482077837; Loss Difference: 0.0, Decision: 0
Round 227 took 0.38355350494384766s, results:
{'t': 226, 'current_accuracy': 0.4453125, 'current_loss': 1.7691664695739746, 'train_loss': None, 'decision': 0, 'drift_rate': 0.0, 'target_domains': ['sketch']}
Loss historical diff: 1.6772111244499683; Loss Difference: 0.0, Decision: 0
Round 228 took 0.383594274520874s, results:
{'t': 227, 'current_accuracy': 0.4453125, 'current_loss': 1.769166111946106, 'train_loss': None, 'decision': 0, 'drift_rate': 0.0, 'target_domains': ['sketch']}
Loss historical diff: 1.6772115416824818; Loss Difference: 0.0, Decision: 0
Round 229 took 0.3829953670501709s, results:
{'t': 228, 'current_accuracy': 0.4453125, 'current_loss': 1.7691665291786194, 'train_loss': None, 'decision': 0, 'drift_rate': 0.0, 'target_domains': ['sketch']}
Loss historical diff: 1.6772112436592579; Loss Difference: 0.0, Decision: 0
Round 230 took 0.38309192657470703s, results:
{'t': 229, 'current_accuracy': 0.4453125, 'current_loss': 1.7691662311553955, 'train_loss': None, 'decision': 0, 'drift_rate': 0.0, 'target_domains': ['sketch']}
Loss historical diff: 1.6772116608917713; Loss Difference: 0.0, Decision: 0
Round 231 took 0.38310933113098145s, results:
{'t': 230, 'current_accuracy': 0.4453125, 'current_loss': 1.769166648387909, 'train_loss': None, 'decision': 0, 'drift_rate': 0.0, 'target_domains': ['sketch']}
Loss historical diff: 1.677211482077837; Loss Difference: 0.0, Decision: 0
Round 232 took 0.38302087783813477s, results:
{'t': 231, 'current_accuracy': 0.4453125, 'current_loss': 1.7691664695739746, 'train_loss': None, 'decision': 0, 'drift_rate': 0.0, 'target_domains': ['sketch']}
Loss historical diff: 1.6772118397057056; Loss Difference: 0.0, Decision: 1
Average loss over 5 updates: 0.6856
Round 233 took 1.2404088973999023s, results:
{'t': 232, 'current_accuracy': 0.4453125, 'current_loss': 1.7691668272018433, 'train_loss': 0.6856406211853028, 'decision': 1, 'drift_rate': 0.0, 'target_domains': ['sketch']}
Loss historical diff: 2.038183767348528; Loss Difference: 0.0, Decision: 0
Round 234 took 0.3838541507720947s, results:
{'t': 233, 'current_accuracy': 0.42578125, 'current_loss': 2.1301387548446655, 'train_loss': None, 'decision': 0, 'drift_rate': 0.0, 'target_domains': ['sketch']}
Loss historical diff: 2.03818317130208; Loss Difference: 0.0, Decision: 0
Round 235 took 0.38341832160949707s, results:
{'t': 234, 'current_accuracy': 0.42578125, 'current_loss': 2.1301381587982178, 'train_loss': None, 'decision': 0, 'drift_rate': 0.0, 'target_domains': ['sketch']}
Loss historical diff: 2.038184065371752; Loss Difference: 0.0, Decision: 0
Round 236 took 0.3831818103790283s, results:
{'t': 235, 'current_accuracy': 0.42578125, 'current_loss': 2.1301390528678894, 'train_loss': None, 'decision': 0, 'drift_rate': 0.0, 'target_domains': ['sketch']}
Loss historical diff: 2.0381836481392384; Loss Difference: 0.0, Decision: 0
Round 237 took 0.3832414150238037s, results:
{'t': 236, 'current_accuracy': 0.42578125, 'current_loss': 2.130138635635376, 'train_loss': None, 'decision': 0, 'drift_rate': 0.0, 'target_domains': ['sketch']}
Loss historical diff: 2.0381830520927906; Loss Difference: 0.0, Decision: 0
Round 238 took 0.38327884674072266s, results:
{'t': 237, 'current_accuracy': 0.42578125, 'current_loss': 2.1301380395889282, 'train_loss': None, 'decision': 0, 'drift_rate': 0.0, 'target_domains': ['sketch']}
Loss historical diff: 2.0381851978600025; Loss Difference: 0.0, Decision: 0
Round 239 took 0.3826406002044678s, results:
{'t': 238, 'current_accuracy': 0.42578125, 'current_loss': 2.13014018535614, 'train_loss': None, 'decision': 0, 'drift_rate': 0.0, 'target_domains': ['sketch']}
Loss historical diff: 2.0381810255348682; Loss Difference: 0.0, Decision: 0
Round 240 took 0.38665771484375s, results:
{'t': 239, 'current_accuracy': 0.42578125, 'current_loss': 2.130136013031006, 'train_loss': None, 'decision': 0, 'drift_rate': 0.0, 'target_domains': ['sketch']}
Loss historical diff: 2.038183528929949; Loss Difference: 0.0, Decision: 0
Round 241 took 0.3830726146697998s, results:
{'t': 240, 'current_accuracy': 0.42578125, 'current_loss': 2.1301385164260864, 'train_loss': None, 'decision': 0, 'drift_rate': 0.0, 'target_domains': ['sketch']}
Loss historical diff: 2.0381846018135548; Loss Difference: 0.0, Decision: 0
Round 242 took 0.3826436996459961s, results:
{'t': 241, 'current_accuracy': 0.42578125, 'current_loss': 2.1301395893096924, 'train_loss': None, 'decision': 0, 'drift_rate': 0.0, 'target_domains': ['sketch']}
Loss historical diff: 2.0381832905113697; Loss Difference: 0.0, Decision: 0
Round 243 took 0.38318729400634766s, results:
{'t': 242, 'current_accuracy': 0.42578125, 'current_loss': 2.1301382780075073, 'train_loss': None, 'decision': 0, 'drift_rate': 0.0, 'target_domains': ['sketch']}
Loss historical diff: 2.038182992488146; Loss Difference: 0.0, Decision: 0
Round 244 took 0.38276195526123047s, results:
{'t': 243, 'current_accuracy': 0.42578125, 'current_loss': 2.1301379799842834, 'train_loss': None, 'decision': 0, 'drift_rate': 0.0, 'target_domains': ['sketch']}
Loss historical diff: 2.0381832905113697; Loss Difference: 0.0, Decision: 0
Round 245 took 0.38363099098205566s, results:
{'t': 244, 'current_accuracy': 0.42578125, 'current_loss': 2.1301382780075073, 'train_loss': None, 'decision': 0, 'drift_rate': 0.0, 'target_domains': ['sketch']}
Loss historical diff: 2.0381833501160145; Loss Difference: 0.0, Decision: 0
Round 246 took 0.38242411613464355s, results:
{'t': 245, 'current_accuracy': 0.42578125, 'current_loss': 2.130138337612152, 'train_loss': None, 'decision': 0, 'drift_rate': 0.0, 'target_domains': ['sketch']}
Loss historical diff: 2.0381830520927906; Loss Difference: 0.0, Decision: 0
Round 247 took 0.38132238388061523s, results:
{'t': 246, 'current_accuracy': 0.42578125, 'current_loss': 2.1301380395889282, 'train_loss': None, 'decision': 0, 'drift_rate': 0.0, 'target_domains': ['sketch']}
Loss historical diff: 2.038182098418474; Loss Difference: 0.0, Decision: 0
Round 248 took 0.38353919982910156s, results:
{'t': 247, 'current_accuracy': 0.42578125, 'current_loss': 2.130137085914612, 'train_loss': None, 'decision': 0, 'drift_rate': 0.0, 'target_domains': ['sketch']}
Loss historical diff: 2.038183230906725; Loss Difference: 0.0, Decision: 0
Round 249 took 0.3843567371368408s, results:
{'t': 248, 'current_accuracy': 0.42578125, 'current_loss': 2.1301382184028625, 'train_loss': None, 'decision': 0, 'drift_rate': 0.0, 'target_domains': ['sketch']}
Loss historical diff: 2.038184005767107; Loss Difference: 0.0, Decision: 0
Round 250 took 0.3829512596130371s, results:
{'t': 249, 'current_accuracy': 0.42578125, 'current_loss': 2.1301389932632446, 'train_loss': None, 'decision': 0, 'drift_rate': 0.0, 'target_domains': ['sketch']}
Average time per round: 0.4503352174758911
Total time: 112.58380436897278
