Using the latest cached version of the dataset since flwrlabs/pacs couldn't be found on the Hugging Face Hub
Found the latest cached dataset configuration 'default' at /home/apiasecz/.cache/huggingface/datasets/flwrlabs___pacs/default/0.0.0/394113073258ead631f617d2e13bb377c0715c4b (last modified on Wed Jan 29 16:59:35 2025).
Device: cuda
CUDA Version: 12.1
cuDNN Version: 8902
PyTorch Version: 2.3.0
Model used: PACSCNN_1
Client device: cuda
Round 0 took 6.885128974914551 seconds
Round 0: Accuracy = 0.6883, Decision = 0, Drift = 0.0100
Round 1 took 6.722300291061401 seconds
Round 1: Accuracy = 0.6803, Decision = 0, Drift = 0.0100
Round 2 took 7.2169716358184814 seconds
Round 2: Accuracy = 0.6786, Decision = 0, Drift = 0.0100
Round 3 took 6.781107425689697 seconds
Round 3: Accuracy = 0.6714, Decision = 0, Drift = 0.0100
Round 4 took 7.0349297523498535 seconds
Round 4: Accuracy = 0.6672, Decision = 0, Drift = 0.0100
Round 5 took 6.891559839248657 seconds
Round 5: Accuracy = 0.6605, Decision = 0, Drift = 0.0100
Round 6 took 6.89593505859375 seconds
Round 6: Accuracy = 0.6564, Decision = 0, Drift = 0.0100
Round 7 took 6.971090078353882 seconds
Round 7: Accuracy = 0.6528, Decision = 0, Drift = 0.0100
Round 8 took 6.939894914627075 seconds
Round 8: Accuracy = 0.6513, Decision = 0, Drift = 0.0100
Round 9 took 6.969029664993286 seconds
Round 9: Accuracy = 0.6497, Decision = 0, Drift = 0.0100
Round 10 took 6.839505672454834 seconds
Round 10: Accuracy = 0.6439, Decision = 0, Drift = 0.0100
Round 11 took 7.349313735961914 seconds
Round 11: Accuracy = 0.6384, Decision = 0, Drift = 0.0100
Round 12 took 7.37050724029541 seconds
Round 12: Accuracy = 0.6369, Decision = 0, Drift = 0.0100
Round 13 took 7.033340692520142 seconds
Round 13: Accuracy = 0.6342, Decision = 0, Drift = 0.0100
Round 14 took 6.961511850357056 seconds
Round 14: Accuracy = 0.6327, Decision = 0, Drift = 0.0100
Round 15 took 7.056326627731323 seconds
Round 15: Accuracy = 0.6311, Decision = 0, Drift = 0.0100
Round 16 took 7.5021913051605225 seconds
Round 16: Accuracy = 0.6294, Decision = 0, Drift = 0.0100
Round 17 took 7.130400657653809 seconds
Round 17: Accuracy = 0.6270, Decision = 0, Drift = 0.0100
Round 18 took 7.503931760787964 seconds
Round 18: Accuracy = 0.6222, Decision = 0, Drift = 0.0100
Round 19 took 7.425118446350098 seconds
Round 19: Accuracy = 0.6206, Decision = 0, Drift = 0.0100
Round 20 took 7.445377349853516 seconds
Round 20: Accuracy = 0.6159, Decision = 0, Drift = 0.0100
Round 21 took 7.589818239212036 seconds
Round 21: Accuracy = 0.6191, Decision = 0, Drift = 0.0100
Round 22 took 7.259748220443726 seconds
Round 22: Accuracy = 0.6144, Decision = 0, Drift = 0.0100
Round 23 took 7.268420457839966 seconds
Round 23: Accuracy = 0.6102, Decision = 0, Drift = 0.0100
Round 24 took 7.305267810821533 seconds
Round 24: Accuracy = 0.6059, Decision = 0, Drift = 0.0100
Round 25 took 7.698837757110596 seconds
Round 25: Accuracy = 0.6017, Decision = 0, Drift = 0.0100
Round 26 took 7.724433898925781 seconds
Round 26: Accuracy = 0.6973, Decision = 0, Drift = 0.0100
Round 27 took 7.233411550521851 seconds
Round 27: Accuracy = 0.5117, Decision = 0, Drift = 0.0100
Round 28 took 7.556410312652588 seconds
Round 28: Accuracy = 0.5187, Decision = 0, Drift = 0.0100
Round 29 took 7.45528507232666 seconds
Round 29: Accuracy = 0.5203, Decision = 0, Drift = 0.0100
Round 30 took 7.527120590209961 seconds
Round 30: Accuracy = 0.5548, Decision = 0, Drift = 0.0100
Round 31 took 7.825869798660278 seconds
Round 31: Accuracy = 0.5469, Decision = 0, Drift = 0.0100
Round 32 took 7.5550243854522705 seconds
Round 32: Accuracy = 0.5566, Decision = 0, Drift = 0.0100
Round 33 took 7.601114988327026 seconds
Round 33: Accuracy = 0.5443, Decision = 0, Drift = 0.0100
Round 34 took 7.585120677947998 seconds
Round 34: Accuracy = 0.5419, Decision = 0, Drift = 0.0100
Round 35 took 7.722811460494995 seconds
Round 35: Accuracy = 0.5352, Decision = 0, Drift = 0.0100
Round 36 took 7.868633270263672 seconds
Round 36: Accuracy = 0.5280, Decision = 0, Drift = 0.0100
Round 37 took 7.891906499862671 seconds
Round 37: Accuracy = 0.5238, Decision = 0, Drift = 0.0100
Round 38 took 7.87921929359436 seconds
Round 38: Accuracy = 0.5222, Decision = 0, Drift = 0.0100
Round 39 took 7.930813789367676 seconds
Round 39: Accuracy = 0.5169, Decision = 0, Drift = 0.0100
Round 40 took 7.945139408111572 seconds
Round 40: Accuracy = 0.5122, Decision = 0, Drift = 0.0100
Round 41 took 8.246172189712524 seconds
Round 41: Accuracy = 0.5187, Decision = 0, Drift = 0.0100
Round 42 took 7.994165420532227 seconds
Round 42: Accuracy = 0.5163, Decision = 0, Drift = 0.0100
Round 43 took 8.082569360733032 seconds
Round 43: Accuracy = 0.5156, Decision = 0, Drift = 0.0100
Round 44 took 8.388756275177002 seconds
Round 44: Accuracy = 0.5146, Decision = 0, Drift = 0.0100
Round 45 took 8.401113986968994 seconds
Round 45: Accuracy = 0.5100, Decision = 0, Drift = 0.0100
Round 46 took 8.223185777664185 seconds
Round 46: Accuracy = 0.5103, Decision = 0, Drift = 0.0100
Round 47 took 8.169954538345337 seconds
Round 47: Accuracy = 0.5070, Decision = 0, Drift = 0.0100
Round 48 took 8.218327522277832 seconds
Round 48: Accuracy = 0.5027, Decision = 0, Drift = 0.0100
Round 49 took 8.288108110427856 seconds
Round 49: Accuracy = 0.5005, Decision = 0, Drift = 0.0100
Round 50 took 8.483688354492188 seconds
Round 50: Accuracy = 0.4907, Decision = 0, Drift = 0.0300
Round 51 took 8.583600044250488 seconds
Round 51: Accuracy = 0.4824, Decision = 0, Drift = 0.0300
Round 52 took 9.016150951385498 seconds
Round 52: Accuracy = 0.4464, Decision = 0, Drift = 0.0300
Round 53 took 8.784818172454834 seconds
Round 53: Accuracy = 0.4401, Decision = 0, Drift = 0.0300
Round 54 took 8.945153713226318 seconds
Round 54: Accuracy = 0.4384, Decision = 0, Drift = 0.0300
Round 55 took 9.46058177947998 seconds
Round 55: Accuracy = 0.4303, Decision = 0, Drift = 0.0300
Round 56 took 9.637266874313354 seconds
Round 56: Accuracy = 0.4239, Decision = 0, Drift = 0.0300
Round 57 took 9.721937417984009 seconds
Round 57: Accuracy = 0.4234, Decision = 0, Drift = 0.0300
Round 58 took 9.61809229850769 seconds
Round 58: Accuracy = 0.4179, Decision = 0, Drift = 0.0300
Round 59 took 10.070360660552979 seconds
Round 59: Accuracy = 0.4144, Decision = 0, Drift = 0.0300
Round 60 took 9.97023606300354 seconds
Round 60: Accuracy = 0.4801, Decision = 0, Drift = 0.0300
Round 61 took 10.207449197769165 seconds
Round 61: Accuracy = 0.4142, Decision = 0, Drift = 0.0300
Round 62 took 10.425998449325562 seconds
Round 62: Accuracy = 0.4059, Decision = 0, Drift = 0.0300
Round 63 took 10.697039604187012 seconds
Round 63: Accuracy = 0.3909, Decision = 0, Drift = 0.0300
Round 64 took 10.977348566055298 seconds
Round 64: Accuracy = 0.3817, Decision = 0, Drift = 0.0300
Round 65 took 11.012051820755005 seconds
Round 65: Accuracy = 0.3795, Decision = 0, Drift = 0.0300
Round 66 took 11.290113925933838 seconds
Round 66: Accuracy = 0.3170, Decision = 0, Drift = 0.0300
Round 67 took 11.206408023834229 seconds
Round 67: Accuracy = 0.3806, Decision = 0, Drift = 0.0300
Round 68 took 12.042038917541504 seconds
Round 68: Accuracy = 0.3627, Decision = 0, Drift = 0.0300
Round 69 took 12.287174224853516 seconds
Round 69: Accuracy = 0.3516, Decision = 0, Drift = 0.0300
Round 70 took 12.292514562606812 seconds
Round 70: Accuracy = 0.3490, Decision = 0, Drift = 0.0300
Round 71 took 12.622361660003662 seconds
Round 71: Accuracy = 0.3429, Decision = 0, Drift = 0.0300
Round 72 took 12.780972957611084 seconds
Round 72: Accuracy = 0.3680, Decision = 0, Drift = 0.0300
Round 73 took 13.055265188217163 seconds
Round 73: Accuracy = 0.3407, Decision = 0, Drift = 0.0300
Round 74 took 13.399482011795044 seconds
Round 74: Accuracy = 0.3305, Decision = 0, Drift = 0.0300
No available target samples left. Reusing existing target indices.
Round 75 took 13.447508335113525 seconds
Round 75: Accuracy = 0.3228, Decision = 0, Drift = 0.0300
No available target samples left. Reusing existing target indices.
Round 76 took 13.456896781921387 seconds
Round 76: Accuracy = 0.3646, Decision = 0, Drift = 0.0300
No available target samples left. Reusing existing target indices.
Round 77 took 13.032441854476929 seconds
Round 77: Accuracy = 0.3201, Decision = 0, Drift = 0.0300
No available target samples left. Reusing existing target indices.
Round 78 took 13.098256349563599 seconds
Round 78: Accuracy = 0.3067, Decision = 0, Drift = 0.0300
No available target samples left. Reusing existing target indices.
Round 79 took 13.302253484725952 seconds
Round 79: Accuracy = 0.3036, Decision = 0, Drift = 0.0300
No available target samples left. Reusing existing target indices.
No available target samples left. Reusing existing target indices.
Round 80 took 13.203382968902588 seconds
Round 80: Accuracy = 0.3036, Decision = 0, Drift = 0.0300
No available target samples left. Reusing existing target indices.
No available target samples left. Reusing existing target indices.
Round 81 took 13.140800476074219 seconds
Round 81: Accuracy = 0.3036, Decision = 0, Drift = 0.0300
No available target samples left. Reusing existing target indices.
No available target samples left. Reusing existing target indices.
Round 82 took 13.284855365753174 seconds
Round 82: Accuracy = 0.3036, Decision = 0, Drift = 0.0300
No available target samples left. Reusing existing target indices.
No available target samples left. Reusing existing target indices.
Round 83 took 13.33386516571045 seconds
Round 83: Accuracy = 0.3036, Decision = 0, Drift = 0.0300
No available target samples left. Reusing existing target indices.
No available target samples left. Reusing existing target indices.
Round 84 took 13.275548219680786 seconds
Round 84: Accuracy = 0.3036, Decision = 0, Drift = 0.0300
No available target samples left. Reusing existing target indices.
No available target samples left. Reusing existing target indices.
Round 85 took 13.541409015655518 seconds
Round 85: Accuracy = 0.3036, Decision = 0, Drift = 0.0300
No available target samples left. Reusing existing target indices.
No available target samples left. Reusing existing target indices.
Round 86 took 13.236733436584473 seconds
Round 86: Accuracy = 0.3036, Decision = 0, Drift = 0.0300
No available target samples left. Reusing existing target indices.
No available target samples left. Reusing existing target indices.
Round 87 took 13.268956661224365 seconds
Round 87: Accuracy = 0.3036, Decision = 0, Drift = 0.0300
No available target samples left. Reusing existing target indices.
No available target samples left. Reusing existing target indices.
Round 88 took 13.238553047180176 seconds
Round 88: Accuracy = 0.3036, Decision = 0, Drift = 0.0300
No available target samples left. Reusing existing target indices.
No available target samples left. Reusing existing target indices.
Round 89 took 13.201653003692627 seconds
Round 89: Accuracy = 0.3036, Decision = 0, Drift = 0.0300
No available target samples left. Reusing existing target indices.
No available target samples left. Reusing existing target indices.
Round 90 took 13.211774110794067 seconds
Round 90: Accuracy = 0.3036, Decision = 0, Drift = 0.0300
No available target samples left. Reusing existing target indices.
No available target samples left. Reusing existing target indices.
Round 91 took 13.267870664596558 seconds
Round 91: Accuracy = 0.3036, Decision = 0, Drift = 0.0300
No available target samples left. Reusing existing target indices.
No available target samples left. Reusing existing target indices.
Round 92 took 13.254573106765747 seconds
Round 92: Accuracy = 0.3036, Decision = 0, Drift = 0.0300
No available target samples left. Reusing existing target indices.
No available target samples left. Reusing existing target indices.
Round 93 took 13.203063011169434 seconds
Round 93: Accuracy = 0.3036, Decision = 0, Drift = 0.0300
No available target samples left. Reusing existing target indices.
No available target samples left. Reusing existing target indices.
Round 94 took 13.28845739364624 seconds
Round 94: Accuracy = 0.3036, Decision = 0, Drift = 0.0300
No available target samples left. Reusing existing target indices.
No available target samples left. Reusing existing target indices.
Round 95 took 13.326736450195312 seconds
Round 95: Accuracy = 0.3036, Decision = 0, Drift = 0.0300
No available target samples left. Reusing existing target indices.
No available target samples left. Reusing existing target indices.
Round 96 took 13.278888702392578 seconds
Round 96: Accuracy = 0.3036, Decision = 0, Drift = 0.0300
No available target samples left. Reusing existing target indices.
No available target samples left. Reusing existing target indices.
Round 97 took 13.546854257583618 seconds
Round 97: Accuracy = 0.3036, Decision = 0, Drift = 0.0300
No available target samples left. Reusing existing target indices.
No available target samples left. Reusing existing target indices.
Round 98 took 13.308068037033081 seconds
Round 98: Accuracy = 0.3036, Decision = 0, Drift = 0.0300
No available target samples left. Reusing existing target indices.
No available target samples left. Reusing existing target indices.
Round 99 took 13.257740020751953 seconds
Round 99: Accuracy = 0.3036, Decision = 0, Drift = 0.0300
No available target samples left. Reusing existing target indices.
No available target samples left. Reusing existing target indices.
Round 100 took 13.281059503555298 seconds
Round 100: Accuracy = 0.3036, Decision = 0, Drift = 0.0500
No available target samples left. Reusing existing target indices.
No available target samples left. Reusing existing target indices.
Round 101 took 13.228270769119263 seconds
Round 101: Accuracy = 0.3036, Decision = 0, Drift = 0.0500
No available target samples left. Reusing existing target indices.
No available target samples left. Reusing existing target indices.
Round 102 took 13.2525053024292 seconds
Round 102: Accuracy = 0.3036, Decision = 0, Drift = 0.0500
No available target samples left. Reusing existing target indices.
No available target samples left. Reusing existing target indices.
Round 103 took 13.319875001907349 seconds
Round 103: Accuracy = 0.3036, Decision = 0, Drift = 0.0500
No available target samples left. Reusing existing target indices.
No available target samples left. Reusing existing target indices.
Round 104 took 13.24618124961853 seconds
Round 104: Accuracy = 0.3036, Decision = 0, Drift = 0.0500
No available target samples left. Reusing existing target indices.
No available target samples left. Reusing existing target indices.
Round 105 took 13.255553722381592 seconds
Round 105: Accuracy = 0.3036, Decision = 0, Drift = 0.0500
No available target samples left. Reusing existing target indices.
No available target samples left. Reusing existing target indices.
Round 106 took 13.24871563911438 seconds
Round 106: Accuracy = 0.3036, Decision = 0, Drift = 0.0500
No available target samples left. Reusing existing target indices.
No available target samples left. Reusing existing target indices.
Round 107 took 13.289719581604004 seconds
Round 107: Accuracy = 0.3036, Decision = 0, Drift = 0.0500
No available target samples left. Reusing existing target indices.
No available target samples left. Reusing existing target indices.
Round 108 took 13.26235318183899 seconds
Round 108: Accuracy = 0.3036, Decision = 0, Drift = 0.0500
No available target samples left. Reusing existing target indices.
No available target samples left. Reusing existing target indices.
Round 109 took 13.164009094238281 seconds
Round 109: Accuracy = 0.3036, Decision = 0, Drift = 0.0500
No available target samples left. Reusing existing target indices.
No available target samples left. Reusing existing target indices.
Round 110 took 13.554867267608643 seconds
Round 110: Accuracy = 0.3036, Decision = 0, Drift = 0.0500
No available target samples left. Reusing existing target indices.
No available target samples left. Reusing existing target indices.
Round 111 took 13.586353302001953 seconds
Round 111: Accuracy = 0.3036, Decision = 0, Drift = 0.0500
No available target samples left. Reusing existing target indices.
No available target samples left. Reusing existing target indices.
Round 112 took 13.284581661224365 seconds
Round 112: Accuracy = 0.3036, Decision = 0, Drift = 0.0500
No available target samples left. Reusing existing target indices.
No available target samples left. Reusing existing target indices.
Round 113 took 13.244525671005249 seconds
Round 113: Accuracy = 0.3036, Decision = 0, Drift = 0.0500
No available target samples left. Reusing existing target indices.
No available target samples left. Reusing existing target indices.
Round 114 took 13.239832401275635 seconds
Round 114: Accuracy = 0.3036, Decision = 0, Drift = 0.0500
No available target samples left. Reusing existing target indices.
No available target samples left. Reusing existing target indices.
Round 115 took 13.311112880706787 seconds
Round 115: Accuracy = 0.3036, Decision = 0, Drift = 0.0500
No available target samples left. Reusing existing target indices.
No available target samples left. Reusing existing target indices.
Round 116 took 13.210932970046997 seconds
Round 116: Accuracy = 0.3036, Decision = 0, Drift = 0.0500
No available target samples left. Reusing existing target indices.
No available target samples left. Reusing existing target indices.
Round 117 took 13.228886842727661 seconds
Round 117: Accuracy = 0.3036, Decision = 0, Drift = 0.0500
No available target samples left. Reusing existing target indices.
No available target samples left. Reusing existing target indices.
Round 118 took 13.560669898986816 seconds
Round 118: Accuracy = 0.3036, Decision = 0, Drift = 0.0500
No available target samples left. Reusing existing target indices.
No available target samples left. Reusing existing target indices.
Round 119 took 13.294342994689941 seconds
Round 119: Accuracy = 0.3036, Decision = 0, Drift = 0.0500
No available target samples left. Reusing existing target indices.
No available target samples left. Reusing existing target indices.
Round 120 took 13.248649835586548 seconds
Round 120: Accuracy = 0.3036, Decision = 0, Drift = 0.0500
No available target samples left. Reusing existing target indices.
No available target samples left. Reusing existing target indices.
Round 121 took 13.173958539962769 seconds
Round 121: Accuracy = 0.3036, Decision = 0, Drift = 0.0500
No available target samples left. Reusing existing target indices.
No available target samples left. Reusing existing target indices.
Round 122 took 13.296898365020752 seconds
Round 122: Accuracy = 0.3036, Decision = 0, Drift = 0.0500
No available target samples left. Reusing existing target indices.
No available target samples left. Reusing existing target indices.
Round 123 took 13.586833477020264 seconds
Round 123: Accuracy = 0.3036, Decision = 0, Drift = 0.0500
No available target samples left. Reusing existing target indices.
No available target samples left. Reusing existing target indices.
Round 124 took 13.324437856674194 seconds
Round 124: Accuracy = 0.3036, Decision = 0, Drift = 0.0500
No available target samples left. Reusing existing target indices.
No available target samples left. Reusing existing target indices.
Round 125 took 13.15226125717163 seconds
Round 125: Accuracy = 0.3036, Decision = 0, Drift = 0.0500
No available target samples left. Reusing existing target indices.
No available target samples left. Reusing existing target indices.
Round 126 took 13.207103729248047 seconds
Round 126: Accuracy = 0.3036, Decision = 0, Drift = 0.0500
No available target samples left. Reusing existing target indices.
No available target samples left. Reusing existing target indices.
Round 127 took 13.242282152175903 seconds
Round 127: Accuracy = 0.3036, Decision = 0, Drift = 0.0500
No available target samples left. Reusing existing target indices.
No available target samples left. Reusing existing target indices.
Round 128 took 13.225260257720947 seconds
Round 128: Accuracy = 0.3036, Decision = 0, Drift = 0.0500
No available target samples left. Reusing existing target indices.
No available target samples left. Reusing existing target indices.
Round 129 took 13.180352687835693 seconds
Round 129: Accuracy = 0.3036, Decision = 0, Drift = 0.0500
No available target samples left. Reusing existing target indices.
No available target samples left. Reusing existing target indices.
Round 130 took 13.275527477264404 seconds
Round 130: Accuracy = 0.3036, Decision = 0, Drift = 0.0500
No available target samples left. Reusing existing target indices.
No available target samples left. Reusing existing target indices.
Round 131 took 13.24944281578064 seconds
Round 131: Accuracy = 0.3036, Decision = 0, Drift = 0.0500
No available target samples left. Reusing existing target indices.
No available target samples left. Reusing existing target indices.
Round 132 took 13.325700283050537 seconds
Round 132: Accuracy = 0.3036, Decision = 0, Drift = 0.0500
No available target samples left. Reusing existing target indices.
No available target samples left. Reusing existing target indices.
Round 133 took 13.272856712341309 seconds
Round 133: Accuracy = 0.3036, Decision = 0, Drift = 0.0500
No available target samples left. Reusing existing target indices.
No available target samples left. Reusing existing target indices.
Round 134 took 13.288161039352417 seconds
Round 134: Accuracy = 0.3036, Decision = 0, Drift = 0.0500
No available target samples left. Reusing existing target indices.
No available target samples left. Reusing existing target indices.
Round 135 took 13.535858392715454 seconds
Round 135: Accuracy = 0.3036, Decision = 0, Drift = 0.0500
No available target samples left. Reusing existing target indices.
No available target samples left. Reusing existing target indices.
Round 136 took 13.322014093399048 seconds
Round 136: Accuracy = 0.3036, Decision = 0, Drift = 0.0500
No available target samples left. Reusing existing target indices.
No available target samples left. Reusing existing target indices.
Round 137 took 13.254626750946045 seconds
Round 137: Accuracy = 0.3036, Decision = 0, Drift = 0.0500
No available target samples left. Reusing existing target indices.
No available target samples left. Reusing existing target indices.
Round 138 took 13.304666757583618 seconds
Round 138: Accuracy = 0.3036, Decision = 0, Drift = 0.0500
No available target samples left. Reusing existing target indices.
No available target samples left. Reusing existing target indices.
Round 139 took 13.608877897262573 seconds
Round 139: Accuracy = 0.3036, Decision = 0, Drift = 0.0500
No available target samples left. Reusing existing target indices.
No available target samples left. Reusing existing target indices.
Round 140 took 13.514974355697632 seconds
Round 140: Accuracy = 0.3036, Decision = 0, Drift = 0.0500
No available target samples left. Reusing existing target indices.
No available target samples left. Reusing existing target indices.
Round 141 took 13.192647695541382 seconds
Round 141: Accuracy = 0.3036, Decision = 0, Drift = 0.0500
No available target samples left. Reusing existing target indices.
No available target samples left. Reusing existing target indices.
Round 142 took 13.337358474731445 seconds
Round 142: Accuracy = 0.3036, Decision = 0, Drift = 0.0500
No available target samples left. Reusing existing target indices.
No available target samples left. Reusing existing target indices.
Round 143 took 13.303576469421387 seconds
Round 143: Accuracy = 0.3036, Decision = 0, Drift = 0.0500
No available target samples left. Reusing existing target indices.
No available target samples left. Reusing existing target indices.
Round 144 took 13.227333784103394 seconds
Round 144: Accuracy = 0.3036, Decision = 0, Drift = 0.0500
No available target samples left. Reusing existing target indices.
No available target samples left. Reusing existing target indices.
Round 145 took 13.278484106063843 seconds
Round 145: Accuracy = 0.3036, Decision = 0, Drift = 0.0500
No available target samples left. Reusing existing target indices.
No available target samples left. Reusing existing target indices.
Round 146 took 13.300867319107056 seconds
Round 146: Accuracy = 0.3036, Decision = 0, Drift = 0.0500
No available target samples left. Reusing existing target indices.
No available target samples left. Reusing existing target indices.
Round 147 took 13.326589345932007 seconds
Round 147: Accuracy = 0.3036, Decision = 0, Drift = 0.0500
No available target samples left. Reusing existing target indices.
No available target samples left. Reusing existing target indices.
Round 148 took 13.524754762649536 seconds
Round 148: Accuracy = 0.3036, Decision = 0, Drift = 0.0500
No available target samples left. Reusing existing target indices.
No available target samples left. Reusing existing target indices.
Round 149 took 13.174317359924316 seconds
Round 149: Accuracy = 0.3036, Decision = 0, Drift = 0.0500
No available target samples left. Reusing existing target indices.
No available target samples left. Reusing existing target indices.
Round 150 took 13.26855182647705 seconds
Round 150: Accuracy = 0.3036, Decision = 0, Drift = 0.0700
No available target samples left. Reusing existing target indices.
No available target samples left. Reusing existing target indices.
Round 151 took 13.358890533447266 seconds
Round 151: Accuracy = 0.3036, Decision = 0, Drift = 0.0700
No available target samples left. Reusing existing target indices.
No available target samples left. Reusing existing target indices.
Round 152 took 13.262001037597656 seconds
Round 152: Accuracy = 0.3036, Decision = 0, Drift = 0.0700
No available target samples left. Reusing existing target indices.
No available target samples left. Reusing existing target indices.
Round 153 took 13.13247799873352 seconds
Round 153: Accuracy = 0.3036, Decision = 0, Drift = 0.0700
No available target samples left. Reusing existing target indices.
No available target samples left. Reusing existing target indices.
Round 154 took 13.231407165527344 seconds
Round 154: Accuracy = 0.3036, Decision = 0, Drift = 0.0700
No available target samples left. Reusing existing target indices.
No available target samples left. Reusing existing target indices.
Round 155 took 13.308035612106323 seconds
Round 155: Accuracy = 0.3036, Decision = 0, Drift = 0.0700
No available target samples left. Reusing existing target indices.
No available target samples left. Reusing existing target indices.
Round 156 took 13.280813217163086 seconds
Round 156: Accuracy = 0.3036, Decision = 0, Drift = 0.0700
No available target samples left. Reusing existing target indices.
No available target samples left. Reusing existing target indices.
Round 157 took 13.253829956054688 seconds
Round 157: Accuracy = 0.3036, Decision = 0, Drift = 0.0700
No available target samples left. Reusing existing target indices.
No available target samples left. Reusing existing target indices.
Round 158 took 13.269726276397705 seconds
Round 158: Accuracy = 0.3036, Decision = 0, Drift = 0.0700
No available target samples left. Reusing existing target indices.
No available target samples left. Reusing existing target indices.
Round 159 took 13.323424339294434 seconds
Round 159: Accuracy = 0.3036, Decision = 0, Drift = 0.0700
No available target samples left. Reusing existing target indices.
No available target samples left. Reusing existing target indices.
Round 160 took 13.549071311950684 seconds
Round 160: Accuracy = 0.3036, Decision = 0, Drift = 0.0700
No available target samples left. Reusing existing target indices.
No available target samples left. Reusing existing target indices.
Round 161 took 13.538331031799316 seconds
Round 161: Accuracy = 0.3036, Decision = 0, Drift = 0.0700
No available target samples left. Reusing existing target indices.
No available target samples left. Reusing existing target indices.
Round 162 took 13.308781862258911 seconds
Round 162: Accuracy = 0.3036, Decision = 0, Drift = 0.0700
No available target samples left. Reusing existing target indices.
No available target samples left. Reusing existing target indices.
Round 163 took 13.325411319732666 seconds
Round 163: Accuracy = 0.3036, Decision = 0, Drift = 0.0700
No available target samples left. Reusing existing target indices.
No available target samples left. Reusing existing target indices.
Round 164 took 13.293535947799683 seconds
Round 164: Accuracy = 0.3036, Decision = 0, Drift = 0.0700
No available target samples left. Reusing existing target indices.
No available target samples left. Reusing existing target indices.
Round 165 took 13.219699382781982 seconds
Round 165: Accuracy = 0.3036, Decision = 0, Drift = 0.0700
No available target samples left. Reusing existing target indices.
No available target samples left. Reusing existing target indices.
Round 166 took 13.323309183120728 seconds
Round 166: Accuracy = 0.3036, Decision = 0, Drift = 0.0700
No available target samples left. Reusing existing target indices.
No available target samples left. Reusing existing target indices.
Round 167 took 13.547321319580078 seconds
Round 167: Accuracy = 0.3036, Decision = 0, Drift = 0.0700
No available target samples left. Reusing existing target indices.
No available target samples left. Reusing existing target indices.
Round 168 took 13.234265804290771 seconds
Round 168: Accuracy = 0.3036, Decision = 0, Drift = 0.0700
No available target samples left. Reusing existing target indices.
No available target samples left. Reusing existing target indices.
Round 169 took 13.26474905014038 seconds
Round 169: Accuracy = 0.3036, Decision = 0, Drift = 0.0700
No available target samples left. Reusing existing target indices.
No available target samples left. Reusing existing target indices.
Round 170 took 13.294090986251831 seconds
Round 170: Accuracy = 0.3036, Decision = 0, Drift = 0.0700
No available target samples left. Reusing existing target indices.
No available target samples left. Reusing existing target indices.
Round 171 took 13.241169214248657 seconds
Round 171: Accuracy = 0.3036, Decision = 0, Drift = 0.0700
No available target samples left. Reusing existing target indices.
No available target samples left. Reusing existing target indices.
Round 172 took 13.27025055885315 seconds
Round 172: Accuracy = 0.3036, Decision = 0, Drift = 0.0700
No available target samples left. Reusing existing target indices.
No available target samples left. Reusing existing target indices.
Round 173 took 13.124424934387207 seconds
Round 173: Accuracy = 0.3036, Decision = 0, Drift = 0.0700
No available target samples left. Reusing existing target indices.
No available target samples left. Reusing existing target indices.
Round 174 took 13.370085954666138 seconds
Round 174: Accuracy = 0.3036, Decision = 0, Drift = 0.0700
No available target samples left. Reusing existing target indices.
No available target samples left. Reusing existing target indices.
Round 175 took 13.372187852859497 seconds
Round 175: Accuracy = 0.3036, Decision = 0, Drift = 0.0700
No available target samples left. Reusing existing target indices.
No available target samples left. Reusing existing target indices.
Round 176 took 13.568997144699097 seconds
Round 176: Accuracy = 0.3036, Decision = 0, Drift = 0.0700
No available target samples left. Reusing existing target indices.
No available target samples left. Reusing existing target indices.
Round 177 took 13.32624626159668 seconds
Round 177: Accuracy = 0.3036, Decision = 0, Drift = 0.0700
No available target samples left. Reusing existing target indices.
No available target samples left. Reusing existing target indices.
Round 178 took 13.334006786346436 seconds
Round 178: Accuracy = 0.3036, Decision = 0, Drift = 0.0700
No available target samples left. Reusing existing target indices.
No available target samples left. Reusing existing target indices.
Round 179 took 13.66164755821228 seconds
Round 179: Accuracy = 0.3036, Decision = 0, Drift = 0.0700
No available target samples left. Reusing existing target indices.
No available target samples left. Reusing existing target indices.
Round 180 took 13.315824270248413 seconds
Round 180: Accuracy = 0.3036, Decision = 0, Drift = 0.0700
No available target samples left. Reusing existing target indices.
No available target samples left. Reusing existing target indices.
Round 181 took 13.247862339019775 seconds
Round 181: Accuracy = 0.3036, Decision = 0, Drift = 0.0700
No available target samples left. Reusing existing target indices.
No available target samples left. Reusing existing target indices.
Round 182 took 13.326927423477173 seconds
Round 182: Accuracy = 0.3036, Decision = 0, Drift = 0.0700
No available target samples left. Reusing existing target indices.
No available target samples left. Reusing existing target indices.
Round 183 took 13.617382526397705 seconds
Round 183: Accuracy = 0.3036, Decision = 0, Drift = 0.0700
No available target samples left. Reusing existing target indices.
No available target samples left. Reusing existing target indices.
Round 184 took 13.360384464263916 seconds
Round 184: Accuracy = 0.3036, Decision = 0, Drift = 0.0700
No available target samples left. Reusing existing target indices.
No available target samples left. Reusing existing target indices.
Round 185 took 13.302172660827637 seconds
Round 185: Accuracy = 0.3036, Decision = 0, Drift = 0.0700
No available target samples left. Reusing existing target indices.
No available target samples left. Reusing existing target indices.
Round 186 took 13.197999715805054 seconds
Round 186: Accuracy = 0.3036, Decision = 0, Drift = 0.0700
No available target samples left. Reusing existing target indices.
No available target samples left. Reusing existing target indices.
Round 187 took 13.232517719268799 seconds
Round 187: Accuracy = 0.3036, Decision = 0, Drift = 0.0700
No available target samples left. Reusing existing target indices.
No available target samples left. Reusing existing target indices.
Round 188 took 13.182379007339478 seconds
Round 188: Accuracy = 0.3036, Decision = 0, Drift = 0.0700
No available target samples left. Reusing existing target indices.
No available target samples left. Reusing existing target indices.
Round 189 took 13.239468097686768 seconds
Round 189: Accuracy = 0.3036, Decision = 0, Drift = 0.0700
No available target samples left. Reusing existing target indices.
No available target samples left. Reusing existing target indices.
Round 190 took 13.236939668655396 seconds
Round 190: Accuracy = 0.3036, Decision = 0, Drift = 0.0700
No available target samples left. Reusing existing target indices.
No available target samples left. Reusing existing target indices.
Round 191 took 13.211628675460815 seconds
Round 191: Accuracy = 0.3036, Decision = 0, Drift = 0.0700
No available target samples left. Reusing existing target indices.
No available target samples left. Reusing existing target indices.
Round 192 took 13.204050302505493 seconds
Round 192: Accuracy = 0.3036, Decision = 0, Drift = 0.0700
No available target samples left. Reusing existing target indices.
No available target samples left. Reusing existing target indices.
Round 193 took 13.193376541137695 seconds
Round 193: Accuracy = 0.3036, Decision = 0, Drift = 0.0700
No available target samples left. Reusing existing target indices.
No available target samples left. Reusing existing target indices.
Round 194 took 13.186310529708862 seconds
Round 194: Accuracy = 0.3036, Decision = 0, Drift = 0.0700
No available target samples left. Reusing existing target indices.
No available target samples left. Reusing existing target indices.
Round 195 took 13.19979476928711 seconds
Round 195: Accuracy = 0.3036, Decision = 0, Drift = 0.0700
No available target samples left. Reusing existing target indices.
No available target samples left. Reusing existing target indices.
Round 196 took 13.243175029754639 seconds
Round 196: Accuracy = 0.3036, Decision = 0, Drift = 0.0700
No available target samples left. Reusing existing target indices.
No available target samples left. Reusing existing target indices.
Round 197 took 13.155369758605957 seconds
Round 197: Accuracy = 0.3036, Decision = 0, Drift = 0.0700
No available target samples left. Reusing existing target indices.
No available target samples left. Reusing existing target indices.
Round 198 took 13.248711585998535 seconds
Round 198: Accuracy = 0.3036, Decision = 0, Drift = 0.0700
No available target samples left. Reusing existing target indices.
No available target samples left. Reusing existing target indices.
Round 199 took 13.291774988174438 seconds
Round 199: Accuracy = 0.3036, Decision = 0, Drift = 0.0700
Average time per round: 11.521646467447281
Total time: 2304.329293489456
