Device: cuda
CUDA Version: 12.1
cuDNN Version: 8902
PyTorch Version: 2.3.0
Model used: PACSCNN_1
Client device: cuda
Round 0 took 2.8390910625457764 seconds
Round 0: Accuracy = 0.7561, Decision = 0, Drift = 0.0000
Current target domain: sketch
Round 1 took 2.9031529426574707 seconds
Round 1: Accuracy = 0.7561, Decision = 0, Drift = 0.0000
Current target domain: sketch
Round 2 took 2.8397586345672607 seconds
Round 2: Accuracy = 0.7561, Decision = 0, Drift = 0.0000
Current target domain: sketch
Round 3 took 3.0154941082000732 seconds
Round 3: Accuracy = 0.7561, Decision = 0, Drift = 0.0000
Current target domain: sketch
Round 4 took 2.980353355407715 seconds
Round 4: Accuracy = 0.7561, Decision = 0, Drift = 0.0000
Current target domain: sketch
Round 5 took 2.9441092014312744 seconds
Round 5: Accuracy = 0.7561, Decision = 0, Drift = 0.0000
Current target domain: sketch
Round 6 took 3.073171377182007 seconds
Round 6: Accuracy = 0.7561, Decision = 0, Drift = 0.0000
Current target domain: sketch
Round 7 took 2.919745922088623 seconds
Round 7: Accuracy = 0.7561, Decision = 0, Drift = 0.0000
Current target domain: sketch
Round 8 took 3.0102293491363525 seconds
Round 8: Accuracy = 0.7561, Decision = 0, Drift = 0.0000
Current target domain: sketch
Round 9 took 2.9724066257476807 seconds
Round 9: Accuracy = 0.7561, Decision = 0, Drift = 0.0000
Current target domain: sketch
Round 10 took 2.952902317047119 seconds
Round 10: Accuracy = 0.7561, Decision = 0, Drift = 0.0000
Current target domain: sketch
Round 11 took 2.938567638397217 seconds
Round 11: Accuracy = 0.7561, Decision = 0, Drift = 0.0000
Current target domain: sketch
Round 12 took 2.843282461166382 seconds
Round 12: Accuracy = 0.7561, Decision = 0, Drift = 0.0000
Current target domain: sketch
Round 13 took 3.0679595470428467 seconds
Round 13: Accuracy = 0.7561, Decision = 0, Drift = 0.0000
Current target domain: sketch
Round 14 took 2.953047513961792 seconds
Round 14: Accuracy = 0.7561, Decision = 0, Drift = 0.0000
Current target domain: sketch
Round 15 took 2.8942673206329346 seconds
Round 15: Accuracy = 0.7561, Decision = 0, Drift = 0.0000
Current target domain: sketch
Round 16 took 2.9288692474365234 seconds
Round 16: Accuracy = 0.7561, Decision = 0, Drift = 0.0000
Current target domain: sketch
Round 17 took 2.9710168838500977 seconds
Round 17: Accuracy = 0.7561, Decision = 0, Drift = 0.0000
Current target domain: sketch
Round 18 took 2.9775476455688477 seconds
Round 18: Accuracy = 0.7561, Decision = 0, Drift = 0.0000
Current target domain: sketch
Round 19 took 2.9049928188323975 seconds
Round 19: Accuracy = 0.7561, Decision = 0, Drift = 0.0000
Current target domain: sketch
Round 20 took 2.945889949798584 seconds
Round 20: Accuracy = 0.7561, Decision = 0, Drift = 0.0000
Current target domain: sketch
Round 21 took 2.9576220512390137 seconds
Round 21: Accuracy = 0.7561, Decision = 0, Drift = 0.0000
Current target domain: sketch
Round 22 took 2.945709466934204 seconds
Round 22: Accuracy = 0.7561, Decision = 0, Drift = 0.0000
Current target domain: sketch
Round 23 took 2.9334969520568848 seconds
Round 23: Accuracy = 0.7561, Decision = 0, Drift = 0.0000
Current target domain: sketch
Round 24 took 2.9359612464904785 seconds
Round 24: Accuracy = 0.7561, Decision = 0, Drift = 0.0000
Current target domain: sketch
Round 25 took 3.120887041091919 seconds
Round 25: Accuracy = 0.7561, Decision = 0, Drift = 0.0000
Current target domain: sketch
Round 26 took 2.8927340507507324 seconds
Round 26: Accuracy = 0.7561, Decision = 0, Drift = 0.0000
Current target domain: sketch
Round 27 took 2.9370357990264893 seconds
Round 27: Accuracy = 0.7561, Decision = 0, Drift = 0.0000
Current target domain: sketch
Round 28 took 2.8098347187042236 seconds
Round 28: Accuracy = 0.7561, Decision = 0, Drift = 0.0000
Current target domain: sketch
Round 29 took 3.1036698818206787 seconds
Round 29: Accuracy = 0.7561, Decision = 0, Drift = 0.0000
Current target domain: sketch
Round 30 took 2.9279589653015137 seconds
Round 30: Accuracy = 0.7561, Decision = 0, Drift = 0.0000
Current target domain: sketch
Round 31 took 2.907313823699951 seconds
Round 31: Accuracy = 0.7561, Decision = 0, Drift = 0.0000
Current target domain: sketch
Round 32 took 2.8797998428344727 seconds
Round 32: Accuracy = 0.7561, Decision = 0, Drift = 0.0000
Current target domain: sketch
Round 33 took 3.005074977874756 seconds
Round 33: Accuracy = 0.7561, Decision = 0, Drift = 0.0000
Current target domain: sketch
Round 34 took 3.0463345050811768 seconds
Round 34: Accuracy = 0.7561, Decision = 0, Drift = 0.0000
Current target domain: sketch
Round 35 took 2.8699493408203125 seconds
Round 35: Accuracy = 0.7561, Decision = 0, Drift = 0.0000
Current target domain: sketch
Round 36 took 3.0159387588500977 seconds
Round 36: Accuracy = 0.7561, Decision = 0, Drift = 0.0000
Current target domain: sketch
Round 37 took 2.981887102127075 seconds
Round 37: Accuracy = 0.7561, Decision = 0, Drift = 0.0000
Current target domain: sketch
Round 38 took 2.9486920833587646 seconds
Round 38: Accuracy = 0.7561, Decision = 0, Drift = 0.0000
Current target domain: sketch
Round 39 took 3.0243754386901855 seconds
Round 39: Accuracy = 0.7561, Decision = 0, Drift = 0.0000
Current target domain: sketch
Round 40 took 2.99379301071167 seconds
Round 40: Accuracy = 0.7561, Decision = 0, Drift = 0.0000
Current target domain: sketch
Round 41 took 3.0713653564453125 seconds
Round 41: Accuracy = 0.7561, Decision = 0, Drift = 0.0000
Current target domain: sketch
Round 42 took 2.8842833042144775 seconds
Round 42: Accuracy = 0.7561, Decision = 0, Drift = 0.0000
Current target domain: sketch
Round 43 took 2.8849236965179443 seconds
Round 43: Accuracy = 0.7561, Decision = 0, Drift = 0.0000
Current target domain: sketch
Round 44 took 3.023104190826416 seconds
Round 44: Accuracy = 0.7561, Decision = 0, Drift = 0.0000
Current target domain: sketch
Round 45 took 2.923886299133301 seconds
Round 45: Accuracy = 0.7561, Decision = 0, Drift = 0.0000
Current target domain: sketch
Round 46 took 2.964134693145752 seconds
Round 46: Accuracy = 0.7561, Decision = 0, Drift = 0.0000
Current target domain: sketch
Round 47 took 2.866743326187134 seconds
Round 47: Accuracy = 0.7561, Decision = 0, Drift = 0.0000
Current target domain: sketch
Round 48 took 3.0501785278320312 seconds
Round 48: Accuracy = 0.7561, Decision = 0, Drift = 0.0000
Current target domain: sketch
Round 49 took 2.9778521060943604 seconds
Round 49: Accuracy = 0.7561, Decision = 0, Drift = 0.0000
Current target domain: sketch
Round 50 took 7.7007880210876465 seconds
Round 50: Accuracy = 0.6552, Decision = 0, Drift = 0.2000
Current target domain: sketch
Round 51 took 7.84563136100769 seconds
Round 51: Accuracy = 0.5738, Decision = 0, Drift = 0.2000
Current target domain: sketch
Round 52 took 8.577820777893066 seconds
Round 52: Accuracy = 0.4956, Decision = 0, Drift = 0.2000
Current target domain: sketch
Round 53 took 9.472398519515991 seconds
Round 53: Accuracy = 0.4389, Decision = 0, Drift = 0.2000
Current target domain: sketch
Round 54 took 10.991919994354248 seconds
Round 54: Accuracy = 0.3876, Decision = 0, Drift = 0.2000
Current target domain: sketch
Round 55 took 6.930851459503174 seconds
Round 55: Accuracy = 0.3876, Decision = 0, Drift = 0.0000
Current target domain: sketch
Round 56 took 6.934712648391724 seconds
Round 56: Accuracy = 0.3876, Decision = 0, Drift = 0.0000
Current target domain: sketch
Round 57 took 6.96125340461731 seconds
Round 57: Accuracy = 0.3876, Decision = 0, Drift = 0.0000
Current target domain: sketch
Round 58 took 6.931492805480957 seconds
Round 58: Accuracy = 0.3876, Decision = 0, Drift = 0.0000
Current target domain: sketch
Round 59 took 6.941872835159302 seconds
Round 59: Accuracy = 0.3876, Decision = 0, Drift = 0.0000
Current target domain: sketch
Round 60 took 6.951154947280884 seconds
Round 60: Accuracy = 0.3876, Decision = 0, Drift = 0.0000
Current target domain: sketch
Round 61 took 6.958581447601318 seconds
Round 61: Accuracy = 0.3876, Decision = 0, Drift = 0.0000
Current target domain: sketch
Round 62 took 6.997122287750244 seconds
Round 62: Accuracy = 0.3876, Decision = 0, Drift = 0.0000
Current target domain: sketch
Round 63 took 6.908499240875244 seconds
Round 63: Accuracy = 0.3876, Decision = 0, Drift = 0.0000
Current target domain: sketch
Round 64 took 6.939273357391357 seconds
Round 64: Accuracy = 0.3876, Decision = 0, Drift = 0.0000
Current target domain: sketch
Round 65 took 6.984405755996704 seconds
Round 65: Accuracy = 0.3876, Decision = 0, Drift = 0.0000
Current target domain: sketch
Round 66 took 6.989596366882324 seconds
Round 66: Accuracy = 0.3876, Decision = 0, Drift = 0.0000
Current target domain: sketch
Round 67 took 6.924236536026001 seconds
Round 67: Accuracy = 0.3876, Decision = 0, Drift = 0.0000
Current target domain: sketch
Round 68 took 6.951246738433838 seconds
Round 68: Accuracy = 0.3876, Decision = 0, Drift = 0.0000
Current target domain: sketch
Round 69 took 6.9732372760772705 seconds
Round 69: Accuracy = 0.3876, Decision = 0, Drift = 0.0000
Current target domain: sketch
Round 70 took 6.968370199203491 seconds
Round 70: Accuracy = 0.3876, Decision = 0, Drift = 0.0000
Current target domain: sketch
Round 71 took 6.970735788345337 seconds
Round 71: Accuracy = 0.3876, Decision = 0, Drift = 0.0000
Current target domain: sketch
Round 72 took 6.953703165054321 seconds
Round 72: Accuracy = 0.3876, Decision = 0, Drift = 0.0000
Current target domain: sketch
Round 73 took 7.008890151977539 seconds
Round 73: Accuracy = 0.3876, Decision = 0, Drift = 0.0000
Current target domain: sketch
Round 74 took 6.999093055725098 seconds
Round 74: Accuracy = 0.3876, Decision = 0, Drift = 0.0000
Current target domain: sketch
Round 75 took 6.906456708908081 seconds
Round 75: Accuracy = 0.3876, Decision = 0, Drift = 0.0000
Current target domain: sketch
Round 76 took 6.979355573654175 seconds
Round 76: Accuracy = 0.3876, Decision = 0, Drift = 0.0000
Current target domain: sketch
Round 77 took 6.942699909210205 seconds
Round 77: Accuracy = 0.3876, Decision = 0, Drift = 0.0000
Current target domain: sketch
Round 78 took 6.963364839553833 seconds
Round 78: Accuracy = 0.3876, Decision = 0, Drift = 0.0000
Current target domain: sketch
Round 79 took 7.006661891937256 seconds
Round 79: Accuracy = 0.3876, Decision = 0, Drift = 0.0000
Current target domain: sketch
Round 80 took 6.9605748653411865 seconds
Round 80: Accuracy = 0.3876, Decision = 0, Drift = 0.0000
Current target domain: sketch
Round 81 took 7.002602815628052 seconds
Round 81: Accuracy = 0.3876, Decision = 0, Drift = 0.0000
Current target domain: sketch
Round 82 took 6.95822286605835 seconds
Round 82: Accuracy = 0.3876, Decision = 0, Drift = 0.0000
Current target domain: sketch
Round 83 took 6.9629364013671875 seconds
Round 83: Accuracy = 0.3876, Decision = 0, Drift = 0.0000
Current target domain: sketch
Round 84 took 6.959377765655518 seconds
Round 84: Accuracy = 0.3876, Decision = 0, Drift = 0.0000
Current target domain: sketch
Round 85 took 6.956451177597046 seconds
Round 85: Accuracy = 0.3876, Decision = 0, Drift = 0.0000
Current target domain: sketch
Round 86 took 6.999400615692139 seconds
Round 86: Accuracy = 0.3876, Decision = 0, Drift = 0.0000
Current target domain: sketch
Round 87 took 6.9552483558654785 seconds
Round 87: Accuracy = 0.3876, Decision = 0, Drift = 0.0000
Current target domain: sketch
Round 88 took 6.930799245834351 seconds
Round 88: Accuracy = 0.3876, Decision = 0, Drift = 0.0000
Current target domain: sketch
Round 89 took 6.961986303329468 seconds
Round 89: Accuracy = 0.3876, Decision = 0, Drift = 0.0000
Current target domain: sketch
Round 90 took 6.9822540283203125 seconds
Round 90: Accuracy = 0.3876, Decision = 0, Drift = 0.0000
Current target domain: sketch
Round 91 took 6.938431739807129 seconds
Round 91: Accuracy = 0.3876, Decision = 0, Drift = 0.0000
Current target domain: sketch
Round 92 took 6.95415997505188 seconds
Round 92: Accuracy = 0.3876, Decision = 0, Drift = 0.0000
Current target domain: sketch
Round 93 took 6.935866355895996 seconds
Round 93: Accuracy = 0.3876, Decision = 0, Drift = 0.0000
Current target domain: sketch
Round 94 took 7.010754585266113 seconds
Round 94: Accuracy = 0.3876, Decision = 0, Drift = 0.0000
Current target domain: sketch
Round 95 took 6.9849584102630615 seconds
Round 95: Accuracy = 0.3876, Decision = 0, Drift = 0.0000
Current target domain: sketch
Round 96 took 6.974192142486572 seconds
Round 96: Accuracy = 0.3876, Decision = 0, Drift = 0.0000
Current target domain: sketch
Round 97 took 7.000655651092529 seconds
Round 97: Accuracy = 0.3876, Decision = 0, Drift = 0.0000
Current target domain: sketch
Round 98 took 6.967243194580078 seconds
Round 98: Accuracy = 0.3876, Decision = 0, Drift = 0.0000
Current target domain: sketch
Round 99 took 6.991593837738037 seconds
Round 99: Accuracy = 0.3876, Decision = 0, Drift = 0.0000
Current target domain: sketch
Round 100 took 12.67699646949768 seconds
Round 100: Accuracy = 0.3851, Decision = 0, Drift = 0.2000
Current target domain: sketch
Round 101 took 13.102006912231445 seconds
Round 101: Accuracy = 0.3180, Decision = 0, Drift = 0.2000
Current target domain: sketch
No available target samples left. Reusing existing target indices.
Round 102 took 13.487627267837524 seconds
Round 102: Accuracy = 0.3155, Decision = 0, Drift = 0.2000
Current target domain: sketch
No available target samples left. Reusing existing target indices.
No available target samples left. Reusing existing target indices.
Round 103 took 13.080957651138306 seconds
Round 103: Accuracy = 0.3155, Decision = 0, Drift = 0.2000
Current target domain: sketch
No available target samples left. Reusing existing target indices.
No available target samples left. Reusing existing target indices.
Round 104 took 13.133963823318481 seconds
Round 104: Accuracy = 0.3155, Decision = 0, Drift = 0.2000
Current target domain: sketch
Round 105 took 9.313816785812378 seconds
Round 105: Accuracy = 0.3155, Decision = 0, Drift = 0.0000
Current target domain: cartoon
Round 106 took 9.367255210876465 seconds
Round 106: Accuracy = 0.3155, Decision = 0, Drift = 0.0000
Current target domain: cartoon
Round 107 took 9.420700788497925 seconds
Round 107: Accuracy = 0.3155, Decision = 0, Drift = 0.0000
Current target domain: cartoon
Round 108 took 9.37620234489441 seconds
Round 108: Accuracy = 0.3155, Decision = 0, Drift = 0.0000
Current target domain: cartoon
Round 109 took 9.35749864578247 seconds
Round 109: Accuracy = 0.3155, Decision = 0, Drift = 0.0000
Current target domain: cartoon
Round 110 took 9.350529432296753 seconds
Round 110: Accuracy = 0.3155, Decision = 0, Drift = 0.0000
Current target domain: cartoon
Round 111 took 9.366219520568848 seconds
Round 111: Accuracy = 0.3155, Decision = 0, Drift = 0.0000
Current target domain: cartoon
Round 112 took 9.360968589782715 seconds
Round 112: Accuracy = 0.3155, Decision = 0, Drift = 0.0000
Current target domain: cartoon
Round 113 took 9.386537790298462 seconds
Round 113: Accuracy = 0.3155, Decision = 0, Drift = 0.0000
Current target domain: cartoon
Round 114 took 9.330273151397705 seconds
Round 114: Accuracy = 0.3155, Decision = 0, Drift = 0.0000
Current target domain: cartoon
Round 115 took 9.38905930519104 seconds
Round 115: Accuracy = 0.3155, Decision = 0, Drift = 0.0000
Current target domain: cartoon
Round 116 took 9.342135906219482 seconds
Round 116: Accuracy = 0.3155, Decision = 0, Drift = 0.0000
Current target domain: cartoon
Round 117 took 9.361420392990112 seconds
Round 117: Accuracy = 0.3155, Decision = 0, Drift = 0.0000
Current target domain: cartoon
Round 118 took 9.399158477783203 seconds
Round 118: Accuracy = 0.3155, Decision = 0, Drift = 0.0000
Current target domain: cartoon
Round 119 took 9.398597478866577 seconds
Round 119: Accuracy = 0.3155, Decision = 0, Drift = 0.0000
Current target domain: cartoon
Round 120 took 9.3753662109375 seconds
Round 120: Accuracy = 0.3155, Decision = 0, Drift = 0.0000
Current target domain: cartoon
Round 121 took 9.356456756591797 seconds
Round 121: Accuracy = 0.3155, Decision = 0, Drift = 0.0000
Current target domain: cartoon
Round 122 took 9.4129798412323 seconds
Round 122: Accuracy = 0.3155, Decision = 0, Drift = 0.0000
Current target domain: cartoon
Round 123 took 9.38630747795105 seconds
Round 123: Accuracy = 0.3155, Decision = 0, Drift = 0.0000
Current target domain: cartoon
Round 124 took 9.39062237739563 seconds
Round 124: Accuracy = 0.3155, Decision = 0, Drift = 0.0000
Current target domain: cartoon
Round 125 took 9.334089756011963 seconds
Round 125: Accuracy = 0.3155, Decision = 0, Drift = 0.0000
Current target domain: cartoon
Round 126 took 9.404781341552734 seconds
Round 126: Accuracy = 0.3155, Decision = 0, Drift = 0.0000
Current target domain: cartoon
Round 127 took 9.348506927490234 seconds
Round 127: Accuracy = 0.3155, Decision = 0, Drift = 0.0000
Current target domain: cartoon
Round 128 took 9.36577582359314 seconds
Round 128: Accuracy = 0.3155, Decision = 0, Drift = 0.0000
Current target domain: cartoon
Round 129 took 9.356870651245117 seconds
Round 129: Accuracy = 0.3155, Decision = 0, Drift = 0.0000
Current target domain: cartoon
Round 130 took 9.350775241851807 seconds
Round 130: Accuracy = 0.3155, Decision = 0, Drift = 0.0000
Current target domain: cartoon
Round 131 took 9.372249364852905 seconds
Round 131: Accuracy = 0.3155, Decision = 0, Drift = 0.0000
Current target domain: cartoon
Round 132 took 9.329193592071533 seconds
Round 132: Accuracy = 0.3155, Decision = 0, Drift = 0.0000
Current target domain: cartoon
Round 133 took 9.364592790603638 seconds
Round 133: Accuracy = 0.3155, Decision = 0, Drift = 0.0000
Current target domain: cartoon
Round 134 took 9.360537767410278 seconds
Round 134: Accuracy = 0.3155, Decision = 0, Drift = 0.0000
Current target domain: cartoon
Round 135 took 9.475702047348022 seconds
Round 135: Accuracy = 0.3155, Decision = 0, Drift = 0.0000
Current target domain: cartoon
Round 136 took 9.478098154067993 seconds
Round 136: Accuracy = 0.3155, Decision = 0, Drift = 0.0000
Current target domain: cartoon
Round 137 took 9.511236906051636 seconds
Round 137: Accuracy = 0.3155, Decision = 0, Drift = 0.0000
Current target domain: cartoon
Round 138 took 9.447851181030273 seconds
Round 138: Accuracy = 0.3155, Decision = 0, Drift = 0.0000
Current target domain: cartoon
Round 139 took 9.519426345825195 seconds
Round 139: Accuracy = 0.3155, Decision = 0, Drift = 0.0000
Current target domain: cartoon
Round 140 took 9.50803542137146 seconds
Round 140: Accuracy = 0.3155, Decision = 0, Drift = 0.0000
Current target domain: cartoon
Round 141 took 9.525425910949707 seconds
Round 141: Accuracy = 0.3155, Decision = 0, Drift = 0.0000
Current target domain: cartoon
Round 142 took 9.45255160331726 seconds
Round 142: Accuracy = 0.3155, Decision = 0, Drift = 0.0000
Current target domain: cartoon
Round 143 took 9.509965658187866 seconds
Round 143: Accuracy = 0.3155, Decision = 0, Drift = 0.0000
Current target domain: cartoon
Round 144 took 9.464412450790405 seconds
Round 144: Accuracy = 0.3155, Decision = 0, Drift = 0.0000
Current target domain: cartoon
Round 145 took 9.5119469165802 seconds
Round 145: Accuracy = 0.3155, Decision = 0, Drift = 0.0000
Current target domain: cartoon
Round 146 took 9.513733625411987 seconds
Round 146: Accuracy = 0.3155, Decision = 0, Drift = 0.0000
Current target domain: cartoon
Round 147 took 9.485131740570068 seconds
Round 147: Accuracy = 0.3155, Decision = 0, Drift = 0.0000
Current target domain: cartoon
Round 148 took 9.469425439834595 seconds
Round 148: Accuracy = 0.3155, Decision = 0, Drift = 0.0000
Current target domain: cartoon
Round 149 took 9.285404205322266 seconds
Round 149: Accuracy = 0.3155, Decision = 0, Drift = 0.0000
Current target domain: cartoon
Round 150 took 15.08112621307373 seconds
Round 150: Accuracy = 0.2876, Decision = 0, Drift = 0.2000
Current target domain: cartoon
Round 151 took 17.34471035003662 seconds
Round 151: Accuracy = 0.2526, Decision = 0, Drift = 0.2000
Current target domain: cartoon
No available target samples left. Reusing existing target indices.
Round 152 took 17.58180856704712 seconds
Round 152: Accuracy = 0.2522, Decision = 0, Drift = 0.2000
Current target domain: cartoon
No available target samples left. Reusing existing target indices.
No available target samples left. Reusing existing target indices.
Round 153 took 17.558462142944336 seconds
Round 153: Accuracy = 0.2522, Decision = 0, Drift = 0.2000
Current target domain: cartoon
No available target samples left. Reusing existing target indices.
No available target samples left. Reusing existing target indices.
Round 154 took 17.52628493309021 seconds
Round 154: Accuracy = 0.2522, Decision = 0, Drift = 0.2000
Current target domain: cartoon
Round 155 took 13.364882946014404 seconds
Round 155: Accuracy = 0.2522, Decision = 0, Drift = 0.0000
Current target domain: art_painting
Round 156 took 13.37006688117981 seconds
Round 156: Accuracy = 0.2522, Decision = 0, Drift = 0.0000
Current target domain: art_painting
Round 157 took 13.061585187911987 seconds
Round 157: Accuracy = 0.2522, Decision = 0, Drift = 0.0000
Current target domain: art_painting
Round 158 took 13.190307140350342 seconds
Round 158: Accuracy = 0.2522, Decision = 0, Drift = 0.0000
Current target domain: art_painting
Round 159 took 13.221425771713257 seconds
Round 159: Accuracy = 0.2522, Decision = 0, Drift = 0.0000
Current target domain: art_painting
Round 160 took 13.191067218780518 seconds
Round 160: Accuracy = 0.2522, Decision = 0, Drift = 0.0000
Current target domain: art_painting
Round 161 took 13.273605585098267 seconds
Round 161: Accuracy = 0.2522, Decision = 0, Drift = 0.0000
Current target domain: art_painting
Round 162 took 13.198440313339233 seconds
Round 162: Accuracy = 0.2522, Decision = 0, Drift = 0.0000
Current target domain: art_painting
Round 163 took 13.262392044067383 seconds
Round 163: Accuracy = 0.2522, Decision = 0, Drift = 0.0000
Current target domain: art_painting
Round 164 took 13.171241283416748 seconds
Round 164: Accuracy = 0.2522, Decision = 0, Drift = 0.0000
Current target domain: art_painting
Round 165 took 13.245599031448364 seconds
Round 165: Accuracy = 0.2522, Decision = 0, Drift = 0.0000
Current target domain: art_painting
Round 166 took 13.227550983428955 seconds
Round 166: Accuracy = 0.2522, Decision = 0, Drift = 0.0000
Current target domain: art_painting
Round 167 took 13.204824447631836 seconds
Round 167: Accuracy = 0.2522, Decision = 0, Drift = 0.0000
Current target domain: art_painting
Round 168 took 13.236609697341919 seconds
Round 168: Accuracy = 0.2522, Decision = 0, Drift = 0.0000
Current target domain: art_painting
Round 169 took 13.258398294448853 seconds
Round 169: Accuracy = 0.2522, Decision = 0, Drift = 0.0000
Current target domain: art_painting
Round 170 took 13.267179012298584 seconds
Round 170: Accuracy = 0.2522, Decision = 0, Drift = 0.0000
Current target domain: art_painting
Round 171 took 13.212494850158691 seconds
Round 171: Accuracy = 0.2522, Decision = 0, Drift = 0.0000
Current target domain: art_painting
Round 172 took 13.225804090499878 seconds
Round 172: Accuracy = 0.2522, Decision = 0, Drift = 0.0000
Current target domain: art_painting
Round 173 took 13.260227918624878 seconds
Round 173: Accuracy = 0.2522, Decision = 0, Drift = 0.0000
Current target domain: art_painting
Round 174 took 13.198307991027832 seconds
Round 174: Accuracy = 0.2522, Decision = 0, Drift = 0.0000
Current target domain: art_painting
Round 175 took 13.141301393508911 seconds
Round 175: Accuracy = 0.2522, Decision = 0, Drift = 0.0000
Current target domain: art_painting
Round 176 took 13.178990125656128 seconds
Round 176: Accuracy = 0.2522, Decision = 0, Drift = 0.0000
Current target domain: art_painting
Round 177 took 13.266257286071777 seconds
Round 177: Accuracy = 0.2522, Decision = 0, Drift = 0.0000
Current target domain: art_painting
Round 178 took 13.198578119277954 seconds
Round 178: Accuracy = 0.2522, Decision = 0, Drift = 0.0000
Current target domain: art_painting
Round 179 took 13.25741982460022 seconds
Round 179: Accuracy = 0.2522, Decision = 0, Drift = 0.0000
Current target domain: art_painting
Round 180 took 13.271574020385742 seconds
Round 180: Accuracy = 0.2522, Decision = 0, Drift = 0.0000
Current target domain: art_painting
Round 181 took 13.334684133529663 seconds
Round 181: Accuracy = 0.2522, Decision = 0, Drift = 0.0000
Current target domain: art_painting
Round 182 took 13.231427907943726 seconds
Round 182: Accuracy = 0.2522, Decision = 0, Drift = 0.0000
Current target domain: art_painting
Round 183 took 13.295770645141602 seconds
Round 183: Accuracy = 0.2522, Decision = 0, Drift = 0.0000
Current target domain: art_painting
Round 184 took 13.27738618850708 seconds
Round 184: Accuracy = 0.2522, Decision = 0, Drift = 0.0000
Current target domain: art_painting
Round 185 took 13.311117887496948 seconds
Round 185: Accuracy = 0.2522, Decision = 0, Drift = 0.0000
Current target domain: art_painting
Round 186 took 13.282676219940186 seconds
Round 186: Accuracy = 0.2522, Decision = 0, Drift = 0.0000
Current target domain: art_painting
Round 187 took 13.272783041000366 seconds
Round 187: Accuracy = 0.2522, Decision = 0, Drift = 0.0000
Current target domain: art_painting
Round 188 took 13.295121669769287 seconds
Round 188: Accuracy = 0.2522, Decision = 0, Drift = 0.0000
Current target domain: art_painting
Round 189 took 13.29684567451477 seconds
Round 189: Accuracy = 0.2522, Decision = 0, Drift = 0.0000
Current target domain: art_painting
Round 190 took 13.210994243621826 seconds
Round 190: Accuracy = 0.2522, Decision = 0, Drift = 0.0000
Current target domain: art_painting
Round 191 took 13.25974416732788 seconds
Round 191: Accuracy = 0.2522, Decision = 0, Drift = 0.0000
Current target domain: art_painting
Round 192 took 13.24126386642456 seconds
Round 192: Accuracy = 0.2522, Decision = 0, Drift = 0.0000
Current target domain: art_painting
Round 193 took 13.288570880889893 seconds
Round 193: Accuracy = 0.2522, Decision = 0, Drift = 0.0000
Current target domain: art_painting
Round 194 took 13.191433668136597 seconds
Round 194: Accuracy = 0.2522, Decision = 0, Drift = 0.0000
Current target domain: art_painting
Round 195 took 13.284787654876709 seconds
Round 195: Accuracy = 0.2522, Decision = 0, Drift = 0.0000
Current target domain: art_painting
Round 196 took 13.295275211334229 seconds
Round 196: Accuracy = 0.2522, Decision = 0, Drift = 0.0000
Current target domain: art_painting
Round 197 took 13.295260190963745 seconds
Round 197: Accuracy = 0.2522, Decision = 0, Drift = 0.0000
Current target domain: art_painting
Round 198 took 13.212884187698364 seconds
Round 198: Accuracy = 0.2522, Decision = 0, Drift = 0.0000
Current target domain: art_painting
Round 199 took 13.412768840789795 seconds
Round 199: Accuracy = 0.2522, Decision = 0, Drift = 0.0000
Current target domain: art_painting
Average time per round: 8.378611166477203
Total time: 1675.7222332954407
