Using the latest cached version of the dataset since flwrlabs/pacs couldn't be found on the Hugging Face Hub
Found the latest cached dataset configuration 'default' at /home/apiasecz/.cache/huggingface/datasets/flwrlabs___pacs/default/0.0.0/394113073258ead631f617d2e13bb377c0715c4b (last modified on Wed Jan 29 16:59:35 2025).
Using the latest cached version of the dataset since flwrlabs/pacs couldn't be found on the Hugging Face Hub
Found the latest cached dataset configuration 'default' at /home/apiasecz/.cache/huggingface/datasets/flwrlabs___pacs/default/0.0.0/394113073258ead631f617d2e13bb377c0715c4b (last modified on Wed Jan 29 16:59:35 2025).
Using the latest cached version of the dataset since flwrlabs/pacs couldn't be found on the Hugging Face Hub
Found the latest cached dataset configuration 'default' at /home/apiasecz/.cache/huggingface/datasets/flwrlabs___pacs/default/0.0.0/394113073258ead631f617d2e13bb377c0715c4b (last modified on Wed Jan 29 16:59:35 2025).
Using the latest cached version of the dataset since flwrlabs/pacs couldn't be found on the Hugging Face Hub
Found the latest cached dataset configuration 'default' at /home/apiasecz/.cache/huggingface/datasets/flwrlabs___pacs/default/0.0.0/394113073258ead631f617d2e13bb377c0715c4b (last modified on Wed Jan 29 16:59:35 2025).
Using the latest cached version of the dataset since flwrlabs/pacs couldn't be found on the Hugging Face Hub
Found the latest cached dataset configuration 'default' at /home/apiasecz/.cache/huggingface/datasets/flwrlabs___pacs/default/0.0.0/394113073258ead631f617d2e13bb377c0715c4b (last modified on Wed Jan 29 16:59:35 2025).
Device: cuda
CUDA Version: 12.1
cuDNN Version: 8902
PyTorch Version: 2.3.0

Model used: PACSCNN_1
Initial dataset creation
Initial dataset creation
Initial loss: 0.0031227387953549623
<__main__.Policy object at 0x150351de3050>
0.0031227387953549623
Average loss over 3 updates: 0.0032
Round 1 took 0.38375425338745117s, results:
{'t': 0, 'current_accuracy': 1.0, 'current_loss': 0.0036147714126855135, 'train_loss': 0.0031997352683295808, 'decision': 1, 'drift_rate': 0.0, 'target_domains': ['art_painting']}
Round 2 took 0.13253021240234375s, results:
{'t': 1, 'current_accuracy': 1.0, 'current_loss': 0.0036020815605297685, 'train_loss': None, 'decision': 0, 'drift_rate': 0.0, 'target_domains': ['art_painting']}
Round 3 took 0.12733936309814453s, results:
{'t': 2, 'current_accuracy': 1.0, 'current_loss': 0.0036020815605297685, 'train_loss': None, 'decision': 0, 'drift_rate': 0.0, 'target_domains': ['art_painting']}
Round 4 took 0.12864327430725098s, results:
{'t': 3, 'current_accuracy': 1.0, 'current_loss': 0.0036020814441144466, 'train_loss': None, 'decision': 0, 'drift_rate': 0.0, 'target_domains': ['art_painting']}
Round 5 took 0.12706971168518066s, results:
{'t': 4, 'current_accuracy': 1.0, 'current_loss': 0.003602081211283803, 'train_loss': None, 'decision': 0, 'drift_rate': 0.0, 'target_domains': ['art_painting']}
Round 6 took 0.126939058303833s, results:
{'t': 5, 'current_accuracy': 1.0, 'current_loss': 0.003602081909775734, 'train_loss': None, 'decision': 0, 'drift_rate': 0.0, 'target_domains': ['art_painting']}
Round 7 took 0.12737774848937988s, results:
{'t': 6, 'current_accuracy': 1.0, 'current_loss': 0.0036020815605297685, 'train_loss': None, 'decision': 0, 'drift_rate': 0.0, 'target_domains': ['art_painting']}
Round 8 took 0.1271209716796875s, results:
{'t': 7, 'current_accuracy': 1.0, 'current_loss': 0.0036020814441144466, 'train_loss': None, 'decision': 0, 'drift_rate': 0.0, 'target_domains': ['art_painting']}
Round 9 took 0.12703537940979004s, results:
{'t': 8, 'current_accuracy': 1.0, 'current_loss': 0.0036020814441144466, 'train_loss': None, 'decision': 0, 'drift_rate': 0.0, 'target_domains': ['art_painting']}
Round 10 took 0.12699031829833984s, results:
{'t': 9, 'current_accuracy': 1.0, 'current_loss': 0.0036020816769450903, 'train_loss': None, 'decision': 0, 'drift_rate': 0.0, 'target_domains': ['art_painting']}
Average loss over 3 updates: 0.0034
Round 11 took 0.22868967056274414s, results:
{'t': 10, 'current_accuracy': 1.0, 'current_loss': 0.0036020816769450903, 'train_loss': 0.003363289637491107, 'decision': 1, 'drift_rate': 0.0, 'target_domains': ['art_painting']}
Round 12 took 0.12726616859436035s, results:
{'t': 11, 'current_accuracy': 1.0, 'current_loss': 0.003580692922696471, 'train_loss': None, 'decision': 0, 'drift_rate': 0.0, 'target_domains': ['art_painting']}
Round 13 took 0.12703537940979004s, results:
{'t': 12, 'current_accuracy': 1.0, 'current_loss': 0.003580693039111793, 'train_loss': None, 'decision': 0, 'drift_rate': 0.0, 'target_domains': ['art_painting']}
Round 14 took 0.12735724449157715s, results:
{'t': 13, 'current_accuracy': 1.0, 'current_loss': 0.003580693039111793, 'train_loss': None, 'decision': 0, 'drift_rate': 0.0, 'target_domains': ['art_painting']}
Round 15 took 0.12746524810791016s, results:
{'t': 14, 'current_accuracy': 1.0, 'current_loss': 0.003580692922696471, 'train_loss': None, 'decision': 0, 'drift_rate': 0.0, 'target_domains': ['art_painting']}
Round 16 took 0.1313920021057129s, results:
{'t': 15, 'current_accuracy': 1.0, 'current_loss': 0.003580692922696471, 'train_loss': None, 'decision': 0, 'drift_rate': 0.0, 'target_domains': ['art_painting']}
Round 17 took 0.12847113609313965s, results:
{'t': 16, 'current_accuracy': 1.0, 'current_loss': 0.003580692922696471, 'train_loss': None, 'decision': 0, 'drift_rate': 0.0, 'target_domains': ['art_painting']}
Round 18 took 0.12781500816345215s, results:
{'t': 17, 'current_accuracy': 1.0, 'current_loss': 0.0035806928062811494, 'train_loss': None, 'decision': 0, 'drift_rate': 0.0, 'target_domains': ['art_painting']}
Round 19 took 0.1278212070465088s, results:
{'t': 18, 'current_accuracy': 1.0, 'current_loss': 0.0035806925734505057, 'train_loss': None, 'decision': 0, 'drift_rate': 0.0, 'target_domains': ['art_painting']}
Round 20 took 0.1279757022857666s, results:
{'t': 19, 'current_accuracy': 1.0, 'current_loss': 0.0035806926898658276, 'train_loss': None, 'decision': 0, 'drift_rate': 0.0, 'target_domains': ['art_painting']}
Average loss over 3 updates: 0.0029
Round 21 took 0.2298133373260498s, results:
{'t': 20, 'current_accuracy': 1.0, 'current_loss': 0.003580693039111793, 'train_loss': 0.002912788807104031, 'decision': 1, 'drift_rate': 0.0, 'target_domains': ['art_painting']}
Round 22 took 0.1273937225341797s, results:
{'t': 21, 'current_accuracy': 1.0, 'current_loss': 0.0035492255119606853, 'train_loss': None, 'decision': 0, 'drift_rate': 0.0, 'target_domains': ['art_painting']}
Round 23 took 0.12693190574645996s, results:
{'t': 22, 'current_accuracy': 1.0, 'current_loss': 0.0035492253955453634, 'train_loss': None, 'decision': 0, 'drift_rate': 0.0, 'target_domains': ['art_painting']}
Round 24 took 0.12682652473449707s, results:
{'t': 23, 'current_accuracy': 1.0, 'current_loss': 0.0035492253955453634, 'train_loss': None, 'decision': 0, 'drift_rate': 0.0, 'target_domains': ['art_painting']}
Round 25 took 0.12691831588745117s, results:
{'t': 24, 'current_accuracy': 1.0, 'current_loss': 0.0035492251627147198, 'train_loss': None, 'decision': 0, 'drift_rate': 0.0, 'target_domains': ['art_painting']}
Round 26 took 0.12687349319458008s, results:
{'t': 25, 'current_accuracy': 1.0, 'current_loss': 0.003549224929884076, 'train_loss': None, 'decision': 0, 'drift_rate': 0.0, 'target_domains': ['art_painting']}
Round 27 took 0.1270592212677002s, results:
{'t': 26, 'current_accuracy': 1.0, 'current_loss': 0.0035492255119606853, 'train_loss': None, 'decision': 0, 'drift_rate': 0.0, 'target_domains': ['art_painting']}
Round 28 took 0.12709784507751465s, results:
{'t': 27, 'current_accuracy': 1.0, 'current_loss': 0.003549224929884076, 'train_loss': None, 'decision': 0, 'drift_rate': 0.0, 'target_domains': ['art_painting']}
Round 29 took 0.12695074081420898s, results:
{'t': 28, 'current_accuracy': 1.0, 'current_loss': 0.0035492253955453634, 'train_loss': None, 'decision': 0, 'drift_rate': 0.0, 'target_domains': ['art_painting']}
Round 30 took 0.12688732147216797s, results:
{'t': 29, 'current_accuracy': 1.0, 'current_loss': 0.0035492251627147198, 'train_loss': None, 'decision': 0, 'drift_rate': 0.0, 'target_domains': ['art_painting']}
Average loss over 3 updates: 0.0029
Round 31 took 0.23406338691711426s, results:
{'t': 30, 'current_accuracy': 1.0, 'current_loss': 0.0035492258612066507, 'train_loss': 0.002939305811499556, 'decision': 1, 'drift_rate': 0.0, 'target_domains': ['art_painting']}
Round 32 took 0.12746286392211914s, results:
{'t': 31, 'current_accuracy': 1.0, 'current_loss': 0.003550904104486108, 'train_loss': None, 'decision': 0, 'drift_rate': 0.0, 'target_domains': ['art_painting']}
Round 33 took 0.12733864784240723s, results:
{'t': 32, 'current_accuracy': 1.0, 'current_loss': 0.003550903988070786, 'train_loss': None, 'decision': 0, 'drift_rate': 0.0, 'target_domains': ['art_painting']}
Round 34 took 0.12736940383911133s, results:
{'t': 33, 'current_accuracy': 1.0, 'current_loss': 0.003550904104486108, 'train_loss': None, 'decision': 0, 'drift_rate': 0.0, 'target_domains': ['art_painting']}
Round 35 took 0.1273481845855713s, results:
{'t': 34, 'current_accuracy': 1.0, 'current_loss': 0.0035509042209014297, 'train_loss': None, 'decision': 0, 'drift_rate': 0.0, 'target_domains': ['art_painting']}
Round 36 took 0.12736868858337402s, results:
{'t': 35, 'current_accuracy': 1.0, 'current_loss': 0.0035509042209014297, 'train_loss': None, 'decision': 0, 'drift_rate': 0.0, 'target_domains': ['art_painting']}
Round 37 took 0.1274275779724121s, results:
{'t': 36, 'current_accuracy': 1.0, 'current_loss': 0.0035509042209014297, 'train_loss': None, 'decision': 0, 'drift_rate': 0.0, 'target_domains': ['art_painting']}
Round 38 took 0.12729525566101074s, results:
{'t': 37, 'current_accuracy': 1.0, 'current_loss': 0.003550903988070786, 'train_loss': None, 'decision': 0, 'drift_rate': 0.0, 'target_domains': ['art_painting']}
Round 39 took 0.12742185592651367s, results:
{'t': 38, 'current_accuracy': 1.0, 'current_loss': 0.003550903871655464, 'train_loss': None, 'decision': 0, 'drift_rate': 0.0, 'target_domains': ['art_painting']}
Round 40 took 0.12735533714294434s, results:
{'t': 39, 'current_accuracy': 1.0, 'current_loss': 0.003550903988070786, 'train_loss': None, 'decision': 0, 'drift_rate': 0.0, 'target_domains': ['art_painting']}
Average loss over 3 updates: 0.0033
Round 41 took 0.22812557220458984s, results:
{'t': 40, 'current_accuracy': 1.0, 'current_loss': 0.003550903988070786, 'train_loss': 0.0033474303781986237, 'decision': 1, 'drift_rate': 0.0, 'target_domains': ['art_painting']}
Round 42 took 0.12725043296813965s, results:
{'t': 41, 'current_accuracy': 1.0, 'current_loss': 0.0035577319795265794, 'train_loss': None, 'decision': 0, 'drift_rate': 0.0, 'target_domains': ['art_painting']}
Round 43 took 0.12720394134521484s, results:
{'t': 42, 'current_accuracy': 1.0, 'current_loss': 0.0035577318631112576, 'train_loss': None, 'decision': 0, 'drift_rate': 0.0, 'target_domains': ['art_painting']}
Round 44 took 0.12712907791137695s, results:
{'t': 43, 'current_accuracy': 1.0, 'current_loss': 0.003557732212357223, 'train_loss': None, 'decision': 0, 'drift_rate': 0.0, 'target_domains': ['art_painting']}
Round 45 took 0.13083648681640625s, results:
{'t': 44, 'current_accuracy': 1.0, 'current_loss': 0.0035577318631112576, 'train_loss': None, 'decision': 0, 'drift_rate': 0.0, 'target_domains': ['art_painting']}
Round 46 took 0.12719416618347168s, results:
{'t': 45, 'current_accuracy': 1.0, 'current_loss': 0.0035577319795265794, 'train_loss': None, 'decision': 0, 'drift_rate': 0.0, 'target_domains': ['art_painting']}
Round 47 took 0.12737178802490234s, results:
{'t': 46, 'current_accuracy': 1.0, 'current_loss': 0.0035577317466959357, 'train_loss': None, 'decision': 0, 'drift_rate': 0.0, 'target_domains': ['art_painting']}
Round 48 took 0.12710118293762207s, results:
{'t': 47, 'current_accuracy': 1.0, 'current_loss': 0.003557731513865292, 'train_loss': None, 'decision': 0, 'drift_rate': 0.0, 'target_domains': ['art_painting']}
Round 49 took 0.12729477882385254s, results:
{'t': 48, 'current_accuracy': 1.0, 'current_loss': 0.0035577319795265794, 'train_loss': None, 'decision': 0, 'drift_rate': 0.0, 'target_domains': ['art_painting']}
Round 50 took 0.1271495819091797s, results:
{'t': 49, 'current_accuracy': 1.0, 'current_loss': 0.0035577319795265794, 'train_loss': None, 'decision': 0, 'drift_rate': 0.0, 'target_domains': ['art_painting']}
Average loss over 3 updates: 0.0033
Round 51 took 0.2271864414215088s, results:
{'t': 50, 'current_accuracy': 1.0, 'current_loss': 0.003557732328772545, 'train_loss': 0.0032562771812081337, 'decision': 1, 'drift_rate': 0.0, 'target_domains': ['art_painting']}
Round 52 took 0.1271662712097168s, results:
{'t': 51, 'current_accuracy': 1.0, 'current_loss': 0.0035663131857290864, 'train_loss': None, 'decision': 0, 'drift_rate': 0.0, 'target_domains': ['art_painting']}
Round 53 took 0.12705779075622559s, results:
{'t': 52, 'current_accuracy': 1.0, 'current_loss': 0.0035663129528984427, 'train_loss': None, 'decision': 0, 'drift_rate': 0.0, 'target_domains': ['art_painting']}
Round 54 took 0.12670564651489258s, results:
{'t': 53, 'current_accuracy': 1.0, 'current_loss': 0.00356631341855973, 'train_loss': None, 'decision': 0, 'drift_rate': 0.0, 'target_domains': ['art_painting']}
Round 55 took 0.12687015533447266s, results:
{'t': 54, 'current_accuracy': 1.0, 'current_loss': 0.0035663131857290864, 'train_loss': None, 'decision': 0, 'drift_rate': 0.0, 'target_domains': ['art_painting']}
Round 56 took 0.13176608085632324s, results:
{'t': 55, 'current_accuracy': 0.6875, 'current_loss': 2.1885119676589966, 'train_loss': None, 'decision': 0, 'drift_rate': 0.4, 'target_domains': ['sketch']}
Round 57 took 0.13007855415344238s, results:
{'t': 56, 'current_accuracy': 0.34765625, 'current_loss': 4.5852837562561035, 'train_loss': None, 'decision': 0, 'drift_rate': 0.4, 'target_domains': ['sketch']}
Round 58 took 0.12825274467468262s, results:
{'t': 57, 'current_accuracy': 0.21484375, 'current_loss': 5.616466999053955, 'train_loss': None, 'decision': 0, 'drift_rate': 0.4, 'target_domains': ['sketch']}
Round 59 took 0.13045716285705566s, results:
{'t': 58, 'current_accuracy': 0.21484375, 'current_loss': 5.616466522216797, 'train_loss': None, 'decision': 0, 'drift_rate': 0.4, 'target_domains': ['sketch']}
Round 60 took 0.12671446800231934s, results:
{'t': 59, 'current_accuracy': 0.21484375, 'current_loss': 5.616466283798218, 'train_loss': None, 'decision': 0, 'drift_rate': 0.4, 'target_domains': ['sketch']}
Average loss over 3 updates: 19.6044
Round 61 took 0.23031353950500488s, results:
{'t': 60, 'current_accuracy': 0.21484375, 'current_loss': 5.616466760635376, 'train_loss': 19.604368527730305, 'decision': 1, 'drift_rate': 0.0, 'target_domains': ['sketch']}
Round 62 took 0.12690472602844238s, results:
{'t': 61, 'current_accuracy': 0.1796875, 'current_loss': 2.7281439304351807, 'train_loss': None, 'decision': 0, 'drift_rate': 0.0, 'target_domains': ['sketch']}
Round 63 took 0.1267387866973877s, results:
{'t': 62, 'current_accuracy': 0.1796875, 'current_loss': 2.7281439304351807, 'train_loss': None, 'decision': 0, 'drift_rate': 0.0, 'target_domains': ['sketch']}
Round 64 took 0.12674212455749512s, results:
{'t': 63, 'current_accuracy': 0.1796875, 'current_loss': 2.7281441688537598, 'train_loss': None, 'decision': 0, 'drift_rate': 0.0, 'target_domains': ['sketch']}
Round 65 took 0.1268007755279541s, results:
{'t': 64, 'current_accuracy': 0.1796875, 'current_loss': 2.7281439304351807, 'train_loss': None, 'decision': 0, 'drift_rate': 0.0, 'target_domains': ['sketch']}
Round 66 took 0.12651348114013672s, results:
{'t': 65, 'current_accuracy': 0.1796875, 'current_loss': 2.728143811225891, 'train_loss': None, 'decision': 0, 'drift_rate': 0.0, 'target_domains': ['sketch']}
Round 67 took 0.12657690048217773s, results:
{'t': 66, 'current_accuracy': 0.1796875, 'current_loss': 2.7281439304351807, 'train_loss': None, 'decision': 0, 'drift_rate': 0.0, 'target_domains': ['sketch']}
Round 68 took 0.12664461135864258s, results:
{'t': 67, 'current_accuracy': 0.1796875, 'current_loss': 2.728143811225891, 'train_loss': None, 'decision': 0, 'drift_rate': 0.0, 'target_domains': ['sketch']}
Round 69 took 0.12672686576843262s, results:
{'t': 68, 'current_accuracy': 0.1796875, 'current_loss': 2.7281436920166016, 'train_loss': None, 'decision': 0, 'drift_rate': 0.0, 'target_domains': ['sketch']}
Round 70 took 0.1263744831085205s, results:
{'t': 69, 'current_accuracy': 0.1796875, 'current_loss': 2.7281434535980225, 'train_loss': None, 'decision': 0, 'drift_rate': 0.0, 'target_domains': ['sketch']}
Average loss over 3 updates: 2.0356
Round 71 took 0.2283802032470703s, results:
{'t': 70, 'current_accuracy': 0.1796875, 'current_loss': 2.728143811225891, 'train_loss': 2.035589814186096, 'decision': 1, 'drift_rate': 0.0, 'target_domains': ['sketch']}
Round 72 took 0.12680363655090332s, results:
{'t': 71, 'current_accuracy': 0.2890625, 'current_loss': 1.7530612349510193, 'train_loss': None, 'decision': 0, 'drift_rate': 0.0, 'target_domains': ['sketch']}
Round 73 took 0.13028264045715332s, results:
{'t': 72, 'current_accuracy': 0.2890625, 'current_loss': 1.7530612349510193, 'train_loss': None, 'decision': 0, 'drift_rate': 0.0, 'target_domains': ['sketch']}
Round 74 took 0.12648630142211914s, results:
{'t': 73, 'current_accuracy': 0.2890625, 'current_loss': 1.7530613541603088, 'train_loss': None, 'decision': 0, 'drift_rate': 0.0, 'target_domains': ['sketch']}
Round 75 took 0.12661218643188477s, results:
{'t': 74, 'current_accuracy': 0.2890625, 'current_loss': 1.7530614137649536, 'train_loss': None, 'decision': 0, 'drift_rate': 0.0, 'target_domains': ['sketch']}
Round 76 took 0.12642836570739746s, results:
{'t': 75, 'current_accuracy': 0.2890625, 'current_loss': 1.753061294555664, 'train_loss': None, 'decision': 0, 'drift_rate': 0.0, 'target_domains': ['sketch']}
Round 77 took 0.1265852451324463s, results:
{'t': 76, 'current_accuracy': 0.2890625, 'current_loss': 1.7530614733695984, 'train_loss': None, 'decision': 0, 'drift_rate': 0.0, 'target_domains': ['sketch']}
Round 78 took 0.12655067443847656s, results:
{'t': 77, 'current_accuracy': 0.2890625, 'current_loss': 1.753061294555664, 'train_loss': None, 'decision': 0, 'drift_rate': 0.0, 'target_domains': ['sketch']}
Round 79 took 0.1265873908996582s, results:
{'t': 78, 'current_accuracy': 0.2890625, 'current_loss': 1.7530611157417297, 'train_loss': None, 'decision': 0, 'drift_rate': 0.0, 'target_domains': ['sketch']}
Round 80 took 0.126617431640625s, results:
{'t': 79, 'current_accuracy': 0.2890625, 'current_loss': 1.7530614137649536, 'train_loss': None, 'decision': 0, 'drift_rate': 0.0, 'target_domains': ['sketch']}
Average loss over 3 updates: 1.7523
Round 81 took 0.22774171829223633s, results:
{'t': 80, 'current_accuracy': 0.2890625, 'current_loss': 1.753061294555664, 'train_loss': 1.7522988716761272, 'decision': 1, 'drift_rate': 0.0, 'target_domains': ['sketch']}
Round 82 took 0.1269664764404297s, results:
{'t': 81, 'current_accuracy': 0.296875, 'current_loss': 1.6957389116287231, 'train_loss': None, 'decision': 0, 'drift_rate': 0.0, 'target_domains': ['sketch']}
Round 83 took 0.12656807899475098s, results:
{'t': 82, 'current_accuracy': 0.296875, 'current_loss': 1.695739209651947, 'train_loss': None, 'decision': 0, 'drift_rate': 0.0, 'target_domains': ['sketch']}
Round 84 took 0.12643074989318848s, results:
{'t': 83, 'current_accuracy': 0.296875, 'current_loss': 1.6957389116287231, 'train_loss': None, 'decision': 0, 'drift_rate': 0.0, 'target_domains': ['sketch']}
Round 85 took 0.1265554428100586s, results:
{'t': 84, 'current_accuracy': 0.296875, 'current_loss': 1.6957388520240784, 'train_loss': None, 'decision': 0, 'drift_rate': 0.0, 'target_domains': ['sketch']}
Round 86 took 0.12650108337402344s, results:
{'t': 85, 'current_accuracy': 0.296875, 'current_loss': 1.6957390904426575, 'train_loss': None, 'decision': 0, 'drift_rate': 0.0, 'target_domains': ['sketch']}
Round 87 took 0.12657904624938965s, results:
{'t': 86, 'current_accuracy': 0.296875, 'current_loss': 1.695739209651947, 'train_loss': None, 'decision': 0, 'drift_rate': 0.0, 'target_domains': ['sketch']}
Round 88 took 0.1311967372894287s, results:
{'t': 87, 'current_accuracy': 0.296875, 'current_loss': 1.6957391500473022, 'train_loss': None, 'decision': 0, 'drift_rate': 0.0, 'target_domains': ['sketch']}
Round 89 took 0.12700986862182617s, results:
{'t': 88, 'current_accuracy': 0.296875, 'current_loss': 1.6957390904426575, 'train_loss': None, 'decision': 0, 'drift_rate': 0.0, 'target_domains': ['sketch']}
Round 90 took 0.1269855499267578s, results:
{'t': 89, 'current_accuracy': 0.296875, 'current_loss': 1.6957390904426575, 'train_loss': None, 'decision': 0, 'drift_rate': 0.0, 'target_domains': ['sketch']}
Average loss over 3 updates: 1.7524
Round 91 took 0.22794008255004883s, results:
{'t': 90, 'current_accuracy': 0.296875, 'current_loss': 1.695738971233368, 'train_loss': 1.7523653109868367, 'decision': 1, 'drift_rate': 0.0, 'target_domains': ['sketch']}
Round 92 took 0.1272411346435547s, results:
{'t': 91, 'current_accuracy': 0.30078125, 'current_loss': 1.6534974575042725, 'train_loss': None, 'decision': 0, 'drift_rate': 0.0, 'target_domains': ['sketch']}
Round 93 took 0.1270308494567871s, results:
{'t': 92, 'current_accuracy': 0.30078125, 'current_loss': 1.6534972786903381, 'train_loss': None, 'decision': 0, 'drift_rate': 0.0, 'target_domains': ['sketch']}
Round 94 took 0.12702012062072754s, results:
{'t': 93, 'current_accuracy': 0.30078125, 'current_loss': 1.653497338294983, 'train_loss': None, 'decision': 0, 'drift_rate': 0.0, 'target_domains': ['sketch']}
Round 95 took 0.12714767456054688s, results:
{'t': 94, 'current_accuracy': 0.30078125, 'current_loss': 1.6534971594810486, 'train_loss': None, 'decision': 0, 'drift_rate': 0.0, 'target_domains': ['sketch']}
Round 96 took 0.12703752517700195s, results:
{'t': 95, 'current_accuracy': 0.30078125, 'current_loss': 1.6534973978996277, 'train_loss': None, 'decision': 0, 'drift_rate': 0.0, 'target_domains': ['sketch']}
Round 97 took 0.12711405754089355s, results:
{'t': 96, 'current_accuracy': 0.30078125, 'current_loss': 1.6534975171089172, 'train_loss': None, 'decision': 0, 'drift_rate': 0.0, 'target_domains': ['sketch']}
Round 98 took 0.12707924842834473s, results:
{'t': 97, 'current_accuracy': 0.30078125, 'current_loss': 1.6534974575042725, 'train_loss': None, 'decision': 0, 'drift_rate': 0.0, 'target_domains': ['sketch']}
Round 99 took 0.12683701515197754s, results:
{'t': 98, 'current_accuracy': 0.30078125, 'current_loss': 1.653497338294983, 'train_loss': None, 'decision': 0, 'drift_rate': 0.0, 'target_domains': ['sketch']}
Round 100 took 0.1267538070678711s, results:
{'t': 99, 'current_accuracy': 0.30078125, 'current_loss': 1.653497576713562, 'train_loss': None, 'decision': 0, 'drift_rate': 0.0, 'target_domains': ['sketch']}
Average loss over 3 updates: 1.6537
Round 101 took 0.23185968399047852s, results:
{'t': 100, 'current_accuracy': 0.30078125, 'current_loss': 1.6534974575042725, 'train_loss': 1.6537084579467773, 'decision': 1, 'drift_rate': 0.0, 'target_domains': ['sketch']}
Round 102 took 0.12856078147888184s, results:
{'t': 101, 'current_accuracy': 0.31640625, 'current_loss': 1.61517333984375, 'train_loss': None, 'decision': 0, 'drift_rate': 0.0, 'target_domains': ['sketch']}
Round 103 took 0.12711811065673828s, results:
{'t': 102, 'current_accuracy': 0.31640625, 'current_loss': 1.6151732206344604, 'train_loss': None, 'decision': 0, 'drift_rate': 0.0, 'target_domains': ['sketch']}
Round 104 took 0.12707042694091797s, results:
{'t': 103, 'current_accuracy': 0.31640625, 'current_loss': 1.6151731610298157, 'train_loss': None, 'decision': 0, 'drift_rate': 0.0, 'target_domains': ['sketch']}
Round 105 took 0.12723565101623535s, results:
{'t': 104, 'current_accuracy': 0.31640625, 'current_loss': 1.61517333984375, 'train_loss': None, 'decision': 0, 'drift_rate': 0.0, 'target_domains': ['sketch']}
Round 106 took 0.13135719299316406s, results:
{'t': 105, 'current_accuracy': 0.25390625, 'current_loss': 3.0367915630340576, 'train_loss': None, 'decision': 0, 'drift_rate': 0.4, 'target_domains': ['cartoon']}
Round 107 took 0.13058781623840332s, results:
{'t': 106, 'current_accuracy': 0.22265625, 'current_loss': 4.211496114730835, 'train_loss': None, 'decision': 0, 'drift_rate': 0.4, 'target_domains': ['cartoon']}
Round 108 took 0.12921977043151855s, results:
{'t': 107, 'current_accuracy': 0.1875, 'current_loss': 4.746405839920044, 'train_loss': None, 'decision': 0, 'drift_rate': 0.4, 'target_domains': ['cartoon']}
Round 109 took 0.12745285034179688s, results:
{'t': 108, 'current_accuracy': 0.1875, 'current_loss': 4.746405363082886, 'train_loss': None, 'decision': 0, 'drift_rate': 0.4, 'target_domains': ['cartoon']}
Round 110 took 0.12748050689697266s, results:
{'t': 109, 'current_accuracy': 0.1875, 'current_loss': 4.746405363082886, 'train_loss': None, 'decision': 0, 'drift_rate': 0.4, 'target_domains': ['cartoon']}
Average loss over 3 updates: 3.4276
Round 111 took 0.23220014572143555s, results:
{'t': 110, 'current_accuracy': 0.1875, 'current_loss': 4.746405601501465, 'train_loss': 3.4275580247243247, 'decision': 1, 'drift_rate': 0.0, 'target_domains': ['cartoon']}
Round 112 took 0.12768888473510742s, results:
{'t': 111, 'current_accuracy': 0.34375, 'current_loss': 2.3846884965896606, 'train_loss': None, 'decision': 0, 'drift_rate': 0.0, 'target_domains': ['cartoon']}
Round 113 took 0.12739825248718262s, results:
{'t': 112, 'current_accuracy': 0.34375, 'current_loss': 2.38468861579895, 'train_loss': None, 'decision': 0, 'drift_rate': 0.0, 'target_domains': ['cartoon']}
Round 114 took 0.12749266624450684s, results:
{'t': 113, 'current_accuracy': 0.34375, 'current_loss': 2.3846888542175293, 'train_loss': None, 'decision': 0, 'drift_rate': 0.0, 'target_domains': ['cartoon']}
Round 115 took 0.12728309631347656s, results:
{'t': 114, 'current_accuracy': 0.34375, 'current_loss': 2.3846884965896606, 'train_loss': None, 'decision': 0, 'drift_rate': 0.0, 'target_domains': ['cartoon']}
Round 116 took 0.1277329921722412s, results:
{'t': 115, 'current_accuracy': 0.34375, 'current_loss': 2.3846887350082397, 'train_loss': None, 'decision': 0, 'drift_rate': 0.0, 'target_domains': ['cartoon']}
Round 117 took 0.12737226486206055s, results:
{'t': 116, 'current_accuracy': 0.34375, 'current_loss': 2.38468861579895, 'train_loss': None, 'decision': 0, 'drift_rate': 0.0, 'target_domains': ['cartoon']}
Round 118 took 0.12721586227416992s, results:
{'t': 117, 'current_accuracy': 0.34375, 'current_loss': 2.384688377380371, 'train_loss': None, 'decision': 0, 'drift_rate': 0.0, 'target_domains': ['cartoon']}
Round 119 took 0.12721586227416992s, results:
{'t': 118, 'current_accuracy': 0.34375, 'current_loss': 2.3846884965896606, 'train_loss': None, 'decision': 0, 'drift_rate': 0.0, 'target_domains': ['cartoon']}
Round 120 took 0.12716245651245117s, results:
{'t': 119, 'current_accuracy': 0.34375, 'current_loss': 2.384688377380371, 'train_loss': None, 'decision': 0, 'drift_rate': 0.0, 'target_domains': ['cartoon']}
Average loss over 3 updates: 2.1408
Round 121 took 0.22974562644958496s, results:
{'t': 120, 'current_accuracy': 0.34375, 'current_loss': 2.3846887350082397, 'train_loss': 2.140777667363485, 'decision': 1, 'drift_rate': 0.0, 'target_domains': ['cartoon']}
Round 122 took 0.12764978408813477s, results:
{'t': 121, 'current_accuracy': 0.44140625, 'current_loss': 1.6808151602745056, 'train_loss': None, 'decision': 0, 'drift_rate': 0.0, 'target_domains': ['cartoon']}
Round 123 took 0.12721943855285645s, results:
{'t': 122, 'current_accuracy': 0.44140625, 'current_loss': 1.6808151602745056, 'train_loss': None, 'decision': 0, 'drift_rate': 0.0, 'target_domains': ['cartoon']}
Round 124 took 0.12723469734191895s, results:
{'t': 123, 'current_accuracy': 0.44140625, 'current_loss': 1.6808152198791504, 'train_loss': None, 'decision': 0, 'drift_rate': 0.0, 'target_domains': ['cartoon']}
Round 125 took 0.127105712890625s, results:
{'t': 124, 'current_accuracy': 0.44140625, 'current_loss': 1.6808151602745056, 'train_loss': None, 'decision': 0, 'drift_rate': 0.0, 'target_domains': ['cartoon']}
Round 126 took 0.12723112106323242s, results:
{'t': 125, 'current_accuracy': 0.44140625, 'current_loss': 1.680815041065216, 'train_loss': None, 'decision': 0, 'drift_rate': 0.0, 'target_domains': ['cartoon']}
Round 127 took 0.12713932991027832s, results:
{'t': 126, 'current_accuracy': 0.44140625, 'current_loss': 1.6808152198791504, 'train_loss': None, 'decision': 0, 'drift_rate': 0.0, 'target_domains': ['cartoon']}
Round 128 took 0.1271069049835205s, results:
{'t': 127, 'current_accuracy': 0.44140625, 'current_loss': 1.6808151602745056, 'train_loss': None, 'decision': 0, 'drift_rate': 0.0, 'target_domains': ['cartoon']}
Round 129 took 0.12722373008728027s, results:
{'t': 128, 'current_accuracy': 0.44140625, 'current_loss': 1.6808149814605713, 'train_loss': None, 'decision': 0, 'drift_rate': 0.0, 'target_domains': ['cartoon']}
Round 130 took 0.12693428993225098s, results:
{'t': 129, 'current_accuracy': 0.44140625, 'current_loss': 1.6808152198791504, 'train_loss': None, 'decision': 0, 'drift_rate': 0.0, 'target_domains': ['cartoon']}
Average loss over 3 updates: 1.6988
Round 131 took 0.22856688499450684s, results:
{'t': 130, 'current_accuracy': 0.44140625, 'current_loss': 1.6808152198791504, 'train_loss': 1.6987806955973308, 'decision': 1, 'drift_rate': 0.0, 'target_domains': ['cartoon']}
Round 132 took 0.1275782585144043s, results:
{'t': 131, 'current_accuracy': 0.45703125, 'current_loss': 1.588094711303711, 'train_loss': None, 'decision': 0, 'drift_rate': 0.0, 'target_domains': ['cartoon']}
Round 133 took 0.1309347152709961s, results:
{'t': 132, 'current_accuracy': 0.45703125, 'current_loss': 1.588094711303711, 'train_loss': None, 'decision': 0, 'drift_rate': 0.0, 'target_domains': ['cartoon']}
Round 134 took 0.12787747383117676s, results:
{'t': 133, 'current_accuracy': 0.45703125, 'current_loss': 1.5880947709083557, 'train_loss': None, 'decision': 0, 'drift_rate': 0.0, 'target_domains': ['cartoon']}
Round 135 took 0.12737751007080078s, results:
{'t': 134, 'current_accuracy': 0.45703125, 'current_loss': 1.588094711303711, 'train_loss': None, 'decision': 0, 'drift_rate': 0.0, 'target_domains': ['cartoon']}
Round 136 took 0.1272263526916504s, results:
{'t': 135, 'current_accuracy': 0.45703125, 'current_loss': 1.588094711303711, 'train_loss': None, 'decision': 0, 'drift_rate': 0.0, 'target_domains': ['cartoon']}
Round 137 took 0.127457857131958s, results:
{'t': 136, 'current_accuracy': 0.45703125, 'current_loss': 1.5880947709083557, 'train_loss': None, 'decision': 0, 'drift_rate': 0.0, 'target_domains': ['cartoon']}
Round 138 took 0.12724995613098145s, results:
{'t': 137, 'current_accuracy': 0.45703125, 'current_loss': 1.588094711303711, 'train_loss': None, 'decision': 0, 'drift_rate': 0.0, 'target_domains': ['cartoon']}
Round 139 took 0.12740802764892578s, results:
{'t': 138, 'current_accuracy': 0.45703125, 'current_loss': 1.5880948305130005, 'train_loss': None, 'decision': 0, 'drift_rate': 0.0, 'target_domains': ['cartoon']}
Round 140 took 0.1272895336151123s, results:
{'t': 139, 'current_accuracy': 0.45703125, 'current_loss': 1.588094711303711, 'train_loss': None, 'decision': 0, 'drift_rate': 0.0, 'target_domains': ['cartoon']}
Average loss over 3 updates: 1.5938
Round 141 took 0.22902846336364746s, results:
{'t': 140, 'current_accuracy': 0.45703125, 'current_loss': 1.5880948901176453, 'train_loss': 1.593823234240214, 'decision': 1, 'drift_rate': 0.0, 'target_domains': ['cartoon']}
Round 142 took 0.12763071060180664s, results:
{'t': 141, 'current_accuracy': 0.48828125, 'current_loss': 1.5185920000076294, 'train_loss': None, 'decision': 0, 'drift_rate': 0.0, 'target_domains': ['cartoon']}
Round 143 took 0.12730145454406738s, results:
{'t': 142, 'current_accuracy': 0.48828125, 'current_loss': 1.518592119216919, 'train_loss': None, 'decision': 0, 'drift_rate': 0.0, 'target_domains': ['cartoon']}
Round 144 took 0.12736916542053223s, results:
{'t': 143, 'current_accuracy': 0.48828125, 'current_loss': 1.5185920596122742, 'train_loss': None, 'decision': 0, 'drift_rate': 0.0, 'target_domains': ['cartoon']}
Round 145 took 0.12716341018676758s, results:
{'t': 144, 'current_accuracy': 0.48828125, 'current_loss': 1.5185920000076294, 'train_loss': None, 'decision': 0, 'drift_rate': 0.0, 'target_domains': ['cartoon']}
Round 146 took 0.12716341018676758s, results:
{'t': 145, 'current_accuracy': 0.48828125, 'current_loss': 1.5185921788215637, 'train_loss': None, 'decision': 0, 'drift_rate': 0.0, 'target_domains': ['cartoon']}
Round 147 took 0.12737727165222168s, results:
{'t': 146, 'current_accuracy': 0.48828125, 'current_loss': 1.5185921788215637, 'train_loss': None, 'decision': 0, 'drift_rate': 0.0, 'target_domains': ['cartoon']}
Round 148 took 0.12736821174621582s, results:
{'t': 147, 'current_accuracy': 0.48828125, 'current_loss': 1.5185920596122742, 'train_loss': None, 'decision': 0, 'drift_rate': 0.0, 'target_domains': ['cartoon']}
Round 149 took 0.12729144096374512s, results:
{'t': 148, 'current_accuracy': 0.48828125, 'current_loss': 1.5185920000076294, 'train_loss': None, 'decision': 0, 'drift_rate': 0.0, 'target_domains': ['cartoon']}
Round 150 took 0.12742209434509277s, results:
{'t': 149, 'current_accuracy': 0.48828125, 'current_loss': 1.5185920596122742, 'train_loss': None, 'decision': 0, 'drift_rate': 0.0, 'target_domains': ['cartoon']}
Average loss over 3 updates: 1.5190
Round 151 took 0.23180389404296875s, results:
{'t': 150, 'current_accuracy': 0.48828125, 'current_loss': 1.518592119216919, 'train_loss': 1.5189878543217976, 'decision': 1, 'drift_rate': 0.0, 'target_domains': ['cartoon']}
Round 152 took 0.12938499450683594s, results:
{'t': 151, 'current_accuracy': 0.50390625, 'current_loss': 1.5046157240867615, 'train_loss': None, 'decision': 0, 'drift_rate': 0.0, 'target_domains': ['cartoon']}
Round 153 took 0.12732768058776855s, results:
{'t': 152, 'current_accuracy': 0.50390625, 'current_loss': 1.5046157240867615, 'train_loss': None, 'decision': 0, 'drift_rate': 0.0, 'target_domains': ['cartoon']}
Round 154 took 0.12724089622497559s, results:
{'t': 153, 'current_accuracy': 0.50390625, 'current_loss': 1.504615843296051, 'train_loss': None, 'decision': 0, 'drift_rate': 0.0, 'target_domains': ['cartoon']}
Round 155 took 0.12722229957580566s, results:
{'t': 154, 'current_accuracy': 0.50390625, 'current_loss': 1.5046156644821167, 'train_loss': None, 'decision': 0, 'drift_rate': 0.0, 'target_domains': ['cartoon']}
Round 156 took 0.13033819198608398s, results:
{'t': 155, 'current_accuracy': 0.49609375, 'current_loss': 1.4921110272407532, 'train_loss': None, 'decision': 0, 'drift_rate': 0.4, 'target_domains': ['art_painting']}
Round 157 took 0.12965941429138184s, results:
{'t': 156, 'current_accuracy': 0.4765625, 'current_loss': 1.651498019695282, 'train_loss': None, 'decision': 0, 'drift_rate': 0.4, 'target_domains': ['art_painting']}
Round 158 took 0.1289811134338379s, results:
{'t': 157, 'current_accuracy': 0.48046875, 'current_loss': 1.6187804341316223, 'train_loss': None, 'decision': 0, 'drift_rate': 0.4, 'target_domains': ['art_painting']}
Round 159 took 0.12751507759094238s, results:
{'t': 158, 'current_accuracy': 0.48046875, 'current_loss': 1.618780493736267, 'train_loss': None, 'decision': 0, 'drift_rate': 0.4, 'target_domains': ['art_painting']}
Round 160 took 0.12756752967834473s, results:
{'t': 159, 'current_accuracy': 0.48046875, 'current_loss': 1.6187806129455566, 'train_loss': None, 'decision': 0, 'drift_rate': 0.4, 'target_domains': ['art_painting']}
Average loss over 3 updates: 1.5942
Round 161 took 0.23133254051208496s, results:
{'t': 160, 'current_accuracy': 0.48046875, 'current_loss': 1.6187805533409119, 'train_loss': 1.5941845973332722, 'decision': 1, 'drift_rate': 0.0, 'target_domains': ['art_painting']}
Round 162 took 0.1276257038116455s, results:
{'t': 161, 'current_accuracy': 0.4921875, 'current_loss': 1.8349809050559998, 'train_loss': None, 'decision': 0, 'drift_rate': 0.0, 'target_domains': ['art_painting']}
Round 163 took 0.12717056274414062s, results:
{'t': 162, 'current_accuracy': 0.4921875, 'current_loss': 1.8349809050559998, 'train_loss': None, 'decision': 0, 'drift_rate': 0.0, 'target_domains': ['art_painting']}
Round 164 took 0.12743878364562988s, results:
{'t': 163, 'current_accuracy': 0.4921875, 'current_loss': 1.8349811434745789, 'train_loss': None, 'decision': 0, 'drift_rate': 0.0, 'target_domains': ['art_painting']}
Round 165 took 0.12739849090576172s, results:
{'t': 164, 'current_accuracy': 0.4921875, 'current_loss': 1.834980845451355, 'train_loss': None, 'decision': 0, 'drift_rate': 0.0, 'target_domains': ['art_painting']}
Round 166 took 0.12758207321166992s, results:
{'t': 165, 'current_accuracy': 0.4921875, 'current_loss': 1.834980845451355, 'train_loss': None, 'decision': 0, 'drift_rate': 0.0, 'target_domains': ['art_painting']}
Round 167 took 0.12729620933532715s, results:
{'t': 166, 'current_accuracy': 0.4921875, 'current_loss': 1.8349810242652893, 'train_loss': None, 'decision': 0, 'drift_rate': 0.0, 'target_domains': ['art_painting']}
Round 168 took 0.12732911109924316s, results:
{'t': 167, 'current_accuracy': 0.4921875, 'current_loss': 1.8349806070327759, 'train_loss': None, 'decision': 0, 'drift_rate': 0.0, 'target_domains': ['art_painting']}
Round 169 took 0.12738990783691406s, results:
{'t': 168, 'current_accuracy': 0.4921875, 'current_loss': 1.8349809646606445, 'train_loss': None, 'decision': 0, 'drift_rate': 0.0, 'target_domains': ['art_painting']}
Round 170 took 0.13146018981933594s, results:
{'t': 169, 'current_accuracy': 0.4921875, 'current_loss': 1.8349810242652893, 'train_loss': None, 'decision': 0, 'drift_rate': 0.0, 'target_domains': ['art_painting']}
Average loss over 3 updates: 1.4887
Round 171 took 0.23280978202819824s, results:
{'t': 170, 'current_accuracy': 0.4921875, 'current_loss': 1.8349809646606445, 'train_loss': 1.4886926809946697, 'decision': 1, 'drift_rate': 0.0, 'target_domains': ['art_painting']}
Round 172 took 0.12759828567504883s, results:
{'t': 171, 'current_accuracy': 0.5390625, 'current_loss': 1.264594852924347, 'train_loss': None, 'decision': 0, 'drift_rate': 0.0, 'target_domains': ['art_painting']}
Round 173 took 0.1272599697113037s, results:
{'t': 172, 'current_accuracy': 0.5390625, 'current_loss': 1.2645947933197021, 'train_loss': None, 'decision': 0, 'drift_rate': 0.0, 'target_domains': ['art_painting']}
Round 174 took 0.12735319137573242s, results:
{'t': 173, 'current_accuracy': 0.5390625, 'current_loss': 1.2645947933197021, 'train_loss': None, 'decision': 0, 'drift_rate': 0.0, 'target_domains': ['art_painting']}
Round 175 took 0.12742042541503906s, results:
{'t': 174, 'current_accuracy': 0.5390625, 'current_loss': 1.2645949125289917, 'train_loss': None, 'decision': 0, 'drift_rate': 0.0, 'target_domains': ['art_painting']}
Round 176 took 0.12734365463256836s, results:
{'t': 175, 'current_accuracy': 0.5390625, 'current_loss': 1.2645949721336365, 'train_loss': None, 'decision': 0, 'drift_rate': 0.0, 'target_domains': ['art_painting']}
Round 177 took 0.1274118423461914s, results:
{'t': 176, 'current_accuracy': 0.5390625, 'current_loss': 1.2645947933197021, 'train_loss': None, 'decision': 0, 'drift_rate': 0.0, 'target_domains': ['art_painting']}
Round 178 took 0.12733078002929688s, results:
{'t': 177, 'current_accuracy': 0.5390625, 'current_loss': 1.2645949125289917, 'train_loss': None, 'decision': 0, 'drift_rate': 0.0, 'target_domains': ['art_painting']}
Round 179 took 0.1273360252380371s, results:
{'t': 178, 'current_accuracy': 0.5390625, 'current_loss': 1.2645950317382812, 'train_loss': None, 'decision': 0, 'drift_rate': 0.0, 'target_domains': ['art_painting']}
Round 180 took 0.12753677368164062s, results:
{'t': 179, 'current_accuracy': 0.5390625, 'current_loss': 1.264595091342926, 'train_loss': None, 'decision': 0, 'drift_rate': 0.0, 'target_domains': ['art_painting']}
Average loss over 3 updates: 1.1736
Round 181 took 0.23015570640563965s, results:
{'t': 180, 'current_accuracy': 0.5390625, 'current_loss': 1.2645947337150574, 'train_loss': 1.1736212372779846, 'decision': 1, 'drift_rate': 0.0, 'target_domains': ['art_painting']}
Round 182 took 0.12753629684448242s, results:
{'t': 181, 'current_accuracy': 0.6640625, 'current_loss': 0.8837690651416779, 'train_loss': None, 'decision': 0, 'drift_rate': 0.0, 'target_domains': ['art_painting']}
Round 183 took 0.12726473808288574s, results:
{'t': 182, 'current_accuracy': 0.6640625, 'current_loss': 0.8837690353393555, 'train_loss': None, 'decision': 0, 'drift_rate': 0.0, 'target_domains': ['art_painting']}
Round 184 took 0.1273660659790039s, results:
{'t': 183, 'current_accuracy': 0.6640625, 'current_loss': 0.8837689757347107, 'train_loss': None, 'decision': 0, 'drift_rate': 0.0, 'target_domains': ['art_painting']}
Round 185 took 0.12733960151672363s, results:
{'t': 184, 'current_accuracy': 0.6640625, 'current_loss': 0.8837690055370331, 'train_loss': None, 'decision': 0, 'drift_rate': 0.0, 'target_domains': ['art_painting']}
Round 186 took 0.12742114067077637s, results:
{'t': 185, 'current_accuracy': 0.6640625, 'current_loss': 0.8837690055370331, 'train_loss': None, 'decision': 0, 'drift_rate': 0.0, 'target_domains': ['art_painting']}
Round 187 took 0.12735772132873535s, results:
{'t': 186, 'current_accuracy': 0.6640625, 'current_loss': 0.8837690353393555, 'train_loss': None, 'decision': 0, 'drift_rate': 0.0, 'target_domains': ['art_painting']}
Round 188 took 0.1309819221496582s, results:
{'t': 187, 'current_accuracy': 0.6640625, 'current_loss': 0.8837690055370331, 'train_loss': None, 'decision': 0, 'drift_rate': 0.0, 'target_domains': ['art_painting']}
Round 189 took 0.128648042678833s, results:
{'t': 188, 'current_accuracy': 0.6640625, 'current_loss': 0.8837689459323883, 'train_loss': None, 'decision': 0, 'drift_rate': 0.0, 'target_domains': ['art_painting']}
Round 190 took 0.12733173370361328s, results:
{'t': 189, 'current_accuracy': 0.6640625, 'current_loss': 0.8837690949440002, 'train_loss': None, 'decision': 0, 'drift_rate': 0.0, 'target_domains': ['art_painting']}
Average loss over 3 updates: 0.8575
Round 191 took 0.22988343238830566s, results:
{'t': 190, 'current_accuracy': 0.6640625, 'current_loss': 0.883769154548645, 'train_loss': 0.8574899832407633, 'decision': 1, 'drift_rate': 0.0, 'target_domains': ['art_painting']}
Round 192 took 0.1274411678314209s, results:
{'t': 191, 'current_accuracy': 0.7109375, 'current_loss': 0.8328773081302643, 'train_loss': None, 'decision': 0, 'drift_rate': 0.0, 'target_domains': ['art_painting']}
Round 193 took 0.12741804122924805s, results:
{'t': 192, 'current_accuracy': 0.7109375, 'current_loss': 0.8328773081302643, 'train_loss': None, 'decision': 0, 'drift_rate': 0.0, 'target_domains': ['art_painting']}
Round 194 took 0.12742018699645996s, results:
{'t': 193, 'current_accuracy': 0.7109375, 'current_loss': 0.8328773379325867, 'train_loss': None, 'decision': 0, 'drift_rate': 0.0, 'target_domains': ['art_painting']}
Round 195 took 0.12745094299316406s, results:
{'t': 194, 'current_accuracy': 0.7109375, 'current_loss': 0.8328772187232971, 'train_loss': None, 'decision': 0, 'drift_rate': 0.0, 'target_domains': ['art_painting']}
Round 196 took 0.12718796730041504s, results:
{'t': 195, 'current_accuracy': 0.7109375, 'current_loss': 0.8328772783279419, 'train_loss': None, 'decision': 0, 'drift_rate': 0.0, 'target_domains': ['art_painting']}
Round 197 took 0.1271345615386963s, results:
{'t': 196, 'current_accuracy': 0.7109375, 'current_loss': 0.8328773081302643, 'train_loss': None, 'decision': 0, 'drift_rate': 0.0, 'target_domains': ['art_painting']}
Round 198 took 0.1269996166229248s, results:
{'t': 197, 'current_accuracy': 0.7109375, 'current_loss': 0.8328773379325867, 'train_loss': None, 'decision': 0, 'drift_rate': 0.0, 'target_domains': ['art_painting']}
Round 199 took 0.12715601921081543s, results:
{'t': 198, 'current_accuracy': 0.7109375, 'current_loss': 0.8328773081302643, 'train_loss': None, 'decision': 0, 'drift_rate': 0.0, 'target_domains': ['art_painting']}
Round 200 took 0.1270921230316162s, results:
{'t': 199, 'current_accuracy': 0.7109375, 'current_loss': 0.8328773379325867, 'train_loss': None, 'decision': 0, 'drift_rate': 0.0, 'target_domains': ['art_painting']}
Average time per round: 0.1385702109336853
Total time: 27.71404218673706
