Device: cuda
CUDA Version: 12.1
cuDNN Version: 8902
PyTorch Version: 2.3.0

Model used: PACSCNN_4
Initial dataset creation
Initial dataset creation
Initial loss: 0.37001314759254456
<__main__.Policy object at 0x147ed60e1910>
0.37001314759254456
0.008 ['sketch']
Loss historical diff: 0.0; Loss Difference: 0.0, Decision: 0
Round 1 took 2.281177520751953s, results:
{'t': 0, 'current_accuracy': 0.8828125, 'current_loss': 0.33334214985370636, 'train_loss': None, 'decision': 0, 'drift_rate': 0.008, 'target_domains': ['sketch']}
0.008 ['sketch']
Loss historical diff: 0.037643566727638245; Loss Difference: 0.0, Decision: 0
Round 2 took 2.240049362182617s, results:
{'t': 1, 'current_accuracy': 0.875, 'current_loss': 0.3709857165813446, 'train_loss': None, 'decision': 0, 'drift_rate': 0.008, 'target_domains': ['sketch']}
0.008 ['sketch']
Loss historical diff: 0.037817344069480896; Loss Difference: 0.0, Decision: 0
Round 3 took 2.229462146759033s, results:
{'t': 2, 'current_accuracy': 0.875, 'current_loss': 0.37115949392318726, 'train_loss': None, 'decision': 0, 'drift_rate': 0.008, 'target_domains': ['sketch']}
0.008 ['sketch']
Loss historical diff: 0.06075891852378845; Loss Difference: 0.0, Decision: 0
Round 4 took 2.28739070892334s, results:
{'t': 3, 'current_accuracy': 0.87109375, 'current_loss': 0.3941010683774948, 'train_loss': None, 'decision': 0, 'drift_rate': 0.008, 'target_domains': ['sketch']}
0.008 ['sketch']
Loss historical diff: 0.0916212797164917; Loss Difference: 0.0, Decision: 1
Average loss over 5 updates: 0.3782
Round 5 took 4.0801050662994385s, results:
{'t': 4, 'current_accuracy': 0.86328125, 'current_loss': 0.42496342957019806, 'train_loss': 0.3782328009605408, 'decision': 1, 'drift_rate': 0.008, 'target_domains': ['sketch']}
0.008 ['sketch']
Loss historical diff: 0.4714139550924301; Loss Difference: 0.0, Decision: 1
Average loss over 5 updates: 0.3061
Round 6 took 4.361333131790161s, results:
{'t': 5, 'current_accuracy': 0.71875, 'current_loss': 0.8047561049461365, 'train_loss': 0.30609543025493624, 'decision': 1, 'drift_rate': 0.008, 'target_domains': ['sketch']}
0.008 ['sketch']
Loss historical diff: 0.0; Loss Difference: 0.0, Decision: 0
Round 7 took 2.3038299083709717s, results:
{'t': 6, 'current_accuracy': 0.8984375, 'current_loss': 0.322359099984169, 'train_loss': None, 'decision': 0, 'drift_rate': 0.008, 'target_domains': ['sketch']}
0.008 ['sketch']
Loss historical diff: 0.01430647075176239; Loss Difference: 0.0, Decision: 0
Round 8 took 2.505587100982666s, results:
{'t': 7, 'current_accuracy': 0.890625, 'current_loss': 0.3366655707359314, 'train_loss': None, 'decision': 0, 'drift_rate': 0.008, 'target_domains': ['sketch']}
0.008 ['sketch']
Loss historical diff: 0.015790894627571106; Loss Difference: 0.0, Decision: 0
Round 9 took 2.4500834941864014s, results:
{'t': 8, 'current_accuracy': 0.89453125, 'current_loss': 0.3381499946117401, 'train_loss': None, 'decision': 0, 'drift_rate': 0.008, 'target_domains': ['sketch']}
0.008 ['sketch']
Loss historical diff: 0.02596898376941681; Loss Difference: 0.0, Decision: 0
Round 10 took 2.314246654510498s, results:
{'t': 9, 'current_accuracy': 0.890625, 'current_loss': 0.3483280837535858, 'train_loss': None, 'decision': 0, 'drift_rate': 0.008, 'target_domains': ['sketch']}
0.008 ['sketch']
Loss historical diff: 0.03540979325771332; Loss Difference: 0.0, Decision: 0
Round 11 took 2.477578639984131s, results:
{'t': 10, 'current_accuracy': 0.88671875, 'current_loss': 0.3577688932418823, 'train_loss': None, 'decision': 0, 'drift_rate': 0.008, 'target_domains': ['sketch']}
0.008 ['sketch']
Loss historical diff: 0.0447569340467453; Loss Difference: 0.0, Decision: 0
Round 12 took 2.3899457454681396s, results:
{'t': 11, 'current_accuracy': 0.8828125, 'current_loss': 0.3671160340309143, 'train_loss': None, 'decision': 0, 'drift_rate': 0.008, 'target_domains': ['sketch']}
0.008 ['sketch']
Loss historical diff: 0.06079873442649841; Loss Difference: 0.0, Decision: 0
Round 13 took 2.5219004154205322s, results:
{'t': 12, 'current_accuracy': 0.875, 'current_loss': 0.3831578344106674, 'train_loss': None, 'decision': 0, 'drift_rate': 0.008, 'target_domains': ['sketch']}
0.008 ['sketch']
Loss historical diff: 0.07408824563026428; Loss Difference: 0.0, Decision: 0
Round 14 took 2.395108222961426s, results:
{'t': 13, 'current_accuracy': 0.8671875, 'current_loss': 0.3964473456144333, 'train_loss': None, 'decision': 0, 'drift_rate': 0.008, 'target_domains': ['sketch']}
0.008 ['sketch']
Loss historical diff: 0.08298847079277039; Loss Difference: 0.0, Decision: 0
Round 15 took 2.4563493728637695s, results:
{'t': 14, 'current_accuracy': 0.86328125, 'current_loss': 0.4053475707769394, 'train_loss': None, 'decision': 0, 'drift_rate': 0.008, 'target_domains': ['sketch']}
0.008 ['sketch']
Loss historical diff: 0.0935373604297638; Loss Difference: 0.0, Decision: 0
Round 16 took 2.497490882873535s, results:
{'t': 15, 'current_accuracy': 0.859375, 'current_loss': 0.4158964604139328, 'train_loss': None, 'decision': 0, 'drift_rate': 0.008, 'target_domains': ['sketch']}
0.008 ['sketch']
Loss historical diff: 0.10048384964466095; Loss Difference: 0.0, Decision: 0
Round 17 took 2.5281436443328857s, results:
{'t': 16, 'current_accuracy': 0.85546875, 'current_loss': 0.42284294962882996, 'train_loss': None, 'decision': 0, 'drift_rate': 0.008, 'target_domains': ['sketch']}
0.008 ['sketch']
Loss historical diff: 0.11482042074203491; Loss Difference: 0.0, Decision: 0
Round 18 took 2.404170513153076s, results:
{'t': 17, 'current_accuracy': 0.84765625, 'current_loss': 0.4371795207262039, 'train_loss': None, 'decision': 0, 'drift_rate': 0.008, 'target_domains': ['sketch']}
0.008 ['sketch']
Loss historical diff: 0.12881304323673248; Loss Difference: 0.0, Decision: 0
Round 19 took 2.4851620197296143s, results:
{'t': 18, 'current_accuracy': 0.83984375, 'current_loss': 0.4511721432209015, 'train_loss': None, 'decision': 0, 'drift_rate': 0.008, 'target_domains': ['sketch']}
0.008 ['sketch']
Loss historical diff: 0.1427917182445526; Loss Difference: 0.0, Decision: 0
Round 20 took 2.5837364196777344s, results:
{'t': 19, 'current_accuracy': 0.83203125, 'current_loss': 0.4651508182287216, 'train_loss': None, 'decision': 0, 'drift_rate': 0.008, 'target_domains': ['sketch']}
0.008 ['sketch']
Loss historical diff: 0.15052923560142517; Loss Difference: 0.0, Decision: 0
Round 21 took 2.4792227745056152s, results:
{'t': 20, 'current_accuracy': 0.828125, 'current_loss': 0.4728883355855942, 'train_loss': None, 'decision': 0, 'drift_rate': 0.008, 'target_domains': ['sketch']}
0.008 ['sketch']
Loss historical diff: 0.15964215993881226; Loss Difference: 0.0, Decision: 1
Average loss over 5 updates: 0.5503
Round 22 took 4.29440450668335s, results:
{'t': 21, 'current_accuracy': 0.82421875, 'current_loss': 0.48200125992298126, 'train_loss': 0.550345492362976, 'decision': 1, 'drift_rate': 0.008, 'target_domains': ['sketch']}
0.008 ['sketch']
Loss historical diff: 0.21127139031887054; Loss Difference: 0.0, Decision: 0
Round 23 took 2.677398920059204s, results:
{'t': 22, 'current_accuracy': 0.76171875, 'current_loss': 0.5336304903030396, 'train_loss': None, 'decision': 0, 'drift_rate': 0.008, 'target_domains': ['sketch']}
0.008 ['sketch']
Loss historical diff: 0.21059997379779816; Loss Difference: 0.0, Decision: 0
Round 24 took 2.45990252494812s, results:
{'t': 23, 'current_accuracy': 0.76171875, 'current_loss': 0.5329590737819672, 'train_loss': None, 'decision': 0, 'drift_rate': 0.008, 'target_domains': ['sketch']}
0.008 ['sketch']
Loss historical diff: 0.22172610461711884; Loss Difference: 0.0, Decision: 0
Round 25 took 2.424614429473877s, results:
{'t': 24, 'current_accuracy': 0.75390625, 'current_loss': 0.5440852046012878, 'train_loss': None, 'decision': 0, 'drift_rate': 0.008, 'target_domains': ['sketch']}
0.008 ['sketch']
Loss historical diff: 0.2294405847787857; Loss Difference: 0.0, Decision: 0
Round 26 took 2.5617003440856934s, results:
{'t': 25, 'current_accuracy': 0.75, 'current_loss': 0.5517996847629547, 'train_loss': None, 'decision': 0, 'drift_rate': 0.008, 'target_domains': ['sketch']}
0.008 ['sketch']
Loss historical diff: 0.23622967302799225; Loss Difference: 0.0, Decision: 0
Round 27 took 2.550638198852539s, results:
{'t': 26, 'current_accuracy': 0.75, 'current_loss': 0.5585887730121613, 'train_loss': None, 'decision': 0, 'drift_rate': 0.008, 'target_domains': ['sketch']}
0.008 ['sketch']
Loss historical diff: 0.24999065697193146; Loss Difference: 0.0, Decision: 1
Average loss over 5 updates: 0.5342
Round 28 took 4.716472387313843s, results:
{'t': 27, 'current_accuracy': 0.7421875, 'current_loss': 0.5723497569561005, 'train_loss': 0.5342295408248902, 'decision': 1, 'drift_rate': 0.008, 'target_domains': ['sketch']}
0.008 ['sketch']
Loss historical diff: 0.1898290514945984; Loss Difference: 0.0, Decision: 0
Round 29 took 2.6388332843780518s, results:
{'t': 28, 'current_accuracy': 0.8203125, 'current_loss': 0.5121881514787674, 'train_loss': None, 'decision': 0, 'drift_rate': 0.008, 'target_domains': ['sketch']}
0.008 ['sketch']
Loss historical diff: 0.2022865265607834; Loss Difference: 0.0, Decision: 0
Round 30 took 2.5358927249908447s, results:
{'t': 29, 'current_accuracy': 0.8125, 'current_loss': 0.5246456265449524, 'train_loss': None, 'decision': 0, 'drift_rate': 0.008, 'target_domains': ['sketch']}
0.008 ['sketch']
Loss historical diff: 0.21182826161384583; Loss Difference: 0.0, Decision: 0
Round 31 took 2.470338821411133s, results:
{'t': 30, 'current_accuracy': 0.80859375, 'current_loss': 0.5341873615980148, 'train_loss': None, 'decision': 0, 'drift_rate': 0.008, 'target_domains': ['sketch']}
0.008 ['sketch']
Loss historical diff: 0.22369839251041412; Loss Difference: 0.0, Decision: 0
Round 32 took 2.446962833404541s, results:
{'t': 31, 'current_accuracy': 0.8046875, 'current_loss': 0.5460574924945831, 'train_loss': None, 'decision': 0, 'drift_rate': 0.008, 'target_domains': ['sketch']}
0.008 ['sketch']
Loss historical diff: 0.23786042630672455; Loss Difference: 0.0, Decision: 0
Round 33 took 2.5378355979919434s, results:
{'t': 32, 'current_accuracy': 0.796875, 'current_loss': 0.5602195262908936, 'train_loss': None, 'decision': 0, 'drift_rate': 0.008, 'target_domains': ['sketch']}
0.008 ['sketch']
Loss historical diff: 0.2490857094526291; Loss Difference: 0.0, Decision: 0
Round 34 took 2.577502965927124s, results:
{'t': 33, 'current_accuracy': 0.79296875, 'current_loss': 0.5714448094367981, 'train_loss': None, 'decision': 0, 'drift_rate': 0.008, 'target_domains': ['sketch']}
0.008 ['sketch']
Loss historical diff: 0.2554118484258652; Loss Difference: 0.0, Decision: 0
Round 35 took 2.5976343154907227s, results:
{'t': 34, 'current_accuracy': 0.79296875, 'current_loss': 0.5777709484100342, 'train_loss': None, 'decision': 0, 'drift_rate': 0.008, 'target_domains': ['sketch']}
0.008 ['sketch']
Loss historical diff: 0.27854032814502716; Loss Difference: 0.0, Decision: 1
Average loss over 5 updates: 0.7581
Round 36 took 4.4483606815338135s, results:
{'t': 35, 'current_accuracy': 0.7890625, 'current_loss': 0.6008994281291962, 'train_loss': 0.7581400990486145, 'decision': 1, 'drift_rate': 0.008, 'target_domains': ['sketch']}
0.008 ['sketch']
Loss historical diff: 1.4455250948667526; Loss Difference: 0.0, Decision: 1
Average loss over 5 updates: 0.5906
Round 37 took 4.287262678146362s, results:
{'t': 36, 'current_accuracy': 0.50390625, 'current_loss': 1.7678841948509216, 'train_loss': 0.5906262159347534, 'decision': 1, 'drift_rate': 0.008, 'target_domains': ['sketch']}
0.008 ['sketch']
Loss historical diff: 0.4865346699953079; Loss Difference: 0.0, Decision: 0
Round 38 took 2.5547027587890625s, results:
{'t': 37, 'current_accuracy': 0.69140625, 'current_loss': 0.8088937699794769, 'train_loss': None, 'decision': 0, 'drift_rate': 0.008, 'target_domains': ['sketch']}
0.008 ['sketch']
Loss historical diff: 0.4960641413927078; Loss Difference: 0.0, Decision: 0
Round 39 took 2.538874864578247s, results:
{'t': 38, 'current_accuracy': 0.68359375, 'current_loss': 0.8184232413768768, 'train_loss': None, 'decision': 0, 'drift_rate': 0.008, 'target_domains': ['sketch']}
0.008 ['sketch']
Loss historical diff: 0.5013907700777054; Loss Difference: 0.0, Decision: 0
Round 40 took 2.5003726482391357s, results:
{'t': 39, 'current_accuracy': 0.68359375, 'current_loss': 0.8237498700618744, 'train_loss': None, 'decision': 0, 'drift_rate': 0.008, 'target_domains': ['sketch']}
0.008 ['sketch']
Loss historical diff: 0.5152216702699661; Loss Difference: 0.0, Decision: 0
Round 41 took 2.4700543880462646s, results:
{'t': 40, 'current_accuracy': 0.6796875, 'current_loss': 0.8375807702541351, 'train_loss': None, 'decision': 0, 'drift_rate': 0.008, 'target_domains': ['sketch']}
0.008 ['sketch']
Loss historical diff: 0.5376043170690536; Loss Difference: 0.0, Decision: 0
Round 42 took 2.4736974239349365s, results:
{'t': 41, 'current_accuracy': 0.671875, 'current_loss': 0.8599634170532227, 'train_loss': None, 'decision': 0, 'drift_rate': 0.008, 'target_domains': ['sketch']}
0.008 ['sketch']
Loss historical diff: 0.5512600392103195; Loss Difference: 0.0, Decision: 1
Average loss over 5 updates: 0.6172
Round 43 took 4.369256496429443s, results:
{'t': 42, 'current_accuracy': 0.6640625, 'current_loss': 0.8736191391944885, 'train_loss': 0.6172417998313904, 'decision': 1, 'drift_rate': 0.008, 'target_domains': ['sketch']}
0.008 ['sketch']
Loss historical diff: 0.7655261605978012; Loss Difference: 0.0, Decision: 1
Average loss over 5 updates: 0.6674
Round 44 took 4.117779493331909s, results:
{'t': 43, 'current_accuracy': 0.65234375, 'current_loss': 1.0878852605819702, 'train_loss': 0.667363452911377, 'decision': 1, 'drift_rate': 0.008, 'target_domains': ['sketch']}
0.008 ['sketch']
Loss historical diff: 0.9319300502538681; Loss Difference: 0.0, Decision: 1
Average loss over 5 updates: 0.6773
Round 45 took 4.332143306732178s, results:
{'t': 44, 'current_accuracy': 0.609375, 'current_loss': 1.254289150238037, 'train_loss': 0.6772725582122803, 'decision': 1, 'drift_rate': 0.008, 'target_domains': ['sketch']}
0.008 ['sketch']
Loss historical diff: 0.3950010687112808; Loss Difference: 0.0, Decision: 0
Round 46 took 2.5061612129211426s, results:
{'t': 45, 'current_accuracy': 0.73046875, 'current_loss': 0.7173601686954498, 'train_loss': None, 'decision': 0, 'drift_rate': 0.008, 'target_domains': ['sketch']}
0.008 ['sketch']
Loss historical diff: 0.4025754779577255; Loss Difference: 0.0, Decision: 0
Round 47 took 2.475154161453247s, results:
{'t': 46, 'current_accuracy': 0.72265625, 'current_loss': 0.7249345779418945, 'train_loss': None, 'decision': 0, 'drift_rate': 0.008, 'target_domains': ['sketch']}
0.008 ['sketch']
Loss historical diff: 0.40646977722644806; Loss Difference: 0.0, Decision: 0
Round 48 took 2.603208065032959s, results:
{'t': 47, 'current_accuracy': 0.71875, 'current_loss': 0.7288288772106171, 'train_loss': None, 'decision': 0, 'drift_rate': 0.008, 'target_domains': ['sketch']}
0.008 ['sketch']
Loss historical diff: 0.413152351975441; Loss Difference: 0.0, Decision: 0
Round 49 took 2.5116426944732666s, results:
{'t': 48, 'current_accuracy': 0.71484375, 'current_loss': 0.73551145195961, 'train_loss': None, 'decision': 0, 'drift_rate': 0.008, 'target_domains': ['sketch']}
0.008 ['sketch']
Loss historical diff: 0.42970670759677887; Loss Difference: 0.0, Decision: 0
Round 50 took 2.342324733734131s, results:
{'t': 49, 'current_accuracy': 0.7109375, 'current_loss': 0.7520658075809479, 'train_loss': None, 'decision': 0, 'drift_rate': 0.008, 'target_domains': ['sketch']}
0.008 ['photo']
Loss historical diff: 0.4187382906675339; Loss Difference: 0.0, Decision: 0
Round 51 took 2.4610283374786377s, results:
{'t': 50, 'current_accuracy': 0.71484375, 'current_loss': 0.7410973906517029, 'train_loss': None, 'decision': 0, 'drift_rate': 0.008, 'target_domains': ['photo']}
0.008 ['photo']
Loss historical diff: 0.4119139164686203; Loss Difference: 0.0, Decision: 0
Round 52 took 2.8595778942108154s, results:
{'t': 51, 'current_accuracy': 0.71875, 'current_loss': 0.7342730164527893, 'train_loss': None, 'decision': 0, 'drift_rate': 0.008, 'target_domains': ['photo']}
0.008 ['photo']
Loss historical diff: 0.40374644100666046; Loss Difference: 0.0, Decision: 0
Round 53 took 2.4475042819976807s, results:
{'t': 52, 'current_accuracy': 0.72265625, 'current_loss': 0.7261055409908295, 'train_loss': None, 'decision': 0, 'drift_rate': 0.008, 'target_domains': ['photo']}
0.008 ['photo']
Loss historical diff: 0.39173878729343414; Loss Difference: 0.0, Decision: 0
Round 54 took 2.39670991897583s, results:
{'t': 53, 'current_accuracy': 0.7265625, 'current_loss': 0.7140978872776031, 'train_loss': None, 'decision': 0, 'drift_rate': 0.008, 'target_domains': ['photo']}
0.008 ['photo']
Loss historical diff: 0.39218033850193024; Loss Difference: 0.0, Decision: 0
Round 55 took 2.605699300765991s, results:
{'t': 54, 'current_accuracy': 0.72265625, 'current_loss': 0.7145394384860992, 'train_loss': None, 'decision': 0, 'drift_rate': 0.008, 'target_domains': ['photo']}
0.008 ['photo']
Loss historical diff: 0.39862702786922455; Loss Difference: 0.0, Decision: 0
Round 56 took 2.4805452823638916s, results:
{'t': 55, 'current_accuracy': 0.72265625, 'current_loss': 0.7209861278533936, 'train_loss': None, 'decision': 0, 'drift_rate': 0.008, 'target_domains': ['photo']}
0.008 ['photo']
Loss historical diff: 0.39961378276348114; Loss Difference: 0.0, Decision: 0
Round 57 took 2.6236374378204346s, results:
{'t': 56, 'current_accuracy': 0.71875, 'current_loss': 0.7219728827476501, 'train_loss': None, 'decision': 0, 'drift_rate': 0.008, 'target_domains': ['photo']}
0.008 ['photo']
Loss historical diff: 0.39186109602451324; Loss Difference: 0.0, Decision: 0
Round 58 took 2.700542449951172s, results:
{'t': 57, 'current_accuracy': 0.72265625, 'current_loss': 0.7142201960086823, 'train_loss': None, 'decision': 0, 'drift_rate': 0.008, 'target_domains': ['photo']}
0.008 ['photo']
Loss historical diff: 0.3944912403821945; Loss Difference: 0.0, Decision: 0
Round 59 took 2.3583343029022217s, results:
{'t': 58, 'current_accuracy': 0.71875, 'current_loss': 0.7168503403663635, 'train_loss': None, 'decision': 0, 'drift_rate': 0.008, 'target_domains': ['photo']}
0.008 ['photo']
Loss historical diff: 0.377933606505394; Loss Difference: 0.0, Decision: 0
Round 60 took 2.5546822547912598s, results:
{'t': 59, 'current_accuracy': 0.7265625, 'current_loss': 0.700292706489563, 'train_loss': None, 'decision': 0, 'drift_rate': 0.008, 'target_domains': ['photo']}
0.008 ['photo']
Loss historical diff: 0.35849082469940186; Loss Difference: 0.0, Decision: 0
Round 61 took 2.534209728240967s, results:
{'t': 60, 'current_accuracy': 0.734375, 'current_loss': 0.6808499246835709, 'train_loss': None, 'decision': 0, 'drift_rate': 0.008, 'target_domains': ['photo']}
0.008 ['photo']
Loss historical diff: 0.35126490890979767; Loss Difference: 0.0, Decision: 0
Round 62 took 2.7241275310516357s, results:
{'t': 61, 'current_accuracy': 0.73828125, 'current_loss': 0.6736240088939667, 'train_loss': None, 'decision': 0, 'drift_rate': 0.008, 'target_domains': ['photo']}
0.008 ['photo']
Loss historical diff: 0.34376950562000275; Loss Difference: 0.0, Decision: 0
Round 63 took 2.66538405418396s, results:
{'t': 62, 'current_accuracy': 0.7421875, 'current_loss': 0.6661286056041718, 'train_loss': None, 'decision': 0, 'drift_rate': 0.008, 'target_domains': ['photo']}
0.008 ['photo']
Loss historical diff: 0.32810981571674347; Loss Difference: 0.0, Decision: 0
Round 64 took 2.623352289199829s, results:
{'t': 63, 'current_accuracy': 0.75, 'current_loss': 0.6504689157009125, 'train_loss': None, 'decision': 0, 'drift_rate': 0.008, 'target_domains': ['photo']}
0.008 ['photo']
Loss historical diff: 0.3135424107313156; Loss Difference: 0.0, Decision: 0
Round 65 took 2.5772829055786133s, results:
{'t': 64, 'current_accuracy': 0.7578125, 'current_loss': 0.6359015107154846, 'train_loss': None, 'decision': 0, 'drift_rate': 0.008, 'target_domains': ['photo']}
0.008 ['photo']
Loss historical diff: 0.30316324532032013; Loss Difference: 0.0, Decision: 0
Round 66 took 2.30024790763855s, results:
{'t': 65, 'current_accuracy': 0.76171875, 'current_loss': 0.6255223453044891, 'train_loss': None, 'decision': 0, 'drift_rate': 0.008, 'target_domains': ['photo']}
0.008 ['photo']
Loss historical diff: 0.3065316528081894; Loss Difference: 0.0, Decision: 0
Round 67 took 2.5395190715789795s, results:
{'t': 66, 'current_accuracy': 0.76171875, 'current_loss': 0.6288907527923584, 'train_loss': None, 'decision': 0, 'drift_rate': 0.008, 'target_domains': ['photo']}
0.008 ['photo']
Loss historical diff: 0.300000861287117; Loss Difference: 0.0, Decision: 0
Round 68 took 2.5665581226348877s, results:
{'t': 67, 'current_accuracy': 0.765625, 'current_loss': 0.622359961271286, 'train_loss': None, 'decision': 0, 'drift_rate': 0.008, 'target_domains': ['photo']}
0.008 ['photo']
Loss historical diff: 0.2930413633584976; Loss Difference: 0.0, Decision: 0
Round 69 took 2.5882670879364014s, results:
{'t': 68, 'current_accuracy': 0.76953125, 'current_loss': 0.6154004633426666, 'train_loss': None, 'decision': 0, 'drift_rate': 0.008, 'target_domains': ['photo']}
0.008 ['photo']
Loss historical diff: 0.28718091547489166; Loss Difference: 0.0, Decision: 0
Round 70 took 2.529104232788086s, results:
{'t': 69, 'current_accuracy': 0.7734375, 'current_loss': 0.6095400154590607, 'train_loss': None, 'decision': 0, 'drift_rate': 0.008, 'target_domains': ['photo']}
0.008 ['photo']
Loss historical diff: 0.2839934974908829; Loss Difference: 0.0, Decision: 0
Round 71 took 2.586453437805176s, results:
{'t': 70, 'current_accuracy': 0.7734375, 'current_loss': 0.6063525974750519, 'train_loss': None, 'decision': 0, 'drift_rate': 0.008, 'target_domains': ['photo']}
0.008 ['photo']
Loss historical diff: 0.25837214291095734; Loss Difference: 0.0, Decision: 0
Round 72 took 2.547149419784546s, results:
{'t': 71, 'current_accuracy': 0.78125, 'current_loss': 0.5807312428951263, 'train_loss': None, 'decision': 0, 'drift_rate': 0.008, 'target_domains': ['photo']}
0.008 ['photo']
Loss historical diff: 0.24150456488132477; Loss Difference: 0.0, Decision: 0
Round 73 took 2.4639413356781006s, results:
{'t': 72, 'current_accuracy': 0.78515625, 'current_loss': 0.5638636648654938, 'train_loss': None, 'decision': 0, 'drift_rate': 0.008, 'target_domains': ['photo']}
0.008 ['photo']
Loss historical diff: 0.2321837991476059; Loss Difference: 0.0, Decision: 0
Round 74 took 2.4877657890319824s, results:
{'t': 73, 'current_accuracy': 0.79296875, 'current_loss': 0.5545428991317749, 'train_loss': None, 'decision': 0, 'drift_rate': 0.008, 'target_domains': ['photo']}
0.008 ['photo']
Loss historical diff: 0.2215535044670105; Loss Difference: 0.0, Decision: 0
Round 75 took 2.497819185256958s, results:
{'t': 74, 'current_accuracy': 0.80078125, 'current_loss': 0.5439126044511795, 'train_loss': None, 'decision': 0, 'drift_rate': 0.008, 'target_domains': ['photo']}
0.008 ['photo']
Loss historical diff: 0.21278704702854156; Loss Difference: 0.0, Decision: 0
Round 76 took 2.521554470062256s, results:
{'t': 75, 'current_accuracy': 0.8046875, 'current_loss': 0.5351461470127106, 'train_loss': None, 'decision': 0, 'drift_rate': 0.008, 'target_domains': ['photo']}
0.008 ['photo']
Loss historical diff: 0.1986897736787796; Loss Difference: 0.0, Decision: 0
Round 77 took 2.481496572494507s, results:
{'t': 76, 'current_accuracy': 0.8125, 'current_loss': 0.5210488736629486, 'train_loss': None, 'decision': 0, 'drift_rate': 0.008, 'target_domains': ['photo']}
0.008 ['photo']
Loss historical diff: 0.18976248800754547; Loss Difference: 0.0, Decision: 0
Round 78 took 2.6742634773254395s, results:
{'t': 77, 'current_accuracy': 0.8203125, 'current_loss': 0.5121215879917145, 'train_loss': None, 'decision': 0, 'drift_rate': 0.008, 'target_domains': ['photo']}
0.008 ['photo']
Loss historical diff: 0.18275389075279236; Loss Difference: 0.0, Decision: 0
Round 79 took 2.483015775680542s, results:
{'t': 78, 'current_accuracy': 0.82421875, 'current_loss': 0.5051129907369614, 'train_loss': None, 'decision': 0, 'drift_rate': 0.008, 'target_domains': ['photo']}
0.008 ['photo']
Loss historical diff: 0.17539405822753906; Loss Difference: 0.0, Decision: 0
Round 80 took 2.470275402069092s, results:
{'t': 79, 'current_accuracy': 0.828125, 'current_loss': 0.49775315821170807, 'train_loss': None, 'decision': 0, 'drift_rate': 0.008, 'target_domains': ['photo']}
0.008 ['photo']
Loss historical diff: 0.1600944846868515; Loss Difference: 0.0, Decision: 0
Round 81 took 2.476386785507202s, results:
{'t': 80, 'current_accuracy': 0.83203125, 'current_loss': 0.4824535846710205, 'train_loss': None, 'decision': 0, 'drift_rate': 0.008, 'target_domains': ['photo']}
0.008 ['photo']
Loss historical diff: 0.15262779593467712; Loss Difference: 0.0, Decision: 0
Round 82 took 2.4649405479431152s, results:
{'t': 81, 'current_accuracy': 0.8359375, 'current_loss': 0.47498689591884613, 'train_loss': None, 'decision': 0, 'drift_rate': 0.008, 'target_domains': ['photo']}
0.008 ['photo']
Loss historical diff: 0.14612053334712982; Loss Difference: 0.0, Decision: 0
Round 83 took 2.4907655715942383s, results:
{'t': 82, 'current_accuracy': 0.8359375, 'current_loss': 0.46847963333129883, 'train_loss': None, 'decision': 0, 'drift_rate': 0.008, 'target_domains': ['photo']}
0.008 ['photo']
Loss historical diff: 0.14181731641292572; Loss Difference: 0.0, Decision: 0
Round 84 took 2.726763963699341s, results:
{'t': 83, 'current_accuracy': 0.8359375, 'current_loss': 0.4641764163970947, 'train_loss': None, 'decision': 0, 'drift_rate': 0.008, 'target_domains': ['photo']}
0.008 ['photo']
Loss historical diff: 0.13348700106143951; Loss Difference: 0.0, Decision: 0
Round 85 took 2.9335546493530273s, results:
{'t': 84, 'current_accuracy': 0.8359375, 'current_loss': 0.4558461010456085, 'train_loss': None, 'decision': 0, 'drift_rate': 0.008, 'target_domains': ['photo']}
0.008 ['photo']
Loss historical diff: 0.12593278288841248; Loss Difference: 0.0, Decision: 0
Round 86 took 2.5285980701446533s, results:
{'t': 85, 'current_accuracy': 0.83984375, 'current_loss': 0.4482918828725815, 'train_loss': None, 'decision': 0, 'drift_rate': 0.008, 'target_domains': ['photo']}
0.008 ['photo']
Loss historical diff: 0.11959689855575562; Loss Difference: 0.0, Decision: 0
Round 87 took 2.4993135929107666s, results:
{'t': 86, 'current_accuracy': 0.84375, 'current_loss': 0.4419559985399246, 'train_loss': None, 'decision': 0, 'drift_rate': 0.008, 'target_domains': ['photo']}
0.008 ['photo']
Loss historical diff: 0.1070198118686676; Loss Difference: 0.0, Decision: 0
Round 88 took 2.446153402328491s, results:
{'t': 87, 'current_accuracy': 0.84375, 'current_loss': 0.4293789118528366, 'train_loss': None, 'decision': 0, 'drift_rate': 0.008, 'target_domains': ['photo']}
0.008 ['photo']
Loss historical diff: 0.10444468259811401; Loss Difference: 0.0, Decision: 0
Round 89 took 2.407484769821167s, results:
{'t': 88, 'current_accuracy': 0.84375, 'current_loss': 0.426803782582283, 'train_loss': None, 'decision': 0, 'drift_rate': 0.008, 'target_domains': ['photo']}
0.008 ['photo']
Loss historical diff: 0.09248664975166321; Loss Difference: 0.0, Decision: 0
Round 90 took 2.5473384857177734s, results:
{'t': 89, 'current_accuracy': 0.8515625, 'current_loss': 0.4148457497358322, 'train_loss': None, 'decision': 0, 'drift_rate': 0.008, 'target_domains': ['photo']}
0.008 ['photo']
Loss historical diff: 0.08184866607189178; Loss Difference: 0.0, Decision: 0
Round 91 took 2.487999200820923s, results:
{'t': 90, 'current_accuracy': 0.859375, 'current_loss': 0.4042077660560608, 'train_loss': None, 'decision': 0, 'drift_rate': 0.008, 'target_domains': ['photo']}
0.008 ['photo']
Loss historical diff: 0.06567953526973724; Loss Difference: 0.0, Decision: 0
Round 92 took 2.4933114051818848s, results:
{'t': 91, 'current_accuracy': 0.86328125, 'current_loss': 0.38803863525390625, 'train_loss': None, 'decision': 0, 'drift_rate': 0.008, 'target_domains': ['photo']}
0.008 ['photo']
Loss historical diff: 0.054151445627212524; Loss Difference: 0.0, Decision: 0
Round 93 took 2.71480131149292s, results:
{'t': 92, 'current_accuracy': 0.8671875, 'current_loss': 0.37651054561138153, 'train_loss': None, 'decision': 0, 'drift_rate': 0.008, 'target_domains': ['photo']}
0.008 ['photo']
Loss historical diff: 0.05491974949836731; Loss Difference: 0.0, Decision: 0
Round 94 took 3.0241830348968506s, results:
{'t': 93, 'current_accuracy': 0.86328125, 'current_loss': 0.3772788494825363, 'train_loss': None, 'decision': 0, 'drift_rate': 0.008, 'target_domains': ['photo']}
0.008 ['photo']
Loss historical diff: 0.05991089344024658; Loss Difference: 0.0, Decision: 0
Round 95 took 2.433109760284424s, results:
{'t': 94, 'current_accuracy': 0.86328125, 'current_loss': 0.3822699934244156, 'train_loss': None, 'decision': 0, 'drift_rate': 0.008, 'target_domains': ['photo']}
0.008 ['photo']
Loss historical diff: 0.05781818926334381; Loss Difference: 0.0, Decision: 0
Round 96 took 2.4742233753204346s, results:
{'t': 95, 'current_accuracy': 0.86328125, 'current_loss': 0.3801772892475128, 'train_loss': None, 'decision': 0, 'drift_rate': 0.008, 'target_domains': ['photo']}
0.008 ['photo']
Loss historical diff: 0.05682501196861267; Loss Difference: 0.0, Decision: 0
Round 97 took 2.4974541664123535s, results:
{'t': 96, 'current_accuracy': 0.859375, 'current_loss': 0.3791841119527817, 'train_loss': None, 'decision': 0, 'drift_rate': 0.008, 'target_domains': ['photo']}
0.008 ['photo']
Loss historical diff: 0.05228288471698761; Loss Difference: 0.0, Decision: 0
Round 98 took 2.453460216522217s, results:
{'t': 97, 'current_accuracy': 0.86328125, 'current_loss': 0.3746419847011566, 'train_loss': None, 'decision': 0, 'drift_rate': 0.008, 'target_domains': ['photo']}
0.008 ['photo']
Loss historical diff: 0.048020005226135254; Loss Difference: 0.0, Decision: 0
Round 99 took 2.4853646755218506s, results:
{'t': 98, 'current_accuracy': 0.8671875, 'current_loss': 0.37037910521030426, 'train_loss': None, 'decision': 0, 'drift_rate': 0.008, 'target_domains': ['photo']}
0.008 ['photo']
Loss historical diff: 0.04449868202209473; Loss Difference: 0.0, Decision: 0
Round 100 took 2.5450451374053955s, results:
{'t': 99, 'current_accuracy': 0.8671875, 'current_loss': 0.36685778200626373, 'train_loss': None, 'decision': 0, 'drift_rate': 0.008, 'target_domains': ['photo']}
0.008 ['cartoon']
Loss historical diff: 0.0686912089586258; Loss Difference: 0.0, Decision: 0
Round 101 took 2.499950408935547s, results:
{'t': 100, 'current_accuracy': 0.859375, 'current_loss': 0.3910503089427948, 'train_loss': None, 'decision': 0, 'drift_rate': 0.008, 'target_domains': ['cartoon']}
0.008 ['cartoon']
Loss historical diff: 0.06481264531612396; Loss Difference: 0.0, Decision: 0
Round 102 took 2.442692995071411s, results:
{'t': 101, 'current_accuracy': 0.859375, 'current_loss': 0.38717174530029297, 'train_loss': None, 'decision': 0, 'drift_rate': 0.008, 'target_domains': ['cartoon']}
0.008 ['cartoon']
Loss historical diff: 0.08554048836231232; Loss Difference: 0.0, Decision: 1
Average loss over 5 updates: 0.3635
Round 103 took 4.152415037155151s, results:
{'t': 102, 'current_accuracy': 0.8515625, 'current_loss': 0.4078995883464813, 'train_loss': 0.36354780197143555, 'decision': 1, 'drift_rate': 0.008, 'target_domains': ['cartoon']}
0.008 ['cartoon']
Loss historical diff: 0.1494167596101761; Loss Difference: 0.0, Decision: 0
Round 104 took 2.6039512157440186s, results:
{'t': 103, 'current_accuracy': 0.83203125, 'current_loss': 0.4717758595943451, 'train_loss': None, 'decision': 0, 'drift_rate': 0.008, 'target_domains': ['cartoon']}
0.008 ['cartoon']
Loss historical diff: 0.16989462077617645; Loss Difference: 0.0, Decision: 0
Round 105 took 2.5226480960845947s, results:
{'t': 104, 'current_accuracy': 0.82421875, 'current_loss': 0.49225372076034546, 'train_loss': None, 'decision': 0, 'drift_rate': 0.008, 'target_domains': ['cartoon']}
0.008 ['cartoon']
Loss historical diff: 0.1917218714952469; Loss Difference: 0.0, Decision: 0
Round 106 took 2.4770102500915527s, results:
{'t': 105, 'current_accuracy': 0.81640625, 'current_loss': 0.5140809714794159, 'train_loss': None, 'decision': 0, 'drift_rate': 0.008, 'target_domains': ['cartoon']}
0.008 ['cartoon']
Loss historical diff: 0.23312439024448395; Loss Difference: 0.0, Decision: 1
Average loss over 5 updates: 0.3224
Round 107 took 4.090815305709839s, results:
{'t': 106, 'current_accuracy': 0.80859375, 'current_loss': 0.555483490228653, 'train_loss': 0.32236355543136597, 'decision': 1, 'drift_rate': 0.008, 'target_domains': ['cartoon']}
0.008 ['cartoon']
Loss historical diff: 0.039947330951690674; Loss Difference: 0.0, Decision: 0
Round 108 took 2.530606269836426s, results:
{'t': 107, 'current_accuracy': 0.890625, 'current_loss': 0.3623064309358597, 'train_loss': None, 'decision': 0, 'drift_rate': 0.008, 'target_domains': ['cartoon']}
0.008 ['cartoon']
Loss historical diff: 0.050249263644218445; Loss Difference: 0.0, Decision: 0
Round 109 took 2.5590450763702393s, results:
{'t': 108, 'current_accuracy': 0.88671875, 'current_loss': 0.37260836362838745, 'train_loss': None, 'decision': 0, 'drift_rate': 0.008, 'target_domains': ['cartoon']}
0.008 ['cartoon']
Loss historical diff: 0.06636732816696167; Loss Difference: 0.0, Decision: 0
Round 110 took 2.55145525932312s, results:
{'t': 109, 'current_accuracy': 0.87890625, 'current_loss': 0.3887264281511307, 'train_loss': None, 'decision': 0, 'drift_rate': 0.008, 'target_domains': ['cartoon']}
0.008 ['cartoon']
Loss historical diff: 0.07990722358226776; Loss Difference: 0.0, Decision: 0
Round 111 took 2.506525754928589s, results:
{'t': 110, 'current_accuracy': 0.87109375, 'current_loss': 0.40226632356643677, 'train_loss': None, 'decision': 0, 'drift_rate': 0.008, 'target_domains': ['cartoon']}
0.008 ['cartoon']
Loss historical diff: 0.09139034152030945; Loss Difference: 0.0, Decision: 0
Round 112 took 2.6836140155792236s, results:
{'t': 111, 'current_accuracy': 0.8671875, 'current_loss': 0.41374944150447845, 'train_loss': None, 'decision': 0, 'drift_rate': 0.008, 'target_domains': ['cartoon']}
0.008 ['cartoon']
Loss historical diff: 0.10921420156955719; Loss Difference: 0.0, Decision: 0
Round 113 took 2.393369674682617s, results:
{'t': 112, 'current_accuracy': 0.859375, 'current_loss': 0.4315733015537262, 'train_loss': None, 'decision': 0, 'drift_rate': 0.008, 'target_domains': ['cartoon']}
0.008 ['cartoon']
Loss historical diff: 0.12251819670200348; Loss Difference: 0.0, Decision: 0
Round 114 took 2.734840154647827s, results:
{'t': 113, 'current_accuracy': 0.85546875, 'current_loss': 0.4448772966861725, 'train_loss': None, 'decision': 0, 'drift_rate': 0.008, 'target_domains': ['cartoon']}
0.008 ['cartoon']
Loss historical diff: 0.14020054042339325; Loss Difference: 0.0, Decision: 0
Round 115 took 2.654219388961792s, results:
{'t': 114, 'current_accuracy': 0.84765625, 'current_loss': 0.46255964040756226, 'train_loss': None, 'decision': 0, 'drift_rate': 0.008, 'target_domains': ['cartoon']}
0.008 ['cartoon']
Loss historical diff: 0.15594784915447235; Loss Difference: 0.0, Decision: 0
Round 116 took 2.6612532138824463s, results:
{'t': 115, 'current_accuracy': 0.83984375, 'current_loss': 0.47830694913864136, 'train_loss': None, 'decision': 0, 'drift_rate': 0.008, 'target_domains': ['cartoon']}
0.008 ['cartoon']
Loss historical diff: 0.1864275336265564; Loss Difference: 0.0, Decision: 0
Round 117 took 2.6527156829833984s, results:
{'t': 116, 'current_accuracy': 0.83203125, 'current_loss': 0.5087866336107254, 'train_loss': None, 'decision': 0, 'drift_rate': 0.008, 'target_domains': ['cartoon']}
0.008 ['cartoon']
Loss historical diff: 0.24213886260986328; Loss Difference: 0.0, Decision: 1
Average loss over 5 updates: 0.4254
Round 118 took 4.31096625328064s, results:
{'t': 117, 'current_accuracy': 0.82421875, 'current_loss': 0.5644979625940323, 'train_loss': 0.4254489839076996, 'decision': 1, 'drift_rate': 0.008, 'target_domains': ['cartoon']}
0.008 ['cartoon']
Loss historical diff: 0.2739249914884567; Loss Difference: 0.0, Decision: 0
Round 119 took 2.7351794242858887s, results:
{'t': 118, 'current_accuracy': 0.76953125, 'current_loss': 0.5962840914726257, 'train_loss': None, 'decision': 0, 'drift_rate': 0.008, 'target_domains': ['cartoon']}
0.008 ['cartoon']
Loss historical diff: 0.2783568650484085; Loss Difference: 0.0, Decision: 0
Round 120 took 2.708777904510498s, results:
{'t': 119, 'current_accuracy': 0.765625, 'current_loss': 0.6007159650325775, 'train_loss': None, 'decision': 0, 'drift_rate': 0.008, 'target_domains': ['cartoon']}
0.008 ['cartoon']
Loss historical diff: 0.28990720212459564; Loss Difference: 0.0, Decision: 0
Round 121 took 2.532911539077759s, results:
{'t': 120, 'current_accuracy': 0.7578125, 'current_loss': 0.6122663021087646, 'train_loss': None, 'decision': 0, 'drift_rate': 0.008, 'target_domains': ['cartoon']}
0.008 ['cartoon']
Loss historical diff: 0.30112387239933014; Loss Difference: 0.0, Decision: 1
Average loss over 5 updates: 0.5226
Round 122 took 4.384420156478882s, results:
{'t': 121, 'current_accuracy': 0.75, 'current_loss': 0.6234829723834991, 'train_loss': 0.5225719451904297, 'decision': 1, 'drift_rate': 0.008, 'target_domains': ['cartoon']}
0.008 ['cartoon']
Loss historical diff: 0.23540093004703522; Loss Difference: 0.0, Decision: 0
Round 123 took 2.5546085834503174s, results:
{'t': 122, 'current_accuracy': 0.7890625, 'current_loss': 0.5577600300312042, 'train_loss': None, 'decision': 0, 'drift_rate': 0.008, 'target_domains': ['cartoon']}
0.008 ['cartoon']
Loss historical diff: 0.24867217242717743; Loss Difference: 0.0, Decision: 0
Round 124 took 2.4805638790130615s, results:
{'t': 123, 'current_accuracy': 0.78515625, 'current_loss': 0.5710312724113464, 'train_loss': None, 'decision': 0, 'drift_rate': 0.008, 'target_domains': ['cartoon']}
0.008 ['cartoon']
Loss historical diff: 0.25271202623844147; Loss Difference: 0.0, Decision: 0
Round 125 took 2.472912311553955s, results:
{'t': 124, 'current_accuracy': 0.78125, 'current_loss': 0.5750711262226105, 'train_loss': None, 'decision': 0, 'drift_rate': 0.008, 'target_domains': ['cartoon']}
0.008 ['cartoon']
Loss historical diff: 0.27150218188762665; Loss Difference: 0.0, Decision: 0
Round 126 took 2.519890308380127s, results:
{'t': 125, 'current_accuracy': 0.7734375, 'current_loss': 0.5938612818717957, 'train_loss': None, 'decision': 0, 'drift_rate': 0.008, 'target_domains': ['cartoon']}
0.008 ['cartoon']
Loss historical diff: 0.29903246462345123; Loss Difference: 0.0, Decision: 0
Round 127 took 2.459909200668335s, results:
{'t': 126, 'current_accuracy': 0.765625, 'current_loss': 0.6213915646076202, 'train_loss': None, 'decision': 0, 'drift_rate': 0.008, 'target_domains': ['cartoon']}
0.008 ['cartoon']
Loss historical diff: 0.3160983473062515; Loss Difference: 0.0, Decision: 0
Round 128 took 2.5512757301330566s, results:
{'t': 127, 'current_accuracy': 0.7578125, 'current_loss': 0.6384574472904205, 'train_loss': None, 'decision': 0, 'drift_rate': 0.008, 'target_domains': ['cartoon']}
0.008 ['cartoon']
Loss historical diff: 0.3322554975748062; Loss Difference: 0.0, Decision: 0
Round 129 took 2.63067626953125s, results:
{'t': 128, 'current_accuracy': 0.75, 'current_loss': 0.6546145975589752, 'train_loss': None, 'decision': 0, 'drift_rate': 0.008, 'target_domains': ['cartoon']}
0.008 ['cartoon']
Loss historical diff: 0.33820144832134247; Loss Difference: 0.0, Decision: 0
Round 130 took 2.6461703777313232s, results:
{'t': 129, 'current_accuracy': 0.75390625, 'current_loss': 0.6605605483055115, 'train_loss': None, 'decision': 0, 'drift_rate': 0.008, 'target_domains': ['cartoon']}
0.008 ['cartoon']
Loss historical diff: 0.3423355966806412; Loss Difference: 0.0, Decision: 1
Average loss over 5 updates: 0.6057
Round 131 took 4.1434760093688965s, results:
{'t': 130, 'current_accuracy': 0.75390625, 'current_loss': 0.6646946966648102, 'train_loss': 0.6056627690792084, 'decision': 1, 'drift_rate': 0.008, 'target_domains': ['cartoon']}
0.008 ['cartoon']
Loss historical diff: 0.6604879647493362; Loss Difference: 0.0, Decision: 1
Average loss over 5 updates: 0.5204
Round 132 took 4.130612134933472s, results:
{'t': 131, 'current_accuracy': 0.69140625, 'current_loss': 0.9828470647335052, 'train_loss': 0.5203529000282288, 'decision': 1, 'drift_rate': 0.008, 'target_domains': ['cartoon']}
0.008 ['cartoon']
Loss historical diff: 0.5844505876302719; Loss Difference: 0.0, Decision: 0
Round 133 took 2.7173545360565186s, results:
{'t': 132, 'current_accuracy': 0.67578125, 'current_loss': 0.9068096876144409, 'train_loss': None, 'decision': 0, 'drift_rate': 0.008, 'target_domains': ['cartoon']}
0.008 ['cartoon']
Loss historical diff: 0.5957252532243729; Loss Difference: 0.0, Decision: 0
Round 134 took 2.5819382667541504s, results:
{'t': 133, 'current_accuracy': 0.671875, 'current_loss': 0.9180843532085419, 'train_loss': None, 'decision': 0, 'drift_rate': 0.008, 'target_domains': ['cartoon']}
0.008 ['cartoon']
Loss historical diff: 0.6389355808496475; Loss Difference: 0.0, Decision: 0
Round 135 took 2.642369508743286s, results:
{'t': 134, 'current_accuracy': 0.6640625, 'current_loss': 0.9612946808338165, 'train_loss': None, 'decision': 0, 'drift_rate': 0.008, 'target_domains': ['cartoon']}
0.008 ['cartoon']
Loss historical diff: 0.6428483575582504; Loss Difference: 0.0, Decision: 1
Average loss over 5 updates: 0.5096
Round 136 took 4.379122495651245s, results:
{'t': 135, 'current_accuracy': 0.6640625, 'current_loss': 0.9652074575424194, 'train_loss': 0.5095986366271973, 'decision': 1, 'drift_rate': 0.008, 'target_domains': ['cartoon']}
0.008 ['cartoon']
Loss historical diff: 0.2939242422580719; Loss Difference: 0.0, Decision: 0
Round 137 took 2.558866262435913s, results:
{'t': 136, 'current_accuracy': 0.76953125, 'current_loss': 0.6162833422422409, 'train_loss': None, 'decision': 0, 'drift_rate': 0.008, 'target_domains': ['cartoon']}
0.008 ['cartoon']
Loss historical diff: 0.304815873503685; Loss Difference: 0.0, Decision: 0
Round 138 took 2.6921637058258057s, results:
{'t': 137, 'current_accuracy': 0.76171875, 'current_loss': 0.627174973487854, 'train_loss': None, 'decision': 0, 'drift_rate': 0.008, 'target_domains': ['cartoon']}
0.008 ['cartoon']
Loss historical diff: 0.30440913140773773; Loss Difference: 0.0, Decision: 0
Round 139 took 2.526750326156616s, results:
{'t': 138, 'current_accuracy': 0.76171875, 'current_loss': 0.6267682313919067, 'train_loss': None, 'decision': 0, 'drift_rate': 0.008, 'target_domains': ['cartoon']}
0.008 ['cartoon']
Loss historical diff: 0.3049314469099045; Loss Difference: 0.0, Decision: 0
Round 140 took 2.673262596130371s, results:
{'t': 139, 'current_accuracy': 0.7578125, 'current_loss': 0.6272905468940735, 'train_loss': None, 'decision': 0, 'drift_rate': 0.008, 'target_domains': ['cartoon']}
0.008 ['cartoon']
Loss historical diff: 0.31037862598896027; Loss Difference: 0.0, Decision: 0
Round 141 took 2.6062941551208496s, results:
{'t': 140, 'current_accuracy': 0.7578125, 'current_loss': 0.6327377259731293, 'train_loss': None, 'decision': 0, 'drift_rate': 0.008, 'target_domains': ['cartoon']}
0.008 ['cartoon']
Loss historical diff: 0.3152379244565964; Loss Difference: 0.0, Decision: 0
Round 142 took 2.538574695587158s, results:
{'t': 141, 'current_accuracy': 0.7578125, 'current_loss': 0.6375970244407654, 'train_loss': None, 'decision': 0, 'drift_rate': 0.008, 'target_domains': ['cartoon']}
0.008 ['cartoon']
Loss historical diff: 0.3179786056280136; Loss Difference: 0.0, Decision: 0
Round 143 took 2.5959768295288086s, results:
{'t': 142, 'current_accuracy': 0.7578125, 'current_loss': 0.6403377056121826, 'train_loss': None, 'decision': 0, 'drift_rate': 0.008, 'target_domains': ['cartoon']}
0.008 ['cartoon']
Loss historical diff: 0.32375331223011017; Loss Difference: 0.0, Decision: 0
Round 144 took 2.5927436351776123s, results:
{'t': 143, 'current_accuracy': 0.7578125, 'current_loss': 0.6461124122142792, 'train_loss': None, 'decision': 0, 'drift_rate': 0.008, 'target_domains': ['cartoon']}
0.008 ['cartoon']
Loss historical diff: 0.32953377068042755; Loss Difference: 0.0, Decision: 0
Round 145 took 2.495532751083374s, results:
{'t': 144, 'current_accuracy': 0.75390625, 'current_loss': 0.6518928706645966, 'train_loss': None, 'decision': 0, 'drift_rate': 0.008, 'target_domains': ['cartoon']}
0.008 ['cartoon']
Loss historical diff: 0.3355341702699661; Loss Difference: 0.0, Decision: 0
Round 146 took 2.654282808303833s, results:
{'t': 145, 'current_accuracy': 0.75, 'current_loss': 0.6578932702541351, 'train_loss': None, 'decision': 0, 'drift_rate': 0.008, 'target_domains': ['cartoon']}
0.008 ['cartoon']
Loss historical diff: 0.34657128155231476; Loss Difference: 0.0, Decision: 0
Round 147 took 2.529888153076172s, results:
{'t': 146, 'current_accuracy': 0.74609375, 'current_loss': 0.6689303815364838, 'train_loss': None, 'decision': 0, 'drift_rate': 0.008, 'target_domains': ['cartoon']}
0.008 ['cartoon']
Loss historical diff: 0.3516659587621689; Loss Difference: 0.0, Decision: 0
Round 148 took 2.748352289199829s, results:
{'t': 147, 'current_accuracy': 0.74609375, 'current_loss': 0.6740250587463379, 'train_loss': None, 'decision': 0, 'drift_rate': 0.008, 'target_domains': ['cartoon']}
0.008 ['cartoon']
Loss historical diff: 0.35165829956531525; Loss Difference: 0.0, Decision: 0
Round 149 took 2.4524025917053223s, results:
{'t': 148, 'current_accuracy': 0.74609375, 'current_loss': 0.6740173995494843, 'train_loss': None, 'decision': 0, 'drift_rate': 0.008, 'target_domains': ['cartoon']}
0.008 ['cartoon']
Loss historical diff: 0.38319288194179535; Loss Difference: 0.0, Decision: 0
Round 150 took 2.544280767440796s, results:
{'t': 149, 'current_accuracy': 0.7421875, 'current_loss': 0.7055519819259644, 'train_loss': None, 'decision': 0, 'drift_rate': 0.008, 'target_domains': ['cartoon']}
0.008 ['art_painting']
Loss historical diff: 0.3931356221437454; Loss Difference: 0.0, Decision: 0
Round 151 took 2.596392869949341s, results:
{'t': 150, 'current_accuracy': 0.73828125, 'current_loss': 0.7154947221279144, 'train_loss': None, 'decision': 0, 'drift_rate': 0.008, 'target_domains': ['art_painting']}
0.008 ['art_painting']
Loss historical diff: 0.3825298696756363; Loss Difference: 0.0, Decision: 0
Round 152 took 2.637256383895874s, results:
{'t': 151, 'current_accuracy': 0.7421875, 'current_loss': 0.7048889696598053, 'train_loss': None, 'decision': 0, 'drift_rate': 0.008, 'target_domains': ['art_painting']}
0.008 ['art_painting']
Loss historical diff: 0.3944789618253708; Loss Difference: 0.0, Decision: 0
Round 153 took 2.6077964305877686s, results:
{'t': 152, 'current_accuracy': 0.74609375, 'current_loss': 0.7168380618095398, 'train_loss': None, 'decision': 0, 'drift_rate': 0.008, 'target_domains': ['art_painting']}
0.008 ['art_painting']
Loss historical diff: 0.41514430940151215; Loss Difference: 0.0, Decision: 0
Round 154 took 2.613750457763672s, results:
{'t': 153, 'current_accuracy': 0.73828125, 'current_loss': 0.7375034093856812, 'train_loss': None, 'decision': 0, 'drift_rate': 0.008, 'target_domains': ['art_painting']}
0.008 ['art_painting']
Loss historical diff: 0.44824858009815216; Loss Difference: 0.0, Decision: 1
Average loss over 5 updates: 0.7696
Round 155 took 4.443336725234985s, results:
{'t': 154, 'current_accuracy': 0.73046875, 'current_loss': 0.7706076800823212, 'train_loss': 0.7696154832839965, 'decision': 1, 'drift_rate': 0.008, 'target_domains': ['art_painting']}
0.008 ['art_painting']
Loss historical diff: 1.2796116322278976; Loss Difference: 0.0, Decision: 1
Average loss over 5 updates: 0.9802
Round 156 took 4.33164119720459s, results:
{'t': 155, 'current_accuracy': 0.52734375, 'current_loss': 1.6019707322120667, 'train_loss': 0.9801597714424133, 'decision': 1, 'drift_rate': 0.008, 'target_domains': ['art_painting']}
0.008 ['art_painting']
Loss historical diff: 0.48214565217494965; Loss Difference: 0.0, Decision: 0
Round 157 took 2.610072374343872s, results:
{'t': 156, 'current_accuracy': 0.73046875, 'current_loss': 0.8045047521591187, 'train_loss': None, 'decision': 0, 'drift_rate': 0.008, 'target_domains': ['art_painting']}
0.008 ['art_painting']
Loss historical diff: 0.4789707809686661; Loss Difference: 0.0, Decision: 0
Round 158 took 2.6947453022003174s, results:
{'t': 157, 'current_accuracy': 0.73046875, 'current_loss': 0.8013298809528351, 'train_loss': None, 'decision': 0, 'drift_rate': 0.008, 'target_domains': ['art_painting']}
0.008 ['art_painting']
Loss historical diff: 0.4947100728750229; Loss Difference: 0.0, Decision: 0
Round 159 took 2.6328134536743164s, results:
{'t': 158, 'current_accuracy': 0.7265625, 'current_loss': 0.8170691728591919, 'train_loss': None, 'decision': 0, 'drift_rate': 0.008, 'target_domains': ['art_painting']}
0.008 ['art_painting']
Loss historical diff: 0.5358940213918686; Loss Difference: 0.0, Decision: 0
Round 160 took 2.716653823852539s, results:
{'t': 159, 'current_accuracy': 0.71875, 'current_loss': 0.8582531213760376, 'train_loss': None, 'decision': 0, 'drift_rate': 0.008, 'target_domains': ['art_painting']}
0.008 ['art_painting']
Loss historical diff: 0.552526667714119; Loss Difference: 0.0, Decision: 0
Round 161 took 2.6517748832702637s, results:
{'t': 160, 'current_accuracy': 0.71484375, 'current_loss': 0.874885767698288, 'train_loss': None, 'decision': 0, 'drift_rate': 0.008, 'target_domains': ['art_painting']}
0.008 ['art_painting']
Loss historical diff: 0.594370886683464; Loss Difference: 0.0, Decision: 0
Round 162 took 2.6471970081329346s, results:
{'t': 161, 'current_accuracy': 0.70703125, 'current_loss': 0.9167299866676331, 'train_loss': None, 'decision': 0, 'drift_rate': 0.008, 'target_domains': ['art_painting']}
0.008 ['art_painting']
Loss historical diff: 0.6071550995111465; Loss Difference: 0.0, Decision: 0
Round 163 took 2.7640063762664795s, results:
{'t': 162, 'current_accuracy': 0.703125, 'current_loss': 0.9295141994953156, 'train_loss': None, 'decision': 0, 'drift_rate': 0.008, 'target_domains': ['art_painting']}
0.008 ['art_painting']
Loss historical diff: 0.6329134851694107; Loss Difference: 0.0, Decision: 0
Round 164 took 2.638347864151001s, results:
{'t': 163, 'current_accuracy': 0.69921875, 'current_loss': 0.9552725851535797, 'train_loss': None, 'decision': 0, 'drift_rate': 0.008, 'target_domains': ['art_painting']}
0.008 ['art_painting']
Loss historical diff: 0.691611036658287; Loss Difference: 0.0, Decision: 1
Average loss over 5 updates: 0.8679
Round 165 took 4.2360875606536865s, results:
{'t': 164, 'current_accuracy': 0.6953125, 'current_loss': 1.013970136642456, 'train_loss': 0.8679128527641297, 'decision': 1, 'drift_rate': 0.008, 'target_domains': ['art_painting']}
0.008 ['art_painting']
Loss historical diff: 0.9924205988645554; Loss Difference: 0.0, Decision: 1
Average loss over 5 updates: 0.8720
Round 166 took 4.319103717803955s, results:
{'t': 165, 'current_accuracy': 0.6171875, 'current_loss': 1.3147796988487244, 'train_loss': 0.8719718217849731, 'decision': 1, 'drift_rate': 0.008, 'target_domains': ['art_painting']}
0.008 ['art_painting']
Loss historical diff: 1.3806201666593552; Loss Difference: 0.0, Decision: 1
Average loss over 5 updates: 0.8987
Round 167 took 4.382187366485596s, results:
{'t': 166, 'current_accuracy': 0.58984375, 'current_loss': 1.7029792666435242, 'train_loss': 0.8987112760543823, 'decision': 1, 'drift_rate': 0.008, 'target_domains': ['art_painting']}
0.008 ['art_painting']
Loss historical diff: 1.047651395201683; Loss Difference: 0.0, Decision: 0
Round 168 took 2.552123785018921s, results:
{'t': 167, 'current_accuracy': 0.58203125, 'current_loss': 1.370010495185852, 'train_loss': None, 'decision': 0, 'drift_rate': 0.008, 'target_domains': ['art_painting']}
0.008 ['art_painting']
Loss historical diff: 1.0455536097288132; Loss Difference: 0.0, Decision: 0
Round 169 took 2.522709608078003s, results:
{'t': 168, 'current_accuracy': 0.58203125, 'current_loss': 1.3679127097129822, 'train_loss': None, 'decision': 0, 'drift_rate': 0.008, 'target_domains': ['art_painting']}
0.008 ['art_painting']
Loss historical diff: 1.056796595454216; Loss Difference: 0.0, Decision: 0
Round 170 took 2.6069610118865967s, results:
{'t': 169, 'current_accuracy': 0.578125, 'current_loss': 1.379155695438385, 'train_loss': None, 'decision': 0, 'drift_rate': 0.008, 'target_domains': ['art_painting']}
0.008 ['art_painting']
Loss historical diff: 1.0750828832387924; Loss Difference: 0.0, Decision: 0
Round 171 took 2.434969425201416s, results:
{'t': 170, 'current_accuracy': 0.57421875, 'current_loss': 1.3974419832229614, 'train_loss': None, 'decision': 0, 'drift_rate': 0.008, 'target_domains': ['art_painting']}
0.008 ['art_painting']
Loss historical diff: 1.0885873287916183; Loss Difference: 0.0, Decision: 0
Round 172 took 2.702153205871582s, results:
{'t': 171, 'current_accuracy': 0.56640625, 'current_loss': 1.4109464287757874, 'train_loss': None, 'decision': 0, 'drift_rate': 0.008, 'target_domains': ['art_painting']}
0.008 ['art_painting']
Loss historical diff: 1.1367960423231125; Loss Difference: 0.0, Decision: 1
Average loss over 5 updates: 0.8187
Round 173 took 5.038228511810303s, results:
{'t': 172, 'current_accuracy': 0.5625, 'current_loss': 1.4591551423072815, 'train_loss': 0.8187354564666748, 'decision': 1, 'drift_rate': 0.008, 'target_domains': ['art_painting']}
0.008 ['art_painting']
Loss historical diff: 0.5791733413934708; Loss Difference: 0.0, Decision: 0
Round 174 took 2.530355930328369s, results:
{'t': 173, 'current_accuracy': 0.70703125, 'current_loss': 0.9015324413776398, 'train_loss': None, 'decision': 0, 'drift_rate': 0.008, 'target_domains': ['art_painting']}
0.008 ['art_painting']
Loss historical diff: 0.5880173295736313; Loss Difference: 0.0, Decision: 0
Round 175 took 2.626688241958618s, results:
{'t': 174, 'current_accuracy': 0.703125, 'current_loss': 0.9103764295578003, 'train_loss': None, 'decision': 0, 'drift_rate': 0.008, 'target_domains': ['art_painting']}
0.008 ['art_painting']
Loss historical diff: 0.610516831278801; Loss Difference: 0.0, Decision: 0
Round 176 took 2.545417547225952s, results:
{'t': 175, 'current_accuracy': 0.6953125, 'current_loss': 0.93287593126297, 'train_loss': None, 'decision': 0, 'drift_rate': 0.008, 'target_domains': ['art_painting']}
0.008 ['art_painting']
Loss historical diff: 0.6364268213510513; Loss Difference: 0.0, Decision: 0
Round 177 took 2.6078765392303467s, results:
{'t': 176, 'current_accuracy': 0.69140625, 'current_loss': 0.9587859213352203, 'train_loss': None, 'decision': 0, 'drift_rate': 0.008, 'target_domains': ['art_painting']}
0.008 ['art_painting']
Loss historical diff: 0.6558291763067245; Loss Difference: 0.0, Decision: 0
Round 178 took 2.702033281326294s, results:
{'t': 177, 'current_accuracy': 0.68359375, 'current_loss': 0.9781882762908936, 'train_loss': None, 'decision': 0, 'drift_rate': 0.008, 'target_domains': ['art_painting']}
0.008 ['art_painting']
Loss historical diff: 0.6629206985235214; Loss Difference: 0.0, Decision: 0
Round 179 took 2.6758384704589844s, results:
{'t': 178, 'current_accuracy': 0.6796875, 'current_loss': 0.9852797985076904, 'train_loss': None, 'decision': 0, 'drift_rate': 0.008, 'target_domains': ['art_painting']}
0.008 ['art_painting']
Loss historical diff: 0.6862450987100601; Loss Difference: 0.0, Decision: 0
Round 180 took 2.5785634517669678s, results:
{'t': 179, 'current_accuracy': 0.671875, 'current_loss': 1.0086041986942291, 'train_loss': None, 'decision': 0, 'drift_rate': 0.008, 'target_domains': ['art_painting']}
0.008 ['art_painting']
Loss historical diff: 0.6932281404733658; Loss Difference: 0.0, Decision: 0
Round 181 took 2.642442464828491s, results:
{'t': 180, 'current_accuracy': 0.66796875, 'current_loss': 1.0155872404575348, 'train_loss': None, 'decision': 0, 'drift_rate': 0.008, 'target_domains': ['art_painting']}
0.008 ['art_painting']
Loss historical diff: 0.7226152271032333; Loss Difference: 0.0, Decision: 0
Round 182 took 2.6887528896331787s, results:
{'t': 181, 'current_accuracy': 0.6640625, 'current_loss': 1.0449743270874023, 'train_loss': None, 'decision': 0, 'drift_rate': 0.008, 'target_domains': ['art_painting']}
0.008 ['art_painting']
Loss historical diff: 0.7345236986875534; Loss Difference: 0.0, Decision: 0
Round 183 took 2.531693458557129s, results:
{'t': 182, 'current_accuracy': 0.6640625, 'current_loss': 1.0568827986717224, 'train_loss': None, 'decision': 0, 'drift_rate': 0.008, 'target_domains': ['art_painting']}
0.008 ['art_painting']
Loss historical diff: 0.7331672161817551; Loss Difference: 0.0, Decision: 0
Round 184 took 2.723569631576538s, results:
{'t': 183, 'current_accuracy': 0.6640625, 'current_loss': 1.055526316165924, 'train_loss': None, 'decision': 0, 'drift_rate': 0.008, 'target_domains': ['art_painting']}
0.008 ['art_painting']
Loss historical diff: 0.7270172089338303; Loss Difference: 0.0, Decision: 0
Round 185 took 2.6223065853118896s, results:
{'t': 184, 'current_accuracy': 0.66796875, 'current_loss': 1.0493763089179993, 'train_loss': None, 'decision': 0, 'drift_rate': 0.008, 'target_domains': ['art_painting']}
0.008 ['art_painting']
Loss historical diff: 0.7401001900434494; Loss Difference: 0.0, Decision: 0
Round 186 took 2.536850690841675s, results:
{'t': 185, 'current_accuracy': 0.66015625, 'current_loss': 1.0624592900276184, 'train_loss': None, 'decision': 0, 'drift_rate': 0.008, 'target_domains': ['art_painting']}
0.008 ['art_painting']
Loss historical diff: 0.7457114011049271; Loss Difference: 0.0, Decision: 0
Round 187 took 2.571364641189575s, results:
{'t': 186, 'current_accuracy': 0.66015625, 'current_loss': 1.068070501089096, 'train_loss': None, 'decision': 0, 'drift_rate': 0.008, 'target_domains': ['art_painting']}
0.008 ['art_painting']
Loss historical diff: 0.7563451379537582; Loss Difference: 0.0, Decision: 0
Round 188 took 2.647491931915283s, results:
{'t': 187, 'current_accuracy': 0.65234375, 'current_loss': 1.0787042379379272, 'train_loss': None, 'decision': 0, 'drift_rate': 0.008, 'target_domains': ['art_painting']}
0.008 ['art_painting']
Loss historical diff: 0.7730197161436081; Loss Difference: 0.0, Decision: 0
Round 189 took 2.53308367729187s, results:
{'t': 188, 'current_accuracy': 0.64453125, 'current_loss': 1.095378816127777, 'train_loss': None, 'decision': 0, 'drift_rate': 0.008, 'target_domains': ['art_painting']}
0.008 ['art_painting']
Loss historical diff: 0.7791669815778732; Loss Difference: 0.0, Decision: 0
Round 190 took 2.542372703552246s, results:
{'t': 189, 'current_accuracy': 0.640625, 'current_loss': 1.1015260815620422, 'train_loss': None, 'decision': 0, 'drift_rate': 0.008, 'target_domains': ['art_painting']}
0.008 ['art_painting']
Loss historical diff: 0.7879804819822311; Loss Difference: 0.0, Decision: 0
Round 191 took 2.557899236679077s, results:
{'t': 190, 'current_accuracy': 0.63671875, 'current_loss': 1.1103395819664001, 'train_loss': None, 'decision': 0, 'drift_rate': 0.008, 'target_domains': ['art_painting']}
0.008 ['art_painting']
Loss historical diff: 0.7950876206159592; Loss Difference: 0.0, Decision: 0
Round 192 took 2.5389463901519775s, results:
{'t': 191, 'current_accuracy': 0.6328125, 'current_loss': 1.1174467206001282, 'train_loss': None, 'decision': 0, 'drift_rate': 0.008, 'target_domains': ['art_painting']}
0.008 ['art_painting']
Loss historical diff: 0.8192905634641647; Loss Difference: 0.0, Decision: 0
Round 193 took 2.6546874046325684s, results:
{'t': 192, 'current_accuracy': 0.625, 'current_loss': 1.1416496634483337, 'train_loss': None, 'decision': 0, 'drift_rate': 0.008, 'target_domains': ['art_painting']}
0.008 ['art_painting']
Loss historical diff: 0.8093013614416122; Loss Difference: 0.0, Decision: 0
Round 194 took 2.693329095840454s, results:
{'t': 193, 'current_accuracy': 0.625, 'current_loss': 1.1316604614257812, 'train_loss': None, 'decision': 0, 'drift_rate': 0.008, 'target_domains': ['art_painting']}
0.008 ['art_painting']
Loss historical diff: 0.8264899700880051; Loss Difference: 0.0, Decision: 0
Round 195 took 2.824286937713623s, results:
{'t': 194, 'current_accuracy': 0.6171875, 'current_loss': 1.148849070072174, 'train_loss': None, 'decision': 0, 'drift_rate': 0.008, 'target_domains': ['art_painting']}
0.008 ['art_painting']
Loss historical diff: 0.8346364349126816; Loss Difference: 0.0, Decision: 1
Average loss over 5 updates: 1.1111
Round 196 took 4.57247257232666s, results:
{'t': 195, 'current_accuracy': 0.61328125, 'current_loss': 1.1569955348968506, 'train_loss': 1.1110764384269713, 'decision': 1, 'drift_rate': 0.008, 'target_domains': ['art_painting']}
0.008 ['art_painting']
Loss historical diff: 1.271930918097496; Loss Difference: 0.0, Decision: 1
Average loss over 5 updates: 1.0939
Round 197 took 4.533563613891602s, results:
{'t': 196, 'current_accuracy': 0.55078125, 'current_loss': 1.594290018081665, 'train_loss': 1.0938908338546753, 'decision': 1, 'drift_rate': 0.008, 'target_domains': ['art_painting']}
0.008 ['art_painting']
Loss historical diff: 1.785991057753563; Loss Difference: 0.0, Decision: 1
Average loss over 5 updates: 0.9943
Round 198 took 4.33536171913147s, results:
{'t': 197, 'current_accuracy': 0.43359375, 'current_loss': 2.108350157737732, 'train_loss': 0.9942741751670837, 'decision': 1, 'drift_rate': 0.008, 'target_domains': ['art_painting']}
0.008 ['art_painting']
Loss historical diff: 1.1479341238737106; Loss Difference: 0.0, Decision: 0
Round 199 took 2.5460031032562256s, results:
{'t': 198, 'current_accuracy': 0.51953125, 'current_loss': 1.4702932238578796, 'train_loss': None, 'decision': 0, 'drift_rate': 0.008, 'target_domains': ['art_painting']}
0.008 ['art_painting']
Loss historical diff: 1.153482660651207; Loss Difference: 0.0, Decision: 0
Round 200 took 2.5354299545288086s, results:
{'t': 199, 'current_accuracy': 0.51953125, 'current_loss': 1.475841760635376, 'train_loss': None, 'decision': 0, 'drift_rate': 0.008, 'target_domains': ['art_painting']}
0.008 ['sketch']
Loss historical diff: 1.1668414920568466; Loss Difference: 0.0, Decision: 0
Round 201 took 2.6718780994415283s, results:
{'t': 200, 'current_accuracy': 0.51171875, 'current_loss': 1.4892005920410156, 'train_loss': None, 'decision': 0, 'drift_rate': 0.008, 'target_domains': ['sketch']}
0.008 ['sketch']
Loss historical diff: 1.1798218339681625; Loss Difference: 0.0, Decision: 0
Round 202 took 2.689831256866455s, results:
{'t': 201, 'current_accuracy': 0.5078125, 'current_loss': 1.5021809339523315, 'train_loss': None, 'decision': 0, 'drift_rate': 0.008, 'target_domains': ['sketch']}
0.008 ['sketch']
Loss historical diff: 1.1841344088315964; Loss Difference: 0.0, Decision: 0
Round 203 took 2.753394603729248s, results:
{'t': 202, 'current_accuracy': 0.5078125, 'current_loss': 1.5064935088157654, 'train_loss': None, 'decision': 0, 'drift_rate': 0.008, 'target_domains': ['sketch']}
0.008 ['sketch']
Loss historical diff: 1.1926489919424057; Loss Difference: 0.0, Decision: 0
Round 204 took 2.569270133972168s, results:
{'t': 203, 'current_accuracy': 0.50390625, 'current_loss': 1.5150080919265747, 'train_loss': None, 'decision': 0, 'drift_rate': 0.008, 'target_domains': ['sketch']}
0.008 ['sketch']
Loss historical diff: 1.1825783103704453; Loss Difference: 0.0, Decision: 0
Round 205 took 2.730079174041748s, results:
{'t': 204, 'current_accuracy': 0.5078125, 'current_loss': 1.5049374103546143, 'train_loss': None, 'decision': 0, 'drift_rate': 0.008, 'target_domains': ['sketch']}
0.008 ['sketch']
Loss historical diff: 1.184800073504448; Loss Difference: 0.0, Decision: 0
Round 206 took 2.64237380027771s, results:
{'t': 205, 'current_accuracy': 0.5078125, 'current_loss': 1.507159173488617, 'train_loss': None, 'decision': 0, 'drift_rate': 0.008, 'target_domains': ['sketch']}
0.008 ['sketch']
Loss historical diff: 1.1701673120260239; Loss Difference: 0.0, Decision: 0
Round 207 took 2.5581371784210205s, results:
{'t': 206, 'current_accuracy': 0.51171875, 'current_loss': 1.4925264120101929, 'train_loss': None, 'decision': 0, 'drift_rate': 0.008, 'target_domains': ['sketch']}
0.008 ['sketch']
Loss historical diff: 1.1766019314527512; Loss Difference: 0.0, Decision: 0
Round 208 took 2.7854933738708496s, results:
{'t': 207, 'current_accuracy': 0.51171875, 'current_loss': 1.4989610314369202, 'train_loss': None, 'decision': 0, 'drift_rate': 0.008, 'target_domains': ['sketch']}
0.008 ['sketch']
Loss historical diff: 1.1813681572675705; Loss Difference: 0.0, Decision: 1
Average loss over 5 updates: 0.9445
Round 209 took 4.324145555496216s, results:
{'t': 208, 'current_accuracy': 0.51171875, 'current_loss': 1.5037272572517395, 'train_loss': 0.9444961547851562, 'decision': 1, 'drift_rate': 0.008, 'target_domains': ['sketch']}
0.008 ['sketch']
Loss historical diff: 1.0861857384443283; Loss Difference: 0.0, Decision: 0
Round 210 took 2.893367290496826s, results:
{'t': 209, 'current_accuracy': 0.52734375, 'current_loss': 1.4085448384284973, 'train_loss': None, 'decision': 0, 'drift_rate': 0.008, 'target_domains': ['sketch']}
0.008 ['sketch']
Loss historical diff: 1.0882100313901901; Loss Difference: 0.0, Decision: 0
Round 211 took 2.6559669971466064s, results:
{'t': 210, 'current_accuracy': 0.53125, 'current_loss': 1.4105691313743591, 'train_loss': None, 'decision': 0, 'drift_rate': 0.008, 'target_domains': ['sketch']}
0.008 ['sketch']
Loss historical diff: 1.0994250625371933; Loss Difference: 0.0, Decision: 0
Round 212 took 2.619006395339966s, results:
{'t': 211, 'current_accuracy': 0.52734375, 'current_loss': 1.4217841625213623, 'train_loss': None, 'decision': 0, 'drift_rate': 0.008, 'target_domains': ['sketch']}
0.008 ['sketch']
Loss historical diff: 1.1083102077245712; Loss Difference: 0.0, Decision: 0
Round 213 took 2.721754550933838s, results:
{'t': 212, 'current_accuracy': 0.52734375, 'current_loss': 1.4306693077087402, 'train_loss': None, 'decision': 0, 'drift_rate': 0.008, 'target_domains': ['sketch']}
0.008 ['sketch']
Loss historical diff: 1.1254982203245163; Loss Difference: 0.0, Decision: 0
Round 214 took 2.572594165802002s, results:
{'t': 213, 'current_accuracy': 0.5234375, 'current_loss': 1.4478573203086853, 'train_loss': None, 'decision': 0, 'drift_rate': 0.008, 'target_domains': ['sketch']}
0.008 ['sketch']
Loss historical diff: 1.1508368700742722; Loss Difference: 0.0, Decision: 0
Round 215 took 2.5342416763305664s, results:
{'t': 214, 'current_accuracy': 0.51953125, 'current_loss': 1.4731959700584412, 'train_loss': None, 'decision': 0, 'drift_rate': 0.008, 'target_domains': ['sketch']}
0.008 ['sketch']
Loss historical diff: 1.1628796309232712; Loss Difference: 0.0, Decision: 0
Round 216 took 2.6057705879211426s, results:
{'t': 215, 'current_accuracy': 0.51171875, 'current_loss': 1.4852387309074402, 'train_loss': None, 'decision': 0, 'drift_rate': 0.008, 'target_domains': ['sketch']}
0.008 ['sketch']
Loss historical diff: 1.1656118482351303; Loss Difference: 0.0, Decision: 0
Round 217 took 2.783597469329834s, results:
{'t': 216, 'current_accuracy': 0.51171875, 'current_loss': 1.4879709482192993, 'train_loss': None, 'decision': 0, 'drift_rate': 0.008, 'target_domains': ['sketch']}
0.008 ['sketch']
Loss historical diff: 1.1493604630231857; Loss Difference: 0.0, Decision: 0
Round 218 took 2.432896614074707s, results:
{'t': 217, 'current_accuracy': 0.51953125, 'current_loss': 1.4717195630073547, 'train_loss': None, 'decision': 0, 'drift_rate': 0.008, 'target_domains': ['sketch']}
0.008 ['sketch']
Loss historical diff: 1.1581194251775742; Loss Difference: 0.0, Decision: 0
Round 219 took 2.5402753353118896s, results:
{'t': 218, 'current_accuracy': 0.51953125, 'current_loss': 1.4804785251617432, 'train_loss': None, 'decision': 0, 'drift_rate': 0.008, 'target_domains': ['sketch']}
0.008 ['sketch']
Loss historical diff: 1.1597652286291122; Loss Difference: 0.0, Decision: 1
Average loss over 5 updates: 0.9454
Round 220 took 4.297213554382324s, results:
{'t': 219, 'current_accuracy': 0.51953125, 'current_loss': 1.4821243286132812, 'train_loss': 0.9453874707221985, 'decision': 1, 'drift_rate': 0.008, 'target_domains': ['sketch']}
0.008 ['sketch']
Loss historical diff: 2.611401781439781; Loss Difference: 0.0, Decision: 1
Average loss over 5 updates: 0.9864
Round 221 took 4.449900150299072s, results:
{'t': 220, 'current_accuracy': 0.4296875, 'current_loss': 2.93376088142395, 'train_loss': 0.9863942265510559, 'decision': 1, 'drift_rate': 0.008, 'target_domains': ['sketch']}
0.008 ['sketch']
Loss historical diff: 1.0864070504903793; Loss Difference: 0.0, Decision: 0
Round 222 took 2.59004807472229s, results:
{'t': 221, 'current_accuracy': 0.53125, 'current_loss': 1.4087661504745483, 'train_loss': None, 'decision': 0, 'drift_rate': 0.008, 'target_domains': ['sketch']}
0.008 ['sketch']
Loss historical diff: 1.1049083322286606; Loss Difference: 0.0, Decision: 0
Round 223 took 2.781409502029419s, results:
{'t': 222, 'current_accuracy': 0.52734375, 'current_loss': 1.4272674322128296, 'train_loss': None, 'decision': 0, 'drift_rate': 0.008, 'target_domains': ['sketch']}
0.008 ['sketch']
Loss historical diff: 1.1057023853063583; Loss Difference: 0.0, Decision: 0
Round 224 took 2.618159294128418s, results:
{'t': 223, 'current_accuracy': 0.5234375, 'current_loss': 1.4280614852905273, 'train_loss': None, 'decision': 0, 'drift_rate': 0.008, 'target_domains': ['sketch']}
0.008 ['sketch']
Loss historical diff: 1.1035848706960678; Loss Difference: 0.0, Decision: 0
Round 225 took 2.6367948055267334s, results:
{'t': 224, 'current_accuracy': 0.5234375, 'current_loss': 1.4259439706802368, 'train_loss': None, 'decision': 0, 'drift_rate': 0.008, 'target_domains': ['sketch']}
0.008 ['sketch']
Loss historical diff: 1.0819563120603561; Loss Difference: 0.0, Decision: 0
Round 226 took 2.4896926879882812s, results:
{'t': 225, 'current_accuracy': 0.52734375, 'current_loss': 1.4043154120445251, 'train_loss': None, 'decision': 0, 'drift_rate': 0.008, 'target_domains': ['sketch']}
0.008 ['sketch']
Loss historical diff: 1.1017218679189682; Loss Difference: 0.0, Decision: 0
Round 227 took 2.5935213565826416s, results:
{'t': 226, 'current_accuracy': 0.5234375, 'current_loss': 1.4240809679031372, 'train_loss': None, 'decision': 0, 'drift_rate': 0.008, 'target_domains': ['sketch']}
0.008 ['sketch']
Loss historical diff: 1.1120682209730148; Loss Difference: 0.0, Decision: 0
Round 228 took 2.6122257709503174s, results:
{'t': 227, 'current_accuracy': 0.5234375, 'current_loss': 1.4344273209571838, 'train_loss': None, 'decision': 0, 'drift_rate': 0.008, 'target_domains': ['sketch']}
0.008 ['sketch']
Loss historical diff: 1.1215158551931381; Loss Difference: 0.0, Decision: 0
Round 229 took 2.704547643661499s, results:
{'t': 228, 'current_accuracy': 0.5234375, 'current_loss': 1.4438749551773071, 'train_loss': None, 'decision': 0, 'drift_rate': 0.008, 'target_domains': ['sketch']}
0.008 ['sketch']
Loss historical diff: 1.130590245127678; Loss Difference: 0.0, Decision: 0
Round 230 took 2.5907938480377197s, results:
{'t': 229, 'current_accuracy': 0.51953125, 'current_loss': 1.452949345111847, 'train_loss': None, 'decision': 0, 'drift_rate': 0.008, 'target_domains': ['sketch']}
0.008 ['sketch']
Loss historical diff: 1.149575337767601; Loss Difference: 0.0, Decision: 0
Round 231 took 2.70208477973938s, results:
{'t': 230, 'current_accuracy': 0.51171875, 'current_loss': 1.47193443775177, 'train_loss': None, 'decision': 0, 'drift_rate': 0.008, 'target_domains': ['sketch']}
0.008 ['sketch']
Loss historical diff: 1.1514224261045456; Loss Difference: 0.0, Decision: 0
Round 232 took 2.573563575744629s, results:
{'t': 231, 'current_accuracy': 0.51171875, 'current_loss': 1.4737815260887146, 'train_loss': None, 'decision': 0, 'drift_rate': 0.008, 'target_domains': ['sketch']}
0.008 ['sketch']
Loss historical diff: 1.1496407836675644; Loss Difference: 0.0, Decision: 0
Round 233 took 2.612745523452759s, results:
{'t': 232, 'current_accuracy': 0.51953125, 'current_loss': 1.4719998836517334, 'train_loss': None, 'decision': 0, 'drift_rate': 0.008, 'target_domains': ['sketch']}
0.008 ['sketch']
Loss historical diff: 1.1566911190748215; Loss Difference: 0.0, Decision: 0
Round 234 took 2.6372039318084717s, results:
{'t': 233, 'current_accuracy': 0.51171875, 'current_loss': 1.4790502190589905, 'train_loss': None, 'decision': 0, 'drift_rate': 0.008, 'target_domains': ['sketch']}
0.008 ['sketch']
Loss historical diff: 1.1592880934476852; Loss Difference: 0.0, Decision: 0
Round 235 took 2.7119994163513184s, results:
{'t': 234, 'current_accuracy': 0.5078125, 'current_loss': 1.4816471934318542, 'train_loss': None, 'decision': 0, 'drift_rate': 0.008, 'target_domains': ['sketch']}
0.008 ['sketch']
Loss historical diff: 1.1790064424276352; Loss Difference: 0.0, Decision: 0
Round 236 took 2.652797222137451s, results:
{'t': 235, 'current_accuracy': 0.5, 'current_loss': 1.5013655424118042, 'train_loss': None, 'decision': 0, 'drift_rate': 0.008, 'target_domains': ['sketch']}
0.008 ['sketch']
Loss historical diff: 1.1578351706266403; Loss Difference: 0.0, Decision: 0
Round 237 took 2.667973041534424s, results:
{'t': 236, 'current_accuracy': 0.5, 'current_loss': 1.4801942706108093, 'train_loss': None, 'decision': 0, 'drift_rate': 0.008, 'target_domains': ['sketch']}
0.008 ['sketch']
Loss historical diff: 1.160970613360405; Loss Difference: 0.0, Decision: 0
Round 238 took 2.677166700363159s, results:
{'t': 237, 'current_accuracy': 0.49609375, 'current_loss': 1.483329713344574, 'train_loss': None, 'decision': 0, 'drift_rate': 0.008, 'target_domains': ['sketch']}
0.008 ['sketch']
Loss historical diff: 1.1742198318243027; Loss Difference: 0.0, Decision: 1
Average loss over 5 updates: 1.1138
Round 239 took 4.617942571640015s, results:
{'t': 238, 'current_accuracy': 0.48828125, 'current_loss': 1.4965789318084717, 'train_loss': 1.1137502670288086, 'decision': 1, 'drift_rate': 0.008, 'target_domains': ['sketch']}
0.008 ['sketch']
Loss historical diff: 2.018932804465294; Loss Difference: 0.0, Decision: 1
Average loss over 5 updates: 1.2449
Round 240 took 4.393660306930542s, results:
{'t': 239, 'current_accuracy': 0.3984375, 'current_loss': 2.341291904449463, 'train_loss': 1.244877028465271, 'decision': 1, 'drift_rate': 0.008, 'target_domains': ['sketch']}
0.008 ['sketch']
Loss historical diff: 2.6421689838171005; Loss Difference: 0.0, Decision: 1
Average loss over 5 updates: 1.0374
Round 241 took 4.776208400726318s, results:
{'t': 240, 'current_accuracy': 0.359375, 'current_loss': 2.9645280838012695, 'train_loss': 1.0373653054237366, 'decision': 1, 'drift_rate': 0.008, 'target_domains': ['sketch']}
0.008 ['sketch']
Loss historical diff: 1.9250615686178207; Loss Difference: 0.0, Decision: 1
Average loss over 5 updates: 1.0186
Round 242 took 4.340203046798706s, results:
{'t': 241, 'current_accuracy': 0.4140625, 'current_loss': 2.2474206686019897, 'train_loss': 1.0186437129974366, 'decision': 1, 'drift_rate': 0.008, 'target_domains': ['sketch']}
0.008 ['sketch']
Loss historical diff: 1.589214250445366; Loss Difference: 0.0, Decision: 0
Round 243 took 2.775204658508301s, results:
{'t': 242, 'current_accuracy': 0.453125, 'current_loss': 1.911573350429535, 'train_loss': None, 'decision': 0, 'drift_rate': 0.008, 'target_domains': ['sketch']}
0.008 ['sketch']
Loss historical diff: 1.5908812135457993; Loss Difference: 0.0, Decision: 0
Round 244 took 2.872086524963379s, results:
{'t': 243, 'current_accuracy': 0.44921875, 'current_loss': 1.9132403135299683, 'train_loss': None, 'decision': 0, 'drift_rate': 0.008, 'target_domains': ['sketch']}
0.008 ['sketch']
Loss historical diff: 1.5884783118963242; Loss Difference: 0.0, Decision: 0
Round 245 took 2.689445972442627s, results:
{'t': 244, 'current_accuracy': 0.44921875, 'current_loss': 1.9108374118804932, 'train_loss': None, 'decision': 0, 'drift_rate': 0.008, 'target_domains': ['sketch']}
0.008 ['sketch']
Loss historical diff: 1.589693769812584; Loss Difference: 0.0, Decision: 0
Round 246 took 2.7276062965393066s, results:
{'t': 245, 'current_accuracy': 0.44921875, 'current_loss': 1.912052869796753, 'train_loss': None, 'decision': 0, 'drift_rate': 0.008, 'target_domains': ['sketch']}
0.008 ['sketch']
Loss historical diff: 1.590448722243309; Loss Difference: 0.0, Decision: 0
Round 247 took 2.7026207447052s, results:
{'t': 246, 'current_accuracy': 0.44921875, 'current_loss': 1.912807822227478, 'train_loss': None, 'decision': 0, 'drift_rate': 0.008, 'target_domains': ['sketch']}
0.008 ['sketch']
Loss historical diff: 1.5704041570425034; Loss Difference: 0.0, Decision: 0
Round 248 took 2.601933717727661s, results:
{'t': 247, 'current_accuracy': 0.453125, 'current_loss': 1.8927632570266724, 'train_loss': None, 'decision': 0, 'drift_rate': 0.008, 'target_domains': ['sketch']}
0.008 ['sketch']
Loss historical diff: 1.5714475363492966; Loss Difference: 0.0, Decision: 0
Round 249 took 2.595928430557251s, results:
{'t': 248, 'current_accuracy': 0.45703125, 'current_loss': 1.8938066363334656, 'train_loss': None, 'decision': 0, 'drift_rate': 0.008, 'target_domains': ['sketch']}
0.008 ['sketch']
Loss historical diff: 1.572353407740593; Loss Difference: 0.0, Decision: 0
Round 250 took 2.543994903564453s, results:
{'t': 249, 'current_accuracy': 0.4609375, 'current_loss': 1.894712507724762, 'train_loss': None, 'decision': 0, 'drift_rate': 0.008, 'target_domains': ['sketch']}
Average time per round: 2.804331516265869
Total time: 701.0828790664673
