Using the latest cached version of the dataset since flwrlabs/pacs couldn't be found on the Hugging Face Hub
Found the latest cached dataset configuration 'default' at /home/apiasecz/.cache/huggingface/datasets/flwrlabs___pacs/default/0.0.0/394113073258ead631f617d2e13bb377c0715c4b (last modified on Wed Jan 29 16:59:35 2025).
Using the latest cached version of the dataset since flwrlabs/pacs couldn't be found on the Hugging Face Hub
Found the latest cached dataset configuration 'default' at /home/apiasecz/.cache/huggingface/datasets/flwrlabs___pacs/default/0.0.0/394113073258ead631f617d2e13bb377c0715c4b (last modified on Wed Jan 29 16:59:35 2025).
Using the latest cached version of the dataset since flwrlabs/pacs couldn't be found on the Hugging Face Hub
Found the latest cached dataset configuration 'default' at /home/apiasecz/.cache/huggingface/datasets/flwrlabs___pacs/default/0.0.0/394113073258ead631f617d2e13bb377c0715c4b (last modified on Wed Jan 29 16:59:35 2025).
Using the latest cached version of the dataset since flwrlabs/pacs couldn't be found on the Hugging Face Hub
Found the latest cached dataset configuration 'default' at /home/apiasecz/.cache/huggingface/datasets/flwrlabs___pacs/default/0.0.0/394113073258ead631f617d2e13bb377c0715c4b (last modified on Wed Jan 29 16:59:35 2025).
Using the latest cached version of the dataset since flwrlabs/pacs couldn't be found on the Hugging Face Hub
Found the latest cached dataset configuration 'default' at /home/apiasecz/.cache/huggingface/datasets/flwrlabs___pacs/default/0.0.0/394113073258ead631f617d2e13bb377c0715c4b (last modified on Wed Jan 29 16:59:35 2025).
Device: cuda
CUDA Version: 12.1
cuDNN Version: 8902
PyTorch Version: 2.3.0

Model used: PACSCNN_1
Initial dataset creation
Initial dataset creation
Initial loss: 0.7387555241584778
<__main__.Policy object at 0x153ce8c6aa50>
0.7387555241584778
Average loss over 3 updates: 0.7710
Round 1 took 0.3131411075592041s, results:
{'t': 0, 'current_accuracy': 0.66015625, 'current_loss': 0.8006340265274048, 'train_loss': 0.7710407773653666, 'decision': 1, 'drift_rate': 0.0, 'target_domains': ['sketch']}
Round 2 took 0.12940287590026855s, results:
{'t': 1, 'current_accuracy': 0.6953125, 'current_loss': 0.7606236040592194, 'train_loss': None, 'decision': 0, 'drift_rate': 0.0, 'target_domains': ['sketch']}
Round 3 took 0.13233351707458496s, results:
{'t': 2, 'current_accuracy': 0.6953125, 'current_loss': 0.7606236040592194, 'train_loss': None, 'decision': 0, 'drift_rate': 0.0, 'target_domains': ['sketch']}
Round 4 took 0.12885379791259766s, results:
{'t': 3, 'current_accuracy': 0.6953125, 'current_loss': 0.7606234848499298, 'train_loss': None, 'decision': 0, 'drift_rate': 0.0, 'target_domains': ['sketch']}
Round 5 took 0.12789487838745117s, results:
{'t': 4, 'current_accuracy': 0.6953125, 'current_loss': 0.7606236636638641, 'train_loss': None, 'decision': 0, 'drift_rate': 0.0, 'target_domains': ['sketch']}
Round 6 took 0.12825989723205566s, results:
{'t': 5, 'current_accuracy': 0.6953125, 'current_loss': 0.7606235146522522, 'train_loss': None, 'decision': 0, 'drift_rate': 0.0, 'target_domains': ['sketch']}
Round 7 took 0.12781214714050293s, results:
{'t': 6, 'current_accuracy': 0.6953125, 'current_loss': 0.760623574256897, 'train_loss': None, 'decision': 0, 'drift_rate': 0.0, 'target_domains': ['sketch']}
Round 8 took 0.1278672218322754s, results:
{'t': 7, 'current_accuracy': 0.6953125, 'current_loss': 0.7606235444545746, 'train_loss': None, 'decision': 0, 'drift_rate': 0.0, 'target_domains': ['sketch']}
Round 9 took 0.12772822380065918s, results:
{'t': 8, 'current_accuracy': 0.6953125, 'current_loss': 0.7606236338615417, 'train_loss': None, 'decision': 0, 'drift_rate': 0.0, 'target_domains': ['sketch']}
Round 10 took 0.12835264205932617s, results:
{'t': 9, 'current_accuracy': 0.6953125, 'current_loss': 0.7606235146522522, 'train_loss': None, 'decision': 0, 'drift_rate': 0.0, 'target_domains': ['sketch']}
Average loss over 3 updates: 0.7746
Round 11 took 0.22959208488464355s, results:
{'t': 10, 'current_accuracy': 0.6953125, 'current_loss': 0.7606236040592194, 'train_loss': 0.7746286988258362, 'decision': 1, 'drift_rate': 0.0, 'target_domains': ['sketch']}
Round 12 took 0.12732458114624023s, results:
{'t': 11, 'current_accuracy': 0.4765625, 'current_loss': 1.4320632815361023, 'train_loss': None, 'decision': 0, 'drift_rate': 0.0, 'target_domains': ['sketch']}
Round 13 took 0.12756872177124023s, results:
{'t': 12, 'current_accuracy': 0.4765625, 'current_loss': 1.4320634007453918, 'train_loss': None, 'decision': 0, 'drift_rate': 0.0, 'target_domains': ['sketch']}
Round 14 took 0.12796235084533691s, results:
{'t': 13, 'current_accuracy': 0.4765625, 'current_loss': 1.4320634603500366, 'train_loss': None, 'decision': 0, 'drift_rate': 0.0, 'target_domains': ['sketch']}
Round 15 took 0.12823271751403809s, results:
{'t': 14, 'current_accuracy': 0.4765625, 'current_loss': 1.4320632219314575, 'train_loss': None, 'decision': 0, 'drift_rate': 0.0, 'target_domains': ['sketch']}
Round 16 took 0.12807512283325195s, results:
{'t': 15, 'current_accuracy': 0.4765625, 'current_loss': 1.4320632815361023, 'train_loss': None, 'decision': 0, 'drift_rate': 0.0, 'target_domains': ['sketch']}
Round 17 took 0.12784624099731445s, results:
{'t': 16, 'current_accuracy': 0.4765625, 'current_loss': 1.4320634007453918, 'train_loss': None, 'decision': 0, 'drift_rate': 0.0, 'target_domains': ['sketch']}
Round 18 took 0.13437366485595703s, results:
{'t': 17, 'current_accuracy': 0.4765625, 'current_loss': 1.4320631623268127, 'train_loss': None, 'decision': 0, 'drift_rate': 0.0, 'target_domains': ['sketch']}
Round 19 took 0.12777924537658691s, results:
{'t': 18, 'current_accuracy': 0.4765625, 'current_loss': 1.4320635795593262, 'train_loss': None, 'decision': 0, 'drift_rate': 0.0, 'target_domains': ['sketch']}
Round 20 took 0.12783312797546387s, results:
{'t': 19, 'current_accuracy': 0.4765625, 'current_loss': 1.4320632815361023, 'train_loss': None, 'decision': 0, 'drift_rate': 0.0, 'target_domains': ['sketch']}
Average loss over 3 updates: 1.0874
Round 21 took 0.23040437698364258s, results:
{'t': 20, 'current_accuracy': 0.4765625, 'current_loss': 1.4320635199546814, 'train_loss': 1.08739838997523, 'decision': 1, 'drift_rate': 0.0, 'target_domains': ['sketch']}
Round 22 took 0.12854647636413574s, results:
{'t': 21, 'current_accuracy': 0.64453125, 'current_loss': 0.8226307332515717, 'train_loss': None, 'decision': 0, 'drift_rate': 0.0, 'target_domains': ['sketch']}
Round 23 took 0.12810993194580078s, results:
{'t': 22, 'current_accuracy': 0.64453125, 'current_loss': 0.8226307332515717, 'train_loss': None, 'decision': 0, 'drift_rate': 0.0, 'target_domains': ['sketch']}
Round 24 took 0.12749695777893066s, results:
{'t': 23, 'current_accuracy': 0.64453125, 'current_loss': 0.8226306736469269, 'train_loss': None, 'decision': 0, 'drift_rate': 0.0, 'target_domains': ['sketch']}
Round 25 took 0.12717747688293457s, results:
{'t': 24, 'current_accuracy': 0.64453125, 'current_loss': 0.8226306438446045, 'train_loss': None, 'decision': 0, 'drift_rate': 0.0, 'target_domains': ['sketch']}
Round 26 took 0.12692809104919434s, results:
{'t': 25, 'current_accuracy': 0.64453125, 'current_loss': 0.8226307332515717, 'train_loss': None, 'decision': 0, 'drift_rate': 0.0, 'target_domains': ['sketch']}
Round 27 took 0.12800192832946777s, results:
{'t': 26, 'current_accuracy': 0.64453125, 'current_loss': 0.8226307928562164, 'train_loss': None, 'decision': 0, 'drift_rate': 0.0, 'target_domains': ['sketch']}
Round 28 took 0.12797260284423828s, results:
{'t': 27, 'current_accuracy': 0.64453125, 'current_loss': 0.8226307034492493, 'train_loss': None, 'decision': 0, 'drift_rate': 0.0, 'target_domains': ['sketch']}
Round 29 took 0.12699389457702637s, results:
{'t': 28, 'current_accuracy': 0.64453125, 'current_loss': 0.8226307034492493, 'train_loss': None, 'decision': 0, 'drift_rate': 0.0, 'target_domains': ['sketch']}
Round 30 took 0.1270005702972412s, results:
{'t': 29, 'current_accuracy': 0.64453125, 'current_loss': 0.8226307928562164, 'train_loss': None, 'decision': 0, 'drift_rate': 0.0, 'target_domains': ['sketch']}
Average loss over 3 updates: 0.7735
Round 31 took 0.2280254364013672s, results:
{'t': 30, 'current_accuracy': 0.64453125, 'current_loss': 0.8226307034492493, 'train_loss': 0.7735164960225424, 'decision': 1, 'drift_rate': 0.0, 'target_domains': ['sketch']}
Round 32 took 0.1326282024383545s, results:
{'t': 31, 'current_accuracy': 0.703125, 'current_loss': 0.7664856910705566, 'train_loss': None, 'decision': 0, 'drift_rate': 0.0, 'target_domains': ['sketch']}
Round 33 took 0.12749981880187988s, results:
{'t': 32, 'current_accuracy': 0.703125, 'current_loss': 0.7664855718612671, 'train_loss': None, 'decision': 0, 'drift_rate': 0.0, 'target_domains': ['sketch']}
Round 34 took 0.1274402141571045s, results:
{'t': 33, 'current_accuracy': 0.703125, 'current_loss': 0.7664856016635895, 'train_loss': None, 'decision': 0, 'drift_rate': 0.0, 'target_domains': ['sketch']}
Round 35 took 0.12720561027526855s, results:
{'t': 34, 'current_accuracy': 0.703125, 'current_loss': 0.7664856612682343, 'train_loss': None, 'decision': 0, 'drift_rate': 0.0, 'target_domains': ['sketch']}
Round 36 took 0.12715435028076172s, results:
{'t': 35, 'current_accuracy': 0.703125, 'current_loss': 0.7664856612682343, 'train_loss': None, 'decision': 0, 'drift_rate': 0.0, 'target_domains': ['sketch']}
Round 37 took 0.12711310386657715s, results:
{'t': 36, 'current_accuracy': 0.703125, 'current_loss': 0.7664856314659119, 'train_loss': None, 'decision': 0, 'drift_rate': 0.0, 'target_domains': ['sketch']}
Round 38 took 0.1271967887878418s, results:
{'t': 37, 'current_accuracy': 0.703125, 'current_loss': 0.7664856314659119, 'train_loss': None, 'decision': 0, 'drift_rate': 0.0, 'target_domains': ['sketch']}
Round 39 took 0.12703609466552734s, results:
{'t': 38, 'current_accuracy': 0.703125, 'current_loss': 0.7664855718612671, 'train_loss': None, 'decision': 0, 'drift_rate': 0.0, 'target_domains': ['sketch']}
Round 40 took 0.12698626518249512s, results:
{'t': 39, 'current_accuracy': 0.703125, 'current_loss': 0.7664856612682343, 'train_loss': None, 'decision': 0, 'drift_rate': 0.0, 'target_domains': ['sketch']}
Average loss over 3 updates: 0.6603
Round 41 took 0.22912144660949707s, results:
{'t': 40, 'current_accuracy': 0.703125, 'current_loss': 0.7664856612682343, 'train_loss': 0.6603081425031027, 'decision': 1, 'drift_rate': 0.0, 'target_domains': ['sketch']}
Round 42 took 0.12719178199768066s, results:
{'t': 41, 'current_accuracy': 0.703125, 'current_loss': 0.7635697424411774, 'train_loss': None, 'decision': 0, 'drift_rate': 0.0, 'target_domains': ['sketch']}
Round 43 took 0.12704849243164062s, results:
{'t': 42, 'current_accuracy': 0.703125, 'current_loss': 0.7635698616504669, 'train_loss': None, 'decision': 0, 'drift_rate': 0.0, 'target_domains': ['sketch']}
Round 44 took 0.1269073486328125s, results:
{'t': 43, 'current_accuracy': 0.703125, 'current_loss': 0.7635697424411774, 'train_loss': None, 'decision': 0, 'drift_rate': 0.0, 'target_domains': ['sketch']}
Round 45 took 0.12706303596496582s, results:
{'t': 44, 'current_accuracy': 0.703125, 'current_loss': 0.7635698914527893, 'train_loss': None, 'decision': 0, 'drift_rate': 0.0, 'target_domains': ['sketch']}
Round 46 took 0.1366889476776123s, results:
{'t': 45, 'current_accuracy': 0.4921875, 'current_loss': 5.181347131729126, 'train_loss': None, 'decision': 0, 'drift_rate': 0.4, 'target_domains': ['photo']}
Round 47 took 0.1304759979248047s, results:
{'t': 46, 'current_accuracy': 0.26953125, 'current_loss': 9.75125789642334, 'train_loss': None, 'decision': 0, 'drift_rate': 0.4, 'target_domains': ['photo']}
Round 48 took 0.12936162948608398s, results:
{'t': 47, 'current_accuracy': 0.14453125, 'current_loss': 11.960192680358887, 'train_loss': None, 'decision': 0, 'drift_rate': 0.4, 'target_domains': ['photo']}
Round 49 took 0.12751483917236328s, results:
{'t': 48, 'current_accuracy': 0.14453125, 'current_loss': 11.960193157196045, 'train_loss': None, 'decision': 0, 'drift_rate': 0.0, 'target_domains': ['photo']}
Round 50 took 0.1272275447845459s, results:
{'t': 49, 'current_accuracy': 0.14453125, 'current_loss': 11.96019172668457, 'train_loss': None, 'decision': 0, 'drift_rate': 0.0, 'target_domains': ['photo']}
Average loss over 3 updates: 8.1075
Round 51 took 0.23035001754760742s, results:
{'t': 50, 'current_accuracy': 0.14453125, 'current_loss': 11.960192203521729, 'train_loss': 8.10749896367391, 'decision': 1, 'drift_rate': 0.0, 'target_domains': ['photo']}
Round 52 took 0.12767314910888672s, results:
{'t': 51, 'current_accuracy': 0.25390625, 'current_loss': 3.7475883960723877, 'train_loss': None, 'decision': 0, 'drift_rate': 0.0, 'target_domains': ['photo']}
Round 53 took 0.12726974487304688s, results:
{'t': 52, 'current_accuracy': 0.25390625, 'current_loss': 3.7475883960723877, 'train_loss': None, 'decision': 0, 'drift_rate': 0.0, 'target_domains': ['photo']}
Round 54 took 0.12736153602600098s, results:
{'t': 53, 'current_accuracy': 0.25390625, 'current_loss': 3.7475887537002563, 'train_loss': None, 'decision': 0, 'drift_rate': 0.0, 'target_domains': ['photo']}
Round 55 took 0.12724566459655762s, results:
{'t': 54, 'current_accuracy': 0.25390625, 'current_loss': 3.747588872909546, 'train_loss': None, 'decision': 0, 'drift_rate': 0.0, 'target_domains': ['photo']}
Round 56 took 0.1291353702545166s, results:
{'t': 55, 'current_accuracy': 0.25390625, 'current_loss': 3.7475889921188354, 'train_loss': None, 'decision': 0, 'drift_rate': 0.0, 'target_domains': ['photo']}
Round 57 took 0.1270580291748047s, results:
{'t': 56, 'current_accuracy': 0.25390625, 'current_loss': 3.7475887537002563, 'train_loss': None, 'decision': 0, 'drift_rate': 0.0, 'target_domains': ['photo']}
Round 58 took 0.1270160675048828s, results:
{'t': 57, 'current_accuracy': 0.25390625, 'current_loss': 3.7475883960723877, 'train_loss': None, 'decision': 0, 'drift_rate': 0.0, 'target_domains': ['photo']}
Round 59 took 0.12682390213012695s, results:
{'t': 58, 'current_accuracy': 0.25390625, 'current_loss': 3.7475885152816772, 'train_loss': None, 'decision': 0, 'drift_rate': 0.0, 'target_domains': ['photo']}
Round 60 took 0.12707304954528809s, results:
{'t': 59, 'current_accuracy': 0.25390625, 'current_loss': 3.747588634490967, 'train_loss': None, 'decision': 0, 'drift_rate': 0.0, 'target_domains': ['photo']}
Average loss over 3 updates: 2.8085
Round 61 took 0.2330315113067627s, results:
{'t': 60, 'current_accuracy': 0.25390625, 'current_loss': 3.7475883960723877, 'train_loss': 2.808495203653971, 'decision': 1, 'drift_rate': 0.0, 'target_domains': ['photo']}
Round 62 took 0.12689208984375s, results:
{'t': 61, 'current_accuracy': 0.3515625, 'current_loss': 1.8100950717926025, 'train_loss': None, 'decision': 0, 'drift_rate': 0.0, 'target_domains': ['photo']}
Round 63 took 0.12658047676086426s, results:
{'t': 62, 'current_accuracy': 0.3515625, 'current_loss': 1.8100953102111816, 'train_loss': None, 'decision': 0, 'drift_rate': 0.0, 'target_domains': ['photo']}
Round 64 took 0.126678466796875s, results:
{'t': 63, 'current_accuracy': 0.3515625, 'current_loss': 1.8100952506065369, 'train_loss': None, 'decision': 0, 'drift_rate': 0.0, 'target_domains': ['photo']}
Round 65 took 0.12671279907226562s, results:
{'t': 64, 'current_accuracy': 0.3515625, 'current_loss': 1.8100953102111816, 'train_loss': None, 'decision': 0, 'drift_rate': 0.0, 'target_domains': ['photo']}
Round 66 took 0.1266634464263916s, results:
{'t': 65, 'current_accuracy': 0.3515625, 'current_loss': 1.810095191001892, 'train_loss': None, 'decision': 0, 'drift_rate': 0.0, 'target_domains': ['photo']}
Round 67 took 0.12681794166564941s, results:
{'t': 66, 'current_accuracy': 0.3515625, 'current_loss': 1.8100953102111816, 'train_loss': None, 'decision': 0, 'drift_rate': 0.0, 'target_domains': ['photo']}
Round 68 took 0.1269850730895996s, results:
{'t': 67, 'current_accuracy': 0.3515625, 'current_loss': 1.8100953698158264, 'train_loss': None, 'decision': 0, 'drift_rate': 0.0, 'target_domains': ['photo']}
Round 69 took 0.12781786918640137s, results:
{'t': 68, 'current_accuracy': 0.3515625, 'current_loss': 1.8100953102111816, 'train_loss': None, 'decision': 0, 'drift_rate': 0.0, 'target_domains': ['photo']}
Round 70 took 0.1277313232421875s, results:
{'t': 69, 'current_accuracy': 0.3515625, 'current_loss': 1.8100953102111816, 'train_loss': None, 'decision': 0, 'drift_rate': 0.0, 'target_domains': ['photo']}
Average loss over 3 updates: 1.7047
Round 71 took 0.22960948944091797s, results:
{'t': 70, 'current_accuracy': 0.3515625, 'current_loss': 1.8100952506065369, 'train_loss': 1.7046663761138916, 'decision': 1, 'drift_rate': 0.0, 'target_domains': ['photo']}
Round 72 took 0.12786221504211426s, results:
{'t': 71, 'current_accuracy': 0.41015625, 'current_loss': 1.6862974166870117, 'train_loss': None, 'decision': 0, 'drift_rate': 0.0, 'target_domains': ['photo']}
Round 73 took 0.12748241424560547s, results:
{'t': 72, 'current_accuracy': 0.41015625, 'current_loss': 1.6862971186637878, 'train_loss': None, 'decision': 0, 'drift_rate': 0.0, 'target_domains': ['photo']}
Round 74 took 0.1274886131286621s, results:
{'t': 73, 'current_accuracy': 0.41015625, 'current_loss': 1.6862974166870117, 'train_loss': None, 'decision': 0, 'drift_rate': 0.0, 'target_domains': ['photo']}
Round 75 took 0.1310570240020752s, results:
{'t': 74, 'current_accuracy': 0.41015625, 'current_loss': 1.6862972974777222, 'train_loss': None, 'decision': 0, 'drift_rate': 0.0, 'target_domains': ['photo']}
Round 76 took 0.1271495819091797s, results:
{'t': 75, 'current_accuracy': 0.41015625, 'current_loss': 1.686297357082367, 'train_loss': None, 'decision': 0, 'drift_rate': 0.0, 'target_domains': ['photo']}
Round 77 took 0.12724947929382324s, results:
{'t': 76, 'current_accuracy': 0.41015625, 'current_loss': 1.6862974762916565, 'train_loss': None, 'decision': 0, 'drift_rate': 0.0, 'target_domains': ['photo']}
Round 78 took 0.12689542770385742s, results:
{'t': 77, 'current_accuracy': 0.41015625, 'current_loss': 1.6862971782684326, 'train_loss': None, 'decision': 0, 'drift_rate': 0.0, 'target_domains': ['photo']}
Round 79 took 0.12720155715942383s, results:
{'t': 78, 'current_accuracy': 0.41015625, 'current_loss': 1.6862971782684326, 'train_loss': None, 'decision': 0, 'drift_rate': 0.0, 'target_domains': ['photo']}
Round 80 took 0.12662959098815918s, results:
{'t': 79, 'current_accuracy': 0.41015625, 'current_loss': 1.6862972974777222, 'train_loss': None, 'decision': 0, 'drift_rate': 0.0, 'target_domains': ['photo']}
Average loss over 3 updates: 1.6365
Round 81 took 0.22659850120544434s, results:
{'t': 80, 'current_accuracy': 0.41015625, 'current_loss': 1.6862972974777222, 'train_loss': 1.6364864110946655, 'decision': 1, 'drift_rate': 0.0, 'target_domains': ['photo']}
Round 82 took 0.1272439956665039s, results:
{'t': 81, 'current_accuracy': 0.43359375, 'current_loss': 1.613636076450348, 'train_loss': None, 'decision': 0, 'drift_rate': 0.0, 'target_domains': ['photo']}
Round 83 took 0.12698960304260254s, results:
{'t': 82, 'current_accuracy': 0.43359375, 'current_loss': 1.6136361956596375, 'train_loss': None, 'decision': 0, 'drift_rate': 0.0, 'target_domains': ['photo']}
Round 84 took 0.12690258026123047s, results:
{'t': 83, 'current_accuracy': 0.43359375, 'current_loss': 1.613636076450348, 'train_loss': None, 'decision': 0, 'drift_rate': 0.0, 'target_domains': ['photo']}
Round 85 took 0.12749624252319336s, results:
{'t': 84, 'current_accuracy': 0.43359375, 'current_loss': 1.6136361360549927, 'train_loss': None, 'decision': 0, 'drift_rate': 0.0, 'target_domains': ['photo']}
Round 86 took 0.1272122859954834s, results:
{'t': 85, 'current_accuracy': 0.43359375, 'current_loss': 1.6136359572410583, 'train_loss': None, 'decision': 0, 'drift_rate': 0.0, 'target_domains': ['photo']}
Round 87 took 0.12717175483703613s, results:
{'t': 86, 'current_accuracy': 0.43359375, 'current_loss': 1.6136359572410583, 'train_loss': None, 'decision': 0, 'drift_rate': 0.0, 'target_domains': ['photo']}
Round 88 took 0.12720632553100586s, results:
{'t': 87, 'current_accuracy': 0.43359375, 'current_loss': 1.6136361360549927, 'train_loss': None, 'decision': 0, 'drift_rate': 0.0, 'target_domains': ['photo']}
Round 89 took 0.13080668449401855s, results:
{'t': 88, 'current_accuracy': 0.43359375, 'current_loss': 1.6136360168457031, 'train_loss': None, 'decision': 0, 'drift_rate': 0.0, 'target_domains': ['photo']}
Round 90 took 0.12793302536010742s, results:
{'t': 89, 'current_accuracy': 0.43359375, 'current_loss': 1.6136361360549927, 'train_loss': None, 'decision': 0, 'drift_rate': 0.0, 'target_domains': ['photo']}
Average loss over 3 updates: 1.5683
Round 91 took 0.22742390632629395s, results:
{'t': 90, 'current_accuracy': 0.43359375, 'current_loss': 1.6136360168457031, 'train_loss': 1.568262020746867, 'decision': 1, 'drift_rate': 0.0, 'target_domains': ['photo']}
Round 92 took 0.1284327507019043s, results:
{'t': 91, 'current_accuracy': 0.41796875, 'current_loss': 1.5613619685173035, 'train_loss': None, 'decision': 0, 'drift_rate': 0.0, 'target_domains': ['photo']}
Round 93 took 0.1281571388244629s, results:
{'t': 92, 'current_accuracy': 0.41796875, 'current_loss': 1.561362087726593, 'train_loss': None, 'decision': 0, 'drift_rate': 0.0, 'target_domains': ['photo']}
Round 94 took 0.12834739685058594s, results:
{'t': 93, 'current_accuracy': 0.41796875, 'current_loss': 1.5613620281219482, 'train_loss': None, 'decision': 0, 'drift_rate': 0.0, 'target_domains': ['photo']}
Round 95 took 0.1281118392944336s, results:
{'t': 94, 'current_accuracy': 0.41796875, 'current_loss': 1.561362087726593, 'train_loss': None, 'decision': 0, 'drift_rate': 0.0, 'target_domains': ['photo']}
Round 96 took 0.12779688835144043s, results:
{'t': 95, 'current_accuracy': 0.41796875, 'current_loss': 1.5613619089126587, 'train_loss': None, 'decision': 0, 'drift_rate': 0.0, 'target_domains': ['photo']}
Round 97 took 0.12722134590148926s, results:
{'t': 96, 'current_accuracy': 0.41796875, 'current_loss': 1.5613621473312378, 'train_loss': None, 'decision': 0, 'drift_rate': 0.0, 'target_domains': ['photo']}
Round 98 took 0.12758088111877441s, results:
{'t': 97, 'current_accuracy': 0.41796875, 'current_loss': 1.5613619089126587, 'train_loss': None, 'decision': 0, 'drift_rate': 0.0, 'target_domains': ['photo']}
Round 99 took 0.12747550010681152s, results:
{'t': 98, 'current_accuracy': 0.41796875, 'current_loss': 1.5613622069358826, 'train_loss': None, 'decision': 0, 'drift_rate': 0.0, 'target_domains': ['photo']}
Round 100 took 0.12770509719848633s, results:
{'t': 99, 'current_accuracy': 0.41796875, 'current_loss': 1.5613619685173035, 'train_loss': None, 'decision': 0, 'drift_rate': 0.0, 'target_domains': ['photo']}
Average loss over 3 updates: 1.4956
Round 101 took 0.22864484786987305s, results:
{'t': 100, 'current_accuracy': 0.41796875, 'current_loss': 1.5613619089126587, 'train_loss': 1.4956401189168294, 'decision': 1, 'drift_rate': 0.0, 'target_domains': ['photo']}
Round 102 took 0.12787818908691406s, results:
{'t': 101, 'current_accuracy': 0.4296875, 'current_loss': 1.5220324993133545, 'train_loss': None, 'decision': 0, 'drift_rate': 0.0, 'target_domains': ['photo']}
Round 103 took 0.132720947265625s, results:
{'t': 102, 'current_accuracy': 0.4296875, 'current_loss': 1.5220322012901306, 'train_loss': None, 'decision': 0, 'drift_rate': 0.0, 'target_domains': ['photo']}
Round 104 took 0.12852215766906738s, results:
{'t': 103, 'current_accuracy': 0.4296875, 'current_loss': 1.5220322608947754, 'train_loss': None, 'decision': 0, 'drift_rate': 0.0, 'target_domains': ['photo']}
Round 105 took 0.12768983840942383s, results:
{'t': 104, 'current_accuracy': 0.4296875, 'current_loss': 1.5220322608947754, 'train_loss': None, 'decision': 0, 'drift_rate': 0.0, 'target_domains': ['photo']}
Round 106 took 0.13092374801635742s, results:
{'t': 105, 'current_accuracy': 0.30859375, 'current_loss': 1.7859306931495667, 'train_loss': None, 'decision': 0, 'drift_rate': 0.4, 'target_domains': ['cartoon']}
Round 107 took 0.13100290298461914s, results:
{'t': 106, 'current_accuracy': 0.21484375, 'current_loss': 2.122729778289795, 'train_loss': None, 'decision': 0, 'drift_rate': 0.4, 'target_domains': ['cartoon']}
Round 108 took 0.13119959831237793s, results:
{'t': 107, 'current_accuracy': 0.171875, 'current_loss': 2.221760630607605, 'train_loss': None, 'decision': 0, 'drift_rate': 0.4, 'target_domains': ['cartoon']}
Round 109 took 0.1285562515258789s, results:
{'t': 108, 'current_accuracy': 0.171875, 'current_loss': 2.221760869026184, 'train_loss': None, 'decision': 0, 'drift_rate': 0.0, 'target_domains': ['cartoon']}
Round 110 took 0.1289372444152832s, results:
{'t': 109, 'current_accuracy': 0.171875, 'current_loss': 2.221760630607605, 'train_loss': None, 'decision': 0, 'drift_rate': 0.0, 'target_domains': ['cartoon']}
Average loss over 3 updates: 2.0126
Round 111 took 0.23563194274902344s, results:
{'t': 110, 'current_accuracy': 0.171875, 'current_loss': 2.221760869026184, 'train_loss': 2.0126121044158936, 'decision': 1, 'drift_rate': 0.0, 'target_domains': ['cartoon']}
Round 112 took 0.12851929664611816s, results:
{'t': 111, 'current_accuracy': 0.203125, 'current_loss': 1.9131008386611938, 'train_loss': None, 'decision': 0, 'drift_rate': 0.0, 'target_domains': ['cartoon']}
Round 113 took 0.12825942039489746s, results:
{'t': 112, 'current_accuracy': 0.203125, 'current_loss': 1.9131008982658386, 'train_loss': None, 'decision': 0, 'drift_rate': 0.0, 'target_domains': ['cartoon']}
Round 114 took 0.1283254623413086s, results:
{'t': 113, 'current_accuracy': 0.203125, 'current_loss': 1.9131008386611938, 'train_loss': None, 'decision': 0, 'drift_rate': 0.0, 'target_domains': ['cartoon']}
Round 115 took 0.12820148468017578s, results:
{'t': 114, 'current_accuracy': 0.203125, 'current_loss': 1.9131006598472595, 'train_loss': None, 'decision': 0, 'drift_rate': 0.0, 'target_domains': ['cartoon']}
Round 116 took 0.12881994247436523s, results:
{'t': 115, 'current_accuracy': 0.203125, 'current_loss': 1.9131008982658386, 'train_loss': None, 'decision': 0, 'drift_rate': 0.0, 'target_domains': ['cartoon']}
Round 117 took 0.12827014923095703s, results:
{'t': 116, 'current_accuracy': 0.203125, 'current_loss': 1.9131008386611938, 'train_loss': None, 'decision': 0, 'drift_rate': 0.0, 'target_domains': ['cartoon']}
Round 118 took 0.12889480590820312s, results:
{'t': 117, 'current_accuracy': 0.203125, 'current_loss': 1.9131008386611938, 'train_loss': None, 'decision': 0, 'drift_rate': 0.0, 'target_domains': ['cartoon']}
Round 119 took 0.1279301643371582s, results:
{'t': 118, 'current_accuracy': 0.203125, 'current_loss': 1.913100779056549, 'train_loss': None, 'decision': 0, 'drift_rate': 0.0, 'target_domains': ['cartoon']}
Round 120 took 0.12778472900390625s, results:
{'t': 119, 'current_accuracy': 0.203125, 'current_loss': 1.9131008982658386, 'train_loss': None, 'decision': 0, 'drift_rate': 0.0, 'target_domains': ['cartoon']}
Average loss over 3 updates: 1.8447
Round 121 took 0.23145604133605957s, results:
{'t': 120, 'current_accuracy': 0.203125, 'current_loss': 1.9131008386611938, 'train_loss': 1.844721833864848, 'decision': 1, 'drift_rate': 0.0, 'target_domains': ['cartoon']}
Round 122 took 0.12805819511413574s, results:
{'t': 121, 'current_accuracy': 0.2265625, 'current_loss': 1.8483551740646362, 'train_loss': None, 'decision': 0, 'drift_rate': 0.0, 'target_domains': ['cartoon']}
Round 123 took 0.13025927543640137s, results:
{'t': 122, 'current_accuracy': 0.2265625, 'current_loss': 1.8483549356460571, 'train_loss': None, 'decision': 0, 'drift_rate': 0.0, 'target_domains': ['cartoon']}
Round 124 took 0.12786388397216797s, results:
{'t': 123, 'current_accuracy': 0.2265625, 'current_loss': 1.8483552932739258, 'train_loss': None, 'decision': 0, 'drift_rate': 0.0, 'target_domains': ['cartoon']}
Round 125 took 0.1275925636291504s, results:
{'t': 124, 'current_accuracy': 0.2265625, 'current_loss': 1.8483549356460571, 'train_loss': None, 'decision': 0, 'drift_rate': 0.0, 'target_domains': ['cartoon']}
Round 126 took 0.12776398658752441s, results:
{'t': 125, 'current_accuracy': 0.2265625, 'current_loss': 1.8483551740646362, 'train_loss': None, 'decision': 0, 'drift_rate': 0.0, 'target_domains': ['cartoon']}
Round 127 took 0.12769198417663574s, results:
{'t': 126, 'current_accuracy': 0.2265625, 'current_loss': 1.8483551144599915, 'train_loss': None, 'decision': 0, 'drift_rate': 0.0, 'target_domains': ['cartoon']}
Round 128 took 0.1273815631866455s, results:
{'t': 127, 'current_accuracy': 0.2265625, 'current_loss': 1.848355233669281, 'train_loss': None, 'decision': 0, 'drift_rate': 0.0, 'target_domains': ['cartoon']}
Round 129 took 0.12732291221618652s, results:
{'t': 128, 'current_accuracy': 0.2265625, 'current_loss': 1.8483550548553467, 'train_loss': None, 'decision': 0, 'drift_rate': 0.0, 'target_domains': ['cartoon']}
Round 130 took 0.12740802764892578s, results:
{'t': 129, 'current_accuracy': 0.2265625, 'current_loss': 1.848354995250702, 'train_loss': None, 'decision': 0, 'drift_rate': 0.0, 'target_domains': ['cartoon']}
Average loss over 3 updates: 1.7948
Round 131 took 0.2287003993988037s, results:
{'t': 130, 'current_accuracy': 0.2265625, 'current_loss': 1.8483550548553467, 'train_loss': 1.794786016146342, 'decision': 1, 'drift_rate': 0.0, 'target_domains': ['cartoon']}
Round 132 took 0.1274113655090332s, results:
{'t': 131, 'current_accuracy': 0.2578125, 'current_loss': 1.8062825798988342, 'train_loss': None, 'decision': 0, 'drift_rate': 0.0, 'target_domains': ['cartoon']}
Round 133 took 0.12725019454956055s, results:
{'t': 132, 'current_accuracy': 0.2578125, 'current_loss': 1.8062826991081238, 'train_loss': None, 'decision': 0, 'drift_rate': 0.0, 'target_domains': ['cartoon']}
Round 134 took 0.1278836727142334s, results:
{'t': 133, 'current_accuracy': 0.2578125, 'current_loss': 1.806282639503479, 'train_loss': None, 'decision': 0, 'drift_rate': 0.0, 'target_domains': ['cartoon']}
Round 135 took 0.1328754425048828s, results:
{'t': 134, 'current_accuracy': 0.2578125, 'current_loss': 1.8062827587127686, 'train_loss': None, 'decision': 0, 'drift_rate': 0.0, 'target_domains': ['cartoon']}
Round 136 took 0.12743353843688965s, results:
{'t': 135, 'current_accuracy': 0.2578125, 'current_loss': 1.8062826991081238, 'train_loss': None, 'decision': 0, 'drift_rate': 0.0, 'target_domains': ['cartoon']}
Round 137 took 0.12735199928283691s, results:
{'t': 136, 'current_accuracy': 0.2578125, 'current_loss': 1.8062828183174133, 'train_loss': None, 'decision': 0, 'drift_rate': 0.0, 'target_domains': ['cartoon']}
Round 138 took 0.12746167182922363s, results:
{'t': 137, 'current_accuracy': 0.2578125, 'current_loss': 1.806282639503479, 'train_loss': None, 'decision': 0, 'drift_rate': 0.0, 'target_domains': ['cartoon']}
Round 139 took 0.12756586074829102s, results:
{'t': 138, 'current_accuracy': 0.2578125, 'current_loss': 1.806282639503479, 'train_loss': None, 'decision': 0, 'drift_rate': 0.0, 'target_domains': ['cartoon']}
Round 140 took 0.1284329891204834s, results:
{'t': 139, 'current_accuracy': 0.2578125, 'current_loss': 1.8062826991081238, 'train_loss': None, 'decision': 0, 'drift_rate': 0.0, 'target_domains': ['cartoon']}
Average loss over 3 updates: 1.7443
Round 141 took 0.23054218292236328s, results:
{'t': 140, 'current_accuracy': 0.2578125, 'current_loss': 1.8062828183174133, 'train_loss': 1.7443464597066243, 'decision': 1, 'drift_rate': 0.0, 'target_domains': ['cartoon']}
Round 142 took 0.12791085243225098s, results:
{'t': 141, 'current_accuracy': 0.27734375, 'current_loss': 1.7711250185966492, 'train_loss': None, 'decision': 0, 'drift_rate': 0.0, 'target_domains': ['cartoon']}
Round 143 took 0.12858986854553223s, results:
{'t': 142, 'current_accuracy': 0.27734375, 'current_loss': 1.7711248993873596, 'train_loss': None, 'decision': 0, 'drift_rate': 0.0, 'target_domains': ['cartoon']}
Round 144 took 0.12861251831054688s, results:
{'t': 143, 'current_accuracy': 0.27734375, 'current_loss': 1.7711249589920044, 'train_loss': None, 'decision': 0, 'drift_rate': 0.0, 'target_domains': ['cartoon']}
Round 145 took 0.12777972221374512s, results:
{'t': 144, 'current_accuracy': 0.27734375, 'current_loss': 1.771125078201294, 'train_loss': None, 'decision': 0, 'drift_rate': 0.0, 'target_domains': ['cartoon']}
Round 146 took 0.12761545181274414s, results:
{'t': 145, 'current_accuracy': 0.27734375, 'current_loss': 1.771125078201294, 'train_loss': None, 'decision': 0, 'drift_rate': 0.0, 'target_domains': ['cartoon']}
Round 147 took 0.1275479793548584s, results:
{'t': 146, 'current_accuracy': 0.27734375, 'current_loss': 1.7711248397827148, 'train_loss': None, 'decision': 0, 'drift_rate': 0.0, 'target_domains': ['cartoon']}
Round 148 took 0.12794971466064453s, results:
{'t': 147, 'current_accuracy': 0.27734375, 'current_loss': 1.7711251378059387, 'train_loss': None, 'decision': 0, 'drift_rate': 0.0, 'target_domains': ['cartoon']}
Round 149 took 0.12767577171325684s, results:
{'t': 148, 'current_accuracy': 0.27734375, 'current_loss': 1.7711250185966492, 'train_loss': None, 'decision': 0, 'drift_rate': 0.0, 'target_domains': ['cartoon']}
Round 150 took 0.127640962600708s, results:
{'t': 149, 'current_accuracy': 0.27734375, 'current_loss': 1.7711248993873596, 'train_loss': None, 'decision': 0, 'drift_rate': 0.0, 'target_domains': ['cartoon']}
Average loss over 3 updates: 1.6818
Round 151 took 0.2280263900756836s, results:
{'t': 150, 'current_accuracy': 0.27734375, 'current_loss': 1.7711250185966492, 'train_loss': 1.6817918221155803, 'decision': 1, 'drift_rate': 0.0, 'target_domains': ['cartoon']}
Round 152 took 0.1279129981994629s, results:
{'t': 151, 'current_accuracy': 0.2578125, 'current_loss': 1.768747329711914, 'train_loss': None, 'decision': 0, 'drift_rate': 0.0, 'target_domains': ['cartoon']}
Round 153 took 0.13242721557617188s, results:
{'t': 152, 'current_accuracy': 0.2578125, 'current_loss': 1.7687473893165588, 'train_loss': None, 'decision': 0, 'drift_rate': 0.0, 'target_domains': ['cartoon']}
Round 154 took 0.12816977500915527s, results:
{'t': 153, 'current_accuracy': 0.2578125, 'current_loss': 1.7687472701072693, 'train_loss': None, 'decision': 0, 'drift_rate': 0.0, 'target_domains': ['cartoon']}
Round 155 took 0.12783145904541016s, results:
{'t': 154, 'current_accuracy': 0.2578125, 'current_loss': 1.7687472105026245, 'train_loss': None, 'decision': 0, 'drift_rate': 0.0, 'target_domains': ['cartoon']}
Round 156 took 0.1278696060180664s, results:
{'t': 155, 'current_accuracy': 0.2578125, 'current_loss': 1.7687470316886902, 'train_loss': None, 'decision': 0, 'drift_rate': 0.0, 'target_domains': ['cartoon']}
Round 157 took 0.12753748893737793s, results:
{'t': 156, 'current_accuracy': 0.2578125, 'current_loss': 1.7687472701072693, 'train_loss': None, 'decision': 0, 'drift_rate': 0.0, 'target_domains': ['cartoon']}
Round 158 took 0.12758207321166992s, results:
{'t': 157, 'current_accuracy': 0.2578125, 'current_loss': 1.7687472105026245, 'train_loss': None, 'decision': 0, 'drift_rate': 0.0, 'target_domains': ['cartoon']}
Round 159 took 0.12762141227722168s, results:
{'t': 158, 'current_accuracy': 0.2578125, 'current_loss': 1.7687471508979797, 'train_loss': None, 'decision': 0, 'drift_rate': 0.0, 'target_domains': ['cartoon']}
Round 160 took 0.12785935401916504s, results:
{'t': 159, 'current_accuracy': 0.2578125, 'current_loss': 1.768747329711914, 'train_loss': None, 'decision': 0, 'drift_rate': 0.0, 'target_domains': ['cartoon']}
Average loss over 3 updates: 1.6554
Round 161 took 0.22912311553955078s, results:
{'t': 160, 'current_accuracy': 0.2578125, 'current_loss': 1.768747091293335, 'train_loss': 1.6553829908370972, 'decision': 1, 'drift_rate': 0.0, 'target_domains': ['cartoon']}
Round 162 took 0.1279590129852295s, results:
{'t': 161, 'current_accuracy': 0.3203125, 'current_loss': 1.6975701451301575, 'train_loss': None, 'decision': 0, 'drift_rate': 0.0, 'target_domains': ['cartoon']}
Round 163 took 0.12955927848815918s, results:
{'t': 162, 'current_accuracy': 0.3203125, 'current_loss': 1.6975703239440918, 'train_loss': None, 'decision': 0, 'drift_rate': 0.0, 'target_domains': ['cartoon']}
Round 164 took 0.1275498867034912s, results:
{'t': 163, 'current_accuracy': 0.3203125, 'current_loss': 1.6975703835487366, 'train_loss': None, 'decision': 0, 'drift_rate': 0.0, 'target_domains': ['cartoon']}
Round 165 took 0.12720227241516113s, results:
{'t': 164, 'current_accuracy': 0.3203125, 'current_loss': 1.6975704431533813, 'train_loss': None, 'decision': 0, 'drift_rate': 0.0, 'target_domains': ['cartoon']}
Round 166 took 0.1309196949005127s, results:
{'t': 165, 'current_accuracy': 0.3515625, 'current_loss': 1.5864180326461792, 'train_loss': None, 'decision': 0, 'drift_rate': 0.4, 'target_domains': ['sketch']}
Round 167 took 0.1305835247039795s, results:
{'t': 166, 'current_accuracy': 0.37890625, 'current_loss': 1.5816007256507874, 'train_loss': None, 'decision': 0, 'drift_rate': 0.4, 'target_domains': ['sketch']}
Round 168 took 0.12912893295288086s, results:
{'t': 167, 'current_accuracy': 0.3984375, 'current_loss': 1.5751742124557495, 'train_loss': None, 'decision': 0, 'drift_rate': 0.4, 'target_domains': ['sketch']}
Round 169 took 0.1265401840209961s, results:
{'t': 168, 'current_accuracy': 0.3984375, 'current_loss': 1.5751737356185913, 'train_loss': None, 'decision': 0, 'drift_rate': 0.0, 'target_domains': ['sketch']}
Round 170 took 0.12667489051818848s, results:
{'t': 169, 'current_accuracy': 0.3984375, 'current_loss': 1.5751740336418152, 'train_loss': None, 'decision': 0, 'drift_rate': 0.0, 'target_domains': ['sketch']}
Average loss over 3 updates: 1.4411
Round 171 took 0.23762011528015137s, results:
{'t': 170, 'current_accuracy': 0.3984375, 'current_loss': 1.5751741528511047, 'train_loss': 1.441139777501424, 'decision': 1, 'drift_rate': 0.0, 'target_domains': ['sketch']}
Round 172 took 0.12823724746704102s, results:
{'t': 171, 'current_accuracy': 0.49609375, 'current_loss': 1.2506422996520996, 'train_loss': None, 'decision': 0, 'drift_rate': 0.0, 'target_domains': ['sketch']}
Round 173 took 0.12701821327209473s, results:
{'t': 172, 'current_accuracy': 0.49609375, 'current_loss': 1.2506423592567444, 'train_loss': None, 'decision': 0, 'drift_rate': 0.0, 'target_domains': ['sketch']}
Round 174 took 0.12691974639892578s, results:
{'t': 173, 'current_accuracy': 0.49609375, 'current_loss': 1.25064218044281, 'train_loss': None, 'decision': 0, 'drift_rate': 0.0, 'target_domains': ['sketch']}
Round 175 took 0.12828826904296875s, results:
{'t': 174, 'current_accuracy': 0.49609375, 'current_loss': 1.2506422400474548, 'train_loss': None, 'decision': 0, 'drift_rate': 0.0, 'target_domains': ['sketch']}
Round 176 took 0.12757015228271484s, results:
{'t': 175, 'current_accuracy': 0.49609375, 'current_loss': 1.2506423592567444, 'train_loss': None, 'decision': 0, 'drift_rate': 0.0, 'target_domains': ['sketch']}
Round 177 took 0.12781310081481934s, results:
{'t': 176, 'current_accuracy': 0.49609375, 'current_loss': 1.2506422996520996, 'train_loss': None, 'decision': 0, 'drift_rate': 0.0, 'target_domains': ['sketch']}
Round 178 took 0.12752985954284668s, results:
{'t': 177, 'current_accuracy': 0.49609375, 'current_loss': 1.2506424188613892, 'train_loss': None, 'decision': 0, 'drift_rate': 0.0, 'target_domains': ['sketch']}
Round 179 took 0.12741923332214355s, results:
{'t': 178, 'current_accuracy': 0.49609375, 'current_loss': 1.2506424188613892, 'train_loss': None, 'decision': 0, 'drift_rate': 0.0, 'target_domains': ['sketch']}
Round 180 took 0.12723970413208008s, results:
{'t': 179, 'current_accuracy': 0.49609375, 'current_loss': 1.2506423592567444, 'train_loss': None, 'decision': 0, 'drift_rate': 0.0, 'target_domains': ['sketch']}
Average loss over 3 updates: 1.1857
Round 181 took 0.2321157455444336s, results:
{'t': 180, 'current_accuracy': 0.49609375, 'current_loss': 1.2506422400474548, 'train_loss': 1.1856549978256226, 'decision': 1, 'drift_rate': 0.0, 'target_domains': ['sketch']}
Round 182 took 0.12728452682495117s, results:
{'t': 181, 'current_accuracy': 0.53125, 'current_loss': 1.1663248538970947, 'train_loss': None, 'decision': 0, 'drift_rate': 0.0, 'target_domains': ['sketch']}
Round 183 took 0.1271650791168213s, results:
{'t': 182, 'current_accuracy': 0.53125, 'current_loss': 1.1663249731063843, 'train_loss': None, 'decision': 0, 'drift_rate': 0.0, 'target_domains': ['sketch']}
Round 184 took 0.12689733505249023s, results:
{'t': 183, 'current_accuracy': 0.53125, 'current_loss': 1.1663249731063843, 'train_loss': None, 'decision': 0, 'drift_rate': 0.0, 'target_domains': ['sketch']}
Round 185 took 0.12712454795837402s, results:
{'t': 184, 'current_accuracy': 0.53125, 'current_loss': 1.1663249135017395, 'train_loss': None, 'decision': 0, 'drift_rate': 0.0, 'target_domains': ['sketch']}
Round 186 took 0.1270904541015625s, results:
{'t': 185, 'current_accuracy': 0.53125, 'current_loss': 1.1663248538970947, 'train_loss': None, 'decision': 0, 'drift_rate': 0.0, 'target_domains': ['sketch']}
Round 187 took 0.1270897388458252s, results:
{'t': 186, 'current_accuracy': 0.53125, 'current_loss': 1.1663248538970947, 'train_loss': None, 'decision': 0, 'drift_rate': 0.0, 'target_domains': ['sketch']}
Round 188 took 0.12698912620544434s, results:
{'t': 187, 'current_accuracy': 0.53125, 'current_loss': 1.1663249135017395, 'train_loss': None, 'decision': 0, 'drift_rate': 0.0, 'target_domains': ['sketch']}
Round 189 took 0.1271355152130127s, results:
{'t': 188, 'current_accuracy': 0.53125, 'current_loss': 1.166325032711029, 'train_loss': None, 'decision': 0, 'drift_rate': 0.0, 'target_domains': ['sketch']}
Round 190 took 0.13194823265075684s, results:
{'t': 189, 'current_accuracy': 0.53125, 'current_loss': 1.1663249135017395, 'train_loss': None, 'decision': 0, 'drift_rate': 0.0, 'target_domains': ['sketch']}
Average loss over 3 updates: 1.0938
Round 191 took 0.23331356048583984s, results:
{'t': 190, 'current_accuracy': 0.53125, 'current_loss': 1.1663249135017395, 'train_loss': 1.0938437779744465, 'decision': 1, 'drift_rate': 0.0, 'target_domains': ['sketch']}
Round 192 took 0.12707042694091797s, results:
{'t': 191, 'current_accuracy': 0.5546875, 'current_loss': 1.1182317733764648, 'train_loss': None, 'decision': 0, 'drift_rate': 0.0, 'target_domains': ['sketch']}
Round 193 took 0.12720680236816406s, results:
{'t': 192, 'current_accuracy': 0.5546875, 'current_loss': 1.1182318329811096, 'train_loss': None, 'decision': 0, 'drift_rate': 0.0, 'target_domains': ['sketch']}
Round 194 took 0.12683367729187012s, results:
{'t': 193, 'current_accuracy': 0.5546875, 'current_loss': 1.11823171377182, 'train_loss': None, 'decision': 0, 'drift_rate': 0.0, 'target_domains': ['sketch']}
Round 195 took 0.12675857543945312s, results:
{'t': 194, 'current_accuracy': 0.5546875, 'current_loss': 1.11823171377182, 'train_loss': None, 'decision': 0, 'drift_rate': 0.0, 'target_domains': ['sketch']}
Round 196 took 0.12690377235412598s, results:
{'t': 195, 'current_accuracy': 0.5546875, 'current_loss': 1.1182318329811096, 'train_loss': None, 'decision': 0, 'drift_rate': 0.0, 'target_domains': ['sketch']}
Round 197 took 0.12719511985778809s, results:
{'t': 196, 'current_accuracy': 0.5546875, 'current_loss': 1.1182318925857544, 'train_loss': None, 'decision': 0, 'drift_rate': 0.0, 'target_domains': ['sketch']}
Round 198 took 0.12731671333312988s, results:
{'t': 197, 'current_accuracy': 0.5546875, 'current_loss': 1.1182317733764648, 'train_loss': None, 'decision': 0, 'drift_rate': 0.0, 'target_domains': ['sketch']}
Round 199 took 0.12709903717041016s, results:
{'t': 198, 'current_accuracy': 0.5546875, 'current_loss': 1.1182318925857544, 'train_loss': None, 'decision': 0, 'drift_rate': 0.0, 'target_domains': ['sketch']}
Round 200 took 0.12716245651245117s, results:
{'t': 199, 'current_accuracy': 0.5546875, 'current_loss': 1.11823171377182, 'train_loss': None, 'decision': 0, 'drift_rate': 0.0, 'target_domains': ['sketch']}
Average time per round: 0.13867144227027894
Total time: 27.734288454055786
