Using the latest cached version of the dataset since flwrlabs/pacs couldn't be found on the Hugging Face Hub
Found the latest cached dataset configuration 'default' at /home/apiasecz/.cache/huggingface/datasets/flwrlabs___pacs/default/0.0.0/394113073258ead631f617d2e13bb377c0715c4b (last modified on Wed Jan 29 16:59:35 2025).
Using the latest cached version of the dataset since flwrlabs/pacs couldn't be found on the Hugging Face Hub
Found the latest cached dataset configuration 'default' at /home/apiasecz/.cache/huggingface/datasets/flwrlabs___pacs/default/0.0.0/394113073258ead631f617d2e13bb377c0715c4b (last modified on Wed Jan 29 16:59:35 2025).
Using the latest cached version of the dataset since flwrlabs/pacs couldn't be found on the Hugging Face Hub
Found the latest cached dataset configuration 'default' at /home/apiasecz/.cache/huggingface/datasets/flwrlabs___pacs/default/0.0.0/394113073258ead631f617d2e13bb377c0715c4b (last modified on Wed Jan 29 16:59:35 2025).
Using the latest cached version of the dataset since flwrlabs/pacs couldn't be found on the Hugging Face Hub
Found the latest cached dataset configuration 'default' at /home/apiasecz/.cache/huggingface/datasets/flwrlabs___pacs/default/0.0.0/394113073258ead631f617d2e13bb377c0715c4b (last modified on Wed Jan 29 16:59:35 2025).
Using the latest cached version of the dataset since flwrlabs/pacs couldn't be found on the Hugging Face Hub
Found the latest cached dataset configuration 'default' at /home/apiasecz/.cache/huggingface/datasets/flwrlabs___pacs/default/0.0.0/394113073258ead631f617d2e13bb377c0715c4b (last modified on Wed Jan 29 16:59:35 2025).
Device: cuda
CUDA Version: 12.1
cuDNN Version: 8902
PyTorch Version: 2.3.0

Model used: PACSCNN_1
Initial dataset creation
Initial dataset creation
Initial loss: 0.7353396415710449
<__main__.Policy object at 0x152629d04da0>
0.7353396415710449
Average loss over 4 updates: 0.7211
Round 1 took 0.41692185401916504s, results:
{'t': 0, 'current_accuracy': 0.68359375, 'current_loss': 0.8107521235942841, 'train_loss': 0.7210972309112549, 'decision': 1, 'drift_rate': 0.0, 'target_domains': ['sketch']}
Round 2 took 0.12683820724487305s, results:
{'t': 1, 'current_accuracy': 0.76171875, 'current_loss': 0.7072978317737579, 'train_loss': None, 'decision': 0, 'drift_rate': 0.0, 'target_domains': ['sketch']}
Round 3 took 0.12633275985717773s, results:
{'t': 2, 'current_accuracy': 0.76171875, 'current_loss': 0.7072979211807251, 'train_loss': None, 'decision': 0, 'drift_rate': 0.0, 'target_domains': ['sketch']}
Average loss over 4 updates: 0.7163
Round 4 took 0.25661396980285645s, results:
{'t': 3, 'current_accuracy': 0.76171875, 'current_loss': 0.7072978615760803, 'train_loss': 0.7163272351026535, 'decision': 1, 'drift_rate': 0.0, 'target_domains': ['sketch']}
Round 5 took 0.12640857696533203s, results:
{'t': 4, 'current_accuracy': 0.765625, 'current_loss': 0.6926432251930237, 'train_loss': None, 'decision': 0, 'drift_rate': 0.0, 'target_domains': ['sketch']}
Round 6 took 0.12633180618286133s, results:
{'t': 5, 'current_accuracy': 0.765625, 'current_loss': 0.6926431357860565, 'train_loss': None, 'decision': 0, 'drift_rate': 0.0, 'target_domains': ['sketch']}
Round 7 took 0.12620139122009277s, results:
{'t': 6, 'current_accuracy': 0.765625, 'current_loss': 0.6926431357860565, 'train_loss': None, 'decision': 0, 'drift_rate': 0.0, 'target_domains': ['sketch']}
Round 8 took 0.12791705131530762s, results:
{'t': 7, 'current_accuracy': 0.765625, 'current_loss': 0.6926432251930237, 'train_loss': None, 'decision': 0, 'drift_rate': 0.0, 'target_domains': ['sketch']}
Round 9 took 0.12602925300598145s, results:
{'t': 8, 'current_accuracy': 0.765625, 'current_loss': 0.6926431953907013, 'train_loss': None, 'decision': 0, 'drift_rate': 0.0, 'target_domains': ['sketch']}
Round 10 took 0.12622737884521484s, results:
{'t': 9, 'current_accuracy': 0.765625, 'current_loss': 0.6926431655883789, 'train_loss': None, 'decision': 0, 'drift_rate': 0.0, 'target_domains': ['sketch']}
Average loss over 4 updates: 0.6895
Round 11 took 0.25589442253112793s, results:
{'t': 10, 'current_accuracy': 0.765625, 'current_loss': 0.6926432251930237, 'train_loss': 0.6894946098327637, 'decision': 1, 'drift_rate': 0.0, 'target_domains': ['sketch']}
Round 12 took 0.12616872787475586s, results:
{'t': 11, 'current_accuracy': 0.7578125, 'current_loss': 0.6979230344295502, 'train_loss': None, 'decision': 0, 'drift_rate': 0.0, 'target_domains': ['sketch']}
Round 13 took 0.12612557411193848s, results:
{'t': 12, 'current_accuracy': 0.7578125, 'current_loss': 0.6979230344295502, 'train_loss': None, 'decision': 0, 'drift_rate': 0.0, 'target_domains': ['sketch']}
Round 14 took 0.12596940994262695s, results:
{'t': 13, 'current_accuracy': 0.7578125, 'current_loss': 0.697923094034195, 'train_loss': None, 'decision': 0, 'drift_rate': 0.0, 'target_domains': ['sketch']}
Round 15 took 0.1261274814605713s, results:
{'t': 14, 'current_accuracy': 0.7578125, 'current_loss': 0.6979230344295502, 'train_loss': None, 'decision': 0, 'drift_rate': 0.0, 'target_domains': ['sketch']}
Round 16 took 0.12615561485290527s, results:
{'t': 15, 'current_accuracy': 0.7578125, 'current_loss': 0.6979230642318726, 'train_loss': None, 'decision': 0, 'drift_rate': 0.0, 'target_domains': ['sketch']}
Round 17 took 0.12628793716430664s, results:
{'t': 16, 'current_accuracy': 0.7578125, 'current_loss': 0.6979230642318726, 'train_loss': None, 'decision': 0, 'drift_rate': 0.0, 'target_domains': ['sketch']}
Round 18 took 0.1288447380065918s, results:
{'t': 17, 'current_accuracy': 0.7578125, 'current_loss': 0.6979230344295502, 'train_loss': None, 'decision': 0, 'drift_rate': 0.0, 'target_domains': ['sketch']}
Round 19 took 0.12706637382507324s, results:
{'t': 18, 'current_accuracy': 0.7578125, 'current_loss': 0.6979230642318726, 'train_loss': None, 'decision': 0, 'drift_rate': 0.0, 'target_domains': ['sketch']}
Round 20 took 0.1265411376953125s, results:
{'t': 19, 'current_accuracy': 0.7578125, 'current_loss': 0.6979230344295502, 'train_loss': None, 'decision': 0, 'drift_rate': 0.0, 'target_domains': ['sketch']}
Round 21 took 0.12621784210205078s, results:
{'t': 20, 'current_accuracy': 0.7578125, 'current_loss': 0.6979230344295502, 'train_loss': None, 'decision': 0, 'drift_rate': 0.0, 'target_domains': ['sketch']}
Round 22 took 0.12653708457946777s, results:
{'t': 21, 'current_accuracy': 0.7578125, 'current_loss': 0.6979230642318726, 'train_loss': None, 'decision': 0, 'drift_rate': 0.0, 'target_domains': ['sketch']}
Average loss over 4 updates: 0.6834
Round 23 took 0.25828981399536133s, results:
{'t': 22, 'current_accuracy': 0.7578125, 'current_loss': 0.6979230344295502, 'train_loss': 0.683445155620575, 'decision': 1, 'drift_rate': 0.0, 'target_domains': ['sketch']}
Round 24 took 0.12671566009521484s, results:
{'t': 23, 'current_accuracy': 0.765625, 'current_loss': 0.6752014756202698, 'train_loss': None, 'decision': 0, 'drift_rate': 0.0, 'target_domains': ['sketch']}
Round 25 took 0.12635564804077148s, results:
{'t': 24, 'current_accuracy': 0.765625, 'current_loss': 0.6752014756202698, 'train_loss': None, 'decision': 0, 'drift_rate': 0.0, 'target_domains': ['sketch']}
Round 26 took 0.1263115406036377s, results:
{'t': 25, 'current_accuracy': 0.765625, 'current_loss': 0.6752015352249146, 'train_loss': None, 'decision': 0, 'drift_rate': 0.0, 'target_domains': ['sketch']}
Round 27 took 0.12638616561889648s, results:
{'t': 26, 'current_accuracy': 0.765625, 'current_loss': 0.6752014458179474, 'train_loss': None, 'decision': 0, 'drift_rate': 0.0, 'target_domains': ['sketch']}
Round 28 took 0.126434326171875s, results:
{'t': 27, 'current_accuracy': 0.765625, 'current_loss': 0.6752015054225922, 'train_loss': None, 'decision': 0, 'drift_rate': 0.0, 'target_domains': ['sketch']}
Average loss over 4 updates: 0.7196
Round 29 took 0.2611227035522461s, results:
{'t': 28, 'current_accuracy': 0.765625, 'current_loss': 0.675201416015625, 'train_loss': 0.7195514142513275, 'decision': 1, 'drift_rate': 0.0, 'target_domains': ['sketch']}
Round 30 took 0.12682509422302246s, results:
{'t': 29, 'current_accuracy': 0.73828125, 'current_loss': 0.70131915807724, 'train_loss': None, 'decision': 0, 'drift_rate': 0.0, 'target_domains': ['sketch']}
Round 31 took 0.1264810562133789s, results:
{'t': 30, 'current_accuracy': 0.73828125, 'current_loss': 0.7013192176818848, 'train_loss': None, 'decision': 0, 'drift_rate': 0.0, 'target_domains': ['sketch']}
Round 32 took 0.12625741958618164s, results:
{'t': 31, 'current_accuracy': 0.73828125, 'current_loss': 0.7013192176818848, 'train_loss': None, 'decision': 0, 'drift_rate': 0.0, 'target_domains': ['sketch']}
Round 33 took 0.12641263008117676s, results:
{'t': 32, 'current_accuracy': 0.73828125, 'current_loss': 0.7013192176818848, 'train_loss': None, 'decision': 0, 'drift_rate': 0.0, 'target_domains': ['sketch']}
Round 34 took 0.1266953945159912s, results:
{'t': 33, 'current_accuracy': 0.73828125, 'current_loss': 0.7013192474842072, 'train_loss': None, 'decision': 0, 'drift_rate': 0.0, 'target_domains': ['sketch']}
Round 35 took 0.12652921676635742s, results:
{'t': 34, 'current_accuracy': 0.73828125, 'current_loss': 0.70131915807724, 'train_loss': None, 'decision': 0, 'drift_rate': 0.0, 'target_domains': ['sketch']}
Round 36 took 0.12630748748779297s, results:
{'t': 35, 'current_accuracy': 0.73828125, 'current_loss': 0.7013190686702728, 'train_loss': None, 'decision': 0, 'drift_rate': 0.0, 'target_domains': ['sketch']}
Round 37 took 0.1262803077697754s, results:
{'t': 36, 'current_accuracy': 0.73828125, 'current_loss': 0.70131915807724, 'train_loss': None, 'decision': 0, 'drift_rate': 0.0, 'target_domains': ['sketch']}
Round 38 took 0.12611818313598633s, results:
{'t': 37, 'current_accuracy': 0.73828125, 'current_loss': 0.7013192176818848, 'train_loss': None, 'decision': 0, 'drift_rate': 0.0, 'target_domains': ['sketch']}
Round 39 took 0.12618160247802734s, results:
{'t': 38, 'current_accuracy': 0.73828125, 'current_loss': 0.70131915807724, 'train_loss': None, 'decision': 0, 'drift_rate': 0.0, 'target_domains': ['sketch']}
Round 40 took 0.12604522705078125s, results:
{'t': 39, 'current_accuracy': 0.73828125, 'current_loss': 0.70131915807724, 'train_loss': None, 'decision': 0, 'drift_rate': 0.0, 'target_domains': ['sketch']}
Round 41 took 0.12627005577087402s, results:
{'t': 40, 'current_accuracy': 0.73828125, 'current_loss': 0.70131915807724, 'train_loss': None, 'decision': 0, 'drift_rate': 0.0, 'target_domains': ['sketch']}
Round 42 took 0.1264503002166748s, results:
{'t': 41, 'current_accuracy': 0.73828125, 'current_loss': 0.7013191282749176, 'train_loss': None, 'decision': 0, 'drift_rate': 0.0, 'target_domains': ['sketch']}
Round 43 took 0.1300356388092041s, results:
{'t': 42, 'current_accuracy': 0.73828125, 'current_loss': 0.70131915807724, 'train_loss': None, 'decision': 0, 'drift_rate': 0.0, 'target_domains': ['sketch']}
Round 44 took 0.12718677520751953s, results:
{'t': 43, 'current_accuracy': 0.73828125, 'current_loss': 0.7013192474842072, 'train_loss': None, 'decision': 0, 'drift_rate': 0.0, 'target_domains': ['sketch']}
Round 45 took 0.12642478942871094s, results:
{'t': 44, 'current_accuracy': 0.73828125, 'current_loss': 0.7013192176818848, 'train_loss': None, 'decision': 0, 'drift_rate': 0.0, 'target_domains': ['sketch']}
Round 46 took 0.12641406059265137s, results:
{'t': 45, 'current_accuracy': 0.73828125, 'current_loss': 0.70131915807724, 'train_loss': None, 'decision': 0, 'drift_rate': 0.0, 'target_domains': ['sketch']}
Round 47 took 0.12665963172912598s, results:
{'t': 46, 'current_accuracy': 0.73828125, 'current_loss': 0.7013192176818848, 'train_loss': None, 'decision': 0, 'drift_rate': 0.0, 'target_domains': ['sketch']}
Round 48 took 0.12641191482543945s, results:
{'t': 47, 'current_accuracy': 0.73828125, 'current_loss': 0.7013192176818848, 'train_loss': None, 'decision': 0, 'drift_rate': 0.0, 'target_domains': ['sketch']}
Average loss over 4 updates: 0.6906
Round 49 took 0.2594599723815918s, results:
{'t': 48, 'current_accuracy': 0.73828125, 'current_loss': 0.7013192474842072, 'train_loss': 0.6906343996524811, 'decision': 1, 'drift_rate': 0.0, 'target_domains': ['sketch']}
Round 50 took 0.12726473808288574s, results:
{'t': 49, 'current_accuracy': 0.74609375, 'current_loss': 0.6979806125164032, 'train_loss': None, 'decision': 0, 'drift_rate': 0.0, 'target_domains': ['sketch']}
Round 51 took 0.12712502479553223s, results:
{'t': 50, 'current_accuracy': 0.74609375, 'current_loss': 0.6979807317256927, 'train_loss': None, 'decision': 0, 'drift_rate': 0.0, 'target_domains': ['sketch']}
Round 52 took 0.1268291473388672s, results:
{'t': 51, 'current_accuracy': 0.74609375, 'current_loss': 0.6979805827140808, 'train_loss': None, 'decision': 0, 'drift_rate': 0.0, 'target_domains': ['sketch']}
Round 53 took 0.12687993049621582s, results:
{'t': 52, 'current_accuracy': 0.74609375, 'current_loss': 0.6979806423187256, 'train_loss': None, 'decision': 0, 'drift_rate': 0.0, 'target_domains': ['sketch']}
Round 54 took 0.12665462493896484s, results:
{'t': 53, 'current_accuracy': 0.74609375, 'current_loss': 0.6979805827140808, 'train_loss': None, 'decision': 0, 'drift_rate': 0.0, 'target_domains': ['sketch']}
Round 55 took 0.1270437240600586s, results:
{'t': 54, 'current_accuracy': 0.74609375, 'current_loss': 0.697980672121048, 'train_loss': None, 'decision': 0, 'drift_rate': 0.0, 'target_domains': ['sketch']}
Average loss over 4 updates: 0.6515
Round 56 took 0.2592024803161621s, results:
{'t': 55, 'current_accuracy': 0.74609375, 'current_loss': 0.6979806423187256, 'train_loss': 0.6514985114336014, 'decision': 1, 'drift_rate': 0.4, 'target_domains': ['sketch']}
Round 57 took 0.13225674629211426s, results:
{'t': 56, 'current_accuracy': 0.734375, 'current_loss': 0.6737150847911835, 'train_loss': None, 'decision': 0, 'drift_rate': 0.4, 'target_domains': ['sketch']}
Round 58 took 0.1271352767944336s, results:
{'t': 57, 'current_accuracy': 0.734375, 'current_loss': 0.6737151145935059, 'train_loss': None, 'decision': 0, 'drift_rate': 0.4, 'target_domains': ['sketch']}
Round 59 took 0.1272263526916504s, results:
{'t': 58, 'current_accuracy': 0.734375, 'current_loss': 0.6737150549888611, 'train_loss': None, 'decision': 0, 'drift_rate': 0.4, 'target_domains': ['sketch']}
Round 60 took 0.12729239463806152s, results:
{'t': 59, 'current_accuracy': 0.734375, 'current_loss': 0.6737151145935059, 'train_loss': None, 'decision': 0, 'drift_rate': 0.4, 'target_domains': ['sketch']}
Round 61 took 0.1269233226776123s, results:
{'t': 60, 'current_accuracy': 0.734375, 'current_loss': 0.6737150847911835, 'train_loss': None, 'decision': 0, 'drift_rate': 0.0, 'target_domains': ['sketch']}
Round 62 took 0.12702536582946777s, results:
{'t': 61, 'current_accuracy': 0.734375, 'current_loss': 0.6737151145935059, 'train_loss': None, 'decision': 0, 'drift_rate': 0.0, 'target_domains': ['sketch']}
Round 63 took 0.1269223690032959s, results:
{'t': 62, 'current_accuracy': 0.734375, 'current_loss': 0.6737151443958282, 'train_loss': None, 'decision': 0, 'drift_rate': 0.0, 'target_domains': ['sketch']}
Round 64 took 0.1269545555114746s, results:
{'t': 63, 'current_accuracy': 0.734375, 'current_loss': 0.6737151443958282, 'train_loss': None, 'decision': 0, 'drift_rate': 0.0, 'target_domains': ['sketch']}
Round 65 took 0.126908540725708s, results:
{'t': 64, 'current_accuracy': 0.734375, 'current_loss': 0.6737150847911835, 'train_loss': None, 'decision': 0, 'drift_rate': 0.0, 'target_domains': ['sketch']}
Round 66 took 0.1268150806427002s, results:
{'t': 65, 'current_accuracy': 0.734375, 'current_loss': 0.6737150847911835, 'train_loss': None, 'decision': 0, 'drift_rate': 0.0, 'target_domains': ['sketch']}
Round 67 took 0.12680673599243164s, results:
{'t': 66, 'current_accuracy': 0.734375, 'current_loss': 0.6737150847911835, 'train_loss': None, 'decision': 0, 'drift_rate': 0.0, 'target_domains': ['sketch']}
Round 68 took 0.12679028511047363s, results:
{'t': 67, 'current_accuracy': 0.734375, 'current_loss': 0.6737149953842163, 'train_loss': None, 'decision': 0, 'drift_rate': 0.0, 'target_domains': ['sketch']}
Round 69 took 0.1267530918121338s, results:
{'t': 68, 'current_accuracy': 0.734375, 'current_loss': 0.6737150847911835, 'train_loss': None, 'decision': 0, 'drift_rate': 0.0, 'target_domains': ['sketch']}
Round 70 took 0.12679052352905273s, results:
{'t': 69, 'current_accuracy': 0.734375, 'current_loss': 0.6737151443958282, 'train_loss': None, 'decision': 0, 'drift_rate': 0.0, 'target_domains': ['sketch']}
Round 71 took 0.12674927711486816s, results:
{'t': 70, 'current_accuracy': 0.734375, 'current_loss': 0.6737151145935059, 'train_loss': None, 'decision': 0, 'drift_rate': 0.0, 'target_domains': ['sketch']}
Round 72 took 0.13123512268066406s, results:
{'t': 71, 'current_accuracy': 0.734375, 'current_loss': 0.6737151443958282, 'train_loss': None, 'decision': 0, 'drift_rate': 0.0, 'target_domains': ['sketch']}
Average loss over 4 updates: 0.6580
Round 73 took 0.26503682136535645s, results:
{'t': 72, 'current_accuracy': 0.734375, 'current_loss': 0.6737151443958282, 'train_loss': 0.6579568684101105, 'decision': 1, 'drift_rate': 0.0, 'target_domains': ['sketch']}
Round 74 took 0.12697505950927734s, results:
{'t': 73, 'current_accuracy': 0.75, 'current_loss': 0.6693513691425323, 'train_loss': None, 'decision': 0, 'drift_rate': 0.0, 'target_domains': ['sketch']}
Round 75 took 0.12657570838928223s, results:
{'t': 74, 'current_accuracy': 0.75, 'current_loss': 0.6693513691425323, 'train_loss': None, 'decision': 0, 'drift_rate': 0.0, 'target_domains': ['sketch']}
Round 76 took 0.12662386894226074s, results:
{'t': 75, 'current_accuracy': 0.75, 'current_loss': 0.6693513691425323, 'train_loss': None, 'decision': 0, 'drift_rate': 0.0, 'target_domains': ['sketch']}
Round 77 took 0.12645411491394043s, results:
{'t': 76, 'current_accuracy': 0.75, 'current_loss': 0.6693513691425323, 'train_loss': None, 'decision': 0, 'drift_rate': 0.0, 'target_domains': ['sketch']}
Round 78 took 0.12646913528442383s, results:
{'t': 77, 'current_accuracy': 0.75, 'current_loss': 0.6693513989448547, 'train_loss': None, 'decision': 0, 'drift_rate': 0.0, 'target_domains': ['sketch']}
Round 79 took 0.1265702247619629s, results:
{'t': 78, 'current_accuracy': 0.75, 'current_loss': 0.66935133934021, 'train_loss': None, 'decision': 0, 'drift_rate': 0.0, 'target_domains': ['sketch']}
Round 80 took 0.12650370597839355s, results:
{'t': 79, 'current_accuracy': 0.75, 'current_loss': 0.6693513691425323, 'train_loss': None, 'decision': 0, 'drift_rate': 0.0, 'target_domains': ['sketch']}
Round 81 took 0.12635374069213867s, results:
{'t': 80, 'current_accuracy': 0.75, 'current_loss': 0.6693513989448547, 'train_loss': None, 'decision': 0, 'drift_rate': 0.0, 'target_domains': ['sketch']}
Round 82 took 0.126509428024292s, results:
{'t': 81, 'current_accuracy': 0.75, 'current_loss': 0.6693514287471771, 'train_loss': None, 'decision': 0, 'drift_rate': 0.0, 'target_domains': ['sketch']}
Round 83 took 0.12628173828125s, results:
{'t': 82, 'current_accuracy': 0.75, 'current_loss': 0.6693513989448547, 'train_loss': None, 'decision': 0, 'drift_rate': 0.0, 'target_domains': ['sketch']}
Round 84 took 0.12636280059814453s, results:
{'t': 83, 'current_accuracy': 0.75, 'current_loss': 0.6693513691425323, 'train_loss': None, 'decision': 0, 'drift_rate': 0.0, 'target_domains': ['sketch']}
Round 85 took 0.1264362335205078s, results:
{'t': 84, 'current_accuracy': 0.75, 'current_loss': 0.6693513989448547, 'train_loss': None, 'decision': 0, 'drift_rate': 0.0, 'target_domains': ['sketch']}
Round 86 took 0.12643098831176758s, results:
{'t': 85, 'current_accuracy': 0.75, 'current_loss': 0.6693513989448547, 'train_loss': None, 'decision': 0, 'drift_rate': 0.0, 'target_domains': ['sketch']}
Round 87 took 0.13159584999084473s, results:
{'t': 86, 'current_accuracy': 0.75, 'current_loss': 0.6693514287471771, 'train_loss': None, 'decision': 0, 'drift_rate': 0.0, 'target_domains': ['sketch']}
Round 88 took 0.12619566917419434s, results:
{'t': 87, 'current_accuracy': 0.75, 'current_loss': 0.66935133934021, 'train_loss': None, 'decision': 0, 'drift_rate': 0.0, 'target_domains': ['sketch']}
Round 89 took 0.12646126747131348s, results:
{'t': 88, 'current_accuracy': 0.75, 'current_loss': 0.66935133934021, 'train_loss': None, 'decision': 0, 'drift_rate': 0.0, 'target_domains': ['sketch']}
Round 90 took 0.12643074989318848s, results:
{'t': 89, 'current_accuracy': 0.75, 'current_loss': 0.6693513691425323, 'train_loss': None, 'decision': 0, 'drift_rate': 0.0, 'target_domains': ['sketch']}
Round 91 took 0.12641477584838867s, results:
{'t': 90, 'current_accuracy': 0.75, 'current_loss': 0.6693514585494995, 'train_loss': None, 'decision': 0, 'drift_rate': 0.0, 'target_domains': ['sketch']}
Round 92 took 0.12650775909423828s, results:
{'t': 91, 'current_accuracy': 0.75, 'current_loss': 0.6693513989448547, 'train_loss': None, 'decision': 0, 'drift_rate': 0.0, 'target_domains': ['sketch']}
Round 93 took 0.12653827667236328s, results:
{'t': 92, 'current_accuracy': 0.75, 'current_loss': 0.66935133934021, 'train_loss': None, 'decision': 0, 'drift_rate': 0.0, 'target_domains': ['sketch']}
Round 94 took 0.1265101432800293s, results:
{'t': 93, 'current_accuracy': 0.75, 'current_loss': 0.6693513691425323, 'train_loss': None, 'decision': 0, 'drift_rate': 0.0, 'target_domains': ['sketch']}
Round 95 took 0.12632441520690918s, results:
{'t': 94, 'current_accuracy': 0.75, 'current_loss': 0.6693513691425323, 'train_loss': None, 'decision': 0, 'drift_rate': 0.0, 'target_domains': ['sketch']}
Round 96 took 0.12659859657287598s, results:
{'t': 95, 'current_accuracy': 0.75, 'current_loss': 0.6693513989448547, 'train_loss': None, 'decision': 0, 'drift_rate': 0.0, 'target_domains': ['sketch']}
Round 97 took 0.12643051147460938s, results:
{'t': 96, 'current_accuracy': 0.75, 'current_loss': 0.6693513989448547, 'train_loss': None, 'decision': 0, 'drift_rate': 0.0, 'target_domains': ['sketch']}
Average loss over 4 updates: 0.6853
Round 98 took 0.26289796829223633s, results:
{'t': 97, 'current_accuracy': 0.75, 'current_loss': 0.6693513095378876, 'train_loss': 0.6853041648864746, 'decision': 1, 'drift_rate': 0.0, 'target_domains': ['sketch']}
Round 99 took 0.12654924392700195s, results:
{'t': 98, 'current_accuracy': 0.75390625, 'current_loss': 0.6755058169364929, 'train_loss': None, 'decision': 0, 'drift_rate': 0.0, 'target_domains': ['sketch']}
Round 100 took 0.12653350830078125s, results:
{'t': 99, 'current_accuracy': 0.75390625, 'current_loss': 0.6755058467388153, 'train_loss': None, 'decision': 0, 'drift_rate': 0.0, 'target_domains': ['sketch']}
Round 101 took 0.13073277473449707s, results:
{'t': 100, 'current_accuracy': 0.75390625, 'current_loss': 0.6755057871341705, 'train_loss': None, 'decision': 0, 'drift_rate': 0.0, 'target_domains': ['sketch']}
Average loss over 4 updates: 0.6961
Round 102 took 0.26375865936279297s, results:
{'t': 101, 'current_accuracy': 0.75390625, 'current_loss': 0.6755057871341705, 'train_loss': 0.6961100995540619, 'decision': 1, 'drift_rate': 0.0, 'target_domains': ['sketch']}
Round 103 took 0.12703847885131836s, results:
{'t': 102, 'current_accuracy': 0.72265625, 'current_loss': 0.7030581831932068, 'train_loss': None, 'decision': 0, 'drift_rate': 0.0, 'target_domains': ['sketch']}
Average loss over 4 updates: 0.6624
Round 104 took 0.26017093658447266s, results:
{'t': 103, 'current_accuracy': 0.72265625, 'current_loss': 0.7030579745769501, 'train_loss': 0.6623645275831223, 'decision': 1, 'drift_rate': 0.0, 'target_domains': ['sketch']}
Round 105 took 0.1269373893737793s, results:
{'t': 104, 'current_accuracy': 0.7265625, 'current_loss': 0.7009905278682709, 'train_loss': None, 'decision': 0, 'drift_rate': 0.0, 'target_domains': ['sketch']}
Round 106 took 0.13118839263916016s, results:
{'t': 105, 'current_accuracy': 0.51953125, 'current_loss': 2.8970906734466553, 'train_loss': None, 'decision': 0, 'drift_rate': 0.4, 'target_domains': ['cartoon']}
Average loss over 4 updates: 3.5603
Round 107 took 0.272845983505249s, results:
{'t': 106, 'current_accuracy': 0.2890625, 'current_loss': 6.148721218109131, 'train_loss': 3.5603222250938416, 'decision': 1, 'drift_rate': 0.4, 'target_domains': ['cartoon']}
Round 108 took 0.12894177436828613s, results:
{'t': 107, 'current_accuracy': 0.3046875, 'current_loss': 2.050091862678528, 'train_loss': None, 'decision': 0, 'drift_rate': 0.4, 'target_domains': ['cartoon']}
Round 109 took 0.1269998550415039s, results:
{'t': 108, 'current_accuracy': 0.3046875, 'current_loss': 2.050092101097107, 'train_loss': None, 'decision': 0, 'drift_rate': 0.4, 'target_domains': ['cartoon']}
Round 110 took 0.12697076797485352s, results:
{'t': 109, 'current_accuracy': 0.3046875, 'current_loss': 2.0500922203063965, 'train_loss': None, 'decision': 0, 'drift_rate': 0.4, 'target_domains': ['cartoon']}
Average loss over 4 updates: 1.9614
Round 111 took 0.265214204788208s, results:
{'t': 110, 'current_accuracy': 0.3046875, 'current_loss': 2.050092101097107, 'train_loss': 1.9613818228244781, 'decision': 1, 'drift_rate': 0.0, 'target_domains': ['cartoon']}
Round 112 took 0.13110923767089844s, results:
{'t': 111, 'current_accuracy': 0.3203125, 'current_loss': 1.817359209060669, 'train_loss': None, 'decision': 0, 'drift_rate': 0.0, 'target_domains': ['cartoon']}
Round 113 took 0.1271202564239502s, results:
{'t': 112, 'current_accuracy': 0.3203125, 'current_loss': 1.817359447479248, 'train_loss': None, 'decision': 0, 'drift_rate': 0.0, 'target_domains': ['cartoon']}
Average loss over 4 updates: 1.6643
Round 114 took 0.2638368606567383s, results:
{'t': 113, 'current_accuracy': 0.3203125, 'current_loss': 1.8173593878746033, 'train_loss': 1.6642509698867798, 'decision': 1, 'drift_rate': 0.0, 'target_domains': ['cartoon']}
Round 115 took 0.1272118091583252s, results:
{'t': 114, 'current_accuracy': 0.3515625, 'current_loss': 1.7037137150764465, 'train_loss': None, 'decision': 0, 'drift_rate': 0.0, 'target_domains': ['cartoon']}
Round 116 took 0.12689638137817383s, results:
{'t': 115, 'current_accuracy': 0.3515625, 'current_loss': 1.7037134766578674, 'train_loss': None, 'decision': 0, 'drift_rate': 0.0, 'target_domains': ['cartoon']}
Average loss over 4 updates: 1.5866
Round 117 took 0.26094532012939453s, results:
{'t': 116, 'current_accuracy': 0.3515625, 'current_loss': 1.7037137746810913, 'train_loss': 1.5866231322288513, 'decision': 1, 'drift_rate': 0.0, 'target_domains': ['cartoon']}
Round 118 took 0.1271343231201172s, results:
{'t': 117, 'current_accuracy': 0.4296875, 'current_loss': 1.6092187762260437, 'train_loss': None, 'decision': 0, 'drift_rate': 0.0, 'target_domains': ['cartoon']}
Round 119 took 0.12690424919128418s, results:
{'t': 118, 'current_accuracy': 0.4296875, 'current_loss': 1.6092187762260437, 'train_loss': None, 'decision': 0, 'drift_rate': 0.0, 'target_domains': ['cartoon']}
Round 120 took 0.1267228126525879s, results:
{'t': 119, 'current_accuracy': 0.4296875, 'current_loss': 1.6092188954353333, 'train_loss': None, 'decision': 0, 'drift_rate': 0.0, 'target_domains': ['cartoon']}
Round 121 took 0.12655067443847656s, results:
{'t': 120, 'current_accuracy': 0.4296875, 'current_loss': 1.6092187762260437, 'train_loss': None, 'decision': 0, 'drift_rate': 0.0, 'target_domains': ['cartoon']}
Round 122 took 0.12665462493896484s, results:
{'t': 121, 'current_accuracy': 0.4296875, 'current_loss': 1.6092185974121094, 'train_loss': None, 'decision': 0, 'drift_rate': 0.0, 'target_domains': ['cartoon']}
Round 123 took 0.12700915336608887s, results:
{'t': 122, 'current_accuracy': 0.4296875, 'current_loss': 1.6092187762260437, 'train_loss': None, 'decision': 0, 'drift_rate': 0.0, 'target_domains': ['cartoon']}
Round 124 took 0.1267690658569336s, results:
{'t': 123, 'current_accuracy': 0.4296875, 'current_loss': 1.6092186570167542, 'train_loss': None, 'decision': 0, 'drift_rate': 0.0, 'target_domains': ['cartoon']}
Average loss over 4 updates: 1.5367
Round 125 took 0.266345739364624s, results:
{'t': 124, 'current_accuracy': 0.4296875, 'current_loss': 1.609218716621399, 'train_loss': 1.536707878112793, 'decision': 1, 'drift_rate': 0.0, 'target_domains': ['cartoon']}
Round 126 took 0.12723088264465332s, results:
{'t': 125, 'current_accuracy': 0.43359375, 'current_loss': 1.5528509616851807, 'train_loss': None, 'decision': 0, 'drift_rate': 0.0, 'target_domains': ['cartoon']}
Round 127 took 0.12677383422851562s, results:
{'t': 126, 'current_accuracy': 0.43359375, 'current_loss': 1.552851140499115, 'train_loss': None, 'decision': 0, 'drift_rate': 0.0, 'target_domains': ['cartoon']}
Round 128 took 0.12696313858032227s, results:
{'t': 127, 'current_accuracy': 0.43359375, 'current_loss': 1.5528508424758911, 'train_loss': None, 'decision': 0, 'drift_rate': 0.0, 'target_domains': ['cartoon']}
Round 129 took 0.12705588340759277s, results:
{'t': 128, 'current_accuracy': 0.43359375, 'current_loss': 1.5528510212898254, 'train_loss': None, 'decision': 0, 'drift_rate': 0.0, 'target_domains': ['cartoon']}
Round 130 took 0.12684226036071777s, results:
{'t': 129, 'current_accuracy': 0.43359375, 'current_loss': 1.5528508424758911, 'train_loss': None, 'decision': 0, 'drift_rate': 0.0, 'target_domains': ['cartoon']}
Average loss over 4 updates: 1.4345
Round 131 took 0.26030778884887695s, results:
{'t': 130, 'current_accuracy': 0.43359375, 'current_loss': 1.5528509616851807, 'train_loss': 1.4345027208328247, 'decision': 1, 'drift_rate': 0.0, 'target_domains': ['cartoon']}
Round 132 took 0.12698745727539062s, results:
{'t': 131, 'current_accuracy': 0.42578125, 'current_loss': 1.5026485919952393, 'train_loss': None, 'decision': 0, 'drift_rate': 0.0, 'target_domains': ['cartoon']}
Average loss over 4 updates: 1.4226
Round 133 took 0.259105920791626s, results:
{'t': 132, 'current_accuracy': 0.42578125, 'current_loss': 1.5026484727859497, 'train_loss': 1.4225572347640991, 'decision': 1, 'drift_rate': 0.0, 'target_domains': ['cartoon']}
Round 134 took 0.12693214416503906s, results:
{'t': 133, 'current_accuracy': 0.453125, 'current_loss': 1.4651240706443787, 'train_loss': None, 'decision': 0, 'drift_rate': 0.0, 'target_domains': ['cartoon']}
Round 135 took 0.12675905227661133s, results:
{'t': 134, 'current_accuracy': 0.453125, 'current_loss': 1.4651241302490234, 'train_loss': None, 'decision': 0, 'drift_rate': 0.0, 'target_domains': ['cartoon']}
Round 136 took 0.12682151794433594s, results:
{'t': 135, 'current_accuracy': 0.453125, 'current_loss': 1.4651239514350891, 'train_loss': None, 'decision': 0, 'drift_rate': 0.0, 'target_domains': ['cartoon']}
Round 137 took 0.1311631202697754s, results:
{'t': 136, 'current_accuracy': 0.453125, 'current_loss': 1.4651241302490234, 'train_loss': None, 'decision': 0, 'drift_rate': 0.0, 'target_domains': ['cartoon']}
Round 138 took 0.12705230712890625s, results:
{'t': 137, 'current_accuracy': 0.453125, 'current_loss': 1.4651240706443787, 'train_loss': None, 'decision': 0, 'drift_rate': 0.0, 'target_domains': ['cartoon']}
Round 139 took 0.1269528865814209s, results:
{'t': 138, 'current_accuracy': 0.453125, 'current_loss': 1.4651240706443787, 'train_loss': None, 'decision': 0, 'drift_rate': 0.0, 'target_domains': ['cartoon']}
Average loss over 4 updates: 1.3762
Round 140 took 0.2608041763305664s, results:
{'t': 139, 'current_accuracy': 0.453125, 'current_loss': 1.4651241302490234, 'train_loss': 1.37623929977417, 'decision': 1, 'drift_rate': 0.0, 'target_domains': ['cartoon']}
Average loss over 4 updates: 1.2718
Round 141 took 0.2603113651275635s, results:
{'t': 140, 'current_accuracy': 0.50390625, 'current_loss': 1.4131572842597961, 'train_loss': 1.271765112876892, 'decision': 1, 'drift_rate': 0.0, 'target_domains': ['cartoon']}
Round 142 took 0.12717175483703613s, results:
{'t': 141, 'current_accuracy': 0.4921875, 'current_loss': 1.4264586567878723, 'train_loss': None, 'decision': 0, 'drift_rate': 0.0, 'target_domains': ['cartoon']}
Round 143 took 0.12707877159118652s, results:
{'t': 142, 'current_accuracy': 0.4921875, 'current_loss': 1.4264585971832275, 'train_loss': None, 'decision': 0, 'drift_rate': 0.0, 'target_domains': ['cartoon']}
Round 144 took 0.12707853317260742s, results:
{'t': 143, 'current_accuracy': 0.4921875, 'current_loss': 1.4264585375785828, 'train_loss': None, 'decision': 0, 'drift_rate': 0.0, 'target_domains': ['cartoon']}
Round 145 took 0.12700819969177246s, results:
{'t': 144, 'current_accuracy': 0.4921875, 'current_loss': 1.4264585971832275, 'train_loss': None, 'decision': 0, 'drift_rate': 0.0, 'target_domains': ['cartoon']}
Round 146 took 0.12690114974975586s, results:
{'t': 145, 'current_accuracy': 0.4921875, 'current_loss': 1.4264585375785828, 'train_loss': None, 'decision': 0, 'drift_rate': 0.0, 'target_domains': ['cartoon']}
Round 147 took 0.12691092491149902s, results:
{'t': 146, 'current_accuracy': 0.4921875, 'current_loss': 1.426458716392517, 'train_loss': None, 'decision': 0, 'drift_rate': 0.0, 'target_domains': ['cartoon']}
Average loss over 4 updates: 1.3105
Round 148 took 0.2589123249053955s, results:
{'t': 147, 'current_accuracy': 0.4921875, 'current_loss': 1.426458477973938, 'train_loss': 1.310527741909027, 'decision': 1, 'drift_rate': 0.0, 'target_domains': ['cartoon']}
Round 149 took 0.13031935691833496s, results:
{'t': 148, 'current_accuracy': 0.51953125, 'current_loss': 1.3360733389854431, 'train_loss': None, 'decision': 0, 'drift_rate': 0.0, 'target_domains': ['cartoon']}
Round 150 took 0.127227783203125s, results:
{'t': 149, 'current_accuracy': 0.51953125, 'current_loss': 1.3360732793807983, 'train_loss': None, 'decision': 0, 'drift_rate': 0.0, 'target_domains': ['cartoon']}
Round 151 took 0.1269216537475586s, results:
{'t': 150, 'current_accuracy': 0.51953125, 'current_loss': 1.336073100566864, 'train_loss': None, 'decision': 0, 'drift_rate': 0.0, 'target_domains': ['cartoon']}
Round 152 took 0.12711429595947266s, results:
{'t': 151, 'current_accuracy': 0.51953125, 'current_loss': 1.3360730409622192, 'train_loss': None, 'decision': 0, 'drift_rate': 0.0, 'target_domains': ['cartoon']}
Average loss over 4 updates: 1.2443
Round 153 took 0.25957441329956055s, results:
{'t': 152, 'current_accuracy': 0.51953125, 'current_loss': 1.3360732197761536, 'train_loss': 1.2443178296089172, 'decision': 1, 'drift_rate': 0.0, 'target_domains': ['cartoon']}
Round 154 took 0.12715411186218262s, results:
{'t': 153, 'current_accuracy': 0.5234375, 'current_loss': 1.324271023273468, 'train_loss': None, 'decision': 0, 'drift_rate': 0.0, 'target_domains': ['cartoon']}
Round 155 took 0.12685799598693848s, results:
{'t': 154, 'current_accuracy': 0.5234375, 'current_loss': 1.3242712616920471, 'train_loss': None, 'decision': 0, 'drift_rate': 0.0, 'target_domains': ['cartoon']}
Round 156 took 0.13250017166137695s, results:
{'t': 155, 'current_accuracy': 0.40625, 'current_loss': 1.6236020922660828, 'train_loss': None, 'decision': 0, 'drift_rate': 0.4, 'target_domains': ['art_painting']}
Round 157 took 0.13240623474121094s, results:
{'t': 156, 'current_accuracy': 0.3125, 'current_loss': 1.8244442343711853, 'train_loss': None, 'decision': 0, 'drift_rate': 0.4, 'target_domains': ['art_painting']}
Round 158 took 0.1302483081817627s, results:
{'t': 157, 'current_accuracy': 0.265625, 'current_loss': 1.9487264156341553, 'train_loss': None, 'decision': 0, 'drift_rate': 0.4, 'target_domains': ['art_painting']}
Round 159 took 0.1272573471069336s, results:
{'t': 158, 'current_accuracy': 0.265625, 'current_loss': 1.9487264752388, 'train_loss': None, 'decision': 0, 'drift_rate': 0.4, 'target_domains': ['art_painting']}
Round 160 took 0.12709808349609375s, results:
{'t': 159, 'current_accuracy': 0.265625, 'current_loss': 1.9487262964248657, 'train_loss': None, 'decision': 0, 'drift_rate': 0.4, 'target_domains': ['art_painting']}
Round 161 took 0.1269822120666504s, results:
{'t': 160, 'current_accuracy': 0.265625, 'current_loss': 1.9487262964248657, 'train_loss': None, 'decision': 0, 'drift_rate': 0.0, 'target_domains': ['art_painting']}
Average loss over 4 updates: 1.9742
Round 162 took 0.28151965141296387s, results:
{'t': 161, 'current_accuracy': 0.265625, 'current_loss': 1.948726236820221, 'train_loss': 1.9742061495780945, 'decision': 1, 'drift_rate': 0.0, 'target_domains': ['art_painting']}
Round 163 took 0.12728190422058105s, results:
{'t': 162, 'current_accuracy': 0.2734375, 'current_loss': 1.8340253829956055, 'train_loss': None, 'decision': 0, 'drift_rate': 0.0, 'target_domains': ['art_painting']}
Average loss over 4 updates: 1.9477
Round 164 took 0.2678678035736084s, results:
{'t': 163, 'current_accuracy': 0.2734375, 'current_loss': 1.834025263786316, 'train_loss': 1.947712481021881, 'decision': 1, 'drift_rate': 0.0, 'target_domains': ['art_painting']}
Round 165 took 0.12729477882385254s, results:
{'t': 164, 'current_accuracy': 0.31640625, 'current_loss': 1.7435138821601868, 'train_loss': None, 'decision': 0, 'drift_rate': 0.0, 'target_domains': ['art_painting']}
Round 166 took 0.12705492973327637s, results:
{'t': 165, 'current_accuracy': 0.31640625, 'current_loss': 1.7435134649276733, 'train_loss': None, 'decision': 0, 'drift_rate': 0.0, 'target_domains': ['art_painting']}
Round 167 took 0.12707996368408203s, results:
{'t': 166, 'current_accuracy': 0.31640625, 'current_loss': 1.743513822555542, 'train_loss': None, 'decision': 0, 'drift_rate': 0.0, 'target_domains': ['art_painting']}
Round 168 took 0.12681102752685547s, results:
{'t': 167, 'current_accuracy': 0.31640625, 'current_loss': 1.7435137033462524, 'train_loss': None, 'decision': 0, 'drift_rate': 0.0, 'target_domains': ['art_painting']}
Round 169 took 0.12685561180114746s, results:
{'t': 168, 'current_accuracy': 0.31640625, 'current_loss': 1.7435137033462524, 'train_loss': None, 'decision': 0, 'drift_rate': 0.0, 'target_domains': ['art_painting']}
Round 170 took 0.12705397605895996s, results:
{'t': 169, 'current_accuracy': 0.31640625, 'current_loss': 1.7435137629508972, 'train_loss': None, 'decision': 0, 'drift_rate': 0.0, 'target_domains': ['art_painting']}
Round 171 took 0.12682700157165527s, results:
{'t': 170, 'current_accuracy': 0.31640625, 'current_loss': 1.743513822555542, 'train_loss': None, 'decision': 0, 'drift_rate': 0.0, 'target_domains': ['art_painting']}
Round 172 took 0.12708091735839844s, results:
{'t': 171, 'current_accuracy': 0.31640625, 'current_loss': 1.7435137033462524, 'train_loss': None, 'decision': 0, 'drift_rate': 0.0, 'target_domains': ['art_painting']}
Round 173 took 0.12714314460754395s, results:
{'t': 172, 'current_accuracy': 0.31640625, 'current_loss': 1.7435137033462524, 'train_loss': None, 'decision': 0, 'drift_rate': 0.0, 'target_domains': ['art_painting']}
Round 174 took 0.1269540786743164s, results:
{'t': 173, 'current_accuracy': 0.31640625, 'current_loss': 1.7435137629508972, 'train_loss': None, 'decision': 0, 'drift_rate': 0.0, 'target_domains': ['art_painting']}
Round 175 took 0.1269516944885254s, results:
{'t': 174, 'current_accuracy': 0.31640625, 'current_loss': 1.7435136437416077, 'train_loss': None, 'decision': 0, 'drift_rate': 0.0, 'target_domains': ['art_painting']}
Round 176 took 0.12716436386108398s, results:
{'t': 175, 'current_accuracy': 0.31640625, 'current_loss': 1.7435137629508972, 'train_loss': None, 'decision': 0, 'drift_rate': 0.0, 'target_domains': ['art_painting']}
Round 177 took 0.12674331665039062s, results:
{'t': 176, 'current_accuracy': 0.31640625, 'current_loss': 1.7435136437416077, 'train_loss': None, 'decision': 0, 'drift_rate': 0.0, 'target_domains': ['art_painting']}
Round 178 took 0.12688398361206055s, results:
{'t': 177, 'current_accuracy': 0.31640625, 'current_loss': 1.7435137629508972, 'train_loss': None, 'decision': 0, 'drift_rate': 0.0, 'target_domains': ['art_painting']}
Round 179 took 0.1269524097442627s, results:
{'t': 178, 'current_accuracy': 0.31640625, 'current_loss': 1.7435136437416077, 'train_loss': None, 'decision': 0, 'drift_rate': 0.0, 'target_domains': ['art_painting']}
Average loss over 4 updates: 1.8626
Round 180 took 0.2626502513885498s, results:
{'t': 179, 'current_accuracy': 0.31640625, 'current_loss': 1.7435137033462524, 'train_loss': 1.8626207411289215, 'decision': 1, 'drift_rate': 0.0, 'target_domains': ['art_painting']}
Round 181 took 0.1269087791442871s, results:
{'t': 180, 'current_accuracy': 0.34375, 'current_loss': 1.7349067330360413, 'train_loss': None, 'decision': 0, 'drift_rate': 0.0, 'target_domains': ['art_painting']}
Average loss over 4 updates: 1.7918
Round 182 took 0.25978517532348633s, results:
{'t': 181, 'current_accuracy': 0.34375, 'current_loss': 1.7349064946174622, 'train_loss': 1.7917835414409637, 'decision': 1, 'drift_rate': 0.0, 'target_domains': ['art_painting']}
Round 183 took 0.1270453929901123s, results:
{'t': 182, 'current_accuracy': 0.375, 'current_loss': 1.6992334723472595, 'train_loss': None, 'decision': 0, 'drift_rate': 0.0, 'target_domains': ['art_painting']}
Round 184 took 0.1273336410522461s, results:
{'t': 183, 'current_accuracy': 0.375, 'current_loss': 1.6992332339286804, 'train_loss': None, 'decision': 0, 'drift_rate': 0.0, 'target_domains': ['art_painting']}
Round 185 took 0.12702059745788574s, results:
{'t': 184, 'current_accuracy': 0.375, 'current_loss': 1.6992334127426147, 'train_loss': None, 'decision': 0, 'drift_rate': 0.0, 'target_domains': ['art_painting']}
Round 186 took 0.12702560424804688s, results:
{'t': 185, 'current_accuracy': 0.375, 'current_loss': 1.6992334723472595, 'train_loss': None, 'decision': 0, 'drift_rate': 0.0, 'target_domains': ['art_painting']}
Round 187 took 0.12695670127868652s, results:
{'t': 186, 'current_accuracy': 0.375, 'current_loss': 1.6992334127426147, 'train_loss': None, 'decision': 0, 'drift_rate': 0.0, 'target_domains': ['art_painting']}
Round 188 took 0.12737512588500977s, results:
{'t': 187, 'current_accuracy': 0.375, 'current_loss': 1.6992334127426147, 'train_loss': None, 'decision': 0, 'drift_rate': 0.0, 'target_domains': ['art_painting']}
Round 189 took 0.12698578834533691s, results:
{'t': 188, 'current_accuracy': 0.375, 'current_loss': 1.69923335313797, 'train_loss': None, 'decision': 0, 'drift_rate': 0.0, 'target_domains': ['art_painting']}
Round 190 took 0.12698030471801758s, results:
{'t': 189, 'current_accuracy': 0.375, 'current_loss': 1.6992334723472595, 'train_loss': None, 'decision': 0, 'drift_rate': 0.0, 'target_domains': ['art_painting']}
Round 191 took 0.1272132396697998s, results:
{'t': 190, 'current_accuracy': 0.375, 'current_loss': 1.6992332339286804, 'train_loss': None, 'decision': 0, 'drift_rate': 0.0, 'target_domains': ['art_painting']}
Round 192 took 0.1269543170928955s, results:
{'t': 191, 'current_accuracy': 0.375, 'current_loss': 1.6992332935333252, 'train_loss': None, 'decision': 0, 'drift_rate': 0.0, 'target_domains': ['art_painting']}
Round 193 took 0.1269676685333252s, results:
{'t': 192, 'current_accuracy': 0.375, 'current_loss': 1.6992334723472595, 'train_loss': None, 'decision': 0, 'drift_rate': 0.0, 'target_domains': ['art_painting']}
Round 194 took 0.12690520286560059s, results:
{'t': 193, 'current_accuracy': 0.375, 'current_loss': 1.6992334723472595, 'train_loss': None, 'decision': 0, 'drift_rate': 0.0, 'target_domains': ['art_painting']}
Round 195 took 0.12697100639343262s, results:
{'t': 194, 'current_accuracy': 0.375, 'current_loss': 1.6992334723472595, 'train_loss': None, 'decision': 0, 'drift_rate': 0.0, 'target_domains': ['art_painting']}
Round 196 took 0.12693047523498535s, results:
{'t': 195, 'current_accuracy': 0.375, 'current_loss': 1.6992332339286804, 'train_loss': None, 'decision': 0, 'drift_rate': 0.0, 'target_domains': ['art_painting']}
Round 197 took 0.12694001197814941s, results:
{'t': 196, 'current_accuracy': 0.375, 'current_loss': 1.6992331147193909, 'train_loss': None, 'decision': 0, 'drift_rate': 0.0, 'target_domains': ['art_painting']}
Round 198 took 0.12691950798034668s, results:
{'t': 197, 'current_accuracy': 0.375, 'current_loss': 1.6992334127426147, 'train_loss': None, 'decision': 0, 'drift_rate': 0.0, 'target_domains': ['art_painting']}
Average loss over 4 updates: 1.7359
Round 199 took 0.2589402198791504s, results:
{'t': 198, 'current_accuracy': 0.375, 'current_loss': 1.69923335313797, 'train_loss': 1.735853910446167, 'decision': 1, 'drift_rate': 0.0, 'target_domains': ['art_painting']}
Round 200 took 0.12705731391906738s, results:
{'t': 199, 'current_accuracy': 0.3671875, 'current_loss': 1.678371012210846, 'train_loss': None, 'decision': 0, 'drift_rate': 0.0, 'target_domains': ['art_painting']}
Average time per round: 0.14613081097602845
Total time: 29.22616219520569
