HTTP Error 429 thrown while requesting HEAD https://huggingface.co/datasets/flwrlabs/pacs/resolve/main/README.md
Retrying in 1s [Retry 1/5].
HTTP Error 429 thrown while requesting HEAD https://huggingface.co/datasets/flwrlabs/pacs/resolve/main/README.md
Retrying in 2s [Retry 2/5].
HTTP Error 429 thrown while requesting HEAD https://huggingface.co/datasets/flwrlabs/pacs/resolve/main/README.md
Retrying in 4s [Retry 3/5].
HTTP Error 429 thrown while requesting HEAD https://huggingface.co/datasets/flwrlabs/pacs/resolve/main/README.md
Retrying in 8s [Retry 4/5].
HTTP Error 429 thrown while requesting HEAD https://huggingface.co/datasets/flwrlabs/pacs/resolve/main/README.md
Retrying in 8s [Retry 5/5].
HTTP Error 429 thrown while requesting HEAD https://huggingface.co/datasets/flwrlabs/pacs/resolve/main/README.md
HTTP Error 429 thrown while requesting HEAD https://huggingface.co/datasets/flwrlabs/pacs/resolve/394113073258ead631f617d2e13bb377c0715c4b/pacs.py
Retrying in 1s [Retry 1/5].
HTTP Error 429 thrown while requesting HEAD https://huggingface.co/datasets/flwrlabs/pacs/resolve/394113073258ead631f617d2e13bb377c0715c4b/pacs.py
Retrying in 2s [Retry 2/5].
HTTP Error 429 thrown while requesting HEAD https://huggingface.co/datasets/flwrlabs/pacs/resolve/394113073258ead631f617d2e13bb377c0715c4b/pacs.py
Retrying in 4s [Retry 3/5].
HTTP Error 429 thrown while requesting HEAD https://huggingface.co/datasets/flwrlabs/pacs/resolve/394113073258ead631f617d2e13bb377c0715c4b/pacs.py
Retrying in 8s [Retry 4/5].
HTTP Error 429 thrown while requesting HEAD https://huggingface.co/datasets/flwrlabs/pacs/resolve/394113073258ead631f617d2e13bb377c0715c4b/pacs.py
Retrying in 8s [Retry 5/5].
HTTP Error 429 thrown while requesting HEAD https://huggingface.co/datasets/flwrlabs/pacs/resolve/394113073258ead631f617d2e13bb377c0715c4b/pacs.py
Using the latest cached version of the dataset since flwrlabs/pacs couldn't be found on the Hugging Face Hub
Found the latest cached dataset configuration 'default' at /home/apiasecz/.cache/huggingface/datasets/flwrlabs___pacs/default/0.0.0/394113073258ead631f617d2e13bb377c0715c4b (last modified on Wed Jan 29 16:59:35 2025).
HTTP Error 429 thrown while requesting HEAD https://huggingface.co/datasets/flwrlabs/pacs/resolve/main/README.md
Retrying in 1s [Retry 1/5].
HTTP Error 429 thrown while requesting HEAD https://huggingface.co/datasets/flwrlabs/pacs/resolve/main/README.md
Retrying in 2s [Retry 2/5].
HTTP Error 429 thrown while requesting HEAD https://huggingface.co/datasets/flwrlabs/pacs/resolve/main/README.md
Retrying in 4s [Retry 3/5].
HTTP Error 429 thrown while requesting HEAD https://huggingface.co/datasets/flwrlabs/pacs/resolve/main/README.md
Retrying in 8s [Retry 4/5].
HTTP Error 429 thrown while requesting HEAD https://huggingface.co/datasets/flwrlabs/pacs/resolve/main/README.md
Retrying in 8s [Retry 5/5].
HTTP Error 429 thrown while requesting HEAD https://huggingface.co/datasets/flwrlabs/pacs/resolve/main/README.md
HTTP Error 429 thrown while requesting HEAD https://huggingface.co/datasets/flwrlabs/pacs/resolve/394113073258ead631f617d2e13bb377c0715c4b/pacs.py
Retrying in 1s [Retry 1/5].
HTTP Error 429 thrown while requesting HEAD https://huggingface.co/datasets/flwrlabs/pacs/resolve/394113073258ead631f617d2e13bb377c0715c4b/pacs.py
Retrying in 2s [Retry 2/5].
HTTP Error 429 thrown while requesting HEAD https://huggingface.co/datasets/flwrlabs/pacs/resolve/394113073258ead631f617d2e13bb377c0715c4b/pacs.py
Retrying in 4s [Retry 3/5].
HTTP Error 429 thrown while requesting HEAD https://huggingface.co/datasets/flwrlabs/pacs/resolve/394113073258ead631f617d2e13bb377c0715c4b/pacs.py
Retrying in 8s [Retry 4/5].
HTTP Error 429 thrown while requesting HEAD https://huggingface.co/datasets/flwrlabs/pacs/resolve/394113073258ead631f617d2e13bb377c0715c4b/pacs.py
Retrying in 8s [Retry 5/5].
HTTP Error 429 thrown while requesting HEAD https://huggingface.co/datasets/flwrlabs/pacs/resolve/394113073258ead631f617d2e13bb377c0715c4b/pacs.py
Using the latest cached version of the dataset since flwrlabs/pacs couldn't be found on the Hugging Face Hub
Found the latest cached dataset configuration 'default' at /home/apiasecz/.cache/huggingface/datasets/flwrlabs___pacs/default/0.0.0/394113073258ead631f617d2e13bb377c0715c4b (last modified on Wed Jan 29 16:59:35 2025).
HTTP Error 429 thrown while requesting HEAD https://huggingface.co/datasets/flwrlabs/pacs/resolve/main/README.md
Retrying in 1s [Retry 1/5].
HTTP Error 429 thrown while requesting HEAD https://huggingface.co/datasets/flwrlabs/pacs/resolve/main/README.md
Retrying in 2s [Retry 2/5].
HTTP Error 429 thrown while requesting HEAD https://huggingface.co/datasets/flwrlabs/pacs/resolve/main/README.md
Retrying in 4s [Retry 3/5].
HTTP Error 429 thrown while requesting HEAD https://huggingface.co/datasets/flwrlabs/pacs/resolve/main/README.md
Retrying in 8s [Retry 4/5].
HTTP Error 429 thrown while requesting HEAD https://huggingface.co/datasets/flwrlabs/pacs/resolve/main/README.md
Retrying in 8s [Retry 5/5].
HTTP Error 429 thrown while requesting HEAD https://huggingface.co/datasets/flwrlabs/pacs/resolve/main/README.md
HTTP Error 429 thrown while requesting HEAD https://huggingface.co/datasets/flwrlabs/pacs/resolve/394113073258ead631f617d2e13bb377c0715c4b/pacs.py
Retrying in 1s [Retry 1/5].
HTTP Error 429 thrown while requesting HEAD https://huggingface.co/datasets/flwrlabs/pacs/resolve/394113073258ead631f617d2e13bb377c0715c4b/pacs.py
Retrying in 2s [Retry 2/5].
HTTP Error 429 thrown while requesting HEAD https://huggingface.co/datasets/flwrlabs/pacs/resolve/394113073258ead631f617d2e13bb377c0715c4b/pacs.py
Retrying in 4s [Retry 3/5].
HTTP Error 429 thrown while requesting HEAD https://huggingface.co/datasets/flwrlabs/pacs/resolve/394113073258ead631f617d2e13bb377c0715c4b/pacs.py
Retrying in 8s [Retry 4/5].
HTTP Error 429 thrown while requesting HEAD https://huggingface.co/datasets/flwrlabs/pacs/resolve/394113073258ead631f617d2e13bb377c0715c4b/pacs.py
Retrying in 8s [Retry 5/5].
HTTP Error 429 thrown while requesting HEAD https://huggingface.co/datasets/flwrlabs/pacs/resolve/394113073258ead631f617d2e13bb377c0715c4b/pacs.py
Using the latest cached version of the dataset since flwrlabs/pacs couldn't be found on the Hugging Face Hub
Found the latest cached dataset configuration 'default' at /home/apiasecz/.cache/huggingface/datasets/flwrlabs___pacs/default/0.0.0/394113073258ead631f617d2e13bb377c0715c4b (last modified on Wed Jan 29 16:59:35 2025).
Device: cuda
CUDA Version: 12.1
cuDNN Version: 8902
PyTorch Version: 2.3.0

Model used: PACSCNN
Initial dataset creation
Initial dataset creation
Initial loss: 79.00264739990234
<__main__.Policy object at 0x1456dc1e95e0>
79.00264739990234
Loss historical diff: 0.0; Loss Difference: 0.0, Decision: 0
Round 1 took 7.083909034729004s, results:
{'t': 0, 'current_accuracy': 0.18359375, 'current_loss': 76.157470703125, 'train_loss': None, 'decision': 0, 'drift_rate': 0.0, 'target_domains': ['art_painting']}
Loss historical diff: 0.0; Loss Difference: 0.0, Decision: 0
Round 2 took 4.352879047393799s, results:
{'t': 1, 'current_accuracy': 0.18359375, 'current_loss': 76.15746688842773, 'train_loss': None, 'decision': 0, 'drift_rate': 0.0, 'target_domains': ['art_painting']}
Loss historical diff: 0.0; Loss Difference: 0.0, Decision: 0
Round 3 took 4.1766676902771s, results:
{'t': 2, 'current_accuracy': 0.18359375, 'current_loss': 76.15746688842773, 'train_loss': None, 'decision': 0, 'drift_rate': 0.0, 'target_domains': ['art_painting']}
Loss historical diff: 0.0; Loss Difference: 0.0, Decision: 0
Round 4 took 4.48300313949585s, results:
{'t': 3, 'current_accuracy': 0.18359375, 'current_loss': 76.15746688842773, 'train_loss': None, 'decision': 0, 'drift_rate': 0.0, 'target_domains': ['art_painting']}
Loss historical diff: 0.0; Loss Difference: 0.0, Decision: 0
Round 5 took 4.47064471244812s, results:
{'t': 4, 'current_accuracy': 0.18359375, 'current_loss': 76.15746688842773, 'train_loss': None, 'decision': 0, 'drift_rate': 0.0, 'target_domains': ['art_painting']}
Loss historical diff: 3.814697265625e-06; Loss Difference: 0.0, Decision: 0
Round 6 took 4.407729864120483s, results:
{'t': 5, 'current_accuracy': 0.18359375, 'current_loss': 76.157470703125, 'train_loss': None, 'decision': 0, 'drift_rate': 0.0, 'target_domains': ['art_painting']}
Loss historical diff: 0.0; Loss Difference: 0.0, Decision: 0
Round 7 took 3.975703239440918s, results:
{'t': 6, 'current_accuracy': 0.18359375, 'current_loss': 76.15746307373047, 'train_loss': None, 'decision': 0, 'drift_rate': 0.0, 'target_domains': ['art_painting']}
Loss historical diff: 7.62939453125e-06; Loss Difference: 0.0, Decision: 0
Round 8 took 4.256778001785278s, results:
{'t': 7, 'current_accuracy': 0.18359375, 'current_loss': 76.157470703125, 'train_loss': None, 'decision': 0, 'drift_rate': 0.0, 'target_domains': ['art_painting']}
Loss historical diff: 1.1444091796875e-05; Loss Difference: 0.0, Decision: 0
Round 9 took 4.208807468414307s, results:
{'t': 8, 'current_accuracy': 0.18359375, 'current_loss': 76.15747451782227, 'train_loss': None, 'decision': 0, 'drift_rate': 0.0, 'target_domains': ['art_painting']}
Loss historical diff: 7.62939453125e-06; Loss Difference: 0.0, Decision: 0
Round 10 took 4.454609632492065s, results:
{'t': 9, 'current_accuracy': 0.18359375, 'current_loss': 76.157470703125, 'train_loss': None, 'decision': 0, 'drift_rate': 0.0, 'target_domains': ['art_painting']}
Loss historical diff: 1.52587890625e-05; Loss Difference: 0.0, Decision: 0
Round 11 took 4.328149795532227s, results:
{'t': 10, 'current_accuracy': 0.18359375, 'current_loss': 76.15747833251953, 'train_loss': None, 'decision': 0, 'drift_rate': 0.0, 'target_domains': ['art_painting']}
Loss historical diff: 1.52587890625e-05; Loss Difference: 0.0, Decision: 0
Round 12 took 4.124469757080078s, results:
{'t': 11, 'current_accuracy': 0.18359375, 'current_loss': 76.15747833251953, 'train_loss': None, 'decision': 0, 'drift_rate': 0.0, 'target_domains': ['art_painting']}
Loss historical diff: 3.814697265625e-06; Loss Difference: 0.0, Decision: 0
Round 13 took 3.8761279582977295s, results:
{'t': 12, 'current_accuracy': 0.18359375, 'current_loss': 76.15746688842773, 'train_loss': None, 'decision': 0, 'drift_rate': 0.0, 'target_domains': ['art_painting']}
Loss historical diff: 7.62939453125e-06; Loss Difference: 0.0, Decision: 0
Round 14 took 4.124898910522461s, results:
{'t': 13, 'current_accuracy': 0.18359375, 'current_loss': 76.157470703125, 'train_loss': None, 'decision': 0, 'drift_rate': 0.0, 'target_domains': ['art_painting']}
Loss historical diff: 3.814697265625e-06; Loss Difference: 0.0, Decision: 0
Round 15 took 4.016530990600586s, results:
{'t': 14, 'current_accuracy': 0.18359375, 'current_loss': 76.15746688842773, 'train_loss': None, 'decision': 0, 'drift_rate': 0.0, 'target_domains': ['art_painting']}
Loss historical diff: 3.814697265625e-06; Loss Difference: 0.0, Decision: 0
Round 16 took 4.024717569351196s, results:
{'t': 15, 'current_accuracy': 0.18359375, 'current_loss': 76.15746688842773, 'train_loss': None, 'decision': 0, 'drift_rate': 0.0, 'target_domains': ['art_painting']}
Loss historical diff: 1.1444091796875e-05; Loss Difference: 0.0, Decision: 0
Round 17 took 4.156020641326904s, results:
{'t': 16, 'current_accuracy': 0.18359375, 'current_loss': 76.15747451782227, 'train_loss': None, 'decision': 0, 'drift_rate': 0.0, 'target_domains': ['art_painting']}
Loss historical diff: 7.62939453125e-06; Loss Difference: 0.0, Decision: 0
Round 18 took 4.923550367355347s, results:
{'t': 17, 'current_accuracy': 0.18359375, 'current_loss': 76.157470703125, 'train_loss': None, 'decision': 0, 'drift_rate': 0.0, 'target_domains': ['art_painting']}
Loss historical diff: 3.814697265625e-06; Loss Difference: 0.0, Decision: 0
Round 19 took 4.559723377227783s, results:
{'t': 18, 'current_accuracy': 0.18359375, 'current_loss': 76.15746688842773, 'train_loss': None, 'decision': 0, 'drift_rate': 0.0, 'target_domains': ['art_painting']}
Loss historical diff: 3.814697265625e-06; Loss Difference: 0.0, Decision: 0
Round 20 took 4.320474147796631s, results:
{'t': 19, 'current_accuracy': 0.18359375, 'current_loss': 76.15746688842773, 'train_loss': None, 'decision': 0, 'drift_rate': 0.0, 'target_domains': ['art_painting']}
Loss historical diff: 7.62939453125e-06; Loss Difference: 0.0, Decision: 0
Round 21 took 4.684906721115112s, results:
{'t': 20, 'current_accuracy': 0.18359375, 'current_loss': 76.157470703125, 'train_loss': None, 'decision': 0, 'drift_rate': 0.0, 'target_domains': ['art_painting']}
Loss historical diff: 0.0; Loss Difference: 0.0, Decision: 0
Round 22 took 4.469292402267456s, results:
{'t': 21, 'current_accuracy': 0.18359375, 'current_loss': 76.15746307373047, 'train_loss': None, 'decision': 0, 'drift_rate': 0.0, 'target_domains': ['art_painting']}
Loss historical diff: 7.62939453125e-06; Loss Difference: 0.0, Decision: 0
Round 23 took 5.345815896987915s, results:
{'t': 22, 'current_accuracy': 0.18359375, 'current_loss': 76.157470703125, 'train_loss': None, 'decision': 0, 'drift_rate': 0.0, 'target_domains': ['art_painting']}
Loss historical diff: 1.1444091796875e-05; Loss Difference: 0.0, Decision: 0
Round 24 took 4.796312093734741s, results:
{'t': 23, 'current_accuracy': 0.18359375, 'current_loss': 76.15747451782227, 'train_loss': None, 'decision': 0, 'drift_rate': 0.0, 'target_domains': ['art_painting']}
Loss historical diff: 1.1444091796875e-05; Loss Difference: 0.0, Decision: 0
Round 25 took 4.512480735778809s, results:
{'t': 24, 'current_accuracy': 0.18359375, 'current_loss': 76.15747451782227, 'train_loss': None, 'decision': 0, 'drift_rate': 0.0, 'target_domains': ['art_painting']}
Loss historical diff: 1.9073486328125e-05; Loss Difference: 0.0, Decision: 0
Round 26 took 4.103621482849121s, results:
{'t': 25, 'current_accuracy': 0.18359375, 'current_loss': 76.1574821472168, 'train_loss': None, 'decision': 0, 'drift_rate': 0.0, 'target_domains': ['art_painting']}
Loss historical diff: 3.814697265625e-06; Loss Difference: 0.0, Decision: 0
Round 27 took 4.3881378173828125s, results:
{'t': 26, 'current_accuracy': 0.18359375, 'current_loss': 76.15746688842773, 'train_loss': None, 'decision': 0, 'drift_rate': 0.0, 'target_domains': ['art_painting']}
Loss historical diff: 1.1444091796875e-05; Loss Difference: 0.0, Decision: 0
Round 28 took 4.269099950790405s, results:
{'t': 27, 'current_accuracy': 0.18359375, 'current_loss': 76.15747451782227, 'train_loss': None, 'decision': 0, 'drift_rate': 0.0, 'target_domains': ['art_painting']}
Loss historical diff: 1.52587890625e-05; Loss Difference: 0.0, Decision: 0
Round 29 took 4.29369330406189s, results:
{'t': 28, 'current_accuracy': 0.18359375, 'current_loss': 76.15747833251953, 'train_loss': None, 'decision': 0, 'drift_rate': 0.0, 'target_domains': ['art_painting']}
Loss historical diff: 1.1444091796875e-05; Loss Difference: 0.0, Decision: 0
Round 30 took 3.968735933303833s, results:
{'t': 29, 'current_accuracy': 0.18359375, 'current_loss': 76.15747451782227, 'train_loss': None, 'decision': 0, 'drift_rate': 0.0, 'target_domains': ['art_painting']}
Loss historical diff: 1.1444091796875e-05; Loss Difference: 0.0, Decision: 0
Round 31 took 3.939603328704834s, results:
{'t': 30, 'current_accuracy': 0.18359375, 'current_loss': 76.15747451782227, 'train_loss': None, 'decision': 0, 'drift_rate': 0.0, 'target_domains': ['art_painting']}
Loss historical diff: 1.1444091796875e-05; Loss Difference: 0.0, Decision: 0
Round 32 took 4.359170198440552s, results:
{'t': 31, 'current_accuracy': 0.18359375, 'current_loss': 76.15747451782227, 'train_loss': None, 'decision': 0, 'drift_rate': 0.0, 'target_domains': ['art_painting']}
Loss historical diff: 7.62939453125e-06; Loss Difference: 0.0, Decision: 0
Round 33 took 4.298595190048218s, results:
{'t': 32, 'current_accuracy': 0.18359375, 'current_loss': 76.157470703125, 'train_loss': None, 'decision': 0, 'drift_rate': 0.0, 'target_domains': ['art_painting']}
Loss historical diff: 1.52587890625e-05; Loss Difference: 0.0, Decision: 0
Round 34 took 4.237335205078125s, results:
{'t': 33, 'current_accuracy': 0.18359375, 'current_loss': 76.15747833251953, 'train_loss': None, 'decision': 0, 'drift_rate': 0.0, 'target_domains': ['art_painting']}
Loss historical diff: 6.5391693115234375; Loss Difference: 0.0, Decision: 1
Average loss over 5 updates: 2.3636
Round 35 took 7.510302305221558s, results:
{'t': 34, 'current_accuracy': 0.12890625, 'current_loss': 82.6966323852539, 'train_loss': 2.363601732254028, 'decision': 1, 'drift_rate': 0.35733523920107085, 'target_domains': ['photo']}
Loss historical diff: 0.0; Loss Difference: 0.0, Decision: 0
Round 36 took 3.9931819438934326s, results:
{'t': 35, 'current_accuracy': 0.26171875, 'current_loss': 32.109066009521484, 'train_loss': None, 'decision': 0, 'drift_rate': 0.46613284249661024, 'target_domains': ['photo']}
Loss historical diff: 0.0; Loss Difference: 0.0, Decision: 0
Round 37 took 4.039936304092407s, results:
{'t': 36, 'current_accuracy': 0.3125, 'current_loss': 29.28073215484619, 'train_loss': None, 'decision': 0, 'drift_rate': 0.38125996957472263, 'target_domains': ['photo']}
Loss historical diff: 0.0; Loss Difference: 0.0, Decision: 0
Round 38 took 4.252695798873901s, results:
{'t': 37, 'current_accuracy': 0.3125, 'current_loss': 29.28073215484619, 'train_loss': None, 'decision': 0, 'drift_rate': 0.3361476767898192, 'target_domains': ['photo']}
Loss historical diff: 0.0; Loss Difference: 0.0, Decision: 0
Round 39 took 4.369145393371582s, results:
{'t': 38, 'current_accuracy': 0.3125, 'current_loss': 29.28072738647461, 'train_loss': None, 'decision': 0, 'drift_rate': 0.0, 'target_domains': ['photo']}
Loss historical diff: 2.86102294921875e-06; Loss Difference: 0.0, Decision: 0
Round 40 took 3.792341470718384s, results:
{'t': 39, 'current_accuracy': 0.3125, 'current_loss': 29.28073024749756, 'train_loss': None, 'decision': 0, 'drift_rate': 0.0, 'target_domains': ['photo']}
Loss historical diff: 3.814697265625e-06; Loss Difference: 0.0, Decision: 0
Round 41 took 5.134713649749756s, results:
{'t': 40, 'current_accuracy': 0.3125, 'current_loss': 29.280731201171875, 'train_loss': None, 'decision': 0, 'drift_rate': 0.0, 'target_domains': ['photo']}
Loss historical diff: 1.9073486328125e-06; Loss Difference: 0.0, Decision: 0
Round 42 took 4.06335186958313s, results:
{'t': 41, 'current_accuracy': 0.3125, 'current_loss': 29.280729293823242, 'train_loss': None, 'decision': 0, 'drift_rate': 0.0, 'target_domains': ['photo']}
Loss historical diff: 5.7220458984375e-06; Loss Difference: 0.0, Decision: 0
Round 43 took 4.4430530071258545s, results:
{'t': 42, 'current_accuracy': 0.3125, 'current_loss': 29.280733108520508, 'train_loss': None, 'decision': 0, 'drift_rate': 0.0, 'target_domains': ['photo']}
Loss historical diff: 9.5367431640625e-07; Loss Difference: 0.0, Decision: 0
Round 44 took 4.03533935546875s, results:
{'t': 43, 'current_accuracy': 0.3125, 'current_loss': 29.280728340148926, 'train_loss': None, 'decision': 0, 'drift_rate': 0.0, 'target_domains': ['photo']}
Loss historical diff: 0.0; Loss Difference: 0.0, Decision: 0
Round 45 took 4.338812828063965s, results:
{'t': 44, 'current_accuracy': 0.3125, 'current_loss': 29.28072738647461, 'train_loss': None, 'decision': 0, 'drift_rate': 0.0, 'target_domains': ['photo']}
Loss historical diff: 0.0; Loss Difference: 0.0, Decision: 0
Round 46 took 3.9991872310638428s, results:
{'t': 45, 'current_accuracy': 0.3125, 'current_loss': 29.28072738647461, 'train_loss': None, 'decision': 0, 'drift_rate': 0.0, 'target_domains': ['photo']}
Loss historical diff: 3.814697265625e-06; Loss Difference: 0.0, Decision: 0
Round 47 took 4.507530212402344s, results:
{'t': 46, 'current_accuracy': 0.3125, 'current_loss': 29.280731201171875, 'train_loss': None, 'decision': 0, 'drift_rate': 0.0, 'target_domains': ['photo']}
Loss historical diff: 2.86102294921875e-06; Loss Difference: 0.0, Decision: 0
Round 48 took 4.2439820766448975s, results:
{'t': 47, 'current_accuracy': 0.3125, 'current_loss': 29.28073024749756, 'train_loss': None, 'decision': 0, 'drift_rate': 0.0, 'target_domains': ['photo']}
Loss historical diff: 2.86102294921875e-06; Loss Difference: 0.0, Decision: 0
Round 49 took 3.7484817504882812s, results:
{'t': 48, 'current_accuracy': 0.3125, 'current_loss': 29.28073024749756, 'train_loss': None, 'decision': 0, 'drift_rate': 0.0, 'target_domains': ['photo']}
Loss historical diff: 3.814697265625e-06; Loss Difference: 0.0, Decision: 0
Round 50 took 4.259223699569702s, results:
{'t': 49, 'current_accuracy': 0.3125, 'current_loss': 29.280731201171875, 'train_loss': None, 'decision': 0, 'drift_rate': 0.0, 'target_domains': ['photo']}
Loss historical diff: 9.5367431640625e-07; Loss Difference: 0.0, Decision: 0
Round 51 took 4.812951326370239s, results:
{'t': 50, 'current_accuracy': 0.3125, 'current_loss': 29.280728340148926, 'train_loss': None, 'decision': 0, 'drift_rate': 0.0, 'target_domains': ['photo']}
Loss historical diff: 1.9073486328125e-06; Loss Difference: 0.0, Decision: 0
Round 52 took 3.9465012550354004s, results:
{'t': 51, 'current_accuracy': 0.3125, 'current_loss': 29.280729293823242, 'train_loss': None, 'decision': 0, 'drift_rate': 0.0, 'target_domains': ['photo']}
Loss historical diff: 1.9073486328125e-06; Loss Difference: 0.0, Decision: 0
Round 53 took 3.745077610015869s, results:
{'t': 52, 'current_accuracy': 0.3125, 'current_loss': 29.280729293823242, 'train_loss': None, 'decision': 0, 'drift_rate': 0.0, 'target_domains': ['photo']}
Loss historical diff: 2.86102294921875e-06; Loss Difference: 0.0, Decision: 0
Round 54 took 4.2505927085876465s, results:
{'t': 53, 'current_accuracy': 0.3125, 'current_loss': 29.28073024749756, 'train_loss': None, 'decision': 0, 'drift_rate': 0.0, 'target_domains': ['photo']}
Loss historical diff: 2.86102294921875e-06; Loss Difference: 0.0, Decision: 0
Round 55 took 4.035139799118042s, results:
{'t': 54, 'current_accuracy': 0.3125, 'current_loss': 29.28073024749756, 'train_loss': None, 'decision': 0, 'drift_rate': 0.0, 'target_domains': ['photo']}
Loss historical diff: 0.0; Loss Difference: 0.0, Decision: 0
Round 56 took 4.086749792098999s, results:
{'t': 55, 'current_accuracy': 0.3125, 'current_loss': 29.28072738647461, 'train_loss': None, 'decision': 0, 'drift_rate': 0.0, 'target_domains': ['photo']}
Loss historical diff: 0.0; Loss Difference: 0.0, Decision: 0
Round 57 took 4.137482166290283s, results:
{'t': 56, 'current_accuracy': 0.3125, 'current_loss': 29.280726432800293, 'train_loss': None, 'decision': 0, 'drift_rate': 0.0, 'target_domains': ['photo']}
Loss historical diff: 1.9073486328125e-06; Loss Difference: 0.0, Decision: 0
Round 58 took 4.203100204467773s, results:
{'t': 57, 'current_accuracy': 0.3125, 'current_loss': 29.280728340148926, 'train_loss': None, 'decision': 0, 'drift_rate': 0.0, 'target_domains': ['photo']}
Loss historical diff: 6.67572021484375e-06; Loss Difference: 0.0, Decision: 0
Round 59 took 4.024722337722778s, results:
{'t': 58, 'current_accuracy': 0.3125, 'current_loss': 29.280733108520508, 'train_loss': None, 'decision': 0, 'drift_rate': 0.0, 'target_domains': ['photo']}
Loss historical diff: 5.7220458984375e-06; Loss Difference: 0.0, Decision: 0
Round 60 took 4.706812858581543s, results:
{'t': 59, 'current_accuracy': 0.3125, 'current_loss': 29.28073215484619, 'train_loss': None, 'decision': 0, 'drift_rate': 0.0, 'target_domains': ['photo']}
Loss historical diff: 3.814697265625e-06; Loss Difference: 0.0, Decision: 0
Round 61 took 4.267582654953003s, results:
{'t': 60, 'current_accuracy': 0.3125, 'current_loss': 29.28073024749756, 'train_loss': None, 'decision': 0, 'drift_rate': 0.0, 'target_domains': ['photo']}
Loss historical diff: 3.814697265625e-06; Loss Difference: 0.0, Decision: 0
Round 62 took 4.140190839767456s, results:
{'t': 61, 'current_accuracy': 0.3125, 'current_loss': 29.28073024749756, 'train_loss': None, 'decision': 0, 'drift_rate': 0.0, 'target_domains': ['photo']}
Loss historical diff: 7.62939453125e-06; Loss Difference: 0.0, Decision: 0
Round 63 took 4.523662090301514s, results:
{'t': 62, 'current_accuracy': 0.3125, 'current_loss': 29.280734062194824, 'train_loss': None, 'decision': 0, 'drift_rate': 0.0, 'target_domains': ['photo']}
Loss historical diff: 1.049041748046875e-05; Loss Difference: 0.0, Decision: 0
Round 64 took 4.703638076782227s, results:
{'t': 63, 'current_accuracy': 0.3125, 'current_loss': 29.280736923217773, 'train_loss': None, 'decision': 0, 'drift_rate': 0.0, 'target_domains': ['photo']}
Loss historical diff: 6.67572021484375e-06; Loss Difference: 0.0, Decision: 0
Round 65 took 4.864029169082642s, results:
{'t': 64, 'current_accuracy': 0.3125, 'current_loss': 29.280733108520508, 'train_loss': None, 'decision': 0, 'drift_rate': 0.0, 'target_domains': ['photo']}
Loss historical diff: 2.86102294921875e-06; Loss Difference: 0.0, Decision: 0
Round 66 took 4.454368352890015s, results:
{'t': 65, 'current_accuracy': 0.3125, 'current_loss': 29.280729293823242, 'train_loss': None, 'decision': 0, 'drift_rate': 0.0, 'target_domains': ['photo']}
Loss historical diff: 9.5367431640625e-07; Loss Difference: 0.0, Decision: 0
Round 67 took 4.923831462860107s, results:
{'t': 66, 'current_accuracy': 0.3125, 'current_loss': 29.28072738647461, 'train_loss': None, 'decision': 0, 'drift_rate': 0.0, 'target_domains': ['photo']}
Loss historical diff: 5.7220458984375e-06; Loss Difference: 0.0, Decision: 0
Round 68 took 4.843184947967529s, results:
{'t': 67, 'current_accuracy': 0.3125, 'current_loss': 29.28073215484619, 'train_loss': None, 'decision': 0, 'drift_rate': 0.0, 'target_domains': ['photo']}
Loss historical diff: 2.86102294921875e-06; Loss Difference: 0.0, Decision: 0
Round 69 took 4.510327577590942s, results:
{'t': 68, 'current_accuracy': 0.3125, 'current_loss': 29.280729293823242, 'train_loss': None, 'decision': 0, 'drift_rate': 0.0, 'target_domains': ['photo']}
Loss historical diff: 5.7220458984375e-06; Loss Difference: 0.0, Decision: 0
Round 70 took 4.375521421432495s, results:
{'t': 69, 'current_accuracy': 0.3125, 'current_loss': 29.28073215484619, 'train_loss': None, 'decision': 0, 'drift_rate': 0.0, 'target_domains': ['photo']}
Loss historical diff: 6.67572021484375e-06; Loss Difference: 0.0, Decision: 0
Round 71 took 4.137532949447632s, results:
{'t': 70, 'current_accuracy': 0.3125, 'current_loss': 29.280733108520508, 'train_loss': None, 'decision': 0, 'drift_rate': 0.0, 'target_domains': ['photo']}
Loss historical diff: 3.814697265625e-06; Loss Difference: 0.0, Decision: 0
Round 72 took 4.852972984313965s, results:
{'t': 71, 'current_accuracy': 0.3125, 'current_loss': 29.28073024749756, 'train_loss': None, 'decision': 0, 'drift_rate': 0.0, 'target_domains': ['photo']}
Loss historical diff: 5.7220458984375e-06; Loss Difference: 0.0, Decision: 0
Round 73 took 4.5481977462768555s, results:
{'t': 72, 'current_accuracy': 0.3125, 'current_loss': 29.28073215484619, 'train_loss': None, 'decision': 0, 'drift_rate': 0.0, 'target_domains': ['photo']}
Loss historical diff: 5.7220458984375e-06; Loss Difference: 0.0, Decision: 0
Round 74 took 4.876078844070435s, results:
{'t': 73, 'current_accuracy': 0.3125, 'current_loss': 29.28073215484619, 'train_loss': None, 'decision': 0, 'drift_rate': 0.0, 'target_domains': ['photo']}
Loss historical diff: 0.0; Loss Difference: 0.0, Decision: 0
Round 75 took 4.904317855834961s, results:
{'t': 74, 'current_accuracy': 0.3125, 'current_loss': 29.280725479125977, 'train_loss': None, 'decision': 0, 'drift_rate': 0.0, 'target_domains': ['photo']}
Loss historical diff: 5.7220458984375e-06; Loss Difference: 0.0, Decision: 0
Round 76 took 4.30855393409729s, results:
{'t': 75, 'current_accuracy': 0.3125, 'current_loss': 29.280731201171875, 'train_loss': None, 'decision': 0, 'drift_rate': 0.0, 'target_domains': ['photo']}
Loss historical diff: 4.76837158203125e-06; Loss Difference: 0.0, Decision: 0
Round 77 took 4.845557689666748s, results:
{'t': 76, 'current_accuracy': 0.3125, 'current_loss': 29.28073024749756, 'train_loss': None, 'decision': 0, 'drift_rate': 0.0, 'target_domains': ['photo']}
Loss historical diff: 4.76837158203125e-06; Loss Difference: 0.0, Decision: 0
Round 78 took 4.445569753646851s, results:
{'t': 77, 'current_accuracy': 0.3125, 'current_loss': 29.28073024749756, 'train_loss': None, 'decision': 0, 'drift_rate': 0.0, 'target_domains': ['photo']}
Loss historical diff: 4.76837158203125e-06; Loss Difference: 0.0, Decision: 0
Round 79 took 4.700970411300659s, results:
{'t': 78, 'current_accuracy': 0.3125, 'current_loss': 29.28073024749756, 'train_loss': None, 'decision': 0, 'drift_rate': 0.0, 'target_domains': ['photo']}
Loss historical diff: 4.76837158203125e-06; Loss Difference: 0.0, Decision: 0
Round 80 took 4.74601936340332s, results:
{'t': 79, 'current_accuracy': 0.3125, 'current_loss': 29.28073024749756, 'train_loss': None, 'decision': 0, 'drift_rate': 0.0, 'target_domains': ['photo']}
Loss historical diff: 4.76837158203125e-06; Loss Difference: 0.0, Decision: 0
Round 81 took 4.185901403427124s, results:
{'t': 80, 'current_accuracy': 0.3125, 'current_loss': 29.28073024749756, 'train_loss': None, 'decision': 0, 'drift_rate': 0.0, 'target_domains': ['photo']}
Loss historical diff: 2.86102294921875e-06; Loss Difference: 0.0, Decision: 0
Round 82 took 4.5546324253082275s, results:
{'t': 81, 'current_accuracy': 0.3125, 'current_loss': 29.280728340148926, 'train_loss': None, 'decision': 0, 'drift_rate': 0.0, 'target_domains': ['photo']}
Loss historical diff: 3.814697265625e-06; Loss Difference: 0.0, Decision: 0
Round 83 took 3.8444983959198s, results:
{'t': 82, 'current_accuracy': 0.3125, 'current_loss': 29.280729293823242, 'train_loss': None, 'decision': 0, 'drift_rate': 0.0, 'target_domains': ['photo']}
Loss historical diff: 8.58306884765625e-06; Loss Difference: 0.0, Decision: 0
Round 84 took 4.400312662124634s, results:
{'t': 83, 'current_accuracy': 0.3125, 'current_loss': 29.280734062194824, 'train_loss': None, 'decision': 0, 'drift_rate': 0.0, 'target_domains': ['photo']}
Loss historical diff: 5.7220458984375e-06; Loss Difference: 0.0, Decision: 0
Round 85 took 4.259395360946655s, results:
{'t': 84, 'current_accuracy': 0.3125, 'current_loss': 29.280731201171875, 'train_loss': None, 'decision': 0, 'drift_rate': 0.0, 'target_domains': ['photo']}
Loss historical diff: 4.76837158203125e-06; Loss Difference: 0.0, Decision: 0
Round 86 took 5.023413896560669s, results:
{'t': 85, 'current_accuracy': 0.3125, 'current_loss': 29.28073024749756, 'train_loss': None, 'decision': 0, 'drift_rate': 0.0, 'target_domains': ['photo']}
Loss historical diff: 1.9073486328125e-06; Loss Difference: 0.0, Decision: 0
Round 87 took 4.448814868927002s, results:
{'t': 86, 'current_accuracy': 0.3125, 'current_loss': 29.28072738647461, 'train_loss': None, 'decision': 0, 'drift_rate': 0.0, 'target_domains': ['photo']}
Loss historical diff: 4.76837158203125e-06; Loss Difference: 0.0, Decision: 0
Round 88 took 4.572657346725464s, results:
{'t': 87, 'current_accuracy': 0.3125, 'current_loss': 29.28073024749756, 'train_loss': None, 'decision': 0, 'drift_rate': 0.0, 'target_domains': ['photo']}
Loss historical diff: 8.58306884765625e-06; Loss Difference: 0.0, Decision: 0
Round 89 took 4.292548418045044s, results:
{'t': 88, 'current_accuracy': 0.3125, 'current_loss': 29.280734062194824, 'train_loss': None, 'decision': 0, 'drift_rate': 0.0, 'target_domains': ['photo']}
Loss historical diff: 5.7220458984375e-06; Loss Difference: 0.0, Decision: 0
Round 90 took 4.894232511520386s, results:
{'t': 89, 'current_accuracy': 0.3125, 'current_loss': 29.280731201171875, 'train_loss': None, 'decision': 0, 'drift_rate': 0.0, 'target_domains': ['photo']}
Loss historical diff: 4.76837158203125e-06; Loss Difference: 0.0, Decision: 0
Round 91 took 4.399121999740601s, results:
{'t': 90, 'current_accuracy': 0.3125, 'current_loss': 29.28073024749756, 'train_loss': None, 'decision': 0, 'drift_rate': 0.0, 'target_domains': ['photo']}
Loss historical diff: 2.86102294921875e-06; Loss Difference: 0.0, Decision: 0
Round 92 took 4.923791885375977s, results:
{'t': 91, 'current_accuracy': 0.3125, 'current_loss': 29.280728340148926, 'train_loss': None, 'decision': 0, 'drift_rate': 0.0, 'target_domains': ['photo']}
Loss historical diff: 6.67572021484375e-06; Loss Difference: 0.0, Decision: 0
Round 93 took 4.8116865158081055s, results:
{'t': 92, 'current_accuracy': 0.3125, 'current_loss': 29.28073215484619, 'train_loss': None, 'decision': 0, 'drift_rate': 0.0, 'target_domains': ['photo']}
Loss historical diff: 3.814697265625e-06; Loss Difference: 0.0, Decision: 0
Round 94 took 4.5410683155059814s, results:
{'t': 93, 'current_accuracy': 0.3125, 'current_loss': 29.280729293823242, 'train_loss': None, 'decision': 0, 'drift_rate': 0.0, 'target_domains': ['photo']}
Loss historical diff: 9.5367431640625e-07; Loss Difference: 0.0, Decision: 0
Round 95 took 4.383183479309082s, results:
{'t': 94, 'current_accuracy': 0.3125, 'current_loss': 29.280726432800293, 'train_loss': None, 'decision': 0, 'drift_rate': 0.0, 'target_domains': ['photo']}
Loss historical diff: 3.814697265625e-06; Loss Difference: 0.0, Decision: 0
Round 96 took 4.107694625854492s, results:
{'t': 95, 'current_accuracy': 0.3125, 'current_loss': 29.280729293823242, 'train_loss': None, 'decision': 0, 'drift_rate': 0.0, 'target_domains': ['photo']}
Loss historical diff: 6.67572021484375e-06; Loss Difference: 0.0, Decision: 0
Round 97 took 4.617064714431763s, results:
{'t': 96, 'current_accuracy': 0.3125, 'current_loss': 29.28073215484619, 'train_loss': None, 'decision': 0, 'drift_rate': 0.0, 'target_domains': ['photo']}
Loss historical diff: 6.67572021484375e-06; Loss Difference: 0.0, Decision: 0
Round 98 took 4.446170806884766s, results:
{'t': 97, 'current_accuracy': 0.3125, 'current_loss': 29.28073215484619, 'train_loss': None, 'decision': 0, 'drift_rate': 0.0, 'target_domains': ['photo']}
Loss historical diff: 8.58306884765625e-06; Loss Difference: 0.0, Decision: 0
Round 99 took 4.607013940811157s, results:
{'t': 98, 'current_accuracy': 0.3125, 'current_loss': 29.280734062194824, 'train_loss': None, 'decision': 0, 'drift_rate': 0.0, 'target_domains': ['photo']}
Loss historical diff: 4.76837158203125e-06; Loss Difference: 0.0, Decision: 0
Round 100 took 4.224146127700806s, results:
{'t': 99, 'current_accuracy': 0.3125, 'current_loss': 29.28073024749756, 'train_loss': None, 'decision': 0, 'drift_rate': 0.0, 'target_domains': ['photo']}
Loss historical diff: 6.67572021484375e-06; Loss Difference: 0.0, Decision: 0
Round 101 took 4.673234701156616s, results:
{'t': 100, 'current_accuracy': 0.3125, 'current_loss': 29.28073215484619, 'train_loss': None, 'decision': 0, 'drift_rate': 0.0, 'target_domains': ['photo']}
Loss historical diff: 4.76837158203125e-06; Loss Difference: 0.0, Decision: 0
Round 102 took 4.190893888473511s, results:
{'t': 101, 'current_accuracy': 0.3125, 'current_loss': 29.28073024749756, 'train_loss': None, 'decision': 0, 'drift_rate': 0.0, 'target_domains': ['photo']}
Loss historical diff: 9.5367431640625e-06; Loss Difference: 0.0, Decision: 0
Round 103 took 4.698586940765381s, results:
{'t': 102, 'current_accuracy': 0.3125, 'current_loss': 29.28073501586914, 'train_loss': None, 'decision': 0, 'drift_rate': 0.0, 'target_domains': ['photo']}
Loss historical diff: 6.67572021484375e-06; Loss Difference: 0.0, Decision: 0
Round 104 took 4.560926198959351s, results:
{'t': 103, 'current_accuracy': 0.3125, 'current_loss': 29.28073215484619, 'train_loss': None, 'decision': 0, 'drift_rate': 0.0, 'target_domains': ['photo']}
Loss historical diff: 7.62939453125e-06; Loss Difference: 0.0, Decision: 0
Round 105 took 4.73688006401062s, results:
{'t': 104, 'current_accuracy': 0.3125, 'current_loss': 29.280733108520508, 'train_loss': None, 'decision': 0, 'drift_rate': 0.0, 'target_domains': ['photo']}
Loss historical diff: 4.76837158203125e-06; Loss Difference: 0.0, Decision: 0
Round 106 took 4.35817289352417s, results:
{'t': 105, 'current_accuracy': 0.3125, 'current_loss': 29.28073024749756, 'train_loss': None, 'decision': 0, 'drift_rate': 0.0, 'target_domains': ['photo']}
Loss historical diff: 5.7220458984375e-06; Loss Difference: 0.0, Decision: 0
Round 107 took 4.797604084014893s, results:
{'t': 106, 'current_accuracy': 0.3125, 'current_loss': 29.280731201171875, 'train_loss': None, 'decision': 0, 'drift_rate': 0.0, 'target_domains': ['photo']}
Loss historical diff: 5.7220458984375e-06; Loss Difference: 0.0, Decision: 0
Round 108 took 4.3779215812683105s, results:
{'t': 107, 'current_accuracy': 0.3125, 'current_loss': 29.280731201171875, 'train_loss': None, 'decision': 0, 'drift_rate': 0.0, 'target_domains': ['photo']}
Loss historical diff: 1.9073486328125e-06; Loss Difference: 0.0, Decision: 0
Round 109 took 4.310434579849243s, results:
{'t': 108, 'current_accuracy': 0.3125, 'current_loss': 29.28072738647461, 'train_loss': None, 'decision': 0, 'drift_rate': 0.0, 'target_domains': ['photo']}
Loss historical diff: 9.5367431640625e-06; Loss Difference: 0.0, Decision: 0
Round 110 took 4.691806793212891s, results:
{'t': 109, 'current_accuracy': 0.3125, 'current_loss': 29.28073501586914, 'train_loss': None, 'decision': 0, 'drift_rate': 0.0, 'target_domains': ['photo']}
Loss historical diff: 1.9073486328125e-06; Loss Difference: 0.0, Decision: 0
Round 111 took 4.362853050231934s, results:
{'t': 110, 'current_accuracy': 0.3125, 'current_loss': 29.28072738647461, 'train_loss': None, 'decision': 0, 'drift_rate': 0.0, 'target_domains': ['photo']}
Loss historical diff: 2.86102294921875e-06; Loss Difference: 0.0, Decision: 0
Round 112 took 4.584033966064453s, results:
{'t': 111, 'current_accuracy': 0.3125, 'current_loss': 29.280728340148926, 'train_loss': None, 'decision': 0, 'drift_rate': 0.0, 'target_domains': ['photo']}
Loss historical diff: 3.814697265625e-06; Loss Difference: 0.0, Decision: 0
Round 113 took 4.509027719497681s, results:
{'t': 112, 'current_accuracy': 0.3125, 'current_loss': 29.280729293823242, 'train_loss': None, 'decision': 0, 'drift_rate': 0.0, 'target_domains': ['photo']}
Loss historical diff: 8.58306884765625e-06; Loss Difference: 0.0, Decision: 0
Round 114 took 4.32599401473999s, results:
{'t': 113, 'current_accuracy': 0.3125, 'current_loss': 29.280734062194824, 'train_loss': None, 'decision': 0, 'drift_rate': 0.0, 'target_domains': ['photo']}
Loss historical diff: 1.9073486328125e-06; Loss Difference: 0.0, Decision: 0
Round 115 took 4.4688944816589355s, results:
{'t': 114, 'current_accuracy': 0.3125, 'current_loss': 29.28072738647461, 'train_loss': None, 'decision': 0, 'drift_rate': 0.0, 'target_domains': ['photo']}
Loss historical diff: 3.814697265625e-06; Loss Difference: 0.0, Decision: 0
Round 116 took 4.741162061691284s, results:
{'t': 115, 'current_accuracy': 0.3125, 'current_loss': 29.280729293823242, 'train_loss': None, 'decision': 0, 'drift_rate': 0.0, 'target_domains': ['photo']}
Loss historical diff: 4.76837158203125e-06; Loss Difference: 0.0, Decision: 0
Round 117 took 4.412125825881958s, results:
{'t': 116, 'current_accuracy': 0.3125, 'current_loss': 29.28073024749756, 'train_loss': None, 'decision': 0, 'drift_rate': 0.0, 'target_domains': ['photo']}
Loss historical diff: 6.67572021484375e-06; Loss Difference: 0.0, Decision: 0
Round 118 took 3.972144842147827s, results:
{'t': 117, 'current_accuracy': 0.3125, 'current_loss': 29.28073215484619, 'train_loss': None, 'decision': 0, 'drift_rate': 0.0, 'target_domains': ['photo']}
Loss historical diff: 5.7220458984375e-06; Loss Difference: 0.0, Decision: 0
Round 119 took 4.694573163986206s, results:
{'t': 118, 'current_accuracy': 0.3125, 'current_loss': 29.280731201171875, 'train_loss': None, 'decision': 0, 'drift_rate': 0.0, 'target_domains': ['photo']}
Loss historical diff: 3.814697265625e-06; Loss Difference: 0.0, Decision: 0
Round 120 took 4.6616597175598145s, results:
{'t': 119, 'current_accuracy': 0.3125, 'current_loss': 29.280729293823242, 'train_loss': None, 'decision': 0, 'drift_rate': 0.0, 'target_domains': ['photo']}
Loss historical diff: 4.76837158203125e-06; Loss Difference: 0.0, Decision: 0
Round 121 took 5.035208225250244s, results:
{'t': 120, 'current_accuracy': 0.3125, 'current_loss': 29.28073024749756, 'train_loss': None, 'decision': 0, 'drift_rate': 0.0, 'target_domains': ['photo']}
Loss historical diff: 2.86102294921875e-06; Loss Difference: 0.0, Decision: 0
Round 122 took 4.425231218338013s, results:
{'t': 121, 'current_accuracy': 0.3125, 'current_loss': 29.280728340148926, 'train_loss': None, 'decision': 0, 'drift_rate': 0.0, 'target_domains': ['photo']}
Loss historical diff: 4.76837158203125e-06; Loss Difference: 0.0, Decision: 0
Round 123 took 4.495692729949951s, results:
{'t': 122, 'current_accuracy': 0.3125, 'current_loss': 29.28073024749756, 'train_loss': None, 'decision': 0, 'drift_rate': 0.0, 'target_domains': ['photo']}
Loss historical diff: 1.9073486328125e-06; Loss Difference: 0.0, Decision: 0
Round 124 took 4.391911029815674s, results:
{'t': 123, 'current_accuracy': 0.3125, 'current_loss': 29.28072738647461, 'train_loss': None, 'decision': 0, 'drift_rate': 0.0, 'target_domains': ['photo']}
Loss historical diff: 3.814697265625e-06; Loss Difference: 0.0, Decision: 0
Round 125 took 3.89534068107605s, results:
{'t': 124, 'current_accuracy': 0.3125, 'current_loss': 29.280729293823242, 'train_loss': None, 'decision': 0, 'drift_rate': 0.0, 'target_domains': ['photo']}
Loss historical diff: 6.67572021484375e-06; Loss Difference: 0.0, Decision: 0
Round 126 took 4.5223705768585205s, results:
{'t': 125, 'current_accuracy': 0.3125, 'current_loss': 29.28073215484619, 'train_loss': None, 'decision': 0, 'drift_rate': 0.0, 'target_domains': ['photo']}
Loss historical diff: 3.814697265625e-06; Loss Difference: 0.0, Decision: 0
Round 127 took 4.4637556076049805s, results:
{'t': 126, 'current_accuracy': 0.3125, 'current_loss': 29.280729293823242, 'train_loss': None, 'decision': 0, 'drift_rate': 0.0, 'target_domains': ['photo']}
Loss historical diff: 0.0; Loss Difference: 0.0, Decision: 0
Round 128 took 4.470846891403198s, results:
{'t': 127, 'current_accuracy': 0.203125, 'current_loss': 25.37991714477539, 'train_loss': None, 'decision': 0, 'drift_rate': 0.5506092689305269, 'target_domains': ['cartoon']}
Loss historical diff: 0.0; Loss Difference: 0.0, Decision: 0
Round 129 took 4.53262996673584s, results:
{'t': 128, 'current_accuracy': 0.11328125, 'current_loss': 22.45365333557129, 'train_loss': None, 'decision': 0, 'drift_rate': 0.37037894021343737, 'target_domains': ['cartoon']}
Loss historical diff: 0.08981704711914062; Loss Difference: 0.0, Decision: 0
Round 130 took 4.315836429595947s, results:
{'t': 129, 'current_accuracy': 0.1015625, 'current_loss': 22.54347038269043, 'train_loss': None, 'decision': 0, 'drift_rate': 0.5150446786997723, 'target_domains': ['cartoon']}
Loss historical diff: 0.08981513977050781; Loss Difference: 0.0, Decision: 0
Round 131 took 4.376120090484619s, results:
{'t': 130, 'current_accuracy': 0.1015625, 'current_loss': 22.543468475341797, 'train_loss': None, 'decision': 0, 'drift_rate': 0.5646981833094626, 'target_domains': ['cartoon']}
Loss historical diff: 0.0898141860961914; Loss Difference: 0.0, Decision: 0
Round 132 took 4.090084791183472s, results:
{'t': 131, 'current_accuracy': 0.1015625, 'current_loss': 22.54346752166748, 'train_loss': None, 'decision': 0, 'drift_rate': 0.0, 'target_domains': ['cartoon']}
Loss historical diff: 0.0898141860961914; Loss Difference: 0.0, Decision: 0
Round 133 took 4.198729038238525s, results:
{'t': 132, 'current_accuracy': 0.1015625, 'current_loss': 22.54346752166748, 'train_loss': None, 'decision': 0, 'drift_rate': 0.0, 'target_domains': ['cartoon']}
Loss historical diff: 0.08981990814208984; Loss Difference: 0.0, Decision: 0
Round 134 took 4.082618713378906s, results:
{'t': 133, 'current_accuracy': 0.1015625, 'current_loss': 22.54347324371338, 'train_loss': None, 'decision': 0, 'drift_rate': 0.0, 'target_domains': ['cartoon']}
Loss historical diff: 0.089813232421875; Loss Difference: 0.0, Decision: 0
Round 135 took 4.351944923400879s, results:
{'t': 134, 'current_accuracy': 0.1015625, 'current_loss': 22.543466567993164, 'train_loss': None, 'decision': 0, 'drift_rate': 0.0, 'target_domains': ['cartoon']}
Loss historical diff: 0.0898141860961914; Loss Difference: 0.0, Decision: 0
Round 136 took 4.036447525024414s, results:
{'t': 135, 'current_accuracy': 0.1015625, 'current_loss': 22.54346752166748, 'train_loss': None, 'decision': 0, 'drift_rate': 0.0, 'target_domains': ['cartoon']}
Loss historical diff: 0.0898141860961914; Loss Difference: 0.0, Decision: 0
Round 137 took 4.148814916610718s, results:
{'t': 136, 'current_accuracy': 0.1015625, 'current_loss': 22.54346752166748, 'train_loss': None, 'decision': 0, 'drift_rate': 0.0, 'target_domains': ['cartoon']}
Loss historical diff: 0.08981704711914062; Loss Difference: 0.0, Decision: 0
Round 138 took 4.39683198928833s, results:
{'t': 137, 'current_accuracy': 0.1015625, 'current_loss': 22.54347038269043, 'train_loss': None, 'decision': 0, 'drift_rate': 0.0, 'target_domains': ['cartoon']}
Loss historical diff: 0.08981704711914062; Loss Difference: 0.0, Decision: 0
Round 139 took 4.466161012649536s, results:
{'t': 138, 'current_accuracy': 0.1015625, 'current_loss': 22.54347038269043, 'train_loss': None, 'decision': 0, 'drift_rate': 0.0, 'target_domains': ['cartoon']}
Loss historical diff: 0.08981513977050781; Loss Difference: 0.0, Decision: 0
Round 140 took 4.705005884170532s, results:
{'t': 139, 'current_accuracy': 0.1015625, 'current_loss': 22.543468475341797, 'train_loss': None, 'decision': 0, 'drift_rate': 0.0, 'target_domains': ['cartoon']}
Loss historical diff: 0.08981609344482422; Loss Difference: 0.0, Decision: 0
Round 141 took 4.0402672290802s, results:
{'t': 140, 'current_accuracy': 0.1015625, 'current_loss': 22.543469429016113, 'train_loss': None, 'decision': 0, 'drift_rate': 0.0, 'target_domains': ['cartoon']}
Loss historical diff: 0.08981704711914062; Loss Difference: 0.0, Decision: 0
Round 142 took 3.8558008670806885s, results:
{'t': 141, 'current_accuracy': 0.1015625, 'current_loss': 22.54347038269043, 'train_loss': None, 'decision': 0, 'drift_rate': 0.0, 'target_domains': ['cartoon']}
Loss historical diff: 0.08981609344482422; Loss Difference: 0.0, Decision: 0
Round 143 took 4.041017055511475s, results:
{'t': 142, 'current_accuracy': 0.1015625, 'current_loss': 22.543469429016113, 'train_loss': None, 'decision': 0, 'drift_rate': 0.0, 'target_domains': ['cartoon']}
Loss historical diff: 0.089813232421875; Loss Difference: 0.0, Decision: 0
Round 144 took 3.8949403762817383s, results:
{'t': 143, 'current_accuracy': 0.1015625, 'current_loss': 22.543466567993164, 'train_loss': None, 'decision': 0, 'drift_rate': 0.0, 'target_domains': ['cartoon']}
Loss historical diff: 0.08981704711914062; Loss Difference: 0.0, Decision: 0
Round 145 took 3.9215145111083984s, results:
{'t': 144, 'current_accuracy': 0.1015625, 'current_loss': 22.54347038269043, 'train_loss': None, 'decision': 0, 'drift_rate': 0.0, 'target_domains': ['cartoon']}
Loss historical diff: 0.08981513977050781; Loss Difference: 0.0, Decision: 0
Round 146 took 3.927229404449463s, results:
{'t': 145, 'current_accuracy': 0.1015625, 'current_loss': 22.543468475341797, 'train_loss': None, 'decision': 0, 'drift_rate': 0.0, 'target_domains': ['cartoon']}
Loss historical diff: 0.0898141860961914; Loss Difference: 0.0, Decision: 0
Round 147 took 3.8476250171661377s, results:
{'t': 146, 'current_accuracy': 0.1015625, 'current_loss': 22.54346752166748, 'train_loss': None, 'decision': 0, 'drift_rate': 0.0, 'target_domains': ['cartoon']}
Loss historical diff: 0.0898141860961914; Loss Difference: 0.0, Decision: 0
Round 148 took 3.866968870162964s, results:
{'t': 147, 'current_accuracy': 0.1015625, 'current_loss': 22.54346752166748, 'train_loss': None, 'decision': 0, 'drift_rate': 0.0, 'target_domains': ['cartoon']}
Loss historical diff: 0.08981609344482422; Loss Difference: 0.0, Decision: 0
Round 149 took 4.000109434127808s, results:
{'t': 148, 'current_accuracy': 0.1015625, 'current_loss': 22.543469429016113, 'train_loss': None, 'decision': 0, 'drift_rate': 0.0, 'target_domains': ['cartoon']}
Loss historical diff: 0.08981609344482422; Loss Difference: 0.0, Decision: 0
Round 150 took 4.0976316928863525s, results:
{'t': 149, 'current_accuracy': 0.1015625, 'current_loss': 22.543469429016113, 'train_loss': None, 'decision': 0, 'drift_rate': 0.0, 'target_domains': ['cartoon']}
Loss historical diff: 0.08981704711914062; Loss Difference: 0.0, Decision: 0
Round 151 took 4.19677472114563s, results:
{'t': 150, 'current_accuracy': 0.1015625, 'current_loss': 22.54347038269043, 'train_loss': None, 'decision': 0, 'drift_rate': 0.0, 'target_domains': ['cartoon']}
Loss historical diff: 0.089813232421875; Loss Difference: 0.0, Decision: 0
Round 152 took 4.384687900543213s, results:
{'t': 151, 'current_accuracy': 0.1015625, 'current_loss': 22.543466567993164, 'train_loss': None, 'decision': 0, 'drift_rate': 0.0, 'target_domains': ['cartoon']}
Loss historical diff: 0.08981513977050781; Loss Difference: 0.0, Decision: 0
Round 153 took 3.870044708251953s, results:
{'t': 152, 'current_accuracy': 0.1015625, 'current_loss': 22.543468475341797, 'train_loss': None, 'decision': 0, 'drift_rate': 0.0, 'target_domains': ['cartoon']}
Loss historical diff: 0.089813232421875; Loss Difference: 0.0, Decision: 0
Round 154 took 4.170348405838013s, results:
{'t': 153, 'current_accuracy': 0.1015625, 'current_loss': 22.543466567993164, 'train_loss': None, 'decision': 0, 'drift_rate': 0.0, 'target_domains': ['cartoon']}
Loss historical diff: 0.08981895446777344; Loss Difference: 0.0, Decision: 0
Round 155 took 3.6718034744262695s, results:
{'t': 154, 'current_accuracy': 0.1015625, 'current_loss': 22.543472290039062, 'train_loss': None, 'decision': 0, 'drift_rate': 0.0, 'target_domains': ['cartoon']}
Loss historical diff: 0.08981800079345703; Loss Difference: 0.0, Decision: 0
Round 156 took 3.807056427001953s, results:
{'t': 155, 'current_accuracy': 0.1015625, 'current_loss': 22.543471336364746, 'train_loss': None, 'decision': 0, 'drift_rate': 0.0, 'target_domains': ['cartoon']}
Loss historical diff: 0.0898141860961914; Loss Difference: 0.0, Decision: 0
Round 157 took 3.735501766204834s, results:
{'t': 156, 'current_accuracy': 0.1015625, 'current_loss': 22.54346752166748, 'train_loss': None, 'decision': 0, 'drift_rate': 0.0, 'target_domains': ['cartoon']}
Loss historical diff: 0.08981704711914062; Loss Difference: 0.0, Decision: 0
Round 158 took 4.617492198944092s, results:
{'t': 157, 'current_accuracy': 0.1015625, 'current_loss': 22.54347038269043, 'train_loss': None, 'decision': 0, 'drift_rate': 0.0, 'target_domains': ['cartoon']}
Loss historical diff: 0.08981609344482422; Loss Difference: 0.0, Decision: 0
Round 159 took 4.459208965301514s, results:
{'t': 158, 'current_accuracy': 0.1015625, 'current_loss': 22.543469429016113, 'train_loss': None, 'decision': 0, 'drift_rate': 0.0, 'target_domains': ['cartoon']}
Loss historical diff: 0.08981609344482422; Loss Difference: 0.0, Decision: 0
Round 160 took 3.980855941772461s, results:
{'t': 159, 'current_accuracy': 0.1015625, 'current_loss': 22.543469429016113, 'train_loss': None, 'decision': 0, 'drift_rate': 0.0, 'target_domains': ['cartoon']}
Loss historical diff: 0.0898141860961914; Loss Difference: 0.0, Decision: 0
Round 161 took 4.056684970855713s, results:
{'t': 160, 'current_accuracy': 0.1015625, 'current_loss': 22.54346752166748, 'train_loss': None, 'decision': 0, 'drift_rate': 0.0, 'target_domains': ['cartoon']}
Loss historical diff: 0.08981513977050781; Loss Difference: 0.0, Decision: 0
Round 162 took 3.7837164402008057s, results:
{'t': 161, 'current_accuracy': 0.1015625, 'current_loss': 22.543468475341797, 'train_loss': None, 'decision': 0, 'drift_rate': 0.0, 'target_domains': ['cartoon']}
Loss historical diff: 0.08981513977050781; Loss Difference: 0.0, Decision: 0
Round 163 took 3.7918782234191895s, results:
{'t': 162, 'current_accuracy': 0.1015625, 'current_loss': 22.543468475341797, 'train_loss': None, 'decision': 0, 'drift_rate': 0.0, 'target_domains': ['cartoon']}
Loss historical diff: 0.0; Loss Difference: 0.0, Decision: 0
Round 164 took 4.261933088302612s, results:
{'t': 163, 'current_accuracy': 0.16015625, 'current_loss': 13.244726657867432, 'train_loss': None, 'decision': 0, 'drift_rate': 0.5462964471369839, 'target_domains': ['sketch']}
Loss historical diff: 0.0; Loss Difference: 0.0, Decision: 0
Round 165 took 3.8601229190826416s, results:
{'t': 164, 'current_accuracy': 0.19140625, 'current_loss': 7.837298631668091, 'train_loss': None, 'decision': 0, 'drift_rate': 0.5491967310338203, 'target_domains': ['sketch']}
Loss historical diff: 0.0; Loss Difference: 0.0, Decision: 0
Round 166 took 3.9634950160980225s, results:
{'t': 165, 'current_accuracy': 0.19140625, 'current_loss': 7.837297439575195, 'train_loss': None, 'decision': 0, 'drift_rate': 0.41172089491638403, 'target_domains': ['sketch']}
Loss historical diff: 9.5367431640625e-07; Loss Difference: 0.0, Decision: 0
Round 167 took 4.846919536590576s, results:
{'t': 166, 'current_accuracy': 0.19140625, 'current_loss': 7.837298393249512, 'train_loss': None, 'decision': 0, 'drift_rate': 0.3126336508245359, 'target_domains': ['sketch']}
Loss historical diff: 2.384185791015625e-07; Loss Difference: 0.0, Decision: 0
Round 168 took 4.024468898773193s, results:
{'t': 167, 'current_accuracy': 0.19140625, 'current_loss': 7.837297677993774, 'train_loss': None, 'decision': 0, 'drift_rate': 0.0, 'target_domains': ['sketch']}
Loss historical diff: 4.76837158203125e-07; Loss Difference: 0.0, Decision: 0
Round 169 took 3.7440075874328613s, results:
{'t': 168, 'current_accuracy': 0.19140625, 'current_loss': 7.8372979164123535, 'train_loss': None, 'decision': 0, 'drift_rate': 0.0, 'target_domains': ['sketch']}
Loss historical diff: 4.76837158203125e-07; Loss Difference: 0.0, Decision: 0
Round 170 took 4.160788297653198s, results:
{'t': 169, 'current_accuracy': 0.19140625, 'current_loss': 7.8372979164123535, 'train_loss': None, 'decision': 0, 'drift_rate': 0.0, 'target_domains': ['sketch']}
Loss historical diff: 7.152557373046875e-07; Loss Difference: 0.0, Decision: 0
Round 171 took 3.9062161445617676s, results:
{'t': 170, 'current_accuracy': 0.19140625, 'current_loss': 7.837298154830933, 'train_loss': None, 'decision': 0, 'drift_rate': 0.0, 'target_domains': ['sketch']}
Loss historical diff: 7.152557373046875e-07; Loss Difference: 0.0, Decision: 0
Round 172 took 3.754324197769165s, results:
{'t': 171, 'current_accuracy': 0.19140625, 'current_loss': 7.837298154830933, 'train_loss': None, 'decision': 0, 'drift_rate': 0.0, 'target_domains': ['sketch']}
Loss historical diff: 0.0; Loss Difference: 0.0, Decision: 0
Round 173 took 4.107905149459839s, results:
{'t': 172, 'current_accuracy': 0.19140625, 'current_loss': 7.837297201156616, 'train_loss': None, 'decision': 0, 'drift_rate': 0.0, 'target_domains': ['sketch']}
Loss historical diff: 1.1920928955078125e-06; Loss Difference: 0.0, Decision: 0
Round 174 took 4.12427830696106s, results:
{'t': 173, 'current_accuracy': 0.19140625, 'current_loss': 7.837298393249512, 'train_loss': None, 'decision': 0, 'drift_rate': 0.0, 'target_domains': ['sketch']}
Loss historical diff: 9.5367431640625e-07; Loss Difference: 0.0, Decision: 0
Round 175 took 4.448846101760864s, results:
{'t': 174, 'current_accuracy': 0.19140625, 'current_loss': 7.837298154830933, 'train_loss': None, 'decision': 0, 'drift_rate': 0.0, 'target_domains': ['sketch']}
Loss historical diff: 2.384185791015625e-07; Loss Difference: 0.0, Decision: 0
Round 176 took 4.461834192276001s, results:
{'t': 175, 'current_accuracy': 0.19140625, 'current_loss': 7.837297439575195, 'train_loss': None, 'decision': 0, 'drift_rate': 0.0, 'target_domains': ['sketch']}
Loss historical diff: 2.384185791015625e-07; Loss Difference: 0.0, Decision: 0
Round 177 took 4.361820936203003s, results:
{'t': 176, 'current_accuracy': 0.19140625, 'current_loss': 7.837297439575195, 'train_loss': None, 'decision': 0, 'drift_rate': 0.0, 'target_domains': ['sketch']}
Loss historical diff: 4.76837158203125e-07; Loss Difference: 0.0, Decision: 0
Round 178 took 3.850132703781128s, results:
{'t': 177, 'current_accuracy': 0.19140625, 'current_loss': 7.837297677993774, 'train_loss': None, 'decision': 0, 'drift_rate': 0.0, 'target_domains': ['sketch']}
Loss historical diff: 2.384185791015625e-07; Loss Difference: 0.0, Decision: 0
Round 179 took 4.091879844665527s, results:
{'t': 178, 'current_accuracy': 0.19140625, 'current_loss': 7.837297439575195, 'train_loss': None, 'decision': 0, 'drift_rate': 0.0, 'target_domains': ['sketch']}
Loss historical diff: 4.76837158203125e-07; Loss Difference: 0.0, Decision: 0
Round 180 took 3.837188959121704s, results:
{'t': 179, 'current_accuracy': 0.19140625, 'current_loss': 7.837297677993774, 'train_loss': None, 'decision': 0, 'drift_rate': 0.0, 'target_domains': ['sketch']}
Loss historical diff: 1.430511474609375e-06; Loss Difference: 0.0, Decision: 0
Round 181 took 4.078511714935303s, results:
{'t': 180, 'current_accuracy': 0.19140625, 'current_loss': 7.837298631668091, 'train_loss': None, 'decision': 0, 'drift_rate': 0.0, 'target_domains': ['sketch']}
Loss historical diff: 4.76837158203125e-07; Loss Difference: 0.0, Decision: 0
Round 182 took 3.9651904106140137s, results:
{'t': 181, 'current_accuracy': 0.19140625, 'current_loss': 7.837297677993774, 'train_loss': None, 'decision': 0, 'drift_rate': 0.0, 'target_domains': ['sketch']}
Loss historical diff: 7.152557373046875e-07; Loss Difference: 0.0, Decision: 0
Round 183 took 3.95828914642334s, results:
{'t': 182, 'current_accuracy': 0.19140625, 'current_loss': 7.8372979164123535, 'train_loss': None, 'decision': 0, 'drift_rate': 0.0, 'target_domains': ['sketch']}
Loss historical diff: 7.152557373046875e-07; Loss Difference: 0.0, Decision: 0
Round 184 took 4.229832172393799s, results:
{'t': 183, 'current_accuracy': 0.19140625, 'current_loss': 7.8372979164123535, 'train_loss': None, 'decision': 0, 'drift_rate': 0.0, 'target_domains': ['sketch']}
Loss historical diff: 7.152557373046875e-07; Loss Difference: 0.0, Decision: 0
Round 185 took 4.077984094619751s, results:
{'t': 184, 'current_accuracy': 0.19140625, 'current_loss': 7.8372979164123535, 'train_loss': None, 'decision': 0, 'drift_rate': 0.0, 'target_domains': ['sketch']}
Loss historical diff: 1.1920928955078125e-06; Loss Difference: 0.0, Decision: 0
Round 186 took 4.217788457870483s, results:
{'t': 185, 'current_accuracy': 0.19140625, 'current_loss': 7.837298393249512, 'train_loss': None, 'decision': 0, 'drift_rate': 0.0, 'target_domains': ['sketch']}
Loss historical diff: 0.0; Loss Difference: 0.0, Decision: 0
Round 187 took 4.071662664413452s, results:
{'t': 186, 'current_accuracy': 0.19140625, 'current_loss': 7.837297201156616, 'train_loss': None, 'decision': 0, 'drift_rate': 0.0, 'target_domains': ['sketch']}
Loss historical diff: 7.152557373046875e-07; Loss Difference: 0.0, Decision: 0
Round 188 took 4.149898529052734s, results:
{'t': 187, 'current_accuracy': 0.19140625, 'current_loss': 7.8372979164123535, 'train_loss': None, 'decision': 0, 'drift_rate': 0.0, 'target_domains': ['sketch']}
Loss historical diff: 7.152557373046875e-07; Loss Difference: 0.0, Decision: 0
Round 189 took 4.028111457824707s, results:
{'t': 188, 'current_accuracy': 0.19140625, 'current_loss': 7.8372979164123535, 'train_loss': None, 'decision': 0, 'drift_rate': 0.0, 'target_domains': ['sketch']}
Loss historical diff: 2.384185791015625e-07; Loss Difference: 0.0, Decision: 0
Round 190 took 3.875333070755005s, results:
{'t': 189, 'current_accuracy': 0.19140625, 'current_loss': 7.837297439575195, 'train_loss': None, 'decision': 0, 'drift_rate': 0.0, 'target_domains': ['sketch']}
Loss historical diff: 0.0; Loss Difference: 0.0, Decision: 0
Round 191 took 3.932460308074951s, results:
{'t': 190, 'current_accuracy': 0.19140625, 'current_loss': 7.837296962738037, 'train_loss': None, 'decision': 0, 'drift_rate': 0.0, 'target_domains': ['sketch']}
Loss historical diff: 0.0; Loss Difference: 0.0, Decision: 0
Round 192 took 4.401729345321655s, results:
{'t': 191, 'current_accuracy': 0.19140625, 'current_loss': 7.837296962738037, 'train_loss': None, 'decision': 0, 'drift_rate': 0.0, 'target_domains': ['sketch']}
Loss historical diff: 4.76837158203125e-07; Loss Difference: 0.0, Decision: 0
Round 193 took 4.1419501304626465s, results:
{'t': 192, 'current_accuracy': 0.19140625, 'current_loss': 7.837297439575195, 'train_loss': None, 'decision': 0, 'drift_rate': 0.0, 'target_domains': ['sketch']}
Loss historical diff: 7.152557373046875e-07; Loss Difference: 0.0, Decision: 0
Round 194 took 4.252409219741821s, results:
{'t': 193, 'current_accuracy': 0.19140625, 'current_loss': 7.837297677993774, 'train_loss': None, 'decision': 0, 'drift_rate': 0.0, 'target_domains': ['sketch']}
Loss historical diff: 9.5367431640625e-07; Loss Difference: 0.0, Decision: 0
Round 195 took 4.165755748748779s, results:
{'t': 194, 'current_accuracy': 0.19140625, 'current_loss': 7.8372979164123535, 'train_loss': None, 'decision': 0, 'drift_rate': 0.0, 'target_domains': ['sketch']}
Loss historical diff: 9.5367431640625e-07; Loss Difference: 0.0, Decision: 0
Round 196 took 4.076956033706665s, results:
{'t': 195, 'current_accuracy': 0.19140625, 'current_loss': 7.8372979164123535, 'train_loss': None, 'decision': 0, 'drift_rate': 0.0, 'target_domains': ['sketch']}
Loss historical diff: 7.152557373046875e-07; Loss Difference: 0.0, Decision: 0
Round 197 took 4.143837213516235s, results:
{'t': 196, 'current_accuracy': 0.19140625, 'current_loss': 7.837297677993774, 'train_loss': None, 'decision': 0, 'drift_rate': 0.0, 'target_domains': ['sketch']}
Loss historical diff: 7.152557373046875e-07; Loss Difference: 0.0, Decision: 0
Round 198 took 4.6640894412994385s, results:
{'t': 197, 'current_accuracy': 0.19140625, 'current_loss': 7.837297677993774, 'train_loss': None, 'decision': 0, 'drift_rate': 0.0, 'target_domains': ['sketch']}
Loss historical diff: 7.152557373046875e-07; Loss Difference: 0.0, Decision: 0
Round 199 took 4.092986345291138s, results:
{'t': 198, 'current_accuracy': 0.19140625, 'current_loss': 7.837297677993774, 'train_loss': None, 'decision': 0, 'drift_rate': 0.0, 'target_domains': ['sketch']}
Loss historical diff: 9.5367431640625e-07; Loss Difference: 0.0, Decision: 0
Round 200 took 3.7393980026245117s, results:
{'t': 199, 'current_accuracy': 0.19140625, 'current_loss': 7.8372979164123535, 'train_loss': None, 'decision': 0, 'drift_rate': 0.0, 'target_domains': ['sketch']}
Loss historical diff: 1.430511474609375e-06; Loss Difference: 0.0, Decision: 0
Round 201 took 3.9221150875091553s, results:
{'t': 200, 'current_accuracy': 0.19140625, 'current_loss': 7.837298393249512, 'train_loss': None, 'decision': 0, 'drift_rate': 0.0, 'target_domains': ['sketch']}
Loss historical diff: 1.1920928955078125e-06; Loss Difference: 0.0, Decision: 0
Round 202 took 4.505652189254761s, results:
{'t': 201, 'current_accuracy': 0.19140625, 'current_loss': 7.837298154830933, 'train_loss': None, 'decision': 0, 'drift_rate': 0.0, 'target_domains': ['sketch']}
Loss historical diff: 4.76837158203125e-07; Loss Difference: 0.0, Decision: 0
Round 203 took 3.9435293674468994s, results:
{'t': 202, 'current_accuracy': 0.19140625, 'current_loss': 7.837297439575195, 'train_loss': None, 'decision': 0, 'drift_rate': 0.0, 'target_domains': ['sketch']}
Loss historical diff: 7.152557373046875e-07; Loss Difference: 0.0, Decision: 0
Round 204 took 3.8135335445404053s, results:
{'t': 203, 'current_accuracy': 0.19140625, 'current_loss': 7.837297677993774, 'train_loss': None, 'decision': 0, 'drift_rate': 0.0, 'target_domains': ['sketch']}
Loss historical diff: 9.5367431640625e-07; Loss Difference: 0.0, Decision: 0
Round 205 took 4.002873182296753s, results:
{'t': 204, 'current_accuracy': 0.19140625, 'current_loss': 7.8372979164123535, 'train_loss': None, 'decision': 0, 'drift_rate': 0.0, 'target_domains': ['sketch']}
Loss historical diff: 9.5367431640625e-07; Loss Difference: 0.0, Decision: 0
Round 206 took 4.192413330078125s, results:
{'t': 205, 'current_accuracy': 0.19140625, 'current_loss': 7.8372979164123535, 'train_loss': None, 'decision': 0, 'drift_rate': 0.0, 'target_domains': ['sketch']}
Loss historical diff: 1.430511474609375e-06; Loss Difference: 0.0, Decision: 0
Round 207 took 3.6732285022735596s, results:
{'t': 206, 'current_accuracy': 0.19140625, 'current_loss': 7.837298393249512, 'train_loss': None, 'decision': 0, 'drift_rate': 0.0, 'target_domains': ['sketch']}
Loss historical diff: 9.5367431640625e-07; Loss Difference: 0.0, Decision: 0
Round 208 took 4.059145450592041s, results:
{'t': 207, 'current_accuracy': 0.19140625, 'current_loss': 7.8372979164123535, 'train_loss': None, 'decision': 0, 'drift_rate': 0.0, 'target_domains': ['sketch']}
Loss historical diff: 7.152557373046875e-07; Loss Difference: 0.0, Decision: 0
Round 209 took 3.8611254692077637s, results:
{'t': 208, 'current_accuracy': 0.19140625, 'current_loss': 7.837297677993774, 'train_loss': None, 'decision': 0, 'drift_rate': 0.0, 'target_domains': ['sketch']}
Loss historical diff: 7.152557373046875e-07; Loss Difference: 0.0, Decision: 0
Round 210 took 4.4242777824401855s, results:
{'t': 209, 'current_accuracy': 0.19140625, 'current_loss': 7.837297677993774, 'train_loss': None, 'decision': 0, 'drift_rate': 0.0, 'target_domains': ['sketch']}
Loss historical diff: 1.430511474609375e-06; Loss Difference: 0.0, Decision: 0
Round 211 took 4.481743335723877s, results:
{'t': 210, 'current_accuracy': 0.19140625, 'current_loss': 7.837298393249512, 'train_loss': None, 'decision': 0, 'drift_rate': 0.0, 'target_domains': ['sketch']}
Loss historical diff: 2.384185791015625e-07; Loss Difference: 0.0, Decision: 0
Round 212 took 3.925603151321411s, results:
{'t': 211, 'current_accuracy': 0.19140625, 'current_loss': 7.837297201156616, 'train_loss': None, 'decision': 0, 'drift_rate': 0.0, 'target_domains': ['sketch']}
Loss historical diff: 1.1920928955078125e-06; Loss Difference: 0.0, Decision: 0
Round 213 took 3.9363136291503906s, results:
{'t': 212, 'current_accuracy': 0.19140625, 'current_loss': 7.837298154830933, 'train_loss': None, 'decision': 0, 'drift_rate': 0.0, 'target_domains': ['sketch']}
Loss historical diff: 7.152557373046875e-07; Loss Difference: 0.0, Decision: 0
Round 214 took 4.07075047492981s, results:
{'t': 213, 'current_accuracy': 0.19140625, 'current_loss': 7.837297677993774, 'train_loss': None, 'decision': 0, 'drift_rate': 0.0, 'target_domains': ['sketch']}
Loss historical diff: 7.152557373046875e-07; Loss Difference: 0.0, Decision: 0
Round 215 took 4.139137268066406s, results:
{'t': 214, 'current_accuracy': 0.19140625, 'current_loss': 7.837297677993774, 'train_loss': None, 'decision': 0, 'drift_rate': 0.0, 'target_domains': ['sketch']}
Loss historical diff: 9.5367431640625e-07; Loss Difference: 0.0, Decision: 0
Round 216 took 4.113149881362915s, results:
{'t': 215, 'current_accuracy': 0.19140625, 'current_loss': 7.8372979164123535, 'train_loss': None, 'decision': 0, 'drift_rate': 0.0, 'target_domains': ['sketch']}
Loss historical diff: 9.5367431640625e-07; Loss Difference: 0.0, Decision: 0
Round 217 took 4.017510414123535s, results:
{'t': 216, 'current_accuracy': 0.19140625, 'current_loss': 7.8372979164123535, 'train_loss': None, 'decision': 0, 'drift_rate': 0.0, 'target_domains': ['sketch']}
Loss historical diff: 2.384185791015625e-07; Loss Difference: 0.0, Decision: 0
Round 218 took 4.261876344680786s, results:
{'t': 217, 'current_accuracy': 0.19140625, 'current_loss': 7.837297201156616, 'train_loss': None, 'decision': 0, 'drift_rate': 0.0, 'target_domains': ['sketch']}
Loss historical diff: 9.5367431640625e-07; Loss Difference: 0.0, Decision: 0
Round 219 took 3.8852827548980713s, results:
{'t': 218, 'current_accuracy': 0.19140625, 'current_loss': 7.8372979164123535, 'train_loss': None, 'decision': 0, 'drift_rate': 0.0, 'target_domains': ['sketch']}
Loss historical diff: 1.430511474609375e-06; Loss Difference: 0.0, Decision: 0
Round 220 took 4.067117214202881s, results:
{'t': 219, 'current_accuracy': 0.19140625, 'current_loss': 7.837298393249512, 'train_loss': None, 'decision': 0, 'drift_rate': 0.0, 'target_domains': ['sketch']}
Loss historical diff: 1.1920928955078125e-06; Loss Difference: 0.0, Decision: 0
Round 221 took 4.3679187297821045s, results:
{'t': 220, 'current_accuracy': 0.19140625, 'current_loss': 7.837298154830933, 'train_loss': None, 'decision': 0, 'drift_rate': 0.0, 'target_domains': ['sketch']}
Loss historical diff: 9.5367431640625e-07; Loss Difference: 0.0, Decision: 0
Round 222 took 4.207169055938721s, results:
{'t': 221, 'current_accuracy': 0.19140625, 'current_loss': 7.8372979164123535, 'train_loss': None, 'decision': 0, 'drift_rate': 0.0, 'target_domains': ['sketch']}
Loss historical diff: 1.430511474609375e-06; Loss Difference: 0.0, Decision: 0
Round 223 took 4.304629802703857s, results:
{'t': 222, 'current_accuracy': 0.19140625, 'current_loss': 7.837298393249512, 'train_loss': None, 'decision': 0, 'drift_rate': 0.0, 'target_domains': ['sketch']}
Loss historical diff: 1.430511474609375e-06; Loss Difference: 0.0, Decision: 0
Round 224 took 4.238213062286377s, results:
{'t': 223, 'current_accuracy': 0.19140625, 'current_loss': 7.837298393249512, 'train_loss': None, 'decision': 0, 'drift_rate': 0.0, 'target_domains': ['sketch']}
Loss historical diff: 4.76837158203125e-07; Loss Difference: 0.0, Decision: 0
Round 225 took 4.0063157081604s, results:
{'t': 224, 'current_accuracy': 0.19140625, 'current_loss': 7.837297439575195, 'train_loss': None, 'decision': 0, 'drift_rate': 0.0, 'target_domains': ['sketch']}
Loss historical diff: 2.384185791015625e-07; Loss Difference: 0.0, Decision: 0
Round 226 took 3.8033435344696045s, results:
{'t': 225, 'current_accuracy': 0.19140625, 'current_loss': 7.837297201156616, 'train_loss': None, 'decision': 0, 'drift_rate': 0.0, 'target_domains': ['sketch']}
Loss historical diff: 9.5367431640625e-07; Loss Difference: 0.0, Decision: 0
Round 227 took 4.222464084625244s, results:
{'t': 226, 'current_accuracy': 0.19140625, 'current_loss': 7.8372979164123535, 'train_loss': None, 'decision': 0, 'drift_rate': 0.0, 'target_domains': ['sketch']}
Loss historical diff: 4.76837158203125e-07; Loss Difference: 0.0, Decision: 0
Round 228 took 3.9496772289276123s, results:
{'t': 227, 'current_accuracy': 0.19140625, 'current_loss': 7.837297439575195, 'train_loss': None, 'decision': 0, 'drift_rate': 0.0, 'target_domains': ['sketch']}
Loss historical diff: 0.0; Loss Difference: 0.0, Decision: 0
Round 229 took 4.034812688827515s, results:
{'t': 228, 'current_accuracy': 0.19140625, 'current_loss': 7.837296962738037, 'train_loss': None, 'decision': 0, 'drift_rate': 0.0, 'target_domains': ['sketch']}
Loss historical diff: 0.0; Loss Difference: 0.0, Decision: 0
Round 230 took 3.946648597717285s, results:
{'t': 229, 'current_accuracy': 0.19140625, 'current_loss': 7.837296724319458, 'train_loss': None, 'decision': 0, 'drift_rate': 0.0, 'target_domains': ['sketch']}
Loss historical diff: 4.76837158203125e-07; Loss Difference: 0.0, Decision: 0
Round 231 took 3.7627720832824707s, results:
{'t': 230, 'current_accuracy': 0.19140625, 'current_loss': 7.837297201156616, 'train_loss': None, 'decision': 0, 'drift_rate': 0.0, 'target_domains': ['sketch']}
Loss historical diff: 2.384185791015625e-07; Loss Difference: 0.0, Decision: 0
Round 232 took 4.130171537399292s, results:
{'t': 231, 'current_accuracy': 0.19140625, 'current_loss': 7.837296962738037, 'train_loss': None, 'decision': 0, 'drift_rate': 0.0, 'target_domains': ['sketch']}
Loss historical diff: 7.152557373046875e-07; Loss Difference: 0.0, Decision: 0
Round 233 took 4.614096403121948s, results:
{'t': 232, 'current_accuracy': 0.19140625, 'current_loss': 7.837297439575195, 'train_loss': None, 'decision': 0, 'drift_rate': 0.0, 'target_domains': ['sketch']}
Loss historical diff: 9.5367431640625e-07; Loss Difference: 0.0, Decision: 0
Round 234 took 4.532302618026733s, results:
{'t': 233, 'current_accuracy': 0.19140625, 'current_loss': 7.837297677993774, 'train_loss': None, 'decision': 0, 'drift_rate': 0.0, 'target_domains': ['sketch']}
Loss historical diff: 1.1920928955078125e-06; Loss Difference: 0.0, Decision: 0
Round 235 took 4.381893157958984s, results:
{'t': 234, 'current_accuracy': 0.19140625, 'current_loss': 7.8372979164123535, 'train_loss': None, 'decision': 0, 'drift_rate': 0.0, 'target_domains': ['sketch']}
Loss historical diff: 4.76837158203125e-07; Loss Difference: 0.0, Decision: 0
Round 236 took 3.7912440299987793s, results:
{'t': 235, 'current_accuracy': 0.19140625, 'current_loss': 7.837297201156616, 'train_loss': None, 'decision': 0, 'drift_rate': 0.0, 'target_domains': ['sketch']}
Loss historical diff: 7.152557373046875e-07; Loss Difference: 0.0, Decision: 0
Round 237 took 4.3587987422943115s, results:
{'t': 236, 'current_accuracy': 0.19140625, 'current_loss': 7.837297439575195, 'train_loss': None, 'decision': 0, 'drift_rate': 0.0, 'target_domains': ['sketch']}
Loss historical diff: 1.1920928955078125e-06; Loss Difference: 0.0, Decision: 0
Round 238 took 4.828728199005127s, results:
{'t': 237, 'current_accuracy': 0.19140625, 'current_loss': 7.8372979164123535, 'train_loss': None, 'decision': 0, 'drift_rate': 0.0, 'target_domains': ['sketch']}
Loss historical diff: 4.76837158203125e-07; Loss Difference: 0.0, Decision: 0
Round 239 took 4.411524057388306s, results:
{'t': 238, 'current_accuracy': 0.19140625, 'current_loss': 7.837297201156616, 'train_loss': None, 'decision': 0, 'drift_rate': 0.0, 'target_domains': ['sketch']}
Loss historical diff: 1.1920928955078125e-06; Loss Difference: 0.0, Decision: 0
Round 240 took 3.9526569843292236s, results:
{'t': 239, 'current_accuracy': 0.19140625, 'current_loss': 7.8372979164123535, 'train_loss': None, 'decision': 0, 'drift_rate': 0.0, 'target_domains': ['sketch']}
Loss historical diff: 1.430511474609375e-06; Loss Difference: 0.0, Decision: 0
Round 241 took 4.422072410583496s, results:
{'t': 240, 'current_accuracy': 0.19140625, 'current_loss': 7.837298154830933, 'train_loss': None, 'decision': 0, 'drift_rate': 0.0, 'target_domains': ['sketch']}
Loss historical diff: 7.152557373046875e-07; Loss Difference: 0.0, Decision: 0
Round 242 took 4.714165210723877s, results:
{'t': 241, 'current_accuracy': 0.19140625, 'current_loss': 7.837297439575195, 'train_loss': None, 'decision': 0, 'drift_rate': 0.0, 'target_domains': ['sketch']}
Loss historical diff: 9.1584951877594; Loss Difference: 0.0, Decision: 1
Average loss over 5 updates: 3.7256
Round 243 took 7.427097797393799s, results:
{'t': 242, 'current_accuracy': 0.26171875, 'current_loss': 16.995791912078857, 'train_loss': 3.7255825996398926, 'decision': 1, 'drift_rate': 0.4529015741673712, 'target_domains': ['photo']}
Loss historical diff: 114.3388659954071; Loss Difference: 0.0, Decision: 1
Average loss over 5 updates: 1.4537
Round 244 took 7.183007478713989s, results:
{'t': 243, 'current_accuracy': 0.3984375, 'current_loss': 122.17616271972656, 'train_loss': 1.4537243366241455, 'decision': 1, 'drift_rate': 0.5188555275439573, 'target_domains': ['photo']}
Loss historical diff: 6.249099493026733; Loss Difference: 0.0, Decision: 1
Average loss over 5 updates: 0.7967
Round 245 took 6.966991424560547s, results:
{'t': 244, 'current_accuracy': 0.44140625, 'current_loss': 14.086396217346191, 'train_loss': 0.7966723918914795, 'decision': 1, 'drift_rate': 0.3646303156049144, 'target_domains': ['photo']}
Loss historical diff: 0.0; Loss Difference: 0.0, Decision: 0
Round 246 took 4.259016513824463s, results:
{'t': 245, 'current_accuracy': 0.53125, 'current_loss': 3.2303422689437866, 'train_loss': None, 'decision': 0, 'drift_rate': 0.0, 'target_domains': ['photo']}
Loss historical diff: 0.0; Loss Difference: 0.0, Decision: 0
Round 247 took 3.717125177383423s, results:
{'t': 246, 'current_accuracy': 0.53125, 'current_loss': 3.230341672897339, 'train_loss': None, 'decision': 0, 'drift_rate': 0.0, 'target_domains': ['photo']}
Loss historical diff: 1.0728836059570312e-06; Loss Difference: 0.0, Decision: 0
Round 248 took 4.127465009689331s, results:
{'t': 247, 'current_accuracy': 0.53125, 'current_loss': 3.230342745780945, 'train_loss': None, 'decision': 0, 'drift_rate': 0.0, 'target_domains': ['photo']}
Loss historical diff: 2.384185791015625e-07; Loss Difference: 0.0, Decision: 0
Round 249 took 3.9729630947113037s, results:
{'t': 248, 'current_accuracy': 0.53125, 'current_loss': 3.230341911315918, 'train_loss': None, 'decision': 0, 'drift_rate': 0.0, 'target_domains': ['photo']}
Loss historical diff: 9.5367431640625e-07; Loss Difference: 0.0, Decision: 0
Round 250 took 3.9456770420074463s, results:
{'t': 249, 'current_accuracy': 0.53125, 'current_loss': 3.2303426265716553, 'train_loss': None, 'decision': 0, 'drift_rate': 0.0, 'target_domains': ['photo']}
Average time per round: 4.326717636108398
Total time: 1081.6794090270996
