/home/apiasecz/programming/concept_drift_optimal_adaptation_FL/src/test_loss_behavior_under_drift.py:171: FutureWarning: You are using `torch.load` with `weights_only=False` (the current default value), which uses the default pickle module implicitly. It is possible to construct malicious pickle data which will execute arbitrary code during unpickling (See https://github.com/pytorch/pytorch/blob/main/SECURITY.md#untrusted-models for more details). In a future release, the default value for `weights_only` will be flipped to `True`. This limits the functions that could be executed during unpickling. Arbitrary objects will no longer be allowed to be loaded via this mode unless they are explicitly allowlisted by the user via `torch.serialization.add_safe_globals`. We recommend you start setting `weights_only=True` for any use case where you don't have full control of the loaded file. Please open an issue on GitHub for any issues related to this experimental feature.
  model.load_state_dict(torch.load(model_path))
seed: 0
policy_id: 1
setting_id: 6
pi_bar: 0.15
drift_rate: 0.03
V: 65
Round 0: Accuracy = 0.8152, Decision = False
Round 1: Accuracy = 0.7985, Decision = False
Round 2: Accuracy = 0.7870, Decision = False
Round 3: Accuracy = 0.7686, Decision = False
Round 4: Accuracy = 0.7591, Decision = False
Round 5: Accuracy = 0.7426, Decision = False
Round 6: Accuracy = 0.7348, Decision = False
Round 7: Accuracy = 0.7117, Decision = False
Round 8: Accuracy = 0.6270, Decision = False
Round 9: Accuracy = 0.6979, Decision = False
Round 10: Accuracy = 0.6855, Decision = False
Round 11: Accuracy = 0.6666, Decision = False
Round 12: Accuracy = 0.6584, Decision = False
Round 13: Accuracy = 0.6487, Decision = False
Epoch 1/5, Loss: 1.4693
Epoch 2/5, Loss: 0.9084
Epoch 3/5, Loss: 0.7838
Epoch 4/5, Loss: 0.7244
Epoch 5/5, Loss: 0.6956
Round 14: Accuracy = 0.6282, Decision = True
Epoch 1/5, Loss: 0.7219
Epoch 2/5, Loss: 0.8604
Epoch 3/5, Loss: 1.0766
Epoch 4/5, Loss: 1.0237
Epoch 5/5, Loss: 0.9837
Round 15: Accuracy = 0.6335, Decision = True
Epoch 1/5, Loss: 0.8771
Epoch 2/5, Loss: 0.7536
Epoch 3/5, Loss: 0.7248
Epoch 4/5, Loss: 0.6568
Epoch 5/5, Loss: 0.5776
Round 16: Accuracy = 0.6148, Decision = True
Round 17: Accuracy = 0.6599, Decision = False
Round 18: Accuracy = 0.6186, Decision = False
Round 19: Accuracy = 0.6464, Decision = False
Round 20: Accuracy = 0.6547, Decision = False
Round 21: Accuracy = 0.6551, Decision = False
Round 22: Accuracy = 0.6546, Decision = False
Round 23: Accuracy = 0.6503, Decision = False
Epoch 1/5, Loss: 0.7664
Epoch 2/5, Loss: 0.7668
Epoch 3/5, Loss: 0.7299
Epoch 4/5, Loss: 0.7374
Epoch 5/5, Loss: 0.6790
Round 24: Accuracy = 0.6431, Decision = True
Round 25: Accuracy = 0.6880, Decision = False
Epoch 1/5, Loss: 0.6785
Epoch 2/5, Loss: 0.6473
Epoch 3/5, Loss: 0.6169
Epoch 4/5, Loss: 0.6592
Epoch 5/5, Loss: 0.6549
Round 26: Accuracy = 0.6867, Decision = True
Round 27: Accuracy = 0.6658, Decision = False
Round 28: Accuracy = 0.6724, Decision = False
Round 29: Accuracy = 0.6652, Decision = False
Round 30: Accuracy = 0.6622, Decision = False
Round 31: Accuracy = 0.6649, Decision = False
Round 32: Accuracy = 0.6593, Decision = False
Round 33: Accuracy = 0.6587, Decision = False
Epoch 1/5, Loss: 0.7019
Epoch 2/5, Loss: 0.6722
Epoch 3/5, Loss: 0.6468
Epoch 4/5, Loss: 0.6635
Epoch 5/5, Loss: 0.6573
Round 34: Accuracy = 0.6711, Decision = True
Round 35: Accuracy = 0.6811, Decision = False
Round 36: Accuracy = 0.6803, Decision = False
Round 37: Accuracy = 0.6830, Decision = False
Round 38: Accuracy = 0.6739, Decision = False
Round 39: Accuracy = 0.6776, Decision = False
Round 40: Accuracy = 0.6801, Decision = False
No available target samples left. Reusing existing target indices.
Round 41: Accuracy = 0.6769, Decision = False
No available target samples left. Reusing existing target indices.
Round 42: Accuracy = 0.6738, Decision = False
No available target samples left. Reusing existing target indices.
Epoch 1/5, Loss: 0.6880
Epoch 2/5, Loss: 0.6752
Epoch 3/5, Loss: 0.6560
Epoch 4/5, Loss: 0.6467
Epoch 5/5, Loss: 0.6222
Round 43: Accuracy = 0.6752, Decision = True
No available target samples left. Reusing existing target indices.
Round 44: Accuracy = 0.6541, Decision = False
No available target samples left. Reusing existing target indices.
No available target samples left. Reusing existing target indices.
Round 45: Accuracy = 0.6541, Decision = False
No available target samples left. Reusing existing target indices.
No available target samples left. Reusing existing target indices.
Round 46: Accuracy = 0.6541, Decision = False
No available target samples left. Reusing existing target indices.
No available target samples left. Reusing existing target indices.
Epoch 1/5, Loss: 0.6414
Epoch 2/5, Loss: 0.5934
Epoch 3/5, Loss: 0.6092
Epoch 4/5, Loss: 0.6545
Epoch 5/5, Loss: 0.5903
Round 47: Accuracy = 0.6541, Decision = True
No available target samples left. Reusing existing target indices.
No available target samples left. Reusing existing target indices.
Round 48: Accuracy = 0.7546, Decision = False
No available target samples left. Reusing existing target indices.
No available target samples left. Reusing existing target indices.
Round 49: Accuracy = 0.7546, Decision = False
No available target samples left. Reusing existing target indices.
No available target samples left. Reusing existing target indices.
Round 50: Accuracy = 0.7546, Decision = False
No available target samples left. Reusing existing target indices.
No available target samples left. Reusing existing target indices.
Round 51: Accuracy = 0.7546, Decision = False
No available target samples left. Reusing existing target indices.
No available target samples left. Reusing existing target indices.
Round 52: Accuracy = 0.7546, Decision = False
No available target samples left. Reusing existing target indices.
No available target samples left. Reusing existing target indices.
Epoch 1/5, Loss: 0.5565
Epoch 2/5, Loss: 0.5464
Epoch 3/5, Loss: 0.5375
Epoch 4/5, Loss: 0.5541
Epoch 5/5, Loss: 0.5627
Round 53: Accuracy = 0.7546, Decision = True
No available target samples left. Reusing existing target indices.
No available target samples left. Reusing existing target indices.
Round 54: Accuracy = 0.7480, Decision = False
No available target samples left. Reusing existing target indices.
No available target samples left. Reusing existing target indices.
Round 55: Accuracy = 0.7480, Decision = False
No available target samples left. Reusing existing target indices.
No available target samples left. Reusing existing target indices.
Round 56: Accuracy = 0.7480, Decision = False
No available target samples left. Reusing existing target indices.
No available target samples left. Reusing existing target indices.
Round 57: Accuracy = 0.7480, Decision = False
No available target samples left. Reusing existing target indices.
No available target samples left. Reusing existing target indices.
Round 58: Accuracy = 0.7480, Decision = False
No available target samples left. Reusing existing target indices.
No available target samples left. Reusing existing target indices.
Round 59: Accuracy = 0.7480, Decision = False
No available target samples left. Reusing existing target indices.
No available target samples left. Reusing existing target indices.
Round 60: Accuracy = 0.7480, Decision = False
No available target samples left. Reusing existing target indices.
No available target samples left. Reusing existing target indices.
Epoch 1/5, Loss: 0.5295
Epoch 2/5, Loss: 0.5242
Epoch 3/5, Loss: 0.5478
Epoch 4/5, Loss: 0.5480
Epoch 5/5, Loss: 0.5167
Round 61: Accuracy = 0.7480, Decision = True
No available target samples left. Reusing existing target indices.
No available target samples left. Reusing existing target indices.
Round 62: Accuracy = 0.7378, Decision = False
No available target samples left. Reusing existing target indices.
No available target samples left. Reusing existing target indices.
Epoch 1/5, Loss: 0.5165
Epoch 2/5, Loss: 0.4980
Epoch 3/5, Loss: 0.4550
Epoch 4/5, Loss: 0.4819
Epoch 5/5, Loss: 0.4491
Round 63: Accuracy = 0.7378, Decision = True
No available target samples left. Reusing existing target indices.
No available target samples left. Reusing existing target indices.
Round 64: Accuracy = 0.7407, Decision = False
No available target samples left. Reusing existing target indices.
No available target samples left. Reusing existing target indices.
Round 65: Accuracy = 0.7407, Decision = False
No available target samples left. Reusing existing target indices.
No available target samples left. Reusing existing target indices.
Round 66: Accuracy = 0.7407, Decision = False
No available target samples left. Reusing existing target indices.
No available target samples left. Reusing existing target indices.
Epoch 1/5, Loss: 0.4341
Epoch 2/5, Loss: 0.4428
Epoch 3/5, Loss: 0.4397
Epoch 4/5, Loss: 0.4475
Epoch 5/5, Loss: 0.4563
Round 67: Accuracy = 0.7407, Decision = True
No available target samples left. Reusing existing target indices.
No available target samples left. Reusing existing target indices.
Round 68: Accuracy = 0.7416, Decision = False
No available target samples left. Reusing existing target indices.
No available target samples left. Reusing existing target indices.
Epoch 1/5, Loss: 0.5264
Epoch 2/5, Loss: 0.4511
Epoch 3/5, Loss: 0.4280
Epoch 4/5, Loss: 0.4105
Epoch 5/5, Loss: 0.4240
Round 69: Accuracy = 0.7416, Decision = True
No available target samples left. Reusing existing target indices.
No available target samples left. Reusing existing target indices.
Round 70: Accuracy = 0.7668, Decision = False
No available target samples left. Reusing existing target indices.
No available target samples left. Reusing existing target indices.
Round 71: Accuracy = 0.7668, Decision = False
No available target samples left. Reusing existing target indices.
No available target samples left. Reusing existing target indices.
Round 72: Accuracy = 0.7668, Decision = False
No available target samples left. Reusing existing target indices.
No available target samples left. Reusing existing target indices.
Round 73: Accuracy = 0.7668, Decision = False
No available target samples left. Reusing existing target indices.
No available target samples left. Reusing existing target indices.
Round 74: Accuracy = 0.7668, Decision = False
No available target samples left. Reusing existing target indices.
No available target samples left. Reusing existing target indices.
Epoch 1/5, Loss: 0.3777
Epoch 2/5, Loss: 0.3810
Epoch 3/5, Loss: 0.3825
Epoch 4/5, Loss: 0.3532
Epoch 5/5, Loss: 0.3327
Round 75: Accuracy = 0.7668, Decision = True
No available target samples left. Reusing existing target indices.
No available target samples left. Reusing existing target indices.
Round 76: Accuracy = 0.8071, Decision = False
No available target samples left. Reusing existing target indices.
No available target samples left. Reusing existing target indices.
Epoch 1/5, Loss: 0.3369
Epoch 2/5, Loss: 0.3431
Epoch 3/5, Loss: 0.3661
Epoch 4/5, Loss: 0.3226
Epoch 5/5, Loss: 0.3233
Round 77: Accuracy = 0.8071, Decision = True
No available target samples left. Reusing existing target indices.
No available target samples left. Reusing existing target indices.
Round 78: Accuracy = 0.7665, Decision = False
No available target samples left. Reusing existing target indices.
No available target samples left. Reusing existing target indices.
Epoch 1/5, Loss: 0.3354
Epoch 2/5, Loss: 0.3520
Epoch 3/5, Loss: 0.3562
Epoch 4/5, Loss: 0.3508
Epoch 5/5, Loss: 0.3574
Round 79: Accuracy = 0.7665, Decision = True
No available target samples left. Reusing existing target indices.
No available target samples left. Reusing existing target indices.
Round 80: Accuracy = 0.6964, Decision = False
No available target samples left. Reusing existing target indices.
No available target samples left. Reusing existing target indices.
Round 81: Accuracy = 0.6964, Decision = False
No available target samples left. Reusing existing target indices.
No available target samples left. Reusing existing target indices.
Epoch 1/5, Loss: 0.3294
Epoch 2/5, Loss: 0.2846
Epoch 3/5, Loss: 0.3126
Epoch 4/5, Loss: 0.3236
Epoch 5/5, Loss: 0.2513
Round 82: Accuracy = 0.6964, Decision = True
No available target samples left. Reusing existing target indices.
No available target samples left. Reusing existing target indices.
Round 83: Accuracy = 0.8204, Decision = False
No available target samples left. Reusing existing target indices.
No available target samples left. Reusing existing target indices.
Round 84: Accuracy = 0.8204, Decision = False
No available target samples left. Reusing existing target indices.
No available target samples left. Reusing existing target indices.
Round 85: Accuracy = 0.8204, Decision = False
No available target samples left. Reusing existing target indices.
No available target samples left. Reusing existing target indices.
Round 86: Accuracy = 0.8204, Decision = False
No available target samples left. Reusing existing target indices.
No available target samples left. Reusing existing target indices.
Epoch 1/5, Loss: 0.2504
Epoch 2/5, Loss: 0.2789
Epoch 3/5, Loss: 0.2488
Epoch 4/5, Loss: 0.2560
Epoch 5/5, Loss: 0.2470
Round 87: Accuracy = 0.8204, Decision = True
No available target samples left. Reusing existing target indices.
No available target samples left. Reusing existing target indices.
Round 88: Accuracy = 0.7633, Decision = False
No available target samples left. Reusing existing target indices.
No available target samples left. Reusing existing target indices.
Round 89: Accuracy = 0.7633, Decision = False
No available target samples left. Reusing existing target indices.
No available target samples left. Reusing existing target indices.
Round 90: Accuracy = 0.7633, Decision = False
No available target samples left. Reusing existing target indices.
No available target samples left. Reusing existing target indices.
Round 91: Accuracy = 0.7633, Decision = False
No available target samples left. Reusing existing target indices.
No available target samples left. Reusing existing target indices.
Epoch 1/5, Loss: 0.2997
Epoch 2/5, Loss: 0.2812
Epoch 3/5, Loss: 0.2625
Epoch 4/5, Loss: 0.2375
Epoch 5/5, Loss: 0.3020
Round 92: Accuracy = 0.7633, Decision = True
No available target samples left. Reusing existing target indices.
No available target samples left. Reusing existing target indices.
Round 93: Accuracy = 0.5617, Decision = False
No available target samples left. Reusing existing target indices.
No available target samples left. Reusing existing target indices.
Round 94: Accuracy = 0.5617, Decision = False
No available target samples left. Reusing existing target indices.
No available target samples left. Reusing existing target indices.
Round 95: Accuracy = 0.5617, Decision = False
No available target samples left. Reusing existing target indices.
No available target samples left. Reusing existing target indices.
Round 96: Accuracy = 0.5617, Decision = False
No available target samples left. Reusing existing target indices.
No available target samples left. Reusing existing target indices.
Epoch 1/5, Loss: 0.3251
Epoch 2/5, Loss: 0.2559
Epoch 3/5, Loss: 0.2353
Epoch 4/5, Loss: 0.2181
Epoch 5/5, Loss: 0.3343
Round 97: Accuracy = 0.5617, Decision = True
No available target samples left. Reusing existing target indices.
No available target samples left. Reusing existing target indices.
Round 98: Accuracy = 0.7535, Decision = False
No available target samples left. Reusing existing target indices.
No available target samples left. Reusing existing target indices.
Epoch 1/5, Loss: 0.2525
Epoch 2/5, Loss: 0.1881
Epoch 3/5, Loss: 0.2127
Epoch 4/5, Loss: 0.2023
Epoch 5/5, Loss: 0.1814
Round 99: Accuracy = 0.7535, Decision = True
No available target samples left. Reusing existing target indices.
No available target samples left. Reusing existing target indices.
Round 100: Accuracy = 0.6865, Decision = False
No available target samples left. Reusing existing target indices.
No available target samples left. Reusing existing target indices.
Round 101: Accuracy = 0.6865, Decision = False
No available target samples left. Reusing existing target indices.
No available target samples left. Reusing existing target indices.
Round 102: Accuracy = 0.6865, Decision = False
No available target samples left. Reusing existing target indices.
No available target samples left. Reusing existing target indices.
Round 103: Accuracy = 0.6865, Decision = False
No available target samples left. Reusing existing target indices.
No available target samples left. Reusing existing target indices.
Round 104: Accuracy = 0.6865, Decision = False
No available target samples left. Reusing existing target indices.
No available target samples left. Reusing existing target indices.
Round 105: Accuracy = 0.6865, Decision = False
No available target samples left. Reusing existing target indices.
No available target samples left. Reusing existing target indices.
Round 106: Accuracy = 0.6865, Decision = False
No available target samples left. Reusing existing target indices.
No available target samples left. Reusing existing target indices.
Round 107: Accuracy = 0.6865, Decision = False
No available target samples left. Reusing existing target indices.
No available target samples left. Reusing existing target indices.
Round 108: Accuracy = 0.6865, Decision = False
No available target samples left. Reusing existing target indices.
No available target samples left. Reusing existing target indices.
Round 109: Accuracy = 0.6865, Decision = False
No available target samples left. Reusing existing target indices.
No available target samples left. Reusing existing target indices.
Round 110: Accuracy = 0.6865, Decision = False
No available target samples left. Reusing existing target indices.
No available target samples left. Reusing existing target indices.
Round 111: Accuracy = 0.6865, Decision = False
No available target samples left. Reusing existing target indices.
No available target samples left. Reusing existing target indices.
Round 112: Accuracy = 0.6865, Decision = False
No available target samples left. Reusing existing target indices.
No available target samples left. Reusing existing target indices.
Round 113: Accuracy = 0.6865, Decision = False
No available target samples left. Reusing existing target indices.
No available target samples left. Reusing existing target indices.
Round 114: Accuracy = 0.6865, Decision = False
No available target samples left. Reusing existing target indices.
No available target samples left. Reusing existing target indices.
Round 115: Accuracy = 0.6865, Decision = False
No available target samples left. Reusing existing target indices.
No available target samples left. Reusing existing target indices.
Round 116: Accuracy = 0.6865, Decision = False
No available target samples left. Reusing existing target indices.
No available target samples left. Reusing existing target indices.
Round 117: Accuracy = 0.6865, Decision = False
No available target samples left. Reusing existing target indices.
No available target samples left. Reusing existing target indices.
Round 118: Accuracy = 0.6865, Decision = False
No available target samples left. Reusing existing target indices.
No available target samples left. Reusing existing target indices.
Round 119: Accuracy = 0.6865, Decision = False
No available target samples left. Reusing existing target indices.
No available target samples left. Reusing existing target indices.
Round 120: Accuracy = 0.6865, Decision = False
No available target samples left. Reusing existing target indices.
No available target samples left. Reusing existing target indices.
Round 121: Accuracy = 0.6865, Decision = False
No available target samples left. Reusing existing target indices.
No available target samples left. Reusing existing target indices.
Round 122: Accuracy = 0.6865, Decision = False
No available target samples left. Reusing existing target indices.
No available target samples left. Reusing existing target indices.
Round 123: Accuracy = 0.6865, Decision = False
No available target samples left. Reusing existing target indices.
No available target samples left. Reusing existing target indices.
Round 124: Accuracy = 0.6865, Decision = False
No available target samples left. Reusing existing target indices.
No available target samples left. Reusing existing target indices.
Round 125: Accuracy = 0.6865, Decision = False
No available target samples left. Reusing existing target indices.
No available target samples left. Reusing existing target indices.
Epoch 1/5, Loss: 0.2423
Epoch 2/5, Loss: 0.2168
Epoch 3/5, Loss: 0.1932
Epoch 4/5, Loss: 0.1772
Epoch 5/5, Loss: 0.1407
Round 126: Accuracy = 0.6865, Decision = True
No available target samples left. Reusing existing target indices.
No available target samples left. Reusing existing target indices.
Round 127: Accuracy = 0.7801, Decision = False
No available target samples left. Reusing existing target indices.
No available target samples left. Reusing existing target indices.
Round 128: Accuracy = 0.7801, Decision = False
No available target samples left. Reusing existing target indices.
No available target samples left. Reusing existing target indices.
Round 129: Accuracy = 0.7801, Decision = False
No available target samples left. Reusing existing target indices.
No available target samples left. Reusing existing target indices.
Round 130: Accuracy = 0.7801, Decision = False
No available target samples left. Reusing existing target indices.
No available target samples left. Reusing existing target indices.
Round 131: Accuracy = 0.7801, Decision = False
No available target samples left. Reusing existing target indices.
No available target samples left. Reusing existing target indices.
Epoch 1/5, Loss: 0.1561
Epoch 2/5, Loss: 0.2132
Epoch 3/5, Loss: 0.1473
Epoch 4/5, Loss: 0.1555
Epoch 5/5, Loss: 0.1323
Round 132: Accuracy = 0.7801, Decision = True
No available target samples left. Reusing existing target indices.
No available target samples left. Reusing existing target indices.
Round 133: Accuracy = 0.8004, Decision = False
No available target samples left. Reusing existing target indices.
No available target samples left. Reusing existing target indices.
Round 134: Accuracy = 0.8004, Decision = False
No available target samples left. Reusing existing target indices.
No available target samples left. Reusing existing target indices.
Round 135: Accuracy = 0.8004, Decision = False
No available target samples left. Reusing existing target indices.
No available target samples left. Reusing existing target indices.
Round 136: Accuracy = 0.8004, Decision = False
No available target samples left. Reusing existing target indices.
No available target samples left. Reusing existing target indices.
Round 137: Accuracy = 0.8004, Decision = False
No available target samples left. Reusing existing target indices.
No available target samples left. Reusing existing target indices.
Round 138: Accuracy = 0.8004, Decision = False
No available target samples left. Reusing existing target indices.
No available target samples left. Reusing existing target indices.
Round 139: Accuracy = 0.8004, Decision = False
No available target samples left. Reusing existing target indices.
No available target samples left. Reusing existing target indices.
Round 140: Accuracy = 0.8004, Decision = False
No available target samples left. Reusing existing target indices.
No available target samples left. Reusing existing target indices.
Round 141: Accuracy = 0.8004, Decision = False
No available target samples left. Reusing existing target indices.
No available target samples left. Reusing existing target indices.
Round 142: Accuracy = 0.8004, Decision = False
No available target samples left. Reusing existing target indices.
No available target samples left. Reusing existing target indices.
Round 143: Accuracy = 0.8004, Decision = False
No available target samples left. Reusing existing target indices.
No available target samples left. Reusing existing target indices.
Round 144: Accuracy = 0.8004, Decision = False
No available target samples left. Reusing existing target indices.
No available target samples left. Reusing existing target indices.
Round 145: Accuracy = 0.8004, Decision = False
No available target samples left. Reusing existing target indices.
No available target samples left. Reusing existing target indices.
Epoch 1/5, Loss: 0.1255
Epoch 2/5, Loss: 0.1252
Epoch 3/5, Loss: 0.1620
Epoch 4/5, Loss: 0.2080
Epoch 5/5, Loss: 0.2164
Round 146: Accuracy = 0.8004, Decision = True
No available target samples left. Reusing existing target indices.
No available target samples left. Reusing existing target indices.
Round 147: Accuracy = 0.7561, Decision = False
No available target samples left. Reusing existing target indices.
No available target samples left. Reusing existing target indices.
Round 148: Accuracy = 0.7561, Decision = False
No available target samples left. Reusing existing target indices.
No available target samples left. Reusing existing target indices.
Round 149: Accuracy = 0.7561, Decision = False
No available target samples left. Reusing existing target indices.
No available target samples left. Reusing existing target indices.
Epoch 1/5, Loss: 0.1644
Epoch 2/5, Loss: 0.1327
Epoch 3/5, Loss: 0.1138
Epoch 4/5, Loss: 0.1048
Epoch 5/5, Loss: 0.1112
Round 150: Accuracy = 0.7561, Decision = True
No available target samples left. Reusing existing target indices.
No available target samples left. Reusing existing target indices.
Round 151: Accuracy = 0.8111, Decision = False
No available target samples left. Reusing existing target indices.
No available target samples left. Reusing existing target indices.
Round 152: Accuracy = 0.8111, Decision = False
No available target samples left. Reusing existing target indices.
No available target samples left. Reusing existing target indices.
Round 153: Accuracy = 0.8111, Decision = False
No available target samples left. Reusing existing target indices.
No available target samples left. Reusing existing target indices.
Epoch 1/5, Loss: 0.1065
Epoch 2/5, Loss: 0.1438
Epoch 3/5, Loss: 0.1318
Epoch 4/5, Loss: 0.0926
Epoch 5/5, Loss: 0.0905
Round 154: Accuracy = 0.8111, Decision = True
No available target samples left. Reusing existing target indices.
No available target samples left. Reusing existing target indices.
Round 155: Accuracy = 0.8129, Decision = False
No available target samples left. Reusing existing target indices.
No available target samples left. Reusing existing target indices.
Round 156: Accuracy = 0.8129, Decision = False
No available target samples left. Reusing existing target indices.
No available target samples left. Reusing existing target indices.
Round 157: Accuracy = 0.8129, Decision = False
No available target samples left. Reusing existing target indices.
No available target samples left. Reusing existing target indices.
Round 158: Accuracy = 0.8129, Decision = False
No available target samples left. Reusing existing target indices.
No available target samples left. Reusing existing target indices.
Epoch 1/5, Loss: 0.1299
Epoch 2/5, Loss: 0.1301
Epoch 3/5, Loss: 0.1249
Epoch 4/5, Loss: 0.1772
Epoch 5/5, Loss: 0.1247
Round 159: Accuracy = 0.8129, Decision = True
No available target samples left. Reusing existing target indices.
No available target samples left. Reusing existing target indices.
Round 160: Accuracy = 0.7917, Decision = False
No available target samples left. Reusing existing target indices.
No available target samples left. Reusing existing target indices.
Round 161: Accuracy = 0.7917, Decision = False
No available target samples left. Reusing existing target indices.
No available target samples left. Reusing existing target indices.
Round 162: Accuracy = 0.7917, Decision = False
No available target samples left. Reusing existing target indices.
No available target samples left. Reusing existing target indices.
Round 163: Accuracy = 0.7917, Decision = False
No available target samples left. Reusing existing target indices.
No available target samples left. Reusing existing target indices.
Round 164: Accuracy = 0.7917, Decision = False
No available target samples left. Reusing existing target indices.
No available target samples left. Reusing existing target indices.
Round 165: Accuracy = 0.7917, Decision = False
No available target samples left. Reusing existing target indices.
No available target samples left. Reusing existing target indices.
Epoch 1/5, Loss: 0.0868
Epoch 2/5, Loss: 0.0963
Epoch 3/5, Loss: 0.0973
Epoch 4/5, Loss: 0.0805
Epoch 5/5, Loss: 0.1163
Round 166: Accuracy = 0.7917, Decision = True
No available target samples left. Reusing existing target indices.
No available target samples left. Reusing existing target indices.
Round 167: Accuracy = 0.7553, Decision = False
No available target samples left. Reusing existing target indices.
No available target samples left. Reusing existing target indices.
Round 168: Accuracy = 0.7553, Decision = False
No available target samples left. Reusing existing target indices.
No available target samples left. Reusing existing target indices.
Round 169: Accuracy = 0.7553, Decision = False
No available target samples left. Reusing existing target indices.
No available target samples left. Reusing existing target indices.
Round 170: Accuracy = 0.7553, Decision = False
No available target samples left. Reusing existing target indices.
No available target samples left. Reusing existing target indices.
Epoch 1/5, Loss: 0.1702
Epoch 2/5, Loss: 0.1268
Epoch 3/5, Loss: 0.0954
Epoch 4/5, Loss: 0.0728
Epoch 5/5, Loss: 0.0595
Round 171: Accuracy = 0.7553, Decision = True
No available target samples left. Reusing existing target indices.
No available target samples left. Reusing existing target indices.
Round 172: Accuracy = 0.8289, Decision = False
No available target samples left. Reusing existing target indices.
No available target samples left. Reusing existing target indices.
Epoch 1/5, Loss: 0.0638
Epoch 2/5, Loss: 0.0815
Epoch 3/5, Loss: 0.1436
Epoch 4/5, Loss: 0.0731
Epoch 5/5, Loss: 0.0571
Round 173: Accuracy = 0.8289, Decision = True
No available target samples left. Reusing existing target indices.
No available target samples left. Reusing existing target indices.
Round 174: Accuracy = 0.8189, Decision = False
No available target samples left. Reusing existing target indices.
No available target samples left. Reusing existing target indices.
Round 175: Accuracy = 0.8189, Decision = False
No available target samples left. Reusing existing target indices.
No available target samples left. Reusing existing target indices.
Round 176: Accuracy = 0.8189, Decision = False
No available target samples left. Reusing existing target indices.
No available target samples left. Reusing existing target indices.
Round 177: Accuracy = 0.8189, Decision = False
No available target samples left. Reusing existing target indices.
No available target samples left. Reusing existing target indices.
Round 178: Accuracy = 0.8189, Decision = False
No available target samples left. Reusing existing target indices.
No available target samples left. Reusing existing target indices.
Epoch 1/5, Loss: 0.0767
Epoch 2/5, Loss: 0.0601
Epoch 3/5, Loss: 0.0536
Epoch 4/5, Loss: 0.0621
Epoch 5/5, Loss: 0.1633
Round 179: Accuracy = 0.8189, Decision = True
No available target samples left. Reusing existing target indices.
No available target samples left. Reusing existing target indices.
Round 180: Accuracy = 0.7361, Decision = False
No available target samples left. Reusing existing target indices.
No available target samples left. Reusing existing target indices.
Round 181: Accuracy = 0.7361, Decision = False
No available target samples left. Reusing existing target indices.
No available target samples left. Reusing existing target indices.
Round 182: Accuracy = 0.7361, Decision = False
No available target samples left. Reusing existing target indices.
No available target samples left. Reusing existing target indices.
Round 183: Accuracy = 0.7361, Decision = False
No available target samples left. Reusing existing target indices.
No available target samples left. Reusing existing target indices.
Round 184: Accuracy = 0.7361, Decision = False
No available target samples left. Reusing existing target indices.
No available target samples left. Reusing existing target indices.
Round 185: Accuracy = 0.7361, Decision = False
No available target samples left. Reusing existing target indices.
No available target samples left. Reusing existing target indices.
Round 186: Accuracy = 0.7361, Decision = False
No available target samples left. Reusing existing target indices.
No available target samples left. Reusing existing target indices.
Round 187: Accuracy = 0.7361, Decision = False
No available target samples left. Reusing existing target indices.
No available target samples left. Reusing existing target indices.
Round 188: Accuracy = 0.7361, Decision = False
No available target samples left. Reusing existing target indices.
No available target samples left. Reusing existing target indices.
Round 189: Accuracy = 0.7361, Decision = False
No available target samples left. Reusing existing target indices.
No available target samples left. Reusing existing target indices.
Round 190: Accuracy = 0.7361, Decision = False
No available target samples left. Reusing existing target indices.
No available target samples left. Reusing existing target indices.
Round 191: Accuracy = 0.7361, Decision = False
No available target samples left. Reusing existing target indices.
No available target samples left. Reusing existing target indices.
Round 192: Accuracy = 0.7361, Decision = False
No available target samples left. Reusing existing target indices.
No available target samples left. Reusing existing target indices.
Round 193: Accuracy = 0.7361, Decision = False
No available target samples left. Reusing existing target indices.
No available target samples left. Reusing existing target indices.
Round 194: Accuracy = 0.7361, Decision = False
No available target samples left. Reusing existing target indices.
No available target samples left. Reusing existing target indices.
Round 195: Accuracy = 0.7361, Decision = False
No available target samples left. Reusing existing target indices.
No available target samples left. Reusing existing target indices.
Round 196: Accuracy = 0.7361, Decision = False
No available target samples left. Reusing existing target indices.
No available target samples left. Reusing existing target indices.
Round 197: Accuracy = 0.7361, Decision = False
No available target samples left. Reusing existing target indices.
No available target samples left. Reusing existing target indices.
Epoch 1/5, Loss: 0.1173
Epoch 2/5, Loss: 0.1335
Epoch 3/5, Loss: 0.0992
Epoch 4/5, Loss: 0.0699
Epoch 5/5, Loss: 0.1334
Round 198: Accuracy = 0.7361, Decision = True
No available target samples left. Reusing existing target indices.
No available target samples left. Reusing existing target indices.
Round 199: Accuracy = 0.7778, Decision = False
