Device: cuda
CUDA Version: 12.1
cuDNN Version: 8902
PyTorch Version: 2.3.0
Model used: PACSCNN_4
Client device: cuda
PACSCNN_4
Round 0 took 2.4083003997802734 seconds
Round 0: Accuracy = 0.8574, Decision = 0, Drift = 0.0000
Current target domain: sketch
Round 1 took 2.451054573059082 seconds
Round 1: Accuracy = 0.8574, Decision = 0, Drift = 0.0000
Current target domain: sketch
Round 2 took 2.571410655975342 seconds
Round 2: Accuracy = 0.8574, Decision = 0, Drift = 0.0000
Current target domain: sketch
Round 3 took 2.4266889095306396 seconds
Round 3: Accuracy = 0.8574, Decision = 0, Drift = 0.0000
Current target domain: sketch
Round 4 took 2.568150520324707 seconds
Round 4: Accuracy = 0.8574, Decision = 0, Drift = 0.0000
Current target domain: sketch
Round 5 took 2.5728509426116943 seconds
Round 5: Accuracy = 0.8574, Decision = 0, Drift = 0.0000
Current target domain: sketch
Round 6 took 2.5682778358459473 seconds
Round 6: Accuracy = 0.8574, Decision = 0, Drift = 0.0000
Current target domain: sketch
Round 7 took 2.562197685241699 seconds
Round 7: Accuracy = 0.8574, Decision = 0, Drift = 0.0000
Current target domain: sketch
Round 8 took 2.5551371574401855 seconds
Round 8: Accuracy = 0.8574, Decision = 0, Drift = 0.0000
Current target domain: sketch
Round 9 took 2.4727625846862793 seconds
Round 9: Accuracy = 0.8574, Decision = 0, Drift = 0.0000
Current target domain: sketch
Round 10 took 2.609555959701538 seconds
Round 10: Accuracy = 0.8574, Decision = 0, Drift = 0.0000
Current target domain: sketch
Round 11 took 2.650865316390991 seconds
Round 11: Accuracy = 0.8574, Decision = 0, Drift = 0.0000
Current target domain: sketch
Round 12 took 2.636923313140869 seconds
Round 12: Accuracy = 0.8574, Decision = 0, Drift = 0.0000
Current target domain: sketch
Round 13 took 2.5919454097747803 seconds
Round 13: Accuracy = 0.8574, Decision = 0, Drift = 0.0000
Current target domain: sketch
Round 14 took 2.650130033493042 seconds
Round 14: Accuracy = 0.8574, Decision = 0, Drift = 0.0000
Current target domain: sketch
Round 15 took 2.5556323528289795 seconds
Round 15: Accuracy = 0.8574, Decision = 0, Drift = 0.0000
Current target domain: sketch
Round 16 took 2.4927732944488525 seconds
Round 16: Accuracy = 0.8574, Decision = 0, Drift = 0.0000
Current target domain: sketch
Round 17 took 2.5025227069854736 seconds
Round 17: Accuracy = 0.8574, Decision = 0, Drift = 0.0000
Current target domain: sketch
Round 18 took 2.6729066371917725 seconds
Round 18: Accuracy = 0.8574, Decision = 0, Drift = 0.0000
Current target domain: sketch
Round 19 took 2.589993953704834 seconds
Round 19: Accuracy = 0.8574, Decision = 0, Drift = 0.0000
Current target domain: sketch
Round 20 took 2.6085429191589355 seconds
Round 20: Accuracy = 0.8574, Decision = 0, Drift = 0.0000
Current target domain: sketch
Round 21 took 2.6023592948913574 seconds
Round 21: Accuracy = 0.8574, Decision = 0, Drift = 0.0000
Current target domain: sketch
Round 22 took 2.459157705307007 seconds
Round 22: Accuracy = 0.8574, Decision = 0, Drift = 0.0000
Current target domain: sketch
Round 23 took 2.5672295093536377 seconds
Round 23: Accuracy = 0.8574, Decision = 0, Drift = 0.0000
Current target domain: sketch
Round 24 took 2.660595178604126 seconds
Round 24: Accuracy = 0.8574, Decision = 0, Drift = 0.0000
Current target domain: sketch
Round 25 took 2.4974634647369385 seconds
Round 25: Accuracy = 0.8574, Decision = 0, Drift = 0.0000
Current target domain: sketch
Round 26 took 2.534407377243042 seconds
Round 26: Accuracy = 0.8574, Decision = 0, Drift = 0.0000
Current target domain: sketch
Round 27 took 2.5519816875457764 seconds
Round 27: Accuracy = 0.8574, Decision = 0, Drift = 0.0000
Current target domain: sketch
Round 28 took 2.6421544551849365 seconds
Round 28: Accuracy = 0.8574, Decision = 0, Drift = 0.0000
Current target domain: sketch
Round 29 took 2.495633125305176 seconds
Round 29: Accuracy = 0.8574, Decision = 0, Drift = 0.0000
Current target domain: sketch
Round 30 took 2.5123021602630615 seconds
Round 30: Accuracy = 0.8574, Decision = 0, Drift = 0.0000
Current target domain: sketch
Round 31 took 2.5748367309570312 seconds
Round 31: Accuracy = 0.8574, Decision = 0, Drift = 0.0000
Current target domain: sketch
Round 32 took 2.55196213722229 seconds
Round 32: Accuracy = 0.8574, Decision = 0, Drift = 0.0000
Current target domain: sketch
Round 33 took 2.591362237930298 seconds
Round 33: Accuracy = 0.8574, Decision = 0, Drift = 0.0000
Current target domain: sketch
Round 34 took 2.4792041778564453 seconds
Round 34: Accuracy = 0.8574, Decision = 0, Drift = 0.0000
Current target domain: sketch
Round 35 took 2.6489686965942383 seconds
Round 35: Accuracy = 0.8574, Decision = 0, Drift = 0.0000
Current target domain: sketch
Round 36 took 2.4270806312561035 seconds
Round 36: Accuracy = 0.8574, Decision = 0, Drift = 0.0000
Current target domain: sketch
Round 37 took 2.5423245429992676 seconds
Round 37: Accuracy = 0.8574, Decision = 0, Drift = 0.0000
Current target domain: sketch
Round 38 took 2.5021650791168213 seconds
Round 38: Accuracy = 0.8574, Decision = 0, Drift = 0.0000
Current target domain: sketch
Round 39 took 2.418501615524292 seconds
Round 39: Accuracy = 0.8574, Decision = 0, Drift = 0.0000
Current target domain: sketch
Round 40 took 2.4754831790924072 seconds
Round 40: Accuracy = 0.8574, Decision = 0, Drift = 0.0000
Current target domain: sketch
Round 41 took 2.6519453525543213 seconds
Round 41: Accuracy = 0.8574, Decision = 0, Drift = 0.0000
Current target domain: sketch
Round 42 took 2.385214328765869 seconds
Round 42: Accuracy = 0.8574, Decision = 0, Drift = 0.0000
Current target domain: sketch
Round 43 took 2.7430880069732666 seconds
Round 43: Accuracy = 0.8574, Decision = 0, Drift = 0.0000
Current target domain: sketch
Round 44 took 2.560729742050171 seconds
Round 44: Accuracy = 0.8574, Decision = 0, Drift = 0.0000
Current target domain: sketch
Round 45 took 2.4307122230529785 seconds
Round 45: Accuracy = 0.8574, Decision = 0, Drift = 0.0000
Current target domain: sketch
Round 46 took 2.6424355506896973 seconds
Round 46: Accuracy = 0.8574, Decision = 0, Drift = 0.0000
Current target domain: sketch
Round 47 took 2.489812135696411 seconds
Round 47: Accuracy = 0.8574, Decision = 0, Drift = 0.0000
Current target domain: sketch
Round 48 took 2.5645790100097656 seconds
Round 48: Accuracy = 0.8574, Decision = 0, Drift = 0.0000
Current target domain: sketch
Round 49 took 2.690997362136841 seconds
Round 49: Accuracy = 0.8574, Decision = 0, Drift = 0.0000
Current target domain: sketch
Epoch 1/2, Loss: 2.9069
Epoch 2/2, Loss: 1.8305
Round 50 took 11.203095197677612 seconds
Round 50: Accuracy = 0.1146, Decision = 1, Drift = 1.0000
Current target domain: sketch
Round 51 took 7.280755996704102 seconds
Round 51: Accuracy = 0.2865, Decision = 0, Drift = 1.0000
Current target domain: sketch
Epoch 1/2, Loss: 1.5841
Epoch 2/2, Loss: 1.3949
Round 52 took 9.650940418243408 seconds
Round 52: Accuracy = 0.3411, Decision = 1, Drift = 1.0000
Current target domain: sketch
Epoch 1/2, Loss: 1.5259
Epoch 2/2, Loss: 1.4225
Round 53 took 9.38709306716919 seconds
Round 53: Accuracy = 0.3418, Decision = 1, Drift = 1.0000
Current target domain: sketch
Round 54 took 6.714110612869263 seconds
Round 54: Accuracy = 0.4297, Decision = 0, Drift = 1.0000
Current target domain: sketch
Epoch 1/2, Loss: 1.2805
Epoch 2/2, Loss: 1.1979
Round 55 took 4.764471054077148 seconds
Round 55: Accuracy = 0.4297, Decision = 1, Drift = 0.0000
Current target domain: sketch
Round 56 took 2.140559673309326 seconds
Round 56: Accuracy = 0.5710, Decision = 0, Drift = 0.0000
Current target domain: sketch
Epoch 1/2, Loss: 1.1125
Epoch 2/2, Loss: 1.1007
Round 57 took 4.781365156173706 seconds
Round 57: Accuracy = 0.5710, Decision = 1, Drift = 0.0000
Current target domain: sketch
Epoch 1/2, Loss: 1.0271
Epoch 2/2, Loss: 0.9297
Round 58 took 4.801079988479614 seconds
Round 58: Accuracy = 0.4440, Decision = 1, Drift = 0.0000
Current target domain: sketch
Round 59 took 2.108628034591675 seconds
Round 59: Accuracy = 0.5892, Decision = 0, Drift = 0.0000
Current target domain: sketch
Round 60 took 2.0444424152374268 seconds
Round 60: Accuracy = 0.5892, Decision = 0, Drift = 0.0000
Current target domain: sketch
Round 61 took 2.0767951011657715 seconds
Round 61: Accuracy = 0.5892, Decision = 0, Drift = 0.0000
Current target domain: sketch
Round 62 took 2.1173043251037598 seconds
Round 62: Accuracy = 0.5892, Decision = 0, Drift = 0.0000
Current target domain: sketch
Round 63 took 2.058842182159424 seconds
Round 63: Accuracy = 0.5892, Decision = 0, Drift = 0.0000
Current target domain: sketch
Round 64 took 2.073432445526123 seconds
Round 64: Accuracy = 0.5892, Decision = 0, Drift = 0.0000
Current target domain: sketch
Round 65 took 2.0802228450775146 seconds
Round 65: Accuracy = 0.5892, Decision = 0, Drift = 0.0000
Current target domain: sketch
Round 66 took 2.0649521350860596 seconds
Round 66: Accuracy = 0.5892, Decision = 0, Drift = 0.0000
Current target domain: sketch
Round 67 took 2.0468761920928955 seconds
Round 67: Accuracy = 0.5892, Decision = 0, Drift = 0.0000
Current target domain: sketch
Round 68 took 2.0432753562927246 seconds
Round 68: Accuracy = 0.5892, Decision = 0, Drift = 0.0000
Current target domain: sketch
Round 69 took 2.1442506313323975 seconds
Round 69: Accuracy = 0.5892, Decision = 0, Drift = 0.0000
Current target domain: sketch
Round 70 took 2.047668933868408 seconds
Round 70: Accuracy = 0.5892, Decision = 0, Drift = 0.0000
Current target domain: sketch
Epoch 1/2, Loss: 0.8714
Epoch 2/2, Loss: 0.8452
Round 71 took 4.864194393157959 seconds
Round 71: Accuracy = 0.5892, Decision = 1, Drift = 0.0000
Current target domain: sketch
Round 72 took 2.110280752182007 seconds
Round 72: Accuracy = 0.5768, Decision = 0, Drift = 0.0000
Current target domain: sketch
Round 73 took 2.0577127933502197 seconds
Round 73: Accuracy = 0.5768, Decision = 0, Drift = 0.0000
Current target domain: sketch
Round 74 took 2.0553529262542725 seconds
Round 74: Accuracy = 0.5768, Decision = 0, Drift = 0.0000
Current target domain: sketch
Round 75 took 2.0885989665985107 seconds
Round 75: Accuracy = 0.5768, Decision = 0, Drift = 0.0000
Current target domain: sketch
Round 76 took 2.071324110031128 seconds
Round 76: Accuracy = 0.5768, Decision = 0, Drift = 0.0000
Current target domain: sketch
Round 77 took 2.0812931060791016 seconds
Round 77: Accuracy = 0.5768, Decision = 0, Drift = 0.0000
Current target domain: sketch
Round 78 took 2.047048807144165 seconds
Round 78: Accuracy = 0.5768, Decision = 0, Drift = 0.0000
Current target domain: sketch
Round 79 took 2.0666022300720215 seconds
Round 79: Accuracy = 0.5768, Decision = 0, Drift = 0.0000
Current target domain: sketch
Round 80 took 2.1049091815948486 seconds
Round 80: Accuracy = 0.5768, Decision = 0, Drift = 0.0000
Current target domain: sketch
Round 81 took 2.0696802139282227 seconds
Round 81: Accuracy = 0.5768, Decision = 0, Drift = 0.0000
Current target domain: sketch
Round 82 took 2.0844833850860596 seconds
Round 82: Accuracy = 0.5768, Decision = 0, Drift = 0.0000
Current target domain: sketch
Round 83 took 2.0500993728637695 seconds
Round 83: Accuracy = 0.5768, Decision = 0, Drift = 0.0000
Current target domain: sketch
Epoch 1/2, Loss: 0.8108
Epoch 2/2, Loss: 0.7748
Round 84 took 4.820369720458984 seconds
Round 84: Accuracy = 0.5768, Decision = 1, Drift = 0.0000
Current target domain: sketch
Epoch 1/2, Loss: 0.7658
Epoch 2/2, Loss: 0.7101
Round 85 took 4.813728094100952 seconds
Round 85: Accuracy = 0.4069, Decision = 1, Drift = 0.0000
Current target domain: sketch
Round 86 took 2.0688283443450928 seconds
Round 86: Accuracy = 0.5560, Decision = 0, Drift = 0.0000
Current target domain: sketch
Round 87 took 2.0675227642059326 seconds
Round 87: Accuracy = 0.5560, Decision = 0, Drift = 0.0000
Current target domain: sketch
Round 88 took 2.0931613445281982 seconds
Round 88: Accuracy = 0.5560, Decision = 0, Drift = 0.0000
Current target domain: sketch
Round 89 took 2.108865737915039 seconds
Round 89: Accuracy = 0.5560, Decision = 0, Drift = 0.0000
Current target domain: sketch
Round 90 took 2.0970265865325928 seconds
Round 90: Accuracy = 0.5560, Decision = 0, Drift = 0.0000
Current target domain: sketch
Round 91 took 2.08416748046875 seconds
Round 91: Accuracy = 0.5560, Decision = 0, Drift = 0.0000
Current target domain: sketch
Round 92 took 2.08994197845459 seconds
Round 92: Accuracy = 0.5560, Decision = 0, Drift = 0.0000
Current target domain: sketch
Round 93 took 2.1026628017425537 seconds
Round 93: Accuracy = 0.5560, Decision = 0, Drift = 0.0000
Current target domain: sketch
Round 94 took 2.0907154083251953 seconds
Round 94: Accuracy = 0.5560, Decision = 0, Drift = 0.0000
Current target domain: sketch
Round 95 took 2.0508062839508057 seconds
Round 95: Accuracy = 0.5560, Decision = 0, Drift = 0.0000
Current target domain: sketch
Round 96 took 2.095818519592285 seconds
Round 96: Accuracy = 0.5560, Decision = 0, Drift = 0.0000
Current target domain: sketch
Round 97 took 2.0704712867736816 seconds
Round 97: Accuracy = 0.5560, Decision = 0, Drift = 0.0000
Current target domain: sketch
Round 98 took 2.0693750381469727 seconds
Round 98: Accuracy = 0.5560, Decision = 0, Drift = 0.0000
Current target domain: sketch
Round 99 took 2.067342758178711 seconds
Round 99: Accuracy = 0.5560, Decision = 0, Drift = 0.0000
Current target domain: sketch
Epoch 1/2, Loss: 2.7259
Epoch 2/2, Loss: 1.7383
Round 100 took 9.4419105052948 seconds
Round 100: Accuracy = 0.0938, Decision = 1, Drift = 1.0000
Current target domain: cartoon
Round 101 took 6.1311256885528564 seconds
Round 101: Accuracy = 0.4919, Decision = 0, Drift = 1.0000
Current target domain: cartoon
Epoch 1/2, Loss: 1.4149
Epoch 2/2, Loss: 1.2576
Round 102 took 8.661144495010376 seconds
Round 102: Accuracy = 0.4986, Decision = 1, Drift = 1.0000
Current target domain: cartoon
Round 103 took 6.642927646636963 seconds
Round 103: Accuracy = 0.6041, Decision = 0, Drift = 1.0000
Current target domain: cartoon
Epoch 1/2, Loss: 1.2756
Epoch 2/2, Loss: 1.1444
Round 104 took 8.502447843551636 seconds
Round 104: Accuracy = 0.5825, Decision = 1, Drift = 1.0000
Current target domain: cartoon
Round 105 took 1.8003027439117432 seconds
Round 105: Accuracy = 0.5535, Decision = 0, Drift = 0.0000
Current target domain: cartoon
Round 106 took 1.7468230724334717 seconds
Round 106: Accuracy = 0.5535, Decision = 0, Drift = 0.0000
Current target domain: cartoon
Round 107 took 1.759582281112671 seconds
Round 107: Accuracy = 0.5535, Decision = 0, Drift = 0.0000
Current target domain: cartoon
Round 108 took 1.8918006420135498 seconds
Round 108: Accuracy = 0.5535, Decision = 0, Drift = 0.0000
Current target domain: cartoon
Round 109 took 1.8177146911621094 seconds
Round 109: Accuracy = 0.5535, Decision = 0, Drift = 0.0000
Current target domain: cartoon
Round 110 took 1.851494312286377 seconds
Round 110: Accuracy = 0.5535, Decision = 0, Drift = 0.0000
Current target domain: cartoon
Round 111 took 1.8897356986999512 seconds
Round 111: Accuracy = 0.5535, Decision = 0, Drift = 0.0000
Current target domain: cartoon
Round 112 took 1.8745543956756592 seconds
Round 112: Accuracy = 0.5535, Decision = 0, Drift = 0.0000
Current target domain: cartoon
Round 113 took 1.8154656887054443 seconds
Round 113: Accuracy = 0.5535, Decision = 0, Drift = 0.0000
Current target domain: cartoon
Round 114 took 1.7824671268463135 seconds
Round 114: Accuracy = 0.5535, Decision = 0, Drift = 0.0000
Current target domain: cartoon
Round 115 took 1.798820972442627 seconds
Round 115: Accuracy = 0.5535, Decision = 0, Drift = 0.0000
Current target domain: cartoon
Epoch 1/2, Loss: 1.1081
Epoch 2/2, Loss: 0.9747
Round 116 took 3.9248077869415283 seconds
Round 116: Accuracy = 0.5535, Decision = 1, Drift = 0.0000
Current target domain: cartoon
Round 117 took 1.8367950916290283 seconds
Round 117: Accuracy = 0.6287, Decision = 0, Drift = 0.0000
Current target domain: cartoon
Round 118 took 1.8013379573822021 seconds
Round 118: Accuracy = 0.6287, Decision = 0, Drift = 0.0000
Current target domain: cartoon
Round 119 took 1.833420753479004 seconds
Round 119: Accuracy = 0.6287, Decision = 0, Drift = 0.0000
Current target domain: cartoon
Round 120 took 1.854337215423584 seconds
Round 120: Accuracy = 0.6287, Decision = 0, Drift = 0.0000
Current target domain: cartoon
Round 121 took 1.8540525436401367 seconds
Round 121: Accuracy = 0.6287, Decision = 0, Drift = 0.0000
Current target domain: cartoon
Round 122 took 1.8434383869171143 seconds
Round 122: Accuracy = 0.6287, Decision = 0, Drift = 0.0000
Current target domain: cartoon
Round 123 took 1.8269426822662354 seconds
Round 123: Accuracy = 0.6287, Decision = 0, Drift = 0.0000
Current target domain: cartoon
Round 124 took 1.8064522743225098 seconds
Round 124: Accuracy = 0.6287, Decision = 0, Drift = 0.0000
Current target domain: cartoon
Round 125 took 1.778895378112793 seconds
Round 125: Accuracy = 0.6287, Decision = 0, Drift = 0.0000
Current target domain: cartoon
Round 126 took 1.7740721702575684 seconds
Round 126: Accuracy = 0.6287, Decision = 0, Drift = 0.0000
Current target domain: cartoon
Round 127 took 1.7915475368499756 seconds
Round 127: Accuracy = 0.6287, Decision = 0, Drift = 0.0000
Current target domain: cartoon
Round 128 took 1.8693664073944092 seconds
Round 128: Accuracy = 0.6287, Decision = 0, Drift = 0.0000
Current target domain: cartoon
Round 129 took 1.8911714553833008 seconds
Round 129: Accuracy = 0.6287, Decision = 0, Drift = 0.0000
Current target domain: cartoon
Round 130 took 1.8325872421264648 seconds
Round 130: Accuracy = 0.6287, Decision = 0, Drift = 0.0000
Current target domain: cartoon
Round 131 took 1.825406551361084 seconds
Round 131: Accuracy = 0.6287, Decision = 0, Drift = 0.0000
Current target domain: cartoon
Round 132 took 1.7793869972229004 seconds
Round 132: Accuracy = 0.6287, Decision = 0, Drift = 0.0000
Current target domain: cartoon
Round 133 took 1.800461769104004 seconds
Round 133: Accuracy = 0.6287, Decision = 0, Drift = 0.0000
Current target domain: cartoon
Round 134 took 1.901071310043335 seconds
Round 134: Accuracy = 0.6287, Decision = 0, Drift = 0.0000
Current target domain: cartoon
Round 135 took 1.8673455715179443 seconds
Round 135: Accuracy = 0.6287, Decision = 0, Drift = 0.0000
Current target domain: cartoon
Round 136 took 1.8621110916137695 seconds
Round 136: Accuracy = 0.6287, Decision = 0, Drift = 0.0000
Current target domain: cartoon
Epoch 1/2, Loss: 0.9047
Epoch 2/2, Loss: 0.8620
Round 137 took 4.010031461715698 seconds
Round 137: Accuracy = 0.6287, Decision = 1, Drift = 0.0000
Current target domain: cartoon
Round 138 took 1.9166467189788818 seconds
Round 138: Accuracy = 0.6388, Decision = 0, Drift = 0.0000
Current target domain: cartoon
Round 139 took 1.8142321109771729 seconds
Round 139: Accuracy = 0.6388, Decision = 0, Drift = 0.0000
Current target domain: cartoon
Round 140 took 1.8547148704528809 seconds
Round 140: Accuracy = 0.6388, Decision = 0, Drift = 0.0000
Current target domain: cartoon
Round 141 took 1.8645222187042236 seconds
Round 141: Accuracy = 0.6388, Decision = 0, Drift = 0.0000
Current target domain: cartoon
Round 142 took 1.841360330581665 seconds
Round 142: Accuracy = 0.6388, Decision = 0, Drift = 0.0000
Current target domain: cartoon
Round 143 took 1.8558602333068848 seconds
Round 143: Accuracy = 0.6388, Decision = 0, Drift = 0.0000
Current target domain: cartoon
Round 144 took 1.8450579643249512 seconds
Round 144: Accuracy = 0.6388, Decision = 0, Drift = 0.0000
Current target domain: cartoon
Round 145 took 1.844630479812622 seconds
Round 145: Accuracy = 0.6388, Decision = 0, Drift = 0.0000
Current target domain: cartoon
Round 146 took 1.8367080688476562 seconds
Round 146: Accuracy = 0.6388, Decision = 0, Drift = 0.0000
Current target domain: cartoon
Round 147 took 1.7884514331817627 seconds
Round 147: Accuracy = 0.6388, Decision = 0, Drift = 0.0000
Current target domain: cartoon
Round 148 took 1.8233637809753418 seconds
Round 148: Accuracy = 0.6388, Decision = 0, Drift = 0.0000
Current target domain: cartoon
Round 149 took 1.9042770862579346 seconds
Round 149: Accuracy = 0.6388, Decision = 0, Drift = 0.0000
Current target domain: cartoon
Epoch 1/2, Loss: 2.5770
Epoch 2/2, Loss: 2.0433
Round 150 took 9.511116743087769 seconds
Round 150: Accuracy = 0.3697, Decision = 1, Drift = 1.0000
Current target domain: art_painting
Epoch 1/2, Loss: 2.3690
Epoch 2/2, Loss: 1.9361
Round 151 took 8.822152614593506 seconds
Round 151: Accuracy = 0.2925, Decision = 1, Drift = 1.0000
Current target domain: art_painting
Round 152 took 6.543224334716797 seconds
Round 152: Accuracy = 0.3527, Decision = 0, Drift = 1.0000
Current target domain: art_painting
Epoch 1/2, Loss: 1.7457
Epoch 2/2, Loss: 1.6287
Round 153 took 8.995398044586182 seconds
Round 153: Accuracy = 0.3603, Decision = 1, Drift = 1.0000
Current target domain: art_painting
Round 154 took 6.44187331199646 seconds
Round 154: Accuracy = 0.3965, Decision = 0, Drift = 1.0000
Current target domain: art_painting
Epoch 1/2, Loss: 1.7177
Epoch 2/2, Loss: 1.6393
Round 155 took 3.5092148780822754 seconds
Round 155: Accuracy = 0.3965, Decision = 1, Drift = 0.0000
Current target domain: art_painting
Round 156 took 1.7754991054534912 seconds
Round 156: Accuracy = 0.4297, Decision = 0, Drift = 0.0000
Current target domain: art_painting
Round 157 took 1.7852320671081543 seconds
Round 157: Accuracy = 0.4297, Decision = 0, Drift = 0.0000
Current target domain: art_painting
Round 158 took 1.8013737201690674 seconds
Round 158: Accuracy = 0.4297, Decision = 0, Drift = 0.0000
Current target domain: art_painting
Epoch 1/2, Loss: 1.5240
Epoch 2/2, Loss: 1.4095
Round 159 took 3.9403209686279297 seconds
Round 159: Accuracy = 0.4297, Decision = 1, Drift = 0.0000
Current target domain: art_painting
Round 160 took 1.9528353214263916 seconds
Round 160: Accuracy = 0.4375, Decision = 0, Drift = 0.0000
Current target domain: art_painting
Round 161 took 1.9241464138031006 seconds
Round 161: Accuracy = 0.4375, Decision = 0, Drift = 0.0000
Current target domain: art_painting
Round 162 took 1.9855518341064453 seconds
Round 162: Accuracy = 0.4375, Decision = 0, Drift = 0.0000
Current target domain: art_painting
Round 163 took 1.9593479633331299 seconds
Round 163: Accuracy = 0.4375, Decision = 0, Drift = 0.0000
Current target domain: art_painting
Round 164 took 1.873063325881958 seconds
Round 164: Accuracy = 0.4375, Decision = 0, Drift = 0.0000
Current target domain: art_painting
Round 165 took 1.9625983238220215 seconds
Round 165: Accuracy = 0.4375, Decision = 0, Drift = 0.0000
Current target domain: art_painting
Round 166 took 1.930793046951294 seconds
Round 166: Accuracy = 0.4375, Decision = 0, Drift = 0.0000
Current target domain: art_painting
Round 167 took 1.9748492240905762 seconds
Round 167: Accuracy = 0.4375, Decision = 0, Drift = 0.0000
Current target domain: art_painting
Round 168 took 1.9164869785308838 seconds
Round 168: Accuracy = 0.4375, Decision = 0, Drift = 0.0000
Current target domain: art_painting
Round 169 took 1.9050791263580322 seconds
Round 169: Accuracy = 0.4375, Decision = 0, Drift = 0.0000
Current target domain: art_painting
Round 170 took 1.796428918838501 seconds
Round 170: Accuracy = 0.4375, Decision = 0, Drift = 0.0000
Current target domain: art_painting
Round 171 took 1.754915714263916 seconds
Round 171: Accuracy = 0.4375, Decision = 0, Drift = 0.0000
Current target domain: art_painting
Round 172 took 1.7550029754638672 seconds
Round 172: Accuracy = 0.4375, Decision = 0, Drift = 0.0000
Current target domain: art_painting
Round 173 took 1.8767940998077393 seconds
Round 173: Accuracy = 0.4375, Decision = 0, Drift = 0.0000
Current target domain: art_painting
Round 174 took 1.7270150184631348 seconds
Round 174: Accuracy = 0.4375, Decision = 0, Drift = 0.0000
Current target domain: art_painting
Round 175 took 1.7257680892944336 seconds
Round 175: Accuracy = 0.4375, Decision = 0, Drift = 0.0000
Current target domain: art_painting
Round 176 took 1.8662137985229492 seconds
Round 176: Accuracy = 0.4375, Decision = 0, Drift = 0.0000
Current target domain: art_painting
Round 177 took 1.8663182258605957 seconds
Round 177: Accuracy = 0.4375, Decision = 0, Drift = 0.0000
Current target domain: art_painting
Round 178 took 1.9243991374969482 seconds
Round 178: Accuracy = 0.4375, Decision = 0, Drift = 0.0000
Current target domain: art_painting
Epoch 1/2, Loss: 1.3347
Epoch 2/2, Loss: 1.2829
Round 179 took 3.940016508102417 seconds
Round 179: Accuracy = 0.4375, Decision = 1, Drift = 0.0000
Current target domain: art_painting
Round 180 took 1.9066555500030518 seconds
Round 180: Accuracy = 0.4570, Decision = 0, Drift = 0.0000
Current target domain: art_painting
Round 181 took 1.943831205368042 seconds
Round 181: Accuracy = 0.4570, Decision = 0, Drift = 0.0000
Current target domain: art_painting
Round 182 took 1.8832361698150635 seconds
Round 182: Accuracy = 0.4570, Decision = 0, Drift = 0.0000
Current target domain: art_painting
Round 183 took 1.887455701828003 seconds
Round 183: Accuracy = 0.4570, Decision = 0, Drift = 0.0000
Current target domain: art_painting
Round 184 took 1.859830617904663 seconds
Round 184: Accuracy = 0.4570, Decision = 0, Drift = 0.0000
Current target domain: art_painting
Round 185 took 1.8734087944030762 seconds
Round 185: Accuracy = 0.4570, Decision = 0, Drift = 0.0000
Current target domain: art_painting
Round 186 took 1.7161355018615723 seconds
Round 186: Accuracy = 0.4570, Decision = 0, Drift = 0.0000
Current target domain: art_painting
Round 187 took 1.882547378540039 seconds
Round 187: Accuracy = 0.4570, Decision = 0, Drift = 0.0000
Current target domain: art_painting
Round 188 took 1.8458116054534912 seconds
Round 188: Accuracy = 0.4570, Decision = 0, Drift = 0.0000
Current target domain: art_painting
Round 189 took 1.846555233001709 seconds
Round 189: Accuracy = 0.4570, Decision = 0, Drift = 0.0000
Current target domain: art_painting
Round 190 took 1.8537001609802246 seconds
Round 190: Accuracy = 0.4570, Decision = 0, Drift = 0.0000
Current target domain: art_painting
Round 191 took 1.771360158920288 seconds
Round 191: Accuracy = 0.4570, Decision = 0, Drift = 0.0000
Current target domain: art_painting
Round 192 took 1.959559679031372 seconds
Round 192: Accuracy = 0.4570, Decision = 0, Drift = 0.0000
Current target domain: art_painting
Epoch 1/2, Loss: 1.2453
Epoch 2/2, Loss: 1.2172
Round 193 took 3.6445882320404053 seconds
Round 193: Accuracy = 0.4570, Decision = 1, Drift = 0.0000
Current target domain: art_painting
Round 194 took 1.9625983238220215 seconds
Round 194: Accuracy = 0.4004, Decision = 0, Drift = 0.0000
Current target domain: art_painting
Round 195 took 1.8453094959259033 seconds
Round 195: Accuracy = 0.4004, Decision = 0, Drift = 0.0000
Current target domain: art_painting
Round 196 took 1.9190218448638916 seconds
Round 196: Accuracy = 0.4004, Decision = 0, Drift = 0.0000
Current target domain: art_painting
Round 197 took 1.86570405960083 seconds
Round 197: Accuracy = 0.4004, Decision = 0, Drift = 0.0000
Current target domain: art_painting
Round 198 took 1.959700584411621 seconds
Round 198: Accuracy = 0.4004, Decision = 0, Drift = 0.0000
Current target domain: art_painting
Round 199 took 1.862966775894165 seconds
Round 199: Accuracy = 0.4004, Decision = 0, Drift = 0.0000
Current target domain: art_painting
Average time per round: 2.699910228252411
Total time: 539.9820456504822
