Device: cuda
CUDA Version: 12.1
cuDNN Version: 8902
PyTorch Version: 2.3.0

Model used: PACSCNN_4
Initial dataset creation
Initial dataset creation
Initial loss: 0.9443321228027344
<__main__.Policy object at 0x14fbd6e656d0>
0.9443321228027344
0.0 ['sketch']
Loss historical diff: 0.0; Loss Difference: 0.0, Decision: 0
Round 1 took 3.5820815563201904s, results:
{'t': 0, 'current_accuracy': 0.7890625, 'current_loss': 0.6588378846645355, 'train_loss': None, 'decision': 0, 'drift_rate': 0.0, 'target_domains': ['cartoon']}
0.0 ['sketch']
Loss historical diff: 0.0; Loss Difference: 0.0, Decision: 0
Round 2 took 4.190892219543457s, results:
{'t': 1, 'current_accuracy': 0.7890625, 'current_loss': 0.6588376760482788, 'train_loss': None, 'decision': 0, 'drift_rate': 0.0, 'target_domains': ['cartoon']}
0.0 ['sketch']
Loss historical diff: 0.0; Loss Difference: 0.0, Decision: 0
Round 3 took 3.7245471477508545s, results:
{'t': 2, 'current_accuracy': 0.7890625, 'current_loss': 0.658837616443634, 'train_loss': None, 'decision': 0, 'drift_rate': 0.0, 'target_domains': ['cartoon']}
0.0 ['sketch']
Loss historical diff: 0.0; Loss Difference: 0.0, Decision: 0
Round 4 took 3.648313045501709s, results:
{'t': 3, 'current_accuracy': 0.7890625, 'current_loss': 0.6588374674320221, 'train_loss': None, 'decision': 0, 'drift_rate': 0.0, 'target_domains': ['cartoon']}
0.0 ['sketch']
Loss historical diff: 1.7881393432617188e-07; Loss Difference: 0.0, Decision: 0
Round 5 took 3.4076294898986816s, results:
{'t': 4, 'current_accuracy': 0.7890625, 'current_loss': 0.6588376462459564, 'train_loss': None, 'decision': 0, 'drift_rate': 0.0, 'target_domains': ['cartoon']}
0.0 ['sketch']
Loss historical diff: 1.1920928955078125e-07; Loss Difference: 0.0, Decision: 0
Round 6 took 3.555290460586548s, results:
{'t': 5, 'current_accuracy': 0.7890625, 'current_loss': 0.6588375866413116, 'train_loss': None, 'decision': 0, 'drift_rate': 0.0, 'target_domains': ['cartoon']}
0.0 ['sketch']
Loss historical diff: 1.1920928955078125e-07; Loss Difference: 0.0, Decision: 0
Round 7 took 4.017338275909424s, results:
{'t': 6, 'current_accuracy': 0.7890625, 'current_loss': 0.6588375866413116, 'train_loss': None, 'decision': 0, 'drift_rate': 0.0, 'target_domains': ['cartoon']}
0.0 ['sketch']
Loss historical diff: 1.1920928955078125e-07; Loss Difference: 0.0, Decision: 0
Round 8 took 4.049330711364746s, results:
{'t': 7, 'current_accuracy': 0.7890625, 'current_loss': 0.6588375866413116, 'train_loss': None, 'decision': 0, 'drift_rate': 0.0, 'target_domains': ['cartoon']}
0.0 ['sketch']
Loss historical diff: 0.0; Loss Difference: 0.0, Decision: 0
Round 9 took 3.803884983062744s, results:
{'t': 8, 'current_accuracy': 0.7890625, 'current_loss': 0.6588374376296997, 'train_loss': None, 'decision': 0, 'drift_rate': 0.0, 'target_domains': ['cartoon']}
0.0 ['sketch']
Loss historical diff: 1.7881393432617188e-07; Loss Difference: 0.0, Decision: 0
Round 10 took 3.9393961429595947s, results:
{'t': 9, 'current_accuracy': 0.7890625, 'current_loss': 0.658837616443634, 'train_loss': None, 'decision': 0, 'drift_rate': 0.0, 'target_domains': ['cartoon']}
0.0 ['sketch']
Loss historical diff: 1.4901161193847656e-07; Loss Difference: 0.0, Decision: 0
Round 11 took 3.861140489578247s, results:
{'t': 10, 'current_accuracy': 0.7890625, 'current_loss': 0.6588375866413116, 'train_loss': None, 'decision': 0, 'drift_rate': 0.0, 'target_domains': ['cartoon']}
0.0 ['sketch']
Loss historical diff: 0.0; Loss Difference: 0.0, Decision: 0
Round 12 took 3.970301628112793s, results:
{'t': 11, 'current_accuracy': 0.7890625, 'current_loss': 0.6588373482227325, 'train_loss': None, 'decision': 0, 'drift_rate': 0.0, 'target_domains': ['cartoon']}
0.0 ['sketch']
Loss historical diff: 2.086162567138672e-07; Loss Difference: 0.0, Decision: 0
Round 13 took 3.560243606567383s, results:
{'t': 12, 'current_accuracy': 0.7890625, 'current_loss': 0.6588375568389893, 'train_loss': None, 'decision': 0, 'drift_rate': 0.0, 'target_domains': ['cartoon']}
0.0 ['sketch']
Loss historical diff: 2.980232238769531e-07; Loss Difference: 0.0, Decision: 0
Round 14 took 4.0031187534332275s, results:
{'t': 13, 'current_accuracy': 0.7890625, 'current_loss': 0.6588376462459564, 'train_loss': None, 'decision': 0, 'drift_rate': 0.0, 'target_domains': ['cartoon']}
0.0 ['sketch']
Loss historical diff: 1.7881393432617188e-07; Loss Difference: 0.0, Decision: 0
Round 15 took 3.668243646621704s, results:
{'t': 14, 'current_accuracy': 0.7890625, 'current_loss': 0.6588375270366669, 'train_loss': None, 'decision': 0, 'drift_rate': 0.0, 'target_domains': ['cartoon']}
0.0 ['sketch']
Loss historical diff: 2.980232238769531e-07; Loss Difference: 0.0, Decision: 0
Round 16 took 3.51859450340271s, results:
{'t': 15, 'current_accuracy': 0.7890625, 'current_loss': 0.6588376462459564, 'train_loss': None, 'decision': 0, 'drift_rate': 0.0, 'target_domains': ['cartoon']}
0.0 ['sketch']
Loss historical diff: 2.384185791015625e-07; Loss Difference: 0.0, Decision: 0
Round 17 took 3.565656900405884s, results:
{'t': 16, 'current_accuracy': 0.7890625, 'current_loss': 0.6588375866413116, 'train_loss': None, 'decision': 0, 'drift_rate': 0.0, 'target_domains': ['cartoon']}
0.0 ['sketch']
Loss historical diff: 2.682209014892578e-07; Loss Difference: 0.0, Decision: 0
Round 18 took 3.8133256435394287s, results:
{'t': 17, 'current_accuracy': 0.7890625, 'current_loss': 0.658837616443634, 'train_loss': None, 'decision': 0, 'drift_rate': 0.0, 'target_domains': ['cartoon']}
0.0 ['sketch']
Loss historical diff: 2.384185791015625e-07; Loss Difference: 0.0, Decision: 0
Round 19 took 3.7850093841552734s, results:
{'t': 18, 'current_accuracy': 0.7890625, 'current_loss': 0.6588375866413116, 'train_loss': None, 'decision': 0, 'drift_rate': 0.0, 'target_domains': ['cartoon']}
0.0 ['sketch']
Loss historical diff: 3.2782554626464844e-07; Loss Difference: 0.0, Decision: 0
Round 20 took 3.476172924041748s, results:
{'t': 19, 'current_accuracy': 0.7890625, 'current_loss': 0.6588376760482788, 'train_loss': None, 'decision': 0, 'drift_rate': 0.0, 'target_domains': ['cartoon']}
0.0 ['sketch']
Loss historical diff: 3.8743019104003906e-07; Loss Difference: 0.0, Decision: 0
Round 21 took 3.7767064571380615s, results:
{'t': 20, 'current_accuracy': 0.7890625, 'current_loss': 0.6588377356529236, 'train_loss': None, 'decision': 0, 'drift_rate': 0.0, 'target_domains': ['cartoon']}
0.0 ['sketch']
Loss historical diff: 2.980232238769531e-07; Loss Difference: 0.0, Decision: 0
Round 22 took 4.218024969100952s, results:
{'t': 21, 'current_accuracy': 0.7890625, 'current_loss': 0.6588376462459564, 'train_loss': None, 'decision': 0, 'drift_rate': 0.0, 'target_domains': ['cartoon']}
0.0 ['sketch']
Loss historical diff: 2.682209014892578e-07; Loss Difference: 0.0, Decision: 0
Round 23 took 3.9363651275634766s, results:
{'t': 22, 'current_accuracy': 0.7890625, 'current_loss': 0.658837616443634, 'train_loss': None, 'decision': 0, 'drift_rate': 0.0, 'target_domains': ['cartoon']}
0.0 ['sketch']
Loss historical diff: 2.682209014892578e-07; Loss Difference: 0.0, Decision: 0
Round 24 took 3.6805050373077393s, results:
{'t': 23, 'current_accuracy': 0.7890625, 'current_loss': 0.658837616443634, 'train_loss': None, 'decision': 0, 'drift_rate': 0.0, 'target_domains': ['cartoon']}
0.0 ['sketch']
Loss historical diff: 2.682209014892578e-07; Loss Difference: 0.0, Decision: 0
Round 25 took 3.405531644821167s, results:
{'t': 24, 'current_accuracy': 0.7890625, 'current_loss': 0.658837616443634, 'train_loss': None, 'decision': 0, 'drift_rate': 0.0, 'target_domains': ['cartoon']}
0.0 ['sketch']
Loss historical diff: 2.980232238769531e-07; Loss Difference: 0.0, Decision: 0
Round 26 took 3.599034070968628s, results:
{'t': 25, 'current_accuracy': 0.7890625, 'current_loss': 0.6588376462459564, 'train_loss': None, 'decision': 0, 'drift_rate': 0.0, 'target_domains': ['cartoon']}
0.0 ['sketch']
Loss historical diff: 2.682209014892578e-07; Loss Difference: 0.0, Decision: 0
Round 27 took 3.589261770248413s, results:
{'t': 26, 'current_accuracy': 0.7890625, 'current_loss': 0.658837616443634, 'train_loss': None, 'decision': 0, 'drift_rate': 0.0, 'target_domains': ['cartoon']}
0.0 ['sketch']
Loss historical diff: 2.086162567138672e-07; Loss Difference: 0.0, Decision: 0
Round 28 took 3.413736581802368s, results:
{'t': 27, 'current_accuracy': 0.7890625, 'current_loss': 0.6588375568389893, 'train_loss': None, 'decision': 0, 'drift_rate': 0.0, 'target_domains': ['cartoon']}
0.0 ['sketch']
Loss historical diff: 2.384185791015625e-07; Loss Difference: 0.0, Decision: 0
Round 29 took 3.4565563201904297s, results:
{'t': 28, 'current_accuracy': 0.7890625, 'current_loss': 0.6588375866413116, 'train_loss': None, 'decision': 0, 'drift_rate': 0.0, 'target_domains': ['cartoon']}
0.0 ['sketch']
Loss historical diff: 3.5762786865234375e-07; Loss Difference: 0.0, Decision: 0
Round 30 took 3.5372703075408936s, results:
{'t': 29, 'current_accuracy': 0.7890625, 'current_loss': 0.6588377058506012, 'train_loss': None, 'decision': 0, 'drift_rate': 0.0, 'target_domains': ['cartoon']}
0.0 ['sketch']
Loss historical diff: 2.682209014892578e-07; Loss Difference: 0.0, Decision: 0
Round 31 took 3.3410301208496094s, results:
{'t': 30, 'current_accuracy': 0.7890625, 'current_loss': 0.658837616443634, 'train_loss': None, 'decision': 0, 'drift_rate': 0.0, 'target_domains': ['cartoon']}
0.0 ['sketch']
Loss historical diff: 1.7881393432617188e-07; Loss Difference: 0.0, Decision: 0
Round 32 took 3.4269914627075195s, results:
{'t': 31, 'current_accuracy': 0.7890625, 'current_loss': 0.6588375270366669, 'train_loss': None, 'decision': 0, 'drift_rate': 0.0, 'target_domains': ['cartoon']}
0.0 ['sketch']
Loss historical diff: 3.2782554626464844e-07; Loss Difference: 0.0, Decision: 0
Round 33 took 3.561713933944702s, results:
{'t': 32, 'current_accuracy': 0.7890625, 'current_loss': 0.6588376760482788, 'train_loss': None, 'decision': 0, 'drift_rate': 0.0, 'target_domains': ['cartoon']}
0.0 ['sketch']
Loss historical diff: 2.682209014892578e-07; Loss Difference: 0.0, Decision: 0
Round 34 took 3.5913379192352295s, results:
{'t': 33, 'current_accuracy': 0.7890625, 'current_loss': 0.658837616443634, 'train_loss': None, 'decision': 0, 'drift_rate': 0.0, 'target_domains': ['cartoon']}
0.0 ['sketch']
Loss historical diff: 2.682209014892578e-07; Loss Difference: 0.0, Decision: 0
Round 35 took 3.9978251457214355s, results:
{'t': 34, 'current_accuracy': 0.7890625, 'current_loss': 0.658837616443634, 'train_loss': None, 'decision': 0, 'drift_rate': 0.0, 'target_domains': ['cartoon']}
0.0 ['sketch']
Loss historical diff: 2.980232238769531e-07; Loss Difference: 0.0, Decision: 0
Round 36 took 4.021044492721558s, results:
{'t': 35, 'current_accuracy': 0.7890625, 'current_loss': 0.6588376462459564, 'train_loss': None, 'decision': 0, 'drift_rate': 0.0, 'target_domains': ['cartoon']}
0.0 ['sketch']
Loss historical diff: 3.2782554626464844e-07; Loss Difference: 0.0, Decision: 0
Round 37 took 3.5639798641204834s, results:
{'t': 36, 'current_accuracy': 0.7890625, 'current_loss': 0.6588376760482788, 'train_loss': None, 'decision': 0, 'drift_rate': 0.0, 'target_domains': ['cartoon']}
0.0 ['sketch']
Loss historical diff: 2.682209014892578e-07; Loss Difference: 0.0, Decision: 0
Round 38 took 3.4848415851593018s, results:
{'t': 37, 'current_accuracy': 0.7890625, 'current_loss': 0.658837616443634, 'train_loss': None, 'decision': 0, 'drift_rate': 0.0, 'target_domains': ['cartoon']}
0.0 ['sketch']
Loss historical diff: 2.980232238769531e-07; Loss Difference: 0.0, Decision: 0
Round 39 took 3.3889825344085693s, results:
{'t': 38, 'current_accuracy': 0.7890625, 'current_loss': 0.6588376462459564, 'train_loss': None, 'decision': 0, 'drift_rate': 0.0, 'target_domains': ['cartoon']}
0.0 ['sketch']
Loss historical diff: 2.384185791015625e-07; Loss Difference: 0.0, Decision: 0
Round 40 took 3.643040418624878s, results:
{'t': 39, 'current_accuracy': 0.7890625, 'current_loss': 0.6588375866413116, 'train_loss': None, 'decision': 0, 'drift_rate': 0.0, 'target_domains': ['cartoon']}
0.0 ['sketch']
Loss historical diff: 2.384185791015625e-07; Loss Difference: 0.0, Decision: 0
Round 41 took 3.5237925052642822s, results:
{'t': 40, 'current_accuracy': 0.7890625, 'current_loss': 0.6588375866413116, 'train_loss': None, 'decision': 0, 'drift_rate': 0.0, 'target_domains': ['cartoon']}
0.0 ['sketch']
Loss historical diff: 2.086162567138672e-07; Loss Difference: 0.0, Decision: 0
Round 42 took 3.833355665206909s, results:
{'t': 41, 'current_accuracy': 0.7890625, 'current_loss': 0.6588375568389893, 'train_loss': None, 'decision': 0, 'drift_rate': 0.0, 'target_domains': ['cartoon']}
0.0 ['sketch']
Loss historical diff: 2.682209014892578e-07; Loss Difference: 0.0, Decision: 0
Round 43 took 3.3008861541748047s, results:
{'t': 42, 'current_accuracy': 0.7890625, 'current_loss': 0.658837616443634, 'train_loss': None, 'decision': 0, 'drift_rate': 0.0, 'target_domains': ['cartoon']}
0.0 ['sketch']
Loss historical diff: 2.384185791015625e-07; Loss Difference: 0.0, Decision: 0
Round 44 took 3.735827922821045s, results:
{'t': 43, 'current_accuracy': 0.7890625, 'current_loss': 0.6588375866413116, 'train_loss': None, 'decision': 0, 'drift_rate': 0.0, 'target_domains': ['cartoon']}
0.0 ['sketch']
Loss historical diff: 1.1920928955078125e-07; Loss Difference: 0.0, Decision: 0
Round 45 took 3.7505762577056885s, results:
{'t': 44, 'current_accuracy': 0.7890625, 'current_loss': 0.6588374674320221, 'train_loss': None, 'decision': 0, 'drift_rate': 0.0, 'target_domains': ['cartoon']}
0.0 ['sketch']
Loss historical diff: 2.980232238769531e-07; Loss Difference: 0.0, Decision: 0
Round 46 took 3.5334205627441406s, results:
{'t': 45, 'current_accuracy': 0.7890625, 'current_loss': 0.6588376462459564, 'train_loss': None, 'decision': 0, 'drift_rate': 0.0, 'target_domains': ['cartoon']}
0.0 ['sketch']
Loss historical diff: 2.682209014892578e-07; Loss Difference: 0.0, Decision: 0
Round 47 took 3.3349812030792236s, results:
{'t': 46, 'current_accuracy': 0.7890625, 'current_loss': 0.658837616443634, 'train_loss': None, 'decision': 0, 'drift_rate': 0.0, 'target_domains': ['cartoon']}
0.0 ['sketch']
Loss historical diff: 1.7881393432617188e-07; Loss Difference: 0.0, Decision: 0
Round 48 took 3.460620164871216s, results:
{'t': 47, 'current_accuracy': 0.7890625, 'current_loss': 0.6588375270366669, 'train_loss': None, 'decision': 0, 'drift_rate': 0.0, 'target_domains': ['cartoon']}
0.0 ['sketch']
Loss historical diff: 8.642673492431641e-07; Loss Difference: 0.0, Decision: 0
Round 49 took 3.452030897140503s, results:
{'t': 48, 'current_accuracy': 0.7890625, 'current_loss': 0.6588382124900818, 'train_loss': None, 'decision': 0, 'drift_rate': 0.0, 'target_domains': ['cartoon']}
0.0 ['sketch']
Loss historical diff: 3.2782554626464844e-07; Loss Difference: 0.0, Decision: 0
Round 50 took 3.4655649662017822s, results:
{'t': 49, 'current_accuracy': 0.7890625, 'current_loss': 0.6588376760482788, 'train_loss': None, 'decision': 0, 'drift_rate': 0.0, 'target_domains': ['cartoon']}
0.0 ['sketch']
Loss historical diff: 3.5762786865234375e-07; Loss Difference: 0.0, Decision: 0
Round 51 took 3.5077364444732666s, results:
{'t': 50, 'current_accuracy': 0.7890625, 'current_loss': 0.6588377058506012, 'train_loss': None, 'decision': 0, 'drift_rate': 0.0, 'target_domains': ['cartoon']}
0.0 ['sketch']
Loss historical diff: 1.4901161193847656e-07; Loss Difference: 0.0, Decision: 0
Round 52 took 3.667518377304077s, results:
{'t': 51, 'current_accuracy': 0.7890625, 'current_loss': 0.6588374972343445, 'train_loss': None, 'decision': 0, 'drift_rate': 0.0, 'target_domains': ['cartoon']}
0.0 ['sketch']
Loss historical diff: 2.980232238769531e-07; Loss Difference: 0.0, Decision: 0
Round 53 took 3.457901954650879s, results:
{'t': 52, 'current_accuracy': 0.7890625, 'current_loss': 0.6588376462459564, 'train_loss': None, 'decision': 0, 'drift_rate': 0.0, 'target_domains': ['cartoon']}
0.0 ['sketch']
Loss historical diff: 3.5762786865234375e-07; Loss Difference: 0.0, Decision: 0
Round 54 took 3.758857250213623s, results:
{'t': 53, 'current_accuracy': 0.7890625, 'current_loss': 0.6588377058506012, 'train_loss': None, 'decision': 0, 'drift_rate': 0.0, 'target_domains': ['cartoon']}
0.0 ['sketch']
Loss historical diff: 3.5762786865234375e-07; Loss Difference: 0.0, Decision: 0
Round 55 took 3.671663761138916s, results:
{'t': 54, 'current_accuracy': 0.7890625, 'current_loss': 0.6588377058506012, 'train_loss': None, 'decision': 0, 'drift_rate': 0.0, 'target_domains': ['cartoon']}
0.0 ['sketch']
Loss historical diff: 2.384185791015625e-07; Loss Difference: 0.0, Decision: 0
Round 56 took 3.6727137565612793s, results:
{'t': 55, 'current_accuracy': 0.7890625, 'current_loss': 0.6588375866413116, 'train_loss': None, 'decision': 0, 'drift_rate': 0.0, 'target_domains': ['cartoon']}
0.0 ['sketch']
Loss historical diff: 1.4901161193847656e-07; Loss Difference: 0.0, Decision: 0
Round 57 took 3.6690452098846436s, results:
{'t': 56, 'current_accuracy': 0.7890625, 'current_loss': 0.6588374972343445, 'train_loss': None, 'decision': 0, 'drift_rate': 0.0, 'target_domains': ['cartoon']}
0.0 ['sketch']
Loss historical diff: 3.2782554626464844e-07; Loss Difference: 0.0, Decision: 0
Round 58 took 3.445767879486084s, results:
{'t': 57, 'current_accuracy': 0.7890625, 'current_loss': 0.6588376760482788, 'train_loss': None, 'decision': 0, 'drift_rate': 0.0, 'target_domains': ['cartoon']}
0.0 ['sketch']
Loss historical diff: 2.980232238769531e-07; Loss Difference: 0.0, Decision: 0
Round 59 took 3.6617653369903564s, results:
{'t': 58, 'current_accuracy': 0.7890625, 'current_loss': 0.6588376462459564, 'train_loss': None, 'decision': 0, 'drift_rate': 0.0, 'target_domains': ['cartoon']}
0.0 ['sketch']
Loss historical diff: 3.8743019104003906e-07; Loss Difference: 0.0, Decision: 0
Round 60 took 3.378847360610962s, results:
{'t': 59, 'current_accuracy': 0.7890625, 'current_loss': 0.6588377356529236, 'train_loss': None, 'decision': 0, 'drift_rate': 0.0, 'target_domains': ['cartoon']}
0.006 ['cartoon']
Loss historical diff: 2.086162567138672e-07; Loss Difference: 0.0, Decision: 0
Round 61 took 3.4055593013763428s, results:
{'t': 60, 'current_accuracy': 0.7890625, 'current_loss': 0.6588375568389893, 'train_loss': None, 'decision': 0, 'drift_rate': 0.006, 'target_domains': ['cartoon']}
0.006 ['cartoon']
Loss historical diff: 2.384185791015625e-07; Loss Difference: 0.0, Decision: 0
Round 62 took 3.763981819152832s, results:
{'t': 61, 'current_accuracy': 0.7890625, 'current_loss': 0.6588375866413116, 'train_loss': None, 'decision': 0, 'drift_rate': 0.006, 'target_domains': ['cartoon']}
0.006 ['cartoon']
Loss historical diff: 3.5762786865234375e-07; Loss Difference: 0.0, Decision: 0
Round 63 took 3.6915171146392822s, results:
{'t': 62, 'current_accuracy': 0.7890625, 'current_loss': 0.6588377058506012, 'train_loss': None, 'decision': 0, 'drift_rate': 0.006, 'target_domains': ['cartoon']}
0.006 ['cartoon']
Loss historical diff: 2.384185791015625e-07; Loss Difference: 0.0, Decision: 0
Round 64 took 3.4085028171539307s, results:
{'t': 63, 'current_accuracy': 0.7890625, 'current_loss': 0.6588375866413116, 'train_loss': None, 'decision': 0, 'drift_rate': 0.006, 'target_domains': ['cartoon']}
0.006 ['cartoon']
Loss historical diff: 2.980232238769531e-07; Loss Difference: 0.0, Decision: 0
Round 65 took 3.3460640907287598s, results:
{'t': 64, 'current_accuracy': 0.7890625, 'current_loss': 0.6588376462459564, 'train_loss': None, 'decision': 0, 'drift_rate': 0.006, 'target_domains': ['cartoon']}
0.006 ['cartoon']
Loss historical diff: 2.980232238769531e-07; Loss Difference: 0.0, Decision: 0
Round 66 took 3.9016642570495605s, results:
{'t': 65, 'current_accuracy': 0.7890625, 'current_loss': 0.6588376462459564, 'train_loss': None, 'decision': 0, 'drift_rate': 0.006, 'target_domains': ['cartoon']}
0.006 ['cartoon']
Loss historical diff: 3.5762786865234375e-07; Loss Difference: 0.0, Decision: 0
Round 67 took 3.4967973232269287s, results:
{'t': 66, 'current_accuracy': 0.7890625, 'current_loss': 0.6588377058506012, 'train_loss': None, 'decision': 0, 'drift_rate': 0.006, 'target_domains': ['cartoon']}
0.006 ['cartoon']
Loss historical diff: 2.682209014892578e-07; Loss Difference: 0.0, Decision: 0
Round 68 took 3.8086559772491455s, results:
{'t': 67, 'current_accuracy': 0.7890625, 'current_loss': 0.658837616443634, 'train_loss': None, 'decision': 0, 'drift_rate': 0.006, 'target_domains': ['cartoon']}
0.006 ['cartoon']
Loss historical diff: 2.980232238769531e-07; Loss Difference: 0.0, Decision: 0
Round 69 took 3.790104866027832s, results:
{'t': 68, 'current_accuracy': 0.7890625, 'current_loss': 0.6588376462459564, 'train_loss': None, 'decision': 0, 'drift_rate': 0.006, 'target_domains': ['cartoon']}
0.006 ['cartoon']
Loss historical diff: 2.384185791015625e-07; Loss Difference: 0.0, Decision: 0
Round 70 took 3.550445556640625s, results:
{'t': 69, 'current_accuracy': 0.7890625, 'current_loss': 0.6588375866413116, 'train_loss': None, 'decision': 0, 'drift_rate': 0.006, 'target_domains': ['cartoon']}
0.006 ['cartoon']
Loss historical diff: 3.8743019104003906e-07; Loss Difference: 0.0, Decision: 0
Round 71 took 3.459300994873047s, results:
{'t': 70, 'current_accuracy': 0.7890625, 'current_loss': 0.6588377356529236, 'train_loss': None, 'decision': 0, 'drift_rate': 0.006, 'target_domains': ['cartoon']}
0.006 ['cartoon']
Loss historical diff: 2.682209014892578e-07; Loss Difference: 0.0, Decision: 0
Round 72 took 3.5328807830810547s, results:
{'t': 71, 'current_accuracy': 0.7890625, 'current_loss': 0.658837616443634, 'train_loss': None, 'decision': 0, 'drift_rate': 0.006, 'target_domains': ['cartoon']}
0.006 ['cartoon']
Loss historical diff: 2.980232238769531e-07; Loss Difference: 0.0, Decision: 0
Round 73 took 3.3439579010009766s, results:
{'t': 72, 'current_accuracy': 0.7890625, 'current_loss': 0.6588376462459564, 'train_loss': None, 'decision': 0, 'drift_rate': 0.006, 'target_domains': ['cartoon']}
0.006 ['cartoon']
Loss historical diff: 2.682209014892578e-07; Loss Difference: 0.0, Decision: 0
Round 74 took 3.3593361377716064s, results:
{'t': 73, 'current_accuracy': 0.7890625, 'current_loss': 0.658837616443634, 'train_loss': None, 'decision': 0, 'drift_rate': 0.006, 'target_domains': ['cartoon']}
0.006 ['cartoon']
Loss historical diff: 3.2782554626464844e-07; Loss Difference: 0.0, Decision: 0
Round 75 took 3.4780995845794678s, results:
{'t': 74, 'current_accuracy': 0.7890625, 'current_loss': 0.6588376760482788, 'train_loss': None, 'decision': 0, 'drift_rate': 0.006, 'target_domains': ['cartoon']}
0.006 ['cartoon']
Loss historical diff: 2.086162567138672e-07; Loss Difference: 0.0, Decision: 0
Round 76 took 3.4344899654388428s, results:
{'t': 75, 'current_accuracy': 0.7890625, 'current_loss': 0.6588375568389893, 'train_loss': None, 'decision': 0, 'drift_rate': 0.006, 'target_domains': ['cartoon']}
0.006 ['cartoon']
Loss historical diff: 3.2782554626464844e-07; Loss Difference: 0.0, Decision: 0
Round 77 took 3.551896572113037s, results:
{'t': 76, 'current_accuracy': 0.7890625, 'current_loss': 0.6588376760482788, 'train_loss': None, 'decision': 0, 'drift_rate': 0.006, 'target_domains': ['cartoon']}
0.006 ['cartoon']
Loss historical diff: 2.384185791015625e-07; Loss Difference: 0.0, Decision: 0
Round 78 took 3.433807611465454s, results:
{'t': 77, 'current_accuracy': 0.7890625, 'current_loss': 0.6588375866413116, 'train_loss': None, 'decision': 0, 'drift_rate': 0.006, 'target_domains': ['cartoon']}
0.006 ['cartoon']
Loss historical diff: 4.76837158203125e-07; Loss Difference: 0.0, Decision: 0
Round 79 took 3.58125638961792s, results:
{'t': 78, 'current_accuracy': 0.7890625, 'current_loss': 0.6588378250598907, 'train_loss': None, 'decision': 0, 'drift_rate': 0.006, 'target_domains': ['cartoon']}
0.006 ['cartoon']
Loss historical diff: 4.172325134277344e-07; Loss Difference: 0.0, Decision: 0
Round 80 took 3.570119857788086s, results:
{'t': 79, 'current_accuracy': 0.7890625, 'current_loss': 0.658837765455246, 'train_loss': None, 'decision': 0, 'drift_rate': 0.006, 'target_domains': ['cartoon']}
0.006 ['cartoon']
Loss historical diff: 2.086162567138672e-07; Loss Difference: 0.0, Decision: 0
Round 81 took 3.4229280948638916s, results:
{'t': 80, 'current_accuracy': 0.7890625, 'current_loss': 0.6588375568389893, 'train_loss': None, 'decision': 0, 'drift_rate': 0.006, 'target_domains': ['cartoon']}
0.006 ['cartoon']
Loss historical diff: 2.384185791015625e-07; Loss Difference: 0.0, Decision: 0
Round 82 took 3.5346972942352295s, results:
{'t': 81, 'current_accuracy': 0.7890625, 'current_loss': 0.6588375866413116, 'train_loss': None, 'decision': 0, 'drift_rate': 0.006, 'target_domains': ['cartoon']}
0.006 ['cartoon']
Loss historical diff: 1.7881393432617188e-07; Loss Difference: 0.0, Decision: 0
Round 83 took 3.5334973335266113s, results:
{'t': 82, 'current_accuracy': 0.7890625, 'current_loss': 0.6588375270366669, 'train_loss': None, 'decision': 0, 'drift_rate': 0.006, 'target_domains': ['cartoon']}
0.006 ['cartoon']
Loss historical diff: 4.76837158203125e-07; Loss Difference: 0.0, Decision: 0
Round 84 took 3.4764442443847656s, results:
{'t': 83, 'current_accuracy': 0.7890625, 'current_loss': 0.6588378250598907, 'train_loss': None, 'decision': 0, 'drift_rate': 0.006, 'target_domains': ['cartoon']}
0.006 ['cartoon']
Loss historical diff: 2.980232238769531e-07; Loss Difference: 0.0, Decision: 0
Round 85 took 3.7802820205688477s, results:
{'t': 84, 'current_accuracy': 0.7890625, 'current_loss': 0.6588376462459564, 'train_loss': None, 'decision': 0, 'drift_rate': 0.006, 'target_domains': ['cartoon']}
0.006 ['cartoon']
Loss historical diff: 2.384185791015625e-07; Loss Difference: 0.0, Decision: 0
Round 86 took 3.630512237548828s, results:
{'t': 85, 'current_accuracy': 0.7890625, 'current_loss': 0.6588375866413116, 'train_loss': None, 'decision': 0, 'drift_rate': 0.006, 'target_domains': ['cartoon']}
0.006 ['cartoon']
Loss historical diff: 2.682209014892578e-07; Loss Difference: 0.0, Decision: 0
Round 87 took 3.3320322036743164s, results:
{'t': 86, 'current_accuracy': 0.7890625, 'current_loss': 0.658837616443634, 'train_loss': None, 'decision': 0, 'drift_rate': 0.006, 'target_domains': ['cartoon']}
0.006 ['cartoon']
Loss historical diff: 2.980232238769531e-07; Loss Difference: 0.0, Decision: 0
Round 88 took 3.5771775245666504s, results:
{'t': 87, 'current_accuracy': 0.7890625, 'current_loss': 0.6588376462459564, 'train_loss': None, 'decision': 0, 'drift_rate': 0.006, 'target_domains': ['cartoon']}
0.006 ['cartoon']
Loss historical diff: 3.5762786865234375e-07; Loss Difference: 0.0, Decision: 1
Average loss over 5 updates: 0.6208
Round 89 took 5.829567909240723s, results:
{'t': 88, 'current_accuracy': 0.7890625, 'current_loss': 0.6588377058506012, 'train_loss': 0.6208214402198792, 'decision': 1, 'drift_rate': 0.006, 'target_domains': ['cartoon']}
0.006 ['cartoon']
Loss historical diff: 0.0; Loss Difference: 0.0, Decision: 0
Round 90 took 3.519503116607666s, results:
{'t': 89, 'current_accuracy': 0.84375, 'current_loss': 0.4413122981786728, 'train_loss': None, 'decision': 0, 'drift_rate': 0.006, 'target_domains': ['cartoon']}
0.006 ['cartoon']
Loss historical diff: 2.9802322387695312e-08; Loss Difference: 0.0, Decision: 0
Round 91 took 3.461413860321045s, results:
{'t': 90, 'current_accuracy': 0.84375, 'current_loss': 0.4413123279809952, 'train_loss': None, 'decision': 0, 'drift_rate': 0.006, 'target_domains': ['cartoon']}
0.006 ['cartoon']
Loss historical diff: 7.450580596923828e-08; Loss Difference: 0.0, Decision: 0
Round 92 took 3.591914653778076s, results:
{'t': 91, 'current_accuracy': 0.84375, 'current_loss': 0.44131237268447876, 'train_loss': None, 'decision': 0, 'drift_rate': 0.006, 'target_domains': ['cartoon']}
0.006 ['cartoon']
Loss historical diff: 1.4901161193847656e-08; Loss Difference: 0.0, Decision: 0
Round 93 took 3.657081365585327s, results:
{'t': 92, 'current_accuracy': 0.84375, 'current_loss': 0.441312313079834, 'train_loss': None, 'decision': 0, 'drift_rate': 0.006, 'target_domains': ['cartoon']}
0.006 ['cartoon']
Loss historical diff: 1.4901161193847656e-08; Loss Difference: 0.0, Decision: 0
Round 94 took 3.6764538288116455s, results:
{'t': 93, 'current_accuracy': 0.84375, 'current_loss': 0.441312313079834, 'train_loss': None, 'decision': 0, 'drift_rate': 0.006, 'target_domains': ['cartoon']}
0.006 ['cartoon']
Loss historical diff: 5.960464477539063e-08; Loss Difference: 0.0, Decision: 0
Round 95 took 3.648798942565918s, results:
{'t': 94, 'current_accuracy': 0.84375, 'current_loss': 0.44131235778331757, 'train_loss': None, 'decision': 0, 'drift_rate': 0.006, 'target_domains': ['cartoon']}
0.006 ['cartoon']
Loss historical diff: 4.470348358154297e-08; Loss Difference: 0.0, Decision: 0
Round 96 took 3.597402572631836s, results:
{'t': 95, 'current_accuracy': 0.84375, 'current_loss': 0.44131234288215637, 'train_loss': None, 'decision': 0, 'drift_rate': 0.006, 'target_domains': ['cartoon']}
0.006 ['cartoon']
Loss historical diff: 2.9802322387695312e-08; Loss Difference: 0.0, Decision: 0
Round 97 took 3.3973405361175537s, results:
{'t': 96, 'current_accuracy': 0.84375, 'current_loss': 0.4413123279809952, 'train_loss': None, 'decision': 0, 'drift_rate': 0.006, 'target_domains': ['cartoon']}
0.006 ['cartoon']
Loss historical diff: 5.960464477539063e-08; Loss Difference: 0.0, Decision: 0
Round 98 took 3.847402572631836s, results:
{'t': 97, 'current_accuracy': 0.84375, 'current_loss': 0.44131235778331757, 'train_loss': None, 'decision': 0, 'drift_rate': 0.006, 'target_domains': ['cartoon']}
0.006 ['cartoon']
Loss historical diff: 1.043081283569336e-07; Loss Difference: 0.0, Decision: 0
Round 99 took 4.121591091156006s, results:
{'t': 98, 'current_accuracy': 0.84375, 'current_loss': 0.44131240248680115, 'train_loss': None, 'decision': 0, 'drift_rate': 0.006, 'target_domains': ['cartoon']}
0.006 ['cartoon']
Loss historical diff: 5.960464477539063e-08; Loss Difference: 0.0, Decision: 0
Round 100 took 3.4212653636932373s, results:
{'t': 99, 'current_accuracy': 0.84375, 'current_loss': 0.44131235778331757, 'train_loss': None, 'decision': 0, 'drift_rate': 0.006, 'target_domains': ['cartoon']}
0.006 ['cartoon']
Loss historical diff: 1.4901161193847656e-08; Loss Difference: 0.0, Decision: 0
Round 101 took 4.179434061050415s, results:
{'t': 100, 'current_accuracy': 0.84375, 'current_loss': 0.441312313079834, 'train_loss': None, 'decision': 0, 'drift_rate': 0.006, 'target_domains': ['cartoon']}
0.006 ['cartoon']
Loss historical diff: 0.0; Loss Difference: 0.0, Decision: 0
Round 102 took 3.838717222213745s, results:
{'t': 101, 'current_accuracy': 0.84375, 'current_loss': 0.4413122981786728, 'train_loss': None, 'decision': 0, 'drift_rate': 0.006, 'target_domains': ['cartoon']}
0.006 ['cartoon']
Loss historical diff: 1.4901161193847656e-08; Loss Difference: 0.0, Decision: 0
Round 103 took 3.715843915939331s, results:
{'t': 102, 'current_accuracy': 0.84375, 'current_loss': 0.441312313079834, 'train_loss': None, 'decision': 0, 'drift_rate': 0.006, 'target_domains': ['cartoon']}
0.006 ['cartoon']
Loss historical diff: 5.960464477539063e-08; Loss Difference: 0.0, Decision: 0
Round 104 took 3.7818949222564697s, results:
{'t': 103, 'current_accuracy': 0.84375, 'current_loss': 0.44131235778331757, 'train_loss': None, 'decision': 0, 'drift_rate': 0.006, 'target_domains': ['cartoon']}
0.006 ['cartoon']
Loss historical diff: 0.0; Loss Difference: 0.0, Decision: 0
Round 105 took 3.519390344619751s, results:
{'t': 104, 'current_accuracy': 0.84375, 'current_loss': 0.4413122981786728, 'train_loss': None, 'decision': 0, 'drift_rate': 0.006, 'target_domains': ['cartoon']}
0.006 ['cartoon']
Loss historical diff: 0.0; Loss Difference: 0.0, Decision: 0
Round 106 took 3.7182679176330566s, results:
{'t': 105, 'current_accuracy': 0.84375, 'current_loss': 0.4413122981786728, 'train_loss': None, 'decision': 0, 'drift_rate': 0.006, 'target_domains': ['cartoon']}
0.006 ['cartoon']
Loss historical diff: 4.470348358154297e-08; Loss Difference: 0.0, Decision: 0
Round 107 took 3.486262321472168s, results:
{'t': 106, 'current_accuracy': 0.84375, 'current_loss': 0.44131234288215637, 'train_loss': None, 'decision': 0, 'drift_rate': 0.006, 'target_domains': ['cartoon']}
0.006 ['cartoon']
Loss historical diff: 4.470348358154297e-08; Loss Difference: 0.0, Decision: 0
Round 108 took 3.478806495666504s, results:
{'t': 107, 'current_accuracy': 0.84375, 'current_loss': 0.44131234288215637, 'train_loss': None, 'decision': 0, 'drift_rate': 0.006, 'target_domains': ['cartoon']}
0.006 ['cartoon']
Loss historical diff: 1.4901161193847656e-08; Loss Difference: 0.0, Decision: 0
Round 109 took 3.348816156387329s, results:
{'t': 108, 'current_accuracy': 0.84375, 'current_loss': 0.441312313079834, 'train_loss': None, 'decision': 0, 'drift_rate': 0.006, 'target_domains': ['cartoon']}
0.006 ['cartoon']
Loss historical diff: 1.4901161193847656e-08; Loss Difference: 0.0, Decision: 0
Round 110 took 3.5503766536712646s, results:
{'t': 109, 'current_accuracy': 0.84375, 'current_loss': 0.441312313079834, 'train_loss': None, 'decision': 0, 'drift_rate': 0.006, 'target_domains': ['cartoon']}
0.006 ['cartoon']
Loss historical diff: 1.1920928955078125e-07; Loss Difference: 0.0, Decision: 0
Round 111 took 3.3595876693725586s, results:
{'t': 110, 'current_accuracy': 0.84375, 'current_loss': 0.44131241738796234, 'train_loss': None, 'decision': 0, 'drift_rate': 0.006, 'target_domains': ['cartoon']}
0.006 ['cartoon']
Loss historical diff: 4.470348358154297e-08; Loss Difference: 0.0, Decision: 0
Round 112 took 3.887972831726074s, results:
{'t': 111, 'current_accuracy': 0.84375, 'current_loss': 0.44131234288215637, 'train_loss': None, 'decision': 0, 'drift_rate': 0.006, 'target_domains': ['cartoon']}
0.006 ['cartoon']
Loss historical diff: 4.470348358154297e-08; Loss Difference: 0.0, Decision: 0
Round 113 took 3.6932716369628906s, results:
{'t': 112, 'current_accuracy': 0.84375, 'current_loss': 0.44131234288215637, 'train_loss': None, 'decision': 0, 'drift_rate': 0.006, 'target_domains': ['cartoon']}
0.006 ['cartoon']
Loss historical diff: 8.940696716308594e-08; Loss Difference: 0.0, Decision: 0
Round 114 took 3.46524715423584s, results:
{'t': 113, 'current_accuracy': 0.84375, 'current_loss': 0.44131238758563995, 'train_loss': None, 'decision': 0, 'drift_rate': 0.006, 'target_domains': ['cartoon']}
0.006 ['cartoon']
Loss historical diff: 5.960464477539063e-08; Loss Difference: 0.0, Decision: 0
Round 115 took 3.619894027709961s, results:
{'t': 114, 'current_accuracy': 0.84375, 'current_loss': 0.44131235778331757, 'train_loss': None, 'decision': 0, 'drift_rate': 0.006, 'target_domains': ['cartoon']}
0.006 ['cartoon']
Loss historical diff: 1.4901161193847656e-08; Loss Difference: 0.0, Decision: 0
Round 116 took 3.5184381008148193s, results:
{'t': 115, 'current_accuracy': 0.84375, 'current_loss': 0.441312313079834, 'train_loss': None, 'decision': 0, 'drift_rate': 0.006, 'target_domains': ['cartoon']}
0.006 ['cartoon']
Loss historical diff: 5.960464477539063e-08; Loss Difference: 0.0, Decision: 0
Round 117 took 3.494764804840088s, results:
{'t': 116, 'current_accuracy': 0.84375, 'current_loss': 0.44131235778331757, 'train_loss': None, 'decision': 0, 'drift_rate': 0.006, 'target_domains': ['cartoon']}
0.006 ['cartoon']
Loss historical diff: 2.9802322387695312e-08; Loss Difference: 0.0, Decision: 0
Round 118 took 3.549745798110962s, results:
{'t': 117, 'current_accuracy': 0.84375, 'current_loss': 0.4413123279809952, 'train_loss': None, 'decision': 0, 'drift_rate': 0.006, 'target_domains': ['cartoon']}
0.006 ['cartoon']
Loss historical diff: 7.450580596923828e-08; Loss Difference: 0.0, Decision: 0
Round 119 took 3.5142252445220947s, results:
{'t': 118, 'current_accuracy': 0.84375, 'current_loss': 0.44131237268447876, 'train_loss': None, 'decision': 0, 'drift_rate': 0.006, 'target_domains': ['cartoon']}
0.006 ['cartoon']
Loss historical diff: 0.0; Loss Difference: 0.0, Decision: 0
Round 120 took 3.87907075881958s, results:
{'t': 119, 'current_accuracy': 0.84375, 'current_loss': 0.4413122981786728, 'train_loss': None, 'decision': 0, 'drift_rate': 0.006, 'target_domains': ['cartoon']}
0.008 ['art_painting']
Loss historical diff: 0.0392116904258728; Loss Difference: 0.0, Decision: 0
Round 121 took 3.755347967147827s, results:
{'t': 120, 'current_accuracy': 0.83984375, 'current_loss': 0.4805239886045456, 'train_loss': None, 'decision': 0, 'drift_rate': 0.008, 'target_domains': ['art_painting']}
0.008 ['art_painting']
Loss historical diff: 0.05445374548435211; Loss Difference: 0.0, Decision: 0
Round 122 took 3.425832748413086s, results:
{'t': 121, 'current_accuracy': 0.8359375, 'current_loss': 0.4957660436630249, 'train_loss': None, 'decision': 0, 'drift_rate': 0.008, 'target_domains': ['art_painting']}
0.008 ['art_painting']
Loss historical diff: 0.08513037860393524; Loss Difference: 0.0, Decision: 1
Average loss over 5 updates: 0.5977
Round 123 took 6.042458534240723s, results:
{'t': 122, 'current_accuracy': 0.83203125, 'current_loss': 0.526442676782608, 'train_loss': 0.5976871371269226, 'decision': 1, 'drift_rate': 0.008, 'target_domains': ['art_painting']}
0.008 ['art_painting']
Loss historical diff: 0.0941021740436554; Loss Difference: 0.0, Decision: 1
Average loss over 5 updates: 0.5914
Round 124 took 5.729836940765381s, results:
{'t': 123, 'current_accuracy': 0.84375, 'current_loss': 0.5354144722223282, 'train_loss': 0.5914038240909576, 'decision': 1, 'drift_rate': 0.008, 'target_domains': ['art_painting']}
0.008 ['art_painting']
Loss historical diff: 0.10998255014419556; Loss Difference: 0.0, Decision: 0
Round 125 took 4.20388650894165s, results:
{'t': 124, 'current_accuracy': 0.8359375, 'current_loss': 0.5512948483228683, 'train_loss': None, 'decision': 0, 'drift_rate': 0.008, 'target_domains': ['art_painting']}
0.008 ['art_painting']
Loss historical diff: 0.11024290323257446; Loss Difference: 0.0, Decision: 0
Round 126 took 3.860745668411255s, results:
{'t': 125, 'current_accuracy': 0.8359375, 'current_loss': 0.5515552014112473, 'train_loss': None, 'decision': 0, 'drift_rate': 0.008, 'target_domains': ['art_painting']}
0.008 ['art_painting']
Loss historical diff: 0.12355242669582367; Loss Difference: 0.0, Decision: 0
Round 127 took 3.394967794418335s, results:
{'t': 126, 'current_accuracy': 0.828125, 'current_loss': 0.5648647248744965, 'train_loss': None, 'decision': 0, 'drift_rate': 0.008, 'target_domains': ['art_painting']}
0.008 ['art_painting']
Loss historical diff: 0.13718222081661224; Loss Difference: 0.0, Decision: 0
Round 128 took 3.5265140533447266s, results:
{'t': 127, 'current_accuracy': 0.8203125, 'current_loss': 0.578494518995285, 'train_loss': None, 'decision': 0, 'drift_rate': 0.008, 'target_domains': ['art_painting']}
0.008 ['art_painting']
Loss historical diff: 0.15140004456043243; Loss Difference: 0.0, Decision: 0
Round 129 took 3.9359962940216064s, results:
{'t': 128, 'current_accuracy': 0.8125, 'current_loss': 0.5927123427391052, 'train_loss': None, 'decision': 0, 'drift_rate': 0.008, 'target_domains': ['art_painting']}
0.008 ['art_painting']
Loss historical diff: 0.16778714954853058; Loss Difference: 0.0, Decision: 0
Round 130 took 3.5151243209838867s, results:
{'t': 129, 'current_accuracy': 0.8046875, 'current_loss': 0.6090994477272034, 'train_loss': None, 'decision': 0, 'drift_rate': 0.008, 'target_domains': ['art_painting']}
0.008 ['art_painting']
Loss historical diff: 0.18024836480617523; Loss Difference: 0.0, Decision: 0
Round 131 took 3.558671712875366s, results:
{'t': 130, 'current_accuracy': 0.796875, 'current_loss': 0.621560662984848, 'train_loss': None, 'decision': 0, 'drift_rate': 0.008, 'target_domains': ['art_painting']}
0.008 ['art_painting']
Loss historical diff: 0.19246740639209747; Loss Difference: 0.0, Decision: 0
Round 132 took 3.491114377975464s, results:
{'t': 131, 'current_accuracy': 0.7890625, 'current_loss': 0.6337797045707703, 'train_loss': None, 'decision': 0, 'drift_rate': 0.008, 'target_domains': ['art_painting']}
0.008 ['art_painting']
Loss historical diff: 0.2099212259054184; Loss Difference: 0.0, Decision: 0
Round 133 took 3.7444186210632324s, results:
{'t': 132, 'current_accuracy': 0.78125, 'current_loss': 0.6512335240840912, 'train_loss': None, 'decision': 0, 'drift_rate': 0.008, 'target_domains': ['art_painting']}
0.008 ['art_painting']
Loss historical diff: 0.22347386181354523; Loss Difference: 0.0, Decision: 0
Round 134 took 3.969695568084717s, results:
{'t': 133, 'current_accuracy': 0.7734375, 'current_loss': 0.664786159992218, 'train_loss': None, 'decision': 0, 'drift_rate': 0.008, 'target_domains': ['art_painting']}
0.008 ['art_painting']
Loss historical diff: 0.23634569346904755; Loss Difference: 0.0, Decision: 0
Round 135 took 3.7557218074798584s, results:
{'t': 134, 'current_accuracy': 0.765625, 'current_loss': 0.6776579916477203, 'train_loss': None, 'decision': 0, 'drift_rate': 0.008, 'target_domains': ['art_painting']}
0.008 ['art_painting']
Loss historical diff: 0.2436932772397995; Loss Difference: 0.0, Decision: 0
Round 136 took 3.9397261142730713s, results:
{'t': 135, 'current_accuracy': 0.76171875, 'current_loss': 0.6850055754184723, 'train_loss': None, 'decision': 0, 'drift_rate': 0.008, 'target_domains': ['art_painting']}
0.008 ['art_painting']
Loss historical diff: 0.26478321850299835; Loss Difference: 0.0, Decision: 0
Round 137 took 4.0220947265625s, results:
{'t': 136, 'current_accuracy': 0.75390625, 'current_loss': 0.7060955166816711, 'train_loss': None, 'decision': 0, 'drift_rate': 0.008, 'target_domains': ['art_painting']}
0.008 ['art_painting']
Loss historical diff: 0.2721090465784073; Loss Difference: 0.0, Decision: 1
Average loss over 5 updates: 0.8067
Round 138 took 5.804264068603516s, results:
{'t': 137, 'current_accuracy': 0.75, 'current_loss': 0.7134213447570801, 'train_loss': 0.8067257404327393, 'decision': 1, 'drift_rate': 0.008, 'target_domains': ['art_painting']}
0.008 ['art_painting']
Loss historical diff: 0.48023952543735504; Loss Difference: 0.0, Decision: 0
Round 139 took 3.3463687896728516s, results:
{'t': 138, 'current_accuracy': 0.6796875, 'current_loss': 0.9215518236160278, 'train_loss': None, 'decision': 0, 'drift_rate': 0.008, 'target_domains': ['art_painting']}
0.008 ['art_painting']
Loss historical diff: 0.47991131246089935; Loss Difference: 0.0, Decision: 0
Round 140 took 3.711422920227051s, results:
{'t': 139, 'current_accuracy': 0.6796875, 'current_loss': 0.9212236106395721, 'train_loss': None, 'decision': 0, 'drift_rate': 0.008, 'target_domains': ['art_painting']}
0.008 ['art_painting']
Loss historical diff: 0.502184197306633; Loss Difference: 0.0, Decision: 0
Round 141 took 3.7281830310821533s, results:
{'t': 140, 'current_accuracy': 0.6796875, 'current_loss': 0.9434964954853058, 'train_loss': None, 'decision': 0, 'drift_rate': 0.008, 'target_domains': ['art_painting']}
0.008 ['art_painting']
Loss historical diff: 0.5207609981298447; Loss Difference: 0.0, Decision: 0
Round 142 took 3.4042296409606934s, results:
{'t': 141, 'current_accuracy': 0.67578125, 'current_loss': 0.9620732963085175, 'train_loss': None, 'decision': 0, 'drift_rate': 0.008, 'target_domains': ['art_painting']}
0.008 ['art_painting']
Loss historical diff: 0.5436197966337204; Loss Difference: 0.0, Decision: 0
Round 143 took 3.7329752445220947s, results:
{'t': 142, 'current_accuracy': 0.66796875, 'current_loss': 0.9849320948123932, 'train_loss': None, 'decision': 0, 'drift_rate': 0.008, 'target_domains': ['art_painting']}
0.008 ['art_painting']
Loss historical diff: 0.542149230837822; Loss Difference: 0.0, Decision: 0
Round 144 took 3.521737813949585s, results:
{'t': 143, 'current_accuracy': 0.66796875, 'current_loss': 0.9834615290164948, 'train_loss': None, 'decision': 0, 'drift_rate': 0.008, 'target_domains': ['art_painting']}
0.008 ['art_painting']
Loss historical diff: 0.5531623512506485; Loss Difference: 0.0, Decision: 0
Round 145 took 3.7293097972869873s, results:
{'t': 144, 'current_accuracy': 0.6640625, 'current_loss': 0.9944746494293213, 'train_loss': None, 'decision': 0, 'drift_rate': 0.008, 'target_domains': ['art_painting']}
0.008 ['art_painting']
Loss historical diff: 0.5551997572183609; Loss Difference: 0.0, Decision: 0
Round 146 took 3.495898962020874s, results:
{'t': 145, 'current_accuracy': 0.6640625, 'current_loss': 0.9965120553970337, 'train_loss': None, 'decision': 0, 'drift_rate': 0.008, 'target_domains': ['art_painting']}
0.008 ['art_painting']
Loss historical diff: 0.5884430855512619; Loss Difference: 0.0, Decision: 0
Round 147 took 3.707258939743042s, results:
{'t': 146, 'current_accuracy': 0.65625, 'current_loss': 1.0297553837299347, 'train_loss': None, 'decision': 0, 'drift_rate': 0.008, 'target_domains': ['art_painting']}
0.008 ['art_painting']
Loss historical diff: 0.5968362241983414; Loss Difference: 0.0, Decision: 0
Round 148 took 3.4480559825897217s, results:
{'t': 147, 'current_accuracy': 0.65625, 'current_loss': 1.0381485223770142, 'train_loss': None, 'decision': 0, 'drift_rate': 0.008, 'target_domains': ['art_painting']}
0.008 ['art_painting']
Loss historical diff: 0.6206662505865097; Loss Difference: 0.0, Decision: 0
Round 149 took 3.607598066329956s, results:
{'t': 148, 'current_accuracy': 0.6484375, 'current_loss': 1.0619785487651825, 'train_loss': None, 'decision': 0, 'drift_rate': 0.008, 'target_domains': ['art_painting']}
0.008 ['art_painting']
Loss historical diff: 0.6208844035863876; Loss Difference: 0.0, Decision: 0
Round 150 took 3.6754212379455566s, results:
{'t': 149, 'current_accuracy': 0.65234375, 'current_loss': 1.0621967017650604, 'train_loss': None, 'decision': 0, 'drift_rate': 0.008, 'target_domains': ['art_painting']}
0.008 ['art_painting']
Loss historical diff: 0.6386790424585342; Loss Difference: 0.0, Decision: 0
Round 151 took 3.7736854553222656s, results:
{'t': 150, 'current_accuracy': 0.6484375, 'current_loss': 1.079991340637207, 'train_loss': None, 'decision': 0, 'drift_rate': 0.008, 'target_domains': ['art_painting']}
0.008 ['art_painting']
Loss historical diff: 0.6612523347139359; Loss Difference: 0.0, Decision: 0
Round 152 took 3.8106672763824463s, results:
{'t': 151, 'current_accuracy': 0.640625, 'current_loss': 1.1025646328926086, 'train_loss': None, 'decision': 0, 'drift_rate': 0.008, 'target_domains': ['art_painting']}
0.008 ['art_painting']
Loss historical diff: 0.6769471317529678; Loss Difference: 0.0, Decision: 0
Round 153 took 4.092496633529663s, results:
{'t': 152, 'current_accuracy': 0.6328125, 'current_loss': 1.1182594299316406, 'train_loss': None, 'decision': 0, 'drift_rate': 0.008, 'target_domains': ['art_painting']}
0.008 ['art_painting']
Loss historical diff: 0.692377433180809; Loss Difference: 0.0, Decision: 0
Round 154 took 3.757229804992676s, results:
{'t': 153, 'current_accuracy': 0.62890625, 'current_loss': 1.1336897313594818, 'train_loss': None, 'decision': 0, 'drift_rate': 0.008, 'target_domains': ['art_painting']}
0.008 ['art_painting']
Loss historical diff: 0.7028884440660477; Loss Difference: 0.0, Decision: 0
Round 155 took 3.8696906566619873s, results:
{'t': 154, 'current_accuracy': 0.625, 'current_loss': 1.1442007422447205, 'train_loss': None, 'decision': 0, 'drift_rate': 0.008, 'target_domains': ['art_painting']}
0.008 ['art_painting']
Loss historical diff: 0.7156207114458084; Loss Difference: 0.0, Decision: 0
Round 156 took 3.957923650741577s, results:
{'t': 155, 'current_accuracy': 0.6171875, 'current_loss': 1.1569330096244812, 'train_loss': None, 'decision': 0, 'drift_rate': 0.008, 'target_domains': ['art_painting']}
0.008 ['art_painting']
Loss historical diff: 0.7222755700349808; Loss Difference: 0.0, Decision: 0
Round 157 took 3.703017473220825s, results:
{'t': 156, 'current_accuracy': 0.6171875, 'current_loss': 1.1635878682136536, 'train_loss': None, 'decision': 0, 'drift_rate': 0.008, 'target_domains': ['art_painting']}
0.008 ['art_painting']
Loss historical diff: 0.7316781431436539; Loss Difference: 0.0, Decision: 0
Round 158 took 3.6401119232177734s, results:
{'t': 157, 'current_accuracy': 0.609375, 'current_loss': 1.1729904413223267, 'train_loss': None, 'decision': 0, 'drift_rate': 0.008, 'target_domains': ['art_painting']}
0.008 ['art_painting']
Loss historical diff: 0.7429087907075882; Loss Difference: 0.0, Decision: 0
Round 159 took 3.987675428390503s, results:
{'t': 158, 'current_accuracy': 0.6015625, 'current_loss': 1.184221088886261, 'train_loss': None, 'decision': 0, 'drift_rate': 0.008, 'target_domains': ['art_painting']}
0.008 ['art_painting']
Loss historical diff: 0.7683385759592056; Loss Difference: 0.0, Decision: 0
Round 160 took 3.711954116821289s, results:
{'t': 159, 'current_accuracy': 0.59375, 'current_loss': 1.2096508741378784, 'train_loss': None, 'decision': 0, 'drift_rate': 0.008, 'target_domains': ['art_painting']}
0.008 ['art_painting']
Loss historical diff: 0.7789186388254166; Loss Difference: 0.0, Decision: 0
Round 161 took 4.3123791217803955s, results:
{'t': 160, 'current_accuracy': 0.58984375, 'current_loss': 1.2202309370040894, 'train_loss': None, 'decision': 0, 'drift_rate': 0.008, 'target_domains': ['art_painting']}
0.008 ['art_painting']
Loss historical diff: 0.7888314872980118; Loss Difference: 0.0, Decision: 0
Round 162 took 3.9874460697174072s, results:
{'t': 161, 'current_accuracy': 0.5859375, 'current_loss': 1.2301437854766846, 'train_loss': None, 'decision': 0, 'drift_rate': 0.008, 'target_domains': ['art_painting']}
0.008 ['art_painting']
Loss historical diff: 0.820445254445076; Loss Difference: 0.0, Decision: 0
Round 163 took 3.7875657081604004s, results:
{'t': 162, 'current_accuracy': 0.578125, 'current_loss': 1.2617575526237488, 'train_loss': None, 'decision': 0, 'drift_rate': 0.008, 'target_domains': ['art_painting']}
0.008 ['art_painting']
Loss historical diff: 0.8343045860528946; Loss Difference: 0.0, Decision: 0
Round 164 took 3.632017135620117s, results:
{'t': 163, 'current_accuracy': 0.5703125, 'current_loss': 1.2756168842315674, 'train_loss': None, 'decision': 0, 'drift_rate': 0.008, 'target_domains': ['art_painting']}
0.008 ['art_painting']
Loss historical diff: 0.8370316177606583; Loss Difference: 0.0, Decision: 0
Round 165 took 3.444821834564209s, results:
{'t': 164, 'current_accuracy': 0.5703125, 'current_loss': 1.278343915939331, 'train_loss': None, 'decision': 0, 'drift_rate': 0.008, 'target_domains': ['art_painting']}
0.008 ['art_painting']
Loss historical diff: 0.8640578538179398; Loss Difference: 0.0, Decision: 0
Round 166 took 3.6506714820861816s, results:
{'t': 165, 'current_accuracy': 0.5625, 'current_loss': 1.3053701519966125, 'train_loss': None, 'decision': 0, 'drift_rate': 0.008, 'target_domains': ['art_painting']}
0.008 ['art_painting']
Loss historical diff: 0.8845994621515274; Loss Difference: 0.0, Decision: 0
Round 167 took 3.5561342239379883s, results:
{'t': 166, 'current_accuracy': 0.5546875, 'current_loss': 1.3259117603302002, 'train_loss': None, 'decision': 0, 'drift_rate': 0.008, 'target_domains': ['art_painting']}
0.008 ['art_painting']
Loss historical diff: 0.8911106735467911; Loss Difference: 0.0, Decision: 0
Round 168 took 3.3711636066436768s, results:
{'t': 167, 'current_accuracy': 0.5546875, 'current_loss': 1.3324229717254639, 'train_loss': None, 'decision': 0, 'drift_rate': 0.008, 'target_domains': ['art_painting']}
0.008 ['art_painting']
Loss historical diff: 0.8991788774728775; Loss Difference: 0.0, Decision: 0
Round 169 took 3.3798038959503174s, results:
{'t': 168, 'current_accuracy': 0.55078125, 'current_loss': 1.3404911756515503, 'train_loss': None, 'decision': 0, 'drift_rate': 0.008, 'target_domains': ['art_painting']}
0.008 ['art_painting']
Loss historical diff: 0.9095000177621841; Loss Difference: 0.0, Decision: 0
Round 170 took 3.6908934116363525s, results:
{'t': 169, 'current_accuracy': 0.55078125, 'current_loss': 1.350812315940857, 'train_loss': None, 'decision': 0, 'drift_rate': 0.008, 'target_domains': ['art_painting']}
0.008 ['art_painting']
Loss historical diff: 0.8717922121286392; Loss Difference: 0.0, Decision: 0
Round 171 took 3.960292339324951s, results:
{'t': 170, 'current_accuracy': 0.55078125, 'current_loss': 1.313104510307312, 'train_loss': None, 'decision': 0, 'drift_rate': 0.008, 'target_domains': ['art_painting']}
0.008 ['art_painting']
Loss historical diff: 0.8937480598688126; Loss Difference: 0.0, Decision: 0
Round 172 took 3.712270498275757s, results:
{'t': 171, 'current_accuracy': 0.546875, 'current_loss': 1.3350603580474854, 'train_loss': None, 'decision': 0, 'drift_rate': 0.008, 'target_domains': ['art_painting']}
0.008 ['art_painting']
Loss historical diff: 0.9088150411844254; Loss Difference: 0.0, Decision: 0
Round 173 took 3.806460380554199s, results:
{'t': 172, 'current_accuracy': 0.5390625, 'current_loss': 1.3501273393630981, 'train_loss': None, 'decision': 0, 'drift_rate': 0.008, 'target_domains': ['art_painting']}
0.008 ['art_painting']
Loss historical diff: 0.9152615815401077; Loss Difference: 0.0, Decision: 1
Average loss over 5 updates: 1.3586
Round 174 took 6.84552788734436s, results:
{'t': 173, 'current_accuracy': 0.53515625, 'current_loss': 1.3565738797187805, 'train_loss': 1.358617377281189, 'decision': 1, 'drift_rate': 0.008, 'target_domains': ['art_painting']}
0.008 ['art_painting']
Loss historical diff: 0.8840512782335281; Loss Difference: 0.0, Decision: 0
Round 175 took 3.7319748401641846s, results:
{'t': 174, 'current_accuracy': 0.6015625, 'current_loss': 1.325363576412201, 'train_loss': None, 'decision': 0, 'drift_rate': 0.008, 'target_domains': ['art_painting']}
0.008 ['art_painting']
Loss historical diff: 0.8968057781457901; Loss Difference: 0.0, Decision: 0
Round 176 took 3.748509645462036s, results:
{'t': 175, 'current_accuracy': 0.59375, 'current_loss': 1.338118076324463, 'train_loss': None, 'decision': 0, 'drift_rate': 0.008, 'target_domains': ['art_painting']}
0.008 ['art_painting']
Loss historical diff: 0.910756066441536; Loss Difference: 0.0, Decision: 0
Round 177 took 3.83020281791687s, results:
{'t': 176, 'current_accuracy': 0.59375, 'current_loss': 1.3520683646202087, 'train_loss': None, 'decision': 0, 'drift_rate': 0.008, 'target_domains': ['art_painting']}
0.008 ['art_painting']
Loss historical diff: 0.9278246909379959; Loss Difference: 0.0, Decision: 0
Round 178 took 3.5804007053375244s, results:
{'t': 177, 'current_accuracy': 0.58984375, 'current_loss': 1.3691369891166687, 'train_loss': None, 'decision': 0, 'drift_rate': 0.008, 'target_domains': ['art_painting']}
0.008 ['art_painting']
Loss historical diff: 0.9356255084276199; Loss Difference: 0.0, Decision: 0
Round 179 took 3.4859631061553955s, results:
{'t': 178, 'current_accuracy': 0.58984375, 'current_loss': 1.3769378066062927, 'train_loss': None, 'decision': 0, 'drift_rate': 0.008, 'target_domains': ['art_painting']}
0.008 ['art_painting']
Loss historical diff: 0.9432553797960281; Loss Difference: 0.0, Decision: 0
Round 180 took 3.5735299587249756s, results:
{'t': 179, 'current_accuracy': 0.5859375, 'current_loss': 1.384567677974701, 'train_loss': None, 'decision': 0, 'drift_rate': 0.008, 'target_domains': ['art_painting']}
0.01 ['sketch']
Loss historical diff: 0.9345966726541519; Loss Difference: 0.0, Decision: 0
Round 181 took 3.688997745513916s, results:
{'t': 180, 'current_accuracy': 0.5859375, 'current_loss': 1.3759089708328247, 'train_loss': None, 'decision': 0, 'drift_rate': 0.01, 'target_domains': ['sketch']}
0.01 ['sketch']
Loss historical diff: 0.9447358399629593; Loss Difference: 0.0, Decision: 0
Round 182 took 3.7499446868896484s, results:
{'t': 181, 'current_accuracy': 0.58203125, 'current_loss': 1.386048138141632, 'train_loss': None, 'decision': 0, 'drift_rate': 0.01, 'target_domains': ['sketch']}
0.01 ['sketch']
Loss historical diff: 0.943647101521492; Loss Difference: 0.0, Decision: 0
Round 183 took 3.5272295475006104s, results:
{'t': 182, 'current_accuracy': 0.578125, 'current_loss': 1.3849593997001648, 'train_loss': None, 'decision': 0, 'drift_rate': 0.01, 'target_domains': ['sketch']}
0.01 ['sketch']
Loss historical diff: 0.9367700964212418; Loss Difference: 0.0, Decision: 0
Round 184 took 3.75000262260437s, results:
{'t': 183, 'current_accuracy': 0.58203125, 'current_loss': 1.3780823945999146, 'train_loss': None, 'decision': 0, 'drift_rate': 0.01, 'target_domains': ['sketch']}
0.01 ['sketch']
Loss historical diff: 0.9489662796258926; Loss Difference: 0.0, Decision: 0
Round 185 took 3.5634074211120605s, results:
{'t': 184, 'current_accuracy': 0.58203125, 'current_loss': 1.3902785778045654, 'train_loss': None, 'decision': 0, 'drift_rate': 0.01, 'target_domains': ['sketch']}
0.01 ['sketch']
Loss historical diff: 0.9745288044214249; Loss Difference: 0.0, Decision: 0
Round 186 took 3.606065511703491s, results:
{'t': 185, 'current_accuracy': 0.58203125, 'current_loss': 1.4158411026000977, 'train_loss': None, 'decision': 0, 'drift_rate': 0.01, 'target_domains': ['sketch']}
0.01 ['sketch']
Loss historical diff: 0.9995875507593155; Loss Difference: 0.0, Decision: 0
Round 187 took 3.5416133403778076s, results:
{'t': 186, 'current_accuracy': 0.58203125, 'current_loss': 1.4408998489379883, 'train_loss': None, 'decision': 0, 'drift_rate': 0.01, 'target_domains': ['sketch']}
0.01 ['sketch']
Loss historical diff: 1.024008885025978; Loss Difference: 0.0, Decision: 0
Round 188 took 4.034156799316406s, results:
{'t': 187, 'current_accuracy': 0.578125, 'current_loss': 1.4653211832046509, 'train_loss': None, 'decision': 0, 'drift_rate': 0.01, 'target_domains': ['sketch']}
0.01 ['sketch']
Loss historical diff: 1.0274655371904373; Loss Difference: 0.0, Decision: 0
Round 189 took 3.7152538299560547s, results:
{'t': 188, 'current_accuracy': 0.578125, 'current_loss': 1.46877783536911, 'train_loss': None, 'decision': 0, 'drift_rate': 0.01, 'target_domains': ['sketch']}
0.01 ['sketch']
Loss historical diff: 1.016626313328743; Loss Difference: 0.0, Decision: 0
Round 190 took 3.8426501750946045s, results:
{'t': 189, 'current_accuracy': 0.578125, 'current_loss': 1.4579386115074158, 'train_loss': None, 'decision': 0, 'drift_rate': 0.01, 'target_domains': ['sketch']}
0.01 ['sketch']
Loss historical diff: 1.0265128761529922; Loss Difference: 0.0, Decision: 0
Round 191 took 3.4195213317871094s, results:
{'t': 190, 'current_accuracy': 0.57421875, 'current_loss': 1.467825174331665, 'train_loss': None, 'decision': 0, 'drift_rate': 0.01, 'target_domains': ['sketch']}
0.01 ['sketch']
Loss historical diff: 1.020120993256569; Loss Difference: 0.0, Decision: 0
Round 192 took 3.383762836456299s, results:
{'t': 191, 'current_accuracy': 0.57421875, 'current_loss': 1.4614332914352417, 'train_loss': None, 'decision': 0, 'drift_rate': 0.01, 'target_domains': ['sketch']}
0.01 ['sketch']
Loss historical diff: 1.0190001875162125; Loss Difference: 0.0, Decision: 0
Round 193 took 3.4492313861846924s, results:
{'t': 192, 'current_accuracy': 0.57421875, 'current_loss': 1.4603124856948853, 'train_loss': None, 'decision': 0, 'drift_rate': 0.01, 'target_domains': ['sketch']}
0.01 ['sketch']
Loss historical diff: 1.0298793464899063; Loss Difference: 0.0, Decision: 0
Round 194 took 3.5626437664031982s, results:
{'t': 193, 'current_accuracy': 0.5703125, 'current_loss': 1.471191644668579, 'train_loss': None, 'decision': 0, 'drift_rate': 0.01, 'target_domains': ['sketch']}
0.01 ['sketch']
Loss historical diff: 1.038081243634224; Loss Difference: 0.0, Decision: 0
Round 195 took 3.858614683151245s, results:
{'t': 194, 'current_accuracy': 0.5703125, 'current_loss': 1.4793935418128967, 'train_loss': None, 'decision': 0, 'drift_rate': 0.01, 'target_domains': ['sketch']}
0.01 ['sketch']
Loss historical diff: 1.0398271828889847; Loss Difference: 0.0, Decision: 0
Round 196 took 3.5468578338623047s, results:
{'t': 195, 'current_accuracy': 0.56640625, 'current_loss': 1.4811394810676575, 'train_loss': None, 'decision': 0, 'drift_rate': 0.01, 'target_domains': ['sketch']}
0.01 ['sketch']
Loss historical diff: 1.0323004871606827; Loss Difference: 0.0, Decision: 0
Round 197 took 4.101371765136719s, results:
{'t': 196, 'current_accuracy': 0.5703125, 'current_loss': 1.4736127853393555, 'train_loss': None, 'decision': 0, 'drift_rate': 0.01, 'target_domains': ['sketch']}
0.01 ['sketch']
Loss historical diff: 1.0554989129304886; Loss Difference: 0.0, Decision: 0
Round 198 took 3.929379940032959s, results:
{'t': 197, 'current_accuracy': 0.5625, 'current_loss': 1.4968112111091614, 'train_loss': None, 'decision': 0, 'drift_rate': 0.01, 'target_domains': ['sketch']}
0.01 ['sketch']
Loss historical diff: 1.0815789848566055; Loss Difference: 0.0, Decision: 0
Round 199 took 3.72011137008667s, results:
{'t': 198, 'current_accuracy': 0.55859375, 'current_loss': 1.5228912830352783, 'train_loss': None, 'decision': 0, 'drift_rate': 0.01, 'target_domains': ['sketch']}
0.01 ['sketch']
Loss historical diff: 1.112682893872261; Loss Difference: 0.0, Decision: 0
Round 200 took 3.471411943435669s, results:
{'t': 199, 'current_accuracy': 0.55078125, 'current_loss': 1.5539951920509338, 'train_loss': None, 'decision': 0, 'drift_rate': 0.01, 'target_domains': ['sketch']}
0.01 ['sketch']
Loss historical diff: 1.1256662756204605; Loss Difference: 0.0, Decision: 0
Round 201 took 4.081076145172119s, results:
{'t': 200, 'current_accuracy': 0.55078125, 'current_loss': 1.5669785737991333, 'train_loss': None, 'decision': 0, 'drift_rate': 0.01, 'target_domains': ['sketch']}
0.01 ['sketch']
Loss historical diff: 1.1425601989030838; Loss Difference: 0.0, Decision: 0
Round 202 took 4.009198188781738s, results:
{'t': 201, 'current_accuracy': 0.546875, 'current_loss': 1.5838724970817566, 'train_loss': None, 'decision': 0, 'drift_rate': 0.01, 'target_domains': ['sketch']}
0.01 ['sketch']
Loss historical diff: 1.1587613373994827; Loss Difference: 0.0, Decision: 0
Round 203 took 3.6141278743743896s, results:
{'t': 202, 'current_accuracy': 0.54296875, 'current_loss': 1.6000736355781555, 'train_loss': None, 'decision': 0, 'drift_rate': 0.01, 'target_domains': ['sketch']}
0.01 ['sketch']
Loss historical diff: 1.1862840205430984; Loss Difference: 0.0, Decision: 0
Round 204 took 3.671341896057129s, results:
{'t': 203, 'current_accuracy': 0.5390625, 'current_loss': 1.6275963187217712, 'train_loss': None, 'decision': 0, 'drift_rate': 0.01, 'target_domains': ['sketch']}
0.01 ['sketch']
Loss historical diff: 1.1734228879213333; Loss Difference: 0.0, Decision: 0
Round 205 took 3.8506505489349365s, results:
{'t': 204, 'current_accuracy': 0.54296875, 'current_loss': 1.614735186100006, 'train_loss': None, 'decision': 0, 'drift_rate': 0.01, 'target_domains': ['sketch']}
0.01 ['sketch']
Loss historical diff: 1.1648801118135452; Loss Difference: 0.0, Decision: 0
Round 206 took 3.55470609664917s, results:
{'t': 205, 'current_accuracy': 0.54296875, 'current_loss': 1.606192409992218, 'train_loss': None, 'decision': 0, 'drift_rate': 0.01, 'target_domains': ['sketch']}
0.01 ['sketch']
Loss historical diff: 1.1923937946557999; Loss Difference: 0.0, Decision: 0
Round 207 took 3.963390588760376s, results:
{'t': 206, 'current_accuracy': 0.53515625, 'current_loss': 1.6337060928344727, 'train_loss': None, 'decision': 0, 'drift_rate': 0.01, 'target_domains': ['sketch']}
0.01 ['sketch']
Loss historical diff: 1.1959027200937271; Loss Difference: 0.0, Decision: 0
Round 208 took 3.804346799850464s, results:
{'t': 207, 'current_accuracy': 0.53125, 'current_loss': 1.6372150182724, 'train_loss': None, 'decision': 0, 'drift_rate': 0.01, 'target_domains': ['sketch']}
0.01 ['sketch']
Loss historical diff: 1.2224308401346207; Loss Difference: 0.0, Decision: 1
Average loss over 5 updates: 1.4916
Round 209 took 5.614420175552368s, results:
{'t': 208, 'current_accuracy': 0.52734375, 'current_loss': 1.6637431383132935, 'train_loss': 1.4916489362716674, 'decision': 1, 'drift_rate': 0.01, 'target_domains': ['sketch']}
0.01 ['sketch']
Loss historical diff: 1.2922571450471878; Loss Difference: 0.0, Decision: 0
Round 210 took 3.604412317276001s, results:
{'t': 209, 'current_accuracy': 0.4765625, 'current_loss': 1.7335694432258606, 'train_loss': None, 'decision': 0, 'drift_rate': 0.01, 'target_domains': ['sketch']}
0.01 ['sketch']
Loss historical diff: 1.2966303378343582; Loss Difference: 0.0, Decision: 0
Round 211 took 4.1133153438568115s, results:
{'t': 210, 'current_accuracy': 0.47265625, 'current_loss': 1.737942636013031, 'train_loss': None, 'decision': 0, 'drift_rate': 0.01, 'target_domains': ['sketch']}
0.01 ['sketch']
Loss historical diff: 1.300087109208107; Loss Difference: 0.0, Decision: 0
Round 212 took 3.5535786151885986s, results:
{'t': 211, 'current_accuracy': 0.46875, 'current_loss': 1.7413994073867798, 'train_loss': None, 'decision': 0, 'drift_rate': 0.01, 'target_domains': ['sketch']}
0.01 ['sketch']
Loss historical diff: 1.3116027265787125; Loss Difference: 0.0, Decision: 0
Round 213 took 3.717189073562622s, results:
{'t': 212, 'current_accuracy': 0.47265625, 'current_loss': 1.7529150247573853, 'train_loss': None, 'decision': 0, 'drift_rate': 0.01, 'target_domains': ['sketch']}
0.01 ['sketch']
Loss historical diff: 1.3592040687799454; Loss Difference: 0.0, Decision: 0
Round 214 took 4.216027498245239s, results:
{'t': 213, 'current_accuracy': 0.46484375, 'current_loss': 1.8005163669586182, 'train_loss': None, 'decision': 0, 'drift_rate': 0.01, 'target_domains': ['sketch']}
0.01 ['sketch']
Loss historical diff: 1.393806591629982; Loss Difference: 0.0, Decision: 0
Round 215 took 3.89862322807312s, results:
{'t': 214, 'current_accuracy': 0.45703125, 'current_loss': 1.8351188898086548, 'train_loss': None, 'decision': 0, 'drift_rate': 0.01, 'target_domains': ['sketch']}
0.01 ['sketch']
Loss historical diff: 1.3835167437791824; Loss Difference: 0.0, Decision: 0
Round 216 took 3.904109001159668s, results:
{'t': 215, 'current_accuracy': 0.4609375, 'current_loss': 1.8248290419578552, 'train_loss': None, 'decision': 0, 'drift_rate': 0.01, 'target_domains': ['sketch']}
0.01 ['sketch']
Loss historical diff: 1.385009840130806; Loss Difference: 0.0, Decision: 0
Round 217 took 4.083540439605713s, results:
{'t': 216, 'current_accuracy': 0.45703125, 'current_loss': 1.8263221383094788, 'train_loss': None, 'decision': 0, 'drift_rate': 0.01, 'target_domains': ['sketch']}
0.01 ['sketch']
Loss historical diff: 1.3932970315217972; Loss Difference: 0.0, Decision: 0
Round 218 took 4.06481409072876s, results:
{'t': 217, 'current_accuracy': 0.453125, 'current_loss': 1.83460932970047, 'train_loss': None, 'decision': 0, 'drift_rate': 0.01, 'target_domains': ['sketch']}
0.01 ['sketch']
Loss historical diff: 1.3911209255456924; Loss Difference: 0.0, Decision: 0
Round 219 took 3.8702871799468994s, results:
{'t': 218, 'current_accuracy': 0.44921875, 'current_loss': 1.8324332237243652, 'train_loss': None, 'decision': 0, 'drift_rate': 0.01, 'target_domains': ['sketch']}
0.01 ['sketch']
Loss historical diff: 1.3648019582033157; Loss Difference: 0.0, Decision: 0
Round 220 took 4.001404762268066s, results:
{'t': 219, 'current_accuracy': 0.45703125, 'current_loss': 1.8061142563819885, 'train_loss': None, 'decision': 0, 'drift_rate': 0.01, 'target_domains': ['sketch']}
0.01 ['sketch']
Loss historical diff: 1.3811590820550919; Loss Difference: 0.0, Decision: 0
Round 221 took 3.93464994430542s, results:
{'t': 220, 'current_accuracy': 0.453125, 'current_loss': 1.8224713802337646, 'train_loss': None, 'decision': 0, 'drift_rate': 0.01, 'target_domains': ['sketch']}
0.01 ['sketch']
Loss historical diff: 1.3727663308382034; Loss Difference: 0.0, Decision: 0
Round 222 took 4.213921308517456s, results:
{'t': 221, 'current_accuracy': 0.44921875, 'current_loss': 1.8140786290168762, 'train_loss': None, 'decision': 0, 'drift_rate': 0.01, 'target_domains': ['sketch']}
0.01 ['sketch']
Loss historical diff: 1.3880043774843216; Loss Difference: 0.0, Decision: 0
Round 223 took 3.971024513244629s, results:
{'t': 222, 'current_accuracy': 0.44921875, 'current_loss': 1.8293166756629944, 'train_loss': None, 'decision': 0, 'drift_rate': 0.01, 'target_domains': ['sketch']}
0.01 ['sketch']
Loss historical diff: 1.3927810341119766; Loss Difference: 0.0, Decision: 0
Round 224 took 4.07888650894165s, results:
{'t': 223, 'current_accuracy': 0.453125, 'current_loss': 1.8340933322906494, 'train_loss': None, 'decision': 0, 'drift_rate': 0.01, 'target_domains': ['sketch']}
0.01 ['sketch']
Loss historical diff: 1.4110688716173172; Loss Difference: 0.0, Decision: 0
Round 225 took 3.9179346561431885s, results:
{'t': 224, 'current_accuracy': 0.44921875, 'current_loss': 1.85238116979599, 'train_loss': None, 'decision': 0, 'drift_rate': 0.01, 'target_domains': ['sketch']}
0.01 ['sketch']
Loss historical diff: 1.3960904628038406; Loss Difference: 0.0, Decision: 0
Round 226 took 4.06019139289856s, results:
{'t': 225, 'current_accuracy': 0.45703125, 'current_loss': 1.8374027609825134, 'train_loss': None, 'decision': 0, 'drift_rate': 0.01, 'target_domains': ['sketch']}
0.01 ['sketch']
Loss historical diff: 1.4060466438531876; Loss Difference: 0.0, Decision: 0
Round 227 took 3.993931770324707s, results:
{'t': 226, 'current_accuracy': 0.453125, 'current_loss': 1.8473589420318604, 'train_loss': None, 'decision': 0, 'drift_rate': 0.01, 'target_domains': ['sketch']}
0.01 ['sketch']
Loss historical diff: 1.4043780714273453; Loss Difference: 0.0, Decision: 0
Round 228 took 3.991564989089966s, results:
{'t': 227, 'current_accuracy': 0.453125, 'current_loss': 1.845690369606018, 'train_loss': None, 'decision': 0, 'drift_rate': 0.01, 'target_domains': ['sketch']}
0.01 ['sketch']
Loss historical diff: 1.4144092947244644; Loss Difference: 0.0, Decision: 0
Round 229 took 4.04824161529541s, results:
{'t': 228, 'current_accuracy': 0.44921875, 'current_loss': 1.8557215929031372, 'train_loss': None, 'decision': 0, 'drift_rate': 0.01, 'target_domains': ['sketch']}
0.01 ['sketch']
Loss historical diff: 1.414330080151558; Loss Difference: 0.0, Decision: 0
Round 230 took 4.1411051750183105s, results:
{'t': 229, 'current_accuracy': 0.44921875, 'current_loss': 1.8556423783302307, 'train_loss': None, 'decision': 0, 'drift_rate': 0.01, 'target_domains': ['sketch']}
0.01 ['sketch']
Loss historical diff: 1.4238835126161575; Loss Difference: 0.0, Decision: 0
Round 231 took 4.051459789276123s, results:
{'t': 230, 'current_accuracy': 0.44921875, 'current_loss': 1.8651958107948303, 'train_loss': None, 'decision': 0, 'drift_rate': 0.01, 'target_domains': ['sketch']}
0.01 ['sketch']
Loss historical diff: 1.4342686086893082; Loss Difference: 0.0, Decision: 0
Round 232 took 4.0955939292907715s, results:
{'t': 231, 'current_accuracy': 0.4453125, 'current_loss': 1.875580906867981, 'train_loss': None, 'decision': 0, 'drift_rate': 0.01, 'target_domains': ['sketch']}
0.01 ['sketch']
Loss historical diff: 1.453695848584175; Loss Difference: 0.0, Decision: 0
Round 233 took 3.5156688690185547s, results:
{'t': 232, 'current_accuracy': 0.44140625, 'current_loss': 1.895008146762848, 'train_loss': None, 'decision': 0, 'drift_rate': 0.01, 'target_domains': ['sketch']}
0.01 ['sketch']
Loss historical diff: 1.47518689930439; Loss Difference: 0.0, Decision: 0
Round 234 took 4.046996831893921s, results:
{'t': 233, 'current_accuracy': 0.4375, 'current_loss': 1.9164991974830627, 'train_loss': None, 'decision': 0, 'drift_rate': 0.01, 'target_domains': ['sketch']}
0.01 ['sketch']
Loss historical diff: 1.5027366429567337; Loss Difference: 0.0, Decision: 0
Round 235 took 3.879030227661133s, results:
{'t': 234, 'current_accuracy': 0.4296875, 'current_loss': 1.9440489411354065, 'train_loss': None, 'decision': 0, 'drift_rate': 0.01, 'target_domains': ['sketch']}
0.01 ['sketch']
Loss historical diff: 1.501450076699257; Loss Difference: 0.0, Decision: 0
Round 236 took 3.7700448036193848s, results:
{'t': 235, 'current_accuracy': 0.4296875, 'current_loss': 1.9427623748779297, 'train_loss': None, 'decision': 0, 'drift_rate': 0.01, 'target_domains': ['sketch']}
0.01 ['sketch']
Loss historical diff: 1.528443530201912; Loss Difference: 0.0, Decision: 0
Round 237 took 3.9175920486450195s, results:
{'t': 236, 'current_accuracy': 0.421875, 'current_loss': 1.9697558283805847, 'train_loss': None, 'decision': 0, 'drift_rate': 0.01, 'target_domains': ['sketch']}
0.01 ['sketch']
Loss historical diff: 1.5490868836641312; Loss Difference: 0.0, Decision: 0
Round 238 took 3.650665283203125s, results:
{'t': 237, 'current_accuracy': 0.41796875, 'current_loss': 1.990399181842804, 'train_loss': None, 'decision': 0, 'drift_rate': 0.01, 'target_domains': ['sketch']}
0.01 ['sketch']
Loss historical diff: 1.5485800057649612; Loss Difference: 0.0, Decision: 0
Round 239 took 3.802065134048462s, results:
{'t': 238, 'current_accuracy': 0.41796875, 'current_loss': 1.989892303943634, 'train_loss': None, 'decision': 0, 'drift_rate': 0.01, 'target_domains': ['sketch']}
0.01 ['sketch']
Loss historical diff: 1.5553717762231827; Loss Difference: 0.0, Decision: 0
Round 240 took 3.9918406009674072s, results:
{'t': 239, 'current_accuracy': 0.41796875, 'current_loss': 1.9966840744018555, 'train_loss': None, 'decision': 0, 'drift_rate': 0.01, 'target_domains': ['sketch']}
0.01 ['sketch']
Loss historical diff: 1.5634507089853287; Loss Difference: 0.0, Decision: 0
Round 241 took 4.043754577636719s, results:
{'t': 240, 'current_accuracy': 0.41015625, 'current_loss': 2.0047630071640015, 'train_loss': None, 'decision': 0, 'drift_rate': 0.01, 'target_domains': ['sketch']}
0.01 ['sketch']
Loss historical diff: 1.5665426403284073; Loss Difference: 0.0, Decision: 1
Average loss over 5 updates: 1.4909
Round 242 took 6.23880410194397s, results:
{'t': 241, 'current_accuracy': 0.41015625, 'current_loss': 2.00785493850708, 'train_loss': 1.4908557653427124, 'decision': 1, 'drift_rate': 0.01, 'target_domains': ['sketch']}
0.01 ['sketch']
Loss historical diff: 1.074593499302864; Loss Difference: 0.0, Decision: 0
Round 243 took 3.737091541290283s, results:
{'t': 242, 'current_accuracy': 0.4453125, 'current_loss': 1.5159057974815369, 'train_loss': None, 'decision': 0, 'drift_rate': 0.01, 'target_domains': ['sketch']}
0.01 ['sketch']
Loss historical diff: 1.0762038379907608; Loss Difference: 0.0, Decision: 0
Round 244 took 3.7723937034606934s, results:
{'t': 243, 'current_accuracy': 0.44921875, 'current_loss': 1.5175161361694336, 'train_loss': None, 'decision': 0, 'drift_rate': 0.01, 'target_domains': ['sketch']}
0.01 ['sketch']
Loss historical diff: 1.0832020193338394; Loss Difference: 0.0, Decision: 0
Round 245 took 3.4981963634490967s, results:
{'t': 244, 'current_accuracy': 0.4453125, 'current_loss': 1.5245143175125122, 'train_loss': None, 'decision': 0, 'drift_rate': 0.01, 'target_domains': ['sketch']}
0.01 ['sketch']
Loss historical diff: 1.0928486734628677; Loss Difference: 0.0, Decision: 0
Round 246 took 3.526599407196045s, results:
{'t': 245, 'current_accuracy': 0.4375, 'current_loss': 1.5341609716415405, 'train_loss': None, 'decision': 0, 'drift_rate': 0.01, 'target_domains': ['sketch']}
0.01 ['sketch']
Loss historical diff: 1.0996287018060684; Loss Difference: 0.0, Decision: 0
Round 247 took 3.4409334659576416s, results:
{'t': 246, 'current_accuracy': 0.4296875, 'current_loss': 1.5409409999847412, 'train_loss': None, 'decision': 0, 'drift_rate': 0.01, 'target_domains': ['sketch']}
0.01 ['sketch']
Loss historical diff: 1.0932464748620987; Loss Difference: 0.0, Decision: 0
Round 248 took 3.454397678375244s, results:
{'t': 247, 'current_accuracy': 0.43359375, 'current_loss': 1.5345587730407715, 'train_loss': None, 'decision': 0, 'drift_rate': 0.01, 'target_domains': ['sketch']}
0.01 ['sketch']
Loss historical diff: 1.103236809372902; Loss Difference: 0.0, Decision: 0
Round 249 took 3.4291183948516846s, results:
{'t': 248, 'current_accuracy': 0.4296875, 'current_loss': 1.5445491075515747, 'train_loss': None, 'decision': 0, 'drift_rate': 0.01, 'target_domains': ['sketch']}
0.01 ['sketch']
Loss historical diff: 1.0963535457849503; Loss Difference: 0.0, Decision: 0
Round 250 took 3.37416672706604s, results:
{'t': 249, 'current_accuracy': 0.43359375, 'current_loss': 1.537665843963623, 'train_loss': None, 'decision': 0, 'drift_rate': 0.01, 'target_domains': ['sketch']}
Average time per round: 3.7561638069152834
Total time: 939.0409517288208
