Using the latest cached version of the dataset since flwrlabs/pacs couldn't be found on the Hugging Face Hub
Found the latest cached dataset configuration 'default' at /home/apiasecz/.cache/huggingface/datasets/flwrlabs___pacs/default/0.0.0/394113073258ead631f617d2e13bb377c0715c4b (last modified on Wed Jan 29 16:59:35 2025).
Using the latest cached version of the dataset since flwrlabs/pacs couldn't be found on the Hugging Face Hub
Found the latest cached dataset configuration 'default' at /home/apiasecz/.cache/huggingface/datasets/flwrlabs___pacs/default/0.0.0/394113073258ead631f617d2e13bb377c0715c4b (last modified on Wed Jan 29 16:59:35 2025).
Device: cuda
CUDA Version: 12.1
cuDNN Version: 8902
PyTorch Version: 2.3.0

Model used: PACSCNN_4
Initial dataset creation
Initial dataset creation
Initial loss: 0.5314019322395325
<__main__.Policy object at 0x14c5a1767470>
0.5314019322395325
Round 1 took 0.4241299629211426s, results:
{'t': 0, 'current_accuracy': 0.8203125, 'current_loss': 0.5217804312705994, 'train_loss': None, 'decision': 0, 'drift_rate': 0.0, 'target_domains': ['cartoon']}
Round 2 took 0.40151214599609375s, results:
{'t': 1, 'current_accuracy': 0.8203125, 'current_loss': 0.5217805355787277, 'train_loss': None, 'decision': 0, 'drift_rate': 0.0, 'target_domains': ['cartoon']}
Round 3 took 0.3884470462799072s, results:
{'t': 2, 'current_accuracy': 0.8203125, 'current_loss': 0.5217806398868561, 'train_loss': None, 'decision': 0, 'drift_rate': 0.0, 'target_domains': ['cartoon']}
Round 4 took 0.38864588737487793s, results:
{'t': 3, 'current_accuracy': 0.8203125, 'current_loss': 0.5217805057764053, 'train_loss': None, 'decision': 0, 'drift_rate': 0.0, 'target_domains': ['cartoon']}
Round 5 took 0.3885073661804199s, results:
{'t': 4, 'current_accuracy': 0.8203125, 'current_loss': 0.5217806845903397, 'train_loss': None, 'decision': 0, 'drift_rate': 0.0, 'target_domains': ['cartoon']}
Round 6 took 0.38849830627441406s, results:
{'t': 5, 'current_accuracy': 0.8203125, 'current_loss': 0.5217805206775665, 'train_loss': None, 'decision': 0, 'drift_rate': 0.0, 'target_domains': ['cartoon']}
Round 7 took 0.3934793472290039s, results:
{'t': 6, 'current_accuracy': 0.8203125, 'current_loss': 0.5217806100845337, 'train_loss': None, 'decision': 0, 'drift_rate': 0.0, 'target_domains': ['cartoon']}
Round 8 took 0.3881397247314453s, results:
{'t': 7, 'current_accuracy': 0.8203125, 'current_loss': 0.5217809677124023, 'train_loss': None, 'decision': 0, 'drift_rate': 0.0, 'target_domains': ['cartoon']}
Round 9 took 0.38886547088623047s, results:
{'t': 8, 'current_accuracy': 0.8203125, 'current_loss': 0.5217804908752441, 'train_loss': None, 'decision': 0, 'drift_rate': 0.0, 'target_domains': ['cartoon']}
Round 10 took 0.38895106315612793s, results:
{'t': 9, 'current_accuracy': 0.8203125, 'current_loss': 0.5217811763286591, 'train_loss': None, 'decision': 0, 'drift_rate': 0.0, 'target_domains': ['cartoon']}
Round 11 took 0.38913607597351074s, results:
{'t': 10, 'current_accuracy': 0.8203125, 'current_loss': 0.5217803716659546, 'train_loss': None, 'decision': 0, 'drift_rate': 0.0, 'target_domains': ['cartoon']}
Round 12 took 0.39408397674560547s, results:
{'t': 11, 'current_accuracy': 0.8203125, 'current_loss': 0.5217805057764053, 'train_loss': None, 'decision': 0, 'drift_rate': 0.0, 'target_domains': ['cartoon']}
Round 13 took 0.388538122177124s, results:
{'t': 12, 'current_accuracy': 0.8203125, 'current_loss': 0.5217805057764053, 'train_loss': None, 'decision': 0, 'drift_rate': 0.0, 'target_domains': ['cartoon']}
Round 14 took 0.38828158378601074s, results:
{'t': 13, 'current_accuracy': 0.8203125, 'current_loss': 0.5217803418636322, 'train_loss': None, 'decision': 0, 'drift_rate': 0.0, 'target_domains': ['cartoon']}
Round 15 took 0.38867616653442383s, results:
{'t': 14, 'current_accuracy': 0.8203125, 'current_loss': 0.5217805504798889, 'train_loss': None, 'decision': 0, 'drift_rate': 0.0, 'target_domains': ['cartoon']}
Round 16 took 0.388293981552124s, results:
{'t': 15, 'current_accuracy': 0.8203125, 'current_loss': 0.5217805653810501, 'train_loss': None, 'decision': 0, 'drift_rate': 0.0, 'target_domains': ['cartoon']}
Round 17 took 0.39263248443603516s, results:
{'t': 16, 'current_accuracy': 0.8203125, 'current_loss': 0.5217807441949844, 'train_loss': None, 'decision': 0, 'drift_rate': 0.0, 'target_domains': ['cartoon']}
Round 18 took 0.3878812789916992s, results:
{'t': 17, 'current_accuracy': 0.8203125, 'current_loss': 0.5217804312705994, 'train_loss': None, 'decision': 0, 'drift_rate': 0.0, 'target_domains': ['cartoon']}
Round 19 took 0.3889341354370117s, results:
{'t': 18, 'current_accuracy': 0.8203125, 'current_loss': 0.5217805355787277, 'train_loss': None, 'decision': 0, 'drift_rate': 0.0, 'target_domains': ['cartoon']}
Round 20 took 0.38831448554992676s, results:
{'t': 19, 'current_accuracy': 0.8203125, 'current_loss': 0.5217804908752441, 'train_loss': None, 'decision': 0, 'drift_rate': 0.0, 'target_domains': ['cartoon']}
Round 21 took 0.3889040946960449s, results:
{'t': 20, 'current_accuracy': 0.8203125, 'current_loss': 0.5217806100845337, 'train_loss': None, 'decision': 0, 'drift_rate': 0.0, 'target_domains': ['cartoon']}
Round 22 took 0.3934619426727295s, results:
{'t': 21, 'current_accuracy': 0.8203125, 'current_loss': 0.5217805802822113, 'train_loss': None, 'decision': 0, 'drift_rate': 0.0, 'target_domains': ['cartoon']}
Round 23 took 0.38913726806640625s, results:
{'t': 22, 'current_accuracy': 0.8203125, 'current_loss': 0.5217805802822113, 'train_loss': None, 'decision': 0, 'drift_rate': 0.0, 'target_domains': ['cartoon']}
Round 24 took 0.387631893157959s, results:
{'t': 23, 'current_accuracy': 0.8203125, 'current_loss': 0.5217804908752441, 'train_loss': None, 'decision': 0, 'drift_rate': 0.0, 'target_domains': ['cartoon']}
Round 25 took 0.3891909122467041s, results:
{'t': 24, 'current_accuracy': 0.8203125, 'current_loss': 0.5217805802822113, 'train_loss': None, 'decision': 0, 'drift_rate': 0.0, 'target_domains': ['cartoon']}
Average loss over 1 updates: 1.7162
Round 26 took 0.6522493362426758s, results:
{'t': 25, 'current_accuracy': 0.53125, 'current_loss': 1.49701589345932, 'train_loss': 1.7162268161773682, 'decision': 1, 'drift_rate': 0.5, 'target_domains': ['sketch']}
Average loss over 1 updates: 2.4177
Round 27 took 0.5801277160644531s, results:
{'t': 26, 'current_accuracy': 0.28125, 'current_loss': 3.7422631978988647, 'train_loss': 2.4176783561706543, 'decision': 1, 'drift_rate': 0.5, 'target_domains': ['sketch']}
Average loss over 1 updates: 1.6250
Round 28 took 0.5658361911773682s, results:
{'t': 27, 'current_accuracy': 0.3828125, 'current_loss': 2.19143807888031, 'train_loss': 1.624969720840454, 'decision': 1, 'drift_rate': 0.0, 'target_domains': ['sketch']}
Average loss over 1 updates: 1.3964
Round 29 took 0.5657949447631836s, results:
{'t': 28, 'current_accuracy': 0.24609375, 'current_loss': 3.7533713579177856, 'train_loss': 1.3964293003082275, 'decision': 1, 'drift_rate': 0.0, 'target_domains': ['sketch']}
Average loss over 1 updates: 1.2276
Round 30 took 0.5683350563049316s, results:
{'t': 29, 'current_accuracy': 0.27734375, 'current_loss': 3.7370448112487793, 'train_loss': 1.227611780166626, 'decision': 1, 'drift_rate': 0.0, 'target_domains': ['sketch']}
Average loss over 1 updates: 1.1528
Round 31 took 0.5645225048065186s, results:
{'t': 30, 'current_accuracy': 0.265625, 'current_loss': 3.1706806421279907, 'train_loss': 1.1527783870697021, 'decision': 1, 'drift_rate': 0.0, 'target_domains': ['sketch']}
Round 32 took 0.3884012699127197s, results:
{'t': 31, 'current_accuracy': 0.41796875, 'current_loss': 1.9049283266067505, 'train_loss': None, 'decision': 0, 'drift_rate': 0.0, 'target_domains': ['sketch']}
Round 33 took 0.38808417320251465s, results:
{'t': 32, 'current_accuracy': 0.41796875, 'current_loss': 1.9049285650253296, 'train_loss': None, 'decision': 0, 'drift_rate': 0.0, 'target_domains': ['sketch']}
Round 34 took 0.38904786109924316s, results:
{'t': 33, 'current_accuracy': 0.41796875, 'current_loss': 1.9049283862113953, 'train_loss': None, 'decision': 0, 'drift_rate': 0.0, 'target_domains': ['sketch']}
Round 35 took 0.3891263008117676s, results:
{'t': 34, 'current_accuracy': 0.41796875, 'current_loss': 1.904928743839264, 'train_loss': None, 'decision': 0, 'drift_rate': 0.0, 'target_domains': ['sketch']}
Round 36 took 0.38762736320495605s, results:
{'t': 35, 'current_accuracy': 0.41796875, 'current_loss': 1.90492844581604, 'train_loss': None, 'decision': 0, 'drift_rate': 0.0, 'target_domains': ['sketch']}
Round 37 took 0.38892555236816406s, results:
{'t': 36, 'current_accuracy': 0.41796875, 'current_loss': 1.9049285054206848, 'train_loss': None, 'decision': 0, 'drift_rate': 0.0, 'target_domains': ['sketch']}
Round 38 took 0.389052152633667s, results:
{'t': 37, 'current_accuracy': 0.41796875, 'current_loss': 1.90492844581604, 'train_loss': None, 'decision': 0, 'drift_rate': 0.0, 'target_domains': ['sketch']}
Round 39 took 0.38896727561950684s, results:
{'t': 38, 'current_accuracy': 0.41796875, 'current_loss': 1.9049283862113953, 'train_loss': None, 'decision': 0, 'drift_rate': 0.0, 'target_domains': ['sketch']}
Round 40 took 0.388995885848999s, results:
{'t': 39, 'current_accuracy': 0.41796875, 'current_loss': 1.9049285650253296, 'train_loss': None, 'decision': 0, 'drift_rate': 0.0, 'target_domains': ['sketch']}
Round 41 took 0.3884093761444092s, results:
{'t': 40, 'current_accuracy': 0.41796875, 'current_loss': 1.9049286246299744, 'train_loss': None, 'decision': 0, 'drift_rate': 0.0, 'target_domains': ['sketch']}
Round 42 took 0.3889594078063965s, results:
{'t': 41, 'current_accuracy': 0.41796875, 'current_loss': 1.904928982257843, 'train_loss': None, 'decision': 0, 'drift_rate': 0.0, 'target_domains': ['sketch']}
Round 43 took 0.3880035877227783s, results:
{'t': 42, 'current_accuracy': 0.41796875, 'current_loss': 1.9049288034439087, 'train_loss': None, 'decision': 0, 'drift_rate': 0.0, 'target_domains': ['sketch']}
Round 44 took 0.3895103931427002s, results:
{'t': 43, 'current_accuracy': 0.41796875, 'current_loss': 1.904928743839264, 'train_loss': None, 'decision': 0, 'drift_rate': 0.0, 'target_domains': ['sketch']}
Round 45 took 0.3886909484863281s, results:
{'t': 44, 'current_accuracy': 0.41796875, 'current_loss': 1.9049283266067505, 'train_loss': None, 'decision': 0, 'drift_rate': 0.0, 'target_domains': ['sketch']}
Round 46 took 0.3884572982788086s, results:
{'t': 45, 'current_accuracy': 0.41796875, 'current_loss': 1.90492844581604, 'train_loss': None, 'decision': 0, 'drift_rate': 0.0, 'target_domains': ['sketch']}
Round 47 took 0.38817286491394043s, results:
{'t': 46, 'current_accuracy': 0.41796875, 'current_loss': 1.9049285054206848, 'train_loss': None, 'decision': 0, 'drift_rate': 0.0, 'target_domains': ['sketch']}
Round 48 took 0.40453147888183594s, results:
{'t': 47, 'current_accuracy': 0.41796875, 'current_loss': 1.9049282670021057, 'train_loss': None, 'decision': 0, 'drift_rate': 0.0, 'target_domains': ['sketch']}
Round 49 took 0.40078306198120117s, results:
{'t': 48, 'current_accuracy': 0.41796875, 'current_loss': 1.9049285650253296, 'train_loss': None, 'decision': 0, 'drift_rate': 0.0, 'target_domains': ['sketch']}
Round 50 took 0.3889343738555908s, results:
{'t': 49, 'current_accuracy': 0.41796875, 'current_loss': 1.904928743839264, 'train_loss': None, 'decision': 0, 'drift_rate': 0.0, 'target_domains': ['sketch']}
Round 51 took 0.3889944553375244s, results:
{'t': 50, 'current_accuracy': 0.41796875, 'current_loss': 1.9049283862113953, 'train_loss': None, 'decision': 0, 'drift_rate': 0.0, 'target_domains': ['sketch']}
Round 52 took 0.38922977447509766s, results:
{'t': 51, 'current_accuracy': 0.41796875, 'current_loss': 1.904928207397461, 'train_loss': None, 'decision': 0, 'drift_rate': 0.0, 'target_domains': ['sketch']}
Round 53 took 0.39055371284484863s, results:
{'t': 52, 'current_accuracy': 0.41796875, 'current_loss': 1.904928743839264, 'train_loss': None, 'decision': 0, 'drift_rate': 0.0, 'target_domains': ['sketch']}
Round 54 took 0.3898491859436035s, results:
{'t': 53, 'current_accuracy': 0.41796875, 'current_loss': 1.904928743839264, 'train_loss': None, 'decision': 0, 'drift_rate': 0.0, 'target_domains': ['sketch']}
Round 55 took 0.38933658599853516s, results:
{'t': 54, 'current_accuracy': 0.41796875, 'current_loss': 1.904928207397461, 'train_loss': None, 'decision': 0, 'drift_rate': 0.0, 'target_domains': ['sketch']}
Average loss over 1 updates: 1.1754
Round 56 took 0.565432071685791s, results:
{'t': 55, 'current_accuracy': 0.41796875, 'current_loss': 1.9049283266067505, 'train_loss': 1.1754361391067505, 'decision': 1, 'drift_rate': 0.0, 'target_domains': ['sketch']}
Average loss over 1 updates: 1.1168
Round 57 took 0.5664973258972168s, results:
{'t': 56, 'current_accuracy': 0.2421875, 'current_loss': 5.256168842315674, 'train_loss': 1.1167737245559692, 'decision': 1, 'drift_rate': 0.0, 'target_domains': ['sketch']}
Round 58 took 0.3919072151184082s, results:
{'t': 57, 'current_accuracy': 0.4296875, 'current_loss': 1.4303370118141174, 'train_loss': None, 'decision': 0, 'drift_rate': 0.0, 'target_domains': ['sketch']}
Round 59 took 0.3893473148345947s, results:
{'t': 58, 'current_accuracy': 0.4296875, 'current_loss': 1.4303370714187622, 'train_loss': None, 'decision': 0, 'drift_rate': 0.0, 'target_domains': ['sketch']}
Round 60 took 0.38828420639038086s, results:
{'t': 59, 'current_accuracy': 0.4296875, 'current_loss': 1.4303370118141174, 'train_loss': None, 'decision': 0, 'drift_rate': 0.0, 'target_domains': ['sketch']}
Round 61 took 0.3880023956298828s, results:
{'t': 60, 'current_accuracy': 0.4296875, 'current_loss': 1.4303371906280518, 'train_loss': None, 'decision': 0, 'drift_rate': 0.0, 'target_domains': ['sketch']}
Round 62 took 0.3900489807128906s, results:
{'t': 61, 'current_accuracy': 0.4296875, 'current_loss': 1.430336833000183, 'train_loss': None, 'decision': 0, 'drift_rate': 0.0, 'target_domains': ['sketch']}
Round 63 took 0.3890810012817383s, results:
{'t': 62, 'current_accuracy': 0.4296875, 'current_loss': 1.430336833000183, 'train_loss': None, 'decision': 0, 'drift_rate': 0.0, 'target_domains': ['sketch']}
Round 64 took 0.38783717155456543s, results:
{'t': 63, 'current_accuracy': 0.4296875, 'current_loss': 1.430337131023407, 'train_loss': None, 'decision': 0, 'drift_rate': 0.0, 'target_domains': ['sketch']}
Round 65 took 0.3883488178253174s, results:
{'t': 64, 'current_accuracy': 0.4296875, 'current_loss': 1.4303370714187622, 'train_loss': None, 'decision': 0, 'drift_rate': 0.0, 'target_domains': ['sketch']}
Round 66 took 0.3884618282318115s, results:
{'t': 65, 'current_accuracy': 0.4296875, 'current_loss': 1.4303370714187622, 'train_loss': None, 'decision': 0, 'drift_rate': 0.0, 'target_domains': ['sketch']}
Round 67 took 0.3885786533355713s, results:
{'t': 66, 'current_accuracy': 0.4296875, 'current_loss': 1.4303372502326965, 'train_loss': None, 'decision': 0, 'drift_rate': 0.0, 'target_domains': ['sketch']}
Round 68 took 0.3905794620513916s, results:
{'t': 67, 'current_accuracy': 0.4296875, 'current_loss': 1.430336833000183, 'train_loss': None, 'decision': 0, 'drift_rate': 0.0, 'target_domains': ['sketch']}
Round 69 took 0.38962817192077637s, results:
{'t': 68, 'current_accuracy': 0.4296875, 'current_loss': 1.4303369522094727, 'train_loss': None, 'decision': 0, 'drift_rate': 0.0, 'target_domains': ['sketch']}
Round 70 took 0.38904666900634766s, results:
{'t': 69, 'current_accuracy': 0.4296875, 'current_loss': 1.4303370118141174, 'train_loss': None, 'decision': 0, 'drift_rate': 0.0, 'target_domains': ['sketch']}
Round 71 took 0.38900303840637207s, results:
{'t': 70, 'current_accuracy': 0.4296875, 'current_loss': 1.430336833000183, 'train_loss': None, 'decision': 0, 'drift_rate': 0.0, 'target_domains': ['sketch']}
Round 72 took 0.38898515701293945s, results:
{'t': 71, 'current_accuracy': 0.4296875, 'current_loss': 1.4303373098373413, 'train_loss': None, 'decision': 0, 'drift_rate': 0.0, 'target_domains': ['sketch']}
Round 73 took 0.38950514793395996s, results:
{'t': 72, 'current_accuracy': 0.4296875, 'current_loss': 1.4303369522094727, 'train_loss': None, 'decision': 0, 'drift_rate': 0.0, 'target_domains': ['sketch']}
Round 74 took 0.38800787925720215s, results:
{'t': 73, 'current_accuracy': 0.4296875, 'current_loss': 1.4303370118141174, 'train_loss': None, 'decision': 0, 'drift_rate': 0.0, 'target_domains': ['sketch']}
Round 75 took 0.39128851890563965s, results:
{'t': 74, 'current_accuracy': 0.4296875, 'current_loss': 1.4303367137908936, 'train_loss': None, 'decision': 0, 'drift_rate': 0.0, 'target_domains': ['sketch']}
Round 76 took 0.3889751434326172s, results:
{'t': 75, 'current_accuracy': 0.4296875, 'current_loss': 1.4303373098373413, 'train_loss': None, 'decision': 0, 'drift_rate': 0.0, 'target_domains': ['sketch']}
Round 77 took 0.38912081718444824s, results:
{'t': 76, 'current_accuracy': 0.4296875, 'current_loss': 1.4303370714187622, 'train_loss': None, 'decision': 0, 'drift_rate': 0.0, 'target_domains': ['sketch']}
Round 78 took 0.3886375427246094s, results:
{'t': 77, 'current_accuracy': 0.4296875, 'current_loss': 1.430337131023407, 'train_loss': None, 'decision': 0, 'drift_rate': 0.0, 'target_domains': ['sketch']}
Round 79 took 0.38942646980285645s, results:
{'t': 78, 'current_accuracy': 0.4296875, 'current_loss': 1.4303370714187622, 'train_loss': None, 'decision': 0, 'drift_rate': 0.0, 'target_domains': ['sketch']}
Round 80 took 0.3891885280609131s, results:
{'t': 79, 'current_accuracy': 0.4296875, 'current_loss': 1.4303371906280518, 'train_loss': None, 'decision': 0, 'drift_rate': 0.0, 'target_domains': ['sketch']}
Round 81 took 0.39173364639282227s, results:
{'t': 80, 'current_accuracy': 0.4296875, 'current_loss': 1.4303371906280518, 'train_loss': None, 'decision': 0, 'drift_rate': 0.0, 'target_domains': ['sketch']}
Round 82 took 0.3890364170074463s, results:
{'t': 81, 'current_accuracy': 0.4296875, 'current_loss': 1.4303370714187622, 'train_loss': None, 'decision': 0, 'drift_rate': 0.0, 'target_domains': ['sketch']}
Round 83 took 0.3895587921142578s, results:
{'t': 82, 'current_accuracy': 0.4296875, 'current_loss': 1.4303370714187622, 'train_loss': None, 'decision': 0, 'drift_rate': 0.0, 'target_domains': ['sketch']}
Round 84 took 0.388596773147583s, results:
{'t': 83, 'current_accuracy': 0.4296875, 'current_loss': 1.4303372502326965, 'train_loss': None, 'decision': 0, 'drift_rate': 0.0, 'target_domains': ['sketch']}
Round 85 took 0.38907885551452637s, results:
{'t': 84, 'current_accuracy': 0.4296875, 'current_loss': 1.430337131023407, 'train_loss': None, 'decision': 0, 'drift_rate': 0.0, 'target_domains': ['sketch']}
Round 86 took 0.3894805908203125s, results:
{'t': 85, 'current_accuracy': 0.4296875, 'current_loss': 1.4303370714187622, 'train_loss': None, 'decision': 0, 'drift_rate': 0.0, 'target_domains': ['sketch']}
Round 87 took 0.39083313941955566s, results:
{'t': 86, 'current_accuracy': 0.4296875, 'current_loss': 1.4303368926048279, 'train_loss': None, 'decision': 0, 'drift_rate': 0.0, 'target_domains': ['sketch']}
Average loss over 1 updates: 1.0476
Round 88 took 0.5677087306976318s, results:
{'t': 87, 'current_accuracy': 0.4296875, 'current_loss': 1.4303373098373413, 'train_loss': 1.0476319789886475, 'decision': 1, 'drift_rate': 0.0, 'target_domains': ['sketch']}
Average loss over 1 updates: 1.0566
Round 89 took 0.5656406879425049s, results:
{'t': 88, 'current_accuracy': 0.4453125, 'current_loss': 1.7911447882652283, 'train_loss': 1.0566048622131348, 'decision': 1, 'drift_rate': 0.0, 'target_domains': ['sketch']}
Round 90 took 0.3920731544494629s, results:
{'t': 89, 'current_accuracy': 0.4921875, 'current_loss': 1.426594614982605, 'train_loss': None, 'decision': 0, 'drift_rate': 0.0, 'target_domains': ['sketch']}
Round 91 took 0.3919069766998291s, results:
{'t': 90, 'current_accuracy': 0.4921875, 'current_loss': 1.4265947341918945, 'train_loss': None, 'decision': 0, 'drift_rate': 0.0, 'target_domains': ['sketch']}
Round 92 took 0.3911125659942627s, results:
{'t': 91, 'current_accuracy': 0.4921875, 'current_loss': 1.4265949130058289, 'train_loss': None, 'decision': 0, 'drift_rate': 0.0, 'target_domains': ['sketch']}
Round 93 took 0.3940854072570801s, results:
{'t': 92, 'current_accuracy': 0.4921875, 'current_loss': 1.4265947937965393, 'train_loss': None, 'decision': 0, 'drift_rate': 0.0, 'target_domains': ['sketch']}
Round 94 took 0.3907504081726074s, results:
{'t': 93, 'current_accuracy': 0.4921875, 'current_loss': 1.4265947937965393, 'train_loss': None, 'decision': 0, 'drift_rate': 0.0, 'target_domains': ['sketch']}
Round 95 took 0.3913869857788086s, results:
{'t': 94, 'current_accuracy': 0.4921875, 'current_loss': 1.4265946745872498, 'train_loss': None, 'decision': 0, 'drift_rate': 0.0, 'target_domains': ['sketch']}
Round 96 took 0.3911571502685547s, results:
{'t': 95, 'current_accuracy': 0.4921875, 'current_loss': 1.426594853401184, 'train_loss': None, 'decision': 0, 'drift_rate': 0.0, 'target_domains': ['sketch']}
Round 97 took 0.39101743698120117s, results:
{'t': 96, 'current_accuracy': 0.4921875, 'current_loss': 1.4265946745872498, 'train_loss': None, 'decision': 0, 'drift_rate': 0.0, 'target_domains': ['sketch']}
Round 98 took 0.3910481929779053s, results:
{'t': 97, 'current_accuracy': 0.4921875, 'current_loss': 1.4265947937965393, 'train_loss': None, 'decision': 0, 'drift_rate': 0.0, 'target_domains': ['sketch']}
Round 99 took 0.3938417434692383s, results:
{'t': 98, 'current_accuracy': 0.4921875, 'current_loss': 1.4265947937965393, 'train_loss': None, 'decision': 0, 'drift_rate': 0.0, 'target_domains': ['sketch']}
Round 100 took 0.39136195182800293s, results:
{'t': 99, 'current_accuracy': 0.4921875, 'current_loss': 1.4265946745872498, 'train_loss': None, 'decision': 0, 'drift_rate': 0.0, 'target_domains': ['sketch']}
Round 101 took 0.39072227478027344s, results:
{'t': 100, 'current_accuracy': 0.4921875, 'current_loss': 1.4265947341918945, 'train_loss': None, 'decision': 0, 'drift_rate': 0.0, 'target_domains': ['sketch']}
Round 102 took 0.3906674385070801s, results:
{'t': 101, 'current_accuracy': 0.4921875, 'current_loss': 1.4265947937965393, 'train_loss': None, 'decision': 0, 'drift_rate': 0.0, 'target_domains': ['sketch']}
Round 103 took 0.3916652202606201s, results:
{'t': 102, 'current_accuracy': 0.4921875, 'current_loss': 1.426594853401184, 'train_loss': None, 'decision': 0, 'drift_rate': 0.0, 'target_domains': ['sketch']}
Round 104 took 0.3909485340118408s, results:
{'t': 103, 'current_accuracy': 0.4921875, 'current_loss': 1.4265945553779602, 'train_loss': None, 'decision': 0, 'drift_rate': 0.0, 'target_domains': ['sketch']}
Round 105 took 0.39200258255004883s, results:
{'t': 104, 'current_accuracy': 0.4921875, 'current_loss': 1.4265949130058289, 'train_loss': None, 'decision': 0, 'drift_rate': 0.0, 'target_domains': ['sketch']}
Round 106 took 0.39132022857666016s, results:
{'t': 105, 'current_accuracy': 0.4921875, 'current_loss': 1.4265944957733154, 'train_loss': None, 'decision': 0, 'drift_rate': 0.0, 'target_domains': ['sketch']}
Round 107 took 0.39115405082702637s, results:
{'t': 106, 'current_accuracy': 0.4921875, 'current_loss': 1.4265947937965393, 'train_loss': None, 'decision': 0, 'drift_rate': 0.0, 'target_domains': ['sketch']}
Average loss over 1 updates: 1.1577
Round 108 took 0.5689148902893066s, results:
{'t': 107, 'current_accuracy': 0.4921875, 'current_loss': 1.4265947341918945, 'train_loss': 1.1576924324035645, 'decision': 1, 'drift_rate': 0.0, 'target_domains': ['sketch']}
Round 109 took 0.3917272090911865s, results:
{'t': 108, 'current_accuracy': 0.48046875, 'current_loss': 1.7446466088294983, 'train_loss': None, 'decision': 0, 'drift_rate': 0.0, 'target_domains': ['sketch']}
Average loss over 1 updates: 1.0459
Round 110 took 0.5692028999328613s, results:
{'t': 109, 'current_accuracy': 0.48046875, 'current_loss': 1.7446466088294983, 'train_loss': 1.0458812713623047, 'decision': 1, 'drift_rate': 0.0, 'target_domains': ['sketch']}
Round 111 took 0.39200329780578613s, results:
{'t': 110, 'current_accuracy': 0.47265625, 'current_loss': 1.4630602598190308, 'train_loss': None, 'decision': 0, 'drift_rate': 0.0, 'target_domains': ['sketch']}
Round 112 took 0.3907654285430908s, results:
{'t': 111, 'current_accuracy': 0.47265625, 'current_loss': 1.463059902191162, 'train_loss': None, 'decision': 0, 'drift_rate': 0.0, 'target_domains': ['sketch']}
Round 113 took 0.3911261558532715s, results:
{'t': 112, 'current_accuracy': 0.47265625, 'current_loss': 1.4630601406097412, 'train_loss': None, 'decision': 0, 'drift_rate': 0.0, 'target_domains': ['sketch']}
Round 114 took 0.39128661155700684s, results:
{'t': 113, 'current_accuracy': 0.47265625, 'current_loss': 1.463059663772583, 'train_loss': None, 'decision': 0, 'drift_rate': 0.0, 'target_domains': ['sketch']}
Round 115 took 0.391071081161499s, results:
{'t': 114, 'current_accuracy': 0.47265625, 'current_loss': 1.4630600810050964, 'train_loss': None, 'decision': 0, 'drift_rate': 0.0, 'target_domains': ['sketch']}
Round 116 took 0.39055418968200684s, results:
{'t': 115, 'current_accuracy': 0.47265625, 'current_loss': 1.463059902191162, 'train_loss': None, 'decision': 0, 'drift_rate': 0.0, 'target_domains': ['sketch']}
Round 117 took 0.391521692276001s, results:
{'t': 116, 'current_accuracy': 0.47265625, 'current_loss': 1.4630600214004517, 'train_loss': None, 'decision': 0, 'drift_rate': 0.0, 'target_domains': ['sketch']}
Round 118 took 0.39081788063049316s, results:
{'t': 117, 'current_accuracy': 0.47265625, 'current_loss': 1.463060200214386, 'train_loss': None, 'decision': 0, 'drift_rate': 0.0, 'target_domains': ['sketch']}
Round 119 took 0.3903319835662842s, results:
{'t': 118, 'current_accuracy': 0.47265625, 'current_loss': 1.4630599617958069, 'train_loss': None, 'decision': 0, 'drift_rate': 0.0, 'target_domains': ['sketch']}
Round 120 took 0.39093899726867676s, results:
{'t': 119, 'current_accuracy': 0.47265625, 'current_loss': 1.4630601406097412, 'train_loss': None, 'decision': 0, 'drift_rate': 0.0, 'target_domains': ['sketch']}
Round 121 took 0.39050722122192383s, results:
{'t': 120, 'current_accuracy': 0.47265625, 'current_loss': 1.4630602598190308, 'train_loss': None, 'decision': 0, 'drift_rate': 0.0, 'target_domains': ['sketch']}
Round 122 took 0.39103245735168457s, results:
{'t': 121, 'current_accuracy': 0.47265625, 'current_loss': 1.4630602598190308, 'train_loss': None, 'decision': 0, 'drift_rate': 0.0, 'target_domains': ['sketch']}
Round 123 took 0.39101290702819824s, results:
{'t': 122, 'current_accuracy': 0.47265625, 'current_loss': 1.4630604982376099, 'train_loss': None, 'decision': 0, 'drift_rate': 0.0, 'target_domains': ['sketch']}
Round 124 took 0.39052391052246094s, results:
{'t': 123, 'current_accuracy': 0.47265625, 'current_loss': 1.4630600810050964, 'train_loss': None, 'decision': 0, 'drift_rate': 0.0, 'target_domains': ['sketch']}
Round 125 took 0.39011287689208984s, results:
{'t': 124, 'current_accuracy': 0.47265625, 'current_loss': 1.4630600214004517, 'train_loss': None, 'decision': 0, 'drift_rate': 0.0, 'target_domains': ['sketch']}
Average loss over 1 updates: 1.1594
Round 126 took 0.5793988704681396s, results:
{'t': 125, 'current_accuracy': 0.390625, 'current_loss': 3.024045944213867, 'train_loss': 1.159375548362732, 'decision': 1, 'drift_rate': 0.5, 'target_domains': ['cartoon']}
Round 127 took 0.39888739585876465s, results:
{'t': 126, 'current_accuracy': 0.46875, 'current_loss': 1.8101246356964111, 'train_loss': None, 'decision': 0, 'drift_rate': 0.5, 'target_domains': ['cartoon']}
Average loss over 1 updates: 1.2580
Round 128 took 0.5934321880340576s, results:
{'t': 127, 'current_accuracy': 0.46875, 'current_loss': 1.8101239204406738, 'train_loss': 1.2579816579818726, 'decision': 1, 'drift_rate': 0.0, 'target_domains': ['cartoon']}
Average loss over 1 updates: 0.5621
Round 129 took 0.5700268745422363s, results:
{'t': 128, 'current_accuracy': 0.296875, 'current_loss': 3.132236123085022, 'train_loss': 0.5620954632759094, 'decision': 1, 'drift_rate': 0.0, 'target_domains': ['cartoon']}
Round 130 took 0.3901824951171875s, results:
{'t': 129, 'current_accuracy': 0.421875, 'current_loss': 1.9094336032867432, 'train_loss': None, 'decision': 0, 'drift_rate': 0.0, 'target_domains': ['cartoon']}
Round 131 took 0.39022159576416016s, results:
{'t': 130, 'current_accuracy': 0.421875, 'current_loss': 1.909433364868164, 'train_loss': None, 'decision': 0, 'drift_rate': 0.0, 'target_domains': ['cartoon']}
Round 132 took 0.389981746673584s, results:
{'t': 131, 'current_accuracy': 0.421875, 'current_loss': 1.9094336032867432, 'train_loss': None, 'decision': 0, 'drift_rate': 0.0, 'target_domains': ['cartoon']}
Round 133 took 0.3899352550506592s, results:
{'t': 132, 'current_accuracy': 0.421875, 'current_loss': 1.9094334840774536, 'train_loss': None, 'decision': 0, 'drift_rate': 0.0, 'target_domains': ['cartoon']}
Round 134 took 0.3918302059173584s, results:
{'t': 133, 'current_accuracy': 0.421875, 'current_loss': 1.9094337821006775, 'train_loss': None, 'decision': 0, 'drift_rate': 0.0, 'target_domains': ['cartoon']}
Round 135 took 0.39008593559265137s, results:
{'t': 134, 'current_accuracy': 0.421875, 'current_loss': 1.9094336032867432, 'train_loss': None, 'decision': 0, 'drift_rate': 0.0, 'target_domains': ['cartoon']}
Round 136 took 0.39023613929748535s, results:
{'t': 135, 'current_accuracy': 0.421875, 'current_loss': 1.909433662891388, 'train_loss': None, 'decision': 0, 'drift_rate': 0.0, 'target_domains': ['cartoon']}
Round 137 took 0.38991570472717285s, results:
{'t': 136, 'current_accuracy': 0.421875, 'current_loss': 1.9094331860542297, 'train_loss': None, 'decision': 0, 'drift_rate': 0.0, 'target_domains': ['cartoon']}
Round 138 took 0.38991761207580566s, results:
{'t': 137, 'current_accuracy': 0.421875, 'current_loss': 1.9094337224960327, 'train_loss': None, 'decision': 0, 'drift_rate': 0.0, 'target_domains': ['cartoon']}
Round 139 took 0.3907203674316406s, results:
{'t': 138, 'current_accuracy': 0.421875, 'current_loss': 1.9094335436820984, 'train_loss': None, 'decision': 0, 'drift_rate': 0.0, 'target_domains': ['cartoon']}
Round 140 took 0.3939192295074463s, results:
{'t': 139, 'current_accuracy': 0.421875, 'current_loss': 1.9094334840774536, 'train_loss': None, 'decision': 0, 'drift_rate': 0.0, 'target_domains': ['cartoon']}
Round 141 took 0.3896932601928711s, results:
{'t': 140, 'current_accuracy': 0.421875, 'current_loss': 1.9094336032867432, 'train_loss': None, 'decision': 0, 'drift_rate': 0.0, 'target_domains': ['cartoon']}
Round 142 took 0.39022064208984375s, results:
{'t': 141, 'current_accuracy': 0.421875, 'current_loss': 1.9094335436820984, 'train_loss': None, 'decision': 0, 'drift_rate': 0.0, 'target_domains': ['cartoon']}
Round 143 took 0.39000630378723145s, results:
{'t': 142, 'current_accuracy': 0.421875, 'current_loss': 1.9094332456588745, 'train_loss': None, 'decision': 0, 'drift_rate': 0.0, 'target_domains': ['cartoon']}
Round 144 took 0.390765905380249s, results:
{'t': 143, 'current_accuracy': 0.421875, 'current_loss': 1.9094334244728088, 'train_loss': None, 'decision': 0, 'drift_rate': 0.0, 'target_domains': ['cartoon']}
Round 145 took 0.389995813369751s, results:
{'t': 144, 'current_accuracy': 0.421875, 'current_loss': 1.9094337224960327, 'train_loss': None, 'decision': 0, 'drift_rate': 0.0, 'target_domains': ['cartoon']}
Average loss over 1 updates: 0.4575
Round 146 took 0.5680396556854248s, results:
{'t': 145, 'current_accuracy': 0.421875, 'current_loss': 1.9094334840774536, 'train_loss': 0.45748817920684814, 'decision': 1, 'drift_rate': 0.0, 'target_domains': ['cartoon']}
Round 147 took 0.39099979400634766s, results:
{'t': 146, 'current_accuracy': 0.6796875, 'current_loss': 0.9437358975410461, 'train_loss': None, 'decision': 0, 'drift_rate': 0.0, 'target_domains': ['cartoon']}
Round 148 took 0.3930232524871826s, results:
{'t': 147, 'current_accuracy': 0.6796875, 'current_loss': 0.9437359273433685, 'train_loss': None, 'decision': 0, 'drift_rate': 0.0, 'target_domains': ['cartoon']}
Round 149 took 0.3907184600830078s, results:
{'t': 148, 'current_accuracy': 0.6796875, 'current_loss': 0.9437361359596252, 'train_loss': None, 'decision': 0, 'drift_rate': 0.0, 'target_domains': ['cartoon']}
Round 150 took 0.39142704010009766s, results:
{'t': 149, 'current_accuracy': 0.6796875, 'current_loss': 0.9437357783317566, 'train_loss': None, 'decision': 0, 'drift_rate': 0.0, 'target_domains': ['cartoon']}
Round 151 took 0.3904392719268799s, results:
{'t': 150, 'current_accuracy': 0.6796875, 'current_loss': 0.9437360465526581, 'train_loss': None, 'decision': 0, 'drift_rate': 0.0, 'target_domains': ['cartoon']}
Round 152 took 0.3908560276031494s, results:
{'t': 151, 'current_accuracy': 0.6796875, 'current_loss': 0.9437360465526581, 'train_loss': None, 'decision': 0, 'drift_rate': 0.0, 'target_domains': ['cartoon']}
Round 153 took 0.3909149169921875s, results:
{'t': 152, 'current_accuracy': 0.6796875, 'current_loss': 0.9437359869480133, 'train_loss': None, 'decision': 0, 'drift_rate': 0.0, 'target_domains': ['cartoon']}
Round 154 took 0.3903989791870117s, results:
{'t': 153, 'current_accuracy': 0.6796875, 'current_loss': 0.9437360167503357, 'train_loss': None, 'decision': 0, 'drift_rate': 0.0, 'target_domains': ['cartoon']}
Round 155 took 0.3906733989715576s, results:
{'t': 154, 'current_accuracy': 0.6796875, 'current_loss': 0.9437360465526581, 'train_loss': None, 'decision': 0, 'drift_rate': 0.0, 'target_domains': ['cartoon']}
Round 156 took 0.393186092376709s, results:
{'t': 155, 'current_accuracy': 0.6796875, 'current_loss': 0.9437361061573029, 'train_loss': None, 'decision': 0, 'drift_rate': 0.0, 'target_domains': ['cartoon']}
Round 157 took 0.39060258865356445s, results:
{'t': 156, 'current_accuracy': 0.6796875, 'current_loss': 0.9437360465526581, 'train_loss': None, 'decision': 0, 'drift_rate': 0.0, 'target_domains': ['cartoon']}
Round 158 took 0.3903782367706299s, results:
{'t': 157, 'current_accuracy': 0.6796875, 'current_loss': 0.9437361359596252, 'train_loss': None, 'decision': 0, 'drift_rate': 0.0, 'target_domains': ['cartoon']}
Round 159 took 0.39078354835510254s, results:
{'t': 158, 'current_accuracy': 0.6796875, 'current_loss': 0.9437360465526581, 'train_loss': None, 'decision': 0, 'drift_rate': 0.0, 'target_domains': ['cartoon']}
Round 160 took 0.390552282333374s, results:
{'t': 159, 'current_accuracy': 0.6796875, 'current_loss': 0.9437361061573029, 'train_loss': None, 'decision': 0, 'drift_rate': 0.0, 'target_domains': ['cartoon']}
Round 161 took 0.3906083106994629s, results:
{'t': 160, 'current_accuracy': 0.6796875, 'current_loss': 0.9437360763549805, 'train_loss': None, 'decision': 0, 'drift_rate': 0.0, 'target_domains': ['cartoon']}
Round 162 took 0.3899855613708496s, results:
{'t': 161, 'current_accuracy': 0.6796875, 'current_loss': 0.9437364637851715, 'train_loss': None, 'decision': 0, 'drift_rate': 0.0, 'target_domains': ['cartoon']}
Round 163 took 0.3910489082336426s, results:
{'t': 162, 'current_accuracy': 0.6796875, 'current_loss': 0.9437363743782043, 'train_loss': None, 'decision': 0, 'drift_rate': 0.0, 'target_domains': ['cartoon']}
Round 164 took 0.39307737350463867s, results:
{'t': 163, 'current_accuracy': 0.6796875, 'current_loss': 0.9437359571456909, 'train_loss': None, 'decision': 0, 'drift_rate': 0.0, 'target_domains': ['cartoon']}
Round 165 took 0.39104533195495605s, results:
{'t': 164, 'current_accuracy': 0.6796875, 'current_loss': 0.9437359571456909, 'train_loss': None, 'decision': 0, 'drift_rate': 0.0, 'target_domains': ['cartoon']}
Round 166 took 0.3907918930053711s, results:
{'t': 165, 'current_accuracy': 0.6796875, 'current_loss': 0.9437358975410461, 'train_loss': None, 'decision': 0, 'drift_rate': 0.0, 'target_domains': ['cartoon']}
Round 167 took 0.3898138999938965s, results:
{'t': 166, 'current_accuracy': 0.6796875, 'current_loss': 0.9437358379364014, 'train_loss': None, 'decision': 0, 'drift_rate': 0.0, 'target_domains': ['cartoon']}
Round 168 took 0.3906674385070801s, results:
{'t': 167, 'current_accuracy': 0.6796875, 'current_loss': 0.9437360763549805, 'train_loss': None, 'decision': 0, 'drift_rate': 0.0, 'target_domains': ['cartoon']}
Round 169 took 0.39086198806762695s, results:
{'t': 168, 'current_accuracy': 0.6796875, 'current_loss': 0.9437360763549805, 'train_loss': None, 'decision': 0, 'drift_rate': 0.0, 'target_domains': ['cartoon']}
Round 170 took 0.39035868644714355s, results:
{'t': 169, 'current_accuracy': 0.6796875, 'current_loss': 0.9437361359596252, 'train_loss': None, 'decision': 0, 'drift_rate': 0.0, 'target_domains': ['cartoon']}
Round 171 took 0.3905811309814453s, results:
{'t': 170, 'current_accuracy': 0.6796875, 'current_loss': 0.9437361061573029, 'train_loss': None, 'decision': 0, 'drift_rate': 0.0, 'target_domains': ['cartoon']}
Round 172 took 0.3928194046020508s, results:
{'t': 171, 'current_accuracy': 0.6796875, 'current_loss': 0.9437360167503357, 'train_loss': None, 'decision': 0, 'drift_rate': 0.0, 'target_domains': ['cartoon']}
Round 173 took 0.3909170627593994s, results:
{'t': 172, 'current_accuracy': 0.6796875, 'current_loss': 0.9437360763549805, 'train_loss': None, 'decision': 0, 'drift_rate': 0.0, 'target_domains': ['cartoon']}
Round 174 took 0.39070558547973633s, results:
{'t': 173, 'current_accuracy': 0.6796875, 'current_loss': 0.9437364339828491, 'train_loss': None, 'decision': 0, 'drift_rate': 0.0, 'target_domains': ['cartoon']}
Round 175 took 0.39046335220336914s, results:
{'t': 174, 'current_accuracy': 0.6796875, 'current_loss': 0.94373619556427, 'train_loss': None, 'decision': 0, 'drift_rate': 0.0, 'target_domains': ['cartoon']}
Round 176 took 0.39089107513427734s, results:
{'t': 175, 'current_accuracy': 0.6796875, 'current_loss': 0.9437359273433685, 'train_loss': None, 'decision': 0, 'drift_rate': 0.0, 'target_domains': ['cartoon']}
Round 177 took 0.39046716690063477s, results:
{'t': 176, 'current_accuracy': 0.6796875, 'current_loss': 0.9437360763549805, 'train_loss': None, 'decision': 0, 'drift_rate': 0.0, 'target_domains': ['cartoon']}
Round 178 took 0.39109373092651367s, results:
{'t': 177, 'current_accuracy': 0.6796875, 'current_loss': 0.9437362551689148, 'train_loss': None, 'decision': 0, 'drift_rate': 0.0, 'target_domains': ['cartoon']}
Round 179 took 0.39032578468322754s, results:
{'t': 178, 'current_accuracy': 0.6796875, 'current_loss': 0.9437360465526581, 'train_loss': None, 'decision': 0, 'drift_rate': 0.0, 'target_domains': ['cartoon']}
Average loss over 1 updates: 0.4161
Round 180 took 0.5730752944946289s, results:
{'t': 179, 'current_accuracy': 0.6796875, 'current_loss': 0.9437361061573029, 'train_loss': 0.41614606976509094, 'decision': 1, 'drift_rate': 0.0, 'target_domains': ['cartoon']}
Round 181 took 0.39095377922058105s, results:
{'t': 180, 'current_accuracy': 0.71875, 'current_loss': 0.8026688992977142, 'train_loss': None, 'decision': 0, 'drift_rate': 0.0, 'target_domains': ['cartoon']}
Round 182 took 0.39042115211486816s, results:
{'t': 181, 'current_accuracy': 0.71875, 'current_loss': 0.8026687204837799, 'train_loss': None, 'decision': 0, 'drift_rate': 0.0, 'target_domains': ['cartoon']}
Round 183 took 0.3898169994354248s, results:
{'t': 182, 'current_accuracy': 0.71875, 'current_loss': 0.8026688396930695, 'train_loss': None, 'decision': 0, 'drift_rate': 0.0, 'target_domains': ['cartoon']}
Round 184 took 0.3906900882720947s, results:
{'t': 183, 'current_accuracy': 0.71875, 'current_loss': 0.8026689291000366, 'train_loss': None, 'decision': 0, 'drift_rate': 0.0, 'target_domains': ['cartoon']}
Round 185 took 0.39009785652160645s, results:
{'t': 184, 'current_accuracy': 0.71875, 'current_loss': 0.8026689887046814, 'train_loss': None, 'decision': 0, 'drift_rate': 0.0, 'target_domains': ['cartoon']}
Round 186 took 0.3901205062866211s, results:
{'t': 185, 'current_accuracy': 0.71875, 'current_loss': 0.8026688694953918, 'train_loss': None, 'decision': 0, 'drift_rate': 0.0, 'target_domains': ['cartoon']}
Round 187 took 0.3896458148956299s, results:
{'t': 186, 'current_accuracy': 0.71875, 'current_loss': 0.8026690781116486, 'train_loss': None, 'decision': 0, 'drift_rate': 0.0, 'target_domains': ['cartoon']}
Round 188 took 0.39132070541381836s, results:
{'t': 187, 'current_accuracy': 0.71875, 'current_loss': 0.802668958902359, 'train_loss': None, 'decision': 0, 'drift_rate': 0.0, 'target_domains': ['cartoon']}
Round 189 took 0.38988709449768066s, results:
{'t': 188, 'current_accuracy': 0.71875, 'current_loss': 0.8026688992977142, 'train_loss': None, 'decision': 0, 'drift_rate': 0.0, 'target_domains': ['cartoon']}
Round 190 took 0.38939785957336426s, results:
{'t': 189, 'current_accuracy': 0.71875, 'current_loss': 0.8026685118675232, 'train_loss': None, 'decision': 0, 'drift_rate': 0.0, 'target_domains': ['cartoon']}
Round 191 took 0.3891470432281494s, results:
{'t': 190, 'current_accuracy': 0.71875, 'current_loss': 0.8026689291000366, 'train_loss': None, 'decision': 0, 'drift_rate': 0.0, 'target_domains': ['cartoon']}
Round 192 took 0.38977527618408203s, results:
{'t': 191, 'current_accuracy': 0.71875, 'current_loss': 0.8026688694953918, 'train_loss': None, 'decision': 0, 'drift_rate': 0.0, 'target_domains': ['cartoon']}
Average loss over 1 updates: 0.3948
Round 193 took 0.5679051876068115s, results:
{'t': 192, 'current_accuracy': 0.71875, 'current_loss': 0.8026688992977142, 'train_loss': 0.3948020040988922, 'decision': 1, 'drift_rate': 0.0, 'target_domains': ['cartoon']}
Round 194 took 0.3913116455078125s, results:
{'t': 193, 'current_accuracy': 0.75, 'current_loss': 0.6596307456493378, 'train_loss': None, 'decision': 0, 'drift_rate': 0.0, 'target_domains': ['cartoon']}
Round 195 took 0.39226317405700684s, results:
{'t': 194, 'current_accuracy': 0.75, 'current_loss': 0.6596309542655945, 'train_loss': None, 'decision': 0, 'drift_rate': 0.0, 'target_domains': ['cartoon']}
Round 196 took 0.3905763626098633s, results:
{'t': 195, 'current_accuracy': 0.75, 'current_loss': 0.6596307158470154, 'train_loss': None, 'decision': 0, 'drift_rate': 0.0, 'target_domains': ['cartoon']}
Round 197 took 0.39046549797058105s, results:
{'t': 196, 'current_accuracy': 0.75, 'current_loss': 0.6596307456493378, 'train_loss': None, 'decision': 0, 'drift_rate': 0.0, 'target_domains': ['cartoon']}
Round 198 took 0.39076685905456543s, results:
{'t': 197, 'current_accuracy': 0.75, 'current_loss': 0.6596308052539825, 'train_loss': None, 'decision': 0, 'drift_rate': 0.0, 'target_domains': ['cartoon']}
Round 199 took 0.38975095748901367s, results:
{'t': 198, 'current_accuracy': 0.75, 'current_loss': 0.6596306264400482, 'train_loss': None, 'decision': 0, 'drift_rate': 0.0, 'target_domains': ['cartoon']}
Round 200 took 0.3890652656555176s, results:
{'t': 199, 'current_accuracy': 0.75, 'current_loss': 0.6596307754516602, 'train_loss': None, 'decision': 0, 'drift_rate': 0.0, 'target_domains': ['cartoon']}
Average time per round: 0.4072084558010101
Total time: 81.44169116020203
