Device: cuda
CUDA Version: 12.1
cuDNN Version: 8902
PyTorch Version: 2.3.0

Model used: DigitsDGCNN
Initial dataset creation
Initial dataset creation
Initial loss: 0.9076094627380371
<__main__.Policy object at 0x14ddbd650410>
0.9076094627380371
0.0 []
Loss historical diff: 0.0; Loss Difference: 0.0, Decision: 0
Round 1 took 0.6230111122131348s, results:
{'t': 0, 'current_accuracy': 0.8359375, 'current_loss': 0.8272081315517426, 'train_loss': None, 'decision': 0, 'drift_rate': 0.0, 'target_domains': ['mnist']}
0.0 []
Loss historical diff: 0.0; Loss Difference: 0.0, Decision: 0
Round 2 took 0.4904294013977051s, results:
{'t': 1, 'current_accuracy': 0.8359375, 'current_loss': 0.8272081017494202, 'train_loss': None, 'decision': 0, 'drift_rate': 0.0, 'target_domains': ['mnist']}
0.0 []
Loss historical diff: 0.0; Loss Difference: 0.0, Decision: 0
Round 3 took 0.5066301822662354s, results:
{'t': 2, 'current_accuracy': 0.8359375, 'current_loss': 0.8272080421447754, 'train_loss': None, 'decision': 0, 'drift_rate': 0.0, 'target_domains': ['mnist']}
0.0 []
Loss historical diff: 5.960464477539063e-08; Loss Difference: 0.0, Decision: 0
Round 4 took 0.4967188835144043s, results:
{'t': 3, 'current_accuracy': 0.8359375, 'current_loss': 0.8272081017494202, 'train_loss': None, 'decision': 0, 'drift_rate': 0.0, 'target_domains': ['mnist']}
0.0 []
Loss historical diff: 0.0; Loss Difference: 0.0, Decision: 0
Round 5 took 0.5122363567352295s, results:
{'t': 4, 'current_accuracy': 0.8359375, 'current_loss': 0.827208012342453, 'train_loss': None, 'decision': 0, 'drift_rate': 0.0, 'target_domains': ['mnist']}
0.0 []
Loss historical diff: 8.940696716308594e-08; Loss Difference: 0.0, Decision: 0
Round 6 took 0.519481897354126s, results:
{'t': 5, 'current_accuracy': 0.8359375, 'current_loss': 0.8272081017494202, 'train_loss': None, 'decision': 0, 'drift_rate': 0.0, 'target_domains': ['mnist']}
0.0 []
Loss historical diff: 5.960464477539063e-08; Loss Difference: 0.0, Decision: 0
Round 7 took 0.5177743434906006s, results:
{'t': 6, 'current_accuracy': 0.8359375, 'current_loss': 0.8272080719470978, 'train_loss': None, 'decision': 0, 'drift_rate': 0.0, 'target_domains': ['mnist']}
0.0 []
Loss historical diff: 8.940696716308594e-08; Loss Difference: 0.0, Decision: 0
Round 8 took 0.4750058650970459s, results:
{'t': 7, 'current_accuracy': 0.8359375, 'current_loss': 0.8272081017494202, 'train_loss': None, 'decision': 0, 'drift_rate': 0.0, 'target_domains': ['mnist']}
0.0 []
Loss historical diff: 1.1920928955078125e-07; Loss Difference: 0.0, Decision: 0
Round 9 took 0.478085994720459s, results:
{'t': 8, 'current_accuracy': 0.8359375, 'current_loss': 0.8272081315517426, 'train_loss': None, 'decision': 0, 'drift_rate': 0.0, 'target_domains': ['mnist']}
0.0 []
Loss historical diff: 0.0; Loss Difference: 0.0, Decision: 0
Round 10 took 0.49967002868652344s, results:
{'t': 9, 'current_accuracy': 0.8359375, 'current_loss': 0.827208012342453, 'train_loss': None, 'decision': 0, 'drift_rate': 0.0, 'target_domains': ['mnist']}
0.0 []
Loss historical diff: 5.960464477539063e-08; Loss Difference: 0.0, Decision: 0
Round 11 took 0.4989500045776367s, results:
{'t': 10, 'current_accuracy': 0.8359375, 'current_loss': 0.8272080719470978, 'train_loss': None, 'decision': 0, 'drift_rate': 0.0, 'target_domains': ['mnist']}
0.0 []
Loss historical diff: 5.960464477539063e-08; Loss Difference: 0.0, Decision: 0
Round 12 took 0.5025224685668945s, results:
{'t': 11, 'current_accuracy': 0.8359375, 'current_loss': 0.8272080719470978, 'train_loss': None, 'decision': 0, 'drift_rate': 0.0, 'target_domains': ['mnist']}
0.0 []
Loss historical diff: 8.940696716308594e-08; Loss Difference: 0.0, Decision: 0
Round 13 took 0.4583446979522705s, results:
{'t': 12, 'current_accuracy': 0.8359375, 'current_loss': 0.8272081017494202, 'train_loss': None, 'decision': 0, 'drift_rate': 0.0, 'target_domains': ['mnist']}
0.0 []
Loss historical diff: 5.960464477539063e-08; Loss Difference: 0.0, Decision: 0
Round 14 took 0.5019891262054443s, results:
{'t': 13, 'current_accuracy': 0.8359375, 'current_loss': 0.8272080719470978, 'train_loss': None, 'decision': 0, 'drift_rate': 0.0, 'target_domains': ['mnist']}
0.0 []
Loss historical diff: 2.9802322387695312e-08; Loss Difference: 0.0, Decision: 0
Round 15 took 0.5308108329772949s, results:
{'t': 14, 'current_accuracy': 0.8359375, 'current_loss': 0.8272080421447754, 'train_loss': None, 'decision': 0, 'drift_rate': 0.0, 'target_domains': ['mnist']}
0.0 []
Loss historical diff: 0.0; Loss Difference: 0.0, Decision: 0
Round 16 took 0.49283719062805176s, results:
{'t': 15, 'current_accuracy': 0.8359375, 'current_loss': 0.8272079527378082, 'train_loss': None, 'decision': 0, 'drift_rate': 0.0, 'target_domains': ['mnist']}
0.0 []
Loss historical diff: 1.4901161193847656e-07; Loss Difference: 0.0, Decision: 0
Round 17 took 0.49828124046325684s, results:
{'t': 16, 'current_accuracy': 0.8359375, 'current_loss': 0.8272081017494202, 'train_loss': None, 'decision': 0, 'drift_rate': 0.0, 'target_domains': ['mnist']}
0.0 []
Loss historical diff: 1.1920928955078125e-07; Loss Difference: 0.0, Decision: 0
Round 18 took 0.5063636302947998s, results:
{'t': 17, 'current_accuracy': 0.8359375, 'current_loss': 0.8272080719470978, 'train_loss': None, 'decision': 0, 'drift_rate': 0.0, 'target_domains': ['mnist']}
0.0 []
Loss historical diff: 2.086162567138672e-07; Loss Difference: 0.0, Decision: 0
Round 19 took 0.5559201240539551s, results:
{'t': 18, 'current_accuracy': 0.8359375, 'current_loss': 0.8272081613540649, 'train_loss': None, 'decision': 0, 'drift_rate': 0.0, 'target_domains': ['mnist']}
0.0 []
Loss historical diff: 1.7881393432617188e-07; Loss Difference: 0.0, Decision: 0
Round 20 took 0.5123169422149658s, results:
{'t': 19, 'current_accuracy': 0.8359375, 'current_loss': 0.8272081315517426, 'train_loss': None, 'decision': 0, 'drift_rate': 0.0, 'target_domains': ['mnist']}
0.0 []
Loss historical diff: 2.384185791015625e-07; Loss Difference: 0.0, Decision: 0
Round 21 took 0.48573732376098633s, results:
{'t': 20, 'current_accuracy': 0.8359375, 'current_loss': 0.8272081911563873, 'train_loss': None, 'decision': 0, 'drift_rate': 0.0, 'target_domains': ['mnist']}
0.0 []
Loss historical diff: 2.086162567138672e-07; Loss Difference: 0.0, Decision: 0
Round 22 took 0.5172007083892822s, results:
{'t': 21, 'current_accuracy': 0.8359375, 'current_loss': 0.8272081613540649, 'train_loss': None, 'decision': 0, 'drift_rate': 0.0, 'target_domains': ['mnist']}
0.0 []
Loss historical diff: 1.1920928955078125e-07; Loss Difference: 0.0, Decision: 0
Round 23 took 0.5270740985870361s, results:
{'t': 22, 'current_accuracy': 0.8359375, 'current_loss': 0.8272080719470978, 'train_loss': None, 'decision': 0, 'drift_rate': 0.0, 'target_domains': ['mnist']}
0.0 []
Loss historical diff: 1.4901161193847656e-07; Loss Difference: 0.0, Decision: 0
Round 24 took 0.533583402633667s, results:
{'t': 23, 'current_accuracy': 0.8359375, 'current_loss': 0.8272081017494202, 'train_loss': None, 'decision': 0, 'drift_rate': 0.0, 'target_domains': ['mnist']}
0.0 []
Loss historical diff: 1.4901161193847656e-07; Loss Difference: 0.0, Decision: 0
Round 25 took 0.49431538581848145s, results:
{'t': 24, 'current_accuracy': 0.8359375, 'current_loss': 0.8272081017494202, 'train_loss': None, 'decision': 0, 'drift_rate': 0.0, 'target_domains': ['mnist']}
0.0 []
Loss historical diff: 8.940696716308594e-08; Loss Difference: 0.0, Decision: 0
Round 26 took 0.491595983505249s, results:
{'t': 25, 'current_accuracy': 0.8359375, 'current_loss': 0.8272080421447754, 'train_loss': None, 'decision': 0, 'drift_rate': 0.0, 'target_domains': ['mnist']}
0.0 []
Loss historical diff: 1.4901161193847656e-07; Loss Difference: 0.0, Decision: 0
Round 27 took 0.48465824127197266s, results:
{'t': 26, 'current_accuracy': 0.8359375, 'current_loss': 0.8272081017494202, 'train_loss': None, 'decision': 0, 'drift_rate': 0.0, 'target_domains': ['mnist']}
0.0 []
Loss historical diff: 2.9802322387695312e-08; Loss Difference: 0.0, Decision: 0
Round 28 took 0.482088565826416s, results:
{'t': 27, 'current_accuracy': 0.8359375, 'current_loss': 0.8272079825401306, 'train_loss': None, 'decision': 0, 'drift_rate': 0.0, 'target_domains': ['mnist']}
0.0 []
Loss historical diff: 1.4901161193847656e-07; Loss Difference: 0.0, Decision: 0
Round 29 took 0.48502278327941895s, results:
{'t': 28, 'current_accuracy': 0.8359375, 'current_loss': 0.8272081017494202, 'train_loss': None, 'decision': 0, 'drift_rate': 0.0, 'target_domains': ['mnist']}
0.0 []
Loss historical diff: 1.4901161193847656e-07; Loss Difference: 0.0, Decision: 0
Round 30 took 0.4990682601928711s, results:
{'t': 29, 'current_accuracy': 0.8359375, 'current_loss': 0.8272081017494202, 'train_loss': None, 'decision': 0, 'drift_rate': 0.0, 'target_domains': ['mnist']}
0.0 []
Loss historical diff: 5.960464477539063e-08; Loss Difference: 0.0, Decision: 0
Round 31 took 0.4969644546508789s, results:
{'t': 30, 'current_accuracy': 0.8359375, 'current_loss': 0.827208012342453, 'train_loss': None, 'decision': 0, 'drift_rate': 0.0, 'target_domains': ['mnist']}
0.0 []
Loss historical diff: 8.940696716308594e-08; Loss Difference: 0.0, Decision: 0
Round 32 took 0.48148488998413086s, results:
{'t': 31, 'current_accuracy': 0.8359375, 'current_loss': 0.8272080421447754, 'train_loss': None, 'decision': 0, 'drift_rate': 0.0, 'target_domains': ['mnist']}
0.0 []
Loss historical diff: 2.086162567138672e-07; Loss Difference: 0.0, Decision: 0
Round 33 took 0.5141317844390869s, results:
{'t': 32, 'current_accuracy': 0.8359375, 'current_loss': 0.8272081613540649, 'train_loss': None, 'decision': 0, 'drift_rate': 0.0, 'target_domains': ['mnist']}
0.0 []
Loss historical diff: 2.9802322387695312e-08; Loss Difference: 0.0, Decision: 0
Round 34 took 0.47870469093322754s, results:
{'t': 33, 'current_accuracy': 0.8359375, 'current_loss': 0.8272079825401306, 'train_loss': None, 'decision': 0, 'drift_rate': 0.0, 'target_domains': ['mnist']}
0.0 []
Loss historical diff: 1.7881393432617188e-07; Loss Difference: 0.0, Decision: 0
Round 35 took 0.4813990592956543s, results:
{'t': 34, 'current_accuracy': 0.8359375, 'current_loss': 0.8272081315517426, 'train_loss': None, 'decision': 0, 'drift_rate': 0.0, 'target_domains': ['mnist']}
0.0 []
Loss historical diff: 2.9802322387695312e-08; Loss Difference: 0.0, Decision: 0
Round 36 took 0.5037868022918701s, results:
{'t': 35, 'current_accuracy': 0.8359375, 'current_loss': 0.8272079825401306, 'train_loss': None, 'decision': 0, 'drift_rate': 0.0, 'target_domains': ['mnist']}
0.0 []
Loss historical diff: 1.4901161193847656e-07; Loss Difference: 0.0, Decision: 0
Round 37 took 0.48746395111083984s, results:
{'t': 36, 'current_accuracy': 0.8359375, 'current_loss': 0.8272081017494202, 'train_loss': None, 'decision': 0, 'drift_rate': 0.0, 'target_domains': ['mnist']}
0.0 []
Loss historical diff: 5.960464477539063e-08; Loss Difference: 0.0, Decision: 0
Round 38 took 0.5022788047790527s, results:
{'t': 37, 'current_accuracy': 0.8359375, 'current_loss': 0.827208012342453, 'train_loss': None, 'decision': 0, 'drift_rate': 0.0, 'target_domains': ['mnist']}
0.0 []
Loss historical diff: 1.7881393432617188e-07; Loss Difference: 0.0, Decision: 0
Round 39 took 0.5517683029174805s, results:
{'t': 38, 'current_accuracy': 0.8359375, 'current_loss': 0.8272081315517426, 'train_loss': None, 'decision': 0, 'drift_rate': 0.0, 'target_domains': ['mnist']}
0.0 []
Loss historical diff: 1.1920928955078125e-07; Loss Difference: 0.0, Decision: 0
Round 40 took 0.5114367008209229s, results:
{'t': 39, 'current_accuracy': 0.8359375, 'current_loss': 0.8272080719470978, 'train_loss': None, 'decision': 0, 'drift_rate': 0.0, 'target_domains': ['mnist']}
0.0 []
Loss historical diff: 1.4901161193847656e-07; Loss Difference: 0.0, Decision: 0
Round 41 took 0.4824385643005371s, results:
{'t': 40, 'current_accuracy': 0.8359375, 'current_loss': 0.8272081017494202, 'train_loss': None, 'decision': 0, 'drift_rate': 0.0, 'target_domains': ['mnist']}
0.0 []
Loss historical diff: 1.1920928955078125e-07; Loss Difference: 0.0, Decision: 0
Round 42 took 0.5050582885742188s, results:
{'t': 41, 'current_accuracy': 0.8359375, 'current_loss': 0.8272080719470978, 'train_loss': None, 'decision': 0, 'drift_rate': 0.0, 'target_domains': ['mnist']}
0.0 []
Loss historical diff: 1.7881393432617188e-07; Loss Difference: 0.0, Decision: 0
Round 43 took 0.4778456687927246s, results:
{'t': 42, 'current_accuracy': 0.8359375, 'current_loss': 0.8272081315517426, 'train_loss': None, 'decision': 0, 'drift_rate': 0.0, 'target_domains': ['mnist']}
0.0 []
Loss historical diff: 8.940696716308594e-08; Loss Difference: 0.0, Decision: 0
Round 44 took 0.49712514877319336s, results:
{'t': 43, 'current_accuracy': 0.8359375, 'current_loss': 0.8272080421447754, 'train_loss': None, 'decision': 0, 'drift_rate': 0.0, 'target_domains': ['mnist']}
0.0 []
Loss historical diff: 1.4901161193847656e-07; Loss Difference: 0.0, Decision: 0
Round 45 took 0.508411169052124s, results:
{'t': 44, 'current_accuracy': 0.8359375, 'current_loss': 0.8272081017494202, 'train_loss': None, 'decision': 0, 'drift_rate': 0.0, 'target_domains': ['mnist']}
0.4 ['mnist']
Loss historical diff: 1.7881393432617188e-07; Loss Difference: 0.0, Decision: 0
Round 46 took 0.630946159362793s, results:
{'t': 45, 'current_accuracy': 0.8359375, 'current_loss': 0.8272081315517426, 'train_loss': None, 'decision': 0, 'drift_rate': 0.4, 'target_domains': ['mnist']}
0.4 ['mnist']
Loss historical diff: 5.960464477539063e-08; Loss Difference: 0.0, Decision: 0
Round 47 took 0.5094501972198486s, results:
{'t': 46, 'current_accuracy': 0.8359375, 'current_loss': 0.827208012342453, 'train_loss': None, 'decision': 0, 'drift_rate': 0.4, 'target_domains': ['mnist']}
0.4 ['mnist']
Loss historical diff: 5.960464477539063e-08; Loss Difference: 0.0, Decision: 0
Round 48 took 0.5147275924682617s, results:
{'t': 47, 'current_accuracy': 0.8359375, 'current_loss': 0.827208012342453, 'train_loss': None, 'decision': 0, 'drift_rate': 0.4, 'target_domains': ['mnist']}
0.0 []
Loss historical diff: 8.940696716308594e-08; Loss Difference: 0.0, Decision: 0
Round 49 took 0.48712658882141113s, results:
{'t': 48, 'current_accuracy': 0.8359375, 'current_loss': 0.8272080421447754, 'train_loss': None, 'decision': 0, 'drift_rate': 0.0, 'target_domains': ['mnist']}
0.0 []
Loss historical diff: 1.1920928955078125e-07; Loss Difference: 0.0, Decision: 0
Round 50 took 0.48080015182495117s, results:
{'t': 49, 'current_accuracy': 0.8359375, 'current_loss': 0.8272080719470978, 'train_loss': None, 'decision': 0, 'drift_rate': 0.0, 'target_domains': ['mnist']}
0.0 []
Loss historical diff: 8.940696716308594e-08; Loss Difference: 0.0, Decision: 0
Round 51 took 0.5053296089172363s, results:
{'t': 50, 'current_accuracy': 0.8359375, 'current_loss': 0.8272080421447754, 'train_loss': None, 'decision': 0, 'drift_rate': 0.0, 'target_domains': ['mnist']}
0.0 []
Loss historical diff: 2.384185791015625e-07; Loss Difference: 0.0, Decision: 0
Round 52 took 0.50386643409729s, results:
{'t': 51, 'current_accuracy': 0.8359375, 'current_loss': 0.8272081911563873, 'train_loss': None, 'decision': 0, 'drift_rate': 0.0, 'target_domains': ['mnist']}
0.0 []
Loss historical diff: 1.4901161193847656e-07; Loss Difference: 0.0, Decision: 0
Round 53 took 0.4888019561767578s, results:
{'t': 52, 'current_accuracy': 0.8359375, 'current_loss': 0.8272081017494202, 'train_loss': None, 'decision': 0, 'drift_rate': 0.0, 'target_domains': ['mnist']}
0.0 []
Loss historical diff: 1.1920928955078125e-07; Loss Difference: 0.0, Decision: 0
Round 54 took 0.5150458812713623s, results:
{'t': 53, 'current_accuracy': 0.8359375, 'current_loss': 0.8272080719470978, 'train_loss': None, 'decision': 0, 'drift_rate': 0.0, 'target_domains': ['mnist']}
0.0 []
Loss historical diff: 2.384185791015625e-07; Loss Difference: 0.0, Decision: 0
Round 55 took 0.4954850673675537s, results:
{'t': 54, 'current_accuracy': 0.8359375, 'current_loss': 0.8272081911563873, 'train_loss': None, 'decision': 0, 'drift_rate': 0.0, 'target_domains': ['mnist']}
0.0 []
Loss historical diff: 1.1920928955078125e-07; Loss Difference: 0.0, Decision: 0
Round 56 took 0.5095963478088379s, results:
{'t': 55, 'current_accuracy': 0.8359375, 'current_loss': 0.8272080719470978, 'train_loss': None, 'decision': 0, 'drift_rate': 0.0, 'target_domains': ['mnist']}
0.0 []
Loss historical diff: 1.1920928955078125e-07; Loss Difference: 0.0, Decision: 0
Round 57 took 0.5091831684112549s, results:
{'t': 56, 'current_accuracy': 0.8359375, 'current_loss': 0.8272080719470978, 'train_loss': None, 'decision': 0, 'drift_rate': 0.0, 'target_domains': ['mnist']}
0.0 []
Loss historical diff: 1.4901161193847656e-07; Loss Difference: 0.0, Decision: 0
Round 58 took 0.5158493518829346s, results:
{'t': 57, 'current_accuracy': 0.8359375, 'current_loss': 0.8272081017494202, 'train_loss': None, 'decision': 0, 'drift_rate': 0.0, 'target_domains': ['mnist']}
0.0 []
Loss historical diff: 2.9802322387695312e-08; Loss Difference: 0.0, Decision: 0
Round 59 took 0.5097441673278809s, results:
{'t': 58, 'current_accuracy': 0.8359375, 'current_loss': 0.8272079825401306, 'train_loss': None, 'decision': 0, 'drift_rate': 0.0, 'target_domains': ['mnist']}
0.0 []
Loss historical diff: 8.940696716308594e-08; Loss Difference: 0.0, Decision: 0
Round 60 took 0.5352745056152344s, results:
{'t': 59, 'current_accuracy': 0.8359375, 'current_loss': 0.8272080421447754, 'train_loss': None, 'decision': 0, 'drift_rate': 0.0, 'target_domains': ['mnist']}
0.0 []
Loss historical diff: 1.4901161193847656e-07; Loss Difference: 0.0, Decision: 0
Round 61 took 0.5706210136413574s, results:
{'t': 60, 'current_accuracy': 0.8359375, 'current_loss': 0.8272081017494202, 'train_loss': None, 'decision': 0, 'drift_rate': 0.0, 'target_domains': ['mnist']}
0.0 []
Loss historical diff: 1.4901161193847656e-07; Loss Difference: 0.0, Decision: 0
Round 62 took 0.5425481796264648s, results:
{'t': 61, 'current_accuracy': 0.8359375, 'current_loss': 0.8272081017494202, 'train_loss': None, 'decision': 0, 'drift_rate': 0.0, 'target_domains': ['mnist']}
0.0 []
Loss historical diff: 8.940696716308594e-08; Loss Difference: 0.0, Decision: 0
Round 63 took 0.5343523025512695s, results:
{'t': 62, 'current_accuracy': 0.8359375, 'current_loss': 0.8272080421447754, 'train_loss': None, 'decision': 0, 'drift_rate': 0.0, 'target_domains': ['mnist']}
0.0 []
Loss historical diff: 2.086162567138672e-07; Loss Difference: 0.0, Decision: 0
Round 64 took 0.5292057991027832s, results:
{'t': 63, 'current_accuracy': 0.8359375, 'current_loss': 0.8272081613540649, 'train_loss': None, 'decision': 0, 'drift_rate': 0.0, 'target_domains': ['mnist']}
0.0 []
Loss historical diff: 8.940696716308594e-08; Loss Difference: 0.0, Decision: 0
Round 65 took 0.533639669418335s, results:
{'t': 64, 'current_accuracy': 0.8359375, 'current_loss': 0.8272080421447754, 'train_loss': None, 'decision': 0, 'drift_rate': 0.0, 'target_domains': ['mnist']}
0.0 []
Loss historical diff: 1.7881393432617188e-07; Loss Difference: 0.0, Decision: 0
Round 66 took 0.5409483909606934s, results:
{'t': 65, 'current_accuracy': 0.8359375, 'current_loss': 0.8272081315517426, 'train_loss': None, 'decision': 0, 'drift_rate': 0.0, 'target_domains': ['mnist']}
0.0 []
Loss historical diff: 1.1920928955078125e-07; Loss Difference: 0.0, Decision: 0
Round 67 took 0.5487594604492188s, results:
{'t': 66, 'current_accuracy': 0.8359375, 'current_loss': 0.8272080719470978, 'train_loss': None, 'decision': 0, 'drift_rate': 0.0, 'target_domains': ['mnist']}
0.0 []
Loss historical diff: 1.1920928955078125e-07; Loss Difference: 0.0, Decision: 0
Round 68 took 0.5320203304290771s, results:
{'t': 67, 'current_accuracy': 0.8359375, 'current_loss': 0.8272080719470978, 'train_loss': None, 'decision': 0, 'drift_rate': 0.0, 'target_domains': ['mnist']}
0.0 []
Loss historical diff: 1.4901161193847656e-07; Loss Difference: 0.0, Decision: 0
Round 69 took 0.5437333583831787s, results:
{'t': 68, 'current_accuracy': 0.8359375, 'current_loss': 0.8272081017494202, 'train_loss': None, 'decision': 0, 'drift_rate': 0.0, 'target_domains': ['mnist']}
0.0 []
Loss historical diff: 5.960464477539063e-08; Loss Difference: 0.0, Decision: 0
Round 70 took 0.5254952907562256s, results:
{'t': 69, 'current_accuracy': 0.8359375, 'current_loss': 0.827208012342453, 'train_loss': None, 'decision': 0, 'drift_rate': 0.0, 'target_domains': ['mnist']}
0.0 []
Loss historical diff: 8.940696716308594e-08; Loss Difference: 0.0, Decision: 0
Round 71 took 0.5537254810333252s, results:
{'t': 70, 'current_accuracy': 0.8359375, 'current_loss': 0.8272080421447754, 'train_loss': None, 'decision': 0, 'drift_rate': 0.0, 'target_domains': ['mnist']}
0.0 []
Loss historical diff: 1.1920928955078125e-07; Loss Difference: 0.0, Decision: 0
Round 72 took 0.5560634136199951s, results:
{'t': 71, 'current_accuracy': 0.8359375, 'current_loss': 0.8272080719470978, 'train_loss': None, 'decision': 0, 'drift_rate': 0.0, 'target_domains': ['mnist']}
0.0 []
Loss historical diff: 1.1920928955078125e-07; Loss Difference: 0.0, Decision: 0
Round 73 took 0.5295777320861816s, results:
{'t': 72, 'current_accuracy': 0.8359375, 'current_loss': 0.8272080719470978, 'train_loss': None, 'decision': 0, 'drift_rate': 0.0, 'target_domains': ['mnist']}
0.0 []
Loss historical diff: 5.960464477539063e-08; Loss Difference: 0.0, Decision: 0
Round 74 took 0.5650589466094971s, results:
{'t': 73, 'current_accuracy': 0.8359375, 'current_loss': 0.827208012342453, 'train_loss': None, 'decision': 0, 'drift_rate': 0.0, 'target_domains': ['mnist']}
0.0 []
Loss historical diff: 8.940696716308594e-08; Loss Difference: 0.0, Decision: 0
Round 75 took 0.5409364700317383s, results:
{'t': 74, 'current_accuracy': 0.8359375, 'current_loss': 0.8272080421447754, 'train_loss': None, 'decision': 0, 'drift_rate': 0.0, 'target_domains': ['mnist']}
0.0 []
Loss historical diff: 8.940696716308594e-08; Loss Difference: 0.0, Decision: 0
Round 76 took 0.5385143756866455s, results:
{'t': 75, 'current_accuracy': 0.8359375, 'current_loss': 0.8272080421447754, 'train_loss': None, 'decision': 0, 'drift_rate': 0.0, 'target_domains': ['mnist']}
0.0 []
Loss historical diff: 2.086162567138672e-07; Loss Difference: 0.0, Decision: 0
Round 77 took 0.594646692276001s, results:
{'t': 76, 'current_accuracy': 0.8359375, 'current_loss': 0.8272081613540649, 'train_loss': None, 'decision': 0, 'drift_rate': 0.0, 'target_domains': ['mnist']}
0.0 []
Loss historical diff: 5.960464477539063e-08; Loss Difference: 0.0, Decision: 0
Round 78 took 0.6037287712097168s, results:
{'t': 77, 'current_accuracy': 0.8359375, 'current_loss': 0.827208012342453, 'train_loss': None, 'decision': 0, 'drift_rate': 0.0, 'target_domains': ['mnist']}
0.0 []
Loss historical diff: 1.1920928955078125e-07; Loss Difference: 0.0, Decision: 0
Round 79 took 0.5336647033691406s, results:
{'t': 78, 'current_accuracy': 0.8359375, 'current_loss': 0.8272080719470978, 'train_loss': None, 'decision': 0, 'drift_rate': 0.0, 'target_domains': ['mnist']}
0.0 []
Loss historical diff: 1.7881393432617188e-07; Loss Difference: 0.0, Decision: 0
Round 80 took 0.5059301853179932s, results:
{'t': 79, 'current_accuracy': 0.8359375, 'current_loss': 0.8272081315517426, 'train_loss': None, 'decision': 0, 'drift_rate': 0.0, 'target_domains': ['mnist']}
0.0 []
Loss historical diff: 1.1920928955078125e-07; Loss Difference: 0.0, Decision: 0
Round 81 took 0.5398733615875244s, results:
{'t': 80, 'current_accuracy': 0.8359375, 'current_loss': 0.8272080719470978, 'train_loss': None, 'decision': 0, 'drift_rate': 0.0, 'target_domains': ['mnist']}
0.0 []
Loss historical diff: 1.1920928955078125e-07; Loss Difference: 0.0, Decision: 0
Round 82 took 0.5559029579162598s, results:
{'t': 81, 'current_accuracy': 0.8359375, 'current_loss': 0.8272080719470978, 'train_loss': None, 'decision': 0, 'drift_rate': 0.0, 'target_domains': ['mnist']}
0.0 []
Loss historical diff: 1.7881393432617188e-07; Loss Difference: 0.0, Decision: 0
Round 83 took 0.5200564861297607s, results:
{'t': 82, 'current_accuracy': 0.8359375, 'current_loss': 0.8272081315517426, 'train_loss': None, 'decision': 0, 'drift_rate': 0.0, 'target_domains': ['mnist']}
0.0 []
Loss historical diff: 8.940696716308594e-08; Loss Difference: 0.0, Decision: 0
Round 84 took 0.5247035026550293s, results:
{'t': 83, 'current_accuracy': 0.8359375, 'current_loss': 0.8272080421447754, 'train_loss': None, 'decision': 0, 'drift_rate': 0.0, 'target_domains': ['mnist']}
0.0 []
Loss historical diff: 1.4901161193847656e-07; Loss Difference: 0.0, Decision: 0
Round 85 took 0.5269460678100586s, results:
{'t': 84, 'current_accuracy': 0.8359375, 'current_loss': 0.8272081017494202, 'train_loss': None, 'decision': 0, 'drift_rate': 0.0, 'target_domains': ['mnist']}
0.0 []
Loss historical diff: 1.4901161193847656e-07; Loss Difference: 0.0, Decision: 0
Round 86 took 0.559971809387207s, results:
{'t': 85, 'current_accuracy': 0.8359375, 'current_loss': 0.8272081017494202, 'train_loss': None, 'decision': 0, 'drift_rate': 0.0, 'target_domains': ['mnist']}
0.0 []
Loss historical diff: 5.960464477539063e-08; Loss Difference: 0.0, Decision: 0
Round 87 took 0.5557658672332764s, results:
{'t': 86, 'current_accuracy': 0.8359375, 'current_loss': 0.827208012342453, 'train_loss': None, 'decision': 0, 'drift_rate': 0.0, 'target_domains': ['mnist']}
0.0 []
Loss historical diff: 1.4901161193847656e-07; Loss Difference: 0.0, Decision: 0
Round 88 took 0.5619726181030273s, results:
{'t': 87, 'current_accuracy': 0.8359375, 'current_loss': 0.8272081017494202, 'train_loss': None, 'decision': 0, 'drift_rate': 0.0, 'target_domains': ['mnist']}
0.0 []
Loss historical diff: 1.4901161193847656e-07; Loss Difference: 0.0, Decision: 0
Round 89 took 0.5601291656494141s, results:
{'t': 88, 'current_accuracy': 0.8359375, 'current_loss': 0.8272081017494202, 'train_loss': None, 'decision': 0, 'drift_rate': 0.0, 'target_domains': ['mnist']}
0.0 []
Loss historical diff: 1.1920928955078125e-07; Loss Difference: 0.0, Decision: 0
Round 90 took 0.5433626174926758s, results:
{'t': 89, 'current_accuracy': 0.8359375, 'current_loss': 0.8272080719470978, 'train_loss': None, 'decision': 0, 'drift_rate': 0.0, 'target_domains': ['mnist']}
0.0 []
Loss historical diff: 2.086162567138672e-07; Loss Difference: 0.0, Decision: 0
Round 91 took 0.5208573341369629s, results:
{'t': 90, 'current_accuracy': 0.8359375, 'current_loss': 0.8272081613540649, 'train_loss': None, 'decision': 0, 'drift_rate': 0.0, 'target_domains': ['mnist']}
0.0 []
Loss historical diff: 1.4901161193847656e-07; Loss Difference: 0.0, Decision: 0
Round 92 took 0.5284171104431152s, results:
{'t': 91, 'current_accuracy': 0.8359375, 'current_loss': 0.8272081017494202, 'train_loss': None, 'decision': 0, 'drift_rate': 0.0, 'target_domains': ['mnist']}
0.0 []
Loss historical diff: 1.4901161193847656e-07; Loss Difference: 0.0, Decision: 0
Round 93 took 0.5349605083465576s, results:
{'t': 92, 'current_accuracy': 0.8359375, 'current_loss': 0.8272081017494202, 'train_loss': None, 'decision': 0, 'drift_rate': 0.0, 'target_domains': ['mnist']}
0.0 []
Loss historical diff: 1.1920928955078125e-07; Loss Difference: 0.0, Decision: 0
Round 94 took 0.5423123836517334s, results:
{'t': 93, 'current_accuracy': 0.8359375, 'current_loss': 0.8272080719470978, 'train_loss': None, 'decision': 0, 'drift_rate': 0.0, 'target_domains': ['mnist']}
0.0 []
Loss historical diff: 1.1920928955078125e-07; Loss Difference: 0.0, Decision: 0
Round 95 took 0.5728354454040527s, results:
{'t': 94, 'current_accuracy': 0.8359375, 'current_loss': 0.8272080719470978, 'train_loss': None, 'decision': 0, 'drift_rate': 0.0, 'target_domains': ['mnist']}
0.0 []
Loss historical diff: 5.960464477539063e-08; Loss Difference: 0.0, Decision: 0
Round 96 took 0.5453298091888428s, results:
{'t': 95, 'current_accuracy': 0.8359375, 'current_loss': 0.827208012342453, 'train_loss': None, 'decision': 0, 'drift_rate': 0.0, 'target_domains': ['mnist']}
0.0 []
Loss historical diff: 1.7881393432617188e-07; Loss Difference: 0.0, Decision: 0
Round 97 took 0.5500636100769043s, results:
{'t': 96, 'current_accuracy': 0.8359375, 'current_loss': 0.8272081315517426, 'train_loss': None, 'decision': 0, 'drift_rate': 0.0, 'target_domains': ['mnist']}
0.0 []
Loss historical diff: 1.4901161193847656e-07; Loss Difference: 0.0, Decision: 0
Round 98 took 0.5615067481994629s, results:
{'t': 97, 'current_accuracy': 0.8359375, 'current_loss': 0.8272081017494202, 'train_loss': None, 'decision': 0, 'drift_rate': 0.0, 'target_domains': ['mnist']}
0.0 []
Loss historical diff: 5.960464477539063e-08; Loss Difference: 0.0, Decision: 0
Round 99 took 0.5142738819122314s, results:
{'t': 98, 'current_accuracy': 0.8359375, 'current_loss': 0.827208012342453, 'train_loss': None, 'decision': 0, 'drift_rate': 0.0, 'target_domains': ['mnist']}
0.0 []
Loss historical diff: 1.4901161193847656e-07; Loss Difference: 0.0, Decision: 0
Round 100 took 0.5296392440795898s, results:
{'t': 99, 'current_accuracy': 0.8359375, 'current_loss': 0.8272081017494202, 'train_loss': None, 'decision': 0, 'drift_rate': 0.0, 'target_domains': ['mnist']}
0.0 []
Loss historical diff: 2.086162567138672e-07; Loss Difference: 0.0, Decision: 0
Round 101 took 0.52081298828125s, results:
{'t': 100, 'current_accuracy': 0.8359375, 'current_loss': 0.8272081613540649, 'train_loss': None, 'decision': 0, 'drift_rate': 0.0, 'target_domains': ['mnist']}
0.0 []
Loss historical diff: 8.940696716308594e-08; Loss Difference: 0.0, Decision: 0
Round 102 took 0.5322699546813965s, results:
{'t': 101, 'current_accuracy': 0.8359375, 'current_loss': 0.8272080421447754, 'train_loss': None, 'decision': 0, 'drift_rate': 0.0, 'target_domains': ['mnist']}
0.0 []
Loss historical diff: 1.1920928955078125e-07; Loss Difference: 0.0, Decision: 0
Round 103 took 0.5255780220031738s, results:
{'t': 102, 'current_accuracy': 0.8359375, 'current_loss': 0.8272080719470978, 'train_loss': None, 'decision': 0, 'drift_rate': 0.0, 'target_domains': ['mnist']}
0.0 []
Loss historical diff: 5.960464477539063e-08; Loss Difference: 0.0, Decision: 0
Round 104 took 0.52215576171875s, results:
{'t': 103, 'current_accuracy': 0.8359375, 'current_loss': 0.827208012342453, 'train_loss': None, 'decision': 0, 'drift_rate': 0.0, 'target_domains': ['mnist']}
0.0 []
Loss historical diff: 1.1920928955078125e-07; Loss Difference: 0.0, Decision: 0
Round 105 took 0.5355136394500732s, results:
{'t': 104, 'current_accuracy': 0.8359375, 'current_loss': 0.8272080719470978, 'train_loss': None, 'decision': 0, 'drift_rate': 0.0, 'target_domains': ['mnist']}
0.0 []
Loss historical diff: 1.4901161193847656e-07; Loss Difference: 0.0, Decision: 0
Round 106 took 0.5228116512298584s, results:
{'t': 105, 'current_accuracy': 0.8359375, 'current_loss': 0.8272081017494202, 'train_loss': None, 'decision': 0, 'drift_rate': 0.0, 'target_domains': ['mnist']}
0.0 []
Loss historical diff: 1.7881393432617188e-07; Loss Difference: 0.0, Decision: 0
Round 107 took 0.5402023792266846s, results:
{'t': 106, 'current_accuracy': 0.8359375, 'current_loss': 0.8272081315517426, 'train_loss': None, 'decision': 0, 'drift_rate': 0.0, 'target_domains': ['mnist']}
0.0 []
Loss historical diff: 8.940696716308594e-08; Loss Difference: 0.0, Decision: 0
Round 108 took 0.5198912620544434s, results:
{'t': 107, 'current_accuracy': 0.8359375, 'current_loss': 0.8272080421447754, 'train_loss': None, 'decision': 0, 'drift_rate': 0.0, 'target_domains': ['mnist']}
0.0 []
Loss historical diff: 5.960464477539063e-08; Loss Difference: 0.0, Decision: 0
Round 109 took 0.5335776805877686s, results:
{'t': 108, 'current_accuracy': 0.8359375, 'current_loss': 0.827208012342453, 'train_loss': None, 'decision': 0, 'drift_rate': 0.0, 'target_domains': ['mnist']}
0.0 []
Loss historical diff: 1.4901161193847656e-07; Loss Difference: 0.0, Decision: 0
Round 110 took 0.5280218124389648s, results:
{'t': 109, 'current_accuracy': 0.8359375, 'current_loss': 0.8272081017494202, 'train_loss': None, 'decision': 0, 'drift_rate': 0.0, 'target_domains': ['mnist']}
0.0 []
Loss historical diff: 8.940696716308594e-08; Loss Difference: 0.0, Decision: 0
Round 111 took 0.5639078617095947s, results:
{'t': 110, 'current_accuracy': 0.8359375, 'current_loss': 0.8272080421447754, 'train_loss': None, 'decision': 0, 'drift_rate': 0.0, 'target_domains': ['mnist']}
0.0 []
Loss historical diff: 2.9802322387695312e-08; Loss Difference: 0.0, Decision: 0
Round 112 took 0.5640227794647217s, results:
{'t': 111, 'current_accuracy': 0.8359375, 'current_loss': 0.8272079825401306, 'train_loss': None, 'decision': 0, 'drift_rate': 0.0, 'target_domains': ['mnist']}
0.0 []
Loss historical diff: 5.960464477539063e-08; Loss Difference: 0.0, Decision: 0
Round 113 took 0.5310442447662354s, results:
{'t': 112, 'current_accuracy': 0.8359375, 'current_loss': 0.827208012342453, 'train_loss': None, 'decision': 0, 'drift_rate': 0.0, 'target_domains': ['mnist']}
0.0 []
Loss historical diff: 1.4901161193847656e-07; Loss Difference: 0.0, Decision: 0
Round 114 took 0.5676767826080322s, results:
{'t': 113, 'current_accuracy': 0.8359375, 'current_loss': 0.8272081017494202, 'train_loss': None, 'decision': 0, 'drift_rate': 0.0, 'target_domains': ['mnist']}
0.0 []
Loss historical diff: 1.4901161193847656e-07; Loss Difference: 0.0, Decision: 0
Round 115 took 0.550673246383667s, results:
{'t': 114, 'current_accuracy': 0.8359375, 'current_loss': 0.8272081017494202, 'train_loss': None, 'decision': 0, 'drift_rate': 0.0, 'target_domains': ['mnist']}
0.0 []
Loss historical diff: 1.1920928955078125e-07; Loss Difference: 0.0, Decision: 0
Round 116 took 0.5595307350158691s, results:
{'t': 115, 'current_accuracy': 0.8359375, 'current_loss': 0.8272080719470978, 'train_loss': None, 'decision': 0, 'drift_rate': 0.0, 'target_domains': ['mnist']}
0.0 []
Loss historical diff: 2.086162567138672e-07; Loss Difference: 0.0, Decision: 0
Round 117 took 0.5325450897216797s, results:
{'t': 116, 'current_accuracy': 0.8359375, 'current_loss': 0.8272081613540649, 'train_loss': None, 'decision': 0, 'drift_rate': 0.0, 'target_domains': ['mnist']}
0.0 []
Loss historical diff: 1.4901161193847656e-07; Loss Difference: 0.0, Decision: 0
Round 118 took 0.5246272087097168s, results:
{'t': 117, 'current_accuracy': 0.8359375, 'current_loss': 0.8272081017494202, 'train_loss': None, 'decision': 0, 'drift_rate': 0.0, 'target_domains': ['mnist']}
0.0 []
Loss historical diff: 1.4901161193847656e-07; Loss Difference: 0.0, Decision: 0
Round 119 took 0.5368061065673828s, results:
{'t': 118, 'current_accuracy': 0.8359375, 'current_loss': 0.8272081017494202, 'train_loss': None, 'decision': 0, 'drift_rate': 0.0, 'target_domains': ['mnist']}
0.0 []
Loss historical diff: 1.4901161193847656e-07; Loss Difference: 0.0, Decision: 0
Round 120 took 0.5183155536651611s, results:
{'t': 119, 'current_accuracy': 0.8359375, 'current_loss': 0.8272081017494202, 'train_loss': None, 'decision': 0, 'drift_rate': 0.0, 'target_domains': ['mnist']}
0.0 []
Loss historical diff: 1.1920928955078125e-07; Loss Difference: 0.0, Decision: 0
Round 121 took 0.5255186557769775s, results:
{'t': 120, 'current_accuracy': 0.8359375, 'current_loss': 0.8272080719470978, 'train_loss': None, 'decision': 0, 'drift_rate': 0.0, 'target_domains': ['mnist']}
0.0 []
Loss historical diff: 2.384185791015625e-07; Loss Difference: 0.0, Decision: 0
Round 122 took 0.5637280941009521s, results:
{'t': 121, 'current_accuracy': 0.8359375, 'current_loss': 0.8272081911563873, 'train_loss': None, 'decision': 0, 'drift_rate': 0.0, 'target_domains': ['mnist']}
0.0 []
Loss historical diff: 5.960464477539063e-08; Loss Difference: 0.0, Decision: 0
Round 123 took 0.5690436363220215s, results:
{'t': 122, 'current_accuracy': 0.8359375, 'current_loss': 0.827208012342453, 'train_loss': None, 'decision': 0, 'drift_rate': 0.0, 'target_domains': ['mnist']}
0.0 []
Loss historical diff: 8.940696716308594e-08; Loss Difference: 0.0, Decision: 0
Round 124 took 0.535236120223999s, results:
{'t': 123, 'current_accuracy': 0.8359375, 'current_loss': 0.8272080421447754, 'train_loss': None, 'decision': 0, 'drift_rate': 0.0, 'target_domains': ['mnist']}
0.0 []
Loss historical diff: 1.7881393432617188e-07; Loss Difference: 0.0, Decision: 0
Round 125 took 0.5638589859008789s, results:
{'t': 124, 'current_accuracy': 0.8359375, 'current_loss': 0.8272081315517426, 'train_loss': None, 'decision': 0, 'drift_rate': 0.0, 'target_domains': ['mnist']}
0.0 []
Loss historical diff: 2.9802322387695312e-08; Loss Difference: 0.0, Decision: 0
Round 126 took 0.5700786113739014s, results:
{'t': 125, 'current_accuracy': 0.8359375, 'current_loss': 0.8272079825401306, 'train_loss': None, 'decision': 0, 'drift_rate': 0.0, 'target_domains': ['mnist']}
0.0 []
Loss historical diff: 1.1920928955078125e-07; Loss Difference: 0.0, Decision: 0
Round 127 took 0.5383121967315674s, results:
{'t': 126, 'current_accuracy': 0.8359375, 'current_loss': 0.8272080719470978, 'train_loss': None, 'decision': 0, 'drift_rate': 0.0, 'target_domains': ['mnist']}
0.0 []
Loss historical diff: 5.960464477539063e-08; Loss Difference: 0.0, Decision: 0
Round 128 took 0.5436511039733887s, results:
{'t': 127, 'current_accuracy': 0.8359375, 'current_loss': 0.827208012342453, 'train_loss': None, 'decision': 0, 'drift_rate': 0.0, 'target_domains': ['mnist']}
0.0 []
Loss historical diff: 1.7881393432617188e-07; Loss Difference: 0.0, Decision: 0
Round 129 took 0.5326030254364014s, results:
{'t': 128, 'current_accuracy': 0.8359375, 'current_loss': 0.8272081315517426, 'train_loss': None, 'decision': 0, 'drift_rate': 0.0, 'target_domains': ['mnist']}
0.0 []
Loss historical diff: 2.086162567138672e-07; Loss Difference: 0.0, Decision: 0
Round 130 took 0.5633690357208252s, results:
{'t': 129, 'current_accuracy': 0.8359375, 'current_loss': 0.8272081613540649, 'train_loss': None, 'decision': 0, 'drift_rate': 0.0, 'target_domains': ['mnist']}
0.0 []
Loss historical diff: 1.1920928955078125e-07; Loss Difference: 0.0, Decision: 0
Round 131 took 0.5650267601013184s, results:
{'t': 130, 'current_accuracy': 0.8359375, 'current_loss': 0.8272080719470978, 'train_loss': None, 'decision': 0, 'drift_rate': 0.0, 'target_domains': ['mnist']}
0.0 []
Loss historical diff: 1.1920928955078125e-07; Loss Difference: 0.0, Decision: 0
Round 132 took 0.5540037155151367s, results:
{'t': 131, 'current_accuracy': 0.8359375, 'current_loss': 0.8272080719470978, 'train_loss': None, 'decision': 0, 'drift_rate': 0.0, 'target_domains': ['mnist']}
0.0 []
Loss historical diff: 1.4901161193847656e-07; Loss Difference: 0.0, Decision: 0
Round 133 took 0.5180094242095947s, results:
{'t': 132, 'current_accuracy': 0.8359375, 'current_loss': 0.8272081017494202, 'train_loss': None, 'decision': 0, 'drift_rate': 0.0, 'target_domains': ['mnist']}
0.0 []
Loss historical diff: 8.940696716308594e-08; Loss Difference: 0.0, Decision: 0
Round 134 took 0.5377111434936523s, results:
{'t': 133, 'current_accuracy': 0.8359375, 'current_loss': 0.8272080421447754, 'train_loss': None, 'decision': 0, 'drift_rate': 0.0, 'target_domains': ['mnist']}
0.0 []
Loss historical diff: 0.0; Loss Difference: 0.0, Decision: 0
Round 135 took 0.5681486129760742s, results:
{'t': 134, 'current_accuracy': 0.8359375, 'current_loss': 0.8272079527378082, 'train_loss': None, 'decision': 0, 'drift_rate': 0.0, 'target_domains': ['mnist']}
0.0 []
Loss historical diff: 1.1920928955078125e-07; Loss Difference: 0.0, Decision: 0
Round 136 took 0.5445973873138428s, results:
{'t': 135, 'current_accuracy': 0.8359375, 'current_loss': 0.8272080719470978, 'train_loss': None, 'decision': 0, 'drift_rate': 0.0, 'target_domains': ['mnist']}
0.0 []
Loss historical diff: 1.1920928955078125e-07; Loss Difference: 0.0, Decision: 0
Round 137 took 0.5624721050262451s, results:
{'t': 136, 'current_accuracy': 0.8359375, 'current_loss': 0.8272080719470978, 'train_loss': None, 'decision': 0, 'drift_rate': 0.0, 'target_domains': ['mnist']}
0.0 []
Loss historical diff: 1.1920928955078125e-07; Loss Difference: 0.0, Decision: 0
Round 138 took 0.5409307479858398s, results:
{'t': 137, 'current_accuracy': 0.8359375, 'current_loss': 0.8272080719470978, 'train_loss': None, 'decision': 0, 'drift_rate': 0.0, 'target_domains': ['mnist']}
0.0 []
Loss historical diff: 0.0; Loss Difference: 0.0, Decision: 0
Round 139 took 0.549191951751709s, results:
{'t': 138, 'current_accuracy': 0.8359375, 'current_loss': 0.8272079527378082, 'train_loss': None, 'decision': 0, 'drift_rate': 0.0, 'target_domains': ['mnist']}
0.0 []
Loss historical diff: 1.1920928955078125e-07; Loss Difference: 0.0, Decision: 0
Round 140 took 0.5745246410369873s, results:
{'t': 139, 'current_accuracy': 0.8359375, 'current_loss': 0.8272080719470978, 'train_loss': None, 'decision': 0, 'drift_rate': 0.0, 'target_domains': ['mnist']}
0.0 []
Loss historical diff: 1.1920928955078125e-07; Loss Difference: 0.0, Decision: 0
Round 141 took 0.5426373481750488s, results:
{'t': 140, 'current_accuracy': 0.8359375, 'current_loss': 0.8272080719470978, 'train_loss': None, 'decision': 0, 'drift_rate': 0.0, 'target_domains': ['mnist']}
0.0 []
Loss historical diff: 2.384185791015625e-07; Loss Difference: 0.0, Decision: 0
Round 142 took 0.58555006980896s, results:
{'t': 141, 'current_accuracy': 0.8359375, 'current_loss': 0.8272081911563873, 'train_loss': None, 'decision': 0, 'drift_rate': 0.0, 'target_domains': ['mnist']}
0.0 []
Loss historical diff: 8.940696716308594e-08; Loss Difference: 0.0, Decision: 0
Round 143 took 0.5494377613067627s, results:
{'t': 142, 'current_accuracy': 0.8359375, 'current_loss': 0.8272080421447754, 'train_loss': None, 'decision': 0, 'drift_rate': 0.0, 'target_domains': ['mnist']}
0.0 []
Loss historical diff: 1.1920928955078125e-07; Loss Difference: 0.0, Decision: 0
Round 144 took 0.5341734886169434s, results:
{'t': 143, 'current_accuracy': 0.8359375, 'current_loss': 0.8272080719470978, 'train_loss': None, 'decision': 0, 'drift_rate': 0.0, 'target_domains': ['mnist']}
0.0 []
Loss historical diff: 1.1920928955078125e-07; Loss Difference: 0.0, Decision: 0
Round 145 took 0.5361816883087158s, results:
{'t': 144, 'current_accuracy': 0.8359375, 'current_loss': 0.8272080719470978, 'train_loss': None, 'decision': 0, 'drift_rate': 0.0, 'target_domains': ['mnist']}
0.0 []
Loss historical diff: 1.7881393432617188e-07; Loss Difference: 0.0, Decision: 0
Round 146 took 0.5264954566955566s, results:
{'t': 145, 'current_accuracy': 0.8359375, 'current_loss': 0.8272081315517426, 'train_loss': None, 'decision': 0, 'drift_rate': 0.0, 'target_domains': ['mnist']}
0.0 []
Loss historical diff: 1.7881393432617188e-07; Loss Difference: 0.0, Decision: 0
Round 147 took 0.5637950897216797s, results:
{'t': 146, 'current_accuracy': 0.8359375, 'current_loss': 0.8272081315517426, 'train_loss': None, 'decision': 0, 'drift_rate': 0.0, 'target_domains': ['mnist']}
0.0 []
Loss historical diff: 1.4901161193847656e-07; Loss Difference: 0.0, Decision: 0
Round 148 took 0.5413522720336914s, results:
{'t': 147, 'current_accuracy': 0.8359375, 'current_loss': 0.8272081017494202, 'train_loss': None, 'decision': 0, 'drift_rate': 0.0, 'target_domains': ['mnist']}
0.0 []
Loss historical diff: 2.9802322387695312e-08; Loss Difference: 0.0, Decision: 0
Round 149 took 0.5458526611328125s, results:
{'t': 148, 'current_accuracy': 0.8359375, 'current_loss': 0.8272079825401306, 'train_loss': None, 'decision': 0, 'drift_rate': 0.0, 'target_domains': ['mnist']}
0.0 []
Loss historical diff: 1.4901161193847656e-07; Loss Difference: 0.0, Decision: 0
Round 150 took 0.5473089218139648s, results:
{'t': 149, 'current_accuracy': 0.8359375, 'current_loss': 0.8272081017494202, 'train_loss': None, 'decision': 0, 'drift_rate': 0.0, 'target_domains': ['mnist']}
0.0 []
Loss historical diff: 1.4901161193847656e-07; Loss Difference: 0.0, Decision: 0
Round 151 took 0.5403604507446289s, results:
{'t': 150, 'current_accuracy': 0.8359375, 'current_loss': 0.8272081017494202, 'train_loss': None, 'decision': 0, 'drift_rate': 0.0, 'target_domains': ['mnist']}
0.0 []
Loss historical diff: 1.1920928955078125e-07; Loss Difference: 0.0, Decision: 0
Round 152 took 0.5288817882537842s, results:
{'t': 151, 'current_accuracy': 0.8359375, 'current_loss': 0.8272080719470978, 'train_loss': None, 'decision': 0, 'drift_rate': 0.0, 'target_domains': ['mnist']}
0.0 []
Loss historical diff: 1.1920928955078125e-07; Loss Difference: 0.0, Decision: 0
Round 153 took 0.5045747756958008s, results:
{'t': 152, 'current_accuracy': 0.8359375, 'current_loss': 0.8272080719470978, 'train_loss': None, 'decision': 0, 'drift_rate': 0.0, 'target_domains': ['mnist']}
0.0 []
Loss historical diff: 8.940696716308594e-08; Loss Difference: 0.0, Decision: 0
Round 154 took 0.5358545780181885s, results:
{'t': 153, 'current_accuracy': 0.8359375, 'current_loss': 0.8272080421447754, 'train_loss': None, 'decision': 0, 'drift_rate': 0.0, 'target_domains': ['mnist']}
0.0 []
Loss historical diff: 2.9802322387695312e-08; Loss Difference: 0.0, Decision: 0
Round 155 took 0.5449399948120117s, results:
{'t': 154, 'current_accuracy': 0.8359375, 'current_loss': 0.8272079825401306, 'train_loss': None, 'decision': 0, 'drift_rate': 0.0, 'target_domains': ['mnist']}
0.0 []
Loss historical diff: 8.940696716308594e-08; Loss Difference: 0.0, Decision: 0
Round 156 took 0.5400707721710205s, results:
{'t': 155, 'current_accuracy': 0.8359375, 'current_loss': 0.8272080421447754, 'train_loss': None, 'decision': 0, 'drift_rate': 0.0, 'target_domains': ['mnist']}
0.0 []
Loss historical diff: 8.940696716308594e-08; Loss Difference: 0.0, Decision: 0
Round 157 took 0.5459647178649902s, results:
{'t': 156, 'current_accuracy': 0.8359375, 'current_loss': 0.8272080421447754, 'train_loss': None, 'decision': 0, 'drift_rate': 0.0, 'target_domains': ['mnist']}
0.0 []
Loss historical diff: 1.1920928955078125e-07; Loss Difference: 0.0, Decision: 0
Round 158 took 0.5466125011444092s, results:
{'t': 157, 'current_accuracy': 0.8359375, 'current_loss': 0.8272080719470978, 'train_loss': None, 'decision': 0, 'drift_rate': 0.0, 'target_domains': ['mnist']}
0.0 []
Loss historical diff: 1.4901161193847656e-07; Loss Difference: 0.0, Decision: 0
Round 159 took 0.5361690521240234s, results:
{'t': 158, 'current_accuracy': 0.8359375, 'current_loss': 0.8272081017494202, 'train_loss': None, 'decision': 0, 'drift_rate': 0.0, 'target_domains': ['mnist']}
0.0 []
Loss historical diff: 1.4901161193847656e-07; Loss Difference: 0.0, Decision: 0
Round 160 took 0.5121502876281738s, results:
{'t': 159, 'current_accuracy': 0.8359375, 'current_loss': 0.8272081017494202, 'train_loss': None, 'decision': 0, 'drift_rate': 0.0, 'target_domains': ['mnist']}
0.0 []
Loss historical diff: 5.960464477539063e-08; Loss Difference: 0.0, Decision: 0
Round 161 took 0.5236833095550537s, results:
{'t': 160, 'current_accuracy': 0.8359375, 'current_loss': 0.827208012342453, 'train_loss': None, 'decision': 0, 'drift_rate': 0.0, 'target_domains': ['mnist']}
0.0 []
Loss historical diff: 5.960464477539063e-08; Loss Difference: 0.0, Decision: 0
Round 162 took 0.5399105548858643s, results:
{'t': 161, 'current_accuracy': 0.8359375, 'current_loss': 0.827208012342453, 'train_loss': None, 'decision': 0, 'drift_rate': 0.0, 'target_domains': ['mnist']}
0.0 []
Loss historical diff: 5.960464477539063e-08; Loss Difference: 0.0, Decision: 0
Round 163 took 0.5364925861358643s, results:
{'t': 162, 'current_accuracy': 0.8359375, 'current_loss': 0.827208012342453, 'train_loss': None, 'decision': 0, 'drift_rate': 0.0, 'target_domains': ['mnist']}
0.0 []
Loss historical diff: 8.940696716308594e-08; Loss Difference: 0.0, Decision: 0
Round 164 took 0.5656616687774658s, results:
{'t': 163, 'current_accuracy': 0.8359375, 'current_loss': 0.8272080421447754, 'train_loss': None, 'decision': 0, 'drift_rate': 0.0, 'target_domains': ['mnist']}
0.0 []
Loss historical diff: 1.4901161193847656e-07; Loss Difference: 0.0, Decision: 0
Round 165 took 0.5282020568847656s, results:
{'t': 164, 'current_accuracy': 0.8359375, 'current_loss': 0.8272081017494202, 'train_loss': None, 'decision': 0, 'drift_rate': 0.0, 'target_domains': ['mnist']}
0.4 ['syn']
Loss historical diff: 0.5928308665752411; Loss Difference: 0.0, Decision: 1
/home/apiasecz/.conda/envs/cog_fl_llm_env/lib/python3.12/site-packages/torch/autograd/graph.py:744: UserWarning: Plan failed with a cudnnException: CUDNN_BACKEND_EXECUTION_PLAN_DESCRIPTOR: cudnnFinalize Descriptor Failed cudnn_status: CUDNN_STATUS_NOT_SUPPORTED (Triggered internally at /opt/conda/conda-bld/pytorch_1712608847532/work/aten/src/ATen/native/cudnn/Conv_v8.cpp:919.)
  return Variable._execution_engine.run_backward(  # Calls into the C++ engine to run the backward pass
Average loss over 1 updates: 1.5630
Round 166 took 1.0479960441589355s, results:
{'t': 165, 'current_accuracy': 0.59375, 'current_loss': 1.4200388193130493, 'train_loss': 1.5629757642745972, 'decision': 1, 'drift_rate': 0.4, 'target_domains': ['syn']}
0.4 ['syn']
Loss historical diff: 1.1328506767749786; Loss Difference: 0.0, Decision: 1
Average loss over 1 updates: 1.9892
Round 167 took 1.0502512454986572s, results:
{'t': 166, 'current_accuracy': 0.33203125, 'current_loss': 1.9600586295127869, 'train_loss': 1.9891504049301147, 'decision': 1, 'drift_rate': 0.4, 'target_domains': ['syn']}
0.4 ['syn']
Loss historical diff: 1.4466876685619354; Loss Difference: 0.0, Decision: 1
Average loss over 1 updates: 2.4210
Round 168 took 1.0016300678253174s, results:
{'t': 167, 'current_accuracy': 0.18359375, 'current_loss': 2.2738956212997437, 'train_loss': 2.4209723472595215, 'decision': 1, 'drift_rate': 0.4, 'target_domains': ['syn']}
0.0 []
Loss historical diff: 1.4890157878398895; Loss Difference: 0.0, Decision: 1
Average loss over 1 updates: 2.2269
Round 169 took 0.9554035663604736s, results:
{'t': 168, 'current_accuracy': 0.1484375, 'current_loss': 2.3162237405776978, 'train_loss': 2.226874351501465, 'decision': 1, 'drift_rate': 0.0, 'target_domains': ['syn']}
0.0 []
Loss historical diff: 1.3771413266658783; Loss Difference: 0.0, Decision: 1
Average loss over 1 updates: 2.1441
Round 170 took 0.9163942337036133s, results:
{'t': 169, 'current_accuracy': 0.20703125, 'current_loss': 2.2043492794036865, 'train_loss': 2.144125461578369, 'decision': 1, 'drift_rate': 0.0, 'target_domains': ['syn']}
0.0 []
Loss historical diff: 1.429209440946579; Loss Difference: 0.0, Decision: 1
Average loss over 1 updates: 2.0841
Round 171 took 0.8834924697875977s, results:
{'t': 170, 'current_accuracy': 0.203125, 'current_loss': 2.256417393684387, 'train_loss': 2.0841267108917236, 'decision': 1, 'drift_rate': 0.0, 'target_domains': ['syn']}
0.0 []
Loss historical diff: 1.4133284986019135; Loss Difference: 0.0, Decision: 1
Average loss over 1 updates: 2.3205
Round 172 took 0.9250380992889404s, results:
{'t': 171, 'current_accuracy': 0.1875, 'current_loss': 2.2405364513397217, 'train_loss': 2.320478916168213, 'decision': 1, 'drift_rate': 0.0, 'target_domains': ['syn']}
0.0 []
Loss historical diff: 1.378089040517807; Loss Difference: 0.0, Decision: 1
Average loss over 1 updates: 1.9254
Round 173 took 0.9393572807312012s, results:
{'t': 172, 'current_accuracy': 0.1796875, 'current_loss': 2.2052969932556152, 'train_loss': 1.925400972366333, 'decision': 1, 'drift_rate': 0.0, 'target_domains': ['syn']}
0.0 []
Loss historical diff: 1.2800650298595428; Loss Difference: 0.0, Decision: 0
Round 174 took 0.5762293338775635s, results:
{'t': 173, 'current_accuracy': 0.265625, 'current_loss': 2.107272982597351, 'train_loss': None, 'decision': 0, 'drift_rate': 0.0, 'target_domains': ['syn']}
0.0 []
Loss historical diff: 1.2800651490688324; Loss Difference: 0.0, Decision: 0
Round 175 took 0.5864090919494629s, results:
{'t': 174, 'current_accuracy': 0.265625, 'current_loss': 2.1072731018066406, 'train_loss': None, 'decision': 0, 'drift_rate': 0.0, 'target_domains': ['syn']}
0.0 []
Loss historical diff: 1.2800650298595428; Loss Difference: 0.0, Decision: 0
Round 176 took 0.656590461730957s, results:
{'t': 175, 'current_accuracy': 0.265625, 'current_loss': 2.107272982597351, 'train_loss': None, 'decision': 0, 'drift_rate': 0.0, 'target_domains': ['syn']}
0.0 []
Loss historical diff: 1.2800649106502533; Loss Difference: 0.0, Decision: 0
Round 177 took 0.5988636016845703s, results:
{'t': 176, 'current_accuracy': 0.265625, 'current_loss': 2.1072728633880615, 'train_loss': None, 'decision': 0, 'drift_rate': 0.0, 'target_domains': ['syn']}
0.0 []
Loss historical diff: 1.2800651490688324; Loss Difference: 0.0, Decision: 0
Round 178 took 0.6250536441802979s, results:
{'t': 177, 'current_accuracy': 0.265625, 'current_loss': 2.1072731018066406, 'train_loss': None, 'decision': 0, 'drift_rate': 0.0, 'target_domains': ['syn']}
0.0 []
Loss historical diff: 1.2800651490688324; Loss Difference: 0.0, Decision: 0
Round 179 took 0.5711343288421631s, results:
{'t': 178, 'current_accuracy': 0.265625, 'current_loss': 2.1072731018066406, 'train_loss': None, 'decision': 0, 'drift_rate': 0.0, 'target_domains': ['syn']}
0.0 []
Loss historical diff: 1.2800651490688324; Loss Difference: 0.0, Decision: 0
Round 180 took 0.5746314525604248s, results:
{'t': 179, 'current_accuracy': 0.265625, 'current_loss': 2.1072731018066406, 'train_loss': None, 'decision': 0, 'drift_rate': 0.0, 'target_domains': ['syn']}
0.0 []
Loss historical diff: 1.2800650298595428; Loss Difference: 0.0, Decision: 0
Round 181 took 0.5878744125366211s, results:
{'t': 180, 'current_accuracy': 0.265625, 'current_loss': 2.107272982597351, 'train_loss': None, 'decision': 0, 'drift_rate': 0.0, 'target_domains': ['syn']}
0.0 []
Loss historical diff: 1.280065268278122; Loss Difference: 0.0, Decision: 0
Round 182 took 0.5733861923217773s, results:
{'t': 181, 'current_accuracy': 0.265625, 'current_loss': 2.10727322101593, 'train_loss': None, 'decision': 0, 'drift_rate': 0.0, 'target_domains': ['syn']}
0.0 []
Loss historical diff: 1.2800649106502533; Loss Difference: 0.0, Decision: 0
Round 183 took 0.616499662399292s, results:
{'t': 182, 'current_accuracy': 0.265625, 'current_loss': 2.1072728633880615, 'train_loss': None, 'decision': 0, 'drift_rate': 0.0, 'target_domains': ['syn']}
0.0 []
Loss historical diff: 1.2800650298595428; Loss Difference: 0.0, Decision: 0
Round 184 took 0.5921521186828613s, results:
{'t': 183, 'current_accuracy': 0.265625, 'current_loss': 2.107272982597351, 'train_loss': None, 'decision': 0, 'drift_rate': 0.0, 'target_domains': ['syn']}
0.0 []
Loss historical diff: 1.2800651490688324; Loss Difference: 0.0, Decision: 0
Round 185 took 0.5652732849121094s, results:
{'t': 184, 'current_accuracy': 0.265625, 'current_loss': 2.1072731018066406, 'train_loss': None, 'decision': 0, 'drift_rate': 0.0, 'target_domains': ['syn']}
0.0 []
Loss historical diff: 1.2800650298595428; Loss Difference: 0.0, Decision: 0
Round 186 took 0.601576566696167s, results:
{'t': 185, 'current_accuracy': 0.265625, 'current_loss': 2.107272982597351, 'train_loss': None, 'decision': 0, 'drift_rate': 0.0, 'target_domains': ['syn']}
0.0 []
Loss historical diff: 1.2800651490688324; Loss Difference: 0.0, Decision: 0
Round 187 took 0.6251280307769775s, results:
{'t': 186, 'current_accuracy': 0.265625, 'current_loss': 2.1072731018066406, 'train_loss': None, 'decision': 0, 'drift_rate': 0.0, 'target_domains': ['syn']}
0.0 []
Loss historical diff: 1.2800649106502533; Loss Difference: 0.0, Decision: 0
Round 188 took 0.6229343414306641s, results:
{'t': 187, 'current_accuracy': 0.265625, 'current_loss': 2.1072728633880615, 'train_loss': None, 'decision': 0, 'drift_rate': 0.0, 'target_domains': ['syn']}
0.0 []
Loss historical diff: 1.280065268278122; Loss Difference: 0.0, Decision: 0
Round 189 took 0.6005048751831055s, results:
{'t': 188, 'current_accuracy': 0.265625, 'current_loss': 2.10727322101593, 'train_loss': None, 'decision': 0, 'drift_rate': 0.0, 'target_domains': ['syn']}
0.0 []
Loss historical diff: 1.2800649106502533; Loss Difference: 0.0, Decision: 0
Round 190 took 0.6072053909301758s, results:
{'t': 189, 'current_accuracy': 0.265625, 'current_loss': 2.1072728633880615, 'train_loss': None, 'decision': 0, 'drift_rate': 0.0, 'target_domains': ['syn']}
0.0 []
Loss historical diff: 1.2800650298595428; Loss Difference: 0.0, Decision: 0
Round 191 took 0.6096813678741455s, results:
{'t': 190, 'current_accuracy': 0.265625, 'current_loss': 2.107272982597351, 'train_loss': None, 'decision': 0, 'drift_rate': 0.0, 'target_domains': ['syn']}
0.0 []
Loss historical diff: 1.280065268278122; Loss Difference: 0.0, Decision: 0
Round 192 took 0.628321647644043s, results:
{'t': 191, 'current_accuracy': 0.265625, 'current_loss': 2.10727322101593, 'train_loss': None, 'decision': 0, 'drift_rate': 0.0, 'target_domains': ['syn']}
0.0 []
Loss historical diff: 1.2800647914409637; Loss Difference: 0.0, Decision: 0
Round 193 took 0.5914211273193359s, results:
{'t': 192, 'current_accuracy': 0.265625, 'current_loss': 2.107272744178772, 'train_loss': None, 'decision': 0, 'drift_rate': 0.0, 'target_domains': ['syn']}
0.0 []
Loss historical diff: 1.2800649106502533; Loss Difference: 0.0, Decision: 0
Round 194 took 0.5906744003295898s, results:
{'t': 193, 'current_accuracy': 0.265625, 'current_loss': 2.1072728633880615, 'train_loss': None, 'decision': 0, 'drift_rate': 0.0, 'target_domains': ['syn']}
0.0 []
Loss historical diff: 1.2800650298595428; Loss Difference: 0.0, Decision: 0
Round 195 took 0.5989952087402344s, results:
{'t': 194, 'current_accuracy': 0.265625, 'current_loss': 2.107272982597351, 'train_loss': None, 'decision': 0, 'drift_rate': 0.0, 'target_domains': ['syn']}
0.0 []
Loss historical diff: 1.2800649106502533; Loss Difference: 0.0, Decision: 0
Round 196 took 0.5900535583496094s, results:
{'t': 195, 'current_accuracy': 0.265625, 'current_loss': 2.1072728633880615, 'train_loss': None, 'decision': 0, 'drift_rate': 0.0, 'target_domains': ['syn']}
0.0 []
Loss historical diff: 1.2800649106502533; Loss Difference: 0.0, Decision: 0
Round 197 took 0.5716342926025391s, results:
{'t': 196, 'current_accuracy': 0.265625, 'current_loss': 2.1072728633880615, 'train_loss': None, 'decision': 0, 'drift_rate': 0.0, 'target_domains': ['syn']}
0.0 []
Loss historical diff: 1.2800653874874115; Loss Difference: 0.0, Decision: 0
Round 198 took 0.5627322196960449s, results:
{'t': 197, 'current_accuracy': 0.265625, 'current_loss': 2.1072733402252197, 'train_loss': None, 'decision': 0, 'drift_rate': 0.0, 'target_domains': ['syn']}
0.0 []
Loss historical diff: 1.2800649106502533; Loss Difference: 0.0, Decision: 0
Round 199 took 0.5720360279083252s, results:
{'t': 198, 'current_accuracy': 0.265625, 'current_loss': 2.1072728633880615, 'train_loss': None, 'decision': 0, 'drift_rate': 0.0, 'target_domains': ['syn']}
0.0 []
Loss historical diff: 1.280065268278122; Loss Difference: 0.0, Decision: 0
Round 200 took 0.6042976379394531s, results:
{'t': 199, 'current_accuracy': 0.265625, 'current_loss': 2.10727322101593, 'train_loss': None, 'decision': 0, 'drift_rate': 0.0, 'target_domains': ['syn']}
0.0 []
Loss historical diff: 1.280065268278122; Loss Difference: 0.0, Decision: 0
Round 201 took 0.5910818576812744s, results:
{'t': 200, 'current_accuracy': 0.265625, 'current_loss': 2.10727322101593, 'train_loss': None, 'decision': 0, 'drift_rate': 0.0, 'target_domains': ['syn']}
0.0 []
Loss historical diff: 1.2800647914409637; Loss Difference: 0.0, Decision: 0
Round 202 took 0.5941133499145508s, results:
{'t': 201, 'current_accuracy': 0.265625, 'current_loss': 2.107272744178772, 'train_loss': None, 'decision': 0, 'drift_rate': 0.0, 'target_domains': ['syn']}
0.0 []
Loss historical diff: 1.2800650298595428; Loss Difference: 0.0, Decision: 0
Round 203 took 0.6017732620239258s, results:
{'t': 202, 'current_accuracy': 0.265625, 'current_loss': 2.107272982597351, 'train_loss': None, 'decision': 0, 'drift_rate': 0.0, 'target_domains': ['syn']}
0.0 []
Loss historical diff: 1.2800650298595428; Loss Difference: 0.0, Decision: 0
Round 204 took 0.5791318416595459s, results:
{'t': 203, 'current_accuracy': 0.265625, 'current_loss': 2.107272982597351, 'train_loss': None, 'decision': 0, 'drift_rate': 0.0, 'target_domains': ['syn']}
0.0 []
Loss historical diff: 1.280065268278122; Loss Difference: 0.0, Decision: 0
Round 205 took 0.5908246040344238s, results:
{'t': 204, 'current_accuracy': 0.265625, 'current_loss': 2.10727322101593, 'train_loss': None, 'decision': 0, 'drift_rate': 0.0, 'target_domains': ['syn']}
0.0 []
Loss historical diff: 1.2800647914409637; Loss Difference: 0.0, Decision: 0
Round 206 took 0.6556529998779297s, results:
{'t': 205, 'current_accuracy': 0.265625, 'current_loss': 2.107272744178772, 'train_loss': None, 'decision': 0, 'drift_rate': 0.0, 'target_domains': ['syn']}
0.0 []
Loss historical diff: 1.2800650298595428; Loss Difference: 0.0, Decision: 0
Round 207 took 0.6270260810852051s, results:
{'t': 206, 'current_accuracy': 0.265625, 'current_loss': 2.107272982597351, 'train_loss': None, 'decision': 0, 'drift_rate': 0.0, 'target_domains': ['syn']}
0.0 []
Loss historical diff: 1.2800651490688324; Loss Difference: 0.0, Decision: 0
Round 208 took 0.6137425899505615s, results:
{'t': 207, 'current_accuracy': 0.265625, 'current_loss': 2.1072731018066406, 'train_loss': None, 'decision': 0, 'drift_rate': 0.0, 'target_domains': ['syn']}
0.0 []
Loss historical diff: 1.2800650298595428; Loss Difference: 0.0, Decision: 0
Round 209 took 0.5851039886474609s, results:
{'t': 208, 'current_accuracy': 0.265625, 'current_loss': 2.107272982597351, 'train_loss': None, 'decision': 0, 'drift_rate': 0.0, 'target_domains': ['syn']}
0.0 []
Loss historical diff: 1.280065268278122; Loss Difference: 0.0, Decision: 0
Round 210 took 0.5967419147491455s, results:
{'t': 209, 'current_accuracy': 0.265625, 'current_loss': 2.10727322101593, 'train_loss': None, 'decision': 0, 'drift_rate': 0.0, 'target_domains': ['syn']}
0.0 []
Loss historical diff: 1.2800649106502533; Loss Difference: 0.0, Decision: 0
Round 211 took 0.6119685173034668s, results:
{'t': 210, 'current_accuracy': 0.265625, 'current_loss': 2.1072728633880615, 'train_loss': None, 'decision': 0, 'drift_rate': 0.0, 'target_domains': ['syn']}
0.0 []
Loss historical diff: 1.2800651490688324; Loss Difference: 0.0, Decision: 0
Round 212 took 0.5905759334564209s, results:
{'t': 211, 'current_accuracy': 0.265625, 'current_loss': 2.1072731018066406, 'train_loss': None, 'decision': 0, 'drift_rate': 0.0, 'target_domains': ['syn']}
0.0 []
Loss historical diff: 1.2800650298595428; Loss Difference: 0.0, Decision: 0
Round 213 took 0.5865135192871094s, results:
{'t': 212, 'current_accuracy': 0.265625, 'current_loss': 2.107272982597351, 'train_loss': None, 'decision': 0, 'drift_rate': 0.0, 'target_domains': ['syn']}
0.0 []
Loss historical diff: 1.2800651490688324; Loss Difference: 0.0, Decision: 0
Round 214 took 0.6177079677581787s, results:
{'t': 213, 'current_accuracy': 0.265625, 'current_loss': 2.1072731018066406, 'train_loss': None, 'decision': 0, 'drift_rate': 0.0, 'target_domains': ['syn']}
0.0 []
Loss historical diff: 1.2800650298595428; Loss Difference: 0.0, Decision: 0
Round 215 took 0.5767350196838379s, results:
{'t': 214, 'current_accuracy': 0.265625, 'current_loss': 2.107272982597351, 'train_loss': None, 'decision': 0, 'drift_rate': 0.0, 'target_domains': ['syn']}
0.0 []
Loss historical diff: 1.2800650298595428; Loss Difference: 0.0, Decision: 0
Round 216 took 0.5905358791351318s, results:
{'t': 215, 'current_accuracy': 0.265625, 'current_loss': 2.107272982597351, 'train_loss': None, 'decision': 0, 'drift_rate': 0.0, 'target_domains': ['syn']}
0.0 []
Loss historical diff: 1.2800650298595428; Loss Difference: 0.0, Decision: 0
Round 217 took 0.552168607711792s, results:
{'t': 216, 'current_accuracy': 0.265625, 'current_loss': 2.107272982597351, 'train_loss': None, 'decision': 0, 'drift_rate': 0.0, 'target_domains': ['syn']}
0.0 []
Loss historical diff: 1.2800649106502533; Loss Difference: 0.0, Decision: 0
Round 218 took 0.5776522159576416s, results:
{'t': 217, 'current_accuracy': 0.265625, 'current_loss': 2.1072728633880615, 'train_loss': None, 'decision': 0, 'drift_rate': 0.0, 'target_domains': ['syn']}
0.0 []
Loss historical diff: 1.2800651490688324; Loss Difference: 0.0, Decision: 0
Round 219 took 0.5937371253967285s, results:
{'t': 218, 'current_accuracy': 0.265625, 'current_loss': 2.1072731018066406, 'train_loss': None, 'decision': 0, 'drift_rate': 0.0, 'target_domains': ['syn']}
0.0 []
Loss historical diff: 1.2800649106502533; Loss Difference: 0.0, Decision: 0
Round 220 took 0.6066634654998779s, results:
{'t': 219, 'current_accuracy': 0.265625, 'current_loss': 2.1072728633880615, 'train_loss': None, 'decision': 0, 'drift_rate': 0.0, 'target_domains': ['syn']}
0.0 []
Loss historical diff: 1.2800650298595428; Loss Difference: 0.0, Decision: 0
Round 221 took 0.630835771560669s, results:
{'t': 220, 'current_accuracy': 0.265625, 'current_loss': 2.107272982597351, 'train_loss': None, 'decision': 0, 'drift_rate': 0.0, 'target_domains': ['syn']}
0.0 []
Loss historical diff: 1.2800650298595428; Loss Difference: 0.0, Decision: 0
Round 222 took 0.5778195858001709s, results:
{'t': 221, 'current_accuracy': 0.265625, 'current_loss': 2.107272982597351, 'train_loss': None, 'decision': 0, 'drift_rate': 0.0, 'target_domains': ['syn']}
0.0 []
Loss historical diff: 1.2800650298595428; Loss Difference: 0.0, Decision: 0
Round 223 took 0.609328031539917s, results:
{'t': 222, 'current_accuracy': 0.265625, 'current_loss': 2.107272982597351, 'train_loss': None, 'decision': 0, 'drift_rate': 0.0, 'target_domains': ['syn']}
0.0 []
Loss historical diff: 1.2800650298595428; Loss Difference: 0.0, Decision: 0
Round 224 took 0.604893684387207s, results:
{'t': 223, 'current_accuracy': 0.265625, 'current_loss': 2.107272982597351, 'train_loss': None, 'decision': 0, 'drift_rate': 0.0, 'target_domains': ['syn']}
0.0 []
Loss historical diff: 1.2800649106502533; Loss Difference: 0.0, Decision: 0
Round 225 took 0.5817973613739014s, results:
{'t': 224, 'current_accuracy': 0.265625, 'current_loss': 2.1072728633880615, 'train_loss': None, 'decision': 0, 'drift_rate': 0.0, 'target_domains': ['syn']}
0.0 []
Loss historical diff: 1.2800650298595428; Loss Difference: 0.0, Decision: 0
Round 226 took 0.5774679183959961s, results:
{'t': 225, 'current_accuracy': 0.265625, 'current_loss': 2.107272982597351, 'train_loss': None, 'decision': 0, 'drift_rate': 0.0, 'target_domains': ['syn']}
0.0 []
Loss historical diff: 1.2800649106502533; Loss Difference: 0.0, Decision: 0
Round 227 took 0.6328263282775879s, results:
{'t': 226, 'current_accuracy': 0.265625, 'current_loss': 2.1072728633880615, 'train_loss': None, 'decision': 0, 'drift_rate': 0.0, 'target_domains': ['syn']}
0.0 []
Loss historical diff: 1.2800650298595428; Loss Difference: 0.0, Decision: 0
Round 228 took 0.5949051380157471s, results:
{'t': 227, 'current_accuracy': 0.265625, 'current_loss': 2.107272982597351, 'train_loss': None, 'decision': 0, 'drift_rate': 0.0, 'target_domains': ['syn']}
0.0 []
Loss historical diff: 1.2800650298595428; Loss Difference: 0.0, Decision: 0
Round 229 took 0.6097824573516846s, results:
{'t': 228, 'current_accuracy': 0.265625, 'current_loss': 2.107272982597351, 'train_loss': None, 'decision': 0, 'drift_rate': 0.0, 'target_domains': ['syn']}
0.0 []
Loss historical diff: 1.2800650298595428; Loss Difference: 0.0, Decision: 0
Round 230 took 0.5866765975952148s, results:
{'t': 229, 'current_accuracy': 0.265625, 'current_loss': 2.107272982597351, 'train_loss': None, 'decision': 0, 'drift_rate': 0.0, 'target_domains': ['syn']}
0.0 []
Loss historical diff: 1.2800650298595428; Loss Difference: 0.0, Decision: 0
Round 231 took 0.5727620124816895s, results:
{'t': 230, 'current_accuracy': 0.265625, 'current_loss': 2.107272982597351, 'train_loss': None, 'decision': 0, 'drift_rate': 0.0, 'target_domains': ['syn']}
0.0 []
Loss historical diff: 1.2800651490688324; Loss Difference: 0.0, Decision: 0
Round 232 took 0.6248495578765869s, results:
{'t': 231, 'current_accuracy': 0.265625, 'current_loss': 2.1072731018066406, 'train_loss': None, 'decision': 0, 'drift_rate': 0.0, 'target_domains': ['syn']}
0.0 []
Loss historical diff: 1.2800651490688324; Loss Difference: 0.0, Decision: 0
Round 233 took 0.6043825149536133s, results:
{'t': 232, 'current_accuracy': 0.265625, 'current_loss': 2.1072731018066406, 'train_loss': None, 'decision': 0, 'drift_rate': 0.0, 'target_domains': ['syn']}
0.0 []
Loss historical diff: 1.2800651490688324; Loss Difference: 0.0, Decision: 0
Round 234 took 0.6492636203765869s, results:
{'t': 233, 'current_accuracy': 0.265625, 'current_loss': 2.1072731018066406, 'train_loss': None, 'decision': 0, 'drift_rate': 0.0, 'target_domains': ['syn']}
0.0 []
Loss historical diff: 1.2800651490688324; Loss Difference: 0.0, Decision: 0
Round 235 took 0.6377379894256592s, results:
{'t': 234, 'current_accuracy': 0.265625, 'current_loss': 2.1072731018066406, 'train_loss': None, 'decision': 0, 'drift_rate': 0.0, 'target_domains': ['syn']}
0.0 []
Loss historical diff: 1.2800651490688324; Loss Difference: 0.0, Decision: 0
Round 236 took 0.6368672847747803s, results:
{'t': 235, 'current_accuracy': 0.265625, 'current_loss': 2.1072731018066406, 'train_loss': None, 'decision': 0, 'drift_rate': 0.0, 'target_domains': ['syn']}
0.0 []
Loss historical diff: 1.2800651490688324; Loss Difference: 0.0, Decision: 0
Round 237 took 0.6577203273773193s, results:
{'t': 236, 'current_accuracy': 0.265625, 'current_loss': 2.1072731018066406, 'train_loss': None, 'decision': 0, 'drift_rate': 0.0, 'target_domains': ['syn']}
0.0 []
Loss historical diff: 1.2800650298595428; Loss Difference: 0.0, Decision: 0
Round 238 took 0.6344156265258789s, results:
{'t': 237, 'current_accuracy': 0.265625, 'current_loss': 2.107272982597351, 'train_loss': None, 'decision': 0, 'drift_rate': 0.0, 'target_domains': ['syn']}
0.0 []
Loss historical diff: 1.2800650298595428; Loss Difference: 0.0, Decision: 0
Round 239 took 0.5811278820037842s, results:
{'t': 238, 'current_accuracy': 0.265625, 'current_loss': 2.107272982597351, 'train_loss': None, 'decision': 0, 'drift_rate': 0.0, 'target_domains': ['syn']}
0.0 []
Loss historical diff: 1.2800649106502533; Loss Difference: 0.0, Decision: 0
Round 240 took 0.5990011692047119s, results:
{'t': 239, 'current_accuracy': 0.265625, 'current_loss': 2.1072728633880615, 'train_loss': None, 'decision': 0, 'drift_rate': 0.0, 'target_domains': ['syn']}
0.0 []
Loss historical diff: 1.2800650298595428; Loss Difference: 0.0, Decision: 0
Round 241 took 0.6011266708374023s, results:
{'t': 240, 'current_accuracy': 0.265625, 'current_loss': 2.107272982597351, 'train_loss': None, 'decision': 0, 'drift_rate': 0.0, 'target_domains': ['syn']}
0.0 []
Loss historical diff: 1.2800650298595428; Loss Difference: 0.0, Decision: 0
Round 242 took 0.5716021060943604s, results:
{'t': 241, 'current_accuracy': 0.265625, 'current_loss': 2.107272982597351, 'train_loss': None, 'decision': 0, 'drift_rate': 0.0, 'target_domains': ['syn']}
0.0 []
Loss historical diff: 1.2800651490688324; Loss Difference: 0.0, Decision: 0
Round 243 took 0.5755970478057861s, results:
{'t': 242, 'current_accuracy': 0.265625, 'current_loss': 2.1072731018066406, 'train_loss': None, 'decision': 0, 'drift_rate': 0.0, 'target_domains': ['syn']}
0.0 []
Loss historical diff: 1.2800650298595428; Loss Difference: 0.0, Decision: 0
Round 244 took 0.5869596004486084s, results:
{'t': 243, 'current_accuracy': 0.265625, 'current_loss': 2.107272982597351, 'train_loss': None, 'decision': 0, 'drift_rate': 0.0, 'target_domains': ['syn']}
0.0 []
Loss historical diff: 1.2800651490688324; Loss Difference: 0.0, Decision: 0
Round 245 took 0.5865206718444824s, results:
{'t': 244, 'current_accuracy': 0.265625, 'current_loss': 2.1072731018066406, 'train_loss': None, 'decision': 0, 'drift_rate': 0.0, 'target_domains': ['syn']}
0.0 []
Loss historical diff: 1.2800651490688324; Loss Difference: 0.0, Decision: 0
Round 246 took 0.5860986709594727s, results:
{'t': 245, 'current_accuracy': 0.265625, 'current_loss': 2.1072731018066406, 'train_loss': None, 'decision': 0, 'drift_rate': 0.0, 'target_domains': ['syn']}
0.0 []
Loss historical diff: 1.2800650298595428; Loss Difference: 0.0, Decision: 0
Round 247 took 0.5997409820556641s, results:
{'t': 246, 'current_accuracy': 0.265625, 'current_loss': 2.107272982597351, 'train_loss': None, 'decision': 0, 'drift_rate': 0.0, 'target_domains': ['syn']}
0.0 []
Loss historical diff: 1.2800650298595428; Loss Difference: 0.0, Decision: 0
Round 248 took 0.5824041366577148s, results:
{'t': 247, 'current_accuracy': 0.265625, 'current_loss': 2.107272982597351, 'train_loss': None, 'decision': 0, 'drift_rate': 0.0, 'target_domains': ['syn']}
0.0 []
Loss historical diff: 1.2800650298595428; Loss Difference: 0.0, Decision: 0
Round 249 took 0.5967974662780762s, results:
{'t': 248, 'current_accuracy': 0.265625, 'current_loss': 2.107272982597351, 'train_loss': None, 'decision': 0, 'drift_rate': 0.0, 'target_domains': ['syn']}
0.0 []
Loss historical diff: 1.2800650298595428; Loss Difference: 0.0, Decision: 0
Round 250 took 0.5890891551971436s, results:
{'t': 249, 'current_accuracy': 0.265625, 'current_loss': 2.107272982597351, 'train_loss': None, 'decision': 0, 'drift_rate': 0.0, 'target_domains': ['syn']}
Average time per round: 0.5649372863769532
Total time: 141.23432159423828
