Device: cuda
CUDA Version: 12.1
cuDNN Version: 8902
PyTorch Version: 2.3.0

Model used: DigitsDGCNN
Initial dataset creation
Initial dataset creation
Initial loss: 1.1136291027069092
<__main__.Policy object at 0x1523410ec830>
1.1136291027069092
[]
[]
0 []
Loss historical diff: 0.0; Loss Difference: 0.0, Decision: 0
Round 1 took 0.5801951885223389s, results:
{'t': 0, 'current_accuracy': 0.76171875, 'current_loss': 0.9000973999500275, 'train_loss': None, 'decision': 0, 'drift_rate': 0, 'target_domains': ['syn']}
[]
[]
0 []
Loss historical diff: 0.0; Loss Difference: 0.0, Decision: 0
Round 2 took 0.530846357345581s, results:
{'t': 1, 'current_accuracy': 0.76171875, 'current_loss': 0.9000973999500275, 'train_loss': None, 'decision': 0, 'drift_rate': 0, 'target_domains': ['syn']}
[]
[]
0 []
Loss historical diff: 8.940696716308594e-08; Loss Difference: 0.0, Decision: 0
Round 3 took 0.54183030128479s, results:
{'t': 2, 'current_accuracy': 0.76171875, 'current_loss': 0.9000974893569946, 'train_loss': None, 'decision': 0, 'drift_rate': 0, 'target_domains': ['syn']}
[]
[]
0 []
Loss historical diff: 5.960464477539063e-08; Loss Difference: 0.0, Decision: 0
Round 4 took 0.5865228176116943s, results:
{'t': 3, 'current_accuracy': 0.76171875, 'current_loss': 0.9000974595546722, 'train_loss': None, 'decision': 0, 'drift_rate': 0, 'target_domains': ['syn']}
[]
[]
0 []
Loss historical diff: 5.960464477539063e-08; Loss Difference: 0.0, Decision: 0
Round 5 took 0.5495719909667969s, results:
{'t': 4, 'current_accuracy': 0.76171875, 'current_loss': 0.9000974595546722, 'train_loss': None, 'decision': 0, 'drift_rate': 0, 'target_domains': ['syn']}
[]
[]
0 []
Loss historical diff: 5.960464477539063e-08; Loss Difference: 0.0, Decision: 0
Round 6 took 0.582045316696167s, results:
{'t': 5, 'current_accuracy': 0.76171875, 'current_loss': 0.9000974595546722, 'train_loss': None, 'decision': 0, 'drift_rate': 0, 'target_domains': ['syn']}
[]
[]
0 []
Loss historical diff: 8.940696716308594e-08; Loss Difference: 0.0, Decision: 0
Round 7 took 0.5466601848602295s, results:
{'t': 6, 'current_accuracy': 0.76171875, 'current_loss': 0.9000974893569946, 'train_loss': None, 'decision': 0, 'drift_rate': 0, 'target_domains': ['syn']}
[]
[]
0 []
Loss historical diff: 5.960464477539063e-08; Loss Difference: 0.0, Decision: 0
Round 8 took 0.6258068084716797s, results:
{'t': 7, 'current_accuracy': 0.76171875, 'current_loss': 0.9000974595546722, 'train_loss': None, 'decision': 0, 'drift_rate': 0, 'target_domains': ['syn']}
[]
[]
0 []
Loss historical diff: 0.0; Loss Difference: 0.0, Decision: 0
Round 9 took 0.6154892444610596s, results:
{'t': 8, 'current_accuracy': 0.76171875, 'current_loss': 0.9000973999500275, 'train_loss': None, 'decision': 0, 'drift_rate': 0, 'target_domains': ['syn']}
[]
[]
0 []
Loss historical diff: 0.0; Loss Difference: 0.0, Decision: 0
Round 10 took 0.5509638786315918s, results:
{'t': 9, 'current_accuracy': 0.76171875, 'current_loss': 0.9000973999500275, 'train_loss': None, 'decision': 0, 'drift_rate': 0, 'target_domains': ['syn']}
['mnist']
['mnist']
0.001 ['mnist']
Loss historical diff: 5.960464477539063e-08; Loss Difference: 0.0, Decision: 0
Round 11 took 0.5645856857299805s, results:
{'t': 10, 'current_accuracy': 0.76171875, 'current_loss': 0.9000974595546722, 'train_loss': None, 'decision': 0, 'drift_rate': 0.001, 'target_domains': ['mnist']}
['svhn']
['svhn']
0.001670010459667194 ['svhn']
Loss historical diff: 2.9802322387695312e-08; Loss Difference: 0.0, Decision: 0
Round 12 took 0.5838742256164551s, results:
{'t': 11, 'current_accuracy': 0.76171875, 'current_loss': 0.9000974297523499, 'train_loss': None, 'decision': 0, 'drift_rate': 0.001670010459667194, 'target_domains': ['svhn']}
['svhn']
['svhn']
0.002338845493317048 ['svhn']
Loss historical diff: 1.1920928955078125e-07; Loss Difference: 0.0, Decision: 0
Round 13 took 0.5835702419281006s, results:
{'t': 12, 'current_accuracy': 0.76171875, 'current_loss': 0.900097519159317, 'train_loss': None, 'decision': 0, 'drift_rate': 0.002338845493317048, 'target_domains': ['svhn']}
['svhn']
['svhn']
0.003005331737028868 ['svhn']
Loss historical diff: 1.1920928955078125e-07; Loss Difference: 0.0, Decision: 0
Round 14 took 0.5922181606292725s, results:
{'t': 13, 'current_accuracy': 0.76171875, 'current_loss': 0.900097519159317, 'train_loss': None, 'decision': 0, 'drift_rate': 0.003005331737028868, 'target_domains': ['svhn']}
['svhn']
['svhn']
0.003668299947457636 ['svhn']
Loss historical diff: 1.1920928955078125e-07; Loss Difference: 0.0, Decision: 0
Round 15 took 0.5178637504577637s, results:
{'t': 14, 'current_accuracy': 0.76171875, 'current_loss': 0.900097519159317, 'train_loss': None, 'decision': 0, 'drift_rate': 0.003668299947457636, 'target_domains': ['svhn']}
['svhn']
['svhn']
0.00432658705308415 ['svhn']
Loss historical diff: 0.03140565752983093; Loss Difference: 0.0, Decision: 0
Round 16 took 0.6082010269165039s, results:
{'t': 15, 'current_accuracy': 0.7578125, 'current_loss': 0.9315030574798584, 'train_loss': None, 'decision': 0, 'drift_rate': 0.00432658705308415, 'target_domains': ['svhn']}
['svhn']
['svhn']
0.0049790381946376765 ['svhn']
Loss historical diff: 0.03912782669067383; Loss Difference: 0.0, Decision: 0
Round 17 took 0.5910212993621826s, results:
{'t': 16, 'current_accuracy': 0.75390625, 'current_loss': 0.9392252266407013, 'train_loss': None, 'decision': 0, 'drift_rate': 0.0049790381946376765, 'target_domains': ['svhn']}
['svhn']
['svhn']
0.005624508751111546 ['svhn']
Loss historical diff: 0.04010140895843506; Loss Difference: 0.0, Decision: 0
Round 18 took 0.5167040824890137s, results:
{'t': 17, 'current_accuracy': 0.75390625, 'current_loss': 0.9401988089084625, 'train_loss': None, 'decision': 0, 'drift_rate': 0.005624508751111546, 'target_domains': ['svhn']}
['svhn']
['svhn']
0.006261866347817332 ['svhn']
Loss historical diff: 0.03922402858734131; Loss Difference: 0.0, Decision: 0
Round 19 took 0.6028351783752441s, results:
{'t': 18, 'current_accuracy': 0.75390625, 'current_loss': 0.9393214285373688, 'train_loss': None, 'decision': 0, 'drift_rate': 0.006261866347817332, 'target_domains': ['svhn']}
['svhn']
['svhn']
0.006889992842954847 ['svhn']
Loss historical diff: 0.03893771767616272; Loss Difference: 0.0, Decision: 0
Round 20 took 0.5529515743255615s, results:
{'t': 19, 'current_accuracy': 0.7578125, 'current_loss': 0.9390351176261902, 'train_loss': None, 'decision': 0, 'drift_rate': 0.006889992842954847, 'target_domains': ['svhn']}
['svhn']
['svhn']
0.007507786289212803 ['svhn']
Loss historical diff: 0.051228493452072144; Loss Difference: 0.0, Decision: 0
Round 21 took 0.6097657680511475s, results:
{'t': 20, 'current_accuracy': 0.75390625, 'current_loss': 0.9513258934020996, 'train_loss': None, 'decision': 0, 'drift_rate': 0.007507786289212803, 'target_domains': ['svhn']}
['svhn']
['svhn']
0.00811416286695884 ['svhn']
Loss historical diff: 0.07064858078956604; Loss Difference: 0.0, Decision: 0
Round 22 took 0.6216769218444824s, results:
{'t': 21, 'current_accuracy': 0.75, 'current_loss': 0.9707459807395935, 'train_loss': None, 'decision': 0, 'drift_rate': 0.00811416286695884, 'target_domains': ['svhn']}
['svhn']
['svhn']
0.008708058785627446 ['svhn']
Loss historical diff: 0.11985918879508972; Loss Difference: 0.0, Decision: 0
Round 23 took 0.600616455078125s, results:
{'t': 22, 'current_accuracy': 0.7421875, 'current_loss': 1.0199565887451172, 'train_loss': None, 'decision': 0, 'drift_rate': 0.008708058785627446, 'target_domains': ['svhn']}
['svhn']
['svhn']
0.009288432149970084 ['svhn']
Loss historical diff: 0.12834668159484863; Loss Difference: 0.0, Decision: 0
Round 24 took 0.5824801921844482s, results:
{'t': 23, 'current_accuracy': 0.7421875, 'current_loss': 1.028444081544876, 'train_loss': None, 'decision': 0, 'drift_rate': 0.009288432149970084, 'target_domains': ['svhn']}
['svhn']
['svhn']
0.009854264787893505 ['svhn']
Loss historical diff: 0.1421104371547699; Loss Difference: 0.0, Decision: 0
Round 25 took 0.5979461669921875s, results:
{'t': 24, 'current_accuracy': 0.73828125, 'current_loss': 1.0422078371047974, 'train_loss': None, 'decision': 0, 'drift_rate': 0.009854264787893505, 'target_domains': ['svhn']}
['svhn']
['svhn']
0.01040456403667957 ['svhn']
Loss historical diff: 0.17287591099739075; Loss Difference: 0.0, Decision: 0
Round 26 took 0.5973551273345947s, results:
{'t': 25, 'current_accuracy': 0.73046875, 'current_loss': 1.0729733109474182, 'train_loss': None, 'decision': 0, 'drift_rate': 0.01040456403667957, 'target_domains': ['svhn']}
['svhn']
['svhn']
0.010938364484452966 ['svhn']
Loss historical diff: 0.16660335659980774; Loss Difference: 0.0, Decision: 0
Round 27 took 0.6298327445983887s, results:
{'t': 26, 'current_accuracy': 0.734375, 'current_loss': 1.0667007565498352, 'train_loss': None, 'decision': 0, 'drift_rate': 0.010938364484452966, 'target_domains': ['svhn']}
['svhn']
['svhn']
0.011454729663841687 ['svhn']
Loss historical diff: 0.17600563168525696; Loss Difference: 0.0, Decision: 0
Round 28 took 0.5758795738220215s, results:
{'t': 27, 'current_accuracy': 0.73046875, 'current_loss': 1.0761030316352844, 'train_loss': None, 'decision': 0, 'drift_rate': 0.011454729663841687, 'target_domains': ['svhn']}
['svhn']
['svhn']
0.011952753694859018 ['svhn']
Loss historical diff: 0.1837543547153473; Loss Difference: 0.0, Decision: 0
Round 29 took 0.5744867324829102s, results:
{'t': 28, 'current_accuracy': 0.73046875, 'current_loss': 1.0838517546653748, 'train_loss': None, 'decision': 0, 'drift_rate': 0.011952753694859018, 'target_domains': ['svhn']}
['svhn']
['svhn']
0.012431562874124853 ['svhn']
Loss historical diff: 0.18553489446640015; Loss Difference: 0.0, Decision: 0
Round 30 took 0.6018397808074951s, results:
{'t': 29, 'current_accuracy': 0.7265625, 'current_loss': 1.0856322944164276, 'train_loss': None, 'decision': 0, 'drift_rate': 0.012431562874124853, 'target_domains': ['svhn']}
['svhn']
['svhn']
0.012890317207638308 ['svhn']
Loss historical diff: 0.19997766613960266; Loss Difference: 0.0, Decision: 0
Round 31 took 0.5755696296691895s, results:
{'t': 30, 'current_accuracy': 0.72265625, 'current_loss': 1.1000750660896301, 'train_loss': None, 'decision': 0, 'drift_rate': 0.012890317207638308, 'target_domains': ['svhn']}
['svhn']
['svhn']
0.01332821188441263 ['svhn']
Loss historical diff: 0.197660893201828; Loss Difference: 0.0, Decision: 0
Round 32 took 0.574669361114502s, results:
{'t': 31, 'current_accuracy': 0.72265625, 'current_loss': 1.0977582931518555, 'train_loss': None, 'decision': 0, 'drift_rate': 0.01332821188441263, 'target_domains': ['svhn']}
['svhn']
['svhn']
0.01374447868838714 ['svhn']
Loss historical diff: 0.20572379231452942; Loss Difference: 0.0, Decision: 0
Round 33 took 0.5973465442657471s, results:
{'t': 32, 'current_accuracy': 0.71875, 'current_loss': 1.1058211922645569, 'train_loss': None, 'decision': 0, 'drift_rate': 0.01374447868838714, 'target_domains': ['svhn']}
['svhn']
['svhn']
0.014138387346139262 ['svhn']
Loss historical diff: 0.22779396176338196; Loss Difference: 0.0, Decision: 0
Round 34 took 0.587864875793457s, results:
{'t': 33, 'current_accuracy': 0.71484375, 'current_loss': 1.1278913617134094, 'train_loss': None, 'decision': 0, 'drift_rate': 0.014138387346139262, 'target_domains': ['svhn']}
['svhn']
['svhn']
0.014509246808032242 ['svhn']
Loss historical diff: 0.23487022519111633; Loss Difference: 0.0, Decision: 0
Round 35 took 0.6132044792175293s, results:
{'t': 34, 'current_accuracy': 0.71484375, 'current_loss': 1.1349676251411438, 'train_loss': None, 'decision': 0, 'drift_rate': 0.014509246808032242, 'target_domains': ['svhn']}
['svhn']
['svhn']
0.01485640646055102 ['svhn']
Loss historical diff: 0.26205185055732727; Loss Difference: 0.0, Decision: 0
Round 36 took 0.5191240310668945s, results:
{'t': 35, 'current_accuracy': 0.71484375, 'current_loss': 1.1621492505073547, 'train_loss': None, 'decision': 0, 'drift_rate': 0.01485640646055102, 'target_domains': ['svhn']}
['svhn']
['svhn']
0.015179257267699437 ['svhn']
Loss historical diff: 0.28314557671546936; Loss Difference: 0.0, Decision: 0
Round 37 took 0.6153795719146729s, results:
{'t': 36, 'current_accuracy': 0.70703125, 'current_loss': 1.1832429766654968, 'train_loss': None, 'decision': 0, 'drift_rate': 0.015179257267699437, 'target_domains': ['svhn']}
['svhn']
['svhn']
0.015477232839456314 ['svhn']
Loss historical diff: 0.2921726405620575; Loss Difference: 0.0, Decision: 0
Round 38 took 0.5820939540863037s, results:
{'t': 37, 'current_accuracy': 0.703125, 'current_loss': 1.192270040512085, 'train_loss': None, 'decision': 0, 'drift_rate': 0.015477232839456314, 'target_domains': ['svhn']}
['svhn']
['svhn']
0.015749810425416007 ['svhn']
Loss historical diff: 0.3062097728252411; Loss Difference: 0.0, Decision: 0
Round 39 took 0.6067595481872559s, results:
{'t': 38, 'current_accuracy': 0.6953125, 'current_loss': 1.2063071727752686, 'train_loss': None, 'decision': 0, 'drift_rate': 0.015749810425416007, 'target_domains': ['svhn']}
['svhn']
['svhn']
0.015996511831870265 ['svhn']
Loss historical diff: 0.3086107671260834; Loss Difference: 0.0, Decision: 0
Round 40 took 0.5622415542602539s, results:
{'t': 39, 'current_accuracy': 0.6953125, 'current_loss': 1.2087081670761108, 'train_loss': None, 'decision': 0, 'drift_rate': 0.015996511831870265, 'target_domains': ['svhn']}
['svhn']
['svhn']
0.016216904260722458 ['svhn']
Loss historical diff: 0.34287968277931213; Loss Difference: 0.0, Decision: 0
Round 41 took 0.5935039520263672s, results:
{'t': 40, 'current_accuracy': 0.69140625, 'current_loss': 1.2429770827293396, 'train_loss': None, 'decision': 0, 'drift_rate': 0.016216904260722458, 'target_domains': ['svhn']}
['svhn']
['svhn']
0.01641060106876253 ['svhn']
Loss historical diff: 0.35262832045555115; Loss Difference: 0.0, Decision: 0
Round 42 took 0.5620615482330322s, results:
{'t': 41, 'current_accuracy': 0.6875, 'current_loss': 1.2527257204055786, 'train_loss': None, 'decision': 0, 'drift_rate': 0.01641060106876253, 'target_domains': ['svhn']}
['svhn']
['svhn']
0.016577262445970565 ['svhn']
Loss historical diff: 0.33946189284324646; Loss Difference: 0.0, Decision: 0
Round 43 took 0.6391201019287109s, results:
{'t': 42, 'current_accuracy': 0.6953125, 'current_loss': 1.239559292793274, 'train_loss': None, 'decision': 0, 'drift_rate': 0.016577262445970565, 'target_domains': ['svhn']}
['svhn']
['svhn']
0.016716596011659018 ['svhn']
Loss historical diff: 0.32446375489234924; Loss Difference: 0.0, Decision: 0
Round 44 took 0.5540311336517334s, results:
{'t': 43, 'current_accuracy': 0.69921875, 'current_loss': 1.2245611548423767, 'train_loss': None, 'decision': 0, 'drift_rate': 0.016716596011659018, 'target_domains': ['svhn']}
['svhn']
['svhn']
0.016828357327407815 ['svhn']
Loss historical diff: 0.3232026994228363; Loss Difference: 0.0, Decision: 0
Round 45 took 0.638019323348999s, results:
{'t': 44, 'current_accuracy': 0.6953125, 'current_loss': 1.2233000993728638, 'train_loss': None, 'decision': 0, 'drift_rate': 0.016828357327407815, 'target_domains': ['svhn']}
['svhn']
['svhn']
0.016912350325892375 ['svhn']
Loss historical diff: 0.3761986196041107; Loss Difference: 0.0, Decision: 0
Round 46 took 0.5380871295928955s, results:
{'t': 45, 'current_accuracy': 0.68359375, 'current_loss': 1.2762960195541382, 'train_loss': None, 'decision': 0, 'drift_rate': 0.016912350325892375, 'target_domains': ['svhn']}
['svhn']
['svhn']
0.016968427654852347 ['svhn']
Loss historical diff: 0.4522499144077301; Loss Difference: 0.0, Decision: 0
Round 47 took 0.5945613384246826s, results:
{'t': 46, 'current_accuracy': 0.671875, 'current_loss': 1.3523473143577576, 'train_loss': None, 'decision': 0, 'drift_rate': 0.016968427654852347, 'target_domains': ['svhn']}
['svhn']
['svhn']
0.01699649093559753 ['svhn']
Loss historical diff: 0.4620791971683502; Loss Difference: 0.0, Decision: 0
Round 48 took 0.6153547763824463s, results:
{'t': 47, 'current_accuracy': 0.66796875, 'current_loss': 1.3621765971183777, 'train_loss': None, 'decision': 0, 'drift_rate': 0.01699649093559753, 'target_domains': ['svhn']}
['svhn']
['svhn']
0.01699649093559753 ['svhn']
Loss historical diff: 0.4894042909145355; Loss Difference: 0.0, Decision: 0
Round 49 took 0.6002638339996338s, results:
{'t': 48, 'current_accuracy': 0.66015625, 'current_loss': 1.389501690864563, 'train_loss': None, 'decision': 0, 'drift_rate': 0.01699649093559753, 'target_domains': ['svhn']}
['svhn']
['svhn']
0.016968427654852347 ['svhn']
Loss historical diff: 0.5205263793468475; Loss Difference: 0.0, Decision: 0
Round 50 took 0.5912282466888428s, results:
{'t': 49, 'current_accuracy': 0.65234375, 'current_loss': 1.420623779296875, 'train_loss': None, 'decision': 0, 'drift_rate': 0.016968427654852347, 'target_domains': ['svhn']}
['svhn']
['svhn']
0.016912350325892375 ['svhn']
Loss historical diff: 0.5150436460971832; Loss Difference: 0.0, Decision: 0
Round 51 took 0.5933482646942139s, results:
{'t': 50, 'current_accuracy': 0.65234375, 'current_loss': 1.4151410460472107, 'train_loss': None, 'decision': 0, 'drift_rate': 0.016912350325892375, 'target_domains': ['svhn']}
['svhn']
['svhn']
0.016828357327407815 ['svhn']
Loss historical diff: 0.5304016172885895; Loss Difference: 0.0, Decision: 0
Round 52 took 0.562143087387085s, results:
{'t': 51, 'current_accuracy': 0.65234375, 'current_loss': 1.430499017238617, 'train_loss': None, 'decision': 0, 'drift_rate': 0.016828357327407815, 'target_domains': ['svhn']}
['svhn']
['svhn']
0.01671659601165902 ['svhn']
Loss historical diff: 0.5570782721042633; Loss Difference: 0.0, Decision: 0
Round 53 took 0.6164510250091553s, results:
{'t': 52, 'current_accuracy': 0.65234375, 'current_loss': 1.4571756720542908, 'train_loss': None, 'decision': 0, 'drift_rate': 0.01671659601165902, 'target_domains': ['svhn']}
['svhn']
['svhn']
0.016577262445970565 ['svhn']
Loss historical diff: 0.6137391030788422; Loss Difference: 0.0, Decision: 0
Round 54 took 0.5975706577301025s, results:
{'t': 53, 'current_accuracy': 0.65234375, 'current_loss': 1.5138365030288696, 'train_loss': None, 'decision': 0, 'drift_rate': 0.016577262445970565, 'target_domains': ['svhn']}
['svhn']
['svhn']
0.01641060106876253 ['svhn']
Loss historical diff: 0.6559767425060272; Loss Difference: 0.0, Decision: 0
Round 55 took 0.5947487354278564s, results:
{'t': 54, 'current_accuracy': 0.63671875, 'current_loss': 1.5560741424560547, 'train_loss': None, 'decision': 0, 'drift_rate': 0.01641060106876253, 'target_domains': ['svhn']}
['svhn']
['svhn']
0.016216904260722458 ['svhn']
Loss historical diff: 0.6667544543743134; Loss Difference: 0.0, Decision: 0
Round 56 took 0.5830507278442383s, results:
{'t': 55, 'current_accuracy': 0.63671875, 'current_loss': 1.5668518543243408, 'train_loss': None, 'decision': 0, 'drift_rate': 0.016216904260722458, 'target_domains': ['svhn']}
['svhn']
['svhn']
0.015996511831870265 ['svhn']
Loss historical diff: 0.6839477121829987; Loss Difference: 0.0, Decision: 0
Round 57 took 0.5160205364227295s, results:
{'t': 56, 'current_accuracy': 0.625, 'current_loss': 1.5840451121330261, 'train_loss': None, 'decision': 0, 'drift_rate': 0.015996511831870265, 'target_domains': ['svhn']}
['svhn']
['svhn']
0.015749810425416007 ['svhn']
Loss historical diff: 0.7042348086833954; Loss Difference: 0.0, Decision: 0
Round 58 took 0.5708014965057373s, results:
{'t': 57, 'current_accuracy': 0.6171875, 'current_loss': 1.6043322086334229, 'train_loss': None, 'decision': 0, 'drift_rate': 0.015749810425416007, 'target_domains': ['svhn']}
['svhn']
['svhn']
0.01547723283945631 ['svhn']
Loss historical diff: 0.7088461816310883; Loss Difference: 0.0, Decision: 0
Round 59 took 0.6282155513763428s, results:
{'t': 58, 'current_accuracy': 0.61328125, 'current_loss': 1.6089435815811157, 'train_loss': None, 'decision': 0, 'drift_rate': 0.01547723283945631, 'target_domains': ['svhn']}
['svhn']
['svhn']
0.015179257267699437 ['svhn']
Loss historical diff: 0.7236998379230499; Loss Difference: 0.0, Decision: 0
Round 60 took 0.5203354358673096s, results:
{'t': 59, 'current_accuracy': 0.60546875, 'current_loss': 1.6237972378730774, 'train_loss': None, 'decision': 0, 'drift_rate': 0.015179257267699437, 'target_domains': ['svhn']}
['svhn']
['svhn']
0.014856406460551017 ['svhn']
Loss historical diff: 0.7379692494869232; Loss Difference: 0.0, Decision: 0
Round 61 took 0.5874266624450684s, results:
{'t': 60, 'current_accuracy': 0.6015625, 'current_loss': 1.6380666494369507, 'train_loss': None, 'decision': 0, 'drift_rate': 0.014856406460551017, 'target_domains': ['svhn']}
['svhn']
['svhn']
0.014509246808032242 ['svhn']
Loss historical diff: 0.7667328417301178; Loss Difference: 0.0, Decision: 0
Round 62 took 0.5628194808959961s, results:
{'t': 61, 'current_accuracy': 0.59375, 'current_loss': 1.6668302416801453, 'train_loss': None, 'decision': 0, 'drift_rate': 0.014509246808032242, 'target_domains': ['svhn']}
['svhn']
['svhn']
0.014138387346139265 ['svhn']
Loss historical diff: 0.7448438107967377; Loss Difference: 0.0, Decision: 0
Round 63 took 0.5296096801757812s, results:
{'t': 62, 'current_accuracy': 0.58984375, 'current_loss': 1.6449412107467651, 'train_loss': None, 'decision': 0, 'drift_rate': 0.014138387346139265, 'target_domains': ['svhn']}
['svhn']
['svhn']
0.013744478688387143 ['svhn']
Loss historical diff: 0.7716782987117767; Loss Difference: 0.0, Decision: 0
Round 64 took 0.5635411739349365s, results:
{'t': 63, 'current_accuracy': 0.58203125, 'current_loss': 1.6717756986618042, 'train_loss': None, 'decision': 0, 'drift_rate': 0.013744478688387143, 'target_domains': ['svhn']}
['svhn']
['svhn']
0.01332821188441263 ['svhn']
Loss historical diff: 0.7842220962047577; Loss Difference: 0.0, Decision: 0
Round 65 took 0.5355169773101807s, results:
{'t': 64, 'current_accuracy': 0.578125, 'current_loss': 1.6843194961547852, 'train_loss': None, 'decision': 0, 'drift_rate': 0.01332821188441263, 'target_domains': ['svhn']}
['svhn']
['svhn']
0.012890317207638308 ['svhn']
Loss historical diff: 0.7968911230564117; Loss Difference: 0.0, Decision: 0
Round 66 took 0.5714931488037109s, results:
{'t': 65, 'current_accuracy': 0.578125, 'current_loss': 1.6969885230064392, 'train_loss': None, 'decision': 0, 'drift_rate': 0.012890317207638308, 'target_domains': ['svhn']}
['svhn']
['svhn']
0.012431562874124853 ['svhn']
Loss historical diff: 0.8167507350444794; Loss Difference: 0.0, Decision: 0
Round 67 took 0.6220333576202393s, results:
{'t': 66, 'current_accuracy': 0.5703125, 'current_loss': 1.7168481349945068, 'train_loss': None, 'decision': 0, 'drift_rate': 0.012431562874124853, 'target_domains': ['svhn']}
['svhn']
['svhn']
0.011952753694859021 ['svhn']
Loss historical diff: 0.7989821135997772; Loss Difference: 0.0, Decision: 0
Round 68 took 0.6002197265625s, results:
{'t': 67, 'current_accuracy': 0.5703125, 'current_loss': 1.6990795135498047, 'train_loss': None, 'decision': 0, 'drift_rate': 0.011952753694859021, 'target_domains': ['svhn']}
['svhn']
['svhn']
0.01145472966384169 ['svhn']
Loss historical diff: 0.8043411076068878; Loss Difference: 0.0, Decision: 0
Round 69 took 0.5423102378845215s, results:
{'t': 68, 'current_accuracy': 0.5703125, 'current_loss': 1.7044385075569153, 'train_loss': None, 'decision': 0, 'drift_rate': 0.01145472966384169, 'target_domains': ['svhn']}
['svhn']
['svhn']
0.01093836448445297 ['svhn']
Loss historical diff: 0.8051653802394867; Loss Difference: 0.0, Decision: 0
Round 70 took 0.5806002616882324s, results:
{'t': 69, 'current_accuracy': 0.5703125, 'current_loss': 1.7052627801895142, 'train_loss': None, 'decision': 0, 'drift_rate': 0.01093836448445297, 'target_domains': ['svhn']}
['svhn']
['svhn']
0.01040456403667957 ['svhn']
Loss historical diff: 0.8164099156856537; Loss Difference: 0.0, Decision: 0
Round 71 took 0.6074872016906738s, results:
{'t': 70, 'current_accuracy': 0.56640625, 'current_loss': 1.7165073156356812, 'train_loss': None, 'decision': 0, 'drift_rate': 0.01040456403667957, 'target_domains': ['svhn']}
['svhn']
['svhn']
0.009854264787893505 ['svhn']
Loss historical diff: 0.8096934854984283; Loss Difference: 0.0, Decision: 0
Round 72 took 0.5387556552886963s, results:
{'t': 71, 'current_accuracy': 0.5703125, 'current_loss': 1.7097908854484558, 'train_loss': None, 'decision': 0, 'drift_rate': 0.009854264787893505, 'target_domains': ['svhn']}
['svhn']
['svhn']
0.009288432149970084 ['svhn']
Loss historical diff: 0.8130374252796173; Loss Difference: 0.0, Decision: 0
Round 73 took 0.5831718444824219s, results:
{'t': 72, 'current_accuracy': 0.5703125, 'current_loss': 1.7131348252296448, 'train_loss': None, 'decision': 0, 'drift_rate': 0.009288432149970084, 'target_domains': ['svhn']}
['svhn']
['svhn']
0.008708058785627443 ['svhn']
Loss historical diff: 0.8300629556179047; Loss Difference: 0.0, Decision: 0
Round 74 took 0.5870034694671631s, results:
{'t': 73, 'current_accuracy': 0.56640625, 'current_loss': 1.7301603555679321, 'train_loss': None, 'decision': 0, 'drift_rate': 0.008708058785627443, 'target_domains': ['svhn']}
['svhn']
['svhn']
0.008114162866958844 ['svhn']
Loss historical diff: 0.8484768569469452; Loss Difference: 0.0, Decision: 0
Round 75 took 0.5637423992156982s, results:
{'t': 74, 'current_accuracy': 0.55859375, 'current_loss': 1.7485742568969727, 'train_loss': None, 'decision': 0, 'drift_rate': 0.008114162866958844, 'target_domains': ['svhn']}
['svhn']
['svhn']
0.007507786289212807 ['svhn']
Loss historical diff: 0.8548837006092072; Loss Difference: 0.0, Decision: 0
Round 76 took 0.5603601932525635s, results:
{'t': 75, 'current_accuracy': 0.5546875, 'current_loss': 1.7549811005592346, 'train_loss': None, 'decision': 0, 'drift_rate': 0.007507786289212807, 'target_domains': ['svhn']}
['svhn']
['svhn']
0.00688999284295485 ['svhn']
Loss historical diff: 0.849913626909256; Loss Difference: 0.0, Decision: 0
Round 77 took 0.5197291374206543s, results:
{'t': 76, 'current_accuracy': 0.5546875, 'current_loss': 1.7500110268592834, 'train_loss': None, 'decision': 0, 'drift_rate': 0.00688999284295485, 'target_domains': ['svhn']}
['svhn']
['svhn']
0.0062618663478173344 ['svhn']
Loss historical diff: 0.8615250885486603; Loss Difference: 0.0, Decision: 0
Round 78 took 0.5833303928375244s, results:
{'t': 77, 'current_accuracy': 0.55078125, 'current_loss': 1.7616224884986877, 'train_loss': None, 'decision': 0, 'drift_rate': 0.0062618663478173344, 'target_domains': ['svhn']}
['svhn']
['svhn']
0.0056245087511115465 ['svhn']
Loss historical diff: 0.863805741071701; Loss Difference: 0.0, Decision: 0
Round 79 took 0.6116642951965332s, results:
{'t': 78, 'current_accuracy': 0.55078125, 'current_loss': 1.7639031410217285, 'train_loss': None, 'decision': 0, 'drift_rate': 0.0056245087511115465, 'target_domains': ['svhn']}
['svhn']
['svhn']
0.004979038194637677 ['svhn']
Loss historical diff: 0.8707198202610016; Loss Difference: 0.0, Decision: 0
Round 80 took 0.5992903709411621s, results:
{'t': 79, 'current_accuracy': 0.546875, 'current_loss': 1.770817220211029, 'train_loss': None, 'decision': 0, 'drift_rate': 0.004979038194637677, 'target_domains': ['svhn']}
['svhn']
['svhn']
0.004326587053084156 ['svhn']
Loss historical diff: 0.8384626805782318; Loss Difference: 0.0, Decision: 0
Round 81 took 0.5649867057800293s, results:
{'t': 80, 'current_accuracy': 0.55078125, 'current_loss': 1.7385600805282593, 'train_loss': None, 'decision': 0, 'drift_rate': 0.004326587053084156, 'target_domains': ['svhn']}
['svhn']
['svhn']
0.0036682999474576348 ['svhn']
Loss historical diff: 0.8384623825550079; Loss Difference: 0.0, Decision: 0
Round 82 took 0.5676522254943848s, results:
{'t': 81, 'current_accuracy': 0.55078125, 'current_loss': 1.7385597825050354, 'train_loss': None, 'decision': 0, 'drift_rate': 0.0036682999474576348, 'target_domains': ['svhn']}
['svhn']
['svhn']
0.003005331737028873 ['svhn']
Loss historical diff: 0.8384623825550079; Loss Difference: 0.0, Decision: 0
Round 83 took 0.5970926284790039s, results:
{'t': 82, 'current_accuracy': 0.55078125, 'current_loss': 1.7385597825050354, 'train_loss': None, 'decision': 0, 'drift_rate': 0.003005331737028873, 'target_domains': ['svhn']}
['svhn']
['svhn']
0.0023388454933170517 ['svhn']
Loss historical diff: 0.8384625613689423; Loss Difference: 0.0, Decision: 0
Round 84 took 0.610302209854126s, results:
{'t': 83, 'current_accuracy': 0.55078125, 'current_loss': 1.7385599613189697, 'train_loss': None, 'decision': 0, 'drift_rate': 0.0023388454933170517, 'target_domains': ['svhn']}
['svhn']
['svhn']
0.001670010459667197 ['svhn']
Loss historical diff: 0.838462620973587; Loss Difference: 0.0, Decision: 0
Round 85 took 0.5866479873657227s, results:
{'t': 84, 'current_accuracy': 0.55078125, 'current_loss': 1.7385600209236145, 'train_loss': None, 'decision': 0, 'drift_rate': 0.001670010459667197, 'target_domains': ['svhn']}
['mnist']
['mnist']
0.001000000000000002 ['mnist']
Loss historical diff: 0.8384625017642975; Loss Difference: 0.0, Decision: 0
Round 86 took 0.5456125736236572s, results:
{'t': 85, 'current_accuracy': 0.55078125, 'current_loss': 1.738559901714325, 'train_loss': None, 'decision': 0, 'drift_rate': 0.001000000000000002, 'target_domains': ['mnist']}
['mnist']
['mnist']
0.001670010459667186 ['mnist']
Loss historical diff: 0.8384625017642975; Loss Difference: 0.0, Decision: 0
Round 87 took 0.5579333305358887s, results:
{'t': 86, 'current_accuracy': 0.55078125, 'current_loss': 1.738559901714325, 'train_loss': None, 'decision': 0, 'drift_rate': 0.001670010459667186, 'target_domains': ['mnist']}
['mnist']
['mnist']
0.002338845493317048 ['mnist']
Loss historical diff: 0.8384625613689423; Loss Difference: 0.0, Decision: 0
Round 88 took 0.6063969135284424s, results:
{'t': 87, 'current_accuracy': 0.55078125, 'current_loss': 1.7385599613189697, 'train_loss': None, 'decision': 0, 'drift_rate': 0.002338845493317048, 'target_domains': ['mnist']}
['mnist']
['mnist']
0.0030053317370288615 ['mnist']
Loss historical diff: 0.8384625017642975; Loss Difference: 0.0, Decision: 0
Round 89 took 0.5970003604888916s, results:
{'t': 88, 'current_accuracy': 0.55078125, 'current_loss': 1.738559901714325, 'train_loss': None, 'decision': 0, 'drift_rate': 0.0030053317370288615, 'target_domains': ['mnist']}
['mnist']
['mnist']
0.003668299947457638 ['mnist']
Loss historical diff: 0.8384627401828766; Loss Difference: 0.0, Decision: 0
Round 90 took 0.5617525577545166s, results:
{'t': 89, 'current_accuracy': 0.55078125, 'current_loss': 1.738560140132904, 'train_loss': None, 'decision': 0, 'drift_rate': 0.003668299947457638, 'target_domains': ['mnist']}
['mnist']
['mnist']
0.0043265870530841445 ['mnist']
Loss historical diff: 0.8543507158756256; Loss Difference: 0.0, Decision: 0
Round 91 took 0.5908031463623047s, results:
{'t': 90, 'current_accuracy': 0.546875, 'current_loss': 1.754448115825653, 'train_loss': None, 'decision': 0, 'drift_rate': 0.0043265870530841445, 'target_domains': ['mnist']}
['mnist']
['mnist']
0.004979038194637673 ['mnist']
Loss historical diff: 0.8507750928401947; Loss Difference: 0.0, Decision: 0
Round 92 took 0.6083741188049316s, results:
{'t': 91, 'current_accuracy': 0.546875, 'current_loss': 1.7508724927902222, 'train_loss': None, 'decision': 0, 'drift_rate': 0.004979038194637673, 'target_domains': ['mnist']}
['mnist']
['mnist']
0.005624508751111536 ['mnist']
Loss historical diff: 0.8492755591869354; Loss Difference: 0.0, Decision: 0
Round 93 took 0.5670332908630371s, results:
{'t': 92, 'current_accuracy': 0.546875, 'current_loss': 1.749372959136963, 'train_loss': None, 'decision': 0, 'drift_rate': 0.005624508751111536, 'target_domains': ['mnist']}
['mnist']
['mnist']
0.006261866347817337 ['mnist']
Loss historical diff: 0.848470538854599; Loss Difference: 0.0, Decision: 0
Round 94 took 0.595909833908081s, results:
{'t': 93, 'current_accuracy': 0.546875, 'current_loss': 1.7485679388046265, 'train_loss': None, 'decision': 0, 'drift_rate': 0.006261866347817337, 'target_domains': ['mnist']}
['mnist']
['mnist']
0.006889992842954847 ['mnist']
Loss historical diff: 0.8162274062633514; Loss Difference: 0.0, Decision: 0
Round 95 took 0.5561995506286621s, results:
{'t': 94, 'current_accuracy': 0.55078125, 'current_loss': 1.716324806213379, 'train_loss': None, 'decision': 0, 'drift_rate': 0.006889992842954847, 'target_domains': ['mnist']}
['mnist']
['mnist']
0.007507786289212804 ['mnist']
Loss historical diff: 0.8143959939479828; Loss Difference: 0.0, Decision: 0
Round 96 took 0.5726652145385742s, results:
{'t': 95, 'current_accuracy': 0.55078125, 'current_loss': 1.7144933938980103, 'train_loss': None, 'decision': 0, 'drift_rate': 0.007507786289212804, 'target_domains': ['mnist']}
['mnist']
['mnist']
0.008114162866958834 ['mnist']
Loss historical diff: 0.8339065611362457; Loss Difference: 0.0, Decision: 0
Round 97 took 0.6117541790008545s, results:
{'t': 96, 'current_accuracy': 0.54296875, 'current_loss': 1.7340039610862732, 'train_loss': None, 'decision': 0, 'drift_rate': 0.008114162866958834, 'target_domains': ['mnist']}
['mnist']
['mnist']
0.00870805878562744 ['mnist']
Loss historical diff: 0.830719918012619; Loss Difference: 0.0, Decision: 0
Round 98 took 0.6004321575164795s, results:
{'t': 97, 'current_accuracy': 0.54296875, 'current_loss': 1.7308173179626465, 'train_loss': None, 'decision': 0, 'drift_rate': 0.00870805878562744, 'target_domains': ['mnist']}
['mnist']
['mnist']
0.009288432149970074 ['mnist']
Loss historical diff: 0.908663421869278; Loss Difference: 0.0, Decision: 0
Round 99 took 0.592566967010498s, results:
{'t': 98, 'current_accuracy': 0.53515625, 'current_loss': 1.8087608218193054, 'train_loss': None, 'decision': 0, 'drift_rate': 0.009288432149970074, 'target_domains': ['mnist']}
['mnist']
['mnist']
0.009854264787893509 ['mnist']
Loss historical diff: 0.9027539789676666; Loss Difference: 0.0, Decision: 0
Round 100 took 0.5412931442260742s, results:
{'t': 99, 'current_accuracy': 0.53515625, 'current_loss': 1.802851378917694, 'train_loss': None, 'decision': 0, 'drift_rate': 0.009854264787893509, 'target_domains': ['mnist']}
['mnist']
['mnist']
0.010404564036679567 ['mnist']
Loss historical diff: 0.9037538468837738; Loss Difference: 0.0, Decision: 0
Round 101 took 0.5976595878601074s, results:
{'t': 100, 'current_accuracy': 0.5390625, 'current_loss': 1.8038512468338013, 'train_loss': None, 'decision': 0, 'drift_rate': 0.010404564036679567, 'target_domains': ['mnist']}
['mnist']
['mnist']
0.010938364484452966 ['mnist']
Loss historical diff: 0.8997956812381744; Loss Difference: 0.0, Decision: 0
Round 102 took 0.5948944091796875s, results:
{'t': 101, 'current_accuracy': 0.54296875, 'current_loss': 1.799893081188202, 'train_loss': None, 'decision': 0, 'drift_rate': 0.010938364484452966, 'target_domains': ['mnist']}
['mnist']
['mnist']
0.01145472966384168 ['mnist']
Loss historical diff: 0.8975827991962433; Loss Difference: 0.0, Decision: 0
Round 103 took 0.5281424522399902s, results:
{'t': 102, 'current_accuracy': 0.5390625, 'current_loss': 1.7976801991462708, 'train_loss': None, 'decision': 0, 'drift_rate': 0.01145472966384168, 'target_domains': ['mnist']}
['mnist']
['mnist']
0.011952753694859014 ['mnist']
Loss historical diff: 0.885092705488205; Loss Difference: 0.0, Decision: 0
Round 104 took 0.5585830211639404s, results:
{'t': 103, 'current_accuracy': 0.54296875, 'current_loss': 1.7851901054382324, 'train_loss': None, 'decision': 0, 'drift_rate': 0.011952753694859014, 'target_domains': ['mnist']}
['mnist']
['mnist']
0.012431562874124856 ['mnist']
Loss historical diff: 0.9214724004268646; Loss Difference: 0.0, Decision: 0
Round 105 took 0.6090199947357178s, results:
{'t': 104, 'current_accuracy': 0.54296875, 'current_loss': 1.821569800376892, 'train_loss': None, 'decision': 0, 'drift_rate': 0.012431562874124856, 'target_domains': ['mnist']}
['mnist']
['mnist']
0.012890317207638311 ['mnist']
Loss historical diff: 0.8937461078166962; Loss Difference: 0.0, Decision: 0
Round 106 took 0.6039402484893799s, results:
{'t': 105, 'current_accuracy': 0.55078125, 'current_loss': 1.7938435077667236, 'train_loss': None, 'decision': 0, 'drift_rate': 0.012890317207638311, 'target_domains': ['mnist']}
['mnist']
['mnist']
0.01332821188441263 ['mnist']
Loss historical diff: 0.8958786427974701; Loss Difference: 0.0, Decision: 0
Round 107 took 0.5594096183776855s, results:
{'t': 106, 'current_accuracy': 0.55078125, 'current_loss': 1.7959760427474976, 'train_loss': None, 'decision': 0, 'drift_rate': 0.01332821188441263, 'target_domains': ['mnist']}
['mnist']
['mnist']
0.013744478688387136 ['mnist']
Loss historical diff: 0.876384824514389; Loss Difference: 0.0, Decision: 0
Round 108 took 0.5470938682556152s, results:
{'t': 107, 'current_accuracy': 0.55859375, 'current_loss': 1.7764822244644165, 'train_loss': None, 'decision': 0, 'drift_rate': 0.013744478688387136, 'target_domains': ['mnist']}
['mnist']
['mnist']
0.014138387346139258 ['mnist']
Loss historical diff: 0.8990953862667084; Loss Difference: 0.0, Decision: 0
Round 109 took 0.6099681854248047s, results:
{'t': 108, 'current_accuracy': 0.5546875, 'current_loss': 1.7991927862167358, 'train_loss': None, 'decision': 0, 'drift_rate': 0.014138387346139258, 'target_domains': ['mnist']}
['mnist']
['mnist']
0.014509246808032245 ['mnist']
Loss historical diff: 0.8831386864185333; Loss Difference: 0.0, Decision: 0
Round 110 took 0.5969157218933105s, results:
{'t': 109, 'current_accuracy': 0.5625, 'current_loss': 1.7832360863685608, 'train_loss': None, 'decision': 0, 'drift_rate': 0.014509246808032245, 'target_domains': ['mnist']}
['mnist']
['mnist']
0.01485640646055102 ['mnist']
Loss historical diff: 0.8707018792629242; Loss Difference: 0.0, Decision: 0
Round 111 took 0.600499153137207s, results:
{'t': 110, 'current_accuracy': 0.5625, 'current_loss': 1.7707992792129517, 'train_loss': None, 'decision': 0, 'drift_rate': 0.01485640646055102, 'target_domains': ['mnist']}
['mnist']
['mnist']
0.015179257267699434 ['mnist']
Loss historical diff: 0.8826969563961029; Loss Difference: 0.0, Decision: 0
Round 112 took 0.6064584255218506s, results:
{'t': 111, 'current_accuracy': 0.55859375, 'current_loss': 1.7827943563461304, 'train_loss': None, 'decision': 0, 'drift_rate': 0.015179257267699434, 'target_domains': ['mnist']}
['mnist']
['mnist']
0.01547723283945631 ['mnist']
Loss historical diff: 0.9157642424106598; Loss Difference: 0.0, Decision: 0
Round 113 took 0.6304099559783936s, results:
{'t': 112, 'current_accuracy': 0.55859375, 'current_loss': 1.8158616423606873, 'train_loss': None, 'decision': 0, 'drift_rate': 0.01547723283945631, 'target_domains': ['mnist']}
['mnist']
['mnist']
0.015749810425416007 ['mnist']
Loss historical diff: 0.935835212469101; Loss Difference: 0.0, Decision: 0
Round 114 took 0.5949742794036865s, results:
{'t': 113, 'current_accuracy': 0.5625, 'current_loss': 1.8359326124191284, 'train_loss': None, 'decision': 0, 'drift_rate': 0.015749810425416007, 'target_domains': ['mnist']}
['mnist']
['mnist']
0.015996511831870265 ['mnist']
Loss historical diff: 0.9311330616474152; Loss Difference: 0.0, Decision: 0
Round 115 took 0.5734317302703857s, results:
{'t': 114, 'current_accuracy': 0.56640625, 'current_loss': 1.8312304615974426, 'train_loss': None, 'decision': 0, 'drift_rate': 0.015996511831870265, 'target_domains': ['mnist']}
['mnist']
['mnist']
0.016216904260722458 ['mnist']
Loss historical diff: 0.9543571174144745; Loss Difference: 0.0, Decision: 0
Round 116 took 0.5981476306915283s, results:
{'t': 115, 'current_accuracy': 0.5625, 'current_loss': 1.854454517364502, 'train_loss': None, 'decision': 0, 'drift_rate': 0.016216904260722458, 'target_domains': ['mnist']}
['mnist']
['mnist']
0.01641060106876253 ['mnist']
Loss historical diff: 0.9757814705371857; Loss Difference: 0.0, Decision: 0
Round 117 took 0.5521252155303955s, results:
{'t': 116, 'current_accuracy': 0.5625, 'current_loss': 1.8758788704872131, 'train_loss': None, 'decision': 0, 'drift_rate': 0.01641060106876253, 'target_domains': ['mnist']}
['mnist']
['mnist']
0.016577262445970565 ['mnist']
Loss historical diff: 0.9678904116153717; Loss Difference: 0.0, Decision: 0
Round 118 took 0.5333938598632812s, results:
{'t': 117, 'current_accuracy': 0.56640625, 'current_loss': 1.8679878115653992, 'train_loss': None, 'decision': 0, 'drift_rate': 0.016577262445970565, 'target_domains': ['mnist']}
['mnist']
['mnist']
0.01671659601165902 ['mnist']
Loss historical diff: 1.0000186264514923; Loss Difference: 0.0, Decision: 0
Round 119 took 0.5970890522003174s, results:
{'t': 118, 'current_accuracy': 0.55859375, 'current_loss': 1.9001160264015198, 'train_loss': None, 'decision': 0, 'drift_rate': 0.01671659601165902, 'target_domains': ['mnist']}
['mnist']
['mnist']
0.01682835732740781 ['mnist']
Loss historical diff: 1.005694419145584; Loss Difference: 0.0, Decision: 0
Round 120 took 0.5953741073608398s, results:
{'t': 119, 'current_accuracy': 0.5625, 'current_loss': 1.9057918190956116, 'train_loss': None, 'decision': 0, 'drift_rate': 0.01682835732740781, 'target_domains': ['mnist']}
['mnist']
['mnist']
0.016912350325892375 ['mnist']
Loss historical diff: 1.0467998683452606; Loss Difference: 0.0, Decision: 0
Round 121 took 0.6083018779754639s, results:
{'t': 120, 'current_accuracy': 0.5625, 'current_loss': 1.946897268295288, 'train_loss': None, 'decision': 0, 'drift_rate': 0.016912350325892375, 'target_domains': ['mnist']}
['mnist']
['mnist']
0.016968427654852347 ['mnist']
Loss historical diff: 1.0854765474796295; Loss Difference: 0.0, Decision: 0
Round 122 took 0.628075122833252s, results:
{'t': 121, 'current_accuracy': 0.55859375, 'current_loss': 1.985573947429657, 'train_loss': None, 'decision': 0, 'drift_rate': 0.016968427654852347, 'target_domains': ['mnist']}
['mnist']
['mnist']
0.01699649093559753 ['mnist']
Loss historical diff: 1.0438418686389923; Loss Difference: 0.0, Decision: 0
Round 123 took 0.5615270137786865s, results:
{'t': 122, 'current_accuracy': 0.56640625, 'current_loss': 1.9439392685890198, 'train_loss': None, 'decision': 0, 'drift_rate': 0.01699649093559753, 'target_domains': ['mnist']}
['mnist']
['mnist']
0.01699649093559753 ['mnist']
Loss historical diff: 1.0872454941272736; Loss Difference: 0.0, Decision: 0
Round 124 took 0.5857830047607422s, results:
{'t': 123, 'current_accuracy': 0.5546875, 'current_loss': 1.987342894077301, 'train_loss': None, 'decision': 0, 'drift_rate': 0.01699649093559753, 'target_domains': ['mnist']}
['mnist']
['mnist']
0.016968427654852347 ['mnist']
Loss historical diff: 1.1099490821361542; Loss Difference: 0.0, Decision: 0
Round 125 took 0.5551371574401855s, results:
{'t': 124, 'current_accuracy': 0.55078125, 'current_loss': 2.0100464820861816, 'train_loss': None, 'decision': 0, 'drift_rate': 0.016968427654852347, 'target_domains': ['mnist']}
['mnist']
['mnist']
0.016912350325892375 ['mnist']
Loss historical diff: 1.077624350786209; Loss Difference: 0.0, Decision: 0
Round 126 took 0.6067459583282471s, results:
{'t': 125, 'current_accuracy': 0.55859375, 'current_loss': 1.9777217507362366, 'train_loss': None, 'decision': 0, 'drift_rate': 0.016912350325892375, 'target_domains': ['mnist']}
['mnist']
['mnist']
0.016828357327407815 ['mnist']
Loss historical diff: 1.0746205151081085; Loss Difference: 0.0, Decision: 0
Round 127 took 0.5616555213928223s, results:
{'t': 126, 'current_accuracy': 0.55859375, 'current_loss': 1.974717915058136, 'train_loss': None, 'decision': 0, 'drift_rate': 0.016828357327407815, 'target_domains': ['mnist']}
['mnist']
['mnist']
0.01671659601165902 ['mnist']
Loss historical diff: 1.0701551139354706; Loss Difference: 0.0, Decision: 0
Round 128 took 0.6133689880371094s, results:
{'t': 127, 'current_accuracy': 0.55859375, 'current_loss': 1.970252513885498, 'train_loss': None, 'decision': 0, 'drift_rate': 0.01671659601165902, 'target_domains': ['mnist']}
['mnist']
['mnist']
0.016577262445970565 ['mnist']
Loss historical diff: 1.0731270015239716; Loss Difference: 0.0, Decision: 0
Round 129 took 0.5613985061645508s, results:
{'t': 128, 'current_accuracy': 0.5546875, 'current_loss': 1.973224401473999, 'train_loss': None, 'decision': 0, 'drift_rate': 0.016577262445970565, 'target_domains': ['mnist']}
['mnist']
['mnist']
0.01641060106876253 ['mnist']
Loss historical diff: 1.0478422343730927; Loss Difference: 0.0, Decision: 0
Round 130 took 0.5371670722961426s, results:
{'t': 129, 'current_accuracy': 0.5625, 'current_loss': 1.9479396343231201, 'train_loss': None, 'decision': 0, 'drift_rate': 0.01641060106876253, 'target_domains': ['mnist']}
['mnist']
['mnist']
0.016216904260722458 ['mnist']
Loss historical diff: 1.0383835136890411; Loss Difference: 0.0, Decision: 0
Round 131 took 0.5959076881408691s, results:
{'t': 130, 'current_accuracy': 0.56640625, 'current_loss': 1.9384809136390686, 'train_loss': None, 'decision': 0, 'drift_rate': 0.016216904260722458, 'target_domains': ['mnist']}
['mnist']
['mnist']
0.015996511831870265 ['mnist']
Loss historical diff: 1.0279497802257538; Loss Difference: 0.0, Decision: 0
Round 132 took 0.6076970100402832s, results:
{'t': 131, 'current_accuracy': 0.56640625, 'current_loss': 1.9280471801757812, 'train_loss': None, 'decision': 0, 'drift_rate': 0.015996511831870265, 'target_domains': ['mnist']}
['mnist']
['mnist']
0.015749810425416007 ['mnist']
Loss historical diff: 1.0436630547046661; Loss Difference: 0.0, Decision: 0
Round 133 took 0.5767960548400879s, results:
{'t': 132, 'current_accuracy': 0.5625, 'current_loss': 1.9437604546546936, 'train_loss': None, 'decision': 0, 'drift_rate': 0.015749810425416007, 'target_domains': ['mnist']}
['mnist']
['mnist']
0.015477232839456314 ['mnist']
Loss historical diff: 1.0271708071231842; Loss Difference: 0.0, Decision: 0
Round 134 took 0.5229737758636475s, results:
{'t': 133, 'current_accuracy': 0.5625, 'current_loss': 1.9272682070732117, 'train_loss': None, 'decision': 0, 'drift_rate': 0.015477232839456314, 'target_domains': ['mnist']}
['mnist']
['mnist']
0.015179257267699437 ['mnist']
Loss historical diff: 1.0125060379505157; Loss Difference: 0.0, Decision: 0
Round 135 took 0.6168930530548096s, results:
{'t': 134, 'current_accuracy': 0.56640625, 'current_loss': 1.9126034379005432, 'train_loss': None, 'decision': 0, 'drift_rate': 0.015179257267699437, 'target_domains': ['mnist']}
['mnist']
['mnist']
0.014856406460551023 ['mnist']
Loss historical diff: 1.001558929681778; Loss Difference: 0.0, Decision: 0
Round 136 took 0.6037826538085938s, results:
{'t': 135, 'current_accuracy': 0.57421875, 'current_loss': 1.9016563296318054, 'train_loss': None, 'decision': 0, 'drift_rate': 0.014856406460551023, 'target_domains': ['mnist']}
['mnist']
['mnist']
0.014509246808032238 ['mnist']
Loss historical diff: 0.9767989218235016; Loss Difference: 0.0, Decision: 0
Round 137 took 0.6219189167022705s, results:
{'t': 136, 'current_accuracy': 0.57421875, 'current_loss': 1.876896321773529, 'train_loss': None, 'decision': 0, 'drift_rate': 0.014509246808032238, 'target_domains': ['mnist']}
['mnist']
['mnist']
0.014138387346139262 ['mnist']
Loss historical diff: 1.0006593763828278; Loss Difference: 0.0, Decision: 0
Round 138 took 0.5752604007720947s, results:
{'t': 137, 'current_accuracy': 0.578125, 'current_loss': 1.9007567763328552, 'train_loss': None, 'decision': 0, 'drift_rate': 0.014138387346139262, 'target_domains': ['mnist']}
['mnist']
['mnist']
0.013744478688387147 ['mnist']
Loss historical diff: 1.0267890989780426; Loss Difference: 0.0, Decision: 0
Round 139 took 0.5534012317657471s, results:
{'t': 138, 'current_accuracy': 0.57421875, 'current_loss': 1.92688649892807, 'train_loss': None, 'decision': 0, 'drift_rate': 0.013744478688387147, 'target_domains': ['mnist']}
['mnist']
['mnist']
0.013328211884412633 ['mnist']
Loss historical diff: 1.0225991308689117; Loss Difference: 0.0, Decision: 0
Round 140 took 0.5234544277191162s, results:
{'t': 139, 'current_accuracy': 0.57421875, 'current_loss': 1.9226965308189392, 'train_loss': None, 'decision': 0, 'drift_rate': 0.013328211884412633, 'target_domains': ['mnist']}
['mnist']
['mnist']
0.012890317207638315 ['mnist']
Loss historical diff: 1.032932072877884; Loss Difference: 0.0, Decision: 0
Round 141 took 0.603532075881958s, results:
{'t': 140, 'current_accuracy': 0.57421875, 'current_loss': 1.9330294728279114, 'train_loss': None, 'decision': 0, 'drift_rate': 0.012890317207638315, 'target_domains': ['mnist']}
['mnist']
['mnist']
0.012431562874124849 ['mnist']
Loss historical diff: 1.0214661657810211; Loss Difference: 0.0, Decision: 0
Round 142 took 0.5676589012145996s, results:
{'t': 141, 'current_accuracy': 0.578125, 'current_loss': 1.9215635657310486, 'train_loss': None, 'decision': 0, 'drift_rate': 0.012431562874124849, 'target_domains': ['mnist']}
['mnist']
['mnist']
0.011952753694859024 ['mnist']
Loss historical diff: 1.0124662816524506; Loss Difference: 0.0, Decision: 0
Round 143 took 0.5380969047546387s, results:
{'t': 142, 'current_accuracy': 0.5859375, 'current_loss': 1.912563681602478, 'train_loss': None, 'decision': 0, 'drift_rate': 0.011952753694859024, 'target_domains': ['mnist']}
['mnist']
['mnist']
0.01145472966384169 ['mnist']
Loss historical diff: 1.0047743618488312; Loss Difference: 0.0, Decision: 0
Round 144 took 0.596428394317627s, results:
{'t': 143, 'current_accuracy': 0.5859375, 'current_loss': 1.9048717617988586, 'train_loss': None, 'decision': 0, 'drift_rate': 0.01145472966384169, 'target_domains': ['mnist']}
['mnist']
['mnist']
0.01093836448445297 ['mnist']
Loss historical diff: 0.9982396066188812; Loss Difference: 0.0, Decision: 0
Round 145 took 0.5889413356781006s, results:
{'t': 144, 'current_accuracy': 0.58984375, 'current_loss': 1.8983370065689087, 'train_loss': None, 'decision': 0, 'drift_rate': 0.01093836448445297, 'target_domains': ['mnist']}
['mnist']
['mnist']
0.010404564036679574 ['mnist']
Loss historical diff: 1.0400437414646149; Loss Difference: 0.0, Decision: 0
Round 146 took 0.595369815826416s, results:
{'t': 145, 'current_accuracy': 0.58984375, 'current_loss': 1.9401411414146423, 'train_loss': None, 'decision': 0, 'drift_rate': 0.010404564036679574, 'target_domains': ['mnist']}
['mnist']
['mnist']
0.009854264787893509 ['mnist']
Loss historical diff: 1.049554854631424; Loss Difference: 0.0, Decision: 0
Round 147 took 0.6177434921264648s, results:
{'t': 146, 'current_accuracy': 0.5859375, 'current_loss': 1.9496522545814514, 'train_loss': None, 'decision': 0, 'drift_rate': 0.009854264787893509, 'target_domains': ['mnist']}
['mnist']
['mnist']
0.009288432149970084 ['mnist']
Loss historical diff: 1.036569982767105; Loss Difference: 0.0, Decision: 0
Round 148 took 0.5708580017089844s, results:
{'t': 147, 'current_accuracy': 0.5859375, 'current_loss': 1.9366673827171326, 'train_loss': None, 'decision': 0, 'drift_rate': 0.009288432149970084, 'target_domains': ['mnist']}
['mnist']
['mnist']
0.008708058785627446 ['mnist']
Loss historical diff: 1.0080118477344513; Loss Difference: 0.0, Decision: 0
Round 149 took 0.5927395820617676s, results:
{'t': 148, 'current_accuracy': 0.59375, 'current_loss': 1.9081092476844788, 'train_loss': None, 'decision': 0, 'drift_rate': 0.008708058785627446, 'target_domains': ['mnist']}
['mnist']
['mnist']
0.00811416286695884 ['mnist']
Loss historical diff: 1.018237441778183; Loss Difference: 0.0, Decision: 0
Round 150 took 0.5969326496124268s, results:
{'t': 149, 'current_accuracy': 0.59375, 'current_loss': 1.9183348417282104, 'train_loss': None, 'decision': 0, 'drift_rate': 0.00811416286695884, 'target_domains': ['mnist']}
['mnist']
['mnist']
0.007507786289212815 ['mnist']
Loss historical diff: 1.0273570716381073; Loss Difference: 0.0, Decision: 0
Round 151 took 0.5337221622467041s, results:
{'t': 150, 'current_accuracy': 0.59375, 'current_loss': 1.9274544715881348, 'train_loss': None, 'decision': 0, 'drift_rate': 0.007507786289212815, 'target_domains': ['mnist']}
['mnist']
['mnist']
0.006889992842954859 ['mnist']
Loss historical diff: 1.0341460406780243; Loss Difference: 0.0, Decision: 0
Round 152 took 0.5519447326660156s, results:
{'t': 151, 'current_accuracy': 0.58984375, 'current_loss': 1.9342434406280518, 'train_loss': None, 'decision': 0, 'drift_rate': 0.006889992842954859, 'target_domains': ['mnist']}
['mnist']
['mnist']
0.006261866347817329 ['mnist']
Loss historical diff: 1.0134598910808563; Loss Difference: 0.0, Decision: 0
Round 153 took 0.5594758987426758s, results:
{'t': 152, 'current_accuracy': 0.59375, 'current_loss': 1.9135572910308838, 'train_loss': None, 'decision': 0, 'drift_rate': 0.006261866347817329, 'target_domains': ['mnist']}
['mnist']
['mnist']
0.005624508751111541 ['mnist']
Loss historical diff: 0.9978059232234955; Loss Difference: 0.0, Decision: 0
Round 154 took 0.5881087779998779s, results:
{'t': 153, 'current_accuracy': 0.59765625, 'current_loss': 1.897903323173523, 'train_loss': None, 'decision': 0, 'drift_rate': 0.005624508751111541, 'target_domains': ['mnist']}
['mnist']
['mnist']
0.004979038194637686 ['mnist']
Loss historical diff: 0.9964208900928497; Loss Difference: 0.0, Decision: 0
Round 155 took 0.57568359375s, results:
{'t': 154, 'current_accuracy': 0.59765625, 'current_loss': 1.8965182900428772, 'train_loss': None, 'decision': 0, 'drift_rate': 0.004979038194637686, 'target_domains': ['mnist']}
['mnist']
['mnist']
0.004326587053084158 ['mnist']
Loss historical diff: 0.9608963429927826; Loss Difference: 0.0, Decision: 0
Round 156 took 0.6110432147979736s, results:
{'t': 155, 'current_accuracy': 0.6015625, 'current_loss': 1.86099374294281, 'train_loss': None, 'decision': 0, 'drift_rate': 0.004326587053084158, 'target_domains': ['mnist']}
['mnist']
['mnist']
0.003668299947457644 ['mnist']
Loss historical diff: 0.9608965218067169; Loss Difference: 0.0, Decision: 0
Round 157 took 0.581045389175415s, results:
{'t': 156, 'current_accuracy': 0.6015625, 'current_loss': 1.8609939217567444, 'train_loss': None, 'decision': 0, 'drift_rate': 0.003668299947457644, 'target_domains': ['mnist']}
['mnist']
['mnist']
0.0030053317370288607 ['mnist']
Loss historical diff: 0.9608964622020721; Loss Difference: 0.0, Decision: 0
Round 158 took 0.582622766494751s, results:
{'t': 157, 'current_accuracy': 0.6015625, 'current_loss': 1.8609938621520996, 'train_loss': None, 'decision': 0, 'drift_rate': 0.0030053317370288607, 'target_domains': ['mnist']}
['mnist']
['mnist']
0.002338845493317054 ['mnist']
Loss historical diff: 0.9608964025974274; Loss Difference: 0.0, Decision: 0
Round 159 took 0.5479180812835693s, results:
{'t': 158, 'current_accuracy': 0.6015625, 'current_loss': 1.8609938025474548, 'train_loss': None, 'decision': 0, 'drift_rate': 0.002338845493317054, 'target_domains': ['mnist']}
['mnist']
['mnist']
0.0016700104596671988 ['mnist']
Loss historical diff: 0.9608966410160065; Loss Difference: 0.0, Decision: 0
Round 160 took 0.593421220779419s, results:
{'t': 159, 'current_accuracy': 0.6015625, 'current_loss': 1.860994040966034, 'train_loss': None, 'decision': 0, 'drift_rate': 0.0016700104596671988, 'target_domains': ['mnist']}
['mnist']
['mnist']
0.001000000000000004 ['mnist']
Loss historical diff: 0.9608966410160065; Loss Difference: 0.0, Decision: 0
Round 161 took 0.5364961624145508s, results:
{'t': 160, 'current_accuracy': 0.6015625, 'current_loss': 1.860994040966034, 'train_loss': None, 'decision': 0, 'drift_rate': 0.001000000000000004, 'target_domains': ['mnist']}
['svhn']
['svhn']
0.001670010459667191 ['svhn']
Loss historical diff: 0.9608964025974274; Loss Difference: 0.0, Decision: 0
Round 162 took 0.5983109474182129s, results:
{'t': 161, 'current_accuracy': 0.6015625, 'current_loss': 1.8609938025474548, 'train_loss': None, 'decision': 0, 'drift_rate': 0.001670010459667191, 'target_domains': ['svhn']}
['svhn']
['svhn']
0.0023388454933170317 ['svhn']
Loss historical diff: 0.9608961641788483; Loss Difference: 0.0, Decision: 0
Round 163 took 0.5953631401062012s, results:
{'t': 162, 'current_accuracy': 0.6015625, 'current_loss': 1.8609935641288757, 'train_loss': None, 'decision': 0, 'drift_rate': 0.0023388454933170317, 'target_domains': ['svhn']}
['svhn']
['svhn']
0.0030053317370288667 ['svhn']
Loss historical diff: 0.9608964622020721; Loss Difference: 0.0, Decision: 0
Round 164 took 0.6122658252716064s, results:
{'t': 163, 'current_accuracy': 0.6015625, 'current_loss': 1.8609938621520996, 'train_loss': None, 'decision': 0, 'drift_rate': 0.0030053317370288667, 'target_domains': ['svhn']}
['svhn']
['svhn']
0.003668299947457636 ['svhn']
Loss historical diff: 0.9608965218067169; Loss Difference: 0.0, Decision: 0
Round 165 took 0.585808277130127s, results:
{'t': 164, 'current_accuracy': 0.6015625, 'current_loss': 1.8609939217567444, 'train_loss': None, 'decision': 0, 'drift_rate': 0.003668299947457636, 'target_domains': ['svhn']}
['svhn']
['svhn']
0.00432658705308415 ['svhn']
Loss historical diff: 0.9646197259426117; Loss Difference: 0.0, Decision: 0
Round 166 took 0.55830979347229s, results:
{'t': 165, 'current_accuracy': 0.6015625, 'current_loss': 1.8647171258926392, 'train_loss': None, 'decision': 0, 'drift_rate': 0.00432658705308415, 'target_domains': ['svhn']}
['svhn']
['svhn']
0.004979038194637664 ['svhn']
Loss historical diff: 0.9706558287143707; Loss Difference: 0.0, Decision: 0
Round 167 took 0.5952861309051514s, results:
{'t': 166, 'current_accuracy': 0.59765625, 'current_loss': 1.8707532286643982, 'train_loss': None, 'decision': 0, 'drift_rate': 0.004979038194637664, 'target_domains': ['svhn']}
['svhn']
['svhn']
0.005624508751111534 ['svhn']
Loss historical diff: 0.9742284715175629; Loss Difference: 0.0, Decision: 0
Round 168 took 0.601254940032959s, results:
{'t': 167, 'current_accuracy': 0.59765625, 'current_loss': 1.8743258714675903, 'train_loss': None, 'decision': 0, 'drift_rate': 0.005624508751111534, 'target_domains': ['svhn']}
['svhn']
['svhn']
0.006261866347817335 ['svhn']
Loss historical diff: 0.9665506780147552; Loss Difference: 0.0, Decision: 0
Round 169 took 0.5435357093811035s, results:
{'t': 168, 'current_accuracy': 0.6015625, 'current_loss': 1.8666480779647827, 'train_loss': None, 'decision': 0, 'drift_rate': 0.006261866347817335, 'target_domains': ['svhn']}
['svhn']
['svhn']
0.006889992842954851 ['svhn']
Loss historical diff: 0.9990417063236237; Loss Difference: 0.0, Decision: 0
Round 170 took 0.6427628993988037s, results:
{'t': 169, 'current_accuracy': 0.59765625, 'current_loss': 1.8991391062736511, 'train_loss': None, 'decision': 0, 'drift_rate': 0.006889992842954851, 'target_domains': ['svhn']}
['svhn']
['svhn']
0.007507786289212796 ['svhn']
Loss historical diff: 1.0012052953243256; Loss Difference: 0.0, Decision: 0
Round 171 took 0.5800654888153076s, results:
{'t': 170, 'current_accuracy': 0.59765625, 'current_loss': 1.901302695274353, 'train_loss': None, 'decision': 0, 'drift_rate': 0.007507786289212796, 'target_domains': ['svhn']}
['svhn']
['svhn']
0.008114162866958832 ['svhn']
Loss historical diff: 1.0025828182697296; Loss Difference: 0.0, Decision: 0
Round 172 took 0.6044325828552246s, results:
{'t': 171, 'current_accuracy': 0.59375, 'current_loss': 1.902680218219757, 'train_loss': None, 'decision': 0, 'drift_rate': 0.008114162866958832, 'target_domains': ['svhn']}
['svhn']
['svhn']
0.00870805878562744 ['svhn']
Loss historical diff: 0.9831354320049286; Loss Difference: 0.0, Decision: 0
Round 173 took 0.6234157085418701s, results:
{'t': 172, 'current_accuracy': 0.59765625, 'current_loss': 1.883232831954956, 'train_loss': None, 'decision': 0, 'drift_rate': 0.00870805878562744, 'target_domains': ['svhn']}
['svhn']
['svhn']
0.009288432149970077 ['svhn']
Loss historical diff: 0.972886711359024; Loss Difference: 0.0, Decision: 0
Round 174 took 0.5546855926513672s, results:
{'t': 173, 'current_accuracy': 0.59765625, 'current_loss': 1.8729841113090515, 'train_loss': None, 'decision': 0, 'drift_rate': 0.009288432149970077, 'target_domains': ['svhn']}
['svhn']
['svhn']
0.009854264787893492 ['svhn']
Loss historical diff: 0.9470597207546234; Loss Difference: 0.0, Decision: 0
Round 175 took 0.6258714199066162s, results:
{'t': 174, 'current_accuracy': 0.59765625, 'current_loss': 1.8471571207046509, 'train_loss': None, 'decision': 0, 'drift_rate': 0.009854264787893492, 'target_domains': ['svhn']}
['svhn']
['svhn']
0.010404564036679553 ['svhn']
Loss historical diff: 0.9082932770252228; Loss Difference: 0.0, Decision: 0
Round 176 took 0.5750565528869629s, results:
{'t': 175, 'current_accuracy': 0.60546875, 'current_loss': 1.8083906769752502, 'train_loss': None, 'decision': 0, 'drift_rate': 0.010404564036679553, 'target_domains': ['svhn']}
['svhn']
['svhn']
0.010938364484452973 ['svhn']
Loss historical diff: 0.8818852007389069; Loss Difference: 0.0, Decision: 0
Round 177 took 0.5694634914398193s, results:
{'t': 176, 'current_accuracy': 0.6015625, 'current_loss': 1.7819826006889343, 'train_loss': None, 'decision': 0, 'drift_rate': 0.010938364484452973, 'target_domains': ['svhn']}
['svhn']
['svhn']
0.011454729663841687 ['svhn']
Loss historical diff: 0.8740163743495941; Loss Difference: 0.0, Decision: 0
Round 178 took 0.5611937046051025s, results:
{'t': 177, 'current_accuracy': 0.6015625, 'current_loss': 1.7741137742996216, 'train_loss': None, 'decision': 0, 'drift_rate': 0.011454729663841687, 'target_domains': ['svhn']}
['svhn']
['svhn']
0.011952753694859018 ['svhn']
Loss historical diff: 0.8732231557369232; Loss Difference: 0.0, Decision: 0
Round 179 took 0.5834836959838867s, results:
{'t': 178, 'current_accuracy': 0.6015625, 'current_loss': 1.7733205556869507, 'train_loss': None, 'decision': 0, 'drift_rate': 0.011952753694859018, 'target_domains': ['svhn']}
['svhn']
['svhn']
0.012431562874124853 ['svhn']
Loss historical diff: 0.8510911762714386; Loss Difference: 0.0, Decision: 0
Round 180 took 0.6030528545379639s, results:
{'t': 179, 'current_accuracy': 0.6015625, 'current_loss': 1.751188576221466, 'train_loss': None, 'decision': 0, 'drift_rate': 0.012431562874124853, 'target_domains': ['svhn']}
['svhn']
['svhn']
0.012890317207638308 ['svhn']
Loss historical diff: 0.8610510528087616; Loss Difference: 0.0, Decision: 0
Round 181 took 0.5883569717407227s, results:
{'t': 180, 'current_accuracy': 0.59765625, 'current_loss': 1.761148452758789, 'train_loss': None, 'decision': 0, 'drift_rate': 0.012890317207638308, 'target_domains': ['svhn']}
['svhn']
['svhn']
0.01332821188441263 ['svhn']
Loss historical diff: 0.8459824025630951; Loss Difference: 0.0, Decision: 0
Round 182 took 0.6258714199066162s, results:
{'t': 181, 'current_accuracy': 0.59765625, 'current_loss': 1.7460798025131226, 'train_loss': None, 'decision': 0, 'drift_rate': 0.01332821188441263, 'target_domains': ['svhn']}
['svhn']
['svhn']
0.013744478688387133 ['svhn']
Loss historical diff: 0.9007317125797272; Loss Difference: 0.0, Decision: 0
Round 183 took 0.6170060634613037s, results:
{'t': 182, 'current_accuracy': 0.58984375, 'current_loss': 1.8008291125297546, 'train_loss': None, 'decision': 0, 'drift_rate': 0.013744478688387133, 'target_domains': ['svhn']}
['svhn']
['svhn']
0.014138387346139258 ['svhn']
Loss historical diff: 0.910568505525589; Loss Difference: 0.0, Decision: 0
Round 184 took 0.5779311656951904s, results:
{'t': 183, 'current_accuracy': 0.58203125, 'current_loss': 1.8106659054756165, 'train_loss': None, 'decision': 0, 'drift_rate': 0.014138387346139258, 'target_domains': ['svhn']}
['svhn']
['svhn']
0.014509246808032235 ['svhn']
Loss historical diff: 0.8924570381641388; Loss Difference: 0.0, Decision: 0
Round 185 took 0.5868074893951416s, results:
{'t': 184, 'current_accuracy': 0.5859375, 'current_loss': 1.7925544381141663, 'train_loss': None, 'decision': 0, 'drift_rate': 0.014509246808032235, 'target_domains': ['svhn']}
['svhn']
['svhn']
0.014856406460551013 ['svhn']
Loss historical diff: 0.9061578810214996; Loss Difference: 0.0, Decision: 0
Round 186 took 0.5404784679412842s, results:
{'t': 185, 'current_accuracy': 0.58203125, 'current_loss': 1.806255280971527, 'train_loss': None, 'decision': 0, 'drift_rate': 0.014856406460551013, 'target_domains': ['svhn']}
['svhn']
['svhn']
0.015179257267699427 ['svhn']
Loss historical diff: 0.9061039388179779; Loss Difference: 0.0, Decision: 0
Round 187 took 0.6310334205627441s, results:
{'t': 186, 'current_accuracy': 0.578125, 'current_loss': 1.8062013387680054, 'train_loss': None, 'decision': 0, 'drift_rate': 0.015179257267699427, 'target_domains': ['svhn']}
['svhn']
['svhn']
0.015477232839456314 ['svhn']
Loss historical diff: 0.9263411462306976; Loss Difference: 0.0, Decision: 0
Round 188 took 0.6036942005157471s, results:
{'t': 187, 'current_accuracy': 0.5703125, 'current_loss': 1.826438546180725, 'train_loss': None, 'decision': 0, 'drift_rate': 0.015477232839456314, 'target_domains': ['svhn']}
['svhn']
['svhn']
0.01574981042541601 ['svhn']
Loss historical diff: 0.9464462101459503; Loss Difference: 0.0, Decision: 0
Round 189 took 0.6039836406707764s, results:
{'t': 188, 'current_accuracy': 0.56640625, 'current_loss': 1.8465436100959778, 'train_loss': None, 'decision': 0, 'drift_rate': 0.01574981042541601, 'target_domains': ['svhn']}
['svhn']
['svhn']
0.01599651183187026 ['svhn']
Loss historical diff: 0.929725855588913; Loss Difference: 0.0, Decision: 0
Round 190 took 0.6171228885650635s, results:
{'t': 189, 'current_accuracy': 0.56640625, 'current_loss': 1.8298232555389404, 'train_loss': None, 'decision': 0, 'drift_rate': 0.01599651183187026, 'target_domains': ['svhn']}
['svhn']
['svhn']
0.016216904260722458 ['svhn']
Loss historical diff: 0.9335542023181915; Loss Difference: 0.0, Decision: 0
Round 191 took 0.5719211101531982s, results:
{'t': 190, 'current_accuracy': 0.56640625, 'current_loss': 1.833651602268219, 'train_loss': None, 'decision': 0, 'drift_rate': 0.016216904260722458, 'target_domains': ['svhn']}
['svhn']
['svhn']
0.01641060106876253 ['svhn']
Loss historical diff: 0.9668639600276947; Loss Difference: 0.0, Decision: 0
Round 192 took 0.6079847812652588s, results:
{'t': 191, 'current_accuracy': 0.55859375, 'current_loss': 1.8669613599777222, 'train_loss': None, 'decision': 0, 'drift_rate': 0.01641060106876253, 'target_domains': ['svhn']}
['svhn']
['svhn']
0.016577262445970565 ['svhn']
Loss historical diff: 0.9310615360736847; Loss Difference: 0.0, Decision: 0
Round 193 took 0.5952367782592773s, results:
{'t': 192, 'current_accuracy': 0.55859375, 'current_loss': 1.8311589360237122, 'train_loss': None, 'decision': 0, 'drift_rate': 0.016577262445970565, 'target_domains': ['svhn']}
['svhn']
['svhn']
0.016716596011659018 ['svhn']
Loss historical diff: 0.9026485979557037; Loss Difference: 0.0, Decision: 0
Round 194 took 0.5747513771057129s, results:
{'t': 193, 'current_accuracy': 0.56640625, 'current_loss': 1.8027459979057312, 'train_loss': None, 'decision': 0, 'drift_rate': 0.016716596011659018, 'target_domains': ['svhn']}
['svhn']
['svhn']
0.01682835732740781 ['svhn']
Loss historical diff: 0.9030728042125702; Loss Difference: 0.0, Decision: 0
Round 195 took 0.6063604354858398s, results:
{'t': 194, 'current_accuracy': 0.56640625, 'current_loss': 1.8031702041625977, 'train_loss': None, 'decision': 0, 'drift_rate': 0.01682835732740781, 'target_domains': ['svhn']}
['svhn']
['svhn']
0.016912350325892375 ['svhn']
Loss historical diff: 0.9180783331394196; Loss Difference: 0.0, Decision: 0
Round 196 took 0.6417334079742432s, results:
{'t': 195, 'current_accuracy': 0.56640625, 'current_loss': 1.818175733089447, 'train_loss': None, 'decision': 0, 'drift_rate': 0.016912350325892375, 'target_domains': ['svhn']}
['svhn']
['svhn']
0.016968427654852347 ['svhn']
Loss historical diff: 0.913721114397049; Loss Difference: 0.0, Decision: 0
Round 197 took 0.59712815284729s, results:
{'t': 196, 'current_accuracy': 0.56640625, 'current_loss': 1.8138185143470764, 'train_loss': None, 'decision': 0, 'drift_rate': 0.016968427654852347, 'target_domains': ['svhn']}
['svhn']
['svhn']
0.01699649093559753 ['svhn']
Loss historical diff: 0.9130989015102386; Loss Difference: 0.0, Decision: 0
Round 198 took 0.6133146286010742s, results:
{'t': 197, 'current_accuracy': 0.5625, 'current_loss': 1.8131963014602661, 'train_loss': None, 'decision': 0, 'drift_rate': 0.01699649093559753, 'target_domains': ['svhn']}
['svhn']
['svhn']
0.01699649093559753 ['svhn']
Loss historical diff: 0.941472738981247; Loss Difference: 0.0, Decision: 0
Round 199 took 0.5838396549224854s, results:
{'t': 198, 'current_accuracy': 0.55859375, 'current_loss': 1.8415701389312744, 'train_loss': None, 'decision': 0, 'drift_rate': 0.01699649093559753, 'target_domains': ['svhn']}
['svhn']
['svhn']
0.016968427654852347 ['svhn']
Loss historical diff: 0.9190668761730194; Loss Difference: 0.0, Decision: 0
Round 200 took 0.6192867755889893s, results:
{'t': 199, 'current_accuracy': 0.55078125, 'current_loss': 1.8191642761230469, 'train_loss': None, 'decision': 0, 'drift_rate': 0.016968427654852347, 'target_domains': ['svhn']}
['svhn']
['svhn']
0.016912350325892375 ['svhn']
Loss historical diff: 0.9153506457805634; Loss Difference: 0.0, Decision: 0
Round 201 took 0.6261558532714844s, results:
{'t': 200, 'current_accuracy': 0.5546875, 'current_loss': 1.8154480457305908, 'train_loss': None, 'decision': 0, 'drift_rate': 0.016912350325892375, 'target_domains': ['svhn']}
['svhn']
['svhn']
0.016828357327407815 ['svhn']
Loss historical diff: 0.9016986787319183; Loss Difference: 0.0, Decision: 0
Round 202 took 0.5987775325775146s, results:
{'t': 201, 'current_accuracy': 0.55078125, 'current_loss': 1.8017960786819458, 'train_loss': None, 'decision': 0, 'drift_rate': 0.016828357327407815, 'target_domains': ['svhn']}
['svhn']
['svhn']
0.016716596011659018 ['svhn']
Loss historical diff: 0.8958466351032257; Loss Difference: 0.0, Decision: 0
Round 203 took 0.5603246688842773s, results:
{'t': 202, 'current_accuracy': 0.54296875, 'current_loss': 1.7959440350532532, 'train_loss': None, 'decision': 0, 'drift_rate': 0.016716596011659018, 'target_domains': ['svhn']}
['svhn']
['svhn']
0.01657726244597057 ['svhn']
Loss historical diff: 0.8667784631252289; Loss Difference: 0.0, Decision: 0
Round 204 took 0.5405623912811279s, results:
{'t': 203, 'current_accuracy': 0.55078125, 'current_loss': 1.7668758630752563, 'train_loss': None, 'decision': 0, 'drift_rate': 0.01657726244597057, 'target_domains': ['svhn']}
['svhn']
['svhn']
0.016410601068762538 ['svhn']
Loss historical diff: 0.8726900517940521; Loss Difference: 0.0, Decision: 0
Round 205 took 0.6168212890625s, results:
{'t': 204, 'current_accuracy': 0.546875, 'current_loss': 1.7727874517440796, 'train_loss': None, 'decision': 0, 'drift_rate': 0.016410601068762538, 'target_domains': ['svhn']}
['svhn']
['svhn']
0.016216904260722458 ['svhn']
Loss historical diff: 0.8581171929836273; Loss Difference: 0.0, Decision: 0
Round 206 took 0.5612525939941406s, results:
{'t': 205, 'current_accuracy': 0.546875, 'current_loss': 1.7582145929336548, 'train_loss': None, 'decision': 0, 'drift_rate': 0.016216904260722458, 'target_domains': ['svhn']}
['svhn']
['svhn']
0.015996511831870272 ['svhn']
Loss historical diff: 0.8435669243335724; Loss Difference: 0.0, Decision: 0
Round 207 took 0.5581893920898438s, results:
{'t': 206, 'current_accuracy': 0.546875, 'current_loss': 1.7436643242835999, 'train_loss': None, 'decision': 0, 'drift_rate': 0.015996511831870272, 'target_domains': ['svhn']}
['svhn']
['svhn']
0.01574981042541601 ['svhn']
Loss historical diff: 0.870689183473587; Loss Difference: 0.0, Decision: 0
Round 208 took 0.5470068454742432s, results:
{'t': 207, 'current_accuracy': 0.54296875, 'current_loss': 1.7707865834236145, 'train_loss': None, 'decision': 0, 'drift_rate': 0.01574981042541601, 'target_domains': ['svhn']}
['svhn']
['svhn']
0.015477232839456307 ['svhn']
Loss historical diff: 0.8606267869472504; Loss Difference: 0.0, Decision: 0
Round 209 took 0.6781654357910156s, results:
{'t': 208, 'current_accuracy': 0.546875, 'current_loss': 1.7607241868972778, 'train_loss': None, 'decision': 0, 'drift_rate': 0.015477232839456307, 'target_domains': ['svhn']}
['svhn']
['svhn']
0.015179257267699437 ['svhn']
Loss historical diff: 0.8812726438045502; Loss Difference: 0.0, Decision: 0
Round 210 took 0.5812716484069824s, results:
{'t': 209, 'current_accuracy': 0.5390625, 'current_loss': 1.7813700437545776, 'train_loss': None, 'decision': 0, 'drift_rate': 0.015179257267699437, 'target_domains': ['svhn']}
['svhn']
['svhn']
0.014856406460551013 ['svhn']
Loss historical diff: 0.863942950963974; Loss Difference: 0.0, Decision: 0
Round 211 took 0.6157810688018799s, results:
{'t': 210, 'current_accuracy': 0.5390625, 'current_loss': 1.7640403509140015, 'train_loss': None, 'decision': 0, 'drift_rate': 0.014856406460551013, 'target_domains': ['svhn']}
['svhn']
['svhn']
0.014509246808032242 ['svhn']
Loss historical diff: 0.8808545768260956; Loss Difference: 0.0, Decision: 0
Round 212 took 0.6303756237030029s, results:
{'t': 211, 'current_accuracy': 0.5390625, 'current_loss': 1.780951976776123, 'train_loss': None, 'decision': 0, 'drift_rate': 0.014509246808032242, 'target_domains': ['svhn']}
['svhn']
['svhn']
0.014138387346139272 ['svhn']
Loss historical diff: 0.8441797196865082; Loss Difference: 0.0, Decision: 0
Round 213 took 0.6036484241485596s, results:
{'t': 212, 'current_accuracy': 0.546875, 'current_loss': 1.7442771196365356, 'train_loss': None, 'decision': 0, 'drift_rate': 0.014138387346139272, 'target_domains': ['svhn']}
['svhn']
['svhn']
0.01374447868838714 ['svhn']
Loss historical diff: 0.8501862585544586; Loss Difference: 0.0, Decision: 0
Round 214 took 0.5915966033935547s, results:
{'t': 213, 'current_accuracy': 0.54296875, 'current_loss': 1.750283658504486, 'train_loss': None, 'decision': 0, 'drift_rate': 0.01374447868838714, 'target_domains': ['svhn']}
['svhn']
['svhn']
0.013328211884412636 ['svhn']
Loss historical diff: 0.877953439950943; Loss Difference: 0.0, Decision: 0
Round 215 took 0.5588302612304688s, results:
{'t': 214, 'current_accuracy': 0.53515625, 'current_loss': 1.7780508399009705, 'train_loss': None, 'decision': 0, 'drift_rate': 0.013328211884412636, 'target_domains': ['svhn']}
['svhn']
['svhn']
0.012890317207638325 ['svhn']
Loss historical diff: 0.8816035091876984; Loss Difference: 0.0, Decision: 0
Round 216 took 0.5491974353790283s, results:
{'t': 215, 'current_accuracy': 0.53515625, 'current_loss': 1.7817009091377258, 'train_loss': None, 'decision': 0, 'drift_rate': 0.012890317207638325, 'target_domains': ['svhn']}
['svhn']
['svhn']
0.01243156287412486 ['svhn']
Loss historical diff: 0.8897482454776764; Loss Difference: 0.0, Decision: 0
Round 217 took 0.6186833381652832s, results:
{'t': 216, 'current_accuracy': 0.53515625, 'current_loss': 1.7898456454277039, 'train_loss': None, 'decision': 0, 'drift_rate': 0.01243156287412486, 'target_domains': ['svhn']}
['svhn']
['svhn']
0.011952753694859035 ['svhn']
Loss historical diff: 0.9122959077358246; Loss Difference: 0.0, Decision: 0
Round 218 took 0.5609574317932129s, results:
{'t': 217, 'current_accuracy': 0.52734375, 'current_loss': 1.812393307685852, 'train_loss': None, 'decision': 0, 'drift_rate': 0.011952753694859035, 'target_domains': ['svhn']}
['svhn']
['svhn']
0.011454729663841694 ['svhn']
Loss historical diff: 0.9050431549549103; Loss Difference: 0.0, Decision: 0
Round 219 took 0.5508003234863281s, results:
{'t': 218, 'current_accuracy': 0.52734375, 'current_loss': 1.8051405549049377, 'train_loss': None, 'decision': 0, 'drift_rate': 0.011454729663841694, 'target_domains': ['svhn']}
['svhn']
['svhn']
0.01093836448445296 ['svhn']
Loss historical diff: 0.9092470109462738; Loss Difference: 0.0, Decision: 0
Round 220 took 0.5726730823516846s, results:
{'t': 219, 'current_accuracy': 0.53125, 'current_loss': 1.8093444108963013, 'train_loss': None, 'decision': 0, 'drift_rate': 0.01093836448445296, 'target_domains': ['svhn']}
['svhn']
['svhn']
0.010404564036679574 ['svhn']
Loss historical diff: 0.9319007098674774; Loss Difference: 0.0, Decision: 0
Round 221 took 0.6032345294952393s, results:
{'t': 220, 'current_accuracy': 0.52734375, 'current_loss': 1.8319981098175049, 'train_loss': None, 'decision': 0, 'drift_rate': 0.010404564036679574, 'target_domains': ['svhn']}
['svhn']
['svhn']
0.009854264787893498 ['svhn']
Loss historical diff: 0.9375483095645905; Loss Difference: 0.0, Decision: 0
Round 222 took 0.6060583591461182s, results:
{'t': 221, 'current_accuracy': 0.5234375, 'current_loss': 1.837645709514618, 'train_loss': None, 'decision': 0, 'drift_rate': 0.009854264787893498, 'target_domains': ['svhn']}
['svhn']
['svhn']
0.009288432149970088 ['svhn']
Loss historical diff: 0.9222030937671661; Loss Difference: 0.0, Decision: 0
Round 223 took 0.5608105659484863s, results:
{'t': 222, 'current_accuracy': 0.52734375, 'current_loss': 1.8223004937171936, 'train_loss': None, 'decision': 0, 'drift_rate': 0.009288432149970088, 'target_domains': ['svhn']}
['svhn']
['svhn']
0.00870805878562746 ['svhn']
Loss historical diff: 0.9039337337017059; Loss Difference: 0.0, Decision: 0
Round 224 took 0.582425594329834s, results:
{'t': 223, 'current_accuracy': 0.5234375, 'current_loss': 1.8040311336517334, 'train_loss': None, 'decision': 0, 'drift_rate': 0.00870805878562746, 'target_domains': ['svhn']}
['svhn']
['svhn']
0.008114162866958841 ['svhn']
Loss historical diff: 0.8720224797725677; Loss Difference: 0.0, Decision: 0
Round 225 took 0.5770530700683594s, results:
{'t': 224, 'current_accuracy': 0.52734375, 'current_loss': 1.7721198797225952, 'train_loss': None, 'decision': 0, 'drift_rate': 0.008114162866958841, 'target_domains': ['svhn']}
['svhn']
['svhn']
0.0075077862892128176 ['svhn']
Loss historical diff: 0.8780865371227264; Loss Difference: 0.0, Decision: 0
Round 226 took 0.615023136138916s, results:
{'t': 225, 'current_accuracy': 0.5234375, 'current_loss': 1.778183937072754, 'train_loss': None, 'decision': 0, 'drift_rate': 0.0075077862892128176, 'target_domains': ['svhn']}
['svhn']
['svhn']
0.006889992842954848 ['svhn']
Loss historical diff: 0.8804022967815399; Loss Difference: 0.0, Decision: 0
Round 227 took 0.6049001216888428s, results:
{'t': 226, 'current_accuracy': 0.5234375, 'current_loss': 1.7804996967315674, 'train_loss': None, 'decision': 0, 'drift_rate': 0.006889992842954848, 'target_domains': ['svhn']}
['svhn']
['svhn']
0.006261866347817344 ['svhn']
Loss historical diff: 0.903599351644516; Loss Difference: 0.0, Decision: 0
Round 228 took 0.6316037178039551s, results:
{'t': 227, 'current_accuracy': 0.51953125, 'current_loss': 1.8036967515945435, 'train_loss': None, 'decision': 0, 'drift_rate': 0.006261866347817344, 'target_domains': ['svhn']}
['svhn']
['svhn']
0.005624508751111571 ['svhn']
Loss historical diff: 0.9036460220813751; Loss Difference: 0.0, Decision: 0
Round 229 took 0.5279176235198975s, results:
{'t': 228, 'current_accuracy': 0.51953125, 'current_loss': 1.8037434220314026, 'train_loss': None, 'decision': 0, 'drift_rate': 0.005624508751111571, 'target_domains': ['svhn']}
['svhn']
['svhn']
0.00497903819463766 ['svhn']
Loss historical diff: 0.908149927854538; Loss Difference: 0.0, Decision: 0
Round 230 took 0.6298003196716309s, results:
{'t': 229, 'current_accuracy': 0.515625, 'current_loss': 1.8082473278045654, 'train_loss': None, 'decision': 0, 'drift_rate': 0.00497903819463766, 'target_domains': ['svhn']}
['svhn']
['svhn']
0.004326587053084146 ['svhn']
Loss historical diff: 0.888006180524826; Loss Difference: 0.0, Decision: 0
Round 231 took 0.6217689514160156s, results:
{'t': 230, 'current_accuracy': 0.51953125, 'current_loss': 1.7881035804748535, 'train_loss': None, 'decision': 0, 'drift_rate': 0.004326587053084146, 'target_domains': ['svhn']}
['svhn']
['svhn']
0.003668299947457646 ['svhn']
Loss historical diff: 0.888006180524826; Loss Difference: 0.0, Decision: 0
Round 232 took 0.6083695888519287s, results:
{'t': 231, 'current_accuracy': 0.51953125, 'current_loss': 1.7881035804748535, 'train_loss': None, 'decision': 0, 'drift_rate': 0.003668299947457646, 'target_domains': ['svhn']}
['svhn']
['svhn']
0.0030053317370288624 ['svhn']
Loss historical diff: 0.8880060017108917; Loss Difference: 0.0, Decision: 0
Round 233 took 0.6132113933563232s, results:
{'t': 232, 'current_accuracy': 0.51953125, 'current_loss': 1.7881034016609192, 'train_loss': None, 'decision': 0, 'drift_rate': 0.0030053317370288624, 'target_domains': ['svhn']}
['svhn']
['svhn']
0.0023388454933170556 ['svhn']
Loss historical diff: 0.8880061209201813; Loss Difference: 0.0, Decision: 0
Round 234 took 0.6037123203277588s, results:
{'t': 233, 'current_accuracy': 0.51953125, 'current_loss': 1.7881035208702087, 'train_loss': None, 'decision': 0, 'drift_rate': 0.0023388454933170556, 'target_domains': ['svhn']}
['svhn']
['svhn']
0.0016700104596671867 ['svhn']
Loss historical diff: 0.8880062401294708; Loss Difference: 0.0, Decision: 0
Round 235 took 0.5568573474884033s, results:
{'t': 234, 'current_accuracy': 0.51953125, 'current_loss': 1.7881036400794983, 'train_loss': None, 'decision': 0, 'drift_rate': 0.0016700104596671867, 'target_domains': ['svhn']}
['mnist']
['mnist']
0.0010000000000000059 ['mnist']
Loss historical diff: 0.888006180524826; Loss Difference: 0.0, Decision: 0
Round 236 took 0.5625956058502197s, results:
{'t': 235, 'current_accuracy': 0.51953125, 'current_loss': 1.7881035804748535, 'train_loss': None, 'decision': 0, 'drift_rate': 0.0010000000000000059, 'target_domains': ['mnist']}
['mnist']
['mnist']
0.001670010459667175 ['mnist']
Loss historical diff: 0.8880061209201813; Loss Difference: 0.0, Decision: 0
Round 237 took 0.5797433853149414s, results:
{'t': 236, 'current_accuracy': 0.51953125, 'current_loss': 1.7881035208702087, 'train_loss': None, 'decision': 0, 'drift_rate': 0.001670010459667175, 'target_domains': ['mnist']}
['mnist']
['mnist']
0.002338845493317044 ['mnist']
Loss historical diff: 0.8880061209201813; Loss Difference: 0.0, Decision: 0
Round 238 took 0.5835542678833008s, results:
{'t': 237, 'current_accuracy': 0.51953125, 'current_loss': 1.7881035208702087, 'train_loss': None, 'decision': 0, 'drift_rate': 0.002338845493317044, 'target_domains': ['mnist']}
['mnist']
['mnist']
0.0030053317370288507 ['mnist']
Loss historical diff: 0.8880061209201813; Loss Difference: 0.0, Decision: 0
Round 239 took 0.5985879898071289s, results:
{'t': 238, 'current_accuracy': 0.51953125, 'current_loss': 1.7881035208702087, 'train_loss': None, 'decision': 0, 'drift_rate': 0.0030053317370288507, 'target_domains': ['mnist']}
['mnist']
['mnist']
0.0036682999474576066 ['mnist']
Loss historical diff: 0.888006180524826; Loss Difference: 0.0, Decision: 0
Round 240 took 0.5708537101745605s, results:
{'t': 239, 'current_accuracy': 0.51953125, 'current_loss': 1.7881035804748535, 'train_loss': None, 'decision': 0, 'drift_rate': 0.0036682999474576066, 'target_domains': ['mnist']}
['mnist']
['mnist']
0.004326587053084162 ['mnist']
Loss historical diff: 0.9150976836681366; Loss Difference: 0.0, Decision: 0
Round 241 took 0.6040346622467041s, results:
{'t': 240, 'current_accuracy': 0.515625, 'current_loss': 1.815195083618164, 'train_loss': None, 'decision': 0, 'drift_rate': 0.004326587053084162, 'target_domains': ['mnist']}
['mnist']
['mnist']
0.0049790381946376765 ['mnist']
Loss historical diff: 0.9222013056278229; Loss Difference: 0.0, Decision: 0
Round 242 took 0.5485353469848633s, results:
{'t': 241, 'current_accuracy': 0.51171875, 'current_loss': 1.8222987055778503, 'train_loss': None, 'decision': 0, 'drift_rate': 0.0049790381946376765, 'target_domains': ['mnist']}
['mnist']
['mnist']
0.005624508751111533 ['mnist']
Loss historical diff: 0.9221445024013519; Loss Difference: 0.0, Decision: 0
Round 243 took 0.6107742786407471s, results:
{'t': 242, 'current_accuracy': 0.51171875, 'current_loss': 1.8222419023513794, 'train_loss': None, 'decision': 0, 'drift_rate': 0.005624508751111533, 'target_domains': ['mnist']}
['mnist']
['mnist']
0.006261866347817334 ['mnist']
Loss historical diff: 0.913386732339859; Loss Difference: 0.0, Decision: 0
Round 244 took 0.5730483531951904s, results:
{'t': 243, 'current_accuracy': 0.515625, 'current_loss': 1.8134841322898865, 'train_loss': None, 'decision': 0, 'drift_rate': 0.006261866347817334, 'target_domains': ['mnist']}
['mnist']
['mnist']
0.006889992842954836 ['mnist']
Loss historical diff: 0.9018025696277618; Loss Difference: 0.0, Decision: 0
Round 245 took 0.595609188079834s, results:
{'t': 244, 'current_accuracy': 0.51953125, 'current_loss': 1.8018999695777893, 'train_loss': None, 'decision': 0, 'drift_rate': 0.006889992842954836, 'target_domains': ['mnist']}
['mnist']
['mnist']
0.007507786289212806 ['mnist']
Loss historical diff: 0.9017862379550934; Loss Difference: 0.0, Decision: 0
Round 246 took 0.5737876892089844s, results:
{'t': 245, 'current_accuracy': 0.51953125, 'current_loss': 1.8018836379051208, 'train_loss': None, 'decision': 0, 'drift_rate': 0.007507786289212806, 'target_domains': ['mnist']}
['mnist']
['mnist']
0.008114162866958832 ['mnist']
Loss historical diff: 0.9268642365932465; Loss Difference: 0.0, Decision: 0
Round 247 took 0.6037170886993408s, results:
{'t': 246, 'current_accuracy': 0.515625, 'current_loss': 1.826961636543274, 'train_loss': None, 'decision': 0, 'drift_rate': 0.008114162866958832, 'target_domains': ['mnist']}
['mnist']
['mnist']
0.008708058785627424 ['mnist']
Loss historical diff: 0.9295145571231842; Loss Difference: 0.0, Decision: 0
Round 248 took 0.5405979156494141s, results:
{'t': 247, 'current_accuracy': 0.51171875, 'current_loss': 1.8296119570732117, 'train_loss': None, 'decision': 0, 'drift_rate': 0.008708058785627424, 'target_domains': ['mnist']}
['mnist']
['mnist']
0.009288432149970077 ['mnist']
Loss historical diff: 0.9221088588237762; Loss Difference: 0.0, Decision: 0
Round 249 took 0.6031134128570557s, results:
{'t': 248, 'current_accuracy': 0.51171875, 'current_loss': 1.8222062587738037, 'train_loss': None, 'decision': 0, 'drift_rate': 0.009288432149970077, 'target_domains': ['mnist']}
['mnist']
['mnist']
0.009854264787893488 ['mnist']
Loss historical diff: 0.9213230907917023; Loss Difference: 0.0, Decision: 0
Round 250 took 0.5631899833679199s, results:
{'t': 249, 'current_accuracy': 0.51171875, 'current_loss': 1.8214204907417297, 'train_loss': None, 'decision': 0, 'drift_rate': 0.009854264787893488, 'target_domains': ['mnist']}
Average time per round: 0.5842756137847901
Total time: 146.0689034461975
