Using the latest cached version of the dataset since flwrlabs/pacs couldn't be found on the Hugging Face Hub
Found the latest cached dataset configuration 'default' at /home/apiasecz/.cache/huggingface/datasets/flwrlabs___pacs/default/0.0.0/394113073258ead631f617d2e13bb377c0715c4b (last modified on Wed Jan 29 16:59:35 2025).
Using the latest cached version of the dataset since flwrlabs/pacs couldn't be found on the Hugging Face Hub
Found the latest cached dataset configuration 'default' at /home/apiasecz/.cache/huggingface/datasets/flwrlabs___pacs/default/0.0.0/394113073258ead631f617d2e13bb377c0715c4b (last modified on Wed Jan 29 16:59:35 2025).
Using the latest cached version of the dataset since flwrlabs/pacs couldn't be found on the Hugging Face Hub
Found the latest cached dataset configuration 'default' at /home/apiasecz/.cache/huggingface/datasets/flwrlabs___pacs/default/0.0.0/394113073258ead631f617d2e13bb377c0715c4b (last modified on Wed Jan 29 16:59:35 2025).
Using the latest cached version of the dataset since flwrlabs/pacs couldn't be found on the Hugging Face Hub
Found the latest cached dataset configuration 'default' at /home/apiasecz/.cache/huggingface/datasets/flwrlabs___pacs/default/0.0.0/394113073258ead631f617d2e13bb377c0715c4b (last modified on Wed Jan 29 16:59:35 2025).
Using the latest cached version of the dataset since flwrlabs/pacs couldn't be found on the Hugging Face Hub
Found the latest cached dataset configuration 'default' at /home/apiasecz/.cache/huggingface/datasets/flwrlabs___pacs/default/0.0.0/394113073258ead631f617d2e13bb377c0715c4b (last modified on Wed Jan 29 16:59:35 2025).
Device: cuda
CUDA Version: 12.1
cuDNN Version: 8902
PyTorch Version: 2.3.0

Model used: PACSCNN_4
Initial dataset creation
Initial dataset creation
Initial loss: 0.00014209738583303988
<__main__.Policy object at 0x14b9f0dc26c0>
0.00014209738583303988
Round 1 took 0.4006633758544922s, results:
{'t': 0, 'current_accuracy': 1.0, 'current_loss': 0.00015951300883898512, 'train_loss': None, 'decision': 0, 'drift_rate': 0.0, 'target_domains': ['art_painting']}
Round 2 took 0.38754940032958984s, results:
{'t': 1, 'current_accuracy': 1.0, 'current_loss': 0.0001595125359017402, 'train_loss': None, 'decision': 0, 'drift_rate': 0.0, 'target_domains': ['art_painting']}
Round 3 took 0.3866393566131592s, results:
{'t': 2, 'current_accuracy': 1.0, 'current_loss': 0.0001595125431776978, 'train_loss': None, 'decision': 0, 'drift_rate': 0.0, 'target_domains': ['art_painting']}
Round 4 took 0.38852548599243164s, results:
{'t': 3, 'current_accuracy': 1.0, 'current_loss': 0.00015951300883898512, 'train_loss': None, 'decision': 0, 'drift_rate': 0.0, 'target_domains': ['art_painting']}
Round 5 took 0.3873026371002197s, results:
{'t': 4, 'current_accuracy': 1.0, 'current_loss': 0.00015951301611494273, 'train_loss': None, 'decision': 0, 'drift_rate': 0.0, 'target_domains': ['art_painting']}
Round 6 took 0.3863692283630371s, results:
{'t': 5, 'current_accuracy': 1.0, 'current_loss': 0.00015951301611494273, 'train_loss': None, 'decision': 0, 'drift_rate': 0.0, 'target_domains': ['art_painting']}
Round 7 took 0.3867640495300293s, results:
{'t': 6, 'current_accuracy': 1.0, 'current_loss': 0.00015951303066685796, 'train_loss': None, 'decision': 0, 'drift_rate': 0.0, 'target_domains': ['art_painting']}
Round 8 took 0.38682007789611816s, results:
{'t': 7, 'current_accuracy': 1.0, 'current_loss': 0.0001595130015630275, 'train_loss': None, 'decision': 0, 'drift_rate': 0.0, 'target_domains': ['art_painting']}
Round 9 took 0.40596652030944824s, results:
{'t': 8, 'current_accuracy': 1.0, 'current_loss': 0.0001595125359017402, 'train_loss': None, 'decision': 0, 'drift_rate': 0.0, 'target_domains': ['art_painting']}
Round 10 took 0.38653087615966797s, results:
{'t': 9, 'current_accuracy': 1.0, 'current_loss': 0.00015951301611494273, 'train_loss': None, 'decision': 0, 'drift_rate': 0.0, 'target_domains': ['art_painting']}
Round 11 took 0.3873164653778076s, results:
{'t': 10, 'current_accuracy': 1.0, 'current_loss': 0.0001595130015630275, 'train_loss': None, 'decision': 0, 'drift_rate': 0.0, 'target_domains': ['art_painting']}
Round 12 took 0.38648104667663574s, results:
{'t': 11, 'current_accuracy': 1.0, 'current_loss': 0.0001595130015630275, 'train_loss': None, 'decision': 0, 'drift_rate': 0.0, 'target_domains': ['art_painting']}
Round 13 took 0.38658618927001953s, results:
{'t': 12, 'current_accuracy': 1.0, 'current_loss': 0.00015951301611494273, 'train_loss': None, 'decision': 0, 'drift_rate': 0.0, 'target_domains': ['art_painting']}
Round 14 took 0.3877134323120117s, results:
{'t': 13, 'current_accuracy': 1.0, 'current_loss': 0.00015951252862578258, 'train_loss': None, 'decision': 0, 'drift_rate': 0.0, 'target_domains': ['art_painting']}
Round 15 took 0.3860161304473877s, results:
{'t': 14, 'current_accuracy': 1.0, 'current_loss': 0.00015951301611494273, 'train_loss': None, 'decision': 0, 'drift_rate': 0.0, 'target_domains': ['art_painting']}
Round 16 took 0.38672947883605957s, results:
{'t': 15, 'current_accuracy': 1.0, 'current_loss': 0.00015951301611494273, 'train_loss': None, 'decision': 0, 'drift_rate': 0.0, 'target_domains': ['art_painting']}
Round 17 took 0.38633131980895996s, results:
{'t': 16, 'current_accuracy': 1.0, 'current_loss': 0.00015951301611494273, 'train_loss': None, 'decision': 0, 'drift_rate': 0.0, 'target_domains': ['art_painting']}
Round 18 took 0.388913631439209s, results:
{'t': 17, 'current_accuracy': 1.0, 'current_loss': 0.00015951348177623004, 'train_loss': None, 'decision': 0, 'drift_rate': 0.0, 'target_domains': ['art_painting']}
Round 19 took 0.3862435817718506s, results:
{'t': 18, 'current_accuracy': 1.0, 'current_loss': 0.00015951298701111227, 'train_loss': None, 'decision': 0, 'drift_rate': 0.0, 'target_domains': ['art_painting']}
Round 20 took 0.38700389862060547s, results:
{'t': 19, 'current_accuracy': 1.0, 'current_loss': 0.00015951303066685796, 'train_loss': None, 'decision': 0, 'drift_rate': 0.0, 'target_domains': ['art_painting']}
Round 21 took 0.3876938819885254s, results:
{'t': 20, 'current_accuracy': 1.0, 'current_loss': 0.00015951300883898512, 'train_loss': None, 'decision': 0, 'drift_rate': 0.0, 'target_domains': ['art_painting']}
Round 22 took 0.38600873947143555s, results:
{'t': 21, 'current_accuracy': 1.0, 'current_loss': 0.00015951301611494273, 'train_loss': None, 'decision': 0, 'drift_rate': 0.0, 'target_domains': ['art_painting']}
Round 23 took 0.3895449638366699s, results:
{'t': 22, 'current_accuracy': 1.0, 'current_loss': 0.00015951303066685796, 'train_loss': None, 'decision': 0, 'drift_rate': 0.0, 'target_domains': ['art_painting']}
Round 24 took 0.38716769218444824s, results:
{'t': 23, 'current_accuracy': 1.0, 'current_loss': 0.00015951301611494273, 'train_loss': None, 'decision': 0, 'drift_rate': 0.0, 'target_domains': ['art_painting']}
Round 25 took 0.38621973991394043s, results:
{'t': 24, 'current_accuracy': 1.0, 'current_loss': 0.00015951255045365542, 'train_loss': None, 'decision': 0, 'drift_rate': 0.0, 'target_domains': ['art_painting']}
Round 26 took 0.38678836822509766s, results:
{'t': 25, 'current_accuracy': 1.0, 'current_loss': 0.00015951348177623004, 'train_loss': None, 'decision': 0, 'drift_rate': 0.0, 'target_domains': ['art_painting']}
Round 27 took 0.38655591011047363s, results:
{'t': 26, 'current_accuracy': 1.0, 'current_loss': 0.0001595130015630275, 'train_loss': None, 'decision': 0, 'drift_rate': 0.0, 'target_domains': ['art_painting']}
Round 28 took 0.39034295082092285s, results:
{'t': 27, 'current_accuracy': 1.0, 'current_loss': 0.00015951298701111227, 'train_loss': None, 'decision': 0, 'drift_rate': 0.0, 'target_domains': ['art_painting']}
Round 29 took 0.3867945671081543s, results:
{'t': 28, 'current_accuracy': 1.0, 'current_loss': 0.00015951303066685796, 'train_loss': None, 'decision': 0, 'drift_rate': 0.0, 'target_domains': ['art_painting']}
Round 30 took 0.38675832748413086s, results:
{'t': 29, 'current_accuracy': 1.0, 'current_loss': 0.0001595130015630275, 'train_loss': None, 'decision': 0, 'drift_rate': 0.0, 'target_domains': ['art_painting']}
Round 31 took 0.38732409477233887s, results:
{'t': 30, 'current_accuracy': 1.0, 'current_loss': 0.00015951348177623004, 'train_loss': None, 'decision': 0, 'drift_rate': 0.0, 'target_domains': ['art_painting']}
Round 32 took 0.3877983093261719s, results:
{'t': 31, 'current_accuracy': 1.0, 'current_loss': 0.00015951303794281557, 'train_loss': None, 'decision': 0, 'drift_rate': 0.0, 'target_domains': ['art_painting']}
Round 33 took 0.38780999183654785s, results:
{'t': 32, 'current_accuracy': 1.0, 'current_loss': 0.00015951300883898512, 'train_loss': None, 'decision': 0, 'drift_rate': 0.0, 'target_domains': ['art_painting']}
Round 34 took 0.38685107231140137s, results:
{'t': 33, 'current_accuracy': 1.0, 'current_loss': 0.0001595130015630275, 'train_loss': None, 'decision': 0, 'drift_rate': 0.0, 'target_domains': ['art_painting']}
Round 35 took 0.3898458480834961s, results:
{'t': 34, 'current_accuracy': 1.0, 'current_loss': 0.00015951300883898512, 'train_loss': None, 'decision': 0, 'drift_rate': 0.0, 'target_domains': ['art_painting']}
Round 36 took 0.38749194145202637s, results:
{'t': 35, 'current_accuracy': 1.0, 'current_loss': 0.00015951301611494273, 'train_loss': None, 'decision': 0, 'drift_rate': 0.0, 'target_domains': ['art_painting']}
Round 37 took 0.38726139068603516s, results:
{'t': 36, 'current_accuracy': 1.0, 'current_loss': 0.00015951300883898512, 'train_loss': None, 'decision': 0, 'drift_rate': 0.0, 'target_domains': ['art_painting']}
Round 38 took 0.38748764991760254s, results:
{'t': 37, 'current_accuracy': 1.0, 'current_loss': 0.0001595125359017402, 'train_loss': None, 'decision': 0, 'drift_rate': 0.0, 'target_domains': ['art_painting']}
Round 39 took 0.38686108589172363s, results:
{'t': 38, 'current_accuracy': 1.0, 'current_loss': 0.00015951302339090034, 'train_loss': None, 'decision': 0, 'drift_rate': 0.0, 'target_domains': ['art_painting']}
Round 40 took 0.38666796684265137s, results:
{'t': 39, 'current_accuracy': 1.0, 'current_loss': 0.00015951347450027242, 'train_loss': None, 'decision': 0, 'drift_rate': 0.0, 'target_domains': ['art_painting']}
Round 41 took 0.39005112648010254s, results:
{'t': 40, 'current_accuracy': 1.0, 'current_loss': 0.0001595129942870699, 'train_loss': None, 'decision': 0, 'drift_rate': 0.0, 'target_domains': ['art_painting']}
Round 42 took 0.3871746063232422s, results:
{'t': 41, 'current_accuracy': 1.0, 'current_loss': 0.00015951301611494273, 'train_loss': None, 'decision': 0, 'drift_rate': 0.0, 'target_domains': ['art_painting']}
Round 43 took 0.3866744041442871s, results:
{'t': 42, 'current_accuracy': 1.0, 'current_loss': 0.00015951301611494273, 'train_loss': None, 'decision': 0, 'drift_rate': 0.0, 'target_domains': ['art_painting']}
Round 44 took 0.38704800605773926s, results:
{'t': 43, 'current_accuracy': 1.0, 'current_loss': 0.00015951255045365542, 'train_loss': None, 'decision': 0, 'drift_rate': 0.0, 'target_domains': ['art_painting']}
Round 45 took 0.38700366020202637s, results:
{'t': 44, 'current_accuracy': 1.0, 'current_loss': 0.00015951301611494273, 'train_loss': None, 'decision': 0, 'drift_rate': 0.0, 'target_domains': ['art_painting']}
Round 46 took 0.38625311851501465s, results:
{'t': 45, 'current_accuracy': 1.0, 'current_loss': 0.00015951300883898512, 'train_loss': None, 'decision': 0, 'drift_rate': 0.0, 'target_domains': ['art_painting']}
Round 47 took 0.38714003562927246s, results:
{'t': 46, 'current_accuracy': 1.0, 'current_loss': 0.00015951301611494273, 'train_loss': None, 'decision': 0, 'drift_rate': 0.0, 'target_domains': ['art_painting']}
Round 48 took 0.38883399963378906s, results:
{'t': 47, 'current_accuracy': 1.0, 'current_loss': 0.00015951302339090034, 'train_loss': None, 'decision': 0, 'drift_rate': 0.0, 'target_domains': ['art_painting']}
Round 49 took 0.38675880432128906s, results:
{'t': 48, 'current_accuracy': 1.0, 'current_loss': 0.00015951301611494273, 'train_loss': None, 'decision': 0, 'drift_rate': 0.0, 'target_domains': ['art_painting']}
Round 50 took 0.3863527774810791s, results:
{'t': 49, 'current_accuracy': 1.0, 'current_loss': 0.00015951301611494273, 'train_loss': None, 'decision': 0, 'drift_rate': 0.0, 'target_domains': ['art_painting']}
Round 51 took 0.38658976554870605s, results:
{'t': 50, 'current_accuracy': 1.0, 'current_loss': 0.00015951303066685796, 'train_loss': None, 'decision': 0, 'drift_rate': 0.0, 'target_domains': ['art_painting']}
Round 52 took 0.3869011402130127s, results:
{'t': 51, 'current_accuracy': 1.0, 'current_loss': 0.00015951349632814527, 'train_loss': None, 'decision': 0, 'drift_rate': 0.0, 'target_domains': ['art_painting']}
Round 53 took 0.3870818614959717s, results:
{'t': 52, 'current_accuracy': 1.0, 'current_loss': 0.00015951302339090034, 'train_loss': None, 'decision': 0, 'drift_rate': 0.0, 'target_domains': ['art_painting']}
Round 54 took 0.3917357921600342s, results:
{'t': 53, 'current_accuracy': 1.0, 'current_loss': 0.00015951302339090034, 'train_loss': None, 'decision': 0, 'drift_rate': 0.0, 'target_domains': ['art_painting']}
Round 55 took 0.3871297836303711s, results:
{'t': 54, 'current_accuracy': 1.0, 'current_loss': 0.00015951302339090034, 'train_loss': None, 'decision': 0, 'drift_rate': 0.0, 'target_domains': ['art_painting']}
Average loss over 2 updates: 2.9428
Round 56 took 0.8272480964660645s, results:
{'t': 55, 'current_accuracy': 0.7109375, 'current_loss': 1.1215983629226685, 'train_loss': 2.9427932500839233, 'decision': 1, 'drift_rate': 0.4, 'target_domains': ['sketch']}
Average loss over 2 updates: 5.3180
Round 57 took 0.743685245513916s, results:
{'t': 56, 'current_accuracy': 0.18359375, 'current_loss': 8581120.5, 'train_loss': 5.3179545402526855, 'decision': 1, 'drift_rate': 0.4, 'target_domains': ['sketch']}
Average loss over 2 updates: 3.4279
Round 58 took 0.741471529006958s, results:
{'t': 57, 'current_accuracy': 0.1875, 'current_loss': 1353851.375, 'train_loss': 3.4278957843780518, 'decision': 1, 'drift_rate': 0.4, 'target_domains': ['sketch']}
Average loss over 2 updates: 1.7658
Round 59 took 0.7350387573242188s, results:
{'t': 58, 'current_accuracy': 0.14453125, 'current_loss': 7155.56689453125, 'train_loss': 1.7657511830329895, 'decision': 1, 'drift_rate': 0.4, 'target_domains': ['sketch']}
Average loss over 2 updates: 1.8508
Round 60 took 0.7335963249206543s, results:
{'t': 59, 'current_accuracy': 0.14453125, 'current_loss': 2784.824462890625, 'train_loss': 1.850841462612152, 'decision': 1, 'drift_rate': 0.4, 'target_domains': ['sketch']}
Average loss over 2 updates: 1.7093
Round 61 took 0.731287956237793s, results:
{'t': 60, 'current_accuracy': 0.1875, 'current_loss': 221.20835876464844, 'train_loss': 1.7093209028244019, 'decision': 1, 'drift_rate': 0.0, 'target_domains': ['sketch']}
Average loss over 2 updates: 1.5475
Round 62 took 0.7343471050262451s, results:
{'t': 61, 'current_accuracy': 0.14453125, 'current_loss': 43.7264461517334, 'train_loss': 1.5474599599838257, 'decision': 1, 'drift_rate': 0.0, 'target_domains': ['sketch']}
Average loss over 2 updates: 1.5111
Round 63 took 0.7310824394226074s, results:
{'t': 62, 'current_accuracy': 0.14453125, 'current_loss': 28.08582592010498, 'train_loss': 1.5111017227172852, 'decision': 1, 'drift_rate': 0.0, 'target_domains': ['sketch']}
Average loss over 2 updates: 2.0611
Round 64 took 0.7311127185821533s, results:
{'t': 63, 'current_accuracy': 0.14453125, 'current_loss': 14.93655776977539, 'train_loss': 2.061139225959778, 'decision': 1, 'drift_rate': 0.0, 'target_domains': ['sketch']}
Average loss over 2 updates: 1.6644
Round 65 took 0.7330155372619629s, results:
{'t': 64, 'current_accuracy': 0.23828125, 'current_loss': 15.813642978668213, 'train_loss': 1.6644450426101685, 'decision': 1, 'drift_rate': 0.0, 'target_domains': ['sketch']}
Average loss over 2 updates: 1.4688
Round 66 took 0.7316305637359619s, results:
{'t': 65, 'current_accuracy': 0.32421875, 'current_loss': 2.5964936017990112, 'train_loss': 1.4688353538513184, 'decision': 1, 'drift_rate': 0.0, 'target_domains': ['sketch']}
Average loss over 2 updates: 1.2961
Round 67 took 0.7302248477935791s, results:
{'t': 66, 'current_accuracy': 0.24609375, 'current_loss': 2.2270394563674927, 'train_loss': 1.2961148023605347, 'decision': 1, 'drift_rate': 0.0, 'target_domains': ['sketch']}
Round 68 took 0.38583970069885254s, results:
{'t': 67, 'current_accuracy': 0.28515625, 'current_loss': 1.98556649684906, 'train_loss': None, 'decision': 0, 'drift_rate': 0.0, 'target_domains': ['sketch']}
Round 69 took 0.38669657707214355s, results:
{'t': 68, 'current_accuracy': 0.28515625, 'current_loss': 1.9855663180351257, 'train_loss': None, 'decision': 0, 'drift_rate': 0.0, 'target_domains': ['sketch']}
Round 70 took 0.38388848304748535s, results:
{'t': 69, 'current_accuracy': 0.28515625, 'current_loss': 1.9855663180351257, 'train_loss': None, 'decision': 0, 'drift_rate': 0.0, 'target_domains': ['sketch']}
Round 71 took 0.3838167190551758s, results:
{'t': 70, 'current_accuracy': 0.28515625, 'current_loss': 1.98556649684906, 'train_loss': None, 'decision': 0, 'drift_rate': 0.0, 'target_domains': ['sketch']}
Round 72 took 0.3867461681365967s, results:
{'t': 71, 'current_accuracy': 0.28515625, 'current_loss': 1.9855663776397705, 'train_loss': None, 'decision': 0, 'drift_rate': 0.0, 'target_domains': ['sketch']}
Round 73 took 0.38564062118530273s, results:
{'t': 72, 'current_accuracy': 0.28515625, 'current_loss': 1.9855666756629944, 'train_loss': None, 'decision': 0, 'drift_rate': 0.0, 'target_domains': ['sketch']}
Round 74 took 0.3855257034301758s, results:
{'t': 73, 'current_accuracy': 0.28515625, 'current_loss': 1.98556649684906, 'train_loss': None, 'decision': 0, 'drift_rate': 0.0, 'target_domains': ['sketch']}
Round 75 took 0.3839116096496582s, results:
{'t': 74, 'current_accuracy': 0.28515625, 'current_loss': 1.9855665564537048, 'train_loss': None, 'decision': 0, 'drift_rate': 0.0, 'target_domains': ['sketch']}
Round 76 took 0.3839404582977295s, results:
{'t': 75, 'current_accuracy': 0.28515625, 'current_loss': 1.9855663776397705, 'train_loss': None, 'decision': 0, 'drift_rate': 0.0, 'target_domains': ['sketch']}
Round 77 took 0.3833286762237549s, results:
{'t': 76, 'current_accuracy': 0.28515625, 'current_loss': 1.9855663180351257, 'train_loss': None, 'decision': 0, 'drift_rate': 0.0, 'target_domains': ['sketch']}
Round 78 took 0.38339662551879883s, results:
{'t': 77, 'current_accuracy': 0.28515625, 'current_loss': 1.9855663776397705, 'train_loss': None, 'decision': 0, 'drift_rate': 0.0, 'target_domains': ['sketch']}
Round 79 took 0.3860197067260742s, results:
{'t': 78, 'current_accuracy': 0.28515625, 'current_loss': 1.9855665564537048, 'train_loss': None, 'decision': 0, 'drift_rate': 0.0, 'target_domains': ['sketch']}
Round 80 took 0.3840475082397461s, results:
{'t': 79, 'current_accuracy': 0.28515625, 'current_loss': 1.98556649684906, 'train_loss': None, 'decision': 0, 'drift_rate': 0.0, 'target_domains': ['sketch']}
Average loss over 2 updates: 1.3509
Round 81 took 0.743523120880127s, results:
{'t': 80, 'current_accuracy': 0.28515625, 'current_loss': 1.9855664372444153, 'train_loss': 1.350856900215149, 'decision': 1, 'drift_rate': 0.0, 'target_domains': ['sketch']}
Average loss over 2 updates: 1.3783
Round 82 took 0.7331783771514893s, results:
{'t': 81, 'current_accuracy': 0.21875, 'current_loss': 2.206418991088867, 'train_loss': 1.3782534003257751, 'decision': 1, 'drift_rate': 0.0, 'target_domains': ['sketch']}
Round 83 took 0.38338804244995117s, results:
{'t': 82, 'current_accuracy': 0.22265625, 'current_loss': 2.3199305534362793, 'train_loss': None, 'decision': 0, 'drift_rate': 0.0, 'target_domains': ['sketch']}
Round 84 took 0.37879133224487305s, results:
{'t': 83, 'current_accuracy': 0.22265625, 'current_loss': 2.3199307918548584, 'train_loss': None, 'decision': 0, 'drift_rate': 0.0, 'target_domains': ['sketch']}
Average loss over 2 updates: 1.3031
Round 85 took 0.7217812538146973s, results:
{'t': 84, 'current_accuracy': 0.22265625, 'current_loss': 2.319930672645569, 'train_loss': 1.3031468391418457, 'decision': 1, 'drift_rate': 0.0, 'target_domains': ['sketch']}
Round 86 took 0.37685656547546387s, results:
{'t': 85, 'current_accuracy': 0.38671875, 'current_loss': 1.6164817810058594, 'train_loss': None, 'decision': 0, 'drift_rate': 0.0, 'target_domains': ['sketch']}
Round 87 took 0.37805843353271484s, results:
{'t': 86, 'current_accuracy': 0.38671875, 'current_loss': 1.6164817214012146, 'train_loss': None, 'decision': 0, 'drift_rate': 0.0, 'target_domains': ['sketch']}
Round 88 took 0.37754058837890625s, results:
{'t': 87, 'current_accuracy': 0.38671875, 'current_loss': 1.6164816617965698, 'train_loss': None, 'decision': 0, 'drift_rate': 0.0, 'target_domains': ['sketch']}
Round 89 took 0.376798152923584s, results:
{'t': 88, 'current_accuracy': 0.38671875, 'current_loss': 1.6164816617965698, 'train_loss': None, 'decision': 0, 'drift_rate': 0.0, 'target_domains': ['sketch']}
Round 90 took 0.3753025531768799s, results:
{'t': 89, 'current_accuracy': 0.38671875, 'current_loss': 1.6164815425872803, 'train_loss': None, 'decision': 0, 'drift_rate': 0.0, 'target_domains': ['sketch']}
Round 91 took 0.37492895126342773s, results:
{'t': 90, 'current_accuracy': 0.38671875, 'current_loss': 1.6164815425872803, 'train_loss': None, 'decision': 0, 'drift_rate': 0.0, 'target_domains': ['sketch']}
Round 92 took 0.3786590099334717s, results:
{'t': 91, 'current_accuracy': 0.38671875, 'current_loss': 1.616481602191925, 'train_loss': None, 'decision': 0, 'drift_rate': 0.0, 'target_domains': ['sketch']}
Round 93 took 0.37461400032043457s, results:
{'t': 92, 'current_accuracy': 0.38671875, 'current_loss': 1.6164817810058594, 'train_loss': None, 'decision': 0, 'drift_rate': 0.0, 'target_domains': ['sketch']}
Round 94 took 0.3757169246673584s, results:
{'t': 93, 'current_accuracy': 0.38671875, 'current_loss': 1.6164814829826355, 'train_loss': None, 'decision': 0, 'drift_rate': 0.0, 'target_domains': ['sketch']}
Round 95 took 0.37720823287963867s, results:
{'t': 94, 'current_accuracy': 0.38671875, 'current_loss': 1.616481602191925, 'train_loss': None, 'decision': 0, 'drift_rate': 0.0, 'target_domains': ['sketch']}
Round 96 took 0.3758525848388672s, results:
{'t': 95, 'current_accuracy': 0.38671875, 'current_loss': 1.616481602191925, 'train_loss': None, 'decision': 0, 'drift_rate': 0.0, 'target_domains': ['sketch']}
Round 97 took 0.3763587474822998s, results:
{'t': 96, 'current_accuracy': 0.38671875, 'current_loss': 1.616481602191925, 'train_loss': None, 'decision': 0, 'drift_rate': 0.0, 'target_domains': ['sketch']}
Round 98 took 0.3785533905029297s, results:
{'t': 97, 'current_accuracy': 0.38671875, 'current_loss': 1.6164817214012146, 'train_loss': None, 'decision': 0, 'drift_rate': 0.0, 'target_domains': ['sketch']}
Round 99 took 0.3760514259338379s, results:
{'t': 98, 'current_accuracy': 0.38671875, 'current_loss': 1.6164816617965698, 'train_loss': None, 'decision': 0, 'drift_rate': 0.0, 'target_domains': ['sketch']}
Round 100 took 0.37520432472229004s, results:
{'t': 99, 'current_accuracy': 0.38671875, 'current_loss': 1.6164817214012146, 'train_loss': None, 'decision': 0, 'drift_rate': 0.0, 'target_domains': ['sketch']}
Round 101 took 0.3758115768432617s, results:
{'t': 100, 'current_accuracy': 0.38671875, 'current_loss': 1.6164816617965698, 'train_loss': None, 'decision': 0, 'drift_rate': 0.0, 'target_domains': ['sketch']}
Round 102 took 0.37674427032470703s, results:
{'t': 101, 'current_accuracy': 0.38671875, 'current_loss': 1.616481602191925, 'train_loss': None, 'decision': 0, 'drift_rate': 0.0, 'target_domains': ['sketch']}
Round 103 took 0.3760223388671875s, results:
{'t': 102, 'current_accuracy': 0.38671875, 'current_loss': 1.6164816617965698, 'train_loss': None, 'decision': 0, 'drift_rate': 0.0, 'target_domains': ['sketch']}
Round 104 took 0.3752455711364746s, results:
{'t': 103, 'current_accuracy': 0.38671875, 'current_loss': 1.6164817214012146, 'train_loss': None, 'decision': 0, 'drift_rate': 0.0, 'target_domains': ['sketch']}
Round 105 took 0.3766660690307617s, results:
{'t': 104, 'current_accuracy': 0.38671875, 'current_loss': 1.6164816617965698, 'train_loss': None, 'decision': 0, 'drift_rate': 0.0, 'target_domains': ['sketch']}
Average loss over 2 updates: 2.5308
Round 106 took 0.7269189357757568s, results:
{'t': 105, 'current_accuracy': 0.29296875, 'current_loss': 111.74154281616211, 'train_loss': 2.5308496952056885, 'decision': 1, 'drift_rate': 0.4, 'target_domains': ['cartoon']}
Average loss over 2 updates: 2.2546
Round 107 took 0.7274253368377686s, results:
{'t': 106, 'current_accuracy': 0.12109375, 'current_loss': 45.56647872924805, 'train_loss': 2.25461208820343, 'decision': 1, 'drift_rate': 0.4, 'target_domains': ['cartoon']}
Average loss over 2 updates: 1.7523
Round 108 took 0.7236683368682861s, results:
{'t': 107, 'current_accuracy': 0.203125, 'current_loss': 44.53693962097168, 'train_loss': 1.7523484230041504, 'decision': 1, 'drift_rate': 0.4, 'target_domains': ['cartoon']}
Average loss over 2 updates: 2.3064
Round 109 took 0.7186000347137451s, results:
{'t': 108, 'current_accuracy': 0.2421875, 'current_loss': 13.649653911590576, 'train_loss': 2.3063515424728394, 'decision': 1, 'drift_rate': 0.4, 'target_domains': ['cartoon']}
Average loss over 2 updates: 1.8155
Round 110 took 0.7180659770965576s, results:
{'t': 109, 'current_accuracy': 0.2734375, 'current_loss': 3.635831356048584, 'train_loss': 1.815508246421814, 'decision': 1, 'drift_rate': 0.4, 'target_domains': ['cartoon']}
Round 111 took 0.37580227851867676s, results:
{'t': 110, 'current_accuracy': 0.2890625, 'current_loss': 1.9868502616882324, 'train_loss': None, 'decision': 0, 'drift_rate': 0.0, 'target_domains': ['cartoon']}
Round 112 took 0.37599706649780273s, results:
{'t': 111, 'current_accuracy': 0.2890625, 'current_loss': 1.9868505597114563, 'train_loss': None, 'decision': 0, 'drift_rate': 0.0, 'target_domains': ['cartoon']}
Round 113 took 0.37700557708740234s, results:
{'t': 112, 'current_accuracy': 0.2890625, 'current_loss': 1.986850380897522, 'train_loss': None, 'decision': 0, 'drift_rate': 0.0, 'target_domains': ['cartoon']}
Round 114 took 0.3768775463104248s, results:
{'t': 113, 'current_accuracy': 0.2890625, 'current_loss': 1.9868501424789429, 'train_loss': None, 'decision': 0, 'drift_rate': 0.0, 'target_domains': ['cartoon']}
Round 115 took 0.3763859272003174s, results:
{'t': 114, 'current_accuracy': 0.2890625, 'current_loss': 1.9868502020835876, 'train_loss': None, 'decision': 0, 'drift_rate': 0.0, 'target_domains': ['cartoon']}
Round 116 took 0.37629103660583496s, results:
{'t': 115, 'current_accuracy': 0.2890625, 'current_loss': 1.9868504405021667, 'train_loss': None, 'decision': 0, 'drift_rate': 0.0, 'target_domains': ['cartoon']}
Round 117 took 0.37964725494384766s, results:
{'t': 116, 'current_accuracy': 0.2890625, 'current_loss': 1.9868503212928772, 'train_loss': None, 'decision': 0, 'drift_rate': 0.0, 'target_domains': ['cartoon']}
Round 118 took 0.3773989677429199s, results:
{'t': 117, 'current_accuracy': 0.2890625, 'current_loss': 1.9868502020835876, 'train_loss': None, 'decision': 0, 'drift_rate': 0.0, 'target_domains': ['cartoon']}
Round 119 took 0.3766343593597412s, results:
{'t': 118, 'current_accuracy': 0.2890625, 'current_loss': 1.9868505001068115, 'train_loss': None, 'decision': 0, 'drift_rate': 0.0, 'target_domains': ['cartoon']}
Round 120 took 0.3764688968658447s, results:
{'t': 119, 'current_accuracy': 0.2890625, 'current_loss': 1.9868504405021667, 'train_loss': None, 'decision': 0, 'drift_rate': 0.0, 'target_domains': ['cartoon']}
Round 121 took 0.37714457511901855s, results:
{'t': 120, 'current_accuracy': 0.2890625, 'current_loss': 1.986850380897522, 'train_loss': None, 'decision': 0, 'drift_rate': 0.0, 'target_domains': ['cartoon']}
Round 122 took 0.376234769821167s, results:
{'t': 121, 'current_accuracy': 0.2890625, 'current_loss': 1.986850380897522, 'train_loss': None, 'decision': 0, 'drift_rate': 0.0, 'target_domains': ['cartoon']}
Round 123 took 0.3755824565887451s, results:
{'t': 122, 'current_accuracy': 0.2890625, 'current_loss': 1.9868505001068115, 'train_loss': None, 'decision': 0, 'drift_rate': 0.0, 'target_domains': ['cartoon']}
Round 124 took 0.3769528865814209s, results:
{'t': 123, 'current_accuracy': 0.2890625, 'current_loss': 1.9868504405021667, 'train_loss': None, 'decision': 0, 'drift_rate': 0.0, 'target_domains': ['cartoon']}
Round 125 took 0.377687931060791s, results:
{'t': 124, 'current_accuracy': 0.2890625, 'current_loss': 1.9868505597114563, 'train_loss': None, 'decision': 0, 'drift_rate': 0.0, 'target_domains': ['cartoon']}
Round 126 took 0.37749624252319336s, results:
{'t': 125, 'current_accuracy': 0.2890625, 'current_loss': 1.9868503212928772, 'train_loss': None, 'decision': 0, 'drift_rate': 0.0, 'target_domains': ['cartoon']}
Round 127 took 0.37695813179016113s, results:
{'t': 126, 'current_accuracy': 0.2890625, 'current_loss': 1.9868505597114563, 'train_loss': None, 'decision': 0, 'drift_rate': 0.0, 'target_domains': ['cartoon']}
Round 128 took 0.3767068386077881s, results:
{'t': 127, 'current_accuracy': 0.2890625, 'current_loss': 1.9868505001068115, 'train_loss': None, 'decision': 0, 'drift_rate': 0.0, 'target_domains': ['cartoon']}
Round 129 took 0.3760848045349121s, results:
{'t': 128, 'current_accuracy': 0.2890625, 'current_loss': 1.9868504405021667, 'train_loss': None, 'decision': 0, 'drift_rate': 0.0, 'target_domains': ['cartoon']}
Round 130 took 0.3764970302581787s, results:
{'t': 129, 'current_accuracy': 0.2890625, 'current_loss': 1.9868504405021667, 'train_loss': None, 'decision': 0, 'drift_rate': 0.0, 'target_domains': ['cartoon']}
Round 131 took 0.3771634101867676s, results:
{'t': 130, 'current_accuracy': 0.2890625, 'current_loss': 1.9868503212928772, 'train_loss': None, 'decision': 0, 'drift_rate': 0.0, 'target_domains': ['cartoon']}
Round 132 took 0.380112886428833s, results:
{'t': 131, 'current_accuracy': 0.2890625, 'current_loss': 1.986850619316101, 'train_loss': None, 'decision': 0, 'drift_rate': 0.0, 'target_domains': ['cartoon']}
Round 133 took 0.37738561630249023s, results:
{'t': 132, 'current_accuracy': 0.2890625, 'current_loss': 1.9868506789207458, 'train_loss': None, 'decision': 0, 'drift_rate': 0.0, 'target_domains': ['cartoon']}
Round 134 took 0.37833166122436523s, results:
{'t': 133, 'current_accuracy': 0.2890625, 'current_loss': 1.9868503212928772, 'train_loss': None, 'decision': 0, 'drift_rate': 0.0, 'target_domains': ['cartoon']}
Round 135 took 0.3766624927520752s, results:
{'t': 134, 'current_accuracy': 0.2890625, 'current_loss': 1.9868501424789429, 'train_loss': None, 'decision': 0, 'drift_rate': 0.0, 'target_domains': ['cartoon']}
Round 136 took 0.377122163772583s, results:
{'t': 135, 'current_accuracy': 0.2890625, 'current_loss': 1.9868504405021667, 'train_loss': None, 'decision': 0, 'drift_rate': 0.0, 'target_domains': ['cartoon']}
Round 137 took 0.377979040145874s, results:
{'t': 136, 'current_accuracy': 0.2890625, 'current_loss': 1.986850380897522, 'train_loss': None, 'decision': 0, 'drift_rate': 0.0, 'target_domains': ['cartoon']}
Round 138 took 0.37734174728393555s, results:
{'t': 137, 'current_accuracy': 0.2890625, 'current_loss': 1.9868505001068115, 'train_loss': None, 'decision': 0, 'drift_rate': 0.0, 'target_domains': ['cartoon']}
Round 139 took 0.37700629234313965s, results:
{'t': 138, 'current_accuracy': 0.2890625, 'current_loss': 1.9868504405021667, 'train_loss': None, 'decision': 0, 'drift_rate': 0.0, 'target_domains': ['cartoon']}
Round 140 took 0.37930989265441895s, results:
{'t': 139, 'current_accuracy': 0.2890625, 'current_loss': 1.9868505001068115, 'train_loss': None, 'decision': 0, 'drift_rate': 0.0, 'target_domains': ['cartoon']}
Round 141 took 0.37981748580932617s, results:
{'t': 140, 'current_accuracy': 0.2890625, 'current_loss': 1.986850380897522, 'train_loss': None, 'decision': 0, 'drift_rate': 0.0, 'target_domains': ['cartoon']}
Round 142 took 0.37966227531433105s, results:
{'t': 141, 'current_accuracy': 0.2890625, 'current_loss': 1.9868504405021667, 'train_loss': None, 'decision': 0, 'drift_rate': 0.0, 'target_domains': ['cartoon']}
Round 143 took 0.379349946975708s, results:
{'t': 142, 'current_accuracy': 0.2890625, 'current_loss': 1.9868502616882324, 'train_loss': None, 'decision': 0, 'drift_rate': 0.0, 'target_domains': ['cartoon']}
Round 144 took 0.37949037551879883s, results:
{'t': 143, 'current_accuracy': 0.2890625, 'current_loss': 1.986850380897522, 'train_loss': None, 'decision': 0, 'drift_rate': 0.0, 'target_domains': ['cartoon']}
Round 145 took 0.37879014015197754s, results:
{'t': 144, 'current_accuracy': 0.2890625, 'current_loss': 1.9868503212928772, 'train_loss': None, 'decision': 0, 'drift_rate': 0.0, 'target_domains': ['cartoon']}
Round 146 took 0.37819576263427734s, results:
{'t': 145, 'current_accuracy': 0.2890625, 'current_loss': 1.9868502616882324, 'train_loss': None, 'decision': 0, 'drift_rate': 0.0, 'target_domains': ['cartoon']}
Round 147 took 0.37767553329467773s, results:
{'t': 146, 'current_accuracy': 0.2890625, 'current_loss': 1.9868503212928772, 'train_loss': None, 'decision': 0, 'drift_rate': 0.0, 'target_domains': ['cartoon']}
Round 148 took 0.3781731128692627s, results:
{'t': 147, 'current_accuracy': 0.2890625, 'current_loss': 1.9868505001068115, 'train_loss': None, 'decision': 0, 'drift_rate': 0.0, 'target_domains': ['cartoon']}
Round 149 took 0.37787771224975586s, results:
{'t': 148, 'current_accuracy': 0.2890625, 'current_loss': 1.9868504405021667, 'train_loss': None, 'decision': 0, 'drift_rate': 0.0, 'target_domains': ['cartoon']}
Round 150 took 0.3773765563964844s, results:
{'t': 149, 'current_accuracy': 0.2890625, 'current_loss': 1.9868502020835876, 'train_loss': None, 'decision': 0, 'drift_rate': 0.0, 'target_domains': ['cartoon']}
Round 151 took 0.3809018135070801s, results:
{'t': 150, 'current_accuracy': 0.2890625, 'current_loss': 1.986850082874298, 'train_loss': None, 'decision': 0, 'drift_rate': 0.0, 'target_domains': ['cartoon']}
Round 152 took 0.38141894340515137s, results:
{'t': 151, 'current_accuracy': 0.2890625, 'current_loss': 1.986850619316101, 'train_loss': None, 'decision': 0, 'drift_rate': 0.0, 'target_domains': ['cartoon']}
Round 153 took 0.3825855255126953s, results:
{'t': 152, 'current_accuracy': 0.2890625, 'current_loss': 1.986850380897522, 'train_loss': None, 'decision': 0, 'drift_rate': 0.0, 'target_domains': ['cartoon']}
Round 154 took 0.38376283645629883s, results:
{'t': 153, 'current_accuracy': 0.2890625, 'current_loss': 1.9868502616882324, 'train_loss': None, 'decision': 0, 'drift_rate': 0.0, 'target_domains': ['cartoon']}
Round 155 took 0.382185697555542s, results:
{'t': 154, 'current_accuracy': 0.2890625, 'current_loss': 1.986850619316101, 'train_loss': None, 'decision': 0, 'drift_rate': 0.0, 'target_domains': ['cartoon']}
Average loss over 2 updates: 1.8511
Round 156 took 0.745485782623291s, results:
{'t': 155, 'current_accuracy': 0.28125, 'current_loss': 2.2794535160064697, 'train_loss': 1.8511447310447693, 'decision': 1, 'drift_rate': 0.4, 'target_domains': ['art_painting']}
Average loss over 2 updates: 2.1118
Round 157 took 0.7434196472167969s, results:
{'t': 156, 'current_accuracy': 0.25390625, 'current_loss': 2.278937578201294, 'train_loss': 2.111833333969116, 'decision': 1, 'drift_rate': 0.4, 'target_domains': ['art_painting']}
Round 158 took 0.39174318313598633s, results:
{'t': 157, 'current_accuracy': 0.25390625, 'current_loss': 2.3050832748413086, 'train_loss': None, 'decision': 0, 'drift_rate': 0.4, 'target_domains': ['art_painting']}
Round 159 took 0.3874039649963379s, results:
{'t': 158, 'current_accuracy': 0.25390625, 'current_loss': 2.3050827980041504, 'train_loss': None, 'decision': 0, 'drift_rate': 0.4, 'target_domains': ['art_painting']}
Round 160 took 0.387453556060791s, results:
{'t': 159, 'current_accuracy': 0.25390625, 'current_loss': 2.3050830364227295, 'train_loss': None, 'decision': 0, 'drift_rate': 0.4, 'target_domains': ['art_painting']}
Round 161 took 0.3871188163757324s, results:
{'t': 160, 'current_accuracy': 0.25390625, 'current_loss': 2.3050827980041504, 'train_loss': None, 'decision': 0, 'drift_rate': 0.0, 'target_domains': ['art_painting']}
Round 162 took 0.38738560676574707s, results:
{'t': 161, 'current_accuracy': 0.25390625, 'current_loss': 2.30508291721344, 'train_loss': None, 'decision': 0, 'drift_rate': 0.0, 'target_domains': ['art_painting']}
Round 163 took 0.387188196182251s, results:
{'t': 162, 'current_accuracy': 0.25390625, 'current_loss': 2.3050830364227295, 'train_loss': None, 'decision': 0, 'drift_rate': 0.0, 'target_domains': ['art_painting']}
Round 164 took 0.3867058753967285s, results:
{'t': 163, 'current_accuracy': 0.25390625, 'current_loss': 2.30508291721344, 'train_loss': None, 'decision': 0, 'drift_rate': 0.0, 'target_domains': ['art_painting']}
Average loss over 2 updates: 2.2290
Round 165 took 0.7402215003967285s, results:
{'t': 164, 'current_accuracy': 0.25390625, 'current_loss': 2.3050827980041504, 'train_loss': 2.2289713621139526, 'decision': 1, 'drift_rate': 0.0, 'target_domains': ['art_painting']}
Average loss over 2 updates: 2.7702
Round 166 took 0.7363936901092529s, results:
{'t': 165, 'current_accuracy': 0.24609375, 'current_loss': 2.5910316705703735, 'train_loss': 2.770218253135681, 'decision': 1, 'drift_rate': 0.0, 'target_domains': ['art_painting']}
Round 167 took 0.38392090797424316s, results:
{'t': 166, 'current_accuracy': 0.23828125, 'current_loss': 1.8814637064933777, 'train_loss': None, 'decision': 0, 'drift_rate': 0.0, 'target_domains': ['art_painting']}
Round 168 took 0.3837883472442627s, results:
{'t': 167, 'current_accuracy': 0.23828125, 'current_loss': 1.8814634084701538, 'train_loss': None, 'decision': 0, 'drift_rate': 0.0, 'target_domains': ['art_painting']}
Round 169 took 0.3849754333496094s, results:
{'t': 168, 'current_accuracy': 0.23828125, 'current_loss': 1.8814635276794434, 'train_loss': None, 'decision': 0, 'drift_rate': 0.0, 'target_domains': ['art_painting']}
Round 170 took 0.3842625617980957s, results:
{'t': 169, 'current_accuracy': 0.23828125, 'current_loss': 1.8814634084701538, 'train_loss': None, 'decision': 0, 'drift_rate': 0.0, 'target_domains': ['art_painting']}
Round 171 took 0.38436031341552734s, results:
{'t': 170, 'current_accuracy': 0.23828125, 'current_loss': 1.8814635872840881, 'train_loss': None, 'decision': 0, 'drift_rate': 0.0, 'target_domains': ['art_painting']}
Round 172 took 0.3847360610961914s, results:
{'t': 171, 'current_accuracy': 0.23828125, 'current_loss': 1.8814635276794434, 'train_loss': None, 'decision': 0, 'drift_rate': 0.0, 'target_domains': ['art_painting']}
Round 173 took 0.38304781913757324s, results:
{'t': 172, 'current_accuracy': 0.23828125, 'current_loss': 1.8814635276794434, 'train_loss': None, 'decision': 0, 'drift_rate': 0.0, 'target_domains': ['art_painting']}
Round 174 took 0.3828914165496826s, results:
{'t': 173, 'current_accuracy': 0.23828125, 'current_loss': 1.8814634680747986, 'train_loss': None, 'decision': 0, 'drift_rate': 0.0, 'target_domains': ['art_painting']}
Round 175 took 0.38291263580322266s, results:
{'t': 174, 'current_accuracy': 0.23828125, 'current_loss': 1.8814637064933777, 'train_loss': None, 'decision': 0, 'drift_rate': 0.0, 'target_domains': ['art_painting']}
Round 176 took 0.3832218647003174s, results:
{'t': 175, 'current_accuracy': 0.23828125, 'current_loss': 1.8814632892608643, 'train_loss': None, 'decision': 0, 'drift_rate': 0.0, 'target_domains': ['art_painting']}
Round 177 took 0.38239455223083496s, results:
{'t': 176, 'current_accuracy': 0.23828125, 'current_loss': 1.8814635276794434, 'train_loss': None, 'decision': 0, 'drift_rate': 0.0, 'target_domains': ['art_painting']}
Round 178 took 0.38274240493774414s, results:
{'t': 177, 'current_accuracy': 0.23828125, 'current_loss': 1.8814634680747986, 'train_loss': None, 'decision': 0, 'drift_rate': 0.0, 'target_domains': ['art_painting']}
Round 179 took 0.38394808769226074s, results:
{'t': 178, 'current_accuracy': 0.23828125, 'current_loss': 1.881463348865509, 'train_loss': None, 'decision': 0, 'drift_rate': 0.0, 'target_domains': ['art_painting']}
Round 180 took 0.4006612300872803s, results:
{'t': 179, 'current_accuracy': 0.23828125, 'current_loss': 1.8814634084701538, 'train_loss': None, 'decision': 0, 'drift_rate': 0.0, 'target_domains': ['art_painting']}
Round 181 took 0.38298630714416504s, results:
{'t': 180, 'current_accuracy': 0.23828125, 'current_loss': 1.8814634084701538, 'train_loss': None, 'decision': 0, 'drift_rate': 0.0, 'target_domains': ['art_painting']}
Round 182 took 0.38329434394836426s, results:
{'t': 181, 'current_accuracy': 0.23828125, 'current_loss': 1.8814635276794434, 'train_loss': None, 'decision': 0, 'drift_rate': 0.0, 'target_domains': ['art_painting']}
Round 183 took 0.3824961185455322s, results:
{'t': 182, 'current_accuracy': 0.23828125, 'current_loss': 1.8814634084701538, 'train_loss': None, 'decision': 0, 'drift_rate': 0.0, 'target_domains': ['art_painting']}
Round 184 took 0.38485050201416016s, results:
{'t': 183, 'current_accuracy': 0.23828125, 'current_loss': 1.8814634680747986, 'train_loss': None, 'decision': 0, 'drift_rate': 0.0, 'target_domains': ['art_painting']}
Round 185 took 0.3838212490081787s, results:
{'t': 184, 'current_accuracy': 0.23828125, 'current_loss': 1.8814634680747986, 'train_loss': None, 'decision': 0, 'drift_rate': 0.0, 'target_domains': ['art_painting']}
Round 186 took 0.38269639015197754s, results:
{'t': 185, 'current_accuracy': 0.23828125, 'current_loss': 1.8814634084701538, 'train_loss': None, 'decision': 0, 'drift_rate': 0.0, 'target_domains': ['art_painting']}
Round 187 took 0.3845481872558594s, results:
{'t': 186, 'current_accuracy': 0.23828125, 'current_loss': 1.8814635872840881, 'train_loss': None, 'decision': 0, 'drift_rate': 0.0, 'target_domains': ['art_painting']}
Round 188 took 0.39397311210632324s, results:
{'t': 187, 'current_accuracy': 0.23828125, 'current_loss': 1.8814634084701538, 'train_loss': None, 'decision': 0, 'drift_rate': 0.0, 'target_domains': ['art_painting']}
Round 189 took 0.38474059104919434s, results:
{'t': 188, 'current_accuracy': 0.23828125, 'current_loss': 1.8814634680747986, 'train_loss': None, 'decision': 0, 'drift_rate': 0.0, 'target_domains': ['art_painting']}
Round 190 took 0.3837130069732666s, results:
{'t': 189, 'current_accuracy': 0.23828125, 'current_loss': 1.8814635276794434, 'train_loss': None, 'decision': 0, 'drift_rate': 0.0, 'target_domains': ['art_painting']}
Round 191 took 0.38317155838012695s, results:
{'t': 190, 'current_accuracy': 0.23828125, 'current_loss': 1.8814635872840881, 'train_loss': None, 'decision': 0, 'drift_rate': 0.0, 'target_domains': ['art_painting']}
Round 192 took 0.38620996475219727s, results:
{'t': 191, 'current_accuracy': 0.23828125, 'current_loss': 1.8814634680747986, 'train_loss': None, 'decision': 0, 'drift_rate': 0.0, 'target_domains': ['art_painting']}
Round 193 took 0.3820490837097168s, results:
{'t': 192, 'current_accuracy': 0.23828125, 'current_loss': 1.8814634680747986, 'train_loss': None, 'decision': 0, 'drift_rate': 0.0, 'target_domains': ['art_painting']}
Round 194 took 0.38172078132629395s, results:
{'t': 193, 'current_accuracy': 0.23828125, 'current_loss': 1.8814634084701538, 'train_loss': None, 'decision': 0, 'drift_rate': 0.0, 'target_domains': ['art_painting']}
Round 195 took 0.3809671401977539s, results:
{'t': 194, 'current_accuracy': 0.23828125, 'current_loss': 1.8814635276794434, 'train_loss': None, 'decision': 0, 'drift_rate': 0.0, 'target_domains': ['art_painting']}
Round 196 took 0.38220930099487305s, results:
{'t': 195, 'current_accuracy': 0.23828125, 'current_loss': 1.8814634680747986, 'train_loss': None, 'decision': 0, 'drift_rate': 0.0, 'target_domains': ['art_painting']}
Round 197 took 0.38151049613952637s, results:
{'t': 196, 'current_accuracy': 0.23828125, 'current_loss': 1.8814635276794434, 'train_loss': None, 'decision': 0, 'drift_rate': 0.0, 'target_domains': ['art_painting']}
Round 198 took 0.38132596015930176s, results:
{'t': 197, 'current_accuracy': 0.23828125, 'current_loss': 1.8814634084701538, 'train_loss': None, 'decision': 0, 'drift_rate': 0.0, 'target_domains': ['art_painting']}
Round 199 took 0.38144779205322266s, results:
{'t': 198, 'current_accuracy': 0.23828125, 'current_loss': 1.881463348865509, 'train_loss': None, 'decision': 0, 'drift_rate': 0.0, 'target_domains': ['art_painting']}
Round 200 took 0.38187527656555176s, results:
{'t': 199, 'current_accuracy': 0.23828125, 'current_loss': 1.8814634084701538, 'train_loss': None, 'decision': 0, 'drift_rate': 0.0, 'target_domains': ['art_painting']}
Average time per round: 0.4254703390598297
Total time: 85.09406781196594
