Using the latest cached version of the dataset since flwrlabs/pacs couldn't be found on the Hugging Face Hub
Found the latest cached dataset configuration 'default' at /home/apiasecz/.cache/huggingface/datasets/flwrlabs___pacs/default/0.0.0/394113073258ead631f617d2e13bb377c0715c4b (last modified on Wed Jan 29 16:59:35 2025).
Using the latest cached version of the dataset since flwrlabs/pacs couldn't be found on the Hugging Face Hub
Found the latest cached dataset configuration 'default' at /home/apiasecz/.cache/huggingface/datasets/flwrlabs___pacs/default/0.0.0/394113073258ead631f617d2e13bb377c0715c4b (last modified on Wed Jan 29 16:59:35 2025).
Using the latest cached version of the dataset since flwrlabs/pacs couldn't be found on the Hugging Face Hub
Found the latest cached dataset configuration 'default' at /home/apiasecz/.cache/huggingface/datasets/flwrlabs___pacs/default/0.0.0/394113073258ead631f617d2e13bb377c0715c4b (last modified on Wed Jan 29 16:59:35 2025).
Device: cuda
CUDA Version: 12.1
cuDNN Version: 8902
PyTorch Version: 2.3.0

Model used: PACSCNN
Initial dataset creation
Initial dataset creation
Initial loss: 44.38033676147461
<__main__.Policy object at 0x1480ebea56d0>
44.38033676147461
Loss historical diff: 1.4759159088134766; Loss Difference: 0.0, Decision: 0
Round 1 took 4.611628770828247s, results:
{'t': 0, 'current_accuracy': 0.13671875, 'current_loss': 45.856252670288086, 'train_loss': None, 'decision': 0, 'drift_rate': 0.0, 'target_domains': ['photo']}
Loss historical diff: 1.4759178161621094; Loss Difference: 0.0, Decision: 0
Round 2 took 4.452063798904419s, results:
{'t': 1, 'current_accuracy': 0.13671875, 'current_loss': 45.85625457763672, 'train_loss': None, 'decision': 0, 'drift_rate': 0.0, 'target_domains': ['photo']}
Loss historical diff: 1.475921630859375; Loss Difference: 0.0, Decision: 0
Round 3 took 4.750702857971191s, results:
{'t': 2, 'current_accuracy': 0.13671875, 'current_loss': 45.856258392333984, 'train_loss': None, 'decision': 0, 'drift_rate': 0.0, 'target_domains': ['photo']}
Loss historical diff: 1.4759197235107422; Loss Difference: 0.0, Decision: 0
Round 4 took 4.541213035583496s, results:
{'t': 3, 'current_accuracy': 0.13671875, 'current_loss': 45.85625648498535, 'train_loss': None, 'decision': 0, 'drift_rate': 0.0, 'target_domains': ['photo']}
Loss historical diff: 1.4759159088134766; Loss Difference: 0.0, Decision: 0
Round 5 took 4.875316381454468s, results:
{'t': 4, 'current_accuracy': 0.13671875, 'current_loss': 45.856252670288086, 'train_loss': None, 'decision': 0, 'drift_rate': 0.0, 'target_domains': ['photo']}
Loss historical diff: 1.4759140014648438; Loss Difference: 0.0, Decision: 0
Round 6 took 4.170977592468262s, results:
{'t': 5, 'current_accuracy': 0.13671875, 'current_loss': 45.85625076293945, 'train_loss': None, 'decision': 0, 'drift_rate': 0.0, 'target_domains': ['photo']}
Loss historical diff: 1.4759235382080078; Loss Difference: 0.0, Decision: 0
Round 7 took 5.008397817611694s, results:
{'t': 6, 'current_accuracy': 0.13671875, 'current_loss': 45.85626029968262, 'train_loss': None, 'decision': 0, 'drift_rate': 0.0, 'target_domains': ['photo']}
Loss historical diff: 1.4759178161621094; Loss Difference: 0.0, Decision: 0
Round 8 took 4.0716493129730225s, results:
{'t': 7, 'current_accuracy': 0.13671875, 'current_loss': 45.85625457763672, 'train_loss': None, 'decision': 0, 'drift_rate': 0.0, 'target_domains': ['photo']}
Loss historical diff: 1.4759197235107422; Loss Difference: 0.0, Decision: 0
Round 9 took 3.8390860557556152s, results:
{'t': 8, 'current_accuracy': 0.13671875, 'current_loss': 45.85625648498535, 'train_loss': None, 'decision': 0, 'drift_rate': 0.0, 'target_domains': ['photo']}
Loss historical diff: 1.4759178161621094; Loss Difference: 0.0, Decision: 0
Round 10 took 4.2919251918792725s, results:
{'t': 9, 'current_accuracy': 0.13671875, 'current_loss': 45.85625457763672, 'train_loss': None, 'decision': 0, 'drift_rate': 0.0, 'target_domains': ['photo']}
Loss historical diff: 1.475912094116211; Loss Difference: 0.0, Decision: 0
Round 11 took 4.3426690101623535s, results:
{'t': 10, 'current_accuracy': 0.13671875, 'current_loss': 45.85624885559082, 'train_loss': None, 'decision': 0, 'drift_rate': 0.0, 'target_domains': ['photo']}
Loss historical diff: 1.475921630859375; Loss Difference: 0.0, Decision: 0
Round 12 took 5.020134449005127s, results:
{'t': 11, 'current_accuracy': 0.13671875, 'current_loss': 45.856258392333984, 'train_loss': None, 'decision': 0, 'drift_rate': 0.0, 'target_domains': ['photo']}
Loss historical diff: 1.4759140014648438; Loss Difference: 0.0, Decision: 0
Round 13 took 4.043620824813843s, results:
{'t': 12, 'current_accuracy': 0.13671875, 'current_loss': 45.85625076293945, 'train_loss': None, 'decision': 0, 'drift_rate': 0.0, 'target_domains': ['photo']}
Loss historical diff: 1.475921630859375; Loss Difference: 0.0, Decision: 0
Round 14 took 4.915694236755371s, results:
{'t': 13, 'current_accuracy': 0.13671875, 'current_loss': 45.856258392333984, 'train_loss': None, 'decision': 0, 'drift_rate': 0.0, 'target_domains': ['photo']}
Loss historical diff: 1.4759254455566406; Loss Difference: 0.0, Decision: 0
Round 15 took 4.24752402305603s, results:
{'t': 14, 'current_accuracy': 0.13671875, 'current_loss': 45.85626220703125, 'train_loss': None, 'decision': 0, 'drift_rate': 0.0, 'target_domains': ['photo']}
Loss historical diff: 1.4759197235107422; Loss Difference: 0.0, Decision: 0
Round 16 took 4.756385326385498s, results:
{'t': 15, 'current_accuracy': 0.13671875, 'current_loss': 45.85625648498535, 'train_loss': None, 'decision': 0, 'drift_rate': 0.0, 'target_domains': ['photo']}
Loss historical diff: 1.4759197235107422; Loss Difference: 0.0, Decision: 0
Round 17 took 4.368849992752075s, results:
{'t': 16, 'current_accuracy': 0.13671875, 'current_loss': 45.85625648498535, 'train_loss': None, 'decision': 0, 'drift_rate': 0.0, 'target_domains': ['photo']}
Loss historical diff: 1.4759197235107422; Loss Difference: 0.0, Decision: 0
Round 18 took 4.440346002578735s, results:
{'t': 17, 'current_accuracy': 0.13671875, 'current_loss': 45.85625648498535, 'train_loss': None, 'decision': 0, 'drift_rate': 0.0, 'target_domains': ['photo']}
Loss historical diff: 1.475921630859375; Loss Difference: 0.0, Decision: 0
Round 19 took 4.490168571472168s, results:
{'t': 18, 'current_accuracy': 0.13671875, 'current_loss': 45.856258392333984, 'train_loss': None, 'decision': 0, 'drift_rate': 0.0, 'target_domains': ['photo']}
Loss historical diff: 1.4759254455566406; Loss Difference: 0.0, Decision: 0
Round 20 took 4.022958517074585s, results:
{'t': 19, 'current_accuracy': 0.13671875, 'current_loss': 45.85626220703125, 'train_loss': None, 'decision': 0, 'drift_rate': 0.0, 'target_domains': ['photo']}
Loss historical diff: 1.4759197235107422; Loss Difference: 0.0, Decision: 0
Round 21 took 5.00820517539978s, results:
{'t': 20, 'current_accuracy': 0.13671875, 'current_loss': 45.85625648498535, 'train_loss': None, 'decision': 0, 'drift_rate': 0.0, 'target_domains': ['photo']}
Loss historical diff: 1.4759178161621094; Loss Difference: 0.0, Decision: 0
Round 22 took 4.228628635406494s, results:
{'t': 21, 'current_accuracy': 0.13671875, 'current_loss': 45.85625457763672, 'train_loss': None, 'decision': 0, 'drift_rate': 0.0, 'target_domains': ['photo']}
Loss historical diff: 1.4759178161621094; Loss Difference: 0.0, Decision: 0
Round 23 took 4.351817846298218s, results:
{'t': 22, 'current_accuracy': 0.13671875, 'current_loss': 45.85625457763672, 'train_loss': None, 'decision': 0, 'drift_rate': 0.0, 'target_domains': ['photo']}
Loss historical diff: 1.4759178161621094; Loss Difference: 0.0, Decision: 0
Round 24 took 4.950762033462524s, results:
{'t': 23, 'current_accuracy': 0.13671875, 'current_loss': 45.85625457763672, 'train_loss': None, 'decision': 0, 'drift_rate': 0.0, 'target_domains': ['photo']}
Loss historical diff: 1.475912094116211; Loss Difference: 0.0, Decision: 0
Round 25 took 4.331308841705322s, results:
{'t': 24, 'current_accuracy': 0.13671875, 'current_loss': 45.85624885559082, 'train_loss': None, 'decision': 0, 'drift_rate': 0.0, 'target_domains': ['photo']}
Loss historical diff: 1.4759159088134766; Loss Difference: 0.0, Decision: 0
Round 26 took 4.843125581741333s, results:
{'t': 25, 'current_accuracy': 0.13671875, 'current_loss': 45.856252670288086, 'train_loss': None, 'decision': 0, 'drift_rate': 0.0, 'target_domains': ['photo']}
Loss historical diff: 1.475921630859375; Loss Difference: 0.0, Decision: 0
Round 27 took 3.8457610607147217s, results:
{'t': 26, 'current_accuracy': 0.13671875, 'current_loss': 45.856258392333984, 'train_loss': None, 'decision': 0, 'drift_rate': 0.0, 'target_domains': ['photo']}
Loss historical diff: 1.475931167602539; Loss Difference: 0.0, Decision: 0
Round 28 took 4.04054069519043s, results:
{'t': 27, 'current_accuracy': 0.13671875, 'current_loss': 45.85626792907715, 'train_loss': None, 'decision': 0, 'drift_rate': 0.0, 'target_domains': ['photo']}
Loss historical diff: 1.4759235382080078; Loss Difference: 0.0, Decision: 0
Round 29 took 4.053679704666138s, results:
{'t': 28, 'current_accuracy': 0.13671875, 'current_loss': 45.85626029968262, 'train_loss': None, 'decision': 0, 'drift_rate': 0.0, 'target_domains': ['photo']}
Loss historical diff: 1.4759178161621094; Loss Difference: 0.0, Decision: 0
Round 30 took 4.163550853729248s, results:
{'t': 29, 'current_accuracy': 0.13671875, 'current_loss': 45.85625457763672, 'train_loss': None, 'decision': 0, 'drift_rate': 0.0, 'target_domains': ['photo']}
Loss historical diff: 1.4759159088134766; Loss Difference: 0.0, Decision: 0
Round 31 took 4.556154727935791s, results:
{'t': 30, 'current_accuracy': 0.13671875, 'current_loss': 45.856252670288086, 'train_loss': None, 'decision': 0, 'drift_rate': 0.0, 'target_domains': ['photo']}
Loss historical diff: 1.4759197235107422; Loss Difference: 0.0, Decision: 0
Round 32 took 4.9172139167785645s, results:
{'t': 31, 'current_accuracy': 0.13671875, 'current_loss': 45.85625648498535, 'train_loss': None, 'decision': 0, 'drift_rate': 0.0, 'target_domains': ['photo']}
Loss historical diff: 1.4759140014648438; Loss Difference: 0.0, Decision: 0
Round 33 took 4.800646781921387s, results:
{'t': 32, 'current_accuracy': 0.13671875, 'current_loss': 45.85625076293945, 'train_loss': None, 'decision': 0, 'drift_rate': 0.0, 'target_domains': ['photo']}
Loss historical diff: 1.4759140014648438; Loss Difference: 0.0, Decision: 0
Round 34 took 4.304844856262207s, results:
{'t': 33, 'current_accuracy': 0.13671875, 'current_loss': 45.85625076293945, 'train_loss': None, 'decision': 0, 'drift_rate': 0.0, 'target_domains': ['photo']}
Loss historical diff: 1.4759235382080078; Loss Difference: 0.0, Decision: 0
Round 35 took 4.120580673217773s, results:
{'t': 34, 'current_accuracy': 0.13671875, 'current_loss': 45.85626029968262, 'train_loss': None, 'decision': 0, 'drift_rate': 0.0, 'target_domains': ['photo']}
Loss historical diff: 1.4759140014648438; Loss Difference: 0.0, Decision: 0
Round 36 took 4.317920207977295s, results:
{'t': 35, 'current_accuracy': 0.13671875, 'current_loss': 45.85625076293945, 'train_loss': None, 'decision': 0, 'drift_rate': 0.0, 'target_domains': ['photo']}
Loss historical diff: 1.475921630859375; Loss Difference: 0.0, Decision: 0
Round 37 took 4.30440616607666s, results:
{'t': 36, 'current_accuracy': 0.13671875, 'current_loss': 45.856258392333984, 'train_loss': None, 'decision': 0, 'drift_rate': 0.0, 'target_domains': ['photo']}
Loss historical diff: 1.4759140014648438; Loss Difference: 0.0, Decision: 0
Round 38 took 4.343155860900879s, results:
{'t': 37, 'current_accuracy': 0.13671875, 'current_loss': 45.85625076293945, 'train_loss': None, 'decision': 0, 'drift_rate': 0.0, 'target_domains': ['photo']}
Loss historical diff: 1.4759159088134766; Loss Difference: 0.0, Decision: 0
Round 39 took 4.161912679672241s, results:
{'t': 38, 'current_accuracy': 0.13671875, 'current_loss': 45.856252670288086, 'train_loss': None, 'decision': 0, 'drift_rate': 0.0, 'target_domains': ['photo']}
Loss historical diff: 1.4759235382080078; Loss Difference: 0.0, Decision: 0
Round 40 took 4.755862474441528s, results:
{'t': 39, 'current_accuracy': 0.13671875, 'current_loss': 45.85626029968262, 'train_loss': None, 'decision': 0, 'drift_rate': 0.0, 'target_domains': ['photo']}
Loss historical diff: 1.4759235382080078; Loss Difference: 0.0, Decision: 0
Round 41 took 4.718774318695068s, results:
{'t': 40, 'current_accuracy': 0.13671875, 'current_loss': 45.85626029968262, 'train_loss': None, 'decision': 0, 'drift_rate': 0.0, 'target_domains': ['photo']}
Loss historical diff: 1.4759178161621094; Loss Difference: 0.0, Decision: 0
Round 42 took 4.827767610549927s, results:
{'t': 41, 'current_accuracy': 0.13671875, 'current_loss': 45.85625457763672, 'train_loss': None, 'decision': 0, 'drift_rate': 0.0, 'target_domains': ['photo']}
Loss historical diff: 1.4759159088134766; Loss Difference: 0.0, Decision: 0
Round 43 took 4.660808801651001s, results:
{'t': 42, 'current_accuracy': 0.13671875, 'current_loss': 45.856252670288086, 'train_loss': None, 'decision': 0, 'drift_rate': 0.0, 'target_domains': ['photo']}
Loss historical diff: 1.4759197235107422; Loss Difference: 0.0, Decision: 0
Round 44 took 4.157876014709473s, results:
{'t': 43, 'current_accuracy': 0.13671875, 'current_loss': 45.85625648498535, 'train_loss': None, 'decision': 0, 'drift_rate': 0.0, 'target_domains': ['photo']}
Loss historical diff: 1.4759140014648438; Loss Difference: 0.0, Decision: 0
Round 45 took 4.863595008850098s, results:
{'t': 44, 'current_accuracy': 0.13671875, 'current_loss': 45.85625076293945, 'train_loss': None, 'decision': 0, 'drift_rate': 0.0, 'target_domains': ['photo']}
Loss historical diff: 1.4759159088134766; Loss Difference: 0.0, Decision: 0
Round 46 took 4.482609987258911s, results:
{'t': 45, 'current_accuracy': 0.13671875, 'current_loss': 45.856252670288086, 'train_loss': None, 'decision': 0, 'drift_rate': 0.4, 'target_domains': ['photo']}
Loss historical diff: 1.4759197235107422; Loss Difference: 0.0, Decision: 0
Round 47 took 4.759308099746704s, results:
{'t': 46, 'current_accuracy': 0.13671875, 'current_loss': 45.85625648498535, 'train_loss': None, 'decision': 0, 'drift_rate': 0.4, 'target_domains': ['photo']}
Loss historical diff: 1.475921630859375; Loss Difference: 0.0, Decision: 0
Round 48 took 4.391741991043091s, results:
{'t': 47, 'current_accuracy': 0.13671875, 'current_loss': 45.856258392333984, 'train_loss': None, 'decision': 0, 'drift_rate': 0.4, 'target_domains': ['photo']}
Loss historical diff: 1.4759254455566406; Loss Difference: 0.0, Decision: 0
Round 49 took 4.864148378372192s, results:
{'t': 48, 'current_accuracy': 0.13671875, 'current_loss': 45.85626220703125, 'train_loss': None, 'decision': 0, 'drift_rate': 0.0, 'target_domains': ['photo']}
Loss historical diff: 1.4759197235107422; Loss Difference: 0.0, Decision: 0
Round 50 took 4.330003499984741s, results:
{'t': 49, 'current_accuracy': 0.13671875, 'current_loss': 45.85625648498535, 'train_loss': None, 'decision': 0, 'drift_rate': 0.0, 'target_domains': ['photo']}
Loss historical diff: 1.475921630859375; Loss Difference: 0.0, Decision: 0
Round 51 took 4.23945951461792s, results:
{'t': 50, 'current_accuracy': 0.13671875, 'current_loss': 45.856258392333984, 'train_loss': None, 'decision': 0, 'drift_rate': 0.0, 'target_domains': ['photo']}
Loss historical diff: 1.4759197235107422; Loss Difference: 0.0, Decision: 0
Round 52 took 4.902351379394531s, results:
{'t': 51, 'current_accuracy': 0.13671875, 'current_loss': 45.85625648498535, 'train_loss': None, 'decision': 0, 'drift_rate': 0.0, 'target_domains': ['photo']}
Loss historical diff: 1.4759197235107422; Loss Difference: 0.0, Decision: 0
Round 53 took 4.944413900375366s, results:
{'t': 52, 'current_accuracy': 0.13671875, 'current_loss': 45.85625648498535, 'train_loss': None, 'decision': 0, 'drift_rate': 0.0, 'target_domains': ['photo']}
Loss historical diff: 1.4759159088134766; Loss Difference: 0.0, Decision: 0
Round 54 took 4.2720160484313965s, results:
{'t': 53, 'current_accuracy': 0.13671875, 'current_loss': 45.856252670288086, 'train_loss': None, 'decision': 0, 'drift_rate': 0.0, 'target_domains': ['photo']}
Loss historical diff: 1.475921630859375; Loss Difference: 0.0, Decision: 0
Round 55 took 4.387481927871704s, results:
{'t': 54, 'current_accuracy': 0.13671875, 'current_loss': 45.856258392333984, 'train_loss': None, 'decision': 0, 'drift_rate': 0.0, 'target_domains': ['photo']}
Loss historical diff: 1.475921630859375; Loss Difference: 0.0, Decision: 0
Round 56 took 4.645928382873535s, results:
{'t': 55, 'current_accuracy': 0.13671875, 'current_loss': 45.856258392333984, 'train_loss': None, 'decision': 0, 'drift_rate': 0.0, 'target_domains': ['photo']}
Loss historical diff: 1.4759178161621094; Loss Difference: 0.0, Decision: 0
Round 57 took 5.11893630027771s, results:
{'t': 56, 'current_accuracy': 0.13671875, 'current_loss': 45.85625457763672, 'train_loss': None, 'decision': 0, 'drift_rate': 0.0, 'target_domains': ['photo']}
Loss historical diff: 1.4759197235107422; Loss Difference: 0.0, Decision: 0
Round 58 took 4.639003276824951s, results:
{'t': 57, 'current_accuracy': 0.13671875, 'current_loss': 45.85625648498535, 'train_loss': None, 'decision': 0, 'drift_rate': 0.0, 'target_domains': ['photo']}
Loss historical diff: 1.4759178161621094; Loss Difference: 0.0, Decision: 0
Round 59 took 4.720890283584595s, results:
{'t': 58, 'current_accuracy': 0.13671875, 'current_loss': 45.85625457763672, 'train_loss': None, 'decision': 0, 'drift_rate': 0.0, 'target_domains': ['photo']}
Loss historical diff: 1.475921630859375; Loss Difference: 0.0, Decision: 0
Round 60 took 4.185624837875366s, results:
{'t': 59, 'current_accuracy': 0.13671875, 'current_loss': 45.856258392333984, 'train_loss': None, 'decision': 0, 'drift_rate': 0.0, 'target_domains': ['photo']}
Loss historical diff: 1.475921630859375; Loss Difference: 0.0, Decision: 0
Round 61 took 4.6251091957092285s, results:
{'t': 60, 'current_accuracy': 0.13671875, 'current_loss': 45.856258392333984, 'train_loss': None, 'decision': 0, 'drift_rate': 0.0, 'target_domains': ['photo']}
Loss historical diff: 1.475921630859375; Loss Difference: 0.0, Decision: 0
Round 62 took 4.51628851890564s, results:
{'t': 61, 'current_accuracy': 0.13671875, 'current_loss': 45.856258392333984, 'train_loss': None, 'decision': 0, 'drift_rate': 0.0, 'target_domains': ['photo']}
Loss historical diff: 1.4759178161621094; Loss Difference: 0.0, Decision: 0
Round 63 took 4.484080076217651s, results:
{'t': 62, 'current_accuracy': 0.13671875, 'current_loss': 45.85625457763672, 'train_loss': None, 'decision': 0, 'drift_rate': 0.0, 'target_domains': ['photo']}
Loss historical diff: 1.4759178161621094; Loss Difference: 0.0, Decision: 0
Round 64 took 4.068870782852173s, results:
{'t': 63, 'current_accuracy': 0.13671875, 'current_loss': 45.85625457763672, 'train_loss': None, 'decision': 0, 'drift_rate': 0.0, 'target_domains': ['photo']}
Loss historical diff: 1.475912094116211; Loss Difference: 0.0, Decision: 0
Round 65 took 4.436368703842163s, results:
{'t': 64, 'current_accuracy': 0.13671875, 'current_loss': 45.85624885559082, 'train_loss': None, 'decision': 0, 'drift_rate': 0.0, 'target_domains': ['photo']}
Loss historical diff: 1.4759159088134766; Loss Difference: 0.0, Decision: 0
Round 66 took 4.33600640296936s, results:
{'t': 65, 'current_accuracy': 0.13671875, 'current_loss': 45.856252670288086, 'train_loss': None, 'decision': 0, 'drift_rate': 0.0, 'target_domains': ['photo']}
Loss historical diff: 1.4759254455566406; Loss Difference: 0.0, Decision: 0
Round 67 took 4.490990161895752s, results:
{'t': 66, 'current_accuracy': 0.13671875, 'current_loss': 45.85626220703125, 'train_loss': None, 'decision': 0, 'drift_rate': 0.0, 'target_domains': ['photo']}
Loss historical diff: 1.4759235382080078; Loss Difference: 0.0, Decision: 0
Round 68 took 4.521654367446899s, results:
{'t': 67, 'current_accuracy': 0.13671875, 'current_loss': 45.85626029968262, 'train_loss': None, 'decision': 0, 'drift_rate': 0.0, 'target_domains': ['photo']}
Loss historical diff: 1.475921630859375; Loss Difference: 0.0, Decision: 0
Round 69 took 4.604045152664185s, results:
{'t': 68, 'current_accuracy': 0.13671875, 'current_loss': 45.856258392333984, 'train_loss': None, 'decision': 0, 'drift_rate': 0.0, 'target_domains': ['photo']}
Loss historical diff: 1.4759140014648438; Loss Difference: 0.0, Decision: 0
Round 70 took 4.331350803375244s, results:
{'t': 69, 'current_accuracy': 0.13671875, 'current_loss': 45.85625076293945, 'train_loss': None, 'decision': 0, 'drift_rate': 0.0, 'target_domains': ['photo']}
Loss historical diff: 1.4759159088134766; Loss Difference: 0.0, Decision: 0
Round 71 took 4.347275733947754s, results:
{'t': 70, 'current_accuracy': 0.13671875, 'current_loss': 45.856252670288086, 'train_loss': None, 'decision': 0, 'drift_rate': 0.0, 'target_domains': ['photo']}
Loss historical diff: 1.4759178161621094; Loss Difference: 0.0, Decision: 0
Round 72 took 4.710586786270142s, results:
{'t': 71, 'current_accuracy': 0.13671875, 'current_loss': 45.85625457763672, 'train_loss': None, 'decision': 0, 'drift_rate': 0.0, 'target_domains': ['photo']}
Loss historical diff: 1.4759178161621094; Loss Difference: 0.0, Decision: 0
Round 73 took 4.445282936096191s, results:
{'t': 72, 'current_accuracy': 0.13671875, 'current_loss': 45.85625457763672, 'train_loss': None, 'decision': 0, 'drift_rate': 0.0, 'target_domains': ['photo']}
Loss historical diff: 1.475921630859375; Loss Difference: 0.0, Decision: 0
Round 74 took 4.899656534194946s, results:
{'t': 73, 'current_accuracy': 0.13671875, 'current_loss': 45.856258392333984, 'train_loss': None, 'decision': 0, 'drift_rate': 0.0, 'target_domains': ['photo']}
Loss historical diff: 1.4759197235107422; Loss Difference: 0.0, Decision: 0
Round 75 took 4.496960401535034s, results:
{'t': 74, 'current_accuracy': 0.13671875, 'current_loss': 45.85625648498535, 'train_loss': None, 'decision': 0, 'drift_rate': 0.0, 'target_domains': ['photo']}
Loss historical diff: 1.475921630859375; Loss Difference: 0.0, Decision: 0
Round 76 took 4.323869228363037s, results:
{'t': 75, 'current_accuracy': 0.13671875, 'current_loss': 45.856258392333984, 'train_loss': None, 'decision': 0, 'drift_rate': 0.0, 'target_domains': ['photo']}
Loss historical diff: 1.4759178161621094; Loss Difference: 0.0, Decision: 0
Round 77 took 4.746751546859741s, results:
{'t': 76, 'current_accuracy': 0.13671875, 'current_loss': 45.85625457763672, 'train_loss': None, 'decision': 0, 'drift_rate': 0.0, 'target_domains': ['photo']}
Loss historical diff: 1.4759178161621094; Loss Difference: 0.0, Decision: 0
Round 78 took 4.5727622509002686s, results:
{'t': 77, 'current_accuracy': 0.13671875, 'current_loss': 45.85625457763672, 'train_loss': None, 'decision': 0, 'drift_rate': 0.0, 'target_domains': ['photo']}
Loss historical diff: 1.4759197235107422; Loss Difference: 0.0, Decision: 0
Round 79 took 4.908431529998779s, results:
{'t': 78, 'current_accuracy': 0.13671875, 'current_loss': 45.85625648498535, 'train_loss': None, 'decision': 0, 'drift_rate': 0.0, 'target_domains': ['photo']}
Loss historical diff: 1.4759159088134766; Loss Difference: 0.0, Decision: 0
Round 80 took 4.863007545471191s, results:
{'t': 79, 'current_accuracy': 0.13671875, 'current_loss': 45.856252670288086, 'train_loss': None, 'decision': 0, 'drift_rate': 0.0, 'target_domains': ['photo']}
Loss historical diff: 1.475921630859375; Loss Difference: 0.0, Decision: 0
Round 81 took 4.843734264373779s, results:
{'t': 80, 'current_accuracy': 0.13671875, 'current_loss': 45.856258392333984, 'train_loss': None, 'decision': 0, 'drift_rate': 0.0, 'target_domains': ['photo']}
Loss historical diff: 1.4759140014648438; Loss Difference: 0.0, Decision: 0
Round 82 took 4.59624457359314s, results:
{'t': 81, 'current_accuracy': 0.13671875, 'current_loss': 45.85625076293945, 'train_loss': None, 'decision': 0, 'drift_rate': 0.0, 'target_domains': ['photo']}
Loss historical diff: 1.475921630859375; Loss Difference: 0.0, Decision: 0
Round 83 took 4.3645546436309814s, results:
{'t': 82, 'current_accuracy': 0.13671875, 'current_loss': 45.856258392333984, 'train_loss': None, 'decision': 0, 'drift_rate': 0.0, 'target_domains': ['photo']}
Loss historical diff: 1.4759178161621094; Loss Difference: 0.0, Decision: 0
Round 84 took 4.067693710327148s, results:
{'t': 83, 'current_accuracy': 0.13671875, 'current_loss': 45.85625457763672, 'train_loss': None, 'decision': 0, 'drift_rate': 0.0, 'target_domains': ['photo']}
Loss historical diff: 1.4759178161621094; Loss Difference: 0.0, Decision: 0
Round 85 took 4.653201341629028s, results:
{'t': 84, 'current_accuracy': 0.13671875, 'current_loss': 45.85625457763672, 'train_loss': None, 'decision': 0, 'drift_rate': 0.0, 'target_domains': ['photo']}
Loss historical diff: 1.4759178161621094; Loss Difference: 0.0, Decision: 0
Round 86 took 3.929506301879883s, results:
{'t': 85, 'current_accuracy': 0.13671875, 'current_loss': 45.85625457763672, 'train_loss': None, 'decision': 0, 'drift_rate': 0.0, 'target_domains': ['photo']}
Loss historical diff: 1.4759197235107422; Loss Difference: 0.0, Decision: 0
Round 87 took 4.2391345500946045s, results:
{'t': 86, 'current_accuracy': 0.13671875, 'current_loss': 45.85625648498535, 'train_loss': None, 'decision': 0, 'drift_rate': 0.0, 'target_domains': ['photo']}
Loss historical diff: 1.4759159088134766; Loss Difference: 0.0, Decision: 0
Round 88 took 3.880117416381836s, results:
{'t': 87, 'current_accuracy': 0.13671875, 'current_loss': 45.856252670288086, 'train_loss': None, 'decision': 0, 'drift_rate': 0.0, 'target_domains': ['photo']}
Loss historical diff: 1.4759178161621094; Loss Difference: 0.0, Decision: 0
Round 89 took 4.261462211608887s, results:
{'t': 88, 'current_accuracy': 0.13671875, 'current_loss': 45.85625457763672, 'train_loss': None, 'decision': 0, 'drift_rate': 0.0, 'target_domains': ['photo']}
Loss historical diff: 1.4759197235107422; Loss Difference: 0.0, Decision: 0
Round 90 took 4.327723026275635s, results:
{'t': 89, 'current_accuracy': 0.13671875, 'current_loss': 45.85625648498535, 'train_loss': None, 'decision': 0, 'drift_rate': 0.0, 'target_domains': ['photo']}
Loss historical diff: 1.475921630859375; Loss Difference: 0.0, Decision: 0
Round 91 took 4.527853012084961s, results:
{'t': 90, 'current_accuracy': 0.13671875, 'current_loss': 45.856258392333984, 'train_loss': None, 'decision': 0, 'drift_rate': 0.0, 'target_domains': ['photo']}
Loss historical diff: 1.4759235382080078; Loss Difference: 0.0, Decision: 0
Round 92 took 4.212820768356323s, results:
{'t': 91, 'current_accuracy': 0.13671875, 'current_loss': 45.85626029968262, 'train_loss': None, 'decision': 0, 'drift_rate': 0.0, 'target_domains': ['photo']}
Loss historical diff: 1.4759197235107422; Loss Difference: 0.0, Decision: 0
Round 93 took 4.696304559707642s, results:
{'t': 92, 'current_accuracy': 0.13671875, 'current_loss': 45.85625648498535, 'train_loss': None, 'decision': 0, 'drift_rate': 0.0, 'target_domains': ['photo']}
Loss historical diff: 1.4759235382080078; Loss Difference: 0.0, Decision: 0
Round 94 took 4.153061628341675s, results:
{'t': 93, 'current_accuracy': 0.13671875, 'current_loss': 45.85626029968262, 'train_loss': None, 'decision': 0, 'drift_rate': 0.0, 'target_domains': ['photo']}
Loss historical diff: 1.475921630859375; Loss Difference: 0.0, Decision: 0
Round 95 took 4.897700071334839s, results:
{'t': 94, 'current_accuracy': 0.13671875, 'current_loss': 45.856258392333984, 'train_loss': None, 'decision': 0, 'drift_rate': 0.0, 'target_domains': ['photo']}
Loss historical diff: 1.4759178161621094; Loss Difference: 0.0, Decision: 0
Round 96 took 4.367556571960449s, results:
{'t': 95, 'current_accuracy': 0.13671875, 'current_loss': 45.85625457763672, 'train_loss': None, 'decision': 0, 'drift_rate': 0.0, 'target_domains': ['photo']}
Loss historical diff: 1.475921630859375; Loss Difference: 0.0, Decision: 0
Round 97 took 3.993682861328125s, results:
{'t': 96, 'current_accuracy': 0.13671875, 'current_loss': 45.856258392333984, 'train_loss': None, 'decision': 0, 'drift_rate': 0.0, 'target_domains': ['photo']}
Loss historical diff: 1.4759197235107422; Loss Difference: 0.0, Decision: 0
Round 98 took 4.547763347625732s, results:
{'t': 97, 'current_accuracy': 0.13671875, 'current_loss': 45.85625648498535, 'train_loss': None, 'decision': 0, 'drift_rate': 0.0, 'target_domains': ['photo']}
Loss historical diff: 1.475921630859375; Loss Difference: 0.0, Decision: 0
Round 99 took 4.316222906112671s, results:
{'t': 98, 'current_accuracy': 0.13671875, 'current_loss': 45.856258392333984, 'train_loss': None, 'decision': 0, 'drift_rate': 0.0, 'target_domains': ['photo']}
Loss historical diff: 1.4759235382080078; Loss Difference: 0.0, Decision: 0
Round 100 took 4.061973571777344s, results:
{'t': 99, 'current_accuracy': 0.13671875, 'current_loss': 45.85626029968262, 'train_loss': None, 'decision': 0, 'drift_rate': 0.0, 'target_domains': ['photo']}
Loss historical diff: 1.475921630859375; Loss Difference: 0.0, Decision: 0
Round 101 took 3.914799213409424s, results:
{'t': 100, 'current_accuracy': 0.13671875, 'current_loss': 45.856258392333984, 'train_loss': None, 'decision': 0, 'drift_rate': 0.0, 'target_domains': ['photo']}
Loss historical diff: 1.4759140014648438; Loss Difference: 0.0, Decision: 0
Round 102 took 4.876878261566162s, results:
{'t': 101, 'current_accuracy': 0.13671875, 'current_loss': 45.85625076293945, 'train_loss': None, 'decision': 0, 'drift_rate': 0.0, 'target_domains': ['photo']}
Loss historical diff: 1.4759178161621094; Loss Difference: 0.0, Decision: 0
Round 103 took 4.306344509124756s, results:
{'t': 102, 'current_accuracy': 0.13671875, 'current_loss': 45.85625457763672, 'train_loss': None, 'decision': 0, 'drift_rate': 0.0, 'target_domains': ['photo']}
Loss historical diff: 1.4759178161621094; Loss Difference: 0.0, Decision: 0
Round 104 took 4.195378541946411s, results:
{'t': 103, 'current_accuracy': 0.13671875, 'current_loss': 45.85625457763672, 'train_loss': None, 'decision': 0, 'drift_rate': 0.0, 'target_domains': ['photo']}
Loss historical diff: 1.475921630859375; Loss Difference: 0.0, Decision: 0
Round 105 took 4.540038347244263s, results:
{'t': 104, 'current_accuracy': 0.13671875, 'current_loss': 45.856258392333984, 'train_loss': None, 'decision': 0, 'drift_rate': 0.0, 'target_domains': ['photo']}
Loss historical diff: 1.4759178161621094; Loss Difference: 0.0, Decision: 0
Round 106 took 4.370003700256348s, results:
{'t': 105, 'current_accuracy': 0.13671875, 'current_loss': 45.85625457763672, 'train_loss': None, 'decision': 0, 'drift_rate': 0.0, 'target_domains': ['photo']}
Loss historical diff: 1.4759197235107422; Loss Difference: 0.0, Decision: 0
Round 107 took 4.323875665664673s, results:
{'t': 106, 'current_accuracy': 0.13671875, 'current_loss': 45.85625648498535, 'train_loss': None, 'decision': 0, 'drift_rate': 0.0, 'target_domains': ['photo']}
Loss historical diff: 1.4759235382080078; Loss Difference: 0.0, Decision: 0
Round 108 took 4.561248064041138s, results:
{'t': 107, 'current_accuracy': 0.13671875, 'current_loss': 45.85626029968262, 'train_loss': None, 'decision': 0, 'drift_rate': 0.0, 'target_domains': ['photo']}
Loss historical diff: 1.4759235382080078; Loss Difference: 0.0, Decision: 0
Round 109 took 4.480379581451416s, results:
{'t': 108, 'current_accuracy': 0.13671875, 'current_loss': 45.85626029968262, 'train_loss': None, 'decision': 0, 'drift_rate': 0.0, 'target_domains': ['photo']}
Loss historical diff: 1.4759140014648438; Loss Difference: 0.0, Decision: 0
Round 110 took 4.68747615814209s, results:
{'t': 109, 'current_accuracy': 0.13671875, 'current_loss': 45.85625076293945, 'train_loss': None, 'decision': 0, 'drift_rate': 0.0, 'target_domains': ['photo']}
Loss historical diff: 1.4759159088134766; Loss Difference: 0.0, Decision: 0
Round 111 took 4.237527847290039s, results:
{'t': 110, 'current_accuracy': 0.13671875, 'current_loss': 45.856252670288086, 'train_loss': None, 'decision': 0, 'drift_rate': 0.0, 'target_domains': ['photo']}
Loss historical diff: 1.4759235382080078; Loss Difference: 0.0, Decision: 0
Round 112 took 4.208258628845215s, results:
{'t': 111, 'current_accuracy': 0.13671875, 'current_loss': 45.85626029968262, 'train_loss': None, 'decision': 0, 'drift_rate': 0.0, 'target_domains': ['photo']}
Loss historical diff: 1.4759197235107422; Loss Difference: 0.0, Decision: 0
Round 113 took 4.4770188331604s, results:
{'t': 112, 'current_accuracy': 0.13671875, 'current_loss': 45.85625648498535, 'train_loss': None, 'decision': 0, 'drift_rate': 0.0, 'target_domains': ['photo']}
Loss historical diff: 1.4759178161621094; Loss Difference: 0.0, Decision: 0
Round 114 took 4.698602676391602s, results:
{'t': 113, 'current_accuracy': 0.13671875, 'current_loss': 45.85625457763672, 'train_loss': None, 'decision': 0, 'drift_rate': 0.0, 'target_domains': ['photo']}
Loss historical diff: 1.4759197235107422; Loss Difference: 0.0, Decision: 0
Round 115 took 4.377301216125488s, results:
{'t': 114, 'current_accuracy': 0.13671875, 'current_loss': 45.85625648498535, 'train_loss': None, 'decision': 0, 'drift_rate': 0.0, 'target_domains': ['photo']}
Loss historical diff: 1.4759159088134766; Loss Difference: 0.0, Decision: 0
Round 116 took 4.239405393600464s, results:
{'t': 115, 'current_accuracy': 0.13671875, 'current_loss': 45.856252670288086, 'train_loss': None, 'decision': 0, 'drift_rate': 0.0, 'target_domains': ['photo']}
Loss historical diff: 1.4759197235107422; Loss Difference: 0.0, Decision: 0
Round 117 took 4.707756996154785s, results:
{'t': 116, 'current_accuracy': 0.13671875, 'current_loss': 45.85625648498535, 'train_loss': None, 'decision': 0, 'drift_rate': 0.0, 'target_domains': ['photo']}
Loss historical diff: 1.475921630859375; Loss Difference: 0.0, Decision: 0
Round 118 took 4.157073259353638s, results:
{'t': 117, 'current_accuracy': 0.13671875, 'current_loss': 45.856258392333984, 'train_loss': None, 'decision': 0, 'drift_rate': 0.0, 'target_domains': ['photo']}
Loss historical diff: 1.4759178161621094; Loss Difference: 0.0, Decision: 0
Round 119 took 4.327874183654785s, results:
{'t': 118, 'current_accuracy': 0.13671875, 'current_loss': 45.85625457763672, 'train_loss': None, 'decision': 0, 'drift_rate': 0.0, 'target_domains': ['photo']}
Loss historical diff: 1.475921630859375; Loss Difference: 0.0, Decision: 0
Round 120 took 4.265932559967041s, results:
{'t': 119, 'current_accuracy': 0.13671875, 'current_loss': 45.856258392333984, 'train_loss': None, 'decision': 0, 'drift_rate': 0.0, 'target_domains': ['photo']}
Loss historical diff: 1.4759140014648438; Loss Difference: 0.0, Decision: 0
Round 121 took 4.264437675476074s, results:
{'t': 120, 'current_accuracy': 0.13671875, 'current_loss': 45.85625076293945, 'train_loss': None, 'decision': 0, 'drift_rate': 0.0, 'target_domains': ['photo']}
Loss historical diff: 1.475921630859375; Loss Difference: 0.0, Decision: 0
Round 122 took 3.985307216644287s, results:
{'t': 121, 'current_accuracy': 0.13671875, 'current_loss': 45.856258392333984, 'train_loss': None, 'decision': 0, 'drift_rate': 0.0, 'target_domains': ['photo']}
Loss historical diff: 1.4759235382080078; Loss Difference: 0.0, Decision: 0
Round 123 took 4.830402612686157s, results:
{'t': 122, 'current_accuracy': 0.13671875, 'current_loss': 45.85626029968262, 'train_loss': None, 'decision': 0, 'drift_rate': 0.0, 'target_domains': ['photo']}
Loss historical diff: 1.4759197235107422; Loss Difference: 0.0, Decision: 0
Round 124 took 4.5102527141571045s, results:
{'t': 123, 'current_accuracy': 0.13671875, 'current_loss': 45.85625648498535, 'train_loss': None, 'decision': 0, 'drift_rate': 0.0, 'target_domains': ['photo']}
Loss historical diff: 1.4759140014648438; Loss Difference: 0.0, Decision: 0
Round 125 took 4.500113010406494s, results:
{'t': 124, 'current_accuracy': 0.13671875, 'current_loss': 45.85625076293945, 'train_loss': None, 'decision': 0, 'drift_rate': 0.0, 'target_domains': ['photo']}
Loss historical diff: 1.4759178161621094; Loss Difference: 0.0, Decision: 0
Round 126 took 4.545299053192139s, results:
{'t': 125, 'current_accuracy': 0.13671875, 'current_loss': 45.85625457763672, 'train_loss': None, 'decision': 0, 'drift_rate': 0.0, 'target_domains': ['photo']}
Loss historical diff: 1.4759235382080078; Loss Difference: 0.0, Decision: 0
Round 127 took 4.28531813621521s, results:
{'t': 126, 'current_accuracy': 0.13671875, 'current_loss': 45.85626029968262, 'train_loss': None, 'decision': 0, 'drift_rate': 0.0, 'target_domains': ['photo']}
Loss historical diff: 1.4759235382080078; Loss Difference: 0.0, Decision: 0
Round 128 took 4.521489858627319s, results:
{'t': 127, 'current_accuracy': 0.13671875, 'current_loss': 45.85626029968262, 'train_loss': None, 'decision': 0, 'drift_rate': 0.0, 'target_domains': ['photo']}
Loss historical diff: 1.4759197235107422; Loss Difference: 0.0, Decision: 0
Round 129 took 4.1722846031188965s, results:
{'t': 128, 'current_accuracy': 0.13671875, 'current_loss': 45.85625648498535, 'train_loss': None, 'decision': 0, 'drift_rate': 0.0, 'target_domains': ['photo']}
Loss historical diff: 1.475921630859375; Loss Difference: 0.0, Decision: 0
Round 130 took 4.456877708435059s, results:
{'t': 129, 'current_accuracy': 0.13671875, 'current_loss': 45.856258392333984, 'train_loss': None, 'decision': 0, 'drift_rate': 0.0, 'target_domains': ['photo']}
Loss historical diff: 1.4759159088134766; Loss Difference: 0.0, Decision: 0
Round 131 took 4.845305919647217s, results:
{'t': 130, 'current_accuracy': 0.13671875, 'current_loss': 45.856252670288086, 'train_loss': None, 'decision': 0, 'drift_rate': 0.0, 'target_domains': ['photo']}
Loss historical diff: 1.4759254455566406; Loss Difference: 0.0, Decision: 0
Round 132 took 4.548534870147705s, results:
{'t': 131, 'current_accuracy': 0.13671875, 'current_loss': 45.85626220703125, 'train_loss': None, 'decision': 0, 'drift_rate': 0.0, 'target_domains': ['photo']}
Loss historical diff: 1.4759178161621094; Loss Difference: 0.0, Decision: 0
Round 133 took 4.075401782989502s, results:
{'t': 132, 'current_accuracy': 0.13671875, 'current_loss': 45.85625457763672, 'train_loss': None, 'decision': 0, 'drift_rate': 0.0, 'target_domains': ['photo']}
Loss historical diff: 1.4759178161621094; Loss Difference: 0.0, Decision: 0
Round 134 took 3.7287778854370117s, results:
{'t': 133, 'current_accuracy': 0.13671875, 'current_loss': 45.85625457763672, 'train_loss': None, 'decision': 0, 'drift_rate': 0.0, 'target_domains': ['photo']}
Loss historical diff: 1.4759197235107422; Loss Difference: 0.0, Decision: 0
Round 135 took 4.546559572219849s, results:
{'t': 134, 'current_accuracy': 0.13671875, 'current_loss': 45.85625648498535, 'train_loss': None, 'decision': 0, 'drift_rate': 0.0, 'target_domains': ['photo']}
Loss historical diff: 1.4759178161621094; Loss Difference: 0.0, Decision: 0
Round 136 took 4.38340425491333s, results:
{'t': 135, 'current_accuracy': 0.13671875, 'current_loss': 45.85625457763672, 'train_loss': None, 'decision': 0, 'drift_rate': 0.0, 'target_domains': ['photo']}
Loss historical diff: 1.4759197235107422; Loss Difference: 0.0, Decision: 0
Round 137 took 4.343939304351807s, results:
{'t': 136, 'current_accuracy': 0.13671875, 'current_loss': 45.85625648498535, 'train_loss': None, 'decision': 0, 'drift_rate': 0.0, 'target_domains': ['photo']}
Loss historical diff: 1.4759235382080078; Loss Difference: 0.0, Decision: 0
Round 138 took 4.002852916717529s, results:
{'t': 137, 'current_accuracy': 0.13671875, 'current_loss': 45.85626029968262, 'train_loss': None, 'decision': 0, 'drift_rate': 0.0, 'target_domains': ['photo']}
Loss historical diff: 1.4759178161621094; Loss Difference: 0.0, Decision: 0
Round 139 took 5.032366037368774s, results:
{'t': 138, 'current_accuracy': 0.13671875, 'current_loss': 45.85625457763672, 'train_loss': None, 'decision': 0, 'drift_rate': 0.0, 'target_domains': ['photo']}
Loss historical diff: 1.4759178161621094; Loss Difference: 0.0, Decision: 0
Round 140 took 4.418459415435791s, results:
{'t': 139, 'current_accuracy': 0.13671875, 'current_loss': 45.85625457763672, 'train_loss': None, 'decision': 0, 'drift_rate': 0.0, 'target_domains': ['photo']}
Loss historical diff: 1.4759178161621094; Loss Difference: 0.0, Decision: 0
Round 141 took 4.807579517364502s, results:
{'t': 140, 'current_accuracy': 0.13671875, 'current_loss': 45.85625457763672, 'train_loss': None, 'decision': 0, 'drift_rate': 0.0, 'target_domains': ['photo']}
Loss historical diff: 1.475921630859375; Loss Difference: 0.0, Decision: 0
Round 142 took 4.0113630294799805s, results:
{'t': 141, 'current_accuracy': 0.13671875, 'current_loss': 45.856258392333984, 'train_loss': None, 'decision': 0, 'drift_rate': 0.0, 'target_domains': ['photo']}
Loss historical diff: 1.4759159088134766; Loss Difference: 0.0, Decision: 0
Round 143 took 5.014463901519775s, results:
{'t': 142, 'current_accuracy': 0.13671875, 'current_loss': 45.856252670288086, 'train_loss': None, 'decision': 0, 'drift_rate': 0.0, 'target_domains': ['photo']}
Loss historical diff: 1.475921630859375; Loss Difference: 0.0, Decision: 0
Round 144 took 3.9165377616882324s, results:
{'t': 143, 'current_accuracy': 0.13671875, 'current_loss': 45.856258392333984, 'train_loss': None, 'decision': 0, 'drift_rate': 0.0, 'target_domains': ['photo']}
Loss historical diff: 1.4759197235107422; Loss Difference: 0.0, Decision: 0
Round 145 took 4.90989351272583s, results:
{'t': 144, 'current_accuracy': 0.13671875, 'current_loss': 45.85625648498535, 'train_loss': None, 'decision': 0, 'drift_rate': 0.0, 'target_domains': ['photo']}
Loss historical diff: 1.475921630859375; Loss Difference: 0.0, Decision: 0
Round 146 took 4.7039759159088135s, results:
{'t': 145, 'current_accuracy': 0.13671875, 'current_loss': 45.856258392333984, 'train_loss': None, 'decision': 0, 'drift_rate': 0.0, 'target_domains': ['photo']}
Loss historical diff: 1.4759197235107422; Loss Difference: 0.0, Decision: 0
Round 147 took 4.645570755004883s, results:
{'t': 146, 'current_accuracy': 0.13671875, 'current_loss': 45.85625648498535, 'train_loss': None, 'decision': 0, 'drift_rate': 0.0, 'target_domains': ['photo']}
Loss historical diff: 1.4759197235107422; Loss Difference: 0.0, Decision: 0
Round 148 took 4.855666637420654s, results:
{'t': 147, 'current_accuracy': 0.13671875, 'current_loss': 45.85625648498535, 'train_loss': None, 'decision': 0, 'drift_rate': 0.0, 'target_domains': ['photo']}
Loss historical diff: 1.4759197235107422; Loss Difference: 0.0, Decision: 0
Round 149 took 4.317620754241943s, results:
{'t': 148, 'current_accuracy': 0.13671875, 'current_loss': 45.85625648498535, 'train_loss': None, 'decision': 0, 'drift_rate': 0.0, 'target_domains': ['photo']}
Loss historical diff: 1.475921630859375; Loss Difference: 0.0, Decision: 0
Round 150 took 4.358814477920532s, results:
{'t': 149, 'current_accuracy': 0.13671875, 'current_loss': 45.856258392333984, 'train_loss': None, 'decision': 0, 'drift_rate': 0.0, 'target_domains': ['photo']}
Loss historical diff: 1.4759197235107422; Loss Difference: 0.0, Decision: 0
Round 151 took 4.40074896812439s, results:
{'t': 150, 'current_accuracy': 0.13671875, 'current_loss': 45.85625648498535, 'train_loss': None, 'decision': 0, 'drift_rate': 0.0, 'target_domains': ['photo']}
Loss historical diff: 1.4759197235107422; Loss Difference: 0.0, Decision: 0
Round 152 took 4.422710180282593s, results:
{'t': 151, 'current_accuracy': 0.13671875, 'current_loss': 45.85625648498535, 'train_loss': None, 'decision': 0, 'drift_rate': 0.0, 'target_domains': ['photo']}
Loss historical diff: 1.4759178161621094; Loss Difference: 0.0, Decision: 0
Round 153 took 4.303382873535156s, results:
{'t': 152, 'current_accuracy': 0.13671875, 'current_loss': 45.85625457763672, 'train_loss': None, 'decision': 0, 'drift_rate': 0.0, 'target_domains': ['photo']}
Loss historical diff: 1.4759197235107422; Loss Difference: 0.0, Decision: 0
Round 154 took 4.46783971786499s, results:
{'t': 153, 'current_accuracy': 0.13671875, 'current_loss': 45.85625648498535, 'train_loss': None, 'decision': 0, 'drift_rate': 0.0, 'target_domains': ['photo']}
Loss historical diff: 1.475921630859375; Loss Difference: 0.0, Decision: 0
Round 155 took 4.12779974937439s, results:
{'t': 154, 'current_accuracy': 0.13671875, 'current_loss': 45.856258392333984, 'train_loss': None, 'decision': 0, 'drift_rate': 0.0, 'target_domains': ['photo']}
Loss historical diff: 1.4759197235107422; Loss Difference: 0.0, Decision: 0
Round 156 took 4.2165069580078125s, results:
{'t': 155, 'current_accuracy': 0.13671875, 'current_loss': 45.85625648498535, 'train_loss': None, 'decision': 0, 'drift_rate': 0.0, 'target_domains': ['photo']}
Loss historical diff: 1.475921630859375; Loss Difference: 0.0, Decision: 0
Round 157 took 4.481133937835693s, results:
{'t': 156, 'current_accuracy': 0.13671875, 'current_loss': 45.856258392333984, 'train_loss': None, 'decision': 0, 'drift_rate': 0.0, 'target_domains': ['photo']}
Loss historical diff: 1.4759197235107422; Loss Difference: 0.0, Decision: 0
Round 158 took 4.255861520767212s, results:
{'t': 157, 'current_accuracy': 0.13671875, 'current_loss': 45.85625648498535, 'train_loss': None, 'decision': 0, 'drift_rate': 0.0, 'target_domains': ['photo']}
Loss historical diff: 1.4759197235107422; Loss Difference: 0.0, Decision: 0
Round 159 took 4.410503625869751s, results:
{'t': 158, 'current_accuracy': 0.13671875, 'current_loss': 45.85625648498535, 'train_loss': None, 'decision': 0, 'drift_rate': 0.0, 'target_domains': ['photo']}
Loss historical diff: 1.4759178161621094; Loss Difference: 0.0, Decision: 0
Round 160 took 4.4547624588012695s, results:
{'t': 159, 'current_accuracy': 0.13671875, 'current_loss': 45.85625457763672, 'train_loss': None, 'decision': 0, 'drift_rate': 0.0, 'target_domains': ['photo']}
Loss historical diff: 1.4759235382080078; Loss Difference: 0.0, Decision: 0
Round 161 took 4.263315916061401s, results:
{'t': 160, 'current_accuracy': 0.13671875, 'current_loss': 45.85626029968262, 'train_loss': None, 'decision': 0, 'drift_rate': 0.0, 'target_domains': ['photo']}
Loss historical diff: 1.4759159088134766; Loss Difference: 0.0, Decision: 0
Round 162 took 4.356333494186401s, results:
{'t': 161, 'current_accuracy': 0.13671875, 'current_loss': 45.856252670288086, 'train_loss': None, 'decision': 0, 'drift_rate': 0.0, 'target_domains': ['photo']}
Loss historical diff: 1.475921630859375; Loss Difference: 0.0, Decision: 0
Round 163 took 4.1912407875061035s, results:
{'t': 162, 'current_accuracy': 0.13671875, 'current_loss': 45.856258392333984, 'train_loss': None, 'decision': 0, 'drift_rate': 0.0, 'target_domains': ['photo']}
Loss historical diff: 1.4759159088134766; Loss Difference: 0.0, Decision: 0
Round 164 took 4.258170127868652s, results:
{'t': 163, 'current_accuracy': 0.13671875, 'current_loss': 45.856252670288086, 'train_loss': None, 'decision': 0, 'drift_rate': 0.0, 'target_domains': ['photo']}
Loss historical diff: 1.475912094116211; Loss Difference: 0.0, Decision: 0
Round 165 took 3.5151844024658203s, results:
{'t': 164, 'current_accuracy': 0.13671875, 'current_loss': 45.85624885559082, 'train_loss': None, 'decision': 0, 'drift_rate': 0.0, 'target_domains': ['photo']}
Loss historical diff: 15.625728607177734; Loss Difference: 0.0, Decision: 1
Traceback (most recent call last):
  File "/home/apiasecz/programming/concept_drift_optimal_adaptation_FL/src/execute/evaluate_policy.py", line 753, in <module>
    main()
  File "/home/apiasecz/programming/concept_drift_optimal_adaptation_FL/src/execute/evaluate_policy.py", line 733, in main
    evaluate_policy_under_drift(
  File "/home/apiasecz/programming/concept_drift_optimal_adaptation_FL/src/execute/evaluate_policy.py", line 554, in evaluate_policy_under_drift
    update_loss = agent_train.update_steps(
                  ^^^^^^^^^^^^^^^^^^^^^^^^^
  File "/home/apiasecz/programming/Federated_Learning_Base_Toolkit_torch/fl_toolkit/federated/client.py", line 202, in update_steps
    return self.model.update_steps(self.data_loader, optimizer, loss_fn, num_updates, verbose)
           ^^^^^^^^^^^^^^^^^^^^^^^^^^^^^^^^^^^^^^^^^^^^^^^^^^^^^^^^^^^^^^^^^^^^^^^^^^^^^^^^^^^
  File "/home/apiasecz/programming/Federated_Learning_Base_Toolkit_torch/fl_toolkit/models/base_model.py", line 77, in update_steps
    loss.backward()
  File "/home/apiasecz/.conda/envs/cog_fl_llm_env/lib/python3.12/site-packages/torch/_tensor.py", line 525, in backward
    torch.autograd.backward(
  File "/home/apiasecz/.conda/envs/cog_fl_llm_env/lib/python3.12/site-packages/torch/autograd/__init__.py", line 267, in backward
    _engine_run_backward(
  File "/home/apiasecz/.conda/envs/cog_fl_llm_env/lib/python3.12/site-packages/torch/autograd/graph.py", line 744, in _engine_run_backward
    return Variable._execution_engine.run_backward(  # Calls into the C++ engine to run the backward pass
           ^^^^^^^^^^^^^^^^^^^^^^^^^^^^^^^^^^^^^^^^^^^^^^^^^^^^^^^^^^^^^^^^^^^^^^^^^^^^^^^^^^^^^^^^^^^^^^
RuntimeError: cuDNN error: CUDNN_STATUS_NOT_INITIALIZED
