Using the latest cached version of the dataset since flwrlabs/pacs couldn't be found on the Hugging Face Hub
Found the latest cached dataset configuration 'default' at /home/apiasecz/.cache/huggingface/datasets/flwrlabs___pacs/default/0.0.0/394113073258ead631f617d2e13bb377c0715c4b (last modified on Wed Jan 29 16:59:35 2025).
Using the latest cached version of the dataset since flwrlabs/pacs couldn't be found on the Hugging Face Hub
Found the latest cached dataset configuration 'default' at /home/apiasecz/.cache/huggingface/datasets/flwrlabs___pacs/default/0.0.0/394113073258ead631f617d2e13bb377c0715c4b (last modified on Wed Jan 29 16:59:35 2025).
Using the latest cached version of the dataset since flwrlabs/pacs couldn't be found on the Hugging Face Hub
Found the latest cached dataset configuration 'default' at /home/apiasecz/.cache/huggingface/datasets/flwrlabs___pacs/default/0.0.0/394113073258ead631f617d2e13bb377c0715c4b (last modified on Wed Jan 29 16:59:35 2025).
Using the latest cached version of the dataset since flwrlabs/pacs couldn't be found on the Hugging Face Hub
Found the latest cached dataset configuration 'default' at /home/apiasecz/.cache/huggingface/datasets/flwrlabs___pacs/default/0.0.0/394113073258ead631f617d2e13bb377c0715c4b (last modified on Wed Jan 29 16:59:35 2025).
Using the latest cached version of the dataset since flwrlabs/pacs couldn't be found on the Hugging Face Hub
Found the latest cached dataset configuration 'default' at /home/apiasecz/.cache/huggingface/datasets/flwrlabs___pacs/default/0.0.0/394113073258ead631f617d2e13bb377c0715c4b (last modified on Wed Jan 29 16:59:35 2025).
Device: cuda
CUDA Version: 12.1
cuDNN Version: 8902
PyTorch Version: 2.3.0

Model used: PACSCNN_4
Initial dataset creation
Initial dataset creation
Initial loss: 0.5906751751899719
<__main__.Policy object at 0x145cec3fcd70>
0.5906751751899719
Round 1 took 0.4094855785369873s, results:
{'t': 0, 'current_accuracy': 0.76953125, 'current_loss': 0.6003059446811676, 'train_loss': None, 'decision': 0, 'drift_rate': 0.0, 'target_domains': ['photo']}
Round 2 took 0.391460657119751s, results:
{'t': 1, 'current_accuracy': 0.76953125, 'current_loss': 0.6003058850765228, 'train_loss': None, 'decision': 0, 'drift_rate': 0.0, 'target_domains': ['photo']}
Round 3 took 0.39139819145202637s, results:
{'t': 2, 'current_accuracy': 0.76953125, 'current_loss': 0.6003060340881348, 'train_loss': None, 'decision': 0, 'drift_rate': 0.0, 'target_domains': ['photo']}
Round 4 took 0.38941311836242676s, results:
{'t': 3, 'current_accuracy': 0.76953125, 'current_loss': 0.60030597448349, 'train_loss': None, 'decision': 0, 'drift_rate': 0.0, 'target_domains': ['photo']}
Round 5 took 0.3907043933868408s, results:
{'t': 4, 'current_accuracy': 0.76953125, 'current_loss': 0.6003059446811676, 'train_loss': None, 'decision': 0, 'drift_rate': 0.0, 'target_domains': ['photo']}
Round 6 took 0.41469454765319824s, results:
{'t': 5, 'current_accuracy': 0.76953125, 'current_loss': 0.600305825471878, 'train_loss': None, 'decision': 0, 'drift_rate': 0.0, 'target_domains': ['photo']}
Round 7 took 0.3898642063140869s, results:
{'t': 6, 'current_accuracy': 0.76953125, 'current_loss': 0.600305825471878, 'train_loss': None, 'decision': 0, 'drift_rate': 0.0, 'target_domains': ['photo']}
Round 8 took 0.3896031379699707s, results:
{'t': 7, 'current_accuracy': 0.76953125, 'current_loss': 0.6003057956695557, 'train_loss': None, 'decision': 0, 'drift_rate': 0.0, 'target_domains': ['photo']}
Round 9 took 0.39101505279541016s, results:
{'t': 8, 'current_accuracy': 0.76953125, 'current_loss': 0.6003058850765228, 'train_loss': None, 'decision': 0, 'drift_rate': 0.0, 'target_domains': ['photo']}
Round 10 took 0.390366792678833s, results:
{'t': 9, 'current_accuracy': 0.76953125, 'current_loss': 0.6003058850765228, 'train_loss': None, 'decision': 0, 'drift_rate': 0.0, 'target_domains': ['photo']}
Round 11 took 0.39090895652770996s, results:
{'t': 10, 'current_accuracy': 0.76953125, 'current_loss': 0.6003057956695557, 'train_loss': None, 'decision': 0, 'drift_rate': 0.0, 'target_domains': ['photo']}
Round 12 took 0.3902585506439209s, results:
{'t': 11, 'current_accuracy': 0.76953125, 'current_loss': 0.6003058552742004, 'train_loss': None, 'decision': 0, 'drift_rate': 0.0, 'target_domains': ['photo']}
Round 13 took 0.3899695873260498s, results:
{'t': 12, 'current_accuracy': 0.76953125, 'current_loss': 0.6003058552742004, 'train_loss': None, 'decision': 0, 'drift_rate': 0.0, 'target_domains': ['photo']}
Round 14 took 0.39123010635375977s, results:
{'t': 13, 'current_accuracy': 0.76953125, 'current_loss': 0.60030597448349, 'train_loss': None, 'decision': 0, 'drift_rate': 0.0, 'target_domains': ['photo']}
Round 15 took 0.3913285732269287s, results:
{'t': 14, 'current_accuracy': 0.76953125, 'current_loss': 0.6003059148788452, 'train_loss': None, 'decision': 0, 'drift_rate': 0.0, 'target_domains': ['photo']}
Round 16 took 0.39260196685791016s, results:
{'t': 15, 'current_accuracy': 0.76953125, 'current_loss': 0.6003057956695557, 'train_loss': None, 'decision': 0, 'drift_rate': 0.0, 'target_domains': ['photo']}
Round 17 took 0.3896207809448242s, results:
{'t': 16, 'current_accuracy': 0.76953125, 'current_loss': 0.6003058552742004, 'train_loss': None, 'decision': 0, 'drift_rate': 0.0, 'target_domains': ['photo']}
Round 18 took 0.38987278938293457s, results:
{'t': 17, 'current_accuracy': 0.76953125, 'current_loss': 0.6003059446811676, 'train_loss': None, 'decision': 0, 'drift_rate': 0.0, 'target_domains': ['photo']}
Round 19 took 0.3907475471496582s, results:
{'t': 18, 'current_accuracy': 0.76953125, 'current_loss': 0.6003059148788452, 'train_loss': None, 'decision': 0, 'drift_rate': 0.0, 'target_domains': ['photo']}
Round 20 took 0.39011311531066895s, results:
{'t': 19, 'current_accuracy': 0.76953125, 'current_loss': 0.60030597448349, 'train_loss': None, 'decision': 0, 'drift_rate': 0.0, 'target_domains': ['photo']}
Round 21 took 0.39015769958496094s, results:
{'t': 20, 'current_accuracy': 0.76953125, 'current_loss': 0.6003060340881348, 'train_loss': None, 'decision': 0, 'drift_rate': 0.0, 'target_domains': ['photo']}
Round 22 took 0.3903360366821289s, results:
{'t': 21, 'current_accuracy': 0.76953125, 'current_loss': 0.6003059446811676, 'train_loss': None, 'decision': 0, 'drift_rate': 0.0, 'target_domains': ['photo']}
Round 23 took 0.39070725440979004s, results:
{'t': 22, 'current_accuracy': 0.76953125, 'current_loss': 0.60030597448349, 'train_loss': None, 'decision': 0, 'drift_rate': 0.0, 'target_domains': ['photo']}
Round 24 took 0.3900024890899658s, results:
{'t': 23, 'current_accuracy': 0.76953125, 'current_loss': 0.6003059148788452, 'train_loss': None, 'decision': 0, 'drift_rate': 0.0, 'target_domains': ['photo']}
Round 25 took 0.3899805545806885s, results:
{'t': 24, 'current_accuracy': 0.76953125, 'current_loss': 0.6003059148788452, 'train_loss': None, 'decision': 0, 'drift_rate': 0.0, 'target_domains': ['photo']}
Round 26 took 0.39087557792663574s, results:
{'t': 25, 'current_accuracy': 0.76953125, 'current_loss': 0.6003059148788452, 'train_loss': None, 'decision': 0, 'drift_rate': 0.0, 'target_domains': ['photo']}
Round 27 took 0.3901064395904541s, results:
{'t': 26, 'current_accuracy': 0.76953125, 'current_loss': 0.6003059148788452, 'train_loss': None, 'decision': 0, 'drift_rate': 0.0, 'target_domains': ['photo']}
Round 28 took 0.3895244598388672s, results:
{'t': 27, 'current_accuracy': 0.76953125, 'current_loss': 0.6003058850765228, 'train_loss': None, 'decision': 0, 'drift_rate': 0.0, 'target_domains': ['photo']}
Round 29 took 0.3897683620452881s, results:
{'t': 28, 'current_accuracy': 0.76953125, 'current_loss': 0.6003060638904572, 'train_loss': None, 'decision': 0, 'drift_rate': 0.0, 'target_domains': ['photo']}
Round 30 took 0.39063239097595215s, results:
{'t': 29, 'current_accuracy': 0.76953125, 'current_loss': 0.60030597448349, 'train_loss': None, 'decision': 0, 'drift_rate': 0.0, 'target_domains': ['photo']}
Round 31 took 0.39013028144836426s, results:
{'t': 30, 'current_accuracy': 0.76953125, 'current_loss': 0.6003059297800064, 'train_loss': None, 'decision': 0, 'drift_rate': 0.0, 'target_domains': ['photo']}
Round 32 took 0.39049363136291504s, results:
{'t': 31, 'current_accuracy': 0.76953125, 'current_loss': 0.6003059148788452, 'train_loss': None, 'decision': 0, 'drift_rate': 0.0, 'target_domains': ['photo']}
Round 33 took 0.3902111053466797s, results:
{'t': 32, 'current_accuracy': 0.76953125, 'current_loss': 0.6003059446811676, 'train_loss': None, 'decision': 0, 'drift_rate': 0.0, 'target_domains': ['photo']}
Round 34 took 0.39012813568115234s, results:
{'t': 33, 'current_accuracy': 0.76953125, 'current_loss': 0.6003059446811676, 'train_loss': None, 'decision': 0, 'drift_rate': 0.0, 'target_domains': ['photo']}
Round 35 took 0.3927271366119385s, results:
{'t': 34, 'current_accuracy': 0.76953125, 'current_loss': 0.60030597448349, 'train_loss': None, 'decision': 0, 'drift_rate': 0.0, 'target_domains': ['photo']}
Round 36 took 0.3907771110534668s, results:
{'t': 35, 'current_accuracy': 0.76953125, 'current_loss': 0.6003059148788452, 'train_loss': None, 'decision': 0, 'drift_rate': 0.0, 'target_domains': ['photo']}
Round 37 took 0.3902778625488281s, results:
{'t': 36, 'current_accuracy': 0.76953125, 'current_loss': 0.6003059148788452, 'train_loss': None, 'decision': 0, 'drift_rate': 0.0, 'target_domains': ['photo']}
Round 38 took 0.39119839668273926s, results:
{'t': 37, 'current_accuracy': 0.76953125, 'current_loss': 0.6003059148788452, 'train_loss': None, 'decision': 0, 'drift_rate': 0.0, 'target_domains': ['photo']}
Round 39 took 0.390606164932251s, results:
{'t': 38, 'current_accuracy': 0.76953125, 'current_loss': 0.6003058850765228, 'train_loss': None, 'decision': 0, 'drift_rate': 0.0, 'target_domains': ['photo']}
Round 40 took 0.3934769630432129s, results:
{'t': 39, 'current_accuracy': 0.76953125, 'current_loss': 0.6003058850765228, 'train_loss': None, 'decision': 0, 'drift_rate': 0.0, 'target_domains': ['photo']}
Round 41 took 0.39041590690612793s, results:
{'t': 40, 'current_accuracy': 0.76953125, 'current_loss': 0.6003059446811676, 'train_loss': None, 'decision': 0, 'drift_rate': 0.0, 'target_domains': ['photo']}
Round 42 took 0.39069271087646484s, results:
{'t': 41, 'current_accuracy': 0.76953125, 'current_loss': 0.6003058850765228, 'train_loss': None, 'decision': 0, 'drift_rate': 0.0, 'target_domains': ['photo']}
Round 43 took 0.3901333808898926s, results:
{'t': 42, 'current_accuracy': 0.76953125, 'current_loss': 0.6003059446811676, 'train_loss': None, 'decision': 0, 'drift_rate': 0.0, 'target_domains': ['photo']}
Round 44 took 0.39107680320739746s, results:
{'t': 43, 'current_accuracy': 0.76953125, 'current_loss': 0.60030597448349, 'train_loss': None, 'decision': 0, 'drift_rate': 0.0, 'target_domains': ['photo']}
Round 45 took 0.3912696838378906s, results:
{'t': 44, 'current_accuracy': 0.76953125, 'current_loss': 0.6003058850765228, 'train_loss': None, 'decision': 0, 'drift_rate': 0.0, 'target_domains': ['photo']}
Round 46 took 0.3908960819244385s, results:
{'t': 45, 'current_accuracy': 0.76953125, 'current_loss': 0.6003058850765228, 'train_loss': None, 'decision': 0, 'drift_rate': 0.0, 'target_domains': ['photo']}
Round 47 took 0.3908505439758301s, results:
{'t': 46, 'current_accuracy': 0.76953125, 'current_loss': 0.6003059446811676, 'train_loss': None, 'decision': 0, 'drift_rate': 0.0, 'target_domains': ['photo']}
Round 48 took 0.3909590244293213s, results:
{'t': 47, 'current_accuracy': 0.76953125, 'current_loss': 0.6003058850765228, 'train_loss': None, 'decision': 0, 'drift_rate': 0.0, 'target_domains': ['photo']}
Round 49 took 0.3902475833892822s, results:
{'t': 48, 'current_accuracy': 0.76953125, 'current_loss': 0.60030597448349, 'train_loss': None, 'decision': 0, 'drift_rate': 0.0, 'target_domains': ['photo']}
Round 50 took 0.38980889320373535s, results:
{'t': 49, 'current_accuracy': 0.76953125, 'current_loss': 0.6003059446811676, 'train_loss': None, 'decision': 0, 'drift_rate': 0.0, 'target_domains': ['photo']}
Round 51 took 0.389819860458374s, results:
{'t': 50, 'current_accuracy': 0.76953125, 'current_loss': 0.600305825471878, 'train_loss': None, 'decision': 0, 'drift_rate': 0.0, 'target_domains': ['photo']}
Round 52 took 0.39345383644104004s, results:
{'t': 51, 'current_accuracy': 0.76953125, 'current_loss': 0.60030597448349, 'train_loss': None, 'decision': 0, 'drift_rate': 0.0, 'target_domains': ['photo']}
Round 53 took 0.39082789421081543s, results:
{'t': 52, 'current_accuracy': 0.76953125, 'current_loss': 0.6003058552742004, 'train_loss': None, 'decision': 0, 'drift_rate': 0.0, 'target_domains': ['photo']}
Round 54 took 0.39008259773254395s, results:
{'t': 53, 'current_accuracy': 0.76953125, 'current_loss': 0.6003059446811676, 'train_loss': None, 'decision': 0, 'drift_rate': 0.0, 'target_domains': ['photo']}
Round 55 took 0.39023494720458984s, results:
{'t': 54, 'current_accuracy': 0.76953125, 'current_loss': 0.6003058552742004, 'train_loss': None, 'decision': 0, 'drift_rate': 0.0, 'target_domains': ['photo']}
Average loss over 1 updates: 3.1238
Round 56 took 0.6464638710021973s, results:
{'t': 55, 'current_accuracy': 0.0859375, 'current_loss': 4.6524317264556885, 'train_loss': 3.12382173538208, 'decision': 1, 'drift_rate': 1.0, 'target_domains': ['cartoon']}
Average loss over 1 updates: 2.4376
Round 57 took 0.5776615142822266s, results:
{'t': 56, 'current_accuracy': 0.18359375, 'current_loss': 7.2471842765808105, 'train_loss': 2.437624931335449, 'decision': 1, 'drift_rate': 1.0, 'target_domains': ['cartoon']}
Average loss over 1 updates: 1.5021
Round 58 took 0.566309928894043s, results:
{'t': 57, 'current_accuracy': 0.265625, 'current_loss': 5.183452844619751, 'train_loss': 1.502140998840332, 'decision': 1, 'drift_rate': 1.0, 'target_domains': ['cartoon']}
Round 59 took 0.3900301456451416s, results:
{'t': 58, 'current_accuracy': 0.33984375, 'current_loss': 2.5184383392333984, 'train_loss': None, 'decision': 0, 'drift_rate': 1.0, 'target_domains': ['cartoon']}
Round 60 took 0.38921189308166504s, results:
{'t': 59, 'current_accuracy': 0.33984375, 'current_loss': 2.518438220024109, 'train_loss': None, 'decision': 0, 'drift_rate': 1.0, 'target_domains': ['cartoon']}
Round 61 took 0.38869428634643555s, results:
{'t': 60, 'current_accuracy': 0.33984375, 'current_loss': 2.5184385776519775, 'train_loss': None, 'decision': 0, 'drift_rate': 0.0, 'target_domains': ['cartoon']}
Round 62 took 0.38865137100219727s, results:
{'t': 61, 'current_accuracy': 0.33984375, 'current_loss': 2.518438220024109, 'train_loss': None, 'decision': 0, 'drift_rate': 0.0, 'target_domains': ['cartoon']}
Round 63 took 0.3900773525238037s, results:
{'t': 62, 'current_accuracy': 0.33984375, 'current_loss': 2.518438220024109, 'train_loss': None, 'decision': 0, 'drift_rate': 0.0, 'target_domains': ['cartoon']}
Round 64 took 0.3889946937561035s, results:
{'t': 63, 'current_accuracy': 0.33984375, 'current_loss': 2.5184385776519775, 'train_loss': None, 'decision': 0, 'drift_rate': 0.0, 'target_domains': ['cartoon']}
Round 65 took 0.38887739181518555s, results:
{'t': 64, 'current_accuracy': 0.33984375, 'current_loss': 2.518438696861267, 'train_loss': None, 'decision': 0, 'drift_rate': 0.0, 'target_domains': ['cartoon']}
Round 66 took 0.3884127140045166s, results:
{'t': 65, 'current_accuracy': 0.33984375, 'current_loss': 2.5184381008148193, 'train_loss': None, 'decision': 0, 'drift_rate': 0.0, 'target_domains': ['cartoon']}
Round 67 took 0.3881204128265381s, results:
{'t': 66, 'current_accuracy': 0.33984375, 'current_loss': 2.5184378623962402, 'train_loss': None, 'decision': 0, 'drift_rate': 0.0, 'target_domains': ['cartoon']}
Round 68 took 0.38838934898376465s, results:
{'t': 67, 'current_accuracy': 0.33984375, 'current_loss': 2.5184381008148193, 'train_loss': None, 'decision': 0, 'drift_rate': 0.0, 'target_domains': ['cartoon']}
Round 69 took 0.39251208305358887s, results:
{'t': 68, 'current_accuracy': 0.33984375, 'current_loss': 2.518438220024109, 'train_loss': None, 'decision': 0, 'drift_rate': 0.0, 'target_domains': ['cartoon']}
Round 70 took 0.3903026580810547s, results:
{'t': 69, 'current_accuracy': 0.33984375, 'current_loss': 2.518438458442688, 'train_loss': None, 'decision': 0, 'drift_rate': 0.0, 'target_domains': ['cartoon']}
Average loss over 1 updates: 1.5418
Round 71 took 0.5641608238220215s, results:
{'t': 70, 'current_accuracy': 0.33984375, 'current_loss': 2.5184378623962402, 'train_loss': 1.5418154001235962, 'decision': 1, 'drift_rate': 0.0, 'target_domains': ['cartoon']}
Round 72 took 0.388995885848999s, results:
{'t': 71, 'current_accuracy': 0.2890625, 'current_loss': 2.3614834547042847, 'train_loss': None, 'decision': 0, 'drift_rate': 0.0, 'target_domains': ['cartoon']}
Round 73 took 0.3888723850250244s, results:
{'t': 72, 'current_accuracy': 0.2890625, 'current_loss': 2.361483573913574, 'train_loss': None, 'decision': 0, 'drift_rate': 0.0, 'target_domains': ['cartoon']}
Round 74 took 0.3890807628631592s, results:
{'t': 73, 'current_accuracy': 0.2890625, 'current_loss': 2.3614836931228638, 'train_loss': None, 'decision': 0, 'drift_rate': 0.0, 'target_domains': ['cartoon']}
Round 75 took 0.3916747570037842s, results:
{'t': 74, 'current_accuracy': 0.2890625, 'current_loss': 2.3614834547042847, 'train_loss': None, 'decision': 0, 'drift_rate': 0.0, 'target_domains': ['cartoon']}
Round 76 took 0.3905470371246338s, results:
{'t': 75, 'current_accuracy': 0.2890625, 'current_loss': 2.361483931541443, 'train_loss': None, 'decision': 0, 'drift_rate': 0.0, 'target_domains': ['cartoon']}
Round 77 took 0.3890674114227295s, results:
{'t': 76, 'current_accuracy': 0.2890625, 'current_loss': 2.3614834547042847, 'train_loss': None, 'decision': 0, 'drift_rate': 0.0, 'target_domains': ['cartoon']}
Round 78 took 0.3886535167694092s, results:
{'t': 77, 'current_accuracy': 0.2890625, 'current_loss': 2.3614834547042847, 'train_loss': None, 'decision': 0, 'drift_rate': 0.0, 'target_domains': ['cartoon']}
Round 79 took 0.3891458511352539s, results:
{'t': 78, 'current_accuracy': 0.2890625, 'current_loss': 2.361483573913574, 'train_loss': None, 'decision': 0, 'drift_rate': 0.0, 'target_domains': ['cartoon']}
Round 80 took 0.38871192932128906s, results:
{'t': 79, 'current_accuracy': 0.2890625, 'current_loss': 2.3614838123321533, 'train_loss': None, 'decision': 0, 'drift_rate': 0.0, 'target_domains': ['cartoon']}
Round 81 took 0.3890547752380371s, results:
{'t': 80, 'current_accuracy': 0.2890625, 'current_loss': 2.3614838123321533, 'train_loss': None, 'decision': 0, 'drift_rate': 0.0, 'target_domains': ['cartoon']}
Round 82 took 0.39069533348083496s, results:
{'t': 81, 'current_accuracy': 0.2890625, 'current_loss': 2.3614836931228638, 'train_loss': None, 'decision': 0, 'drift_rate': 0.0, 'target_domains': ['cartoon']}
Average loss over 1 updates: 1.4619
Round 83 took 0.5653107166290283s, results:
{'t': 82, 'current_accuracy': 0.2890625, 'current_loss': 2.3614834547042847, 'train_loss': 1.4619066715240479, 'decision': 1, 'drift_rate': 0.0, 'target_domains': ['cartoon']}
Round 84 took 0.38866257667541504s, results:
{'t': 83, 'current_accuracy': 0.33203125, 'current_loss': 2.3320581912994385, 'train_loss': None, 'decision': 0, 'drift_rate': 0.0, 'target_domains': ['cartoon']}
Round 85 took 0.3886563777923584s, results:
{'t': 84, 'current_accuracy': 0.33203125, 'current_loss': 2.3320581912994385, 'train_loss': None, 'decision': 0, 'drift_rate': 0.0, 'target_domains': ['cartoon']}
Round 86 took 0.3891022205352783s, results:
{'t': 85, 'current_accuracy': 0.33203125, 'current_loss': 2.332058072090149, 'train_loss': None, 'decision': 0, 'drift_rate': 0.0, 'target_domains': ['cartoon']}
Round 87 took 0.3885481357574463s, results:
{'t': 86, 'current_accuracy': 0.33203125, 'current_loss': 2.332058072090149, 'train_loss': None, 'decision': 0, 'drift_rate': 0.0, 'target_domains': ['cartoon']}
Round 88 took 0.3926045894622803s, results:
{'t': 87, 'current_accuracy': 0.33203125, 'current_loss': 2.3320581912994385, 'train_loss': None, 'decision': 0, 'drift_rate': 0.0, 'target_domains': ['cartoon']}
Round 89 took 0.3890087604522705s, results:
{'t': 88, 'current_accuracy': 0.33203125, 'current_loss': 2.332058072090149, 'train_loss': None, 'decision': 0, 'drift_rate': 0.0, 'target_domains': ['cartoon']}
Round 90 took 0.3884999752044678s, results:
{'t': 89, 'current_accuracy': 0.33203125, 'current_loss': 2.332058310508728, 'train_loss': None, 'decision': 0, 'drift_rate': 0.0, 'target_domains': ['cartoon']}
Round 91 took 0.3883192539215088s, results:
{'t': 90, 'current_accuracy': 0.33203125, 'current_loss': 2.3320581912994385, 'train_loss': None, 'decision': 0, 'drift_rate': 0.0, 'target_domains': ['cartoon']}
Round 92 took 0.3877387046813965s, results:
{'t': 91, 'current_accuracy': 0.33203125, 'current_loss': 2.33205783367157, 'train_loss': None, 'decision': 0, 'drift_rate': 0.0, 'target_domains': ['cartoon']}
Average loss over 1 updates: 1.4250
Round 93 took 0.5650050640106201s, results:
{'t': 92, 'current_accuracy': 0.33203125, 'current_loss': 2.332058072090149, 'train_loss': 1.4250376224517822, 'decision': 1, 'drift_rate': 0.0, 'target_domains': ['cartoon']}
Round 94 took 0.3909745216369629s, results:
{'t': 93, 'current_accuracy': 0.28515625, 'current_loss': 2.8894481658935547, 'train_loss': None, 'decision': 0, 'drift_rate': 0.0, 'target_domains': ['cartoon']}
Round 95 took 0.3882877826690674s, results:
{'t': 94, 'current_accuracy': 0.28515625, 'current_loss': 2.8894476890563965, 'train_loss': None, 'decision': 0, 'drift_rate': 0.0, 'target_domains': ['cartoon']}
Round 96 took 0.38858962059020996s, results:
{'t': 95, 'current_accuracy': 0.28515625, 'current_loss': 2.8894485235214233, 'train_loss': None, 'decision': 0, 'drift_rate': 0.0, 'target_domains': ['cartoon']}
Round 97 took 0.3893735408782959s, results:
{'t': 96, 'current_accuracy': 0.28515625, 'current_loss': 2.8894481658935547, 'train_loss': None, 'decision': 0, 'drift_rate': 0.0, 'target_domains': ['cartoon']}
Average loss over 1 updates: 1.5880
Round 98 took 0.565587043762207s, results:
{'t': 97, 'current_accuracy': 0.28515625, 'current_loss': 2.8894482851028442, 'train_loss': 1.5879572629928589, 'decision': 1, 'drift_rate': 0.0, 'target_domains': ['cartoon']}
Round 99 took 0.3895890712738037s, results:
{'t': 98, 'current_accuracy': 0.44921875, 'current_loss': 1.667235255241394, 'train_loss': None, 'decision': 0, 'drift_rate': 0.0, 'target_domains': ['cartoon']}
Round 100 took 0.38935089111328125s, results:
{'t': 99, 'current_accuracy': 0.44921875, 'current_loss': 1.6672351360321045, 'train_loss': None, 'decision': 0, 'drift_rate': 0.0, 'target_domains': ['cartoon']}
Round 101 took 0.3882443904876709s, results:
{'t': 100, 'current_accuracy': 0.44921875, 'current_loss': 1.6672351360321045, 'train_loss': None, 'decision': 0, 'drift_rate': 0.0, 'target_domains': ['cartoon']}
Round 102 took 0.38783764839172363s, results:
{'t': 101, 'current_accuracy': 0.44921875, 'current_loss': 1.6672351956367493, 'train_loss': None, 'decision': 0, 'drift_rate': 0.0, 'target_domains': ['cartoon']}
Round 103 took 0.3896334171295166s, results:
{'t': 102, 'current_accuracy': 0.44921875, 'current_loss': 1.6672353148460388, 'train_loss': None, 'decision': 0, 'drift_rate': 0.0, 'target_domains': ['cartoon']}
Round 104 took 0.3881373405456543s, results:
{'t': 103, 'current_accuracy': 0.44921875, 'current_loss': 1.6672354936599731, 'train_loss': None, 'decision': 0, 'drift_rate': 0.0, 'target_domains': ['cartoon']}
Round 105 took 0.3888528347015381s, results:
{'t': 104, 'current_accuracy': 0.44921875, 'current_loss': 1.6672351360321045, 'train_loss': None, 'decision': 0, 'drift_rate': 0.0, 'target_domains': ['cartoon']}
Average loss over 1 updates: 1.1423
Round 106 took 0.5968623161315918s, results:
{'t': 105, 'current_accuracy': 0.265625, 'current_loss': 3.277981996536255, 'train_loss': 1.1423227787017822, 'decision': 1, 'drift_rate': 1.0, 'target_domains': ['photo']}
Round 107 took 0.3907461166381836s, results:
{'t': 106, 'current_accuracy': 0.53515625, 'current_loss': 1.543451189994812, 'train_loss': None, 'decision': 0, 'drift_rate': 1.0, 'target_domains': ['photo']}
Round 108 took 0.3893773555755615s, results:
{'t': 107, 'current_accuracy': 0.53515625, 'current_loss': 1.5434511303901672, 'train_loss': None, 'decision': 0, 'drift_rate': 1.0, 'target_domains': ['photo']}
Round 109 took 0.3894236087799072s, results:
{'t': 108, 'current_accuracy': 0.53515625, 'current_loss': 1.5434510111808777, 'train_loss': None, 'decision': 0, 'drift_rate': 1.0, 'target_domains': ['photo']}
Round 110 took 0.39014148712158203s, results:
{'t': 109, 'current_accuracy': 0.53515625, 'current_loss': 1.5434508919715881, 'train_loss': None, 'decision': 0, 'drift_rate': 1.0, 'target_domains': ['photo']}
Round 111 took 0.39571714401245117s, results:
{'t': 110, 'current_accuracy': 0.53515625, 'current_loss': 1.543450951576233, 'train_loss': None, 'decision': 0, 'drift_rate': 0.0, 'target_domains': ['photo']}
Round 112 took 0.3911607265472412s, results:
{'t': 111, 'current_accuracy': 0.53515625, 'current_loss': 1.5434511303901672, 'train_loss': None, 'decision': 0, 'drift_rate': 0.0, 'target_domains': ['photo']}
Round 113 took 0.39037489891052246s, results:
{'t': 112, 'current_accuracy': 0.53515625, 'current_loss': 1.5434508919715881, 'train_loss': None, 'decision': 0, 'drift_rate': 0.0, 'target_domains': ['photo']}
Round 114 took 0.3898627758026123s, results:
{'t': 113, 'current_accuracy': 0.53515625, 'current_loss': 1.5434510111808777, 'train_loss': None, 'decision': 0, 'drift_rate': 0.0, 'target_domains': ['photo']}
Round 115 took 0.3904409408569336s, results:
{'t': 114, 'current_accuracy': 0.53515625, 'current_loss': 1.5434508919715881, 'train_loss': None, 'decision': 0, 'drift_rate': 0.0, 'target_domains': ['photo']}
Round 116 took 0.39002203941345215s, results:
{'t': 115, 'current_accuracy': 0.53515625, 'current_loss': 1.5434512495994568, 'train_loss': None, 'decision': 0, 'drift_rate': 0.0, 'target_domains': ['photo']}
Round 117 took 0.3904697895050049s, results:
{'t': 116, 'current_accuracy': 0.53515625, 'current_loss': 1.5434508323669434, 'train_loss': None, 'decision': 0, 'drift_rate': 0.0, 'target_domains': ['photo']}
Round 118 took 0.39104294776916504s, results:
{'t': 117, 'current_accuracy': 0.53515625, 'current_loss': 1.5434508919715881, 'train_loss': None, 'decision': 0, 'drift_rate': 0.0, 'target_domains': ['photo']}
Round 119 took 0.39177870750427246s, results:
{'t': 118, 'current_accuracy': 0.53515625, 'current_loss': 1.5434510707855225, 'train_loss': None, 'decision': 0, 'drift_rate': 0.0, 'target_domains': ['photo']}
Round 120 took 0.3895692825317383s, results:
{'t': 119, 'current_accuracy': 0.53515625, 'current_loss': 1.543450951576233, 'train_loss': None, 'decision': 0, 'drift_rate': 0.0, 'target_domains': ['photo']}
Round 121 took 0.3907327651977539s, results:
{'t': 120, 'current_accuracy': 0.53515625, 'current_loss': 1.543451189994812, 'train_loss': None, 'decision': 0, 'drift_rate': 0.0, 'target_domains': ['photo']}
Round 122 took 0.39047980308532715s, results:
{'t': 121, 'current_accuracy': 0.53515625, 'current_loss': 1.5434510707855225, 'train_loss': None, 'decision': 0, 'drift_rate': 0.0, 'target_domains': ['photo']}
Round 123 took 0.3908817768096924s, results:
{'t': 122, 'current_accuracy': 0.53515625, 'current_loss': 1.5434510707855225, 'train_loss': None, 'decision': 0, 'drift_rate': 0.0, 'target_domains': ['photo']}
Round 124 took 0.393557071685791s, results:
{'t': 123, 'current_accuracy': 0.53515625, 'current_loss': 1.5434510111808777, 'train_loss': None, 'decision': 0, 'drift_rate': 0.0, 'target_domains': ['photo']}
Round 125 took 0.3909933567047119s, results:
{'t': 124, 'current_accuracy': 0.53515625, 'current_loss': 1.5434508919715881, 'train_loss': None, 'decision': 0, 'drift_rate': 0.0, 'target_domains': ['photo']}
Round 126 took 0.3914914131164551s, results:
{'t': 125, 'current_accuracy': 0.53515625, 'current_loss': 1.5434508919715881, 'train_loss': None, 'decision': 0, 'drift_rate': 0.0, 'target_domains': ['photo']}
Round 127 took 0.3912336826324463s, results:
{'t': 126, 'current_accuracy': 0.53515625, 'current_loss': 1.5434508323669434, 'train_loss': None, 'decision': 0, 'drift_rate': 0.0, 'target_domains': ['photo']}
Round 128 took 0.3911905288696289s, results:
{'t': 127, 'current_accuracy': 0.53515625, 'current_loss': 1.543451189994812, 'train_loss': None, 'decision': 0, 'drift_rate': 0.0, 'target_domains': ['photo']}
Round 129 took 0.39035534858703613s, results:
{'t': 128, 'current_accuracy': 0.53515625, 'current_loss': 1.5434510707855225, 'train_loss': None, 'decision': 0, 'drift_rate': 0.0, 'target_domains': ['photo']}
Round 130 took 0.3908839225769043s, results:
{'t': 129, 'current_accuracy': 0.53515625, 'current_loss': 1.543451189994812, 'train_loss': None, 'decision': 0, 'drift_rate': 0.0, 'target_domains': ['photo']}
Average loss over 1 updates: 0.7109
Round 131 took 0.5685524940490723s, results:
{'t': 130, 'current_accuracy': 0.53515625, 'current_loss': 1.5434508919715881, 'train_loss': 0.7109494805335999, 'decision': 1, 'drift_rate': 0.0, 'target_domains': ['photo']}
Round 132 took 0.3902301788330078s, results:
{'t': 131, 'current_accuracy': 0.61328125, 'current_loss': 1.0568095445632935, 'train_loss': None, 'decision': 0, 'drift_rate': 0.0, 'target_domains': ['photo']}
Round 133 took 0.39052581787109375s, results:
{'t': 132, 'current_accuracy': 0.61328125, 'current_loss': 1.0568095445632935, 'train_loss': None, 'decision': 0, 'drift_rate': 0.0, 'target_domains': ['photo']}
Round 134 took 0.3901636600494385s, results:
{'t': 133, 'current_accuracy': 0.61328125, 'current_loss': 1.0568096041679382, 'train_loss': None, 'decision': 0, 'drift_rate': 0.0, 'target_domains': ['photo']}
Round 135 took 0.3910965919494629s, results:
{'t': 134, 'current_accuracy': 0.61328125, 'current_loss': 1.0568096041679382, 'train_loss': None, 'decision': 0, 'drift_rate': 0.0, 'target_domains': ['photo']}
Round 136 took 0.39017510414123535s, results:
{'t': 135, 'current_accuracy': 0.61328125, 'current_loss': 1.056809514760971, 'train_loss': None, 'decision': 0, 'drift_rate': 0.0, 'target_domains': ['photo']}
Round 137 took 0.3899550437927246s, results:
{'t': 136, 'current_accuracy': 0.61328125, 'current_loss': 1.0568096041679382, 'train_loss': None, 'decision': 0, 'drift_rate': 0.0, 'target_domains': ['photo']}
Round 138 took 0.39301180839538574s, results:
{'t': 137, 'current_accuracy': 0.61328125, 'current_loss': 1.0568096041679382, 'train_loss': None, 'decision': 0, 'drift_rate': 0.0, 'target_domains': ['photo']}
Round 139 took 0.39099764823913574s, results:
{'t': 138, 'current_accuracy': 0.61328125, 'current_loss': 1.0568095445632935, 'train_loss': None, 'decision': 0, 'drift_rate': 0.0, 'target_domains': ['photo']}
Round 140 took 0.3895385265350342s, results:
{'t': 139, 'current_accuracy': 0.61328125, 'current_loss': 1.056809514760971, 'train_loss': None, 'decision': 0, 'drift_rate': 0.0, 'target_domains': ['photo']}
Round 141 took 0.3911600112915039s, results:
{'t': 140, 'current_accuracy': 0.61328125, 'current_loss': 1.0568095445632935, 'train_loss': None, 'decision': 0, 'drift_rate': 0.0, 'target_domains': ['photo']}
Round 142 took 0.3896195888519287s, results:
{'t': 141, 'current_accuracy': 0.61328125, 'current_loss': 1.056809663772583, 'train_loss': None, 'decision': 0, 'drift_rate': 0.0, 'target_domains': ['photo']}
Round 143 took 0.3904249668121338s, results:
{'t': 142, 'current_accuracy': 0.61328125, 'current_loss': 1.0568095743656158, 'train_loss': None, 'decision': 0, 'drift_rate': 0.0, 'target_domains': ['photo']}
Round 144 took 0.3908822536468506s, results:
{'t': 143, 'current_accuracy': 0.61328125, 'current_loss': 1.0568095445632935, 'train_loss': None, 'decision': 0, 'drift_rate': 0.0, 'target_domains': ['photo']}
Round 145 took 0.39052534103393555s, results:
{'t': 144, 'current_accuracy': 0.61328125, 'current_loss': 1.0568096339702606, 'train_loss': None, 'decision': 0, 'drift_rate': 0.0, 'target_domains': ['photo']}
Average loss over 1 updates: 0.5347
Round 146 took 0.5723199844360352s, results:
{'t': 145, 'current_accuracy': 0.61328125, 'current_loss': 1.056809663772583, 'train_loss': 0.5346768498420715, 'decision': 1, 'drift_rate': 0.0, 'target_domains': ['photo']}
Round 147 took 0.3911316394805908s, results:
{'t': 146, 'current_accuracy': 0.65625, 'current_loss': 0.9287413358688354, 'train_loss': None, 'decision': 0, 'drift_rate': 0.0, 'target_domains': ['photo']}
Round 148 took 0.3904454708099365s, results:
{'t': 147, 'current_accuracy': 0.65625, 'current_loss': 0.9287412166595459, 'train_loss': None, 'decision': 0, 'drift_rate': 0.0, 'target_domains': ['photo']}
Round 149 took 0.39024996757507324s, results:
{'t': 148, 'current_accuracy': 0.65625, 'current_loss': 0.9287411570549011, 'train_loss': None, 'decision': 0, 'drift_rate': 0.0, 'target_domains': ['photo']}
Round 150 took 0.3908705711364746s, results:
{'t': 149, 'current_accuracy': 0.65625, 'current_loss': 0.9287411868572235, 'train_loss': None, 'decision': 0, 'drift_rate': 0.0, 'target_domains': ['photo']}
Round 151 took 0.3907642364501953s, results:
{'t': 150, 'current_accuracy': 0.65625, 'current_loss': 0.9287411868572235, 'train_loss': None, 'decision': 0, 'drift_rate': 0.0, 'target_domains': ['photo']}
Round 152 took 0.39031100273132324s, results:
{'t': 151, 'current_accuracy': 0.65625, 'current_loss': 0.9287413358688354, 'train_loss': None, 'decision': 0, 'drift_rate': 0.0, 'target_domains': ['photo']}
Round 153 took 0.3915534019470215s, results:
{'t': 152, 'current_accuracy': 0.65625, 'current_loss': 0.9287414252758026, 'train_loss': None, 'decision': 0, 'drift_rate': 0.0, 'target_domains': ['photo']}
Round 154 took 0.39095115661621094s, results:
{'t': 153, 'current_accuracy': 0.65625, 'current_loss': 0.9287413358688354, 'train_loss': None, 'decision': 0, 'drift_rate': 0.0, 'target_domains': ['photo']}
Round 155 took 0.39013028144836426s, results:
{'t': 154, 'current_accuracy': 0.65625, 'current_loss': 0.9287411570549011, 'train_loss': None, 'decision': 0, 'drift_rate': 0.0, 'target_domains': ['photo']}
Average loss over 1 updates: 2.3762
Round 156 took 0.5827136039733887s, results:
{'t': 155, 'current_accuracy': 0.12109375, 'current_loss': 2.56377911567688, 'train_loss': 2.3762362003326416, 'decision': 1, 'drift_rate': 1.0, 'target_domains': ['sketch']}
Average loss over 1 updates: 1.9635
Round 157 took 0.5676705837249756s, results:
{'t': 156, 'current_accuracy': 0.19921875, 'current_loss': 8.45385456085205, 'train_loss': 1.963505506515503, 'decision': 1, 'drift_rate': 1.0, 'target_domains': ['sketch']}
Average loss over 1 updates: 1.4994
Round 158 took 0.5671989917755127s, results:
{'t': 157, 'current_accuracy': 0.203125, 'current_loss': 4.018239498138428, 'train_loss': 1.499382734298706, 'decision': 1, 'drift_rate': 1.0, 'target_domains': ['sketch']}
Round 159 took 0.3901054859161377s, results:
{'t': 158, 'current_accuracy': 0.21484375, 'current_loss': 2.0479233860969543, 'train_loss': None, 'decision': 0, 'drift_rate': 1.0, 'target_domains': ['sketch']}
Round 160 took 0.3909125328063965s, results:
{'t': 159, 'current_accuracy': 0.21484375, 'current_loss': 2.0479236841201782, 'train_loss': None, 'decision': 0, 'drift_rate': 1.0, 'target_domains': ['sketch']}
Round 161 took 0.38929319381713867s, results:
{'t': 160, 'current_accuracy': 0.21484375, 'current_loss': 2.0479235649108887, 'train_loss': None, 'decision': 0, 'drift_rate': 0.0, 'target_domains': ['sketch']}
Round 162 took 0.38923048973083496s, results:
{'t': 161, 'current_accuracy': 0.21484375, 'current_loss': 2.0479236841201782, 'train_loss': None, 'decision': 0, 'drift_rate': 0.0, 'target_domains': ['sketch']}
Round 163 took 0.3884410858154297s, results:
{'t': 162, 'current_accuracy': 0.21484375, 'current_loss': 2.0479238033294678, 'train_loss': None, 'decision': 0, 'drift_rate': 0.0, 'target_domains': ['sketch']}
Round 164 took 0.38946080207824707s, results:
{'t': 163, 'current_accuracy': 0.21484375, 'current_loss': 2.0479238033294678, 'train_loss': None, 'decision': 0, 'drift_rate': 0.0, 'target_domains': ['sketch']}
Round 165 took 0.3900735378265381s, results:
{'t': 164, 'current_accuracy': 0.21484375, 'current_loss': 2.0479236841201782, 'train_loss': None, 'decision': 0, 'drift_rate': 0.0, 'target_domains': ['sketch']}
Round 166 took 0.3895292282104492s, results:
{'t': 165, 'current_accuracy': 0.21484375, 'current_loss': 2.0479238033294678, 'train_loss': None, 'decision': 0, 'drift_rate': 0.0, 'target_domains': ['sketch']}
Round 167 took 0.3895425796508789s, results:
{'t': 166, 'current_accuracy': 0.21484375, 'current_loss': 2.047923445701599, 'train_loss': None, 'decision': 0, 'drift_rate': 0.0, 'target_domains': ['sketch']}
Round 168 took 0.3921542167663574s, results:
{'t': 167, 'current_accuracy': 0.21484375, 'current_loss': 2.047923743724823, 'train_loss': None, 'decision': 0, 'drift_rate': 0.0, 'target_domains': ['sketch']}
Round 169 took 0.39007115364074707s, results:
{'t': 168, 'current_accuracy': 0.21484375, 'current_loss': 2.0479233264923096, 'train_loss': None, 'decision': 0, 'drift_rate': 0.0, 'target_domains': ['sketch']}
Round 170 took 0.3895859718322754s, results:
{'t': 169, 'current_accuracy': 0.21484375, 'current_loss': 2.0479233264923096, 'train_loss': None, 'decision': 0, 'drift_rate': 0.0, 'target_domains': ['sketch']}
Round 171 took 0.3892357349395752s, results:
{'t': 170, 'current_accuracy': 0.21484375, 'current_loss': 2.0479236841201782, 'train_loss': None, 'decision': 0, 'drift_rate': 0.0, 'target_domains': ['sketch']}
Round 172 took 0.3895556926727295s, results:
{'t': 171, 'current_accuracy': 0.21484375, 'current_loss': 2.0479236841201782, 'train_loss': None, 'decision': 0, 'drift_rate': 0.0, 'target_domains': ['sketch']}
Round 173 took 0.389768123626709s, results:
{'t': 172, 'current_accuracy': 0.21484375, 'current_loss': 2.0479236245155334, 'train_loss': None, 'decision': 0, 'drift_rate': 0.0, 'target_domains': ['sketch']}
Round 174 took 0.3891427516937256s, results:
{'t': 173, 'current_accuracy': 0.21484375, 'current_loss': 2.0479236245155334, 'train_loss': None, 'decision': 0, 'drift_rate': 0.0, 'target_domains': ['sketch']}
Round 175 took 0.3894035816192627s, results:
{'t': 174, 'current_accuracy': 0.21484375, 'current_loss': 2.047923445701599, 'train_loss': None, 'decision': 0, 'drift_rate': 0.0, 'target_domains': ['sketch']}
Average loss over 1 updates: 1.4116
Round 176 took 0.5689771175384521s, results:
{'t': 175, 'current_accuracy': 0.21484375, 'current_loss': 2.047923743724823, 'train_loss': 1.4116358757019043, 'decision': 1, 'drift_rate': 0.0, 'target_domains': ['sketch']}
Average loss over 1 updates: 1.4704
Round 177 took 0.567641019821167s, results:
{'t': 176, 'current_accuracy': 0.20703125, 'current_loss': 3.892292857170105, 'train_loss': 1.4703830480575562, 'decision': 1, 'drift_rate': 0.0, 'target_domains': ['sketch']}
Round 178 took 0.39058351516723633s, results:
{'t': 177, 'current_accuracy': 0.21875, 'current_loss': 2.241109251976013, 'train_loss': None, 'decision': 0, 'drift_rate': 0.0, 'target_domains': ['sketch']}
Round 179 took 0.3898811340332031s, results:
{'t': 178, 'current_accuracy': 0.21875, 'current_loss': 2.241109013557434, 'train_loss': None, 'decision': 0, 'drift_rate': 0.0, 'target_domains': ['sketch']}
Round 180 took 0.389495849609375s, results:
{'t': 179, 'current_accuracy': 0.21875, 'current_loss': 2.241109013557434, 'train_loss': None, 'decision': 0, 'drift_rate': 0.0, 'target_domains': ['sketch']}
Round 181 took 0.388852596282959s, results:
{'t': 180, 'current_accuracy': 0.21875, 'current_loss': 2.241109013557434, 'train_loss': None, 'decision': 0, 'drift_rate': 0.0, 'target_domains': ['sketch']}
Round 182 took 0.3895413875579834s, results:
{'t': 181, 'current_accuracy': 0.21875, 'current_loss': 2.2411086559295654, 'train_loss': None, 'decision': 0, 'drift_rate': 0.0, 'target_domains': ['sketch']}
Round 183 took 0.39038777351379395s, results:
{'t': 182, 'current_accuracy': 0.21875, 'current_loss': 2.2411093711853027, 'train_loss': None, 'decision': 0, 'drift_rate': 0.0, 'target_domains': ['sketch']}
Round 184 took 0.3897860050201416s, results:
{'t': 183, 'current_accuracy': 0.21875, 'current_loss': 2.2411091327667236, 'train_loss': None, 'decision': 0, 'drift_rate': 0.0, 'target_domains': ['sketch']}
Round 185 took 0.3891942501068115s, results:
{'t': 184, 'current_accuracy': 0.21875, 'current_loss': 2.2411088943481445, 'train_loss': None, 'decision': 0, 'drift_rate': 0.0, 'target_domains': ['sketch']}
Round 186 took 0.3898129463195801s, results:
{'t': 185, 'current_accuracy': 0.21875, 'current_loss': 2.2411086559295654, 'train_loss': None, 'decision': 0, 'drift_rate': 0.0, 'target_domains': ['sketch']}
Round 187 took 0.38928675651550293s, results:
{'t': 186, 'current_accuracy': 0.21875, 'current_loss': 2.2411091327667236, 'train_loss': None, 'decision': 0, 'drift_rate': 0.0, 'target_domains': ['sketch']}
Round 188 took 0.3899960517883301s, results:
{'t': 187, 'current_accuracy': 0.21875, 'current_loss': 2.2411091327667236, 'train_loss': None, 'decision': 0, 'drift_rate': 0.0, 'target_domains': ['sketch']}
Round 189 took 0.39001011848449707s, results:
{'t': 188, 'current_accuracy': 0.21875, 'current_loss': 2.2411093711853027, 'train_loss': None, 'decision': 0, 'drift_rate': 0.0, 'target_domains': ['sketch']}
Round 190 took 0.3889811038970947s, results:
{'t': 189, 'current_accuracy': 0.21875, 'current_loss': 2.241109251976013, 'train_loss': None, 'decision': 0, 'drift_rate': 0.0, 'target_domains': ['sketch']}
Round 191 took 0.3903226852416992s, results:
{'t': 190, 'current_accuracy': 0.21875, 'current_loss': 2.2411093711853027, 'train_loss': None, 'decision': 0, 'drift_rate': 0.0, 'target_domains': ['sketch']}
Round 192 took 0.3906261920928955s, results:
{'t': 191, 'current_accuracy': 0.21875, 'current_loss': 2.241109013557434, 'train_loss': None, 'decision': 0, 'drift_rate': 0.0, 'target_domains': ['sketch']}
Round 193 took 0.38958287239074707s, results:
{'t': 192, 'current_accuracy': 0.21875, 'current_loss': 2.241109013557434, 'train_loss': None, 'decision': 0, 'drift_rate': 0.0, 'target_domains': ['sketch']}
Average loss over 1 updates: 1.4001
Round 194 took 0.5668759346008301s, results:
{'t': 193, 'current_accuracy': 0.21875, 'current_loss': 2.241109251976013, 'train_loss': 1.400094985961914, 'decision': 1, 'drift_rate': 0.0, 'target_domains': ['sketch']}
Round 195 took 0.3907806873321533s, results:
{'t': 194, 'current_accuracy': 0.390625, 'current_loss': 1.5188755989074707, 'train_loss': None, 'decision': 0, 'drift_rate': 0.0, 'target_domains': ['sketch']}
Round 196 took 0.38993144035339355s, results:
{'t': 195, 'current_accuracy': 0.390625, 'current_loss': 1.5188753604888916, 'train_loss': None, 'decision': 0, 'drift_rate': 0.0, 'target_domains': ['sketch']}
Round 197 took 0.3909912109375s, results:
{'t': 196, 'current_accuracy': 0.390625, 'current_loss': 1.5188756585121155, 'train_loss': None, 'decision': 0, 'drift_rate': 0.0, 'target_domains': ['sketch']}
Round 198 took 0.39112091064453125s, results:
{'t': 197, 'current_accuracy': 0.390625, 'current_loss': 1.5188753008842468, 'train_loss': None, 'decision': 0, 'drift_rate': 0.0, 'target_domains': ['sketch']}
Round 199 took 0.3924696445465088s, results:
{'t': 198, 'current_accuracy': 0.390625, 'current_loss': 1.5188753604888916, 'train_loss': None, 'decision': 0, 'drift_rate': 0.0, 'target_domains': ['sketch']}
Round 200 took 0.38985586166381836s, results:
{'t': 199, 'current_accuracy': 0.390625, 'current_loss': 1.518875539302826, 'train_loss': None, 'decision': 0, 'drift_rate': 0.0, 'target_domains': ['sketch']}
Average time per round: 0.40523640513420106
Total time: 81.04728102684021
