Using the latest cached version of the dataset since flwrlabs/pacs couldn't be found on the Hugging Face Hub
Found the latest cached dataset configuration 'default' at /home/apiasecz/.cache/huggingface/datasets/flwrlabs___pacs/default/0.0.0/394113073258ead631f617d2e13bb377c0715c4b (last modified on Wed Jan 29 16:59:35 2025).
Using the latest cached version of the dataset since flwrlabs/pacs couldn't be found on the Hugging Face Hub
Found the latest cached dataset configuration 'default' at /home/apiasecz/.cache/huggingface/datasets/flwrlabs___pacs/default/0.0.0/394113073258ead631f617d2e13bb377c0715c4b (last modified on Wed Jan 29 16:59:35 2025).
Using the latest cached version of the dataset since flwrlabs/pacs couldn't be found on the Hugging Face Hub
Found the latest cached dataset configuration 'default' at /home/apiasecz/.cache/huggingface/datasets/flwrlabs___pacs/default/0.0.0/394113073258ead631f617d2e13bb377c0715c4b (last modified on Wed Jan 29 16:59:35 2025).
Using the latest cached version of the dataset since flwrlabs/pacs couldn't be found on the Hugging Face Hub
Found the latest cached dataset configuration 'default' at /home/apiasecz/.cache/huggingface/datasets/flwrlabs___pacs/default/0.0.0/394113073258ead631f617d2e13bb377c0715c4b (last modified on Wed Jan 29 16:59:35 2025).
Using the latest cached version of the dataset since flwrlabs/pacs couldn't be found on the Hugging Face Hub
Found the latest cached dataset configuration 'default' at /home/apiasecz/.cache/huggingface/datasets/flwrlabs___pacs/default/0.0.0/394113073258ead631f617d2e13bb377c0715c4b (last modified on Wed Jan 29 16:59:35 2025).
Device: cuda
CUDA Version: 12.1
cuDNN Version: 8902
PyTorch Version: 2.3.0

Model used: PACSCNN_4
Initial dataset creation
Initial dataset creation
Initial loss: 1.1532554626464844
<__main__.Policy object at 0x14a732a796d0>
1.1532554626464844
Round 1 took 0.42919325828552246s, results:
{'t': 0, 'current_accuracy': 0.70703125, 'current_loss': 0.9938803315162659, 'train_loss': None, 'decision': 0, 'drift_rate': 0.0, 'target_domains': ['cartoon']}
Round 2 took 0.38953161239624023s, results:
{'t': 1, 'current_accuracy': 0.70703125, 'current_loss': 0.9938803911209106, 'train_loss': None, 'decision': 0, 'drift_rate': 0.0, 'target_domains': ['cartoon']}
Round 3 took 0.3896334171295166s, results:
{'t': 2, 'current_accuracy': 0.70703125, 'current_loss': 0.9938801229000092, 'train_loss': None, 'decision': 0, 'drift_rate': 0.0, 'target_domains': ['cartoon']}
Round 4 took 0.38831043243408203s, results:
{'t': 3, 'current_accuracy': 0.70703125, 'current_loss': 0.9938802421092987, 'train_loss': None, 'decision': 0, 'drift_rate': 0.0, 'target_domains': ['cartoon']}
Round 5 took 0.3887319564819336s, results:
{'t': 4, 'current_accuracy': 0.70703125, 'current_loss': 0.9938803017139435, 'train_loss': None, 'decision': 0, 'drift_rate': 0.0, 'target_domains': ['cartoon']}
Round 6 took 0.3864634037017822s, results:
{'t': 5, 'current_accuracy': 0.70703125, 'current_loss': 0.9938805103302002, 'train_loss': None, 'decision': 0, 'drift_rate': 0.0, 'target_domains': ['cartoon']}
Round 7 took 0.3932781219482422s, results:
{'t': 6, 'current_accuracy': 0.70703125, 'current_loss': 0.9938802123069763, 'train_loss': None, 'decision': 0, 'drift_rate': 0.0, 'target_domains': ['cartoon']}
Round 8 took 0.3885941505432129s, results:
{'t': 7, 'current_accuracy': 0.70703125, 'current_loss': 0.9938803911209106, 'train_loss': None, 'decision': 0, 'drift_rate': 0.0, 'target_domains': ['cartoon']}
Round 9 took 0.38824915885925293s, results:
{'t': 8, 'current_accuracy': 0.70703125, 'current_loss': 0.9938803911209106, 'train_loss': None, 'decision': 0, 'drift_rate': 0.0, 'target_domains': ['cartoon']}
Round 10 took 0.38686347007751465s, results:
{'t': 9, 'current_accuracy': 0.70703125, 'current_loss': 0.9938803613185883, 'train_loss': None, 'decision': 0, 'drift_rate': 0.0, 'target_domains': ['cartoon']}
Round 11 took 0.39193177223205566s, results:
{'t': 10, 'current_accuracy': 0.70703125, 'current_loss': 0.9938805401325226, 'train_loss': None, 'decision': 0, 'drift_rate': 0.0, 'target_domains': ['cartoon']}
Round 12 took 0.3888816833496094s, results:
{'t': 11, 'current_accuracy': 0.70703125, 'current_loss': 0.9938803017139435, 'train_loss': None, 'decision': 0, 'drift_rate': 0.0, 'target_domains': ['cartoon']}
Round 13 took 0.38737964630126953s, results:
{'t': 12, 'current_accuracy': 0.70703125, 'current_loss': 0.9938802123069763, 'train_loss': None, 'decision': 0, 'drift_rate': 0.0, 'target_domains': ['cartoon']}
Round 14 took 0.3883335590362549s, results:
{'t': 13, 'current_accuracy': 0.70703125, 'current_loss': 0.9938803315162659, 'train_loss': None, 'decision': 0, 'drift_rate': 0.0, 'target_domains': ['cartoon']}
Round 15 took 0.38934779167175293s, results:
{'t': 14, 'current_accuracy': 0.70703125, 'current_loss': 0.9938803911209106, 'train_loss': None, 'decision': 0, 'drift_rate': 0.0, 'target_domains': ['cartoon']}
Round 16 took 0.38733696937561035s, results:
{'t': 15, 'current_accuracy': 0.70703125, 'current_loss': 0.9938803613185883, 'train_loss': None, 'decision': 0, 'drift_rate': 0.0, 'target_domains': ['cartoon']}
Round 17 took 0.38896799087524414s, results:
{'t': 16, 'current_accuracy': 0.70703125, 'current_loss': 0.9938794374465942, 'train_loss': None, 'decision': 0, 'drift_rate': 0.0, 'target_domains': ['cartoon']}
Round 18 took 0.3888826370239258s, results:
{'t': 17, 'current_accuracy': 0.70703125, 'current_loss': 0.9938802719116211, 'train_loss': None, 'decision': 0, 'drift_rate': 0.0, 'target_domains': ['cartoon']}
Round 19 took 0.39453911781311035s, results:
{'t': 18, 'current_accuracy': 0.70703125, 'current_loss': 0.9938802719116211, 'train_loss': None, 'decision': 0, 'drift_rate': 0.0, 'target_domains': ['cartoon']}
Round 20 took 0.3895530700683594s, results:
{'t': 19, 'current_accuracy': 0.70703125, 'current_loss': 0.993880420923233, 'train_loss': None, 'decision': 0, 'drift_rate': 0.0, 'target_domains': ['cartoon']}
Round 21 took 0.38781261444091797s, results:
{'t': 20, 'current_accuracy': 0.70703125, 'current_loss': 0.9938803315162659, 'train_loss': None, 'decision': 0, 'drift_rate': 0.0, 'target_domains': ['cartoon']}
Round 22 took 0.38867878913879395s, results:
{'t': 21, 'current_accuracy': 0.70703125, 'current_loss': 0.9938803315162659, 'train_loss': None, 'decision': 0, 'drift_rate': 0.0, 'target_domains': ['cartoon']}
Round 23 took 0.39442896842956543s, results:
{'t': 22, 'current_accuracy': 0.70703125, 'current_loss': 0.9938803315162659, 'train_loss': None, 'decision': 0, 'drift_rate': 0.0, 'target_domains': ['cartoon']}
Round 24 took 0.3867342472076416s, results:
{'t': 23, 'current_accuracy': 0.70703125, 'current_loss': 0.9938802719116211, 'train_loss': None, 'decision': 0, 'drift_rate': 0.0, 'target_domains': ['cartoon']}
Round 25 took 0.38832950592041016s, results:
{'t': 24, 'current_accuracy': 0.70703125, 'current_loss': 0.9938805103302002, 'train_loss': None, 'decision': 0, 'drift_rate': 0.0, 'target_domains': ['cartoon']}
Round 26 took 0.389970064163208s, results:
{'t': 25, 'current_accuracy': 0.70703125, 'current_loss': 0.9938804805278778, 'train_loss': None, 'decision': 0, 'drift_rate': 0.0, 'target_domains': ['cartoon']}
Round 27 took 0.388869047164917s, results:
{'t': 26, 'current_accuracy': 0.70703125, 'current_loss': 0.9938803017139435, 'train_loss': None, 'decision': 0, 'drift_rate': 0.0, 'target_domains': ['cartoon']}
Round 28 took 0.3865022659301758s, results:
{'t': 27, 'current_accuracy': 0.70703125, 'current_loss': 0.9938802719116211, 'train_loss': None, 'decision': 0, 'drift_rate': 0.0, 'target_domains': ['cartoon']}
Round 29 took 0.386915922164917s, results:
{'t': 28, 'current_accuracy': 0.70703125, 'current_loss': 0.9938803315162659, 'train_loss': None, 'decision': 0, 'drift_rate': 0.0, 'target_domains': ['cartoon']}
Round 30 took 0.38866496086120605s, results:
{'t': 29, 'current_accuracy': 0.70703125, 'current_loss': 0.9938804805278778, 'train_loss': None, 'decision': 0, 'drift_rate': 0.0, 'target_domains': ['cartoon']}
Round 31 took 0.38737010955810547s, results:
{'t': 30, 'current_accuracy': 0.70703125, 'current_loss': 0.9938803911209106, 'train_loss': None, 'decision': 0, 'drift_rate': 0.0, 'target_domains': ['cartoon']}
Round 32 took 0.3862617015838623s, results:
{'t': 31, 'current_accuracy': 0.70703125, 'current_loss': 0.9938802719116211, 'train_loss': None, 'decision': 0, 'drift_rate': 0.0, 'target_domains': ['cartoon']}
Round 33 took 0.38705945014953613s, results:
{'t': 32, 'current_accuracy': 0.70703125, 'current_loss': 0.9938803315162659, 'train_loss': None, 'decision': 0, 'drift_rate': 0.0, 'target_domains': ['cartoon']}
Round 34 took 0.39070916175842285s, results:
{'t': 33, 'current_accuracy': 0.70703125, 'current_loss': 0.9938802421092987, 'train_loss': None, 'decision': 0, 'drift_rate': 0.0, 'target_domains': ['cartoon']}
Round 35 took 0.38645315170288086s, results:
{'t': 34, 'current_accuracy': 0.70703125, 'current_loss': 0.99387988448143, 'train_loss': None, 'decision': 0, 'drift_rate': 0.0, 'target_domains': ['cartoon']}
Round 36 took 0.38747310638427734s, results:
{'t': 35, 'current_accuracy': 0.70703125, 'current_loss': 0.9938806593418121, 'train_loss': None, 'decision': 0, 'drift_rate': 0.0, 'target_domains': ['cartoon']}
Round 37 took 0.38694024085998535s, results:
{'t': 36, 'current_accuracy': 0.70703125, 'current_loss': 0.9938805103302002, 'train_loss': None, 'decision': 0, 'drift_rate': 0.0, 'target_domains': ['cartoon']}
Round 38 took 0.3879845142364502s, results:
{'t': 37, 'current_accuracy': 0.70703125, 'current_loss': 0.9938803017139435, 'train_loss': None, 'decision': 0, 'drift_rate': 0.0, 'target_domains': ['cartoon']}
Round 39 took 0.38694119453430176s, results:
{'t': 38, 'current_accuracy': 0.70703125, 'current_loss': 0.9938802421092987, 'train_loss': None, 'decision': 0, 'drift_rate': 0.0, 'target_domains': ['cartoon']}
Round 40 took 0.38824892044067383s, results:
{'t': 39, 'current_accuracy': 0.70703125, 'current_loss': 0.9938805401325226, 'train_loss': None, 'decision': 0, 'drift_rate': 0.0, 'target_domains': ['cartoon']}
Round 41 took 0.4000399112701416s, results:
{'t': 40, 'current_accuracy': 0.70703125, 'current_loss': 0.9938801825046539, 'train_loss': None, 'decision': 0, 'drift_rate': 0.0, 'target_domains': ['cartoon']}
Round 42 took 0.39793944358825684s, results:
{'t': 41, 'current_accuracy': 0.70703125, 'current_loss': 0.9938808083534241, 'train_loss': None, 'decision': 0, 'drift_rate': 0.0, 'target_domains': ['cartoon']}
Round 43 took 0.3864147663116455s, results:
{'t': 42, 'current_accuracy': 0.70703125, 'current_loss': 0.9938804805278778, 'train_loss': None, 'decision': 0, 'drift_rate': 0.0, 'target_domains': ['cartoon']}
Round 44 took 0.387448787689209s, results:
{'t': 43, 'current_accuracy': 0.70703125, 'current_loss': 0.9938799738883972, 'train_loss': None, 'decision': 0, 'drift_rate': 0.0, 'target_domains': ['cartoon']}
Round 45 took 0.386521577835083s, results:
{'t': 44, 'current_accuracy': 0.70703125, 'current_loss': 0.9938803315162659, 'train_loss': None, 'decision': 0, 'drift_rate': 0.0, 'target_domains': ['cartoon']}
Round 46 took 0.3856499195098877s, results:
{'t': 45, 'current_accuracy': 0.70703125, 'current_loss': 0.9938803017139435, 'train_loss': None, 'decision': 0, 'drift_rate': 0.0, 'target_domains': ['cartoon']}
Round 47 took 0.3860330581665039s, results:
{'t': 46, 'current_accuracy': 0.70703125, 'current_loss': 0.993880569934845, 'train_loss': None, 'decision': 0, 'drift_rate': 0.0, 'target_domains': ['cartoon']}
Round 48 took 0.3860738277435303s, results:
{'t': 47, 'current_accuracy': 0.70703125, 'current_loss': 0.9938802421092987, 'train_loss': None, 'decision': 0, 'drift_rate': 0.0, 'target_domains': ['cartoon']}
Round 49 took 0.38969898223876953s, results:
{'t': 48, 'current_accuracy': 0.70703125, 'current_loss': 0.993880569934845, 'train_loss': None, 'decision': 0, 'drift_rate': 0.0, 'target_domains': ['cartoon']}
Round 50 took 0.3849985599517822s, results:
{'t': 49, 'current_accuracy': 0.70703125, 'current_loss': 0.9938803315162659, 'train_loss': None, 'decision': 0, 'drift_rate': 0.0, 'target_domains': ['cartoon']}
Round 51 took 0.3859682083129883s, results:
{'t': 50, 'current_accuracy': 0.70703125, 'current_loss': 0.9938802421092987, 'train_loss': None, 'decision': 0, 'drift_rate': 0.0, 'target_domains': ['cartoon']}
Round 52 took 0.3854796886444092s, results:
{'t': 51, 'current_accuracy': 0.70703125, 'current_loss': 0.9938803315162659, 'train_loss': None, 'decision': 0, 'drift_rate': 0.0, 'target_domains': ['cartoon']}
Round 53 took 0.3860352039337158s, results:
{'t': 52, 'current_accuracy': 0.70703125, 'current_loss': 0.9938805103302002, 'train_loss': None, 'decision': 0, 'drift_rate': 0.0, 'target_domains': ['cartoon']}
Round 54 took 0.38645505905151367s, results:
{'t': 53, 'current_accuracy': 0.70703125, 'current_loss': 0.9938802719116211, 'train_loss': None, 'decision': 0, 'drift_rate': 0.0, 'target_domains': ['cartoon']}
Round 55 took 0.3858933448791504s, results:
{'t': 54, 'current_accuracy': 0.70703125, 'current_loss': 0.9938803017139435, 'train_loss': None, 'decision': 0, 'drift_rate': 0.0, 'target_domains': ['cartoon']}
Round 56 took 0.38703083992004395s, results:
{'t': 55, 'current_accuracy': 0.70703125, 'current_loss': 0.9938802421092987, 'train_loss': None, 'decision': 0, 'drift_rate': 1.0, 'target_domains': ['cartoon']}
Round 57 took 0.3868377208709717s, results:
{'t': 56, 'current_accuracy': 0.70703125, 'current_loss': 0.9938803017139435, 'train_loss': None, 'decision': 0, 'drift_rate': 1.0, 'target_domains': ['cartoon']}
Round 58 took 0.3896651268005371s, results:
{'t': 57, 'current_accuracy': 0.70703125, 'current_loss': 0.9938804507255554, 'train_loss': None, 'decision': 0, 'drift_rate': 1.0, 'target_domains': ['cartoon']}
Round 59 took 0.38613009452819824s, results:
{'t': 58, 'current_accuracy': 0.70703125, 'current_loss': 0.9938802719116211, 'train_loss': None, 'decision': 0, 'drift_rate': 1.0, 'target_domains': ['cartoon']}
Round 60 took 0.38642191886901855s, results:
{'t': 59, 'current_accuracy': 0.70703125, 'current_loss': 0.9938802123069763, 'train_loss': None, 'decision': 0, 'drift_rate': 1.0, 'target_domains': ['cartoon']}
Round 61 took 0.3874330520629883s, results:
{'t': 60, 'current_accuracy': 0.70703125, 'current_loss': 0.9938803017139435, 'train_loss': None, 'decision': 0, 'drift_rate': 0.0, 'target_domains': ['cartoon']}
Round 62 took 0.3877885341644287s, results:
{'t': 61, 'current_accuracy': 0.70703125, 'current_loss': 0.9938803315162659, 'train_loss': None, 'decision': 0, 'drift_rate': 0.0, 'target_domains': ['cartoon']}
Round 63 took 0.3852980136871338s, results:
{'t': 62, 'current_accuracy': 0.70703125, 'current_loss': 0.993880420923233, 'train_loss': None, 'decision': 0, 'drift_rate': 0.0, 'target_domains': ['cartoon']}
Round 64 took 0.386096715927124s, results:
{'t': 63, 'current_accuracy': 0.70703125, 'current_loss': 0.9938802123069763, 'train_loss': None, 'decision': 0, 'drift_rate': 0.0, 'target_domains': ['cartoon']}
Round 65 took 0.3867149353027344s, results:
{'t': 64, 'current_accuracy': 0.70703125, 'current_loss': 0.9938804805278778, 'train_loss': None, 'decision': 0, 'drift_rate': 0.0, 'target_domains': ['cartoon']}
Round 66 took 0.3878598213195801s, results:
{'t': 65, 'current_accuracy': 0.70703125, 'current_loss': 0.9938802421092987, 'train_loss': None, 'decision': 0, 'drift_rate': 0.0, 'target_domains': ['cartoon']}
Round 67 took 0.3870880603790283s, results:
{'t': 66, 'current_accuracy': 0.70703125, 'current_loss': 0.9938800930976868, 'train_loss': None, 'decision': 0, 'drift_rate': 0.0, 'target_domains': ['cartoon']}
Round 68 took 0.38689589500427246s, results:
{'t': 67, 'current_accuracy': 0.70703125, 'current_loss': 0.9938803315162659, 'train_loss': None, 'decision': 0, 'drift_rate': 0.0, 'target_domains': ['cartoon']}
Round 69 took 0.38779211044311523s, results:
{'t': 68, 'current_accuracy': 0.70703125, 'current_loss': 0.9938800632953644, 'train_loss': None, 'decision': 0, 'drift_rate': 0.0, 'target_domains': ['cartoon']}
Round 70 took 0.3865363597869873s, results:
{'t': 69, 'current_accuracy': 0.70703125, 'current_loss': 0.9938801527023315, 'train_loss': None, 'decision': 0, 'drift_rate': 0.0, 'target_domains': ['cartoon']}
Round 71 took 0.38715481758117676s, results:
{'t': 70, 'current_accuracy': 0.70703125, 'current_loss': 0.9938802719116211, 'train_loss': None, 'decision': 0, 'drift_rate': 0.0, 'target_domains': ['cartoon']}
Round 72 took 0.38626766204833984s, results:
{'t': 71, 'current_accuracy': 0.70703125, 'current_loss': 0.9938800930976868, 'train_loss': None, 'decision': 0, 'drift_rate': 0.0, 'target_domains': ['cartoon']}
Round 73 took 0.3865821361541748s, results:
{'t': 72, 'current_accuracy': 0.70703125, 'current_loss': 0.9938803017139435, 'train_loss': None, 'decision': 0, 'drift_rate': 0.0, 'target_domains': ['cartoon']}
Round 74 took 0.3863673210144043s, results:
{'t': 73, 'current_accuracy': 0.70703125, 'current_loss': 0.9938800930976868, 'train_loss': None, 'decision': 0, 'drift_rate': 0.0, 'target_domains': ['cartoon']}
Round 75 took 0.3874166011810303s, results:
{'t': 74, 'current_accuracy': 0.70703125, 'current_loss': 0.9938803315162659, 'train_loss': None, 'decision': 0, 'drift_rate': 0.0, 'target_domains': ['cartoon']}
Round 76 took 0.38666510581970215s, results:
{'t': 75, 'current_accuracy': 0.70703125, 'current_loss': 0.9938803613185883, 'train_loss': None, 'decision': 0, 'drift_rate': 0.0, 'target_domains': ['cartoon']}
Round 77 took 0.386462926864624s, results:
{'t': 76, 'current_accuracy': 0.70703125, 'current_loss': 0.9938801527023315, 'train_loss': None, 'decision': 0, 'drift_rate': 0.0, 'target_domains': ['cartoon']}
Round 78 took 0.38619422912597656s, results:
{'t': 77, 'current_accuracy': 0.70703125, 'current_loss': 0.9938803017139435, 'train_loss': None, 'decision': 0, 'drift_rate': 0.0, 'target_domains': ['cartoon']}
Round 79 took 0.3891103267669678s, results:
{'t': 78, 'current_accuracy': 0.70703125, 'current_loss': 0.9938796758651733, 'train_loss': None, 'decision': 0, 'drift_rate': 0.0, 'target_domains': ['cartoon']}
Round 80 took 0.38863205909729004s, results:
{'t': 79, 'current_accuracy': 0.70703125, 'current_loss': 0.9938802719116211, 'train_loss': None, 'decision': 0, 'drift_rate': 0.0, 'target_domains': ['cartoon']}
Round 81 took 0.38803696632385254s, results:
{'t': 80, 'current_accuracy': 0.70703125, 'current_loss': 0.993880033493042, 'train_loss': None, 'decision': 0, 'drift_rate': 0.0, 'target_domains': ['cartoon']}
Round 82 took 0.3866918087005615s, results:
{'t': 81, 'current_accuracy': 0.70703125, 'current_loss': 0.9938803315162659, 'train_loss': None, 'decision': 0, 'drift_rate': 0.0, 'target_domains': ['cartoon']}
Round 83 took 0.3867506980895996s, results:
{'t': 82, 'current_accuracy': 0.70703125, 'current_loss': 0.9938803613185883, 'train_loss': None, 'decision': 0, 'drift_rate': 0.0, 'target_domains': ['cartoon']}
Round 84 took 0.3896923065185547s, results:
{'t': 83, 'current_accuracy': 0.70703125, 'current_loss': 0.9938801229000092, 'train_loss': None, 'decision': 0, 'drift_rate': 0.0, 'target_domains': ['cartoon']}
Round 85 took 0.3861536979675293s, results:
{'t': 84, 'current_accuracy': 0.70703125, 'current_loss': 0.9938797652721405, 'train_loss': None, 'decision': 0, 'drift_rate': 0.0, 'target_domains': ['cartoon']}
Round 86 took 0.38719606399536133s, results:
{'t': 85, 'current_accuracy': 0.70703125, 'current_loss': 0.993880420923233, 'train_loss': None, 'decision': 0, 'drift_rate': 0.0, 'target_domains': ['cartoon']}
Round 87 took 0.3863863945007324s, results:
{'t': 86, 'current_accuracy': 0.70703125, 'current_loss': 0.9938804507255554, 'train_loss': None, 'decision': 0, 'drift_rate': 0.0, 'target_domains': ['cartoon']}
Round 88 took 0.38684511184692383s, results:
{'t': 87, 'current_accuracy': 0.70703125, 'current_loss': 0.993880569934845, 'train_loss': None, 'decision': 0, 'drift_rate': 0.0, 'target_domains': ['cartoon']}
Round 89 took 0.3876490592956543s, results:
{'t': 88, 'current_accuracy': 0.70703125, 'current_loss': 0.9938802421092987, 'train_loss': None, 'decision': 0, 'drift_rate': 0.0, 'target_domains': ['cartoon']}
Round 90 took 0.38691234588623047s, results:
{'t': 89, 'current_accuracy': 0.70703125, 'current_loss': 0.9938805103302002, 'train_loss': None, 'decision': 0, 'drift_rate': 0.0, 'target_domains': ['cartoon']}
Round 91 took 0.385944128036499s, results:
{'t': 90, 'current_accuracy': 0.70703125, 'current_loss': 0.9938804805278778, 'train_loss': None, 'decision': 0, 'drift_rate': 0.0, 'target_domains': ['cartoon']}
Round 92 took 0.38617420196533203s, results:
{'t': 91, 'current_accuracy': 0.70703125, 'current_loss': 0.9938800036907196, 'train_loss': None, 'decision': 0, 'drift_rate': 0.0, 'target_domains': ['cartoon']}
Round 93 took 0.38672494888305664s, results:
{'t': 92, 'current_accuracy': 0.70703125, 'current_loss': 0.9938802719116211, 'train_loss': None, 'decision': 0, 'drift_rate': 0.0, 'target_domains': ['cartoon']}
Round 94 took 0.38697338104248047s, results:
{'t': 93, 'current_accuracy': 0.70703125, 'current_loss': 0.9938803613185883, 'train_loss': None, 'decision': 0, 'drift_rate': 0.0, 'target_domains': ['cartoon']}
Round 95 took 0.38774800300598145s, results:
{'t': 94, 'current_accuracy': 0.70703125, 'current_loss': 0.9938802123069763, 'train_loss': None, 'decision': 0, 'drift_rate': 0.0, 'target_domains': ['cartoon']}
Round 96 took 0.40087461471557617s, results:
{'t': 95, 'current_accuracy': 0.70703125, 'current_loss': 0.9938801825046539, 'train_loss': None, 'decision': 0, 'drift_rate': 0.0, 'target_domains': ['cartoon']}
Round 97 took 0.39497828483581543s, results:
{'t': 96, 'current_accuracy': 0.70703125, 'current_loss': 0.9938804507255554, 'train_loss': None, 'decision': 0, 'drift_rate': 0.0, 'target_domains': ['cartoon']}
Round 98 took 0.386627197265625s, results:
{'t': 97, 'current_accuracy': 0.70703125, 'current_loss': 0.9938802123069763, 'train_loss': None, 'decision': 0, 'drift_rate': 0.0, 'target_domains': ['cartoon']}
Round 99 took 0.386444091796875s, results:
{'t': 98, 'current_accuracy': 0.70703125, 'current_loss': 0.9938803017139435, 'train_loss': None, 'decision': 0, 'drift_rate': 0.0, 'target_domains': ['cartoon']}
Round 100 took 0.3866922855377197s, results:
{'t': 99, 'current_accuracy': 0.70703125, 'current_loss': 0.9938803613185883, 'train_loss': None, 'decision': 0, 'drift_rate': 0.0, 'target_domains': ['cartoon']}
Round 101 took 0.3874969482421875s, results:
{'t': 100, 'current_accuracy': 0.70703125, 'current_loss': 0.9938801229000092, 'train_loss': None, 'decision': 0, 'drift_rate': 0.0, 'target_domains': ['cartoon']}
Round 102 took 0.38654232025146484s, results:
{'t': 101, 'current_accuracy': 0.70703125, 'current_loss': 0.993880420923233, 'train_loss': None, 'decision': 0, 'drift_rate': 0.0, 'target_domains': ['cartoon']}
Round 103 took 0.3873484134674072s, results:
{'t': 102, 'current_accuracy': 0.70703125, 'current_loss': 0.9938803017139435, 'train_loss': None, 'decision': 0, 'drift_rate': 0.0, 'target_domains': ['cartoon']}
Round 104 took 0.38750505447387695s, results:
{'t': 103, 'current_accuracy': 0.70703125, 'current_loss': 0.9938806891441345, 'train_loss': None, 'decision': 0, 'drift_rate': 0.0, 'target_domains': ['cartoon']}
Round 105 took 0.3895390033721924s, results:
{'t': 104, 'current_accuracy': 0.70703125, 'current_loss': 0.9938803017139435, 'train_loss': None, 'decision': 0, 'drift_rate': 0.0, 'target_domains': ['cartoon']}
Average loss over 3 updates: 3.9830
Round 106 took 1.0217304229736328s, results:
{'t': 105, 'current_accuracy': 0.19140625, 'current_loss': 3.6308871507644653, 'train_loss': 3.982988198598226, 'decision': 1, 'drift_rate': 1.0, 'target_domains': ['photo']}
Average loss over 3 updates: 2.4686
Round 107 took 0.9107463359832764s, results:
{'t': 106, 'current_accuracy': 0.2421875, 'current_loss': 237.550048828125, 'train_loss': 2.468578894933065, 'decision': 1, 'drift_rate': 1.0, 'target_domains': ['photo']}
Average loss over 3 updates: 1.8074
Round 108 took 0.9067938327789307s, results:
{'t': 107, 'current_accuracy': 0.1640625, 'current_loss': 18.806673049926758, 'train_loss': 1.8073867956797283, 'decision': 1, 'drift_rate': 1.0, 'target_domains': ['photo']}
Average loss over 3 updates: 1.5223
Round 109 took 0.9051015377044678s, results:
{'t': 108, 'current_accuracy': 0.23828125, 'current_loss': 12.378503799438477, 'train_loss': 1.5222990115483601, 'decision': 1, 'drift_rate': 1.0, 'target_domains': ['photo']}
Average loss over 3 updates: 1.2780
Round 110 took 0.9072363376617432s, results:
{'t': 109, 'current_accuracy': 0.234375, 'current_loss': 2.720137119293213, 'train_loss': 1.2779573599497478, 'decision': 1, 'drift_rate': 1.0, 'target_domains': ['photo']}
Round 111 took 0.3884091377258301s, results:
{'t': 110, 'current_accuracy': 0.4140625, 'current_loss': 1.776412546634674, 'train_loss': None, 'decision': 0, 'drift_rate': 0.0, 'target_domains': ['photo']}
Round 112 took 0.3882265090942383s, results:
{'t': 111, 'current_accuracy': 0.4140625, 'current_loss': 1.7764126062393188, 'train_loss': None, 'decision': 0, 'drift_rate': 0.0, 'target_domains': ['photo']}
Round 113 took 0.3884708881378174s, results:
{'t': 112, 'current_accuracy': 0.4140625, 'current_loss': 1.7764127254486084, 'train_loss': None, 'decision': 0, 'drift_rate': 0.0, 'target_domains': ['photo']}
Round 114 took 0.39139699935913086s, results:
{'t': 113, 'current_accuracy': 0.4140625, 'current_loss': 1.7764127254486084, 'train_loss': None, 'decision': 0, 'drift_rate': 0.0, 'target_domains': ['photo']}
Round 115 took 0.388141393661499s, results:
{'t': 114, 'current_accuracy': 0.4140625, 'current_loss': 1.7764126658439636, 'train_loss': None, 'decision': 0, 'drift_rate': 0.0, 'target_domains': ['photo']}
Round 116 took 0.3870820999145508s, results:
{'t': 115, 'current_accuracy': 0.4140625, 'current_loss': 1.7764127850532532, 'train_loss': None, 'decision': 0, 'drift_rate': 0.0, 'target_domains': ['photo']}
Round 117 took 0.38568711280822754s, results:
{'t': 116, 'current_accuracy': 0.4140625, 'current_loss': 1.7764126658439636, 'train_loss': None, 'decision': 0, 'drift_rate': 0.0, 'target_domains': ['photo']}
Round 118 took 0.3866095542907715s, results:
{'t': 117, 'current_accuracy': 0.4140625, 'current_loss': 1.7764127254486084, 'train_loss': None, 'decision': 0, 'drift_rate': 0.0, 'target_domains': ['photo']}
Round 119 took 0.38841938972473145s, results:
{'t': 118, 'current_accuracy': 0.4140625, 'current_loss': 1.7764126062393188, 'train_loss': None, 'decision': 0, 'drift_rate': 0.0, 'target_domains': ['photo']}
Round 120 took 0.38675689697265625s, results:
{'t': 119, 'current_accuracy': 0.4140625, 'current_loss': 1.7764126658439636, 'train_loss': None, 'decision': 0, 'drift_rate': 0.0, 'target_domains': ['photo']}
Average loss over 3 updates: 1.2189
Round 121 took 0.902768611907959s, results:
{'t': 120, 'current_accuracy': 0.4140625, 'current_loss': 1.776412844657898, 'train_loss': 1.2188865741093953, 'decision': 1, 'drift_rate': 0.0, 'target_domains': ['photo']}
Round 122 took 0.389188289642334s, results:
{'t': 121, 'current_accuracy': 0.41015625, 'current_loss': 1.7852949500083923, 'train_loss': None, 'decision': 0, 'drift_rate': 0.0, 'target_domains': ['photo']}
Round 123 took 0.3910679817199707s, results:
{'t': 122, 'current_accuracy': 0.41015625, 'current_loss': 1.7852951884269714, 'train_loss': None, 'decision': 0, 'drift_rate': 0.0, 'target_domains': ['photo']}
Round 124 took 0.38913583755493164s, results:
{'t': 123, 'current_accuracy': 0.41015625, 'current_loss': 1.7852948904037476, 'train_loss': None, 'decision': 0, 'drift_rate': 0.0, 'target_domains': ['photo']}
Round 125 took 0.3891181945800781s, results:
{'t': 124, 'current_accuracy': 0.41015625, 'current_loss': 1.7852948307991028, 'train_loss': None, 'decision': 0, 'drift_rate': 0.0, 'target_domains': ['photo']}
Round 126 took 0.38868236541748047s, results:
{'t': 125, 'current_accuracy': 0.41015625, 'current_loss': 1.7852948904037476, 'train_loss': None, 'decision': 0, 'drift_rate': 0.0, 'target_domains': ['photo']}
Round 127 took 0.38852620124816895s, results:
{'t': 126, 'current_accuracy': 0.41015625, 'current_loss': 1.7852949500083923, 'train_loss': None, 'decision': 0, 'drift_rate': 0.0, 'target_domains': ['photo']}
Round 128 took 0.39118146896362305s, results:
{'t': 127, 'current_accuracy': 0.41015625, 'current_loss': 1.7852949500083923, 'train_loss': None, 'decision': 0, 'drift_rate': 0.0, 'target_domains': ['photo']}
Round 129 took 0.38930487632751465s, results:
{'t': 128, 'current_accuracy': 0.41015625, 'current_loss': 1.7852949500083923, 'train_loss': None, 'decision': 0, 'drift_rate': 0.0, 'target_domains': ['photo']}
Round 130 took 0.3882710933685303s, results:
{'t': 129, 'current_accuracy': 0.41015625, 'current_loss': 1.7852948307991028, 'train_loss': None, 'decision': 0, 'drift_rate': 0.0, 'target_domains': ['photo']}
Average loss over 3 updates: 1.1398
Round 131 took 0.9070215225219727s, results:
{'t': 130, 'current_accuracy': 0.41015625, 'current_loss': 1.7852949500083923, 'train_loss': 1.1398042837778728, 'decision': 1, 'drift_rate': 0.0, 'target_domains': ['photo']}
Round 132 took 0.38954591751098633s, results:
{'t': 131, 'current_accuracy': 0.546875, 'current_loss': 1.2827969193458557, 'train_loss': None, 'decision': 0, 'drift_rate': 0.0, 'target_domains': ['photo']}
Round 133 took 0.38804173469543457s, results:
{'t': 132, 'current_accuracy': 0.546875, 'current_loss': 1.2827966809272766, 'train_loss': None, 'decision': 0, 'drift_rate': 0.0, 'target_domains': ['photo']}
Round 134 took 0.3868982791900635s, results:
{'t': 133, 'current_accuracy': 0.546875, 'current_loss': 1.2827967405319214, 'train_loss': None, 'decision': 0, 'drift_rate': 0.0, 'target_domains': ['photo']}
Round 135 took 0.38729310035705566s, results:
{'t': 134, 'current_accuracy': 0.546875, 'current_loss': 1.282796859741211, 'train_loss': None, 'decision': 0, 'drift_rate': 0.0, 'target_domains': ['photo']}
Round 136 took 0.38845133781433105s, results:
{'t': 135, 'current_accuracy': 0.546875, 'current_loss': 1.2827968001365662, 'train_loss': None, 'decision': 0, 'drift_rate': 0.0, 'target_domains': ['photo']}
Round 137 took 0.3895878791809082s, results:
{'t': 136, 'current_accuracy': 0.546875, 'current_loss': 1.2827967405319214, 'train_loss': None, 'decision': 0, 'drift_rate': 0.0, 'target_domains': ['photo']}
Round 138 took 0.3881864547729492s, results:
{'t': 137, 'current_accuracy': 0.546875, 'current_loss': 1.2827968001365662, 'train_loss': None, 'decision': 0, 'drift_rate': 0.0, 'target_domains': ['photo']}
Round 139 took 0.3873283863067627s, results:
{'t': 138, 'current_accuracy': 0.546875, 'current_loss': 1.2827967405319214, 'train_loss': None, 'decision': 0, 'drift_rate': 0.0, 'target_domains': ['photo']}
Round 140 took 0.3872408866882324s, results:
{'t': 139, 'current_accuracy': 0.546875, 'current_loss': 1.2827968001365662, 'train_loss': None, 'decision': 0, 'drift_rate': 0.0, 'target_domains': ['photo']}
Round 141 took 0.38791990280151367s, results:
{'t': 140, 'current_accuracy': 0.546875, 'current_loss': 1.2827968001365662, 'train_loss': None, 'decision': 0, 'drift_rate': 0.0, 'target_domains': ['photo']}
Round 142 took 0.388458251953125s, results:
{'t': 141, 'current_accuracy': 0.546875, 'current_loss': 1.2827968001365662, 'train_loss': None, 'decision': 0, 'drift_rate': 0.0, 'target_domains': ['photo']}
Round 143 took 0.3875000476837158s, results:
{'t': 142, 'current_accuracy': 0.546875, 'current_loss': 1.282796859741211, 'train_loss': None, 'decision': 0, 'drift_rate': 0.0, 'target_domains': ['photo']}
Round 144 took 0.3876214027404785s, results:
{'t': 143, 'current_accuracy': 0.546875, 'current_loss': 1.2827967405319214, 'train_loss': None, 'decision': 0, 'drift_rate': 0.0, 'target_domains': ['photo']}
Round 145 took 0.3871445655822754s, results:
{'t': 144, 'current_accuracy': 0.546875, 'current_loss': 1.2827968001365662, 'train_loss': None, 'decision': 0, 'drift_rate': 0.0, 'target_domains': ['photo']}
Round 146 took 0.3880476951599121s, results:
{'t': 145, 'current_accuracy': 0.546875, 'current_loss': 1.2827967405319214, 'train_loss': None, 'decision': 0, 'drift_rate': 0.0, 'target_domains': ['photo']}
Round 147 took 0.3882100582122803s, results:
{'t': 146, 'current_accuracy': 0.546875, 'current_loss': 1.2827967405319214, 'train_loss': None, 'decision': 0, 'drift_rate': 0.0, 'target_domains': ['photo']}
Round 148 took 0.38849306106567383s, results:
{'t': 147, 'current_accuracy': 0.546875, 'current_loss': 1.282796561717987, 'train_loss': None, 'decision': 0, 'drift_rate': 0.0, 'target_domains': ['photo']}
Round 149 took 0.38868021965026855s, results:
{'t': 148, 'current_accuracy': 0.546875, 'current_loss': 1.2827967405319214, 'train_loss': None, 'decision': 0, 'drift_rate': 0.0, 'target_domains': ['photo']}
Round 150 took 0.38951802253723145s, results:
{'t': 149, 'current_accuracy': 0.546875, 'current_loss': 1.2827967405319214, 'train_loss': None, 'decision': 0, 'drift_rate': 0.0, 'target_domains': ['photo']}
Round 151 took 0.38872647285461426s, results:
{'t': 150, 'current_accuracy': 0.546875, 'current_loss': 1.2827966213226318, 'train_loss': None, 'decision': 0, 'drift_rate': 0.0, 'target_domains': ['photo']}
Round 152 took 0.38927173614501953s, results:
{'t': 151, 'current_accuracy': 0.546875, 'current_loss': 1.2827966809272766, 'train_loss': None, 'decision': 0, 'drift_rate': 0.0, 'target_domains': ['photo']}
Round 153 took 0.39890050888061523s, results:
{'t': 152, 'current_accuracy': 0.546875, 'current_loss': 1.2827967405319214, 'train_loss': None, 'decision': 0, 'drift_rate': 0.0, 'target_domains': ['photo']}
Round 154 took 0.38973474502563477s, results:
{'t': 153, 'current_accuracy': 0.546875, 'current_loss': 1.2827966809272766, 'train_loss': None, 'decision': 0, 'drift_rate': 0.0, 'target_domains': ['photo']}
Round 155 took 0.38970446586608887s, results:
{'t': 154, 'current_accuracy': 0.546875, 'current_loss': 1.2827967405319214, 'train_loss': None, 'decision': 0, 'drift_rate': 0.0, 'target_domains': ['photo']}
Average loss over 3 updates: 2.2719
Round 156 took 0.9290499687194824s, results:
{'t': 155, 'current_accuracy': 0.12890625, 'current_loss': 4.197978496551514, 'train_loss': 2.271891951560974, 'decision': 1, 'drift_rate': 1.0, 'target_domains': ['sketch']}
Average loss over 3 updates: 1.7674
Round 157 took 0.9254536628723145s, results:
{'t': 156, 'current_accuracy': 0.2265625, 'current_loss': 2.1972686052322388, 'train_loss': 1.7674098412195842, 'decision': 1, 'drift_rate': 1.0, 'target_domains': ['sketch']}
Average loss over 3 updates: 1.5595
Round 158 took 0.9086699485778809s, results:
{'t': 157, 'current_accuracy': 0.01953125, 'current_loss': 3.2044273614883423, 'train_loss': 1.5594574213027954, 'decision': 1, 'drift_rate': 1.0, 'target_domains': ['sketch']}
Average loss over 3 updates: 1.3435
Round 159 took 0.913062572479248s, results:
{'t': 158, 'current_accuracy': 0.23828125, 'current_loss': 2.6875869035720825, 'train_loss': 1.3434916734695435, 'decision': 1, 'drift_rate': 1.0, 'target_domains': ['sketch']}
Round 160 took 0.38970375061035156s, results:
{'t': 159, 'current_accuracy': 0.20703125, 'current_loss': 2.0218539237976074, 'train_loss': None, 'decision': 0, 'drift_rate': 1.0, 'target_domains': ['sketch']}
Round 161 took 0.3893904685974121s, results:
{'t': 160, 'current_accuracy': 0.20703125, 'current_loss': 2.021853804588318, 'train_loss': None, 'decision': 0, 'drift_rate': 0.0, 'target_domains': ['sketch']}
Round 162 took 0.38805460929870605s, results:
{'t': 161, 'current_accuracy': 0.20703125, 'current_loss': 2.021853804588318, 'train_loss': None, 'decision': 0, 'drift_rate': 0.0, 'target_domains': ['sketch']}
Round 163 took 0.3874027729034424s, results:
{'t': 162, 'current_accuracy': 0.20703125, 'current_loss': 2.021853804588318, 'train_loss': None, 'decision': 0, 'drift_rate': 0.0, 'target_domains': ['sketch']}
Round 164 took 0.38793325424194336s, results:
{'t': 163, 'current_accuracy': 0.20703125, 'current_loss': 2.0218539237976074, 'train_loss': None, 'decision': 0, 'drift_rate': 0.0, 'target_domains': ['sketch']}
Round 165 took 0.38793158531188965s, results:
{'t': 164, 'current_accuracy': 0.20703125, 'current_loss': 2.0218541622161865, 'train_loss': None, 'decision': 0, 'drift_rate': 0.0, 'target_domains': ['sketch']}
Round 166 took 0.3866755962371826s, results:
{'t': 165, 'current_accuracy': 0.20703125, 'current_loss': 2.021853744983673, 'train_loss': None, 'decision': 0, 'drift_rate': 0.0, 'target_domains': ['sketch']}
Round 167 took 0.38751816749572754s, results:
{'t': 166, 'current_accuracy': 0.20703125, 'current_loss': 2.021853744983673, 'train_loss': None, 'decision': 0, 'drift_rate': 0.0, 'target_domains': ['sketch']}
Round 168 took 0.3864109516143799s, results:
{'t': 167, 'current_accuracy': 0.20703125, 'current_loss': 2.021853983402252, 'train_loss': None, 'decision': 0, 'drift_rate': 0.0, 'target_domains': ['sketch']}
Average loss over 3 updates: 1.3129
Round 169 took 0.9051711559295654s, results:
{'t': 168, 'current_accuracy': 0.20703125, 'current_loss': 2.021853744983673, 'train_loss': 1.312908411026001, 'decision': 1, 'drift_rate': 0.0, 'target_domains': ['sketch']}
Round 170 took 0.3881206512451172s, results:
{'t': 169, 'current_accuracy': 0.29296875, 'current_loss': 1.726088047027588, 'train_loss': None, 'decision': 0, 'drift_rate': 0.0, 'target_domains': ['sketch']}
Round 171 took 0.38672447204589844s, results:
{'t': 170, 'current_accuracy': 0.29296875, 'current_loss': 1.7260882258415222, 'train_loss': None, 'decision': 0, 'drift_rate': 0.0, 'target_domains': ['sketch']}
Round 172 took 0.38701748847961426s, results:
{'t': 171, 'current_accuracy': 0.29296875, 'current_loss': 1.7260884642601013, 'train_loss': None, 'decision': 0, 'drift_rate': 0.0, 'target_domains': ['sketch']}
Round 173 took 0.3862745761871338s, results:
{'t': 172, 'current_accuracy': 0.29296875, 'current_loss': 1.726088285446167, 'train_loss': None, 'decision': 0, 'drift_rate': 0.0, 'target_domains': ['sketch']}
Round 174 took 0.3901689052581787s, results:
{'t': 173, 'current_accuracy': 0.29296875, 'current_loss': 1.726088285446167, 'train_loss': None, 'decision': 0, 'drift_rate': 0.0, 'target_domains': ['sketch']}
Round 175 took 0.3884737491607666s, results:
{'t': 174, 'current_accuracy': 0.29296875, 'current_loss': 1.7260882258415222, 'train_loss': None, 'decision': 0, 'drift_rate': 0.0, 'target_domains': ['sketch']}
Round 176 took 0.3868837356567383s, results:
{'t': 175, 'current_accuracy': 0.29296875, 'current_loss': 1.726088285446167, 'train_loss': None, 'decision': 0, 'drift_rate': 0.0, 'target_domains': ['sketch']}
Round 177 took 0.3871283531188965s, results:
{'t': 176, 'current_accuracy': 0.29296875, 'current_loss': 1.7260881066322327, 'train_loss': None, 'decision': 0, 'drift_rate': 0.0, 'target_domains': ['sketch']}
Round 178 took 0.387692928314209s, results:
{'t': 177, 'current_accuracy': 0.29296875, 'current_loss': 1.7260881066322327, 'train_loss': None, 'decision': 0, 'drift_rate': 0.0, 'target_domains': ['sketch']}
Round 179 took 0.3875997066497803s, results:
{'t': 178, 'current_accuracy': 0.29296875, 'current_loss': 1.7260883450508118, 'train_loss': None, 'decision': 0, 'drift_rate': 0.0, 'target_domains': ['sketch']}
Round 180 took 0.3880956172943115s, results:
{'t': 179, 'current_accuracy': 0.29296875, 'current_loss': 1.7260881066322327, 'train_loss': None, 'decision': 0, 'drift_rate': 0.0, 'target_domains': ['sketch']}
Round 181 took 0.38862109184265137s, results:
{'t': 180, 'current_accuracy': 0.29296875, 'current_loss': 1.7260881662368774, 'train_loss': None, 'decision': 0, 'drift_rate': 0.0, 'target_domains': ['sketch']}
Round 182 took 0.3889808654785156s, results:
{'t': 181, 'current_accuracy': 0.29296875, 'current_loss': 1.7260882258415222, 'train_loss': None, 'decision': 0, 'drift_rate': 0.0, 'target_domains': ['sketch']}
Round 183 took 0.3874964714050293s, results:
{'t': 182, 'current_accuracy': 0.29296875, 'current_loss': 1.7260883450508118, 'train_loss': None, 'decision': 0, 'drift_rate': 0.0, 'target_domains': ['sketch']}
Round 184 took 0.38622546195983887s, results:
{'t': 183, 'current_accuracy': 0.29296875, 'current_loss': 1.726088285446167, 'train_loss': None, 'decision': 0, 'drift_rate': 0.0, 'target_domains': ['sketch']}
Round 185 took 0.38626742362976074s, results:
{'t': 184, 'current_accuracy': 0.29296875, 'current_loss': 1.7260881662368774, 'train_loss': None, 'decision': 0, 'drift_rate': 0.0, 'target_domains': ['sketch']}
Round 186 took 0.3878977298736572s, results:
{'t': 185, 'current_accuracy': 0.29296875, 'current_loss': 1.7260881662368774, 'train_loss': None, 'decision': 0, 'drift_rate': 0.0, 'target_domains': ['sketch']}
Round 187 took 0.38982439041137695s, results:
{'t': 186, 'current_accuracy': 0.29296875, 'current_loss': 1.7260883450508118, 'train_loss': None, 'decision': 0, 'drift_rate': 0.0, 'target_domains': ['sketch']}
Round 188 took 0.3870518207550049s, results:
{'t': 187, 'current_accuracy': 0.29296875, 'current_loss': 1.726088285446167, 'train_loss': None, 'decision': 0, 'drift_rate': 0.0, 'target_domains': ['sketch']}
Round 189 took 0.3882467746734619s, results:
{'t': 188, 'current_accuracy': 0.29296875, 'current_loss': 1.726088285446167, 'train_loss': None, 'decision': 0, 'drift_rate': 0.0, 'target_domains': ['sketch']}
Round 190 took 0.38818860054016113s, results:
{'t': 189, 'current_accuracy': 0.29296875, 'current_loss': 1.7260883450508118, 'train_loss': None, 'decision': 0, 'drift_rate': 0.0, 'target_domains': ['sketch']}
Round 191 took 0.38863062858581543s, results:
{'t': 190, 'current_accuracy': 0.29296875, 'current_loss': 1.7260882258415222, 'train_loss': None, 'decision': 0, 'drift_rate': 0.0, 'target_domains': ['sketch']}
Round 192 took 0.3885376453399658s, results:
{'t': 191, 'current_accuracy': 0.29296875, 'current_loss': 1.7260881662368774, 'train_loss': None, 'decision': 0, 'drift_rate': 0.0, 'target_domains': ['sketch']}
Round 193 took 0.3888669013977051s, results:
{'t': 192, 'current_accuracy': 0.29296875, 'current_loss': 1.726088047027588, 'train_loss': None, 'decision': 0, 'drift_rate': 0.0, 'target_domains': ['sketch']}
Average loss over 3 updates: 1.3114
Round 194 took 0.9110076427459717s, results:
{'t': 193, 'current_accuracy': 0.29296875, 'current_loss': 1.7260884046554565, 'train_loss': 1.3113701740900676, 'decision': 1, 'drift_rate': 0.0, 'target_domains': ['sketch']}
Round 195 took 0.39079713821411133s, results:
{'t': 194, 'current_accuracy': 0.3046875, 'current_loss': 1.8280029892921448, 'train_loss': None, 'decision': 0, 'drift_rate': 0.0, 'target_domains': ['sketch']}
Round 196 took 0.38907957077026367s, results:
{'t': 195, 'current_accuracy': 0.3046875, 'current_loss': 1.828003168106079, 'train_loss': None, 'decision': 0, 'drift_rate': 0.0, 'target_domains': ['sketch']}
Round 197 took 0.3895070552825928s, results:
{'t': 196, 'current_accuracy': 0.3046875, 'current_loss': 1.8280028104782104, 'train_loss': None, 'decision': 0, 'drift_rate': 0.0, 'target_domains': ['sketch']}
Round 198 took 0.3917500972747803s, results:
{'t': 197, 'current_accuracy': 0.3046875, 'current_loss': 1.8280030488967896, 'train_loss': None, 'decision': 0, 'drift_rate': 0.0, 'target_domains': ['sketch']}
Average loss over 3 updates: 1.1415
Round 199 took 0.9098305702209473s, results:
{'t': 198, 'current_accuracy': 0.3046875, 'current_loss': 1.828003168106079, 'train_loss': 1.1414549748102825, 'decision': 1, 'drift_rate': 0.0, 'target_domains': ['sketch']}
Round 200 took 0.38919949531555176s, results:
{'t': 199, 'current_accuracy': 0.265625, 'current_loss': 1.8723057508468628, 'train_loss': None, 'decision': 0, 'drift_rate': 0.0, 'target_domains': ['sketch']}
Average time per round: 0.4255578362941742
Total time: 85.11156725883484
