Using the latest cached version of the dataset since flwrlabs/pacs couldn't be found on the Hugging Face Hub
Found the latest cached dataset configuration 'default' at /home/apiasecz/.cache/huggingface/datasets/flwrlabs___pacs/default/0.0.0/394113073258ead631f617d2e13bb377c0715c4b (last modified on Wed Jan 29 16:59:35 2025).
Using the latest cached version of the dataset since flwrlabs/pacs couldn't be found on the Hugging Face Hub
Found the latest cached dataset configuration 'default' at /home/apiasecz/.cache/huggingface/datasets/flwrlabs___pacs/default/0.0.0/394113073258ead631f617d2e13bb377c0715c4b (last modified on Wed Jan 29 16:59:35 2025).
Using the latest cached version of the dataset since flwrlabs/pacs couldn't be found on the Hugging Face Hub
Found the latest cached dataset configuration 'default' at /home/apiasecz/.cache/huggingface/datasets/flwrlabs___pacs/default/0.0.0/394113073258ead631f617d2e13bb377c0715c4b (last modified on Wed Jan 29 16:59:35 2025).
Using the latest cached version of the dataset since flwrlabs/pacs couldn't be found on the Hugging Face Hub
Found the latest cached dataset configuration 'default' at /home/apiasecz/.cache/huggingface/datasets/flwrlabs___pacs/default/0.0.0/394113073258ead631f617d2e13bb377c0715c4b (last modified on Wed Jan 29 16:59:35 2025).
Using the latest cached version of the dataset since flwrlabs/pacs couldn't be found on the Hugging Face Hub
Found the latest cached dataset configuration 'default' at /home/apiasecz/.cache/huggingface/datasets/flwrlabs___pacs/default/0.0.0/394113073258ead631f617d2e13bb377c0715c4b (last modified on Wed Jan 29 16:59:35 2025).
Device: cuda
CUDA Version: 12.1
cuDNN Version: 8902
PyTorch Version: 2.3.0

Model used: PACSCNN_1
Initial dataset creation
Initial dataset creation
Initial loss: 0.7198433876037598
<__main__.Policy object at 0x1525185ce7e0>
0.7198433876037598
Round 1 took 0.14883017539978027s, results:
{'t': 0, 'current_accuracy': 0.74609375, 'current_loss': 0.6905905902385712, 'train_loss': None, 'decision': 0, 'drift_rate': 0.0, 'target_domains': ['sketch']}
Round 2 took 0.1278367042541504s, results:
{'t': 1, 'current_accuracy': 0.74609375, 'current_loss': 0.6905906200408936, 'train_loss': None, 'decision': 0, 'drift_rate': 0.0, 'target_domains': ['sketch']}
Round 3 took 0.1271061897277832s, results:
{'t': 2, 'current_accuracy': 0.74609375, 'current_loss': 0.6905905306339264, 'train_loss': None, 'decision': 0, 'drift_rate': 0.0, 'target_domains': ['sketch']}
Round 4 took 0.12735366821289062s, results:
{'t': 3, 'current_accuracy': 0.74609375, 'current_loss': 0.6905905604362488, 'train_loss': None, 'decision': 0, 'drift_rate': 0.0, 'target_domains': ['sketch']}
Round 5 took 0.13034677505493164s, results:
{'t': 4, 'current_accuracy': 0.74609375, 'current_loss': 0.6905906200408936, 'train_loss': None, 'decision': 0, 'drift_rate': 0.0, 'target_domains': ['sketch']}
Round 6 took 0.12717580795288086s, results:
{'t': 5, 'current_accuracy': 0.74609375, 'current_loss': 0.6905906200408936, 'train_loss': None, 'decision': 0, 'drift_rate': 0.0, 'target_domains': ['sketch']}
Round 7 took 0.12738919258117676s, results:
{'t': 6, 'current_accuracy': 0.74609375, 'current_loss': 0.6905905604362488, 'train_loss': None, 'decision': 0, 'drift_rate': 0.0, 'target_domains': ['sketch']}
Round 8 took 0.12715458869934082s, results:
{'t': 7, 'current_accuracy': 0.74609375, 'current_loss': 0.6905905306339264, 'train_loss': None, 'decision': 0, 'drift_rate': 0.0, 'target_domains': ['sketch']}
Round 9 took 0.12753081321716309s, results:
{'t': 8, 'current_accuracy': 0.74609375, 'current_loss': 0.6905905902385712, 'train_loss': None, 'decision': 0, 'drift_rate': 0.0, 'target_domains': ['sketch']}
Round 10 took 0.1275005340576172s, results:
{'t': 9, 'current_accuracy': 0.74609375, 'current_loss': 0.6905906200408936, 'train_loss': None, 'decision': 0, 'drift_rate': 0.0, 'target_domains': ['sketch']}
Round 11 took 0.12743449211120605s, results:
{'t': 10, 'current_accuracy': 0.74609375, 'current_loss': 0.6905905604362488, 'train_loss': None, 'decision': 0, 'drift_rate': 0.0, 'target_domains': ['sketch']}
Round 12 took 0.12736773490905762s, results:
{'t': 11, 'current_accuracy': 0.74609375, 'current_loss': 0.6905906200408936, 'train_loss': None, 'decision': 0, 'drift_rate': 0.0, 'target_domains': ['sketch']}
Round 13 took 0.12754130363464355s, results:
{'t': 12, 'current_accuracy': 0.74609375, 'current_loss': 0.6905905306339264, 'train_loss': None, 'decision': 0, 'drift_rate': 0.0, 'target_domains': ['sketch']}
Round 14 took 0.1275019645690918s, results:
{'t': 13, 'current_accuracy': 0.74609375, 'current_loss': 0.6905905306339264, 'train_loss': None, 'decision': 0, 'drift_rate': 0.0, 'target_domains': ['sketch']}
Round 15 took 0.1275315284729004s, results:
{'t': 14, 'current_accuracy': 0.74609375, 'current_loss': 0.6905905604362488, 'train_loss': None, 'decision': 0, 'drift_rate': 0.0, 'target_domains': ['sketch']}
Round 16 took 0.12729406356811523s, results:
{'t': 15, 'current_accuracy': 0.74609375, 'current_loss': 0.6905905604362488, 'train_loss': None, 'decision': 0, 'drift_rate': 0.0, 'target_domains': ['sketch']}
Round 17 took 0.12761950492858887s, results:
{'t': 16, 'current_accuracy': 0.74609375, 'current_loss': 0.6905905604362488, 'train_loss': None, 'decision': 0, 'drift_rate': 0.0, 'target_domains': ['sketch']}
Round 18 took 0.12741851806640625s, results:
{'t': 17, 'current_accuracy': 0.74609375, 'current_loss': 0.690590500831604, 'train_loss': None, 'decision': 0, 'drift_rate': 0.0, 'target_domains': ['sketch']}
Round 19 took 0.12728524208068848s, results:
{'t': 18, 'current_accuracy': 0.74609375, 'current_loss': 0.6905905306339264, 'train_loss': None, 'decision': 0, 'drift_rate': 0.0, 'target_domains': ['sketch']}
Round 20 took 0.13110566139221191s, results:
{'t': 19, 'current_accuracy': 0.74609375, 'current_loss': 0.6905905902385712, 'train_loss': None, 'decision': 0, 'drift_rate': 0.0, 'target_domains': ['sketch']}
Round 21 took 0.12748956680297852s, results:
{'t': 20, 'current_accuracy': 0.74609375, 'current_loss': 0.6905906200408936, 'train_loss': None, 'decision': 0, 'drift_rate': 0.0, 'target_domains': ['sketch']}
Round 22 took 0.1274416446685791s, results:
{'t': 21, 'current_accuracy': 0.74609375, 'current_loss': 0.6905906498432159, 'train_loss': None, 'decision': 0, 'drift_rate': 0.0, 'target_domains': ['sketch']}
Round 23 took 0.12746882438659668s, results:
{'t': 22, 'current_accuracy': 0.74609375, 'current_loss': 0.6905905604362488, 'train_loss': None, 'decision': 0, 'drift_rate': 0.0, 'target_domains': ['sketch']}
Round 24 took 0.1276850700378418s, results:
{'t': 23, 'current_accuracy': 0.74609375, 'current_loss': 0.6905905306339264, 'train_loss': None, 'decision': 0, 'drift_rate': 0.0, 'target_domains': ['sketch']}
Round 25 took 0.1274430751800537s, results:
{'t': 24, 'current_accuracy': 0.74609375, 'current_loss': 0.6905905306339264, 'train_loss': None, 'decision': 0, 'drift_rate': 0.0, 'target_domains': ['sketch']}
Round 26 took 0.12739086151123047s, results:
{'t': 25, 'current_accuracy': 0.74609375, 'current_loss': 0.6905905604362488, 'train_loss': None, 'decision': 0, 'drift_rate': 0.0, 'target_domains': ['sketch']}
Round 27 took 0.12752652168273926s, results:
{'t': 26, 'current_accuracy': 0.74609375, 'current_loss': 0.6905905604362488, 'train_loss': None, 'decision': 0, 'drift_rate': 0.0, 'target_domains': ['sketch']}
Round 28 took 0.12752795219421387s, results:
{'t': 27, 'current_accuracy': 0.74609375, 'current_loss': 0.6905905306339264, 'train_loss': None, 'decision': 0, 'drift_rate': 0.0, 'target_domains': ['sketch']}
Round 29 took 0.127305269241333s, results:
{'t': 28, 'current_accuracy': 0.74609375, 'current_loss': 0.6905905604362488, 'train_loss': None, 'decision': 0, 'drift_rate': 0.0, 'target_domains': ['sketch']}
Round 30 took 0.1273176670074463s, results:
{'t': 29, 'current_accuracy': 0.74609375, 'current_loss': 0.6905905902385712, 'train_loss': None, 'decision': 0, 'drift_rate': 0.0, 'target_domains': ['sketch']}
Round 31 took 0.12732219696044922s, results:
{'t': 30, 'current_accuracy': 0.74609375, 'current_loss': 0.6905906200408936, 'train_loss': None, 'decision': 0, 'drift_rate': 0.0, 'target_domains': ['sketch']}
Round 32 took 0.12760424613952637s, results:
{'t': 31, 'current_accuracy': 0.74609375, 'current_loss': 0.6905906200408936, 'train_loss': None, 'decision': 0, 'drift_rate': 0.0, 'target_domains': ['sketch']}
Round 33 took 0.12754249572753906s, results:
{'t': 32, 'current_accuracy': 0.74609375, 'current_loss': 0.6905906200408936, 'train_loss': None, 'decision': 0, 'drift_rate': 0.0, 'target_domains': ['sketch']}
Round 34 took 0.1308448314666748s, results:
{'t': 33, 'current_accuracy': 0.74609375, 'current_loss': 0.6905905604362488, 'train_loss': None, 'decision': 0, 'drift_rate': 0.0, 'target_domains': ['sketch']}
Round 35 took 0.1286907196044922s, results:
{'t': 34, 'current_accuracy': 0.74609375, 'current_loss': 0.6905905306339264, 'train_loss': None, 'decision': 0, 'drift_rate': 0.0, 'target_domains': ['sketch']}
Round 36 took 0.12765121459960938s, results:
{'t': 35, 'current_accuracy': 0.74609375, 'current_loss': 0.6905905902385712, 'train_loss': None, 'decision': 0, 'drift_rate': 0.0, 'target_domains': ['sketch']}
Round 37 took 0.12746071815490723s, results:
{'t': 36, 'current_accuracy': 0.74609375, 'current_loss': 0.6905904412269592, 'train_loss': None, 'decision': 0, 'drift_rate': 0.0, 'target_domains': ['sketch']}
Round 38 took 0.12756657600402832s, results:
{'t': 37, 'current_accuracy': 0.74609375, 'current_loss': 0.6905905902385712, 'train_loss': None, 'decision': 0, 'drift_rate': 0.0, 'target_domains': ['sketch']}
Round 39 took 0.12739109992980957s, results:
{'t': 38, 'current_accuracy': 0.74609375, 'current_loss': 0.6905905306339264, 'train_loss': None, 'decision': 0, 'drift_rate': 0.0, 'target_domains': ['sketch']}
Round 40 took 0.12782001495361328s, results:
{'t': 39, 'current_accuracy': 0.74609375, 'current_loss': 0.6905905306339264, 'train_loss': None, 'decision': 0, 'drift_rate': 0.0, 'target_domains': ['sketch']}
Round 41 took 0.12734746932983398s, results:
{'t': 40, 'current_accuracy': 0.74609375, 'current_loss': 0.6905905306339264, 'train_loss': None, 'decision': 0, 'drift_rate': 0.0, 'target_domains': ['sketch']}
Round 42 took 0.12761902809143066s, results:
{'t': 41, 'current_accuracy': 0.74609375, 'current_loss': 0.6905905604362488, 'train_loss': None, 'decision': 0, 'drift_rate': 0.0, 'target_domains': ['sketch']}
Round 43 took 0.1275315284729004s, results:
{'t': 42, 'current_accuracy': 0.74609375, 'current_loss': 0.6905904710292816, 'train_loss': None, 'decision': 0, 'drift_rate': 0.0, 'target_domains': ['sketch']}
Round 44 took 0.12743020057678223s, results:
{'t': 43, 'current_accuracy': 0.74609375, 'current_loss': 0.6905905306339264, 'train_loss': None, 'decision': 0, 'drift_rate': 0.0, 'target_domains': ['sketch']}
Round 45 took 0.12738275527954102s, results:
{'t': 44, 'current_accuracy': 0.74609375, 'current_loss': 0.6905904710292816, 'train_loss': None, 'decision': 0, 'drift_rate': 0.0, 'target_domains': ['sketch']}
Round 46 took 0.12726545333862305s, results:
{'t': 45, 'current_accuracy': 0.74609375, 'current_loss': 0.6905905306339264, 'train_loss': None, 'decision': 0, 'drift_rate': 0.0, 'target_domains': ['sketch']}
Round 47 took 0.12746548652648926s, results:
{'t': 46, 'current_accuracy': 0.74609375, 'current_loss': 0.6905905604362488, 'train_loss': None, 'decision': 0, 'drift_rate': 0.0, 'target_domains': ['sketch']}
Round 48 took 0.12740135192871094s, results:
{'t': 47, 'current_accuracy': 0.74609375, 'current_loss': 0.6905905604362488, 'train_loss': None, 'decision': 0, 'drift_rate': 0.0, 'target_domains': ['sketch']}
Round 49 took 0.12762212753295898s, results:
{'t': 48, 'current_accuracy': 0.74609375, 'current_loss': 0.6905905902385712, 'train_loss': None, 'decision': 0, 'drift_rate': 0.0, 'target_domains': ['sketch']}
Round 50 took 0.13335275650024414s, results:
{'t': 49, 'current_accuracy': 0.74609375, 'current_loss': 0.6905906200408936, 'train_loss': None, 'decision': 0, 'drift_rate': 0.0, 'target_domains': ['sketch']}
Round 51 took 0.1275331974029541s, results:
{'t': 50, 'current_accuracy': 0.74609375, 'current_loss': 0.690590500831604, 'train_loss': None, 'decision': 0, 'drift_rate': 0.0, 'target_domains': ['sketch']}
Round 52 took 0.12752842903137207s, results:
{'t': 51, 'current_accuracy': 0.74609375, 'current_loss': 0.690590500831604, 'train_loss': None, 'decision': 0, 'drift_rate': 0.0, 'target_domains': ['sketch']}
Round 53 took 0.12749791145324707s, results:
{'t': 52, 'current_accuracy': 0.74609375, 'current_loss': 0.6905905604362488, 'train_loss': None, 'decision': 0, 'drift_rate': 0.0, 'target_domains': ['sketch']}
Round 54 took 0.12739229202270508s, results:
{'t': 53, 'current_accuracy': 0.74609375, 'current_loss': 0.6905905306339264, 'train_loss': None, 'decision': 0, 'drift_rate': 0.0, 'target_domains': ['sketch']}
Round 55 took 0.12764668464660645s, results:
{'t': 54, 'current_accuracy': 0.74609375, 'current_loss': 0.690590500831604, 'train_loss': None, 'decision': 0, 'drift_rate': 0.0, 'target_domains': ['sketch']}
Round 56 took 0.12804198265075684s, results:
{'t': 55, 'current_accuracy': 0.74609375, 'current_loss': 0.6905906498432159, 'train_loss': None, 'decision': 0, 'drift_rate': 0.4, 'target_domains': ['sketch']}
Round 57 took 0.1277468204498291s, results:
{'t': 56, 'current_accuracy': 0.74609375, 'current_loss': 0.6905906498432159, 'train_loss': None, 'decision': 0, 'drift_rate': 0.4, 'target_domains': ['sketch']}
Round 58 took 0.12787532806396484s, results:
{'t': 57, 'current_accuracy': 0.74609375, 'current_loss': 0.6905905902385712, 'train_loss': None, 'decision': 0, 'drift_rate': 0.4, 'target_domains': ['sketch']}
Round 59 took 0.12779712677001953s, results:
{'t': 58, 'current_accuracy': 0.74609375, 'current_loss': 0.6905905306339264, 'train_loss': None, 'decision': 0, 'drift_rate': 0.4, 'target_domains': ['sketch']}
Round 60 took 0.12780046463012695s, results:
{'t': 59, 'current_accuracy': 0.74609375, 'current_loss': 0.6905905902385712, 'train_loss': None, 'decision': 0, 'drift_rate': 0.4, 'target_domains': ['sketch']}
Round 61 took 0.12758398056030273s, results:
{'t': 60, 'current_accuracy': 0.74609375, 'current_loss': 0.6905905902385712, 'train_loss': None, 'decision': 0, 'drift_rate': 0.0, 'target_domains': ['sketch']}
Round 62 took 0.12748050689697266s, results:
{'t': 61, 'current_accuracy': 0.74609375, 'current_loss': 0.6905906200408936, 'train_loss': None, 'decision': 0, 'drift_rate': 0.0, 'target_domains': ['sketch']}
Round 63 took 0.12733173370361328s, results:
{'t': 62, 'current_accuracy': 0.74609375, 'current_loss': 0.6905905306339264, 'train_loss': None, 'decision': 0, 'drift_rate': 0.0, 'target_domains': ['sketch']}
Round 64 took 0.127485990524292s, results:
{'t': 63, 'current_accuracy': 0.74609375, 'current_loss': 0.6905905604362488, 'train_loss': None, 'decision': 0, 'drift_rate': 0.0, 'target_domains': ['sketch']}
Round 65 took 0.1312704086303711s, results:
{'t': 64, 'current_accuracy': 0.74609375, 'current_loss': 0.6905905604362488, 'train_loss': None, 'decision': 0, 'drift_rate': 0.0, 'target_domains': ['sketch']}
Round 66 took 0.12752866744995117s, results:
{'t': 65, 'current_accuracy': 0.74609375, 'current_loss': 0.690590500831604, 'train_loss': None, 'decision': 0, 'drift_rate': 0.0, 'target_domains': ['sketch']}
Round 67 took 0.1275498867034912s, results:
{'t': 66, 'current_accuracy': 0.74609375, 'current_loss': 0.6905905306339264, 'train_loss': None, 'decision': 0, 'drift_rate': 0.0, 'target_domains': ['sketch']}
Round 68 took 0.12752485275268555s, results:
{'t': 67, 'current_accuracy': 0.74609375, 'current_loss': 0.6905905902385712, 'train_loss': None, 'decision': 0, 'drift_rate': 0.0, 'target_domains': ['sketch']}
Round 69 took 0.12729763984680176s, results:
{'t': 68, 'current_accuracy': 0.74609375, 'current_loss': 0.6905905902385712, 'train_loss': None, 'decision': 0, 'drift_rate': 0.0, 'target_domains': ['sketch']}
Round 70 took 0.12741351127624512s, results:
{'t': 69, 'current_accuracy': 0.74609375, 'current_loss': 0.690590500831604, 'train_loss': None, 'decision': 0, 'drift_rate': 0.0, 'target_domains': ['sketch']}
Round 71 took 0.12740039825439453s, results:
{'t': 70, 'current_accuracy': 0.74609375, 'current_loss': 0.6905906200408936, 'train_loss': None, 'decision': 0, 'drift_rate': 0.0, 'target_domains': ['sketch']}
Round 72 took 0.12753653526306152s, results:
{'t': 71, 'current_accuracy': 0.74609375, 'current_loss': 0.6905905902385712, 'train_loss': None, 'decision': 0, 'drift_rate': 0.0, 'target_domains': ['sketch']}
Round 73 took 0.1276073455810547s, results:
{'t': 72, 'current_accuracy': 0.74609375, 'current_loss': 0.6905905902385712, 'train_loss': None, 'decision': 0, 'drift_rate': 0.0, 'target_domains': ['sketch']}
Round 74 took 0.12737178802490234s, results:
{'t': 73, 'current_accuracy': 0.74609375, 'current_loss': 0.6905905604362488, 'train_loss': None, 'decision': 0, 'drift_rate': 0.0, 'target_domains': ['sketch']}
Round 75 took 0.12748265266418457s, results:
{'t': 74, 'current_accuracy': 0.74609375, 'current_loss': 0.6905905306339264, 'train_loss': None, 'decision': 0, 'drift_rate': 0.0, 'target_domains': ['sketch']}
Round 76 took 0.12730741500854492s, results:
{'t': 75, 'current_accuracy': 0.74609375, 'current_loss': 0.6905905604362488, 'train_loss': None, 'decision': 0, 'drift_rate': 0.0, 'target_domains': ['sketch']}
Round 77 took 0.12734365463256836s, results:
{'t': 76, 'current_accuracy': 0.74609375, 'current_loss': 0.6905905604362488, 'train_loss': None, 'decision': 0, 'drift_rate': 0.0, 'target_domains': ['sketch']}
Round 78 took 0.1273210048675537s, results:
{'t': 77, 'current_accuracy': 0.74609375, 'current_loss': 0.6905905902385712, 'train_loss': None, 'decision': 0, 'drift_rate': 0.0, 'target_domains': ['sketch']}
Round 79 took 0.1272423267364502s, results:
{'t': 78, 'current_accuracy': 0.74609375, 'current_loss': 0.6905905306339264, 'train_loss': None, 'decision': 0, 'drift_rate': 0.0, 'target_domains': ['sketch']}
Round 80 took 0.13079142570495605s, results:
{'t': 79, 'current_accuracy': 0.74609375, 'current_loss': 0.6905906200408936, 'train_loss': None, 'decision': 0, 'drift_rate': 0.0, 'target_domains': ['sketch']}
Round 81 took 0.12694287300109863s, results:
{'t': 80, 'current_accuracy': 0.74609375, 'current_loss': 0.6905906200408936, 'train_loss': None, 'decision': 0, 'drift_rate': 0.0, 'target_domains': ['sketch']}
Round 82 took 0.1270761489868164s, results:
{'t': 81, 'current_accuracy': 0.74609375, 'current_loss': 0.690590500831604, 'train_loss': None, 'decision': 0, 'drift_rate': 0.0, 'target_domains': ['sketch']}
Round 83 took 0.1272430419921875s, results:
{'t': 82, 'current_accuracy': 0.74609375, 'current_loss': 0.6905905604362488, 'train_loss': None, 'decision': 0, 'drift_rate': 0.0, 'target_domains': ['sketch']}
Round 84 took 0.12691044807434082s, results:
{'t': 83, 'current_accuracy': 0.74609375, 'current_loss': 0.6905906200408936, 'train_loss': None, 'decision': 0, 'drift_rate': 0.0, 'target_domains': ['sketch']}
Round 85 took 0.12717103958129883s, results:
{'t': 84, 'current_accuracy': 0.74609375, 'current_loss': 0.6905905902385712, 'train_loss': None, 'decision': 0, 'drift_rate': 0.0, 'target_domains': ['sketch']}
Round 86 took 0.12706398963928223s, results:
{'t': 85, 'current_accuracy': 0.74609375, 'current_loss': 0.6905905306339264, 'train_loss': None, 'decision': 0, 'drift_rate': 0.0, 'target_domains': ['sketch']}
Round 87 took 0.12720823287963867s, results:
{'t': 86, 'current_accuracy': 0.74609375, 'current_loss': 0.6905904710292816, 'train_loss': None, 'decision': 0, 'drift_rate': 0.0, 'target_domains': ['sketch']}
Round 88 took 0.12714862823486328s, results:
{'t': 87, 'current_accuracy': 0.74609375, 'current_loss': 0.6905905306339264, 'train_loss': None, 'decision': 0, 'drift_rate': 0.0, 'target_domains': ['sketch']}
Round 89 took 0.12724542617797852s, results:
{'t': 88, 'current_accuracy': 0.74609375, 'current_loss': 0.6905905306339264, 'train_loss': None, 'decision': 0, 'drift_rate': 0.0, 'target_domains': ['sketch']}
Round 90 took 0.12752151489257812s, results:
{'t': 89, 'current_accuracy': 0.74609375, 'current_loss': 0.6905905902385712, 'train_loss': None, 'decision': 0, 'drift_rate': 0.0, 'target_domains': ['sketch']}
Round 91 took 0.1272411346435547s, results:
{'t': 90, 'current_accuracy': 0.74609375, 'current_loss': 0.6905905306339264, 'train_loss': None, 'decision': 0, 'drift_rate': 0.0, 'target_domains': ['sketch']}
Round 92 took 0.12721896171569824s, results:
{'t': 91, 'current_accuracy': 0.74609375, 'current_loss': 0.6905905604362488, 'train_loss': None, 'decision': 0, 'drift_rate': 0.0, 'target_domains': ['sketch']}
Round 93 took 0.1272885799407959s, results:
{'t': 92, 'current_accuracy': 0.74609375, 'current_loss': 0.6905905604362488, 'train_loss': None, 'decision': 0, 'drift_rate': 0.0, 'target_domains': ['sketch']}
Round 94 took 0.1272423267364502s, results:
{'t': 93, 'current_accuracy': 0.74609375, 'current_loss': 0.690590500831604, 'train_loss': None, 'decision': 0, 'drift_rate': 0.0, 'target_domains': ['sketch']}
Round 95 took 0.1274120807647705s, results:
{'t': 94, 'current_accuracy': 0.74609375, 'current_loss': 0.6905904710292816, 'train_loss': None, 'decision': 0, 'drift_rate': 0.0, 'target_domains': ['sketch']}
Round 96 took 0.13061022758483887s, results:
{'t': 95, 'current_accuracy': 0.74609375, 'current_loss': 0.6905905604362488, 'train_loss': None, 'decision': 0, 'drift_rate': 0.0, 'target_domains': ['sketch']}
Round 97 took 0.12760400772094727s, results:
{'t': 96, 'current_accuracy': 0.74609375, 'current_loss': 0.6905905604362488, 'train_loss': None, 'decision': 0, 'drift_rate': 0.0, 'target_domains': ['sketch']}
Round 98 took 0.1275033950805664s, results:
{'t': 97, 'current_accuracy': 0.74609375, 'current_loss': 0.6905905902385712, 'train_loss': None, 'decision': 0, 'drift_rate': 0.0, 'target_domains': ['sketch']}
Round 99 took 0.12766647338867188s, results:
{'t': 98, 'current_accuracy': 0.74609375, 'current_loss': 0.6905905902385712, 'train_loss': None, 'decision': 0, 'drift_rate': 0.0, 'target_domains': ['sketch']}
Round 100 took 0.12761998176574707s, results:
{'t': 99, 'current_accuracy': 0.74609375, 'current_loss': 0.6905905604362488, 'train_loss': None, 'decision': 0, 'drift_rate': 0.0, 'target_domains': ['sketch']}
Round 101 took 0.12757110595703125s, results:
{'t': 100, 'current_accuracy': 0.74609375, 'current_loss': 0.6905905902385712, 'train_loss': None, 'decision': 0, 'drift_rate': 0.0, 'target_domains': ['sketch']}
Round 102 took 0.12793946266174316s, results:
{'t': 101, 'current_accuracy': 0.74609375, 'current_loss': 0.6905906498432159, 'train_loss': None, 'decision': 0, 'drift_rate': 0.0, 'target_domains': ['sketch']}
Round 103 took 0.1278092861175537s, results:
{'t': 102, 'current_accuracy': 0.74609375, 'current_loss': 0.6905905306339264, 'train_loss': None, 'decision': 0, 'drift_rate': 0.0, 'target_domains': ['sketch']}
Round 104 took 0.12779474258422852s, results:
{'t': 103, 'current_accuracy': 0.74609375, 'current_loss': 0.6905906200408936, 'train_loss': None, 'decision': 0, 'drift_rate': 0.0, 'target_domains': ['sketch']}
Round 105 took 0.12781524658203125s, results:
{'t': 104, 'current_accuracy': 0.74609375, 'current_loss': 0.6905905604362488, 'train_loss': None, 'decision': 0, 'drift_rate': 0.0, 'target_domains': ['sketch']}
Average loss over 4 updates: 3.3883
Round 106 took 0.3325619697570801s, results:
{'t': 105, 'current_accuracy': 0.55078125, 'current_loss': 3.4467663764953613, 'train_loss': 3.38831102848053, 'decision': 1, 'drift_rate': 0.4, 'target_domains': ['cartoon']}
Average loss over 4 updates: 1.9835
Round 107 took 0.2700059413909912s, results:
{'t': 106, 'current_accuracy': 0.2265625, 'current_loss': 2.402291178703308, 'train_loss': 1.9835312366485596, 'decision': 1, 'drift_rate': 0.4, 'target_domains': ['cartoon']}
Average loss over 4 updates: 1.9567
Round 108 took 0.2720041275024414s, results:
{'t': 107, 'current_accuracy': 0.22265625, 'current_loss': 2.1505696773529053, 'train_loss': 1.9566704034805298, 'decision': 1, 'drift_rate': 0.4, 'target_domains': ['cartoon']}
Average loss over 4 updates: 1.8221
Round 109 took 0.26451826095581055s, results:
{'t': 108, 'current_accuracy': 0.29296875, 'current_loss': 1.9756185412406921, 'train_loss': 1.8220592737197876, 'decision': 1, 'drift_rate': 0.4, 'target_domains': ['cartoon']}
Average loss over 4 updates: 1.7432
Round 110 took 0.2618224620819092s, results:
{'t': 109, 'current_accuracy': 0.33203125, 'current_loss': 1.8621412515640259, 'train_loss': 1.7432224452495575, 'decision': 1, 'drift_rate': 0.4, 'target_domains': ['cartoon']}
Average loss over 4 updates: 1.6634
Round 111 took 0.26128315925598145s, results:
{'t': 110, 'current_accuracy': 0.33984375, 'current_loss': 1.8028942942619324, 'train_loss': 1.6634400188922882, 'decision': 1, 'drift_rate': 0.0, 'target_domains': ['cartoon']}
Round 112 took 0.1282358169555664s, results:
{'t': 111, 'current_accuracy': 0.3359375, 'current_loss': 1.7564683556556702, 'train_loss': None, 'decision': 0, 'drift_rate': 0.0, 'target_domains': ['cartoon']}
Round 113 took 0.12829065322875977s, results:
{'t': 112, 'current_accuracy': 0.3359375, 'current_loss': 1.7564682364463806, 'train_loss': None, 'decision': 0, 'drift_rate': 0.0, 'target_domains': ['cartoon']}
Round 114 took 0.12826108932495117s, results:
{'t': 113, 'current_accuracy': 0.3359375, 'current_loss': 1.7564682364463806, 'train_loss': None, 'decision': 0, 'drift_rate': 0.0, 'target_domains': ['cartoon']}
Round 115 took 0.12798070907592773s, results:
{'t': 114, 'current_accuracy': 0.3359375, 'current_loss': 1.7564681768417358, 'train_loss': None, 'decision': 0, 'drift_rate': 0.0, 'target_domains': ['cartoon']}
Round 116 took 0.12799644470214844s, results:
{'t': 115, 'current_accuracy': 0.3359375, 'current_loss': 1.7564681768417358, 'train_loss': None, 'decision': 0, 'drift_rate': 0.0, 'target_domains': ['cartoon']}
Average loss over 4 updates: 1.6285
Round 117 took 0.2602245807647705s, results:
{'t': 116, 'current_accuracy': 0.3359375, 'current_loss': 1.7564682960510254, 'train_loss': 1.6284863948822021, 'decision': 1, 'drift_rate': 0.0, 'target_domains': ['cartoon']}
Round 118 took 0.1280369758605957s, results:
{'t': 117, 'current_accuracy': 0.37109375, 'current_loss': 1.7009620666503906, 'train_loss': None, 'decision': 0, 'drift_rate': 0.0, 'target_domains': ['cartoon']}
Round 119 took 0.12793779373168945s, results:
{'t': 118, 'current_accuracy': 0.37109375, 'current_loss': 1.7009620070457458, 'train_loss': None, 'decision': 0, 'drift_rate': 0.0, 'target_domains': ['cartoon']}
Round 120 took 0.12815189361572266s, results:
{'t': 119, 'current_accuracy': 0.37109375, 'current_loss': 1.7009620666503906, 'train_loss': None, 'decision': 0, 'drift_rate': 0.0, 'target_domains': ['cartoon']}
Round 121 took 0.12786626815795898s, results:
{'t': 120, 'current_accuracy': 0.37109375, 'current_loss': 1.7009620666503906, 'train_loss': None, 'decision': 0, 'drift_rate': 0.0, 'target_domains': ['cartoon']}
Round 122 took 0.12803983688354492s, results:
{'t': 121, 'current_accuracy': 0.37109375, 'current_loss': 1.7009620070457458, 'train_loss': None, 'decision': 0, 'drift_rate': 0.0, 'target_domains': ['cartoon']}
Round 123 took 0.1320648193359375s, results:
{'t': 122, 'current_accuracy': 0.37109375, 'current_loss': 1.7009621262550354, 'train_loss': None, 'decision': 0, 'drift_rate': 0.0, 'target_domains': ['cartoon']}
Round 124 took 0.1280076503753662s, results:
{'t': 123, 'current_accuracy': 0.37109375, 'current_loss': 1.7009621262550354, 'train_loss': None, 'decision': 0, 'drift_rate': 0.0, 'target_domains': ['cartoon']}
Round 125 took 0.12795639038085938s, results:
{'t': 124, 'current_accuracy': 0.37109375, 'current_loss': 1.7009620666503906, 'train_loss': None, 'decision': 0, 'drift_rate': 0.0, 'target_domains': ['cartoon']}
Round 126 took 0.12810802459716797s, results:
{'t': 125, 'current_accuracy': 0.37109375, 'current_loss': 1.7009620070457458, 'train_loss': None, 'decision': 0, 'drift_rate': 0.0, 'target_domains': ['cartoon']}
Round 127 took 0.12793993949890137s, results:
{'t': 126, 'current_accuracy': 0.37109375, 'current_loss': 1.700961947441101, 'train_loss': None, 'decision': 0, 'drift_rate': 0.0, 'target_domains': ['cartoon']}
Round 128 took 0.12811017036437988s, results:
{'t': 127, 'current_accuracy': 0.37109375, 'current_loss': 1.7009620070457458, 'train_loss': None, 'decision': 0, 'drift_rate': 0.0, 'target_domains': ['cartoon']}
Round 129 took 0.1281280517578125s, results:
{'t': 128, 'current_accuracy': 0.37109375, 'current_loss': 1.7009620666503906, 'train_loss': None, 'decision': 0, 'drift_rate': 0.0, 'target_domains': ['cartoon']}
Average loss over 4 updates: 1.5580
Round 130 took 0.2624940872192383s, results:
{'t': 129, 'current_accuracy': 0.37109375, 'current_loss': 1.7009620666503906, 'train_loss': 1.558034598827362, 'decision': 1, 'drift_rate': 0.0, 'target_domains': ['cartoon']}
Round 131 took 0.12829184532165527s, results:
{'t': 130, 'current_accuracy': 0.4140625, 'current_loss': 1.6573537588119507, 'train_loss': None, 'decision': 0, 'drift_rate': 0.0, 'target_domains': ['cartoon']}
Round 132 took 0.12818527221679688s, results:
{'t': 131, 'current_accuracy': 0.4140625, 'current_loss': 1.6573538184165955, 'train_loss': None, 'decision': 0, 'drift_rate': 0.0, 'target_domains': ['cartoon']}
Round 133 took 0.12799334526062012s, results:
{'t': 132, 'current_accuracy': 0.4140625, 'current_loss': 1.6573538184165955, 'train_loss': None, 'decision': 0, 'drift_rate': 0.0, 'target_domains': ['cartoon']}
Round 134 took 0.12789082527160645s, results:
{'t': 133, 'current_accuracy': 0.4140625, 'current_loss': 1.6573535203933716, 'train_loss': None, 'decision': 0, 'drift_rate': 0.0, 'target_domains': ['cartoon']}
Round 135 took 0.12799429893493652s, results:
{'t': 134, 'current_accuracy': 0.4140625, 'current_loss': 1.6573537588119507, 'train_loss': None, 'decision': 0, 'drift_rate': 0.0, 'target_domains': ['cartoon']}
Round 136 took 0.12801742553710938s, results:
{'t': 135, 'current_accuracy': 0.4140625, 'current_loss': 1.6573538184165955, 'train_loss': None, 'decision': 0, 'drift_rate': 0.0, 'target_domains': ['cartoon']}
Round 137 took 0.12786412239074707s, results:
{'t': 136, 'current_accuracy': 0.4140625, 'current_loss': 1.657353699207306, 'train_loss': None, 'decision': 0, 'drift_rate': 0.0, 'target_domains': ['cartoon']}
Round 138 took 0.12807512283325195s, results:
{'t': 137, 'current_accuracy': 0.4140625, 'current_loss': 1.6573537588119507, 'train_loss': None, 'decision': 0, 'drift_rate': 0.0, 'target_domains': ['cartoon']}
Round 139 took 0.1278538703918457s, results:
{'t': 138, 'current_accuracy': 0.4140625, 'current_loss': 1.6573537588119507, 'train_loss': None, 'decision': 0, 'drift_rate': 0.0, 'target_domains': ['cartoon']}
Round 140 took 0.12778663635253906s, results:
{'t': 139, 'current_accuracy': 0.4140625, 'current_loss': 1.6573537588119507, 'train_loss': None, 'decision': 0, 'drift_rate': 0.0, 'target_domains': ['cartoon']}
Round 141 took 0.13158321380615234s, results:
{'t': 140, 'current_accuracy': 0.4140625, 'current_loss': 1.6573536396026611, 'train_loss': None, 'decision': 0, 'drift_rate': 0.0, 'target_domains': ['cartoon']}
Average loss over 4 updates: 1.5515
Round 142 took 0.2649073600769043s, results:
{'t': 141, 'current_accuracy': 0.4140625, 'current_loss': 1.6573537588119507, 'train_loss': 1.551459938287735, 'decision': 1, 'drift_rate': 0.0, 'target_domains': ['cartoon']}
Round 143 took 0.12815117835998535s, results:
{'t': 142, 'current_accuracy': 0.44140625, 'current_loss': 1.6460722088813782, 'train_loss': None, 'decision': 0, 'drift_rate': 0.0, 'target_domains': ['cartoon']}
Round 144 took 0.12804722785949707s, results:
{'t': 143, 'current_accuracy': 0.44140625, 'current_loss': 1.6460723876953125, 'train_loss': None, 'decision': 0, 'drift_rate': 0.0, 'target_domains': ['cartoon']}
Round 145 took 0.1281137466430664s, results:
{'t': 144, 'current_accuracy': 0.44140625, 'current_loss': 1.6460724472999573, 'train_loss': None, 'decision': 0, 'drift_rate': 0.0, 'target_domains': ['cartoon']}
Round 146 took 0.12800121307373047s, results:
{'t': 145, 'current_accuracy': 0.44140625, 'current_loss': 1.6460722088813782, 'train_loss': None, 'decision': 0, 'drift_rate': 0.0, 'target_domains': ['cartoon']}
Round 147 took 0.12825632095336914s, results:
{'t': 146, 'current_accuracy': 0.44140625, 'current_loss': 1.6460721492767334, 'train_loss': None, 'decision': 0, 'drift_rate': 0.0, 'target_domains': ['cartoon']}
Round 148 took 0.12825894355773926s, results:
{'t': 147, 'current_accuracy': 0.44140625, 'current_loss': 1.6460726261138916, 'train_loss': None, 'decision': 0, 'drift_rate': 0.0, 'target_domains': ['cartoon']}
Round 149 took 0.12805557250976562s, results:
{'t': 148, 'current_accuracy': 0.44140625, 'current_loss': 1.6460723280906677, 'train_loss': None, 'decision': 0, 'drift_rate': 0.0, 'target_domains': ['cartoon']}
Round 150 took 0.12818169593811035s, results:
{'t': 149, 'current_accuracy': 0.44140625, 'current_loss': 1.6460724472999573, 'train_loss': None, 'decision': 0, 'drift_rate': 0.0, 'target_domains': ['cartoon']}
Round 151 took 0.12798237800598145s, results:
{'t': 150, 'current_accuracy': 0.44140625, 'current_loss': 1.646072268486023, 'train_loss': None, 'decision': 0, 'drift_rate': 0.0, 'target_domains': ['cartoon']}
Round 152 took 0.1280062198638916s, results:
{'t': 151, 'current_accuracy': 0.44140625, 'current_loss': 1.6460721492767334, 'train_loss': None, 'decision': 0, 'drift_rate': 0.0, 'target_domains': ['cartoon']}
Average loss over 4 updates: 1.5131
Round 153 took 0.2629523277282715s, results:
{'t': 152, 'current_accuracy': 0.44140625, 'current_loss': 1.6460723280906677, 'train_loss': 1.5131309032440186, 'decision': 1, 'drift_rate': 0.0, 'target_domains': ['cartoon']}
Round 154 took 0.12812280654907227s, results:
{'t': 153, 'current_accuracy': 0.4375, 'current_loss': 1.5892634987831116, 'train_loss': None, 'decision': 0, 'drift_rate': 0.0, 'target_domains': ['cartoon']}
Round 155 took 0.1279752254486084s, results:
{'t': 154, 'current_accuracy': 0.4375, 'current_loss': 1.5892633199691772, 'train_loss': None, 'decision': 0, 'drift_rate': 0.0, 'target_domains': ['cartoon']}
Round 156 took 0.13187766075134277s, results:
{'t': 155, 'current_accuracy': 0.40234375, 'current_loss': 1.6957535147666931, 'train_loss': None, 'decision': 0, 'drift_rate': 0.4, 'target_domains': ['art_painting']}
Average loss over 4 updates: 1.8756
Round 157 took 0.27341246604919434s, results:
{'t': 156, 'current_accuracy': 0.30859375, 'current_loss': 1.8565284609794617, 'train_loss': 1.8756111860275269, 'decision': 1, 'drift_rate': 0.4, 'target_domains': ['art_painting']}
Round 158 took 0.13452768325805664s, results:
{'t': 157, 'current_accuracy': 0.2890625, 'current_loss': 1.892226219177246, 'train_loss': None, 'decision': 0, 'drift_rate': 0.4, 'target_domains': ['art_painting']}
Round 159 took 0.12824487686157227s, results:
{'t': 158, 'current_accuracy': 0.2890625, 'current_loss': 1.8922260999679565, 'train_loss': None, 'decision': 0, 'drift_rate': 0.4, 'target_domains': ['art_painting']}
Average loss over 4 updates: 1.9383
Round 160 took 0.2688276767730713s, results:
{'t': 159, 'current_accuracy': 0.2890625, 'current_loss': 1.892225980758667, 'train_loss': 1.938311755657196, 'decision': 1, 'drift_rate': 0.4, 'target_domains': ['art_painting']}
Round 161 took 0.12816190719604492s, results:
{'t': 160, 'current_accuracy': 0.25, 'current_loss': 1.866764783859253, 'train_loss': None, 'decision': 0, 'drift_rate': 0.0, 'target_domains': ['art_painting']}
Round 162 took 0.1282026767730713s, results:
{'t': 161, 'current_accuracy': 0.25, 'current_loss': 1.866764783859253, 'train_loss': None, 'decision': 0, 'drift_rate': 0.0, 'target_domains': ['art_painting']}
Round 163 took 0.1283416748046875s, results:
{'t': 162, 'current_accuracy': 0.25, 'current_loss': 1.8667648434638977, 'train_loss': None, 'decision': 0, 'drift_rate': 0.0, 'target_domains': ['art_painting']}
Round 164 took 0.12844347953796387s, results:
{'t': 163, 'current_accuracy': 0.25, 'current_loss': 1.8667646646499634, 'train_loss': None, 'decision': 0, 'drift_rate': 0.0, 'target_domains': ['art_painting']}
Round 165 took 0.12817859649658203s, results:
{'t': 164, 'current_accuracy': 0.25, 'current_loss': 1.8667646646499634, 'train_loss': None, 'decision': 0, 'drift_rate': 0.0, 'target_domains': ['art_painting']}
Round 166 took 0.1280975341796875s, results:
{'t': 165, 'current_accuracy': 0.25, 'current_loss': 1.8667648434638977, 'train_loss': None, 'decision': 0, 'drift_rate': 0.0, 'target_domains': ['art_painting']}
Round 167 took 0.1285872459411621s, results:
{'t': 166, 'current_accuracy': 0.25, 'current_loss': 1.866764783859253, 'train_loss': None, 'decision': 0, 'drift_rate': 0.0, 'target_domains': ['art_painting']}
Round 168 took 0.12900471687316895s, results:
{'t': 167, 'current_accuracy': 0.25, 'current_loss': 1.8667647242546082, 'train_loss': None, 'decision': 0, 'drift_rate': 0.0, 'target_domains': ['art_painting']}
Round 169 took 0.12872314453125s, results:
{'t': 168, 'current_accuracy': 0.25, 'current_loss': 1.8667647242546082, 'train_loss': None, 'decision': 0, 'drift_rate': 0.0, 'target_domains': ['art_painting']}
Round 170 took 0.12835216522216797s, results:
{'t': 169, 'current_accuracy': 0.25, 'current_loss': 1.866764783859253, 'train_loss': None, 'decision': 0, 'drift_rate': 0.0, 'target_domains': ['art_painting']}
Round 171 took 0.1283731460571289s, results:
{'t': 170, 'current_accuracy': 0.25, 'current_loss': 1.8667649030685425, 'train_loss': None, 'decision': 0, 'drift_rate': 0.0, 'target_domains': ['art_painting']}
Average loss over 4 updates: 1.8811
Round 172 took 0.266054630279541s, results:
{'t': 171, 'current_accuracy': 0.25, 'current_loss': 1.8667646646499634, 'train_loss': 1.8811129331588745, 'decision': 1, 'drift_rate': 0.0, 'target_domains': ['art_painting']}
Round 173 took 0.12951087951660156s, results:
{'t': 172, 'current_accuracy': 0.2578125, 'current_loss': 1.853542149066925, 'train_loss': None, 'decision': 0, 'drift_rate': 0.0, 'target_domains': ['art_painting']}
Round 174 took 0.12752699851989746s, results:
{'t': 173, 'current_accuracy': 0.2578125, 'current_loss': 1.8535422682762146, 'train_loss': None, 'decision': 0, 'drift_rate': 0.0, 'target_domains': ['art_painting']}
Round 175 took 0.1320052146911621s, results:
{'t': 174, 'current_accuracy': 0.2578125, 'current_loss': 1.8535422682762146, 'train_loss': None, 'decision': 0, 'drift_rate': 0.0, 'target_domains': ['art_painting']}
Round 176 took 0.12727069854736328s, results:
{'t': 175, 'current_accuracy': 0.2578125, 'current_loss': 1.8535422086715698, 'train_loss': None, 'decision': 0, 'drift_rate': 0.0, 'target_domains': ['art_painting']}
Round 177 took 0.12737226486206055s, results:
{'t': 176, 'current_accuracy': 0.2578125, 'current_loss': 1.8535423278808594, 'train_loss': None, 'decision': 0, 'drift_rate': 0.0, 'target_domains': ['art_painting']}
Round 178 took 0.12729644775390625s, results:
{'t': 177, 'current_accuracy': 0.2578125, 'current_loss': 1.8535422086715698, 'train_loss': None, 'decision': 0, 'drift_rate': 0.0, 'target_domains': ['art_painting']}
Round 179 took 0.1274404525756836s, results:
{'t': 178, 'current_accuracy': 0.2578125, 'current_loss': 1.8535423278808594, 'train_loss': None, 'decision': 0, 'drift_rate': 0.0, 'target_domains': ['art_painting']}
Round 180 took 0.12744569778442383s, results:
{'t': 179, 'current_accuracy': 0.2578125, 'current_loss': 1.8535422086715698, 'train_loss': None, 'decision': 0, 'drift_rate': 0.0, 'target_domains': ['art_painting']}
Round 181 took 0.12742853164672852s, results:
{'t': 180, 'current_accuracy': 0.2578125, 'current_loss': 1.8535422682762146, 'train_loss': None, 'decision': 0, 'drift_rate': 0.0, 'target_domains': ['art_painting']}
Average loss over 4 updates: 1.8742
Round 182 took 0.2642083168029785s, results:
{'t': 181, 'current_accuracy': 0.2578125, 'current_loss': 1.8535422682762146, 'train_loss': 1.874230831861496, 'decision': 1, 'drift_rate': 0.0, 'target_domains': ['art_painting']}
Round 183 took 0.12781572341918945s, results:
{'t': 182, 'current_accuracy': 0.296875, 'current_loss': 1.8323995471000671, 'train_loss': None, 'decision': 0, 'drift_rate': 0.0, 'target_domains': ['art_painting']}
Round 184 took 0.12755846977233887s, results:
{'t': 183, 'current_accuracy': 0.296875, 'current_loss': 1.8323995471000671, 'train_loss': None, 'decision': 0, 'drift_rate': 0.0, 'target_domains': ['art_painting']}
Round 185 took 0.12758350372314453s, results:
{'t': 184, 'current_accuracy': 0.296875, 'current_loss': 1.8323993682861328, 'train_loss': None, 'decision': 0, 'drift_rate': 0.0, 'target_domains': ['art_painting']}
Round 186 took 0.1277329921722412s, results:
{'t': 185, 'current_accuracy': 0.296875, 'current_loss': 1.8323992490768433, 'train_loss': None, 'decision': 0, 'drift_rate': 0.0, 'target_domains': ['art_painting']}
Round 187 took 0.12765789031982422s, results:
{'t': 186, 'current_accuracy': 0.296875, 'current_loss': 1.8323995471000671, 'train_loss': None, 'decision': 0, 'drift_rate': 0.0, 'target_domains': ['art_painting']}
Round 188 took 0.12754368782043457s, results:
{'t': 187, 'current_accuracy': 0.296875, 'current_loss': 1.8323994278907776, 'train_loss': None, 'decision': 0, 'drift_rate': 0.0, 'target_domains': ['art_painting']}
Round 189 took 0.1274423599243164s, results:
{'t': 188, 'current_accuracy': 0.296875, 'current_loss': 1.8323994874954224, 'train_loss': None, 'decision': 0, 'drift_rate': 0.0, 'target_domains': ['art_painting']}
Round 190 took 0.1279923915863037s, results:
{'t': 189, 'current_accuracy': 0.296875, 'current_loss': 1.8323995471000671, 'train_loss': None, 'decision': 0, 'drift_rate': 0.0, 'target_domains': ['art_painting']}
Round 191 took 0.12804770469665527s, results:
{'t': 190, 'current_accuracy': 0.296875, 'current_loss': 1.832399606704712, 'train_loss': None, 'decision': 0, 'drift_rate': 0.0, 'target_domains': ['art_painting']}
Round 192 took 0.1280050277709961s, results:
{'t': 191, 'current_accuracy': 0.296875, 'current_loss': 1.8323994874954224, 'train_loss': None, 'decision': 0, 'drift_rate': 0.0, 'target_domains': ['art_painting']}
Average loss over 4 updates: 1.8735
Round 193 took 0.269298791885376s, results:
{'t': 192, 'current_accuracy': 0.296875, 'current_loss': 1.8323995471000671, 'train_loss': 1.87352055311203, 'decision': 1, 'drift_rate': 0.0, 'target_domains': ['art_painting']}
Round 194 took 0.1303865909576416s, results:
{'t': 193, 'current_accuracy': 0.26953125, 'current_loss': 1.8169600367546082, 'train_loss': None, 'decision': 0, 'drift_rate': 0.0, 'target_domains': ['art_painting']}
Round 195 took 0.12784218788146973s, results:
{'t': 194, 'current_accuracy': 0.26953125, 'current_loss': 1.8169599771499634, 'train_loss': None, 'decision': 0, 'drift_rate': 0.0, 'target_domains': ['art_painting']}
Round 196 took 0.127349853515625s, results:
{'t': 195, 'current_accuracy': 0.26953125, 'current_loss': 1.816960096359253, 'train_loss': None, 'decision': 0, 'drift_rate': 0.0, 'target_domains': ['art_painting']}
Round 197 took 0.12740445137023926s, results:
{'t': 196, 'current_accuracy': 0.26953125, 'current_loss': 1.8169600367546082, 'train_loss': None, 'decision': 0, 'drift_rate': 0.0, 'target_domains': ['art_painting']}
Round 198 took 0.12761759757995605s, results:
{'t': 197, 'current_accuracy': 0.26953125, 'current_loss': 1.8169599771499634, 'train_loss': None, 'decision': 0, 'drift_rate': 0.0, 'target_domains': ['art_painting']}
Round 199 took 0.1275033950805664s, results:
{'t': 198, 'current_accuracy': 0.26953125, 'current_loss': 1.8169599771499634, 'train_loss': None, 'decision': 0, 'drift_rate': 0.0, 'target_domains': ['art_painting']}
Round 200 took 0.12739896774291992s, results:
{'t': 199, 'current_accuracy': 0.26953125, 'current_loss': 1.8169599175453186, 'train_loss': None, 'decision': 0, 'drift_rate': 0.0, 'target_domains': ['art_painting']}
Average time per round: 0.13874753594398498
Total time: 27.749507188796997
