Using the latest cached version of the dataset since flwrlabs/pacs couldn't be found on the Hugging Face Hub
Found the latest cached dataset configuration 'default' at /home/apiasecz/.cache/huggingface/datasets/flwrlabs___pacs/default/0.0.0/394113073258ead631f617d2e13bb377c0715c4b (last modified on Wed Jan 29 16:59:35 2025).
Using the latest cached version of the dataset since flwrlabs/pacs couldn't be found on the Hugging Face Hub
Found the latest cached dataset configuration 'default' at /home/apiasecz/.cache/huggingface/datasets/flwrlabs___pacs/default/0.0.0/394113073258ead631f617d2e13bb377c0715c4b (last modified on Wed Jan 29 16:59:35 2025).
Using the latest cached version of the dataset since flwrlabs/pacs couldn't be found on the Hugging Face Hub
Found the latest cached dataset configuration 'default' at /home/apiasecz/.cache/huggingface/datasets/flwrlabs___pacs/default/0.0.0/394113073258ead631f617d2e13bb377c0715c4b (last modified on Wed Jan 29 16:59:35 2025).
Using the latest cached version of the dataset since flwrlabs/pacs couldn't be found on the Hugging Face Hub
Found the latest cached dataset configuration 'default' at /home/apiasecz/.cache/huggingface/datasets/flwrlabs___pacs/default/0.0.0/394113073258ead631f617d2e13bb377c0715c4b (last modified on Wed Jan 29 16:59:35 2025).
Using the latest cached version of the dataset since flwrlabs/pacs couldn't be found on the Hugging Face Hub
Found the latest cached dataset configuration 'default' at /home/apiasecz/.cache/huggingface/datasets/flwrlabs___pacs/default/0.0.0/394113073258ead631f617d2e13bb377c0715c4b (last modified on Wed Jan 29 16:59:35 2025).
Device: cuda
CUDA Version: 12.1
cuDNN Version: 8902
PyTorch Version: 2.3.0

Model used: PACSCNN_4
Initial dataset creation
Initial dataset creation
Initial loss: 0.5372256636619568
<__main__.Policy object at 0x1465899fda00>
0.5372256636619568
Average loss over 5 updates: 0.4538
Round 1 took 1.3318994045257568s, results:
{'t': 0, 'current_accuracy': 0.8671875, 'current_loss': 0.4220639616250992, 'train_loss': 0.45377721786499026, 'decision': 1, 'drift_rate': 0.0, 'target_domains': ['cartoon']}
Round 2 took 0.38939476013183594s, results:
{'t': 1, 'current_accuracy': 0.8515625, 'current_loss': 0.4389972537755966, 'train_loss': None, 'decision': 0, 'drift_rate': 0.0, 'target_domains': ['cartoon']}
Round 3 took 0.3996307849884033s, results:
{'t': 2, 'current_accuracy': 0.8515625, 'current_loss': 0.438997283577919, 'train_loss': None, 'decision': 0, 'drift_rate': 0.0, 'target_domains': ['cartoon']}
Round 4 took 0.39109063148498535s, results:
{'t': 3, 'current_accuracy': 0.8515625, 'current_loss': 0.4389973282814026, 'train_loss': None, 'decision': 0, 'drift_rate': 0.0, 'target_domains': ['cartoon']}
Round 5 took 0.3890342712402344s, results:
{'t': 4, 'current_accuracy': 0.8515625, 'current_loss': 0.4389973282814026, 'train_loss': None, 'decision': 0, 'drift_rate': 0.0, 'target_domains': ['cartoon']}
Round 6 took 0.3894612789154053s, results:
{'t': 5, 'current_accuracy': 0.8515625, 'current_loss': 0.4389972537755966, 'train_loss': None, 'decision': 0, 'drift_rate': 0.0, 'target_domains': ['cartoon']}
Round 7 took 0.39002513885498047s, results:
{'t': 6, 'current_accuracy': 0.8515625, 'current_loss': 0.4389972984790802, 'train_loss': None, 'decision': 0, 'drift_rate': 0.0, 'target_domains': ['cartoon']}
Round 8 took 0.3942687511444092s, results:
{'t': 7, 'current_accuracy': 0.8515625, 'current_loss': 0.438997283577919, 'train_loss': None, 'decision': 0, 'drift_rate': 0.0, 'target_domains': ['cartoon']}
Round 9 took 0.3890206813812256s, results:
{'t': 8, 'current_accuracy': 0.8515625, 'current_loss': 0.43899722397327423, 'train_loss': None, 'decision': 0, 'drift_rate': 0.0, 'target_domains': ['cartoon']}
Round 10 took 0.389085054397583s, results:
{'t': 9, 'current_accuracy': 0.8515625, 'current_loss': 0.4389972984790802, 'train_loss': None, 'decision': 0, 'drift_rate': 0.0, 'target_domains': ['cartoon']}
Average loss over 5 updates: 0.3946
Round 11 took 1.2494332790374756s, results:
{'t': 10, 'current_accuracy': 0.8515625, 'current_loss': 0.43899719417095184, 'train_loss': 0.39455208778381345, 'decision': 1, 'drift_rate': 0.0, 'target_domains': ['cartoon']}
Round 12 took 0.3903191089630127s, results:
{'t': 11, 'current_accuracy': 0.86328125, 'current_loss': 0.3709195405244827, 'train_loss': None, 'decision': 0, 'drift_rate': 0.0, 'target_domains': ['cartoon']}
Round 13 took 0.3901660442352295s, results:
{'t': 12, 'current_accuracy': 0.86328125, 'current_loss': 0.3709195405244827, 'train_loss': None, 'decision': 0, 'drift_rate': 0.0, 'target_domains': ['cartoon']}
Round 14 took 0.38854146003723145s, results:
{'t': 13, 'current_accuracy': 0.86328125, 'current_loss': 0.37091974914073944, 'train_loss': None, 'decision': 0, 'drift_rate': 0.0, 'target_domains': ['cartoon']}
Round 15 took 0.3893418312072754s, results:
{'t': 14, 'current_accuracy': 0.86328125, 'current_loss': 0.3709195554256439, 'train_loss': None, 'decision': 0, 'drift_rate': 0.0, 'target_domains': ['cartoon']}
Round 16 took 0.4105498790740967s, results:
{'t': 15, 'current_accuracy': 0.86328125, 'current_loss': 0.3709195405244827, 'train_loss': None, 'decision': 0, 'drift_rate': 0.0, 'target_domains': ['cartoon']}
Round 17 took 0.38854360580444336s, results:
{'t': 16, 'current_accuracy': 0.86328125, 'current_loss': 0.37091951072216034, 'train_loss': None, 'decision': 0, 'drift_rate': 0.0, 'target_domains': ['cartoon']}
Round 18 took 0.38902974128723145s, results:
{'t': 17, 'current_accuracy': 0.86328125, 'current_loss': 0.3709195405244827, 'train_loss': None, 'decision': 0, 'drift_rate': 0.0, 'target_domains': ['cartoon']}
Round 19 took 0.3881344795227051s, results:
{'t': 18, 'current_accuracy': 0.86328125, 'current_loss': 0.37091948091983795, 'train_loss': None, 'decision': 0, 'drift_rate': 0.0, 'target_domains': ['cartoon']}
Round 20 took 0.3885319232940674s, results:
{'t': 19, 'current_accuracy': 0.86328125, 'current_loss': 0.37091952562332153, 'train_loss': None, 'decision': 0, 'drift_rate': 0.0, 'target_domains': ['cartoon']}
Average loss over 5 updates: 0.3980
Round 21 took 1.2457053661346436s, results:
{'t': 20, 'current_accuracy': 0.86328125, 'current_loss': 0.3709195554256439, 'train_loss': 0.39795747995376585, 'decision': 1, 'drift_rate': 0.0, 'target_domains': ['cartoon']}
Round 22 took 0.3900108337402344s, results:
{'t': 21, 'current_accuracy': 0.87890625, 'current_loss': 0.34234121441841125, 'train_loss': None, 'decision': 0, 'drift_rate': 0.0, 'target_domains': ['cartoon']}
Round 23 took 0.389575719833374s, results:
{'t': 22, 'current_accuracy': 0.87890625, 'current_loss': 0.3423411399126053, 'train_loss': None, 'decision': 0, 'drift_rate': 0.0, 'target_domains': ['cartoon']}
Round 24 took 0.39136171340942383s, results:
{'t': 23, 'current_accuracy': 0.87890625, 'current_loss': 0.3423411101102829, 'train_loss': None, 'decision': 0, 'drift_rate': 0.0, 'target_domains': ['cartoon']}
Round 25 took 0.38944387435913086s, results:
{'t': 24, 'current_accuracy': 0.87890625, 'current_loss': 0.34234122931957245, 'train_loss': None, 'decision': 0, 'drift_rate': 0.0, 'target_domains': ['cartoon']}
Round 26 took 0.3886756896972656s, results:
{'t': 25, 'current_accuracy': 0.87890625, 'current_loss': 0.34234119951725006, 'train_loss': None, 'decision': 0, 'drift_rate': 0.0, 'target_domains': ['cartoon']}
Round 27 took 0.38932251930236816s, results:
{'t': 26, 'current_accuracy': 0.87890625, 'current_loss': 0.34234118461608887, 'train_loss': None, 'decision': 0, 'drift_rate': 0.0, 'target_domains': ['cartoon']}
Round 28 took 0.3890213966369629s, results:
{'t': 27, 'current_accuracy': 0.87890625, 'current_loss': 0.34234119951725006, 'train_loss': None, 'decision': 0, 'drift_rate': 0.0, 'target_domains': ['cartoon']}
Round 29 took 0.39070630073547363s, results:
{'t': 28, 'current_accuracy': 0.87890625, 'current_loss': 0.3423411548137665, 'train_loss': None, 'decision': 0, 'drift_rate': 0.0, 'target_domains': ['cartoon']}
Round 30 took 0.3894495964050293s, results:
{'t': 29, 'current_accuracy': 0.87890625, 'current_loss': 0.34234118461608887, 'train_loss': None, 'decision': 0, 'drift_rate': 0.0, 'target_domains': ['cartoon']}
Average loss over 5 updates: 0.3814
Round 31 took 1.2425260543823242s, results:
{'t': 30, 'current_accuracy': 0.87890625, 'current_loss': 0.3423413038253784, 'train_loss': 0.3813521802425385, 'decision': 1, 'drift_rate': 0.0, 'target_domains': ['cartoon']}
Round 32 took 0.39040589332580566s, results:
{'t': 31, 'current_accuracy': 0.83203125, 'current_loss': 0.48955611884593964, 'train_loss': None, 'decision': 0, 'drift_rate': 0.0, 'target_domains': ['cartoon']}
Round 33 took 0.3902406692504883s, results:
{'t': 32, 'current_accuracy': 0.83203125, 'current_loss': 0.4895562082529068, 'train_loss': None, 'decision': 0, 'drift_rate': 0.0, 'target_domains': ['cartoon']}
Round 34 took 0.3897578716278076s, results:
{'t': 33, 'current_accuracy': 0.83203125, 'current_loss': 0.48955604434013367, 'train_loss': None, 'decision': 0, 'drift_rate': 0.0, 'target_domains': ['cartoon']}
Round 35 took 0.38974761962890625s, results:
{'t': 34, 'current_accuracy': 0.83203125, 'current_loss': 0.48955610394477844, 'train_loss': None, 'decision': 0, 'drift_rate': 0.0, 'target_domains': ['cartoon']}
Round 36 took 0.3900322914123535s, results:
{'t': 35, 'current_accuracy': 0.83203125, 'current_loss': 0.48955611884593964, 'train_loss': None, 'decision': 0, 'drift_rate': 0.0, 'target_domains': ['cartoon']}
Round 37 took 0.3900604248046875s, results:
{'t': 36, 'current_accuracy': 0.83203125, 'current_loss': 0.4895562082529068, 'train_loss': None, 'decision': 0, 'drift_rate': 0.0, 'target_domains': ['cartoon']}
Round 38 took 0.3899879455566406s, results:
{'t': 37, 'current_accuracy': 0.83203125, 'current_loss': 0.489556148648262, 'train_loss': None, 'decision': 0, 'drift_rate': 0.0, 'target_domains': ['cartoon']}
Round 39 took 0.3896458148956299s, results:
{'t': 38, 'current_accuracy': 0.83203125, 'current_loss': 0.48955608904361725, 'train_loss': None, 'decision': 0, 'drift_rate': 0.0, 'target_domains': ['cartoon']}
Round 40 took 0.3891301155090332s, results:
{'t': 39, 'current_accuracy': 0.83203125, 'current_loss': 0.4895559549331665, 'train_loss': None, 'decision': 0, 'drift_rate': 0.0, 'target_domains': ['cartoon']}
Average loss over 5 updates: 0.3489
Round 41 took 1.2525348663330078s, results:
{'t': 40, 'current_accuracy': 0.83203125, 'current_loss': 0.48955629765987396, 'train_loss': 0.3489294111728668, 'decision': 1, 'drift_rate': 0.0, 'target_domains': ['cartoon']}
Round 42 took 0.39023256301879883s, results:
{'t': 41, 'current_accuracy': 0.859375, 'current_loss': 0.3693663030862808, 'train_loss': None, 'decision': 0, 'drift_rate': 0.0, 'target_domains': ['cartoon']}
Round 43 took 0.39005255699157715s, results:
{'t': 42, 'current_accuracy': 0.859375, 'current_loss': 0.36936643719673157, 'train_loss': None, 'decision': 0, 'drift_rate': 0.0, 'target_domains': ['cartoon']}
Round 44 took 0.3901350498199463s, results:
{'t': 43, 'current_accuracy': 0.859375, 'current_loss': 0.3693663775920868, 'train_loss': None, 'decision': 0, 'drift_rate': 0.0, 'target_domains': ['cartoon']}
Round 45 took 0.3940451145172119s, results:
{'t': 44, 'current_accuracy': 0.859375, 'current_loss': 0.3693664222955704, 'train_loss': None, 'decision': 0, 'drift_rate': 0.0, 'target_domains': ['cartoon']}
Round 46 took 0.38971877098083496s, results:
{'t': 45, 'current_accuracy': 0.859375, 'current_loss': 0.3693664222955704, 'train_loss': None, 'decision': 0, 'drift_rate': 0.0, 'target_domains': ['cartoon']}
Round 47 took 0.38943004608154297s, results:
{'t': 46, 'current_accuracy': 0.859375, 'current_loss': 0.3693664222955704, 'train_loss': None, 'decision': 0, 'drift_rate': 0.0, 'target_domains': ['cartoon']}
Round 48 took 0.3886415958404541s, results:
{'t': 47, 'current_accuracy': 0.859375, 'current_loss': 0.3693663775920868, 'train_loss': None, 'decision': 0, 'drift_rate': 0.0, 'target_domains': ['cartoon']}
Round 49 took 0.38977646827697754s, results:
{'t': 48, 'current_accuracy': 0.859375, 'current_loss': 0.3693664073944092, 'train_loss': None, 'decision': 0, 'drift_rate': 0.0, 'target_domains': ['cartoon']}
Round 50 took 0.38898539543151855s, results:
{'t': 49, 'current_accuracy': 0.859375, 'current_loss': 0.36936628818511963, 'train_loss': None, 'decision': 0, 'drift_rate': 0.0, 'target_domains': ['cartoon']}
Average loss over 5 updates: 0.3349
Round 51 took 1.253190279006958s, results:
{'t': 50, 'current_accuracy': 0.859375, 'current_loss': 0.3693661540746689, 'train_loss': 0.3348900854587555, 'decision': 1, 'drift_rate': 0.0, 'target_domains': ['cartoon']}
Round 52 took 0.3901679515838623s, results:
{'t': 51, 'current_accuracy': 0.90625, 'current_loss': 0.29551103711128235, 'train_loss': None, 'decision': 0, 'drift_rate': 0.0, 'target_domains': ['cartoon']}
Round 53 took 0.38968324661254883s, results:
{'t': 52, 'current_accuracy': 0.90625, 'current_loss': 0.29551106691360474, 'train_loss': None, 'decision': 0, 'drift_rate': 0.0, 'target_domains': ['cartoon']}
Round 54 took 0.38968396186828613s, results:
{'t': 53, 'current_accuracy': 0.90625, 'current_loss': 0.29551103711128235, 'train_loss': None, 'decision': 0, 'drift_rate': 0.0, 'target_domains': ['cartoon']}
Round 55 took 0.39498114585876465s, results:
{'t': 54, 'current_accuracy': 0.90625, 'current_loss': 0.2955112010240555, 'train_loss': None, 'decision': 0, 'drift_rate': 0.0, 'target_domains': ['cartoon']}
Round 56 took 0.3953995704650879s, results:
{'t': 55, 'current_accuracy': 0.6796875, 'current_loss': 0.9860072433948517, 'train_loss': None, 'decision': 0, 'drift_rate': 0.4, 'target_domains': ['sketch']}
Round 57 took 0.39398884773254395s, results:
{'t': 56, 'current_accuracy': 0.453125, 'current_loss': 1.6677234172821045, 'train_loss': None, 'decision': 0, 'drift_rate': 0.4, 'target_domains': ['sketch']}
Round 58 took 0.3902316093444824s, results:
{'t': 57, 'current_accuracy': 0.34375, 'current_loss': 2.0624923706054688, 'train_loss': None, 'decision': 0, 'drift_rate': 0.4, 'target_domains': ['sketch']}
Round 59 took 0.38768720626831055s, results:
{'t': 58, 'current_accuracy': 0.34375, 'current_loss': 2.0624924898147583, 'train_loss': None, 'decision': 0, 'drift_rate': 0.4, 'target_domains': ['sketch']}
Round 60 took 0.39186692237854004s, results:
{'t': 59, 'current_accuracy': 0.34375, 'current_loss': 2.062492311000824, 'train_loss': None, 'decision': 0, 'drift_rate': 0.4, 'target_domains': ['sketch']}
Average loss over 5 updates: 1.7292
Round 61 took 1.2655701637268066s, results:
{'t': 60, 'current_accuracy': 0.34375, 'current_loss': 2.062492847442627, 'train_loss': 1.7291835069656372, 'decision': 1, 'drift_rate': 0.0, 'target_domains': ['sketch']}
Round 62 took 0.3890697956085205s, results:
{'t': 61, 'current_accuracy': 0.390625, 'current_loss': 2.120867967605591, 'train_loss': None, 'decision': 0, 'drift_rate': 0.0, 'target_domains': ['sketch']}
Round 63 took 0.3893437385559082s, results:
{'t': 62, 'current_accuracy': 0.390625, 'current_loss': 2.1208680868148804, 'train_loss': None, 'decision': 0, 'drift_rate': 0.0, 'target_domains': ['sketch']}
Round 64 took 0.3931734561920166s, results:
{'t': 63, 'current_accuracy': 0.390625, 'current_loss': 2.1208680868148804, 'train_loss': None, 'decision': 0, 'drift_rate': 0.0, 'target_domains': ['sketch']}
Round 65 took 0.38874268531799316s, results:
{'t': 64, 'current_accuracy': 0.390625, 'current_loss': 2.120867967605591, 'train_loss': None, 'decision': 0, 'drift_rate': 0.0, 'target_domains': ['sketch']}
Round 66 took 0.3883323669433594s, results:
{'t': 65, 'current_accuracy': 0.390625, 'current_loss': 2.1208682656288147, 'train_loss': None, 'decision': 0, 'drift_rate': 0.0, 'target_domains': ['sketch']}
Round 67 took 0.3886837959289551s, results:
{'t': 66, 'current_accuracy': 0.390625, 'current_loss': 2.12086820602417, 'train_loss': None, 'decision': 0, 'drift_rate': 0.0, 'target_domains': ['sketch']}
Round 68 took 0.38797998428344727s, results:
{'t': 67, 'current_accuracy': 0.390625, 'current_loss': 2.12086820602417, 'train_loss': None, 'decision': 0, 'drift_rate': 0.0, 'target_domains': ['sketch']}
Round 69 took 0.38933825492858887s, results:
{'t': 68, 'current_accuracy': 0.390625, 'current_loss': 2.1208680868148804, 'train_loss': None, 'decision': 0, 'drift_rate': 0.0, 'target_domains': ['sketch']}
Round 70 took 0.39368653297424316s, results:
{'t': 69, 'current_accuracy': 0.390625, 'current_loss': 2.1208680868148804, 'train_loss': None, 'decision': 0, 'drift_rate': 0.0, 'target_domains': ['sketch']}
Average loss over 5 updates: 1.1570
Round 71 took 1.2580623626708984s, results:
{'t': 70, 'current_accuracy': 0.390625, 'current_loss': 2.1208680272102356, 'train_loss': 1.1569864749908447, 'decision': 1, 'drift_rate': 0.0, 'target_domains': ['sketch']}
Round 72 took 0.3890681266784668s, results:
{'t': 71, 'current_accuracy': 0.43359375, 'current_loss': 1.7836872339248657, 'train_loss': None, 'decision': 0, 'drift_rate': 0.0, 'target_domains': ['sketch']}
Round 73 took 0.3884928226470947s, results:
{'t': 72, 'current_accuracy': 0.43359375, 'current_loss': 1.7836874127388, 'train_loss': None, 'decision': 0, 'drift_rate': 0.0, 'target_domains': ['sketch']}
Round 74 took 0.3906123638153076s, results:
{'t': 73, 'current_accuracy': 0.43359375, 'current_loss': 1.7836871147155762, 'train_loss': None, 'decision': 0, 'drift_rate': 0.0, 'target_domains': ['sketch']}
Round 75 took 0.3887805938720703s, results:
{'t': 74, 'current_accuracy': 0.43359375, 'current_loss': 1.7836875915527344, 'train_loss': None, 'decision': 0, 'drift_rate': 0.0, 'target_domains': ['sketch']}
Round 76 took 0.3884449005126953s, results:
{'t': 75, 'current_accuracy': 0.43359375, 'current_loss': 1.7836874723434448, 'train_loss': None, 'decision': 0, 'drift_rate': 0.0, 'target_domains': ['sketch']}
Round 77 took 0.388458251953125s, results:
{'t': 76, 'current_accuracy': 0.43359375, 'current_loss': 1.7836874723434448, 'train_loss': None, 'decision': 0, 'drift_rate': 0.0, 'target_domains': ['sketch']}
Round 78 took 0.38834309577941895s, results:
{'t': 77, 'current_accuracy': 0.43359375, 'current_loss': 1.7836874127388, 'train_loss': None, 'decision': 0, 'drift_rate': 0.0, 'target_domains': ['sketch']}
Round 79 took 0.3877105712890625s, results:
{'t': 78, 'current_accuracy': 0.43359375, 'current_loss': 1.7836875319480896, 'train_loss': None, 'decision': 0, 'drift_rate': 0.0, 'target_domains': ['sketch']}
Round 80 took 0.39043140411376953s, results:
{'t': 79, 'current_accuracy': 0.43359375, 'current_loss': 1.783687710762024, 'train_loss': None, 'decision': 0, 'drift_rate': 0.0, 'target_domains': ['sketch']}
Average loss over 5 updates: 1.0988
Round 81 took 1.253967046737671s, results:
{'t': 80, 'current_accuracy': 0.43359375, 'current_loss': 1.7836876511573792, 'train_loss': 1.0987588524818421, 'decision': 1, 'drift_rate': 0.0, 'target_domains': ['sketch']}
Round 82 took 0.38621068000793457s, results:
{'t': 81, 'current_accuracy': 0.3828125, 'current_loss': 2.420077919960022, 'train_loss': None, 'decision': 0, 'drift_rate': 0.0, 'target_domains': ['sketch']}
Round 83 took 0.39472055435180664s, results:
{'t': 82, 'current_accuracy': 0.3828125, 'current_loss': 2.4200780391693115, 'train_loss': None, 'decision': 0, 'drift_rate': 0.0, 'target_domains': ['sketch']}
Round 84 took 0.3864412307739258s, results:
{'t': 83, 'current_accuracy': 0.3828125, 'current_loss': 2.4200780391693115, 'train_loss': None, 'decision': 0, 'drift_rate': 0.0, 'target_domains': ['sketch']}
Round 85 took 0.38565969467163086s, results:
{'t': 84, 'current_accuracy': 0.3828125, 'current_loss': 2.4200775623321533, 'train_loss': None, 'decision': 0, 'drift_rate': 0.0, 'target_domains': ['sketch']}
Round 86 took 0.385540246963501s, results:
{'t': 85, 'current_accuracy': 0.3828125, 'current_loss': 2.4200780391693115, 'train_loss': None, 'decision': 0, 'drift_rate': 0.0, 'target_domains': ['sketch']}
Round 87 took 0.3867964744567871s, results:
{'t': 86, 'current_accuracy': 0.3828125, 'current_loss': 2.420077681541443, 'train_loss': None, 'decision': 0, 'drift_rate': 0.0, 'target_domains': ['sketch']}
Round 88 took 0.3852665424346924s, results:
{'t': 87, 'current_accuracy': 0.3828125, 'current_loss': 2.420077919960022, 'train_loss': None, 'decision': 0, 'drift_rate': 0.0, 'target_domains': ['sketch']}
Round 89 took 0.38613295555114746s, results:
{'t': 88, 'current_accuracy': 0.3828125, 'current_loss': 2.420077919960022, 'train_loss': None, 'decision': 0, 'drift_rate': 0.0, 'target_domains': ['sketch']}
Round 90 took 0.3851330280303955s, results:
{'t': 89, 'current_accuracy': 0.3828125, 'current_loss': 2.420077681541443, 'train_loss': None, 'decision': 0, 'drift_rate': 0.0, 'target_domains': ['sketch']}
Average loss over 5 updates: 0.9566
Round 91 took 1.2407538890838623s, results:
{'t': 90, 'current_accuracy': 0.3828125, 'current_loss': 2.420077681541443, 'train_loss': 0.9566209316253662, 'decision': 1, 'drift_rate': 0.0, 'target_domains': ['sketch']}
Round 92 took 0.38852667808532715s, results:
{'t': 91, 'current_accuracy': 0.4453125, 'current_loss': 1.5383572578430176, 'train_loss': None, 'decision': 0, 'drift_rate': 0.0, 'target_domains': ['sketch']}
Round 93 took 0.40218162536621094s, results:
{'t': 92, 'current_accuracy': 0.4453125, 'current_loss': 1.5383570194244385, 'train_loss': None, 'decision': 0, 'drift_rate': 0.0, 'target_domains': ['sketch']}
Round 94 took 0.38631677627563477s, results:
{'t': 93, 'current_accuracy': 0.4453125, 'current_loss': 1.5383570790290833, 'train_loss': None, 'decision': 0, 'drift_rate': 0.0, 'target_domains': ['sketch']}
Round 95 took 0.3855156898498535s, results:
{'t': 94, 'current_accuracy': 0.4453125, 'current_loss': 1.5383569598197937, 'train_loss': None, 'decision': 0, 'drift_rate': 0.0, 'target_domains': ['sketch']}
Round 96 took 0.38654589653015137s, results:
{'t': 95, 'current_accuracy': 0.4453125, 'current_loss': 1.5383568406105042, 'train_loss': None, 'decision': 0, 'drift_rate': 0.0, 'target_domains': ['sketch']}
Round 97 took 0.3856048583984375s, results:
{'t': 96, 'current_accuracy': 0.4453125, 'current_loss': 1.5383573174476624, 'train_loss': None, 'decision': 0, 'drift_rate': 0.0, 'target_domains': ['sketch']}
Round 98 took 0.38606739044189453s, results:
{'t': 97, 'current_accuracy': 0.4453125, 'current_loss': 1.5383569598197937, 'train_loss': None, 'decision': 0, 'drift_rate': 0.0, 'target_domains': ['sketch']}
Round 99 took 0.3858177661895752s, results:
{'t': 98, 'current_accuracy': 0.4453125, 'current_loss': 1.5383570194244385, 'train_loss': None, 'decision': 0, 'drift_rate': 0.0, 'target_domains': ['sketch']}
Round 100 took 0.38565611839294434s, results:
{'t': 99, 'current_accuracy': 0.4453125, 'current_loss': 1.5383567214012146, 'train_loss': None, 'decision': 0, 'drift_rate': 0.0, 'target_domains': ['sketch']}
Average loss over 5 updates: 0.9471
Round 101 took 1.2404885292053223s, results:
{'t': 100, 'current_accuracy': 0.4453125, 'current_loss': 1.5383570194244385, 'train_loss': 0.9471106171607971, 'decision': 1, 'drift_rate': 0.0, 'target_domains': ['sketch']}
Round 102 took 0.39037513732910156s, results:
{'t': 101, 'current_accuracy': 0.52734375, 'current_loss': 1.1672509908676147, 'train_loss': None, 'decision': 0, 'drift_rate': 0.0, 'target_domains': ['sketch']}
Round 103 took 0.3861267566680908s, results:
{'t': 102, 'current_accuracy': 0.52734375, 'current_loss': 1.1672508120536804, 'train_loss': None, 'decision': 0, 'drift_rate': 0.0, 'target_domains': ['sketch']}
Round 104 took 0.3853490352630615s, results:
{'t': 103, 'current_accuracy': 0.52734375, 'current_loss': 1.1672508120536804, 'train_loss': None, 'decision': 0, 'drift_rate': 0.0, 'target_domains': ['sketch']}
Round 105 took 0.38521385192871094s, results:
{'t': 104, 'current_accuracy': 0.52734375, 'current_loss': 1.1672508120536804, 'train_loss': None, 'decision': 0, 'drift_rate': 0.0, 'target_domains': ['sketch']}
Round 106 took 0.39281582832336426s, results:
{'t': 105, 'current_accuracy': 0.4296875, 'current_loss': 2.8318029642105103, 'train_loss': None, 'decision': 0, 'drift_rate': 0.4, 'target_domains': ['cartoon']}
Round 107 took 0.3926539421081543s, results:
{'t': 106, 'current_accuracy': 0.2578125, 'current_loss': 4.567895412445068, 'train_loss': None, 'decision': 0, 'drift_rate': 0.4, 'target_domains': ['cartoon']}
Round 108 took 0.3899359703063965s, results:
{'t': 107, 'current_accuracy': 0.25390625, 'current_loss': 5.136936664581299, 'train_loss': None, 'decision': 0, 'drift_rate': 0.4, 'target_domains': ['cartoon']}
Round 109 took 0.38654398918151855s, results:
{'t': 108, 'current_accuracy': 0.25390625, 'current_loss': 5.136937379837036, 'train_loss': None, 'decision': 0, 'drift_rate': 0.4, 'target_domains': ['cartoon']}
Round 110 took 0.390338659286499s, results:
{'t': 109, 'current_accuracy': 0.25390625, 'current_loss': 5.136936664581299, 'train_loss': None, 'decision': 0, 'drift_rate': 0.4, 'target_domains': ['cartoon']}
Average loss over 5 updates: 0.6194
Round 111 took 1.2712669372558594s, results:
{'t': 110, 'current_accuracy': 0.25390625, 'current_loss': 5.136937618255615, 'train_loss': 0.6193796932697296, 'decision': 1, 'drift_rate': 0.0, 'target_domains': ['cartoon']}
Round 112 took 0.39032435417175293s, results:
{'t': 111, 'current_accuracy': 0.453125, 'current_loss': 1.8187823295593262, 'train_loss': None, 'decision': 0, 'drift_rate': 0.0, 'target_domains': ['cartoon']}
Round 113 took 0.3911776542663574s, results:
{'t': 112, 'current_accuracy': 0.453125, 'current_loss': 1.8187822699546814, 'train_loss': None, 'decision': 0, 'drift_rate': 0.0, 'target_domains': ['cartoon']}
Round 114 took 0.38982582092285156s, results:
{'t': 113, 'current_accuracy': 0.453125, 'current_loss': 1.818782091140747, 'train_loss': None, 'decision': 0, 'drift_rate': 0.0, 'target_domains': ['cartoon']}
Round 115 took 0.3904902935028076s, results:
{'t': 114, 'current_accuracy': 0.453125, 'current_loss': 1.8187821507453918, 'train_loss': None, 'decision': 0, 'drift_rate': 0.0, 'target_domains': ['cartoon']}
Round 116 took 0.3901042938232422s, results:
{'t': 115, 'current_accuracy': 0.453125, 'current_loss': 1.818782091140747, 'train_loss': None, 'decision': 0, 'drift_rate': 0.0, 'target_domains': ['cartoon']}
Round 117 took 0.3901691436767578s, results:
{'t': 116, 'current_accuracy': 0.453125, 'current_loss': 1.8187819719314575, 'train_loss': None, 'decision': 0, 'drift_rate': 0.0, 'target_domains': ['cartoon']}
Round 118 took 0.3895237445831299s, results:
{'t': 117, 'current_accuracy': 0.453125, 'current_loss': 1.818782091140747, 'train_loss': None, 'decision': 0, 'drift_rate': 0.0, 'target_domains': ['cartoon']}
Round 119 took 0.3920097351074219s, results:
{'t': 118, 'current_accuracy': 0.453125, 'current_loss': 1.8187817335128784, 'train_loss': None, 'decision': 0, 'drift_rate': 0.0, 'target_domains': ['cartoon']}
Round 120 took 0.3914916515350342s, results:
{'t': 119, 'current_accuracy': 0.453125, 'current_loss': 1.8187820315361023, 'train_loss': None, 'decision': 0, 'drift_rate': 0.0, 'target_domains': ['cartoon']}
Average loss over 5 updates: 0.3675
Round 121 took 1.2588281631469727s, results:
{'t': 120, 'current_accuracy': 0.453125, 'current_loss': 1.8187819719314575, 'train_loss': 0.36754721999168394, 'decision': 1, 'drift_rate': 0.0, 'target_domains': ['cartoon']}
Round 122 took 0.3904988765716553s, results:
{'t': 121, 'current_accuracy': 0.7578125, 'current_loss': 0.6836495101451874, 'train_loss': None, 'decision': 0, 'drift_rate': 0.0, 'target_domains': ['cartoon']}
Round 123 took 0.39093780517578125s, results:
{'t': 122, 'current_accuracy': 0.7578125, 'current_loss': 0.6836492419242859, 'train_loss': None, 'decision': 0, 'drift_rate': 0.0, 'target_domains': ['cartoon']}
Round 124 took 0.39231181144714355s, results:
{'t': 123, 'current_accuracy': 0.7578125, 'current_loss': 0.6836495697498322, 'train_loss': None, 'decision': 0, 'drift_rate': 0.0, 'target_domains': ['cartoon']}
Round 125 took 0.3911597728729248s, results:
{'t': 124, 'current_accuracy': 0.7578125, 'current_loss': 0.6836495101451874, 'train_loss': None, 'decision': 0, 'drift_rate': 0.0, 'target_domains': ['cartoon']}
Round 126 took 0.3903632164001465s, results:
{'t': 125, 'current_accuracy': 0.7578125, 'current_loss': 0.6836495399475098, 'train_loss': None, 'decision': 0, 'drift_rate': 0.0, 'target_domains': ['cartoon']}
Round 127 took 0.3911302089691162s, results:
{'t': 126, 'current_accuracy': 0.7578125, 'current_loss': 0.6836494207382202, 'train_loss': None, 'decision': 0, 'drift_rate': 0.0, 'target_domains': ['cartoon']}
Round 128 took 0.38982343673706055s, results:
{'t': 127, 'current_accuracy': 0.7578125, 'current_loss': 0.6836495101451874, 'train_loss': None, 'decision': 0, 'drift_rate': 0.0, 'target_domains': ['cartoon']}
Round 129 took 0.38964366912841797s, results:
{'t': 128, 'current_accuracy': 0.7578125, 'current_loss': 0.6836499869823456, 'train_loss': None, 'decision': 0, 'drift_rate': 0.0, 'target_domains': ['cartoon']}
Round 130 took 0.38991498947143555s, results:
{'t': 129, 'current_accuracy': 0.7578125, 'current_loss': 0.683649480342865, 'train_loss': None, 'decision': 0, 'drift_rate': 0.0, 'target_domains': ['cartoon']}
Average loss over 5 updates: 0.3721
Round 131 took 1.257178544998169s, results:
{'t': 130, 'current_accuracy': 0.7578125, 'current_loss': 0.6836495101451874, 'train_loss': 0.37212567329406737, 'decision': 1, 'drift_rate': 0.0, 'target_domains': ['cartoon']}
Round 132 took 0.39008641242980957s, results:
{'t': 131, 'current_accuracy': 0.77734375, 'current_loss': 0.5745256543159485, 'train_loss': None, 'decision': 0, 'drift_rate': 0.0, 'target_domains': ['cartoon']}
Round 133 took 0.3897383213043213s, results:
{'t': 132, 'current_accuracy': 0.77734375, 'current_loss': 0.5745256394147873, 'train_loss': None, 'decision': 0, 'drift_rate': 0.0, 'target_domains': ['cartoon']}
Round 134 took 0.38950037956237793s, results:
{'t': 133, 'current_accuracy': 0.77734375, 'current_loss': 0.5745256543159485, 'train_loss': None, 'decision': 0, 'drift_rate': 0.0, 'target_domains': ['cartoon']}
Round 135 took 0.389798641204834s, results:
{'t': 134, 'current_accuracy': 0.77734375, 'current_loss': 0.5745255649089813, 'train_loss': None, 'decision': 0, 'drift_rate': 0.0, 'target_domains': ['cartoon']}
Round 136 took 0.39223480224609375s, results:
{'t': 135, 'current_accuracy': 0.77734375, 'current_loss': 0.5745256543159485, 'train_loss': None, 'decision': 0, 'drift_rate': 0.0, 'target_domains': ['cartoon']}
Round 137 took 0.389178991317749s, results:
{'t': 136, 'current_accuracy': 0.77734375, 'current_loss': 0.5745255053043365, 'train_loss': None, 'decision': 0, 'drift_rate': 0.0, 'target_domains': ['cartoon']}
Round 138 took 0.38884401321411133s, results:
{'t': 137, 'current_accuracy': 0.77734375, 'current_loss': 0.5745255351066589, 'train_loss': None, 'decision': 0, 'drift_rate': 0.0, 'target_domains': ['cartoon']}
Round 139 took 0.38918566703796387s, results:
{'t': 138, 'current_accuracy': 0.77734375, 'current_loss': 0.5745256990194321, 'train_loss': None, 'decision': 0, 'drift_rate': 0.0, 'target_domains': ['cartoon']}
Round 140 took 0.3890092372894287s, results:
{'t': 139, 'current_accuracy': 0.77734375, 'current_loss': 0.5745258927345276, 'train_loss': None, 'decision': 0, 'drift_rate': 0.0, 'target_domains': ['cartoon']}
Average loss over 5 updates: 0.3405
Round 141 took 1.2517516613006592s, results:
{'t': 140, 'current_accuracy': 0.77734375, 'current_loss': 0.5745254904031754, 'train_loss': 0.340513813495636, 'decision': 1, 'drift_rate': 0.0, 'target_domains': ['cartoon']}
Round 142 took 0.3905811309814453s, results:
{'t': 141, 'current_accuracy': 0.875, 'current_loss': 0.31609147787094116, 'train_loss': None, 'decision': 0, 'drift_rate': 0.0, 'target_domains': ['cartoon']}
Round 143 took 0.3903203010559082s, results:
{'t': 142, 'current_accuracy': 0.875, 'current_loss': 0.31609155237674713, 'train_loss': None, 'decision': 0, 'drift_rate': 0.0, 'target_domains': ['cartoon']}
Round 144 took 0.3896915912628174s, results:
{'t': 143, 'current_accuracy': 0.875, 'current_loss': 0.31609147787094116, 'train_loss': None, 'decision': 0, 'drift_rate': 0.0, 'target_domains': ['cartoon']}
Round 145 took 0.3895077705383301s, results:
{'t': 144, 'current_accuracy': 0.875, 'current_loss': 0.31609147787094116, 'train_loss': None, 'decision': 0, 'drift_rate': 0.0, 'target_domains': ['cartoon']}
Round 146 took 0.38958168029785156s, results:
{'t': 145, 'current_accuracy': 0.875, 'current_loss': 0.31609152257442474, 'train_loss': None, 'decision': 0, 'drift_rate': 0.0, 'target_domains': ['cartoon']}
Round 147 took 0.38997459411621094s, results:
{'t': 146, 'current_accuracy': 0.875, 'current_loss': 0.31609147787094116, 'train_loss': None, 'decision': 0, 'drift_rate': 0.0, 'target_domains': ['cartoon']}
Round 148 took 0.39223313331604004s, results:
{'t': 147, 'current_accuracy': 0.875, 'current_loss': 0.31609147787094116, 'train_loss': None, 'decision': 0, 'drift_rate': 0.0, 'target_domains': ['cartoon']}
Round 149 took 0.3897237777709961s, results:
{'t': 148, 'current_accuracy': 0.875, 'current_loss': 0.31609153747558594, 'train_loss': None, 'decision': 0, 'drift_rate': 0.0, 'target_domains': ['cartoon']}
Round 150 took 0.3900575637817383s, results:
{'t': 149, 'current_accuracy': 0.875, 'current_loss': 0.3160914033651352, 'train_loss': None, 'decision': 0, 'drift_rate': 0.0, 'target_domains': ['cartoon']}
Average loss over 5 updates: 0.3104
Round 151 took 1.253079891204834s, results:
{'t': 150, 'current_accuracy': 0.875, 'current_loss': 0.31609147787094116, 'train_loss': 0.31043557822704315, 'decision': 1, 'drift_rate': 0.0, 'target_domains': ['cartoon']}
Round 152 took 0.3915092945098877s, results:
{'t': 151, 'current_accuracy': 0.8828125, 'current_loss': 0.359097957611084, 'train_loss': None, 'decision': 0, 'drift_rate': 0.0, 'target_domains': ['cartoon']}
Round 153 took 0.39136672019958496s, results:
{'t': 152, 'current_accuracy': 0.8828125, 'current_loss': 0.359097957611084, 'train_loss': None, 'decision': 0, 'drift_rate': 0.0, 'target_domains': ['cartoon']}
Round 154 took 0.3898477554321289s, results:
{'t': 153, 'current_accuracy': 0.8828125, 'current_loss': 0.3590979427099228, 'train_loss': None, 'decision': 0, 'drift_rate': 0.0, 'target_domains': ['cartoon']}
Round 155 took 0.3906819820404053s, results:
{'t': 154, 'current_accuracy': 0.8828125, 'current_loss': 0.3590979278087616, 'train_loss': None, 'decision': 0, 'drift_rate': 0.0, 'target_domains': ['cartoon']}
Round 156 took 0.3970928192138672s, results:
{'t': 155, 'current_accuracy': 0.6328125, 'current_loss': 1.233618438243866, 'train_loss': None, 'decision': 0, 'drift_rate': 0.4, 'target_domains': ['art_painting']}
Round 157 took 0.3956573009490967s, results:
{'t': 156, 'current_accuracy': 0.40234375, 'current_loss': 2.1751980781555176, 'train_loss': None, 'decision': 0, 'drift_rate': 0.4, 'target_domains': ['art_painting']}
Round 158 took 0.3908548355102539s, results:
{'t': 157, 'current_accuracy': 0.28125, 'current_loss': 2.675749659538269, 'train_loss': None, 'decision': 0, 'drift_rate': 0.4, 'target_domains': ['art_painting']}
Round 159 took 0.3977847099304199s, results:
{'t': 158, 'current_accuracy': 0.28125, 'current_loss': 2.6757493019104004, 'train_loss': None, 'decision': 0, 'drift_rate': 0.4, 'target_domains': ['art_painting']}
Round 160 took 0.39014697074890137s, results:
{'t': 159, 'current_accuracy': 0.28125, 'current_loss': 2.675749659538269, 'train_loss': None, 'decision': 0, 'drift_rate': 0.4, 'target_domains': ['art_painting']}
Average loss over 5 updates: 2.7242
Round 161 took 1.2712681293487549s, results:
{'t': 160, 'current_accuracy': 0.28125, 'current_loss': 2.6757497787475586, 'train_loss': 2.7242377281188963, 'decision': 1, 'drift_rate': 0.0, 'target_domains': ['art_painting']}
Round 162 took 0.3904716968536377s, results:
{'t': 161, 'current_accuracy': 0.3359375, 'current_loss': 2.3582613468170166, 'train_loss': None, 'decision': 0, 'drift_rate': 0.0, 'target_domains': ['art_painting']}
Round 163 took 0.39015817642211914s, results:
{'t': 162, 'current_accuracy': 0.3359375, 'current_loss': 2.358261466026306, 'train_loss': None, 'decision': 0, 'drift_rate': 0.0, 'target_domains': ['art_painting']}
Round 164 took 0.39121246337890625s, results:
{'t': 163, 'current_accuracy': 0.3359375, 'current_loss': 2.3582611083984375, 'train_loss': None, 'decision': 0, 'drift_rate': 0.0, 'target_domains': ['art_painting']}
Round 165 took 0.3897857666015625s, results:
{'t': 164, 'current_accuracy': 0.3359375, 'current_loss': 2.3582608699798584, 'train_loss': None, 'decision': 0, 'drift_rate': 0.0, 'target_domains': ['art_painting']}
Round 166 took 0.389477014541626s, results:
{'t': 165, 'current_accuracy': 0.3359375, 'current_loss': 2.358261227607727, 'train_loss': None, 'decision': 0, 'drift_rate': 0.0, 'target_domains': ['art_painting']}
Round 167 took 0.3886904716491699s, results:
{'t': 166, 'current_accuracy': 0.3359375, 'current_loss': 2.358261466026306, 'train_loss': None, 'decision': 0, 'drift_rate': 0.0, 'target_domains': ['art_painting']}
Round 168 took 0.38896894454956055s, results:
{'t': 167, 'current_accuracy': 0.3359375, 'current_loss': 2.3582611083984375, 'train_loss': None, 'decision': 0, 'drift_rate': 0.0, 'target_domains': ['art_painting']}
Round 169 took 0.3892946243286133s, results:
{'t': 168, 'current_accuracy': 0.3359375, 'current_loss': 2.3582617044448853, 'train_loss': None, 'decision': 0, 'drift_rate': 0.0, 'target_domains': ['art_painting']}
Round 170 took 0.38961291313171387s, results:
{'t': 169, 'current_accuracy': 0.3359375, 'current_loss': 2.358261227607727, 'train_loss': None, 'decision': 0, 'drift_rate': 0.0, 'target_domains': ['art_painting']}
Average loss over 5 updates: 2.1207
Round 171 took 1.2788584232330322s, results:
{'t': 170, 'current_accuracy': 0.3359375, 'current_loss': 2.3582613468170166, 'train_loss': 2.120656681060791, 'decision': 1, 'drift_rate': 0.0, 'target_domains': ['art_painting']}
Round 172 took 0.3910226821899414s, results:
{'t': 171, 'current_accuracy': 0.33984375, 'current_loss': 2.175395369529724, 'train_loss': None, 'decision': 0, 'drift_rate': 0.0, 'target_domains': ['art_painting']}
Round 173 took 0.3889591693878174s, results:
{'t': 172, 'current_accuracy': 0.33984375, 'current_loss': 2.175394892692566, 'train_loss': None, 'decision': 0, 'drift_rate': 0.0, 'target_domains': ['art_painting']}
Round 174 took 0.3900485038757324s, results:
{'t': 173, 'current_accuracy': 0.33984375, 'current_loss': 2.1753950119018555, 'train_loss': None, 'decision': 0, 'drift_rate': 0.0, 'target_domains': ['art_painting']}
Round 175 took 0.38946533203125s, results:
{'t': 174, 'current_accuracy': 0.33984375, 'current_loss': 2.1753950119018555, 'train_loss': None, 'decision': 0, 'drift_rate': 0.0, 'target_domains': ['art_painting']}
Round 176 took 0.39017176628112793s, results:
{'t': 175, 'current_accuracy': 0.33984375, 'current_loss': 2.1753950119018555, 'train_loss': None, 'decision': 0, 'drift_rate': 0.0, 'target_domains': ['art_painting']}
Round 177 took 0.3888401985168457s, results:
{'t': 176, 'current_accuracy': 0.33984375, 'current_loss': 2.175394654273987, 'train_loss': None, 'decision': 0, 'drift_rate': 0.0, 'target_domains': ['art_painting']}
Round 178 took 0.3897125720977783s, results:
{'t': 177, 'current_accuracy': 0.33984375, 'current_loss': 2.1753950119018555, 'train_loss': None, 'decision': 0, 'drift_rate': 0.0, 'target_domains': ['art_painting']}
Round 179 took 0.38854289054870605s, results:
{'t': 178, 'current_accuracy': 0.33984375, 'current_loss': 2.175395131111145, 'train_loss': None, 'decision': 0, 'drift_rate': 0.0, 'target_domains': ['art_painting']}
Round 180 took 0.390056848526001s, results:
{'t': 179, 'current_accuracy': 0.33984375, 'current_loss': 2.1753947734832764, 'train_loss': None, 'decision': 0, 'drift_rate': 0.0, 'target_domains': ['art_painting']}
Average loss over 5 updates: 1.6838
Round 181 took 1.2483255863189697s, results:
{'t': 180, 'current_accuracy': 0.33984375, 'current_loss': 2.1753945350646973, 'train_loss': 1.6837721109390258, 'decision': 1, 'drift_rate': 0.0, 'target_domains': ['art_painting']}
Round 182 took 0.3919558525085449s, results:
{'t': 181, 'current_accuracy': 0.30078125, 'current_loss': 3.0474823713302612, 'train_loss': None, 'decision': 0, 'drift_rate': 0.0, 'target_domains': ['art_painting']}
Round 183 took 0.38910436630249023s, results:
{'t': 182, 'current_accuracy': 0.30078125, 'current_loss': 3.04748272895813, 'train_loss': None, 'decision': 0, 'drift_rate': 0.0, 'target_domains': ['art_painting']}
Round 184 took 0.3913154602050781s, results:
{'t': 183, 'current_accuracy': 0.30078125, 'current_loss': 3.0474822521209717, 'train_loss': None, 'decision': 0, 'drift_rate': 0.0, 'target_domains': ['art_painting']}
Round 185 took 0.3901243209838867s, results:
{'t': 184, 'current_accuracy': 0.30078125, 'current_loss': 3.0474826097488403, 'train_loss': None, 'decision': 0, 'drift_rate': 0.0, 'target_domains': ['art_painting']}
Round 186 took 0.39006781578063965s, results:
{'t': 185, 'current_accuracy': 0.30078125, 'current_loss': 3.0474820137023926, 'train_loss': None, 'decision': 0, 'drift_rate': 0.0, 'target_domains': ['art_painting']}
Round 187 took 0.3907639980316162s, results:
{'t': 186, 'current_accuracy': 0.30078125, 'current_loss': 3.04748272895813, 'train_loss': None, 'decision': 0, 'drift_rate': 0.0, 'target_domains': ['art_painting']}
Round 188 took 0.3893461227416992s, results:
{'t': 187, 'current_accuracy': 0.30078125, 'current_loss': 3.0474823713302612, 'train_loss': None, 'decision': 0, 'drift_rate': 0.0, 'target_domains': ['art_painting']}
Round 189 took 0.3894498348236084s, results:
{'t': 188, 'current_accuracy': 0.30078125, 'current_loss': 3.0474820137023926, 'train_loss': None, 'decision': 0, 'drift_rate': 0.0, 'target_domains': ['art_painting']}
Round 190 took 0.3897223472595215s, results:
{'t': 189, 'current_accuracy': 0.30078125, 'current_loss': 3.0474820137023926, 'train_loss': None, 'decision': 0, 'drift_rate': 0.0, 'target_domains': ['art_painting']}
Average loss over 5 updates: 1.5826
Round 191 took 1.246180772781372s, results:
{'t': 190, 'current_accuracy': 0.30078125, 'current_loss': 3.0474828481674194, 'train_loss': 1.5825533866882324, 'decision': 1, 'drift_rate': 0.0, 'target_domains': ['art_painting']}
Round 192 took 0.39095234870910645s, results:
{'t': 191, 'current_accuracy': 0.4921875, 'current_loss': 1.360356867313385, 'train_loss': None, 'decision': 0, 'drift_rate': 0.0, 'target_domains': ['art_painting']}
Round 193 took 0.39192724227905273s, results:
{'t': 192, 'current_accuracy': 0.4921875, 'current_loss': 1.3603568077087402, 'train_loss': None, 'decision': 0, 'drift_rate': 0.0, 'target_domains': ['art_painting']}
Round 194 took 0.3906128406524658s, results:
{'t': 193, 'current_accuracy': 0.4921875, 'current_loss': 1.3603570461273193, 'train_loss': None, 'decision': 0, 'drift_rate': 0.0, 'target_domains': ['art_painting']}
Round 195 took 0.3895394802093506s, results:
{'t': 194, 'current_accuracy': 0.4921875, 'current_loss': 1.360356628894806, 'train_loss': None, 'decision': 0, 'drift_rate': 0.0, 'target_domains': ['art_painting']}
Round 196 took 0.39131784439086914s, results:
{'t': 195, 'current_accuracy': 0.4921875, 'current_loss': 1.360356867313385, 'train_loss': None, 'decision': 0, 'drift_rate': 0.0, 'target_domains': ['art_painting']}
Round 197 took 0.3915672302246094s, results:
{'t': 196, 'current_accuracy': 0.4921875, 'current_loss': 1.360356628894806, 'train_loss': None, 'decision': 0, 'drift_rate': 0.0, 'target_domains': ['art_painting']}
Round 198 took 0.3901360034942627s, results:
{'t': 197, 'current_accuracy': 0.4921875, 'current_loss': 1.360356628894806, 'train_loss': None, 'decision': 0, 'drift_rate': 0.0, 'target_domains': ['art_painting']}
Round 199 took 0.3921480178833008s, results:
{'t': 198, 'current_accuracy': 0.4921875, 'current_loss': 1.3603567481040955, 'train_loss': None, 'decision': 0, 'drift_rate': 0.0, 'target_domains': ['art_painting']}
Round 200 took 0.39311647415161133s, results:
{'t': 199, 'current_accuracy': 0.4921875, 'current_loss': 1.360356867313385, 'train_loss': None, 'decision': 0, 'drift_rate': 0.0, 'target_domains': ['art_painting']}
Average time per round: 0.4769062685966492
Total time: 95.38125371932983
