Device: cuda
CUDA Version: 12.1
cuDNN Version: 8902
PyTorch Version: 2.3.0
Model used: PACSCNN_4
Initial training subset size: 1670
Average loss over 1 updates: 0.4850
Round 0 took 2.4029059410095215 seconds
    Round 0: Decision = 1, Drift = 0.0000
    Current accuracy: 0.8323, Loss: 0.6217
Current target domain: sketch
Round 1 took 1.138662576675415 seconds
    Round 1: Decision = 0, Drift = 0.0000
    Current accuracy: 0.8323, Loss: 0.5112
Current target domain: sketch
Round 2 took 1.2549855709075928 seconds
    Round 2: Decision = 0, Drift = 0.0000
    Current accuracy: 0.8323, Loss: 0.5112
Current target domain: sketch
Round 3 took 1.234241247177124 seconds
    Round 3: Decision = 0, Drift = 0.0000
    Current accuracy: 0.8323, Loss: 0.5112
Current target domain: sketch
Round 4 took 1.133110523223877 seconds
    Round 4: Decision = 0, Drift = 0.0000
    Current accuracy: 0.8323, Loss: 0.5112
Current target domain: sketch
Round 5 took 1.224341630935669 seconds
    Round 5: Decision = 0, Drift = 0.0000
    Current accuracy: 0.8323, Loss: 0.5112
Current target domain: sketch
Round 6 took 1.2220087051391602 seconds
    Round 6: Decision = 0, Drift = 0.0000
    Current accuracy: 0.8323, Loss: 0.5112
Current target domain: sketch
Round 7 took 1.3069872856140137 seconds
    Round 7: Decision = 0, Drift = 0.0000
    Current accuracy: 0.8323, Loss: 0.5112
Current target domain: sketch
Round 8 took 1.1961944103240967 seconds
    Round 8: Decision = 0, Drift = 0.0000
    Current accuracy: 0.8323, Loss: 0.5112
Current target domain: sketch
Round 9 took 1.1749498844146729 seconds
    Round 9: Decision = 0, Drift = 0.0000
    Current accuracy: 0.8323, Loss: 0.5112
Current target domain: sketch
Average loss over 1 updates: 0.3862
Round 10 took 2.349933385848999 seconds
    Round 10: Decision = 1, Drift = 0.0000
    Current accuracy: 0.8443, Loss: 0.5112
Current target domain: sketch
Round 11 took 1.1349289417266846 seconds
    Round 11: Decision = 0, Drift = 0.0000
    Current accuracy: 0.8443, Loss: 0.4719
Current target domain: sketch
Round 12 took 1.0987279415130615 seconds
    Round 12: Decision = 0, Drift = 0.0000
    Current accuracy: 0.8443, Loss: 0.4719
Current target domain: sketch
Round 13 took 1.2583117485046387 seconds
    Round 13: Decision = 0, Drift = 0.0000
    Current accuracy: 0.8443, Loss: 0.4719
Current target domain: sketch
Round 14 took 1.1151607036590576 seconds
    Round 14: Decision = 0, Drift = 0.0000
    Current accuracy: 0.8443, Loss: 0.4719
Current target domain: sketch
Round 15 took 1.2301976680755615 seconds
    Round 15: Decision = 0, Drift = 0.0000
    Current accuracy: 0.8443, Loss: 0.4719
Current target domain: sketch
Round 16 took 1.2853925228118896 seconds
    Round 16: Decision = 0, Drift = 0.0000
    Current accuracy: 0.8443, Loss: 0.4719
Current target domain: sketch
Round 17 took 1.1555094718933105 seconds
    Round 17: Decision = 0, Drift = 0.0000
    Current accuracy: 0.8443, Loss: 0.4719
Current target domain: sketch
Round 18 took 1.2837066650390625 seconds
    Round 18: Decision = 0, Drift = 0.0000
    Current accuracy: 0.8443, Loss: 0.4719
Current target domain: sketch
Round 19 took 1.267759084701538 seconds
    Round 19: Decision = 0, Drift = 0.0000
    Current accuracy: 0.8443, Loss: 0.4719
Current target domain: sketch
Average loss over 1 updates: 0.3450
Round 20 took 2.358081102371216 seconds
    Round 20: Decision = 1, Drift = 0.0000
    Current accuracy: 0.8443, Loss: 0.4719
Current target domain: sketch
Round 21 took 1.1796674728393555 seconds
    Round 21: Decision = 0, Drift = 0.0000
    Current accuracy: 0.8443, Loss: 0.4504
Current target domain: sketch
Round 22 took 1.1768603324890137 seconds
    Round 22: Decision = 0, Drift = 0.0000
    Current accuracy: 0.8443, Loss: 0.4504
Current target domain: sketch
Round 23 took 1.1632957458496094 seconds
    Round 23: Decision = 0, Drift = 0.0000
    Current accuracy: 0.8443, Loss: 0.4504
Current target domain: sketch
Round 24 took 1.3278422355651855 seconds
    Round 24: Decision = 0, Drift = 0.0000
    Current accuracy: 0.8443, Loss: 0.4504
Current target domain: sketch
Round 25 took 11.487599849700928 seconds
    Round 25: Decision = 0, Drift = 0.5000
    Current accuracy: 0.5629, Loss: 2.4452
Current target domain: sketch
Round 26 took 11.427199840545654 seconds
    Round 26: Decision = 0, Drift = 0.5000
    Current accuracy: 0.1796, Loss: 4.4703
Current target domain: sketch
Round 27 took 1.202509880065918 seconds
    Round 27: Decision = 0, Drift = 0.0000
    Current accuracy: 0.1796, Loss: 4.4703
Current target domain: sketch
Round 28 took 1.1503159999847412 seconds
    Round 28: Decision = 0, Drift = 0.0000
    Current accuracy: 0.1796, Loss: 4.4703
Current target domain: sketch
Round 29 took 1.2636525630950928 seconds
    Round 29: Decision = 0, Drift = 0.0000
    Current accuracy: 0.1796, Loss: 4.4703
Current target domain: sketch
Average loss over 1 updates: 2.8363
Round 30 took 2.5085272789001465 seconds
    Round 30: Decision = 1, Drift = 0.0000
    Current accuracy: 0.1497, Loss: 4.4703
Current target domain: sketch
Round 31 took 1.1656708717346191 seconds
    Round 31: Decision = 0, Drift = 0.0000
    Current accuracy: 0.1497, Loss: 10.6241
Current target domain: sketch
Round 32 took 1.1941494941711426 seconds
    Round 32: Decision = 0, Drift = 0.0000
    Current accuracy: 0.1497, Loss: 10.6241
Current target domain: sketch
Round 33 took 1.2546651363372803 seconds
    Round 33: Decision = 0, Drift = 0.0000
    Current accuracy: 0.1497, Loss: 10.6241
Current target domain: sketch
Round 34 took 1.214341163635254 seconds
    Round 34: Decision = 0, Drift = 0.0000
    Current accuracy: 0.1497, Loss: 10.6241
Current target domain: sketch
Round 35 took 1.131894826889038 seconds
    Round 35: Decision = 0, Drift = 0.0000
    Current accuracy: 0.1497, Loss: 10.6241
Current target domain: sketch
Round 36 took 1.217538595199585 seconds
    Round 36: Decision = 0, Drift = 0.0000
    Current accuracy: 0.1497, Loss: 10.6241
Current target domain: sketch
Round 37 took 1.352996587753296 seconds
    Round 37: Decision = 0, Drift = 0.0000
    Current accuracy: 0.1497, Loss: 10.6241
Current target domain: sketch
Round 38 took 1.2547693252563477 seconds
    Round 38: Decision = 0, Drift = 0.0000
    Current accuracy: 0.1497, Loss: 10.6241
Current target domain: sketch
Round 39 took 1.1634106636047363 seconds
    Round 39: Decision = 0, Drift = 0.0000
    Current accuracy: 0.1497, Loss: 10.6241
Current target domain: sketch
Average loss over 1 updates: 2.3655
Round 40 took 2.517455577850342 seconds
    Round 40: Decision = 1, Drift = 0.0000
    Current accuracy: 0.1497, Loss: 10.6241
Current target domain: sketch
Round 41 took 1.2006950378417969 seconds
    Round 41: Decision = 0, Drift = 0.0000
    Current accuracy: 0.1497, Loss: 5.0402
Current target domain: sketch
Round 42 took 1.3308563232421875 seconds
    Round 42: Decision = 0, Drift = 0.0000
    Current accuracy: 0.1497, Loss: 5.0402
Current target domain: sketch
Round 43 took 1.2910375595092773 seconds
    Round 43: Decision = 0, Drift = 0.0000
    Current accuracy: 0.1497, Loss: 5.0402
Current target domain: sketch
Round 44 took 1.1760170459747314 seconds
    Round 44: Decision = 0, Drift = 0.0000
    Current accuracy: 0.1497, Loss: 5.0402
Current target domain: sketch
Round 45 took 1.2509617805480957 seconds
    Round 45: Decision = 0, Drift = 0.0000
    Current accuracy: 0.1497, Loss: 5.0402
Current target domain: sketch
Round 46 took 1.3575329780578613 seconds
    Round 46: Decision = 0, Drift = 0.0000
    Current accuracy: 0.1497, Loss: 5.0402
Current target domain: sketch
Round 47 took 1.314635992050171 seconds
    Round 47: Decision = 0, Drift = 0.0000
    Current accuracy: 0.1497, Loss: 5.0402
Current target domain: sketch
Round 48 took 1.2023389339447021 seconds
    Round 48: Decision = 0, Drift = 0.0000
    Current accuracy: 0.1497, Loss: 5.0402
Current target domain: sketch
Round 49 took 1.2046730518341064 seconds
    Round 49: Decision = 0, Drift = 0.0000
    Current accuracy: 0.1497, Loss: 5.0402
Current target domain: sketch
Average loss over 1 updates: 1.7364
Round 50 took 2.510519027709961 seconds
    Round 50: Decision = 1, Drift = 0.0000
    Current accuracy: 0.1677, Loss: 5.0402
Current target domain: sketch
Round 51 took 1.2454509735107422 seconds
    Round 51: Decision = 0, Drift = 0.0000
    Current accuracy: 0.1677, Loss: 2.3975
Current target domain: sketch
Round 52 took 1.3965086936950684 seconds
    Round 52: Decision = 0, Drift = 0.0000
    Current accuracy: 0.1677, Loss: 2.3975
Current target domain: sketch
Round 53 took 1.183401346206665 seconds
    Round 53: Decision = 0, Drift = 0.0000
    Current accuracy: 0.1677, Loss: 2.3975
Current target domain: sketch
Round 54 took 1.1885435581207275 seconds
    Round 54: Decision = 0, Drift = 0.0000
    Current accuracy: 0.1677, Loss: 2.3975
Current target domain: sketch
Round 55 took 1.3763387203216553 seconds
    Round 55: Decision = 0, Drift = 0.0000
    Current accuracy: 0.1677, Loss: 2.3975
Current target domain: sketch
Round 56 took 1.367121934890747 seconds
    Round 56: Decision = 0, Drift = 0.0000
    Current accuracy: 0.1677, Loss: 2.3975
Current target domain: sketch
Round 57 took 1.2633254528045654 seconds
    Round 57: Decision = 0, Drift = 0.0000
    Current accuracy: 0.1677, Loss: 2.3975
Current target domain: sketch
Round 58 took 1.231966257095337 seconds
    Round 58: Decision = 0, Drift = 0.0000
    Current accuracy: 0.1677, Loss: 2.3975
Current target domain: sketch
Round 59 took 1.241847276687622 seconds
    Round 59: Decision = 0, Drift = 0.0000
    Current accuracy: 0.1677, Loss: 2.3975
Current target domain: sketch
Average loss over 1 updates: 1.5220
Round 60 took 2.452702760696411 seconds
    Round 60: Decision = 1, Drift = 0.0000
    Current accuracy: 0.2934, Loss: 2.3975
Current target domain: sketch
Round 61 took 1.2441110610961914 seconds
    Round 61: Decision = 0, Drift = 0.0000
    Current accuracy: 0.2934, Loss: 2.1698
Current target domain: sketch
Round 62 took 1.2245450019836426 seconds
    Round 62: Decision = 0, Drift = 0.0000
    Current accuracy: 0.2934, Loss: 2.1698
Current target domain: sketch
Round 63 took 1.2244412899017334 seconds
    Round 63: Decision = 0, Drift = 0.0000
    Current accuracy: 0.2934, Loss: 2.1698
Current target domain: sketch
Round 64 took 1.2558846473693848 seconds
    Round 64: Decision = 0, Drift = 0.0000
    Current accuracy: 0.2934, Loss: 2.1698
Current target domain: sketch
Round 65 took 1.241377830505371 seconds
    Round 65: Decision = 0, Drift = 0.0000
    Current accuracy: 0.2934, Loss: 2.1698
Current target domain: sketch
Round 66 took 1.2592716217041016 seconds
    Round 66: Decision = 0, Drift = 0.0000
    Current accuracy: 0.2934, Loss: 2.1698
Current target domain: sketch
Round 67 took 1.2643232345581055 seconds
    Round 67: Decision = 0, Drift = 0.0000
    Current accuracy: 0.2934, Loss: 2.1698
Current target domain: sketch
Round 68 took 1.3030884265899658 seconds
    Round 68: Decision = 0, Drift = 0.0000
    Current accuracy: 0.2934, Loss: 2.1698
Current target domain: sketch
Round 69 took 1.2342307567596436 seconds
    Round 69: Decision = 0, Drift = 0.0000
    Current accuracy: 0.2934, Loss: 2.1698
Current target domain: sketch
Average loss over 1 updates: 1.3367
Round 70 took 2.3842222690582275 seconds
    Round 70: Decision = 1, Drift = 0.0000
    Current accuracy: 0.3353, Loss: 2.1698
Current target domain: sketch
Round 71 took 1.3635895252227783 seconds
    Round 71: Decision = 0, Drift = 0.0000
    Current accuracy: 0.3353, Loss: 1.8461
Current target domain: sketch
Round 72 took 1.2629406452178955 seconds
    Round 72: Decision = 0, Drift = 0.0000
    Current accuracy: 0.3353, Loss: 1.8461
Current target domain: sketch
Round 73 took 1.3335988521575928 seconds
    Round 73: Decision = 0, Drift = 0.0000
    Current accuracy: 0.3353, Loss: 1.8461
Current target domain: sketch
Round 74 took 1.1414642333984375 seconds
    Round 74: Decision = 0, Drift = 0.0000
    Current accuracy: 0.3353, Loss: 1.8461
Current target domain: sketch
Round 75 took 1.2583122253417969 seconds
    Round 75: Decision = 0, Drift = 0.0000
    Current accuracy: 0.3353, Loss: 1.8461
Current target domain: sketch
Round 76 took 1.3308131694793701 seconds
    Round 76: Decision = 0, Drift = 0.0000
    Current accuracy: 0.3353, Loss: 1.8461
Current target domain: sketch
Round 77 took 1.1867363452911377 seconds
    Round 77: Decision = 0, Drift = 0.0000
    Current accuracy: 0.3353, Loss: 1.8461
Current target domain: sketch
Round 78 took 1.4364144802093506 seconds
    Round 78: Decision = 0, Drift = 0.0000
    Current accuracy: 0.3353, Loss: 1.8461
Current target domain: sketch
Round 79 took 1.2655279636383057 seconds
    Round 79: Decision = 0, Drift = 0.0000
    Current accuracy: 0.3353, Loss: 1.8461
Current target domain: sketch
Average loss over 1 updates: 1.2318
Round 80 took 2.392566442489624 seconds
    Round 80: Decision = 1, Drift = 0.0000
    Current accuracy: 0.2814, Loss: 1.8461
Current target domain: sketch
Round 81 took 1.2285161018371582 seconds
    Round 81: Decision = 0, Drift = 0.0000
    Current accuracy: 0.2814, Loss: 2.0049
Current target domain: sketch
Round 82 took 1.2927093505859375 seconds
    Round 82: Decision = 0, Drift = 0.0000
    Current accuracy: 0.2814, Loss: 2.0049
Current target domain: sketch
Round 83 took 1.2295877933502197 seconds
    Round 83: Decision = 0, Drift = 0.0000
    Current accuracy: 0.2814, Loss: 2.0049
Current target domain: sketch
Round 84 took 1.2190382480621338 seconds
    Round 84: Decision = 0, Drift = 0.0000
    Current accuracy: 0.2814, Loss: 2.0049
Current target domain: sketch
Round 85 took 1.244983434677124 seconds
    Round 85: Decision = 0, Drift = 0.0000
    Current accuracy: 0.2814, Loss: 2.0049
Current target domain: sketch
Round 86 took 1.1963860988616943 seconds
    Round 86: Decision = 0, Drift = 0.0000
    Current accuracy: 0.2814, Loss: 2.0049
Current target domain: sketch
Round 87 took 1.3265211582183838 seconds
    Round 87: Decision = 0, Drift = 0.0000
    Current accuracy: 0.2814, Loss: 2.0049
Current target domain: sketch
Round 88 took 1.185450553894043 seconds
    Round 88: Decision = 0, Drift = 0.0000
    Current accuracy: 0.2814, Loss: 2.0049
Current target domain: sketch
Round 89 took 1.271519660949707 seconds
    Round 89: Decision = 0, Drift = 0.0000
    Current accuracy: 0.2814, Loss: 2.0049
Current target domain: sketch
Average loss over 1 updates: 1.1585
Round 90 took 2.462623357772827 seconds
    Round 90: Decision = 1, Drift = 0.0000
    Current accuracy: 0.3174, Loss: 2.0049
Current target domain: sketch
Round 91 took 1.253986120223999 seconds
    Round 91: Decision = 0, Drift = 0.0000
    Current accuracy: 0.3174, Loss: 1.9647
Current target domain: sketch
Round 92 took 1.3495557308197021 seconds
    Round 92: Decision = 0, Drift = 0.0000
    Current accuracy: 0.3174, Loss: 1.9647
Current target domain: sketch
Round 93 took 1.3768796920776367 seconds
    Round 93: Decision = 0, Drift = 0.0000
    Current accuracy: 0.3174, Loss: 1.9647
Current target domain: sketch
Round 94 took 1.327639102935791 seconds
    Round 94: Decision = 0, Drift = 0.0000
    Current accuracy: 0.3174, Loss: 1.9647
Current target domain: sketch
Round 95 took 1.230762243270874 seconds
    Round 95: Decision = 0, Drift = 0.0000
    Current accuracy: 0.3174, Loss: 1.9647
Current target domain: sketch
Round 96 took 1.2755126953125 seconds
    Round 96: Decision = 0, Drift = 0.0000
    Current accuracy: 0.3174, Loss: 1.9647
Current target domain: sketch
Round 97 took 1.2538058757781982 seconds
    Round 97: Decision = 0, Drift = 0.0000
    Current accuracy: 0.3174, Loss: 1.9647
Current target domain: sketch
Round 98 took 1.2752859592437744 seconds
    Round 98: Decision = 0, Drift = 0.0000
    Current accuracy: 0.3174, Loss: 1.9647
Current target domain: sketch
Round 99 took 1.2423219680786133 seconds
    Round 99: Decision = 0, Drift = 0.0000
    Current accuracy: 0.3174, Loss: 1.9647
Current target domain: sketch
Average loss over 1 updates: 1.1027
Round 100 took 2.552706718444824 seconds
    Round 100: Decision = 1, Drift = 0.0000
    Current accuracy: 0.2874, Loss: 1.9647
Current target domain: sketch
Round 101 took 1.1824581623077393 seconds
    Round 101: Decision = 0, Drift = 0.0000
    Current accuracy: 0.2874, Loss: 2.1277
Current target domain: sketch
Round 102 took 1.3658599853515625 seconds
    Round 102: Decision = 0, Drift = 0.0000
    Current accuracy: 0.2874, Loss: 2.1277
Current target domain: sketch
Round 103 took 1.2676548957824707 seconds
    Round 103: Decision = 0, Drift = 0.0000
    Current accuracy: 0.2874, Loss: 2.1277
Current target domain: sketch
Round 104 took 1.1940875053405762 seconds
    Round 104: Decision = 0, Drift = 0.0000
    Current accuracy: 0.2874, Loss: 2.1277
Current target domain: sketch
Round 105 took 1.1576132774353027 seconds
    Round 105: Decision = 0, Drift = 0.0000
    Current accuracy: 0.2874, Loss: 2.1277
Current target domain: sketch
Round 106 took 1.2062792778015137 seconds
    Round 106: Decision = 0, Drift = 0.0000
    Current accuracy: 0.2874, Loss: 2.1277
Current target domain: sketch
Round 107 took 1.2232520580291748 seconds
    Round 107: Decision = 0, Drift = 0.0000
    Current accuracy: 0.2874, Loss: 2.1277
Current target domain: sketch
Round 108 took 1.2312211990356445 seconds
    Round 108: Decision = 0, Drift = 0.0000
    Current accuracy: 0.2874, Loss: 2.1277
Current target domain: sketch
Round 109 took 1.2313525676727295 seconds
    Round 109: Decision = 0, Drift = 0.0000
    Current accuracy: 0.2874, Loss: 2.1277
Current target domain: sketch
Average loss over 1 updates: 1.0571
Round 110 took 2.4605772495269775 seconds
    Round 110: Decision = 1, Drift = 0.0000
    Current accuracy: 0.3234, Loss: 2.1277
Current target domain: sketch
Round 111 took 1.2964823246002197 seconds
    Round 111: Decision = 0, Drift = 0.0000
    Current accuracy: 0.3234, Loss: 2.1530
Current target domain: sketch
Round 112 took 1.226186990737915 seconds
    Round 112: Decision = 0, Drift = 0.0000
    Current accuracy: 0.3234, Loss: 2.1530
Current target domain: sketch
Round 113 took 1.3084385395050049 seconds
    Round 113: Decision = 0, Drift = 0.0000
    Current accuracy: 0.3234, Loss: 2.1530
Current target domain: sketch
Round 114 took 1.2539689540863037 seconds
    Round 114: Decision = 0, Drift = 0.0000
    Current accuracy: 0.3234, Loss: 2.1530
Current target domain: sketch
Round 115 took 1.2742571830749512 seconds
    Round 115: Decision = 0, Drift = 0.0000
    Current accuracy: 0.3234, Loss: 2.1530
Current target domain: sketch
Round 116 took 1.3437869548797607 seconds
    Round 116: Decision = 0, Drift = 0.0000
    Current accuracy: 0.3234, Loss: 2.1530
Current target domain: sketch
Round 117 took 1.241666316986084 seconds
    Round 117: Decision = 0, Drift = 0.0000
    Current accuracy: 0.3234, Loss: 2.1530
Current target domain: sketch
Round 118 took 1.241034984588623 seconds
    Round 118: Decision = 0, Drift = 0.0000
    Current accuracy: 0.3234, Loss: 2.1530
Current target domain: sketch
Round 119 took 1.260641098022461 seconds
    Round 119: Decision = 0, Drift = 0.0000
    Current accuracy: 0.3234, Loss: 2.1530
Current target domain: sketch
Average loss over 1 updates: 1.0167
Round 120 took 2.4523582458496094 seconds
    Round 120: Decision = 1, Drift = 0.0000
    Current accuracy: 0.3174, Loss: 2.1530
Current target domain: sketch
Round 121 took 1.3458118438720703 seconds
    Round 121: Decision = 0, Drift = 0.0000
    Current accuracy: 0.3174, Loss: 2.2873
Current target domain: sketch
Round 122 took 1.2195611000061035 seconds
    Round 122: Decision = 0, Drift = 0.0000
    Current accuracy: 0.3174, Loss: 2.2873
Current target domain: sketch
Round 123 took 1.2099275588989258 seconds
    Round 123: Decision = 0, Drift = 0.0000
    Current accuracy: 0.3174, Loss: 2.2873
Current target domain: sketch
Round 124 took 1.2499427795410156 seconds
    Round 124: Decision = 0, Drift = 0.0000
    Current accuracy: 0.3174, Loss: 2.2873
Current target domain: sketch
Round 125 took 12.480563402175903 seconds
    Round 125: Decision = 0, Drift = 0.5000
    Current accuracy: 0.1497, Loss: 5.2518
Current target domain: cartoon
Round 126 took 11.03537654876709 seconds
    Round 126: Decision = 0, Drift = 0.5000
    Current accuracy: 0.1557, Loss: 6.6036
Current target domain: cartoon
Round 127 took 1.199096441268921 seconds
    Round 127: Decision = 0, Drift = 0.0000
    Current accuracy: 0.1557, Loss: 6.6036
Current target domain: cartoon
Round 128 took 1.1747639179229736 seconds
    Round 128: Decision = 0, Drift = 0.0000
    Current accuracy: 0.1557, Loss: 6.6036
Current target domain: cartoon
Round 129 took 1.151853322982788 seconds
    Round 129: Decision = 0, Drift = 0.0000
    Current accuracy: 0.1557, Loss: 6.6036
Current target domain: cartoon
Average loss over 1 updates: 2.4976
Round 130 took 2.4954311847686768 seconds
    Round 130: Decision = 1, Drift = 0.0000
    Current accuracy: 0.1976, Loss: 6.6036
Current target domain: cartoon
Round 131 took 1.1759529113769531 seconds
    Round 131: Decision = 0, Drift = 0.0000
    Current accuracy: 0.1976, Loss: 5.0738
Current target domain: cartoon
Round 132 took 1.2305395603179932 seconds
    Round 132: Decision = 0, Drift = 0.0000
    Current accuracy: 0.1976, Loss: 5.0738
Current target domain: cartoon
Round 133 took 1.335594654083252 seconds
    Round 133: Decision = 0, Drift = 0.0000
    Current accuracy: 0.1976, Loss: 5.0738
Current target domain: cartoon
Round 134 took 1.2812161445617676 seconds
    Round 134: Decision = 0, Drift = 0.0000
    Current accuracy: 0.1976, Loss: 5.0738
Current target domain: cartoon
Round 135 took 1.2841627597808838 seconds
    Round 135: Decision = 0, Drift = 0.0000
    Current accuracy: 0.1976, Loss: 5.0738
Current target domain: cartoon
Round 136 took 1.2551028728485107 seconds
    Round 136: Decision = 0, Drift = 0.0000
    Current accuracy: 0.1976, Loss: 5.0738
Current target domain: cartoon
Round 137 took 1.2697579860687256 seconds
    Round 137: Decision = 0, Drift = 0.0000
    Current accuracy: 0.1976, Loss: 5.0738
Current target domain: cartoon
Round 138 took 1.2087180614471436 seconds
    Round 138: Decision = 0, Drift = 0.0000
    Current accuracy: 0.1976, Loss: 5.0738
Current target domain: cartoon
Round 139 took 1.270587682723999 seconds
    Round 139: Decision = 0, Drift = 0.0000
    Current accuracy: 0.1976, Loss: 5.0738
Current target domain: cartoon
Average loss over 1 updates: 1.5983
Round 140 took 2.3335437774658203 seconds
    Round 140: Decision = 1, Drift = 0.0000
    Current accuracy: 0.2335, Loss: 5.0738
Current target domain: cartoon
Round 141 took 1.2356164455413818 seconds
    Round 141: Decision = 0, Drift = 0.0000
    Current accuracy: 0.2335, Loss: 6.7188
Current target domain: cartoon
Round 142 took 1.294285774230957 seconds
    Round 142: Decision = 0, Drift = 0.0000
    Current accuracy: 0.2335, Loss: 6.7188
Current target domain: cartoon
Round 143 took 1.3049638271331787 seconds
    Round 143: Decision = 0, Drift = 0.0000
    Current accuracy: 0.2335, Loss: 6.7188
Current target domain: cartoon
Round 144 took 1.17769455909729 seconds
    Round 144: Decision = 0, Drift = 0.0000
    Current accuracy: 0.2335, Loss: 6.7188
Current target domain: cartoon
Round 145 took 1.2533836364746094 seconds
    Round 145: Decision = 0, Drift = 0.0000
    Current accuracy: 0.2335, Loss: 6.7188
Current target domain: cartoon
Round 146 took 1.264066219329834 seconds
    Round 146: Decision = 0, Drift = 0.0000
    Current accuracy: 0.2335, Loss: 6.7188
Current target domain: cartoon
Round 147 took 1.172926664352417 seconds
    Round 147: Decision = 0, Drift = 0.0000
    Current accuracy: 0.2335, Loss: 6.7188
Current target domain: cartoon
Round 148 took 1.351579189300537 seconds
    Round 148: Decision = 0, Drift = 0.0000
    Current accuracy: 0.2335, Loss: 6.7188
Current target domain: cartoon
Round 149 took 1.296971321105957 seconds
    Round 149: Decision = 0, Drift = 0.0000
    Current accuracy: 0.2335, Loss: 6.7188
Current target domain: cartoon
Average loss over 1 updates: 1.3210
Round 150 took 2.566213846206665 seconds
    Round 150: Decision = 1, Drift = 0.0000
    Current accuracy: 0.2994, Loss: 6.7188
Current target domain: cartoon
Round 151 took 1.4249913692474365 seconds
    Round 151: Decision = 0, Drift = 0.0000
    Current accuracy: 0.2994, Loss: 3.1186
Current target domain: cartoon
Round 152 took 1.2303149700164795 seconds
    Round 152: Decision = 0, Drift = 0.0000
    Current accuracy: 0.2994, Loss: 3.1186
Current target domain: cartoon
Round 153 took 1.2914104461669922 seconds
    Round 153: Decision = 0, Drift = 0.0000
    Current accuracy: 0.2994, Loss: 3.1186
Current target domain: cartoon
Round 154 took 1.3518991470336914 seconds
    Round 154: Decision = 0, Drift = 0.0000
    Current accuracy: 0.2994, Loss: 3.1186
Current target domain: cartoon
Round 155 took 1.3556976318359375 seconds
    Round 155: Decision = 0, Drift = 0.0000
    Current accuracy: 0.2994, Loss: 3.1186
Current target domain: cartoon
Round 156 took 1.2293682098388672 seconds
    Round 156: Decision = 0, Drift = 0.0000
    Current accuracy: 0.2994, Loss: 3.1186
Current target domain: cartoon
Round 157 took 1.2190523147583008 seconds
    Round 157: Decision = 0, Drift = 0.0000
    Current accuracy: 0.2994, Loss: 3.1186
Current target domain: cartoon
Round 158 took 1.2323520183563232 seconds
    Round 158: Decision = 0, Drift = 0.0000
    Current accuracy: 0.2994, Loss: 3.1186
Current target domain: cartoon
Round 159 took 1.1951878070831299 seconds
    Round 159: Decision = 0, Drift = 0.0000
    Current accuracy: 0.2994, Loss: 3.1186
Current target domain: cartoon
Average loss over 1 updates: 1.1602
Round 160 took 2.3036632537841797 seconds
    Round 160: Decision = 1, Drift = 0.0000
    Current accuracy: 0.2335, Loss: 3.1186
Current target domain: cartoon
Round 161 took 1.1992809772491455 seconds
    Round 161: Decision = 0, Drift = 0.0000
    Current accuracy: 0.2335, Loss: 3.9138
Current target domain: cartoon
Round 162 took 1.2355096340179443 seconds
    Round 162: Decision = 0, Drift = 0.0000
    Current accuracy: 0.2335, Loss: 3.9138
Current target domain: cartoon
Round 163 took 1.2875359058380127 seconds
    Round 163: Decision = 0, Drift = 0.0000
    Current accuracy: 0.2335, Loss: 3.9138
Current target domain: cartoon
Round 164 took 1.2389378547668457 seconds
    Round 164: Decision = 0, Drift = 0.0000
    Current accuracy: 0.2335, Loss: 3.9138
Current target domain: cartoon
Round 165 took 1.335040807723999 seconds
    Round 165: Decision = 0, Drift = 0.0000
    Current accuracy: 0.2335, Loss: 3.9138
Current target domain: cartoon
Round 166 took 1.2140145301818848 seconds
    Round 166: Decision = 0, Drift = 0.0000
    Current accuracy: 0.2335, Loss: 3.9138
Current target domain: cartoon
Round 167 took 1.2243893146514893 seconds
    Round 167: Decision = 0, Drift = 0.0000
    Current accuracy: 0.2335, Loss: 3.9138
Current target domain: cartoon
Round 168 took 1.182495355606079 seconds
    Round 168: Decision = 0, Drift = 0.0000
    Current accuracy: 0.2335, Loss: 3.9138
Current target domain: cartoon
Round 169 took 1.2798130512237549 seconds
    Round 169: Decision = 0, Drift = 0.0000
    Current accuracy: 0.2335, Loss: 3.9138
Current target domain: cartoon
Average loss over 1 updates: 1.0758
Round 170 took 2.565648317337036 seconds
    Round 170: Decision = 1, Drift = 0.0000
    Current accuracy: 0.2874, Loss: 3.9138
Current target domain: cartoon
Round 171 took 1.1750245094299316 seconds
    Round 171: Decision = 0, Drift = 0.0000
    Current accuracy: 0.2874, Loss: 2.5262
Current target domain: cartoon
Round 172 took 1.2142136096954346 seconds
    Round 172: Decision = 0, Drift = 0.0000
    Current accuracy: 0.2874, Loss: 2.5262
Current target domain: cartoon
Round 173 took 1.2444512844085693 seconds
    Round 173: Decision = 0, Drift = 0.0000
    Current accuracy: 0.2874, Loss: 2.5262
Current target domain: cartoon
Round 174 took 1.3081097602844238 seconds
    Round 174: Decision = 0, Drift = 0.0000
    Current accuracy: 0.2874, Loss: 2.5262
Current target domain: cartoon
Round 175 took 1.325768232345581 seconds
    Round 175: Decision = 0, Drift = 0.0000
    Current accuracy: 0.2874, Loss: 2.5262
Current target domain: cartoon
Round 176 took 1.1426575183868408 seconds
    Round 176: Decision = 0, Drift = 0.0000
    Current accuracy: 0.2874, Loss: 2.5262
Current target domain: cartoon
Round 177 took 1.2806918621063232 seconds
    Round 177: Decision = 0, Drift = 0.0000
    Current accuracy: 0.2874, Loss: 2.5262
Current target domain: cartoon
Round 178 took 1.1927533149719238 seconds
    Round 178: Decision = 0, Drift = 0.0000
    Current accuracy: 0.2874, Loss: 2.5262
Current target domain: cartoon
Round 179 took 1.200371503829956 seconds
    Round 179: Decision = 0, Drift = 0.0000
    Current accuracy: 0.2874, Loss: 2.5262
Current target domain: cartoon
Average loss over 1 updates: 0.9171
Round 180 took 2.4756767749786377 seconds
    Round 180: Decision = 1, Drift = 0.0000
    Current accuracy: 0.3174, Loss: 2.5262
Current target domain: cartoon
Round 181 took 1.250009536743164 seconds
    Round 181: Decision = 0, Drift = 0.0000
    Current accuracy: 0.3174, Loss: 2.3513
Current target domain: cartoon
Round 182 took 1.3429431915283203 seconds
    Round 182: Decision = 0, Drift = 0.0000
    Current accuracy: 0.3174, Loss: 2.3513
Current target domain: cartoon
Round 183 took 1.2960436344146729 seconds
    Round 183: Decision = 0, Drift = 0.0000
    Current accuracy: 0.3174, Loss: 2.3513
Current target domain: cartoon
Round 184 took 1.231367588043213 seconds
    Round 184: Decision = 0, Drift = 0.0000
    Current accuracy: 0.3174, Loss: 2.3513
Current target domain: cartoon
Round 185 took 1.2053167819976807 seconds
    Round 185: Decision = 0, Drift = 0.0000
    Current accuracy: 0.3174, Loss: 2.3513
Current target domain: cartoon
Round 186 took 1.2127559185028076 seconds
    Round 186: Decision = 0, Drift = 0.0000
    Current accuracy: 0.3174, Loss: 2.3513
Current target domain: cartoon
Round 187 took 1.2597520351409912 seconds
    Round 187: Decision = 0, Drift = 0.0000
    Current accuracy: 0.3174, Loss: 2.3513
Current target domain: cartoon
Round 188 took 1.2673399448394775 seconds
    Round 188: Decision = 0, Drift = 0.0000
    Current accuracy: 0.3174, Loss: 2.3513
Current target domain: cartoon
Round 189 took 1.2952592372894287 seconds
    Round 189: Decision = 0, Drift = 0.0000
    Current accuracy: 0.3174, Loss: 2.3513
Current target domain: cartoon
Average loss over 1 updates: 0.8482
Round 190 took 2.502070903778076 seconds
    Round 190: Decision = 1, Drift = 0.0000
    Current accuracy: 0.3593, Loss: 2.3513
Current target domain: cartoon
Round 191 took 1.2496166229248047 seconds
    Round 191: Decision = 0, Drift = 0.0000
    Current accuracy: 0.3593, Loss: 1.9890
Current target domain: cartoon
Round 192 took 1.188582181930542 seconds
    Round 192: Decision = 0, Drift = 0.0000
    Current accuracy: 0.3593, Loss: 1.9890
Current target domain: cartoon
Round 193 took 1.427851676940918 seconds
    Round 193: Decision = 0, Drift = 0.0000
    Current accuracy: 0.3593, Loss: 1.9890
Current target domain: cartoon
Round 194 took 1.327341079711914 seconds
    Round 194: Decision = 0, Drift = 0.0000
    Current accuracy: 0.3593, Loss: 1.9890
Current target domain: cartoon
Round 195 took 1.2547357082366943 seconds
    Round 195: Decision = 0, Drift = 0.0000
    Current accuracy: 0.3593, Loss: 1.9890
Current target domain: cartoon
Round 196 took 1.163801908493042 seconds
    Round 196: Decision = 0, Drift = 0.0000
    Current accuracy: 0.3593, Loss: 1.9890
Current target domain: cartoon
Round 197 took 1.2133455276489258 seconds
    Round 197: Decision = 0, Drift = 0.0000
    Current accuracy: 0.3593, Loss: 1.9890
Current target domain: cartoon
Round 198 took 1.1855266094207764 seconds
    Round 198: Decision = 0, Drift = 0.0000
    Current accuracy: 0.3593, Loss: 1.9890
Current target domain: cartoon
Round 199 took 1.2052421569824219 seconds
    Round 199: Decision = 0, Drift = 0.0000
    Current accuracy: 0.3593, Loss: 1.9890
Current target domain: cartoon
Average time per round: 1.5757489717006683
Total time: 315.14979434013367
