Device: cuda
CUDA Version: 12.1
cuDNN Version: 8902
PyTorch Version: 2.3.0

Model used: PACSCNN_4
Initial dataset creation
Initial dataset creation
Initial loss: 0.19367919862270355
<__main__.Policy object at 0x151675f79b50>
0.19367919862270355
0.0 []
Loss historical diff: 0.0347881093621254; Loss Difference: 0.0, Decision: 1
Average loss over 5 updates: 0.2171
Round 1 took 5.756481170654297s, results:
{'t': 0, 'current_accuracy': 0.953125, 'current_loss': 0.22846730798482895, 'train_loss': 0.21709623634815217, 'decision': 1, 'drift_rate': 0.0, 'target_domains': ['sketch']}
0.0 []
Loss historical diff: 0.0363486185669899; Loss Difference: 0.0, Decision: 1
Average loss over 5 updates: 0.1206
Round 2 took 5.433875322341919s, results:
{'t': 1, 'current_accuracy': 0.92578125, 'current_loss': 0.23002781718969345, 'train_loss': 0.1205513458698988, 'decision': 1, 'drift_rate': 0.0, 'target_domains': ['sketch']}
0.0 []
Loss historical diff: 0.0; Loss Difference: 0.0, Decision: 0
Round 3 took 3.2917263507843018s, results:
{'t': 2, 'current_accuracy': 0.95703125, 'current_loss': 0.17123176530003548, 'train_loss': None, 'decision': 0, 'drift_rate': 0.0, 'target_domains': ['sketch']}
0.0 []
Loss historical diff: 0.0; Loss Difference: 0.0, Decision: 0
Round 4 took 3.263397693634033s, results:
{'t': 3, 'current_accuracy': 0.95703125, 'current_loss': 0.1712317392230034, 'train_loss': None, 'decision': 0, 'drift_rate': 0.0, 'target_domains': ['sketch']}
0.0 []
Loss historical diff: 1.4901161193847656e-08; Loss Difference: 0.0, Decision: 0
Round 5 took 3.3772871494293213s, results:
{'t': 4, 'current_accuracy': 0.95703125, 'current_loss': 0.17123175412416458, 'train_loss': None, 'decision': 0, 'drift_rate': 0.0, 'target_domains': ['sketch']}
0.0 []
Loss historical diff: 0.0; Loss Difference: 0.0, Decision: 0
Round 6 took 3.261734962463379s, results:
{'t': 5, 'current_accuracy': 0.95703125, 'current_loss': 0.1712317317724228, 'train_loss': None, 'decision': 0, 'drift_rate': 0.0, 'target_domains': ['sketch']}
0.0 []
Loss historical diff: 0.0; Loss Difference: 0.0, Decision: 0
Round 7 took 3.470494031906128s, results:
{'t': 6, 'current_accuracy': 0.95703125, 'current_loss': 0.1712317317724228, 'train_loss': None, 'decision': 0, 'drift_rate': 0.0, 'target_domains': ['sketch']}
0.0 []
Loss historical diff: 2.2351741790771484e-08; Loss Difference: 0.0, Decision: 0
Round 8 took 3.275296211242676s, results:
{'t': 7, 'current_accuracy': 0.95703125, 'current_loss': 0.17123175412416458, 'train_loss': None, 'decision': 0, 'drift_rate': 0.0, 'target_domains': ['sketch']}
0.0 []
Loss historical diff: 7.450580596923828e-09; Loss Difference: 0.0, Decision: 0
Round 9 took 3.2766852378845215s, results:
{'t': 8, 'current_accuracy': 0.95703125, 'current_loss': 0.1712317392230034, 'train_loss': None, 'decision': 0, 'drift_rate': 0.0, 'target_domains': ['sketch']}
0.0 []
Loss historical diff: 2.2351741790771484e-08; Loss Difference: 0.0, Decision: 0
Round 10 took 3.224858283996582s, results:
{'t': 9, 'current_accuracy': 0.95703125, 'current_loss': 0.17123175412416458, 'train_loss': None, 'decision': 0, 'drift_rate': 0.0, 'target_domains': ['sketch']}
0.0 []
Loss historical diff: 0.0; Loss Difference: 0.0, Decision: 0
Round 11 took 3.280313730239868s, results:
{'t': 10, 'current_accuracy': 0.95703125, 'current_loss': 0.17123150825500488, 'train_loss': None, 'decision': 0, 'drift_rate': 0.0, 'target_domains': ['sketch']}
0.0 []
Loss historical diff: 2.3096799850463867e-07; Loss Difference: 0.0, Decision: 0
Round 12 took 3.2541940212249756s, results:
{'t': 11, 'current_accuracy': 0.95703125, 'current_loss': 0.1712317392230034, 'train_loss': None, 'decision': 0, 'drift_rate': 0.0, 'target_domains': ['sketch']}
0.0 []
Loss historical diff: 2.4586915969848633e-07; Loss Difference: 0.0, Decision: 0
Round 13 took 3.3419911861419678s, results:
{'t': 12, 'current_accuracy': 0.95703125, 'current_loss': 0.17123175412416458, 'train_loss': None, 'decision': 0, 'drift_rate': 0.0, 'target_domains': ['sketch']}
0.0 []
Loss historical diff: 2.5331974029541016e-07; Loss Difference: 0.0, Decision: 0
Round 14 took 3.2447669506073s, results:
{'t': 13, 'current_accuracy': 0.95703125, 'current_loss': 0.17123176157474518, 'train_loss': None, 'decision': 0, 'drift_rate': 0.0, 'target_domains': ['sketch']}
0.0 []
Loss historical diff: 2.384185791015625e-07; Loss Difference: 0.0, Decision: 0
Round 15 took 3.807276964187622s, results:
{'t': 14, 'current_accuracy': 0.95703125, 'current_loss': 0.17123174667358398, 'train_loss': None, 'decision': 0, 'drift_rate': 0.0, 'target_domains': ['sketch']}
0.0 []
Loss historical diff: 2.682209014892578e-07; Loss Difference: 0.0, Decision: 0
Round 16 took 3.5797019004821777s, results:
{'t': 15, 'current_accuracy': 0.95703125, 'current_loss': 0.17123177647590637, 'train_loss': None, 'decision': 0, 'drift_rate': 0.0, 'target_domains': ['sketch']}
0.0 []
Loss historical diff: 2.3469328880310059e-07; Loss Difference: 0.0, Decision: 0
Round 17 took 3.3082690238952637s, results:
{'t': 16, 'current_accuracy': 0.95703125, 'current_loss': 0.17123174294829369, 'train_loss': None, 'decision': 0, 'drift_rate': 0.0, 'target_domains': ['sketch']}
0.0 []
Loss historical diff: 2.384185791015625e-07; Loss Difference: 0.0, Decision: 0
Round 18 took 3.4160373210906982s, results:
{'t': 17, 'current_accuracy': 0.95703125, 'current_loss': 0.17123174667358398, 'train_loss': None, 'decision': 0, 'drift_rate': 0.0, 'target_domains': ['sketch']}
0.0 []
Loss historical diff: 2.2351741790771484e-07; Loss Difference: 0.0, Decision: 0
Round 19 took 3.229928970336914s, results:
{'t': 18, 'current_accuracy': 0.95703125, 'current_loss': 0.1712317317724228, 'train_loss': None, 'decision': 0, 'drift_rate': 0.0, 'target_domains': ['sketch']}
0.0 []
Loss historical diff: 2.2351741790771484e-07; Loss Difference: 0.0, Decision: 0
Round 20 took 3.3750293254852295s, results:
{'t': 19, 'current_accuracy': 0.95703125, 'current_loss': 0.1712317317724228, 'train_loss': None, 'decision': 0, 'drift_rate': 0.0, 'target_domains': ['sketch']}
0.0 []
Loss historical diff: 2.3096799850463867e-07; Loss Difference: 0.0, Decision: 0
Round 21 took 3.3377621173858643s, results:
{'t': 20, 'current_accuracy': 0.95703125, 'current_loss': 0.1712317392230034, 'train_loss': None, 'decision': 0, 'drift_rate': 0.0, 'target_domains': ['sketch']}
0.0 []
Loss historical diff: 2.60770320892334e-07; Loss Difference: 0.0, Decision: 0
Round 22 took 3.332714319229126s, results:
{'t': 21, 'current_accuracy': 0.95703125, 'current_loss': 0.17123176902532578, 'train_loss': None, 'decision': 0, 'drift_rate': 0.0, 'target_domains': ['sketch']}
0.0 []
Loss historical diff: 2.3469328880310059e-07; Loss Difference: 0.0, Decision: 0
Round 23 took 3.2519922256469727s, results:
{'t': 22, 'current_accuracy': 0.95703125, 'current_loss': 0.17123174294829369, 'train_loss': None, 'decision': 0, 'drift_rate': 0.0, 'target_domains': ['sketch']}
0.0 []
Loss historical diff: 1.1548399925231934e-06; Loss Difference: 0.0, Decision: 0
Round 24 took 3.698357105255127s, results:
{'t': 23, 'current_accuracy': 0.95703125, 'current_loss': 0.1712326630949974, 'train_loss': None, 'decision': 0, 'drift_rate': 0.0, 'target_domains': ['sketch']}
0.0 []
Loss historical diff: 2.3096799850463867e-07; Loss Difference: 0.0, Decision: 0
Round 25 took 3.231797456741333s, results:
{'t': 24, 'current_accuracy': 0.95703125, 'current_loss': 0.1712317392230034, 'train_loss': None, 'decision': 0, 'drift_rate': 0.0, 'target_domains': ['sketch']}
0.0 []
Loss historical diff: 2.5331974029541016e-07; Loss Difference: 0.0, Decision: 0
Round 26 took 3.3201544284820557s, results:
{'t': 25, 'current_accuracy': 0.95703125, 'current_loss': 0.17123176157474518, 'train_loss': None, 'decision': 0, 'drift_rate': 0.0, 'target_domains': ['sketch']}
0.0 []
Loss historical diff: 2.2351741790771484e-07; Loss Difference: 0.0, Decision: 0
Round 27 took 3.3045268058776855s, results:
{'t': 26, 'current_accuracy': 0.95703125, 'current_loss': 0.1712317317724228, 'train_loss': None, 'decision': 0, 'drift_rate': 0.0, 'target_domains': ['sketch']}
0.0 []
Loss historical diff: 2.384185791015625e-07; Loss Difference: 0.0, Decision: 0
Round 28 took 3.2273640632629395s, results:
{'t': 27, 'current_accuracy': 0.95703125, 'current_loss': 0.17123174667358398, 'train_loss': None, 'decision': 0, 'drift_rate': 0.0, 'target_domains': ['sketch']}
0.0 []
Loss historical diff: 2.1606683731079102e-07; Loss Difference: 0.0, Decision: 0
Round 29 took 3.2148451805114746s, results:
{'t': 28, 'current_accuracy': 0.95703125, 'current_loss': 0.1712317243218422, 'train_loss': None, 'decision': 0, 'drift_rate': 0.0, 'target_domains': ['sketch']}
0.0 []
Loss historical diff: 2.0489096641540527e-07; Loss Difference: 0.0, Decision: 0
Round 30 took 3.279836416244507s, results:
{'t': 29, 'current_accuracy': 0.95703125, 'current_loss': 0.1712317131459713, 'train_loss': None, 'decision': 0, 'drift_rate': 0.0, 'target_domains': ['sketch']}
0.0 []
Loss historical diff: 2.3096799850463867e-07; Loss Difference: 0.0, Decision: 0
Round 31 took 3.3268680572509766s, results:
{'t': 30, 'current_accuracy': 0.95703125, 'current_loss': 0.1712317392230034, 'train_loss': None, 'decision': 0, 'drift_rate': 0.0, 'target_domains': ['sketch']}
0.0 []
Loss historical diff: 2.384185791015625e-07; Loss Difference: 0.0, Decision: 0
Round 32 took 3.5912721157073975s, results:
{'t': 31, 'current_accuracy': 0.95703125, 'current_loss': 0.17123174667358398, 'train_loss': None, 'decision': 0, 'drift_rate': 0.0, 'target_domains': ['sketch']}
0.0 []
Loss historical diff: 2.384185791015625e-07; Loss Difference: 0.0, Decision: 0
Round 33 took 3.357900619506836s, results:
{'t': 32, 'current_accuracy': 0.95703125, 'current_loss': 0.17123174667358398, 'train_loss': None, 'decision': 0, 'drift_rate': 0.0, 'target_domains': ['sketch']}
0.0 []
Loss historical diff: 2.4586915969848633e-07; Loss Difference: 0.0, Decision: 0
Round 34 took 3.529181480407715s, results:
{'t': 33, 'current_accuracy': 0.95703125, 'current_loss': 0.17123175412416458, 'train_loss': None, 'decision': 0, 'drift_rate': 0.0, 'target_domains': ['sketch']}
0.0 []
Loss historical diff: 2.123415470123291e-07; Loss Difference: 0.0, Decision: 0
Round 35 took 3.257408857345581s, results:
{'t': 34, 'current_accuracy': 0.95703125, 'current_loss': 0.1712317205965519, 'train_loss': None, 'decision': 0, 'drift_rate': 0.0, 'target_domains': ['sketch']}
0.0 []
Loss historical diff: 2.384185791015625e-07; Loss Difference: 0.0, Decision: 0
Round 36 took 3.1871848106384277s, results:
{'t': 35, 'current_accuracy': 0.95703125, 'current_loss': 0.17123174667358398, 'train_loss': None, 'decision': 0, 'drift_rate': 0.0, 'target_domains': ['sketch']}
0.0 []
Loss historical diff: 2.4959444999694824e-07; Loss Difference: 0.0, Decision: 0
Round 37 took 3.2747836112976074s, results:
{'t': 36, 'current_accuracy': 0.95703125, 'current_loss': 0.17123175784945488, 'train_loss': None, 'decision': 0, 'drift_rate': 0.0, 'target_domains': ['sketch']}
0.0 []
Loss historical diff: 2.3096799850463867e-07; Loss Difference: 0.0, Decision: 0
Round 38 took 3.2209343910217285s, results:
{'t': 37, 'current_accuracy': 0.95703125, 'current_loss': 0.1712317392230034, 'train_loss': None, 'decision': 0, 'drift_rate': 0.0, 'target_domains': ['sketch']}
0.0 []
Loss historical diff: 4.246830940246582e-07; Loss Difference: 0.0, Decision: 0
Round 39 took 3.2647759914398193s, results:
{'t': 38, 'current_accuracy': 0.95703125, 'current_loss': 0.1712319329380989, 'train_loss': None, 'decision': 0, 'drift_rate': 0.0, 'target_domains': ['sketch']}
0.0 []
Loss historical diff: 2.5331974029541016e-07; Loss Difference: 0.0, Decision: 0
Round 40 took 3.423091411590576s, results:
{'t': 39, 'current_accuracy': 0.95703125, 'current_loss': 0.17123176157474518, 'train_loss': None, 'decision': 0, 'drift_rate': 0.0, 'target_domains': ['sketch']}
0.0 []
Loss historical diff: 1.1473894119262695e-06; Loss Difference: 0.0, Decision: 0
Round 41 took 3.4300081729888916s, results:
{'t': 40, 'current_accuracy': 0.95703125, 'current_loss': 0.1712326556444168, 'train_loss': None, 'decision': 0, 'drift_rate': 0.0, 'target_domains': ['sketch']}
0.0 []
Loss historical diff: 0.0; Loss Difference: 0.0, Decision: 0
Round 42 took 3.2429306507110596s, results:
{'t': 41, 'current_accuracy': 0.95703125, 'current_loss': 0.17123150080442429, 'train_loss': None, 'decision': 0, 'drift_rate': 0.0, 'target_domains': ['sketch']}
0.0 []
Loss historical diff: 2.086162567138672e-07; Loss Difference: 0.0, Decision: 0
Round 43 took 3.452101945877075s, results:
{'t': 42, 'current_accuracy': 0.95703125, 'current_loss': 0.171231709420681, 'train_loss': None, 'decision': 0, 'drift_rate': 0.0, 'target_domains': ['sketch']}
0.0 []
Loss historical diff: 2.4586915969848633e-07; Loss Difference: 0.0, Decision: 0
Round 44 took 3.5997653007507324s, results:
{'t': 43, 'current_accuracy': 0.95703125, 'current_loss': 0.17123174667358398, 'train_loss': None, 'decision': 0, 'drift_rate': 0.0, 'target_domains': ['sketch']}
0.0 []
Loss historical diff: 2.421438694000244e-07; Loss Difference: 0.0, Decision: 0
Round 45 took 3.2287237644195557s, results:
{'t': 44, 'current_accuracy': 0.95703125, 'current_loss': 0.17123174294829369, 'train_loss': None, 'decision': 0, 'drift_rate': 0.0, 'target_domains': ['sketch']}
0.4 ['photo']
Loss historical diff: 12.026690252125263; Loss Difference: 0.0, Decision: 1
Average loss over 5 updates: 7.1288
Round 46 took 5.682388544082642s, results:
{'t': 45, 'current_accuracy': 0.62890625, 'current_loss': 12.197921752929688, 'train_loss': 7.128849029541016, 'decision': 1, 'drift_rate': 0.4, 'target_domains': ['photo']}
0.4 ['photo']
Loss historical diff: 824.4728419855237; Loss Difference: 0.0, Decision: 1
Average loss over 5 updates: 3.6720
Round 47 took 5.296760082244873s, results:
{'t': 46, 'current_accuracy': 0.1171875, 'current_loss': 824.6440734863281, 'train_loss': 3.671952819824219, 'decision': 1, 'drift_rate': 0.4, 'target_domains': ['photo']}
0.4 ['photo']
Loss historical diff: 46.044445760548115; Loss Difference: 0.0, Decision: 1
Average loss over 5 updates: 2.2809
Round 48 took 5.4318506717681885s, results:
{'t': 47, 'current_accuracy': 0.11328125, 'current_loss': 46.21567726135254, 'train_loss': 2.2808953762054442, 'decision': 1, 'drift_rate': 0.4, 'target_domains': ['photo']}
0.0 []
Loss historical diff: 8.948721654713154; Loss Difference: 0.0, Decision: 1
Average loss over 5 updates: 1.7641
Round 49 took 5.446139812469482s, results:
{'t': 48, 'current_accuracy': 0.37109375, 'current_loss': 9.119953155517578, 'train_loss': 1.7641095161437987, 'decision': 1, 'drift_rate': 0.0, 'target_domains': ['photo']}
0.0 []
Loss historical diff: 5.6977958753705025; Loss Difference: 0.0, Decision: 1
Average loss over 5 updates: 1.5828
Round 50 took 5.997390985488892s, results:
{'t': 49, 'current_accuracy': 0.38671875, 'current_loss': 5.869027376174927, 'train_loss': 1.5828304052352906, 'decision': 1, 'drift_rate': 0.0, 'target_domains': ['photo']}
0.0 []
Loss historical diff: 2.4811245277523994; Loss Difference: 0.0, Decision: 1
Average loss over 5 updates: 1.4870
Round 51 took 5.391249179840088s, results:
{'t': 50, 'current_accuracy': 0.4375, 'current_loss': 2.6523560285568237, 'train_loss': 1.4870017290115356, 'decision': 1, 'drift_rate': 0.0, 'target_domains': ['photo']}
0.0 []
Loss historical diff: 1.517548330128193; Loss Difference: 0.0, Decision: 1
Average loss over 5 updates: 1.3283
Round 52 took 5.972155332565308s, results:
{'t': 51, 'current_accuracy': 0.4765625, 'current_loss': 1.6887798309326172, 'train_loss': 1.3283304691314697, 'decision': 1, 'drift_rate': 0.0, 'target_domains': ['photo']}
0.0 []
Loss historical diff: 1.352086491882801; Loss Difference: 0.0, Decision: 1
Average loss over 5 updates: 1.3707
Round 53 took 6.1893699169158936s, results:
{'t': 52, 'current_accuracy': 0.4921875, 'current_loss': 1.5233179926872253, 'train_loss': 1.3707411289215088, 'decision': 1, 'drift_rate': 0.0, 'target_domains': ['photo']}
0.0 []
Loss historical diff: 1.2743837907910347; Loss Difference: 0.0, Decision: 1
Average loss over 5 updates: 1.2613
Round 54 took 6.420536041259766s, results:
{'t': 53, 'current_accuracy': 0.55078125, 'current_loss': 1.445615291595459, 'train_loss': 1.2612693548202514, 'decision': 1, 'drift_rate': 0.0, 'target_domains': ['photo']}
0.0 []
Loss historical diff: 1.3055102303624153; Loss Difference: 0.0, Decision: 1
Average loss over 5 updates: 1.2490
Round 55 took 5.9977803230285645s, results:
{'t': 54, 'current_accuracy': 0.52734375, 'current_loss': 1.4767417311668396, 'train_loss': 1.2489585638046266, 'decision': 1, 'drift_rate': 0.0, 'target_domains': ['photo']}
0.0 []
Loss historical diff: 1.1842330172657967; Loss Difference: 0.0, Decision: 1
Average loss over 5 updates: 1.1843
Round 56 took 5.61773943901062s, results:
{'t': 55, 'current_accuracy': 0.56640625, 'current_loss': 1.355464518070221, 'train_loss': 1.184313130378723, 'decision': 1, 'drift_rate': 0.0, 'target_domains': ['photo']}
0.0 []
Loss historical diff: 1.0894869044423103; Loss Difference: 0.0, Decision: 1
Average loss over 5 updates: 1.1697
Round 57 took 6.3201904296875s, results:
{'t': 56, 'current_accuracy': 0.61328125, 'current_loss': 1.2607184052467346, 'train_loss': 1.169738221168518, 'decision': 1, 'drift_rate': 0.0, 'target_domains': ['photo']}
0.0 []
Loss historical diff: 0.9961019232869148; Loss Difference: 0.0, Decision: 1
Average loss over 5 updates: 1.1415
Round 58 took 5.718492031097412s, results:
{'t': 57, 'current_accuracy': 0.62109375, 'current_loss': 1.1673334240913391, 'train_loss': 1.1415026426315307, 'decision': 1, 'drift_rate': 0.0, 'target_domains': ['photo']}
0.0 []
Loss historical diff: 0.9911526516079903; Loss Difference: 0.0, Decision: 1
Average loss over 5 updates: 1.0404
Round 59 took 6.314746618270874s, results:
{'t': 58, 'current_accuracy': 0.6171875, 'current_loss': 1.1623841524124146, 'train_loss': 1.0403528690338135, 'decision': 1, 'drift_rate': 0.0, 'target_domains': ['photo']}
0.0 []
Loss historical diff: 1.0194405987858772; Loss Difference: 0.0, Decision: 1
Average loss over 5 updates: 1.0579
Round 60 took 5.786189317703247s, results:
{'t': 59, 'current_accuracy': 0.60546875, 'current_loss': 1.1906720995903015, 'train_loss': 1.0579006910324096, 'decision': 1, 'drift_rate': 0.0, 'target_domains': ['photo']}
0.0 []
Loss historical diff: 1.0121781304478645; Loss Difference: 0.0, Decision: 1
Average loss over 5 updates: 1.0910
Round 61 took 6.203517198562622s, results:
{'t': 60, 'current_accuracy': 0.609375, 'current_loss': 1.1834096312522888, 'train_loss': 1.0909887552261353, 'decision': 1, 'drift_rate': 0.0, 'target_domains': ['photo']}
0.0 []
Loss historical diff: 0.9535481408238411; Loss Difference: 0.0, Decision: 1
Average loss over 5 updates: 1.0638
Round 62 took 6.319795608520508s, results:
{'t': 61, 'current_accuracy': 0.6015625, 'current_loss': 1.1247796416282654, 'train_loss': 1.0637973189353942, 'decision': 1, 'drift_rate': 0.0, 'target_domains': ['photo']}
0.0 []
Loss historical diff: 1.992051251232624; Loss Difference: 0.0, Decision: 1
Average loss over 5 updates: 1.1505
Round 63 took 6.231377363204956s, results:
{'t': 62, 'current_accuracy': 0.3046875, 'current_loss': 2.1632827520370483, 'train_loss': 1.150506353378296, 'decision': 1, 'drift_rate': 0.0, 'target_domains': ['photo']}
0.0 []
Loss historical diff: 1.0172739699482918; Loss Difference: 0.0, Decision: 1
Average loss over 5 updates: 1.0523
Round 64 took 6.380404949188232s, results:
{'t': 63, 'current_accuracy': 0.609375, 'current_loss': 1.188505470752716, 'train_loss': 1.052344810962677, 'decision': 1, 'drift_rate': 0.0, 'target_domains': ['photo']}
0.0 []
Loss historical diff: 0.9370453730225563; Loss Difference: 0.0, Decision: 1
Average loss over 5 updates: 0.9185
Round 65 took 5.972713470458984s, results:
{'t': 64, 'current_accuracy': 0.6328125, 'current_loss': 1.1082768738269806, 'train_loss': 0.9185061454772949, 'decision': 1, 'drift_rate': 0.0, 'target_domains': ['photo']}
0.0 []
Loss historical diff: 0.8079755678772926; Loss Difference: 0.0, Decision: 1
Average loss over 5 updates: 0.9132
Round 66 took 6.086459398269653s, results:
{'t': 65, 'current_accuracy': 0.70703125, 'current_loss': 0.9792070686817169, 'train_loss': 0.9132333159446716, 'decision': 1, 'drift_rate': 0.0, 'target_domains': ['photo']}
0.0 []
Loss historical diff: 1.0970635488629341; Loss Difference: 0.0, Decision: 1
Average loss over 5 updates: 0.9335
Round 67 took 5.902415752410889s, results:
{'t': 66, 'current_accuracy': 0.5625, 'current_loss': 1.2682950496673584, 'train_loss': 0.9334639430046081, 'decision': 1, 'drift_rate': 0.0, 'target_domains': ['photo']}
0.0 []
Loss historical diff: 1.1304222419857979; Loss Difference: 0.0, Decision: 1
Average loss over 5 updates: 0.9256
Round 68 took 6.289213180541992s, results:
{'t': 67, 'current_accuracy': 0.5625, 'current_loss': 1.3016537427902222, 'train_loss': 0.9255754113197326, 'decision': 1, 'drift_rate': 0.0, 'target_domains': ['photo']}
0.0 []
Loss historical diff: 0.8239895179867744; Loss Difference: 0.0, Decision: 1
Average loss over 5 updates: 0.8192
Round 69 took 6.315794467926025s, results:
{'t': 68, 'current_accuracy': 0.62109375, 'current_loss': 0.9952210187911987, 'train_loss': 0.8191740989685059, 'decision': 1, 'drift_rate': 0.0, 'target_domains': ['photo']}
0.0 []
Loss historical diff: 0.8916912153363228; Loss Difference: 0.0, Decision: 1
Average loss over 5 updates: 0.8551
Round 70 took 5.819871664047241s, results:
{'t': 69, 'current_accuracy': 0.65625, 'current_loss': 1.062922716140747, 'train_loss': 0.8551191806793212, 'decision': 1, 'drift_rate': 0.0, 'target_domains': ['photo']}
0.0 []
Loss historical diff: 0.8044672086834908; Loss Difference: 0.0, Decision: 1
Average loss over 5 updates: 0.7574
Round 71 took 6.024488210678101s, results:
{'t': 70, 'current_accuracy': 0.671875, 'current_loss': 0.975698709487915, 'train_loss': 0.7573634505271911, 'decision': 1, 'drift_rate': 0.0, 'target_domains': ['photo']}
0.0 []
Loss historical diff: 0.6982699707150459; Loss Difference: 0.0, Decision: 1
Average loss over 5 updates: 0.7972
Round 72 took 6.102333068847656s, results:
{'t': 71, 'current_accuracy': 0.71484375, 'current_loss': 0.8695014715194702, 'train_loss': 0.797151780128479, 'decision': 1, 'drift_rate': 0.0, 'target_domains': ['photo']}
0.0 []
Loss historical diff: 0.703000046312809; Loss Difference: 0.0, Decision: 1
Average loss over 5 updates: 0.7998
Round 73 took 6.290187835693359s, results:
{'t': 72, 'current_accuracy': 0.69921875, 'current_loss': 0.8742315471172333, 'train_loss': 0.7997872710227967, 'decision': 1, 'drift_rate': 0.0, 'target_domains': ['photo']}
0.0 []
Loss historical diff: 0.7527629509568214; Loss Difference: 0.0, Decision: 1
Average loss over 5 updates: 0.7750
Round 74 took 6.32476019859314s, results:
{'t': 73, 'current_accuracy': 0.68359375, 'current_loss': 0.9239944517612457, 'train_loss': 0.7749574780464172, 'decision': 1, 'drift_rate': 0.0, 'target_domains': ['photo']}
0.0 []
Loss historical diff: 0.7397581115365028; Loss Difference: 0.0, Decision: 1
Average loss over 5 updates: 0.7583
Round 75 took 6.352952718734741s, results:
{'t': 74, 'current_accuracy': 0.68359375, 'current_loss': 0.9109896123409271, 'train_loss': 0.7582890391349792, 'decision': 1, 'drift_rate': 0.0, 'target_domains': ['photo']}
0.0 []
Loss historical diff: 1.0749784782528877; Loss Difference: 0.0, Decision: 1
Average loss over 5 updates: 0.7834
Round 76 took 6.064129114151001s, results:
{'t': 75, 'current_accuracy': 0.62890625, 'current_loss': 1.246209979057312, 'train_loss': 0.78342524766922, 'decision': 1, 'drift_rate': 0.0, 'target_domains': ['photo']}
0.0 []
Loss historical diff: 0.8232521489262581; Loss Difference: 0.0, Decision: 1
Average loss over 5 updates: 0.7158
Round 77 took 6.385943412780762s, results:
{'t': 76, 'current_accuracy': 0.66015625, 'current_loss': 0.9944836497306824, 'train_loss': 0.7158221483230591, 'decision': 1, 'drift_rate': 0.0, 'target_domains': ['photo']}
0.0 []
Loss historical diff: 0.8490162268280983; Loss Difference: 0.0, Decision: 1
Average loss over 5 updates: 0.6101
Round 78 took 6.044403553009033s, results:
{'t': 77, 'current_accuracy': 0.6328125, 'current_loss': 1.0202477276325226, 'train_loss': 0.6100581169128418, 'decision': 1, 'drift_rate': 0.0, 'target_domains': ['photo']}
0.0 []
Loss historical diff: 0.7187206521630287; Loss Difference: 0.0, Decision: 1
Average loss over 5 updates: 0.6415
Round 79 took 6.337544918060303s, results:
{'t': 78, 'current_accuracy': 0.71875, 'current_loss': 0.889952152967453, 'train_loss': 0.6414502739906311, 'decision': 1, 'drift_rate': 0.0, 'target_domains': ['photo']}
0.0 []
Loss historical diff: 1.2619680240750313; Loss Difference: 0.0, Decision: 1
Average loss over 5 updates: 0.7294
Round 80 took 6.331964015960693s, results:
{'t': 79, 'current_accuracy': 0.5078125, 'current_loss': 1.4331995248794556, 'train_loss': 0.729439091682434, 'decision': 1, 'drift_rate': 0.0, 'target_domains': ['photo']}
0.0 []
Loss historical diff: 0.8051518872380257; Loss Difference: 0.0, Decision: 1
Average loss over 5 updates: 0.5571
Round 81 took 6.326509237289429s, results:
{'t': 80, 'current_accuracy': 0.71875, 'current_loss': 0.97638338804245, 'train_loss': 0.5571113407611847, 'decision': 1, 'drift_rate': 0.0, 'target_domains': ['photo']}
0.0 []
Loss historical diff: 0.7886674776673317; Loss Difference: 0.0, Decision: 1
Average loss over 5 updates: 0.6024
Round 82 took 6.370211839675903s, results:
{'t': 81, 'current_accuracy': 0.69140625, 'current_loss': 0.959898978471756, 'train_loss': 0.6024001061916351, 'decision': 1, 'drift_rate': 0.0, 'target_domains': ['photo']}
0.0 []
Loss historical diff: 0.6868426576256752; Loss Difference: 0.0, Decision: 1
Average loss over 5 updates: 0.5800
Round 83 took 6.1109724044799805s, results:
{'t': 82, 'current_accuracy': 0.703125, 'current_loss': 0.8580741584300995, 'train_loss': 0.5800148546695709, 'decision': 1, 'drift_rate': 0.0, 'target_domains': ['photo']}
0.0 []
Loss historical diff: 0.4916869178414345; Loss Difference: 0.0, Decision: 1
Average loss over 5 updates: 0.4493
Round 84 took 6.22785210609436s, results:
{'t': 83, 'current_accuracy': 0.7890625, 'current_loss': 0.6629184186458588, 'train_loss': 0.44934802651405337, 'decision': 1, 'drift_rate': 0.0, 'target_domains': ['photo']}
0.0 []
Loss historical diff: 0.7285803332924843; Loss Difference: 0.0, Decision: 1
Average loss over 5 updates: 0.5085
Round 85 took 6.178343296051025s, results:
{'t': 84, 'current_accuracy': 0.69921875, 'current_loss': 0.8998118340969086, 'train_loss': 0.5084818601608276, 'decision': 1, 'drift_rate': 0.0, 'target_domains': ['photo']}
0.0 []
Loss historical diff: 0.4325927868485451; Loss Difference: 0.0, Decision: 1
Average loss over 5 updates: 0.3835
Round 86 took 5.966269493103027s, results:
{'t': 85, 'current_accuracy': 0.828125, 'current_loss': 0.6038242876529694, 'train_loss': 0.3834728538990021, 'decision': 1, 'drift_rate': 0.0, 'target_domains': ['photo']}
0.0 []
Loss historical diff: 0.4907427802681923; Loss Difference: 0.0, Decision: 1
Average loss over 5 updates: 0.4245
Round 87 took 6.324616432189941s, results:
{'t': 86, 'current_accuracy': 0.79296875, 'current_loss': 0.6619742810726166, 'train_loss': 0.4244747459888458, 'decision': 1, 'drift_rate': 0.0, 'target_domains': ['photo']}
0.0 []
Loss historical diff: 0.5270454064011574; Loss Difference: 0.0, Decision: 1
Average loss over 5 updates: 0.3297
Round 88 took 6.381232976913452s, results:
{'t': 87, 'current_accuracy': 0.8046875, 'current_loss': 0.6982769072055817, 'train_loss': 0.32973200380802153, 'decision': 1, 'drift_rate': 0.0, 'target_domains': ['photo']}
0.0 []
Loss historical diff: 0.49868545681238174; Loss Difference: 0.0, Decision: 1
Average loss over 5 updates: 0.2666
Round 89 took 5.415577411651611s, results:
{'t': 88, 'current_accuracy': 0.7890625, 'current_loss': 0.669916957616806, 'train_loss': 0.26659125089645386, 'decision': 1, 'drift_rate': 0.0, 'target_domains': ['photo']}
0.0 []
Loss historical diff: 0.3892615810036659; Loss Difference: 0.0, Decision: 1
Average loss over 5 updates: 0.3048
Round 90 took 6.077253341674805s, results:
{'t': 89, 'current_accuracy': 0.83984375, 'current_loss': 0.5604930818080902, 'train_loss': 0.30476375818252566, 'decision': 1, 'drift_rate': 0.0, 'target_domains': ['photo']}
0.0 []
Loss historical diff: 0.7877244427800179; Loss Difference: 0.0, Decision: 1
Average loss over 5 updates: 0.2690
Round 91 took 6.295809507369995s, results:
{'t': 90, 'current_accuracy': 0.71875, 'current_loss': 0.9589559435844421, 'train_loss': 0.269045889377594, 'decision': 1, 'drift_rate': 0.0, 'target_domains': ['photo']}
0.0 []
Loss historical diff: 0.3890341892838478; Loss Difference: 0.0, Decision: 1
Average loss over 5 updates: 0.2946
Round 92 took 6.229611396789551s, results:
{'t': 91, 'current_accuracy': 0.84765625, 'current_loss': 0.5602656900882721, 'train_loss': 0.294560444355011, 'decision': 1, 'drift_rate': 0.0, 'target_domains': ['photo']}
0.0 []
Loss historical diff: 0.5525198355317116; Loss Difference: 0.0, Decision: 1
Average loss over 5 updates: 0.1807
Round 93 took 5.379863500595093s, results:
{'t': 92, 'current_accuracy': 0.796875, 'current_loss': 0.7237513363361359, 'train_loss': 0.1806787669658661, 'decision': 1, 'drift_rate': 0.0, 'target_domains': ['photo']}
0.0 []
Loss historical diff: 0.5358790829777718; Loss Difference: 0.0, Decision: 1
Average loss over 5 updates: 0.1751
Round 94 took 6.080219507217407s, results:
{'t': 93, 'current_accuracy': 0.80859375, 'current_loss': 0.707110583782196, 'train_loss': 0.17505487501621247, 'decision': 1, 'drift_rate': 0.0, 'target_domains': ['photo']}
0.0 []
Loss historical diff: 0.19551212340593338; Loss Difference: 0.0, Decision: 0
Round 95 took 3.928877353668213s, results:
{'t': 94, 'current_accuracy': 0.90625, 'current_loss': 0.36674362421035767, 'train_loss': None, 'decision': 0, 'drift_rate': 0.0, 'target_domains': ['photo']}
0.0 []
Loss historical diff: 0.19551273435354233; Loss Difference: 0.0, Decision: 0
Round 96 took 3.8932862281799316s, results:
{'t': 95, 'current_accuracy': 0.90625, 'current_loss': 0.3667442351579666, 'train_loss': None, 'decision': 0, 'drift_rate': 0.0, 'target_domains': ['photo']}
0.0 []
Loss historical diff: 0.1955127939581871; Loss Difference: 0.0, Decision: 0
Round 97 took 4.008039712905884s, results:
{'t': 96, 'current_accuracy': 0.90625, 'current_loss': 0.3667442947626114, 'train_loss': None, 'decision': 0, 'drift_rate': 0.0, 'target_domains': ['photo']}
0.0 []
Loss historical diff: 0.1955121085047722; Loss Difference: 0.0, Decision: 0
Round 98 took 3.7501566410064697s, results:
{'t': 97, 'current_accuracy': 0.90625, 'current_loss': 0.36674360930919647, 'train_loss': None, 'decision': 0, 'drift_rate': 0.0, 'target_domains': ['photo']}
0.0 []
Loss historical diff: 0.19551276415586472; Loss Difference: 0.0, Decision: 0
Round 99 took 3.3951611518859863s, results:
{'t': 98, 'current_accuracy': 0.90625, 'current_loss': 0.366744264960289, 'train_loss': None, 'decision': 0, 'drift_rate': 0.0, 'target_domains': ['photo']}
0.0 []
Loss historical diff: 0.1955130323767662; Loss Difference: 0.0, Decision: 0
Round 100 took 3.948556900024414s, results:
{'t': 99, 'current_accuracy': 0.90625, 'current_loss': 0.3667445331811905, 'train_loss': None, 'decision': 0, 'drift_rate': 0.0, 'target_domains': ['photo']}
0.0 []
Loss historical diff: 0.19551276415586472; Loss Difference: 0.0, Decision: 0
Round 101 took 3.919154405593872s, results:
{'t': 100, 'current_accuracy': 0.90625, 'current_loss': 0.366744264960289, 'train_loss': None, 'decision': 0, 'drift_rate': 0.0, 'target_domains': ['photo']}
0.0 []
Loss historical diff: 0.1955128088593483; Loss Difference: 0.0, Decision: 0
Round 102 took 3.939467191696167s, results:
{'t': 101, 'current_accuracy': 0.90625, 'current_loss': 0.3667443096637726, 'train_loss': None, 'decision': 0, 'drift_rate': 0.0, 'target_domains': ['photo']}
0.0 []
Loss historical diff: 0.1955128088593483; Loss Difference: 0.0, Decision: 0
Round 103 took 3.9095990657806396s, results:
{'t': 102, 'current_accuracy': 0.90625, 'current_loss': 0.3667443096637726, 'train_loss': None, 'decision': 0, 'drift_rate': 0.0, 'target_domains': ['photo']}
0.0 []
Loss historical diff: 0.1955127790570259; Loss Difference: 0.0, Decision: 0
Round 104 took 3.925060987472534s, results:
{'t': 103, 'current_accuracy': 0.90625, 'current_loss': 0.3667442798614502, 'train_loss': None, 'decision': 0, 'drift_rate': 0.0, 'target_domains': ['photo']}
0.0 []
Loss historical diff: 0.195513017475605; Loss Difference: 0.0, Decision: 0
Round 105 took 3.990090847015381s, results:
{'t': 104, 'current_accuracy': 0.90625, 'current_loss': 0.3667445182800293, 'train_loss': None, 'decision': 0, 'drift_rate': 0.0, 'target_domains': ['photo']}
0.0 []
Loss historical diff: 0.19551276415586472; Loss Difference: 0.0, Decision: 0
Round 106 took 3.9405994415283203s, results:
{'t': 105, 'current_accuracy': 0.90625, 'current_loss': 0.366744264960289, 'train_loss': None, 'decision': 0, 'drift_rate': 0.0, 'target_domains': ['photo']}
0.0 []
Loss historical diff: 0.19551276415586472; Loss Difference: 0.0, Decision: 0
Round 107 took 3.8887290954589844s, results:
{'t': 106, 'current_accuracy': 0.90625, 'current_loss': 0.366744264960289, 'train_loss': None, 'decision': 0, 'drift_rate': 0.0, 'target_domains': ['photo']}
0.0 []
Loss historical diff: 0.1955127939581871; Loss Difference: 0.0, Decision: 0
Round 108 took 3.8461060523986816s, results:
{'t': 107, 'current_accuracy': 0.90625, 'current_loss': 0.3667442947626114, 'train_loss': None, 'decision': 0, 'drift_rate': 0.0, 'target_domains': ['photo']}
0.0 []
Loss historical diff: 0.1955127790570259; Loss Difference: 0.0, Decision: 0
Round 109 took 3.9275312423706055s, results:
{'t': 108, 'current_accuracy': 0.90625, 'current_loss': 0.3667442798614502, 'train_loss': None, 'decision': 0, 'drift_rate': 0.0, 'target_domains': ['photo']}
0.0 []
Loss historical diff: 0.19551274925470352; Loss Difference: 0.0, Decision: 0
Round 110 took 3.4412736892700195s, results:
{'t': 109, 'current_accuracy': 0.90625, 'current_loss': 0.3667442500591278, 'train_loss': None, 'decision': 0, 'drift_rate': 0.0, 'target_domains': ['photo']}
0.0 []
Loss historical diff: 0.1955127790570259; Loss Difference: 0.0, Decision: 0
Round 111 took 3.926224946975708s, results:
{'t': 110, 'current_accuracy': 0.90625, 'current_loss': 0.3667442798614502, 'train_loss': None, 'decision': 0, 'drift_rate': 0.0, 'target_domains': ['photo']}
0.0 []
Loss historical diff: 0.19551265984773636; Loss Difference: 0.0, Decision: 0
Round 112 took 3.4681661128997803s, results:
{'t': 111, 'current_accuracy': 0.90625, 'current_loss': 0.36674416065216064, 'train_loss': None, 'decision': 0, 'drift_rate': 0.0, 'target_domains': ['photo']}
0.0 []
Loss historical diff: 0.19551271945238113; Loss Difference: 0.0, Decision: 0
Round 113 took 3.899061441421509s, results:
{'t': 112, 'current_accuracy': 0.90625, 'current_loss': 0.3667442202568054, 'train_loss': None, 'decision': 0, 'drift_rate': 0.0, 'target_domains': ['photo']}
0.0 []
Loss historical diff: 0.19551295787096024; Loss Difference: 0.0, Decision: 0
Round 114 took 3.6240062713623047s, results:
{'t': 113, 'current_accuracy': 0.90625, 'current_loss': 0.3667444586753845, 'train_loss': None, 'decision': 0, 'drift_rate': 0.0, 'target_domains': ['photo']}
0.0 []
Loss historical diff: 0.1955128088593483; Loss Difference: 0.0, Decision: 0
Round 115 took 3.9439070224761963s, results:
{'t': 114, 'current_accuracy': 0.90625, 'current_loss': 0.3667443096637726, 'train_loss': None, 'decision': 0, 'drift_rate': 0.0, 'target_domains': ['photo']}
0.0 []
Loss historical diff: 0.19551297277212143; Loss Difference: 0.0, Decision: 0
Round 116 took 3.9725403785705566s, results:
{'t': 115, 'current_accuracy': 0.90625, 'current_loss': 0.3667444735765457, 'train_loss': None, 'decision': 0, 'drift_rate': 0.0, 'target_domains': ['photo']}
0.0 []
Loss historical diff: 0.19551224261522293; Loss Difference: 0.0, Decision: 0
Round 117 took 3.9245903491973877s, results:
{'t': 116, 'current_accuracy': 0.90625, 'current_loss': 0.3667437434196472, 'train_loss': None, 'decision': 0, 'drift_rate': 0.0, 'target_domains': ['photo']}
0.0 []
Loss historical diff: 0.19551274925470352; Loss Difference: 0.0, Decision: 0
Round 118 took 3.883484363555908s, results:
{'t': 117, 'current_accuracy': 0.90625, 'current_loss': 0.3667442500591278, 'train_loss': None, 'decision': 0, 'drift_rate': 0.0, 'target_domains': ['photo']}
0.0 []
Loss historical diff: 0.19551274925470352; Loss Difference: 0.0, Decision: 1
Average loss over 5 updates: 0.1108
Round 119 took 6.300495147705078s, results:
{'t': 118, 'current_accuracy': 0.90625, 'current_loss': 0.3667442500591278, 'train_loss': 0.11079192757606507, 'decision': 1, 'drift_rate': 0.0, 'target_domains': ['photo']}
0.0 []
Loss historical diff: 0.21689841896295547; Loss Difference: 0.0, Decision: 1
Average loss over 5 updates: 0.1212
Round 120 took 6.329912900924683s, results:
{'t': 119, 'current_accuracy': 0.90234375, 'current_loss': 0.38812991976737976, 'train_loss': 0.12115450501441956, 'decision': 1, 'drift_rate': 0.0, 'target_domains': ['photo']}
0.0 []
Loss historical diff: 0.3379427418112755; Loss Difference: 0.0, Decision: 1
Average loss over 5 updates: 0.0669
Round 121 took 6.198081970214844s, results:
{'t': 120, 'current_accuracy': 0.8515625, 'current_loss': 0.5091742426156998, 'train_loss': 0.06690261214971542, 'decision': 1, 'drift_rate': 0.0, 'target_domains': ['photo']}
0.0 []
Loss historical diff: 0.23497218638658524; Loss Difference: 0.0, Decision: 1
Average loss over 5 updates: 0.0738
Round 122 took 6.015650987625122s, results:
{'t': 121, 'current_accuracy': 0.90234375, 'current_loss': 0.4062036871910095, 'train_loss': 0.07383128777146339, 'decision': 1, 'drift_rate': 0.0, 'target_domains': ['photo']}
0.0 []
Loss historical diff: 0.1657138392329216; Loss Difference: 0.0, Decision: 0
Round 123 took 3.345759868621826s, results:
{'t': 122, 'current_accuracy': 0.921875, 'current_loss': 0.3369453400373459, 'train_loss': None, 'decision': 0, 'drift_rate': 0.0, 'target_domains': ['photo']}
0.0 []
Loss historical diff: 0.1657140627503395; Loss Difference: 0.0, Decision: 0
Round 124 took 3.3162882328033447s, results:
{'t': 123, 'current_accuracy': 0.921875, 'current_loss': 0.3369455635547638, 'train_loss': None, 'decision': 0, 'drift_rate': 0.0, 'target_domains': ['photo']}
0.0 []
Loss historical diff: 0.16571395844221115; Loss Difference: 0.0, Decision: 0
Round 125 took 3.629441261291504s, results:
{'t': 124, 'current_accuracy': 0.921875, 'current_loss': 0.33694545924663544, 'train_loss': None, 'decision': 0, 'drift_rate': 0.0, 'target_domains': ['photo']}
0.0 []
Loss historical diff: 0.16571395844221115; Loss Difference: 0.0, Decision: 0
Round 126 took 3.826314687728882s, results:
{'t': 125, 'current_accuracy': 0.921875, 'current_loss': 0.33694545924663544, 'train_loss': None, 'decision': 0, 'drift_rate': 0.0, 'target_domains': ['photo']}
0.0 []
Loss historical diff: 0.165713869035244; Loss Difference: 0.0, Decision: 0
Round 127 took 3.933866262435913s, results:
{'t': 126, 'current_accuracy': 0.921875, 'current_loss': 0.3369453698396683, 'train_loss': None, 'decision': 0, 'drift_rate': 0.0, 'target_domains': ['photo']}
0.0 []
Loss historical diff: 0.16571389883756638; Loss Difference: 0.0, Decision: 0
Round 128 took 3.9096357822418213s, results:
{'t': 127, 'current_accuracy': 0.921875, 'current_loss': 0.33694539964199066, 'train_loss': None, 'decision': 0, 'drift_rate': 0.0, 'target_domains': ['photo']}
0.0 []
Loss historical diff: 0.16571397334337234; Loss Difference: 0.0, Decision: 0
Round 129 took 3.9482219219207764s, results:
{'t': 128, 'current_accuracy': 0.921875, 'current_loss': 0.33694547414779663, 'train_loss': None, 'decision': 0, 'drift_rate': 0.0, 'target_domains': ['photo']}
0.0 []
Loss historical diff: 0.165713869035244; Loss Difference: 0.0, Decision: 0
Round 130 took 3.886923313140869s, results:
{'t': 129, 'current_accuracy': 0.921875, 'current_loss': 0.3369453698396683, 'train_loss': None, 'decision': 0, 'drift_rate': 0.0, 'target_domains': ['photo']}
0.0 []
Loss historical diff: 0.16571421921253204; Loss Difference: 0.0, Decision: 0
Round 131 took 3.9275314807891846s, results:
{'t': 130, 'current_accuracy': 0.921875, 'current_loss': 0.33694572001695633, 'train_loss': None, 'decision': 0, 'drift_rate': 0.0, 'target_domains': ['photo']}
0.0 []
Loss historical diff: 0.16571416705846786; Loss Difference: 0.0, Decision: 0
Round 132 took 3.9350337982177734s, results:
{'t': 131, 'current_accuracy': 0.921875, 'current_loss': 0.33694566786289215, 'train_loss': None, 'decision': 0, 'drift_rate': 0.0, 'target_domains': ['photo']}
0.0 []
Loss historical diff: 0.16571394354104996; Loss Difference: 0.0, Decision: 0
Round 133 took 3.5765578746795654s, results:
{'t': 132, 'current_accuracy': 0.921875, 'current_loss': 0.33694544434547424, 'train_loss': None, 'decision': 0, 'drift_rate': 0.0, 'target_domains': ['photo']}
0.0 []
Loss historical diff: 0.16571393609046936; Loss Difference: 0.0, Decision: 0
Round 134 took 3.9006738662719727s, results:
{'t': 133, 'current_accuracy': 0.921875, 'current_loss': 0.33694543689489365, 'train_loss': None, 'decision': 0, 'drift_rate': 0.0, 'target_domains': ['photo']}
0.0 []
Loss historical diff: 0.16571394354104996; Loss Difference: 0.0, Decision: 0
Round 135 took 3.875364065170288s, results:
{'t': 134, 'current_accuracy': 0.921875, 'current_loss': 0.33694544434547424, 'train_loss': None, 'decision': 0, 'drift_rate': 0.0, 'target_domains': ['photo']}
0.0 []
Loss historical diff: 0.16571394354104996; Loss Difference: 0.0, Decision: 0
Round 136 took 3.845270872116089s, results:
{'t': 135, 'current_accuracy': 0.921875, 'current_loss': 0.33694544434547424, 'train_loss': None, 'decision': 0, 'drift_rate': 0.0, 'target_domains': ['photo']}
0.0 []
Loss historical diff: 0.16571400314569473; Loss Difference: 0.0, Decision: 0
Round 137 took 3.604929208755493s, results:
{'t': 136, 'current_accuracy': 0.921875, 'current_loss': 0.336945503950119, 'train_loss': None, 'decision': 0, 'drift_rate': 0.0, 'target_domains': ['photo']}
0.0 []
Loss historical diff: 0.16571412980556488; Loss Difference: 0.0, Decision: 0
Round 138 took 3.9656665325164795s, results:
{'t': 137, 'current_accuracy': 0.921875, 'current_loss': 0.33694563060998917, 'train_loss': None, 'decision': 0, 'drift_rate': 0.0, 'target_domains': ['photo']}
0.0 []
Loss historical diff: 0.16571447998285294; Loss Difference: 0.0, Decision: 0
Round 139 took 3.870321750640869s, results:
{'t': 138, 'current_accuracy': 0.921875, 'current_loss': 0.3369459807872772, 'train_loss': None, 'decision': 0, 'drift_rate': 0.0, 'target_domains': ['photo']}
0.0 []
Loss historical diff: 0.16571392863988876; Loss Difference: 0.0, Decision: 0
Round 140 took 3.8733630180358887s, results:
{'t': 139, 'current_accuracy': 0.921875, 'current_loss': 0.33694542944431305, 'train_loss': None, 'decision': 0, 'drift_rate': 0.0, 'target_domains': ['photo']}
0.0 []
Loss historical diff: 0.16571398824453354; Loss Difference: 0.0, Decision: 0
Round 141 took 3.8893485069274902s, results:
{'t': 140, 'current_accuracy': 0.921875, 'current_loss': 0.3369454890489578, 'train_loss': None, 'decision': 0, 'drift_rate': 0.0, 'target_domains': ['photo']}
0.0 []
Loss historical diff: 0.16571391373872757; Loss Difference: 0.0, Decision: 0
Round 142 took 3.801943778991699s, results:
{'t': 141, 'current_accuracy': 0.921875, 'current_loss': 0.33694541454315186, 'train_loss': None, 'decision': 0, 'drift_rate': 0.0, 'target_domains': ['photo']}
0.0 []
Loss historical diff: 0.16571397334337234; Loss Difference: 0.0, Decision: 0
Round 143 took 3.8868439197540283s, results:
{'t': 142, 'current_accuracy': 0.921875, 'current_loss': 0.33694547414779663, 'train_loss': None, 'decision': 0, 'drift_rate': 0.0, 'target_domains': ['photo']}
0.0 []
Loss historical diff: 0.1657140627503395; Loss Difference: 0.0, Decision: 0
Round 144 took 3.908916473388672s, results:
{'t': 143, 'current_accuracy': 0.921875, 'current_loss': 0.3369455635547638, 'train_loss': None, 'decision': 0, 'drift_rate': 0.0, 'target_domains': ['photo']}
0.0 []
Loss historical diff: 0.16571393609046936; Loss Difference: 0.0, Decision: 0
Round 145 took 3.5882022380828857s, results:
{'t': 144, 'current_accuracy': 0.921875, 'current_loss': 0.33694543689489365, 'train_loss': None, 'decision': 0, 'drift_rate': 0.0, 'target_domains': ['photo']}
0.0 []
Loss historical diff: 0.16571394354104996; Loss Difference: 0.0, Decision: 0
Round 146 took 3.5340635776519775s, results:
{'t': 145, 'current_accuracy': 0.921875, 'current_loss': 0.33694544434547424, 'train_loss': None, 'decision': 0, 'drift_rate': 0.0, 'target_domains': ['photo']}
0.0 []
Loss historical diff: 0.16571439057588577; Loss Difference: 0.0, Decision: 1
Average loss over 5 updates: 0.0812
Round 147 took 6.288878679275513s, results:
{'t': 146, 'current_accuracy': 0.921875, 'current_loss': 0.33694589138031006, 'train_loss': 0.08117479011416436, 'decision': 1, 'drift_rate': 0.0, 'target_domains': ['photo']}
0.0 []
Loss historical diff: 0.2017580047249794; Loss Difference: 0.0, Decision: 1
Average loss over 5 updates: 0.0656
Round 148 took 6.098574161529541s, results:
{'t': 147, 'current_accuracy': 0.91796875, 'current_loss': 0.3729895055294037, 'train_loss': 0.06559915989637374, 'decision': 1, 'drift_rate': 0.0, 'target_domains': ['photo']}
0.0 []
Loss historical diff: 0.2290506586432457; Loss Difference: 0.0, Decision: 1
Average loss over 5 updates: 0.0687
Round 149 took 5.9575035572052s, results:
{'t': 148, 'current_accuracy': 0.91015625, 'current_loss': 0.40028215944767, 'train_loss': 0.06865699663758278, 'decision': 1, 'drift_rate': 0.0, 'target_domains': ['photo']}
0.0 []
Loss historical diff: 0.220995731651783; Loss Difference: 0.0, Decision: 1
Average loss over 5 updates: 0.0639
Round 150 took 6.339608430862427s, results:
{'t': 149, 'current_accuracy': 0.91015625, 'current_loss': 0.3922272324562073, 'train_loss': 0.06389288529753685, 'decision': 1, 'drift_rate': 0.0, 'target_domains': ['photo']}
0.0 []
Loss historical diff: 0.4170156195759773; Loss Difference: 0.0, Decision: 1
Average loss over 5 updates: 0.0657
Round 151 took 5.865311861038208s, results:
{'t': 150, 'current_accuracy': 0.83984375, 'current_loss': 0.5882471203804016, 'train_loss': 0.06573527753353119, 'decision': 1, 'drift_rate': 0.0, 'target_domains': ['photo']}
0.0 []
Loss historical diff: 0.21807632595300674; Loss Difference: 0.0, Decision: 1
Average loss over 5 updates: 0.0416
Round 152 took 6.3183510303497314s, results:
{'t': 151, 'current_accuracy': 0.90625, 'current_loss': 0.38930782675743103, 'train_loss': 0.04163620248436928, 'decision': 1, 'drift_rate': 0.0, 'target_domains': ['photo']}
0.0 []
Loss historical diff: 0.1789538338780403; Loss Difference: 0.0, Decision: 0
Round 153 took 3.928950548171997s, results:
{'t': 152, 'current_accuracy': 0.921875, 'current_loss': 0.3501853346824646, 'train_loss': None, 'decision': 0, 'drift_rate': 0.0, 'target_domains': ['photo']}
0.0 []
Loss historical diff: 0.17895453423261642; Loss Difference: 0.0, Decision: 0
Round 154 took 3.9241037368774414s, results:
{'t': 153, 'current_accuracy': 0.921875, 'current_loss': 0.3501860350370407, 'train_loss': None, 'decision': 0, 'drift_rate': 0.0, 'target_domains': ['photo']}
0.0 []
Loss historical diff: 0.17895372956991196; Loss Difference: 0.0, Decision: 0
Round 155 took 3.7752814292907715s, results:
{'t': 154, 'current_accuracy': 0.921875, 'current_loss': 0.35018523037433624, 'train_loss': None, 'decision': 0, 'drift_rate': 0.0, 'target_domains': ['photo']}
0.0 []
Loss historical diff: 0.178953655064106; Loss Difference: 0.0, Decision: 0
Round 156 took 3.9094181060791016s, results:
{'t': 155, 'current_accuracy': 0.921875, 'current_loss': 0.3501851558685303, 'train_loss': None, 'decision': 0, 'drift_rate': 0.0, 'target_domains': ['photo']}
0.0 []
Loss historical diff: 0.1789538487792015; Loss Difference: 0.0, Decision: 0
Round 157 took 3.6865310668945312s, results:
{'t': 156, 'current_accuracy': 0.921875, 'current_loss': 0.3501853495836258, 'train_loss': None, 'decision': 0, 'drift_rate': 0.0, 'target_domains': ['photo']}
0.0 []
Loss historical diff: 0.17895378172397614; Loss Difference: 0.0, Decision: 0
Round 158 took 3.8570539951324463s, results:
{'t': 157, 'current_accuracy': 0.921875, 'current_loss': 0.3501852825284004, 'train_loss': None, 'decision': 0, 'drift_rate': 0.0, 'target_domains': ['photo']}
0.0 []
Loss historical diff: 0.17895371466875076; Loss Difference: 0.0, Decision: 0
Round 159 took 3.8899519443511963s, results:
{'t': 158, 'current_accuracy': 0.921875, 'current_loss': 0.35018521547317505, 'train_loss': None, 'decision': 0, 'drift_rate': 0.0, 'target_domains': ['photo']}
0.0 []
Loss historical diff: 0.17895375937223434; Loss Difference: 0.0, Decision: 1
Average loss over 5 updates: 0.0459
Round 160 took 6.334645986557007s, results:
{'t': 159, 'current_accuracy': 0.921875, 'current_loss': 0.35018526017665863, 'train_loss': 0.045920295640826225, 'decision': 1, 'drift_rate': 0.0, 'target_domains': ['photo']}
0.0 []
Loss historical diff: 0.2961548939347267; Loss Difference: 0.0, Decision: 1
Average loss over 5 updates: 0.0492
Round 161 took 6.359668493270874s, results:
{'t': 160, 'current_accuracy': 0.890625, 'current_loss': 0.467386394739151, 'train_loss': 0.04923473186790943, 'decision': 1, 'drift_rate': 0.0, 'target_domains': ['photo']}
0.0 []
Loss historical diff: 0.13349918276071548; Loss Difference: 0.0, Decision: 0
Round 162 took 3.901583671569824s, results:
{'t': 161, 'current_accuracy': 0.92578125, 'current_loss': 0.30473068356513977, 'train_loss': None, 'decision': 0, 'drift_rate': 0.0, 'target_domains': ['photo']}
0.0 []
Loss historical diff: 0.13349922001361847; Loss Difference: 0.0, Decision: 0
Round 163 took 3.9744157791137695s, results:
{'t': 162, 'current_accuracy': 0.92578125, 'current_loss': 0.30473072081804276, 'train_loss': None, 'decision': 0, 'drift_rate': 0.0, 'target_domains': ['photo']}
0.0 []
Loss historical diff: 0.13349954038858414; Loss Difference: 0.0, Decision: 0
Round 164 took 3.8117475509643555s, results:
{'t': 163, 'current_accuracy': 0.92578125, 'current_loss': 0.3047310411930084, 'train_loss': None, 'decision': 0, 'drift_rate': 0.0, 'target_domains': ['photo']}
0.0 []
Loss historical diff: 0.13349921256303787; Loss Difference: 0.0, Decision: 0
Round 165 took 3.820272445678711s, results:
{'t': 164, 'current_accuracy': 0.92578125, 'current_loss': 0.30473071336746216, 'train_loss': None, 'decision': 0, 'drift_rate': 0.0, 'target_domains': ['photo']}
0.4 ['cartoon']
Loss historical diff: 1.9129809811711311; Loss Difference: 0.0, Decision: 1
Average loss over 5 updates: 2.1327
Round 166 took 5.830901861190796s, results:
{'t': 165, 'current_accuracy': 0.56640625, 'current_loss': 2.0842124819755554, 'train_loss': 2.132664155960083, 'decision': 1, 'drift_rate': 0.4, 'target_domains': ['cartoon']}
0.4 ['cartoon']
Loss historical diff: 9.440762288868427; Loss Difference: 0.0, Decision: 1
Average loss over 5 updates: 2.0233
Round 167 took 5.775115251541138s, results:
{'t': 166, 'current_accuracy': 0.27734375, 'current_loss': 9.611993789672852, 'train_loss': 2.0233472347259522, 'decision': 1, 'drift_rate': 0.4, 'target_domains': ['cartoon']}
0.4 ['cartoon']
Loss historical diff: 8.080067403614521; Loss Difference: 0.0, Decision: 1
Average loss over 5 updates: 1.5632
Round 168 took 6.354158639907837s, results:
{'t': 167, 'current_accuracy': 0.2578125, 'current_loss': 8.251298904418945, 'train_loss': 1.56320481300354, 'decision': 1, 'drift_rate': 0.4, 'target_domains': ['cartoon']}
0.0 []
Loss historical diff: 2.3761453703045845; Loss Difference: 0.0, Decision: 1
Average loss over 5 updates: 1.0611
Round 169 took 6.0473103523254395s, results:
{'t': 168, 'current_accuracy': 0.44921875, 'current_loss': 2.547376871109009, 'train_loss': 1.0610853791236878, 'decision': 1, 'drift_rate': 0.0, 'target_domains': ['cartoon']}
0.0 []
Loss historical diff: 1.258842594921589; Loss Difference: 0.0, Decision: 1
Average loss over 5 updates: 0.9935
Round 170 took 6.3473169803619385s, results:
{'t': 169, 'current_accuracy': 0.5859375, 'current_loss': 1.4300740957260132, 'train_loss': 0.9934502124786377, 'decision': 1, 'drift_rate': 0.0, 'target_domains': ['cartoon']}
0.0 []
Loss historical diff: 2.475088007748127; Loss Difference: 0.0, Decision: 1
Average loss over 5 updates: 0.9751
Round 171 took 6.229106187820435s, results:
{'t': 170, 'current_accuracy': 0.484375, 'current_loss': 2.6463195085525513, 'train_loss': 0.9751165270805359, 'decision': 1, 'drift_rate': 0.0, 'target_domains': ['cartoon']}
0.0 []
Loss historical diff: 2.4551850631833076; Loss Difference: 0.0, Decision: 1
Average loss over 5 updates: 0.8879
Round 172 took 6.271883249282837s, results:
{'t': 171, 'current_accuracy': 0.5234375, 'current_loss': 2.626416563987732, 'train_loss': 0.887859046459198, 'decision': 1, 'drift_rate': 0.0, 'target_domains': ['cartoon']}
0.0 []
Loss historical diff: 1.2674641087651253; Loss Difference: 0.0, Decision: 1
Average loss over 5 updates: 0.7809
Round 173 took 6.023233652114868s, results:
{'t': 172, 'current_accuracy': 0.609375, 'current_loss': 1.4386956095695496, 'train_loss': 0.7808627247810364, 'decision': 1, 'drift_rate': 0.0, 'target_domains': ['cartoon']}
0.0 []
Loss historical diff: 1.1806293800473213; Loss Difference: 0.0, Decision: 1
Average loss over 5 updates: 0.8799
Round 174 took 6.3282341957092285s, results:
{'t': 173, 'current_accuracy': 0.6484375, 'current_loss': 1.3518608808517456, 'train_loss': 0.8799451351165771, 'decision': 1, 'drift_rate': 0.0, 'target_domains': ['cartoon']}
0.0 []
Loss historical diff: 1.0832450464367867; Loss Difference: 0.0, Decision: 1
Average loss over 5 updates: 0.6396
Round 175 took 6.217189311981201s, results:
{'t': 174, 'current_accuracy': 0.6328125, 'current_loss': 1.254476547241211, 'train_loss': 0.6395668625831604, 'decision': 1, 'drift_rate': 0.0, 'target_domains': ['cartoon']}
0.0 []
Loss historical diff: 1.0342972949147224; Loss Difference: 0.0, Decision: 1
Average loss over 5 updates: 0.5444
Round 176 took 6.304325580596924s, results:
{'t': 175, 'current_accuracy': 0.62109375, 'current_loss': 1.2055287957191467, 'train_loss': 0.5444146811962127, 'decision': 1, 'drift_rate': 0.0, 'target_domains': ['cartoon']}
0.0 []
Loss historical diff: 1.6666488721966743; Loss Difference: 0.0, Decision: 1
Average loss over 5 updates: 0.6040
Round 177 took 6.328677415847778s, results:
{'t': 176, 'current_accuracy': 0.55859375, 'current_loss': 1.8378803730010986, 'train_loss': 0.6040138900279999, 'decision': 1, 'drift_rate': 0.0, 'target_domains': ['cartoon']}
0.0 []
Loss historical diff: 0.7033815756440163; Loss Difference: 0.0, Decision: 1
Average loss over 5 updates: 0.4257
Round 178 took 6.320814609527588s, results:
{'t': 177, 'current_accuracy': 0.7578125, 'current_loss': 0.8746130764484406, 'train_loss': 0.425686776638031, 'decision': 1, 'drift_rate': 0.0, 'target_domains': ['cartoon']}
0.0 []
Loss historical diff: 0.6155587509274483; Loss Difference: 0.0, Decision: 1
Average loss over 5 updates: 0.3308
Round 179 took 5.800931453704834s, results:
{'t': 178, 'current_accuracy': 0.75390625, 'current_loss': 0.7867902517318726, 'train_loss': 0.33084155321121217, 'decision': 1, 'drift_rate': 0.0, 'target_domains': ['cartoon']}
0.0 []
Loss historical diff: 0.9740053489804268; Loss Difference: 0.0, Decision: 1
Average loss over 5 updates: 0.4162
Round 180 took 6.308397531509399s, results:
{'t': 179, 'current_accuracy': 0.73046875, 'current_loss': 1.145236849784851, 'train_loss': 0.4161734402179718, 'decision': 1, 'drift_rate': 0.0, 'target_domains': ['cartoon']}
0.0 []
Loss historical diff: 0.5353257730603218; Loss Difference: 0.0, Decision: 1
Average loss over 5 updates: 0.2568
Round 181 took 6.328955173492432s, results:
{'t': 180, 'current_accuracy': 0.79296875, 'current_loss': 0.7065572738647461, 'train_loss': 0.2567822873592377, 'decision': 1, 'drift_rate': 0.0, 'target_domains': ['cartoon']}
0.0 []
Loss historical diff: 0.5750977173447609; Loss Difference: 0.0, Decision: 1
Average loss over 5 updates: 0.1852
Round 182 took 6.316844701766968s, results:
{'t': 181, 'current_accuracy': 0.78515625, 'current_loss': 0.7463292181491852, 'train_loss': 0.18521093726158142, 'decision': 1, 'drift_rate': 0.0, 'target_domains': ['cartoon']}
0.0 []
Loss historical diff: 0.6212722733616829; Loss Difference: 0.0, Decision: 1
Average loss over 5 updates: 0.2188
Round 183 took 6.373143434524536s, results:
{'t': 182, 'current_accuracy': 0.76953125, 'current_loss': 0.7925037741661072, 'train_loss': 0.21880842596292496, 'decision': 1, 'drift_rate': 0.0, 'target_domains': ['cartoon']}
0.0 []
Loss historical diff: 0.6571104303002357; Loss Difference: 0.0, Decision: 1
Average loss over 5 updates: 0.1571
Round 184 took 6.315562725067139s, results:
{'t': 183, 'current_accuracy': 0.7890625, 'current_loss': 0.82834193110466, 'train_loss': 0.157107113301754, 'decision': 1, 'drift_rate': 0.0, 'target_domains': ['cartoon']}
0.0 []
Loss historical diff: 0.6176929846405983; Loss Difference: 0.0, Decision: 1
Average loss over 5 updates: 0.1717
Round 185 took 5.652320146560669s, results:
{'t': 184, 'current_accuracy': 0.79296875, 'current_loss': 0.7889244854450226, 'train_loss': 0.1716876357793808, 'decision': 1, 'drift_rate': 0.0, 'target_domains': ['cartoon']}
0.0 []
Loss historical diff: 0.4734026566147804; Loss Difference: 0.0, Decision: 1
Average loss over 5 updates: 0.1363
Round 186 took 5.900507211685181s, results:
{'t': 185, 'current_accuracy': 0.828125, 'current_loss': 0.6446341574192047, 'train_loss': 0.13628500401973725, 'decision': 1, 'drift_rate': 0.0, 'target_domains': ['cartoon']}
0.0 []
Loss historical diff: 0.7806942835450172; Loss Difference: 0.0, Decision: 1
Average loss over 5 updates: 0.1204
Round 187 took 5.65773868560791s, results:
{'t': 186, 'current_accuracy': 0.78125, 'current_loss': 0.9519257843494415, 'train_loss': 0.12036117762327195, 'decision': 1, 'drift_rate': 0.0, 'target_domains': ['cartoon']}
0.0 []
Loss historical diff: 0.5888843014836311; Loss Difference: 0.0, Decision: 1
Average loss over 5 updates: 0.0952
Round 188 took 6.294698715209961s, results:
{'t': 187, 'current_accuracy': 0.82421875, 'current_loss': 0.7601158022880554, 'train_loss': 0.09524207264184952, 'decision': 1, 'drift_rate': 0.0, 'target_domains': ['cartoon']}
0.0 []
Loss historical diff: 0.4024507775902748; Loss Difference: 0.0, Decision: 1
Average loss over 5 updates: 0.1004
Round 189 took 6.292561292648315s, results:
{'t': 188, 'current_accuracy': 0.8671875, 'current_loss': 0.5736822783946991, 'train_loss': 0.10035431534051895, 'decision': 1, 'drift_rate': 0.0, 'target_domains': ['cartoon']}
0.0 []
Loss historical diff: 0.47229305654764175; Loss Difference: 0.0, Decision: 1
Average loss over 5 updates: 0.1061
Round 190 took 6.347906827926636s, results:
{'t': 189, 'current_accuracy': 0.83203125, 'current_loss': 0.643524557352066, 'train_loss': 0.1060536578297615, 'decision': 1, 'drift_rate': 0.0, 'target_domains': ['cartoon']}
0.0 []
Loss historical diff: 0.41624765843153; Loss Difference: 0.0, Decision: 1
Average loss over 5 updates: 0.0519
Round 191 took 6.103889465332031s, results:
{'t': 190, 'current_accuracy': 0.859375, 'current_loss': 0.5874791592359543, 'train_loss': 0.05194652900099754, 'decision': 1, 'drift_rate': 0.0, 'target_domains': ['cartoon']}
0.0 []
Loss historical diff: 0.44003619998693466; Loss Difference: 0.0, Decision: 1
Average loss over 5 updates: 0.0546
Round 192 took 6.404792308807373s, results:
{'t': 191, 'current_accuracy': 0.8515625, 'current_loss': 0.611267700791359, 'train_loss': 0.05464531779289246, 'decision': 1, 'drift_rate': 0.0, 'target_domains': ['cartoon']}
0.0 []
Loss historical diff: 0.38770777732133865; Loss Difference: 0.0, Decision: 1
Average loss over 5 updates: 0.0574
Round 193 took 6.356601238250732s, results:
{'t': 192, 'current_accuracy': 0.859375, 'current_loss': 0.5589392781257629, 'train_loss': 0.057360246777534485, 'decision': 1, 'drift_rate': 0.0, 'target_domains': ['cartoon']}
0.0 []
Loss historical diff: 0.384553886950016; Loss Difference: 0.0, Decision: 1
Average loss over 5 updates: 0.0406
Round 194 took 5.625443935394287s, results:
{'t': 193, 'current_accuracy': 0.87890625, 'current_loss': 0.5557853877544403, 'train_loss': 0.04063991978764534, 'decision': 1, 'drift_rate': 0.0, 'target_domains': ['cartoon']}
0.0 []
Loss historical diff: 0.5422584488987923; Loss Difference: 0.0, Decision: 1
Average loss over 5 updates: 0.0788
Round 195 took 6.315036296844482s, results:
{'t': 194, 'current_accuracy': 0.859375, 'current_loss': 0.7134899497032166, 'train_loss': 0.07877018302679062, 'decision': 1, 'drift_rate': 0.0, 'target_domains': ['cartoon']}
0.0 []
Loss historical diff: 0.5482179597020149; Loss Difference: 0.0, Decision: 1
Average loss over 5 updates: 0.0558
Round 196 took 6.0149688720703125s, results:
{'t': 195, 'current_accuracy': 0.8203125, 'current_loss': 0.7194494605064392, 'train_loss': 0.05582026541233063, 'decision': 1, 'drift_rate': 0.0, 'target_domains': ['cartoon']}
0.0 []
Loss historical diff: 0.5198736265301704; Loss Difference: 0.0, Decision: 1
Average loss over 5 updates: 0.0369
Round 197 took 6.2952024936676025s, results:
{'t': 196, 'current_accuracy': 0.83984375, 'current_loss': 0.6911051273345947, 'train_loss': 0.03689182437956333, 'decision': 1, 'drift_rate': 0.0, 'target_domains': ['cartoon']}
0.0 []
Loss historical diff: 0.4118203893303871; Loss Difference: 0.0, Decision: 1
Average loss over 5 updates: 0.0434
Round 198 took 6.346646308898926s, results:
{'t': 197, 'current_accuracy': 0.8671875, 'current_loss': 0.5830518901348114, 'train_loss': 0.043423837050795555, 'decision': 1, 'drift_rate': 0.0, 'target_domains': ['cartoon']}
0.0 []
Loss historical diff: 0.49797723442316055; Loss Difference: 0.0, Decision: 1
Average loss over 5 updates: 0.0318
Round 199 took 5.650003671646118s, results:
{'t': 198, 'current_accuracy': 0.84765625, 'current_loss': 0.6692087352275848, 'train_loss': 0.03179064802825451, 'decision': 1, 'drift_rate': 0.0, 'target_domains': ['cartoon']}
0.0 []
Loss historical diff: 0.391555018723011; Loss Difference: 0.0, Decision: 1
Average loss over 5 updates: 0.0354
Round 200 took 6.28622579574585s, results:
{'t': 199, 'current_accuracy': 0.86328125, 'current_loss': 0.5627865195274353, 'train_loss': 0.0353791281580925, 'decision': 1, 'drift_rate': 0.0, 'target_domains': ['cartoon']}
0.0 []
Loss historical diff: 0.4477919116616249; Loss Difference: 0.0, Decision: 1
Average loss over 5 updates: 0.0283
Round 201 took 6.3224778175354s, results:
{'t': 200, 'current_accuracy': 0.8515625, 'current_loss': 0.6190234124660492, 'train_loss': 0.028316306695342065, 'decision': 1, 'drift_rate': 0.0, 'target_domains': ['cartoon']}
0.0 []
Loss historical diff: 0.47862911969423294; Loss Difference: 0.0, Decision: 1
Average loss over 5 updates: 0.0246
Round 202 took 6.3030314445495605s, results:
{'t': 201, 'current_accuracy': 0.84375, 'current_loss': 0.6498606204986572, 'train_loss': 0.024557318538427353, 'decision': 1, 'drift_rate': 0.0, 'target_domains': ['cartoon']}
0.0 []
Loss historical diff: 0.4384436085820198; Loss Difference: 0.0, Decision: 1
Average loss over 5 updates: 0.0206
Round 203 took 6.2577924728393555s, results:
{'t': 202, 'current_accuracy': 0.875, 'current_loss': 0.6096751093864441, 'train_loss': 0.020647010207176207, 'decision': 1, 'drift_rate': 0.0, 'target_domains': ['cartoon']}
0.0 []
Loss historical diff: 0.45381153374910355; Loss Difference: 0.0, Decision: 1
Average loss over 5 updates: 0.0226
Round 204 took 6.271787881851196s, results:
{'t': 203, 'current_accuracy': 0.8671875, 'current_loss': 0.6250430345535278, 'train_loss': 0.022628459334373473, 'decision': 1, 'drift_rate': 0.0, 'target_domains': ['cartoon']}
0.0 []
Loss historical diff: 0.45969993621110916; Loss Difference: 0.0, Decision: 1
Average loss over 5 updates: 0.0200
Round 205 took 6.2375171184539795s, results:
{'t': 204, 'current_accuracy': 0.8671875, 'current_loss': 0.6309314370155334, 'train_loss': 0.020009190402925016, 'decision': 1, 'drift_rate': 0.0, 'target_domains': ['cartoon']}
0.0 []
Loss historical diff: 0.42776254564523697; Loss Difference: 0.0, Decision: 1
Average loss over 5 updates: 0.0231
Round 206 took 6.365352153778076s, results:
{'t': 205, 'current_accuracy': 0.86328125, 'current_loss': 0.5989940464496613, 'train_loss': 0.02307474911212921, 'decision': 1, 'drift_rate': 0.0, 'target_domains': ['cartoon']}
0.0 []
Loss historical diff: 0.4640389159321785; Loss Difference: 0.0, Decision: 1
Average loss over 5 updates: 0.0214
Round 207 took 6.298841714859009s, results:
{'t': 206, 'current_accuracy': 0.86328125, 'current_loss': 0.6352704167366028, 'train_loss': 0.021393756568431854, 'decision': 1, 'drift_rate': 0.0, 'target_domains': ['cartoon']}
0.0 []
Loss historical diff: 0.7738734856247902; Loss Difference: 0.0, Decision: 1
Average loss over 5 updates: 0.0188
Round 208 took 6.271932125091553s, results:
{'t': 207, 'current_accuracy': 0.8359375, 'current_loss': 0.9451049864292145, 'train_loss': 0.018765021115541458, 'decision': 1, 'drift_rate': 0.0, 'target_domains': ['cartoon']}
0.0 []
Loss historical diff: 0.46781840175390244; Loss Difference: 0.0, Decision: 1
Average loss over 5 updates: 0.0182
Round 209 took 6.221782445907593s, results:
{'t': 208, 'current_accuracy': 0.859375, 'current_loss': 0.6390499025583267, 'train_loss': 0.018190820701420307, 'decision': 1, 'drift_rate': 0.0, 'target_domains': ['cartoon']}
0.0 []
Loss historical diff: 0.5665305927395821; Loss Difference: 0.0, Decision: 1
Average loss over 5 updates: 0.0192
Round 210 took 5.558145999908447s, results:
{'t': 209, 'current_accuracy': 0.859375, 'current_loss': 0.7377620935440063, 'train_loss': 0.01919565424323082, 'decision': 1, 'drift_rate': 0.0, 'target_domains': ['cartoon']}
0.0 []
Loss historical diff: 0.5752651765942574; Loss Difference: 0.0, Decision: 1
Average loss over 5 updates: 0.0184
Round 211 took 5.481905460357666s, results:
{'t': 210, 'current_accuracy': 0.83984375, 'current_loss': 0.7464966773986816, 'train_loss': 0.01839417815208435, 'decision': 1, 'drift_rate': 0.0, 'target_domains': ['cartoon']}
0.0 []
Loss historical diff: 0.5552871897816658; Loss Difference: 0.0, Decision: 1
Average loss over 5 updates: 0.0139
Round 212 took 5.480405807495117s, results:
{'t': 211, 'current_accuracy': 0.859375, 'current_loss': 0.7265186905860901, 'train_loss': 0.013881718460470437, 'decision': 1, 'drift_rate': 0.0, 'target_domains': ['cartoon']}
0.0 []
Loss historical diff: 0.4651033356785774; Loss Difference: 0.0, Decision: 1
Average loss over 5 updates: 0.0135
Round 213 took 5.9778361320495605s, results:
{'t': 212, 'current_accuracy': 0.8671875, 'current_loss': 0.6363348364830017, 'train_loss': 0.013521519303321839, 'decision': 1, 'drift_rate': 0.0, 'target_domains': ['cartoon']}
0.0 []
Loss historical diff: 1.1052129939198494; Loss Difference: 0.0, Decision: 1
Average loss over 5 updates: 0.0658
Round 214 took 5.71042275428772s, results:
{'t': 213, 'current_accuracy': 0.734375, 'current_loss': 1.2764444947242737, 'train_loss': 0.065757916867733, 'decision': 1, 'drift_rate': 0.0, 'target_domains': ['cartoon']}
0.0 []
Loss historical diff: 0.9006854668259621; Loss Difference: 0.0, Decision: 1
Average loss over 5 updates: 0.0443
Round 215 took 6.438643932342529s, results:
{'t': 214, 'current_accuracy': 0.828125, 'current_loss': 1.0719169676303864, 'train_loss': 0.044266204535961154, 'decision': 1, 'drift_rate': 0.0, 'target_domains': ['cartoon']}
0.0 []
Loss historical diff: 0.8784644976258278; Loss Difference: 0.0, Decision: 1
Average loss over 5 updates: 0.0316
Round 216 took 6.079334497451782s, results:
{'t': 215, 'current_accuracy': 0.796875, 'current_loss': 1.049695998430252, 'train_loss': 0.03157424479722977, 'decision': 1, 'drift_rate': 0.0, 'target_domains': ['cartoon']}
0.0 []
Loss historical diff: 0.7031547203660011; Loss Difference: 0.0, Decision: 1
Average loss over 5 updates: 0.0224
Round 217 took 5.694822311401367s, results:
{'t': 216, 'current_accuracy': 0.84375, 'current_loss': 0.8743862211704254, 'train_loss': 0.02239387799054384, 'decision': 1, 'drift_rate': 0.0, 'target_domains': ['cartoon']}
0.0 []
Loss historical diff: 0.5656313076615334; Loss Difference: 0.0, Decision: 1
Average loss over 5 updates: 0.0149
Round 218 took 6.2032082080841064s, results:
{'t': 217, 'current_accuracy': 0.83984375, 'current_loss': 0.7368628084659576, 'train_loss': 0.01489635705947876, 'decision': 1, 'drift_rate': 0.0, 'target_domains': ['cartoon']}
0.0 []
Loss historical diff: 0.4994160905480385; Loss Difference: 0.0, Decision: 1
Average loss over 5 updates: 0.0132
Round 219 took 6.391003847122192s, results:
{'t': 218, 'current_accuracy': 0.83203125, 'current_loss': 0.6706475913524628, 'train_loss': 0.013197406753897667, 'decision': 1, 'drift_rate': 0.0, 'target_domains': ['cartoon']}
0.0 []
Loss historical diff: 0.46152257174253464; Loss Difference: 0.0, Decision: 1
Average loss over 5 updates: 0.0130
Round 220 took 6.307380676269531s, results:
{'t': 219, 'current_accuracy': 0.84765625, 'current_loss': 0.6327540725469589, 'train_loss': 0.013019817508757114, 'decision': 1, 'drift_rate': 0.0, 'target_domains': ['cartoon']}
0.0 []
Loss historical diff: 0.42836944013834; Loss Difference: 0.0, Decision: 0
Round 221 took 3.864135980606079s, results:
{'t': 220, 'current_accuracy': 0.87109375, 'current_loss': 0.5996009409427643, 'train_loss': None, 'decision': 0, 'drift_rate': 0.0, 'target_domains': ['cartoon']}
0.0 []
Loss historical diff: 0.42836909741163254; Loss Difference: 0.0, Decision: 0
Round 222 took 3.6194796562194824s, results:
{'t': 221, 'current_accuracy': 0.87109375, 'current_loss': 0.5996005982160568, 'train_loss': None, 'decision': 0, 'drift_rate': 0.0, 'target_domains': ['cartoon']}
0.0 []
Loss historical diff: 0.42836932092905045; Loss Difference: 0.0, Decision: 0
Round 223 took 3.476410150527954s, results:
{'t': 222, 'current_accuracy': 0.87109375, 'current_loss': 0.5996008217334747, 'train_loss': None, 'decision': 0, 'drift_rate': 0.0, 'target_domains': ['cartoon']}
0.0 []
Loss historical diff: 0.4283691421151161; Loss Difference: 0.0, Decision: 0
Round 224 took 3.6167821884155273s, results:
{'t': 223, 'current_accuracy': 0.87109375, 'current_loss': 0.5996006429195404, 'train_loss': None, 'decision': 0, 'drift_rate': 0.0, 'target_domains': ['cartoon']}
0.0 []
Loss historical diff: 0.4283694699406624; Loss Difference: 0.0, Decision: 0
Round 225 took 3.8924648761749268s, results:
{'t': 224, 'current_accuracy': 0.87109375, 'current_loss': 0.5996009707450867, 'train_loss': None, 'decision': 0, 'drift_rate': 0.0, 'target_domains': ['cartoon']}
0.0 []
Loss historical diff: 0.42836944013834; Loss Difference: 0.0, Decision: 0
Round 226 took 3.7507293224334717s, results:
{'t': 225, 'current_accuracy': 0.87109375, 'current_loss': 0.5996009409427643, 'train_loss': None, 'decision': 0, 'drift_rate': 0.0, 'target_domains': ['cartoon']}
0.0 []
Loss historical diff: 0.4283694103360176; Loss Difference: 0.0, Decision: 0
Round 227 took 3.9199507236480713s, results:
{'t': 226, 'current_accuracy': 0.87109375, 'current_loss': 0.5996009111404419, 'train_loss': None, 'decision': 0, 'drift_rate': 0.0, 'target_domains': ['cartoon']}
0.0 []
Loss historical diff: 0.42836930602788925; Loss Difference: 0.0, Decision: 0
Round 228 took 3.8632469177246094s, results:
{'t': 227, 'current_accuracy': 0.87109375, 'current_loss': 0.5996008068323135, 'train_loss': None, 'decision': 0, 'drift_rate': 0.0, 'target_domains': ['cartoon']}
0.0 []
Loss historical diff: 0.4283694252371788; Loss Difference: 0.0, Decision: 0
Round 229 took 3.805402994155884s, results:
{'t': 228, 'current_accuracy': 0.87109375, 'current_loss': 0.5996009260416031, 'train_loss': None, 'decision': 0, 'drift_rate': 0.0, 'target_domains': ['cartoon']}
0.0 []
Loss historical diff: 0.42836949974298477; Loss Difference: 0.0, Decision: 0
Round 230 took 3.8621773719787598s, results:
{'t': 229, 'current_accuracy': 0.87109375, 'current_loss': 0.5996010005474091, 'train_loss': None, 'decision': 0, 'drift_rate': 0.0, 'target_domains': ['cartoon']}
0.0 []
Loss historical diff: 0.4283708557486534; Loss Difference: 0.0, Decision: 0
Round 231 took 3.9289753437042236s, results:
{'t': 230, 'current_accuracy': 0.87109375, 'current_loss': 0.5996023565530777, 'train_loss': None, 'decision': 0, 'drift_rate': 0.0, 'target_domains': ['cartoon']}
0.0 []
Loss historical diff: 0.4283694699406624; Loss Difference: 0.0, Decision: 0
Round 232 took 3.8816161155700684s, results:
{'t': 231, 'current_accuracy': 0.87109375, 'current_loss': 0.5996009707450867, 'train_loss': None, 'decision': 0, 'drift_rate': 0.0, 'target_domains': ['cartoon']}
0.0 []
Loss historical diff: 0.4283689633011818; Loss Difference: 0.0, Decision: 0
Round 233 took 3.551024913787842s, results:
{'t': 232, 'current_accuracy': 0.87109375, 'current_loss': 0.5996004641056061, 'train_loss': None, 'decision': 0, 'drift_rate': 0.0, 'target_domains': ['cartoon']}
0.0 []
Loss historical diff: 0.42837101966142654; Loss Difference: 0.0, Decision: 1
Average loss over 5 updates: 0.0132
Round 234 took 6.324038982391357s, results:
{'t': 233, 'current_accuracy': 0.87109375, 'current_loss': 0.5996025204658508, 'train_loss': 0.013187551125884055, 'decision': 1, 'drift_rate': 0.0, 'target_domains': ['cartoon']}
0.0 []
Loss historical diff: 0.44870126992464066; Loss Difference: 0.0, Decision: 1
Average loss over 5 updates: 0.0116
Round 235 took 6.300739526748657s, results:
{'t': 234, 'current_accuracy': 0.875, 'current_loss': 0.6199327707290649, 'train_loss': 0.01155561339110136, 'decision': 1, 'drift_rate': 0.0, 'target_domains': ['cartoon']}
0.0 []
Loss historical diff: 0.4642041400074959; Loss Difference: 0.0, Decision: 1
Average loss over 5 updates: 0.0110
Round 236 took 6.231916904449463s, results:
{'t': 235, 'current_accuracy': 0.87109375, 'current_loss': 0.6354356408119202, 'train_loss': 0.01104728877544403, 'decision': 1, 'drift_rate': 0.0, 'target_domains': ['cartoon']}
0.0 []
Loss historical diff: 0.4407927915453911; Loss Difference: 0.0, Decision: 0
Round 237 took 3.911785840988159s, results:
{'t': 236, 'current_accuracy': 0.87890625, 'current_loss': 0.6120242923498154, 'train_loss': None, 'decision': 0, 'drift_rate': 0.0, 'target_domains': ['cartoon']}
0.0 []
Loss historical diff: 0.44079265743494034; Loss Difference: 0.0, Decision: 1
Average loss over 5 updates: 0.0123
Round 238 took 5.803598403930664s, results:
{'t': 237, 'current_accuracy': 0.87890625, 'current_loss': 0.6120241582393646, 'train_loss': 0.012289966642856597, 'decision': 1, 'drift_rate': 0.0, 'target_domains': ['cartoon']}
0.0 []
Loss historical diff: 0.48547182232141495; Loss Difference: 0.0, Decision: 1
Average loss over 5 updates: 0.0089
Round 239 took 6.049901485443115s, results:
{'t': 238, 'current_accuracy': 0.875, 'current_loss': 0.6567033231258392, 'train_loss': 0.008882616460323334, 'decision': 1, 'drift_rate': 0.0, 'target_domains': ['cartoon']}
0.0 []
Loss historical diff: 0.46607912331819534; Loss Difference: 0.0, Decision: 1
Average loss over 5 updates: 0.0087
Round 240 took 6.253168821334839s, results:
{'t': 239, 'current_accuracy': 0.87109375, 'current_loss': 0.6373106241226196, 'train_loss': 0.008734469301998615, 'decision': 1, 'drift_rate': 0.0, 'target_domains': ['cartoon']}
0.0 []
Loss historical diff: 0.44311920553445816; Loss Difference: 0.0, Decision: 0
Round 241 took 3.8125572204589844s, results:
{'t': 240, 'current_accuracy': 0.8671875, 'current_loss': 0.6143507063388824, 'train_loss': None, 'decision': 0, 'drift_rate': 0.0, 'target_domains': ['cartoon']}
0.0 []
Loss historical diff: 0.443119116127491; Loss Difference: 0.0, Decision: 0
Round 242 took 3.867563247680664s, results:
{'t': 241, 'current_accuracy': 0.8671875, 'current_loss': 0.6143506169319153, 'train_loss': None, 'decision': 0, 'drift_rate': 0.0, 'target_domains': ['cartoon']}
0.0 []
Loss historical diff: 0.44311919063329697; Loss Difference: 0.0, Decision: 0
Round 243 took 3.195192813873291s, results:
{'t': 242, 'current_accuracy': 0.8671875, 'current_loss': 0.6143506914377213, 'train_loss': None, 'decision': 0, 'drift_rate': 0.0, 'target_domains': ['cartoon']}
0.0 []
Loss historical diff: 0.44312063604593277; Loss Difference: 0.0, Decision: 0
Round 244 took 3.9245402812957764s, results:
{'t': 243, 'current_accuracy': 0.8671875, 'current_loss': 0.6143521368503571, 'train_loss': None, 'decision': 0, 'drift_rate': 0.0, 'target_domains': ['cartoon']}
0.0 []
Loss historical diff: 0.4431188777089119; Loss Difference: 0.0, Decision: 0
Round 245 took 3.3468434810638428s, results:
{'t': 244, 'current_accuracy': 0.8671875, 'current_loss': 0.6143503785133362, 'train_loss': None, 'decision': 0, 'drift_rate': 0.0, 'target_domains': ['cartoon']}
0.0 []
Loss historical diff: 0.4431191459298134; Loss Difference: 0.0, Decision: 0
Round 246 took 3.7551262378692627s, results:
{'t': 245, 'current_accuracy': 0.8671875, 'current_loss': 0.6143506467342377, 'train_loss': None, 'decision': 0, 'drift_rate': 0.0, 'target_domains': ['cartoon']}
0.0 []
Loss historical diff: 0.4431191459298134; Loss Difference: 0.0, Decision: 1
Average loss over 5 updates: 0.0076
Round 247 took 5.78212308883667s, results:
{'t': 246, 'current_accuracy': 0.8671875, 'current_loss': 0.6143506467342377, 'train_loss': 0.007597422599792481, 'decision': 1, 'drift_rate': 0.0, 'target_domains': ['cartoon']}
0.0 []
Loss historical diff: 0.45928802341222763; Loss Difference: 0.0, Decision: 1
Average loss over 5 updates: 0.0088
Round 248 took 6.307806015014648s, results:
{'t': 247, 'current_accuracy': 0.86328125, 'current_loss': 0.6305195242166519, 'train_loss': 0.008816659543663263, 'decision': 1, 'drift_rate': 0.0, 'target_domains': ['cartoon']}
0.0 []
Loss historical diff: 0.461238332092762; Loss Difference: 0.0, Decision: 1
Average loss over 5 updates: 0.0086
Round 249 took 6.137034177780151s, results:
{'t': 248, 'current_accuracy': 0.8671875, 'current_loss': 0.6324698328971863, 'train_loss': 0.008578360546380281, 'decision': 1, 'drift_rate': 0.0, 'target_domains': ['cartoon']}
0.0 []
Loss historical diff: 0.46763456612825394; Loss Difference: 0.0, Decision: 1
Average loss over 5 updates: 0.0078
Round 250 took 6.019490003585815s, results:
{'t': 249, 'current_accuracy': 0.87109375, 'current_loss': 0.6388660669326782, 'train_loss': 0.007848319690674543, 'decision': 1, 'drift_rate': 0.0, 'target_domains': ['cartoon']}
Average time per round: 4.900157834053039
Total time: 1225.03945851326
