Using the latest cached version of the dataset since flwrlabs/pacs couldn't be found on the Hugging Face Hub
Found the latest cached dataset configuration 'default' at /home/apiasecz/.cache/huggingface/datasets/flwrlabs___pacs/default/0.0.0/394113073258ead631f617d2e13bb377c0715c4b (last modified on Wed Jan 29 16:59:35 2025).
Using the latest cached version of the dataset since flwrlabs/pacs couldn't be found on the Hugging Face Hub
Found the latest cached dataset configuration 'default' at /home/apiasecz/.cache/huggingface/datasets/flwrlabs___pacs/default/0.0.0/394113073258ead631f617d2e13bb377c0715c4b (last modified on Wed Jan 29 16:59:35 2025).
Using the latest cached version of the dataset since flwrlabs/pacs couldn't be found on the Hugging Face Hub
Found the latest cached dataset configuration 'default' at /home/apiasecz/.cache/huggingface/datasets/flwrlabs___pacs/default/0.0.0/394113073258ead631f617d2e13bb377c0715c4b (last modified on Wed Jan 29 16:59:35 2025).
Device: cuda
CUDA Version: 12.1
cuDNN Version: 8902
PyTorch Version: 2.3.0

Model used: PACSCNN_1
Initial dataset creation
Initial dataset creation
Initial loss: 0.7115486264228821
<__main__.Policy object at 0x1550225daf90>
0.7115486264228821
Round 1 took 0.1574556827545166s, results:
{'t': 0, 'current_accuracy': 0.7734375, 'current_loss': 0.6439553201198578, 'train_loss': None, 'decision': 0, 'drift_rate': 0.0, 'target_domains': ['photo']}
Round 2 took 0.1284956932067871s, results:
{'t': 1, 'current_accuracy': 0.7734375, 'current_loss': 0.6439552903175354, 'train_loss': None, 'decision': 0, 'drift_rate': 0.0, 'target_domains': ['photo']}
Round 3 took 0.12801313400268555s, results:
{'t': 2, 'current_accuracy': 0.7734375, 'current_loss': 0.6439553499221802, 'train_loss': None, 'decision': 0, 'drift_rate': 0.0, 'target_domains': ['photo']}
Round 4 took 0.1276988983154297s, results:
{'t': 3, 'current_accuracy': 0.7734375, 'current_loss': 0.6439553201198578, 'train_loss': None, 'decision': 0, 'drift_rate': 0.0, 'target_domains': ['photo']}
Round 5 took 0.12754011154174805s, results:
{'t': 4, 'current_accuracy': 0.7734375, 'current_loss': 0.6439552903175354, 'train_loss': None, 'decision': 0, 'drift_rate': 0.0, 'target_domains': ['photo']}
Round 6 took 0.12756133079528809s, results:
{'t': 5, 'current_accuracy': 0.7734375, 'current_loss': 0.643955260515213, 'train_loss': None, 'decision': 0, 'drift_rate': 0.0, 'target_domains': ['photo']}
Round 7 took 0.12743902206420898s, results:
{'t': 6, 'current_accuracy': 0.7734375, 'current_loss': 0.6439552009105682, 'train_loss': None, 'decision': 0, 'drift_rate': 0.0, 'target_domains': ['photo']}
Round 8 took 0.12717032432556152s, results:
{'t': 7, 'current_accuracy': 0.7734375, 'current_loss': 0.6439553499221802, 'train_loss': None, 'decision': 0, 'drift_rate': 0.0, 'target_domains': ['photo']}
Round 9 took 0.13153076171875s, results:
{'t': 8, 'current_accuracy': 0.7734375, 'current_loss': 0.6439553797245026, 'train_loss': None, 'decision': 0, 'drift_rate': 0.0, 'target_domains': ['photo']}
Round 10 took 0.12725543975830078s, results:
{'t': 9, 'current_accuracy': 0.7734375, 'current_loss': 0.6439553201198578, 'train_loss': None, 'decision': 0, 'drift_rate': 0.0, 'target_domains': ['photo']}
Round 11 took 0.12719011306762695s, results:
{'t': 10, 'current_accuracy': 0.7734375, 'current_loss': 0.6439552903175354, 'train_loss': None, 'decision': 0, 'drift_rate': 0.0, 'target_domains': ['photo']}
Round 12 took 0.12721705436706543s, results:
{'t': 11, 'current_accuracy': 0.7734375, 'current_loss': 0.6439553201198578, 'train_loss': None, 'decision': 0, 'drift_rate': 0.0, 'target_domains': ['photo']}
Round 13 took 0.12730717658996582s, results:
{'t': 12, 'current_accuracy': 0.7734375, 'current_loss': 0.6439553797245026, 'train_loss': None, 'decision': 0, 'drift_rate': 0.0, 'target_domains': ['photo']}
Round 14 took 0.12717056274414062s, results:
{'t': 13, 'current_accuracy': 0.7734375, 'current_loss': 0.6439553201198578, 'train_loss': None, 'decision': 0, 'drift_rate': 0.0, 'target_domains': ['photo']}
Round 15 took 0.12715673446655273s, results:
{'t': 14, 'current_accuracy': 0.7734375, 'current_loss': 0.643955260515213, 'train_loss': None, 'decision': 0, 'drift_rate': 0.0, 'target_domains': ['photo']}
Round 16 took 0.1272594928741455s, results:
{'t': 15, 'current_accuracy': 0.7734375, 'current_loss': 0.6439553201198578, 'train_loss': None, 'decision': 0, 'drift_rate': 0.0, 'target_domains': ['photo']}
Round 17 took 0.1273331642150879s, results:
{'t': 16, 'current_accuracy': 0.7734375, 'current_loss': 0.643955260515213, 'train_loss': None, 'decision': 0, 'drift_rate': 0.0, 'target_domains': ['photo']}
Round 18 took 0.12734627723693848s, results:
{'t': 17, 'current_accuracy': 0.7734375, 'current_loss': 0.6439552903175354, 'train_loss': None, 'decision': 0, 'drift_rate': 0.0, 'target_domains': ['photo']}
Round 19 took 0.1272580623626709s, results:
{'t': 18, 'current_accuracy': 0.7734375, 'current_loss': 0.6439553499221802, 'train_loss': None, 'decision': 0, 'drift_rate': 0.0, 'target_domains': ['photo']}
Round 20 took 0.12730097770690918s, results:
{'t': 19, 'current_accuracy': 0.7734375, 'current_loss': 0.6439552903175354, 'train_loss': None, 'decision': 0, 'drift_rate': 0.0, 'target_domains': ['photo']}
Round 21 took 0.12721610069274902s, results:
{'t': 20, 'current_accuracy': 0.7734375, 'current_loss': 0.6439552903175354, 'train_loss': None, 'decision': 0, 'drift_rate': 0.0, 'target_domains': ['photo']}
Round 22 took 0.12730836868286133s, results:
{'t': 21, 'current_accuracy': 0.7734375, 'current_loss': 0.6439553499221802, 'train_loss': None, 'decision': 0, 'drift_rate': 0.0, 'target_domains': ['photo']}
Round 23 took 0.12740039825439453s, results:
{'t': 22, 'current_accuracy': 0.7734375, 'current_loss': 0.6439553201198578, 'train_loss': None, 'decision': 0, 'drift_rate': 0.0, 'target_domains': ['photo']}
Round 24 took 0.13130974769592285s, results:
{'t': 23, 'current_accuracy': 0.7734375, 'current_loss': 0.6439552307128906, 'train_loss': None, 'decision': 0, 'drift_rate': 0.0, 'target_domains': ['photo']}
Round 25 took 0.12727594375610352s, results:
{'t': 24, 'current_accuracy': 0.7734375, 'current_loss': 0.6439553201198578, 'train_loss': None, 'decision': 0, 'drift_rate': 0.0, 'target_domains': ['photo']}
Round 26 took 0.12735509872436523s, results:
{'t': 25, 'current_accuracy': 0.7734375, 'current_loss': 0.643955260515213, 'train_loss': None, 'decision': 0, 'drift_rate': 0.0, 'target_domains': ['photo']}
Round 27 took 0.12758517265319824s, results:
{'t': 26, 'current_accuracy': 0.7734375, 'current_loss': 0.6439553499221802, 'train_loss': None, 'decision': 0, 'drift_rate': 0.0, 'target_domains': ['photo']}
Round 28 took 0.12748503684997559s, results:
{'t': 27, 'current_accuracy': 0.7734375, 'current_loss': 0.6439553499221802, 'train_loss': None, 'decision': 0, 'drift_rate': 0.0, 'target_domains': ['photo']}
Round 29 took 0.12748479843139648s, results:
{'t': 28, 'current_accuracy': 0.7734375, 'current_loss': 0.643955260515213, 'train_loss': None, 'decision': 0, 'drift_rate': 0.0, 'target_domains': ['photo']}
Round 30 took 0.12726116180419922s, results:
{'t': 29, 'current_accuracy': 0.7734375, 'current_loss': 0.6439552903175354, 'train_loss': None, 'decision': 0, 'drift_rate': 0.0, 'target_domains': ['photo']}
Round 31 took 0.12735652923583984s, results:
{'t': 30, 'current_accuracy': 0.7734375, 'current_loss': 0.6439552307128906, 'train_loss': None, 'decision': 0, 'drift_rate': 0.0, 'target_domains': ['photo']}
Round 32 took 0.12724661827087402s, results:
{'t': 31, 'current_accuracy': 0.7734375, 'current_loss': 0.6439552903175354, 'train_loss': None, 'decision': 0, 'drift_rate': 0.0, 'target_domains': ['photo']}
Round 33 took 0.12748098373413086s, results:
{'t': 32, 'current_accuracy': 0.7734375, 'current_loss': 0.6439552903175354, 'train_loss': None, 'decision': 0, 'drift_rate': 0.0, 'target_domains': ['photo']}
Round 34 took 0.12770533561706543s, results:
{'t': 33, 'current_accuracy': 0.7734375, 'current_loss': 0.6439553201198578, 'train_loss': None, 'decision': 0, 'drift_rate': 0.0, 'target_domains': ['photo']}
Round 35 took 0.12774395942687988s, results:
{'t': 34, 'current_accuracy': 0.7734375, 'current_loss': 0.6439552307128906, 'train_loss': None, 'decision': 0, 'drift_rate': 0.0, 'target_domains': ['photo']}
Round 36 took 0.12747979164123535s, results:
{'t': 35, 'current_accuracy': 0.7734375, 'current_loss': 0.6439553797245026, 'train_loss': None, 'decision': 0, 'drift_rate': 0.0, 'target_domains': ['photo']}
Round 37 took 0.1277179718017578s, results:
{'t': 36, 'current_accuracy': 0.7734375, 'current_loss': 0.6439553201198578, 'train_loss': None, 'decision': 0, 'drift_rate': 0.0, 'target_domains': ['photo']}
Round 38 took 0.12833476066589355s, results:
{'t': 37, 'current_accuracy': 0.7734375, 'current_loss': 0.6439553201198578, 'train_loss': None, 'decision': 0, 'drift_rate': 0.0, 'target_domains': ['photo']}
Round 39 took 0.13168025016784668s, results:
{'t': 38, 'current_accuracy': 0.7734375, 'current_loss': 0.6439552307128906, 'train_loss': None, 'decision': 0, 'drift_rate': 0.0, 'target_domains': ['photo']}
Round 40 took 0.12797880172729492s, results:
{'t': 39, 'current_accuracy': 0.7734375, 'current_loss': 0.643955260515213, 'train_loss': None, 'decision': 0, 'drift_rate': 0.0, 'target_domains': ['photo']}
Round 41 took 0.12789535522460938s, results:
{'t': 40, 'current_accuracy': 0.7734375, 'current_loss': 0.6439552903175354, 'train_loss': None, 'decision': 0, 'drift_rate': 0.0, 'target_domains': ['photo']}
Round 42 took 0.12776994705200195s, results:
{'t': 41, 'current_accuracy': 0.7734375, 'current_loss': 0.6439553201198578, 'train_loss': None, 'decision': 0, 'drift_rate': 0.0, 'target_domains': ['photo']}
Round 43 took 0.12784457206726074s, results:
{'t': 42, 'current_accuracy': 0.7734375, 'current_loss': 0.6439552903175354, 'train_loss': None, 'decision': 0, 'drift_rate': 0.0, 'target_domains': ['photo']}
Round 44 took 0.12784838676452637s, results:
{'t': 43, 'current_accuracy': 0.7734375, 'current_loss': 0.6439553499221802, 'train_loss': None, 'decision': 0, 'drift_rate': 0.0, 'target_domains': ['photo']}
Round 45 took 0.1279447078704834s, results:
{'t': 44, 'current_accuracy': 0.7734375, 'current_loss': 0.6439553499221802, 'train_loss': None, 'decision': 0, 'drift_rate': 0.0, 'target_domains': ['photo']}
Round 46 took 0.12792730331420898s, results:
{'t': 45, 'current_accuracy': 0.7734375, 'current_loss': 0.6439553499221802, 'train_loss': None, 'decision': 0, 'drift_rate': 0.0, 'target_domains': ['photo']}
Round 47 took 0.1279308795928955s, results:
{'t': 46, 'current_accuracy': 0.7734375, 'current_loss': 0.6439552307128906, 'train_loss': None, 'decision': 0, 'drift_rate': 0.0, 'target_domains': ['photo']}
Round 48 took 0.12771964073181152s, results:
{'t': 47, 'current_accuracy': 0.7734375, 'current_loss': 0.6439553797245026, 'train_loss': None, 'decision': 0, 'drift_rate': 0.0, 'target_domains': ['photo']}
Round 49 took 0.1278378963470459s, results:
{'t': 48, 'current_accuracy': 0.7734375, 'current_loss': 0.6439552903175354, 'train_loss': None, 'decision': 0, 'drift_rate': 0.0, 'target_domains': ['photo']}
Round 50 took 0.12791204452514648s, results:
{'t': 49, 'current_accuracy': 0.7734375, 'current_loss': 0.6439552903175354, 'train_loss': None, 'decision': 0, 'drift_rate': 0.0, 'target_domains': ['photo']}
Round 51 took 0.12789535522460938s, results:
{'t': 50, 'current_accuracy': 0.7734375, 'current_loss': 0.6439553499221802, 'train_loss': None, 'decision': 0, 'drift_rate': 0.0, 'target_domains': ['photo']}
Round 52 took 0.1279921531677246s, results:
{'t': 51, 'current_accuracy': 0.7734375, 'current_loss': 0.6439552903175354, 'train_loss': None, 'decision': 0, 'drift_rate': 0.0, 'target_domains': ['photo']}
Round 53 took 0.12786507606506348s, results:
{'t': 52, 'current_accuracy': 0.7734375, 'current_loss': 0.6439553499221802, 'train_loss': None, 'decision': 0, 'drift_rate': 0.0, 'target_domains': ['photo']}
Round 54 took 0.13015508651733398s, results:
{'t': 53, 'current_accuracy': 0.7734375, 'current_loss': 0.6439553201198578, 'train_loss': None, 'decision': 0, 'drift_rate': 0.0, 'target_domains': ['photo']}
Round 55 took 0.12776803970336914s, results:
{'t': 54, 'current_accuracy': 0.7734375, 'current_loss': 0.6439553201198578, 'train_loss': None, 'decision': 0, 'drift_rate': 0.0, 'target_domains': ['photo']}
Average loss over 5 updates: 1.4100
Round 56 took 0.4277002811431885s, results:
{'t': 55, 'current_accuracy': 0.55859375, 'current_loss': 1.485557734966278, 'train_loss': 1.4100088119506835, 'decision': 1, 'drift_rate': 0.4, 'target_domains': ['sketch']}
Average loss over 5 updates: 1.7315
Round 57 took 0.30422091484069824s, results:
{'t': 56, 'current_accuracy': 0.35546875, 'current_loss': 1.7979406118392944, 'train_loss': 1.7314897060394288, 'decision': 1, 'drift_rate': 0.4, 'target_domains': ['sketch']}
Average loss over 5 updates: 1.6021
Round 58 took 0.29901790618896484s, results:
{'t': 57, 'current_accuracy': 0.40234375, 'current_loss': 1.6076687574386597, 'train_loss': 1.6020580291748048, 'decision': 1, 'drift_rate': 0.4, 'target_domains': ['sketch']}
Average loss over 5 updates: 1.5258
Round 59 took 0.29500389099121094s, results:
{'t': 58, 'current_accuracy': 0.359375, 'current_loss': 1.5424838066101074, 'train_loss': 1.5258167266845704, 'decision': 1, 'drift_rate': 0.4, 'target_domains': ['sketch']}
Average loss over 5 updates: 1.5402
Round 60 took 0.29327821731567383s, results:
{'t': 59, 'current_accuracy': 0.38671875, 'current_loss': 1.5084474682807922, 'train_loss': 1.540239119529724, 'decision': 1, 'drift_rate': 0.4, 'target_domains': ['sketch']}
Round 61 took 0.12801146507263184s, results:
{'t': 60, 'current_accuracy': 0.4453125, 'current_loss': 1.4820408821105957, 'train_loss': None, 'decision': 0, 'drift_rate': 0.0, 'target_domains': ['sketch']}
Round 62 took 0.12993073463439941s, results:
{'t': 61, 'current_accuracy': 0.4453125, 'current_loss': 1.482040822505951, 'train_loss': None, 'decision': 0, 'drift_rate': 0.0, 'target_domains': ['sketch']}
Round 63 took 0.12793517112731934s, results:
{'t': 62, 'current_accuracy': 0.4453125, 'current_loss': 1.4820411205291748, 'train_loss': None, 'decision': 0, 'drift_rate': 0.0, 'target_domains': ['sketch']}
Round 64 took 0.12749338150024414s, results:
{'t': 63, 'current_accuracy': 0.4453125, 'current_loss': 1.4820409417152405, 'train_loss': None, 'decision': 0, 'drift_rate': 0.0, 'target_domains': ['sketch']}
Round 65 took 0.12769293785095215s, results:
{'t': 64, 'current_accuracy': 0.4453125, 'current_loss': 1.4820410013198853, 'train_loss': None, 'decision': 0, 'drift_rate': 0.0, 'target_domains': ['sketch']}
Round 66 took 0.12771868705749512s, results:
{'t': 65, 'current_accuracy': 0.4453125, 'current_loss': 1.4820408821105957, 'train_loss': None, 'decision': 0, 'drift_rate': 0.0, 'target_domains': ['sketch']}
Round 67 took 0.12764406204223633s, results:
{'t': 66, 'current_accuracy': 0.4453125, 'current_loss': 1.482040822505951, 'train_loss': None, 'decision': 0, 'drift_rate': 0.0, 'target_domains': ['sketch']}
Round 68 took 0.12764191627502441s, results:
{'t': 67, 'current_accuracy': 0.4453125, 'current_loss': 1.482040822505951, 'train_loss': None, 'decision': 0, 'drift_rate': 0.0, 'target_domains': ['sketch']}
Average loss over 5 updates: 1.4458
Round 69 took 0.29255127906799316s, results:
{'t': 68, 'current_accuracy': 0.4453125, 'current_loss': 1.482040822505951, 'train_loss': 1.4458086252212525, 'decision': 1, 'drift_rate': 0.0, 'target_domains': ['sketch']}
Round 70 took 0.1280505657196045s, results:
{'t': 69, 'current_accuracy': 0.3671875, 'current_loss': 1.4915711283683777, 'train_loss': None, 'decision': 0, 'drift_rate': 0.0, 'target_domains': ['sketch']}
Round 71 took 0.12784171104431152s, results:
{'t': 70, 'current_accuracy': 0.3671875, 'current_loss': 1.4915711879730225, 'train_loss': None, 'decision': 0, 'drift_rate': 0.0, 'target_domains': ['sketch']}
Round 72 took 0.12783169746398926s, results:
{'t': 71, 'current_accuracy': 0.3671875, 'current_loss': 1.491571068763733, 'train_loss': None, 'decision': 0, 'drift_rate': 0.0, 'target_domains': ['sketch']}
Round 73 took 0.1275343894958496s, results:
{'t': 72, 'current_accuracy': 0.3671875, 'current_loss': 1.4915711283683777, 'train_loss': None, 'decision': 0, 'drift_rate': 0.0, 'target_domains': ['sketch']}
Round 74 took 0.12758731842041016s, results:
{'t': 73, 'current_accuracy': 0.3671875, 'current_loss': 1.4915711879730225, 'train_loss': None, 'decision': 0, 'drift_rate': 0.0, 'target_domains': ['sketch']}
Round 75 took 0.1277177333831787s, results:
{'t': 74, 'current_accuracy': 0.3671875, 'current_loss': 1.4915709495544434, 'train_loss': None, 'decision': 0, 'drift_rate': 0.0, 'target_domains': ['sketch']}
Round 76 took 0.13150691986083984s, results:
{'t': 75, 'current_accuracy': 0.3671875, 'current_loss': 1.4915711283683777, 'train_loss': None, 'decision': 0, 'drift_rate': 0.0, 'target_domains': ['sketch']}
Round 77 took 0.12765789031982422s, results:
{'t': 76, 'current_accuracy': 0.3671875, 'current_loss': 1.4915711283683777, 'train_loss': None, 'decision': 0, 'drift_rate': 0.0, 'target_domains': ['sketch']}
Average loss over 5 updates: 1.4587
Round 78 took 0.29202699661254883s, results:
{'t': 77, 'current_accuracy': 0.3671875, 'current_loss': 1.4915711879730225, 'train_loss': 1.4586848497390748, 'decision': 1, 'drift_rate': 0.0, 'target_domains': ['sketch']}
Round 79 took 0.12786364555358887s, results:
{'t': 78, 'current_accuracy': 0.4453125, 'current_loss': 1.4480326771736145, 'train_loss': None, 'decision': 0, 'drift_rate': 0.0, 'target_domains': ['sketch']}
Round 80 took 0.12782812118530273s, results:
{'t': 79, 'current_accuracy': 0.4453125, 'current_loss': 1.4480326175689697, 'train_loss': None, 'decision': 0, 'drift_rate': 0.0, 'target_domains': ['sketch']}
Round 81 took 0.127882719039917s, results:
{'t': 80, 'current_accuracy': 0.4453125, 'current_loss': 1.4480328559875488, 'train_loss': None, 'decision': 0, 'drift_rate': 0.0, 'target_domains': ['sketch']}
Round 82 took 0.12771391868591309s, results:
{'t': 81, 'current_accuracy': 0.4453125, 'current_loss': 1.448032796382904, 'train_loss': None, 'decision': 0, 'drift_rate': 0.0, 'target_domains': ['sketch']}
Round 83 took 0.12775397300720215s, results:
{'t': 82, 'current_accuracy': 0.4453125, 'current_loss': 1.448032796382904, 'train_loss': None, 'decision': 0, 'drift_rate': 0.0, 'target_domains': ['sketch']}
Round 84 took 0.12780547142028809s, results:
{'t': 83, 'current_accuracy': 0.4453125, 'current_loss': 1.4480327367782593, 'train_loss': None, 'decision': 0, 'drift_rate': 0.0, 'target_domains': ['sketch']}
Round 85 took 0.1277623176574707s, results:
{'t': 84, 'current_accuracy': 0.4453125, 'current_loss': 1.4480327367782593, 'train_loss': None, 'decision': 0, 'drift_rate': 0.0, 'target_domains': ['sketch']}
Round 86 took 0.12778306007385254s, results:
{'t': 85, 'current_accuracy': 0.4453125, 'current_loss': 1.4480328559875488, 'train_loss': None, 'decision': 0, 'drift_rate': 0.0, 'target_domains': ['sketch']}
Round 87 took 0.12778329849243164s, results:
{'t': 86, 'current_accuracy': 0.4453125, 'current_loss': 1.4480327367782593, 'train_loss': None, 'decision': 0, 'drift_rate': 0.0, 'target_domains': ['sketch']}
Round 88 took 0.12769746780395508s, results:
{'t': 87, 'current_accuracy': 0.4453125, 'current_loss': 1.4480327367782593, 'train_loss': None, 'decision': 0, 'drift_rate': 0.0, 'target_domains': ['sketch']}
Round 89 took 0.1275928020477295s, results:
{'t': 88, 'current_accuracy': 0.4453125, 'current_loss': 1.4480326771736145, 'train_loss': None, 'decision': 0, 'drift_rate': 0.0, 'target_domains': ['sketch']}
Average loss over 5 updates: 1.5075
Round 90 took 0.2958545684814453s, results:
{'t': 89, 'current_accuracy': 0.4453125, 'current_loss': 1.4480326771736145, 'train_loss': 1.5074620723724366, 'decision': 1, 'drift_rate': 0.0, 'target_domains': ['sketch']}
Round 91 took 0.12784075736999512s, results:
{'t': 90, 'current_accuracy': 0.42578125, 'current_loss': 1.4521061182022095, 'train_loss': None, 'decision': 0, 'drift_rate': 0.0, 'target_domains': ['sketch']}
Round 92 took 0.12796282768249512s, results:
{'t': 91, 'current_accuracy': 0.42578125, 'current_loss': 1.4521061182022095, 'train_loss': None, 'decision': 0, 'drift_rate': 0.0, 'target_domains': ['sketch']}
Round 93 took 0.12763452529907227s, results:
{'t': 92, 'current_accuracy': 0.42578125, 'current_loss': 1.45210599899292, 'train_loss': None, 'decision': 0, 'drift_rate': 0.0, 'target_domains': ['sketch']}
Round 94 took 0.1277933120727539s, results:
{'t': 93, 'current_accuracy': 0.42578125, 'current_loss': 1.4521059393882751, 'train_loss': None, 'decision': 0, 'drift_rate': 0.0, 'target_domains': ['sketch']}
Round 95 took 0.12768769264221191s, results:
{'t': 94, 'current_accuracy': 0.42578125, 'current_loss': 1.4521060585975647, 'train_loss': None, 'decision': 0, 'drift_rate': 0.0, 'target_domains': ['sketch']}
Round 96 took 0.12786388397216797s, results:
{'t': 95, 'current_accuracy': 0.42578125, 'current_loss': 1.4521060585975647, 'train_loss': None, 'decision': 0, 'drift_rate': 0.0, 'target_domains': ['sketch']}
Round 97 took 0.1277446746826172s, results:
{'t': 96, 'current_accuracy': 0.42578125, 'current_loss': 1.4521061182022095, 'train_loss': None, 'decision': 0, 'drift_rate': 0.0, 'target_domains': ['sketch']}
Round 98 took 0.12767529487609863s, results:
{'t': 97, 'current_accuracy': 0.42578125, 'current_loss': 1.4521059393882751, 'train_loss': None, 'decision': 0, 'drift_rate': 0.0, 'target_domains': ['sketch']}
Round 99 took 0.12779021263122559s, results:
{'t': 98, 'current_accuracy': 0.42578125, 'current_loss': 1.4521060585975647, 'train_loss': None, 'decision': 0, 'drift_rate': 0.0, 'target_domains': ['sketch']}
Average loss over 5 updates: 1.4333
Round 100 took 0.2922687530517578s, results:
{'t': 99, 'current_accuracy': 0.42578125, 'current_loss': 1.4521060585975647, 'train_loss': 1.4333486318588258, 'decision': 1, 'drift_rate': 0.0, 'target_domains': ['sketch']}
Round 101 took 0.12796735763549805s, results:
{'t': 100, 'current_accuracy': 0.44140625, 'current_loss': 1.4124203324317932, 'train_loss': None, 'decision': 0, 'drift_rate': 0.0, 'target_domains': ['sketch']}
Round 102 took 0.12771081924438477s, results:
{'t': 101, 'current_accuracy': 0.44140625, 'current_loss': 1.4124202132225037, 'train_loss': None, 'decision': 0, 'drift_rate': 0.0, 'target_domains': ['sketch']}
Round 103 took 0.13197827339172363s, results:
{'t': 102, 'current_accuracy': 0.44140625, 'current_loss': 1.412420392036438, 'train_loss': None, 'decision': 0, 'drift_rate': 0.0, 'target_domains': ['sketch']}
Round 104 took 0.12783575057983398s, results:
{'t': 103, 'current_accuracy': 0.44140625, 'current_loss': 1.4124201536178589, 'train_loss': None, 'decision': 0, 'drift_rate': 0.0, 'target_domains': ['sketch']}
Round 105 took 0.12767982482910156s, results:
{'t': 104, 'current_accuracy': 0.44140625, 'current_loss': 1.4124202132225037, 'train_loss': None, 'decision': 0, 'drift_rate': 0.0, 'target_domains': ['sketch']}
Average loss over 5 updates: 1.8502
Round 106 took 0.30120182037353516s, results:
{'t': 105, 'current_accuracy': 0.375, 'current_loss': 1.898733913898468, 'train_loss': 1.8501574993133545, 'decision': 1, 'drift_rate': 0.4, 'target_domains': ['cartoon']}
Average loss over 5 updates: 1.8015
Round 107 took 0.3027458190917969s, results:
{'t': 106, 'current_accuracy': 0.38671875, 'current_loss': 1.9172968864440918, 'train_loss': 1.801544737815857, 'decision': 1, 'drift_rate': 0.4, 'target_domains': ['cartoon']}
Round 108 took 0.12936854362487793s, results:
{'t': 107, 'current_accuracy': 0.42578125, 'current_loss': 1.7404122948646545, 'train_loss': None, 'decision': 0, 'drift_rate': 0.4, 'target_domains': ['cartoon']}
Round 109 took 0.12825465202331543s, results:
{'t': 108, 'current_accuracy': 0.42578125, 'current_loss': 1.7404122352600098, 'train_loss': None, 'decision': 0, 'drift_rate': 0.4, 'target_domains': ['cartoon']}
Round 110 took 0.1279737949371338s, results:
{'t': 109, 'current_accuracy': 0.42578125, 'current_loss': 1.7404122948646545, 'train_loss': None, 'decision': 0, 'drift_rate': 0.4, 'target_domains': ['cartoon']}
Round 111 took 0.12812399864196777s, results:
{'t': 110, 'current_accuracy': 0.42578125, 'current_loss': 1.740412414073944, 'train_loss': None, 'decision': 0, 'drift_rate': 0.0, 'target_domains': ['cartoon']}
Round 112 took 0.12798476219177246s, results:
{'t': 111, 'current_accuracy': 0.42578125, 'current_loss': 1.740412414073944, 'train_loss': None, 'decision': 0, 'drift_rate': 0.0, 'target_domains': ['cartoon']}
Round 113 took 0.12796854972839355s, results:
{'t': 112, 'current_accuracy': 0.42578125, 'current_loss': 1.740412414073944, 'train_loss': None, 'decision': 0, 'drift_rate': 0.0, 'target_domains': ['cartoon']}
Round 114 took 0.12804555892944336s, results:
{'t': 113, 'current_accuracy': 0.42578125, 'current_loss': 1.7404124736785889, 'train_loss': None, 'decision': 0, 'drift_rate': 0.0, 'target_domains': ['cartoon']}
Round 115 took 0.12791013717651367s, results:
{'t': 114, 'current_accuracy': 0.42578125, 'current_loss': 1.7404122352600098, 'train_loss': None, 'decision': 0, 'drift_rate': 0.0, 'target_domains': ['cartoon']}
Average loss over 5 updates: 1.6377
Round 116 took 0.3021228313446045s, results:
{'t': 115, 'current_accuracy': 0.42578125, 'current_loss': 1.740412414073944, 'train_loss': 1.6376604557037353, 'decision': 1, 'drift_rate': 0.0, 'target_domains': ['cartoon']}
Round 117 took 0.12848687171936035s, results:
{'t': 116, 'current_accuracy': 0.50390625, 'current_loss': 1.5416668057441711, 'train_loss': None, 'decision': 0, 'drift_rate': 0.0, 'target_domains': ['cartoon']}
Round 118 took 0.12790846824645996s, results:
{'t': 117, 'current_accuracy': 0.50390625, 'current_loss': 1.541666865348816, 'train_loss': None, 'decision': 0, 'drift_rate': 0.0, 'target_domains': ['cartoon']}
Round 119 took 0.12802839279174805s, results:
{'t': 118, 'current_accuracy': 0.50390625, 'current_loss': 1.5416668057441711, 'train_loss': None, 'decision': 0, 'drift_rate': 0.0, 'target_domains': ['cartoon']}
Round 120 took 0.12787222862243652s, results:
{'t': 119, 'current_accuracy': 0.50390625, 'current_loss': 1.541666865348816, 'train_loss': None, 'decision': 0, 'drift_rate': 0.0, 'target_domains': ['cartoon']}
Round 121 took 0.1280224323272705s, results:
{'t': 120, 'current_accuracy': 0.50390625, 'current_loss': 1.5416668057441711, 'train_loss': None, 'decision': 0, 'drift_rate': 0.0, 'target_domains': ['cartoon']}
Round 122 took 0.12790942192077637s, results:
{'t': 121, 'current_accuracy': 0.50390625, 'current_loss': 1.5416668057441711, 'train_loss': None, 'decision': 0, 'drift_rate': 0.0, 'target_domains': ['cartoon']}
Round 123 took 0.1278994083404541s, results:
{'t': 122, 'current_accuracy': 0.50390625, 'current_loss': 1.5416668057441711, 'train_loss': None, 'decision': 0, 'drift_rate': 0.0, 'target_domains': ['cartoon']}
Round 124 took 0.12796568870544434s, results:
{'t': 123, 'current_accuracy': 0.50390625, 'current_loss': 1.5416668057441711, 'train_loss': None, 'decision': 0, 'drift_rate': 0.0, 'target_domains': ['cartoon']}
Round 125 took 0.12800097465515137s, results:
{'t': 124, 'current_accuracy': 0.50390625, 'current_loss': 1.5416667461395264, 'train_loss': None, 'decision': 0, 'drift_rate': 0.0, 'target_domains': ['cartoon']}
Round 126 took 0.12797284126281738s, results:
{'t': 125, 'current_accuracy': 0.50390625, 'current_loss': 1.5416666865348816, 'train_loss': None, 'decision': 0, 'drift_rate': 0.0, 'target_domains': ['cartoon']}
Round 127 took 0.1278698444366455s, results:
{'t': 126, 'current_accuracy': 0.50390625, 'current_loss': 1.541666865348816, 'train_loss': None, 'decision': 0, 'drift_rate': 0.0, 'target_domains': ['cartoon']}
Round 128 took 0.12784242630004883s, results:
{'t': 127, 'current_accuracy': 0.50390625, 'current_loss': 1.5416666269302368, 'train_loss': None, 'decision': 0, 'drift_rate': 0.0, 'target_domains': ['cartoon']}
Round 129 took 0.12794971466064453s, results:
{'t': 128, 'current_accuracy': 0.50390625, 'current_loss': 1.5416667461395264, 'train_loss': None, 'decision': 0, 'drift_rate': 0.0, 'target_domains': ['cartoon']}
Round 130 took 0.13103890419006348s, results:
{'t': 129, 'current_accuracy': 0.50390625, 'current_loss': 1.5416668057441711, 'train_loss': None, 'decision': 0, 'drift_rate': 0.0, 'target_domains': ['cartoon']}
Round 131 took 0.12776517868041992s, results:
{'t': 130, 'current_accuracy': 0.50390625, 'current_loss': 1.5416666865348816, 'train_loss': None, 'decision': 0, 'drift_rate': 0.0, 'target_domains': ['cartoon']}
Round 132 took 0.12779474258422852s, results:
{'t': 131, 'current_accuracy': 0.50390625, 'current_loss': 1.5416666269302368, 'train_loss': None, 'decision': 0, 'drift_rate': 0.0, 'target_domains': ['cartoon']}
Round 133 took 0.12802553176879883s, results:
{'t': 132, 'current_accuracy': 0.50390625, 'current_loss': 1.5416668057441711, 'train_loss': None, 'decision': 0, 'drift_rate': 0.0, 'target_domains': ['cartoon']}
Round 134 took 0.12790298461914062s, results:
{'t': 133, 'current_accuracy': 0.50390625, 'current_loss': 1.5416668057441711, 'train_loss': None, 'decision': 0, 'drift_rate': 0.0, 'target_domains': ['cartoon']}
Round 135 took 0.1278543472290039s, results:
{'t': 134, 'current_accuracy': 0.50390625, 'current_loss': 1.5416669249534607, 'train_loss': None, 'decision': 0, 'drift_rate': 0.0, 'target_domains': ['cartoon']}
Average loss over 5 updates: 1.5122
Round 136 took 0.2943298816680908s, results:
{'t': 135, 'current_accuracy': 0.50390625, 'current_loss': 1.5416668057441711, 'train_loss': 1.512187695503235, 'decision': 1, 'drift_rate': 0.0, 'target_domains': ['cartoon']}
Round 137 took 0.1280961036682129s, results:
{'t': 136, 'current_accuracy': 0.42578125, 'current_loss': 1.500912845134735, 'train_loss': None, 'decision': 0, 'drift_rate': 0.0, 'target_domains': ['cartoon']}
Round 138 took 0.1277172565460205s, results:
{'t': 137, 'current_accuracy': 0.42578125, 'current_loss': 1.5009127259254456, 'train_loss': None, 'decision': 0, 'drift_rate': 0.0, 'target_domains': ['cartoon']}
Round 139 took 0.12779498100280762s, results:
{'t': 138, 'current_accuracy': 0.42578125, 'current_loss': 1.5009127855300903, 'train_loss': None, 'decision': 0, 'drift_rate': 0.0, 'target_domains': ['cartoon']}
Round 140 took 0.12792158126831055s, results:
{'t': 139, 'current_accuracy': 0.42578125, 'current_loss': 1.5009127259254456, 'train_loss': None, 'decision': 0, 'drift_rate': 0.0, 'target_domains': ['cartoon']}
Round 141 took 0.1277940273284912s, results:
{'t': 140, 'current_accuracy': 0.42578125, 'current_loss': 1.5009125471115112, 'train_loss': None, 'decision': 0, 'drift_rate': 0.0, 'target_domains': ['cartoon']}
Round 142 took 0.12774014472961426s, results:
{'t': 141, 'current_accuracy': 0.42578125, 'current_loss': 1.500912845134735, 'train_loss': None, 'decision': 0, 'drift_rate': 0.0, 'target_domains': ['cartoon']}
Round 143 took 0.1277909278869629s, results:
{'t': 142, 'current_accuracy': 0.42578125, 'current_loss': 1.5009127855300903, 'train_loss': None, 'decision': 0, 'drift_rate': 0.0, 'target_domains': ['cartoon']}
Round 144 took 0.1323399543762207s, results:
{'t': 143, 'current_accuracy': 0.42578125, 'current_loss': 1.5009127855300903, 'train_loss': None, 'decision': 0, 'drift_rate': 0.0, 'target_domains': ['cartoon']}
Round 145 took 0.12836575508117676s, results:
{'t': 144, 'current_accuracy': 0.42578125, 'current_loss': 1.500912845134735, 'train_loss': None, 'decision': 0, 'drift_rate': 0.0, 'target_domains': ['cartoon']}
Round 146 took 0.12808609008789062s, results:
{'t': 145, 'current_accuracy': 0.42578125, 'current_loss': 1.5009126663208008, 'train_loss': None, 'decision': 0, 'drift_rate': 0.0, 'target_domains': ['cartoon']}
Round 147 took 0.12812304496765137s, results:
{'t': 146, 'current_accuracy': 0.42578125, 'current_loss': 1.5009126663208008, 'train_loss': None, 'decision': 0, 'drift_rate': 0.0, 'target_domains': ['cartoon']}
Average loss over 5 updates: 1.3856
Round 148 took 0.2956099510192871s, results:
{'t': 147, 'current_accuracy': 0.42578125, 'current_loss': 1.5009129643440247, 'train_loss': 1.3856145143508911, 'decision': 1, 'drift_rate': 0.0, 'target_domains': ['cartoon']}
Round 149 took 0.12840604782104492s, results:
{'t': 148, 'current_accuracy': 0.4921875, 'current_loss': 1.4441057443618774, 'train_loss': None, 'decision': 0, 'drift_rate': 0.0, 'target_domains': ['cartoon']}
Round 150 took 0.12829303741455078s, results:
{'t': 149, 'current_accuracy': 0.4921875, 'current_loss': 1.4441055059432983, 'train_loss': None, 'decision': 0, 'drift_rate': 0.0, 'target_domains': ['cartoon']}
Round 151 took 0.12796306610107422s, results:
{'t': 150, 'current_accuracy': 0.4921875, 'current_loss': 1.444105625152588, 'train_loss': None, 'decision': 0, 'drift_rate': 0.0, 'target_domains': ['cartoon']}
Round 152 took 0.1282649040222168s, results:
{'t': 151, 'current_accuracy': 0.4921875, 'current_loss': 1.444105327129364, 'train_loss': None, 'decision': 0, 'drift_rate': 0.0, 'target_domains': ['cartoon']}
Round 153 took 0.12805581092834473s, results:
{'t': 152, 'current_accuracy': 0.4921875, 'current_loss': 1.4441054463386536, 'train_loss': None, 'decision': 0, 'drift_rate': 0.0, 'target_domains': ['cartoon']}
Round 154 took 0.12821006774902344s, results:
{'t': 153, 'current_accuracy': 0.4921875, 'current_loss': 1.4441055655479431, 'train_loss': None, 'decision': 0, 'drift_rate': 0.0, 'target_domains': ['cartoon']}
Round 155 took 0.12838149070739746s, results:
{'t': 154, 'current_accuracy': 0.4921875, 'current_loss': 1.444105625152588, 'train_loss': None, 'decision': 0, 'drift_rate': 0.0, 'target_domains': ['cartoon']}
Average loss over 5 updates: 1.6474
Round 156 took 0.30487847328186035s, results:
{'t': 155, 'current_accuracy': 0.39453125, 'current_loss': 1.616660714149475, 'train_loss': 1.6474397659301758, 'decision': 1, 'drift_rate': 0.4, 'target_domains': ['art_painting']}
Round 157 took 0.13106012344360352s, results:
{'t': 156, 'current_accuracy': 0.36328125, 'current_loss': 1.67337304353714, 'train_loss': None, 'decision': 0, 'drift_rate': 0.4, 'target_domains': ['art_painting']}
Average loss over 5 updates: 1.8033
Round 158 took 0.30260777473449707s, results:
{'t': 157, 'current_accuracy': 0.31640625, 'current_loss': 1.751564383506775, 'train_loss': 1.8033401727676392, 'decision': 1, 'drift_rate': 0.4, 'target_domains': ['art_painting']}
Round 159 took 0.12878656387329102s, results:
{'t': 158, 'current_accuracy': 0.3984375, 'current_loss': 1.6372912526130676, 'train_loss': None, 'decision': 0, 'drift_rate': 0.4, 'target_domains': ['art_painting']}
Round 160 took 0.12845396995544434s, results:
{'t': 159, 'current_accuracy': 0.3984375, 'current_loss': 1.637291133403778, 'train_loss': None, 'decision': 0, 'drift_rate': 0.4, 'target_domains': ['art_painting']}
Round 161 took 0.12823009490966797s, results:
{'t': 160, 'current_accuracy': 0.3984375, 'current_loss': 1.6372913122177124, 'train_loss': None, 'decision': 0, 'drift_rate': 0.0, 'target_domains': ['art_painting']}
Round 162 took 0.12826156616210938s, results:
{'t': 161, 'current_accuracy': 0.3984375, 'current_loss': 1.637291133403778, 'train_loss': None, 'decision': 0, 'drift_rate': 0.0, 'target_domains': ['art_painting']}
Round 163 took 0.1283426284790039s, results:
{'t': 162, 'current_accuracy': 0.3984375, 'current_loss': 1.6372911930084229, 'train_loss': None, 'decision': 0, 'drift_rate': 0.0, 'target_domains': ['art_painting']}
Round 164 took 0.12843871116638184s, results:
{'t': 163, 'current_accuracy': 0.3984375, 'current_loss': 1.6372910737991333, 'train_loss': None, 'decision': 0, 'drift_rate': 0.0, 'target_domains': ['art_painting']}
Round 165 took 0.12821054458618164s, results:
{'t': 164, 'current_accuracy': 0.3984375, 'current_loss': 1.637291133403778, 'train_loss': None, 'decision': 0, 'drift_rate': 0.0, 'target_domains': ['art_painting']}
Round 166 took 0.12825274467468262s, results:
{'t': 165, 'current_accuracy': 0.3984375, 'current_loss': 1.637291431427002, 'train_loss': None, 'decision': 0, 'drift_rate': 0.0, 'target_domains': ['art_painting']}
Round 167 took 0.12819695472717285s, results:
{'t': 166, 'current_accuracy': 0.3984375, 'current_loss': 1.6372912526130676, 'train_loss': None, 'decision': 0, 'drift_rate': 0.0, 'target_domains': ['art_painting']}
Round 168 took 0.1282634735107422s, results:
{'t': 167, 'current_accuracy': 0.3984375, 'current_loss': 1.637291133403778, 'train_loss': None, 'decision': 0, 'drift_rate': 0.0, 'target_domains': ['art_painting']}
Round 169 took 0.12816572189331055s, results:
{'t': 168, 'current_accuracy': 0.3984375, 'current_loss': 1.6372909545898438, 'train_loss': None, 'decision': 0, 'drift_rate': 0.0, 'target_domains': ['art_painting']}
Round 170 took 0.1281290054321289s, results:
{'t': 169, 'current_accuracy': 0.3984375, 'current_loss': 1.6372911930084229, 'train_loss': None, 'decision': 0, 'drift_rate': 0.0, 'target_domains': ['art_painting']}
Average loss over 5 updates: 1.7050
Round 171 took 0.296616792678833s, results:
{'t': 170, 'current_accuracy': 0.3984375, 'current_loss': 1.637291133403778, 'train_loss': 1.7049574375152587, 'decision': 1, 'drift_rate': 0.0, 'target_domains': ['art_painting']}
Round 172 took 0.12850379943847656s, results:
{'t': 171, 'current_accuracy': 0.39453125, 'current_loss': 1.605640172958374, 'train_loss': None, 'decision': 0, 'drift_rate': 0.0, 'target_domains': ['art_painting']}
Round 173 took 0.13269901275634766s, results:
{'t': 172, 'current_accuracy': 0.39453125, 'current_loss': 1.6056402325630188, 'train_loss': None, 'decision': 0, 'drift_rate': 0.0, 'target_domains': ['art_painting']}
Round 174 took 0.12840962409973145s, results:
{'t': 173, 'current_accuracy': 0.39453125, 'current_loss': 1.6056402921676636, 'train_loss': None, 'decision': 0, 'drift_rate': 0.0, 'target_domains': ['art_painting']}
Round 175 took 0.12837553024291992s, results:
{'t': 174, 'current_accuracy': 0.39453125, 'current_loss': 1.6056402325630188, 'train_loss': None, 'decision': 0, 'drift_rate': 0.0, 'target_domains': ['art_painting']}
Round 176 took 0.12796688079833984s, results:
{'t': 175, 'current_accuracy': 0.39453125, 'current_loss': 1.605640172958374, 'train_loss': None, 'decision': 0, 'drift_rate': 0.0, 'target_domains': ['art_painting']}
Round 177 took 0.12814044952392578s, results:
{'t': 176, 'current_accuracy': 0.39453125, 'current_loss': 1.605640172958374, 'train_loss': None, 'decision': 0, 'drift_rate': 0.0, 'target_domains': ['art_painting']}
Round 178 took 0.12818336486816406s, results:
{'t': 177, 'current_accuracy': 0.39453125, 'current_loss': 1.6056402325630188, 'train_loss': None, 'decision': 0, 'drift_rate': 0.0, 'target_domains': ['art_painting']}
Round 179 took 0.1282196044921875s, results:
{'t': 178, 'current_accuracy': 0.39453125, 'current_loss': 1.605640172958374, 'train_loss': None, 'decision': 0, 'drift_rate': 0.0, 'target_domains': ['art_painting']}
Round 180 took 0.12827348709106445s, results:
{'t': 179, 'current_accuracy': 0.39453125, 'current_loss': 1.6056402325630188, 'train_loss': None, 'decision': 0, 'drift_rate': 0.0, 'target_domains': ['art_painting']}
Round 181 took 0.1280655860900879s, results:
{'t': 180, 'current_accuracy': 0.39453125, 'current_loss': 1.6056402325630188, 'train_loss': None, 'decision': 0, 'drift_rate': 0.0, 'target_domains': ['art_painting']}
Average loss over 5 updates: 1.6574
Round 182 took 0.2968251705169678s, results:
{'t': 181, 'current_accuracy': 0.39453125, 'current_loss': 1.605640172958374, 'train_loss': 1.657410454750061, 'decision': 1, 'drift_rate': 0.0, 'target_domains': ['art_painting']}
Round 183 took 0.12827777862548828s, results:
{'t': 182, 'current_accuracy': 0.44140625, 'current_loss': 1.5827467441558838, 'train_loss': None, 'decision': 0, 'drift_rate': 0.0, 'target_domains': ['art_painting']}
Round 184 took 0.12836050987243652s, results:
{'t': 183, 'current_accuracy': 0.44140625, 'current_loss': 1.5827469229698181, 'train_loss': None, 'decision': 0, 'drift_rate': 0.0, 'target_domains': ['art_painting']}
Round 185 took 0.12833571434020996s, results:
{'t': 184, 'current_accuracy': 0.44140625, 'current_loss': 1.5827468037605286, 'train_loss': None, 'decision': 0, 'drift_rate': 0.0, 'target_domains': ['art_painting']}
Round 186 took 0.12826323509216309s, results:
{'t': 185, 'current_accuracy': 0.44140625, 'current_loss': 1.582746684551239, 'train_loss': None, 'decision': 0, 'drift_rate': 0.0, 'target_domains': ['art_painting']}
Round 187 took 0.1280989646911621s, results:
{'t': 186, 'current_accuracy': 0.44140625, 'current_loss': 1.5827471017837524, 'train_loss': None, 'decision': 0, 'drift_rate': 0.0, 'target_domains': ['art_painting']}
Round 188 took 0.12818217277526855s, results:
{'t': 187, 'current_accuracy': 0.44140625, 'current_loss': 1.5827469229698181, 'train_loss': None, 'decision': 0, 'drift_rate': 0.0, 'target_domains': ['art_painting']}
Round 189 took 0.1282215118408203s, results:
{'t': 188, 'current_accuracy': 0.44140625, 'current_loss': 1.5827468037605286, 'train_loss': None, 'decision': 0, 'drift_rate': 0.0, 'target_domains': ['art_painting']}
Round 190 took 0.12809491157531738s, results:
{'t': 189, 'current_accuracy': 0.44140625, 'current_loss': 1.5827470421791077, 'train_loss': None, 'decision': 0, 'drift_rate': 0.0, 'target_domains': ['art_painting']}
Round 191 took 0.13358068466186523s, results:
{'t': 190, 'current_accuracy': 0.44140625, 'current_loss': 1.5827468633651733, 'train_loss': None, 'decision': 0, 'drift_rate': 0.0, 'target_domains': ['art_painting']}
Round 192 took 0.12822937965393066s, results:
{'t': 191, 'current_accuracy': 0.44140625, 'current_loss': 1.5827468633651733, 'train_loss': None, 'decision': 0, 'drift_rate': 0.0, 'target_domains': ['art_painting']}
Round 193 took 0.12818264961242676s, results:
{'t': 192, 'current_accuracy': 0.44140625, 'current_loss': 1.5827468037605286, 'train_loss': None, 'decision': 0, 'drift_rate': 0.0, 'target_domains': ['art_painting']}
Average loss over 5 updates: 1.6243
Round 194 took 0.297501802444458s, results:
{'t': 193, 'current_accuracy': 0.44140625, 'current_loss': 1.582746982574463, 'train_loss': 1.6242988348007201, 'decision': 1, 'drift_rate': 0.0, 'target_domains': ['art_painting']}
Round 195 took 0.12842464447021484s, results:
{'t': 194, 'current_accuracy': 0.4296875, 'current_loss': 1.5638625025749207, 'train_loss': None, 'decision': 0, 'drift_rate': 0.0, 'target_domains': ['art_painting']}
Round 196 took 0.12839746475219727s, results:
{'t': 195, 'current_accuracy': 0.4296875, 'current_loss': 1.5638624429702759, 'train_loss': None, 'decision': 0, 'drift_rate': 0.0, 'target_domains': ['art_painting']}
Round 197 took 0.12821054458618164s, results:
{'t': 196, 'current_accuracy': 0.4296875, 'current_loss': 1.5638626217842102, 'train_loss': None, 'decision': 0, 'drift_rate': 0.0, 'target_domains': ['art_painting']}
Round 198 took 0.1281569004058838s, results:
{'t': 197, 'current_accuracy': 0.4296875, 'current_loss': 1.5638625025749207, 'train_loss': None, 'decision': 0, 'drift_rate': 0.0, 'target_domains': ['art_painting']}
Round 199 took 0.12822222709655762s, results:
{'t': 198, 'current_accuracy': 0.4296875, 'current_loss': 1.563862681388855, 'train_loss': None, 'decision': 0, 'drift_rate': 0.0, 'target_domains': ['art_painting']}
Round 200 took 0.12816238403320312s, results:
{'t': 199, 'current_accuracy': 0.4296875, 'current_loss': 1.5638627409934998, 'train_loss': None, 'decision': 0, 'drift_rate': 0.0, 'target_domains': ['art_painting']}
Average time per round: 0.1450416040420532
Total time: 29.008320808410645
