Using the latest cached version of the dataset since flwrlabs/pacs couldn't be found on the Hugging Face Hub
Found the latest cached dataset configuration 'default' at /home/apiasecz/.cache/huggingface/datasets/flwrlabs___pacs/default/0.0.0/394113073258ead631f617d2e13bb377c0715c4b (last modified on Wed Jan 29 16:59:35 2025).
Device: cuda
CUDA Version: 12.1
cuDNN Version: 8902
PyTorch Version: 2.3.0

Model used: PACSCNN_4
Initial dataset creation
Initial dataset creation
Initial loss: 0.19723181426525116
<__main__.Policy object at 0x146ff7b656d0>
0.19723181426525116
Loss historical diff: 0.09683823585510254; Loss Difference: 0.0, Decision: 0
Round 1 took 3.5570003986358643s, results:
{'t': 0, 'current_accuracy': 0.9296875, 'current_loss': 0.2940700501203537, 'train_loss': None, 'decision': 0, 'drift_rate': 0.0, 'target_domains': ['art_painting']}
Loss historical diff: 0.09683699160814285; Loss Difference: 0.0, Decision: 0
Round 2 took 4.067076206207275s, results:
{'t': 1, 'current_accuracy': 0.9296875, 'current_loss': 0.294068805873394, 'train_loss': None, 'decision': 0, 'drift_rate': 0.0, 'target_domains': ['art_painting']}
Loss historical diff: 0.09683791548013687; Loss Difference: 0.0, Decision: 0
Round 3 took 3.911778688430786s, results:
{'t': 2, 'current_accuracy': 0.9296875, 'current_loss': 0.29406972974538803, 'train_loss': None, 'decision': 0, 'drift_rate': 0.0, 'target_domains': ['art_painting']}
Loss historical diff: 0.09683804959058762; Loss Difference: 0.0, Decision: 0
Round 4 took 4.146174430847168s, results:
{'t': 3, 'current_accuracy': 0.9296875, 'current_loss': 0.2940698638558388, 'train_loss': None, 'decision': 0, 'drift_rate': 0.0, 'target_domains': ['art_painting']}
Loss historical diff: 0.09683793783187866; Loss Difference: 0.0, Decision: 0
Round 5 took 3.7478837966918945s, results:
{'t': 4, 'current_accuracy': 0.9296875, 'current_loss': 0.2940697520971298, 'train_loss': None, 'decision': 0, 'drift_rate': 0.0, 'target_domains': ['art_painting']}
Loss historical diff: 0.09683795273303986; Loss Difference: 0.0, Decision: 0
Round 6 took 3.8945693969726562s, results:
{'t': 5, 'current_accuracy': 0.9296875, 'current_loss': 0.294069766998291, 'train_loss': None, 'decision': 0, 'drift_rate': 0.0, 'target_domains': ['art_painting']}
Loss historical diff: 0.09683795273303986; Loss Difference: 0.0, Decision: 0
Round 7 took 3.9451026916503906s, results:
{'t': 6, 'current_accuracy': 0.9296875, 'current_loss': 0.294069766998291, 'train_loss': None, 'decision': 0, 'drift_rate': 0.0, 'target_domains': ['art_painting']}
Loss historical diff: 0.09683792293071747; Loss Difference: 0.0, Decision: 0
Round 8 took 4.3729588985443115s, results:
{'t': 7, 'current_accuracy': 0.9296875, 'current_loss': 0.29406973719596863, 'train_loss': None, 'decision': 0, 'drift_rate': 0.0, 'target_domains': ['art_painting']}
Loss historical diff: 0.09683790802955627; Loss Difference: 0.0, Decision: 0
Round 9 took 3.7785725593566895s, results:
{'t': 8, 'current_accuracy': 0.9296875, 'current_loss': 0.29406972229480743, 'train_loss': None, 'decision': 0, 'drift_rate': 0.0, 'target_domains': ['art_painting']}
Loss historical diff: 0.09683764725923538; Loss Difference: 0.0, Decision: 0
Round 10 took 3.845977306365967s, results:
{'t': 9, 'current_accuracy': 0.9296875, 'current_loss': 0.29406946152448654, 'train_loss': None, 'decision': 0, 'drift_rate': 0.0, 'target_domains': ['art_painting']}
Loss historical diff: 0.09683790802955627; Loss Difference: 0.0, Decision: 0
Round 11 took 3.606069803237915s, results:
{'t': 10, 'current_accuracy': 0.9296875, 'current_loss': 0.29406972229480743, 'train_loss': None, 'decision': 0, 'drift_rate': 0.0, 'target_domains': ['art_painting']}
Loss historical diff: 0.09683793038129807; Loss Difference: 0.0, Decision: 0
Round 12 took 3.806899070739746s, results:
{'t': 11, 'current_accuracy': 0.9296875, 'current_loss': 0.2940697446465492, 'train_loss': None, 'decision': 0, 'drift_rate': 0.0, 'target_domains': ['art_painting']}
Loss historical diff: 0.09683794528245926; Loss Difference: 0.0, Decision: 1
Average loss over 5 updates: 0.4563
Round 13 took 6.554908752441406s, results:
{'t': 12, 'current_accuracy': 0.9296875, 'current_loss': 0.2940697595477104, 'train_loss': 0.4563276648521423, 'decision': 1, 'drift_rate': 0.0, 'target_domains': ['art_painting']}
Loss historical diff: 2.7571326047182083; Loss Difference: 0.0, Decision: 0
Round 14 took 3.688502550125122s, results:
{'t': 13, 'current_accuracy': 0.62109375, 'current_loss': 2.9543644189834595, 'train_loss': None, 'decision': 0, 'drift_rate': 0.0, 'target_domains': ['art_painting']}
Loss historical diff: 2.75713212788105; Loss Difference: 0.0, Decision: 0
Round 15 took 4.026261568069458s, results:
{'t': 14, 'current_accuracy': 0.62109375, 'current_loss': 2.9543639421463013, 'train_loss': None, 'decision': 0, 'drift_rate': 0.0, 'target_domains': ['art_painting']}
Loss historical diff: 2.757131651043892; Loss Difference: 0.0, Decision: 0
Round 16 took 3.9329967498779297s, results:
{'t': 15, 'current_accuracy': 0.62109375, 'current_loss': 2.954363465309143, 'train_loss': None, 'decision': 0, 'drift_rate': 0.0, 'target_domains': ['art_painting']}
Loss historical diff: 2.757131889462471; Loss Difference: 0.0, Decision: 0
Round 17 took 3.891494035720825s, results:
{'t': 16, 'current_accuracy': 0.62109375, 'current_loss': 2.954363703727722, 'train_loss': None, 'decision': 0, 'drift_rate': 0.0, 'target_domains': ['art_painting']}
Loss historical diff: 2.7571320086717606; Loss Difference: 0.0, Decision: 0
Round 18 took 4.382565021514893s, results:
{'t': 17, 'current_accuracy': 0.62109375, 'current_loss': 2.9543638229370117, 'train_loss': None, 'decision': 0, 'drift_rate': 0.0, 'target_domains': ['art_painting']}
Loss historical diff: 2.7571302205324173; Loss Difference: 0.0, Decision: 0
Round 19 took 3.8176939487457275s, results:
{'t': 18, 'current_accuracy': 0.62109375, 'current_loss': 2.9543620347976685, 'train_loss': None, 'decision': 0, 'drift_rate': 0.0, 'target_domains': ['art_painting']}
Loss historical diff: 2.757130816578865; Loss Difference: 0.0, Decision: 0
Round 20 took 4.058244705200195s, results:
{'t': 19, 'current_accuracy': 0.62109375, 'current_loss': 2.954362630844116, 'train_loss': None, 'decision': 0, 'drift_rate': 0.0, 'target_domains': ['art_painting']}
Loss historical diff: 3.2653256207704544; Loss Difference: 0.0, Decision: 0
Round 21 took 4.012537956237793s, results:
{'t': 20, 'current_accuracy': 0.44921875, 'current_loss': 3.4625574350357056, 'train_loss': None, 'decision': 0, 'drift_rate': 0.35, 'target_domains': ['sketch']}
Loss historical diff: 3.4923245459795; Loss Difference: 0.0, Decision: 0
Round 22 took 4.063062906265259s, results:
{'t': 21, 'current_accuracy': 0.3203125, 'current_loss': 3.689556360244751, 'train_loss': None, 'decision': 0, 'drift_rate': 0.35, 'target_domains': ['sketch']}
Loss historical diff: 3.9375688582658768; Loss Difference: 0.0, Decision: 1
Average loss over 5 updates: 2.3194
Round 23 took 6.586951732635498s, results:
{'t': 22, 'current_accuracy': 0.171875, 'current_loss': 4.134800672531128, 'train_loss': 2.319444274902344, 'decision': 1, 'drift_rate': 0.35, 'target_domains': ['sketch']}
Loss historical diff: 2.4550038129091263; Loss Difference: 0.0, Decision: 0
Round 24 took 3.9540302753448486s, results:
{'t': 23, 'current_accuracy': 0.265625, 'current_loss': 2.6522356271743774, 'train_loss': None, 'decision': 0, 'drift_rate': 0.0, 'target_domains': ['sketch']}
Loss historical diff: 2.4550036936998367; Loss Difference: 0.0, Decision: 0
Round 25 took 4.131057024002075s, results:
{'t': 24, 'current_accuracy': 0.265625, 'current_loss': 2.652235507965088, 'train_loss': None, 'decision': 0, 'drift_rate': 0.0, 'target_domains': ['sketch']}
Loss historical diff: 2.4550034552812576; Loss Difference: 0.0, Decision: 0
Round 26 took 3.998034954071045s, results:
{'t': 25, 'current_accuracy': 0.265625, 'current_loss': 2.652235269546509, 'train_loss': None, 'decision': 0, 'drift_rate': 0.0, 'target_domains': ['sketch']}
Loss historical diff: 2.4550042897462845; Loss Difference: 0.0, Decision: 0
Round 27 took 4.51084566116333s, results:
{'t': 26, 'current_accuracy': 0.265625, 'current_loss': 2.6522361040115356, 'train_loss': None, 'decision': 0, 'drift_rate': 0.0, 'target_domains': ['sketch']}
Loss historical diff: 2.455003932118416; Loss Difference: 0.0, Decision: 0
Round 28 took 4.145547389984131s, results:
{'t': 27, 'current_accuracy': 0.265625, 'current_loss': 2.652235746383667, 'train_loss': None, 'decision': 0, 'drift_rate': 0.0, 'target_domains': ['sketch']}
Loss historical diff: 2.4550036936998367; Loss Difference: 0.0, Decision: 0
Round 29 took 4.0402281284332275s, results:
{'t': 28, 'current_accuracy': 0.265625, 'current_loss': 2.652235507965088, 'train_loss': None, 'decision': 0, 'drift_rate': 0.0, 'target_domains': ['sketch']}
Loss historical diff: 2.4550036936998367; Loss Difference: 0.0, Decision: 0
Round 30 took 4.3953588008880615s, results:
{'t': 29, 'current_accuracy': 0.265625, 'current_loss': 2.652235507965088, 'train_loss': None, 'decision': 0, 'drift_rate': 0.0, 'target_domains': ['sketch']}
Loss historical diff: 2.4550042897462845; Loss Difference: 0.0, Decision: 0
Round 31 took 3.9608254432678223s, results:
{'t': 30, 'current_accuracy': 0.265625, 'current_loss': 2.6522361040115356, 'train_loss': None, 'decision': 0, 'drift_rate': 0.0, 'target_domains': ['sketch']}
Loss historical diff: 2.455004170536995; Loss Difference: 0.0, Decision: 0
Round 32 took 4.134672403335571s, results:
{'t': 31, 'current_accuracy': 0.265625, 'current_loss': 2.652235984802246, 'train_loss': None, 'decision': 0, 'drift_rate': 0.0, 'target_domains': ['sketch']}
Loss historical diff: 2.4550038129091263; Loss Difference: 0.0, Decision: 0
Round 33 took 4.2535505294799805s, results:
{'t': 32, 'current_accuracy': 0.265625, 'current_loss': 2.6522356271743774, 'train_loss': None, 'decision': 0, 'drift_rate': 0.0, 'target_domains': ['sketch']}
Loss historical diff: 2.4550040513277054; Loss Difference: 0.0, Decision: 0
Round 34 took 4.169977188110352s, results:
{'t': 33, 'current_accuracy': 0.265625, 'current_loss': 2.6522358655929565, 'train_loss': None, 'decision': 0, 'drift_rate': 0.0, 'target_domains': ['sketch']}
Loss historical diff: 2.4550042897462845; Loss Difference: 0.0, Decision: 0
Round 35 took 4.44176721572876s, results:
{'t': 34, 'current_accuracy': 0.265625, 'current_loss': 2.6522361040115356, 'train_loss': None, 'decision': 0, 'drift_rate': 0.0, 'target_domains': ['sketch']}
Loss historical diff: 2.4550040513277054; Loss Difference: 0.0, Decision: 0
Round 36 took 4.554274797439575s, results:
{'t': 35, 'current_accuracy': 0.265625, 'current_loss': 2.6522358655929565, 'train_loss': None, 'decision': 0, 'drift_rate': 0.0, 'target_domains': ['sketch']}
Loss historical diff: 2.455004170536995; Loss Difference: 0.0, Decision: 0
Round 37 took 4.450465679168701s, results:
{'t': 36, 'current_accuracy': 0.265625, 'current_loss': 2.652235984802246, 'train_loss': None, 'decision': 0, 'drift_rate': 0.0, 'target_domains': ['sketch']}
Loss historical diff: 2.4550036936998367; Loss Difference: 0.0, Decision: 0
Round 38 took 4.228140115737915s, results:
{'t': 37, 'current_accuracy': 0.265625, 'current_loss': 2.652235507965088, 'train_loss': None, 'decision': 0, 'drift_rate': 0.0, 'target_domains': ['sketch']}
Loss historical diff: 2.455003932118416; Loss Difference: 0.0, Decision: 0
Round 39 took 4.32658314704895s, results:
{'t': 38, 'current_accuracy': 0.265625, 'current_loss': 2.652235746383667, 'train_loss': None, 'decision': 0, 'drift_rate': 0.0, 'target_domains': ['sketch']}
Loss historical diff: 2.4550040513277054; Loss Difference: 0.0, Decision: 0
Round 40 took 4.544232606887817s, results:
{'t': 39, 'current_accuracy': 0.265625, 'current_loss': 2.6522358655929565, 'train_loss': None, 'decision': 0, 'drift_rate': 0.0, 'target_domains': ['sketch']}
Loss historical diff: 2.455004647374153; Loss Difference: 0.0, Decision: 1
Average loss over 5 updates: 1.3729
Round 41 took 7.184569597244263s, results:
{'t': 40, 'current_accuracy': 0.265625, 'current_loss': 2.6522364616394043, 'train_loss': 1.3728604555130004, 'decision': 1, 'drift_rate': 0.0, 'target_domains': ['sketch']}
Loss historical diff: 6.268823817372322; Loss Difference: 0.0, Decision: 0
Round 42 took 4.464062452316284s, results:
{'t': 41, 'current_accuracy': 0.24609375, 'current_loss': 6.466055631637573, 'train_loss': None, 'decision': 0, 'drift_rate': 0.0, 'target_domains': ['sketch']}
Loss historical diff: 6.268823817372322; Loss Difference: 0.0, Decision: 0
Round 43 took 4.521791696548462s, results:
{'t': 42, 'current_accuracy': 0.24609375, 'current_loss': 6.466055631637573, 'train_loss': None, 'decision': 0, 'drift_rate': 0.0, 'target_domains': ['sketch']}
Loss historical diff: 6.268823817372322; Loss Difference: 0.0, Decision: 0
Round 44 took 4.356273174285889s, results:
{'t': 43, 'current_accuracy': 0.24609375, 'current_loss': 6.466055631637573, 'train_loss': None, 'decision': 0, 'drift_rate': 0.0, 'target_domains': ['sketch']}
Loss historical diff: 6.268823817372322; Loss Difference: 0.0, Decision: 0
Round 45 took 4.280337572097778s, results:
{'t': 44, 'current_accuracy': 0.24609375, 'current_loss': 6.466055631637573, 'train_loss': None, 'decision': 0, 'drift_rate': 0.0, 'target_domains': ['sketch']}
Loss historical diff: 6.2688247710466385; Loss Difference: 0.0, Decision: 0
Round 46 took 4.315514802932739s, results:
{'t': 45, 'current_accuracy': 0.24609375, 'current_loss': 6.46605658531189, 'train_loss': None, 'decision': 0, 'drift_rate': 0.0, 'target_domains': ['sketch']}
Loss historical diff: 6.268823340535164; Loss Difference: 0.0, Decision: 0
Round 47 took 4.288095474243164s, results:
{'t': 46, 'current_accuracy': 0.24609375, 'current_loss': 6.466055154800415, 'train_loss': None, 'decision': 0, 'drift_rate': 0.0, 'target_domains': ['sketch']}
Loss historical diff: 6.268823817372322; Loss Difference: 0.0, Decision: 0
Round 48 took 4.446497201919556s, results:
{'t': 47, 'current_accuracy': 0.24609375, 'current_loss': 6.466055631637573, 'train_loss': None, 'decision': 0, 'drift_rate': 0.0, 'target_domains': ['sketch']}
Loss historical diff: 6.268821910023689; Loss Difference: 0.0, Decision: 0
Round 49 took 3.93459415435791s, results:
{'t': 48, 'current_accuracy': 0.24609375, 'current_loss': 6.46605372428894, 'train_loss': None, 'decision': 0, 'drift_rate': 0.0, 'target_domains': ['sketch']}
Loss historical diff: 6.268823340535164; Loss Difference: 0.0, Decision: 0
Round 50 took 4.093691349029541s, results:
{'t': 49, 'current_accuracy': 0.24609375, 'current_loss': 6.466055154800415, 'train_loss': None, 'decision': 0, 'drift_rate': 0.0, 'target_domains': ['sketch']}
Loss historical diff: 6.268823102116585; Loss Difference: 0.0, Decision: 0
Round 51 took 4.494390964508057s, results:
{'t': 50, 'current_accuracy': 0.24609375, 'current_loss': 6.466054916381836, 'train_loss': None, 'decision': 0, 'drift_rate': 0.0, 'target_domains': ['sketch']}
Loss historical diff: 6.268823817372322; Loss Difference: 0.0, Decision: 0
Round 52 took 4.711995840072632s, results:
{'t': 51, 'current_accuracy': 0.24609375, 'current_loss': 6.466055631637573, 'train_loss': None, 'decision': 0, 'drift_rate': 0.0, 'target_domains': ['sketch']}
Loss historical diff: 6.268822148442268; Loss Difference: 0.0, Decision: 0
Round 53 took 4.432631492614746s, results:
{'t': 52, 'current_accuracy': 0.24609375, 'current_loss': 6.4660539627075195, 'train_loss': None, 'decision': 0, 'drift_rate': 0.0, 'target_domains': ['sketch']}
Loss historical diff: 6.26882429420948; Loss Difference: 0.0, Decision: 0
Round 54 took 4.474108934402466s, results:
{'t': 53, 'current_accuracy': 0.24609375, 'current_loss': 6.4660561084747314, 'train_loss': None, 'decision': 0, 'drift_rate': 0.0, 'target_domains': ['sketch']}
Loss historical diff: 6.2688247710466385; Loss Difference: 0.0, Decision: 0
Round 55 took 4.5099098682403564s, results:
{'t': 54, 'current_accuracy': 0.24609375, 'current_loss': 6.46605658531189, 'train_loss': None, 'decision': 0, 'drift_rate': 0.0, 'target_domains': ['sketch']}
Loss historical diff: 6.268823340535164; Loss Difference: 0.0, Decision: 0
Round 56 took 4.368901968002319s, results:
{'t': 55, 'current_accuracy': 0.24609375, 'current_loss': 6.466055154800415, 'train_loss': None, 'decision': 0, 'drift_rate': 0.0, 'target_domains': ['sketch']}
Loss historical diff: 6.268822863698006; Loss Difference: 0.0, Decision: 0
Round 57 took 4.236913204193115s, results:
{'t': 56, 'current_accuracy': 0.24609375, 'current_loss': 6.466054677963257, 'train_loss': None, 'decision': 0, 'drift_rate': 0.0, 'target_domains': ['sketch']}
Loss historical diff: 6.268824055790901; Loss Difference: 0.0, Decision: 0
Round 58 took 4.439861297607422s, results:
{'t': 57, 'current_accuracy': 0.24609375, 'current_loss': 6.466055870056152, 'train_loss': None, 'decision': 0, 'drift_rate': 0.0, 'target_domains': ['sketch']}
Loss historical diff: 6.268823578953743; Loss Difference: 0.0, Decision: 0
Round 59 took 4.5677618980407715s, results:
{'t': 58, 'current_accuracy': 0.24609375, 'current_loss': 6.466055393218994, 'train_loss': None, 'decision': 0, 'drift_rate': 0.0, 'target_domains': ['sketch']}
Loss historical diff: 6.26882429420948; Loss Difference: 0.0, Decision: 0
Round 60 took 4.316439628601074s, results:
{'t': 59, 'current_accuracy': 0.24609375, 'current_loss': 6.4660561084747314, 'train_loss': None, 'decision': 0, 'drift_rate': 0.0, 'target_domains': ['sketch']}
Loss historical diff: 6.26882429420948; Loss Difference: 0.0, Decision: 0
Round 61 took 4.296197175979614s, results:
{'t': 60, 'current_accuracy': 0.24609375, 'current_loss': 6.4660561084747314, 'train_loss': None, 'decision': 0, 'drift_rate': 0.0, 'target_domains': ['sketch']}
Loss historical diff: 6.268823340535164; Loss Difference: 0.0, Decision: 0
Round 62 took 4.547433614730835s, results:
{'t': 61, 'current_accuracy': 0.24609375, 'current_loss': 6.466055154800415, 'train_loss': None, 'decision': 0, 'drift_rate': 0.0, 'target_domains': ['sketch']}
Loss historical diff: 6.268823102116585; Loss Difference: 0.0, Decision: 0
Round 63 took 4.0529258251190186s, results:
{'t': 62, 'current_accuracy': 0.24609375, 'current_loss': 6.466054916381836, 'train_loss': None, 'decision': 0, 'drift_rate': 0.0, 'target_domains': ['sketch']}
Loss historical diff: 7.13559789955616; Loss Difference: 0.0, Decision: 0
Round 64 took 4.079759836196899s, results:
{'t': 63, 'current_accuracy': 0.2421875, 'current_loss': 7.332829713821411, 'train_loss': None, 'decision': 0, 'drift_rate': 0.35, 'target_domains': ['photo']}
Loss historical diff: 8.75086684525013; Loss Difference: 0.0, Decision: 0
Round 65 took 4.181827068328857s, results:
{'t': 64, 'current_accuracy': 0.171875, 'current_loss': 8.94809865951538, 'train_loss': None, 'decision': 0, 'drift_rate': 0.35, 'target_domains': ['photo']}
Loss historical diff: 9.283587887883186; Loss Difference: 0.0, Decision: 1
Average loss over 5 updates: 2.2962
Round 66 took 7.023947238922119s, results:
{'t': 65, 'current_accuracy': 0.12109375, 'current_loss': 9.480819702148438, 'train_loss': 2.29621217250824, 'decision': 1, 'drift_rate': 0.35, 'target_domains': ['photo']}
Loss historical diff: 13.5893225222826; Loss Difference: 0.0, Decision: 1
Average loss over 5 updates: 0.7969
Round 67 took 7.0365636348724365s, results:
{'t': 66, 'current_accuracy': 0.296875, 'current_loss': 13.786554336547852, 'train_loss': 0.7968631267547608, 'decision': 1, 'drift_rate': 0.0, 'target_domains': ['photo']}
Loss historical diff: 4.763539507985115; Loss Difference: 0.0, Decision: 0
Round 68 took 3.9365787506103516s, results:
{'t': 67, 'current_accuracy': 0.484375, 'current_loss': 4.960771322250366, 'train_loss': None, 'decision': 0, 'drift_rate': 0.0, 'target_domains': ['photo']}
Loss historical diff: 4.7635404616594315; Loss Difference: 0.0, Decision: 0
Round 69 took 4.413161993026733s, results:
{'t': 68, 'current_accuracy': 0.484375, 'current_loss': 4.960772275924683, 'train_loss': None, 'decision': 0, 'drift_rate': 0.0, 'target_domains': ['photo']}
Loss historical diff: 4.763539984822273; Loss Difference: 0.0, Decision: 0
Round 70 took 4.35106897354126s, results:
{'t': 69, 'current_accuracy': 0.484375, 'current_loss': 4.960771799087524, 'train_loss': None, 'decision': 0, 'drift_rate': 0.0, 'target_domains': ['photo']}
Loss historical diff: 4.763539746403694; Loss Difference: 0.0, Decision: 0
Round 71 took 4.404584169387817s, results:
{'t': 70, 'current_accuracy': 0.484375, 'current_loss': 4.960771560668945, 'train_loss': None, 'decision': 0, 'drift_rate': 0.0, 'target_domains': ['photo']}
Loss historical diff: 4.763539507985115; Loss Difference: 0.0, Decision: 0
Round 72 took 4.423808574676514s, results:
{'t': 71, 'current_accuracy': 0.484375, 'current_loss': 4.960771322250366, 'train_loss': None, 'decision': 0, 'drift_rate': 0.0, 'target_domains': ['photo']}
Loss historical diff: 4.76354093849659; Loss Difference: 0.0, Decision: 0
Round 73 took 4.192470550537109s, results:
{'t': 72, 'current_accuracy': 0.484375, 'current_loss': 4.960772752761841, 'train_loss': None, 'decision': 0, 'drift_rate': 0.0, 'target_domains': ['photo']}
Loss historical diff: 4.763539746403694; Loss Difference: 0.0, Decision: 0
Round 74 took 4.456064701080322s, results:
{'t': 73, 'current_accuracy': 0.484375, 'current_loss': 4.960771560668945, 'train_loss': None, 'decision': 0, 'drift_rate': 0.0, 'target_domains': ['photo']}
Loss historical diff: 4.763540700078011; Loss Difference: 0.0, Decision: 0
Round 75 took 4.097105979919434s, results:
{'t': 74, 'current_accuracy': 0.484375, 'current_loss': 4.960772514343262, 'train_loss': None, 'decision': 0, 'drift_rate': 0.0, 'target_domains': ['photo']}
Loss historical diff: 4.763539984822273; Loss Difference: 0.0, Decision: 0
Round 76 took 4.051968097686768s, results:
{'t': 75, 'current_accuracy': 0.484375, 'current_loss': 4.960771799087524, 'train_loss': None, 'decision': 0, 'drift_rate': 0.0, 'target_domains': ['photo']}
Loss historical diff: 4.763539746403694; Loss Difference: 0.0, Decision: 0
Round 77 took 4.419189214706421s, results:
{'t': 76, 'current_accuracy': 0.484375, 'current_loss': 4.960771560668945, 'train_loss': None, 'decision': 0, 'drift_rate': 0.0, 'target_domains': ['photo']}
Loss historical diff: 4.763539031147957; Loss Difference: 0.0, Decision: 0
Round 78 took 4.308714151382446s, results:
{'t': 77, 'current_accuracy': 0.484375, 'current_loss': 4.960770845413208, 'train_loss': None, 'decision': 0, 'drift_rate': 0.0, 'target_domains': ['photo']}
Loss historical diff: 4.763539269566536; Loss Difference: 0.0, Decision: 0
Round 79 took 4.210881948471069s, results:
{'t': 78, 'current_accuracy': 0.484375, 'current_loss': 4.960771083831787, 'train_loss': None, 'decision': 0, 'drift_rate': 0.0, 'target_domains': ['photo']}
Loss historical diff: 4.763540223240852; Loss Difference: 0.0, Decision: 0
Round 80 took 4.062487840652466s, results:
{'t': 79, 'current_accuracy': 0.484375, 'current_loss': 4.9607720375061035, 'train_loss': None, 'decision': 0, 'drift_rate': 0.0, 'target_domains': ['photo']}
Loss historical diff: 4.763539031147957; Loss Difference: 0.0, Decision: 0
Round 81 took 4.38451886177063s, results:
{'t': 80, 'current_accuracy': 0.484375, 'current_loss': 4.960770845413208, 'train_loss': None, 'decision': 0, 'drift_rate': 0.0, 'target_domains': ['photo']}
Loss historical diff: 4.763539984822273; Loss Difference: 0.0, Decision: 0
Round 82 took 3.958786725997925s, results:
{'t': 81, 'current_accuracy': 0.484375, 'current_loss': 4.960771799087524, 'train_loss': None, 'decision': 0, 'drift_rate': 0.0, 'target_domains': ['photo']}
Loss historical diff: 4.763539031147957; Loss Difference: 0.0, Decision: 0
Round 83 took 4.469441890716553s, results:
{'t': 82, 'current_accuracy': 0.484375, 'current_loss': 4.960770845413208, 'train_loss': None, 'decision': 0, 'drift_rate': 0.0, 'target_domains': ['photo']}
Loss historical diff: 4.7635404616594315; Loss Difference: 0.0, Decision: 0
Round 84 took 4.240795612335205s, results:
{'t': 83, 'current_accuracy': 0.484375, 'current_loss': 4.960772275924683, 'train_loss': None, 'decision': 0, 'drift_rate': 0.0, 'target_domains': ['photo']}
Loss historical diff: 4.7635404616594315; Loss Difference: 0.0, Decision: 0
Round 85 took 4.395303726196289s, results:
{'t': 84, 'current_accuracy': 0.484375, 'current_loss': 4.960772275924683, 'train_loss': None, 'decision': 0, 'drift_rate': 0.0, 'target_domains': ['photo']}
Loss historical diff: 4.7635404616594315; Loss Difference: 0.0, Decision: 0
Round 86 took 4.4317286014556885s, results:
{'t': 85, 'current_accuracy': 0.484375, 'current_loss': 4.960772275924683, 'train_loss': None, 'decision': 0, 'drift_rate': 0.0, 'target_domains': ['photo']}
Loss historical diff: 4.763539746403694; Loss Difference: 0.0, Decision: 0
Round 87 took 4.044115781784058s, results:
{'t': 86, 'current_accuracy': 0.484375, 'current_loss': 4.960771560668945, 'train_loss': None, 'decision': 0, 'drift_rate': 0.0, 'target_domains': ['photo']}
Loss historical diff: 4.763539746403694; Loss Difference: 0.0, Decision: 0
Round 88 took 4.070253372192383s, results:
{'t': 87, 'current_accuracy': 0.484375, 'current_loss': 4.960771560668945, 'train_loss': None, 'decision': 0, 'drift_rate': 0.0, 'target_domains': ['photo']}
Loss historical diff: 4.763539746403694; Loss Difference: 0.0, Decision: 0
Round 89 took 4.476780891418457s, results:
{'t': 88, 'current_accuracy': 0.484375, 'current_loss': 4.960771560668945, 'train_loss': None, 'decision': 0, 'drift_rate': 0.0, 'target_domains': ['photo']}
Loss historical diff: 4.7635404616594315; Loss Difference: 0.0, Decision: 0
Round 90 took 4.6917455196380615s, results:
{'t': 89, 'current_accuracy': 0.484375, 'current_loss': 4.960772275924683, 'train_loss': None, 'decision': 0, 'drift_rate': 0.0, 'target_domains': ['photo']}
Loss historical diff: 4.763539031147957; Loss Difference: 0.0, Decision: 0
Round 91 took 4.218202829360962s, results:
{'t': 90, 'current_accuracy': 0.484375, 'current_loss': 4.960770845413208, 'train_loss': None, 'decision': 0, 'drift_rate': 0.0, 'target_domains': ['photo']}
Loss historical diff: 4.7635404616594315; Loss Difference: 0.0, Decision: 0
Round 92 took 4.380378723144531s, results:
{'t': 91, 'current_accuracy': 0.484375, 'current_loss': 4.960772275924683, 'train_loss': None, 'decision': 0, 'drift_rate': 0.0, 'target_domains': ['photo']}
Loss historical diff: 4.763539507985115; Loss Difference: 0.0, Decision: 0
Round 93 took 4.71112847328186s, results:
{'t': 92, 'current_accuracy': 0.484375, 'current_loss': 4.960771322250366, 'train_loss': None, 'decision': 0, 'drift_rate': 0.0, 'target_domains': ['photo']}
Loss historical diff: 4.763539031147957; Loss Difference: 0.0, Decision: 0
Round 94 took 4.438832998275757s, results:
{'t': 93, 'current_accuracy': 0.484375, 'current_loss': 4.960770845413208, 'train_loss': None, 'decision': 0, 'drift_rate': 0.0, 'target_domains': ['photo']}
Loss historical diff: 4.763539269566536; Loss Difference: 0.0, Decision: 0
Round 95 took 4.511797666549683s, results:
{'t': 94, 'current_accuracy': 0.484375, 'current_loss': 4.960771083831787, 'train_loss': None, 'decision': 0, 'drift_rate': 0.0, 'target_domains': ['photo']}
Loss historical diff: 4.7635404616594315; Loss Difference: 0.0, Decision: 0
Round 96 took 4.542653560638428s, results:
{'t': 95, 'current_accuracy': 0.484375, 'current_loss': 4.960772275924683, 'train_loss': None, 'decision': 0, 'drift_rate': 0.0, 'target_domains': ['photo']}
Loss historical diff: 4.763540223240852; Loss Difference: 0.0, Decision: 0
Round 97 took 4.5170228481292725s, results:
{'t': 96, 'current_accuracy': 0.484375, 'current_loss': 4.9607720375061035, 'train_loss': None, 'decision': 0, 'drift_rate': 0.0, 'target_domains': ['photo']}
Loss historical diff: 4.763539746403694; Loss Difference: 0.0, Decision: 0
Round 98 took 4.420215129852295s, results:
{'t': 97, 'current_accuracy': 0.484375, 'current_loss': 4.960771560668945, 'train_loss': None, 'decision': 0, 'drift_rate': 0.0, 'target_domains': ['photo']}
Loss historical diff: 4.763539746403694; Loss Difference: 0.0, Decision: 0
Round 99 took 4.540765047073364s, results:
{'t': 98, 'current_accuracy': 0.484375, 'current_loss': 4.960771560668945, 'train_loss': None, 'decision': 0, 'drift_rate': 0.0, 'target_domains': ['photo']}
Loss historical diff: 4.763540700078011; Loss Difference: 0.0, Decision: 0
Round 100 took 4.500942230224609s, results:
{'t': 99, 'current_accuracy': 0.484375, 'current_loss': 4.960772514343262, 'train_loss': None, 'decision': 0, 'drift_rate': 0.0, 'target_domains': ['photo']}
Loss historical diff: 4.763539507985115; Loss Difference: 0.0, Decision: 0
Round 101 took 4.528192520141602s, results:
{'t': 100, 'current_accuracy': 0.484375, 'current_loss': 4.960771322250366, 'train_loss': None, 'decision': 0, 'drift_rate': 0.0, 'target_domains': ['photo']}
Loss historical diff: 4.763541176915169; Loss Difference: 0.0, Decision: 0
Round 102 took 4.490939140319824s, results:
{'t': 101, 'current_accuracy': 0.484375, 'current_loss': 4.96077299118042, 'train_loss': None, 'decision': 0, 'drift_rate': 0.0, 'target_domains': ['photo']}
Loss historical diff: 4.763539746403694; Loss Difference: 0.0, Decision: 0
Round 103 took 4.594585180282593s, results:
{'t': 102, 'current_accuracy': 0.484375, 'current_loss': 4.960771560668945, 'train_loss': None, 'decision': 0, 'drift_rate': 0.0, 'target_domains': ['photo']}
Loss historical diff: 4.763538554310799; Loss Difference: 0.0, Decision: 0
Round 104 took 4.352414131164551s, results:
{'t': 103, 'current_accuracy': 0.484375, 'current_loss': 4.96077036857605, 'train_loss': None, 'decision': 0, 'drift_rate': 0.0, 'target_domains': ['photo']}
Loss historical diff: 4.763540700078011; Loss Difference: 0.0, Decision: 0
Round 105 took 4.176418304443359s, results:
{'t': 104, 'current_accuracy': 0.484375, 'current_loss': 4.960772514343262, 'train_loss': None, 'decision': 0, 'drift_rate': 0.0, 'target_domains': ['photo']}
Loss historical diff: 4.763539984822273; Loss Difference: 0.0, Decision: 0
Round 106 took 4.164736986160278s, results:
{'t': 105, 'current_accuracy': 0.484375, 'current_loss': 4.960771799087524, 'train_loss': None, 'decision': 0, 'drift_rate': 0.0, 'target_domains': ['photo']}
Loss historical diff: 4.763539984822273; Loss Difference: 0.0, Decision: 0
Round 107 took 4.398219585418701s, results:
{'t': 106, 'current_accuracy': 0.484375, 'current_loss': 4.960771799087524, 'train_loss': None, 'decision': 0, 'drift_rate': 0.0, 'target_domains': ['photo']}
Loss historical diff: 4.763540223240852; Loss Difference: 0.0, Decision: 0
Round 108 took 4.601568698883057s, results:
{'t': 107, 'current_accuracy': 0.484375, 'current_loss': 4.9607720375061035, 'train_loss': None, 'decision': 0, 'drift_rate': 0.0, 'target_domains': ['photo']}
Loss historical diff: 4.763539507985115; Loss Difference: 0.0, Decision: 0
Round 109 took 4.659449100494385s, results:
{'t': 108, 'current_accuracy': 0.484375, 'current_loss': 4.960771322250366, 'train_loss': None, 'decision': 0, 'drift_rate': 0.0, 'target_domains': ['photo']}
Loss historical diff: 4.7635404616594315; Loss Difference: 0.0, Decision: 0
Round 110 took 4.203760385513306s, results:
{'t': 109, 'current_accuracy': 0.484375, 'current_loss': 4.960772275924683, 'train_loss': None, 'decision': 0, 'drift_rate': 0.0, 'target_domains': ['photo']}
Loss historical diff: 4.763539746403694; Loss Difference: 0.0, Decision: 0
Round 111 took 4.155704021453857s, results:
{'t': 110, 'current_accuracy': 0.484375, 'current_loss': 4.960771560668945, 'train_loss': None, 'decision': 0, 'drift_rate': 0.0, 'target_domains': ['photo']}
Loss historical diff: 4.763540223240852; Loss Difference: 0.0, Decision: 0
Round 112 took 4.268622875213623s, results:
{'t': 111, 'current_accuracy': 0.484375, 'current_loss': 4.9607720375061035, 'train_loss': None, 'decision': 0, 'drift_rate': 0.0, 'target_domains': ['photo']}
Loss historical diff: 4.763539507985115; Loss Difference: 0.0, Decision: 0
Round 113 took 4.626394748687744s, results:
{'t': 112, 'current_accuracy': 0.484375, 'current_loss': 4.960771322250366, 'train_loss': None, 'decision': 0, 'drift_rate': 0.0, 'target_domains': ['photo']}
Loss historical diff: 4.763539984822273; Loss Difference: 0.0, Decision: 0
Round 114 took 3.923407793045044s, results:
{'t': 113, 'current_accuracy': 0.484375, 'current_loss': 4.960771799087524, 'train_loss': None, 'decision': 0, 'drift_rate': 0.0, 'target_domains': ['photo']}
Loss historical diff: 4.763540700078011; Loss Difference: 0.0, Decision: 0
Round 115 took 4.25137734413147s, results:
{'t': 114, 'current_accuracy': 0.484375, 'current_loss': 4.960772514343262, 'train_loss': None, 'decision': 0, 'drift_rate': 0.0, 'target_domains': ['photo']}
Loss historical diff: 4.763540223240852; Loss Difference: 0.0, Decision: 0
Round 116 took 3.813859224319458s, results:
{'t': 115, 'current_accuracy': 0.484375, 'current_loss': 4.9607720375061035, 'train_loss': None, 'decision': 0, 'drift_rate': 0.0, 'target_domains': ['photo']}
Loss historical diff: 6.074582532048225; Loss Difference: 0.0, Decision: 0
Round 117 took 3.8696846961975098s, results:
{'t': 116, 'current_accuracy': 0.33984375, 'current_loss': 6.271814346313477, 'train_loss': None, 'decision': 0, 'drift_rate': 0.35, 'target_domains': ['cartoon']}
Loss historical diff: 6.54983015358448; Loss Difference: 0.0, Decision: 0
Round 118 took 4.124297618865967s, results:
{'t': 117, 'current_accuracy': 0.2890625, 'current_loss': 6.7470619678497314, 'train_loss': None, 'decision': 0, 'drift_rate': 0.35, 'target_domains': ['cartoon']}
Loss historical diff: 7.792663529515266; Loss Difference: 0.0, Decision: 1
Average loss over 5 updates: 2.2512
Round 119 took 6.311227321624756s, results:
{'t': 118, 'current_accuracy': 0.19921875, 'current_loss': 7.989895343780518, 'train_loss': 2.251191186904907, 'decision': 1, 'drift_rate': 0.35, 'target_domains': ['cartoon']}
Loss historical diff: 4.231245711445808; Loss Difference: 0.0, Decision: 0
Round 120 took 4.203080415725708s, results:
{'t': 119, 'current_accuracy': 0.34375, 'current_loss': 4.42847752571106, 'train_loss': None, 'decision': 0, 'drift_rate': 0.0, 'target_domains': ['cartoon']}
Loss historical diff: 4.231245711445808; Loss Difference: 0.0, Decision: 0
Round 121 took 3.913306474685669s, results:
{'t': 120, 'current_accuracy': 0.34375, 'current_loss': 4.42847752571106, 'train_loss': None, 'decision': 0, 'drift_rate': 0.0, 'target_domains': ['cartoon']}
Loss historical diff: 4.2312459498643875; Loss Difference: 0.0, Decision: 0
Round 122 took 4.075572729110718s, results:
{'t': 121, 'current_accuracy': 0.34375, 'current_loss': 4.428477764129639, 'train_loss': None, 'decision': 0, 'drift_rate': 0.0, 'target_domains': ['cartoon']}
Loss historical diff: 4.231244519352913; Loss Difference: 0.0, Decision: 0
Round 123 took 4.207718133926392s, results:
{'t': 122, 'current_accuracy': 0.34375, 'current_loss': 4.428476333618164, 'train_loss': None, 'decision': 0, 'drift_rate': 0.0, 'target_domains': ['cartoon']}
Loss historical diff: 4.231246426701546; Loss Difference: 0.0, Decision: 0
Round 124 took 4.2957000732421875s, results:
{'t': 123, 'current_accuracy': 0.34375, 'current_loss': 4.428478240966797, 'train_loss': None, 'decision': 0, 'drift_rate': 0.0, 'target_domains': ['cartoon']}
Loss historical diff: 4.231247618794441; Loss Difference: 0.0, Decision: 0
Round 125 took 4.252804756164551s, results:
{'t': 124, 'current_accuracy': 0.34375, 'current_loss': 4.428479433059692, 'train_loss': None, 'decision': 0, 'drift_rate': 0.0, 'target_domains': ['cartoon']}
Loss historical diff: 4.231244757771492; Loss Difference: 0.0, Decision: 0
Round 126 took 4.283074855804443s, results:
{'t': 125, 'current_accuracy': 0.34375, 'current_loss': 4.428476572036743, 'train_loss': None, 'decision': 0, 'drift_rate': 0.0, 'target_domains': ['cartoon']}
Loss historical diff: 4.231246188282967; Loss Difference: 0.0, Decision: 0
Round 127 took 4.23589301109314s, results:
{'t': 126, 'current_accuracy': 0.34375, 'current_loss': 4.428478002548218, 'train_loss': None, 'decision': 0, 'drift_rate': 0.0, 'target_domains': ['cartoon']}
Loss historical diff: 4.2312459498643875; Loss Difference: 0.0, Decision: 0
Round 128 took 4.005202531814575s, results:
{'t': 127, 'current_accuracy': 0.34375, 'current_loss': 4.428477764129639, 'train_loss': None, 'decision': 0, 'drift_rate': 0.0, 'target_domains': ['cartoon']}
Loss historical diff: 4.2312459498643875; Loss Difference: 0.0, Decision: 0
Round 129 took 4.093154430389404s, results:
{'t': 128, 'current_accuracy': 0.34375, 'current_loss': 4.428477764129639, 'train_loss': None, 'decision': 0, 'drift_rate': 0.0, 'target_domains': ['cartoon']}
Loss historical diff: 4.231246665120125; Loss Difference: 0.0, Decision: 0
Round 130 took 4.068908929824829s, results:
{'t': 129, 'current_accuracy': 0.34375, 'current_loss': 4.428478479385376, 'train_loss': None, 'decision': 0, 'drift_rate': 0.0, 'target_domains': ['cartoon']}
Loss historical diff: 4.231246426701546; Loss Difference: 0.0, Decision: 0
Round 131 took 4.047041893005371s, results:
{'t': 130, 'current_accuracy': 0.34375, 'current_loss': 4.428478240966797, 'train_loss': None, 'decision': 0, 'drift_rate': 0.0, 'target_domains': ['cartoon']}
Loss historical diff: 4.231245711445808; Loss Difference: 0.0, Decision: 0
Round 132 took 3.9315853118896484s, results:
{'t': 131, 'current_accuracy': 0.34375, 'current_loss': 4.42847752571106, 'train_loss': None, 'decision': 0, 'drift_rate': 0.0, 'target_domains': ['cartoon']}
Loss historical diff: 4.231246665120125; Loss Difference: 0.0, Decision: 0
Round 133 took 3.9541428089141846s, results:
{'t': 132, 'current_accuracy': 0.34375, 'current_loss': 4.428478479385376, 'train_loss': None, 'decision': 0, 'drift_rate': 0.0, 'target_domains': ['cartoon']}
Loss historical diff: 4.231246784329414; Loss Difference: 0.0, Decision: 0
Round 134 took 3.856926202774048s, results:
{'t': 133, 'current_accuracy': 0.34375, 'current_loss': 4.4284785985946655, 'train_loss': None, 'decision': 0, 'drift_rate': 0.0, 'target_domains': ['cartoon']}
Loss historical diff: 4.231245711445808; Loss Difference: 0.0, Decision: 0
Round 135 took 3.997481346130371s, results:
{'t': 134, 'current_accuracy': 0.34375, 'current_loss': 4.42847752571106, 'train_loss': None, 'decision': 0, 'drift_rate': 0.0, 'target_domains': ['cartoon']}
Loss historical diff: 4.231245711445808; Loss Difference: 0.0, Decision: 0
Round 136 took 4.324182987213135s, results:
{'t': 135, 'current_accuracy': 0.34375, 'current_loss': 4.42847752571106, 'train_loss': None, 'decision': 0, 'drift_rate': 0.0, 'target_domains': ['cartoon']}
Loss historical diff: 4.2312459498643875; Loss Difference: 0.0, Decision: 0
Round 137 took 4.068434000015259s, results:
{'t': 136, 'current_accuracy': 0.34375, 'current_loss': 4.428477764129639, 'train_loss': None, 'decision': 0, 'drift_rate': 0.0, 'target_domains': ['cartoon']}
Loss historical diff: 4.231245711445808; Loss Difference: 0.0, Decision: 0
Round 138 took 3.8910562992095947s, results:
{'t': 137, 'current_accuracy': 0.34375, 'current_loss': 4.42847752571106, 'train_loss': None, 'decision': 0, 'drift_rate': 0.0, 'target_domains': ['cartoon']}
Loss historical diff: 4.231246188282967; Loss Difference: 0.0, Decision: 0
Round 139 took 3.8883588314056396s, results:
{'t': 138, 'current_accuracy': 0.34375, 'current_loss': 4.428478002548218, 'train_loss': None, 'decision': 0, 'drift_rate': 0.0, 'target_domains': ['cartoon']}
Loss historical diff: 4.2312459498643875; Loss Difference: 0.0, Decision: 0
Round 140 took 4.114290475845337s, results:
{'t': 139, 'current_accuracy': 0.34375, 'current_loss': 4.428477764129639, 'train_loss': None, 'decision': 0, 'drift_rate': 0.0, 'target_domains': ['cartoon']}
Loss historical diff: 4.231245115399361; Loss Difference: 0.0, Decision: 0
Round 141 took 4.20391058921814s, results:
{'t': 140, 'current_accuracy': 0.34375, 'current_loss': 4.428476929664612, 'train_loss': None, 'decision': 0, 'drift_rate': 0.0, 'target_domains': ['cartoon']}
Loss historical diff: 4.231245473027229; Loss Difference: 0.0, Decision: 0
Round 142 took 3.9600448608398438s, results:
{'t': 141, 'current_accuracy': 0.34375, 'current_loss': 4.4284772872924805, 'train_loss': None, 'decision': 0, 'drift_rate': 0.0, 'target_domains': ['cartoon']}
Loss historical diff: 4.231246188282967; Loss Difference: 0.0, Decision: 0
Round 143 took 4.146968364715576s, results:
{'t': 142, 'current_accuracy': 0.34375, 'current_loss': 4.428478002548218, 'train_loss': None, 'decision': 0, 'drift_rate': 0.0, 'target_domains': ['cartoon']}
Loss historical diff: 4.2312459498643875; Loss Difference: 0.0, Decision: 0
Round 144 took 4.316797971725464s, results:
{'t': 143, 'current_accuracy': 0.34375, 'current_loss': 4.428477764129639, 'train_loss': None, 'decision': 0, 'drift_rate': 0.0, 'target_domains': ['cartoon']}
Loss historical diff: 4.231245711445808; Loss Difference: 0.0, Decision: 0
Round 145 took 4.296133518218994s, results:
{'t': 144, 'current_accuracy': 0.34375, 'current_loss': 4.42847752571106, 'train_loss': None, 'decision': 0, 'drift_rate': 0.0, 'target_domains': ['cartoon']}
Loss historical diff: 4.231246188282967; Loss Difference: 0.0, Decision: 0
Round 146 took 3.927135944366455s, results:
{'t': 145, 'current_accuracy': 0.34375, 'current_loss': 4.428478002548218, 'train_loss': None, 'decision': 0, 'drift_rate': 0.0, 'target_domains': ['cartoon']}
Loss historical diff: 4.231245711445808; Loss Difference: 0.0, Decision: 0
Round 147 took 4.293342113494873s, results:
{'t': 146, 'current_accuracy': 0.34375, 'current_loss': 4.42847752571106, 'train_loss': None, 'decision': 0, 'drift_rate': 0.0, 'target_domains': ['cartoon']}
Loss historical diff: 4.231248095631599; Loss Difference: 0.0, Decision: 0
Round 148 took 4.370988845825195s, results:
{'t': 147, 'current_accuracy': 0.34375, 'current_loss': 4.428479909896851, 'train_loss': None, 'decision': 0, 'drift_rate': 0.0, 'target_domains': ['cartoon']}
Loss historical diff: 4.231244280934334; Loss Difference: 0.0, Decision: 0
Round 149 took 4.030294179916382s, results:
{'t': 148, 'current_accuracy': 0.34375, 'current_loss': 4.428476095199585, 'train_loss': None, 'decision': 0, 'drift_rate': 0.0, 'target_domains': ['cartoon']}
Loss historical diff: 4.231246188282967; Loss Difference: 0.0, Decision: 0
Round 150 took 4.376976251602173s, results:
{'t': 149, 'current_accuracy': 0.34375, 'current_loss': 4.428478002548218, 'train_loss': None, 'decision': 0, 'drift_rate': 0.0, 'target_domains': ['cartoon']}
Loss historical diff: 4.231246426701546; Loss Difference: 0.0, Decision: 0
Round 151 took 4.256164789199829s, results:
{'t': 150, 'current_accuracy': 0.34375, 'current_loss': 4.428478240966797, 'train_loss': None, 'decision': 0, 'drift_rate': 0.0, 'target_domains': ['cartoon']}
Loss historical diff: 4.231247380375862; Loss Difference: 0.0, Decision: 1
Average loss over 5 updates: 1.2052
Round 152 took 6.261389493942261s, results:
{'t': 151, 'current_accuracy': 0.34375, 'current_loss': 4.428479194641113, 'train_loss': 1.2051509857177733, 'decision': 1, 'drift_rate': 0.0, 'target_domains': ['cartoon']}
Loss historical diff: 2.1171999722719193; Loss Difference: 0.0, Decision: 0
Round 153 took 4.3223466873168945s, results:
{'t': 152, 'current_accuracy': 0.5078125, 'current_loss': 2.3144317865371704, 'train_loss': None, 'decision': 0, 'drift_rate': 0.0, 'target_domains': ['cartoon']}
Loss historical diff: 2.1171999722719193; Loss Difference: 0.0, Decision: 0
Round 154 took 4.001042604446411s, results:
{'t': 153, 'current_accuracy': 0.5078125, 'current_loss': 2.3144317865371704, 'train_loss': None, 'decision': 0, 'drift_rate': 0.0, 'target_domains': ['cartoon']}
Loss historical diff: 2.1171988993883133; Loss Difference: 0.0, Decision: 0
Round 155 took 4.124312162399292s, results:
{'t': 154, 'current_accuracy': 0.5078125, 'current_loss': 2.3144307136535645, 'train_loss': None, 'decision': 0, 'drift_rate': 0.0, 'target_domains': ['cartoon']}
Loss historical diff: 2.117200329899788; Loss Difference: 0.0, Decision: 0
Round 156 took 4.362354755401611s, results:
{'t': 155, 'current_accuracy': 0.5078125, 'current_loss': 2.314432144165039, 'train_loss': None, 'decision': 0, 'drift_rate': 0.0, 'target_domains': ['cartoon']}
Loss historical diff: 2.1171985417604446; Loss Difference: 0.0, Decision: 0
Round 157 took 4.700524568557739s, results:
{'t': 156, 'current_accuracy': 0.5078125, 'current_loss': 2.314430356025696, 'train_loss': None, 'decision': 0, 'drift_rate': 0.0, 'target_domains': ['cartoon']}
Loss historical diff: 2.1171987801790237; Loss Difference: 0.0, Decision: 0
Round 158 took 4.492198467254639s, results:
{'t': 157, 'current_accuracy': 0.5078125, 'current_loss': 2.314430594444275, 'train_loss': None, 'decision': 0, 'drift_rate': 0.0, 'target_domains': ['cartoon']}
Loss historical diff: 2.1171991378068924; Loss Difference: 0.0, Decision: 0
Round 159 took 4.387376070022583s, results:
{'t': 158, 'current_accuracy': 0.5078125, 'current_loss': 2.3144309520721436, 'train_loss': None, 'decision': 0, 'drift_rate': 0.0, 'target_domains': ['cartoon']}
Loss historical diff: 2.117198660969734; Loss Difference: 0.0, Decision: 0
Round 160 took 4.37790584564209s, results:
{'t': 159, 'current_accuracy': 0.5078125, 'current_loss': 2.3144304752349854, 'train_loss': None, 'decision': 0, 'drift_rate': 0.0, 'target_domains': ['cartoon']}
Loss historical diff: 2.1171987801790237; Loss Difference: 0.0, Decision: 0
Round 161 took 4.235631465911865s, results:
{'t': 160, 'current_accuracy': 0.5078125, 'current_loss': 2.314430594444275, 'train_loss': None, 'decision': 0, 'drift_rate': 0.0, 'target_domains': ['cartoon']}
Loss historical diff: 2.1171988993883133; Loss Difference: 0.0, Decision: 0
Round 162 took 4.396630764007568s, results:
{'t': 161, 'current_accuracy': 0.5078125, 'current_loss': 2.3144307136535645, 'train_loss': None, 'decision': 0, 'drift_rate': 0.0, 'target_domains': ['cartoon']}
Loss historical diff: 2.1171988993883133; Loss Difference: 0.0, Decision: 0
Round 163 took 4.271726608276367s, results:
{'t': 162, 'current_accuracy': 0.5078125, 'current_loss': 2.3144307136535645, 'train_loss': None, 'decision': 0, 'drift_rate': 0.0, 'target_domains': ['cartoon']}
Loss historical diff: 2.1171988993883133; Loss Difference: 0.0, Decision: 0
Round 164 took 4.2738964557647705s, results:
{'t': 163, 'current_accuracy': 0.5078125, 'current_loss': 2.3144307136535645, 'train_loss': None, 'decision': 0, 'drift_rate': 0.0, 'target_domains': ['cartoon']}
Loss historical diff: 2.1171983033418655; Loss Difference: 0.0, Decision: 0
Round 165 took 4.463207960128784s, results:
{'t': 164, 'current_accuracy': 0.5078125, 'current_loss': 2.3144301176071167, 'train_loss': None, 'decision': 0, 'drift_rate': 0.0, 'target_domains': ['cartoon']}
Loss historical diff: 2.117198422551155; Loss Difference: 0.0, Decision: 0
Round 166 took 4.559156179428101s, results:
{'t': 165, 'current_accuracy': 0.5078125, 'current_loss': 2.3144302368164062, 'train_loss': None, 'decision': 0, 'drift_rate': 0.0, 'target_domains': ['cartoon']}
Loss historical diff: 2.117198422551155; Loss Difference: 0.0, Decision: 0
Round 167 took 4.551860809326172s, results:
{'t': 166, 'current_accuracy': 0.5078125, 'current_loss': 2.3144302368164062, 'train_loss': None, 'decision': 0, 'drift_rate': 0.0, 'target_domains': ['cartoon']}
Loss historical diff: 2.1172002106904984; Loss Difference: 0.0, Decision: 0
Round 168 took 4.3069541454315186s, results:
{'t': 167, 'current_accuracy': 0.5078125, 'current_loss': 2.3144320249557495, 'train_loss': None, 'decision': 0, 'drift_rate': 0.0, 'target_domains': ['cartoon']}
Loss historical diff: 2.11719973385334; Loss Difference: 0.0, Decision: 0
Round 169 took 4.448296070098877s, results:
{'t': 168, 'current_accuracy': 0.5078125, 'current_loss': 2.3144315481185913, 'train_loss': None, 'decision': 0, 'drift_rate': 0.0, 'target_domains': ['cartoon']}
Loss historical diff: 2.1171980649232864; Loss Difference: 0.0, Decision: 0
Round 170 took 4.09480094909668s, results:
{'t': 169, 'current_accuracy': 0.5078125, 'current_loss': 2.3144298791885376, 'train_loss': None, 'decision': 0, 'drift_rate': 0.0, 'target_domains': ['cartoon']}
Loss historical diff: 2.117199018597603; Loss Difference: 0.0, Decision: 0
Round 171 took 4.532950162887573s, results:
{'t': 170, 'current_accuracy': 0.5078125, 'current_loss': 2.314430832862854, 'train_loss': None, 'decision': 0, 'drift_rate': 0.0, 'target_domains': ['cartoon']}
Loss historical diff: 2.1171983033418655; Loss Difference: 0.0, Decision: 0
Round 172 took 4.488571405410767s, results:
{'t': 171, 'current_accuracy': 0.5078125, 'current_loss': 2.3144301176071167, 'train_loss': None, 'decision': 0, 'drift_rate': 0.0, 'target_domains': ['cartoon']}
Loss historical diff: 2.117200568318367; Loss Difference: 0.0, Decision: 0
Round 173 took 4.547929763793945s, results:
{'t': 172, 'current_accuracy': 0.5078125, 'current_loss': 2.314432382583618, 'train_loss': None, 'decision': 0, 'drift_rate': 0.0, 'target_domains': ['cartoon']}
Loss historical diff: 2.1171985417604446; Loss Difference: 0.0, Decision: 0
Round 174 took 4.603757858276367s, results:
{'t': 173, 'current_accuracy': 0.5078125, 'current_loss': 2.314430356025696, 'train_loss': None, 'decision': 0, 'drift_rate': 0.0, 'target_domains': ['cartoon']}
Loss historical diff: 2.1171983033418655; Loss Difference: 0.0, Decision: 0
Round 175 took 4.3272974491119385s, results:
{'t': 174, 'current_accuracy': 0.5078125, 'current_loss': 2.3144301176071167, 'train_loss': None, 'decision': 0, 'drift_rate': 0.0, 'target_domains': ['cartoon']}
Loss historical diff: 2.1171987801790237; Loss Difference: 0.0, Decision: 0
Round 176 took 4.16002893447876s, results:
{'t': 175, 'current_accuracy': 0.5078125, 'current_loss': 2.314430594444275, 'train_loss': None, 'decision': 0, 'drift_rate': 0.0, 'target_domains': ['cartoon']}
Loss historical diff: 2.117199018597603; Loss Difference: 0.0, Decision: 0
Round 177 took 4.2416160106658936s, results:
{'t': 176, 'current_accuracy': 0.5078125, 'current_loss': 2.314430832862854, 'train_loss': None, 'decision': 0, 'drift_rate': 0.0, 'target_domains': ['cartoon']}
Loss historical diff: 2.1172004491090775; Loss Difference: 0.0, Decision: 1
Average loss over 5 updates: 0.7652
Round 178 took 6.696280002593994s, results:
{'t': 177, 'current_accuracy': 0.5078125, 'current_loss': 2.3144322633743286, 'train_loss': 0.7652466058731079, 'decision': 1, 'drift_rate': 0.0, 'target_domains': ['cartoon']}
Loss historical diff: 2.0420525819063187; Loss Difference: 0.0, Decision: 0
Round 179 took 4.302949905395508s, results:
{'t': 178, 'current_accuracy': 0.53515625, 'current_loss': 2.23928439617157, 'train_loss': None, 'decision': 0, 'drift_rate': 0.0, 'target_domains': ['cartoon']}
Loss historical diff: 2.2015810757875443; Loss Difference: 0.0, Decision: 0
Round 180 took 4.631155252456665s, results:
{'t': 179, 'current_accuracy': 0.48828125, 'current_loss': 2.3988128900527954, 'train_loss': None, 'decision': 0, 'drift_rate': 0.35, 'target_domains': ['sketch']}
Loss historical diff: 2.4675558358430862; Loss Difference: 0.0, Decision: 0
Round 181 took 4.496163606643677s, results:
{'t': 180, 'current_accuracy': 0.421875, 'current_loss': 2.6647876501083374, 'train_loss': None, 'decision': 0, 'drift_rate': 0.35, 'target_domains': ['sketch']}
Loss historical diff: 2.7494155913591385; Loss Difference: 0.0, Decision: 1
Average loss over 5 updates: 1.4624
Round 182 took 6.759063720703125s, results:
{'t': 181, 'current_accuracy': 0.3359375, 'current_loss': 2.9466474056243896, 'train_loss': 1.4623528003692627, 'decision': 1, 'drift_rate': 0.35, 'target_domains': ['sketch']}
Loss historical diff: 4.522414639592171; Loss Difference: 0.0, Decision: 1
Average loss over 5 updates: 1.0689
Round 183 took 7.089134454727173s, results:
{'t': 182, 'current_accuracy': 0.17578125, 'current_loss': 4.719646453857422, 'train_loss': 1.0688885688781737, 'decision': 1, 'drift_rate': 0.0, 'target_domains': ['sketch']}
Loss historical diff: 3.278530791401863; Loss Difference: 0.0, Decision: 0
Round 184 took 4.232546806335449s, results:
{'t': 183, 'current_accuracy': 0.21484375, 'current_loss': 3.4757626056671143, 'train_loss': None, 'decision': 0, 'drift_rate': 0.0, 'target_domains': ['sketch']}
Loss historical diff: 3.278530314564705; Loss Difference: 0.0, Decision: 0
Round 185 took 4.2214295864105225s, results:
{'t': 184, 'current_accuracy': 0.21484375, 'current_loss': 3.475762128829956, 'train_loss': None, 'decision': 0, 'drift_rate': 0.0, 'target_domains': ['sketch']}
Loss historical diff: 3.278530552983284; Loss Difference: 0.0, Decision: 0
Round 186 took 4.2568206787109375s, results:
{'t': 185, 'current_accuracy': 0.21484375, 'current_loss': 3.475762367248535, 'train_loss': None, 'decision': 0, 'drift_rate': 0.0, 'target_domains': ['sketch']}
Loss historical diff: 3.278529718518257; Loss Difference: 0.0, Decision: 0
Round 187 took 4.402815341949463s, results:
{'t': 186, 'current_accuracy': 0.21484375, 'current_loss': 3.4757615327835083, 'train_loss': None, 'decision': 0, 'drift_rate': 0.0, 'target_domains': ['sketch']}
Loss historical diff: 3.278529480099678; Loss Difference: 0.0, Decision: 0
Round 188 took 4.301809549331665s, results:
{'t': 187, 'current_accuracy': 0.21484375, 'current_loss': 3.475761294364929, 'train_loss': None, 'decision': 0, 'drift_rate': 0.0, 'target_domains': ['sketch']}
Loss historical diff: 3.278530076146126; Loss Difference: 0.0, Decision: 0
Round 189 took 4.323189973831177s, results:
{'t': 188, 'current_accuracy': 0.21484375, 'current_loss': 3.475761890411377, 'train_loss': None, 'decision': 0, 'drift_rate': 0.0, 'target_domains': ['sketch']}
Loss historical diff: 3.2785301953554153; Loss Difference: 0.0, Decision: 0
Round 190 took 4.3402087688446045s, results:
{'t': 189, 'current_accuracy': 0.21484375, 'current_loss': 3.4757620096206665, 'train_loss': None, 'decision': 0, 'drift_rate': 0.0, 'target_domains': ['sketch']}
Loss historical diff: 3.2785299569368362; Loss Difference: 0.0, Decision: 0
Round 191 took 4.117901086807251s, results:
{'t': 190, 'current_accuracy': 0.21484375, 'current_loss': 3.4757617712020874, 'train_loss': None, 'decision': 0, 'drift_rate': 0.0, 'target_domains': ['sketch']}
Loss historical diff: 3.278530552983284; Loss Difference: 0.0, Decision: 0
Round 192 took 4.298481464385986s, results:
{'t': 191, 'current_accuracy': 0.21484375, 'current_loss': 3.475762367248535, 'train_loss': None, 'decision': 0, 'drift_rate': 0.0, 'target_domains': ['sketch']}
Loss historical diff: 3.2785304337739944; Loss Difference: 0.0, Decision: 0
Round 193 took 4.299718618392944s, results:
{'t': 192, 'current_accuracy': 0.21484375, 'current_loss': 3.4757622480392456, 'train_loss': None, 'decision': 0, 'drift_rate': 0.0, 'target_domains': ['sketch']}
Loss historical diff: 3.2785304337739944; Loss Difference: 0.0, Decision: 0
Round 194 took 4.218352317810059s, results:
{'t': 193, 'current_accuracy': 0.21484375, 'current_loss': 3.4757622480392456, 'train_loss': None, 'decision': 0, 'drift_rate': 0.0, 'target_domains': ['sketch']}
Loss historical diff: 3.2785298377275467; Loss Difference: 0.0, Decision: 0
Round 195 took 4.229877948760986s, results:
{'t': 194, 'current_accuracy': 0.21484375, 'current_loss': 3.475761651992798, 'train_loss': None, 'decision': 0, 'drift_rate': 0.0, 'target_domains': ['sketch']}
Loss historical diff: 3.278530552983284; Loss Difference: 0.0, Decision: 0
Round 196 took 4.367619276046753s, results:
{'t': 195, 'current_accuracy': 0.21484375, 'current_loss': 3.475762367248535, 'train_loss': None, 'decision': 0, 'drift_rate': 0.0, 'target_domains': ['sketch']}
Loss historical diff: 3.278530076146126; Loss Difference: 0.0, Decision: 0
Round 197 took 4.197546005249023s, results:
{'t': 196, 'current_accuracy': 0.21484375, 'current_loss': 3.475761890411377, 'train_loss': None, 'decision': 0, 'drift_rate': 0.0, 'target_domains': ['sketch']}
Loss historical diff: 3.278530552983284; Loss Difference: 0.0, Decision: 0
Round 198 took 4.183775186538696s, results:
{'t': 197, 'current_accuracy': 0.21484375, 'current_loss': 3.475762367248535, 'train_loss': None, 'decision': 0, 'drift_rate': 0.0, 'target_domains': ['sketch']}
Loss historical diff: 3.2785304337739944; Loss Difference: 0.0, Decision: 0
Round 199 took 4.3894360065460205s, results:
{'t': 198, 'current_accuracy': 0.21484375, 'current_loss': 3.4757622480392456, 'train_loss': None, 'decision': 0, 'drift_rate': 0.0, 'target_domains': ['sketch']}
Loss historical diff: 3.2785298377275467; Loss Difference: 0.0, Decision: 0
Round 200 took 4.294951438903809s, results:
{'t': 199, 'current_accuracy': 0.21484375, 'current_loss': 3.475761651992798, 'train_loss': None, 'decision': 0, 'drift_rate': 0.0, 'target_domains': ['sketch']}
Loss historical diff: 3.278530076146126; Loss Difference: 0.0, Decision: 0
Round 201 took 4.5008721351623535s, results:
{'t': 200, 'current_accuracy': 0.21484375, 'current_loss': 3.475761890411377, 'train_loss': None, 'decision': 0, 'drift_rate': 0.0, 'target_domains': ['sketch']}
Loss historical diff: 3.278531029820442; Loss Difference: 0.0, Decision: 0
Round 202 took 4.147943496704102s, results:
{'t': 201, 'current_accuracy': 0.21484375, 'current_loss': 3.4757628440856934, 'train_loss': None, 'decision': 0, 'drift_rate': 0.0, 'target_domains': ['sketch']}
Loss historical diff: 3.278529241681099; Loss Difference: 0.0, Decision: 0
Round 203 took 4.27533745765686s, results:
{'t': 202, 'current_accuracy': 0.21484375, 'current_loss': 3.47576105594635, 'train_loss': None, 'decision': 0, 'drift_rate': 0.0, 'target_domains': ['sketch']}
Loss historical diff: 3.278530076146126; Loss Difference: 0.0, Decision: 0
Round 204 took 4.097498416900635s, results:
{'t': 203, 'current_accuracy': 0.21484375, 'current_loss': 3.475761890411377, 'train_loss': None, 'decision': 0, 'drift_rate': 0.0, 'target_domains': ['sketch']}
Loss historical diff: 3.2785306721925735; Loss Difference: 0.0, Decision: 0
Round 205 took 4.264801740646362s, results:
{'t': 204, 'current_accuracy': 0.21484375, 'current_loss': 3.4757624864578247, 'train_loss': None, 'decision': 0, 'drift_rate': 0.0, 'target_domains': ['sketch']}
Loss historical diff: 3.278530552983284; Loss Difference: 0.0, Decision: 0
Round 206 took 4.253295421600342s, results:
{'t': 205, 'current_accuracy': 0.21484375, 'current_loss': 3.475762367248535, 'train_loss': None, 'decision': 0, 'drift_rate': 0.0, 'target_domains': ['sketch']}
Loss historical diff: 3.2785301953554153; Loss Difference: 0.0, Decision: 0
Round 207 took 4.428644895553589s, results:
{'t': 206, 'current_accuracy': 0.21484375, 'current_loss': 3.4757620096206665, 'train_loss': None, 'decision': 0, 'drift_rate': 0.0, 'target_domains': ['sketch']}
Loss historical diff: 3.2785304337739944; Loss Difference: 0.0, Decision: 0
Round 208 took 4.227103233337402s, results:
{'t': 207, 'current_accuracy': 0.21484375, 'current_loss': 3.4757622480392456, 'train_loss': None, 'decision': 0, 'drift_rate': 0.0, 'target_domains': ['sketch']}
Loss historical diff: 3.2785301953554153; Loss Difference: 0.0, Decision: 0
Round 209 took 4.470484495162964s, results:
{'t': 208, 'current_accuracy': 0.21484375, 'current_loss': 3.4757620096206665, 'train_loss': None, 'decision': 0, 'drift_rate': 0.0, 'target_domains': ['sketch']}
Loss historical diff: 3.278530314564705; Loss Difference: 0.0, Decision: 0
Round 210 took 4.389545440673828s, results:
{'t': 209, 'current_accuracy': 0.21484375, 'current_loss': 3.475762128829956, 'train_loss': None, 'decision': 0, 'drift_rate': 0.0, 'target_domains': ['sketch']}
Loss historical diff: 3.2785299569368362; Loss Difference: 0.0, Decision: 0
Round 211 took 4.490894317626953s, results:
{'t': 210, 'current_accuracy': 0.21484375, 'current_loss': 3.4757617712020874, 'train_loss': None, 'decision': 0, 'drift_rate': 0.0, 'target_domains': ['sketch']}
Loss historical diff: 3.278530552983284; Loss Difference: 0.0, Decision: 0
Round 212 took 4.171178102493286s, results:
{'t': 211, 'current_accuracy': 0.21484375, 'current_loss': 3.475762367248535, 'train_loss': None, 'decision': 0, 'drift_rate': 0.0, 'target_domains': ['sketch']}
Loss historical diff: 3.278530076146126; Loss Difference: 0.0, Decision: 0
Round 213 took 4.543683767318726s, results:
{'t': 212, 'current_accuracy': 0.21484375, 'current_loss': 3.475761890411377, 'train_loss': None, 'decision': 0, 'drift_rate': 0.0, 'target_domains': ['sketch']}
Loss historical diff: 3.278530314564705; Loss Difference: 0.0, Decision: 0
Round 214 took 4.136797189712524s, results:
{'t': 213, 'current_accuracy': 0.21484375, 'current_loss': 3.475762128829956, 'train_loss': None, 'decision': 0, 'drift_rate': 0.0, 'target_domains': ['sketch']}
Loss historical diff: 3.278530314564705; Loss Difference: 0.0, Decision: 0
Round 215 took 4.154452562332153s, results:
{'t': 214, 'current_accuracy': 0.21484375, 'current_loss': 3.475762128829956, 'train_loss': None, 'decision': 0, 'drift_rate': 0.0, 'target_domains': ['sketch']}
Loss historical diff: 3.278530552983284; Loss Difference: 0.0, Decision: 0
Round 216 took 4.199871063232422s, results:
{'t': 215, 'current_accuracy': 0.21484375, 'current_loss': 3.475762367248535, 'train_loss': None, 'decision': 0, 'drift_rate': 0.0, 'target_domains': ['sketch']}
Loss historical diff: 3.278530076146126; Loss Difference: 0.0, Decision: 0
Round 217 took 4.512084245681763s, results:
{'t': 216, 'current_accuracy': 0.21484375, 'current_loss': 3.475761890411377, 'train_loss': None, 'decision': 0, 'drift_rate': 0.0, 'target_domains': ['sketch']}
Loss historical diff: 3.2785301953554153; Loss Difference: 0.0, Decision: 0
Round 218 took 4.508242130279541s, results:
{'t': 217, 'current_accuracy': 0.21484375, 'current_loss': 3.4757620096206665, 'train_loss': None, 'decision': 0, 'drift_rate': 0.0, 'target_domains': ['sketch']}
Loss historical diff: 3.2785299569368362; Loss Difference: 0.0, Decision: 0
Round 219 took 4.154979467391968s, results:
{'t': 218, 'current_accuracy': 0.21484375, 'current_loss': 3.4757617712020874, 'train_loss': None, 'decision': 0, 'drift_rate': 0.0, 'target_domains': ['sketch']}
Loss historical diff: 3.278530314564705; Loss Difference: 0.0, Decision: 0
Round 220 took 4.17663311958313s, results:
{'t': 219, 'current_accuracy': 0.21484375, 'current_loss': 3.475762128829956, 'train_loss': None, 'decision': 0, 'drift_rate': 0.0, 'target_domains': ['sketch']}
Loss historical diff: 3.278530076146126; Loss Difference: 0.0, Decision: 0
Round 221 took 4.295306921005249s, results:
{'t': 220, 'current_accuracy': 0.21484375, 'current_loss': 3.475761890411377, 'train_loss': None, 'decision': 0, 'drift_rate': 0.0, 'target_domains': ['sketch']}
Loss historical diff: 3.2785299569368362; Loss Difference: 0.0, Decision: 0
Round 222 took 4.227926015853882s, results:
{'t': 221, 'current_accuracy': 0.21484375, 'current_loss': 3.4757617712020874, 'train_loss': None, 'decision': 0, 'drift_rate': 0.0, 'target_domains': ['sketch']}
Loss historical diff: 3.2785304337739944; Loss Difference: 0.0, Decision: 0
Round 223 took 4.371440410614014s, results:
{'t': 222, 'current_accuracy': 0.21484375, 'current_loss': 3.4757622480392456, 'train_loss': None, 'decision': 0, 'drift_rate': 0.0, 'target_domains': ['sketch']}
Loss historical diff: 3.278530314564705; Loss Difference: 0.0, Decision: 0
Round 224 took 4.146367311477661s, results:
{'t': 223, 'current_accuracy': 0.21484375, 'current_loss': 3.475762128829956, 'train_loss': None, 'decision': 0, 'drift_rate': 0.0, 'target_domains': ['sketch']}
Loss historical diff: 3.2785301953554153; Loss Difference: 0.0, Decision: 0
Round 225 took 4.212335109710693s, results:
{'t': 224, 'current_accuracy': 0.21484375, 'current_loss': 3.4757620096206665, 'train_loss': None, 'decision': 0, 'drift_rate': 0.0, 'target_domains': ['sketch']}
Loss historical diff: 3.278530791401863; Loss Difference: 0.0, Decision: 0
Round 226 took 4.1746861934661865s, results:
{'t': 225, 'current_accuracy': 0.21484375, 'current_loss': 3.4757626056671143, 'train_loss': None, 'decision': 0, 'drift_rate': 0.0, 'target_domains': ['sketch']}
Loss historical diff: 3.278530314564705; Loss Difference: 0.0, Decision: 0
Round 227 took 4.638740301132202s, results:
{'t': 226, 'current_accuracy': 0.21484375, 'current_loss': 3.475762128829956, 'train_loss': None, 'decision': 0, 'drift_rate': 0.0, 'target_domains': ['sketch']}
Loss historical diff: 3.2785304337739944; Loss Difference: 0.0, Decision: 0
Round 228 took 4.428977012634277s, results:
{'t': 227, 'current_accuracy': 0.21484375, 'current_loss': 3.4757622480392456, 'train_loss': None, 'decision': 0, 'drift_rate': 0.0, 'target_domains': ['sketch']}
Loss historical diff: 3.2785304337739944; Loss Difference: 0.0, Decision: 0
Round 229 took 4.097815275192261s, results:
{'t': 228, 'current_accuracy': 0.21484375, 'current_loss': 3.4757622480392456, 'train_loss': None, 'decision': 0, 'drift_rate': 0.0, 'target_domains': ['sketch']}
Loss historical diff: 3.278530552983284; Loss Difference: 0.0, Decision: 0
Round 230 took 4.385785341262817s, results:
{'t': 229, 'current_accuracy': 0.21484375, 'current_loss': 3.475762367248535, 'train_loss': None, 'decision': 0, 'drift_rate': 0.0, 'target_domains': ['sketch']}
Loss historical diff: 3.2785299569368362; Loss Difference: 0.0, Decision: 0
Round 231 took 4.133876323699951s, results:
{'t': 230, 'current_accuracy': 0.21484375, 'current_loss': 3.4757617712020874, 'train_loss': None, 'decision': 0, 'drift_rate': 0.0, 'target_domains': ['sketch']}
Loss historical diff: 3.2785301953554153; Loss Difference: 0.0, Decision: 0
Round 232 took 4.605159044265747s, results:
{'t': 231, 'current_accuracy': 0.21484375, 'current_loss': 3.4757620096206665, 'train_loss': None, 'decision': 0, 'drift_rate': 0.0, 'target_domains': ['sketch']}
Loss historical diff: 3.278529718518257; Loss Difference: 0.0, Decision: 0
Round 233 took 4.544460296630859s, results:
{'t': 232, 'current_accuracy': 0.21484375, 'current_loss': 3.4757615327835083, 'train_loss': None, 'decision': 0, 'drift_rate': 0.0, 'target_domains': ['sketch']}
Loss historical diff: 3.2785298377275467; Loss Difference: 0.0, Decision: 0
Round 234 took 3.991295337677002s, results:
{'t': 233, 'current_accuracy': 0.21484375, 'current_loss': 3.475761651992798, 'train_loss': None, 'decision': 0, 'drift_rate': 0.0, 'target_domains': ['sketch']}
Loss historical diff: 3.278530076146126; Loss Difference: 0.0, Decision: 0
Round 235 took 3.914569139480591s, results:
{'t': 234, 'current_accuracy': 0.21484375, 'current_loss': 3.475761890411377, 'train_loss': None, 'decision': 0, 'drift_rate': 0.0, 'target_domains': ['sketch']}
Loss historical diff: 3.278529718518257; Loss Difference: 0.0, Decision: 0
Round 236 took 3.927567958831787s, results:
{'t': 235, 'current_accuracy': 0.21484375, 'current_loss': 3.4757615327835083, 'train_loss': None, 'decision': 0, 'drift_rate': 0.0, 'target_domains': ['sketch']}
Loss historical diff: 3.278530314564705; Loss Difference: 0.0, Decision: 0
Round 237 took 4.201862812042236s, results:
{'t': 236, 'current_accuracy': 0.21484375, 'current_loss': 3.475762128829956, 'train_loss': None, 'decision': 0, 'drift_rate': 0.0, 'target_domains': ['sketch']}
Loss historical diff: 3.278530314564705; Loss Difference: 0.0, Decision: 0
Round 238 took 4.348409175872803s, results:
{'t': 237, 'current_accuracy': 0.21484375, 'current_loss': 3.475762128829956, 'train_loss': None, 'decision': 0, 'drift_rate': 0.0, 'target_domains': ['sketch']}
Loss historical diff: 3.2785298377275467; Loss Difference: 0.0, Decision: 0
Round 239 took 4.119935989379883s, results:
{'t': 238, 'current_accuracy': 0.21484375, 'current_loss': 3.475761651992798, 'train_loss': None, 'decision': 0, 'drift_rate': 0.0, 'target_domains': ['sketch']}
Loss historical diff: 3.278530076146126; Loss Difference: 0.0, Decision: 0
Round 240 took 3.8895790576934814s, results:
{'t': 239, 'current_accuracy': 0.21484375, 'current_loss': 3.475761890411377, 'train_loss': None, 'decision': 0, 'drift_rate': 0.0, 'target_domains': ['sketch']}
Loss historical diff: 3.2785298377275467; Loss Difference: 0.0, Decision: 0
Round 241 took 4.12841534614563s, results:
{'t': 240, 'current_accuracy': 0.21484375, 'current_loss': 3.475761651992798, 'train_loss': None, 'decision': 0, 'drift_rate': 0.0, 'target_domains': ['sketch']}
Loss historical diff: 3.2785295993089676; Loss Difference: 0.0, Decision: 0
Round 242 took 3.912705421447754s, results:
{'t': 241, 'current_accuracy': 0.21484375, 'current_loss': 3.4757614135742188, 'train_loss': None, 'decision': 0, 'drift_rate': 0.0, 'target_domains': ['sketch']}
Loss historical diff: 3.2785299569368362; Loss Difference: 0.0, Decision: 0
Round 243 took 3.9308114051818848s, results:
{'t': 242, 'current_accuracy': 0.21484375, 'current_loss': 3.4757617712020874, 'train_loss': None, 'decision': 0, 'drift_rate': 0.0, 'target_domains': ['sketch']}
Loss historical diff: 3.2785299569368362; Loss Difference: 0.0, Decision: 0
Round 244 took 3.9102978706359863s, results:
{'t': 243, 'current_accuracy': 0.21484375, 'current_loss': 3.4757617712020874, 'train_loss': None, 'decision': 0, 'drift_rate': 0.0, 'target_domains': ['sketch']}
Loss historical diff: 3.278530552983284; Loss Difference: 0.0, Decision: 0
Round 245 took 3.708467721939087s, results:
{'t': 244, 'current_accuracy': 0.21484375, 'current_loss': 3.475762367248535, 'train_loss': None, 'decision': 0, 'drift_rate': 0.0, 'target_domains': ['sketch']}
Loss historical diff: 3.2785304337739944; Loss Difference: 0.0, Decision: 0
Round 246 took 4.001453876495361s, results:
{'t': 245, 'current_accuracy': 0.21484375, 'current_loss': 3.4757622480392456, 'train_loss': None, 'decision': 0, 'drift_rate': 0.0, 'target_domains': ['sketch']}
Loss historical diff: 3.2785304337739944; Loss Difference: 0.0, Decision: 0
Round 247 took 4.10362434387207s, results:
{'t': 246, 'current_accuracy': 0.21484375, 'current_loss': 3.4757622480392456, 'train_loss': None, 'decision': 0, 'drift_rate': 0.0, 'target_domains': ['sketch']}
Loss historical diff: 3.2785299569368362; Loss Difference: 0.0, Decision: 0
Round 248 took 3.866084575653076s, results:
{'t': 247, 'current_accuracy': 0.21484375, 'current_loss': 3.4757617712020874, 'train_loss': None, 'decision': 0, 'drift_rate': 0.0, 'target_domains': ['sketch']}
Loss historical diff: 3.2785299569368362; Loss Difference: 0.0, Decision: 0
Round 249 took 3.997426748275757s, results:
{'t': 248, 'current_accuracy': 0.21484375, 'current_loss': 3.4757617712020874, 'train_loss': None, 'decision': 0, 'drift_rate': 0.0, 'target_domains': ['sketch']}
Loss historical diff: 3.2785299569368362; Loss Difference: 0.0, Decision: 0
Round 250 took 4.154618978500366s, results:
{'t': 249, 'current_accuracy': 0.21484375, 'current_loss': 3.4757617712020874, 'train_loss': None, 'decision': 0, 'drift_rate': 0.0, 'target_domains': ['sketch']}
Average time per round: 4.339704940795898
Total time: 1084.9262351989746
