Using the latest cached version of the dataset since flwrlabs/pacs couldn't be found on the Hugging Face Hub
Found the latest cached dataset configuration 'default' at /home/apiasecz/.cache/huggingface/datasets/flwrlabs___pacs/default/0.0.0/394113073258ead631f617d2e13bb377c0715c4b (last modified on Wed Jan 29 16:59:35 2025).
Using the latest cached version of the dataset since flwrlabs/pacs couldn't be found on the Hugging Face Hub
Found the latest cached dataset configuration 'default' at /home/apiasecz/.cache/huggingface/datasets/flwrlabs___pacs/default/0.0.0/394113073258ead631f617d2e13bb377c0715c4b (last modified on Wed Jan 29 16:59:35 2025).
Using the latest cached version of the dataset since flwrlabs/pacs couldn't be found on the Hugging Face Hub
Found the latest cached dataset configuration 'default' at /home/apiasecz/.cache/huggingface/datasets/flwrlabs___pacs/default/0.0.0/394113073258ead631f617d2e13bb377c0715c4b (last modified on Wed Jan 29 16:59:35 2025).
Using the latest cached version of the dataset since flwrlabs/pacs couldn't be found on the Hugging Face Hub
Found the latest cached dataset configuration 'default' at /home/apiasecz/.cache/huggingface/datasets/flwrlabs___pacs/default/0.0.0/394113073258ead631f617d2e13bb377c0715c4b (last modified on Wed Jan 29 16:59:35 2025).
Using the latest cached version of the dataset since flwrlabs/pacs couldn't be found on the Hugging Face Hub
Found the latest cached dataset configuration 'default' at /home/apiasecz/.cache/huggingface/datasets/flwrlabs___pacs/default/0.0.0/394113073258ead631f617d2e13bb377c0715c4b (last modified on Wed Jan 29 16:59:35 2025).
Device: cuda
CUDA Version: 12.1
cuDNN Version: 8902
PyTorch Version: 2.3.0

Model used: PACSCNN_4
Initial dataset creation
Initial dataset creation
Initial loss: 0.5811418294906616
<__main__.Policy object at 0x14a006ef7710>
0.5811418294906616
Average loss over 1 updates: 0.5445
Round 1 took 0.6618590354919434s, results:
{'t': 0, 'current_accuracy': 0.77734375, 'current_loss': 0.6844458281993866, 'train_loss': 0.5444738268852234, 'decision': 1, 'drift_rate': 0.0, 'target_domains': ['cartoon']}
Round 2 took 0.3887505531311035s, results:
{'t': 1, 'current_accuracy': 0.796875, 'current_loss': 0.5516635477542877, 'train_loss': None, 'decision': 0, 'drift_rate': 0.0, 'target_domains': ['cartoon']}
Round 3 took 0.38961148262023926s, results:
{'t': 2, 'current_accuracy': 0.796875, 'current_loss': 0.5516635030508041, 'train_loss': None, 'decision': 0, 'drift_rate': 0.0, 'target_domains': ['cartoon']}
Round 4 took 0.3894646167755127s, results:
{'t': 3, 'current_accuracy': 0.796875, 'current_loss': 0.5516636669635773, 'train_loss': None, 'decision': 0, 'drift_rate': 0.0, 'target_domains': ['cartoon']}
Round 5 took 0.38892626762390137s, results:
{'t': 4, 'current_accuracy': 0.796875, 'current_loss': 0.5516636073589325, 'train_loss': None, 'decision': 0, 'drift_rate': 0.0, 'target_domains': ['cartoon']}
Round 6 took 0.4108455181121826s, results:
{'t': 5, 'current_accuracy': 0.796875, 'current_loss': 0.5516635328531265, 'train_loss': None, 'decision': 0, 'drift_rate': 0.0, 'target_domains': ['cartoon']}
Round 7 took 0.3902280330657959s, results:
{'t': 6, 'current_accuracy': 0.796875, 'current_loss': 0.5516634583473206, 'train_loss': None, 'decision': 0, 'drift_rate': 0.0, 'target_domains': ['cartoon']}
Round 8 took 0.38971400260925293s, results:
{'t': 7, 'current_accuracy': 0.796875, 'current_loss': 0.5516634583473206, 'train_loss': None, 'decision': 0, 'drift_rate': 0.0, 'target_domains': ['cartoon']}
Round 9 took 0.39002394676208496s, results:
{'t': 8, 'current_accuracy': 0.796875, 'current_loss': 0.5516634583473206, 'train_loss': None, 'decision': 0, 'drift_rate': 0.0, 'target_domains': ['cartoon']}
Round 10 took 0.3899505138397217s, results:
{'t': 9, 'current_accuracy': 0.796875, 'current_loss': 0.5516635179519653, 'train_loss': None, 'decision': 0, 'drift_rate': 0.0, 'target_domains': ['cartoon']}
Round 11 took 0.39644837379455566s, results:
{'t': 10, 'current_accuracy': 0.796875, 'current_loss': 0.5516636371612549, 'train_loss': None, 'decision': 0, 'drift_rate': 0.0, 'target_domains': ['cartoon']}
Round 12 took 0.3906252384185791s, results:
{'t': 11, 'current_accuracy': 0.796875, 'current_loss': 0.5516633987426758, 'train_loss': None, 'decision': 0, 'drift_rate': 0.0, 'target_domains': ['cartoon']}
Round 13 took 0.38985419273376465s, results:
{'t': 12, 'current_accuracy': 0.796875, 'current_loss': 0.5516635477542877, 'train_loss': None, 'decision': 0, 'drift_rate': 0.0, 'target_domains': ['cartoon']}
Round 14 took 0.389711856842041s, results:
{'t': 13, 'current_accuracy': 0.796875, 'current_loss': 0.5516635179519653, 'train_loss': None, 'decision': 0, 'drift_rate': 0.0, 'target_domains': ['cartoon']}
Round 15 took 0.39008259773254395s, results:
{'t': 14, 'current_accuracy': 0.796875, 'current_loss': 0.5516634881496429, 'train_loss': None, 'decision': 0, 'drift_rate': 0.0, 'target_domains': ['cartoon']}
Round 16 took 0.3902606964111328s, results:
{'t': 15, 'current_accuracy': 0.796875, 'current_loss': 0.5516635179519653, 'train_loss': None, 'decision': 0, 'drift_rate': 0.0, 'target_domains': ['cartoon']}
Round 17 took 0.39071154594421387s, results:
{'t': 16, 'current_accuracy': 0.796875, 'current_loss': 0.5516635924577713, 'train_loss': None, 'decision': 0, 'drift_rate': 0.0, 'target_domains': ['cartoon']}
Round 18 took 0.3903682231903076s, results:
{'t': 17, 'current_accuracy': 0.796875, 'current_loss': 0.5516635179519653, 'train_loss': None, 'decision': 0, 'drift_rate': 0.0, 'target_domains': ['cartoon']}
Round 19 took 0.3903663158416748s, results:
{'t': 18, 'current_accuracy': 0.796875, 'current_loss': 0.5516635775566101, 'train_loss': None, 'decision': 0, 'drift_rate': 0.0, 'target_domains': ['cartoon']}
Round 20 took 0.3897690773010254s, results:
{'t': 19, 'current_accuracy': 0.796875, 'current_loss': 0.5516636520624161, 'train_loss': None, 'decision': 0, 'drift_rate': 0.0, 'target_domains': ['cartoon']}
Round 21 took 0.39285731315612793s, results:
{'t': 20, 'current_accuracy': 0.796875, 'current_loss': 0.5516635775566101, 'train_loss': None, 'decision': 0, 'drift_rate': 0.0, 'target_domains': ['cartoon']}
Round 22 took 0.39072561264038086s, results:
{'t': 21, 'current_accuracy': 0.796875, 'current_loss': 0.5516636520624161, 'train_loss': None, 'decision': 0, 'drift_rate': 0.0, 'target_domains': ['cartoon']}
Round 23 took 0.3908205032348633s, results:
{'t': 22, 'current_accuracy': 0.796875, 'current_loss': 0.5516635775566101, 'train_loss': None, 'decision': 0, 'drift_rate': 0.0, 'target_domains': ['cartoon']}
Round 24 took 0.3901863098144531s, results:
{'t': 23, 'current_accuracy': 0.796875, 'current_loss': 0.5516635477542877, 'train_loss': None, 'decision': 0, 'drift_rate': 0.0, 'target_domains': ['cartoon']}
Round 25 took 0.390702486038208s, results:
{'t': 24, 'current_accuracy': 0.796875, 'current_loss': 0.5516635328531265, 'train_loss': None, 'decision': 0, 'drift_rate': 0.0, 'target_domains': ['cartoon']}
Average loss over 1 updates: 1.3010
Round 26 took 0.5733780860900879s, results:
{'t': 25, 'current_accuracy': 0.5546875, 'current_loss': 1.3112202882766724, 'train_loss': 1.300997018814087, 'decision': 1, 'drift_rate': 0.5, 'target_domains': ['sketch']}
Average loss over 1 updates: 2.4780
Round 27 took 0.5667448043823242s, results:
{'t': 26, 'current_accuracy': 0.28515625, 'current_loss': 1.8166547417640686, 'train_loss': 2.478043794631958, 'decision': 1, 'drift_rate': 0.5, 'target_domains': ['sketch']}
Average loss over 1 updates: 1.5764
Round 28 took 0.5631678104400635s, results:
{'t': 27, 'current_accuracy': 0.25, 'current_loss': 2.3740227222442627, 'train_loss': 1.5764007568359375, 'decision': 1, 'drift_rate': 0.0, 'target_domains': ['sketch']}
Average loss over 1 updates: 1.5118
Round 29 took 0.5634679794311523s, results:
{'t': 28, 'current_accuracy': 0.2421875, 'current_loss': 2.336277484893799, 'train_loss': 1.5118327140808105, 'decision': 1, 'drift_rate': 0.0, 'target_domains': ['sketch']}
Average loss over 1 updates: 1.4635
Round 30 took 0.5630831718444824s, results:
{'t': 29, 'current_accuracy': 0.27734375, 'current_loss': 2.1226398944854736, 'train_loss': 1.4634608030319214, 'decision': 1, 'drift_rate': 0.0, 'target_domains': ['sketch']}
Average loss over 1 updates: 1.3786
Round 31 took 0.5618975162506104s, results:
{'t': 30, 'current_accuracy': 0.30859375, 'current_loss': 1.980974793434143, 'train_loss': 1.378595232963562, 'decision': 1, 'drift_rate': 0.0, 'target_domains': ['sketch']}
Average loss over 1 updates: 1.2542
Round 32 took 0.5629281997680664s, results:
{'t': 31, 'current_accuracy': 0.3203125, 'current_loss': 1.9258559942245483, 'train_loss': 1.254153847694397, 'decision': 1, 'drift_rate': 0.0, 'target_domains': ['sketch']}
Round 33 took 0.38932371139526367s, results:
{'t': 32, 'current_accuracy': 0.46875, 'current_loss': 1.723587989807129, 'train_loss': None, 'decision': 0, 'drift_rate': 0.0, 'target_domains': ['sketch']}
Round 34 took 0.3904848098754883s, results:
{'t': 33, 'current_accuracy': 0.46875, 'current_loss': 1.7235877513885498, 'train_loss': None, 'decision': 0, 'drift_rate': 0.0, 'target_domains': ['sketch']}
Round 35 took 0.389263391494751s, results:
{'t': 34, 'current_accuracy': 0.46875, 'current_loss': 1.7235881686210632, 'train_loss': None, 'decision': 0, 'drift_rate': 0.0, 'target_domains': ['sketch']}
Round 36 took 0.3895392417907715s, results:
{'t': 35, 'current_accuracy': 0.46875, 'current_loss': 1.7235878109931946, 'train_loss': None, 'decision': 0, 'drift_rate': 0.0, 'target_domains': ['sketch']}
Round 37 took 0.3899550437927246s, results:
{'t': 36, 'current_accuracy': 0.46875, 'current_loss': 1.7235880494117737, 'train_loss': None, 'decision': 0, 'drift_rate': 0.0, 'target_domains': ['sketch']}
Round 38 took 0.3897264003753662s, results:
{'t': 37, 'current_accuracy': 0.46875, 'current_loss': 1.7235875129699707, 'train_loss': None, 'decision': 0, 'drift_rate': 0.0, 'target_domains': ['sketch']}
Round 39 took 0.3893759250640869s, results:
{'t': 38, 'current_accuracy': 0.46875, 'current_loss': 1.7235877513885498, 'train_loss': None, 'decision': 0, 'drift_rate': 0.0, 'target_domains': ['sketch']}
Round 40 took 0.3949868679046631s, results:
{'t': 39, 'current_accuracy': 0.46875, 'current_loss': 1.7235881090164185, 'train_loss': None, 'decision': 0, 'drift_rate': 0.0, 'target_domains': ['sketch']}
Round 41 took 0.39014673233032227s, results:
{'t': 40, 'current_accuracy': 0.46875, 'current_loss': 1.7235877513885498, 'train_loss': None, 'decision': 0, 'drift_rate': 0.0, 'target_domains': ['sketch']}
Average loss over 1 updates: 1.2434
Round 42 took 0.5632081031799316s, results:
{'t': 41, 'current_accuracy': 0.46875, 'current_loss': 1.723587691783905, 'train_loss': 1.243430495262146, 'decision': 1, 'drift_rate': 0.0, 'target_domains': ['sketch']}
Round 43 took 0.390688419342041s, results:
{'t': 42, 'current_accuracy': 0.48046875, 'current_loss': 1.6511061191558838, 'train_loss': None, 'decision': 0, 'drift_rate': 0.0, 'target_domains': ['sketch']}
Round 44 took 0.3892683982849121s, results:
{'t': 43, 'current_accuracy': 0.48046875, 'current_loss': 1.6511059999465942, 'train_loss': None, 'decision': 0, 'drift_rate': 0.0, 'target_domains': ['sketch']}
Round 45 took 0.38953495025634766s, results:
{'t': 44, 'current_accuracy': 0.48046875, 'current_loss': 1.6511058807373047, 'train_loss': None, 'decision': 0, 'drift_rate': 0.0, 'target_domains': ['sketch']}
Round 46 took 0.39540839195251465s, results:
{'t': 45, 'current_accuracy': 0.48046875, 'current_loss': 1.6511061787605286, 'train_loss': None, 'decision': 0, 'drift_rate': 0.0, 'target_domains': ['sketch']}
Round 47 took 0.3893618583679199s, results:
{'t': 46, 'current_accuracy': 0.48046875, 'current_loss': 1.6511062383651733, 'train_loss': None, 'decision': 0, 'drift_rate': 0.0, 'target_domains': ['sketch']}
Round 48 took 0.3889601230621338s, results:
{'t': 47, 'current_accuracy': 0.48046875, 'current_loss': 1.6511059999465942, 'train_loss': None, 'decision': 0, 'drift_rate': 0.0, 'target_domains': ['sketch']}
Round 49 took 0.3890061378479004s, results:
{'t': 48, 'current_accuracy': 0.48046875, 'current_loss': 1.6511059999465942, 'train_loss': None, 'decision': 0, 'drift_rate': 0.0, 'target_domains': ['sketch']}
Round 50 took 0.3900895118713379s, results:
{'t': 49, 'current_accuracy': 0.48046875, 'current_loss': 1.6511059999465942, 'train_loss': None, 'decision': 0, 'drift_rate': 0.0, 'target_domains': ['sketch']}
Round 51 took 0.3887789249420166s, results:
{'t': 50, 'current_accuracy': 0.48046875, 'current_loss': 1.6511059999465942, 'train_loss': None, 'decision': 0, 'drift_rate': 0.0, 'target_domains': ['sketch']}
Round 52 took 0.3896186351776123s, results:
{'t': 51, 'current_accuracy': 0.48046875, 'current_loss': 1.6511059999465942, 'train_loss': None, 'decision': 0, 'drift_rate': 0.0, 'target_domains': ['sketch']}
Round 53 took 0.39186596870422363s, results:
{'t': 52, 'current_accuracy': 0.48046875, 'current_loss': 1.651106059551239, 'train_loss': None, 'decision': 0, 'drift_rate': 0.0, 'target_domains': ['sketch']}
Round 54 took 0.3900020122528076s, results:
{'t': 53, 'current_accuracy': 0.48046875, 'current_loss': 1.651106059551239, 'train_loss': None, 'decision': 0, 'drift_rate': 0.0, 'target_domains': ['sketch']}
Round 55 took 0.3894643783569336s, results:
{'t': 54, 'current_accuracy': 0.48046875, 'current_loss': 1.6511064767837524, 'train_loss': None, 'decision': 0, 'drift_rate': 0.0, 'target_domains': ['sketch']}
Average loss over 1 updates: 1.1791
Round 56 took 0.5645456314086914s, results:
{'t': 55, 'current_accuracy': 0.48046875, 'current_loss': 1.6511061787605286, 'train_loss': 1.1790848970413208, 'decision': 1, 'drift_rate': 0.0, 'target_domains': ['sketch']}
Average loss over 1 updates: 1.2922
Round 57 took 0.565777063369751s, results:
{'t': 56, 'current_accuracy': 0.38671875, 'current_loss': 1.837283194065094, 'train_loss': 1.2921948432922363, 'decision': 1, 'drift_rate': 0.0, 'target_domains': ['sketch']}
Average loss over 1 updates: 1.1125
Round 58 took 0.5703940391540527s, results:
{'t': 57, 'current_accuracy': 0.31640625, 'current_loss': 2.152070164680481, 'train_loss': 1.1124885082244873, 'decision': 1, 'drift_rate': 0.0, 'target_domains': ['sketch']}
Round 59 took 0.390671968460083s, results:
{'t': 58, 'current_accuracy': 0.37109375, 'current_loss': 2.021202564239502, 'train_loss': None, 'decision': 0, 'drift_rate': 0.0, 'target_domains': ['sketch']}
Round 60 took 0.3901796340942383s, results:
{'t': 59, 'current_accuracy': 0.37109375, 'current_loss': 2.0212026834487915, 'train_loss': None, 'decision': 0, 'drift_rate': 0.0, 'target_domains': ['sketch']}
Round 61 took 0.38965487480163574s, results:
{'t': 60, 'current_accuracy': 0.37109375, 'current_loss': 2.0212022066116333, 'train_loss': None, 'decision': 0, 'drift_rate': 0.0, 'target_domains': ['sketch']}
Round 62 took 0.3899657726287842s, results:
{'t': 61, 'current_accuracy': 0.37109375, 'current_loss': 2.021202504634857, 'train_loss': None, 'decision': 0, 'drift_rate': 0.0, 'target_domains': ['sketch']}
Round 63 took 0.3893122673034668s, results:
{'t': 62, 'current_accuracy': 0.37109375, 'current_loss': 2.021202504634857, 'train_loss': None, 'decision': 0, 'drift_rate': 0.0, 'target_domains': ['sketch']}
Round 64 took 0.3915219306945801s, results:
{'t': 63, 'current_accuracy': 0.37109375, 'current_loss': 2.021202325820923, 'train_loss': None, 'decision': 0, 'drift_rate': 0.0, 'target_domains': ['sketch']}
Round 65 took 0.38894224166870117s, results:
{'t': 64, 'current_accuracy': 0.37109375, 'current_loss': 2.021202504634857, 'train_loss': None, 'decision': 0, 'drift_rate': 0.0, 'target_domains': ['sketch']}
Round 66 took 0.38861536979675293s, results:
{'t': 65, 'current_accuracy': 0.37109375, 'current_loss': 2.021202266216278, 'train_loss': None, 'decision': 0, 'drift_rate': 0.0, 'target_domains': ['sketch']}
Average loss over 1 updates: 1.1252
Round 67 took 0.5648989677429199s, results:
{'t': 66, 'current_accuracy': 0.37109375, 'current_loss': 2.021202504634857, 'train_loss': 1.1252237558364868, 'decision': 1, 'drift_rate': 0.0, 'target_domains': ['sketch']}
Round 68 took 0.38953590393066406s, results:
{'t': 67, 'current_accuracy': 0.41015625, 'current_loss': 1.7658206820487976, 'train_loss': None, 'decision': 0, 'drift_rate': 0.0, 'target_domains': ['sketch']}
Round 69 took 0.38841724395751953s, results:
{'t': 68, 'current_accuracy': 0.41015625, 'current_loss': 1.7658209204673767, 'train_loss': None, 'decision': 0, 'drift_rate': 0.0, 'target_domains': ['sketch']}
Round 70 took 0.3918581008911133s, results:
{'t': 69, 'current_accuracy': 0.41015625, 'current_loss': 1.7658206820487976, 'train_loss': None, 'decision': 0, 'drift_rate': 0.0, 'target_domains': ['sketch']}
Round 71 took 0.38947224617004395s, results:
{'t': 70, 'current_accuracy': 0.41015625, 'current_loss': 1.7658205032348633, 'train_loss': None, 'decision': 0, 'drift_rate': 0.0, 'target_domains': ['sketch']}
Round 72 took 0.38942742347717285s, results:
{'t': 71, 'current_accuracy': 0.41015625, 'current_loss': 1.7658203840255737, 'train_loss': None, 'decision': 0, 'drift_rate': 0.0, 'target_domains': ['sketch']}
Round 73 took 0.3899047374725342s, results:
{'t': 72, 'current_accuracy': 0.41015625, 'current_loss': 1.7658205032348633, 'train_loss': None, 'decision': 0, 'drift_rate': 0.0, 'target_domains': ['sketch']}
Round 74 took 0.38919878005981445s, results:
{'t': 73, 'current_accuracy': 0.41015625, 'current_loss': 1.7658203840255737, 'train_loss': None, 'decision': 0, 'drift_rate': 0.0, 'target_domains': ['sketch']}
Round 75 took 0.3895149230957031s, results:
{'t': 74, 'current_accuracy': 0.41015625, 'current_loss': 1.7658206224441528, 'train_loss': None, 'decision': 0, 'drift_rate': 0.0, 'target_domains': ['sketch']}
Round 76 took 0.39060139656066895s, results:
{'t': 75, 'current_accuracy': 0.41015625, 'current_loss': 1.7658203840255737, 'train_loss': None, 'decision': 0, 'drift_rate': 0.0, 'target_domains': ['sketch']}
Round 77 took 0.3889780044555664s, results:
{'t': 76, 'current_accuracy': 0.41015625, 'current_loss': 1.7658205032348633, 'train_loss': None, 'decision': 0, 'drift_rate': 0.0, 'target_domains': ['sketch']}
Round 78 took 0.3889615535736084s, results:
{'t': 77, 'current_accuracy': 0.41015625, 'current_loss': 1.7658203840255737, 'train_loss': None, 'decision': 0, 'drift_rate': 0.0, 'target_domains': ['sketch']}
Round 79 took 0.38886260986328125s, results:
{'t': 78, 'current_accuracy': 0.41015625, 'current_loss': 1.7658203840255737, 'train_loss': None, 'decision': 0, 'drift_rate': 0.0, 'target_domains': ['sketch']}
Round 80 took 0.388946533203125s, results:
{'t': 79, 'current_accuracy': 0.41015625, 'current_loss': 1.7658207416534424, 'train_loss': None, 'decision': 0, 'drift_rate': 0.0, 'target_domains': ['sketch']}
Round 81 took 0.3893773555755615s, results:
{'t': 80, 'current_accuracy': 0.41015625, 'current_loss': 1.7658205032348633, 'train_loss': None, 'decision': 0, 'drift_rate': 0.0, 'target_domains': ['sketch']}
Round 82 took 0.38901472091674805s, results:
{'t': 81, 'current_accuracy': 0.41015625, 'current_loss': 1.7658208012580872, 'train_loss': None, 'decision': 0, 'drift_rate': 0.0, 'target_domains': ['sketch']}
Round 83 took 0.3901951313018799s, results:
{'t': 82, 'current_accuracy': 0.41015625, 'current_loss': 1.7658206820487976, 'train_loss': None, 'decision': 0, 'drift_rate': 0.0, 'target_domains': ['sketch']}
Round 84 took 0.38883209228515625s, results:
{'t': 83, 'current_accuracy': 0.41015625, 'current_loss': 1.7658203840255737, 'train_loss': None, 'decision': 0, 'drift_rate': 0.0, 'target_domains': ['sketch']}
Round 85 took 0.38904380798339844s, results:
{'t': 84, 'current_accuracy': 0.41015625, 'current_loss': 1.7658206820487976, 'train_loss': None, 'decision': 0, 'drift_rate': 0.0, 'target_domains': ['sketch']}
Round 86 took 0.3885939121246338s, results:
{'t': 85, 'current_accuracy': 0.41015625, 'current_loss': 1.765820562839508, 'train_loss': None, 'decision': 0, 'drift_rate': 0.0, 'target_domains': ['sketch']}
Round 87 took 0.3893015384674072s, results:
{'t': 86, 'current_accuracy': 0.41015625, 'current_loss': 1.765820562839508, 'train_loss': None, 'decision': 0, 'drift_rate': 0.0, 'target_domains': ['sketch']}
Round 88 took 0.3880789279937744s, results:
{'t': 87, 'current_accuracy': 0.41015625, 'current_loss': 1.765820860862732, 'train_loss': None, 'decision': 0, 'drift_rate': 0.0, 'target_domains': ['sketch']}
Round 89 took 0.4039604663848877s, results:
{'t': 88, 'current_accuracy': 0.41015625, 'current_loss': 1.765820860862732, 'train_loss': None, 'decision': 0, 'drift_rate': 0.0, 'target_domains': ['sketch']}
Average loss over 1 updates: 1.1570
Round 90 took 0.566504716873169s, results:
{'t': 89, 'current_accuracy': 0.41015625, 'current_loss': 1.765820562839508, 'train_loss': 1.1570091247558594, 'decision': 1, 'drift_rate': 0.0, 'target_domains': ['sketch']}
Round 91 took 0.3901863098144531s, results:
{'t': 90, 'current_accuracy': 0.45703125, 'current_loss': 1.4675723314285278, 'train_loss': None, 'decision': 0, 'drift_rate': 0.0, 'target_domains': ['sketch']}
Round 92 took 0.3893864154815674s, results:
{'t': 91, 'current_accuracy': 0.45703125, 'current_loss': 1.4675719141960144, 'train_loss': None, 'decision': 0, 'drift_rate': 0.0, 'target_domains': ['sketch']}
Round 93 took 0.38881373405456543s, results:
{'t': 92, 'current_accuracy': 0.45703125, 'current_loss': 1.4675717949867249, 'train_loss': None, 'decision': 0, 'drift_rate': 0.0, 'target_domains': ['sketch']}
Round 94 took 0.38957953453063965s, results:
{'t': 93, 'current_accuracy': 0.45703125, 'current_loss': 1.4675726890563965, 'train_loss': None, 'decision': 0, 'drift_rate': 0.0, 'target_domains': ['sketch']}
Round 95 took 0.39547109603881836s, results:
{'t': 94, 'current_accuracy': 0.45703125, 'current_loss': 1.4675716161727905, 'train_loss': None, 'decision': 0, 'drift_rate': 0.0, 'target_domains': ['sketch']}
Round 96 took 0.3894991874694824s, results:
{'t': 95, 'current_accuracy': 0.45703125, 'current_loss': 1.4675720930099487, 'train_loss': None, 'decision': 0, 'drift_rate': 0.0, 'target_domains': ['sketch']}
Round 97 took 0.38831210136413574s, results:
{'t': 96, 'current_accuracy': 0.45703125, 'current_loss': 1.4675716757774353, 'train_loss': None, 'decision': 0, 'drift_rate': 0.0, 'target_domains': ['sketch']}
Round 98 took 0.38933539390563965s, results:
{'t': 97, 'current_accuracy': 0.45703125, 'current_loss': 1.4675718545913696, 'train_loss': None, 'decision': 0, 'drift_rate': 0.0, 'target_domains': ['sketch']}
Round 99 took 0.3889186382293701s, results:
{'t': 98, 'current_accuracy': 0.45703125, 'current_loss': 1.467572271823883, 'train_loss': None, 'decision': 0, 'drift_rate': 0.0, 'target_domains': ['sketch']}
Round 100 took 0.38877058029174805s, results:
{'t': 99, 'current_accuracy': 0.45703125, 'current_loss': 1.4675717949867249, 'train_loss': None, 'decision': 0, 'drift_rate': 0.0, 'target_domains': ['sketch']}
Round 101 took 0.3895907402038574s, results:
{'t': 100, 'current_accuracy': 0.45703125, 'current_loss': 1.4675719141960144, 'train_loss': None, 'decision': 0, 'drift_rate': 0.0, 'target_domains': ['sketch']}
Round 102 took 0.3887622356414795s, results:
{'t': 101, 'current_accuracy': 0.45703125, 'current_loss': 1.4675720930099487, 'train_loss': None, 'decision': 0, 'drift_rate': 0.0, 'target_domains': ['sketch']}
Round 103 took 0.38912034034729004s, results:
{'t': 102, 'current_accuracy': 0.45703125, 'current_loss': 1.4675718545913696, 'train_loss': None, 'decision': 0, 'drift_rate': 0.0, 'target_domains': ['sketch']}
Round 104 took 0.3896298408508301s, results:
{'t': 103, 'current_accuracy': 0.45703125, 'current_loss': 1.4675721526145935, 'train_loss': None, 'decision': 0, 'drift_rate': 0.0, 'target_domains': ['sketch']}
Round 105 took 0.3896920680999756s, results:
{'t': 104, 'current_accuracy': 0.45703125, 'current_loss': 1.4675722122192383, 'train_loss': None, 'decision': 0, 'drift_rate': 0.0, 'target_domains': ['sketch']}
Round 106 took 0.38922739028930664s, results:
{'t': 105, 'current_accuracy': 0.45703125, 'current_loss': 1.4675723910331726, 'train_loss': None, 'decision': 0, 'drift_rate': 0.0, 'target_domains': ['sketch']}
Round 107 took 0.391984224319458s, results:
{'t': 106, 'current_accuracy': 0.45703125, 'current_loss': 1.4675717949867249, 'train_loss': None, 'decision': 0, 'drift_rate': 0.0, 'target_domains': ['sketch']}
Round 108 took 0.3893158435821533s, results:
{'t': 107, 'current_accuracy': 0.45703125, 'current_loss': 1.4675721526145935, 'train_loss': None, 'decision': 0, 'drift_rate': 0.0, 'target_domains': ['sketch']}
Round 109 took 0.38921451568603516s, results:
{'t': 108, 'current_accuracy': 0.45703125, 'current_loss': 1.4675717949867249, 'train_loss': None, 'decision': 0, 'drift_rate': 0.0, 'target_domains': ['sketch']}
Round 110 took 0.38956618309020996s, results:
{'t': 109, 'current_accuracy': 0.45703125, 'current_loss': 1.4675720930099487, 'train_loss': None, 'decision': 0, 'drift_rate': 0.0, 'target_domains': ['sketch']}
Round 111 took 0.38925647735595703s, results:
{'t': 110, 'current_accuracy': 0.45703125, 'current_loss': 1.4675715565681458, 'train_loss': None, 'decision': 0, 'drift_rate': 0.0, 'target_domains': ['sketch']}
Round 112 took 0.38923144340515137s, results:
{'t': 111, 'current_accuracy': 0.45703125, 'current_loss': 1.4675723910331726, 'train_loss': None, 'decision': 0, 'drift_rate': 0.0, 'target_domains': ['sketch']}
Round 113 took 0.3888974189758301s, results:
{'t': 112, 'current_accuracy': 0.45703125, 'current_loss': 1.46757173538208, 'train_loss': None, 'decision': 0, 'drift_rate': 0.0, 'target_domains': ['sketch']}
Round 114 took 0.38919615745544434s, results:
{'t': 113, 'current_accuracy': 0.45703125, 'current_loss': 1.4675719738006592, 'train_loss': None, 'decision': 0, 'drift_rate': 0.0, 'target_domains': ['sketch']}
Average loss over 1 updates: 1.0349
Round 115 took 0.5669066905975342s, results:
{'t': 114, 'current_accuracy': 0.45703125, 'current_loss': 1.4675718545913696, 'train_loss': 1.034889817237854, 'decision': 1, 'drift_rate': 0.0, 'target_domains': ['sketch']}
Round 116 took 0.3894045352935791s, results:
{'t': 115, 'current_accuracy': 0.48046875, 'current_loss': 1.5064483880996704, 'train_loss': None, 'decision': 0, 'drift_rate': 0.0, 'target_domains': ['sketch']}
Round 117 took 0.3887825012207031s, results:
{'t': 116, 'current_accuracy': 0.48046875, 'current_loss': 1.5064486265182495, 'train_loss': None, 'decision': 0, 'drift_rate': 0.0, 'target_domains': ['sketch']}
Round 118 took 0.3898885250091553s, results:
{'t': 117, 'current_accuracy': 0.48046875, 'current_loss': 1.5064486265182495, 'train_loss': None, 'decision': 0, 'drift_rate': 0.0, 'target_domains': ['sketch']}
Round 119 took 0.38886499404907227s, results:
{'t': 118, 'current_accuracy': 0.48046875, 'current_loss': 1.5064486861228943, 'train_loss': None, 'decision': 0, 'drift_rate': 0.0, 'target_domains': ['sketch']}
Round 120 took 0.38978147506713867s, results:
{'t': 119, 'current_accuracy': 0.48046875, 'current_loss': 1.5064486265182495, 'train_loss': None, 'decision': 0, 'drift_rate': 0.0, 'target_domains': ['sketch']}
Round 121 took 0.3901400566101074s, results:
{'t': 120, 'current_accuracy': 0.48046875, 'current_loss': 1.5064483880996704, 'train_loss': None, 'decision': 0, 'drift_rate': 0.0, 'target_domains': ['sketch']}
Round 122 took 0.38983821868896484s, results:
{'t': 121, 'current_accuracy': 0.48046875, 'current_loss': 1.5064482688903809, 'train_loss': None, 'decision': 0, 'drift_rate': 0.0, 'target_domains': ['sketch']}
Average loss over 1 updates: 0.9462
Round 123 took 0.5685582160949707s, results:
{'t': 122, 'current_accuracy': 0.48046875, 'current_loss': 1.5064483880996704, 'train_loss': 0.9462409615516663, 'decision': 1, 'drift_rate': 0.0, 'target_domains': ['sketch']}
Round 124 took 0.38909244537353516s, results:
{'t': 123, 'current_accuracy': 0.55859375, 'current_loss': 1.3233683109283447, 'train_loss': None, 'decision': 0, 'drift_rate': 0.0, 'target_domains': ['sketch']}
Round 125 took 0.38724255561828613s, results:
{'t': 124, 'current_accuracy': 0.55859375, 'current_loss': 1.3233686089515686, 'train_loss': None, 'decision': 0, 'drift_rate': 0.0, 'target_domains': ['sketch']}
Average loss over 1 updates: 1.0768
Round 126 took 0.5758960247039795s, results:
{'t': 125, 'current_accuracy': 0.453125, 'current_loss': 2.3489185571670532, 'train_loss': 1.0767706632614136, 'decision': 1, 'drift_rate': 0.5, 'target_domains': ['cartoon']}
Average loss over 1 updates: 0.8463
Round 127 took 0.5781247615814209s, results:
{'t': 126, 'current_accuracy': 0.296875, 'current_loss': 3.724372386932373, 'train_loss': 0.8462701439857483, 'decision': 1, 'drift_rate': 0.5, 'target_domains': ['cartoon']}
Average loss over 1 updates: 0.6202
Round 128 took 0.572641134262085s, results:
{'t': 127, 'current_accuracy': 0.390625, 'current_loss': 2.5631524324417114, 'train_loss': 0.6202064156532288, 'decision': 1, 'drift_rate': 0.0, 'target_domains': ['cartoon']}
Round 129 took 0.38878941535949707s, results:
{'t': 128, 'current_accuracy': 0.48828125, 'current_loss': 2.1685624718666077, 'train_loss': None, 'decision': 0, 'drift_rate': 0.0, 'target_domains': ['cartoon']}
Average loss over 1 updates: 0.6339
Round 130 took 0.5644755363464355s, results:
{'t': 129, 'current_accuracy': 0.48828125, 'current_loss': 2.168562352657318, 'train_loss': 0.6338598728179932, 'decision': 1, 'drift_rate': 0.0, 'target_domains': ['cartoon']}
Round 131 took 0.38976049423217773s, results:
{'t': 130, 'current_accuracy': 0.59375, 'current_loss': 1.4097495675086975, 'train_loss': None, 'decision': 0, 'drift_rate': 0.0, 'target_domains': ['cartoon']}
Round 132 took 0.3883960247039795s, results:
{'t': 131, 'current_accuracy': 0.59375, 'current_loss': 1.4097498059272766, 'train_loss': None, 'decision': 0, 'drift_rate': 0.0, 'target_domains': ['cartoon']}
Round 133 took 0.389725923538208s, results:
{'t': 132, 'current_accuracy': 0.59375, 'current_loss': 1.4097498655319214, 'train_loss': None, 'decision': 0, 'drift_rate': 0.0, 'target_domains': ['cartoon']}
Round 134 took 0.3899855613708496s, results:
{'t': 133, 'current_accuracy': 0.59375, 'current_loss': 1.4097497463226318, 'train_loss': None, 'decision': 0, 'drift_rate': 0.0, 'target_domains': ['cartoon']}
Round 135 took 0.3894639015197754s, results:
{'t': 134, 'current_accuracy': 0.59375, 'current_loss': 1.409749686717987, 'train_loss': None, 'decision': 0, 'drift_rate': 0.0, 'target_domains': ['cartoon']}
Round 136 took 0.3871791362762451s, results:
{'t': 135, 'current_accuracy': 0.59375, 'current_loss': 1.4097495079040527, 'train_loss': None, 'decision': 0, 'drift_rate': 0.0, 'target_domains': ['cartoon']}
Round 137 took 0.3872532844543457s, results:
{'t': 136, 'current_accuracy': 0.59375, 'current_loss': 1.4097498059272766, 'train_loss': None, 'decision': 0, 'drift_rate': 0.0, 'target_domains': ['cartoon']}
Round 138 took 0.3867638111114502s, results:
{'t': 137, 'current_accuracy': 0.59375, 'current_loss': 1.4097497463226318, 'train_loss': None, 'decision': 0, 'drift_rate': 0.0, 'target_domains': ['cartoon']}
Round 139 took 0.3869915008544922s, results:
{'t': 138, 'current_accuracy': 0.59375, 'current_loss': 1.409749448299408, 'train_loss': None, 'decision': 0, 'drift_rate': 0.0, 'target_domains': ['cartoon']}
Round 140 took 0.38574790954589844s, results:
{'t': 139, 'current_accuracy': 0.59375, 'current_loss': 1.4097495079040527, 'train_loss': None, 'decision': 0, 'drift_rate': 0.0, 'target_domains': ['cartoon']}
Round 141 took 0.3864786624908447s, results:
{'t': 140, 'current_accuracy': 0.59375, 'current_loss': 1.409749984741211, 'train_loss': None, 'decision': 0, 'drift_rate': 0.0, 'target_domains': ['cartoon']}
Round 142 took 0.3873462677001953s, results:
{'t': 141, 'current_accuracy': 0.59375, 'current_loss': 1.4097497463226318, 'train_loss': None, 'decision': 0, 'drift_rate': 0.0, 'target_domains': ['cartoon']}
Round 143 took 0.3897438049316406s, results:
{'t': 142, 'current_accuracy': 0.59375, 'current_loss': 1.4097499251365662, 'train_loss': None, 'decision': 0, 'drift_rate': 0.0, 'target_domains': ['cartoon']}
Round 144 took 0.38790225982666016s, results:
{'t': 143, 'current_accuracy': 0.59375, 'current_loss': 1.4097501039505005, 'train_loss': None, 'decision': 0, 'drift_rate': 0.0, 'target_domains': ['cartoon']}
Round 145 took 0.38678407669067383s, results:
{'t': 144, 'current_accuracy': 0.59375, 'current_loss': 1.4097496271133423, 'train_loss': None, 'decision': 0, 'drift_rate': 0.0, 'target_domains': ['cartoon']}
Round 146 took 0.3868749141693115s, results:
{'t': 145, 'current_accuracy': 0.59375, 'current_loss': 1.4097496271133423, 'train_loss': None, 'decision': 0, 'drift_rate': 0.0, 'target_domains': ['cartoon']}
Round 147 took 0.3873903751373291s, results:
{'t': 146, 'current_accuracy': 0.59375, 'current_loss': 1.409749686717987, 'train_loss': None, 'decision': 0, 'drift_rate': 0.0, 'target_domains': ['cartoon']}
Round 148 took 0.38747286796569824s, results:
{'t': 147, 'current_accuracy': 0.59375, 'current_loss': 1.4097495675086975, 'train_loss': None, 'decision': 0, 'drift_rate': 0.0, 'target_domains': ['cartoon']}
Round 149 took 0.38759756088256836s, results:
{'t': 148, 'current_accuracy': 0.59375, 'current_loss': 1.409749686717987, 'train_loss': None, 'decision': 0, 'drift_rate': 0.0, 'target_domains': ['cartoon']}
Round 150 took 0.3890237808227539s, results:
{'t': 149, 'current_accuracy': 0.59375, 'current_loss': 1.4097497463226318, 'train_loss': None, 'decision': 0, 'drift_rate': 0.0, 'target_domains': ['cartoon']}
Round 151 took 0.3901658058166504s, results:
{'t': 150, 'current_accuracy': 0.59375, 'current_loss': 1.4097496271133423, 'train_loss': None, 'decision': 0, 'drift_rate': 0.0, 'target_domains': ['cartoon']}
Round 152 took 0.388763427734375s, results:
{'t': 151, 'current_accuracy': 0.59375, 'current_loss': 1.409749984741211, 'train_loss': None, 'decision': 0, 'drift_rate': 0.0, 'target_domains': ['cartoon']}
Round 153 took 0.38890862464904785s, results:
{'t': 152, 'current_accuracy': 0.59375, 'current_loss': 1.4097498059272766, 'train_loss': None, 'decision': 0, 'drift_rate': 0.0, 'target_domains': ['cartoon']}
Round 154 took 0.3895449638366699s, results:
{'t': 153, 'current_accuracy': 0.59375, 'current_loss': 1.409749686717987, 'train_loss': None, 'decision': 0, 'drift_rate': 0.0, 'target_domains': ['cartoon']}
Round 155 took 0.3884284496307373s, results:
{'t': 154, 'current_accuracy': 0.59375, 'current_loss': 1.4097498059272766, 'train_loss': None, 'decision': 0, 'drift_rate': 0.0, 'target_domains': ['cartoon']}
Round 156 took 0.39018774032592773s, results:
{'t': 155, 'current_accuracy': 0.59375, 'current_loss': 1.409749448299408, 'train_loss': None, 'decision': 0, 'drift_rate': 0.0, 'target_domains': ['cartoon']}
Round 157 took 0.390869140625s, results:
{'t': 156, 'current_accuracy': 0.59375, 'current_loss': 1.4097496271133423, 'train_loss': None, 'decision': 0, 'drift_rate': 0.0, 'target_domains': ['cartoon']}
Round 158 took 0.38983941078186035s, results:
{'t': 157, 'current_accuracy': 0.59375, 'current_loss': 1.4097493886947632, 'train_loss': None, 'decision': 0, 'drift_rate': 0.0, 'target_domains': ['cartoon']}
Round 159 took 0.39011693000793457s, results:
{'t': 158, 'current_accuracy': 0.59375, 'current_loss': 1.4097500443458557, 'train_loss': None, 'decision': 0, 'drift_rate': 0.0, 'target_domains': ['cartoon']}
Round 160 took 0.3915581703186035s, results:
{'t': 159, 'current_accuracy': 0.59375, 'current_loss': 1.4097495675086975, 'train_loss': None, 'decision': 0, 'drift_rate': 0.0, 'target_domains': ['cartoon']}
Round 161 took 0.3902742862701416s, results:
{'t': 160, 'current_accuracy': 0.59375, 'current_loss': 1.409749686717987, 'train_loss': None, 'decision': 0, 'drift_rate': 0.0, 'target_domains': ['cartoon']}
Round 162 took 0.39173245429992676s, results:
{'t': 161, 'current_accuracy': 0.59375, 'current_loss': 1.4097496271133423, 'train_loss': None, 'decision': 0, 'drift_rate': 0.0, 'target_domains': ['cartoon']}
Round 163 took 0.3911442756652832s, results:
{'t': 162, 'current_accuracy': 0.59375, 'current_loss': 1.4097495675086975, 'train_loss': None, 'decision': 0, 'drift_rate': 0.0, 'target_domains': ['cartoon']}
Round 164 took 0.39083385467529297s, results:
{'t': 163, 'current_accuracy': 0.59375, 'current_loss': 1.4097495675086975, 'train_loss': None, 'decision': 0, 'drift_rate': 0.0, 'target_domains': ['cartoon']}
Round 165 took 0.3897221088409424s, results:
{'t': 164, 'current_accuracy': 0.59375, 'current_loss': 1.4097492694854736, 'train_loss': None, 'decision': 0, 'drift_rate': 0.0, 'target_domains': ['cartoon']}
Round 166 took 0.3906421661376953s, results:
{'t': 165, 'current_accuracy': 0.59375, 'current_loss': 1.4097498655319214, 'train_loss': None, 'decision': 0, 'drift_rate': 0.0, 'target_domains': ['cartoon']}
Round 167 took 0.3915717601776123s, results:
{'t': 166, 'current_accuracy': 0.59375, 'current_loss': 1.409749448299408, 'train_loss': None, 'decision': 0, 'drift_rate': 0.0, 'target_domains': ['cartoon']}
Round 168 took 0.3903677463531494s, results:
{'t': 167, 'current_accuracy': 0.59375, 'current_loss': 1.4097498059272766, 'train_loss': None, 'decision': 0, 'drift_rate': 0.0, 'target_domains': ['cartoon']}
Round 169 took 0.38994741439819336s, results:
{'t': 168, 'current_accuracy': 0.59375, 'current_loss': 1.409749448299408, 'train_loss': None, 'decision': 0, 'drift_rate': 0.0, 'target_domains': ['cartoon']}
Round 170 took 0.38900136947631836s, results:
{'t': 169, 'current_accuracy': 0.59375, 'current_loss': 1.409749448299408, 'train_loss': None, 'decision': 0, 'drift_rate': 0.0, 'target_domains': ['cartoon']}
Round 171 took 0.39043307304382324s, results:
{'t': 170, 'current_accuracy': 0.59375, 'current_loss': 1.4097495675086975, 'train_loss': None, 'decision': 0, 'drift_rate': 0.0, 'target_domains': ['cartoon']}
Round 172 took 0.38910865783691406s, results:
{'t': 171, 'current_accuracy': 0.59375, 'current_loss': 1.4097497463226318, 'train_loss': None, 'decision': 0, 'drift_rate': 0.0, 'target_domains': ['cartoon']}
Round 173 took 0.388690710067749s, results:
{'t': 172, 'current_accuracy': 0.59375, 'current_loss': 1.4097495675086975, 'train_loss': None, 'decision': 0, 'drift_rate': 0.0, 'target_domains': ['cartoon']}
Round 174 took 0.38877367973327637s, results:
{'t': 173, 'current_accuracy': 0.59375, 'current_loss': 1.4097498059272766, 'train_loss': None, 'decision': 0, 'drift_rate': 0.0, 'target_domains': ['cartoon']}
Round 175 took 0.38839054107666016s, results:
{'t': 174, 'current_accuracy': 0.59375, 'current_loss': 1.4097497463226318, 'train_loss': None, 'decision': 0, 'drift_rate': 0.0, 'target_domains': ['cartoon']}
Round 176 took 0.3904120922088623s, results:
{'t': 175, 'current_accuracy': 0.59375, 'current_loss': 1.4097497463226318, 'train_loss': None, 'decision': 0, 'drift_rate': 0.0, 'target_domains': ['cartoon']}
Round 177 took 0.38813185691833496s, results:
{'t': 176, 'current_accuracy': 0.59375, 'current_loss': 1.4097495675086975, 'train_loss': None, 'decision': 0, 'drift_rate': 0.0, 'target_domains': ['cartoon']}
Average loss over 1 updates: 0.5637
Round 178 took 0.5672965049743652s, results:
{'t': 177, 'current_accuracy': 0.59375, 'current_loss': 1.4097496271133423, 'train_loss': 0.563721239566803, 'decision': 1, 'drift_rate': 0.0, 'target_domains': ['cartoon']}
Average loss over 1 updates: 0.4773
Round 179 took 0.5648660659790039s, results:
{'t': 178, 'current_accuracy': 0.5234375, 'current_loss': 1.8501906394958496, 'train_loss': 0.4773373603820801, 'decision': 1, 'drift_rate': 0.0, 'target_domains': ['cartoon']}
Round 180 took 0.3888580799102783s, results:
{'t': 179, 'current_accuracy': 0.52734375, 'current_loss': 1.724639892578125, 'train_loss': None, 'decision': 0, 'drift_rate': 0.0, 'target_domains': ['cartoon']}
Round 181 took 0.3879377841949463s, results:
{'t': 180, 'current_accuracy': 0.52734375, 'current_loss': 1.7246398329734802, 'train_loss': None, 'decision': 0, 'drift_rate': 0.0, 'target_domains': ['cartoon']}
Average loss over 1 updates: 0.4610
Round 182 took 0.5646793842315674s, results:
{'t': 181, 'current_accuracy': 0.52734375, 'current_loss': 1.7246397137641907, 'train_loss': 0.4610366225242615, 'decision': 1, 'drift_rate': 0.0, 'target_domains': ['cartoon']}
Round 183 took 0.39041566848754883s, results:
{'t': 182, 'current_accuracy': 0.6796875, 'current_loss': 1.181675672531128, 'train_loss': None, 'decision': 0, 'drift_rate': 0.0, 'target_domains': ['cartoon']}
Round 184 took 0.38907504081726074s, results:
{'t': 183, 'current_accuracy': 0.6796875, 'current_loss': 1.1816757321357727, 'train_loss': None, 'decision': 0, 'drift_rate': 0.0, 'target_domains': ['cartoon']}
Round 185 took 0.388202428817749s, results:
{'t': 184, 'current_accuracy': 0.6796875, 'current_loss': 1.1816754937171936, 'train_loss': None, 'decision': 0, 'drift_rate': 0.0, 'target_domains': ['cartoon']}
Round 186 took 0.38748764991760254s, results:
{'t': 185, 'current_accuracy': 0.6796875, 'current_loss': 1.1816754937171936, 'train_loss': None, 'decision': 0, 'drift_rate': 0.0, 'target_domains': ['cartoon']}
Round 187 took 0.38715028762817383s, results:
{'t': 186, 'current_accuracy': 0.6796875, 'current_loss': 1.1816755533218384, 'train_loss': None, 'decision': 0, 'drift_rate': 0.0, 'target_domains': ['cartoon']}
Round 188 took 0.3874931335449219s, results:
{'t': 187, 'current_accuracy': 0.6796875, 'current_loss': 1.1816754937171936, 'train_loss': None, 'decision': 0, 'drift_rate': 0.0, 'target_domains': ['cartoon']}
Round 189 took 0.38747191429138184s, results:
{'t': 188, 'current_accuracy': 0.6796875, 'current_loss': 1.1816757917404175, 'train_loss': None, 'decision': 0, 'drift_rate': 0.0, 'target_domains': ['cartoon']}
Round 190 took 0.39689111709594727s, results:
{'t': 189, 'current_accuracy': 0.6796875, 'current_loss': 1.1816757917404175, 'train_loss': None, 'decision': 0, 'drift_rate': 0.0, 'target_domains': ['cartoon']}
Round 191 took 0.39543867111206055s, results:
{'t': 190, 'current_accuracy': 0.6796875, 'current_loss': 1.1816755831241608, 'train_loss': None, 'decision': 0, 'drift_rate': 0.0, 'target_domains': ['cartoon']}
Round 192 took 0.38916850090026855s, results:
{'t': 191, 'current_accuracy': 0.6796875, 'current_loss': 1.1816755533218384, 'train_loss': None, 'decision': 0, 'drift_rate': 0.0, 'target_domains': ['cartoon']}
Round 193 took 0.3887510299682617s, results:
{'t': 192, 'current_accuracy': 0.6796875, 'current_loss': 1.1816755533218384, 'train_loss': None, 'decision': 0, 'drift_rate': 0.0, 'target_domains': ['cartoon']}
Round 194 took 0.38823366165161133s, results:
{'t': 193, 'current_accuracy': 0.6796875, 'current_loss': 1.1816755533218384, 'train_loss': None, 'decision': 0, 'drift_rate': 0.0, 'target_domains': ['cartoon']}
Round 195 took 0.38713645935058594s, results:
{'t': 194, 'current_accuracy': 0.6796875, 'current_loss': 1.1816754341125488, 'train_loss': None, 'decision': 0, 'drift_rate': 0.0, 'target_domains': ['cartoon']}
Round 196 took 0.38995981216430664s, results:
{'t': 195, 'current_accuracy': 0.6796875, 'current_loss': 1.1816755533218384, 'train_loss': None, 'decision': 0, 'drift_rate': 0.0, 'target_domains': ['cartoon']}
Round 197 took 0.3890998363494873s, results:
{'t': 196, 'current_accuracy': 0.6796875, 'current_loss': 1.181675672531128, 'train_loss': None, 'decision': 0, 'drift_rate': 0.0, 'target_domains': ['cartoon']}
Round 198 took 0.38959479331970215s, results:
{'t': 197, 'current_accuracy': 0.6796875, 'current_loss': 1.1816755533218384, 'train_loss': None, 'decision': 0, 'drift_rate': 0.0, 'target_domains': ['cartoon']}
Round 199 took 0.39252448081970215s, results:
{'t': 198, 'current_accuracy': 0.6796875, 'current_loss': 1.1816757321357727, 'train_loss': None, 'decision': 0, 'drift_rate': 0.0, 'target_domains': ['cartoon']}
Round 200 took 0.3865528106689453s, results:
{'t': 199, 'current_accuracy': 0.6796875, 'current_loss': 1.181675374507904, 'train_loss': None, 'decision': 0, 'drift_rate': 0.0, 'target_domains': ['cartoon']}
Average time per round: 0.4106288230419159
Total time: 82.12576460838318
