Device: cuda
CUDA Version: 12.1
cuDNN Version: 8902
PyTorch Version: 2.3.0

Model used: PACSCNN_4
Initial dataset creation
Initial dataset creation
Initial loss: 0.19723181426525116
<__main__.Policy object at 0x14c6842598e0>
0.19723181426525116
0.0 []
Loss historical diff: 0.09683823585510254; Loss Difference: 0.0, Decision: 0
Round 1 took 2.5346362590789795s, results:
{'t': 0, 'current_accuracy': 0.9296875, 'current_loss': 0.2940700501203537, 'train_loss': None, 'decision': 0, 'drift_rate': 0.0, 'target_domains': ['art_painting']}
0.0 []
Loss historical diff: 0.09683699160814285; Loss Difference: 0.0, Decision: 0
Round 2 took 2.5285496711730957s, results:
{'t': 1, 'current_accuracy': 0.9296875, 'current_loss': 0.294068805873394, 'train_loss': None, 'decision': 0, 'drift_rate': 0.0, 'target_domains': ['art_painting']}
0.0 []
Loss historical diff: 0.09683791548013687; Loss Difference: 0.0, Decision: 0
Round 3 took 2.6025338172912598s, results:
{'t': 2, 'current_accuracy': 0.9296875, 'current_loss': 0.29406972974538803, 'train_loss': None, 'decision': 0, 'drift_rate': 0.0, 'target_domains': ['art_painting']}
0.0 []
Loss historical diff: 0.09683804959058762; Loss Difference: 0.0, Decision: 0
Round 4 took 2.8177449703216553s, results:
{'t': 3, 'current_accuracy': 0.9296875, 'current_loss': 0.2940698638558388, 'train_loss': None, 'decision': 0, 'drift_rate': 0.0, 'target_domains': ['art_painting']}
0.0 []
Loss historical diff: 0.09683793783187866; Loss Difference: 0.0, Decision: 0
Round 5 took 2.5656704902648926s, results:
{'t': 4, 'current_accuracy': 0.9296875, 'current_loss': 0.2940697520971298, 'train_loss': None, 'decision': 0, 'drift_rate': 0.0, 'target_domains': ['art_painting']}
0.0 []
Loss historical diff: 0.09683795273303986; Loss Difference: 0.0, Decision: 0
Round 6 took 2.5775792598724365s, results:
{'t': 5, 'current_accuracy': 0.9296875, 'current_loss': 0.294069766998291, 'train_loss': None, 'decision': 0, 'drift_rate': 0.0, 'target_domains': ['art_painting']}
0.0 []
Loss historical diff: 0.09683795273303986; Loss Difference: 0.0, Decision: 0
Round 7 took 2.6094601154327393s, results:
{'t': 6, 'current_accuracy': 0.9296875, 'current_loss': 0.294069766998291, 'train_loss': None, 'decision': 0, 'drift_rate': 0.0, 'target_domains': ['art_painting']}
0.0 []
Loss historical diff: 0.09683792293071747; Loss Difference: 0.0, Decision: 0
Round 8 took 2.5927600860595703s, results:
{'t': 7, 'current_accuracy': 0.9296875, 'current_loss': 0.29406973719596863, 'train_loss': None, 'decision': 0, 'drift_rate': 0.0, 'target_domains': ['art_painting']}
0.0 []
Loss historical diff: 0.09683790802955627; Loss Difference: 0.0, Decision: 0
Round 9 took 2.5509562492370605s, results:
{'t': 8, 'current_accuracy': 0.9296875, 'current_loss': 0.29406972229480743, 'train_loss': None, 'decision': 0, 'drift_rate': 0.0, 'target_domains': ['art_painting']}
0.0 []
Loss historical diff: 0.09683764725923538; Loss Difference: 0.0, Decision: 0
Round 10 took 2.5507965087890625s, results:
{'t': 9, 'current_accuracy': 0.9296875, 'current_loss': 0.29406946152448654, 'train_loss': None, 'decision': 0, 'drift_rate': 0.0, 'target_domains': ['art_painting']}
0.0 []
Loss historical diff: 0.09683790802955627; Loss Difference: 0.0, Decision: 0
Round 11 took 2.5095977783203125s, results:
{'t': 10, 'current_accuracy': 0.9296875, 'current_loss': 0.29406972229480743, 'train_loss': None, 'decision': 0, 'drift_rate': 0.0, 'target_domains': ['art_painting']}
0.0 []
Loss historical diff: 0.09683793038129807; Loss Difference: 0.0, Decision: 0
Round 12 took 2.451171398162842s, results:
{'t': 11, 'current_accuracy': 0.9296875, 'current_loss': 0.2940697446465492, 'train_loss': None, 'decision': 0, 'drift_rate': 0.0, 'target_domains': ['art_painting']}
0.0 []
Loss historical diff: 0.09683794528245926; Loss Difference: 0.0, Decision: 0
Round 13 took 2.538130760192871s, results:
{'t': 12, 'current_accuracy': 0.9296875, 'current_loss': 0.2940697595477104, 'train_loss': None, 'decision': 0, 'drift_rate': 0.0, 'target_domains': ['art_painting']}
0.0 []
Loss historical diff: 0.096837118268013; Loss Difference: 0.0, Decision: 0
Round 14 took 2.563110589981079s, results:
{'t': 13, 'current_accuracy': 0.9296875, 'current_loss': 0.29406893253326416, 'train_loss': None, 'decision': 0, 'drift_rate': 0.0, 'target_domains': ['art_painting']}
0.0 []
Loss historical diff: 0.09683791548013687; Loss Difference: 0.0, Decision: 0
Round 15 took 2.50909161567688s, results:
{'t': 14, 'current_accuracy': 0.9296875, 'current_loss': 0.29406972974538803, 'train_loss': None, 'decision': 0, 'drift_rate': 0.0, 'target_domains': ['art_painting']}
0.0 []
Loss historical diff: 0.09683793783187866; Loss Difference: 0.0, Decision: 0
Round 16 took 2.5885207653045654s, results:
{'t': 15, 'current_accuracy': 0.9296875, 'current_loss': 0.2940697520971298, 'train_loss': None, 'decision': 0, 'drift_rate': 0.0, 'target_domains': ['art_painting']}
0.0 []
Loss historical diff: 0.09683792293071747; Loss Difference: 0.0, Decision: 0
Round 17 took 2.6140029430389404s, results:
{'t': 16, 'current_accuracy': 0.9296875, 'current_loss': 0.29406973719596863, 'train_loss': None, 'decision': 0, 'drift_rate': 0.0, 'target_domains': ['art_painting']}
0.0 []
Loss historical diff: 0.09683793038129807; Loss Difference: 0.0, Decision: 0
Round 18 took 2.533569097518921s, results:
{'t': 17, 'current_accuracy': 0.9296875, 'current_loss': 0.2940697446465492, 'train_loss': None, 'decision': 0, 'drift_rate': 0.0, 'target_domains': ['art_painting']}
0.0 []
Loss historical diff: 0.09683771431446075; Loss Difference: 0.0, Decision: 0
Round 19 took 2.5113465785980225s, results:
{'t': 18, 'current_accuracy': 0.9296875, 'current_loss': 0.2940695285797119, 'train_loss': None, 'decision': 0, 'drift_rate': 0.0, 'target_domains': ['art_painting']}
0.0 []
Loss historical diff: 0.09683795273303986; Loss Difference: 0.0, Decision: 0
Round 20 took 2.477820873260498s, results:
{'t': 19, 'current_accuracy': 0.9296875, 'current_loss': 0.294069766998291, 'train_loss': None, 'decision': 0, 'drift_rate': 0.0, 'target_domains': ['art_painting']}
0.0 []
Loss historical diff: 0.09683792293071747; Loss Difference: 0.0, Decision: 0
Round 21 took 2.504904270172119s, results:
{'t': 20, 'current_accuracy': 0.9296875, 'current_loss': 0.29406973719596863, 'train_loss': None, 'decision': 0, 'drift_rate': 0.0, 'target_domains': ['art_painting']}
0.0 []
Loss historical diff: 0.09683792293071747; Loss Difference: 0.0, Decision: 0
Round 22 took 2.5462355613708496s, results:
{'t': 21, 'current_accuracy': 0.9296875, 'current_loss': 0.29406973719596863, 'train_loss': None, 'decision': 0, 'drift_rate': 0.0, 'target_domains': ['art_painting']}
0.0 []
Loss historical diff: 0.09683793783187866; Loss Difference: 0.0, Decision: 0
Round 23 took 2.4396471977233887s, results:
{'t': 22, 'current_accuracy': 0.9296875, 'current_loss': 0.2940697520971298, 'train_loss': None, 'decision': 0, 'drift_rate': 0.0, 'target_domains': ['art_painting']}
0.0 []
Loss historical diff: 0.09683791548013687; Loss Difference: 0.0, Decision: 0
Round 24 took 2.6275172233581543s, results:
{'t': 23, 'current_accuracy': 0.9296875, 'current_loss': 0.29406972974538803, 'train_loss': None, 'decision': 0, 'drift_rate': 0.0, 'target_domains': ['art_painting']}
0.0 []
Loss historical diff: 0.09683793783187866; Loss Difference: 0.0, Decision: 0
Round 25 took 2.431213855743408s, results:
{'t': 24, 'current_accuracy': 0.9296875, 'current_loss': 0.2940697520971298, 'train_loss': None, 'decision': 0, 'drift_rate': 0.0, 'target_domains': ['art_painting']}
0.0 []
Loss historical diff: 0.09683790802955627; Loss Difference: 0.0, Decision: 0
Round 26 took 2.427215576171875s, results:
{'t': 25, 'current_accuracy': 0.9296875, 'current_loss': 0.29406972229480743, 'train_loss': None, 'decision': 0, 'drift_rate': 0.0, 'target_domains': ['art_painting']}
0.0 []
Loss historical diff: 0.09683792293071747; Loss Difference: 0.0, Decision: 0
Round 27 took 2.462794303894043s, results:
{'t': 26, 'current_accuracy': 0.9296875, 'current_loss': 0.29406973719596863, 'train_loss': None, 'decision': 0, 'drift_rate': 0.0, 'target_domains': ['art_painting']}
0.0 []
Loss historical diff: 0.09683790802955627; Loss Difference: 0.0, Decision: 0
Round 28 took 2.579056978225708s, results:
{'t': 27, 'current_accuracy': 0.9296875, 'current_loss': 0.29406972229480743, 'train_loss': None, 'decision': 0, 'drift_rate': 0.0, 'target_domains': ['art_painting']}
0.0 []
Loss historical diff: 0.09683792293071747; Loss Difference: 0.0, Decision: 0
Round 29 took 2.5280661582946777s, results:
{'t': 28, 'current_accuracy': 0.9296875, 'current_loss': 0.29406973719596863, 'train_loss': None, 'decision': 0, 'drift_rate': 0.0, 'target_domains': ['art_painting']}
0.0 []
Loss historical diff: 0.0968390628695488; Loss Difference: 0.0, Decision: 0
Round 30 took 2.487358570098877s, results:
{'t': 29, 'current_accuracy': 0.9296875, 'current_loss': 0.29407087713479996, 'train_loss': None, 'decision': 0, 'drift_rate': 0.0, 'target_domains': ['art_painting']}
0.0 []
Loss historical diff: 0.09683793038129807; Loss Difference: 0.0, Decision: 0
Round 31 took 2.4425597190856934s, results:
{'t': 30, 'current_accuracy': 0.9296875, 'current_loss': 0.2940697446465492, 'train_loss': None, 'decision': 0, 'drift_rate': 0.0, 'target_domains': ['art_painting']}
0.0 []
Loss historical diff: 0.09683792293071747; Loss Difference: 0.0, Decision: 0
Round 32 took 2.6402816772460938s, results:
{'t': 31, 'current_accuracy': 0.9296875, 'current_loss': 0.29406973719596863, 'train_loss': None, 'decision': 0, 'drift_rate': 0.0, 'target_domains': ['art_painting']}
0.0 []
Loss historical diff: 0.09683790057897568; Loss Difference: 0.0, Decision: 0
Round 33 took 2.5804035663604736s, results:
{'t': 32, 'current_accuracy': 0.9296875, 'current_loss': 0.29406971484422684, 'train_loss': None, 'decision': 0, 'drift_rate': 0.0, 'target_domains': ['art_painting']}
0.0 []
Loss historical diff: 0.09683793038129807; Loss Difference: 0.0, Decision: 0
Round 34 took 2.5169081687927246s, results:
{'t': 33, 'current_accuracy': 0.9296875, 'current_loss': 0.2940697446465492, 'train_loss': None, 'decision': 0, 'drift_rate': 0.0, 'target_domains': ['art_painting']}
0.0 []
Loss historical diff: 0.09683727473020554; Loss Difference: 0.0, Decision: 0
Round 35 took 2.6247143745422363s, results:
{'t': 34, 'current_accuracy': 0.9296875, 'current_loss': 0.2940690889954567, 'train_loss': None, 'decision': 0, 'drift_rate': 0.0, 'target_domains': ['art_painting']}
0.0 []
Loss historical diff: 0.09683792293071747; Loss Difference: 0.0, Decision: 0
Round 36 took 2.566427230834961s, results:
{'t': 35, 'current_accuracy': 0.9296875, 'current_loss': 0.29406973719596863, 'train_loss': None, 'decision': 0, 'drift_rate': 0.0, 'target_domains': ['art_painting']}
0.0 []
Loss historical diff: 0.09683752059936523; Loss Difference: 0.0, Decision: 0
Round 37 took 2.5805869102478027s, results:
{'t': 36, 'current_accuracy': 0.9296875, 'current_loss': 0.2940693348646164, 'train_loss': None, 'decision': 0, 'drift_rate': 0.0, 'target_domains': ['art_painting']}
0.0 []
Loss historical diff: 0.09683790802955627; Loss Difference: 0.0, Decision: 0
Round 38 took 2.4961845874786377s, results:
{'t': 37, 'current_accuracy': 0.9296875, 'current_loss': 0.29406972229480743, 'train_loss': None, 'decision': 0, 'drift_rate': 0.0, 'target_domains': ['art_painting']}
0.0 []
Loss historical diff: 0.09683792293071747; Loss Difference: 0.0, Decision: 0
Round 39 took 2.6041793823242188s, results:
{'t': 38, 'current_accuracy': 0.9296875, 'current_loss': 0.29406973719596863, 'train_loss': None, 'decision': 0, 'drift_rate': 0.0, 'target_domains': ['art_painting']}
0.0 []
Loss historical diff: 0.09683792293071747; Loss Difference: 0.0, Decision: 0
Round 40 took 2.5712032318115234s, results:
{'t': 39, 'current_accuracy': 0.9296875, 'current_loss': 0.29406973719596863, 'train_loss': None, 'decision': 0, 'drift_rate': 0.0, 'target_domains': ['art_painting']}
0.0 []
Loss historical diff: 0.09683791175484657; Loss Difference: 0.0, Decision: 0
Round 41 took 2.599622964859009s, results:
{'t': 40, 'current_accuracy': 0.9296875, 'current_loss': 0.29406972602009773, 'train_loss': None, 'decision': 0, 'drift_rate': 0.0, 'target_domains': ['art_painting']}
0.0 []
Loss historical diff: 0.09683792293071747; Loss Difference: 0.0, Decision: 0
Round 42 took 2.486727714538574s, results:
{'t': 41, 'current_accuracy': 0.9296875, 'current_loss': 0.29406973719596863, 'train_loss': None, 'decision': 0, 'drift_rate': 0.0, 'target_domains': ['art_painting']}
0.0 []
Loss historical diff: 0.09683779627084732; Loss Difference: 0.0, Decision: 0
Round 43 took 2.440707206726074s, results:
{'t': 42, 'current_accuracy': 0.9296875, 'current_loss': 0.2940696105360985, 'train_loss': None, 'decision': 0, 'drift_rate': 0.0, 'target_domains': ['art_painting']}
0.0 []
Loss historical diff: 0.09683788567781448; Loss Difference: 0.0, Decision: 0
Round 44 took 2.5320427417755127s, results:
{'t': 43, 'current_accuracy': 0.9296875, 'current_loss': 0.29406969994306564, 'train_loss': None, 'decision': 0, 'drift_rate': 0.0, 'target_domains': ['art_painting']}
0.0 []
Loss historical diff: 0.09683793038129807; Loss Difference: 0.0, Decision: 0
Round 45 took 2.4856274127960205s, results:
{'t': 44, 'current_accuracy': 0.9296875, 'current_loss': 0.2940697446465492, 'train_loss': None, 'decision': 0, 'drift_rate': 0.0, 'target_domains': ['art_painting']}
0.4 ['photo']
Loss historical diff: 1.1087715178728104; Loss Difference: 0.0, Decision: 0
Round 46 took 2.4926414489746094s, results:
{'t': 45, 'current_accuracy': 0.73046875, 'current_loss': 1.3060033321380615, 'train_loss': None, 'decision': 0, 'drift_rate': 0.4, 'target_domains': ['photo']}
0.4 ['photo']
Loss historical diff: 2.1267659217119217; Loss Difference: 0.0, Decision: 0
Round 47 took 2.6224615573883057s, results:
{'t': 46, 'current_accuracy': 0.5390625, 'current_loss': 2.323997735977173, 'train_loss': None, 'decision': 0, 'drift_rate': 0.4, 'target_domains': ['photo']}
0.4 ['photo']
Loss historical diff: 2.4580223113298416; Loss Difference: 0.0, Decision: 0
Round 48 took 2.6412875652313232s, results:
{'t': 47, 'current_accuracy': 0.4609375, 'current_loss': 2.6552541255950928, 'train_loss': None, 'decision': 0, 'drift_rate': 0.4, 'target_domains': ['photo']}
0.0 []
Loss historical diff: 2.458019807934761; Loss Difference: 0.0, Decision: 0
Round 49 took 2.6810615062713623s, results:
{'t': 48, 'current_accuracy': 0.4609375, 'current_loss': 2.655251622200012, 'train_loss': None, 'decision': 0, 'drift_rate': 0.0, 'target_domains': ['photo']}
0.0 []
Loss historical diff: 2.4580186158418655; Loss Difference: 0.0, Decision: 0
Round 50 took 2.626469612121582s, results:
{'t': 49, 'current_accuracy': 0.4609375, 'current_loss': 2.6552504301071167, 'train_loss': None, 'decision': 0, 'drift_rate': 0.0, 'target_domains': ['photo']}
0.0 []
Loss historical diff: 2.4580207616090775; Loss Difference: 0.0, Decision: 0
Round 51 took 2.66658353805542s, results:
{'t': 50, 'current_accuracy': 0.4609375, 'current_loss': 2.6552525758743286, 'train_loss': None, 'decision': 0, 'drift_rate': 0.0, 'target_domains': ['photo']}
0.0 []
Loss historical diff: 2.4580223113298416; Loss Difference: 0.0, Decision: 0
Round 52 took 2.6572704315185547s, results:
{'t': 51, 'current_accuracy': 0.4609375, 'current_loss': 2.6552541255950928, 'train_loss': None, 'decision': 0, 'drift_rate': 0.0, 'target_domains': ['photo']}
0.0 []
Loss historical diff: 2.45802004635334; Loss Difference: 0.0, Decision: 0
Round 53 took 2.568373680114746s, results:
{'t': 52, 'current_accuracy': 0.4609375, 'current_loss': 2.6552518606185913, 'train_loss': None, 'decision': 0, 'drift_rate': 0.0, 'target_domains': ['photo']}
0.0 []
Loss historical diff: 2.4580199271440506; Loss Difference: 0.0, Decision: 0
Round 54 took 2.554184913635254s, results:
{'t': 53, 'current_accuracy': 0.4609375, 'current_loss': 2.6552517414093018, 'train_loss': None, 'decision': 0, 'drift_rate': 0.0, 'target_domains': ['photo']}
0.0 []
Loss historical diff: 2.458020642399788; Loss Difference: 0.0, Decision: 0
Round 55 took 2.7081871032714844s, results:
{'t': 54, 'current_accuracy': 0.4609375, 'current_loss': 2.655252456665039, 'train_loss': None, 'decision': 0, 'drift_rate': 0.0, 'target_domains': ['photo']}
0.0 []
Loss historical diff: 2.4580196887254715; Loss Difference: 0.0, Decision: 0
Round 56 took 2.6279537677764893s, results:
{'t': 55, 'current_accuracy': 0.4609375, 'current_loss': 2.6552515029907227, 'train_loss': None, 'decision': 0, 'drift_rate': 0.0, 'target_domains': ['photo']}
0.0 []
Loss historical diff: 2.4580202847719193; Loss Difference: 0.0, Decision: 0
Round 57 took 2.5786404609680176s, results:
{'t': 56, 'current_accuracy': 0.4609375, 'current_loss': 2.6552520990371704, 'train_loss': None, 'decision': 0, 'drift_rate': 0.0, 'target_domains': ['photo']}
0.0 []
Loss historical diff: 2.4580199271440506; Loss Difference: 0.0, Decision: 0
Round 58 took 2.7307169437408447s, results:
{'t': 57, 'current_accuracy': 0.4609375, 'current_loss': 2.6552517414093018, 'train_loss': None, 'decision': 0, 'drift_rate': 0.0, 'target_domains': ['photo']}
0.0 []
Loss historical diff: 2.4580202847719193; Loss Difference: 0.0, Decision: 0
Round 59 took 2.563277244567871s, results:
{'t': 58, 'current_accuracy': 0.4609375, 'current_loss': 2.6552520990371704, 'train_loss': None, 'decision': 0, 'drift_rate': 0.0, 'target_domains': ['photo']}
0.0 []
Loss historical diff: 2.458020403981209; Loss Difference: 0.0, Decision: 0
Round 60 took 2.704184055328369s, results:
{'t': 59, 'current_accuracy': 0.4609375, 'current_loss': 2.65525221824646, 'train_loss': None, 'decision': 0, 'drift_rate': 0.0, 'target_domains': ['photo']}
0.0 []
Loss historical diff: 2.4580201655626297; Loss Difference: 0.0, Decision: 0
Round 61 took 2.6027448177337646s, results:
{'t': 60, 'current_accuracy': 0.4609375, 'current_loss': 2.655251979827881, 'train_loss': None, 'decision': 0, 'drift_rate': 0.0, 'target_domains': ['photo']}
0.0 []
Loss historical diff: 2.458021357655525; Loss Difference: 0.0, Decision: 0
Round 62 took 2.618833303451538s, results:
{'t': 61, 'current_accuracy': 0.4609375, 'current_loss': 2.6552531719207764, 'train_loss': None, 'decision': 0, 'drift_rate': 0.0, 'target_domains': ['photo']}
0.0 []
Loss historical diff: 2.458020403981209; Loss Difference: 0.0, Decision: 0
Round 63 took 2.6497716903686523s, results:
{'t': 62, 'current_accuracy': 0.4609375, 'current_loss': 2.65525221824646, 'train_loss': None, 'decision': 0, 'drift_rate': 0.0, 'target_domains': ['photo']}
0.0 []
Loss historical diff: 2.45802004635334; Loss Difference: 0.0, Decision: 0
Round 64 took 2.6742191314697266s, results:
{'t': 63, 'current_accuracy': 0.4609375, 'current_loss': 2.6552518606185913, 'train_loss': None, 'decision': 0, 'drift_rate': 0.0, 'target_domains': ['photo']}
0.0 []
Loss historical diff: 2.4580231457948685; Loss Difference: 0.0, Decision: 0
Round 65 took 2.71756911277771s, results:
{'t': 64, 'current_accuracy': 0.4609375, 'current_loss': 2.6552549600601196, 'train_loss': None, 'decision': 0, 'drift_rate': 0.0, 'target_domains': ['photo']}
0.0 []
Loss historical diff: 2.458019331097603; Loss Difference: 0.0, Decision: 0
Round 66 took 2.637155532836914s, results:
{'t': 65, 'current_accuracy': 0.4609375, 'current_loss': 2.655251145362854, 'train_loss': None, 'decision': 0, 'drift_rate': 0.0, 'target_domains': ['photo']}
0.0 []
Loss historical diff: 2.4580214768648148; Loss Difference: 0.0, Decision: 0
Round 67 took 2.632451057434082s, results:
{'t': 66, 'current_accuracy': 0.4609375, 'current_loss': 2.655253291130066, 'train_loss': None, 'decision': 0, 'drift_rate': 0.0, 'target_domains': ['photo']}
0.0 []
Loss historical diff: 2.4580205231904984; Loss Difference: 0.0, Decision: 0
Round 68 took 2.6706087589263916s, results:
{'t': 67, 'current_accuracy': 0.4609375, 'current_loss': 2.6552523374557495, 'train_loss': None, 'decision': 0, 'drift_rate': 0.0, 'target_domains': ['photo']}
0.0 []
Loss historical diff: 2.4580205231904984; Loss Difference: 0.0, Decision: 0
Round 69 took 2.6707563400268555s, results:
{'t': 68, 'current_accuracy': 0.4609375, 'current_loss': 2.6552523374557495, 'train_loss': None, 'decision': 0, 'drift_rate': 0.0, 'target_domains': ['photo']}
0.0 []
Loss historical diff: 2.45801742374897; Loss Difference: 0.0, Decision: 0
Round 70 took 2.648545265197754s, results:
{'t': 69, 'current_accuracy': 0.4609375, 'current_loss': 2.655249238014221, 'train_loss': None, 'decision': 0, 'drift_rate': 0.0, 'target_domains': ['photo']}
0.0 []
Loss historical diff: 2.4580205231904984; Loss Difference: 0.0, Decision: 0
Round 71 took 2.696035385131836s, results:
{'t': 70, 'current_accuracy': 0.4609375, 'current_loss': 2.6552523374557495, 'train_loss': None, 'decision': 0, 'drift_rate': 0.0, 'target_domains': ['photo']}
0.0 []
Loss historical diff: 2.458018973469734; Loss Difference: 0.0, Decision: 0
Round 72 took 2.8597216606140137s, results:
{'t': 71, 'current_accuracy': 0.4609375, 'current_loss': 2.6552507877349854, 'train_loss': None, 'decision': 0, 'drift_rate': 0.0, 'target_domains': ['photo']}
0.0 []
Loss historical diff: 2.458017662167549; Loss Difference: 0.0, Decision: 0
Round 73 took 2.8354074954986572s, results:
{'t': 72, 'current_accuracy': 0.4609375, 'current_loss': 2.6552494764328003, 'train_loss': None, 'decision': 0, 'drift_rate': 0.0, 'target_domains': ['photo']}
0.0 []
Loss historical diff: 2.4580196887254715; Loss Difference: 0.0, Decision: 0
Round 74 took 2.5641236305236816s, results:
{'t': 73, 'current_accuracy': 0.4609375, 'current_loss': 2.6552515029907227, 'train_loss': None, 'decision': 0, 'drift_rate': 0.0, 'target_domains': ['photo']}
0.0 []
Loss historical diff: 2.4580196887254715; Loss Difference: 0.0, Decision: 0
Round 75 took 2.6637938022613525s, results:
{'t': 74, 'current_accuracy': 0.4609375, 'current_loss': 2.6552515029907227, 'train_loss': None, 'decision': 0, 'drift_rate': 0.0, 'target_domains': ['photo']}
0.0 []
Loss historical diff: 2.4580207616090775; Loss Difference: 0.0, Decision: 0
Round 76 took 2.8525588512420654s, results:
{'t': 75, 'current_accuracy': 0.4609375, 'current_loss': 2.6552525758743286, 'train_loss': None, 'decision': 0, 'drift_rate': 0.0, 'target_domains': ['photo']}
0.0 []
Loss historical diff: 2.4580218344926834; Loss Difference: 0.0, Decision: 0
Round 77 took 2.964496374130249s, results:
{'t': 76, 'current_accuracy': 0.4609375, 'current_loss': 2.6552536487579346, 'train_loss': None, 'decision': 0, 'drift_rate': 0.0, 'target_domains': ['photo']}
0.0 []
Loss historical diff: 2.458018973469734; Loss Difference: 0.0, Decision: 0
Round 78 took 2.969106912612915s, results:
{'t': 77, 'current_accuracy': 0.4609375, 'current_loss': 2.6552507877349854, 'train_loss': None, 'decision': 0, 'drift_rate': 0.0, 'target_domains': ['photo']}
0.0 []
Loss historical diff: 2.4580207616090775; Loss Difference: 0.0, Decision: 0
Round 79 took 2.723043918609619s, results:
{'t': 78, 'current_accuracy': 0.4609375, 'current_loss': 2.6552525758743286, 'train_loss': None, 'decision': 0, 'drift_rate': 0.0, 'target_domains': ['photo']}
0.0 []
Loss historical diff: 2.4580188542604446; Loss Difference: 0.0, Decision: 0
Round 80 took 2.7152061462402344s, results:
{'t': 79, 'current_accuracy': 0.4609375, 'current_loss': 2.655250668525696, 'train_loss': None, 'decision': 0, 'drift_rate': 0.0, 'target_domains': ['photo']}
0.0 []
Loss historical diff: 2.4580201655626297; Loss Difference: 0.0, Decision: 0
Round 81 took 2.5809433460235596s, results:
{'t': 80, 'current_accuracy': 0.4609375, 'current_loss': 2.655251979827881, 'train_loss': None, 'decision': 0, 'drift_rate': 0.0, 'target_domains': ['photo']}
0.0 []
Loss historical diff: 2.458019331097603; Loss Difference: 0.0, Decision: 1
Average loss over 5 updates: 2.0631
Round 82 took 4.74305272102356s, results:
{'t': 81, 'current_accuracy': 0.4609375, 'current_loss': 2.655251145362854, 'train_loss': 2.063086485862732, 'decision': 1, 'drift_rate': 0.0, 'target_domains': ['photo']}
0.0 []
Loss historical diff: 30.459288075566292; Loss Difference: 0.0, Decision: 0
Round 83 took 2.786626100540161s, results:
{'t': 82, 'current_accuracy': 0.26953125, 'current_loss': 30.656519889831543, 'train_loss': None, 'decision': 0, 'drift_rate': 0.0, 'target_domains': ['photo']}
0.0 []
Loss historical diff: 30.45928616821766; Loss Difference: 0.0, Decision: 0
Round 84 took 2.6181209087371826s, results:
{'t': 83, 'current_accuracy': 0.26953125, 'current_loss': 30.65651798248291, 'train_loss': None, 'decision': 0, 'drift_rate': 0.0, 'target_domains': ['photo']}
0.0 []
Loss historical diff: 30.459289982914925; Loss Difference: 0.0, Decision: 0
Round 85 took 2.8822665214538574s, results:
{'t': 84, 'current_accuracy': 0.26953125, 'current_loss': 30.656521797180176, 'train_loss': None, 'decision': 0, 'drift_rate': 0.0, 'target_domains': ['photo']}
0.0 []
Loss historical diff: 30.459284260869026; Loss Difference: 0.0, Decision: 0
Round 86 took 2.710829973220825s, results:
{'t': 85, 'current_accuracy': 0.26953125, 'current_loss': 30.656516075134277, 'train_loss': None, 'decision': 0, 'drift_rate': 0.0, 'target_domains': ['photo']}
0.0 []
Loss historical diff: 30.45929093658924; Loss Difference: 0.0, Decision: 0
Round 87 took 2.6962947845458984s, results:
{'t': 86, 'current_accuracy': 0.26953125, 'current_loss': 30.656522750854492, 'train_loss': None, 'decision': 0, 'drift_rate': 0.0, 'target_domains': ['photo']}
0.0 []
Loss historical diff: 30.459289982914925; Loss Difference: 0.0, Decision: 0
Round 88 took 2.7599711418151855s, results:
{'t': 87, 'current_accuracy': 0.26953125, 'current_loss': 30.656521797180176, 'train_loss': None, 'decision': 0, 'drift_rate': 0.0, 'target_domains': ['photo']}
0.0 []
Loss historical diff: 30.459287121891975; Loss Difference: 0.0, Decision: 0
Round 89 took 2.722627878189087s, results:
{'t': 88, 'current_accuracy': 0.26953125, 'current_loss': 30.656518936157227, 'train_loss': None, 'decision': 0, 'drift_rate': 0.0, 'target_domains': ['photo']}
0.0 []
Loss historical diff: 30.459287121891975; Loss Difference: 0.0, Decision: 0
Round 90 took 2.8573532104492188s, results:
{'t': 89, 'current_accuracy': 0.26953125, 'current_loss': 30.656518936157227, 'train_loss': None, 'decision': 0, 'drift_rate': 0.0, 'target_domains': ['photo']}
0.0 []
Loss historical diff: 30.45929093658924; Loss Difference: 0.0, Decision: 1
Average loss over 5 updates: 0.9438
Round 91 took 4.695296049118042s, results:
{'t': 90, 'current_accuracy': 0.26953125, 'current_loss': 30.656522750854492, 'train_loss': 0.9438283801078796, 'decision': 1, 'drift_rate': 0.0, 'target_domains': ['photo']}
0.0 []
Loss historical diff: 4.6213168650865555; Loss Difference: 0.0, Decision: 0
Round 92 took 2.6946873664855957s, results:
{'t': 91, 'current_accuracy': 0.55078125, 'current_loss': 4.818548679351807, 'train_loss': None, 'decision': 0, 'drift_rate': 0.0, 'target_domains': ['photo']}
0.0 []
Loss historical diff: 4.621318534016609; Loss Difference: 0.0, Decision: 0
Round 93 took 2.6789488792419434s, results:
{'t': 92, 'current_accuracy': 0.55078125, 'current_loss': 4.81855034828186, 'train_loss': None, 'decision': 0, 'drift_rate': 0.0, 'target_domains': ['photo']}
0.0 []
Loss historical diff: 4.621314957737923; Loss Difference: 0.0, Decision: 0
Round 94 took 2.699838638305664s, results:
{'t': 93, 'current_accuracy': 0.55078125, 'current_loss': 4.818546772003174, 'train_loss': None, 'decision': 0, 'drift_rate': 0.0, 'target_domains': ['photo']}
0.0 []
Loss historical diff: 4.621317580342293; Loss Difference: 0.0, Decision: 0
Round 95 took 2.643592596054077s, results:
{'t': 94, 'current_accuracy': 0.55078125, 'current_loss': 4.818549394607544, 'train_loss': None, 'decision': 0, 'drift_rate': 0.0, 'target_domains': ['photo']}
0.0 []
Loss historical diff: 4.62131829559803; Loss Difference: 0.0, Decision: 1
Average loss over 5 updates: 0.6502
Round 96 took 4.465242147445679s, results:
{'t': 95, 'current_accuracy': 0.55078125, 'current_loss': 4.818550109863281, 'train_loss': 0.6502126455307007, 'decision': 1, 'drift_rate': 0.0, 'target_domains': ['photo']}
0.0 []
Loss historical diff: 0.7737385779619217; Loss Difference: 0.0, Decision: 0
Round 97 took 2.8071625232696533s, results:
{'t': 96, 'current_accuracy': 0.7578125, 'current_loss': 0.9709703922271729, 'train_loss': None, 'decision': 0, 'drift_rate': 0.0, 'target_domains': ['photo']}
0.0 []
Loss historical diff: 0.7737390846014023; Loss Difference: 0.0, Decision: 0
Round 98 took 2.7233409881591797s, results:
{'t': 97, 'current_accuracy': 0.7578125, 'current_loss': 0.9709708988666534, 'train_loss': None, 'decision': 0, 'drift_rate': 0.0, 'target_domains': ['photo']}
0.0 []
Loss historical diff: 0.7737394422292709; Loss Difference: 0.0, Decision: 0
Round 99 took 2.6756348609924316s, results:
{'t': 98, 'current_accuracy': 0.7578125, 'current_loss': 0.9709712564945221, 'train_loss': None, 'decision': 0, 'drift_rate': 0.0, 'target_domains': ['photo']}
0.0 []
Loss historical diff: 0.7737376242876053; Loss Difference: 0.0, Decision: 0
Round 100 took 2.5988471508026123s, results:
{'t': 99, 'current_accuracy': 0.7578125, 'current_loss': 0.9709694385528564, 'train_loss': None, 'decision': 0, 'drift_rate': 0.0, 'target_domains': ['photo']}
0.0 []
Loss historical diff: 0.773739293217659; Loss Difference: 0.0, Decision: 0
Round 101 took 2.702332019805908s, results:
{'t': 100, 'current_accuracy': 0.7578125, 'current_loss': 0.9709711074829102, 'train_loss': None, 'decision': 0, 'drift_rate': 0.0, 'target_domains': ['photo']}
0.0 []
Loss historical diff: 0.7737391144037247; Loss Difference: 0.0, Decision: 0
Round 102 took 2.7161521911621094s, results:
{'t': 101, 'current_accuracy': 0.7578125, 'current_loss': 0.9709709286689758, 'train_loss': None, 'decision': 0, 'drift_rate': 0.0, 'target_domains': ['photo']}
0.0 []
Loss historical diff: 0.7737389653921127; Loss Difference: 0.0, Decision: 0
Round 103 took 2.6542117595672607s, results:
{'t': 102, 'current_accuracy': 0.7578125, 'current_loss': 0.9709707796573639, 'train_loss': None, 'decision': 0, 'drift_rate': 0.0, 'target_domains': ['photo']}
0.0 []
Loss historical diff: 0.7737390846014023; Loss Difference: 0.0, Decision: 1
Average loss over 5 updates: 0.3797
Round 104 took 4.4375855922698975s, results:
{'t': 103, 'current_accuracy': 0.7578125, 'current_loss': 0.9709708988666534, 'train_loss': 0.37970433235168455, 'decision': 1, 'drift_rate': 0.0, 'target_domains': ['photo']}
0.0 []
Loss historical diff: 0.6319901794195175; Loss Difference: 0.0, Decision: 0
Round 105 took 2.765605926513672s, results:
{'t': 104, 'current_accuracy': 0.71484375, 'current_loss': 0.8292219936847687, 'train_loss': None, 'decision': 0, 'drift_rate': 0.0, 'target_domains': ['photo']}
0.0 []
Loss historical diff: 0.6319903582334518; Loss Difference: 0.0, Decision: 0
Round 106 took 2.6893882751464844s, results:
{'t': 105, 'current_accuracy': 0.71484375, 'current_loss': 0.829222172498703, 'train_loss': None, 'decision': 0, 'drift_rate': 0.0, 'target_domains': ['photo']}
0.0 []
Loss historical diff: 0.6319904774427414; Loss Difference: 0.0, Decision: 0
Round 107 took 2.617323875427246s, results:
{'t': 106, 'current_accuracy': 0.71484375, 'current_loss': 0.8292222917079926, 'train_loss': None, 'decision': 0, 'drift_rate': 0.0, 'target_domains': ['photo']}
0.0 []
Loss historical diff: 0.6319901794195175; Loss Difference: 0.0, Decision: 0
Round 108 took 2.789156675338745s, results:
{'t': 107, 'current_accuracy': 0.71484375, 'current_loss': 0.8292219936847687, 'train_loss': None, 'decision': 0, 'drift_rate': 0.0, 'target_domains': ['photo']}
0.0 []
Loss historical diff: 0.6319902092218399; Loss Difference: 0.0, Decision: 0
Round 109 took 2.7496254444122314s, results:
{'t': 108, 'current_accuracy': 0.71484375, 'current_loss': 0.8292220234870911, 'train_loss': None, 'decision': 0, 'drift_rate': 0.0, 'target_domains': ['photo']}
0.0 []
Loss historical diff: 0.6319905072450638; Loss Difference: 0.0, Decision: 0
Round 110 took 2.675097942352295s, results:
{'t': 109, 'current_accuracy': 0.71484375, 'current_loss': 0.8292223215103149, 'train_loss': None, 'decision': 0, 'drift_rate': 0.0, 'target_domains': ['photo']}
0.0 []
Loss historical diff: 0.6319908648729324; Loss Difference: 0.0, Decision: 0
Round 111 took 2.668747901916504s, results:
{'t': 110, 'current_accuracy': 0.71484375, 'current_loss': 0.8292226791381836, 'train_loss': None, 'decision': 0, 'drift_rate': 0.0, 'target_domains': ['photo']}
0.0 []
Loss historical diff: 0.6319900006055832; Loss Difference: 0.0, Decision: 0
Round 112 took 2.731234312057495s, results:
{'t': 111, 'current_accuracy': 0.71484375, 'current_loss': 0.8292218148708344, 'train_loss': None, 'decision': 0, 'drift_rate': 0.0, 'target_domains': ['photo']}
0.0 []
Loss historical diff: 0.6319901496171951; Loss Difference: 0.0, Decision: 1
Average loss over 5 updates: 0.2290
Round 113 took 4.452966690063477s, results:
{'t': 112, 'current_accuracy': 0.71484375, 'current_loss': 0.8292219638824463, 'train_loss': 0.22900232970714568, 'decision': 1, 'drift_rate': 0.0, 'target_domains': ['photo']}
0.0 []
Loss historical diff: 0.22646933794021606; Loss Difference: 0.0, Decision: 0
Round 114 took 2.7441065311431885s, results:
{'t': 113, 'current_accuracy': 0.890625, 'current_loss': 0.4237011522054672, 'train_loss': None, 'decision': 0, 'drift_rate': 0.0, 'target_domains': ['photo']}
0.0 []
Loss historical diff: 0.2264704406261444; Loss Difference: 0.0, Decision: 0
Round 115 took 2.6507134437561035s, results:
{'t': 114, 'current_accuracy': 0.890625, 'current_loss': 0.42370225489139557, 'train_loss': None, 'decision': 0, 'drift_rate': 0.0, 'target_domains': ['photo']}
0.0 []
Loss historical diff: 0.22646935284137726; Loss Difference: 0.0, Decision: 0
Round 116 took 2.6816246509552s, results:
{'t': 115, 'current_accuracy': 0.890625, 'current_loss': 0.4237011671066284, 'train_loss': None, 'decision': 0, 'drift_rate': 0.0, 'target_domains': ['photo']}
0.0 []
Loss historical diff: 0.22646935284137726; Loss Difference: 0.0, Decision: 0
Round 117 took 2.6616785526275635s, results:
{'t': 116, 'current_accuracy': 0.890625, 'current_loss': 0.4237011671066284, 'train_loss': None, 'decision': 0, 'drift_rate': 0.0, 'target_domains': ['photo']}
0.0 []
Loss historical diff: 0.22646942734718323; Loss Difference: 0.0, Decision: 0
Round 118 took 2.57607102394104s, results:
{'t': 117, 'current_accuracy': 0.890625, 'current_loss': 0.4237012416124344, 'train_loss': None, 'decision': 0, 'drift_rate': 0.0, 'target_domains': ['photo']}
0.0 []
Loss historical diff: 0.22646941244602203; Loss Difference: 0.0, Decision: 0
Round 119 took 2.726091146469116s, results:
{'t': 118, 'current_accuracy': 0.890625, 'current_loss': 0.4237012267112732, 'train_loss': None, 'decision': 0, 'drift_rate': 0.0, 'target_domains': ['photo']}
0.0 []
Loss historical diff: 0.22646933794021606; Loss Difference: 0.0, Decision: 0
Round 120 took 2.6679112911224365s, results:
{'t': 119, 'current_accuracy': 0.890625, 'current_loss': 0.4237011522054672, 'train_loss': None, 'decision': 0, 'drift_rate': 0.0, 'target_domains': ['photo']}
0.0 []
Loss historical diff: 0.22646935284137726; Loss Difference: 0.0, Decision: 0
Round 121 took 2.648566722869873s, results:
{'t': 120, 'current_accuracy': 0.890625, 'current_loss': 0.4237011671066284, 'train_loss': None, 'decision': 0, 'drift_rate': 0.0, 'target_domains': ['photo']}
0.0 []
Loss historical diff: 0.22646933794021606; Loss Difference: 0.0, Decision: 1
Average loss over 5 updates: 0.1588
Round 122 took 4.610715389251709s, results:
{'t': 121, 'current_accuracy': 0.890625, 'current_loss': 0.4237011522054672, 'train_loss': 0.15881330370903016, 'decision': 1, 'drift_rate': 0.0, 'target_domains': ['photo']}
0.0 []
Loss historical diff: 0.77090884745121; Loss Difference: 0.0, Decision: 0
Round 123 took 2.813661575317383s, results:
{'t': 122, 'current_accuracy': 0.73046875, 'current_loss': 0.9681406617164612, 'train_loss': None, 'decision': 0, 'drift_rate': 0.0, 'target_domains': ['photo']}
0.0 []
Loss historical diff: 0.7709092944860458; Loss Difference: 0.0, Decision: 0
Round 124 took 2.793192148208618s, results:
{'t': 123, 'current_accuracy': 0.73046875, 'current_loss': 0.968141108751297, 'train_loss': None, 'decision': 0, 'drift_rate': 0.0, 'target_domains': ['photo']}
0.0 []
Loss historical diff: 0.770908311009407; Loss Difference: 0.0, Decision: 0
Round 125 took 2.8943235874176025s, results:
{'t': 124, 'current_accuracy': 0.73046875, 'current_loss': 0.9681401252746582, 'train_loss': None, 'decision': 0, 'drift_rate': 0.0, 'target_domains': ['photo']}
0.0 []
Loss historical diff: 0.7709090560674667; Loss Difference: 0.0, Decision: 0
Round 126 took 2.7902495861053467s, results:
{'t': 125, 'current_accuracy': 0.73046875, 'current_loss': 0.9681408703327179, 'train_loss': None, 'decision': 0, 'drift_rate': 0.0, 'target_domains': ['photo']}
0.0 []
Loss historical diff: 0.7709089368581772; Loss Difference: 0.0, Decision: 0
Round 127 took 2.831036329269409s, results:
{'t': 126, 'current_accuracy': 0.73046875, 'current_loss': 0.9681407511234283, 'train_loss': None, 'decision': 0, 'drift_rate': 0.0, 'target_domains': ['photo']}
0.0 []
Loss historical diff: 0.7709095031023026; Loss Difference: 0.0, Decision: 0
Round 128 took 2.7638068199157715s, results:
{'t': 127, 'current_accuracy': 0.73046875, 'current_loss': 0.9681413173675537, 'train_loss': None, 'decision': 0, 'drift_rate': 0.0, 'target_domains': ['photo']}
0.0 []
Loss historical diff: 0.7709088176488876; Loss Difference: 0.0, Decision: 0
Round 129 took 2.6958539485931396s, results:
{'t': 128, 'current_accuracy': 0.73046875, 'current_loss': 0.9681406319141388, 'train_loss': None, 'decision': 0, 'drift_rate': 0.0, 'target_domains': ['photo']}
0.0 []
Loss historical diff: 0.7709100991487503; Loss Difference: 0.0, Decision: 0
Round 130 took 2.7387287616729736s, results:
{'t': 129, 'current_accuracy': 0.73046875, 'current_loss': 0.9681419134140015, 'train_loss': None, 'decision': 0, 'drift_rate': 0.0, 'target_domains': ['photo']}
0.0 []
Loss historical diff: 0.7709089368581772; Loss Difference: 0.0, Decision: 0
Round 131 took 2.647158145904541s, results:
{'t': 130, 'current_accuracy': 0.73046875, 'current_loss': 0.9681407511234283, 'train_loss': None, 'decision': 0, 'drift_rate': 0.0, 'target_domains': ['photo']}
0.0 []
Loss historical diff: 0.7709086090326309; Loss Difference: 0.0, Decision: 0
Round 132 took 2.6504600048065186s, results:
{'t': 131, 'current_accuracy': 0.73046875, 'current_loss': 0.9681404232978821, 'train_loss': None, 'decision': 0, 'drift_rate': 0.0, 'target_domains': ['photo']}
0.0 []
Loss historical diff: 0.7709099501371384; Loss Difference: 0.0, Decision: 0
Round 133 took 2.7624027729034424s, results:
{'t': 132, 'current_accuracy': 0.73046875, 'current_loss': 0.9681417644023895, 'train_loss': None, 'decision': 0, 'drift_rate': 0.0, 'target_domains': ['photo']}
0.0 []
Loss historical diff: 0.7709086388349533; Loss Difference: 0.0, Decision: 0
Round 134 took 2.6696813106536865s, results:
{'t': 133, 'current_accuracy': 0.73046875, 'current_loss': 0.9681404531002045, 'train_loss': None, 'decision': 0, 'drift_rate': 0.0, 'target_domains': ['photo']}
0.0 []
Loss historical diff: 0.7709077745676041; Loss Difference: 0.0, Decision: 0
Round 135 took 2.7081470489501953s, results:
{'t': 134, 'current_accuracy': 0.73046875, 'current_loss': 0.9681395888328552, 'train_loss': None, 'decision': 0, 'drift_rate': 0.0, 'target_domains': ['photo']}
0.0 []
Loss historical diff: 0.7709088772535324; Loss Difference: 0.0, Decision: 0
Round 136 took 2.624368667602539s, results:
{'t': 135, 'current_accuracy': 0.73046875, 'current_loss': 0.9681406915187836, 'train_loss': None, 'decision': 0, 'drift_rate': 0.0, 'target_domains': ['photo']}
0.0 []
Loss historical diff: 0.7709086388349533; Loss Difference: 0.0, Decision: 0
Round 137 took 2.677835464477539s, results:
{'t': 136, 'current_accuracy': 0.73046875, 'current_loss': 0.9681404531002045, 'train_loss': None, 'decision': 0, 'drift_rate': 0.0, 'target_domains': ['photo']}
0.0 []
Loss historical diff: 0.7709089666604996; Loss Difference: 0.0, Decision: 0
Round 138 took 2.6003165245056152s, results:
{'t': 137, 'current_accuracy': 0.73046875, 'current_loss': 0.9681407809257507, 'train_loss': None, 'decision': 0, 'drift_rate': 0.0, 'target_domains': ['photo']}
0.0 []
Loss historical diff: 0.7709090262651443; Loss Difference: 0.0, Decision: 0
Round 139 took 2.6263861656188965s, results:
{'t': 138, 'current_accuracy': 0.73046875, 'current_loss': 0.9681408405303955, 'train_loss': None, 'decision': 0, 'drift_rate': 0.0, 'target_domains': ['photo']}
0.0 []
Loss historical diff: 0.7709091752767563; Loss Difference: 0.0, Decision: 0
Round 140 took 2.6429131031036377s, results:
{'t': 139, 'current_accuracy': 0.73046875, 'current_loss': 0.9681409895420074, 'train_loss': None, 'decision': 0, 'drift_rate': 0.0, 'target_domains': ['photo']}
0.0 []
Loss historical diff: 0.7709078341722488; Loss Difference: 0.0, Decision: 0
Round 141 took 2.6564271450042725s, results:
{'t': 140, 'current_accuracy': 0.73046875, 'current_loss': 0.9681396484375, 'train_loss': None, 'decision': 0, 'drift_rate': 0.0, 'target_domains': ['photo']}
0.0 []
Loss historical diff: 0.770909383893013; Loss Difference: 0.0, Decision: 0
Round 142 took 2.651923418045044s, results:
{'t': 141, 'current_accuracy': 0.73046875, 'current_loss': 0.9681411981582642, 'train_loss': None, 'decision': 0, 'drift_rate': 0.0, 'target_domains': ['photo']}
0.0 []
Loss historical diff: 0.7709065824747086; Loss Difference: 0.0, Decision: 0
Round 143 took 2.634617328643799s, results:
{'t': 142, 'current_accuracy': 0.73046875, 'current_loss': 0.9681383967399597, 'train_loss': None, 'decision': 0, 'drift_rate': 0.0, 'target_domains': ['photo']}
0.0 []
Loss historical diff: 0.7709088772535324; Loss Difference: 0.0, Decision: 0
Round 144 took 2.736274480819702s, results:
{'t': 143, 'current_accuracy': 0.73046875, 'current_loss': 0.9681406915187836, 'train_loss': None, 'decision': 0, 'drift_rate': 0.0, 'target_domains': ['photo']}
0.0 []
Loss historical diff: 0.7709089368581772; Loss Difference: 0.0, Decision: 0
Round 145 took 2.7160019874572754s, results:
{'t': 144, 'current_accuracy': 0.73046875, 'current_loss': 0.9681407511234283, 'train_loss': None, 'decision': 0, 'drift_rate': 0.0, 'target_domains': ['photo']}
0.0 []
Loss historical diff: 0.7709088772535324; Loss Difference: 0.0, Decision: 0
Round 146 took 2.734708547592163s, results:
{'t': 145, 'current_accuracy': 0.73046875, 'current_loss': 0.9681406915187836, 'train_loss': None, 'decision': 0, 'drift_rate': 0.0, 'target_domains': ['photo']}
0.0 []
Loss historical diff: 0.7709080725908279; Loss Difference: 0.0, Decision: 0
Round 147 took 2.7396039962768555s, results:
{'t': 146, 'current_accuracy': 0.73046875, 'current_loss': 0.9681398868560791, 'train_loss': None, 'decision': 0, 'drift_rate': 0.0, 'target_domains': ['photo']}
0.0 []
Loss historical diff: 0.7709088176488876; Loss Difference: 0.0, Decision: 0
Round 148 took 2.7325732707977295s, results:
{'t': 147, 'current_accuracy': 0.73046875, 'current_loss': 0.9681406319141388, 'train_loss': None, 'decision': 0, 'drift_rate': 0.0, 'target_domains': ['photo']}
0.0 []
Loss historical diff: 0.7709089666604996; Loss Difference: 0.0, Decision: 0
Round 149 took 2.769545078277588s, results:
{'t': 148, 'current_accuracy': 0.73046875, 'current_loss': 0.9681407809257507, 'train_loss': None, 'decision': 0, 'drift_rate': 0.0, 'target_domains': ['photo']}
0.0 []
Loss historical diff: 0.7709088772535324; Loss Difference: 0.0, Decision: 0
Round 150 took 2.6189022064208984s, results:
{'t': 149, 'current_accuracy': 0.73046875, 'current_loss': 0.9681406915187836, 'train_loss': None, 'decision': 0, 'drift_rate': 0.0, 'target_domains': ['photo']}
0.0 []
Loss historical diff: 0.77090884745121; Loss Difference: 0.0, Decision: 0
Round 151 took 2.6772143840789795s, results:
{'t': 150, 'current_accuracy': 0.73046875, 'current_loss': 0.9681406617164612, 'train_loss': None, 'decision': 0, 'drift_rate': 0.0, 'target_domains': ['photo']}
0.0 []
Loss historical diff: 0.7709089070558548; Loss Difference: 0.0, Decision: 0
Round 152 took 2.6339828968048096s, results:
{'t': 151, 'current_accuracy': 0.73046875, 'current_loss': 0.968140721321106, 'train_loss': None, 'decision': 0, 'drift_rate': 0.0, 'target_domains': ['photo']}
0.0 []
Loss historical diff: 0.7709087878465652; Loss Difference: 0.0, Decision: 0
Round 153 took 2.6876893043518066s, results:
{'t': 152, 'current_accuracy': 0.73046875, 'current_loss': 0.9681406021118164, 'train_loss': None, 'decision': 0, 'drift_rate': 0.0, 'target_domains': ['photo']}
0.0 []
Loss historical diff: 0.77090884745121; Loss Difference: 0.0, Decision: 0
Round 154 took 2.6233413219451904s, results:
{'t': 153, 'current_accuracy': 0.73046875, 'current_loss': 0.9681406617164612, 'train_loss': None, 'decision': 0, 'drift_rate': 0.0, 'target_domains': ['photo']}
0.0 []
Loss historical diff: 0.7709104269742966; Loss Difference: 0.0, Decision: 0
Round 155 took 2.657589912414551s, results:
{'t': 154, 'current_accuracy': 0.73046875, 'current_loss': 0.9681422412395477, 'train_loss': None, 'decision': 0, 'drift_rate': 0.0, 'target_domains': ['photo']}
0.0 []
Loss historical diff: 0.770909920334816; Loss Difference: 0.0, Decision: 1
Average loss over 5 updates: 0.1458
Round 156 took 4.564446926116943s, results:
{'t': 155, 'current_accuracy': 0.73046875, 'current_loss': 0.9681417346000671, 'train_loss': 0.14579755514860154, 'decision': 1, 'drift_rate': 0.0, 'target_domains': ['photo']}
0.0 []
Loss historical diff: 0.0772676095366478; Loss Difference: 0.0, Decision: 0
Round 157 took 2.816972494125366s, results:
{'t': 156, 'current_accuracy': 0.94140625, 'current_loss': 0.27449942380189896, 'train_loss': None, 'decision': 0, 'drift_rate': 0.0, 'target_domains': ['photo']}
0.0 []
Loss historical diff: 0.07726740837097168; Loss Difference: 0.0, Decision: 0
Round 158 took 2.5811073780059814s, results:
{'t': 157, 'current_accuracy': 0.94140625, 'current_loss': 0.27449922263622284, 'train_loss': None, 'decision': 0, 'drift_rate': 0.0, 'target_domains': ['photo']}
0.0 []
Loss historical diff: 0.07726658880710602; Loss Difference: 0.0, Decision: 0
Round 159 took 2.7427239418029785s, results:
{'t': 158, 'current_accuracy': 0.94140625, 'current_loss': 0.2744984030723572, 'train_loss': None, 'decision': 0, 'drift_rate': 0.0, 'target_domains': ['photo']}
0.0 []
Loss historical diff: 0.0772675946354866; Loss Difference: 0.0, Decision: 0
Round 160 took 2.692425489425659s, results:
{'t': 159, 'current_accuracy': 0.94140625, 'current_loss': 0.27449940890073776, 'train_loss': None, 'decision': 0, 'drift_rate': 0.0, 'target_domains': ['photo']}
0.0 []
Loss historical diff: 0.07726757228374481; Loss Difference: 0.0, Decision: 0
Round 161 took 2.6852943897247314s, results:
{'t': 160, 'current_accuracy': 0.94140625, 'current_loss': 0.27449938654899597, 'train_loss': None, 'decision': 0, 'drift_rate': 0.0, 'target_domains': ['photo']}
0.0 []
Loss historical diff: 0.0772676169872284; Loss Difference: 0.0, Decision: 0
Round 162 took 2.7733676433563232s, results:
{'t': 161, 'current_accuracy': 0.94140625, 'current_loss': 0.27449943125247955, 'train_loss': None, 'decision': 0, 'drift_rate': 0.0, 'target_domains': ['photo']}
0.0 []
Loss historical diff: 0.07726764678955078; Loss Difference: 0.0, Decision: 0
Round 163 took 2.6234447956085205s, results:
{'t': 162, 'current_accuracy': 0.94140625, 'current_loss': 0.27449946105480194, 'train_loss': None, 'decision': 0, 'drift_rate': 0.0, 'target_domains': ['photo']}
0.0 []
Loss historical diff: 0.07726740837097168; Loss Difference: 0.0, Decision: 0
Round 164 took 2.679912567138672s, results:
{'t': 163, 'current_accuracy': 0.94140625, 'current_loss': 0.27449922263622284, 'train_loss': None, 'decision': 0, 'drift_rate': 0.0, 'target_domains': ['photo']}
0.0 []
Loss historical diff: 0.07726757228374481; Loss Difference: 0.0, Decision: 0
Round 165 took 2.6698994636535645s, results:
{'t': 164, 'current_accuracy': 0.94140625, 'current_loss': 0.27449938654899597, 'train_loss': None, 'decision': 0, 'drift_rate': 0.0, 'target_domains': ['photo']}
0.4 ['cartoon']
Loss historical diff: 1.583457127213478; Loss Difference: 0.0, Decision: 0
Round 166 took 2.604546308517456s, results:
{'t': 165, 'current_accuracy': 0.60546875, 'current_loss': 1.7806889414787292, 'train_loss': None, 'decision': 0, 'drift_rate': 0.4, 'target_domains': ['cartoon']}
0.4 ['cartoon']
Loss historical diff: 3.0485196858644485; Loss Difference: 0.0, Decision: 0
Round 167 took 2.6652121543884277s, results:
{'t': 166, 'current_accuracy': 0.2890625, 'current_loss': 3.2457515001296997, 'train_loss': None, 'decision': 0, 'drift_rate': 0.4, 'target_domains': ['cartoon']}
0.4 ['cartoon']
Loss historical diff: 3.867854192852974; Loss Difference: 0.0, Decision: 0
Round 168 took 2.586944341659546s, results:
{'t': 167, 'current_accuracy': 0.12890625, 'current_loss': 4.065086007118225, 'train_loss': None, 'decision': 0, 'drift_rate': 0.4, 'target_domains': ['cartoon']}
0.0 []
Loss historical diff: 3.8678558617830276; Loss Difference: 0.0, Decision: 0
Round 169 took 2.625088930130005s, results:
{'t': 168, 'current_accuracy': 0.12890625, 'current_loss': 4.065087676048279, 'train_loss': None, 'decision': 0, 'drift_rate': 0.0, 'target_domains': ['cartoon']}
0.0 []
Loss historical diff: 3.867855742573738; Loss Difference: 0.0, Decision: 0
Round 170 took 2.6375808715820312s, results:
{'t': 169, 'current_accuracy': 0.12890625, 'current_loss': 4.065087556838989, 'train_loss': None, 'decision': 0, 'drift_rate': 0.0, 'target_domains': ['cartoon']}
0.0 []
Loss historical diff: 3.867854669690132; Loss Difference: 0.0, Decision: 0
Round 171 took 2.667996406555176s, results:
{'t': 170, 'current_accuracy': 0.12890625, 'current_loss': 4.065086483955383, 'train_loss': None, 'decision': 0, 'drift_rate': 0.0, 'target_domains': ['cartoon']}
0.0 []
Loss historical diff: 3.867855504155159; Loss Difference: 0.0, Decision: 0
Round 172 took 2.661414623260498s, results:
{'t': 171, 'current_accuracy': 0.12890625, 'current_loss': 4.06508731842041, 'train_loss': None, 'decision': 0, 'drift_rate': 0.0, 'target_domains': ['cartoon']}
0.0 []
Loss historical diff: 3.867855742573738; Loss Difference: 0.0, Decision: 0
Round 173 took 2.6633777618408203s, results:
{'t': 172, 'current_accuracy': 0.12890625, 'current_loss': 4.065087556838989, 'train_loss': None, 'decision': 0, 'drift_rate': 0.0, 'target_domains': ['cartoon']}
0.0 []
Loss historical diff: 3.86785526573658; Loss Difference: 0.0, Decision: 0
Round 174 took 2.682211399078369s, results:
{'t': 173, 'current_accuracy': 0.12890625, 'current_loss': 4.065087080001831, 'train_loss': None, 'decision': 0, 'drift_rate': 0.0, 'target_domains': ['cartoon']}
0.0 []
Loss historical diff: 3.867855027318001; Loss Difference: 0.0, Decision: 0
Round 175 took 2.645641326904297s, results:
{'t': 174, 'current_accuracy': 0.12890625, 'current_loss': 4.065086841583252, 'train_loss': None, 'decision': 0, 'drift_rate': 0.0, 'target_domains': ['cartoon']}
0.0 []
Loss historical diff: 3.8678553849458694; Loss Difference: 0.0, Decision: 0
Round 176 took 2.640449047088623s, results:
{'t': 175, 'current_accuracy': 0.12890625, 'current_loss': 4.065087199211121, 'train_loss': None, 'decision': 0, 'drift_rate': 0.0, 'target_domains': ['cartoon']}
0.0 []
Loss historical diff: 3.8678537160158157; Loss Difference: 0.0, Decision: 0
Round 177 took 2.561734914779663s, results:
{'t': 176, 'current_accuracy': 0.12890625, 'current_loss': 4.065085530281067, 'train_loss': None, 'decision': 0, 'drift_rate': 0.0, 'target_domains': ['cartoon']}
0.0 []
Loss historical diff: 3.86785526573658; Loss Difference: 0.0, Decision: 0
Round 178 took 2.7714216709136963s, results:
{'t': 177, 'current_accuracy': 0.12890625, 'current_loss': 4.065087080001831, 'train_loss': None, 'decision': 0, 'drift_rate': 0.0, 'target_domains': ['cartoon']}
0.0 []
Loss historical diff: 3.8678545504808426; Loss Difference: 0.0, Decision: 0
Round 179 took 2.697657585144043s, results:
{'t': 178, 'current_accuracy': 0.12890625, 'current_loss': 4.065086364746094, 'train_loss': None, 'decision': 0, 'drift_rate': 0.0, 'target_domains': ['cartoon']}
0.0 []
Loss historical diff: 3.867855504155159; Loss Difference: 0.0, Decision: 0
Round 180 took 2.7785565853118896s, results:
{'t': 179, 'current_accuracy': 0.12890625, 'current_loss': 4.06508731842041, 'train_loss': None, 'decision': 0, 'drift_rate': 0.0, 'target_domains': ['cartoon']}
0.0 []
Loss historical diff: 3.867855504155159; Loss Difference: 0.0, Decision: 0
Round 181 took 2.6217663288116455s, results:
{'t': 180, 'current_accuracy': 0.12890625, 'current_loss': 4.06508731842041, 'train_loss': None, 'decision': 0, 'drift_rate': 0.0, 'target_domains': ['cartoon']}
0.0 []
Loss historical diff: 3.8678532391786575; Loss Difference: 0.0, Decision: 0
Round 182 took 2.6250979900360107s, results:
{'t': 181, 'current_accuracy': 0.12890625, 'current_loss': 4.065085053443909, 'train_loss': None, 'decision': 0, 'drift_rate': 0.0, 'target_domains': ['cartoon']}
0.0 []
Loss historical diff: 3.8678549081087112; Loss Difference: 0.0, Decision: 0
Round 183 took 2.6460657119750977s, results:
{'t': 182, 'current_accuracy': 0.12890625, 'current_loss': 4.065086722373962, 'train_loss': None, 'decision': 0, 'drift_rate': 0.0, 'target_domains': ['cartoon']}
0.0 []
Loss historical diff: 3.867854669690132; Loss Difference: 0.0, Decision: 0
Round 184 took 2.6730740070343018s, results:
{'t': 183, 'current_accuracy': 0.12890625, 'current_loss': 4.065086483955383, 'train_loss': None, 'decision': 0, 'drift_rate': 0.0, 'target_domains': ['cartoon']}
0.0 []
Loss historical diff: 3.8678556233644485; Loss Difference: 0.0, Decision: 0
Round 185 took 2.759361982345581s, results:
{'t': 184, 'current_accuracy': 0.12890625, 'current_loss': 4.0650874376297, 'train_loss': None, 'decision': 0, 'drift_rate': 0.0, 'target_domains': ['cartoon']}
0.0 []
Loss historical diff: 3.86785526573658; Loss Difference: 0.0, Decision: 0
Round 186 took 2.6441588401794434s, results:
{'t': 185, 'current_accuracy': 0.12890625, 'current_loss': 4.065087080001831, 'train_loss': None, 'decision': 0, 'drift_rate': 0.0, 'target_domains': ['cartoon']}
0.0 []
Loss historical diff: 3.867855742573738; Loss Difference: 0.0, Decision: 0
Round 187 took 2.7649343013763428s, results:
{'t': 186, 'current_accuracy': 0.12890625, 'current_loss': 4.065087556838989, 'train_loss': None, 'decision': 0, 'drift_rate': 0.0, 'target_domains': ['cartoon']}
0.0 []
Loss historical diff: 3.8678545504808426; Loss Difference: 0.0, Decision: 1
Average loss over 5 updates: 2.3853
Round 188 took 4.724151849746704s, results:
{'t': 187, 'current_accuracy': 0.12890625, 'current_loss': 4.065086364746094, 'train_loss': 2.3852850914001467, 'decision': 1, 'drift_rate': 0.0, 'target_domains': ['cartoon']}
0.0 []
Loss historical diff: 19.68684907257557; Loss Difference: 0.0, Decision: 0
Round 189 took 2.740154504776001s, results:
{'t': 188, 'current_accuracy': 0.17578125, 'current_loss': 19.88408088684082, 'train_loss': None, 'decision': 0, 'drift_rate': 0.0, 'target_domains': ['cartoon']}
0.0 []
Loss historical diff: 19.68685384094715; Loss Difference: 0.0, Decision: 0
Round 190 took 2.6790895462036133s, results:
{'t': 189, 'current_accuracy': 0.17578125, 'current_loss': 19.884085655212402, 'train_loss': None, 'decision': 0, 'drift_rate': 0.0, 'target_domains': ['cartoon']}
0.0 []
Loss historical diff: 19.68684907257557; Loss Difference: 0.0, Decision: 0
Round 191 took 2.6604344844818115s, results:
{'t': 190, 'current_accuracy': 0.17578125, 'current_loss': 19.88408088684082, 'train_loss': None, 'decision': 0, 'drift_rate': 0.0, 'target_domains': ['cartoon']}
0.0 []
Loss historical diff: 19.68685384094715; Loss Difference: 0.0, Decision: 0
Round 192 took 2.682258129119873s, results:
{'t': 191, 'current_accuracy': 0.17578125, 'current_loss': 19.884085655212402, 'train_loss': None, 'decision': 0, 'drift_rate': 0.0, 'target_domains': ['cartoon']}
0.0 []
Loss historical diff: 19.686855748295784; Loss Difference: 0.0, Decision: 0
Round 193 took 2.722430944442749s, results:
{'t': 192, 'current_accuracy': 0.17578125, 'current_loss': 19.884087562561035, 'train_loss': None, 'decision': 0, 'drift_rate': 0.0, 'target_domains': ['cartoon']}
0.0 []
Loss historical diff: 19.686852887272835; Loss Difference: 0.0, Decision: 0
Round 194 took 2.5953903198242188s, results:
{'t': 193, 'current_accuracy': 0.17578125, 'current_loss': 19.884084701538086, 'train_loss': None, 'decision': 0, 'drift_rate': 0.0, 'target_domains': ['cartoon']}
0.0 []
Loss historical diff: 19.686852887272835; Loss Difference: 0.0, Decision: 0
Round 195 took 2.627925157546997s, results:
{'t': 194, 'current_accuracy': 0.17578125, 'current_loss': 19.884084701538086, 'train_loss': None, 'decision': 0, 'drift_rate': 0.0, 'target_domains': ['cartoon']}
0.0 []
Loss historical diff: 19.686852887272835; Loss Difference: 0.0, Decision: 0
Round 196 took 2.596525192260742s, results:
{'t': 195, 'current_accuracy': 0.17578125, 'current_loss': 19.884084701538086, 'train_loss': None, 'decision': 0, 'drift_rate': 0.0, 'target_domains': ['cartoon']}
0.0 []
Loss historical diff: 19.68685193359852; Loss Difference: 0.0, Decision: 0
Round 197 took 2.649015426635742s, results:
{'t': 196, 'current_accuracy': 0.17578125, 'current_loss': 19.88408374786377, 'train_loss': None, 'decision': 0, 'drift_rate': 0.0, 'target_domains': ['cartoon']}
0.0 []
Loss historical diff: 19.68685193359852; Loss Difference: 0.0, Decision: 0
Round 198 took 2.6572775840759277s, results:
{'t': 197, 'current_accuracy': 0.17578125, 'current_loss': 19.88408374786377, 'train_loss': None, 'decision': 0, 'drift_rate': 0.0, 'target_domains': ['cartoon']}
0.0 []
Loss historical diff: 19.686852887272835; Loss Difference: 0.0, Decision: 0
Round 199 took 2.5805504322052s, results:
{'t': 198, 'current_accuracy': 0.17578125, 'current_loss': 19.884084701538086, 'train_loss': None, 'decision': 0, 'drift_rate': 0.0, 'target_domains': ['cartoon']}
0.0 []
Loss historical diff: 19.686850979924202; Loss Difference: 0.0, Decision: 0
Round 200 took 2.668792963027954s, results:
{'t': 199, 'current_accuracy': 0.17578125, 'current_loss': 19.884082794189453, 'train_loss': None, 'decision': 0, 'drift_rate': 0.0, 'target_domains': ['cartoon']}
0.0 []
Loss historical diff: 19.686850026249886; Loss Difference: 0.0, Decision: 0
Round 201 took 2.622141122817993s, results:
{'t': 200, 'current_accuracy': 0.17578125, 'current_loss': 19.884081840515137, 'train_loss': None, 'decision': 0, 'drift_rate': 0.0, 'target_domains': ['cartoon']}
0.0 []
Loss historical diff: 19.686852887272835; Loss Difference: 0.0, Decision: 0
Round 202 took 2.6665525436401367s, results:
{'t': 201, 'current_accuracy': 0.17578125, 'current_loss': 19.884084701538086, 'train_loss': None, 'decision': 0, 'drift_rate': 0.0, 'target_domains': ['cartoon']}
0.0 []
Loss historical diff: 19.686852887272835; Loss Difference: 0.0, Decision: 0
Round 203 took 2.6700217723846436s, results:
{'t': 202, 'current_accuracy': 0.17578125, 'current_loss': 19.884084701538086, 'train_loss': None, 'decision': 0, 'drift_rate': 0.0, 'target_domains': ['cartoon']}
0.0 []
Loss historical diff: 19.686854794621468; Loss Difference: 0.0, Decision: 0
Round 204 took 2.6922316551208496s, results:
{'t': 203, 'current_accuracy': 0.17578125, 'current_loss': 19.88408660888672, 'train_loss': None, 'decision': 0, 'drift_rate': 0.0, 'target_domains': ['cartoon']}
0.0 []
Loss historical diff: 19.68685193359852; Loss Difference: 0.0, Decision: 0
Round 205 took 2.849672317504883s, results:
{'t': 204, 'current_accuracy': 0.17578125, 'current_loss': 19.88408374786377, 'train_loss': None, 'decision': 0, 'drift_rate': 0.0, 'target_domains': ['cartoon']}
0.0 []
Loss historical diff: 19.686855748295784; Loss Difference: 0.0, Decision: 0
Round 206 took 3.0282957553863525s, results:
{'t': 205, 'current_accuracy': 0.17578125, 'current_loss': 19.884087562561035, 'train_loss': None, 'decision': 0, 'drift_rate': 0.0, 'target_domains': ['cartoon']}
0.0 []
Loss historical diff: 19.686852887272835; Loss Difference: 0.0, Decision: 0
Round 207 took 2.8821842670440674s, results:
{'t': 206, 'current_accuracy': 0.17578125, 'current_loss': 19.884084701538086, 'train_loss': None, 'decision': 0, 'drift_rate': 0.0, 'target_domains': ['cartoon']}
0.0 []
Loss historical diff: 19.686850026249886; Loss Difference: 0.0, Decision: 0
Round 208 took 2.6686816215515137s, results:
{'t': 207, 'current_accuracy': 0.17578125, 'current_loss': 19.884081840515137, 'train_loss': None, 'decision': 0, 'drift_rate': 0.0, 'target_domains': ['cartoon']}
0.0 []
Loss historical diff: 19.68685193359852; Loss Difference: 0.0, Decision: 0
Round 209 took 2.6791319847106934s, results:
{'t': 208, 'current_accuracy': 0.17578125, 'current_loss': 19.88408374786377, 'train_loss': None, 'decision': 0, 'drift_rate': 0.0, 'target_domains': ['cartoon']}
0.0 []
Loss historical diff: 19.68684907257557; Loss Difference: 0.0, Decision: 0
Round 210 took 2.653179168701172s, results:
{'t': 209, 'current_accuracy': 0.17578125, 'current_loss': 19.88408088684082, 'train_loss': None, 'decision': 0, 'drift_rate': 0.0, 'target_domains': ['cartoon']}
0.0 []
Loss historical diff: 19.686852887272835; Loss Difference: 0.0, Decision: 0
Round 211 took 2.6560373306274414s, results:
{'t': 210, 'current_accuracy': 0.17578125, 'current_loss': 19.884084701538086, 'train_loss': None, 'decision': 0, 'drift_rate': 0.0, 'target_domains': ['cartoon']}
0.0 []
Loss historical diff: 19.68685193359852; Loss Difference: 0.0, Decision: 0
Round 212 took 2.733180522918701s, results:
{'t': 211, 'current_accuracy': 0.17578125, 'current_loss': 19.88408374786377, 'train_loss': None, 'decision': 0, 'drift_rate': 0.0, 'target_domains': ['cartoon']}
0.0 []
Loss historical diff: 19.68685193359852; Loss Difference: 0.0, Decision: 0
Round 213 took 2.6941967010498047s, results:
{'t': 212, 'current_accuracy': 0.17578125, 'current_loss': 19.88408374786377, 'train_loss': None, 'decision': 0, 'drift_rate': 0.0, 'target_domains': ['cartoon']}
0.0 []
Loss historical diff: 19.68685384094715; Loss Difference: 0.0, Decision: 0
Round 214 took 2.8109869956970215s, results:
{'t': 213, 'current_accuracy': 0.17578125, 'current_loss': 19.884085655212402, 'train_loss': None, 'decision': 0, 'drift_rate': 0.0, 'target_domains': ['cartoon']}
0.0 []
Loss historical diff: 19.68685193359852; Loss Difference: 0.0, Decision: 0
Round 215 took 2.7109251022338867s, results:
{'t': 214, 'current_accuracy': 0.17578125, 'current_loss': 19.88408374786377, 'train_loss': None, 'decision': 0, 'drift_rate': 0.0, 'target_domains': ['cartoon']}
0.0 []
Loss historical diff: 19.68685384094715; Loss Difference: 0.0, Decision: 0
Round 216 took 2.6309216022491455s, results:
{'t': 215, 'current_accuracy': 0.17578125, 'current_loss': 19.884085655212402, 'train_loss': None, 'decision': 0, 'drift_rate': 0.0, 'target_domains': ['cartoon']}
0.0 []
Loss historical diff: 19.686854794621468; Loss Difference: 0.0, Decision: 0
Round 217 took 2.971165657043457s, results:
{'t': 216, 'current_accuracy': 0.17578125, 'current_loss': 19.88408660888672, 'train_loss': None, 'decision': 0, 'drift_rate': 0.0, 'target_domains': ['cartoon']}
0.0 []
Loss historical diff: 19.686854794621468; Loss Difference: 0.0, Decision: 0
Round 218 took 2.5810546875s, results:
{'t': 217, 'current_accuracy': 0.17578125, 'current_loss': 19.88408660888672, 'train_loss': None, 'decision': 0, 'drift_rate': 0.0, 'target_domains': ['cartoon']}
0.0 []
Loss historical diff: 19.686850979924202; Loss Difference: 0.0, Decision: 0
Round 219 took 2.734832525253296s, results:
{'t': 218, 'current_accuracy': 0.17578125, 'current_loss': 19.884082794189453, 'train_loss': None, 'decision': 0, 'drift_rate': 0.0, 'target_domains': ['cartoon']}
0.0 []
Loss historical diff: 19.68685193359852; Loss Difference: 0.0, Decision: 0
Round 220 took 2.7210731506347656s, results:
{'t': 219, 'current_accuracy': 0.17578125, 'current_loss': 19.88408374786377, 'train_loss': None, 'decision': 0, 'drift_rate': 0.0, 'target_domains': ['cartoon']}
0.0 []
Loss historical diff: 19.68685193359852; Loss Difference: 0.0, Decision: 0
Round 221 took 2.7862119674682617s, results:
{'t': 220, 'current_accuracy': 0.17578125, 'current_loss': 19.88408374786377, 'train_loss': None, 'decision': 0, 'drift_rate': 0.0, 'target_domains': ['cartoon']}
0.0 []
Loss historical diff: 19.686854794621468; Loss Difference: 0.0, Decision: 0
Round 222 took 2.641522169113159s, results:
{'t': 221, 'current_accuracy': 0.17578125, 'current_loss': 19.88408660888672, 'train_loss': None, 'decision': 0, 'drift_rate': 0.0, 'target_domains': ['cartoon']}
0.0 []
Loss historical diff: 19.68685384094715; Loss Difference: 0.0, Decision: 0
Round 223 took 2.6736953258514404s, results:
{'t': 222, 'current_accuracy': 0.17578125, 'current_loss': 19.884085655212402, 'train_loss': None, 'decision': 0, 'drift_rate': 0.0, 'target_domains': ['cartoon']}
0.0 []
Loss historical diff: 19.68685384094715; Loss Difference: 0.0, Decision: 1
Average loss over 5 updates: 1.3977
Round 224 took 4.721279144287109s, results:
{'t': 223, 'current_accuracy': 0.17578125, 'current_loss': 19.884085655212402, 'train_loss': 1.3976728200912476, 'decision': 1, 'drift_rate': 0.0, 'target_domains': ['cartoon']}
0.0 []
Loss historical diff: 2.4559542685747147; Loss Difference: 0.0, Decision: 0
Round 225 took 2.642348289489746s, results:
{'t': 224, 'current_accuracy': 0.4375, 'current_loss': 2.653186082839966, 'train_loss': None, 'decision': 0, 'drift_rate': 0.0, 'target_domains': ['cartoon']}
0.0 []
Loss historical diff: 2.4559535533189774; Loss Difference: 0.0, Decision: 0
Round 226 took 2.6497302055358887s, results:
{'t': 225, 'current_accuracy': 0.4375, 'current_loss': 2.6531853675842285, 'train_loss': None, 'decision': 0, 'drift_rate': 0.0, 'target_domains': ['cartoon']}
0.0 []
Loss historical diff: 2.4559548646211624; Loss Difference: 0.0, Decision: 0
Round 227 took 2.622560739517212s, results:
{'t': 226, 'current_accuracy': 0.4375, 'current_loss': 2.6531866788864136, 'train_loss': None, 'decision': 0, 'drift_rate': 0.0, 'target_domains': ['cartoon']}
0.0 []
Loss historical diff: 2.45595546066761; Loss Difference: 0.0, Decision: 0
Round 228 took 2.6331591606140137s, results:
{'t': 227, 'current_accuracy': 0.4375, 'current_loss': 2.6531872749328613, 'train_loss': None, 'decision': 0, 'drift_rate': 0.0, 'target_domains': ['cartoon']}
0.0 []
Loss historical diff: 2.4559553414583206; Loss Difference: 0.0, Decision: 0
Round 229 took 2.641744375228882s, results:
{'t': 228, 'current_accuracy': 0.4375, 'current_loss': 2.6531871557235718, 'train_loss': None, 'decision': 0, 'drift_rate': 0.0, 'target_domains': ['cartoon']}
0.0 []
Loss historical diff: 2.4559559375047684; Loss Difference: 0.0, Decision: 0
Round 230 took 2.8339173793792725s, results:
{'t': 229, 'current_accuracy': 0.4375, 'current_loss': 2.6531877517700195, 'train_loss': None, 'decision': 0, 'drift_rate': 0.0, 'target_domains': ['cartoon']}
0.0 []
Loss historical diff: 2.4559568911790848; Loss Difference: 0.0, Decision: 0
Round 231 took 2.723604679107666s, results:
{'t': 230, 'current_accuracy': 0.4375, 'current_loss': 2.653188705444336, 'train_loss': None, 'decision': 0, 'drift_rate': 0.0, 'target_domains': ['cartoon']}
0.0 []
Loss historical diff: 2.4559540301561356; Loss Difference: 0.0, Decision: 0
Round 232 took 2.742943048477173s, results:
{'t': 231, 'current_accuracy': 0.4375, 'current_loss': 2.6531858444213867, 'train_loss': None, 'decision': 0, 'drift_rate': 0.0, 'target_domains': ['cartoon']}
0.0 []
Loss historical diff: 2.4559564143419266; Loss Difference: 0.0, Decision: 0
Round 233 took 2.7100632190704346s, results:
{'t': 232, 'current_accuracy': 0.4375, 'current_loss': 2.6531882286071777, 'train_loss': None, 'decision': 0, 'drift_rate': 0.0, 'target_domains': ['cartoon']}
0.0 []
Loss historical diff: 2.455955818295479; Loss Difference: 0.0, Decision: 1
Average loss over 5 updates: 0.7880
Round 234 took 4.429910898208618s, results:
{'t': 233, 'current_accuracy': 0.4375, 'current_loss': 2.65318763256073, 'train_loss': 0.7879509210586548, 'decision': 1, 'drift_rate': 0.0, 'target_domains': ['cartoon']}
0.0 []
Loss historical diff: 2.1699287444353104; Loss Difference: 0.0, Decision: 0
Round 235 took 2.741748332977295s, results:
{'t': 234, 'current_accuracy': 0.51953125, 'current_loss': 2.3671605587005615, 'train_loss': None, 'decision': 0, 'drift_rate': 0.0, 'target_domains': ['cartoon']}
0.0 []
Loss historical diff: 2.169928267598152; Loss Difference: 0.0, Decision: 0
Round 236 took 2.668546438217163s, results:
{'t': 235, 'current_accuracy': 0.51953125, 'current_loss': 2.3671600818634033, 'train_loss': None, 'decision': 0, 'drift_rate': 0.0, 'target_domains': ['cartoon']}
0.0 []
Loss historical diff: 2.1699279099702835; Loss Difference: 0.0, Decision: 0
Round 237 took 2.718503952026367s, results:
{'t': 236, 'current_accuracy': 0.51953125, 'current_loss': 2.3671597242355347, 'train_loss': None, 'decision': 0, 'drift_rate': 0.0, 'target_domains': ['cartoon']}
0.0 []
Loss historical diff: 2.1699279099702835; Loss Difference: 0.0, Decision: 0
Round 238 took 2.6978487968444824s, results:
{'t': 237, 'current_accuracy': 0.51953125, 'current_loss': 2.3671597242355347, 'train_loss': None, 'decision': 0, 'drift_rate': 0.0, 'target_domains': ['cartoon']}
0.0 []
Loss historical diff: 2.169928029179573; Loss Difference: 0.0, Decision: 0
Round 239 took 2.650895118713379s, results:
{'t': 238, 'current_accuracy': 0.51953125, 'current_loss': 2.367159843444824, 'train_loss': None, 'decision': 0, 'drift_rate': 0.0, 'target_domains': ['cartoon']}
0.0 []
Loss historical diff: 2.169927790760994; Loss Difference: 0.0, Decision: 0
Round 240 took 2.6604957580566406s, results:
{'t': 239, 'current_accuracy': 0.51953125, 'current_loss': 2.367159605026245, 'train_loss': None, 'decision': 0, 'drift_rate': 0.0, 'target_domains': ['cartoon']}
0.0 []
Loss historical diff: 2.169927552342415; Loss Difference: 0.0, Decision: 0
Round 241 took 2.638427734375s, results:
{'t': 240, 'current_accuracy': 0.51953125, 'current_loss': 2.367159366607666, 'train_loss': None, 'decision': 0, 'drift_rate': 0.0, 'target_domains': ['cartoon']}
0.0 []
Loss historical diff: 2.1699276715517044; Loss Difference: 0.0, Decision: 0
Round 242 took 2.6307456493377686s, results:
{'t': 241, 'current_accuracy': 0.51953125, 'current_loss': 2.3671594858169556, 'train_loss': None, 'decision': 0, 'drift_rate': 0.0, 'target_domains': ['cartoon']}
0.0 []
Loss historical diff: 2.1699281483888626; Loss Difference: 0.0, Decision: 0
Round 243 took 2.6757278442382812s, results:
{'t': 242, 'current_accuracy': 0.51953125, 'current_loss': 2.3671599626541138, 'train_loss': None, 'decision': 0, 'drift_rate': 0.0, 'target_domains': ['cartoon']}
0.0 []
Loss historical diff: 2.1699270755052567; Loss Difference: 0.0, Decision: 0
Round 244 took 2.703192710876465s, results:
{'t': 243, 'current_accuracy': 0.51953125, 'current_loss': 2.367158889770508, 'train_loss': None, 'decision': 0, 'drift_rate': 0.0, 'target_domains': ['cartoon']}
0.0 []
Loss historical diff: 2.1699279099702835; Loss Difference: 0.0, Decision: 0
Round 245 took 2.6860744953155518s, results:
{'t': 244, 'current_accuracy': 0.51953125, 'current_loss': 2.3671597242355347, 'train_loss': None, 'decision': 0, 'drift_rate': 0.0, 'target_domains': ['cartoon']}
0.0 []
Loss historical diff: 2.169927790760994; Loss Difference: 0.0, Decision: 0
Round 246 took 2.6981494426727295s, results:
{'t': 245, 'current_accuracy': 0.51953125, 'current_loss': 2.367159605026245, 'train_loss': None, 'decision': 0, 'drift_rate': 0.0, 'target_domains': ['cartoon']}
0.0 []
Loss historical diff: 2.169927194714546; Loss Difference: 0.0, Decision: 0
Round 247 took 2.6337192058563232s, results:
{'t': 246, 'current_accuracy': 0.51953125, 'current_loss': 2.3671590089797974, 'train_loss': None, 'decision': 0, 'drift_rate': 0.0, 'target_domains': ['cartoon']}
0.0 []
Loss historical diff: 2.169928029179573; Loss Difference: 0.0, Decision: 0
Round 248 took 2.6494240760803223s, results:
{'t': 247, 'current_accuracy': 0.51953125, 'current_loss': 2.367159843444824, 'train_loss': None, 'decision': 0, 'drift_rate': 0.0, 'target_domains': ['cartoon']}
0.0 []
Loss historical diff: 2.1699279099702835; Loss Difference: 0.0, Decision: 1
Average loss over 5 updates: 0.5761
Round 249 took 4.466285705566406s, results:
{'t': 248, 'current_accuracy': 0.51953125, 'current_loss': 2.3671597242355347, 'train_loss': 0.5760671377182007, 'decision': 1, 'drift_rate': 0.0, 'target_domains': ['cartoon']}
0.0 []
Loss historical diff: 1.5614493042230606; Loss Difference: 0.0, Decision: 0
Round 250 took 2.505553722381592s, results:
{'t': 249, 'current_accuracy': 0.578125, 'current_loss': 1.7586811184883118, 'train_loss': None, 'decision': 0, 'drift_rate': 0.0, 'target_domains': ['cartoon']}
Average time per round: 2.7465982503890993
Total time: 686.6495625972748
