Using the latest cached version of the dataset since flwrlabs/pacs couldn't be found on the Hugging Face Hub
Found the latest cached dataset configuration 'default' at /home/apiasecz/.cache/huggingface/datasets/flwrlabs___pacs/default/0.0.0/394113073258ead631f617d2e13bb377c0715c4b (last modified on Wed Jan 29 16:59:35 2025).
Using the latest cached version of the dataset since flwrlabs/pacs couldn't be found on the Hugging Face Hub
Found the latest cached dataset configuration 'default' at /home/apiasecz/.cache/huggingface/datasets/flwrlabs___pacs/default/0.0.0/394113073258ead631f617d2e13bb377c0715c4b (last modified on Wed Jan 29 16:59:35 2025).
Using the latest cached version of the dataset since flwrlabs/pacs couldn't be found on the Hugging Face Hub
Found the latest cached dataset configuration 'default' at /home/apiasecz/.cache/huggingface/datasets/flwrlabs___pacs/default/0.0.0/394113073258ead631f617d2e13bb377c0715c4b (last modified on Wed Jan 29 16:59:35 2025).
Device: cuda
CUDA Version: 12.1
cuDNN Version: 8902
PyTorch Version: 2.3.0

Model used: PACSCNN_4
Initial dataset creation
Initial dataset creation
Initial loss: 0.6921877264976501
<__main__.Policy object at 0x151e00ea0a10>
0.6921877264976501
Loss historical diff: 0.0; Loss Difference: 0.0, Decision: 0
Round 1 took 0.40690159797668457s, results:
{'t': 0, 'current_accuracy': 0.75, 'current_loss': 0.6601464450359344, 'train_loss': None, 'decision': 0, 'drift_rate': 0.0, 'target_domains': ['photo']}
Loss historical diff: 0.0; Loss Difference: 0.0, Decision: 0
Round 2 took 0.3913605213165283s, results:
{'t': 1, 'current_accuracy': 0.75, 'current_loss': 0.6601464450359344, 'train_loss': None, 'decision': 0, 'drift_rate': 0.0, 'target_domains': ['photo']}
Loss historical diff: 0.0; Loss Difference: 0.0, Decision: 0
Round 3 took 0.39099955558776855s, results:
{'t': 2, 'current_accuracy': 0.75, 'current_loss': 0.6601463854312897, 'train_loss': None, 'decision': 0, 'drift_rate': 0.0, 'target_domains': ['photo']}
Loss historical diff: 8.940696716308594e-08; Loss Difference: 0.0, Decision: 0
Round 4 took 0.3908259868621826s, results:
{'t': 3, 'current_accuracy': 0.75, 'current_loss': 0.6601464748382568, 'train_loss': None, 'decision': 0, 'drift_rate': 0.0, 'target_domains': ['photo']}
Loss historical diff: 1.7881393432617188e-07; Loss Difference: 0.0, Decision: 0
Round 5 took 0.3908963203430176s, results:
{'t': 4, 'current_accuracy': 0.75, 'current_loss': 0.660146564245224, 'train_loss': None, 'decision': 0, 'drift_rate': 0.0, 'target_domains': ['photo']}
Loss historical diff: 1.1920928955078125e-07; Loss Difference: 0.0, Decision: 0
Round 6 took 0.3901810646057129s, results:
{'t': 5, 'current_accuracy': 0.75, 'current_loss': 0.6601465046405792, 'train_loss': None, 'decision': 0, 'drift_rate': 0.0, 'target_domains': ['photo']}
Loss historical diff: 8.940696716308594e-08; Loss Difference: 0.0, Decision: 0
Round 7 took 0.39046573638916016s, results:
{'t': 6, 'current_accuracy': 0.75, 'current_loss': 0.6601464748382568, 'train_loss': None, 'decision': 0, 'drift_rate': 0.0, 'target_domains': ['photo']}
Loss historical diff: 0.0; Loss Difference: 0.0, Decision: 0
Round 8 took 0.39173364639282227s, results:
{'t': 7, 'current_accuracy': 0.75, 'current_loss': 0.6601463854312897, 'train_loss': None, 'decision': 0, 'drift_rate': 0.0, 'target_domains': ['photo']}
Loss historical diff: 5.960464477539063e-08; Loss Difference: 0.0, Decision: 0
Round 9 took 0.3915276527404785s, results:
{'t': 8, 'current_accuracy': 0.75, 'current_loss': 0.6601464450359344, 'train_loss': None, 'decision': 0, 'drift_rate': 0.0, 'target_domains': ['photo']}
Loss historical diff: 2.9802322387695312e-08; Loss Difference: 0.0, Decision: 0
Round 10 took 0.39043378829956055s, results:
{'t': 9, 'current_accuracy': 0.75, 'current_loss': 0.6601464152336121, 'train_loss': None, 'decision': 0, 'drift_rate': 0.0, 'target_domains': ['photo']}
Loss historical diff: 5.960464477539063e-08; Loss Difference: 0.0, Decision: 0
Round 11 took 0.39414501190185547s, results:
{'t': 10, 'current_accuracy': 0.75, 'current_loss': 0.6601464450359344, 'train_loss': None, 'decision': 0, 'drift_rate': 0.0, 'target_domains': ['photo']}
Loss historical diff: 2.9802322387695312e-08; Loss Difference: 0.0, Decision: 0
Round 12 took 0.39008069038391113s, results:
{'t': 11, 'current_accuracy': 0.75, 'current_loss': 0.6601464152336121, 'train_loss': None, 'decision': 0, 'drift_rate': 0.0, 'target_domains': ['photo']}
Loss historical diff: 2.9802322387695312e-08; Loss Difference: 0.0, Decision: 0
Round 13 took 0.3901362419128418s, results:
{'t': 12, 'current_accuracy': 0.75, 'current_loss': 0.6601464152336121, 'train_loss': None, 'decision': 0, 'drift_rate': 0.0, 'target_domains': ['photo']}
Loss historical diff: 8.940696716308594e-08; Loss Difference: 0.0, Decision: 0
Round 14 took 0.39037370681762695s, results:
{'t': 13, 'current_accuracy': 0.75, 'current_loss': 0.6601464748382568, 'train_loss': None, 'decision': 0, 'drift_rate': 0.0, 'target_domains': ['photo']}
Loss historical diff: 0.0; Loss Difference: 0.0, Decision: 0
Round 15 took 0.39040422439575195s, results:
{'t': 14, 'current_accuracy': 0.75, 'current_loss': 0.6601463854312897, 'train_loss': None, 'decision': 0, 'drift_rate': 0.0, 'target_domains': ['photo']}
Loss historical diff: 8.940696716308594e-08; Loss Difference: 0.0, Decision: 0
Round 16 took 0.39359307289123535s, results:
{'t': 15, 'current_accuracy': 0.75, 'current_loss': 0.6601464748382568, 'train_loss': None, 'decision': 0, 'drift_rate': 0.0, 'target_domains': ['photo']}
Loss historical diff: 1.1920928955078125e-07; Loss Difference: 0.0, Decision: 0
Round 17 took 0.3907439708709717s, results:
{'t': 16, 'current_accuracy': 0.75, 'current_loss': 0.6601465046405792, 'train_loss': None, 'decision': 0, 'drift_rate': 0.0, 'target_domains': ['photo']}
Loss historical diff: 1.4901161193847656e-07; Loss Difference: 0.0, Decision: 0
Round 18 took 0.39083099365234375s, results:
{'t': 17, 'current_accuracy': 0.75, 'current_loss': 0.6601465344429016, 'train_loss': None, 'decision': 0, 'drift_rate': 0.0, 'target_domains': ['photo']}
Loss historical diff: 0.0; Loss Difference: 0.0, Decision: 0
Round 19 took 0.3905329704284668s, results:
{'t': 18, 'current_accuracy': 0.75, 'current_loss': 0.6601463854312897, 'train_loss': None, 'decision': 0, 'drift_rate': 0.0, 'target_domains': ['photo']}
Loss historical diff: 1.1920928955078125e-07; Loss Difference: 0.0, Decision: 0
Round 20 took 0.3902714252471924s, results:
{'t': 19, 'current_accuracy': 0.75, 'current_loss': 0.6601465046405792, 'train_loss': None, 'decision': 0, 'drift_rate': 0.0, 'target_domains': ['photo']}
Loss historical diff: 0.0; Loss Difference: 0.0, Decision: 0
Round 21 took 0.3937795162200928s, results:
{'t': 20, 'current_accuracy': 0.75, 'current_loss': 0.6601463556289673, 'train_loss': None, 'decision': 0, 'drift_rate': 0.0, 'target_domains': ['photo']}
Loss historical diff: 0.0; Loss Difference: 0.0, Decision: 0
Round 22 took 0.3905375003814697s, results:
{'t': 21, 'current_accuracy': 0.75, 'current_loss': 0.6601463258266449, 'train_loss': None, 'decision': 0, 'drift_rate': 0.0, 'target_domains': ['photo']}
Loss historical diff: 2.682209014892578e-07; Loss Difference: 0.0, Decision: 0
Round 23 took 0.39060115814208984s, results:
{'t': 22, 'current_accuracy': 0.75, 'current_loss': 0.6601465940475464, 'train_loss': None, 'decision': 0, 'drift_rate': 0.0, 'target_domains': ['photo']}
Loss historical diff: 1.1920928955078125e-07; Loss Difference: 0.0, Decision: 0
Round 24 took 0.3905963897705078s, results:
{'t': 23, 'current_accuracy': 0.75, 'current_loss': 0.6601464450359344, 'train_loss': None, 'decision': 0, 'drift_rate': 0.0, 'target_domains': ['photo']}
Loss historical diff: 0.0; Loss Difference: 0.0, Decision: 0
Round 25 took 0.3910391330718994s, results:
{'t': 24, 'current_accuracy': 0.75, 'current_loss': 0.6601463258266449, 'train_loss': None, 'decision': 0, 'drift_rate': 0.0, 'target_domains': ['photo']}
Loss historical diff: 1.1920928955078125e-07; Loss Difference: 0.0, Decision: 0
Round 26 took 0.4152960777282715s, results:
{'t': 25, 'current_accuracy': 0.75, 'current_loss': 0.6601464450359344, 'train_loss': None, 'decision': 0, 'drift_rate': 0.0, 'target_domains': ['photo']}
Loss historical diff: 1.1920928955078125e-07; Loss Difference: 0.0, Decision: 0
Round 27 took 0.39710092544555664s, results:
{'t': 26, 'current_accuracy': 0.75, 'current_loss': 0.6601464450359344, 'train_loss': None, 'decision': 0, 'drift_rate': 0.0, 'target_domains': ['photo']}
Loss historical diff: 0.0; Loss Difference: 0.0, Decision: 0
Round 28 took 0.39072299003601074s, results:
{'t': 27, 'current_accuracy': 0.75, 'current_loss': 0.6601462960243225, 'train_loss': None, 'decision': 0, 'drift_rate': 0.0, 'target_domains': ['photo']}
Loss historical diff: 8.940696716308594e-08; Loss Difference: 0.0, Decision: 0
Round 29 took 0.39025449752807617s, results:
{'t': 28, 'current_accuracy': 0.75, 'current_loss': 0.6601463854312897, 'train_loss': None, 'decision': 0, 'drift_rate': 0.0, 'target_domains': ['photo']}
Loss historical diff: 1.7881393432617188e-07; Loss Difference: 0.0, Decision: 0
Round 30 took 0.38977932929992676s, results:
{'t': 29, 'current_accuracy': 0.75, 'current_loss': 0.6601464748382568, 'train_loss': None, 'decision': 0, 'drift_rate': 0.0, 'target_domains': ['photo']}
Loss historical diff: 0.0; Loss Difference: 0.0, Decision: 0
Round 31 took 0.3973960876464844s, results:
{'t': 30, 'current_accuracy': 0.75, 'current_loss': 0.6601462960243225, 'train_loss': None, 'decision': 0, 'drift_rate': 0.0, 'target_domains': ['photo']}
Loss historical diff: 1.7881393432617188e-07; Loss Difference: 0.0, Decision: 0
Round 32 took 0.3917386531829834s, results:
{'t': 31, 'current_accuracy': 0.75, 'current_loss': 0.6601464748382568, 'train_loss': None, 'decision': 0, 'drift_rate': 0.0, 'target_domains': ['photo']}
Loss historical diff: 5.960464477539063e-08; Loss Difference: 0.0, Decision: 0
Round 33 took 0.3914978504180908s, results:
{'t': 32, 'current_accuracy': 0.75, 'current_loss': 0.6601463556289673, 'train_loss': None, 'decision': 0, 'drift_rate': 0.0, 'target_domains': ['photo']}
Loss historical diff: 5.960464477539063e-08; Loss Difference: 0.0, Decision: 0
Round 34 took 0.3911581039428711s, results:
{'t': 33, 'current_accuracy': 0.75, 'current_loss': 0.6601463556289673, 'train_loss': None, 'decision': 0, 'drift_rate': 0.0, 'target_domains': ['photo']}
Loss historical diff: 1.4901161193847656e-07; Loss Difference: 0.0, Decision: 0
Round 35 took 0.3909263610839844s, results:
{'t': 34, 'current_accuracy': 0.75, 'current_loss': 0.6601464450359344, 'train_loss': None, 'decision': 0, 'drift_rate': 0.0, 'target_domains': ['photo']}
Loss historical diff: 3.2782554626464844e-07; Loss Difference: 0.0, Decision: 0
Round 36 took 0.3933117389678955s, results:
{'t': 35, 'current_accuracy': 0.75, 'current_loss': 0.6601466238498688, 'train_loss': None, 'decision': 0, 'drift_rate': 0.0, 'target_domains': ['photo']}
Loss historical diff: 1.7881393432617188e-07; Loss Difference: 0.0, Decision: 0
Round 37 took 0.3919663429260254s, results:
{'t': 36, 'current_accuracy': 0.75, 'current_loss': 0.6601464748382568, 'train_loss': None, 'decision': 0, 'drift_rate': 0.0, 'target_domains': ['photo']}
Loss historical diff: 2.086162567138672e-07; Loss Difference: 0.0, Decision: 0
Round 38 took 0.39041662216186523s, results:
{'t': 37, 'current_accuracy': 0.75, 'current_loss': 0.6601465046405792, 'train_loss': None, 'decision': 0, 'drift_rate': 0.0, 'target_domains': ['photo']}
Loss historical diff: 2.682209014892578e-07; Loss Difference: 0.0, Decision: 0
Round 39 took 0.39061737060546875s, results:
{'t': 38, 'current_accuracy': 0.75, 'current_loss': 0.660146564245224, 'train_loss': None, 'decision': 0, 'drift_rate': 0.0, 'target_domains': ['photo']}
Loss historical diff: 2.682209014892578e-07; Loss Difference: 0.0, Decision: 0
Round 40 took 0.39096808433532715s, results:
{'t': 39, 'current_accuracy': 0.75, 'current_loss': 0.660146564245224, 'train_loss': None, 'decision': 0, 'drift_rate': 0.0, 'target_domains': ['photo']}
Loss historical diff: 2.086162567138672e-07; Loss Difference: 0.0, Decision: 0
Round 41 took 0.3904855251312256s, results:
{'t': 40, 'current_accuracy': 0.75, 'current_loss': 0.6601465046405792, 'train_loss': None, 'decision': 0, 'drift_rate': 0.0, 'target_domains': ['photo']}
Loss historical diff: 1.7881393432617188e-07; Loss Difference: 0.0, Decision: 0
Round 42 took 0.3949623107910156s, results:
{'t': 41, 'current_accuracy': 0.75, 'current_loss': 0.6601464748382568, 'train_loss': None, 'decision': 0, 'drift_rate': 0.0, 'target_domains': ['photo']}
Loss historical diff: 1.7881393432617188e-07; Loss Difference: 0.0, Decision: 0
Round 43 took 0.3922452926635742s, results:
{'t': 42, 'current_accuracy': 0.75, 'current_loss': 0.6601464748382568, 'train_loss': None, 'decision': 0, 'drift_rate': 0.0, 'target_domains': ['photo']}
Loss historical diff: 1.4901161193847656e-07; Loss Difference: 0.0, Decision: 0
Round 44 took 0.39151883125305176s, results:
{'t': 43, 'current_accuracy': 0.75, 'current_loss': 0.6601464450359344, 'train_loss': None, 'decision': 0, 'drift_rate': 0.0, 'target_domains': ['photo']}
Loss historical diff: 1.1920928955078125e-07; Loss Difference: 0.0, Decision: 0
Round 45 took 0.3916587829589844s, results:
{'t': 44, 'current_accuracy': 0.75, 'current_loss': 0.6601464152336121, 'train_loss': None, 'decision': 0, 'drift_rate': 0.0, 'target_domains': ['photo']}
Loss historical diff: 2.682209014892578e-07; Loss Difference: 0.0, Decision: 0
Round 46 took 0.39171361923217773s, results:
{'t': 45, 'current_accuracy': 0.75, 'current_loss': 0.660146564245224, 'train_loss': None, 'decision': 0, 'drift_rate': 0.0, 'target_domains': ['photo']}
Loss historical diff: 8.940696716308594e-08; Loss Difference: 0.0, Decision: 0
Round 47 took 0.39078593254089355s, results:
{'t': 46, 'current_accuracy': 0.75, 'current_loss': 0.6601463854312897, 'train_loss': None, 'decision': 0, 'drift_rate': 0.0, 'target_domains': ['photo']}
Loss historical diff: 5.960464477539063e-08; Loss Difference: 0.0, Decision: 0
Round 48 took 0.3917994499206543s, results:
{'t': 47, 'current_accuracy': 0.75, 'current_loss': 0.6601463556289673, 'train_loss': None, 'decision': 0, 'drift_rate': 0.0, 'target_domains': ['photo']}
Loss historical diff: 2.682209014892578e-07; Loss Difference: 0.0, Decision: 0
Round 49 took 0.3962843418121338s, results:
{'t': 48, 'current_accuracy': 0.75, 'current_loss': 0.660146564245224, 'train_loss': None, 'decision': 0, 'drift_rate': 0.0, 'target_domains': ['photo']}
Loss historical diff: 8.940696716308594e-08; Loss Difference: 0.0, Decision: 0
Round 50 took 0.39101195335388184s, results:
{'t': 49, 'current_accuracy': 0.75, 'current_loss': 0.6601463854312897, 'train_loss': None, 'decision': 0, 'drift_rate': 0.0, 'target_domains': ['photo']}
Loss historical diff: 1.4901161193847656e-07; Loss Difference: 0.0, Decision: 0
Round 51 took 0.39229702949523926s, results:
{'t': 50, 'current_accuracy': 0.75, 'current_loss': 0.6601464450359344, 'train_loss': None, 'decision': 0, 'drift_rate': 0.032, 'target_domains': ['photo']}
Loss historical diff: 1.1920928955078125e-07; Loss Difference: 0.0, Decision: 0
Round 52 took 0.39232516288757324s, results:
{'t': 51, 'current_accuracy': 0.75, 'current_loss': 0.6601464152336121, 'train_loss': None, 'decision': 0, 'drift_rate': 0.032, 'target_domains': ['photo']}
Loss historical diff: 0.0; Loss Difference: 0.0, Decision: 0
Round 53 took 0.3915729522705078s, results:
{'t': 52, 'current_accuracy': 0.75, 'current_loss': 0.6601462960243225, 'train_loss': None, 'decision': 0, 'drift_rate': 0.032, 'target_domains': ['photo']}
Loss historical diff: 2.086162567138672e-07; Loss Difference: 0.0, Decision: 0
Round 54 took 0.39159107208251953s, results:
{'t': 53, 'current_accuracy': 0.75, 'current_loss': 0.6601465046405792, 'train_loss': None, 'decision': 0, 'drift_rate': 0.032, 'target_domains': ['photo']}
Loss historical diff: 1.7881393432617188e-07; Loss Difference: 0.0, Decision: 0
Round 55 took 0.3952906131744385s, results:
{'t': 54, 'current_accuracy': 0.75, 'current_loss': 0.6601464748382568, 'train_loss': None, 'decision': 0, 'drift_rate': 0.032, 'target_domains': ['photo']}
Loss historical diff: 1.7881393432617188e-07; Loss Difference: 0.0, Decision: 0
Round 56 took 0.3923375606536865s, results:
{'t': 55, 'current_accuracy': 0.75, 'current_loss': 0.6601464748382568, 'train_loss': None, 'decision': 0, 'drift_rate': 0.032, 'target_domains': ['photo']}
Loss historical diff: 1.1920928955078125e-07; Loss Difference: 0.0, Decision: 0
Round 57 took 0.3905501365661621s, results:
{'t': 56, 'current_accuracy': 0.75, 'current_loss': 0.6601464152336121, 'train_loss': None, 'decision': 0, 'drift_rate': 0.032, 'target_domains': ['photo']}
Loss historical diff: 2.980232238769531e-07; Loss Difference: 0.0, Decision: 0
Round 58 took 0.39127302169799805s, results:
{'t': 57, 'current_accuracy': 0.75, 'current_loss': 0.6601465940475464, 'train_loss': None, 'decision': 0, 'drift_rate': 0.032, 'target_domains': ['photo']}
Loss historical diff: 1.4901161193847656e-07; Loss Difference: 0.0, Decision: 0
Round 59 took 0.39148783683776855s, results:
{'t': 58, 'current_accuracy': 0.75, 'current_loss': 0.6601464450359344, 'train_loss': None, 'decision': 0, 'drift_rate': 0.032, 'target_domains': ['photo']}
Loss historical diff: 1.4901161193847656e-07; Loss Difference: 0.0, Decision: 0
Round 60 took 0.3913075923919678s, results:
{'t': 59, 'current_accuracy': 0.75, 'current_loss': 0.6601464450359344, 'train_loss': None, 'decision': 0, 'drift_rate': 0.032, 'target_domains': ['photo']}
Loss historical diff: 8.940696716308594e-08; Loss Difference: 0.0, Decision: 0
Round 61 took 0.3911747932434082s, results:
{'t': 60, 'current_accuracy': 0.75, 'current_loss': 0.6601463854312897, 'train_loss': None, 'decision': 0, 'drift_rate': 0.032, 'target_domains': ['photo']}
Loss historical diff: 1.4901161193847656e-07; Loss Difference: 0.0, Decision: 0
Round 62 took 0.39279675483703613s, results:
{'t': 61, 'current_accuracy': 0.75, 'current_loss': 0.6601464450359344, 'train_loss': None, 'decision': 0, 'drift_rate': 0.032, 'target_domains': ['photo']}
Loss historical diff: 1.1920928955078125e-07; Loss Difference: 0.0, Decision: 0
Round 63 took 0.3907787799835205s, results:
{'t': 62, 'current_accuracy': 0.75, 'current_loss': 0.6601464152336121, 'train_loss': None, 'decision': 0, 'drift_rate': 0.032, 'target_domains': ['photo']}
Loss historical diff: 2.384185791015625e-07; Loss Difference: 0.0, Decision: 0
Round 64 took 0.3912646770477295s, results:
{'t': 63, 'current_accuracy': 0.75, 'current_loss': 0.6601465344429016, 'train_loss': None, 'decision': 0, 'drift_rate': 0.032, 'target_domains': ['photo']}
Loss historical diff: 5.960464477539063e-08; Loss Difference: 0.0, Decision: 0
Round 65 took 0.39095640182495117s, results:
{'t': 64, 'current_accuracy': 0.75, 'current_loss': 0.6601463556289673, 'train_loss': None, 'decision': 0, 'drift_rate': 0.032, 'target_domains': ['photo']}
Loss historical diff: 8.940696716308594e-08; Loss Difference: 0.0, Decision: 0
Round 66 took 0.3915071487426758s, results:
{'t': 65, 'current_accuracy': 0.75, 'current_loss': 0.6601463854312897, 'train_loss': None, 'decision': 0, 'drift_rate': 0.032, 'target_domains': ['photo']}
Loss historical diff: 5.960464477539063e-08; Loss Difference: 0.0, Decision: 0
Round 67 took 0.3927786350250244s, results:
{'t': 66, 'current_accuracy': 0.75, 'current_loss': 0.6601463556289673, 'train_loss': None, 'decision': 0, 'drift_rate': 0.032, 'target_domains': ['photo']}
Loss historical diff: 1.7881393432617188e-07; Loss Difference: 0.0, Decision: 0
Round 68 took 0.39589452743530273s, results:
{'t': 67, 'current_accuracy': 0.75, 'current_loss': 0.6601464748382568, 'train_loss': None, 'decision': 0, 'drift_rate': 0.032, 'target_domains': ['photo']}
Loss historical diff: 1.1920928955078125e-07; Loss Difference: 0.0, Decision: 0
Round 69 took 0.3919241428375244s, results:
{'t': 68, 'current_accuracy': 0.75, 'current_loss': 0.6601464152336121, 'train_loss': None, 'decision': 0, 'drift_rate': 0.032, 'target_domains': ['photo']}
Loss historical diff: 1.7881393432617188e-07; Loss Difference: 0.0, Decision: 0
Round 70 took 0.39157652854919434s, results:
{'t': 69, 'current_accuracy': 0.75, 'current_loss': 0.6601464748382568, 'train_loss': None, 'decision': 0, 'drift_rate': 0.032, 'target_domains': ['photo']}
Loss historical diff: 8.940696716308594e-08; Loss Difference: 0.0, Decision: 0
Round 71 took 0.391416072845459s, results:
{'t': 70, 'current_accuracy': 0.75, 'current_loss': 0.6601463854312897, 'train_loss': None, 'decision': 0, 'drift_rate': 0.032, 'target_domains': ['photo']}
Loss historical diff: 1.1920928955078125e-07; Loss Difference: 0.0, Decision: 0
Round 72 took 0.39215755462646484s, results:
{'t': 71, 'current_accuracy': 0.75, 'current_loss': 0.6601464152336121, 'train_loss': None, 'decision': 0, 'drift_rate': 0.032, 'target_domains': ['photo']}
Loss historical diff: 5.960464477539063e-08; Loss Difference: 0.0, Decision: 0
Round 73 took 0.39093613624572754s, results:
{'t': 72, 'current_accuracy': 0.75, 'current_loss': 0.6601463556289673, 'train_loss': None, 'decision': 0, 'drift_rate': 0.032, 'target_domains': ['photo']}
Loss historical diff: 8.940696716308594e-08; Loss Difference: 0.0, Decision: 0
Round 74 took 0.39465999603271484s, results:
{'t': 73, 'current_accuracy': 0.75, 'current_loss': 0.6601463854312897, 'train_loss': None, 'decision': 0, 'drift_rate': 0.032, 'target_domains': ['photo']}
Loss historical diff: 2.9802322387695312e-08; Loss Difference: 0.0, Decision: 0
Round 75 took 0.3933908939361572s, results:
{'t': 74, 'current_accuracy': 0.75, 'current_loss': 0.6601463258266449, 'train_loss': None, 'decision': 0, 'drift_rate': 0.032, 'target_domains': ['photo']}
Loss historical diff: 1.4901161193847656e-07; Loss Difference: 0.0, Decision: 0
Round 76 took 0.39154934883117676s, results:
{'t': 75, 'current_accuracy': 0.75, 'current_loss': 0.6601464450359344, 'train_loss': None, 'decision': 0, 'drift_rate': 0.032, 'target_domains': ['photo']}
Loss historical diff: 2.086162567138672e-07; Loss Difference: 0.0, Decision: 0
Round 77 took 0.39090824127197266s, results:
{'t': 76, 'current_accuracy': 0.75, 'current_loss': 0.6601465046405792, 'train_loss': None, 'decision': 0, 'drift_rate': 0.032, 'target_domains': ['photo']}
Loss historical diff: 2.384185791015625e-07; Loss Difference: 0.0, Decision: 0
Round 78 took 0.39142704010009766s, results:
{'t': 77, 'current_accuracy': 0.75, 'current_loss': 0.6601465344429016, 'train_loss': None, 'decision': 0, 'drift_rate': 0.032, 'target_domains': ['photo']}
Loss historical diff: 1.4901161193847656e-07; Loss Difference: 0.0, Decision: 0
Round 79 took 0.39101696014404297s, results:
{'t': 78, 'current_accuracy': 0.75, 'current_loss': 0.6601464450359344, 'train_loss': None, 'decision': 0, 'drift_rate': 0.032, 'target_domains': ['photo']}
Loss historical diff: 2.9802322387695312e-08; Loss Difference: 0.0, Decision: 0
Round 80 took 0.39091920852661133s, results:
{'t': 79, 'current_accuracy': 0.75, 'current_loss': 0.6601463258266449, 'train_loss': None, 'decision': 0, 'drift_rate': 0.032, 'target_domains': ['photo']}
Loss historical diff: 2.086162567138672e-07; Loss Difference: 0.0, Decision: 0
Round 81 took 0.39646434783935547s, results:
{'t': 80, 'current_accuracy': 0.75, 'current_loss': 0.6601465046405792, 'train_loss': None, 'decision': 0, 'drift_rate': 0.0, 'target_domains': ['photo']}
Loss historical diff: 1.1920928955078125e-07; Loss Difference: 0.0, Decision: 0
Round 82 took 0.390988826751709s, results:
{'t': 81, 'current_accuracy': 0.75, 'current_loss': 0.6601464152336121, 'train_loss': None, 'decision': 0, 'drift_rate': 0.0, 'target_domains': ['photo']}
Loss historical diff: 1.1920928955078125e-07; Loss Difference: 0.0, Decision: 0
Round 83 took 0.39165759086608887s, results:
{'t': 82, 'current_accuracy': 0.75, 'current_loss': 0.6601464152336121, 'train_loss': None, 'decision': 0, 'drift_rate': 0.0, 'target_domains': ['photo']}
Loss historical diff: 1.4901161193847656e-07; Loss Difference: 0.0, Decision: 0
Round 84 took 0.3912520408630371s, results:
{'t': 83, 'current_accuracy': 0.75, 'current_loss': 0.6601464450359344, 'train_loss': None, 'decision': 0, 'drift_rate': 0.0, 'target_domains': ['photo']}
Loss historical diff: 8.940696716308594e-08; Loss Difference: 0.0, Decision: 0
Round 85 took 0.3901805877685547s, results:
{'t': 84, 'current_accuracy': 0.75, 'current_loss': 0.6601463854312897, 'train_loss': None, 'decision': 0, 'drift_rate': 0.0, 'target_domains': ['photo']}
Loss historical diff: 1.7881393432617188e-07; Loss Difference: 0.0, Decision: 0
Round 86 took 0.39057254791259766s, results:
{'t': 85, 'current_accuracy': 0.75, 'current_loss': 0.6601464748382568, 'train_loss': None, 'decision': 0, 'drift_rate': 0.0, 'target_domains': ['photo']}
Loss historical diff: 1.7881393432617188e-07; Loss Difference: 0.0, Decision: 0
Round 87 took 0.3926575183868408s, results:
{'t': 86, 'current_accuracy': 0.75, 'current_loss': 0.6601464748382568, 'train_loss': None, 'decision': 0, 'drift_rate': 0.0, 'target_domains': ['photo']}
Loss historical diff: 8.940696716308594e-08; Loss Difference: 0.0, Decision: 0
Round 88 took 0.39201831817626953s, results:
{'t': 87, 'current_accuracy': 0.75, 'current_loss': 0.6601463854312897, 'train_loss': None, 'decision': 0, 'drift_rate': 0.0, 'target_domains': ['photo']}
Loss historical diff: 5.960464477539063e-08; Loss Difference: 0.0, Decision: 0
Round 89 took 0.3917417526245117s, results:
{'t': 88, 'current_accuracy': 0.75, 'current_loss': 0.6601463556289673, 'train_loss': None, 'decision': 0, 'drift_rate': 0.0, 'target_domains': ['photo']}
Loss historical diff: 2.384185791015625e-07; Loss Difference: 0.0, Decision: 0
Round 90 took 0.39160871505737305s, results:
{'t': 89, 'current_accuracy': 0.75, 'current_loss': 0.6601465344429016, 'train_loss': None, 'decision': 0, 'drift_rate': 0.0, 'target_domains': ['photo']}
Loss historical diff: 8.940696716308594e-08; Loss Difference: 0.0, Decision: 0
Round 91 took 0.3908498287200928s, results:
{'t': 90, 'current_accuracy': 0.75, 'current_loss': 0.6601463854312897, 'train_loss': None, 'decision': 0, 'drift_rate': 0.0, 'target_domains': ['photo']}
Loss historical diff: 5.960464477539063e-08; Loss Difference: 0.0, Decision: 0
Round 92 took 0.39083266258239746s, results:
{'t': 91, 'current_accuracy': 0.75, 'current_loss': 0.6601463556289673, 'train_loss': None, 'decision': 0, 'drift_rate': 0.0, 'target_domains': ['photo']}
Loss historical diff: 2.9802322387695312e-08; Loss Difference: 0.0, Decision: 0
Round 93 took 0.39234423637390137s, results:
{'t': 92, 'current_accuracy': 0.75, 'current_loss': 0.6601463258266449, 'train_loss': None, 'decision': 0, 'drift_rate': 0.0, 'target_domains': ['photo']}
Loss historical diff: 2.384185791015625e-07; Loss Difference: 0.0, Decision: 0
Round 94 took 0.3919050693511963s, results:
{'t': 93, 'current_accuracy': 0.75, 'current_loss': 0.6601465344429016, 'train_loss': None, 'decision': 0, 'drift_rate': 0.0, 'target_domains': ['photo']}
Loss historical diff: 8.940696716308594e-08; Loss Difference: 0.0, Decision: 0
Round 95 took 0.39208364486694336s, results:
{'t': 94, 'current_accuracy': 0.75, 'current_loss': 0.6601463854312897, 'train_loss': None, 'decision': 0, 'drift_rate': 0.0, 'target_domains': ['photo']}
Loss historical diff: 1.4901161193847656e-07; Loss Difference: 0.0, Decision: 0
Round 96 took 0.3922548294067383s, results:
{'t': 95, 'current_accuracy': 0.75, 'current_loss': 0.6601464450359344, 'train_loss': None, 'decision': 0, 'drift_rate': 0.0, 'target_domains': ['photo']}
Loss historical diff: 1.4901161193847656e-07; Loss Difference: 0.0, Decision: 0
Round 97 took 0.39122486114501953s, results:
{'t': 96, 'current_accuracy': 0.75, 'current_loss': 0.6601464450359344, 'train_loss': None, 'decision': 0, 'drift_rate': 0.0, 'target_domains': ['photo']}
Loss historical diff: 1.1920928955078125e-07; Loss Difference: 0.0, Decision: 0
Round 98 took 0.39080238342285156s, results:
{'t': 97, 'current_accuracy': 0.75, 'current_loss': 0.6601464152336121, 'train_loss': None, 'decision': 0, 'drift_rate': 0.0, 'target_domains': ['photo']}
Loss historical diff: 1.7881393432617188e-07; Loss Difference: 0.0, Decision: 0
Round 99 took 0.3911104202270508s, results:
{'t': 98, 'current_accuracy': 0.75, 'current_loss': 0.6601464748382568, 'train_loss': None, 'decision': 0, 'drift_rate': 0.0, 'target_domains': ['photo']}
Loss historical diff: 2.086162567138672e-07; Loss Difference: 0.0, Decision: 0
Round 100 took 0.3920269012451172s, results:
{'t': 99, 'current_accuracy': 0.75, 'current_loss': 0.6601465046405792, 'train_loss': None, 'decision': 0, 'drift_rate': 0.0, 'target_domains': ['photo']}
Loss historical diff: 1.4901161193847656e-07; Loss Difference: 0.0, Decision: 0
Round 101 took 0.39130735397338867s, results:
{'t': 100, 'current_accuracy': 0.75, 'current_loss': 0.6601464450359344, 'train_loss': None, 'decision': 0, 'drift_rate': 0.0, 'target_domains': ['photo']}
Loss historical diff: 8.940696716308594e-08; Loss Difference: 0.0, Decision: 0
Round 102 took 0.3913443088531494s, results:
{'t': 101, 'current_accuracy': 0.75, 'current_loss': 0.6601463854312897, 'train_loss': None, 'decision': 0, 'drift_rate': 0.0, 'target_domains': ['photo']}
Loss historical diff: 1.1920928955078125e-07; Loss Difference: 0.0, Decision: 0
Round 103 took 0.3924710750579834s, results:
{'t': 102, 'current_accuracy': 0.75, 'current_loss': 0.6601464152336121, 'train_loss': None, 'decision': 0, 'drift_rate': 0.0, 'target_domains': ['photo']}
Loss historical diff: 5.960464477539063e-08; Loss Difference: 0.0, Decision: 0
Round 104 took 0.392946720123291s, results:
{'t': 103, 'current_accuracy': 0.75, 'current_loss': 0.6601463556289673, 'train_loss': None, 'decision': 0, 'drift_rate': 0.0, 'target_domains': ['photo']}
Loss historical diff: 1.1920928955078125e-07; Loss Difference: 0.0, Decision: 0
Round 105 took 0.39220237731933594s, results:
{'t': 104, 'current_accuracy': 0.75, 'current_loss': 0.6601464152336121, 'train_loss': None, 'decision': 0, 'drift_rate': 0.0, 'target_domains': ['photo']}
Loss historical diff: 5.960464477539063e-08; Loss Difference: 0.0, Decision: 0
Round 106 took 0.42165422439575195s, results:
{'t': 105, 'current_accuracy': 0.75, 'current_loss': 0.6601463556289673, 'train_loss': None, 'decision': 0, 'drift_rate': 0.0, 'target_domains': ['photo']}
Loss historical diff: 1.4901161193847656e-07; Loss Difference: 0.0, Decision: 0
Round 107 took 0.3909494876861572s, results:
{'t': 106, 'current_accuracy': 0.75, 'current_loss': 0.6601464450359344, 'train_loss': None, 'decision': 0, 'drift_rate': 0.0, 'target_domains': ['photo']}
Loss historical diff: 2.682209014892578e-07; Loss Difference: 0.0, Decision: 0
Round 108 took 0.3909306526184082s, results:
{'t': 107, 'current_accuracy': 0.75, 'current_loss': 0.660146564245224, 'train_loss': None, 'decision': 0, 'drift_rate': 0.0, 'target_domains': ['photo']}
Loss historical diff: 1.4901161193847656e-07; Loss Difference: 0.0, Decision: 0
Round 109 took 0.391650915145874s, results:
{'t': 108, 'current_accuracy': 0.75, 'current_loss': 0.6601464450359344, 'train_loss': None, 'decision': 0, 'drift_rate': 0.0, 'target_domains': ['photo']}
Loss historical diff: 1.1920928955078125e-07; Loss Difference: 0.0, Decision: 0
Round 110 took 0.3911631107330322s, results:
{'t': 109, 'current_accuracy': 0.75, 'current_loss': 0.6601464152336121, 'train_loss': None, 'decision': 0, 'drift_rate': 0.0, 'target_domains': ['photo']}
Loss historical diff: 1.1920928955078125e-07; Loss Difference: 0.0, Decision: 0
Round 111 took 0.39194226264953613s, results:
{'t': 110, 'current_accuracy': 0.75, 'current_loss': 0.6601464152336121, 'train_loss': None, 'decision': 0, 'drift_rate': 0.0, 'target_domains': ['photo']}
Loss historical diff: 8.940696716308594e-08; Loss Difference: 0.0, Decision: 0
Round 112 took 0.39302968978881836s, results:
{'t': 111, 'current_accuracy': 0.75, 'current_loss': 0.6601463854312897, 'train_loss': None, 'decision': 0, 'drift_rate': 0.0, 'target_domains': ['photo']}
Loss historical diff: 5.960464477539063e-08; Loss Difference: 0.0, Decision: 0
Round 113 took 0.3916432857513428s, results:
{'t': 112, 'current_accuracy': 0.75, 'current_loss': 0.6601463556289673, 'train_loss': None, 'decision': 0, 'drift_rate': 0.0, 'target_domains': ['photo']}
Loss historical diff: 8.940696716308594e-08; Loss Difference: 0.0, Decision: 0
Round 114 took 0.39223170280456543s, results:
{'t': 113, 'current_accuracy': 0.75, 'current_loss': 0.6601463854312897, 'train_loss': None, 'decision': 0, 'drift_rate': 0.0, 'target_domains': ['photo']}
Loss historical diff: 3.2782554626464844e-07; Loss Difference: 0.0, Decision: 0
Round 115 took 0.3913431167602539s, results:
{'t': 114, 'current_accuracy': 0.75, 'current_loss': 0.6601466238498688, 'train_loss': None, 'decision': 0, 'drift_rate': 0.0, 'target_domains': ['photo']}
Loss historical diff: 1.1920928955078125e-07; Loss Difference: 0.0, Decision: 0
Round 116 took 0.3914194107055664s, results:
{'t': 115, 'current_accuracy': 0.75, 'current_loss': 0.6601464152336121, 'train_loss': None, 'decision': 0, 'drift_rate': 0.0, 'target_domains': ['photo']}
Loss historical diff: 2.086162567138672e-07; Loss Difference: 0.0, Decision: 0
Round 117 took 0.3917837142944336s, results:
{'t': 116, 'current_accuracy': 0.75, 'current_loss': 0.6601465046405792, 'train_loss': None, 'decision': 0, 'drift_rate': 0.0, 'target_domains': ['photo']}
Loss historical diff: 2.384185791015625e-07; Loss Difference: 0.0, Decision: 0
Round 118 took 0.39192652702331543s, results:
{'t': 117, 'current_accuracy': 0.75, 'current_loss': 0.6601465344429016, 'train_loss': None, 'decision': 0, 'drift_rate': 0.0, 'target_domains': ['photo']}
Loss historical diff: 8.940696716308594e-08; Loss Difference: 0.0, Decision: 0
Round 119 took 0.3914618492126465s, results:
{'t': 118, 'current_accuracy': 0.75, 'current_loss': 0.6601463854312897, 'train_loss': None, 'decision': 0, 'drift_rate': 0.0, 'target_domains': ['photo']}
Loss historical diff: 5.960464477539063e-08; Loss Difference: 0.0, Decision: 0
Round 120 took 0.3918743133544922s, results:
{'t': 119, 'current_accuracy': 0.75, 'current_loss': 0.6601463556289673, 'train_loss': None, 'decision': 0, 'drift_rate': 0.0, 'target_domains': ['photo']}
Loss historical diff: 0.0917595624923706; Loss Difference: 0.0, Decision: 1
Average loss over 5 updates: 0.7002
Round 121 took 1.3633499145507812s, results:
{'t': 120, 'current_accuracy': 0.7265625, 'current_loss': 0.7519058585166931, 'train_loss': 0.7001697301864624, 'decision': 1, 'drift_rate': 0.032, 'target_domains': ['cartoon']}
Loss historical diff: 0.0; Loss Difference: 0.0, Decision: 0
Round 122 took 0.3913137912750244s, results:
{'t': 121, 'current_accuracy': 0.7734375, 'current_loss': 0.6446786224842072, 'train_loss': None, 'decision': 0, 'drift_rate': 0.032, 'target_domains': ['cartoon']}
Loss historical diff: 0.03340202569961548; Loss Difference: 0.0, Decision: 0
Round 123 took 0.38962817192077637s, results:
{'t': 122, 'current_accuracy': 0.76171875, 'current_loss': 0.6780806481838226, 'train_loss': None, 'decision': 0, 'drift_rate': 0.032, 'target_domains': ['cartoon']}
Loss historical diff: 0.09474658966064453; Loss Difference: 0.0, Decision: 0
Round 124 took 0.3919711112976074s, results:
{'t': 123, 'current_accuracy': 0.7421875, 'current_loss': 0.7394252121448517, 'train_loss': None, 'decision': 0, 'drift_rate': 0.032, 'target_domains': ['cartoon']}
Loss historical diff: 0.1466725766658783; Loss Difference: 0.0, Decision: 0
Round 125 took 0.3908200263977051s, results:
{'t': 124, 'current_accuracy': 0.73046875, 'current_loss': 0.7913511991500854, 'train_loss': None, 'decision': 0, 'drift_rate': 0.032, 'target_domains': ['cartoon']}
Loss historical diff: 0.26682838797569275; Loss Difference: 0.0, Decision: 1
Average loss over 5 updates: 0.9677
Round 126 took 1.2616870403289795s, results:
{'t': 125, 'current_accuracy': 0.71875, 'current_loss': 0.9115070104598999, 'train_loss': 0.967730724811554, 'decision': 1, 'drift_rate': 0.032, 'target_domains': ['cartoon']}
Loss historical diff: 0.20395895838737488; Loss Difference: 0.0, Decision: 0
Round 127 took 0.39195942878723145s, results:
{'t': 126, 'current_accuracy': 0.70703125, 'current_loss': 0.848637580871582, 'train_loss': None, 'decision': 0, 'drift_rate': 0.032, 'target_domains': ['cartoon']}
Loss historical diff: 0.23516756296157837; Loss Difference: 0.0, Decision: 0
Round 128 took 0.39021897315979004s, results:
{'t': 127, 'current_accuracy': 0.703125, 'current_loss': 0.8798461854457855, 'train_loss': None, 'decision': 0, 'drift_rate': 0.032, 'target_domains': ['cartoon']}
Loss historical diff: 0.2659669518470764; Loss Difference: 0.0, Decision: 0
Round 129 took 0.3907151222229004s, results:
{'t': 128, 'current_accuracy': 0.6953125, 'current_loss': 0.9106455743312836, 'train_loss': None, 'decision': 0, 'drift_rate': 0.032, 'target_domains': ['cartoon']}
Loss historical diff: 0.2866430878639221; Loss Difference: 0.0, Decision: 0
Round 130 took 0.3939082622528076s, results:
{'t': 129, 'current_accuracy': 0.6875, 'current_loss': 0.9313217103481293, 'train_loss': None, 'decision': 0, 'drift_rate': 0.032, 'target_domains': ['cartoon']}
Loss historical diff: 0.32324865460395813; Loss Difference: 0.0, Decision: 1
Average loss over 5 updates: 1.0551
Round 131 took 1.2609632015228271s, results:
{'t': 130, 'current_accuracy': 0.67578125, 'current_loss': 0.9679272770881653, 'train_loss': 1.0551111340522765, 'decision': 1, 'drift_rate': 0.032, 'target_domains': ['cartoon']}
Loss historical diff: 0.4950121343135834; Loss Difference: 0.0, Decision: 1
Average loss over 5 updates: 1.0765
Round 132 took 1.253281831741333s, results:
{'t': 131, 'current_accuracy': 0.55859375, 'current_loss': 1.1396907567977905, 'train_loss': 1.0764696598052979, 'decision': 1, 'drift_rate': 0.032, 'target_domains': ['cartoon']}
Loss historical diff: 0.5684871971607208; Loss Difference: 0.0, Decision: 0
Round 133 took 0.39098072052001953s, results:
{'t': 132, 'current_accuracy': 0.5546875, 'current_loss': 1.213165819644928, 'train_loss': None, 'decision': 0, 'drift_rate': 0.032, 'target_domains': ['cartoon']}
Loss historical diff: 0.5775634944438934; Loss Difference: 0.0, Decision: 0
Round 134 took 0.3936588764190674s, results:
{'t': 133, 'current_accuracy': 0.546875, 'current_loss': 1.2222421169281006, 'train_loss': None, 'decision': 0, 'drift_rate': 0.032, 'target_domains': ['cartoon']}
Loss historical diff: 0.6237700879573822; Loss Difference: 0.0, Decision: 1
Average loss over 5 updates: 1.0500
Round 135 took 1.2522542476654053s, results:
{'t': 134, 'current_accuracy': 0.52734375, 'current_loss': 1.2684487104415894, 'train_loss': 1.0500485181808472, 'decision': 1, 'drift_rate': 0.032, 'target_domains': ['cartoon']}
Loss historical diff: 0.5570278465747833; Loss Difference: 0.0, Decision: 0
Round 136 took 0.3913543224334717s, results:
{'t': 135, 'current_accuracy': 0.54296875, 'current_loss': 1.2017064690589905, 'train_loss': None, 'decision': 0, 'drift_rate': 0.032, 'target_domains': ['cartoon']}
Loss historical diff: 0.5594586431980133; Loss Difference: 0.0, Decision: 0
Round 137 took 0.3917815685272217s, results:
{'t': 136, 'current_accuracy': 0.54296875, 'current_loss': 1.2041372656822205, 'train_loss': None, 'decision': 0, 'drift_rate': 0.032, 'target_domains': ['cartoon']}
Loss historical diff: 0.5976197421550751; Loss Difference: 0.0, Decision: 0
Round 138 took 0.39086055755615234s, results:
{'t': 137, 'current_accuracy': 0.53125, 'current_loss': 1.2422983646392822, 'train_loss': None, 'decision': 0, 'drift_rate': 0.032, 'target_domains': ['cartoon']}
Loss historical diff: 0.5908195674419403; Loss Difference: 0.0, Decision: 0
Round 139 took 0.39095568656921387s, results:
{'t': 138, 'current_accuracy': 0.53125, 'current_loss': 1.2354981899261475, 'train_loss': None, 'decision': 0, 'drift_rate': 0.032, 'target_domains': ['cartoon']}
Loss historical diff: 0.6139176785945892; Loss Difference: 0.0, Decision: 0
Round 140 took 0.3939840793609619s, results:
{'t': 139, 'current_accuracy': 0.52734375, 'current_loss': 1.2585963010787964, 'train_loss': None, 'decision': 0, 'drift_rate': 0.032, 'target_domains': ['cartoon']}
Loss historical diff: 0.6451227366924286; Loss Difference: 0.0, Decision: 0
Round 141 took 0.390949010848999s, results:
{'t': 140, 'current_accuracy': 0.515625, 'current_loss': 1.2898013591766357, 'train_loss': None, 'decision': 0, 'drift_rate': 0.032, 'target_domains': ['cartoon']}
Loss historical diff: 0.6869073212146759; Loss Difference: 0.0, Decision: 1
Average loss over 5 updates: 1.1553
Round 142 took 1.256561040878296s, results:
{'t': 141, 'current_accuracy': 0.50390625, 'current_loss': 1.331585943698883, 'train_loss': 1.155332660675049, 'decision': 1, 'drift_rate': 0.032, 'target_domains': ['cartoon']}
Loss historical diff: 0.8606920540332794; Loss Difference: 0.0, Decision: 1
Average loss over 5 updates: 1.1675
Round 143 took 1.2503690719604492s, results:
{'t': 142, 'current_accuracy': 0.53125, 'current_loss': 1.5053706765174866, 'train_loss': 1.1675175905227662, 'decision': 1, 'drift_rate': 0.032, 'target_domains': ['cartoon']}
Loss historical diff: 0.815430611371994; Loss Difference: 0.0, Decision: 0
Round 144 took 0.39375877380371094s, results:
{'t': 143, 'current_accuracy': 0.51953125, 'current_loss': 1.4601092338562012, 'train_loss': None, 'decision': 0, 'drift_rate': 0.032, 'target_domains': ['cartoon']}
Loss historical diff: 0.8697674572467804; Loss Difference: 0.0, Decision: 0
Round 145 took 0.39086103439331055s, results:
{'t': 144, 'current_accuracy': 0.5078125, 'current_loss': 1.5144460797309875, 'train_loss': None, 'decision': 0, 'drift_rate': 0.032, 'target_domains': ['cartoon']}
Loss historical diff: 0.8436262309551239; Loss Difference: 0.0, Decision: 0
Round 146 took 0.39116764068603516s, results:
{'t': 145, 'current_accuracy': 0.51171875, 'current_loss': 1.488304853439331, 'train_loss': None, 'decision': 0, 'drift_rate': 0.032, 'target_domains': ['cartoon']}
Loss historical diff: 0.8413804471492767; Loss Difference: 0.0, Decision: 0
Round 147 took 0.3902587890625s, results:
{'t': 146, 'current_accuracy': 0.5234375, 'current_loss': 1.4860590696334839, 'train_loss': None, 'decision': 0, 'drift_rate': 0.032, 'target_domains': ['cartoon']}
Loss historical diff: 0.8227048218250275; Loss Difference: 0.0, Decision: 0
Round 148 took 0.3913438320159912s, results:
{'t': 147, 'current_accuracy': 0.53125, 'current_loss': 1.4673834443092346, 'train_loss': None, 'decision': 0, 'drift_rate': 0.032, 'target_domains': ['cartoon']}
Loss historical diff: 0.8779127299785614; Loss Difference: 0.0, Decision: 0
Round 149 took 0.3904848098754883s, results:
{'t': 148, 'current_accuracy': 0.51953125, 'current_loss': 1.5225913524627686, 'train_loss': None, 'decision': 0, 'drift_rate': 0.032, 'target_domains': ['cartoon']}
Loss historical diff: 0.8913463056087494; Loss Difference: 0.0, Decision: 0
Round 150 took 0.39157557487487793s, results:
{'t': 149, 'current_accuracy': 0.5234375, 'current_loss': 1.5360249280929565, 'train_loss': None, 'decision': 0, 'drift_rate': 0.032, 'target_domains': ['cartoon']}
Loss historical diff: 0.8913465440273285; Loss Difference: 0.0, Decision: 1
Average loss over 5 updates: 1.1410
Round 151 took 1.2620561122894287s, results:
{'t': 150, 'current_accuracy': 0.5234375, 'current_loss': 1.5360251665115356, 'train_loss': 1.1409907341003418, 'decision': 1, 'drift_rate': 0.0, 'target_domains': ['cartoon']}
Loss historical diff: 0.7197641432285309; Loss Difference: 0.0, Decision: 0
Round 152 took 0.39235353469848633s, results:
{'t': 151, 'current_accuracy': 0.53515625, 'current_loss': 1.364442765712738, 'train_loss': None, 'decision': 0, 'drift_rate': 0.0, 'target_domains': ['cartoon']}
Loss historical diff: 0.7197639048099518; Loss Difference: 0.0, Decision: 0
Round 153 took 0.3904144763946533s, results:
{'t': 152, 'current_accuracy': 0.53515625, 'current_loss': 1.364442527294159, 'train_loss': None, 'decision': 0, 'drift_rate': 0.0, 'target_domains': ['cartoon']}
Loss historical diff: 0.7197639644145966; Loss Difference: 0.0, Decision: 0
Round 154 took 0.39148879051208496s, results:
{'t': 153, 'current_accuracy': 0.53515625, 'current_loss': 1.3644425868988037, 'train_loss': None, 'decision': 0, 'drift_rate': 0.0, 'target_domains': ['cartoon']}
Loss historical diff: 0.7197640836238861; Loss Difference: 0.0, Decision: 0
Round 155 took 0.39034414291381836s, results:
{'t': 154, 'current_accuracy': 0.53515625, 'current_loss': 1.3644427061080933, 'train_loss': None, 'decision': 0, 'drift_rate': 0.0, 'target_domains': ['cartoon']}
Loss historical diff: 0.7197639048099518; Loss Difference: 0.0, Decision: 0
Round 156 took 0.39015650749206543s, results:
{'t': 155, 'current_accuracy': 0.53515625, 'current_loss': 1.364442527294159, 'train_loss': None, 'decision': 0, 'drift_rate': 0.0, 'target_domains': ['cartoon']}
Loss historical diff: 0.7197640240192413; Loss Difference: 0.0, Decision: 0
Round 157 took 0.39257073402404785s, results:
{'t': 156, 'current_accuracy': 0.53515625, 'current_loss': 1.3644426465034485, 'train_loss': None, 'decision': 0, 'drift_rate': 0.0, 'target_domains': ['cartoon']}
Loss historical diff: 0.7197640240192413; Loss Difference: 0.0, Decision: 0
Round 158 took 0.3914980888366699s, results:
{'t': 157, 'current_accuracy': 0.53515625, 'current_loss': 1.3644426465034485, 'train_loss': None, 'decision': 0, 'drift_rate': 0.0, 'target_domains': ['cartoon']}
Loss historical diff: 0.7197639644145966; Loss Difference: 0.0, Decision: 0
Round 159 took 0.3910677433013916s, results:
{'t': 158, 'current_accuracy': 0.53515625, 'current_loss': 1.3644425868988037, 'train_loss': None, 'decision': 0, 'drift_rate': 0.0, 'target_domains': ['cartoon']}
Loss historical diff: 0.7197640240192413; Loss Difference: 0.0, Decision: 0
Round 160 took 0.39127254486083984s, results:
{'t': 159, 'current_accuracy': 0.53515625, 'current_loss': 1.3644426465034485, 'train_loss': None, 'decision': 0, 'drift_rate': 0.0, 'target_domains': ['cartoon']}
Loss historical diff: 0.7197640240192413; Loss Difference: 0.0, Decision: 0
Round 161 took 0.3903834819793701s, results:
{'t': 160, 'current_accuracy': 0.53515625, 'current_loss': 1.3644426465034485, 'train_loss': None, 'decision': 0, 'drift_rate': 0.0, 'target_domains': ['cartoon']}
Loss historical diff: 0.7197641432285309; Loss Difference: 0.0, Decision: 0
Round 162 took 0.39014744758605957s, results:
{'t': 161, 'current_accuracy': 0.53515625, 'current_loss': 1.364442765712738, 'train_loss': None, 'decision': 0, 'drift_rate': 0.0, 'target_domains': ['cartoon']}
Loss historical diff: 0.7197640836238861; Loss Difference: 0.0, Decision: 0
Round 163 took 0.39060163497924805s, results:
{'t': 162, 'current_accuracy': 0.53515625, 'current_loss': 1.3644427061080933, 'train_loss': None, 'decision': 0, 'drift_rate': 0.0, 'target_domains': ['cartoon']}
Loss historical diff: 0.7197642624378204; Loss Difference: 0.0, Decision: 0
Round 164 took 0.3902149200439453s, results:
{'t': 163, 'current_accuracy': 0.53515625, 'current_loss': 1.3644428849220276, 'train_loss': None, 'decision': 0, 'drift_rate': 0.0, 'target_domains': ['cartoon']}
Loss historical diff: 0.7197639644145966; Loss Difference: 0.0, Decision: 0
Round 165 took 0.3914642333984375s, results:
{'t': 164, 'current_accuracy': 0.53515625, 'current_loss': 1.3644425868988037, 'train_loss': None, 'decision': 0, 'drift_rate': 0.0, 'target_domains': ['cartoon']}
Loss historical diff: 0.7197640240192413; Loss Difference: 0.0, Decision: 0
Round 166 took 0.39137792587280273s, results:
{'t': 165, 'current_accuracy': 0.53515625, 'current_loss': 1.3644426465034485, 'train_loss': None, 'decision': 0, 'drift_rate': 0.0, 'target_domains': ['cartoon']}
Loss historical diff: 0.7197639644145966; Loss Difference: 0.0, Decision: 0
Round 167 took 0.390439510345459s, results:
{'t': 166, 'current_accuracy': 0.53515625, 'current_loss': 1.3644425868988037, 'train_loss': None, 'decision': 0, 'drift_rate': 0.0, 'target_domains': ['cartoon']}
Loss historical diff: 0.7197641432285309; Loss Difference: 0.0, Decision: 0
Round 168 took 0.3918130397796631s, results:
{'t': 167, 'current_accuracy': 0.53515625, 'current_loss': 1.364442765712738, 'train_loss': None, 'decision': 0, 'drift_rate': 0.0, 'target_domains': ['cartoon']}
Loss historical diff: 0.7197640240192413; Loss Difference: 0.0, Decision: 0
Round 169 took 0.3904886245727539s, results:
{'t': 168, 'current_accuracy': 0.53515625, 'current_loss': 1.3644426465034485, 'train_loss': None, 'decision': 0, 'drift_rate': 0.0, 'target_domains': ['cartoon']}
Loss historical diff: 0.7197640836238861; Loss Difference: 0.0, Decision: 1
Average loss over 5 updates: 1.1111
Round 170 took 1.2577502727508545s, results:
{'t': 169, 'current_accuracy': 0.53515625, 'current_loss': 1.3644427061080933, 'train_loss': 1.1110683679580688, 'decision': 1, 'drift_rate': 0.0, 'target_domains': ['cartoon']}
Loss historical diff: 0.8719290792942047; Loss Difference: 0.0, Decision: 0
Round 171 took 0.3920891284942627s, results:
{'t': 170, 'current_accuracy': 0.52734375, 'current_loss': 1.5166077017784119, 'train_loss': None, 'decision': 0, 'drift_rate': 0.0, 'target_domains': ['cartoon']}
Loss historical diff: 0.8719289600849152; Loss Difference: 0.0, Decision: 1
Average loss over 5 updates: 1.0044
Round 172 took 1.2565147876739502s, results:
{'t': 171, 'current_accuracy': 0.52734375, 'current_loss': 1.5166075825691223, 'train_loss': 1.0044463515281676, 'decision': 1, 'drift_rate': 0.0, 'target_domains': ['cartoon']}
Loss historical diff: 0.45320162177085876; Loss Difference: 0.0, Decision: 0
Round 173 took 0.39183783531188965s, results:
{'t': 172, 'current_accuracy': 0.66015625, 'current_loss': 1.097880244255066, 'train_loss': None, 'decision': 0, 'drift_rate': 0.0, 'target_domains': ['cartoon']}
Loss historical diff: 0.45320186018943787; Loss Difference: 0.0, Decision: 0
Round 174 took 0.3917393684387207s, results:
{'t': 173, 'current_accuracy': 0.66015625, 'current_loss': 1.097880482673645, 'train_loss': None, 'decision': 0, 'drift_rate': 0.0, 'target_domains': ['cartoon']}
Loss historical diff: 0.45320168137550354; Loss Difference: 0.0, Decision: 0
Round 175 took 0.3903992176055908s, results:
{'t': 174, 'current_accuracy': 0.66015625, 'current_loss': 1.0978803038597107, 'train_loss': None, 'decision': 0, 'drift_rate': 0.0, 'target_domains': ['cartoon']}
Loss historical diff: 0.4532015025615692; Loss Difference: 0.0, Decision: 0
Round 176 took 0.3907434940338135s, results:
{'t': 175, 'current_accuracy': 0.66015625, 'current_loss': 1.0978801250457764, 'train_loss': None, 'decision': 0, 'drift_rate': 0.0, 'target_domains': ['cartoon']}
Loss historical diff: 0.4532017111778259; Loss Difference: 0.0, Decision: 0
Round 177 took 0.3911445140838623s, results:
{'t': 176, 'current_accuracy': 0.66015625, 'current_loss': 1.097880333662033, 'train_loss': None, 'decision': 0, 'drift_rate': 0.0, 'target_domains': ['cartoon']}
Loss historical diff: 0.45320188999176025; Loss Difference: 0.0, Decision: 0
Round 178 took 0.390979528427124s, results:
{'t': 177, 'current_accuracy': 0.66015625, 'current_loss': 1.0978805124759674, 'train_loss': None, 'decision': 0, 'drift_rate': 0.0, 'target_domains': ['cartoon']}
Loss historical diff: 0.4532017707824707; Loss Difference: 0.0, Decision: 0
Round 179 took 0.39061570167541504s, results:
{'t': 178, 'current_accuracy': 0.66015625, 'current_loss': 1.0978803932666779, 'train_loss': None, 'decision': 0, 'drift_rate': 0.0, 'target_domains': ['cartoon']}
Loss historical diff: 0.45320168137550354; Loss Difference: 0.0, Decision: 0
Round 180 took 0.3910195827484131s, results:
{'t': 179, 'current_accuracy': 0.66015625, 'current_loss': 1.0978803038597107, 'train_loss': None, 'decision': 0, 'drift_rate': 0.0, 'target_domains': ['cartoon']}
Loss historical diff: 0.45320162177085876; Loss Difference: 0.0, Decision: 0
Round 181 took 0.39101266860961914s, results:
{'t': 180, 'current_accuracy': 0.66015625, 'current_loss': 1.097880244255066, 'train_loss': None, 'decision': 0, 'drift_rate': 0.0, 'target_domains': ['cartoon']}
Loss historical diff: 0.45320168137550354; Loss Difference: 0.0, Decision: 0
Round 182 took 0.390148401260376s, results:
{'t': 181, 'current_accuracy': 0.66015625, 'current_loss': 1.0978803038597107, 'train_loss': None, 'decision': 0, 'drift_rate': 0.0, 'target_domains': ['cartoon']}
Loss historical diff: 0.45320162177085876; Loss Difference: 0.0, Decision: 0
Round 183 took 0.39012622833251953s, results:
{'t': 182, 'current_accuracy': 0.66015625, 'current_loss': 1.097880244255066, 'train_loss': None, 'decision': 0, 'drift_rate': 0.0, 'target_domains': ['cartoon']}
Loss historical diff: 0.4532017707824707; Loss Difference: 0.0, Decision: 0
Round 184 took 0.3908054828643799s, results:
{'t': 183, 'current_accuracy': 0.66015625, 'current_loss': 1.0978803932666779, 'train_loss': None, 'decision': 0, 'drift_rate': 0.0, 'target_domains': ['cartoon']}
Loss historical diff: 0.4532018005847931; Loss Difference: 0.0, Decision: 0
Round 185 took 0.4147641658782959s, results:
{'t': 184, 'current_accuracy': 0.66015625, 'current_loss': 1.0978804230690002, 'train_loss': None, 'decision': 0, 'drift_rate': 0.0, 'target_domains': ['cartoon']}
Loss historical diff: 0.4532017409801483; Loss Difference: 0.0, Decision: 0
Round 186 took 0.3912229537963867s, results:
{'t': 185, 'current_accuracy': 0.66015625, 'current_loss': 1.0978803634643555, 'train_loss': None, 'decision': 0, 'drift_rate': 0.0, 'target_domains': ['cartoon']}
Loss historical diff: 0.4532017409801483; Loss Difference: 0.0, Decision: 0
Round 187 took 0.39098119735717773s, results:
{'t': 186, 'current_accuracy': 0.66015625, 'current_loss': 1.0978803634643555, 'train_loss': None, 'decision': 0, 'drift_rate': 0.0, 'target_domains': ['cartoon']}
Loss historical diff: 0.4532017111778259; Loss Difference: 0.0, Decision: 0
Round 188 took 0.39147281646728516s, results:
{'t': 187, 'current_accuracy': 0.66015625, 'current_loss': 1.097880333662033, 'train_loss': None, 'decision': 0, 'drift_rate': 0.0, 'target_domains': ['cartoon']}
Loss historical diff: 0.45320168137550354; Loss Difference: 0.0, Decision: 0
Round 189 took 0.39006686210632324s, results:
{'t': 188, 'current_accuracy': 0.66015625, 'current_loss': 1.0978803038597107, 'train_loss': None, 'decision': 0, 'drift_rate': 0.0, 'target_domains': ['cartoon']}
Loss historical diff: 0.4532017409801483; Loss Difference: 0.0, Decision: 0
Round 190 took 0.39055728912353516s, results:
{'t': 189, 'current_accuracy': 0.66015625, 'current_loss': 1.0978803634643555, 'train_loss': None, 'decision': 0, 'drift_rate': 0.0, 'target_domains': ['cartoon']}
Loss historical diff: 0.4610935151576996; Loss Difference: 0.0, Decision: 0
Round 191 took 0.39212989807128906s, results:
{'t': 190, 'current_accuracy': 0.6484375, 'current_loss': 1.1057721376419067, 'train_loss': None, 'decision': 0, 'drift_rate': 0.032, 'target_domains': ['sketch']}
Loss historical diff: 0.4830714166164398; Loss Difference: 0.0, Decision: 0
Round 192 took 0.39214324951171875s, results:
{'t': 191, 'current_accuracy': 0.640625, 'current_loss': 1.127750039100647, 'train_loss': None, 'decision': 0, 'drift_rate': 0.032, 'target_domains': ['sketch']}
Loss historical diff: 0.5187666118144989; Loss Difference: 0.0, Decision: 0
Round 193 took 0.3909568786621094s, results:
{'t': 192, 'current_accuracy': 0.62109375, 'current_loss': 1.163445234298706, 'train_loss': None, 'decision': 0, 'drift_rate': 0.032, 'target_domains': ['sketch']}
Loss historical diff: 0.5315159261226654; Loss Difference: 0.0, Decision: 0
Round 194 took 0.390932559967041s, results:
{'t': 193, 'current_accuracy': 0.609375, 'current_loss': 1.1761945486068726, 'train_loss': None, 'decision': 0, 'drift_rate': 0.032, 'target_domains': ['sketch']}
Loss historical diff: 0.5658413469791412; Loss Difference: 0.0, Decision: 0
Round 195 took 0.39109039306640625s, results:
{'t': 194, 'current_accuracy': 0.58203125, 'current_loss': 1.2105199694633484, 'train_loss': None, 'decision': 0, 'drift_rate': 0.032, 'target_domains': ['sketch']}
Loss historical diff: 0.5950274169445038; Loss Difference: 0.0, Decision: 1
Average loss over 5 updates: 1.2242
Round 196 took 1.2540528774261475s, results:
{'t': 195, 'current_accuracy': 0.5625, 'current_loss': 1.239706039428711, 'train_loss': 1.2242239952087401, 'decision': 1, 'drift_rate': 0.032, 'target_domains': ['sketch']}
Loss historical diff: 0.8560867011547089; Loss Difference: 0.0, Decision: 1
Average loss over 5 updates: 1.0898
Round 197 took 1.2532880306243896s, results:
{'t': 196, 'current_accuracy': 0.48046875, 'current_loss': 1.500765323638916, 'train_loss': 1.089831781387329, 'decision': 1, 'drift_rate': 0.032, 'target_domains': ['sketch']}
Loss historical diff: 1.5658337771892548; Loss Difference: 0.0, Decision: 1
Average loss over 5 updates: 1.0955
Round 198 took 1.252382755279541s, results:
{'t': 197, 'current_accuracy': 0.34765625, 'current_loss': 2.210512399673462, 'train_loss': 1.0954824924468993, 'decision': 1, 'drift_rate': 0.032, 'target_domains': ['sketch']}
Loss historical diff: 0.7943499386310577; Loss Difference: 0.0, Decision: 0
Round 199 took 0.39200711250305176s, results:
{'t': 198, 'current_accuracy': 0.5546875, 'current_loss': 1.439028561115265, 'train_loss': None, 'decision': 0, 'drift_rate': 0.032, 'target_domains': ['sketch']}
Loss historical diff: 0.8122925460338593; Loss Difference: 0.0, Decision: 0
Round 200 took 0.39189672470092773s, results:
{'t': 199, 'current_accuracy': 0.55078125, 'current_loss': 1.4569711685180664, 'train_loss': None, 'decision': 0, 'drift_rate': 0.032, 'target_domains': ['sketch']}
Loss historical diff: 0.7995308339595795; Loss Difference: 0.0, Decision: 0
Round 201 took 0.39263415336608887s, results:
{'t': 200, 'current_accuracy': 0.54296875, 'current_loss': 1.4442094564437866, 'train_loss': None, 'decision': 0, 'drift_rate': 0.032, 'target_domains': ['sketch']}
Loss historical diff: 0.8235256373882294; Loss Difference: 0.0, Decision: 0
Round 202 took 0.3908824920654297s, results:
{'t': 201, 'current_accuracy': 0.52734375, 'current_loss': 1.4682042598724365, 'train_loss': None, 'decision': 0, 'drift_rate': 0.032, 'target_domains': ['sketch']}
Loss historical diff: 0.8419316709041595; Loss Difference: 0.0, Decision: 0
Round 203 took 0.3924674987792969s, results:
{'t': 202, 'current_accuracy': 0.5234375, 'current_loss': 1.4866102933883667, 'train_loss': None, 'decision': 0, 'drift_rate': 0.032, 'target_domains': ['sketch']}
Loss historical diff: 0.8378271758556366; Loss Difference: 0.0, Decision: 0
Round 204 took 0.3912770748138428s, results:
{'t': 203, 'current_accuracy': 0.51953125, 'current_loss': 1.4825057983398438, 'train_loss': None, 'decision': 0, 'drift_rate': 0.032, 'target_domains': ['sketch']}
Loss historical diff: 0.8516277968883514; Loss Difference: 0.0, Decision: 0
Round 205 took 0.3917717933654785s, results:
{'t': 204, 'current_accuracy': 0.51953125, 'current_loss': 1.4963064193725586, 'train_loss': None, 'decision': 0, 'drift_rate': 0.032, 'target_domains': ['sketch']}
Loss historical diff: 0.874074786901474; Loss Difference: 0.0, Decision: 0
Round 206 took 0.3917832374572754s, results:
{'t': 205, 'current_accuracy': 0.51171875, 'current_loss': 1.5187534093856812, 'train_loss': None, 'decision': 0, 'drift_rate': 0.032, 'target_domains': ['sketch']}
Loss historical diff: 0.8062985837459564; Loss Difference: 0.0, Decision: 0
Round 207 took 0.39223814010620117s, results:
{'t': 206, 'current_accuracy': 0.515625, 'current_loss': 1.4509772062301636, 'train_loss': None, 'decision': 0, 'drift_rate': 0.032, 'target_domains': ['sketch']}
Loss historical diff: 0.7855726778507233; Loss Difference: 0.0, Decision: 0
Round 208 took 0.39017486572265625s, results:
{'t': 207, 'current_accuracy': 0.50390625, 'current_loss': 1.4302513003349304, 'train_loss': None, 'decision': 0, 'drift_rate': 0.032, 'target_domains': ['sketch']}
Loss historical diff: 0.7819946706295013; Loss Difference: 0.0, Decision: 0
Round 209 took 0.39161205291748047s, results:
{'t': 208, 'current_accuracy': 0.4921875, 'current_loss': 1.4266732931137085, 'train_loss': None, 'decision': 0, 'drift_rate': 0.032, 'target_domains': ['sketch']}
Loss historical diff: 0.8178006708621979; Loss Difference: 0.0, Decision: 0
Round 210 took 0.3926217555999756s, results:
{'t': 209, 'current_accuracy': 0.47265625, 'current_loss': 1.462479293346405, 'train_loss': None, 'decision': 0, 'drift_rate': 0.032, 'target_domains': ['sketch']}
Loss historical diff: 0.8440140187740326; Loss Difference: 0.0, Decision: 0
Round 211 took 0.39063572883605957s, results:
{'t': 210, 'current_accuracy': 0.46484375, 'current_loss': 1.4886926412582397, 'train_loss': None, 'decision': 0, 'drift_rate': 0.032, 'target_domains': ['sketch']}
Loss historical diff: 0.849724680185318; Loss Difference: 0.0, Decision: 0
Round 212 took 0.3929457664489746s, results:
{'t': 211, 'current_accuracy': 0.46484375, 'current_loss': 1.4944033026695251, 'train_loss': None, 'decision': 0, 'drift_rate': 0.032, 'target_domains': ['sketch']}
Loss historical diff: 0.825022429227829; Loss Difference: 0.0, Decision: 0
Round 213 took 0.39080190658569336s, results:
{'t': 212, 'current_accuracy': 0.4609375, 'current_loss': 1.4697010517120361, 'train_loss': None, 'decision': 0, 'drift_rate': 0.032, 'target_domains': ['sketch']}
Loss historical diff: 0.83829465508461; Loss Difference: 0.0, Decision: 1
Average loss over 5 updates: 1.5859
Round 214 took 1.2651243209838867s, results:
{'t': 213, 'current_accuracy': 0.453125, 'current_loss': 1.4829732775688171, 'train_loss': 1.585913348197937, 'decision': 1, 'drift_rate': 0.032, 'target_domains': ['sketch']}
Loss historical diff: 1.8401874005794525; Loss Difference: 0.0, Decision: 1
Average loss over 5 updates: 1.3958
Round 215 took 1.2531955242156982s, results:
{'t': 214, 'current_accuracy': 0.25, 'current_loss': 2.4848660230636597, 'train_loss': 1.395753836631775, 'decision': 1, 'drift_rate': 0.032, 'target_domains': ['sketch']}
Loss historical diff: 1.2722574174404144; Loss Difference: 0.0, Decision: 1
Average loss over 5 updates: 1.2802
Round 216 took 1.257500410079956s, results:
{'t': 215, 'current_accuracy': 0.296875, 'current_loss': 1.9169360399246216, 'train_loss': 1.280154824256897, 'decision': 1, 'drift_rate': 0.032, 'target_domains': ['sketch']}
Loss historical diff: 2.1630469262599945; Loss Difference: 0.0, Decision: 1
Average loss over 5 updates: 1.2594
Round 217 took 1.24922776222229s, results:
{'t': 216, 'current_accuracy': 0.30078125, 'current_loss': 2.8077255487442017, 'train_loss': 1.259429931640625, 'decision': 1, 'drift_rate': 0.032, 'target_domains': ['sketch']}
Loss historical diff: 1.8942279517650604; Loss Difference: 0.0, Decision: 1
Average loss over 5 updates: 1.2022
Round 218 took 1.2515637874603271s, results:
{'t': 217, 'current_accuracy': 0.24609375, 'current_loss': 2.5389065742492676, 'train_loss': 1.2022281408309936, 'decision': 1, 'drift_rate': 0.032, 'target_domains': ['sketch']}
Loss historical diff: 2.3689368665218353; Loss Difference: 0.0, Decision: 1
Average loss over 5 updates: 1.1581
Round 219 took 1.2523772716522217s, results:
{'t': 218, 'current_accuracy': 0.28125, 'current_loss': 3.0136154890060425, 'train_loss': 1.158118438720703, 'decision': 1, 'drift_rate': 0.032, 'target_domains': ['sketch']}
Loss historical diff: 1.205822080373764; Loss Difference: 0.0, Decision: 0
Round 220 took 0.3908088207244873s, results:
{'t': 219, 'current_accuracy': 0.3515625, 'current_loss': 1.8505007028579712, 'train_loss': None, 'decision': 0, 'drift_rate': 0.032, 'target_domains': ['sketch']}
Loss historical diff: 1.2058222591876984; Loss Difference: 0.0, Decision: 0
Round 221 took 0.389467716217041s, results:
{'t': 220, 'current_accuracy': 0.3515625, 'current_loss': 1.8505008816719055, 'train_loss': None, 'decision': 0, 'drift_rate': 0.0, 'target_domains': ['sketch']}
Loss historical diff: 1.205822080373764; Loss Difference: 0.0, Decision: 0
Round 222 took 0.3890261650085449s, results:
{'t': 221, 'current_accuracy': 0.3515625, 'current_loss': 1.8505007028579712, 'train_loss': None, 'decision': 0, 'drift_rate': 0.0, 'target_domains': ['sketch']}
Loss historical diff: 1.2058219015598297; Loss Difference: 0.0, Decision: 0
Round 223 took 0.38933634757995605s, results:
{'t': 222, 'current_accuracy': 0.3515625, 'current_loss': 1.8505005240440369, 'train_loss': None, 'decision': 0, 'drift_rate': 0.0, 'target_domains': ['sketch']}
Loss historical diff: 1.205822080373764; Loss Difference: 0.0, Decision: 0
Round 224 took 0.3909146785736084s, results:
{'t': 223, 'current_accuracy': 0.3515625, 'current_loss': 1.8505007028579712, 'train_loss': None, 'decision': 0, 'drift_rate': 0.0, 'target_domains': ['sketch']}
Loss historical diff: 1.2058221995830536; Loss Difference: 0.0, Decision: 0
Round 225 took 0.3895261287689209s, results:
{'t': 224, 'current_accuracy': 0.3515625, 'current_loss': 1.8505008220672607, 'train_loss': None, 'decision': 0, 'drift_rate': 0.0, 'target_domains': ['sketch']}
Loss historical diff: 1.2058223187923431; Loss Difference: 0.0, Decision: 0
Round 226 took 0.38936710357666016s, results:
{'t': 225, 'current_accuracy': 0.3515625, 'current_loss': 1.8505009412765503, 'train_loss': None, 'decision': 0, 'drift_rate': 0.0, 'target_domains': ['sketch']}
Loss historical diff: 1.2058221399784088; Loss Difference: 0.0, Decision: 0
Round 227 took 0.3886227607727051s, results:
{'t': 226, 'current_accuracy': 0.3515625, 'current_loss': 1.850500762462616, 'train_loss': None, 'decision': 0, 'drift_rate': 0.0, 'target_domains': ['sketch']}
Loss historical diff: 1.2058219611644745; Loss Difference: 0.0, Decision: 0
Round 228 took 0.38895153999328613s, results:
{'t': 227, 'current_accuracy': 0.3515625, 'current_loss': 1.8505005836486816, 'train_loss': None, 'decision': 0, 'drift_rate': 0.0, 'target_domains': ['sketch']}
Loss historical diff: 1.2058223187923431; Loss Difference: 0.0, Decision: 0
Round 229 took 0.388873815536499s, results:
{'t': 228, 'current_accuracy': 0.3515625, 'current_loss': 1.8505009412765503, 'train_loss': None, 'decision': 0, 'drift_rate': 0.0, 'target_domains': ['sketch']}
Loss historical diff: 1.2058219611644745; Loss Difference: 0.0, Decision: 0
Round 230 took 0.3896901607513428s, results:
{'t': 229, 'current_accuracy': 0.3515625, 'current_loss': 1.8505005836486816, 'train_loss': None, 'decision': 0, 'drift_rate': 0.0, 'target_domains': ['sketch']}
Loss historical diff: 1.205822080373764; Loss Difference: 0.0, Decision: 0
Round 231 took 0.3899385929107666s, results:
{'t': 230, 'current_accuracy': 0.3515625, 'current_loss': 1.8505007028579712, 'train_loss': None, 'decision': 0, 'drift_rate': 0.0, 'target_domains': ['sketch']}
Loss historical diff: 1.2058223187923431; Loss Difference: 0.0, Decision: 0
Round 232 took 0.38970279693603516s, results:
{'t': 231, 'current_accuracy': 0.3515625, 'current_loss': 1.8505009412765503, 'train_loss': None, 'decision': 0, 'drift_rate': 0.0, 'target_domains': ['sketch']}
Loss historical diff: 1.2058221399784088; Loss Difference: 0.0, Decision: 0
Round 233 took 0.39044809341430664s, results:
{'t': 232, 'current_accuracy': 0.3515625, 'current_loss': 1.850500762462616, 'train_loss': None, 'decision': 0, 'drift_rate': 0.0, 'target_domains': ['sketch']}
Loss historical diff: 1.2058221399784088; Loss Difference: 0.0, Decision: 0
Round 234 took 0.3880448341369629s, results:
{'t': 233, 'current_accuracy': 0.3515625, 'current_loss': 1.850500762462616, 'train_loss': None, 'decision': 0, 'drift_rate': 0.0, 'target_domains': ['sketch']}
Loss historical diff: 1.2058221399784088; Loss Difference: 0.0, Decision: 0
Round 235 took 0.3874197006225586s, results:
{'t': 234, 'current_accuracy': 0.3515625, 'current_loss': 1.850500762462616, 'train_loss': None, 'decision': 0, 'drift_rate': 0.0, 'target_domains': ['sketch']}
Loss historical diff: 1.205821841955185; Loss Difference: 0.0, Decision: 0
Round 236 took 0.3869314193725586s, results:
{'t': 235, 'current_accuracy': 0.3515625, 'current_loss': 1.850500464439392, 'train_loss': None, 'decision': 0, 'drift_rate': 0.0, 'target_domains': ['sketch']}
Loss historical diff: 1.2058219015598297; Loss Difference: 0.0, Decision: 0
Round 237 took 0.38852620124816895s, results:
{'t': 236, 'current_accuracy': 0.3515625, 'current_loss': 1.8505005240440369, 'train_loss': None, 'decision': 0, 'drift_rate': 0.0, 'target_domains': ['sketch']}
Loss historical diff: 1.2058219611644745; Loss Difference: 0.0, Decision: 0
Round 238 took 0.38948512077331543s, results:
{'t': 237, 'current_accuracy': 0.3515625, 'current_loss': 1.8505005836486816, 'train_loss': None, 'decision': 0, 'drift_rate': 0.0, 'target_domains': ['sketch']}
Loss historical diff: 1.2058217227458954; Loss Difference: 0.0, Decision: 0
Round 239 took 0.3870837688446045s, results:
{'t': 238, 'current_accuracy': 0.3515625, 'current_loss': 1.8505003452301025, 'train_loss': None, 'decision': 0, 'drift_rate': 0.0, 'target_domains': ['sketch']}
Loss historical diff: 1.2058220207691193; Loss Difference: 0.0, Decision: 0
Round 240 took 0.38944196701049805s, results:
{'t': 239, 'current_accuracy': 0.3515625, 'current_loss': 1.8505006432533264, 'train_loss': None, 'decision': 0, 'drift_rate': 0.0, 'target_domains': ['sketch']}
Loss historical diff: 1.2058221995830536; Loss Difference: 0.0, Decision: 0
Round 241 took 0.38817715644836426s, results:
{'t': 240, 'current_accuracy': 0.3515625, 'current_loss': 1.8505008220672607, 'train_loss': None, 'decision': 0, 'drift_rate': 0.0, 'target_domains': ['sketch']}
Loss historical diff: 1.205822378396988; Loss Difference: 0.0, Decision: 0
Round 242 took 0.3905222415924072s, results:
{'t': 241, 'current_accuracy': 0.3515625, 'current_loss': 1.850501000881195, 'train_loss': None, 'decision': 0, 'drift_rate': 0.0, 'target_domains': ['sketch']}
Loss historical diff: 1.2058220207691193; Loss Difference: 0.0, Decision: 0
Round 243 took 0.3862628936767578s, results:
{'t': 242, 'current_accuracy': 0.3515625, 'current_loss': 1.8505006432533264, 'train_loss': None, 'decision': 0, 'drift_rate': 0.0, 'target_domains': ['sketch']}
Loss historical diff: 1.2058221399784088; Loss Difference: 0.0, Decision: 0
Round 244 took 0.38761019706726074s, results:
{'t': 243, 'current_accuracy': 0.3515625, 'current_loss': 1.850500762462616, 'train_loss': None, 'decision': 0, 'drift_rate': 0.0, 'target_domains': ['sketch']}
Loss historical diff: 1.2058221399784088; Loss Difference: 0.0, Decision: 0
Round 245 took 0.3881723880767822s, results:
{'t': 244, 'current_accuracy': 0.3515625, 'current_loss': 1.850500762462616, 'train_loss': None, 'decision': 0, 'drift_rate': 0.0, 'target_domains': ['sketch']}
Loss historical diff: 1.2058223187923431; Loss Difference: 0.0, Decision: 0
Round 246 took 0.38861656188964844s, results:
{'t': 245, 'current_accuracy': 0.3515625, 'current_loss': 1.8505009412765503, 'train_loss': None, 'decision': 0, 'drift_rate': 0.0, 'target_domains': ['sketch']}
Loss historical diff: 1.2058221399784088; Loss Difference: 0.0, Decision: 0
Round 247 took 0.38643741607666016s, results:
{'t': 246, 'current_accuracy': 0.3515625, 'current_loss': 1.850500762462616, 'train_loss': None, 'decision': 0, 'drift_rate': 0.0, 'target_domains': ['sketch']}
Loss historical diff: 1.2058223187923431; Loss Difference: 0.0, Decision: 0
Round 248 took 0.38602495193481445s, results:
{'t': 247, 'current_accuracy': 0.3515625, 'current_loss': 1.8505009412765503, 'train_loss': None, 'decision': 0, 'drift_rate': 0.0, 'target_domains': ['sketch']}
Loss historical diff: 1.205822080373764; Loss Difference: 0.0, Decision: 0
Round 249 took 0.38766932487487793s, results:
{'t': 248, 'current_accuracy': 0.3515625, 'current_loss': 1.8505007028579712, 'train_loss': None, 'decision': 0, 'drift_rate': 0.0, 'target_domains': ['sketch']}
Loss historical diff: 1.2058223187923431; Loss Difference: 0.0, Decision: 0
Round 250 took 0.39000797271728516s, results:
{'t': 249, 'current_accuracy': 0.3515625, 'current_loss': 1.8505009412765503, 'train_loss': None, 'decision': 0, 'drift_rate': 0.0, 'target_domains': ['sketch']}
Average time per round: 0.4576779012680054
Total time: 114.41947531700134
