Device: cuda
CUDA Version: 12.1
cuDNN Version: 8902
PyTorch Version: 2.3.0

Model used: PACSCNN_4
Initial dataset creation
Initial dataset creation
Initial loss: 0.6921877264976501
<__main__.Policy object at 0x14b5a1400e30>
0.6921877264976501
Loss historical diff: 0.0; Loss Difference: 0.0, Decision: 0
Round 1 took 0.40921640396118164s, results:
{'t': 0, 'current_accuracy': 0.75, 'current_loss': 0.6601464450359344, 'train_loss': None, 'decision': 0, 'drift_rate': 0.0, 'target_domains': ['photo']}
Loss historical diff: 0.0; Loss Difference: 0.0, Decision: 0
Round 2 took 0.3916013240814209s, results:
{'t': 1, 'current_accuracy': 0.75, 'current_loss': 0.6601464450359344, 'train_loss': None, 'decision': 0, 'drift_rate': 0.0, 'target_domains': ['photo']}
Loss historical diff: 0.0; Loss Difference: 0.0, Decision: 0
Round 3 took 0.3907628059387207s, results:
{'t': 2, 'current_accuracy': 0.75, 'current_loss': 0.6601463854312897, 'train_loss': None, 'decision': 0, 'drift_rate': 0.0, 'target_domains': ['photo']}
Loss historical diff: 8.940696716308594e-08; Loss Difference: 0.0, Decision: 0
Round 4 took 0.39286112785339355s, results:
{'t': 3, 'current_accuracy': 0.75, 'current_loss': 0.6601464748382568, 'train_loss': None, 'decision': 0, 'drift_rate': 0.0, 'target_domains': ['photo']}
Loss historical diff: 1.7881393432617188e-07; Loss Difference: 0.0, Decision: 0
Round 5 took 0.3919813632965088s, results:
{'t': 4, 'current_accuracy': 0.75, 'current_loss': 0.660146564245224, 'train_loss': None, 'decision': 0, 'drift_rate': 0.0, 'target_domains': ['photo']}
Loss historical diff: 1.1920928955078125e-07; Loss Difference: 0.0, Decision: 0
Round 6 took 0.3916797637939453s, results:
{'t': 5, 'current_accuracy': 0.75, 'current_loss': 0.6601465046405792, 'train_loss': None, 'decision': 0, 'drift_rate': 0.0, 'target_domains': ['photo']}
Loss historical diff: 8.940696716308594e-08; Loss Difference: 0.0, Decision: 0
Round 7 took 0.39089131355285645s, results:
{'t': 6, 'current_accuracy': 0.75, 'current_loss': 0.6601464748382568, 'train_loss': None, 'decision': 0, 'drift_rate': 0.0, 'target_domains': ['photo']}
Loss historical diff: 0.0; Loss Difference: 0.0, Decision: 0
Round 8 took 0.3918118476867676s, results:
{'t': 7, 'current_accuracy': 0.75, 'current_loss': 0.6601463854312897, 'train_loss': None, 'decision': 0, 'drift_rate': 0.0, 'target_domains': ['photo']}
Loss historical diff: 5.960464477539063e-08; Loss Difference: 0.0, Decision: 0
Round 9 took 0.3904907703399658s, results:
{'t': 8, 'current_accuracy': 0.75, 'current_loss': 0.6601464450359344, 'train_loss': None, 'decision': 0, 'drift_rate': 0.0, 'target_domains': ['photo']}
Loss historical diff: 2.9802322387695312e-08; Loss Difference: 0.0, Decision: 0
Round 10 took 0.39151716232299805s, results:
{'t': 9, 'current_accuracy': 0.75, 'current_loss': 0.6601464152336121, 'train_loss': None, 'decision': 0, 'drift_rate': 0.0, 'target_domains': ['photo']}
Loss historical diff: 5.960464477539063e-08; Loss Difference: 0.0, Decision: 0
Round 11 took 0.3928523063659668s, results:
{'t': 10, 'current_accuracy': 0.75, 'current_loss': 0.6601464450359344, 'train_loss': None, 'decision': 0, 'drift_rate': 0.0, 'target_domains': ['photo']}
Loss historical diff: 2.9802322387695312e-08; Loss Difference: 0.0, Decision: 0
Round 12 took 0.39135313034057617s, results:
{'t': 11, 'current_accuracy': 0.75, 'current_loss': 0.6601464152336121, 'train_loss': None, 'decision': 0, 'drift_rate': 0.0, 'target_domains': ['photo']}
Loss historical diff: 2.9802322387695312e-08; Loss Difference: 0.0, Decision: 0
Round 13 took 0.3906588554382324s, results:
{'t': 12, 'current_accuracy': 0.75, 'current_loss': 0.6601464152336121, 'train_loss': None, 'decision': 0, 'drift_rate': 0.0, 'target_domains': ['photo']}
Loss historical diff: 8.940696716308594e-08; Loss Difference: 0.0, Decision: 0
Round 14 took 0.39067649841308594s, results:
{'t': 13, 'current_accuracy': 0.75, 'current_loss': 0.6601464748382568, 'train_loss': None, 'decision': 0, 'drift_rate': 0.0, 'target_domains': ['photo']}
Loss historical diff: 0.0; Loss Difference: 0.0, Decision: 0
Round 15 took 0.39217591285705566s, results:
{'t': 14, 'current_accuracy': 0.75, 'current_loss': 0.6601463854312897, 'train_loss': None, 'decision': 0, 'drift_rate': 0.0, 'target_domains': ['photo']}
Loss historical diff: 8.940696716308594e-08; Loss Difference: 0.0, Decision: 0
Round 16 took 0.3905212879180908s, results:
{'t': 15, 'current_accuracy': 0.75, 'current_loss': 0.6601464748382568, 'train_loss': None, 'decision': 0, 'drift_rate': 0.0, 'target_domains': ['photo']}
Loss historical diff: 1.1920928955078125e-07; Loss Difference: 0.0, Decision: 0
Round 17 took 0.3910980224609375s, results:
{'t': 16, 'current_accuracy': 0.75, 'current_loss': 0.6601465046405792, 'train_loss': None, 'decision': 0, 'drift_rate': 0.0, 'target_domains': ['photo']}
Loss historical diff: 1.4901161193847656e-07; Loss Difference: 0.0, Decision: 0
Round 18 took 0.39169955253601074s, results:
{'t': 17, 'current_accuracy': 0.75, 'current_loss': 0.6601465344429016, 'train_loss': None, 'decision': 0, 'drift_rate': 0.0, 'target_domains': ['photo']}
Loss historical diff: 0.0; Loss Difference: 0.0, Decision: 0
Round 19 took 0.4100818634033203s, results:
{'t': 18, 'current_accuracy': 0.75, 'current_loss': 0.6601463854312897, 'train_loss': None, 'decision': 0, 'drift_rate': 0.0, 'target_domains': ['photo']}
Loss historical diff: 1.1920928955078125e-07; Loss Difference: 0.0, Decision: 0
Round 20 took 0.3922007083892822s, results:
{'t': 19, 'current_accuracy': 0.75, 'current_loss': 0.6601465046405792, 'train_loss': None, 'decision': 0, 'drift_rate': 0.0, 'target_domains': ['photo']}
Loss historical diff: 0.0; Loss Difference: 0.0, Decision: 0
Round 21 took 0.39163684844970703s, results:
{'t': 20, 'current_accuracy': 0.75, 'current_loss': 0.6601463556289673, 'train_loss': None, 'decision': 0, 'drift_rate': 0.0, 'target_domains': ['photo']}
Loss historical diff: 0.0; Loss Difference: 0.0, Decision: 0
Round 22 took 0.3913724422454834s, results:
{'t': 21, 'current_accuracy': 0.75, 'current_loss': 0.6601463258266449, 'train_loss': None, 'decision': 0, 'drift_rate': 0.0, 'target_domains': ['photo']}
Loss historical diff: 2.682209014892578e-07; Loss Difference: 0.0, Decision: 0
Round 23 took 0.39406633377075195s, results:
{'t': 22, 'current_accuracy': 0.75, 'current_loss': 0.6601465940475464, 'train_loss': None, 'decision': 0, 'drift_rate': 0.0, 'target_domains': ['photo']}
Loss historical diff: 1.1920928955078125e-07; Loss Difference: 0.0, Decision: 0
Round 24 took 0.39180541038513184s, results:
{'t': 23, 'current_accuracy': 0.75, 'current_loss': 0.6601464450359344, 'train_loss': None, 'decision': 0, 'drift_rate': 0.0, 'target_domains': ['photo']}
Loss historical diff: 0.0; Loss Difference: 0.0, Decision: 0
Round 25 took 0.3909456729888916s, results:
{'t': 24, 'current_accuracy': 0.75, 'current_loss': 0.6601463258266449, 'train_loss': None, 'decision': 0, 'drift_rate': 0.0, 'target_domains': ['photo']}
Loss historical diff: 1.1920928955078125e-07; Loss Difference: 0.0, Decision: 0
Round 26 took 0.39371156692504883s, results:
{'t': 25, 'current_accuracy': 0.75, 'current_loss': 0.6601464450359344, 'train_loss': None, 'decision': 0, 'drift_rate': 0.0, 'target_domains': ['photo']}
Loss historical diff: 1.1920928955078125e-07; Loss Difference: 0.0, Decision: 0
Round 27 took 0.39258837699890137s, results:
{'t': 26, 'current_accuracy': 0.75, 'current_loss': 0.6601464450359344, 'train_loss': None, 'decision': 0, 'drift_rate': 0.0, 'target_domains': ['photo']}
Loss historical diff: 0.0; Loss Difference: 0.0, Decision: 0
Round 28 took 0.39653682708740234s, results:
{'t': 27, 'current_accuracy': 0.75, 'current_loss': 0.6601462960243225, 'train_loss': None, 'decision': 0, 'drift_rate': 0.0, 'target_domains': ['photo']}
Loss historical diff: 8.940696716308594e-08; Loss Difference: 0.0, Decision: 0
Round 29 took 0.3948345184326172s, results:
{'t': 28, 'current_accuracy': 0.75, 'current_loss': 0.6601463854312897, 'train_loss': None, 'decision': 0, 'drift_rate': 0.0, 'target_domains': ['photo']}
Loss historical diff: 1.7881393432617188e-07; Loss Difference: 0.0, Decision: 0
Round 30 took 0.3927145004272461s, results:
{'t': 29, 'current_accuracy': 0.75, 'current_loss': 0.6601464748382568, 'train_loss': None, 'decision': 0, 'drift_rate': 0.0, 'target_domains': ['photo']}
Loss historical diff: 0.0; Loss Difference: 0.0, Decision: 0
Round 31 took 0.39313602447509766s, results:
{'t': 30, 'current_accuracy': 0.75, 'current_loss': 0.6601462960243225, 'train_loss': None, 'decision': 0, 'drift_rate': 0.0, 'target_domains': ['photo']}
Loss historical diff: 1.7881393432617188e-07; Loss Difference: 0.0, Decision: 0
Round 32 took 0.3938281536102295s, results:
{'t': 31, 'current_accuracy': 0.75, 'current_loss': 0.6601464748382568, 'train_loss': None, 'decision': 0, 'drift_rate': 0.0, 'target_domains': ['photo']}
Loss historical diff: 5.960464477539063e-08; Loss Difference: 0.0, Decision: 0
Round 33 took 0.39442920684814453s, results:
{'t': 32, 'current_accuracy': 0.75, 'current_loss': 0.6601463556289673, 'train_loss': None, 'decision': 0, 'drift_rate': 0.0, 'target_domains': ['photo']}
Loss historical diff: 5.960464477539063e-08; Loss Difference: 0.0, Decision: 0
Round 34 took 0.3947429656982422s, results:
{'t': 33, 'current_accuracy': 0.75, 'current_loss': 0.6601463556289673, 'train_loss': None, 'decision': 0, 'drift_rate': 0.0, 'target_domains': ['photo']}
Loss historical diff: 1.4901161193847656e-07; Loss Difference: 0.0, Decision: 0
Round 35 took 0.3942270278930664s, results:
{'t': 34, 'current_accuracy': 0.75, 'current_loss': 0.6601464450359344, 'train_loss': None, 'decision': 0, 'drift_rate': 0.0, 'target_domains': ['photo']}
Loss historical diff: 3.2782554626464844e-07; Loss Difference: 0.0, Decision: 0
Round 36 took 0.39180779457092285s, results:
{'t': 35, 'current_accuracy': 0.75, 'current_loss': 0.6601466238498688, 'train_loss': None, 'decision': 0, 'drift_rate': 0.0, 'target_domains': ['photo']}
Loss historical diff: 1.7881393432617188e-07; Loss Difference: 0.0, Decision: 0
Round 37 took 0.3937263488769531s, results:
{'t': 36, 'current_accuracy': 0.75, 'current_loss': 0.6601464748382568, 'train_loss': None, 'decision': 0, 'drift_rate': 0.0, 'target_domains': ['photo']}
Loss historical diff: 2.086162567138672e-07; Loss Difference: 0.0, Decision: 0
Round 38 took 0.39768385887145996s, results:
{'t': 37, 'current_accuracy': 0.75, 'current_loss': 0.6601465046405792, 'train_loss': None, 'decision': 0, 'drift_rate': 0.0, 'target_domains': ['photo']}
Loss historical diff: 2.682209014892578e-07; Loss Difference: 0.0, Decision: 0
Round 39 took 0.3923168182373047s, results:
{'t': 38, 'current_accuracy': 0.75, 'current_loss': 0.660146564245224, 'train_loss': None, 'decision': 0, 'drift_rate': 0.0, 'target_domains': ['photo']}
Loss historical diff: 2.682209014892578e-07; Loss Difference: 0.0, Decision: 0
Round 40 took 0.39312243461608887s, results:
{'t': 39, 'current_accuracy': 0.75, 'current_loss': 0.660146564245224, 'train_loss': None, 'decision': 0, 'drift_rate': 0.0, 'target_domains': ['photo']}
Loss historical diff: 2.086162567138672e-07; Loss Difference: 0.0, Decision: 0
Round 41 took 0.3943440914154053s, results:
{'t': 40, 'current_accuracy': 0.75, 'current_loss': 0.6601465046405792, 'train_loss': None, 'decision': 0, 'drift_rate': 0.0, 'target_domains': ['photo']}
Loss historical diff: 1.7881393432617188e-07; Loss Difference: 0.0, Decision: 0
Round 42 took 0.39235901832580566s, results:
{'t': 41, 'current_accuracy': 0.75, 'current_loss': 0.6601464748382568, 'train_loss': None, 'decision': 0, 'drift_rate': 0.0, 'target_domains': ['photo']}
Loss historical diff: 1.7881393432617188e-07; Loss Difference: 0.0, Decision: 0
Round 43 took 0.39129209518432617s, results:
{'t': 42, 'current_accuracy': 0.75, 'current_loss': 0.6601464748382568, 'train_loss': None, 'decision': 0, 'drift_rate': 0.0, 'target_domains': ['photo']}
Loss historical diff: 1.4901161193847656e-07; Loss Difference: 0.0, Decision: 0
Round 44 took 0.3932313919067383s, results:
{'t': 43, 'current_accuracy': 0.75, 'current_loss': 0.6601464450359344, 'train_loss': None, 'decision': 0, 'drift_rate': 0.0, 'target_domains': ['photo']}
Loss historical diff: 1.1920928955078125e-07; Loss Difference: 0.0, Decision: 0
Round 45 took 0.39438438415527344s, results:
{'t': 44, 'current_accuracy': 0.75, 'current_loss': 0.6601464152336121, 'train_loss': None, 'decision': 0, 'drift_rate': 0.0, 'target_domains': ['photo']}
Loss historical diff: 2.682209014892578e-07; Loss Difference: 0.0, Decision: 0
Round 46 took 0.3918190002441406s, results:
{'t': 45, 'current_accuracy': 0.75, 'current_loss': 0.660146564245224, 'train_loss': None, 'decision': 0, 'drift_rate': 0.0, 'target_domains': ['photo']}
Loss historical diff: 8.940696716308594e-08; Loss Difference: 0.0, Decision: 0
Round 47 took 0.3916947841644287s, results:
{'t': 46, 'current_accuracy': 0.75, 'current_loss': 0.6601463854312897, 'train_loss': None, 'decision': 0, 'drift_rate': 0.0, 'target_domains': ['photo']}
Loss historical diff: 5.960464477539063e-08; Loss Difference: 0.0, Decision: 0
Round 48 took 0.3901050090789795s, results:
{'t': 47, 'current_accuracy': 0.75, 'current_loss': 0.6601463556289673, 'train_loss': None, 'decision': 0, 'drift_rate': 0.0, 'target_domains': ['photo']}
Loss historical diff: 2.682209014892578e-07; Loss Difference: 0.0, Decision: 0
Round 49 took 0.3911421298980713s, results:
{'t': 48, 'current_accuracy': 0.75, 'current_loss': 0.660146564245224, 'train_loss': None, 'decision': 0, 'drift_rate': 0.0, 'target_domains': ['photo']}
Loss historical diff: 8.940696716308594e-08; Loss Difference: 0.0, Decision: 0
Round 50 took 0.3910188674926758s, results:
{'t': 49, 'current_accuracy': 0.75, 'current_loss': 0.6601463854312897, 'train_loss': None, 'decision': 0, 'drift_rate': 0.5686588527326715, 'target_domains': ['photo']}
Loss historical diff: 1.4901161193847656e-07; Loss Difference: 0.0, Decision: 0
Round 51 took 0.39382314682006836s, results:
{'t': 50, 'current_accuracy': 0.75, 'current_loss': 0.6601464450359344, 'train_loss': None, 'decision': 0, 'drift_rate': 0.4667231571098049, 'target_domains': ['photo']}
Loss historical diff: 1.1920928955078125e-07; Loss Difference: 0.0, Decision: 0
Round 52 took 0.3912019729614258s, results:
{'t': 51, 'current_accuracy': 0.75, 'current_loss': 0.6601464152336121, 'train_loss': None, 'decision': 0, 'drift_rate': 0.40841635321231706, 'target_domains': ['photo']}
Loss historical diff: 1.7881393432617188e-07; Loss Difference: 0.0, Decision: 0
Round 53 took 0.39128637313842773s, results:
{'t': 52, 'current_accuracy': 0.75, 'current_loss': 0.6601464748382568, 'train_loss': None, 'decision': 0, 'drift_rate': 0.5084002967671731, 'target_domains': ['photo']}
Loss historical diff: 2.086162567138672e-07; Loss Difference: 0.0, Decision: 0
Round 54 took 0.391054630279541s, results:
{'t': 53, 'current_accuracy': 0.75, 'current_loss': 0.6601465046405792, 'train_loss': None, 'decision': 0, 'drift_rate': 0.0, 'target_domains': ['photo']}
Loss historical diff: 1.7881393432617188e-07; Loss Difference: 0.0, Decision: 0
Round 55 took 0.39078688621520996s, results:
{'t': 54, 'current_accuracy': 0.75, 'current_loss': 0.6601464748382568, 'train_loss': None, 'decision': 0, 'drift_rate': 0.0, 'target_domains': ['photo']}
Loss historical diff: 1.7881393432617188e-07; Loss Difference: 0.0, Decision: 0
Round 56 took 0.39048314094543457s, results:
{'t': 55, 'current_accuracy': 0.75, 'current_loss': 0.6601464748382568, 'train_loss': None, 'decision': 0, 'drift_rate': 0.0, 'target_domains': ['photo']}
Loss historical diff: 1.1920928955078125e-07; Loss Difference: 0.0, Decision: 0
Round 57 took 0.3949878215789795s, results:
{'t': 56, 'current_accuracy': 0.75, 'current_loss': 0.6601464152336121, 'train_loss': None, 'decision': 0, 'drift_rate': 0.0, 'target_domains': ['photo']}
Loss historical diff: 2.980232238769531e-07; Loss Difference: 0.0, Decision: 0
Round 58 took 0.3909623622894287s, results:
{'t': 57, 'current_accuracy': 0.75, 'current_loss': 0.6601465940475464, 'train_loss': None, 'decision': 0, 'drift_rate': 0.0, 'target_domains': ['photo']}
Loss historical diff: 1.4901161193847656e-07; Loss Difference: 0.0, Decision: 0
Round 59 took 0.39073896408081055s, results:
{'t': 58, 'current_accuracy': 0.75, 'current_loss': 0.6601464450359344, 'train_loss': None, 'decision': 0, 'drift_rate': 0.0, 'target_domains': ['photo']}
Loss historical diff: 1.4901161193847656e-07; Loss Difference: 0.0, Decision: 0
Round 60 took 0.3910551071166992s, results:
{'t': 59, 'current_accuracy': 0.75, 'current_loss': 0.6601464450359344, 'train_loss': None, 'decision': 0, 'drift_rate': 0.0, 'target_domains': ['photo']}
Loss historical diff: 8.940696716308594e-08; Loss Difference: 0.0, Decision: 0
Round 61 took 0.39107275009155273s, results:
{'t': 60, 'current_accuracy': 0.75, 'current_loss': 0.6601463854312897, 'train_loss': None, 'decision': 0, 'drift_rate': 0.0, 'target_domains': ['photo']}
Loss historical diff: 1.4901161193847656e-07; Loss Difference: 0.0, Decision: 0
Round 62 took 0.3905940055847168s, results:
{'t': 61, 'current_accuracy': 0.75, 'current_loss': 0.6601464450359344, 'train_loss': None, 'decision': 0, 'drift_rate': 0.0, 'target_domains': ['photo']}
Loss historical diff: 1.1920928955078125e-07; Loss Difference: 0.0, Decision: 0
Round 63 took 0.3907902240753174s, results:
{'t': 62, 'current_accuracy': 0.75, 'current_loss': 0.6601464152336121, 'train_loss': None, 'decision': 0, 'drift_rate': 0.0, 'target_domains': ['photo']}
Loss historical diff: 2.384185791015625e-07; Loss Difference: 0.0, Decision: 0
Round 64 took 0.39234471321105957s, results:
{'t': 63, 'current_accuracy': 0.75, 'current_loss': 0.6601465344429016, 'train_loss': None, 'decision': 0, 'drift_rate': 0.0, 'target_domains': ['photo']}
Loss historical diff: 5.960464477539063e-08; Loss Difference: 0.0, Decision: 0
Round 65 took 0.3901815414428711s, results:
{'t': 64, 'current_accuracy': 0.75, 'current_loss': 0.6601463556289673, 'train_loss': None, 'decision': 0, 'drift_rate': 0.0, 'target_domains': ['photo']}
Loss historical diff: 8.940696716308594e-08; Loss Difference: 0.0, Decision: 0
Round 66 took 0.3908970355987549s, results:
{'t': 65, 'current_accuracy': 0.75, 'current_loss': 0.6601463854312897, 'train_loss': None, 'decision': 0, 'drift_rate': 0.0, 'target_domains': ['photo']}
Loss historical diff: 5.960464477539063e-08; Loss Difference: 0.0, Decision: 0
Round 67 took 0.39103221893310547s, results:
{'t': 66, 'current_accuracy': 0.75, 'current_loss': 0.6601463556289673, 'train_loss': None, 'decision': 0, 'drift_rate': 0.0, 'target_domains': ['photo']}
Loss historical diff: 1.7881393432617188e-07; Loss Difference: 0.0, Decision: 0
Round 68 took 0.391315221786499s, results:
{'t': 67, 'current_accuracy': 0.75, 'current_loss': 0.6601464748382568, 'train_loss': None, 'decision': 0, 'drift_rate': 0.0, 'target_domains': ['photo']}
Loss historical diff: 1.1920928955078125e-07; Loss Difference: 0.0, Decision: 0
Round 69 took 0.3920888900756836s, results:
{'t': 68, 'current_accuracy': 0.75, 'current_loss': 0.6601464152336121, 'train_loss': None, 'decision': 0, 'drift_rate': 0.0, 'target_domains': ['photo']}
Loss historical diff: 1.7881393432617188e-07; Loss Difference: 0.0, Decision: 0
Round 70 took 0.39680910110473633s, results:
{'t': 69, 'current_accuracy': 0.75, 'current_loss': 0.6601464748382568, 'train_loss': None, 'decision': 0, 'drift_rate': 0.0, 'target_domains': ['photo']}
Loss historical diff: 8.940696716308594e-08; Loss Difference: 0.0, Decision: 0
Round 71 took 0.390408992767334s, results:
{'t': 70, 'current_accuracy': 0.75, 'current_loss': 0.6601463854312897, 'train_loss': None, 'decision': 0, 'drift_rate': 0.0, 'target_domains': ['photo']}
Loss historical diff: 1.1920928955078125e-07; Loss Difference: 0.0, Decision: 0
Round 72 took 0.39183902740478516s, results:
{'t': 71, 'current_accuracy': 0.75, 'current_loss': 0.6601464152336121, 'train_loss': None, 'decision': 0, 'drift_rate': 0.0, 'target_domains': ['photo']}
Loss historical diff: 5.960464477539063e-08; Loss Difference: 0.0, Decision: 0
Round 73 took 0.39102602005004883s, results:
{'t': 72, 'current_accuracy': 0.75, 'current_loss': 0.6601463556289673, 'train_loss': None, 'decision': 0, 'drift_rate': 0.0, 'target_domains': ['photo']}
Loss historical diff: 8.940696716308594e-08; Loss Difference: 0.0, Decision: 0
Round 74 took 0.39098167419433594s, results:
{'t': 73, 'current_accuracy': 0.75, 'current_loss': 0.6601463854312897, 'train_loss': None, 'decision': 0, 'drift_rate': 0.0, 'target_domains': ['photo']}
Loss historical diff: 2.9802322387695312e-08; Loss Difference: 0.0, Decision: 0
Round 75 took 0.3911252021789551s, results:
{'t': 74, 'current_accuracy': 0.75, 'current_loss': 0.6601463258266449, 'train_loss': None, 'decision': 0, 'drift_rate': 0.0, 'target_domains': ['photo']}
Loss historical diff: 1.4901161193847656e-07; Loss Difference: 0.0, Decision: 0
Round 76 took 0.39476490020751953s, results:
{'t': 75, 'current_accuracy': 0.75, 'current_loss': 0.6601464450359344, 'train_loss': None, 'decision': 0, 'drift_rate': 0.0, 'target_domains': ['photo']}
Loss historical diff: 2.086162567138672e-07; Loss Difference: 0.0, Decision: 0
Round 77 took 0.39273500442504883s, results:
{'t': 76, 'current_accuracy': 0.75, 'current_loss': 0.6601465046405792, 'train_loss': None, 'decision': 0, 'drift_rate': 0.0, 'target_domains': ['photo']}
Loss historical diff: 2.384185791015625e-07; Loss Difference: 0.0, Decision: 0
Round 78 took 0.3912684917449951s, results:
{'t': 77, 'current_accuracy': 0.75, 'current_loss': 0.6601465344429016, 'train_loss': None, 'decision': 0, 'drift_rate': 0.0, 'target_domains': ['photo']}
Loss historical diff: 1.4901161193847656e-07; Loss Difference: 0.0, Decision: 0
Round 79 took 0.3913543224334717s, results:
{'t': 78, 'current_accuracy': 0.75, 'current_loss': 0.6601464450359344, 'train_loss': None, 'decision': 0, 'drift_rate': 0.0, 'target_domains': ['photo']}
Loss historical diff: 2.9802322387695312e-08; Loss Difference: 0.0, Decision: 0
Round 80 took 0.3916337490081787s, results:
{'t': 79, 'current_accuracy': 0.75, 'current_loss': 0.6601463258266449, 'train_loss': None, 'decision': 0, 'drift_rate': 0.0, 'target_domains': ['photo']}
Loss historical diff: 2.086162567138672e-07; Loss Difference: 0.0, Decision: 0
Round 81 took 0.39011621475219727s, results:
{'t': 80, 'current_accuracy': 0.75, 'current_loss': 0.6601465046405792, 'train_loss': None, 'decision': 0, 'drift_rate': 0.0, 'target_domains': ['photo']}
Loss historical diff: 1.1920928955078125e-07; Loss Difference: 0.0, Decision: 0
Round 82 took 0.3913562297821045s, results:
{'t': 81, 'current_accuracy': 0.75, 'current_loss': 0.6601464152336121, 'train_loss': None, 'decision': 0, 'drift_rate': 0.0, 'target_domains': ['photo']}
Loss historical diff: 1.1920928955078125e-07; Loss Difference: 0.0, Decision: 0
Round 83 took 0.3942990303039551s, results:
{'t': 82, 'current_accuracy': 0.75, 'current_loss': 0.6601464152336121, 'train_loss': None, 'decision': 0, 'drift_rate': 0.0, 'target_domains': ['photo']}
Loss historical diff: 1.4901161193847656e-07; Loss Difference: 0.0, Decision: 0
Round 84 took 0.39101147651672363s, results:
{'t': 83, 'current_accuracy': 0.75, 'current_loss': 0.6601464450359344, 'train_loss': None, 'decision': 0, 'drift_rate': 0.0, 'target_domains': ['photo']}
Loss historical diff: 8.940696716308594e-08; Loss Difference: 0.0, Decision: 0
Round 85 took 0.3908684253692627s, results:
{'t': 84, 'current_accuracy': 0.75, 'current_loss': 0.6601463854312897, 'train_loss': None, 'decision': 0, 'drift_rate': 0.0, 'target_domains': ['photo']}
Loss historical diff: 1.7881393432617188e-07; Loss Difference: 0.0, Decision: 0
Round 86 took 0.3910698890686035s, results:
{'t': 85, 'current_accuracy': 0.75, 'current_loss': 0.6601464748382568, 'train_loss': None, 'decision': 0, 'drift_rate': 0.0, 'target_domains': ['photo']}
Loss historical diff: 1.7881393432617188e-07; Loss Difference: 0.0, Decision: 0
Round 87 took 0.3904712200164795s, results:
{'t': 86, 'current_accuracy': 0.75, 'current_loss': 0.6601464748382568, 'train_loss': None, 'decision': 0, 'drift_rate': 0.0, 'target_domains': ['photo']}
Loss historical diff: 8.940696716308594e-08; Loss Difference: 0.0, Decision: 0
Round 88 took 0.3909163475036621s, results:
{'t': 87, 'current_accuracy': 0.75, 'current_loss': 0.6601463854312897, 'train_loss': None, 'decision': 0, 'drift_rate': 0.0, 'target_domains': ['photo']}
Loss historical diff: 5.960464477539063e-08; Loss Difference: 0.0, Decision: 0
Round 89 took 0.39252352714538574s, results:
{'t': 88, 'current_accuracy': 0.75, 'current_loss': 0.6601463556289673, 'train_loss': None, 'decision': 0, 'drift_rate': 0.0, 'target_domains': ['photo']}
Loss historical diff: 2.384185791015625e-07; Loss Difference: 0.0, Decision: 0
Round 90 took 0.3912196159362793s, results:
{'t': 89, 'current_accuracy': 0.75, 'current_loss': 0.6601465344429016, 'train_loss': None, 'decision': 0, 'drift_rate': 0.0, 'target_domains': ['photo']}
Loss historical diff: 8.940696716308594e-08; Loss Difference: 0.0, Decision: 0
Round 91 took 0.39053964614868164s, results:
{'t': 90, 'current_accuracy': 0.75, 'current_loss': 0.6601463854312897, 'train_loss': None, 'decision': 0, 'drift_rate': 0.0, 'target_domains': ['photo']}
Loss historical diff: 5.960464477539063e-08; Loss Difference: 0.0, Decision: 0
Round 92 took 0.3909764289855957s, results:
{'t': 91, 'current_accuracy': 0.75, 'current_loss': 0.6601463556289673, 'train_loss': None, 'decision': 0, 'drift_rate': 0.0, 'target_domains': ['photo']}
Loss historical diff: 2.9802322387695312e-08; Loss Difference: 0.0, Decision: 0
Round 93 took 0.3906850814819336s, results:
{'t': 92, 'current_accuracy': 0.75, 'current_loss': 0.6601463258266449, 'train_loss': None, 'decision': 0, 'drift_rate': 0.0, 'target_domains': ['photo']}
Loss historical diff: 2.384185791015625e-07; Loss Difference: 0.0, Decision: 0
Round 94 took 0.39029979705810547s, results:
{'t': 93, 'current_accuracy': 0.75, 'current_loss': 0.6601465344429016, 'train_loss': None, 'decision': 0, 'drift_rate': 0.0, 'target_domains': ['photo']}
Loss historical diff: 8.940696716308594e-08; Loss Difference: 0.0, Decision: 0
Round 95 took 0.3903310298919678s, results:
{'t': 94, 'current_accuracy': 0.75, 'current_loss': 0.6601463854312897, 'train_loss': None, 'decision': 0, 'drift_rate': 0.0, 'target_domains': ['photo']}
Loss historical diff: 1.4901161193847656e-07; Loss Difference: 0.0, Decision: 0
Round 96 took 0.39167046546936035s, results:
{'t': 95, 'current_accuracy': 0.75, 'current_loss': 0.6601464450359344, 'train_loss': None, 'decision': 0, 'drift_rate': 0.0, 'target_domains': ['photo']}
Loss historical diff: 1.4901161193847656e-07; Loss Difference: 0.0, Decision: 0
Round 97 took 0.3909931182861328s, results:
{'t': 96, 'current_accuracy': 0.75, 'current_loss': 0.6601464450359344, 'train_loss': None, 'decision': 0, 'drift_rate': 0.0, 'target_domains': ['photo']}
Loss historical diff: 1.1920928955078125e-07; Loss Difference: 0.0, Decision: 0
Round 98 took 0.39132118225097656s, results:
{'t': 97, 'current_accuracy': 0.75, 'current_loss': 0.6601464152336121, 'train_loss': None, 'decision': 0, 'drift_rate': 0.0, 'target_domains': ['photo']}
Loss historical diff: 1.7881393432617188e-07; Loss Difference: 0.0, Decision: 0
Round 99 took 0.3909635543823242s, results:
{'t': 98, 'current_accuracy': 0.75, 'current_loss': 0.6601464748382568, 'train_loss': None, 'decision': 0, 'drift_rate': 0.0, 'target_domains': ['photo']}
Loss historical diff: 2.086162567138672e-07; Loss Difference: 0.0, Decision: 0
Round 100 took 0.39162492752075195s, results:
{'t': 99, 'current_accuracy': 0.75, 'current_loss': 0.6601465046405792, 'train_loss': None, 'decision': 0, 'drift_rate': 0.0, 'target_domains': ['photo']}
Loss historical diff: 1.4901161193847656e-07; Loss Difference: 0.0, Decision: 0
Round 101 took 0.39081287384033203s, results:
{'t': 100, 'current_accuracy': 0.75, 'current_loss': 0.6601464450359344, 'train_loss': None, 'decision': 0, 'drift_rate': 0.0, 'target_domains': ['photo']}
Loss historical diff: 8.940696716308594e-08; Loss Difference: 0.0, Decision: 0
Round 102 took 0.3906428813934326s, results:
{'t': 101, 'current_accuracy': 0.75, 'current_loss': 0.6601463854312897, 'train_loss': None, 'decision': 0, 'drift_rate': 0.0, 'target_domains': ['photo']}
Loss historical diff: 1.1920928955078125e-07; Loss Difference: 0.0, Decision: 0
Round 103 took 0.3919212818145752s, results:
{'t': 102, 'current_accuracy': 0.75, 'current_loss': 0.6601464152336121, 'train_loss': None, 'decision': 0, 'drift_rate': 0.0, 'target_domains': ['photo']}
Loss historical diff: 5.960464477539063e-08; Loss Difference: 0.0, Decision: 0
Round 104 took 0.39040517807006836s, results:
{'t': 103, 'current_accuracy': 0.75, 'current_loss': 0.6601463556289673, 'train_loss': None, 'decision': 0, 'drift_rate': 0.0, 'target_domains': ['photo']}
Loss historical diff: 1.1920928955078125e-07; Loss Difference: 0.0, Decision: 0
Round 105 took 0.39036059379577637s, results:
{'t': 104, 'current_accuracy': 0.75, 'current_loss': 0.6601464152336121, 'train_loss': None, 'decision': 0, 'drift_rate': 0.0, 'target_domains': ['photo']}
Loss historical diff: 5.960464477539063e-08; Loss Difference: 0.0, Decision: 0
Round 106 took 0.3905646800994873s, results:
{'t': 105, 'current_accuracy': 0.75, 'current_loss': 0.6601463556289673, 'train_loss': None, 'decision': 0, 'drift_rate': 0.0, 'target_domains': ['photo']}
Loss historical diff: 1.4901161193847656e-07; Loss Difference: 0.0, Decision: 0
Round 107 took 0.39035844802856445s, results:
{'t': 106, 'current_accuracy': 0.75, 'current_loss': 0.6601464450359344, 'train_loss': None, 'decision': 0, 'drift_rate': 0.0, 'target_domains': ['photo']}
Loss historical diff: 2.682209014892578e-07; Loss Difference: 0.0, Decision: 0
Round 108 took 0.4139707088470459s, results:
{'t': 107, 'current_accuracy': 0.75, 'current_loss': 0.660146564245224, 'train_loss': None, 'decision': 0, 'drift_rate': 0.0, 'target_domains': ['photo']}
Loss historical diff: 1.4901161193847656e-07; Loss Difference: 0.0, Decision: 0
Round 109 took 0.39131665229797363s, results:
{'t': 108, 'current_accuracy': 0.75, 'current_loss': 0.6601464450359344, 'train_loss': None, 'decision': 0, 'drift_rate': 0.0, 'target_domains': ['photo']}
Loss historical diff: 1.1920928955078125e-07; Loss Difference: 0.0, Decision: 0
Round 110 took 0.39053940773010254s, results:
{'t': 109, 'current_accuracy': 0.75, 'current_loss': 0.6601464152336121, 'train_loss': None, 'decision': 0, 'drift_rate': 0.0, 'target_domains': ['photo']}
Loss historical diff: 1.1920928955078125e-07; Loss Difference: 0.0, Decision: 0
Round 111 took 0.389859676361084s, results:
{'t': 110, 'current_accuracy': 0.75, 'current_loss': 0.6601464152336121, 'train_loss': None, 'decision': 0, 'drift_rate': 0.0, 'target_domains': ['photo']}
Loss historical diff: 8.940696716308594e-08; Loss Difference: 0.0, Decision: 0
Round 112 took 0.3901965618133545s, results:
{'t': 111, 'current_accuracy': 0.75, 'current_loss': 0.6601463854312897, 'train_loss': None, 'decision': 0, 'drift_rate': 0.0, 'target_domains': ['photo']}
Loss historical diff: 5.960464477539063e-08; Loss Difference: 0.0, Decision: 0
Round 113 took 0.389941930770874s, results:
{'t': 112, 'current_accuracy': 0.75, 'current_loss': 0.6601463556289673, 'train_loss': None, 'decision': 0, 'drift_rate': 0.0, 'target_domains': ['photo']}
Loss historical diff: 8.940696716308594e-08; Loss Difference: 0.0, Decision: 0
Round 114 took 0.3902254104614258s, results:
{'t': 113, 'current_accuracy': 0.75, 'current_loss': 0.6601463854312897, 'train_loss': None, 'decision': 0, 'drift_rate': 0.0, 'target_domains': ['photo']}
Loss historical diff: 3.2782554626464844e-07; Loss Difference: 0.0, Decision: 0
Round 115 took 0.3907456398010254s, results:
{'t': 114, 'current_accuracy': 0.75, 'current_loss': 0.6601466238498688, 'train_loss': None, 'decision': 0, 'drift_rate': 0.0, 'target_domains': ['photo']}
Loss historical diff: 1.1920928955078125e-07; Loss Difference: 0.0, Decision: 0
Round 116 took 0.3912773132324219s, results:
{'t': 115, 'current_accuracy': 0.75, 'current_loss': 0.6601464152336121, 'train_loss': None, 'decision': 0, 'drift_rate': 0.0, 'target_domains': ['photo']}
Loss historical diff: 2.086162567138672e-07; Loss Difference: 0.0, Decision: 0
Round 117 took 0.3904886245727539s, results:
{'t': 116, 'current_accuracy': 0.75, 'current_loss': 0.6601465046405792, 'train_loss': None, 'decision': 0, 'drift_rate': 0.0, 'target_domains': ['photo']}
Loss historical diff: 2.384185791015625e-07; Loss Difference: 0.0, Decision: 0
Round 118 took 0.3904871940612793s, results:
{'t': 117, 'current_accuracy': 0.75, 'current_loss': 0.6601465344429016, 'train_loss': None, 'decision': 0, 'drift_rate': 0.0, 'target_domains': ['photo']}
Loss historical diff: 8.940696716308594e-08; Loss Difference: 0.0, Decision: 0
Round 119 took 0.38982319831848145s, results:
{'t': 118, 'current_accuracy': 0.75, 'current_loss': 0.6601463854312897, 'train_loss': None, 'decision': 0, 'drift_rate': 0.0, 'target_domains': ['photo']}
Loss historical diff: 5.960464477539063e-08; Loss Difference: 0.0, Decision: 0
Round 120 took 0.3926074504852295s, results:
{'t': 119, 'current_accuracy': 0.75, 'current_loss': 0.6601463556289673, 'train_loss': None, 'decision': 0, 'drift_rate': 0.0, 'target_domains': ['photo']}
Loss historical diff: 8.940696716308594e-08; Loss Difference: 0.0, Decision: 0
Round 121 took 0.39182066917419434s, results:
{'t': 120, 'current_accuracy': 0.75, 'current_loss': 0.6601463854312897, 'train_loss': None, 'decision': 0, 'drift_rate': 0.0, 'target_domains': ['photo']}
Loss historical diff: 8.940696716308594e-08; Loss Difference: 0.0, Decision: 0
Round 122 took 0.39107418060302734s, results:
{'t': 121, 'current_accuracy': 0.75, 'current_loss': 0.6601463854312897, 'train_loss': None, 'decision': 0, 'drift_rate': 0.0, 'target_domains': ['photo']}
Loss historical diff: 8.940696716308594e-08; Loss Difference: 0.0, Decision: 0
Round 123 took 0.3909752368927002s, results:
{'t': 122, 'current_accuracy': 0.75, 'current_loss': 0.6601463854312897, 'train_loss': None, 'decision': 0, 'drift_rate': 0.0, 'target_domains': ['photo']}
Loss historical diff: 2.086162567138672e-07; Loss Difference: 0.0, Decision: 0
Round 124 took 0.3912374973297119s, results:
{'t': 123, 'current_accuracy': 0.75, 'current_loss': 0.6601465046405792, 'train_loss': None, 'decision': 0, 'drift_rate': 0.0, 'target_domains': ['photo']}
Loss historical diff: 2.9802322387695312e-08; Loss Difference: 0.0, Decision: 0
Round 125 took 0.3913407325744629s, results:
{'t': 124, 'current_accuracy': 0.75, 'current_loss': 0.6601463258266449, 'train_loss': None, 'decision': 0, 'drift_rate': 0.0, 'target_domains': ['photo']}
Loss historical diff: 1.7881393432617188e-07; Loss Difference: 0.0, Decision: 0
Round 126 took 0.3915700912475586s, results:
{'t': 125, 'current_accuracy': 0.75, 'current_loss': 0.6601464748382568, 'train_loss': None, 'decision': 0, 'drift_rate': 0.0, 'target_domains': ['photo']}
Loss historical diff: 1.7881393432617188e-07; Loss Difference: 0.0, Decision: 0
Round 127 took 0.3914670944213867s, results:
{'t': 126, 'current_accuracy': 0.75, 'current_loss': 0.6601464748382568, 'train_loss': None, 'decision': 0, 'drift_rate': 0.0, 'target_domains': ['photo']}
Loss historical diff: 1.7881393432617188e-07; Loss Difference: 0.0, Decision: 0
Round 128 took 0.3915748596191406s, results:
{'t': 127, 'current_accuracy': 0.75, 'current_loss': 0.6601464748382568, 'train_loss': None, 'decision': 0, 'drift_rate': 0.0, 'target_domains': ['photo']}
Loss historical diff: 1.4901161193847656e-07; Loss Difference: 0.0, Decision: 0
Round 129 took 0.3908541202545166s, results:
{'t': 128, 'current_accuracy': 0.75, 'current_loss': 0.6601464450359344, 'train_loss': None, 'decision': 0, 'drift_rate': 0.0, 'target_domains': ['photo']}
Loss historical diff: 1.1920928955078125e-07; Loss Difference: 0.0, Decision: 0
Round 130 took 0.390880823135376s, results:
{'t': 129, 'current_accuracy': 0.75, 'current_loss': 0.6601464152336121, 'train_loss': None, 'decision': 0, 'drift_rate': 0.0, 'target_domains': ['photo']}
Loss historical diff: 8.940696716308594e-08; Loss Difference: 0.0, Decision: 0
Round 131 took 0.39055347442626953s, results:
{'t': 130, 'current_accuracy': 0.75, 'current_loss': 0.6601463854312897, 'train_loss': None, 'decision': 0, 'drift_rate': 0.0, 'target_domains': ['photo']}
Loss historical diff: 8.940696716308594e-08; Loss Difference: 0.0, Decision: 0
Round 132 took 0.39130377769470215s, results:
{'t': 131, 'current_accuracy': 0.75, 'current_loss': 0.6601463854312897, 'train_loss': None, 'decision': 0, 'drift_rate': 0.0, 'target_domains': ['photo']}
Loss historical diff: 8.940696716308594e-08; Loss Difference: 0.0, Decision: 0
Round 133 took 0.3913767337799072s, results:
{'t': 132, 'current_accuracy': 0.75, 'current_loss': 0.6601463854312897, 'train_loss': None, 'decision': 0, 'drift_rate': 0.0, 'target_domains': ['photo']}
Loss historical diff: 5.960464477539063e-08; Loss Difference: 0.0, Decision: 0
Round 134 took 0.3912978172302246s, results:
{'t': 133, 'current_accuracy': 0.75, 'current_loss': 0.6601463556289673, 'train_loss': None, 'decision': 0, 'drift_rate': 0.0, 'target_domains': ['photo']}
Loss historical diff: 1.1920928955078125e-07; Loss Difference: 0.0, Decision: 0
Round 135 took 0.39290523529052734s, results:
{'t': 134, 'current_accuracy': 0.75, 'current_loss': 0.6601464152336121, 'train_loss': None, 'decision': 0, 'drift_rate': 0.0, 'target_domains': ['photo']}
Loss historical diff: 1.1920928955078125e-07; Loss Difference: 0.0, Decision: 0
Round 136 took 0.3906214237213135s, results:
{'t': 135, 'current_accuracy': 0.75, 'current_loss': 0.6601464152336121, 'train_loss': None, 'decision': 0, 'drift_rate': 0.0, 'target_domains': ['photo']}
Loss historical diff: 1.1920928955078125e-07; Loss Difference: 0.0, Decision: 0
Round 137 took 0.3910362720489502s, results:
{'t': 136, 'current_accuracy': 0.75, 'current_loss': 0.6601464152336121, 'train_loss': None, 'decision': 0, 'drift_rate': 0.0, 'target_domains': ['photo']}
Loss historical diff: 1.7881393432617188e-07; Loss Difference: 0.0, Decision: 0
Round 138 took 0.39083361625671387s, results:
{'t': 137, 'current_accuracy': 0.75, 'current_loss': 0.6601464748382568, 'train_loss': None, 'decision': 0, 'drift_rate': 0.0, 'target_domains': ['photo']}
Loss historical diff: 1.4901161193847656e-07; Loss Difference: 0.0, Decision: 0
Round 139 took 0.390836238861084s, results:
{'t': 138, 'current_accuracy': 0.75, 'current_loss': 0.6601464450359344, 'train_loss': None, 'decision': 0, 'drift_rate': 0.0, 'target_domains': ['photo']}
Loss historical diff: 2.086162567138672e-07; Loss Difference: 0.0, Decision: 0
Round 140 took 0.3911173343658447s, results:
{'t': 139, 'current_accuracy': 0.75, 'current_loss': 0.6601465046405792, 'train_loss': None, 'decision': 0, 'drift_rate': 0.0, 'target_domains': ['photo']}
Loss historical diff: 5.960464477539063e-08; Loss Difference: 0.0, Decision: 0
Round 141 took 0.3926095962524414s, results:
{'t': 140, 'current_accuracy': 0.75, 'current_loss': 0.6601463556289673, 'train_loss': None, 'decision': 0, 'drift_rate': 0.0, 'target_domains': ['photo']}
Loss historical diff: 1.4901161193847656e-07; Loss Difference: 0.0, Decision: 0
Round 142 took 0.39116454124450684s, results:
{'t': 141, 'current_accuracy': 0.75, 'current_loss': 0.6601464450359344, 'train_loss': None, 'decision': 0, 'drift_rate': 0.0, 'target_domains': ['photo']}
Loss historical diff: 2.682209014892578e-07; Loss Difference: 0.0, Decision: 0
Round 143 took 0.3958556652069092s, results:
{'t': 142, 'current_accuracy': 0.75, 'current_loss': 0.660146564245224, 'train_loss': None, 'decision': 0, 'drift_rate': 0.0, 'target_domains': ['photo']}
Loss historical diff: 1.1920928955078125e-07; Loss Difference: 0.0, Decision: 0
Round 144 took 0.39333677291870117s, results:
{'t': 143, 'current_accuracy': 0.75, 'current_loss': 0.6601464152336121, 'train_loss': None, 'decision': 0, 'drift_rate': 0.0, 'target_domains': ['photo']}
Loss historical diff: 2.384185791015625e-07; Loss Difference: 0.0, Decision: 0
Round 145 took 0.39209556579589844s, results:
{'t': 144, 'current_accuracy': 0.75, 'current_loss': 0.6601465344429016, 'train_loss': None, 'decision': 0, 'drift_rate': 0.0, 'target_domains': ['photo']}
Loss historical diff: 1.1920928955078125e-07; Loss Difference: 0.0, Decision: 0
Round 146 took 0.39086389541625977s, results:
{'t': 145, 'current_accuracy': 0.75, 'current_loss': 0.6601464152336121, 'train_loss': None, 'decision': 0, 'drift_rate': 0.0, 'target_domains': ['photo']}
Loss historical diff: 2.384185791015625e-07; Loss Difference: 0.0, Decision: 0
Round 147 took 0.39218926429748535s, results:
{'t': 146, 'current_accuracy': 0.75, 'current_loss': 0.6601465344429016, 'train_loss': None, 'decision': 0, 'drift_rate': 0.0, 'target_domains': ['photo']}
Loss historical diff: 8.940696716308594e-08; Loss Difference: 0.0, Decision: 0
Round 148 took 0.3932950496673584s, results:
{'t': 147, 'current_accuracy': 0.75, 'current_loss': 0.6601463854312897, 'train_loss': None, 'decision': 0, 'drift_rate': 0.0, 'target_domains': ['photo']}
Loss historical diff: 5.960464477539063e-08; Loss Difference: 0.0, Decision: 0
Round 149 took 0.3910050392150879s, results:
{'t': 148, 'current_accuracy': 0.75, 'current_loss': 0.6601463556289673, 'train_loss': None, 'decision': 0, 'drift_rate': 0.0, 'target_domains': ['photo']}
Loss historical diff: 1.4901161193847656e-07; Loss Difference: 0.0, Decision: 0
Round 150 took 0.3922088146209717s, results:
{'t': 149, 'current_accuracy': 0.75, 'current_loss': 0.6601464450359344, 'train_loss': None, 'decision': 0, 'drift_rate': 0.0, 'target_domains': ['photo']}
Loss historical diff: 2.086162567138672e-07; Loss Difference: 0.0, Decision: 0
Round 151 took 0.39255404472351074s, results:
{'t': 150, 'current_accuracy': 0.75, 'current_loss': 0.6601465046405792, 'train_loss': None, 'decision': 0, 'drift_rate': 0.0, 'target_domains': ['photo']}
Loss historical diff: 1.4901161193847656e-07; Loss Difference: 0.0, Decision: 0
Round 152 took 0.39282751083374023s, results:
{'t': 151, 'current_accuracy': 0.75, 'current_loss': 0.6601464450359344, 'train_loss': None, 'decision': 0, 'drift_rate': 0.0, 'target_domains': ['photo']}
Loss historical diff: 1.7881393432617188e-07; Loss Difference: 0.0, Decision: 0
Round 153 took 0.3932921886444092s, results:
{'t': 152, 'current_accuracy': 0.75, 'current_loss': 0.6601464748382568, 'train_loss': None, 'decision': 0, 'drift_rate': 0.0, 'target_domains': ['photo']}
Loss historical diff: 0.0; Loss Difference: 0.0, Decision: 0
Round 154 took 0.39097166061401367s, results:
{'t': 153, 'current_accuracy': 0.75, 'current_loss': 0.6601462960243225, 'train_loss': None, 'decision': 0, 'drift_rate': 0.0, 'target_domains': ['photo']}
Loss historical diff: 5.960464477539063e-08; Loss Difference: 0.0, Decision: 0
Round 155 took 0.39227843284606934s, results:
{'t': 154, 'current_accuracy': 0.75, 'current_loss': 0.6601463556289673, 'train_loss': None, 'decision': 0, 'drift_rate': 0.0, 'target_domains': ['photo']}
Loss historical diff: 1.1920928955078125e-07; Loss Difference: 0.0, Decision: 0
Round 156 took 0.39075446128845215s, results:
{'t': 155, 'current_accuracy': 0.75, 'current_loss': 0.6601464152336121, 'train_loss': None, 'decision': 0, 'drift_rate': 0.0, 'target_domains': ['photo']}
Loss historical diff: 8.940696716308594e-08; Loss Difference: 0.0, Decision: 0
Round 157 took 0.3932044506072998s, results:
{'t': 156, 'current_accuracy': 0.75, 'current_loss': 0.6601463854312897, 'train_loss': None, 'decision': 0, 'drift_rate': 0.0, 'target_domains': ['photo']}
Loss historical diff: 8.940696716308594e-08; Loss Difference: 0.0, Decision: 0
Round 158 took 0.3917276859283447s, results:
{'t': 157, 'current_accuracy': 0.75, 'current_loss': 0.6601463854312897, 'train_loss': None, 'decision': 0, 'drift_rate': 0.0, 'target_domains': ['photo']}
Loss historical diff: 1.4901161193847656e-07; Loss Difference: 0.0, Decision: 0
Round 159 took 0.39322948455810547s, results:
{'t': 158, 'current_accuracy': 0.75, 'current_loss': 0.6601464450359344, 'train_loss': None, 'decision': 0, 'drift_rate': 0.0, 'target_domains': ['photo']}
Loss historical diff: 2.980232238769531e-07; Loss Difference: 0.0, Decision: 0
Round 160 took 0.3914525508880615s, results:
{'t': 159, 'current_accuracy': 0.75, 'current_loss': 0.6601465940475464, 'train_loss': None, 'decision': 0, 'drift_rate': 0.0, 'target_domains': ['photo']}
Loss historical diff: 1.4901161193847656e-07; Loss Difference: 0.0, Decision: 0
Round 161 took 0.3910493850708008s, results:
{'t': 160, 'current_accuracy': 0.75, 'current_loss': 0.6601464450359344, 'train_loss': None, 'decision': 0, 'drift_rate': 0.0, 'target_domains': ['photo']}
Loss historical diff: 1.4901161193847656e-07; Loss Difference: 0.0, Decision: 0
Round 162 took 0.390516996383667s, results:
{'t': 161, 'current_accuracy': 0.75, 'current_loss': 0.6601464450359344, 'train_loss': None, 'decision': 0, 'drift_rate': 0.0, 'target_domains': ['photo']}
Loss historical diff: 1.1920928955078125e-07; Loss Difference: 0.0, Decision: 0
Round 163 took 0.39168262481689453s, results:
{'t': 162, 'current_accuracy': 0.75, 'current_loss': 0.6601464152336121, 'train_loss': None, 'decision': 0, 'drift_rate': 0.0, 'target_domains': ['photo']}
Loss historical diff: 8.940696716308594e-08; Loss Difference: 0.0, Decision: 0
Round 164 took 0.3913280963897705s, results:
{'t': 163, 'current_accuracy': 0.75, 'current_loss': 0.6601463854312897, 'train_loss': None, 'decision': 0, 'drift_rate': 0.0, 'target_domains': ['photo']}
Loss historical diff: 5.960464477539063e-08; Loss Difference: 0.0, Decision: 0
Round 165 took 0.3924744129180908s, results:
{'t': 164, 'current_accuracy': 0.75, 'current_loss': 0.6601463556289673, 'train_loss': None, 'decision': 0, 'drift_rate': 0.0, 'target_domains': ['photo']}
Loss historical diff: 5.960464477539063e-08; Loss Difference: 0.0, Decision: 0
Round 166 took 0.39159631729125977s, results:
{'t': 165, 'current_accuracy': 0.75, 'current_loss': 0.6601463556289673, 'train_loss': None, 'decision': 0, 'drift_rate': 0.0, 'target_domains': ['photo']}
Loss historical diff: 0.9513880014419556; Loss Difference: 0.0, Decision: 1
Average loss over 5 updates: 1.4040
Round 167 took 1.3803889751434326s, results:
{'t': 166, 'current_accuracy': 0.53125, 'current_loss': 1.611534297466278, 'train_loss': 1.4039735555648805, 'decision': 1, 'drift_rate': 0.39629648803286166, 'target_domains': ['cartoon']}
Loss historical diff: 2.0187469124794006; Loss Difference: 0.0, Decision: 1
Average loss over 5 updates: 1.8448
Round 168 took 1.2790539264678955s, results:
{'t': 167, 'current_accuracy': 0.27734375, 'current_loss': 2.678893208503723, 'train_loss': 1.8448261499404908, 'decision': 1, 'drift_rate': 0.5812614728718344, 'target_domains': ['cartoon']}
Loss historical diff: 1.1214896440505981; Loss Difference: 0.0, Decision: 1
Average loss over 5 updates: 1.2824
Round 169 took 1.2595033645629883s, results:
{'t': 168, 'current_accuracy': 0.40625, 'current_loss': 1.7816359400749207, 'train_loss': 1.2824447631835938, 'decision': 1, 'drift_rate': 0.3570254553253128, 'target_domains': ['cartoon']}
Loss historical diff: 0.9212907552719116; Loss Difference: 0.0, Decision: 1
Average loss over 5 updates: 1.1178
Round 170 took 1.2629623413085938s, results:
{'t': 169, 'current_accuracy': 0.4453125, 'current_loss': 1.5814370512962341, 'train_loss': 1.1177897095680236, 'decision': 1, 'drift_rate': 0.4713516663319284, 'target_domains': ['cartoon']}
Loss historical diff: 0.7422350645065308; Loss Difference: 0.0, Decision: 0
Round 171 took 0.3958597183227539s, results:
{'t': 170, 'current_accuracy': 0.5078125, 'current_loss': 1.4023813605308533, 'train_loss': None, 'decision': 0, 'drift_rate': 0.0, 'target_domains': ['cartoon']}
Loss historical diff: 0.742235004901886; Loss Difference: 0.0, Decision: 0
Round 172 took 0.39461803436279297s, results:
{'t': 171, 'current_accuracy': 0.5078125, 'current_loss': 1.4023813009262085, 'train_loss': None, 'decision': 0, 'drift_rate': 0.0, 'target_domains': ['cartoon']}
Loss historical diff: 0.7422351241111755; Loss Difference: 0.0, Decision: 0
Round 173 took 0.3958308696746826s, results:
{'t': 172, 'current_accuracy': 0.5078125, 'current_loss': 1.402381420135498, 'train_loss': None, 'decision': 0, 'drift_rate': 0.0, 'target_domains': ['cartoon']}
Loss historical diff: 0.742235004901886; Loss Difference: 0.0, Decision: 1
Average loss over 5 updates: 1.0160
Round 174 took 1.261749267578125s, results:
{'t': 173, 'current_accuracy': 0.5078125, 'current_loss': 1.4023813009262085, 'train_loss': 1.0160048484802247, 'decision': 1, 'drift_rate': 0.0, 'target_domains': ['cartoon']}
Loss historical diff: 2.8352492451667786; Loss Difference: 0.0, Decision: 1
Average loss over 5 updates: 1.0227
Round 175 took 1.2521867752075195s, results:
{'t': 174, 'current_accuracy': 0.34375, 'current_loss': 3.495395541191101, 'train_loss': 1.0226928472518921, 'decision': 1, 'drift_rate': 0.0, 'target_domains': ['cartoon']}
Loss historical diff: 0.5014866590499878; Loss Difference: 0.0, Decision: 0
Round 176 took 0.39410877227783203s, results:
{'t': 175, 'current_accuracy': 0.60546875, 'current_loss': 1.1616329550743103, 'train_loss': None, 'decision': 0, 'drift_rate': 0.0, 'target_domains': ['cartoon']}
Loss historical diff: 0.5014870166778564; Loss Difference: 0.0, Decision: 0
Round 177 took 0.3953258991241455s, results:
{'t': 176, 'current_accuracy': 0.60546875, 'current_loss': 1.161633312702179, 'train_loss': None, 'decision': 0, 'drift_rate': 0.0, 'target_domains': ['cartoon']}
Loss historical diff: 0.5014868974685669; Loss Difference: 0.0, Decision: 0
Round 178 took 0.39757609367370605s, results:
{'t': 177, 'current_accuracy': 0.60546875, 'current_loss': 1.1616331934928894, 'train_loss': None, 'decision': 0, 'drift_rate': 0.0, 'target_domains': ['cartoon']}
Loss historical diff: 0.5014868974685669; Loss Difference: 0.0, Decision: 0
Round 179 took 0.3948690891265869s, results:
{'t': 178, 'current_accuracy': 0.60546875, 'current_loss': 1.1616331934928894, 'train_loss': None, 'decision': 0, 'drift_rate': 0.0, 'target_domains': ['cartoon']}
Loss historical diff: 0.5014867782592773; Loss Difference: 0.0, Decision: 0
Round 180 took 0.3950684070587158s, results:
{'t': 179, 'current_accuracy': 0.60546875, 'current_loss': 1.1616330742835999, 'train_loss': None, 'decision': 0, 'drift_rate': 0.0, 'target_domains': ['cartoon']}
Loss historical diff: 0.5014866590499878; Loss Difference: 0.0, Decision: 0
Round 181 took 0.3926568031311035s, results:
{'t': 180, 'current_accuracy': 0.60546875, 'current_loss': 1.1616329550743103, 'train_loss': None, 'decision': 0, 'drift_rate': 0.0, 'target_domains': ['cartoon']}
Loss historical diff: 0.5014868974685669; Loss Difference: 0.0, Decision: 0
Round 182 took 0.391812801361084s, results:
{'t': 181, 'current_accuracy': 0.60546875, 'current_loss': 1.1616331934928894, 'train_loss': None, 'decision': 0, 'drift_rate': 0.0, 'target_domains': ['cartoon']}
Loss historical diff: 0.5014868974685669; Loss Difference: 0.0, Decision: 0
Round 183 took 0.3930017948150635s, results:
{'t': 182, 'current_accuracy': 0.60546875, 'current_loss': 1.1616331934928894, 'train_loss': None, 'decision': 0, 'drift_rate': 0.0, 'target_domains': ['cartoon']}
Loss historical diff: 0.5014866590499878; Loss Difference: 0.0, Decision: 0
Round 184 took 0.39308905601501465s, results:
{'t': 183, 'current_accuracy': 0.60546875, 'current_loss': 1.1616329550743103, 'train_loss': None, 'decision': 0, 'drift_rate': 0.0, 'target_domains': ['cartoon']}
Loss historical diff: 0.5014868378639221; Loss Difference: 0.0, Decision: 0
Round 185 took 0.391909122467041s, results:
{'t': 184, 'current_accuracy': 0.60546875, 'current_loss': 1.1616331338882446, 'train_loss': None, 'decision': 0, 'drift_rate': 0.0, 'target_domains': ['cartoon']}
Loss historical diff: 0.5014870166778564; Loss Difference: 0.0, Decision: 0
Round 186 took 0.39388251304626465s, results:
{'t': 185, 'current_accuracy': 0.60546875, 'current_loss': 1.161633312702179, 'train_loss': None, 'decision': 0, 'drift_rate': 0.0, 'target_domains': ['cartoon']}
Loss historical diff: 0.5014868378639221; Loss Difference: 0.0, Decision: 0
Round 187 took 0.3921854496002197s, results:
{'t': 186, 'current_accuracy': 0.60546875, 'current_loss': 1.1616331338882446, 'train_loss': None, 'decision': 0, 'drift_rate': 0.0, 'target_domains': ['cartoon']}
Loss historical diff: 0.5014868974685669; Loss Difference: 0.0, Decision: 0
Round 188 took 0.3925645351409912s, results:
{'t': 187, 'current_accuracy': 0.60546875, 'current_loss': 1.1616331934928894, 'train_loss': None, 'decision': 0, 'drift_rate': 0.0, 'target_domains': ['cartoon']}
Loss historical diff: 0.5014868378639221; Loss Difference: 0.0, Decision: 0
Round 189 took 0.3930501937866211s, results:
{'t': 188, 'current_accuracy': 0.60546875, 'current_loss': 1.1616331338882446, 'train_loss': None, 'decision': 0, 'drift_rate': 0.0, 'target_domains': ['cartoon']}
Loss historical diff: 0.5014869570732117; Loss Difference: 0.0, Decision: 0
Round 190 took 0.39242982864379883s, results:
{'t': 189, 'current_accuracy': 0.60546875, 'current_loss': 1.1616332530975342, 'train_loss': None, 'decision': 0, 'drift_rate': 0.0, 'target_domains': ['cartoon']}
Loss historical diff: 0.5014866590499878; Loss Difference: 0.0, Decision: 0
Round 191 took 0.39308667182922363s, results:
{'t': 190, 'current_accuracy': 0.60546875, 'current_loss': 1.1616329550743103, 'train_loss': None, 'decision': 0, 'drift_rate': 0.0, 'target_domains': ['cartoon']}
Loss historical diff: 0.501487135887146; Loss Difference: 0.0, Decision: 0
Round 192 took 0.3913860321044922s, results:
{'t': 191, 'current_accuracy': 0.60546875, 'current_loss': 1.1616334319114685, 'train_loss': None, 'decision': 0, 'drift_rate': 0.0, 'target_domains': ['cartoon']}
Loss historical diff: 0.501486599445343; Loss Difference: 0.0, Decision: 0
Round 193 took 0.39205312728881836s, results:
{'t': 192, 'current_accuracy': 0.60546875, 'current_loss': 1.1616328954696655, 'train_loss': None, 'decision': 0, 'drift_rate': 0.0, 'target_domains': ['cartoon']}
Loss historical diff: 0.5014868378639221; Loss Difference: 0.0, Decision: 0
Round 194 took 0.3926208019256592s, results:
{'t': 193, 'current_accuracy': 0.60546875, 'current_loss': 1.1616331338882446, 'train_loss': None, 'decision': 0, 'drift_rate': 0.0, 'target_domains': ['cartoon']}
Loss historical diff: 0.5014869570732117; Loss Difference: 0.0, Decision: 0
Round 195 took 0.3925747871398926s, results:
{'t': 194, 'current_accuracy': 0.60546875, 'current_loss': 1.1616332530975342, 'train_loss': None, 'decision': 0, 'drift_rate': 0.0, 'target_domains': ['cartoon']}
Loss historical diff: 0.5014867186546326; Loss Difference: 0.0, Decision: 0
Round 196 took 0.39414191246032715s, results:
{'t': 195, 'current_accuracy': 0.60546875, 'current_loss': 1.161633014678955, 'train_loss': None, 'decision': 0, 'drift_rate': 0.0, 'target_domains': ['cartoon']}
Loss historical diff: 0.5014867782592773; Loss Difference: 0.0, Decision: 0
Round 197 took 0.3947927951812744s, results:
{'t': 196, 'current_accuracy': 0.60546875, 'current_loss': 1.1616330742835999, 'train_loss': None, 'decision': 0, 'drift_rate': 0.0, 'target_domains': ['cartoon']}
Loss historical diff: 0.5014868378639221; Loss Difference: 0.0, Decision: 0
Round 198 took 0.3928699493408203s, results:
{'t': 197, 'current_accuracy': 0.60546875, 'current_loss': 1.1616331338882446, 'train_loss': None, 'decision': 0, 'drift_rate': 0.0, 'target_domains': ['cartoon']}
Loss historical diff: 0.501487135887146; Loss Difference: 0.0, Decision: 0
Round 199 took 0.393146276473999s, results:
{'t': 198, 'current_accuracy': 0.60546875, 'current_loss': 1.1616334319114685, 'train_loss': None, 'decision': 0, 'drift_rate': 0.0, 'target_domains': ['cartoon']}
Loss historical diff: 0.5014869570732117; Loss Difference: 0.0, Decision: 0
Round 200 took 0.3927795886993408s, results:
{'t': 199, 'current_accuracy': 0.60546875, 'current_loss': 1.1616332530975342, 'train_loss': None, 'decision': 0, 'drift_rate': 0.0, 'target_domains': ['cartoon']}
Loss historical diff: 0.5014866590499878; Loss Difference: 0.0, Decision: 0
Round 201 took 0.3922266960144043s, results:
{'t': 200, 'current_accuracy': 0.60546875, 'current_loss': 1.1616329550743103, 'train_loss': None, 'decision': 0, 'drift_rate': 0.0, 'target_domains': ['cartoon']}
Loss historical diff: 0.5014868378639221; Loss Difference: 0.0, Decision: 0
Round 202 took 0.40210628509521484s, results:
{'t': 201, 'current_accuracy': 0.60546875, 'current_loss': 1.1616331338882446, 'train_loss': None, 'decision': 0, 'drift_rate': 0.0, 'target_domains': ['cartoon']}
Loss historical diff: 0.5014868974685669; Loss Difference: 0.0, Decision: 0
Round 203 took 0.39269399642944336s, results:
{'t': 202, 'current_accuracy': 0.60546875, 'current_loss': 1.1616331934928894, 'train_loss': None, 'decision': 0, 'drift_rate': 0.0, 'target_domains': ['cartoon']}
Loss historical diff: 0.5014869570732117; Loss Difference: 0.0, Decision: 0
Round 204 took 0.3920271396636963s, results:
{'t': 203, 'current_accuracy': 0.60546875, 'current_loss': 1.1616332530975342, 'train_loss': None, 'decision': 0, 'drift_rate': 0.0, 'target_domains': ['cartoon']}
Loss historical diff: 0.5014868378639221; Loss Difference: 0.0, Decision: 0
Round 205 took 0.3924751281738281s, results:
{'t': 204, 'current_accuracy': 0.60546875, 'current_loss': 1.1616331338882446, 'train_loss': None, 'decision': 0, 'drift_rate': 0.0, 'target_domains': ['cartoon']}
Loss historical diff: 0.5014868974685669; Loss Difference: 0.0, Decision: 1
Average loss over 5 updates: 0.9661
Round 206 took 1.2547786235809326s, results:
{'t': 205, 'current_accuracy': 0.60546875, 'current_loss': 1.1616331934928894, 'train_loss': 0.966106629371643, 'decision': 1, 'drift_rate': 0.0, 'target_domains': ['cartoon']}
Loss historical diff: 0.4002171754837036; Loss Difference: 0.0, Decision: 0
Round 207 took 0.3923661708831787s, results:
{'t': 206, 'current_accuracy': 0.625, 'current_loss': 1.0603634715080261, 'train_loss': None, 'decision': 0, 'drift_rate': 0.0, 'target_domains': ['cartoon']}
Loss historical diff: 0.4002171456813812; Loss Difference: 0.0, Decision: 0
Round 208 took 0.40209197998046875s, results:
{'t': 207, 'current_accuracy': 0.625, 'current_loss': 1.0603634417057037, 'train_loss': None, 'decision': 0, 'drift_rate': 0.0, 'target_domains': ['cartoon']}
Loss historical diff: 0.40021729469299316; Loss Difference: 0.0, Decision: 0
Round 209 took 0.391834020614624s, results:
{'t': 208, 'current_accuracy': 0.625, 'current_loss': 1.0603635907173157, 'train_loss': None, 'decision': 0, 'drift_rate': 0.0, 'target_domains': ['cartoon']}
Loss historical diff: 0.4002172350883484; Loss Difference: 0.0, Decision: 0
Round 210 took 0.39207887649536133s, results:
{'t': 209, 'current_accuracy': 0.625, 'current_loss': 1.060363531112671, 'train_loss': None, 'decision': 0, 'drift_rate': 0.0, 'target_domains': ['cartoon']}
Loss historical diff: 0.4002171754837036; Loss Difference: 0.0, Decision: 0
Round 211 took 0.3924143314361572s, results:
{'t': 210, 'current_accuracy': 0.625, 'current_loss': 1.0603634715080261, 'train_loss': None, 'decision': 0, 'drift_rate': 0.0, 'target_domains': ['cartoon']}
Loss historical diff: 0.40021729469299316; Loss Difference: 0.0, Decision: 0
Round 212 took 0.3913609981536865s, results:
{'t': 211, 'current_accuracy': 0.625, 'current_loss': 1.0603635907173157, 'train_loss': None, 'decision': 0, 'drift_rate': 0.0, 'target_domains': ['cartoon']}
Loss historical diff: 0.4002169370651245; Loss Difference: 0.0, Decision: 0
Round 213 took 0.3914005756378174s, results:
{'t': 212, 'current_accuracy': 0.625, 'current_loss': 1.060363233089447, 'train_loss': None, 'decision': 0, 'drift_rate': 0.0, 'target_domains': ['cartoon']}
Loss historical diff: 0.4002171754837036; Loss Difference: 0.0, Decision: 0
Round 214 took 0.3910512924194336s, results:
{'t': 213, 'current_accuracy': 0.625, 'current_loss': 1.0603634715080261, 'train_loss': None, 'decision': 0, 'drift_rate': 0.0, 'target_domains': ['cartoon']}
Loss historical diff: 0.4002172350883484; Loss Difference: 0.0, Decision: 0
Round 215 took 0.3923776149749756s, results:
{'t': 214, 'current_accuracy': 0.625, 'current_loss': 1.060363531112671, 'train_loss': None, 'decision': 0, 'drift_rate': 0.0, 'target_domains': ['cartoon']}
Loss historical diff: 0.4002172350883484; Loss Difference: 0.0, Decision: 0
Round 216 took 0.39147067070007324s, results:
{'t': 215, 'current_accuracy': 0.625, 'current_loss': 1.060363531112671, 'train_loss': None, 'decision': 0, 'drift_rate': 0.0, 'target_domains': ['cartoon']}
Loss historical diff: 0.40021705627441406; Loss Difference: 0.0, Decision: 0
Round 217 took 0.39167213439941406s, results:
{'t': 216, 'current_accuracy': 0.625, 'current_loss': 1.0603633522987366, 'train_loss': None, 'decision': 0, 'drift_rate': 0.0, 'target_domains': ['cartoon']}
Loss historical diff: 0.40021711587905884; Loss Difference: 0.0, Decision: 0
Round 218 took 0.3922898769378662s, results:
{'t': 217, 'current_accuracy': 0.625, 'current_loss': 1.0603634119033813, 'train_loss': None, 'decision': 0, 'drift_rate': 0.0, 'target_domains': ['cartoon']}
Loss historical diff: 0.4002175033092499; Loss Difference: 0.0, Decision: 0
Round 219 took 0.3925180435180664s, results:
{'t': 218, 'current_accuracy': 0.625, 'current_loss': 1.0603637993335724, 'train_loss': None, 'decision': 0, 'drift_rate': 0.0, 'target_domains': ['cartoon']}
Loss historical diff: 0.4002170264720917; Loss Difference: 0.0, Decision: 0
Round 220 took 0.39119768142700195s, results:
{'t': 219, 'current_accuracy': 0.625, 'current_loss': 1.0603633224964142, 'train_loss': None, 'decision': 0, 'drift_rate': 0.0, 'target_domains': ['cartoon']}
Loss historical diff: 0.40021711587905884; Loss Difference: 0.0, Decision: 1
Average loss over 5 updates: 0.8568
Round 221 took 1.2496147155761719s, results:
{'t': 220, 'current_accuracy': 0.625, 'current_loss': 1.0603634119033813, 'train_loss': 0.8568187952041626, 'decision': 1, 'drift_rate': 0.0, 'target_domains': ['cartoon']}
Loss historical diff: 0.42901700735092163; Loss Difference: 0.0, Decision: 0
Round 222 took 0.39676666259765625s, results:
{'t': 221, 'current_accuracy': 0.62109375, 'current_loss': 1.0891633033752441, 'train_loss': None, 'decision': 0, 'drift_rate': 0.0, 'target_domains': ['cartoon']}
Loss historical diff: 0.42901739478111267; Loss Difference: 0.0, Decision: 0
Round 223 took 0.3912007808685303s, results:
{'t': 222, 'current_accuracy': 0.62109375, 'current_loss': 1.0891636908054352, 'train_loss': None, 'decision': 0, 'drift_rate': 0.0, 'target_domains': ['cartoon']}
Loss historical diff: 0.4290173649787903; Loss Difference: 0.0, Decision: 0
Round 224 took 0.3915252685546875s, results:
{'t': 223, 'current_accuracy': 0.62109375, 'current_loss': 1.0891636610031128, 'train_loss': None, 'decision': 0, 'drift_rate': 0.0, 'target_domains': ['cartoon']}
Loss historical diff: 0.42901739478111267; Loss Difference: 0.0, Decision: 0
Round 225 took 0.39193129539489746s, results:
{'t': 224, 'current_accuracy': 0.62109375, 'current_loss': 1.0891636908054352, 'train_loss': None, 'decision': 0, 'drift_rate': 0.0, 'target_domains': ['cartoon']}
Loss historical diff: 0.42901748418807983; Loss Difference: 0.0, Decision: 0
Round 226 took 0.39233994483947754s, results:
{'t': 225, 'current_accuracy': 0.62109375, 'current_loss': 1.0891637802124023, 'train_loss': None, 'decision': 0, 'drift_rate': 0.0, 'target_domains': ['cartoon']}
Loss historical diff: 0.4290173649787903; Loss Difference: 0.0, Decision: 0
Round 227 took 0.39250946044921875s, results:
{'t': 226, 'current_accuracy': 0.62109375, 'current_loss': 1.0891636610031128, 'train_loss': None, 'decision': 0, 'drift_rate': 0.0, 'target_domains': ['cartoon']}
Loss historical diff: 0.42901739478111267; Loss Difference: 0.0, Decision: 0
Round 228 took 0.3921782970428467s, results:
{'t': 227, 'current_accuracy': 0.62109375, 'current_loss': 1.0891636908054352, 'train_loss': None, 'decision': 0, 'drift_rate': 0.0, 'target_domains': ['cartoon']}
Loss historical diff: 0.42901724576950073; Loss Difference: 0.0, Decision: 0
Round 229 took 0.3930494785308838s, results:
{'t': 228, 'current_accuracy': 0.62109375, 'current_loss': 1.0891635417938232, 'train_loss': None, 'decision': 0, 'drift_rate': 0.0, 'target_domains': ['cartoon']}
Loss historical diff: 0.4290173649787903; Loss Difference: 0.0, Decision: 1
Average loss over 5 updates: 0.8847
Round 230 took 1.2515573501586914s, results:
{'t': 229, 'current_accuracy': 0.62109375, 'current_loss': 1.0891636610031128, 'train_loss': 0.8846658706665039, 'decision': 1, 'drift_rate': 0.0, 'target_domains': ['cartoon']}
Loss historical diff: 0.5658830404281616; Loss Difference: 0.0, Decision: 0
Round 231 took 0.392578125s, results:
{'t': 230, 'current_accuracy': 0.61328125, 'current_loss': 1.2260293364524841, 'train_loss': None, 'decision': 0, 'drift_rate': 0.0, 'target_domains': ['cartoon']}
Loss historical diff: 0.5658829212188721; Loss Difference: 0.0, Decision: 0
Round 232 took 0.3925454616546631s, results:
{'t': 231, 'current_accuracy': 0.61328125, 'current_loss': 1.2260292172431946, 'train_loss': None, 'decision': 0, 'drift_rate': 0.0, 'target_domains': ['cartoon']}
Loss historical diff: 0.5658827424049377; Loss Difference: 0.0, Decision: 1
Average loss over 5 updates: 0.7775
Round 233 took 1.2489807605743408s, results:
{'t': 232, 'current_accuracy': 0.61328125, 'current_loss': 1.2260290384292603, 'train_loss': 0.7775267362594604, 'decision': 1, 'drift_rate': 0.0, 'target_domains': ['cartoon']}
Loss historical diff: 0.4434584379196167; Loss Difference: 0.0, Decision: 0
Round 234 took 0.39385247230529785s, results:
{'t': 233, 'current_accuracy': 0.625, 'current_loss': 1.1036047339439392, 'train_loss': None, 'decision': 0, 'drift_rate': 0.0, 'target_domains': ['cartoon']}
Loss historical diff: 0.44345831871032715; Loss Difference: 0.0, Decision: 0
Round 235 took 0.3924684524536133s, results:
{'t': 234, 'current_accuracy': 0.625, 'current_loss': 1.1036046147346497, 'train_loss': None, 'decision': 0, 'drift_rate': 0.0, 'target_domains': ['cartoon']}
Loss historical diff: 0.443458616733551; Loss Difference: 0.0, Decision: 0
Round 236 took 0.3914778232574463s, results:
{'t': 235, 'current_accuracy': 0.625, 'current_loss': 1.1036049127578735, 'train_loss': None, 'decision': 0, 'drift_rate': 0.0, 'target_domains': ['cartoon']}
Loss historical diff: 0.4434583783149719; Loss Difference: 0.0, Decision: 0
Round 237 took 0.39209651947021484s, results:
{'t': 236, 'current_accuracy': 0.625, 'current_loss': 1.1036046743392944, 'train_loss': None, 'decision': 0, 'drift_rate': 0.0, 'target_domains': ['cartoon']}
Loss historical diff: 0.4434584379196167; Loss Difference: 0.0, Decision: 0
Round 238 took 0.3921475410461426s, results:
{'t': 237, 'current_accuracy': 0.625, 'current_loss': 1.1036047339439392, 'train_loss': None, 'decision': 0, 'drift_rate': 0.0, 'target_domains': ['cartoon']}
Loss historical diff: 0.44345852732658386; Loss Difference: 0.0, Decision: 0
Round 239 took 0.39160919189453125s, results:
{'t': 238, 'current_accuracy': 0.625, 'current_loss': 1.1036048233509064, 'train_loss': None, 'decision': 0, 'drift_rate': 0.0, 'target_domains': ['cartoon']}
Loss historical diff: 0.4434584379196167; Loss Difference: 0.0, Decision: 0
Round 240 took 0.3921241760253906s, results:
{'t': 239, 'current_accuracy': 0.625, 'current_loss': 1.1036047339439392, 'train_loss': None, 'decision': 0, 'drift_rate': 0.0, 'target_domains': ['cartoon']}
Loss historical diff: 0.4434584975242615; Loss Difference: 0.0, Decision: 0
Round 241 took 0.3921990394592285s, results:
{'t': 240, 'current_accuracy': 0.625, 'current_loss': 1.103604793548584, 'train_loss': None, 'decision': 0, 'drift_rate': 0.0, 'target_domains': ['cartoon']}
Loss historical diff: 0.4434582591056824; Loss Difference: 0.0, Decision: 0
Round 242 took 0.39189696311950684s, results:
{'t': 241, 'current_accuracy': 0.625, 'current_loss': 1.1036045551300049, 'train_loss': None, 'decision': 0, 'drift_rate': 0.0, 'target_domains': ['cartoon']}
Loss historical diff: 0.44345831871032715; Loss Difference: 0.0, Decision: 0
Round 243 took 0.3934814929962158s, results:
{'t': 242, 'current_accuracy': 0.625, 'current_loss': 1.1036046147346497, 'train_loss': None, 'decision': 0, 'drift_rate': 0.0, 'target_domains': ['cartoon']}
Loss historical diff: 0.4434583783149719; Loss Difference: 0.0, Decision: 0
Round 244 took 0.39206576347351074s, results:
{'t': 243, 'current_accuracy': 0.625, 'current_loss': 1.1036046743392944, 'train_loss': None, 'decision': 0, 'drift_rate': 0.0, 'target_domains': ['cartoon']}
Loss historical diff: 0.4434584975242615; Loss Difference: 0.0, Decision: 0
Round 245 took 0.391998291015625s, results:
{'t': 244, 'current_accuracy': 0.625, 'current_loss': 1.103604793548584, 'train_loss': None, 'decision': 0, 'drift_rate': 0.0, 'target_domains': ['cartoon']}
Loss historical diff: 0.44345855712890625; Loss Difference: 0.0, Decision: 0
Round 246 took 0.3918137550354004s, results:
{'t': 245, 'current_accuracy': 0.625, 'current_loss': 1.1036048531532288, 'train_loss': None, 'decision': 0, 'drift_rate': 0.0, 'target_domains': ['cartoon']}
Loss historical diff: 0.443458616733551; Loss Difference: 0.0, Decision: 0
Round 247 took 0.39255690574645996s, results:
{'t': 246, 'current_accuracy': 0.625, 'current_loss': 1.1036049127578735, 'train_loss': None, 'decision': 0, 'drift_rate': 0.0, 'target_domains': ['cartoon']}
Loss historical diff: 0.44345858693122864; Loss Difference: 0.0, Decision: 0
Round 248 took 0.39148426055908203s, results:
{'t': 247, 'current_accuracy': 0.625, 'current_loss': 1.1036048829555511, 'train_loss': None, 'decision': 0, 'drift_rate': 0.0, 'target_domains': ['cartoon']}
Loss historical diff: 0.44345855712890625; Loss Difference: 0.0, Decision: 1
Average loss over 5 updates: 0.8028
Round 249 took 1.2546734809875488s, results:
{'t': 248, 'current_accuracy': 0.625, 'current_loss': 1.1036048531532288, 'train_loss': 0.8027700304985046, 'decision': 1, 'drift_rate': 0.0, 'target_domains': ['cartoon']}
Loss historical diff: 0.48640215396881104; Loss Difference: 0.0, Decision: 0
Round 250 took 0.394258975982666s, results:
{'t': 249, 'current_accuracy': 0.58203125, 'current_loss': 1.1465484499931335, 'train_loss': None, 'decision': 0, 'drift_rate': 0.0, 'target_domains': ['cartoon']}
Average time per round: 0.430935977935791
Total time: 107.73399448394775
