Device: cuda
CUDA Version: 12.1
cuDNN Version: 8902
PyTorch Version: 2.3.0

Model used: PACSCNN_4
Initial dataset creation
Initial dataset creation
Initial loss: 0.37001314759254456
<__main__.Policy object at 0x1508a1a31940>
0.37001314759254456
Loss historical diff: 0.0; Loss Difference: 0.0, Decision: 0
Round 1 took 0.4069826602935791s, results:
{'t': 0, 'current_accuracy': 0.890625, 'current_loss': 0.30717554688453674, 'train_loss': None, 'decision': 0, 'drift_rate': 0.0, 'target_domains': ['photo']}
Loss historical diff: 3.725290298461914e-08; Loss Difference: 0.0, Decision: 0
Round 2 took 0.39035820960998535s, results:
{'t': 1, 'current_accuracy': 0.890625, 'current_loss': 0.30717558413743973, 'train_loss': None, 'decision': 0, 'drift_rate': 0.0, 'target_domains': ['photo']}
Loss historical diff: 0.0; Loss Difference: 0.0, Decision: 0
Round 3 took 0.38912105560302734s, results:
{'t': 2, 'current_accuracy': 0.890625, 'current_loss': 0.30717553943395615, 'train_loss': None, 'decision': 0, 'drift_rate': 0.0, 'target_domains': ['photo']}
Loss historical diff: 7.450580596923828e-09; Loss Difference: 0.0, Decision: 0
Round 4 took 0.38921689987182617s, results:
{'t': 3, 'current_accuracy': 0.890625, 'current_loss': 0.30717554688453674, 'train_loss': None, 'decision': 0, 'drift_rate': 0.0, 'target_domains': ['photo']}
Loss historical diff: 1.1175870895385742e-07; Loss Difference: 0.0, Decision: 0
Round 5 took 0.38849782943725586s, results:
{'t': 4, 'current_accuracy': 0.890625, 'current_loss': 0.3071756511926651, 'train_loss': None, 'decision': 0, 'drift_rate': 0.0, 'target_domains': ['photo']}
Loss historical diff: 5.21540641784668e-08; Loss Difference: 0.0, Decision: 0
Round 6 took 0.4136466979980469s, results:
{'t': 5, 'current_accuracy': 0.890625, 'current_loss': 0.3071755915880203, 'train_loss': None, 'decision': 0, 'drift_rate': 0.0, 'target_domains': ['photo']}
Loss historical diff: 7.450580596923828e-09; Loss Difference: 0.0, Decision: 0
Round 7 took 0.3886871337890625s, results:
{'t': 6, 'current_accuracy': 0.890625, 'current_loss': 0.30717554688453674, 'train_loss': None, 'decision': 0, 'drift_rate': 0.0, 'target_domains': ['photo']}
Loss historical diff: 9.685754776000977e-08; Loss Difference: 0.0, Decision: 0
Round 8 took 0.3937082290649414s, results:
{'t': 7, 'current_accuracy': 0.890625, 'current_loss': 0.3071756362915039, 'train_loss': None, 'decision': 0, 'drift_rate': 0.0, 'target_domains': ['photo']}
Loss historical diff: 1.4156103134155273e-07; Loss Difference: 0.0, Decision: 0
Round 9 took 0.3895542621612549s, results:
{'t': 8, 'current_accuracy': 0.890625, 'current_loss': 0.3071756809949875, 'train_loss': None, 'decision': 0, 'drift_rate': 0.0, 'target_domains': ['photo']}
Loss historical diff: 2.2351741790771484e-08; Loss Difference: 0.0, Decision: 0
Round 10 took 0.38774609565734863s, results:
{'t': 9, 'current_accuracy': 0.890625, 'current_loss': 0.30717556178569794, 'train_loss': None, 'decision': 0, 'drift_rate': 0.0, 'target_domains': ['photo']}
Loss historical diff: 3.725290298461914e-08; Loss Difference: 0.0, Decision: 0
Round 11 took 0.39241671562194824s, results:
{'t': 10, 'current_accuracy': 0.890625, 'current_loss': 0.30717557668685913, 'train_loss': None, 'decision': 0, 'drift_rate': 0.0, 'target_domains': ['photo']}
Loss historical diff: 3.725290298461914e-08; Loss Difference: 0.0, Decision: 0
Round 12 took 0.3958098888397217s, results:
{'t': 11, 'current_accuracy': 0.890625, 'current_loss': 0.30717557668685913, 'train_loss': None, 'decision': 0, 'drift_rate': 0.0, 'target_domains': ['photo']}
Loss historical diff: 7.450580596923828e-09; Loss Difference: 0.0, Decision: 0
Round 13 took 0.387937068939209s, results:
{'t': 12, 'current_accuracy': 0.890625, 'current_loss': 0.30717554688453674, 'train_loss': None, 'decision': 0, 'drift_rate': 0.0, 'target_domains': ['photo']}
Loss historical diff: 7.450580596923828e-09; Loss Difference: 0.0, Decision: 0
Round 14 took 0.38815927505493164s, results:
{'t': 13, 'current_accuracy': 0.890625, 'current_loss': 0.30717554688453674, 'train_loss': None, 'decision': 0, 'drift_rate': 0.0, 'target_domains': ['photo']}
Loss historical diff: 0.0; Loss Difference: 0.0, Decision: 0
Round 15 took 0.38915252685546875s, results:
{'t': 14, 'current_accuracy': 0.890625, 'current_loss': 0.30717551708221436, 'train_loss': None, 'decision': 0, 'drift_rate': 0.0, 'target_domains': ['photo']}
Loss historical diff: 8.940696716308594e-08; Loss Difference: 0.0, Decision: 0
Round 16 took 0.3888411521911621s, results:
{'t': 15, 'current_accuracy': 0.890625, 'current_loss': 0.3071756064891815, 'train_loss': None, 'decision': 0, 'drift_rate': 0.0, 'target_domains': ['photo']}
Loss historical diff: 7.450580596923828e-08; Loss Difference: 0.0, Decision: 0
Round 17 took 0.3887782096862793s, results:
{'t': 16, 'current_accuracy': 0.890625, 'current_loss': 0.3071755915880203, 'train_loss': None, 'decision': 0, 'drift_rate': 0.0, 'target_domains': ['photo']}
Loss historical diff: 2.9802322387695312e-08; Loss Difference: 0.0, Decision: 0
Round 18 took 0.38846802711486816s, results:
{'t': 17, 'current_accuracy': 0.890625, 'current_loss': 0.30717554688453674, 'train_loss': None, 'decision': 0, 'drift_rate': 0.0, 'target_domains': ['photo']}
Loss historical diff: 7.450580596923828e-08; Loss Difference: 0.0, Decision: 0
Round 19 took 0.3879411220550537s, results:
{'t': 18, 'current_accuracy': 0.890625, 'current_loss': 0.3071755915880203, 'train_loss': None, 'decision': 0, 'drift_rate': 0.0, 'target_domains': ['photo']}
Loss historical diff: 3.725290298461914e-08; Loss Difference: 0.0, Decision: 0
Round 20 took 0.3888416290283203s, results:
{'t': 19, 'current_accuracy': 0.890625, 'current_loss': 0.30717555433511734, 'train_loss': None, 'decision': 0, 'drift_rate': 0.0, 'target_domains': ['photo']}
Loss historical diff: 1.4901161193847656e-07; Loss Difference: 0.0, Decision: 0
Round 21 took 0.3919410705566406s, results:
{'t': 20, 'current_accuracy': 0.890625, 'current_loss': 0.3071756660938263, 'train_loss': None, 'decision': 0, 'drift_rate': 0.0, 'target_domains': ['photo']}
Loss historical diff: 2.9802322387695312e-08; Loss Difference: 0.0, Decision: 0
Round 22 took 0.3884594440460205s, results:
{'t': 21, 'current_accuracy': 0.890625, 'current_loss': 0.30717554688453674, 'train_loss': None, 'decision': 0, 'drift_rate': 0.0, 'target_domains': ['photo']}
Loss historical diff: 1.4901161193847656e-08; Loss Difference: 0.0, Decision: 0
Round 23 took 0.38791966438293457s, results:
{'t': 22, 'current_accuracy': 0.890625, 'current_loss': 0.30717553198337555, 'train_loss': None, 'decision': 0, 'drift_rate': 0.0, 'target_domains': ['photo']}
Loss historical diff: 4.470348358154297e-08; Loss Difference: 0.0, Decision: 0
Round 24 took 0.3883049488067627s, results:
{'t': 23, 'current_accuracy': 0.890625, 'current_loss': 0.30717556178569794, 'train_loss': None, 'decision': 0, 'drift_rate': 0.0, 'target_domains': ['photo']}
Loss historical diff: 1.4901161193847656e-08; Loss Difference: 0.0, Decision: 0
Round 25 took 0.38787221908569336s, results:
{'t': 24, 'current_accuracy': 0.890625, 'current_loss': 0.30717553198337555, 'train_loss': None, 'decision': 0, 'drift_rate': 0.0, 'target_domains': ['photo']}
Loss historical diff: 5.960464477539063e-08; Loss Difference: 0.0, Decision: 0
Round 26 took 0.3915832042694092s, results:
{'t': 25, 'current_accuracy': 0.890625, 'current_loss': 0.30717557668685913, 'train_loss': None, 'decision': 0, 'drift_rate': 0.0, 'target_domains': ['photo']}
Loss historical diff: 7.450580596923828e-08; Loss Difference: 0.0, Decision: 0
Round 27 took 0.38818955421447754s, results:
{'t': 26, 'current_accuracy': 0.890625, 'current_loss': 0.3071755915880203, 'train_loss': None, 'decision': 0, 'drift_rate': 0.0, 'target_domains': ['photo']}
Loss historical diff: 0.0; Loss Difference: 0.0, Decision: 0
Round 28 took 0.3889012336730957s, results:
{'t': 27, 'current_accuracy': 0.890625, 'current_loss': 0.3071753680706024, 'train_loss': None, 'decision': 0, 'drift_rate': 0.0, 'target_domains': ['photo']}
Loss historical diff: 1.341104507446289e-07; Loss Difference: 0.0, Decision: 0
Round 29 took 0.3887004852294922s, results:
{'t': 28, 'current_accuracy': 0.890625, 'current_loss': 0.30717550218105316, 'train_loss': None, 'decision': 0, 'drift_rate': 0.0, 'target_domains': ['photo']}
Loss historical diff: 1.7881393432617188e-07; Loss Difference: 0.0, Decision: 0
Round 30 took 0.3881230354309082s, results:
{'t': 29, 'current_accuracy': 0.890625, 'current_loss': 0.30717554688453674, 'train_loss': None, 'decision': 0, 'drift_rate': 0.0, 'target_domains': ['photo']}
Loss historical diff: 2.2351741790771484e-07; Loss Difference: 0.0, Decision: 0
Round 31 took 0.3913304805755615s, results:
{'t': 30, 'current_accuracy': 0.890625, 'current_loss': 0.3071755915880203, 'train_loss': None, 'decision': 0, 'drift_rate': 0.0, 'target_domains': ['photo']}
Loss historical diff: 4.023313522338867e-07; Loss Difference: 0.0, Decision: 0
Round 32 took 0.388660192489624s, results:
{'t': 31, 'current_accuracy': 0.890625, 'current_loss': 0.30717577040195465, 'train_loss': None, 'decision': 0, 'drift_rate': 0.0, 'target_domains': ['photo']}
Loss historical diff: 1.6391277313232422e-07; Loss Difference: 0.0, Decision: 0
Round 33 took 0.3882443904876709s, results:
{'t': 32, 'current_accuracy': 0.890625, 'current_loss': 0.30717553198337555, 'train_loss': None, 'decision': 0, 'drift_rate': 0.0, 'target_domains': ['photo']}
Loss historical diff: 1.4156103134155273e-07; Loss Difference: 0.0, Decision: 0
Round 34 took 0.38806986808776855s, results:
{'t': 33, 'current_accuracy': 0.890625, 'current_loss': 0.30717550963163376, 'train_loss': None, 'decision': 0, 'drift_rate': 0.0, 'target_domains': ['photo']}
Loss historical diff: 1.6391277313232422e-07; Loss Difference: 0.0, Decision: 0
Round 35 took 0.38880467414855957s, results:
{'t': 34, 'current_accuracy': 0.890625, 'current_loss': 0.30717553198337555, 'train_loss': None, 'decision': 0, 'drift_rate': 0.0, 'target_domains': ['photo']}
Loss historical diff: 2.682209014892578e-07; Loss Difference: 0.0, Decision: 0
Round 36 took 0.3880796432495117s, results:
{'t': 35, 'current_accuracy': 0.890625, 'current_loss': 0.3071756362915039, 'train_loss': None, 'decision': 0, 'drift_rate': 0.0, 'target_domains': ['photo']}
Loss historical diff: 2.2351741790771484e-07; Loss Difference: 0.0, Decision: 0
Round 37 took 0.3883380889892578s, results:
{'t': 36, 'current_accuracy': 0.890625, 'current_loss': 0.3071755915880203, 'train_loss': None, 'decision': 0, 'drift_rate': 0.0, 'target_domains': ['photo']}
Loss historical diff: 1.9371509552001953e-07; Loss Difference: 0.0, Decision: 0
Round 38 took 0.38828444480895996s, results:
{'t': 37, 'current_accuracy': 0.890625, 'current_loss': 0.30717556178569794, 'train_loss': None, 'decision': 0, 'drift_rate': 0.0, 'target_domains': ['photo']}
Loss historical diff: 2.086162567138672e-07; Loss Difference: 0.0, Decision: 0
Round 39 took 0.38654398918151855s, results:
{'t': 38, 'current_accuracy': 0.890625, 'current_loss': 0.30717557668685913, 'train_loss': None, 'decision': 0, 'drift_rate': 0.0, 'target_domains': ['photo']}
Loss historical diff: 2.086162567138672e-07; Loss Difference: 0.0, Decision: 0
Round 40 took 0.3887920379638672s, results:
{'t': 39, 'current_accuracy': 0.890625, 'current_loss': 0.30717557668685913, 'train_loss': None, 'decision': 0, 'drift_rate': 0.0, 'target_domains': ['photo']}
Loss historical diff: 1.6391277313232422e-07; Loss Difference: 0.0, Decision: 0
Round 41 took 0.3882639408111572s, results:
{'t': 40, 'current_accuracy': 0.890625, 'current_loss': 0.30717553198337555, 'train_loss': None, 'decision': 0, 'drift_rate': 0.0, 'target_domains': ['photo']}
Loss historical diff: 2.086162567138672e-07; Loss Difference: 0.0, Decision: 0
Round 42 took 0.38938307762145996s, results:
{'t': 41, 'current_accuracy': 0.890625, 'current_loss': 0.30717557668685913, 'train_loss': None, 'decision': 0, 'drift_rate': 0.0, 'target_domains': ['photo']}
Loss historical diff: 1.9371509552001953e-07; Loss Difference: 0.0, Decision: 0
Round 43 took 0.3877718448638916s, results:
{'t': 42, 'current_accuracy': 0.890625, 'current_loss': 0.30717556178569794, 'train_loss': None, 'decision': 0, 'drift_rate': 0.0, 'target_domains': ['photo']}
Loss historical diff: 1.1920928955078125e-07; Loss Difference: 0.0, Decision: 0
Round 44 took 0.3883852958679199s, results:
{'t': 43, 'current_accuracy': 0.890625, 'current_loss': 0.30717548727989197, 'train_loss': None, 'decision': 0, 'drift_rate': 0.0, 'target_domains': ['photo']}
Loss historical diff: 2.2351741790771484e-07; Loss Difference: 0.0, Decision: 0
Round 45 took 0.38858652114868164s, results:
{'t': 44, 'current_accuracy': 0.890625, 'current_loss': 0.3071755915880203, 'train_loss': None, 'decision': 0, 'drift_rate': 0.0, 'target_domains': ['photo']}
Loss historical diff: 1.7881393432617188e-07; Loss Difference: 0.0, Decision: 0
Round 46 took 0.3883552551269531s, results:
{'t': 45, 'current_accuracy': 0.890625, 'current_loss': 0.30717554688453674, 'train_loss': None, 'decision': 0, 'drift_rate': 0.0, 'target_domains': ['photo']}
Loss historical diff: 1.7461898624897003; Loss Difference: 0.0, Decision: 1
Average loss over 5 updates: 1.6817
Round 47 took 1.3339881896972656s, results:
{'t': 46, 'current_accuracy': 0.54296875, 'current_loss': 2.0533652305603027, 'train_loss': 1.681699800491333, 'decision': 1, 'drift_rate': 0.4742502349149049, 'target_domains': ['sketch']}
Loss historical diff: 13.08663585782051; Loss Difference: 0.0, Decision: 1
Average loss over 5 updates: 1.9249
Round 48 took 1.2492282390594482s, results:
{'t': 47, 'current_accuracy': 0.08203125, 'current_loss': 13.393811225891113, 'train_loss': 1.9248784542083741, 'decision': 1, 'drift_rate': 0.4663612780799912, 'target_domains': ['sketch']}
Loss historical diff: 7.940441161394119; Loss Difference: 0.0, Decision: 1
Average loss over 5 updates: 1.3271
Round 49 took 1.259042739868164s, results:
{'t': 48, 'current_accuracy': 0.265625, 'current_loss': 8.247616529464722, 'train_loss': 1.327111554145813, 'decision': 1, 'drift_rate': 0.3198732307947311, 'target_domains': ['sketch']}
Loss historical diff: 5.159920006990433; Loss Difference: 0.0, Decision: 1
Average loss over 5 updates: 1.1019
Round 50 took 1.2524511814117432s, results:
{'t': 49, 'current_accuracy': 0.296875, 'current_loss': 5.467095375061035, 'train_loss': 1.1019297122955323, 'decision': 1, 'drift_rate': 0.40809966122078867, 'target_domains': ['sketch']}
Loss historical diff: 1.8461574614048004; Loss Difference: 0.0, Decision: 1
Average loss over 5 updates: 1.0198
Round 51 took 1.251232385635376s, results:
{'t': 50, 'current_accuracy': 0.359375, 'current_loss': 2.153332829475403, 'train_loss': 1.0198068261146545, 'decision': 1, 'drift_rate': 0.30783552866779423, 'target_domains': ['sketch']}
Loss historical diff: 1.932051807641983; Loss Difference: 0.0, Decision: 1
Average loss over 5 updates: 0.9970
Round 52 took 1.2405140399932861s, results:
{'t': 51, 'current_accuracy': 0.375, 'current_loss': 2.2392271757125854, 'train_loss': 0.9970464587211609, 'decision': 1, 'drift_rate': 0.0, 'target_domains': ['sketch']}
Loss historical diff: 1.3063105642795563; Loss Difference: 0.0, Decision: 1
Average loss over 5 updates: 0.9190
Round 53 took 1.2522408962249756s, results:
{'t': 52, 'current_accuracy': 0.421875, 'current_loss': 1.6134859323501587, 'train_loss': 0.9189871072769165, 'decision': 1, 'drift_rate': 0.0, 'target_domains': ['sketch']}
Loss historical diff: 1.2314129173755646; Loss Difference: 0.0, Decision: 1
Average loss over 5 updates: 0.8933
Round 54 took 1.2412281036376953s, results:
{'t': 53, 'current_accuracy': 0.42578125, 'current_loss': 1.538588285446167, 'train_loss': 0.893312394618988, 'decision': 1, 'drift_rate': 0.0, 'target_domains': ['sketch']}
Loss historical diff: 1.4260964095592499; Loss Difference: 0.0, Decision: 1
Average loss over 5 updates: 0.9114
Round 55 took 1.240738868713379s, results:
{'t': 54, 'current_accuracy': 0.40234375, 'current_loss': 1.7332717776298523, 'train_loss': 0.9113755941390991, 'decision': 1, 'drift_rate': 0.0, 'target_domains': ['sketch']}
Loss historical diff: 0.9801987111568451; Loss Difference: 0.0, Decision: 0
Round 56 took 0.38619089126586914s, results:
{'t': 55, 'current_accuracy': 0.4921875, 'current_loss': 1.2873740792274475, 'train_loss': None, 'decision': 0, 'drift_rate': 0.0, 'target_domains': ['sketch']}
Loss historical diff: 0.9801987707614899; Loss Difference: 0.0, Decision: 0
Round 57 took 0.3896670341491699s, results:
{'t': 56, 'current_accuracy': 0.4921875, 'current_loss': 1.2873741388320923, 'train_loss': None, 'decision': 0, 'drift_rate': 0.0, 'target_domains': ['sketch']}
Loss historical diff: 0.9801987707614899; Loss Difference: 0.0, Decision: 0
Round 58 took 0.3898041248321533s, results:
{'t': 57, 'current_accuracy': 0.4921875, 'current_loss': 1.2873741388320923, 'train_loss': None, 'decision': 0, 'drift_rate': 0.0, 'target_domains': ['sketch']}
Loss historical diff: 0.9801988303661346; Loss Difference: 0.0, Decision: 0
Round 59 took 0.3892662525177002s, results:
{'t': 58, 'current_accuracy': 0.4921875, 'current_loss': 1.287374198436737, 'train_loss': None, 'decision': 0, 'drift_rate': 0.0, 'target_domains': ['sketch']}
Loss historical diff: 0.9801987111568451; Loss Difference: 0.0, Decision: 0
Round 60 took 0.389021635055542s, results:
{'t': 59, 'current_accuracy': 0.4921875, 'current_loss': 1.2873740792274475, 'train_loss': None, 'decision': 0, 'drift_rate': 0.0, 'target_domains': ['sketch']}
Loss historical diff: 0.9801985919475555; Loss Difference: 0.0, Decision: 0
Round 61 took 0.3879554271697998s, results:
{'t': 60, 'current_accuracy': 0.4921875, 'current_loss': 1.287373960018158, 'train_loss': None, 'decision': 0, 'drift_rate': 0.0, 'target_domains': ['sketch']}
Loss historical diff: 0.9801989495754242; Loss Difference: 0.0, Decision: 0
Round 62 took 0.38834047317504883s, results:
{'t': 61, 'current_accuracy': 0.4921875, 'current_loss': 1.2873743176460266, 'train_loss': None, 'decision': 0, 'drift_rate': 0.0, 'target_domains': ['sketch']}
Loss historical diff: 0.9801989495754242; Loss Difference: 0.0, Decision: 0
Round 63 took 0.38390111923217773s, results:
{'t': 62, 'current_accuracy': 0.4921875, 'current_loss': 1.2873743176460266, 'train_loss': None, 'decision': 0, 'drift_rate': 0.0, 'target_domains': ['sketch']}
Loss historical diff: 0.9801987707614899; Loss Difference: 0.0, Decision: 0
Round 64 took 0.38676977157592773s, results:
{'t': 63, 'current_accuracy': 0.4921875, 'current_loss': 1.2873741388320923, 'train_loss': None, 'decision': 0, 'drift_rate': 0.0, 'target_domains': ['sketch']}
Loss historical diff: 0.9801985323429108; Loss Difference: 0.0, Decision: 0
Round 65 took 0.3871145248413086s, results:
{'t': 64, 'current_accuracy': 0.4921875, 'current_loss': 1.2873739004135132, 'train_loss': None, 'decision': 0, 'drift_rate': 0.0, 'target_domains': ['sketch']}
Loss historical diff: 0.9801986515522003; Loss Difference: 0.0, Decision: 0
Round 66 took 0.39328479766845703s, results:
{'t': 65, 'current_accuracy': 0.4921875, 'current_loss': 1.2873740196228027, 'train_loss': None, 'decision': 0, 'drift_rate': 0.0, 'target_domains': ['sketch']}
Loss historical diff: 0.9801986515522003; Loss Difference: 0.0, Decision: 0
Round 67 took 0.3870537281036377s, results:
{'t': 66, 'current_accuracy': 0.4921875, 'current_loss': 1.2873740196228027, 'train_loss': None, 'decision': 0, 'drift_rate': 0.0, 'target_domains': ['sketch']}
Loss historical diff: 0.9801987111568451; Loss Difference: 0.0, Decision: 1
Average loss over 5 updates: 0.8798
Round 68 took 1.2498550415039062s, results:
{'t': 67, 'current_accuracy': 0.4921875, 'current_loss': 1.2873740792274475, 'train_loss': 0.8798466920852661, 'decision': 1, 'drift_rate': 0.0, 'target_domains': ['sketch']}
Loss historical diff: 0.7995773255825043; Loss Difference: 0.0, Decision: 0
Round 69 took 0.3887810707092285s, results:
{'t': 68, 'current_accuracy': 0.57421875, 'current_loss': 1.1067526936531067, 'train_loss': None, 'decision': 0, 'drift_rate': 0.0, 'target_domains': ['sketch']}
Loss historical diff: 0.7995771169662476; Loss Difference: 0.0, Decision: 0
Round 70 took 0.3970630168914795s, results:
{'t': 69, 'current_accuracy': 0.57421875, 'current_loss': 1.10675248503685, 'train_loss': None, 'decision': 0, 'drift_rate': 0.0, 'target_domains': ['sketch']}
Loss historical diff: 0.7995774447917938; Loss Difference: 0.0, Decision: 0
Round 71 took 0.39168524742126465s, results:
{'t': 70, 'current_accuracy': 0.57421875, 'current_loss': 1.1067528128623962, 'train_loss': None, 'decision': 0, 'drift_rate': 0.0, 'target_domains': ['sketch']}
Loss historical diff: 0.7995774745941162; Loss Difference: 0.0, Decision: 0
Round 72 took 0.39134788513183594s, results:
{'t': 71, 'current_accuracy': 0.57421875, 'current_loss': 1.1067528426647186, 'train_loss': None, 'decision': 0, 'drift_rate': 0.0, 'target_domains': ['sketch']}
Loss historical diff: 0.7995776832103729; Loss Difference: 0.0, Decision: 0
Round 73 took 0.3885769844055176s, results:
{'t': 72, 'current_accuracy': 0.57421875, 'current_loss': 1.1067530512809753, 'train_loss': None, 'decision': 0, 'drift_rate': 0.0, 'target_domains': ['sketch']}
Loss historical diff: 0.799577385187149; Loss Difference: 0.0, Decision: 0
Round 74 took 0.39147520065307617s, results:
{'t': 73, 'current_accuracy': 0.57421875, 'current_loss': 1.1067527532577515, 'train_loss': None, 'decision': 0, 'drift_rate': 0.0, 'target_domains': ['sketch']}
Loss historical diff: 0.7995774149894714; Loss Difference: 0.0, Decision: 0
Round 75 took 0.3908371925354004s, results:
{'t': 74, 'current_accuracy': 0.57421875, 'current_loss': 1.1067527830600739, 'train_loss': None, 'decision': 0, 'drift_rate': 0.0, 'target_domains': ['sketch']}
Loss historical diff: 0.7995772361755371; Loss Difference: 0.0, Decision: 0
Round 76 took 0.3892092704772949s, results:
{'t': 75, 'current_accuracy': 0.57421875, 'current_loss': 1.1067526042461395, 'train_loss': None, 'decision': 0, 'drift_rate': 0.0, 'target_domains': ['sketch']}
Loss historical diff: 0.7995772659778595; Loss Difference: 0.0, Decision: 0
Round 77 took 0.3878462314605713s, results:
{'t': 76, 'current_accuracy': 0.57421875, 'current_loss': 1.106752634048462, 'train_loss': None, 'decision': 0, 'drift_rate': 0.0, 'target_domains': ['sketch']}
Loss historical diff: 0.7995776236057281; Loss Difference: 0.0, Decision: 0
Round 78 took 0.3858296871185303s, results:
{'t': 77, 'current_accuracy': 0.57421875, 'current_loss': 1.1067529916763306, 'train_loss': None, 'decision': 0, 'drift_rate': 0.0, 'target_domains': ['sketch']}
Loss historical diff: 0.799577385187149; Loss Difference: 0.0, Decision: 0
Round 79 took 0.3851439952850342s, results:
{'t': 78, 'current_accuracy': 0.57421875, 'current_loss': 1.1067527532577515, 'train_loss': None, 'decision': 0, 'drift_rate': 0.0, 'target_domains': ['sketch']}
Loss historical diff: 0.7995774447917938; Loss Difference: 0.0, Decision: 0
Round 80 took 0.38659048080444336s, results:
{'t': 79, 'current_accuracy': 0.57421875, 'current_loss': 1.1067528128623962, 'train_loss': None, 'decision': 0, 'drift_rate': 0.0, 'target_domains': ['sketch']}
Loss historical diff: 0.7995773255825043; Loss Difference: 0.0, Decision: 0
Round 81 took 0.38765454292297363s, results:
{'t': 80, 'current_accuracy': 0.57421875, 'current_loss': 1.1067526936531067, 'train_loss': None, 'decision': 0, 'drift_rate': 0.0, 'target_domains': ['sketch']}
Loss historical diff: 0.799577385187149; Loss Difference: 0.0, Decision: 0
Round 82 took 0.38753199577331543s, results:
{'t': 81, 'current_accuracy': 0.57421875, 'current_loss': 1.1067527532577515, 'train_loss': None, 'decision': 0, 'drift_rate': 0.0, 'target_domains': ['sketch']}
Loss historical diff: 0.7995774447917938; Loss Difference: 0.0, Decision: 0
Round 83 took 0.38756322860717773s, results:
{'t': 82, 'current_accuracy': 0.57421875, 'current_loss': 1.1067528128623962, 'train_loss': None, 'decision': 0, 'drift_rate': 0.0, 'target_domains': ['sketch']}
Loss historical diff: 6.393950015306473; Loss Difference: 0.0, Decision: 1
Average loss over 5 updates: 1.2232
Round 84 took 1.2660081386566162s, results:
{'t': 83, 'current_accuracy': 0.4921875, 'current_loss': 6.701125383377075, 'train_loss': 1.2232463359832764, 'decision': 1, 'drift_rate': 0.2070646294396624, 'target_domains': ['photo']}
Loss historical diff: 17.397787362337112; Loss Difference: 0.0, Decision: 1
Average loss over 5 updates: 1.2301
Round 85 took 1.2717525959014893s, results:
{'t': 84, 'current_accuracy': 0.1640625, 'current_loss': 17.704962730407715, 'train_loss': 1.230119562149048, 'decision': 1, 'drift_rate': 0.20226359024886656, 'target_domains': ['photo']}
Loss historical diff: 2.1594835817813873; Loss Difference: 0.0, Decision: 1
Average loss over 5 updates: 1.1553
Round 86 took 1.2589631080627441s, results:
{'t': 85, 'current_accuracy': 0.49609375, 'current_loss': 2.4666589498519897, 'train_loss': 1.1553112983703613, 'decision': 1, 'drift_rate': 0.306419635203782, 'target_domains': ['photo']}
Loss historical diff: 1.2602032124996185; Loss Difference: 0.0, Decision: 1
Average loss over 5 updates: 0.6729
Round 87 took 1.2602665424346924s, results:
{'t': 86, 'current_accuracy': 0.640625, 'current_loss': 1.567378580570221, 'train_loss': 0.6728815317153931, 'decision': 1, 'drift_rate': 0.21680489908241438, 'target_domains': ['photo']}
Loss historical diff: 0.7991083562374115; Loss Difference: 0.0, Decision: 0
Round 88 took 0.38958144187927246s, results:
{'t': 87, 'current_accuracy': 0.66015625, 'current_loss': 1.106283724308014, 'train_loss': None, 'decision': 0, 'drift_rate': 0.3911238346639402, 'target_domains': ['photo']}
Loss historical diff: 0.7991077601909637; Loss Difference: 0.0, Decision: 0
Round 89 took 0.38881587982177734s, results:
{'t': 88, 'current_accuracy': 0.66015625, 'current_loss': 1.1062831282615662, 'train_loss': None, 'decision': 0, 'drift_rate': 0.0, 'target_domains': ['photo']}
Loss historical diff: 0.7991076111793518; Loss Difference: 0.0, Decision: 0
Round 90 took 0.38459157943725586s, results:
{'t': 89, 'current_accuracy': 0.66015625, 'current_loss': 1.1062829792499542, 'train_loss': None, 'decision': 0, 'drift_rate': 0.0, 'target_domains': ['photo']}
Loss historical diff: 0.7991074621677399; Loss Difference: 0.0, Decision: 0
Round 91 took 0.3846108913421631s, results:
{'t': 90, 'current_accuracy': 0.66015625, 'current_loss': 1.1062828302383423, 'train_loss': None, 'decision': 0, 'drift_rate': 0.0, 'target_domains': ['photo']}
Loss historical diff: 0.7991075813770294; Loss Difference: 0.0, Decision: 0
Round 92 took 0.3848609924316406s, results:
{'t': 91, 'current_accuracy': 0.66015625, 'current_loss': 1.1062829494476318, 'train_loss': None, 'decision': 0, 'drift_rate': 0.0, 'target_domains': ['photo']}
Loss historical diff: 0.7991074621677399; Loss Difference: 0.0, Decision: 0
Round 93 took 0.3848707675933838s, results:
{'t': 92, 'current_accuracy': 0.66015625, 'current_loss': 1.1062828302383423, 'train_loss': None, 'decision': 0, 'drift_rate': 0.0, 'target_domains': ['photo']}
Loss historical diff: 0.7991075813770294; Loss Difference: 0.0, Decision: 0
Round 94 took 0.38511037826538086s, results:
{'t': 93, 'current_accuracy': 0.66015625, 'current_loss': 1.1062829494476318, 'train_loss': None, 'decision': 0, 'drift_rate': 0.0, 'target_domains': ['photo']}
Loss historical diff: 0.7991076409816742; Loss Difference: 0.0, Decision: 0
Round 95 took 0.38496875762939453s, results:
{'t': 94, 'current_accuracy': 0.66015625, 'current_loss': 1.1062830090522766, 'train_loss': None, 'decision': 0, 'drift_rate': 0.0, 'target_domains': ['photo']}
Loss historical diff: 0.7991075217723846; Loss Difference: 0.0, Decision: 0
Round 96 took 0.38450074195861816s, results:
{'t': 95, 'current_accuracy': 0.66015625, 'current_loss': 1.106282889842987, 'train_loss': None, 'decision': 0, 'drift_rate': 0.0, 'target_domains': ['photo']}
Loss historical diff: 0.7991079390048981; Loss Difference: 0.0, Decision: 0
Round 97 took 0.3848457336425781s, results:
{'t': 96, 'current_accuracy': 0.66015625, 'current_loss': 1.1062833070755005, 'train_loss': None, 'decision': 0, 'drift_rate': 0.0, 'target_domains': ['photo']}
Loss historical diff: 0.799107551574707; Loss Difference: 0.0, Decision: 0
Round 98 took 0.38559818267822266s, results:
{'t': 97, 'current_accuracy': 0.66015625, 'current_loss': 1.1062829196453094, 'train_loss': None, 'decision': 0, 'drift_rate': 0.0, 'target_domains': ['photo']}
Loss historical diff: 0.799107700586319; Loss Difference: 0.0, Decision: 0
Round 99 took 0.38529515266418457s, results:
{'t': 98, 'current_accuracy': 0.66015625, 'current_loss': 1.1062830686569214, 'train_loss': None, 'decision': 0, 'drift_rate': 0.0, 'target_domains': ['photo']}
Loss historical diff: 0.799108237028122; Loss Difference: 0.0, Decision: 0
Round 100 took 0.3845360279083252s, results:
{'t': 99, 'current_accuracy': 0.66015625, 'current_loss': 1.1062836050987244, 'train_loss': None, 'decision': 0, 'drift_rate': 0.0, 'target_domains': ['photo']}
Loss historical diff: 0.7991074621677399; Loss Difference: 0.0, Decision: 0
Round 101 took 0.38544130325317383s, results:
{'t': 100, 'current_accuracy': 0.66015625, 'current_loss': 1.1062828302383423, 'train_loss': None, 'decision': 0, 'drift_rate': 0.0, 'target_domains': ['photo']}
Loss historical diff: 0.7991075813770294; Loss Difference: 0.0, Decision: 0
Round 102 took 0.38559961318969727s, results:
{'t': 101, 'current_accuracy': 0.66015625, 'current_loss': 1.1062829494476318, 'train_loss': None, 'decision': 0, 'drift_rate': 0.0, 'target_domains': ['photo']}
Loss historical diff: 0.7991075813770294; Loss Difference: 0.0, Decision: 0
Round 103 took 0.38527441024780273s, results:
{'t': 102, 'current_accuracy': 0.66015625, 'current_loss': 1.1062829494476318, 'train_loss': None, 'decision': 0, 'drift_rate': 0.0, 'target_domains': ['photo']}
Loss historical diff: 0.7991074621677399; Loss Difference: 0.0, Decision: 0
Round 104 took 0.3849015235900879s, results:
{'t': 103, 'current_accuracy': 0.66015625, 'current_loss': 1.1062828302383423, 'train_loss': None, 'decision': 0, 'drift_rate': 0.0, 'target_domains': ['photo']}
Loss historical diff: 0.7991075217723846; Loss Difference: 0.0, Decision: 0
Round 105 took 0.38362979888916016s, results:
{'t': 104, 'current_accuracy': 0.66015625, 'current_loss': 1.106282889842987, 'train_loss': None, 'decision': 0, 'drift_rate': 0.0, 'target_domains': ['photo']}
Loss historical diff: 0.7991074919700623; Loss Difference: 0.0, Decision: 0
Round 106 took 0.38489270210266113s, results:
{'t': 105, 'current_accuracy': 0.66015625, 'current_loss': 1.1062828600406647, 'train_loss': None, 'decision': 0, 'drift_rate': 0.0, 'target_domains': ['photo']}
Loss historical diff: 0.7991075217723846; Loss Difference: 0.0, Decision: 0
Round 107 took 0.38468050956726074s, results:
{'t': 106, 'current_accuracy': 0.66015625, 'current_loss': 1.106282889842987, 'train_loss': None, 'decision': 0, 'drift_rate': 0.0, 'target_domains': ['photo']}
Loss historical diff: 0.7991073131561279; Loss Difference: 0.0, Decision: 0
Round 108 took 0.38490915298461914s, results:
{'t': 107, 'current_accuracy': 0.66015625, 'current_loss': 1.1062826812267303, 'train_loss': None, 'decision': 0, 'drift_rate': 0.0, 'target_domains': ['photo']}
Loss historical diff: 0.7991075813770294; Loss Difference: 0.0, Decision: 0
Round 109 took 0.3849220275878906s, results:
{'t': 108, 'current_accuracy': 0.66015625, 'current_loss': 1.1062829494476318, 'train_loss': None, 'decision': 0, 'drift_rate': 0.0, 'target_domains': ['photo']}
Loss historical diff: 0.7991075217723846; Loss Difference: 0.0, Decision: 0
Round 110 took 0.3860924243927002s, results:
{'t': 109, 'current_accuracy': 0.66015625, 'current_loss': 1.106282889842987, 'train_loss': None, 'decision': 0, 'drift_rate': 0.0, 'target_domains': ['photo']}
Loss historical diff: 0.7991078794002533; Loss Difference: 0.0, Decision: 0
Round 111 took 0.38492751121520996s, results:
{'t': 110, 'current_accuracy': 0.66015625, 'current_loss': 1.1062832474708557, 'train_loss': None, 'decision': 0, 'drift_rate': 0.0, 'target_domains': ['photo']}
Loss historical diff: 0.7991074621677399; Loss Difference: 0.0, Decision: 0
Round 112 took 0.38940906524658203s, results:
{'t': 111, 'current_accuracy': 0.66015625, 'current_loss': 1.1062828302383423, 'train_loss': None, 'decision': 0, 'drift_rate': 0.0, 'target_domains': ['photo']}
Loss historical diff: 0.7991073429584503; Loss Difference: 0.0, Decision: 0
Round 113 took 0.3848104476928711s, results:
{'t': 112, 'current_accuracy': 0.66015625, 'current_loss': 1.1062827110290527, 'train_loss': None, 'decision': 0, 'drift_rate': 0.0, 'target_domains': ['photo']}
Loss historical diff: 0.7991075813770294; Loss Difference: 0.0, Decision: 0
Round 114 took 0.3855922222137451s, results:
{'t': 113, 'current_accuracy': 0.66015625, 'current_loss': 1.1062829494476318, 'train_loss': None, 'decision': 0, 'drift_rate': 0.0, 'target_domains': ['photo']}
Loss historical diff: 2.1097685396671295; Loss Difference: 0.0, Decision: 1
Average loss over 5 updates: 1.3931
Round 115 took 1.2705578804016113s, results:
{'t': 114, 'current_accuracy': 0.46484375, 'current_loss': 2.416943907737732, 'train_loss': 1.3930734872817994, 'decision': 1, 'drift_rate': 0.4192716325896989, 'target_domains': ['cartoon']}
Loss historical diff: 2.3435483276844025; Loss Difference: 0.0, Decision: 1
Average loss over 5 updates: 1.3613
Round 116 took 1.267134428024292s, results:
{'t': 115, 'current_accuracy': 0.25, 'current_loss': 2.650723695755005, 'train_loss': 1.3613315105438233, 'decision': 1, 'drift_rate': 0.4650170581420802, 'target_domains': ['cartoon']}
Loss historical diff: 1.5911005437374115; Loss Difference: 0.0, Decision: 1
Average loss over 5 updates: 1.0050
Round 117 took 1.2579357624053955s, results:
{'t': 116, 'current_accuracy': 0.42578125, 'current_loss': 1.898275911808014, 'train_loss': 1.004994523525238, 'decision': 1, 'drift_rate': 0.2713378420219246, 'target_domains': ['cartoon']}
Loss historical diff: 1.1016958057880402; Loss Difference: 0.0, Decision: 0
Round 118 took 0.38629841804504395s, results:
{'t': 117, 'current_accuracy': 0.51171875, 'current_loss': 1.4088711738586426, 'train_loss': None, 'decision': 0, 'drift_rate': 0.3946522891848241, 'target_domains': ['cartoon']}
Loss historical diff: 1.1016959846019745; Loss Difference: 0.0, Decision: 0
Round 119 took 0.3858611583709717s, results:
{'t': 118, 'current_accuracy': 0.51171875, 'current_loss': 1.408871352672577, 'train_loss': None, 'decision': 0, 'drift_rate': 0.27314849178892114, 'target_domains': ['cartoon']}
Loss historical diff: 1.1016962230205536; Loss Difference: 0.0, Decision: 0
Round 120 took 0.38777875900268555s, results:
{'t': 119, 'current_accuracy': 0.51171875, 'current_loss': 1.408871591091156, 'train_loss': None, 'decision': 0, 'drift_rate': 0.3813382983549633, 'target_domains': ['cartoon']}
Loss historical diff: 1.1016962230205536; Loss Difference: 0.0, Decision: 0
Round 121 took 0.39091014862060547s, results:
{'t': 120, 'current_accuracy': 0.51171875, 'current_loss': 1.408871591091156, 'train_loss': None, 'decision': 0, 'drift_rate': 0.4158559050667303, 'target_domains': ['cartoon']}
Loss historical diff: 1.101696103811264; Loss Difference: 0.0, Decision: 0
Round 122 took 0.38566040992736816s, results:
{'t': 121, 'current_accuracy': 0.51171875, 'current_loss': 1.4088714718818665, 'train_loss': None, 'decision': 0, 'drift_rate': 0.0, 'target_domains': ['cartoon']}
Loss historical diff: 1.1016961634159088; Loss Difference: 0.0, Decision: 0
Round 123 took 0.38353991508483887s, results:
{'t': 122, 'current_accuracy': 0.51171875, 'current_loss': 1.4088715314865112, 'train_loss': None, 'decision': 0, 'drift_rate': 0.0, 'target_domains': ['cartoon']}
Loss historical diff: 1.101696103811264; Loss Difference: 0.0, Decision: 0
Round 124 took 0.3833746910095215s, results:
{'t': 123, 'current_accuracy': 0.51171875, 'current_loss': 1.4088714718818665, 'train_loss': None, 'decision': 0, 'drift_rate': 0.0, 'target_domains': ['cartoon']}
Loss historical diff: 1.101696103811264; Loss Difference: 0.0, Decision: 0
Round 125 took 0.3832225799560547s, results:
{'t': 124, 'current_accuracy': 0.51171875, 'current_loss': 1.4088714718818665, 'train_loss': None, 'decision': 0, 'drift_rate': 0.0, 'target_domains': ['cartoon']}
Loss historical diff: 1.1016959846019745; Loss Difference: 0.0, Decision: 0
Round 126 took 0.3829066753387451s, results:
{'t': 125, 'current_accuracy': 0.51171875, 'current_loss': 1.408871352672577, 'train_loss': None, 'decision': 0, 'drift_rate': 0.0, 'target_domains': ['cartoon']}
Loss historical diff: 1.1016960442066193; Loss Difference: 0.0, Decision: 0
Round 127 took 0.38345766067504883s, results:
{'t': 126, 'current_accuracy': 0.51171875, 'current_loss': 1.4088714122772217, 'train_loss': None, 'decision': 0, 'drift_rate': 0.0, 'target_domains': ['cartoon']}
Loss historical diff: 1.101695865392685; Loss Difference: 0.0, Decision: 0
Round 128 took 0.3838772773742676s, results:
{'t': 127, 'current_accuracy': 0.51171875, 'current_loss': 1.4088712334632874, 'train_loss': None, 'decision': 0, 'drift_rate': 0.0, 'target_domains': ['cartoon']}
Loss historical diff: 1.1016960442066193; Loss Difference: 0.0, Decision: 0
Round 129 took 0.387362003326416s, results:
{'t': 128, 'current_accuracy': 0.51171875, 'current_loss': 1.4088714122772217, 'train_loss': None, 'decision': 0, 'drift_rate': 0.0, 'target_domains': ['cartoon']}
Loss historical diff: 1.101696103811264; Loss Difference: 0.0, Decision: 0
Round 130 took 0.38588595390319824s, results:
{'t': 129, 'current_accuracy': 0.51171875, 'current_loss': 1.4088714718818665, 'train_loss': None, 'decision': 0, 'drift_rate': 0.0, 'target_domains': ['cartoon']}
Loss historical diff: 1.101696103811264; Loss Difference: 0.0, Decision: 0
Round 131 took 0.3833434581756592s, results:
{'t': 130, 'current_accuracy': 0.51171875, 'current_loss': 1.4088714718818665, 'train_loss': None, 'decision': 0, 'drift_rate': 0.0, 'target_domains': ['cartoon']}
Loss historical diff: 1.1016962230205536; Loss Difference: 0.0, Decision: 0
Round 132 took 0.38288283348083496s, results:
{'t': 131, 'current_accuracy': 0.51171875, 'current_loss': 1.408871591091156, 'train_loss': None, 'decision': 0, 'drift_rate': 0.0, 'target_domains': ['cartoon']}
Loss historical diff: 1.1016960442066193; Loss Difference: 0.0, Decision: 0
Round 133 took 0.3835892677307129s, results:
{'t': 132, 'current_accuracy': 0.51171875, 'current_loss': 1.4088714122772217, 'train_loss': None, 'decision': 0, 'drift_rate': 0.0, 'target_domains': ['cartoon']}
Loss historical diff: 1.1016961634159088; Loss Difference: 0.0, Decision: 0
Round 134 took 0.38590216636657715s, results:
{'t': 133, 'current_accuracy': 0.51171875, 'current_loss': 1.4088715314865112, 'train_loss': None, 'decision': 0, 'drift_rate': 0.0, 'target_domains': ['cartoon']}
Loss historical diff: 1.1016962230205536; Loss Difference: 0.0, Decision: 0
Round 135 took 0.3836066722869873s, results:
{'t': 134, 'current_accuracy': 0.51171875, 'current_loss': 1.408871591091156, 'train_loss': None, 'decision': 0, 'drift_rate': 0.0, 'target_domains': ['cartoon']}
Loss historical diff: 1.1016959846019745; Loss Difference: 0.0, Decision: 0
Round 136 took 0.3855886459350586s, results:
{'t': 135, 'current_accuracy': 0.51171875, 'current_loss': 1.408871352672577, 'train_loss': None, 'decision': 0, 'drift_rate': 0.0, 'target_domains': ['cartoon']}
Loss historical diff: 1.1016959846019745; Loss Difference: 0.0, Decision: 0
Round 137 took 0.38727521896362305s, results:
{'t': 136, 'current_accuracy': 0.51171875, 'current_loss': 1.408871352672577, 'train_loss': None, 'decision': 0, 'drift_rate': 0.0, 'target_domains': ['cartoon']}
Loss historical diff: 1.1016962826251984; Loss Difference: 0.0, Decision: 0
Round 138 took 0.3859584331512451s, results:
{'t': 137, 'current_accuracy': 0.51171875, 'current_loss': 1.4088716506958008, 'train_loss': None, 'decision': 0, 'drift_rate': 0.0, 'target_domains': ['cartoon']}
Loss historical diff: 1.1016962230205536; Loss Difference: 0.0, Decision: 1
Average loss over 5 updates: 0.9651
Round 139 took 1.2487614154815674s, results:
{'t': 138, 'current_accuracy': 0.51171875, 'current_loss': 1.408871591091156, 'train_loss': 0.9650506019592285, 'decision': 1, 'drift_rate': 0.0, 'target_domains': ['cartoon']}
Loss historical diff: 1.048896461725235; Loss Difference: 0.0, Decision: 0
Round 140 took 0.3856964111328125s, results:
{'t': 139, 'current_accuracy': 0.53515625, 'current_loss': 1.3560718297958374, 'train_loss': None, 'decision': 0, 'drift_rate': 0.0, 'target_domains': ['cartoon']}
Loss historical diff: 1.0488965213298798; Loss Difference: 0.0, Decision: 0
Round 141 took 0.3851187229156494s, results:
{'t': 140, 'current_accuracy': 0.53515625, 'current_loss': 1.3560718894004822, 'train_loss': None, 'decision': 0, 'drift_rate': 0.0, 'target_domains': ['cartoon']}
Loss historical diff: 1.048896461725235; Loss Difference: 0.0, Decision: 0
Round 142 took 0.39050936698913574s, results:
{'t': 141, 'current_accuracy': 0.53515625, 'current_loss': 1.3560718297958374, 'train_loss': None, 'decision': 0, 'drift_rate': 0.0, 'target_domains': ['cartoon']}
Loss historical diff: 1.0488965213298798; Loss Difference: 0.0, Decision: 0
Round 143 took 0.38371872901916504s, results:
{'t': 142, 'current_accuracy': 0.53515625, 'current_loss': 1.3560718894004822, 'train_loss': None, 'decision': 0, 'drift_rate': 0.0, 'target_domains': ['cartoon']}
Loss historical diff: 1.0488964021205902; Loss Difference: 0.0, Decision: 0
Round 144 took 0.3814888000488281s, results:
{'t': 143, 'current_accuracy': 0.53515625, 'current_loss': 1.3560717701911926, 'train_loss': None, 'decision': 0, 'drift_rate': 0.0, 'target_domains': ['cartoon']}
Loss historical diff: 1.048896461725235; Loss Difference: 0.0, Decision: 0
Round 145 took 0.38283514976501465s, results:
{'t': 144, 'current_accuracy': 0.53515625, 'current_loss': 1.3560718297958374, 'train_loss': None, 'decision': 0, 'drift_rate': 0.0, 'target_domains': ['cartoon']}
Loss historical diff: 1.048896461725235; Loss Difference: 0.0, Decision: 0
Round 146 took 0.3829069137573242s, results:
{'t': 145, 'current_accuracy': 0.53515625, 'current_loss': 1.3560718297958374, 'train_loss': None, 'decision': 0, 'drift_rate': 0.0, 'target_domains': ['cartoon']}
Loss historical diff: 1.0488965213298798; Loss Difference: 0.0, Decision: 0
Round 147 took 0.382138729095459s, results:
{'t': 146, 'current_accuracy': 0.53515625, 'current_loss': 1.3560718894004822, 'train_loss': None, 'decision': 0, 'drift_rate': 0.0, 'target_domains': ['cartoon']}
Loss historical diff: 1.0488965213298798; Loss Difference: 0.0, Decision: 0
Round 148 took 0.3814506530761719s, results:
{'t': 147, 'current_accuracy': 0.53515625, 'current_loss': 1.3560718894004822, 'train_loss': None, 'decision': 0, 'drift_rate': 0.0, 'target_domains': ['cartoon']}
Loss historical diff: 1.0488963425159454; Loss Difference: 0.0, Decision: 0
Round 149 took 0.38503313064575195s, results:
{'t': 148, 'current_accuracy': 0.53515625, 'current_loss': 1.3560717105865479, 'train_loss': None, 'decision': 0, 'drift_rate': 0.0, 'target_domains': ['cartoon']}
Loss historical diff: 1.0488962233066559; Loss Difference: 0.0, Decision: 0
Round 150 took 0.3865633010864258s, results:
{'t': 149, 'current_accuracy': 0.53515625, 'current_loss': 1.3560715913772583, 'train_loss': None, 'decision': 0, 'drift_rate': 0.0, 'target_domains': ['cartoon']}
Loss historical diff: 1.2720617353916168; Loss Difference: 0.0, Decision: 1
Average loss over 5 updates: 1.0459
Round 151 took 1.2635407447814941s, results:
{'t': 150, 'current_accuracy': 0.4765625, 'current_loss': 1.5792371034622192, 'train_loss': 1.0459417581558228, 'decision': 1, 'drift_rate': 0.2864135567895472, 'target_domains': ['sketch']}
Loss historical diff: 0.8977174460887909; Loss Difference: 0.0, Decision: 0
Round 152 took 0.3897666931152344s, results:
{'t': 151, 'current_accuracy': 0.578125, 'current_loss': 1.2048928141593933, 'train_loss': None, 'decision': 0, 'drift_rate': 0.3470816322747582, 'target_domains': ['sketch']}
Loss historical diff: 1.027935951948166; Loss Difference: 0.0, Decision: 0
Round 153 took 0.38832783699035645s, results:
{'t': 152, 'current_accuracy': 0.53125, 'current_loss': 1.3351113200187683, 'train_loss': None, 'decision': 0, 'drift_rate': 0.4021548017708363, 'target_domains': ['sketch']}
Loss historical diff: 1.027935951948166; Loss Difference: 0.0, Decision: 0
Round 154 took 0.38438987731933594s, results:
{'t': 153, 'current_accuracy': 0.53125, 'current_loss': 1.3351113200187683, 'train_loss': None, 'decision': 0, 'drift_rate': 0.3804769954216337, 'target_domains': ['sketch']}
Loss historical diff: 1.027935951948166; Loss Difference: 0.0, Decision: 0
Round 155 took 0.3850440979003906s, results:
{'t': 154, 'current_accuracy': 0.53125, 'current_loss': 1.3351113200187683, 'train_loss': None, 'decision': 0, 'drift_rate': 0.0, 'target_domains': ['sketch']}
Loss historical diff: 1.0279358923435211; Loss Difference: 0.0, Decision: 0
Round 156 took 0.38829541206359863s, results:
{'t': 155, 'current_accuracy': 0.53125, 'current_loss': 1.3351112604141235, 'train_loss': None, 'decision': 0, 'drift_rate': 0.0, 'target_domains': ['sketch']}
Loss historical diff: 1.0279357135295868; Loss Difference: 0.0, Decision: 0
Round 157 took 0.3850367069244385s, results:
{'t': 156, 'current_accuracy': 0.53125, 'current_loss': 1.3351110816001892, 'train_loss': None, 'decision': 0, 'drift_rate': 0.0, 'target_domains': ['sketch']}
Loss historical diff: 1.0279357731342316; Loss Difference: 0.0, Decision: 0
Round 158 took 0.3841888904571533s, results:
{'t': 157, 'current_accuracy': 0.53125, 'current_loss': 1.335111141204834, 'train_loss': None, 'decision': 0, 'drift_rate': 0.0, 'target_domains': ['sketch']}
Loss historical diff: 1.0279357731342316; Loss Difference: 0.0, Decision: 0
Round 159 took 0.3844783306121826s, results:
{'t': 158, 'current_accuracy': 0.53125, 'current_loss': 1.335111141204834, 'train_loss': None, 'decision': 0, 'drift_rate': 0.0, 'target_domains': ['sketch']}
Loss historical diff: 1.027935951948166; Loss Difference: 0.0, Decision: 0
Round 160 took 0.38605666160583496s, results:
{'t': 159, 'current_accuracy': 0.53125, 'current_loss': 1.3351113200187683, 'train_loss': None, 'decision': 0, 'drift_rate': 0.0, 'target_domains': ['sketch']}
Loss historical diff: 1.027935951948166; Loss Difference: 0.0, Decision: 0
Round 161 took 0.38504743576049805s, results:
{'t': 160, 'current_accuracy': 0.53125, 'current_loss': 1.3351113200187683, 'train_loss': None, 'decision': 0, 'drift_rate': 0.0, 'target_domains': ['sketch']}
Loss historical diff: 1.0279358923435211; Loss Difference: 0.0, Decision: 0
Round 162 took 0.38635849952697754s, results:
{'t': 161, 'current_accuracy': 0.53125, 'current_loss': 1.3351112604141235, 'train_loss': None, 'decision': 0, 'drift_rate': 0.0, 'target_domains': ['sketch']}
Loss historical diff: 1.0279357731342316; Loss Difference: 0.0, Decision: 0
Round 163 took 0.38704824447631836s, results:
{'t': 162, 'current_accuracy': 0.53125, 'current_loss': 1.335111141204834, 'train_loss': None, 'decision': 0, 'drift_rate': 0.0, 'target_domains': ['sketch']}
Loss historical diff: 1.0279358923435211; Loss Difference: 0.0, Decision: 1
Average loss over 5 updates: 1.1015
Round 164 took 1.2696576118469238s, results:
{'t': 163, 'current_accuracy': 0.53125, 'current_loss': 1.3351112604141235, 'train_loss': 1.101473045349121, 'decision': 1, 'drift_rate': 0.0, 'target_domains': ['sketch']}
Loss historical diff: 2.1054175198078156; Loss Difference: 0.0, Decision: 1
Average loss over 5 updates: 1.2740
Round 165 took 1.2608048915863037s, results:
{'t': 164, 'current_accuracy': 0.31640625, 'current_loss': 2.412592887878418, 'train_loss': 1.2740397930145264, 'decision': 1, 'drift_rate': 0.240346410300785, 'target_domains': ['photo']}
Loss historical diff: 1.1851039230823517; Loss Difference: 0.0, Decision: 0
Round 166 took 0.39562296867370605s, results:
{'t': 165, 'current_accuracy': 0.48828125, 'current_loss': 1.492279291152954, 'train_loss': None, 'decision': 0, 'drift_rate': 0.2153548386248311, 'target_domains': ['photo']}
Loss historical diff: 1.1303768455982208; Loss Difference: 0.0, Decision: 0
Round 167 took 0.4004969596862793s, results:
{'t': 166, 'current_accuracy': 0.47265625, 'current_loss': 1.4375522136688232, 'train_loss': None, 'decision': 0, 'drift_rate': 0.4411521529631419, 'target_domains': ['photo']}
Loss historical diff: 1.0869813859462738; Loss Difference: 0.0, Decision: 0
Round 168 took 0.38914966583251953s, results:
{'t': 167, 'current_accuracy': 0.47265625, 'current_loss': 1.3941567540168762, 'train_loss': None, 'decision': 0, 'drift_rate': 0.20217526022170068, 'target_domains': ['photo']}
Loss historical diff: 1.0869812071323395; Loss Difference: 0.0, Decision: 0
Round 169 took 0.3880348205566406s, results:
{'t': 168, 'current_accuracy': 0.47265625, 'current_loss': 1.394156575202942, 'train_loss': None, 'decision': 0, 'drift_rate': 0.418372703686012, 'target_domains': ['photo']}
Loss historical diff: 1.0869811475276947; Loss Difference: 0.0, Decision: 0
Round 170 took 0.3908116817474365s, results:
{'t': 169, 'current_accuracy': 0.47265625, 'current_loss': 1.3941565155982971, 'train_loss': None, 'decision': 0, 'drift_rate': 0.262733528089113, 'target_domains': ['photo']}
Loss historical diff: 1.0869811475276947; Loss Difference: 0.0, Decision: 0
Round 171 took 0.3912780284881592s, results:
{'t': 170, 'current_accuracy': 0.47265625, 'current_loss': 1.3941565155982971, 'train_loss': None, 'decision': 0, 'drift_rate': 0.41147740813101485, 'target_domains': ['photo']}
Loss historical diff: 1.08698108792305; Loss Difference: 0.0, Decision: 0
Round 172 took 0.38851404190063477s, results:
{'t': 171, 'current_accuracy': 0.47265625, 'current_loss': 1.3941564559936523, 'train_loss': None, 'decision': 0, 'drift_rate': 0.0, 'target_domains': ['photo']}
Loss historical diff: 1.0869811475276947; Loss Difference: 0.0, Decision: 0
Round 173 took 0.38805317878723145s, results:
{'t': 172, 'current_accuracy': 0.47265625, 'current_loss': 1.3941565155982971, 'train_loss': None, 'decision': 0, 'drift_rate': 0.2457921124536543, 'target_domains': ['photo']}
Loss historical diff: 1.0869811475276947; Loss Difference: 0.0, Decision: 0
Round 174 took 0.3873722553253174s, results:
{'t': 173, 'current_accuracy': 0.47265625, 'current_loss': 1.3941565155982971, 'train_loss': None, 'decision': 0, 'drift_rate': 0.46575265700134444, 'target_domains': ['photo']}
Loss historical diff: 1.0869812667369843; Loss Difference: 0.0, Decision: 0
Round 175 took 0.40479445457458496s, results:
{'t': 174, 'current_accuracy': 0.47265625, 'current_loss': 1.3941566348075867, 'train_loss': None, 'decision': 0, 'drift_rate': 0.0, 'target_domains': ['photo']}
Loss historical diff: 1.0869812071323395; Loss Difference: 0.0, Decision: 0
Round 176 took 0.38747406005859375s, results:
{'t': 175, 'current_accuracy': 0.47265625, 'current_loss': 1.394156575202942, 'train_loss': None, 'decision': 0, 'drift_rate': 0.0, 'target_domains': ['photo']}
Loss historical diff: 1.0869811475276947; Loss Difference: 0.0, Decision: 0
Round 177 took 0.38759517669677734s, results:
{'t': 176, 'current_accuracy': 0.47265625, 'current_loss': 1.3941565155982971, 'train_loss': None, 'decision': 0, 'drift_rate': 0.0, 'target_domains': ['photo']}
Loss historical diff: 1.0869814455509186; Loss Difference: 0.0, Decision: 0
Round 178 took 0.38605523109436035s, results:
{'t': 177, 'current_accuracy': 0.47265625, 'current_loss': 1.394156813621521, 'train_loss': None, 'decision': 0, 'drift_rate': 0.0, 'target_domains': ['photo']}
Loss historical diff: 1.08698108792305; Loss Difference: 0.0, Decision: 0
Round 179 took 0.3879573345184326s, results:
{'t': 178, 'current_accuracy': 0.47265625, 'current_loss': 1.3941564559936523, 'train_loss': None, 'decision': 0, 'drift_rate': 0.0, 'target_domains': ['photo']}
Loss historical diff: 1.0869812071323395; Loss Difference: 0.0, Decision: 1
Average loss over 5 updates: 0.6147
Round 180 took 1.2669382095336914s, results:
{'t': 179, 'current_accuracy': 0.47265625, 'current_loss': 1.394156575202942, 'train_loss': 0.6146500706672668, 'decision': 1, 'drift_rate': 0.0, 'target_domains': ['photo']}
Loss historical diff: 0.6005467772483826; Loss Difference: 0.0, Decision: 0
Round 181 took 0.3947775363922119s, results:
{'t': 180, 'current_accuracy': 0.66015625, 'current_loss': 0.907722145318985, 'train_loss': None, 'decision': 0, 'drift_rate': 0.0, 'target_domains': ['photo']}
Loss historical diff: 0.6005469262599945; Loss Difference: 0.0, Decision: 0
Round 182 took 0.3893618583679199s, results:
{'t': 181, 'current_accuracy': 0.66015625, 'current_loss': 0.9077222943305969, 'train_loss': None, 'decision': 0, 'drift_rate': 0.0, 'target_domains': ['photo']}
Loss historical diff: 0.6005467474460602; Loss Difference: 0.0, Decision: 0
Round 183 took 0.3875303268432617s, results:
{'t': 182, 'current_accuracy': 0.66015625, 'current_loss': 0.9077221155166626, 'train_loss': None, 'decision': 0, 'drift_rate': 0.0, 'target_domains': ['photo']}
Loss historical diff: 0.6005470454692841; Loss Difference: 0.0, Decision: 0
Round 184 took 0.3925516605377197s, results:
{'t': 183, 'current_accuracy': 0.66015625, 'current_loss': 0.9077224135398865, 'train_loss': None, 'decision': 0, 'drift_rate': 0.0, 'target_domains': ['photo']}
Loss historical diff: 0.6005468368530273; Loss Difference: 0.0, Decision: 0
Round 185 took 0.3907160758972168s, results:
{'t': 184, 'current_accuracy': 0.66015625, 'current_loss': 0.9077222049236298, 'train_loss': None, 'decision': 0, 'drift_rate': 0.0, 'target_domains': ['photo']}
Loss historical diff: 0.6005467772483826; Loss Difference: 0.0, Decision: 0
Round 186 took 0.3909575939178467s, results:
{'t': 185, 'current_accuracy': 0.66015625, 'current_loss': 0.907722145318985, 'train_loss': None, 'decision': 0, 'drift_rate': 0.0, 'target_domains': ['photo']}
Loss historical diff: 0.6005469262599945; Loss Difference: 0.0, Decision: 0
Round 187 took 0.38901329040527344s, results:
{'t': 186, 'current_accuracy': 0.66015625, 'current_loss': 0.9077222943305969, 'train_loss': None, 'decision': 0, 'drift_rate': 0.0, 'target_domains': ['photo']}
Loss historical diff: 0.600546807050705; Loss Difference: 0.0, Decision: 0
Round 188 took 0.38964247703552246s, results:
{'t': 187, 'current_accuracy': 0.66015625, 'current_loss': 0.9077221751213074, 'train_loss': None, 'decision': 0, 'drift_rate': 0.0, 'target_domains': ['photo']}
Loss historical diff: 0.6005468368530273; Loss Difference: 0.0, Decision: 0
Round 189 took 0.3903212547302246s, results:
{'t': 188, 'current_accuracy': 0.66015625, 'current_loss': 0.9077222049236298, 'train_loss': None, 'decision': 0, 'drift_rate': 0.0, 'target_domains': ['photo']}
Loss historical diff: 0.6005470156669617; Loss Difference: 0.0, Decision: 0
Round 190 took 0.39211416244506836s, results:
{'t': 189, 'current_accuracy': 0.66015625, 'current_loss': 0.9077223837375641, 'train_loss': None, 'decision': 0, 'drift_rate': 0.0, 'target_domains': ['photo']}
Loss historical diff: 0.6005469262599945; Loss Difference: 0.0, Decision: 0
Round 191 took 0.38883233070373535s, results:
{'t': 190, 'current_accuracy': 0.66015625, 'current_loss': 0.9077222943305969, 'train_loss': None, 'decision': 0, 'drift_rate': 0.0, 'target_domains': ['photo']}
Loss historical diff: 0.6005468964576721; Loss Difference: 0.0, Decision: 0
Round 192 took 0.3927638530731201s, results:
{'t': 191, 'current_accuracy': 0.66015625, 'current_loss': 0.9077222645282745, 'train_loss': None, 'decision': 0, 'drift_rate': 0.0, 'target_domains': ['photo']}
Loss historical diff: 0.6005468368530273; Loss Difference: 0.0, Decision: 0
Round 193 took 0.39233899116516113s, results:
{'t': 192, 'current_accuracy': 0.66015625, 'current_loss': 0.9077222049236298, 'train_loss': None, 'decision': 0, 'drift_rate': 0.0, 'target_domains': ['photo']}
Loss historical diff: 0.6005469262599945; Loss Difference: 0.0, Decision: 0
Round 194 took 0.3917701244354248s, results:
{'t': 193, 'current_accuracy': 0.66015625, 'current_loss': 0.9077222943305969, 'train_loss': None, 'decision': 0, 'drift_rate': 0.0, 'target_domains': ['photo']}
Loss historical diff: 0.6005470156669617; Loss Difference: 0.0, Decision: 0
Round 195 took 0.39029836654663086s, results:
{'t': 194, 'current_accuracy': 0.66015625, 'current_loss': 0.9077223837375641, 'train_loss': None, 'decision': 0, 'drift_rate': 0.0, 'target_domains': ['photo']}
Loss historical diff: 0.6005468368530273; Loss Difference: 0.0, Decision: 0
Round 196 took 0.393024206161499s, results:
{'t': 195, 'current_accuracy': 0.66015625, 'current_loss': 0.9077222049236298, 'train_loss': None, 'decision': 0, 'drift_rate': 0.0, 'target_domains': ['photo']}
Loss historical diff: 0.6005466878414154; Loss Difference: 0.0, Decision: 0
Round 197 took 0.39150094985961914s, results:
{'t': 196, 'current_accuracy': 0.66015625, 'current_loss': 0.9077220559120178, 'train_loss': None, 'decision': 0, 'drift_rate': 0.0, 'target_domains': ['photo']}
Loss historical diff: 0.6005468964576721; Loss Difference: 0.0, Decision: 0
Round 198 took 0.3913552761077881s, results:
{'t': 197, 'current_accuracy': 0.66015625, 'current_loss': 0.9077222645282745, 'train_loss': None, 'decision': 0, 'drift_rate': 0.0, 'target_domains': ['photo']}
Loss historical diff: 0.6005471050739288; Loss Difference: 0.0, Decision: 0
Round 199 took 0.38922595977783203s, results:
{'t': 198, 'current_accuracy': 0.66015625, 'current_loss': 0.9077224731445312, 'train_loss': None, 'decision': 0, 'drift_rate': 0.0, 'target_domains': ['photo']}
Loss historical diff: 0.6005468666553497; Loss Difference: 0.0, Decision: 0
Round 200 took 0.39165186882019043s, results:
{'t': 199, 'current_accuracy': 0.66015625, 'current_loss': 0.9077222347259521, 'train_loss': None, 'decision': 0, 'drift_rate': 0.0, 'target_domains': ['photo']}
Loss historical diff: 0.600546807050705; Loss Difference: 0.0, Decision: 0
Round 201 took 0.3903169631958008s, results:
{'t': 200, 'current_accuracy': 0.66015625, 'current_loss': 0.9077221751213074, 'train_loss': None, 'decision': 0, 'drift_rate': 0.0, 'target_domains': ['photo']}
Loss historical diff: 0.600547194480896; Loss Difference: 0.0, Decision: 0
Round 202 took 0.3905022144317627s, results:
{'t': 201, 'current_accuracy': 0.66015625, 'current_loss': 0.9077225625514984, 'train_loss': None, 'decision': 0, 'drift_rate': 0.0, 'target_domains': ['photo']}
Loss historical diff: 0.6005468666553497; Loss Difference: 0.0, Decision: 0
Round 203 took 0.3926997184753418s, results:
{'t': 202, 'current_accuracy': 0.66015625, 'current_loss': 0.9077222347259521, 'train_loss': None, 'decision': 0, 'drift_rate': 0.0, 'target_domains': ['photo']}
Loss historical diff: 0.6005468368530273; Loss Difference: 0.0, Decision: 0
Round 204 took 0.39333343505859375s, results:
{'t': 203, 'current_accuracy': 0.66015625, 'current_loss': 0.9077222049236298, 'train_loss': None, 'decision': 0, 'drift_rate': 0.0, 'target_domains': ['photo']}
Loss historical diff: 0.6005466878414154; Loss Difference: 0.0, Decision: 0
Round 205 took 0.39069604873657227s, results:
{'t': 204, 'current_accuracy': 0.66015625, 'current_loss': 0.9077220559120178, 'train_loss': None, 'decision': 0, 'drift_rate': 0.0, 'target_domains': ['photo']}
Loss historical diff: 0.6005468666553497; Loss Difference: 0.0, Decision: 0
Round 206 took 0.3926236629486084s, results:
{'t': 205, 'current_accuracy': 0.66015625, 'current_loss': 0.9077222347259521, 'train_loss': None, 'decision': 0, 'drift_rate': 0.0, 'target_domains': ['photo']}
Loss historical diff: 0.6005469560623169; Loss Difference: 0.0, Decision: 0
Round 207 took 0.3914780616760254s, results:
{'t': 206, 'current_accuracy': 0.66015625, 'current_loss': 0.9077223241329193, 'train_loss': None, 'decision': 0, 'drift_rate': 0.0, 'target_domains': ['photo']}
Loss historical diff: 0.6005467772483826; Loss Difference: 0.0, Decision: 0
Round 208 took 0.3909895420074463s, results:
{'t': 207, 'current_accuracy': 0.66015625, 'current_loss': 0.907722145318985, 'train_loss': None, 'decision': 0, 'drift_rate': 0.0, 'target_domains': ['photo']}
Loss historical diff: 0.600546807050705; Loss Difference: 0.0, Decision: 0
Round 209 took 0.3911771774291992s, results:
{'t': 208, 'current_accuracy': 0.66015625, 'current_loss': 0.9077221751213074, 'train_loss': None, 'decision': 0, 'drift_rate': 0.0, 'target_domains': ['photo']}
Loss historical diff: 0.6005472540855408; Loss Difference: 0.0, Decision: 0
Round 210 took 0.39098381996154785s, results:
{'t': 209, 'current_accuracy': 0.66015625, 'current_loss': 0.9077226221561432, 'train_loss': None, 'decision': 0, 'drift_rate': 0.0, 'target_domains': ['photo']}
Loss historical diff: 0.6005469560623169; Loss Difference: 0.0, Decision: 0
Round 211 took 0.3916158676147461s, results:
{'t': 210, 'current_accuracy': 0.66015625, 'current_loss': 0.9077223241329193, 'train_loss': None, 'decision': 0, 'drift_rate': 0.0, 'target_domains': ['photo']}
Loss historical diff: 0.6005468666553497; Loss Difference: 0.0, Decision: 0
Round 212 took 0.3907473087310791s, results:
{'t': 211, 'current_accuracy': 0.66015625, 'current_loss': 0.9077222347259521, 'train_loss': None, 'decision': 0, 'drift_rate': 0.0, 'target_domains': ['photo']}
Loss historical diff: 0.6005469560623169; Loss Difference: 0.0, Decision: 0
Round 213 took 0.39017176628112793s, results:
{'t': 212, 'current_accuracy': 0.66015625, 'current_loss': 0.9077223241329193, 'train_loss': None, 'decision': 0, 'drift_rate': 0.0, 'target_domains': ['photo']}
Loss historical diff: 0.600546807050705; Loss Difference: 0.0, Decision: 0
Round 214 took 0.39020395278930664s, results:
{'t': 213, 'current_accuracy': 0.66015625, 'current_loss': 0.9077221751213074, 'train_loss': None, 'decision': 0, 'drift_rate': 0.0, 'target_domains': ['photo']}
Loss historical diff: 0.6005468368530273; Loss Difference: 0.0, Decision: 0
Round 215 took 0.3913755416870117s, results:
{'t': 214, 'current_accuracy': 0.66015625, 'current_loss': 0.9077222049236298, 'train_loss': None, 'decision': 0, 'drift_rate': 0.0, 'target_domains': ['photo']}
Loss historical diff: 0.6005468666553497; Loss Difference: 0.0, Decision: 0
Round 216 took 0.39001893997192383s, results:
{'t': 215, 'current_accuracy': 0.66015625, 'current_loss': 0.9077222347259521, 'train_loss': None, 'decision': 0, 'drift_rate': 0.0, 'target_domains': ['photo']}
Loss historical diff: 0.6005468964576721; Loss Difference: 0.0, Decision: 0
Round 217 took 0.3891897201538086s, results:
{'t': 216, 'current_accuracy': 0.66015625, 'current_loss': 0.9077222645282745, 'train_loss': None, 'decision': 0, 'drift_rate': 0.0, 'target_domains': ['photo']}
Loss historical diff: 0.6005469858646393; Loss Difference: 0.0, Decision: 0
Round 218 took 0.3907811641693115s, results:
{'t': 217, 'current_accuracy': 0.66015625, 'current_loss': 0.9077223539352417, 'train_loss': None, 'decision': 0, 'drift_rate': 0.0, 'target_domains': ['photo']}
Loss historical diff: 0.6005468368530273; Loss Difference: 0.0, Decision: 0
Round 219 took 0.39339232444763184s, results:
{'t': 218, 'current_accuracy': 0.66015625, 'current_loss': 0.9077222049236298, 'train_loss': None, 'decision': 0, 'drift_rate': 0.0, 'target_domains': ['photo']}
Loss historical diff: 0.6005467772483826; Loss Difference: 0.0, Decision: 0
Round 220 took 0.3894195556640625s, results:
{'t': 219, 'current_accuracy': 0.66015625, 'current_loss': 0.907722145318985, 'train_loss': None, 'decision': 0, 'drift_rate': 0.0, 'target_domains': ['photo']}
Loss historical diff: 0.6005471348762512; Loss Difference: 0.0, Decision: 0
Round 221 took 0.3917200565338135s, results:
{'t': 220, 'current_accuracy': 0.66015625, 'current_loss': 0.9077225029468536, 'train_loss': None, 'decision': 0, 'drift_rate': 0.0, 'target_domains': ['photo']}
Loss historical diff: 0.6005469560623169; Loss Difference: 0.0, Decision: 0
Round 222 took 0.3902459144592285s, results:
{'t': 221, 'current_accuracy': 0.66015625, 'current_loss': 0.9077223241329193, 'train_loss': None, 'decision': 0, 'drift_rate': 0.0, 'target_domains': ['photo']}
Loss historical diff: 0.6005468368530273; Loss Difference: 0.0, Decision: 0
Round 223 took 0.3892674446105957s, results:
{'t': 222, 'current_accuracy': 0.66015625, 'current_loss': 0.9077222049236298, 'train_loss': None, 'decision': 0, 'drift_rate': 0.0, 'target_domains': ['photo']}
Loss historical diff: 0.6005468666553497; Loss Difference: 0.0, Decision: 0
Round 224 took 0.38996267318725586s, results:
{'t': 223, 'current_accuracy': 0.66015625, 'current_loss': 0.9077222347259521, 'train_loss': None, 'decision': 0, 'drift_rate': 0.0, 'target_domains': ['photo']}
Loss historical diff: 0.6005469858646393; Loss Difference: 0.0, Decision: 0
Round 225 took 0.38979411125183105s, results:
{'t': 224, 'current_accuracy': 0.66015625, 'current_loss': 0.9077223539352417, 'train_loss': None, 'decision': 0, 'drift_rate': 0.0, 'target_domains': ['photo']}
Loss historical diff: 0.600546807050705; Loss Difference: 0.0, Decision: 1
Average loss over 5 updates: 0.3667
Round 226 took 1.2616441249847412s, results:
{'t': 225, 'current_accuracy': 0.66015625, 'current_loss': 0.9077221751213074, 'train_loss': 0.3667135119438171, 'decision': 1, 'drift_rate': 0.0, 'target_domains': ['photo']}
Loss historical diff: 0.3205253481864929; Loss Difference: 0.0, Decision: 0
Round 227 took 0.39238858222961426s, results:
{'t': 226, 'current_accuracy': 0.75390625, 'current_loss': 0.6277007162570953, 'train_loss': None, 'decision': 0, 'drift_rate': 0.0, 'target_domains': ['photo']}
Loss historical diff: 0.32052528858184814; Loss Difference: 0.0, Decision: 0
Round 228 took 0.39016222953796387s, results:
{'t': 227, 'current_accuracy': 0.75390625, 'current_loss': 0.6277006566524506, 'train_loss': None, 'decision': 0, 'drift_rate': 0.0, 'target_domains': ['photo']}
Loss historical diff: 0.32052531838417053; Loss Difference: 0.0, Decision: 0
Round 229 took 0.3955667018890381s, results:
{'t': 228, 'current_accuracy': 0.75390625, 'current_loss': 0.627700686454773, 'train_loss': None, 'decision': 0, 'drift_rate': 0.0, 'target_domains': ['photo']}
Loss historical diff: 0.8293430805206299; Loss Difference: 0.0, Decision: 1
Average loss over 5 updates: 0.7612
Round 230 took 1.2575809955596924s, results:
{'t': 229, 'current_accuracy': 0.6015625, 'current_loss': 1.1365184485912323, 'train_loss': 0.7611804962158203, 'decision': 1, 'drift_rate': 0.30687001037177625, 'target_domains': ['cartoon']}
Loss historical diff: 1.226218968629837; Loss Difference: 0.0, Decision: 1
Average loss over 5 updates: 1.0810
Round 231 took 1.267479658126831s, results:
{'t': 230, 'current_accuracy': 0.4296875, 'current_loss': 1.5333943367004395, 'train_loss': 1.0810181260108949, 'decision': 1, 'drift_rate': 0.4527270231913063, 'target_domains': ['cartoon']}
Loss historical diff: 0.7524918615818024; Loss Difference: 0.0, Decision: 0
Round 232 took 0.3909914493560791s, results:
{'t': 231, 'current_accuracy': 0.6328125, 'current_loss': 1.0596672296524048, 'train_loss': None, 'decision': 0, 'drift_rate': 0.498377254346641, 'target_domains': ['cartoon']}
Loss historical diff: 0.7524917423725128; Loss Difference: 0.0, Decision: 0
Round 233 took 0.3885385990142822s, results:
{'t': 232, 'current_accuracy': 0.6328125, 'current_loss': 1.0596671104431152, 'train_loss': None, 'decision': 0, 'drift_rate': 0.4408084197404289, 'target_domains': ['cartoon']}
Loss historical diff: 0.7524920701980591; Loss Difference: 0.0, Decision: 0
Round 234 took 0.38672542572021484s, results:
{'t': 233, 'current_accuracy': 0.6328125, 'current_loss': 1.0596674382686615, 'train_loss': None, 'decision': 0, 'drift_rate': 0.2956438307833613, 'target_domains': ['cartoon']}
Loss historical diff: 0.752491682767868; Loss Difference: 0.0, Decision: 0
Round 235 took 0.3853936195373535s, results:
{'t': 234, 'current_accuracy': 0.6328125, 'current_loss': 1.0596670508384705, 'train_loss': None, 'decision': 0, 'drift_rate': 0.496116778419955, 'target_domains': ['cartoon']}
Loss historical diff: 0.7524918615818024; Loss Difference: 0.0, Decision: 0
Round 236 took 0.38864850997924805s, results:
{'t': 235, 'current_accuracy': 0.6328125, 'current_loss': 1.0596672296524048, 'train_loss': None, 'decision': 0, 'drift_rate': 0.0, 'target_domains': ['cartoon']}
Loss historical diff: 0.7524918615818024; Loss Difference: 0.0, Decision: 0
Round 237 took 0.38489842414855957s, results:
{'t': 236, 'current_accuracy': 0.6328125, 'current_loss': 1.0596672296524048, 'train_loss': None, 'decision': 0, 'drift_rate': 0.0, 'target_domains': ['cartoon']}
Loss historical diff: 0.75249183177948; Loss Difference: 0.0, Decision: 0
Round 238 took 0.3852548599243164s, results:
{'t': 237, 'current_accuracy': 0.6328125, 'current_loss': 1.0596671998500824, 'train_loss': None, 'decision': 0, 'drift_rate': 0.0, 'target_domains': ['cartoon']}
Loss historical diff: 0.7524918019771576; Loss Difference: 0.0, Decision: 0
Round 239 took 0.3848114013671875s, results:
{'t': 238, 'current_accuracy': 0.6328125, 'current_loss': 1.05966717004776, 'train_loss': None, 'decision': 0, 'drift_rate': 0.0, 'target_domains': ['cartoon']}
Loss historical diff: 0.7524917423725128; Loss Difference: 0.0, Decision: 0
Round 240 took 0.3858482837677002s, results:
{'t': 239, 'current_accuracy': 0.6328125, 'current_loss': 1.0596671104431152, 'train_loss': None, 'decision': 0, 'drift_rate': 0.0, 'target_domains': ['cartoon']}
Loss historical diff: 0.7524918019771576; Loss Difference: 0.0, Decision: 0
Round 241 took 0.3857259750366211s, results:
{'t': 240, 'current_accuracy': 0.6328125, 'current_loss': 1.05966717004776, 'train_loss': None, 'decision': 0, 'drift_rate': 0.0, 'target_domains': ['cartoon']}
Loss historical diff: 0.7524917125701904; Loss Difference: 0.0, Decision: 0
Round 242 took 0.3849339485168457s, results:
{'t': 241, 'current_accuracy': 0.6328125, 'current_loss': 1.0596670806407928, 'train_loss': None, 'decision': 0, 'drift_rate': 0.0, 'target_domains': ['cartoon']}
Loss historical diff: 0.7524918615818024; Loss Difference: 0.0, Decision: 0
Round 243 took 0.38677239418029785s, results:
{'t': 242, 'current_accuracy': 0.6328125, 'current_loss': 1.0596672296524048, 'train_loss': None, 'decision': 0, 'drift_rate': 0.0, 'target_domains': ['cartoon']}
Loss historical diff: 0.7524915635585785; Loss Difference: 0.0, Decision: 0
Round 244 took 0.3858828544616699s, results:
{'t': 243, 'current_accuracy': 0.6328125, 'current_loss': 1.059666931629181, 'train_loss': None, 'decision': 0, 'drift_rate': 0.0, 'target_domains': ['cartoon']}
Loss historical diff: 0.7524915635585785; Loss Difference: 0.0, Decision: 1
Average loss over 5 updates: 0.9468
Round 245 took 1.2559013366699219s, results:
{'t': 244, 'current_accuracy': 0.6328125, 'current_loss': 1.059666931629181, 'train_loss': 0.9468059659004211, 'decision': 1, 'drift_rate': 0.0, 'target_domains': ['cartoon']}
Loss historical diff: 0.6063423156738281; Loss Difference: 0.0, Decision: 0
Round 246 took 0.3909189701080322s, results:
{'t': 245, 'current_accuracy': 0.6796875, 'current_loss': 0.9135176837444305, 'train_loss': None, 'decision': 0, 'drift_rate': 0.0, 'target_domains': ['cartoon']}
Loss historical diff: 0.6063424050807953; Loss Difference: 0.0, Decision: 0
Round 247 took 0.38355231285095215s, results:
{'t': 246, 'current_accuracy': 0.6796875, 'current_loss': 0.9135177731513977, 'train_loss': None, 'decision': 0, 'drift_rate': 0.0, 'target_domains': ['cartoon']}
Loss historical diff: 0.6063423752784729; Loss Difference: 0.0, Decision: 0
Round 248 took 0.38448286056518555s, results:
{'t': 247, 'current_accuracy': 0.6796875, 'current_loss': 0.9135177433490753, 'train_loss': None, 'decision': 0, 'drift_rate': 0.0, 'target_domains': ['cartoon']}
Loss historical diff: 0.6063423752784729; Loss Difference: 0.0, Decision: 0
Round 249 took 0.3877997398376465s, results:
{'t': 248, 'current_accuracy': 0.6796875, 'current_loss': 0.9135177433490753, 'train_loss': None, 'decision': 0, 'drift_rate': 0.0, 'target_domains': ['cartoon']}
Loss historical diff: 0.6063424348831177; Loss Difference: 0.0, Decision: 0
Round 250 took 0.3843076229095459s, results:
{'t': 249, 'current_accuracy': 0.6796875, 'current_loss': 0.9135178029537201, 'train_loss': None, 'decision': 0, 'drift_rate': 0.0, 'target_domains': ['cartoon']}
Average time per round: 0.4790681047439575
Total time: 119.76702618598938
