/home/apiasecz/programming/concept_drift_optimal_adaptation_FL/src/test_loss_behavior_under_drift.py:171: FutureWarning: You are using `torch.load` with `weights_only=False` (the current default value), which uses the default pickle module implicitly. It is possible to construct malicious pickle data which will execute arbitrary code during unpickling (See https://github.com/pytorch/pytorch/blob/main/SECURITY.md#untrusted-models for more details). In a future release, the default value for `weights_only` will be flipped to `True`. This limits the functions that could be executed during unpickling. Arbitrary objects will no longer be allowed to be loaded via this mode unless they are explicitly allowlisted by the user via `torch.serialization.add_safe_globals`. We recommend you start setting `weights_only=True` for any use case where you don't have full control of the loaded file. Please open an issue on GitHub for any issues related to this experimental feature.
  model.load_state_dict(torch.load(model_path))
seed: 0
policy_id: 3
setting_id: 2
pi_bar: 0.2
drift_rate: 0.01
V: 65
0.04351690326901999 0.004615384615384615
Epoch 1/5, Loss: 0.3902
Epoch 2/5, Loss: 0.3594
Epoch 3/5, Loss: 0.2949
Epoch 4/5, Loss: 0.2564
Epoch 5/5, Loss: 0.2403
Round 0: Accuracy = 0.8240, Decision = 1
0.21514174714684486 0.016923076923076926
Epoch 1/5, Loss: 0.2939
Epoch 2/5, Loss: 0.2997
Epoch 3/5, Loss: 0.2764
Epoch 4/5, Loss: 0.2426
Epoch 5/5, Loss: 0.2477
Round 1: Accuracy = 0.7690, Decision = 1
-0.01664450764656067 0.029230769230769234
Round 2: Accuracy = 0.7612, Decision = 0
0.02869046434308542 0.026153846153846156
Epoch 1/5, Loss: 0.3770
Epoch 2/5, Loss: 0.4185
Epoch 3/5, Loss: 0.6344
Epoch 4/5, Loss: 0.4837
Epoch 5/5, Loss: 0.4420
Round 3: Accuracy = 0.7563, Decision = 1
-0.0013719356308380393 0.038461538461538464
Round 4: Accuracy = 0.7515, Decision = 0
0.03887248846391833 0.03538461538461538
Epoch 1/5, Loss: 0.4662
Epoch 2/5, Loss: 0.3960
Epoch 3/5, Loss: 0.3650
Epoch 4/5, Loss: 0.3687
Epoch 5/5, Loss: 0.3141
Round 5: Accuracy = 0.7494, Decision = 1
0.16518277178208035 0.04769230769230769
Epoch 1/5, Loss: 0.3339
Epoch 2/5, Loss: 0.2952
Epoch 3/5, Loss: 0.2832
Epoch 4/5, Loss: 0.2786
Epoch 5/5, Loss: 0.2681
Round 6: Accuracy = 0.7464, Decision = 1
-0.23744124298294383 0.05999999999999999
Round 7: Accuracy = 0.7613, Decision = 0
0.024694910893837574 0.05692307692307691
Round 8: Accuracy = 0.7570, Decision = 0
0.016413965572913525 0.053846153846153835
Round 9: Accuracy = 0.7512, Decision = 0
0.012828626980384172 0.050769230769230754
Round 10: Accuracy = 0.7447, Decision = 0
0.015581848720709501 0.04769230769230767
Round 11: Accuracy = 0.7422, Decision = 0
0.001016436096949458 0.04461538461538459
Round 12: Accuracy = 0.7386, Decision = 0
0.06208108652096528 0.04153846153846152
Epoch 1/5, Loss: 0.4304
Epoch 2/5, Loss: 0.3742
Epoch 3/5, Loss: 0.3963
Epoch 4/5, Loss: 0.4154
Epoch 5/5, Loss: 0.3701
Round 13: Accuracy = 0.7336, Decision = 1
-0.1407687904743048 0.05384615384615382
Round 14: Accuracy = 0.7460, Decision = 0
0.03821239792383635 0.05076923076923074
Round 15: Accuracy = 0.7457, Decision = 0
0.019678326753469588 0.04769230769230766
Round 16: Accuracy = 0.7377, Decision = 0
0.020315530208440957 0.04461538461538458
Round 17: Accuracy = 0.7308, Decision = 0
0.015225441409991325 0.0415384615384615
Round 18: Accuracy = 0.7305, Decision = 0
0.024280559558134795 0.03846153846153842
Round 19: Accuracy = 0.7244, Decision = 0
0.08594416573152436 0.03538461538461534
Epoch 1/5, Loss: 0.5603
Epoch 2/5, Loss: 0.8077
Epoch 3/5, Loss: 0.6337
Epoch 4/5, Loss: 0.5359
Epoch 5/5, Loss: 0.4756
Round 20: Accuracy = 0.7236, Decision = 1
0.034192915473665486 0.047692307692307645
Round 21: Accuracy = 0.6682, Decision = 0
-0.00039741609777721454 0.044615384615384564
Round 22: Accuracy = 0.6654, Decision = 0
0.03584809601306915 0.04153846153846149
Round 23: Accuracy = 0.6627, Decision = 0
0.002238963331495092 0.03846153846153841
Round 24: Accuracy = 0.6573, Decision = 0
0.011113843747547647 0.03538461538461533
Round 25: Accuracy = 0.6546, Decision = 0
0.019865878990718344 0.03230769230769225
Round 26: Accuracy = 0.4902, Decision = 0
0.012879258819988748 0.029230769230769185
Round 27: Accuracy = 0.6133, Decision = 0
-0.011299173037211063 0.026153846153846104
Round 28: Accuracy = 0.6311, Decision = 0
0.03237962126731864 0.02307692307692303
Epoch 1/5, Loss: 0.6064
Epoch 2/5, Loss: 0.5523
Epoch 3/5, Loss: 0.5278
Epoch 4/5, Loss: 0.4551
Epoch 5/5, Loss: 0.4086
Round 29: Accuracy = 0.6363, Decision = 1
-0.27286663949489587 0.03538461538461533
Round 30: Accuracy = 0.7470, Decision = 0
0.013892578085263563 0.03230769230769225
Round 31: Accuracy = 0.7383, Decision = 0
0.01196255087852477 0.029230769230769185
Round 32: Accuracy = 0.7258, Decision = 0
0.016584720214207982 0.026153846153846104
Round 33: Accuracy = 0.7174, Decision = 0
0.014897914727528883 0.02307692307692303
Round 34: Accuracy = 0.7134, Decision = 0
0.020777572939793265 0.019999999999999952
Epoch 1/5, Loss: 0.5262
Epoch 2/5, Loss: 0.5507
Epoch 3/5, Loss: 0.4783
Epoch 4/5, Loss: 0.4872
Epoch 5/5, Loss: 0.5095
Round 35: Accuracy = 0.7168, Decision = 1
0.29473328962922096 0.03230769230769226
Epoch 1/5, Loss: 0.4443
Epoch 2/5, Loss: 0.4236
Epoch 3/5, Loss: 0.4449
Epoch 4/5, Loss: 0.4199
Epoch 5/5, Loss: 0.3837
Round 36: Accuracy = 0.6452, Decision = 1
-0.03649487718939781 0.044615384615384564
Round 37: Accuracy = 0.6328, Decision = 0
0.020688705146312714 0.04153846153846149
Round 38: Accuracy = 0.6355, Decision = 0
-0.003086857497692108 0.03846153846153841
Round 39: Accuracy = 0.6302, Decision = 0
0.009404115378856659 0.03538461538461533
Round 40: Accuracy = 0.6294, Decision = 0
0.03573198682245082 0.03230769230769225
Epoch 1/5, Loss: 0.5901
Epoch 2/5, Loss: 0.7113
Epoch 3/5, Loss: 1.1060
Epoch 4/5, Loss: 0.8627
Epoch 5/5, Loss: 0.8728
Round 41: Accuracy = 0.6289, Decision = 1
-0.01789638926001147 0.04461538461538456
Round 42: Accuracy = 0.6586, Decision = 0
0.027765970019733133 0.04153846153846148
Round 43: Accuracy = 0.6562, Decision = 0
0.019037427271113683 0.0384615384615384
Round 44: Accuracy = 0.6574, Decision = 0
-0.00015311732011680235 0.03538461538461533
Round 45: Accuracy = 0.6580, Decision = 0
0.018872012110317415 0.032307692307692246
Round 46: Accuracy = 0.6548, Decision = 0
0.011246979236602783 0.02923076923076917
Round 47: Accuracy = 0.6547, Decision = 0
0.024671488727619484 0.026153846153846097
Round 48: Accuracy = 0.6532, Decision = 0
-0.002467354138692257 0.023076923076923023
Round 49: Accuracy = 0.6488, Decision = 0
0.006380579537815567 0.019999999999999945
Round 50: Accuracy = 0.6493, Decision = 0
0.025850685106383442 0.01692307692307687
Epoch 1/5, Loss: 0.8141
Epoch 2/5, Loss: 0.6876
Epoch 3/5, Loss: 0.5748
Epoch 4/5, Loss: 0.5295
Epoch 5/5, Loss: 0.4891
Round 51: Accuracy = 0.6491, Decision = 1
-0.4631392508745194 0.02923076923076918
Round 52: Accuracy = 0.7237, Decision = 0
0.010868461595641254 0.0261538461538461
Round 53: Accuracy = 0.7216, Decision = 0
-0.003321634463922307 0.023076923076923026
Round 54: Accuracy = 0.7198, Decision = 0
0.011319435544704104 0.01999999999999995
Round 55: Accuracy = 0.7193, Decision = 0
0.015484267159512177 0.016923076923076874
Round 56: Accuracy = 0.7168, Decision = 0
0.012284085938805034 0.013846153846153796
Round 57: Accuracy = 0.7132, Decision = 0
0.006333051543486734 0.01076923076923072
Round 58: Accuracy = 0.7099, Decision = 0
-0.0023470463721375623 0.0076923076923076416
Round 59: Accuracy = 0.5703, Decision = 0
0.016007836163043965 0.004615384615384615
Epoch 1/5, Loss: 0.5621
Epoch 2/5, Loss: 0.5580
Epoch 3/5, Loss: 0.5134
Epoch 4/5, Loss: 0.5083
Epoch 5/5, Loss: 0.4739
Round 60: Accuracy = 0.6687, Decision = 1
0.026154977083206188 0.016923076923076926
Epoch 1/5, Loss: 0.4575
Epoch 2/5, Loss: 0.4395
Epoch 3/5, Loss: 0.4199
Epoch 4/5, Loss: 0.3934
Epoch 5/5, Loss: 0.3845
Round 61: Accuracy = 0.6624, Decision = 1
-0.16051377281546592 0.029230769230769234
Round 62: Accuracy = 0.6785, Decision = 0
0.011412591487169277 0.026153846153846156
Round 63: Accuracy = 0.6764, Decision = 0
0.010519475241502096 0.02307692307692308
Round 64: Accuracy = 0.6777, Decision = 0
-0.0028885617142631603 0.020000000000000004
Round 65: Accuracy = 0.6730, Decision = 0
0.013984236688840967 0.01692307692307693
Round 66: Accuracy = 0.6773, Decision = 0
0.010880092779795292 0.013846153846153852
Round 67: Accuracy = 0.6803, Decision = 0
0.015742199761526965 0.010769230769230776
Epoch 1/5, Loss: 0.4524
Epoch 2/5, Loss: 0.4112
Epoch 3/5, Loss: 0.4002
Epoch 4/5, Loss: 0.3759
Epoch 5/5, Loss: 0.3734
Round 68: Accuracy = 0.6802, Decision = 1
0.08208297017860444 0.023076923076923085
Epoch 1/5, Loss: 0.3590
Epoch 2/5, Loss: 0.4772
Epoch 3/5, Loss: 0.6940
Epoch 4/5, Loss: 0.9259
Epoch 5/5, Loss: 0.7760
Round 69: Accuracy = 0.6627, Decision = 1
0.1898166498682588 0.03538461538461538
Epoch 1/5, Loss: 0.7321
Epoch 2/5, Loss: 0.5738
Epoch 3/5, Loss: 0.4359
Epoch 4/5, Loss: 0.4028
Epoch 5/5, Loss: 0.3611
Round 70: Accuracy = 0.6657, Decision = 1
-0.36090268397873093 0.04769230769230769
Round 71: Accuracy = 0.6973, Decision = 0
0.009222269735553013 0.044615384615384605
Round 72: Accuracy = 0.6994, Decision = 0
0.012434365397149871 0.041538461538461524
Round 73: Accuracy = 0.6952, Decision = 0
0.012839130114896513 0.03846153846153845
Round 74: Accuracy = 0.6943, Decision = 0
0.018986096848612244 0.03538461538461537
Round 75: Accuracy = 0.6911, Decision = 0
0.00822848470314691 0.032307692307692294
Round 76: Accuracy = 0.6912, Decision = 0
0.01961110985797382 0.029230769230769227
Round 77: Accuracy = 0.6877, Decision = 0
0.004468280336131225 0.026153846153846146
Round 78: Accuracy = 0.6864, Decision = 0
0.014127845835426589 0.02307692307692307
Round 79: Accuracy = 0.6875, Decision = 0
0.009289778769016266 0.019999999999999993
Round 80: Accuracy = 0.6837, Decision = 0
0.0030354373157024384 0.01692307692307692
Round 81: Accuracy = 0.6846, Decision = 0
No available target samples left. Reusing existing target indices.
-0.0001080210010210858 0.013846153846153841
Round 82: Accuracy = 0.6810, Decision = 0
No available target samples left. Reusing existing target indices.
0.003937655438979504 0.010769230769230765
Round 83: Accuracy = 0.7331, Decision = 0
No available target samples left. Reusing existing target indices.
-0.004093068341414152 0.007692307692307687
Round 84: Accuracy = 0.6927, Decision = 0
No available target samples left. Reusing existing target indices.
0.0016888417303562164 0.004615384615384615
Round 85: Accuracy = 0.6842, Decision = 0
No available target samples left. Reusing existing target indices.
0.004257614413897215 0.004615384615384615
Round 86: Accuracy = 0.6805, Decision = 0
No available target samples left. Reusing existing target indices.
-0.013250842069586155 0.004615384615384615
Round 87: Accuracy = 0.6843, Decision = 0
No available target samples left. Reusing existing target indices.
0.0030459389090538025 0.004615384615384615
Round 88: Accuracy = 0.6862, Decision = 0
No available target samples left. Reusing existing target indices.
0.010144690672556578 0.004615384615384615
Epoch 1/5, Loss: 0.4873
Epoch 2/5, Loss: 0.4382
Epoch 3/5, Loss: 0.4243
Epoch 4/5, Loss: 0.3655
Epoch 5/5, Loss: 0.3659
Round 89: Accuracy = 0.6858, Decision = 1
No available target samples left. Reusing existing target indices.
0.025118242328365625 0.016923076923076926
Epoch 1/5, Loss: 0.3494
Epoch 2/5, Loss: 0.3292
Epoch 3/5, Loss: 0.3374
Epoch 4/5, Loss: 0.2749
Epoch 5/5, Loss: 0.2811
Round 90: Accuracy = 0.6758, Decision = 1
No available target samples left. Reusing existing target indices.
-0.20796396521230537 0.029230769230769234
Round 91: Accuracy = 0.6927, Decision = 0
No available target samples left. Reusing existing target indices.
0.0023408345878124237 0.026153846153846156
Round 92: Accuracy = 0.6877, Decision = 0
No available target samples left. Reusing existing target indices.
0.0008868475755055838 0.02307692307692308
Round 93: Accuracy = 0.6771, Decision = 0
No available target samples left. Reusing existing target indices.
-0.0027422091613213406 0.020000000000000004
Round 94: Accuracy = 0.6766, Decision = 0
No available target samples left. Reusing existing target indices.
0.004974503070116043 0.01692307692307693
Round 95: Accuracy = 0.6782, Decision = 0
No available target samples left. Reusing existing target indices.
No available target samples left. Reusing existing target indices.
-0.006204269826412201 0.013846153846153852
Round 96: Accuracy = 0.6782, Decision = 0
No available target samples left. Reusing existing target indices.
No available target samples left. Reusing existing target indices.
0.0007022327433029996 0.010769230769230776
Round 97: Accuracy = 0.6782, Decision = 0
No available target samples left. Reusing existing target indices.
No available target samples left. Reusing existing target indices.
0.0007415488362312317 0.007692307692307695
Round 98: Accuracy = 0.6782, Decision = 0
No available target samples left. Reusing existing target indices.
No available target samples left. Reusing existing target indices.
0.0011575333774089813 0.004615384615384618
Round 99: Accuracy = 0.6782, Decision = 0
No available target samples left. Reusing existing target indices.
No available target samples left. Reusing existing target indices.
-0.0019129936893781119 0.004615384615384615
Round 100: Accuracy = 0.6782, Decision = 0
No available target samples left. Reusing existing target indices.
No available target samples left. Reusing existing target indices.
0.00041621116300424865 0.004615384615384615
Round 101: Accuracy = 0.6782, Decision = 0
No available target samples left. Reusing existing target indices.
No available target samples left. Reusing existing target indices.
0.0033156760036945343 0.004615384615384615
Round 102: Accuracy = 0.6782, Decision = 0
No available target samples left. Reusing existing target indices.
No available target samples left. Reusing existing target indices.
-0.0031829557071129666 0.004615384615384615
Round 103: Accuracy = 0.6782, Decision = 0
No available target samples left. Reusing existing target indices.
No available target samples left. Reusing existing target indices.
0.002199339369932829 0.004615384615384615
Round 104: Accuracy = 0.6782, Decision = 0
No available target samples left. Reusing existing target indices.
No available target samples left. Reusing existing target indices.
-0.0037396276990572797 0.004615384615384615
Round 105: Accuracy = 0.6782, Decision = 0
No available target samples left. Reusing existing target indices.
No available target samples left. Reusing existing target indices.
0.0037999972701072693 0.004615384615384615
Round 106: Accuracy = 0.6782, Decision = 0
No available target samples left. Reusing existing target indices.
No available target samples left. Reusing existing target indices.
0.0016833090533812933 0.004615384615384615
Round 107: Accuracy = 0.6782, Decision = 0
No available target samples left. Reusing existing target indices.
No available target samples left. Reusing existing target indices.
-0.0006720485786596841 0.004615384615384615
Round 108: Accuracy = 0.6782, Decision = 0
No available target samples left. Reusing existing target indices.
No available target samples left. Reusing existing target indices.
-0.0028212287773688727 0.004615384615384615
Round 109: Accuracy = 0.6782, Decision = 0
No available target samples left. Reusing existing target indices.
No available target samples left. Reusing existing target indices.
0.0013482676198085242 0.004615384615384615
Round 110: Accuracy = 0.6782, Decision = 0
No available target samples left. Reusing existing target indices.
No available target samples left. Reusing existing target indices.
0.001188055301705987 0.004615384615384615
Round 111: Accuracy = 0.6782, Decision = 0
No available target samples left. Reusing existing target indices.
No available target samples left. Reusing existing target indices.
-0.003622889518737793 0.004615384615384615
Round 112: Accuracy = 0.6782, Decision = 0
No available target samples left. Reusing existing target indices.
No available target samples left. Reusing existing target indices.
0.0036049342403809137 0.004615384615384615
Round 113: Accuracy = 0.6782, Decision = 0
No available target samples left. Reusing existing target indices.
No available target samples left. Reusing existing target indices.
-0.005057315031687409 0.004615384615384615
Round 114: Accuracy = 0.6782, Decision = 0
No available target samples left. Reusing existing target indices.
No available target samples left. Reusing existing target indices.
0.0008921499053637094 0.004615384615384615
Round 115: Accuracy = 0.6782, Decision = 0
No available target samples left. Reusing existing target indices.
No available target samples left. Reusing existing target indices.
0.0019127558916807175 0.004615384615384615
Round 116: Accuracy = 0.6782, Decision = 0
No available target samples left. Reusing existing target indices.
No available target samples left. Reusing existing target indices.
0.00189371903737387 0.004615384615384615
Round 117: Accuracy = 0.6782, Decision = 0
No available target samples left. Reusing existing target indices.
No available target samples left. Reusing existing target indices.
-0.003969270115097373 0.004615384615384615
Round 118: Accuracy = 0.6782, Decision = 0
No available target samples left. Reusing existing target indices.
No available target samples left. Reusing existing target indices.
0.0024058620134989606 0.004615384615384615
Round 119: Accuracy = 0.6782, Decision = 0
No available target samples left. Reusing existing target indices.
No available target samples left. Reusing existing target indices.
-0.0005986616015434265 0.004615384615384615
Round 120: Accuracy = 0.6782, Decision = 0
No available target samples left. Reusing existing target indices.
No available target samples left. Reusing existing target indices.
0.0014865150054295673 0.004615384615384615
Round 121: Accuracy = 0.6782, Decision = 0
No available target samples left. Reusing existing target indices.
No available target samples left. Reusing existing target indices.
-0.00040910206735134125 0.004615384615384615
Round 122: Accuracy = 0.6782, Decision = 0
No available target samples left. Reusing existing target indices.
No available target samples left. Reusing existing target indices.
-0.0045950120935837335 0.004615384615384615
Round 123: Accuracy = 0.6782, Decision = 0
No available target samples left. Reusing existing target indices.
No available target samples left. Reusing existing target indices.
0.002866691599289567 0.004615384615384615
Round 124: Accuracy = 0.6782, Decision = 0
No available target samples left. Reusing existing target indices.
No available target samples left. Reusing existing target indices.
0.0028555051734050207 0.004615384615384615
Round 125: Accuracy = 0.6782, Decision = 0
No available target samples left. Reusing existing target indices.
No available target samples left. Reusing existing target indices.
-0.006172565122445434 0.004615384615384615
Round 126: Accuracy = 0.6782, Decision = 0
No available target samples left. Reusing existing target indices.
No available target samples left. Reusing existing target indices.
0.0038320521513621197 0.004615384615384615
Round 127: Accuracy = 0.6782, Decision = 0
No available target samples left. Reusing existing target indices.
No available target samples left. Reusing existing target indices.
0.004083626593152673 0.004615384615384615
Round 128: Accuracy = 0.6782, Decision = 0
No available target samples left. Reusing existing target indices.
No available target samples left. Reusing existing target indices.
-0.0006588511168956757 0.004615384615384615
Round 129: Accuracy = 0.6782, Decision = 0
No available target samples left. Reusing existing target indices.
No available target samples left. Reusing existing target indices.
-0.005199432993928582 0.004615384615384615
Round 130: Accuracy = 0.6782, Decision = 0
No available target samples left. Reusing existing target indices.
No available target samples left. Reusing existing target indices.
0.006713018442193658 0.004615384615384615
Epoch 1/5, Loss: 0.2673
Epoch 2/5, Loss: 0.2584
Epoch 3/5, Loss: 0.2334
Epoch 4/5, Loss: 0.2287
Epoch 5/5, Loss: 0.2167
Round 131: Accuracy = 0.6782, Decision = 1
No available target samples left. Reusing existing target indices.
No available target samples left. Reusing existing target indices.
-0.03487873512009779 0.016923076923076926
Round 132: Accuracy = 0.6698, Decision = 0
No available target samples left. Reusing existing target indices.
No available target samples left. Reusing existing target indices.
-0.0013273029277722226 0.013846153846153848
Round 133: Accuracy = 0.6698, Decision = 0
No available target samples left. Reusing existing target indices.
No available target samples left. Reusing existing target indices.
0.0013246356199185239 0.010769230769230772
Round 134: Accuracy = 0.6698, Decision = 0
No available target samples left. Reusing existing target indices.
No available target samples left. Reusing existing target indices.
0.0023875320330262184 0.007692307692307693
Round 135: Accuracy = 0.6698, Decision = 0
No available target samples left. Reusing existing target indices.
No available target samples left. Reusing existing target indices.
-0.0030465501671036177 0.004615384615384615
Round 136: Accuracy = 0.6698, Decision = 0
No available target samples left. Reusing existing target indices.
No available target samples left. Reusing existing target indices.
-0.0010822465022405081 0.004615384615384615
Round 137: Accuracy = 0.6698, Decision = 0
No available target samples left. Reusing existing target indices.
No available target samples left. Reusing existing target indices.
0.005802918846408545 0.004615384615384615
Epoch 1/5, Loss: 0.2283
Epoch 2/5, Loss: 0.2432
Epoch 3/5, Loss: 0.2340
Epoch 4/5, Loss: 0.2181
Epoch 5/5, Loss: 0.1862
Round 138: Accuracy = 0.6698, Decision = 1
No available target samples left. Reusing existing target indices.
No available target samples left. Reusing existing target indices.
-0.03993605077266693 0.016923076923076926
Round 139: Accuracy = 0.6936, Decision = 0
No available target samples left. Reusing existing target indices.
No available target samples left. Reusing existing target indices.
0.0007986609513560838 0.013846153846153848
Round 140: Accuracy = 0.6936, Decision = 0
No available target samples left. Reusing existing target indices.
No available target samples left. Reusing existing target indices.
-0.0043839008236924715 0.010769230769230772
Round 141: Accuracy = 0.6936, Decision = 0
No available target samples left. Reusing existing target indices.
No available target samples left. Reusing existing target indices.
0.004361540079116821 0.007692307692307693
Round 142: Accuracy = 0.6936, Decision = 0
No available target samples left. Reusing existing target indices.
No available target samples left. Reusing existing target indices.
-0.002131338231265545 0.004615384615384615
Round 143: Accuracy = 0.6936, Decision = 0
No available target samples left. Reusing existing target indices.
No available target samples left. Reusing existing target indices.
-0.0011865776032209396 0.004615384615384615
Round 144: Accuracy = 0.6936, Decision = 0
No available target samples left. Reusing existing target indices.
No available target samples left. Reusing existing target indices.
0.0015034976725776805 0.004615384615384615
Round 145: Accuracy = 0.6936, Decision = 0
No available target samples left. Reusing existing target indices.
No available target samples left. Reusing existing target indices.
0.000700885119537531 0.004615384615384615
Round 146: Accuracy = 0.6936, Decision = 0
No available target samples left. Reusing existing target indices.
No available target samples left. Reusing existing target indices.
-0.00539259643604359 0.004615384615384615
Round 147: Accuracy = 0.6936, Decision = 0
No available target samples left. Reusing existing target indices.
No available target samples left. Reusing existing target indices.
0.010368071806927531 0.004615384615384615
Epoch 1/5, Loss: 0.1788
Epoch 2/5, Loss: 0.1700
Epoch 3/5, Loss: 0.1580
Epoch 4/5, Loss: 0.1683
Epoch 5/5, Loss: 0.1708
Round 148: Accuracy = 0.6936, Decision = 1
No available target samples left. Reusing existing target indices.
No available target samples left. Reusing existing target indices.
0.23252503977467617 0.016923076923076926
Epoch 1/5, Loss: 0.1547
Epoch 2/5, Loss: 0.1487
Epoch 3/5, Loss: 0.1531
Epoch 4/5, Loss: 0.1677
Epoch 5/5, Loss: 0.2017
Round 149: Accuracy = 0.5939, Decision = 1
No available target samples left. Reusing existing target indices.
No available target samples left. Reusing existing target indices.
-0.11750964509944123 0.029230769230769234
Round 150: Accuracy = 0.6698, Decision = 0
No available target samples left. Reusing existing target indices.
No available target samples left. Reusing existing target indices.
0.0032570374508698596 0.026153846153846156
Round 151: Accuracy = 0.6698, Decision = 0
No available target samples left. Reusing existing target indices.
No available target samples left. Reusing existing target indices.
-0.004764890919129017 0.02307692307692308
Round 152: Accuracy = 0.6698, Decision = 0
No available target samples left. Reusing existing target indices.
No available target samples left. Reusing existing target indices.
0.0036362645526726856 0.020000000000000004
Round 153: Accuracy = 0.6698, Decision = 0
No available target samples left. Reusing existing target indices.
No available target samples left. Reusing existing target indices.
1.695007085800171e-07 0.01692307692307693
Round 154: Accuracy = 0.6698, Decision = 0
No available target samples left. Reusing existing target indices.
No available target samples left. Reusing existing target indices.
-0.005858665332198143 0.013846153846153852
Round 155: Accuracy = 0.6698, Decision = 0
No available target samples left. Reusing existing target indices.
No available target samples left. Reusing existing target indices.
0.0021337922662496567 0.010769230769230776
Round 156: Accuracy = 0.6698, Decision = 0
No available target samples left. Reusing existing target indices.
No available target samples left. Reusing existing target indices.
0.002411316459377588 0.007692307692307695
Round 157: Accuracy = 0.6698, Decision = 0
No available target samples left. Reusing existing target indices.
No available target samples left. Reusing existing target indices.
-0.0051041534170508385 0.004615384615384618
Round 158: Accuracy = 0.6698, Decision = 0
No available target samples left. Reusing existing target indices.
No available target samples left. Reusing existing target indices.
0.004602520726621151 0.004615384615384615
Round 159: Accuracy = 0.6698, Decision = 0
No available target samples left. Reusing existing target indices.
No available target samples left. Reusing existing target indices.
-0.0017129226277271536 0.004615384615384615
Round 160: Accuracy = 0.6698, Decision = 0
No available target samples left. Reusing existing target indices.
No available target samples left. Reusing existing target indices.
-0.0007632977018753873 0.004615384615384615
Round 161: Accuracy = 0.6698, Decision = 0
No available target samples left. Reusing existing target indices.
No available target samples left. Reusing existing target indices.
0.008998344962795557 0.004615384615384615
Epoch 1/5, Loss: 0.2525
Epoch 2/5, Loss: 0.1731
Epoch 3/5, Loss: 0.1640
Epoch 4/5, Loss: 0.1267
Epoch 5/5, Loss: 0.1421
Round 162: Accuracy = 0.6698, Decision = 1
No available target samples left. Reusing existing target indices.
No available target samples left. Reusing existing target indices.
-0.09105756723632413 0.016923076923076926
Round 163: Accuracy = 0.6825, Decision = 0
No available target samples left. Reusing existing target indices.
No available target samples left. Reusing existing target indices.
0.009180389034251363 0.013846153846153848
Round 164: Accuracy = 0.6825, Decision = 0
No available target samples left. Reusing existing target indices.
No available target samples left. Reusing existing target indices.
-0.01041050193210441 0.010769230769230772
Round 165: Accuracy = 0.6825, Decision = 0
No available target samples left. Reusing existing target indices.
No available target samples left. Reusing existing target indices.
0.004055314076443495 0.007692307692307693
Round 166: Accuracy = 0.6825, Decision = 0
No available target samples left. Reusing existing target indices.
No available target samples left. Reusing existing target indices.
-0.0016377049808700694 0.004615384615384615
Round 167: Accuracy = 0.6825, Decision = 0
No available target samples left. Reusing existing target indices.
No available target samples left. Reusing existing target indices.
0.0031212344765663147 0.004615384615384615
Round 168: Accuracy = 0.6825, Decision = 0
No available target samples left. Reusing existing target indices.
No available target samples left. Reusing existing target indices.
-0.0007092515006661415 0.004615384615384615
Round 169: Accuracy = 0.6825, Decision = 0
No available target samples left. Reusing existing target indices.
No available target samples left. Reusing existing target indices.
0.00046134553849697113 0.004615384615384615
Round 170: Accuracy = 0.6825, Decision = 0
No available target samples left. Reusing existing target indices.
No available target samples left. Reusing existing target indices.
-0.0002496866509318352 0.004615384615384615
Round 171: Accuracy = 0.6825, Decision = 0
No available target samples left. Reusing existing target indices.
No available target samples left. Reusing existing target indices.
-0.004737810231745243 0.004615384615384615
Round 172: Accuracy = 0.6825, Decision = 0
No available target samples left. Reusing existing target indices.
No available target samples left. Reusing existing target indices.
0.00611292508741218 0.004615384615384615
Epoch 1/5, Loss: 0.1191
Epoch 2/5, Loss: 0.1044
Epoch 3/5, Loss: 0.1044
Epoch 4/5, Loss: 0.0971
Epoch 5/5, Loss: 0.1126
Round 173: Accuracy = 0.6825, Decision = 1
No available target samples left. Reusing existing target indices.
No available target samples left. Reusing existing target indices.
-0.09235811078300078 0.016923076923076926
Round 174: Accuracy = 0.6844, Decision = 0
No available target samples left. Reusing existing target indices.
No available target samples left. Reusing existing target indices.
-0.0026080816363294873 0.013846153846153848
Round 175: Accuracy = 0.6844, Decision = 0
No available target samples left. Reusing existing target indices.
No available target samples left. Reusing existing target indices.
0.0036515002138912678 0.010769230769230772
Round 176: Accuracy = 0.6844, Decision = 0
No available target samples left. Reusing existing target indices.
No available target samples left. Reusing existing target indices.
-0.004049479185293123 0.007692307692307693
Round 177: Accuracy = 0.6844, Decision = 0
No available target samples left. Reusing existing target indices.
No available target samples left. Reusing existing target indices.
-0.00039632292464375496 0.004615384615384615
Round 178: Accuracy = 0.6844, Decision = 0
No available target samples left. Reusing existing target indices.
No available target samples left. Reusing existing target indices.
0.004406795371323824 0.004615384615384615
Round 179: Accuracy = 0.6844, Decision = 0
No available target samples left. Reusing existing target indices.
No available target samples left. Reusing existing target indices.
-0.004298695363104343 0.004615384615384615
Round 180: Accuracy = 0.6844, Decision = 0
No available target samples left. Reusing existing target indices.
No available target samples left. Reusing existing target indices.
0.0015527444581190791 0.004615384615384615
Round 181: Accuracy = 0.6844, Decision = 0
No available target samples left. Reusing existing target indices.
No available target samples left. Reusing existing target indices.
0.0009163126039008346 0.004615384615384615
Round 182: Accuracy = 0.6844, Decision = 0
No available target samples left. Reusing existing target indices.
No available target samples left. Reusing existing target indices.
0.002343944273889065 0.004615384615384615
Round 183: Accuracy = 0.6844, Decision = 0
No available target samples left. Reusing existing target indices.
No available target samples left. Reusing existing target indices.
-0.0016104710909227576 0.004615384615384615
Round 184: Accuracy = 0.6844, Decision = 0
No available target samples left. Reusing existing target indices.
No available target samples left. Reusing existing target indices.
-0.004209641056756183 0.004615384615384615
Round 185: Accuracy = 0.6844, Decision = 0
No available target samples left. Reusing existing target indices.
No available target samples left. Reusing existing target indices.
0.002397914106647178 0.004615384615384615
Round 186: Accuracy = 0.6844, Decision = 0
No available target samples left. Reusing existing target indices.
No available target samples left. Reusing existing target indices.
0.0002282128358880725 0.004615384615384615
Round 187: Accuracy = 0.6844, Decision = 0
No available target samples left. Reusing existing target indices.
No available target samples left. Reusing existing target indices.
0.00017586660881836746 0.004615384615384615
Round 188: Accuracy = 0.6844, Decision = 0
No available target samples left. Reusing existing target indices.
No available target samples left. Reusing existing target indices.
-0.00032026196519534256 0.004615384615384615
Round 189: Accuracy = 0.6844, Decision = 0
No available target samples left. Reusing existing target indices.
No available target samples left. Reusing existing target indices.
-0.0007209174024561948 0.004615384615384615
Round 190: Accuracy = 0.6844, Decision = 0
No available target samples left. Reusing existing target indices.
No available target samples left. Reusing existing target indices.
0.00483191991224885 0.004615384615384615
Epoch 1/5, Loss: 0.1102
Epoch 2/5, Loss: 0.1284
Epoch 3/5, Loss: 0.1300
Epoch 4/5, Loss: 0.1271
Epoch 5/5, Loss: 0.1345
Round 191: Accuracy = 0.6844, Decision = 1
No available target samples left. Reusing existing target indices.
No available target samples left. Reusing existing target indices.
0.049266356043517576 0.016923076923076926
Epoch 1/5, Loss: 0.1337
Epoch 2/5, Loss: 0.1030
Epoch 3/5, Loss: 0.1048
Epoch 4/5, Loss: 0.0941
Epoch 5/5, Loss: 0.1378
Round 192: Accuracy = 0.6344, Decision = 1
No available target samples left. Reusing existing target indices.
No available target samples left. Reusing existing target indices.
0.004681946399311243 0.029230769230769234
Round 193: Accuracy = 0.6562, Decision = 0
No available target samples left. Reusing existing target indices.
No available target samples left. Reusing existing target indices.
-0.0009639780037105083 0.026153846153846156
Round 194: Accuracy = 0.6562, Decision = 0
No available target samples left. Reusing existing target indices.
No available target samples left. Reusing existing target indices.
0.0015787567632893629 0.02307692307692308
Round 195: Accuracy = 0.6562, Decision = 0
No available target samples left. Reusing existing target indices.
No available target samples left. Reusing existing target indices.
-0.007996595464646816 0.020000000000000004
Round 196: Accuracy = 0.6562, Decision = 0
No available target samples left. Reusing existing target indices.
No available target samples left. Reusing existing target indices.
0.002188521126906068 0.01692307692307693
Round 197: Accuracy = 0.6562, Decision = 0
No available target samples left. Reusing existing target indices.
No available target samples left. Reusing existing target indices.
0.0050554225842158185 0.013846153846153852
Round 198: Accuracy = 0.6562, Decision = 0
No available target samples left. Reusing existing target indices.
No available target samples left. Reusing existing target indices.
-0.0037471316754817963 0.010769230769230776
Round 199: Accuracy = 0.6562, Decision = 0
