Device: cuda
CUDA Version: 12.1
cuDNN Version: 8902
PyTorch Version: 2.3.0

Model used: PACSCNN_4
Initial dataset creation
Initial dataset creation
Initial loss: 0.35140079259872437
<__main__.Policy object at 0x14896e4ed070>
0.35140079259872437
Loss historical diff: 0.0; Loss Difference: 0.0, Decision: 0
Round 1 took 0.4021341800689697s, results:
{'t': 0, 'current_accuracy': 0.9140625, 'current_loss': 0.32906538248062134, 'train_loss': None, 'decision': 0, 'drift_rate': 0.0, 'target_domains': ['art_painting']}
Loss historical diff: 0.0; Loss Difference: 0.0, Decision: 0
Round 2 took 0.3884763717651367s, results:
{'t': 1, 'current_accuracy': 0.9140625, 'current_loss': 0.32906533777713776, 'train_loss': None, 'decision': 0, 'drift_rate': 0.0, 'target_domains': ['art_painting']}
Loss historical diff: 1.4901161193847656e-08; Loss Difference: 0.0, Decision: 0
Round 3 took 0.38955211639404297s, results:
{'t': 2, 'current_accuracy': 0.9140625, 'current_loss': 0.32906535267829895, 'train_loss': None, 'decision': 0, 'drift_rate': 0.0, 'target_domains': ['art_painting']}
Loss historical diff: 2.2351741790771484e-08; Loss Difference: 0.0, Decision: 0
Round 4 took 0.3919830322265625s, results:
{'t': 3, 'current_accuracy': 0.9140625, 'current_loss': 0.32906536012887955, 'train_loss': None, 'decision': 0, 'drift_rate': 0.0, 'target_domains': ['art_painting']}
Loss historical diff: 1.4901161193847656e-08; Loss Difference: 0.0, Decision: 0
Round 5 took 0.38870692253112793s, results:
{'t': 4, 'current_accuracy': 0.9140625, 'current_loss': 0.32906535267829895, 'train_loss': None, 'decision': 0, 'drift_rate': 0.0, 'target_domains': ['art_painting']}
Loss historical diff: 0.0; Loss Difference: 0.0, Decision: 0
Round 6 took 0.3876347541809082s, results:
{'t': 5, 'current_accuracy': 0.9140625, 'current_loss': 0.32906533777713776, 'train_loss': None, 'decision': 0, 'drift_rate': 0.0, 'target_domains': ['art_painting']}
Loss historical diff: 1.4901161193847656e-08; Loss Difference: 0.0, Decision: 0
Round 7 took 0.3874168395996094s, results:
{'t': 6, 'current_accuracy': 0.9140625, 'current_loss': 0.32906535267829895, 'train_loss': None, 'decision': 0, 'drift_rate': 0.0, 'target_domains': ['art_painting']}
Loss historical diff: 7.450580596923828e-09; Loss Difference: 0.0, Decision: 0
Round 8 took 0.3884437084197998s, results:
{'t': 7, 'current_accuracy': 0.9140625, 'current_loss': 0.32906534522771835, 'train_loss': None, 'decision': 0, 'drift_rate': 0.0, 'target_domains': ['art_painting']}
Loss historical diff: 4.470348358154297e-08; Loss Difference: 0.0, Decision: 0
Round 9 took 0.39188337326049805s, results:
{'t': 8, 'current_accuracy': 0.9140625, 'current_loss': 0.32906538248062134, 'train_loss': None, 'decision': 0, 'drift_rate': 0.0, 'target_domains': ['art_painting']}
Loss historical diff: 0.0; Loss Difference: 0.0, Decision: 0
Round 10 took 0.3887968063354492s, results:
{'t': 9, 'current_accuracy': 0.9140625, 'current_loss': 0.32906532287597656, 'train_loss': None, 'decision': 0, 'drift_rate': 0.0, 'target_domains': ['art_painting']}
Loss historical diff: 0.0; Loss Difference: 0.0, Decision: 0
Round 11 took 0.388441801071167s, results:
{'t': 10, 'current_accuracy': 0.9140625, 'current_loss': 0.32906532287597656, 'train_loss': None, 'decision': 0, 'drift_rate': 0.0, 'target_domains': ['art_painting']}
Loss historical diff: 1.4901161193847656e-08; Loss Difference: 0.0, Decision: 0
Round 12 took 0.38910603523254395s, results:
{'t': 11, 'current_accuracy': 0.9140625, 'current_loss': 0.32906533777713776, 'train_loss': None, 'decision': 0, 'drift_rate': 0.0, 'target_domains': ['art_painting']}
Loss historical diff: 4.172325134277344e-07; Loss Difference: 0.0, Decision: 0
Round 13 took 0.3884773254394531s, results:
{'t': 12, 'current_accuracy': 0.9140625, 'current_loss': 0.32906574010849, 'train_loss': None, 'decision': 0, 'drift_rate': 0.0, 'target_domains': ['art_painting']}
Loss historical diff: 1.4901161193847656e-08; Loss Difference: 0.0, Decision: 0
Round 14 took 0.38839221000671387s, results:
{'t': 13, 'current_accuracy': 0.9140625, 'current_loss': 0.32906533777713776, 'train_loss': None, 'decision': 0, 'drift_rate': 0.0, 'target_domains': ['art_painting']}
Loss historical diff: 0.0; Loss Difference: 0.0, Decision: 0
Round 15 took 0.3901069164276123s, results:
{'t': 14, 'current_accuracy': 0.9140625, 'current_loss': 0.32906532287597656, 'train_loss': None, 'decision': 0, 'drift_rate': 0.0, 'target_domains': ['art_painting']}
Loss historical diff: 1.4901161193847656e-08; Loss Difference: 0.0, Decision: 0
Round 16 took 0.3885612487792969s, results:
{'t': 15, 'current_accuracy': 0.9140625, 'current_loss': 0.32906533777713776, 'train_loss': None, 'decision': 0, 'drift_rate': 0.0, 'target_domains': ['art_painting']}
Loss historical diff: 4.470348358154297e-08; Loss Difference: 0.0, Decision: 0
Round 17 took 0.3886258602142334s, results:
{'t': 16, 'current_accuracy': 0.9140625, 'current_loss': 0.32906536757946014, 'train_loss': None, 'decision': 0, 'drift_rate': 0.0, 'target_domains': ['art_painting']}
Loss historical diff: 1.4901161193847656e-08; Loss Difference: 0.0, Decision: 0
Round 18 took 0.3888847827911377s, results:
{'t': 17, 'current_accuracy': 0.9140625, 'current_loss': 0.32906533777713776, 'train_loss': None, 'decision': 0, 'drift_rate': 0.0, 'target_domains': ['art_painting']}
Loss historical diff: 4.470348358154297e-08; Loss Difference: 0.0, Decision: 0
Round 19 took 0.39049506187438965s, results:
{'t': 18, 'current_accuracy': 0.9140625, 'current_loss': 0.32906536757946014, 'train_loss': None, 'decision': 0, 'drift_rate': 0.0, 'target_domains': ['art_painting']}
Loss historical diff: 1.4901161193847656e-08; Loss Difference: 0.0, Decision: 0
Round 20 took 0.3888816833496094s, results:
{'t': 19, 'current_accuracy': 0.9140625, 'current_loss': 0.32906533777713776, 'train_loss': None, 'decision': 0, 'drift_rate': 0.0, 'target_domains': ['art_painting']}
Loss historical diff: 1.341104507446289e-07; Loss Difference: 0.0, Decision: 0
Round 21 took 0.38874316215515137s, results:
{'t': 20, 'current_accuracy': 0.9140625, 'current_loss': 0.3290654569864273, 'train_loss': None, 'decision': 0, 'drift_rate': 0.0, 'target_domains': ['art_painting']}
Loss historical diff: 0.0; Loss Difference: 0.0, Decision: 0
Round 22 took 0.38886547088623047s, results:
{'t': 21, 'current_accuracy': 0.9140625, 'current_loss': 0.3290623128414154, 'train_loss': None, 'decision': 0, 'drift_rate': 0.0, 'target_domains': ['art_painting']}
Loss historical diff: 3.0174851417541504e-06; Loss Difference: 0.0, Decision: 0
Round 23 took 0.38930654525756836s, results:
{'t': 22, 'current_accuracy': 0.9140625, 'current_loss': 0.32906533032655716, 'train_loss': None, 'decision': 0, 'drift_rate': 0.0, 'target_domains': ['art_painting']}
Loss historical diff: 3.0249357223510742e-06; Loss Difference: 0.0, Decision: 0
Round 24 took 0.38707756996154785s, results:
{'t': 23, 'current_accuracy': 0.9140625, 'current_loss': 0.32906533777713776, 'train_loss': None, 'decision': 0, 'drift_rate': 0.0, 'target_domains': ['art_painting']}
Loss historical diff: 3.0174851417541504e-06; Loss Difference: 0.0, Decision: 0
Round 25 took 0.3914361000061035s, results:
{'t': 24, 'current_accuracy': 0.9140625, 'current_loss': 0.32906533032655716, 'train_loss': None, 'decision': 0, 'drift_rate': 0.0, 'target_domains': ['art_painting']}
Loss historical diff: 3.0547380447387695e-06; Loss Difference: 0.0, Decision: 0
Round 26 took 0.38861727714538574s, results:
{'t': 25, 'current_accuracy': 0.9140625, 'current_loss': 0.32906536757946014, 'train_loss': None, 'decision': 0, 'drift_rate': 0.0, 'target_domains': ['art_painting']}
Loss historical diff: 3.039836883544922e-06; Loss Difference: 0.0, Decision: 0
Round 27 took 0.3887019157409668s, results:
{'t': 26, 'current_accuracy': 0.9140625, 'current_loss': 0.32906535267829895, 'train_loss': None, 'decision': 0, 'drift_rate': 0.0, 'target_domains': ['art_painting']}
Loss historical diff: 3.032386302947998e-06; Loss Difference: 0.0, Decision: 0
Round 28 took 0.38823509216308594s, results:
{'t': 27, 'current_accuracy': 0.9140625, 'current_loss': 0.32906534522771835, 'train_loss': None, 'decision': 0, 'drift_rate': 0.0, 'target_domains': ['art_painting']}
Loss historical diff: 2.995133399963379e-06; Loss Difference: 0.0, Decision: 0
Round 29 took 0.3890812397003174s, results:
{'t': 28, 'current_accuracy': 0.9140625, 'current_loss': 0.32906530797481537, 'train_loss': None, 'decision': 0, 'drift_rate': 0.0, 'target_domains': ['art_painting']}
Loss historical diff: 4.842877388000488e-06; Loss Difference: 0.0, Decision: 0
Round 30 took 0.41661977767944336s, results:
{'t': 29, 'current_accuracy': 0.9140625, 'current_loss': 0.3290671557188034, 'train_loss': None, 'decision': 0, 'drift_rate': 0.0, 'target_domains': ['art_painting']}
Loss historical diff: 3.0100345611572266e-06; Loss Difference: 0.0, Decision: 0
Round 31 took 0.3892085552215576s, results:
{'t': 30, 'current_accuracy': 0.9140625, 'current_loss': 0.32906532287597656, 'train_loss': None, 'decision': 0, 'drift_rate': 0.0, 'target_domains': ['art_painting']}
Loss historical diff: 1.475214958190918e-06; Loss Difference: 0.0, Decision: 0
Round 32 took 0.38817334175109863s, results:
{'t': 31, 'current_accuracy': 0.9140625, 'current_loss': 0.3290637880563736, 'train_loss': None, 'decision': 0, 'drift_rate': 0.0, 'target_domains': ['art_painting']}
Loss historical diff: 3.039836883544922e-06; Loss Difference: 0.0, Decision: 0
Round 33 took 0.388547420501709s, results:
{'t': 32, 'current_accuracy': 0.9140625, 'current_loss': 0.32906535267829895, 'train_loss': None, 'decision': 0, 'drift_rate': 0.0, 'target_domains': ['art_painting']}
Loss historical diff: 3.0472874641418457e-06; Loss Difference: 0.0, Decision: 0
Round 34 took 0.39260149002075195s, results:
{'t': 33, 'current_accuracy': 0.9140625, 'current_loss': 0.32906536012887955, 'train_loss': None, 'decision': 0, 'drift_rate': 0.0, 'target_domains': ['art_painting']}
Loss historical diff: 2.9802322387695312e-06; Loss Difference: 0.0, Decision: 0
Round 35 took 0.39130306243896484s, results:
{'t': 34, 'current_accuracy': 0.9140625, 'current_loss': 0.3290652930736542, 'train_loss': None, 'decision': 0, 'drift_rate': 0.0, 'target_domains': ['art_painting']}
Loss historical diff: 2.1085143089294434e-06; Loss Difference: 0.0, Decision: 0
Round 36 took 0.3897371292114258s, results:
{'t': 35, 'current_accuracy': 0.9140625, 'current_loss': 0.32906442135572433, 'train_loss': None, 'decision': 0, 'drift_rate': 0.0, 'target_domains': ['art_painting']}
Loss historical diff: 3.0100345611572266e-06; Loss Difference: 0.0, Decision: 0
Round 37 took 0.3898758888244629s, results:
{'t': 36, 'current_accuracy': 0.9140625, 'current_loss': 0.32906532287597656, 'train_loss': None, 'decision': 0, 'drift_rate': 0.0, 'target_domains': ['art_painting']}
Loss historical diff: 3.032386302947998e-06; Loss Difference: 0.0, Decision: 0
Round 38 took 0.389284610748291s, results:
{'t': 37, 'current_accuracy': 0.9140625, 'current_loss': 0.32906534522771835, 'train_loss': None, 'decision': 0, 'drift_rate': 0.0, 'target_domains': ['art_painting']}
Loss historical diff: 3.039836883544922e-06; Loss Difference: 0.0, Decision: 0
Round 39 took 0.39175915718078613s, results:
{'t': 38, 'current_accuracy': 0.9140625, 'current_loss': 0.32906535267829895, 'train_loss': None, 'decision': 0, 'drift_rate': 0.0, 'target_domains': ['art_painting']}
Loss historical diff: 3.0249357223510742e-06; Loss Difference: 0.0, Decision: 0
Round 40 took 0.38971471786499023s, results:
{'t': 39, 'current_accuracy': 0.9140625, 'current_loss': 0.32906533777713776, 'train_loss': None, 'decision': 0, 'drift_rate': 0.0, 'target_domains': ['art_painting']}
Loss historical diff: 3.039836883544922e-06; Loss Difference: 0.0, Decision: 0
Round 41 took 0.3886597156524658s, results:
{'t': 40, 'current_accuracy': 0.9140625, 'current_loss': 0.32906535267829895, 'train_loss': None, 'decision': 0, 'drift_rate': 0.0, 'target_domains': ['art_painting']}
Loss historical diff: 2.995133399963379e-06; Loss Difference: 0.0, Decision: 0
Round 42 took 0.38858580589294434s, results:
{'t': 41, 'current_accuracy': 0.9140625, 'current_loss': 0.32906530797481537, 'train_loss': None, 'decision': 0, 'drift_rate': 0.0, 'target_domains': ['art_painting']}
Loss historical diff: 2.995133399963379e-06; Loss Difference: 0.0, Decision: 0
Round 43 took 0.38925981521606445s, results:
{'t': 42, 'current_accuracy': 0.9140625, 'current_loss': 0.32906530797481537, 'train_loss': None, 'decision': 0, 'drift_rate': 0.0, 'target_domains': ['art_painting']}
Loss historical diff: 2.995133399963379e-06; Loss Difference: 0.0, Decision: 0
Round 44 took 0.3894076347351074s, results:
{'t': 43, 'current_accuracy': 0.9140625, 'current_loss': 0.32906530797481537, 'train_loss': None, 'decision': 0, 'drift_rate': 0.0, 'target_domains': ['art_painting']}
Loss historical diff: 3.0100345611572266e-06; Loss Difference: 0.0, Decision: 0
Round 45 took 0.38792920112609863s, results:
{'t': 44, 'current_accuracy': 0.9140625, 'current_loss': 0.32906532287597656, 'train_loss': None, 'decision': 0, 'drift_rate': 0.0, 'target_domains': ['art_painting']}
Loss historical diff: 3.084540367126465e-06; Loss Difference: 0.0, Decision: 0
Round 46 took 0.3895115852355957s, results:
{'t': 45, 'current_accuracy': 0.9140625, 'current_loss': 0.32906539738178253, 'train_loss': None, 'decision': 0, 'drift_rate': 0.0, 'target_domains': ['art_painting']}
Loss historical diff: 2.8014183044433594e-06; Loss Difference: 0.0, Decision: 0
Round 47 took 0.3890249729156494s, results:
{'t': 46, 'current_accuracy': 0.9140625, 'current_loss': 0.32906511425971985, 'train_loss': None, 'decision': 0, 'drift_rate': 0.0, 'target_domains': ['art_painting']}
Loss historical diff: 2.428889274597168e-06; Loss Difference: 0.0, Decision: 0
Round 48 took 0.388683557510376s, results:
{'t': 47, 'current_accuracy': 0.9140625, 'current_loss': 0.32906474173069, 'train_loss': None, 'decision': 0, 'drift_rate': 0.0, 'target_domains': ['art_painting']}
Loss historical diff: 3.039836883544922e-06; Loss Difference: 0.0, Decision: 0
Round 49 took 0.3890557289123535s, results:
{'t': 48, 'current_accuracy': 0.9140625, 'current_loss': 0.32906535267829895, 'train_loss': None, 'decision': 0, 'drift_rate': 0.0, 'target_domains': ['art_painting']}
Loss historical diff: 3.0472874641418457e-06; Loss Difference: 0.0, Decision: 0
Round 50 took 0.3882627487182617s, results:
{'t': 49, 'current_accuracy': 0.9140625, 'current_loss': 0.32906536012887955, 'train_loss': None, 'decision': 0, 'drift_rate': 0.0, 'target_domains': ['art_painting']}
Loss historical diff: 0.08466379344463348; Loss Difference: 0.0, Decision: 0
Round 51 took 0.39106321334838867s, results:
{'t': 50, 'current_accuracy': 0.89453125, 'current_loss': 0.4137261062860489, 'train_loss': None, 'decision': 0, 'drift_rate': 0.032, 'target_domains': ['photo']}
Loss historical diff: 0.17776618897914886; Loss Difference: 0.0, Decision: 0
Round 52 took 0.3957970142364502s, results:
{'t': 51, 'current_accuracy': 0.87890625, 'current_loss': 0.5068285018205643, 'train_loss': None, 'decision': 0, 'drift_rate': 0.032, 'target_domains': ['photo']}
Loss historical diff: 0.2538740783929825; Loss Difference: 0.0, Decision: 0
Round 53 took 0.3900492191314697s, results:
{'t': 52, 'current_accuracy': 0.86328125, 'current_loss': 0.5829363912343979, 'train_loss': None, 'decision': 0, 'drift_rate': 0.032, 'target_domains': ['photo']}
Loss historical diff: 0.27108627557754517; Loss Difference: 0.0, Decision: 0
Round 54 took 0.38930487632751465s, results:
{'t': 53, 'current_accuracy': 0.86328125, 'current_loss': 0.6001485884189606, 'train_loss': None, 'decision': 0, 'drift_rate': 0.032, 'target_domains': ['photo']}
Loss historical diff: 0.3369064927101135; Loss Difference: 0.0, Decision: 0
Round 55 took 0.3899710178375244s, results:
{'t': 54, 'current_accuracy': 0.8515625, 'current_loss': 0.6659688055515289, 'train_loss': None, 'decision': 0, 'drift_rate': 0.032, 'target_domains': ['photo']}
Loss historical diff: 0.45840877294540405; Loss Difference: 0.0, Decision: 0
Round 56 took 0.3904683589935303s, results:
{'t': 55, 'current_accuracy': 0.83203125, 'current_loss': 0.7874710857868195, 'train_loss': None, 'decision': 0, 'drift_rate': 0.032, 'target_domains': ['photo']}
Loss historical diff: 0.4916592538356781; Loss Difference: 0.0, Decision: 0
Round 57 took 0.39105892181396484s, results:
{'t': 56, 'current_accuracy': 0.82421875, 'current_loss': 0.8207215666770935, 'train_loss': None, 'decision': 0, 'drift_rate': 0.032, 'target_domains': ['photo']}
Loss historical diff: 0.5753327012062073; Loss Difference: 0.0, Decision: 0
Round 58 took 0.3896446228027344s, results:
{'t': 57, 'current_accuracy': 0.80078125, 'current_loss': 0.9043950140476227, 'train_loss': None, 'decision': 0, 'drift_rate': 0.032, 'target_domains': ['photo']}
Loss historical diff: 0.6687145531177521; Loss Difference: 0.0, Decision: 0
Round 59 took 0.39559030532836914s, results:
{'t': 58, 'current_accuracy': 0.77734375, 'current_loss': 0.9977768659591675, 'train_loss': None, 'decision': 0, 'drift_rate': 0.032, 'target_domains': ['photo']}
Loss historical diff: 0.7263766527175903; Loss Difference: 0.0, Decision: 0
Round 60 took 0.3897581100463867s, results:
{'t': 59, 'current_accuracy': 0.765625, 'current_loss': 1.0554389655590057, 'train_loss': None, 'decision': 0, 'drift_rate': 0.032, 'target_domains': ['photo']}
Loss historical diff: 0.7602115571498871; Loss Difference: 0.0, Decision: 0
Round 61 took 0.3905622959136963s, results:
{'t': 60, 'current_accuracy': 0.75, 'current_loss': 1.0892738699913025, 'train_loss': None, 'decision': 0, 'drift_rate': 0.032, 'target_domains': ['photo']}
Loss historical diff: 0.7991121113300323; Loss Difference: 0.0, Decision: 0
Round 62 took 0.39049744606018066s, results:
{'t': 61, 'current_accuracy': 0.7421875, 'current_loss': 1.1281744241714478, 'train_loss': None, 'decision': 0, 'drift_rate': 0.032, 'target_domains': ['photo']}
Loss historical diff: 0.7939832508563995; Loss Difference: 0.0, Decision: 0
Round 63 took 0.3894977569580078s, results:
{'t': 62, 'current_accuracy': 0.73828125, 'current_loss': 1.123045563697815, 'train_loss': None, 'decision': 0, 'drift_rate': 0.032, 'target_domains': ['photo']}
Loss historical diff: 0.8453658521175385; Loss Difference: 0.0, Decision: 0
Round 64 took 0.38942408561706543s, results:
{'t': 63, 'current_accuracy': 0.72265625, 'current_loss': 1.1744281649589539, 'train_loss': None, 'decision': 0, 'drift_rate': 0.032, 'target_domains': ['photo']}
Loss historical diff: 0.9608250558376312; Loss Difference: 0.0, Decision: 0
Round 65 took 0.391127347946167s, results:
{'t': 64, 'current_accuracy': 0.7109375, 'current_loss': 1.2898873686790466, 'train_loss': None, 'decision': 0, 'drift_rate': 0.032, 'target_domains': ['photo']}
Loss historical diff: 0.9929392635822296; Loss Difference: 0.0, Decision: 0
Round 66 took 0.3914933204650879s, results:
{'t': 65, 'current_accuracy': 0.69921875, 'current_loss': 1.322001576423645, 'train_loss': None, 'decision': 0, 'drift_rate': 0.032, 'target_domains': ['photo']}
Loss historical diff: 1.0578201115131378; Loss Difference: 0.0, Decision: 0
Round 67 took 0.38983917236328125s, results:
{'t': 66, 'current_accuracy': 0.68359375, 'current_loss': 1.3868824243545532, 'train_loss': None, 'decision': 0, 'drift_rate': 0.032, 'target_domains': ['photo']}
Loss historical diff: 1.1027913987636566; Loss Difference: 0.0, Decision: 0
Round 68 took 0.38984012603759766s, results:
{'t': 67, 'current_accuracy': 0.671875, 'current_loss': 1.431853711605072, 'train_loss': None, 'decision': 0, 'drift_rate': 0.032, 'target_domains': ['photo']}
Loss historical diff: 1.172829657793045; Loss Difference: 0.0, Decision: 0
Round 69 took 0.3902430534362793s, results:
{'t': 68, 'current_accuracy': 0.66015625, 'current_loss': 1.5018919706344604, 'train_loss': None, 'decision': 0, 'drift_rate': 0.032, 'target_domains': ['photo']}
Loss historical diff: 1.2374655902385712; Loss Difference: 0.0, Decision: 0
Round 70 took 0.3903360366821289s, results:
{'t': 69, 'current_accuracy': 0.64453125, 'current_loss': 1.5665279030799866, 'train_loss': None, 'decision': 0, 'drift_rate': 0.032, 'target_domains': ['photo']}
Loss historical diff: 1.3487681448459625; Loss Difference: 0.0, Decision: 0
Round 71 took 0.3935999870300293s, results:
{'t': 70, 'current_accuracy': 0.62890625, 'current_loss': 1.677830457687378, 'train_loss': None, 'decision': 0, 'drift_rate': 0.032, 'target_domains': ['photo']}
Loss historical diff: 1.4709297716617584; Loss Difference: 0.0, Decision: 0
Round 72 took 0.39175868034362793s, results:
{'t': 71, 'current_accuracy': 0.609375, 'current_loss': 1.7999920845031738, 'train_loss': None, 'decision': 0, 'drift_rate': 0.032, 'target_domains': ['photo']}
Loss historical diff: 1.5031149685382843; Loss Difference: 0.0, Decision: 0
Round 73 took 0.3897109031677246s, results:
{'t': 72, 'current_accuracy': 0.59375, 'current_loss': 1.8321772813796997, 'train_loss': None, 'decision': 0, 'drift_rate': 0.032, 'target_domains': ['photo']}
Loss historical diff: 1.5928312242031097; Loss Difference: 0.0, Decision: 0
Round 74 took 0.3896622657775879s, results:
{'t': 73, 'current_accuracy': 0.578125, 'current_loss': 1.9218935370445251, 'train_loss': None, 'decision': 0, 'drift_rate': 0.032, 'target_domains': ['photo']}
Loss historical diff: 1.6575023233890533; Loss Difference: 0.0, Decision: 0
Round 75 took 0.38945722579956055s, results:
{'t': 74, 'current_accuracy': 0.5625, 'current_loss': 1.9865646362304688, 'train_loss': None, 'decision': 0, 'drift_rate': 0.032, 'target_domains': ['photo']}
Loss historical diff: 1.7202610075473785; Loss Difference: 0.0, Decision: 0
Round 76 took 0.3902244567871094s, results:
{'t': 75, 'current_accuracy': 0.5546875, 'current_loss': 2.049323320388794, 'train_loss': None, 'decision': 0, 'drift_rate': 0.032, 'target_domains': ['photo']}
Loss historical diff: 1.8120886385440826; Loss Difference: 0.0, Decision: 0
Round 77 took 0.3905811309814453s, results:
{'t': 76, 'current_accuracy': 0.5390625, 'current_loss': 2.141150951385498, 'train_loss': None, 'decision': 0, 'drift_rate': 0.032, 'target_domains': ['photo']}
Loss historical diff: 1.8940764963626862; Loss Difference: 0.0, Decision: 0
Round 78 took 0.3918771743774414s, results:
{'t': 77, 'current_accuracy': 0.5234375, 'current_loss': 2.2231388092041016, 'train_loss': None, 'decision': 0, 'drift_rate': 0.032, 'target_domains': ['photo']}
Loss historical diff: 1.928826481103897; Loss Difference: 0.0, Decision: 0
Round 79 took 0.3908815383911133s, results:
{'t': 78, 'current_accuracy': 0.51171875, 'current_loss': 2.2578887939453125, 'train_loss': None, 'decision': 0, 'drift_rate': 0.032, 'target_domains': ['photo']}
Loss historical diff: 2.006482869386673; Loss Difference: 0.0, Decision: 0
Round 80 took 0.38927531242370605s, results:
{'t': 79, 'current_accuracy': 0.4921875, 'current_loss': 2.3355451822280884, 'train_loss': None, 'decision': 0, 'drift_rate': 0.032, 'target_domains': ['photo']}
Loss historical diff: 2.0064819157123566; Loss Difference: 0.0, Decision: 0
Round 81 took 0.3883957862854004s, results:
{'t': 80, 'current_accuracy': 0.4921875, 'current_loss': 2.335544228553772, 'train_loss': None, 'decision': 0, 'drift_rate': 0.0, 'target_domains': ['photo']}
Loss historical diff: 2.006482869386673; Loss Difference: 0.0, Decision: 0
Round 82 took 0.3887772560119629s, results:
{'t': 81, 'current_accuracy': 0.4921875, 'current_loss': 2.3355451822280884, 'train_loss': None, 'decision': 0, 'drift_rate': 0.0, 'target_domains': ['photo']}
Loss historical diff: 2.006483346223831; Loss Difference: 0.0, Decision: 0
Round 83 took 0.38788533210754395s, results:
{'t': 82, 'current_accuracy': 0.4921875, 'current_loss': 2.3355456590652466, 'train_loss': None, 'decision': 0, 'drift_rate': 0.0, 'target_domains': ['photo']}
Loss historical diff: 2.006483346223831; Loss Difference: 0.0, Decision: 0
Round 84 took 0.3916621208190918s, results:
{'t': 83, 'current_accuracy': 0.4921875, 'current_loss': 2.3355456590652466, 'train_loss': None, 'decision': 0, 'drift_rate': 0.0, 'target_domains': ['photo']}
Loss historical diff: 2.0064827501773834; Loss Difference: 0.0, Decision: 0
Round 85 took 0.387911319732666s, results:
{'t': 84, 'current_accuracy': 0.4921875, 'current_loss': 2.335545063018799, 'train_loss': None, 'decision': 0, 'drift_rate': 0.0, 'target_domains': ['photo']}
Loss historical diff: 2.006483346223831; Loss Difference: 0.0, Decision: 0
Round 86 took 0.3884754180908203s, results:
{'t': 85, 'current_accuracy': 0.4921875, 'current_loss': 2.3355456590652466, 'train_loss': None, 'decision': 0, 'drift_rate': 0.0, 'target_domains': ['photo']}
Loss historical diff: 2.0064825117588043; Loss Difference: 0.0, Decision: 0
Round 87 took 0.3877565860748291s, results:
{'t': 86, 'current_accuracy': 0.4921875, 'current_loss': 2.3355448246002197, 'train_loss': None, 'decision': 0, 'drift_rate': 0.0, 'target_domains': ['photo']}
Loss historical diff: 2.006482869386673; Loss Difference: 0.0, Decision: 0
Round 88 took 0.3878810405731201s, results:
{'t': 87, 'current_accuracy': 0.4921875, 'current_loss': 2.3355451822280884, 'train_loss': None, 'decision': 0, 'drift_rate': 0.0, 'target_domains': ['photo']}
Loss historical diff: 2.006482869386673; Loss Difference: 0.0, Decision: 0
Round 89 took 0.38869619369506836s, results:
{'t': 88, 'current_accuracy': 0.4921875, 'current_loss': 2.3355451822280884, 'train_loss': None, 'decision': 0, 'drift_rate': 0.0, 'target_domains': ['photo']}
Loss historical diff: 2.006481796503067; Loss Difference: 0.0, Decision: 0
Round 90 took 0.38887786865234375s, results:
{'t': 89, 'current_accuracy': 0.4921875, 'current_loss': 2.3355441093444824, 'train_loss': None, 'decision': 0, 'drift_rate': 0.0, 'target_domains': ['photo']}
Loss historical diff: 2.0064832270145416; Loss Difference: 0.0, Decision: 0
Round 91 took 0.3903007507324219s, results:
{'t': 90, 'current_accuracy': 0.4921875, 'current_loss': 2.335545539855957, 'train_loss': None, 'decision': 0, 'drift_rate': 0.0, 'target_domains': ['photo']}
Loss historical diff: 2.006482869386673; Loss Difference: 0.0, Decision: 0
Round 92 took 0.38831639289855957s, results:
{'t': 91, 'current_accuracy': 0.4921875, 'current_loss': 2.3355451822280884, 'train_loss': None, 'decision': 0, 'drift_rate': 0.0, 'target_domains': ['photo']}
Loss historical diff: 2.00648096203804; Loss Difference: 0.0, Decision: 0
Round 93 took 0.38815855979919434s, results:
{'t': 92, 'current_accuracy': 0.4921875, 'current_loss': 2.3355432748794556, 'train_loss': None, 'decision': 0, 'drift_rate': 0.0, 'target_domains': ['photo']}
Loss historical diff: 2.0064829885959625; Loss Difference: 0.0, Decision: 0
Round 94 took 0.3884613513946533s, results:
{'t': 93, 'current_accuracy': 0.4921875, 'current_loss': 2.335545301437378, 'train_loss': None, 'decision': 0, 'drift_rate': 0.0, 'target_domains': ['photo']}
Loss historical diff: 2.00648096203804; Loss Difference: 0.0, Decision: 0
Round 95 took 0.38861656188964844s, results:
{'t': 94, 'current_accuracy': 0.4921875, 'current_loss': 2.3355432748794556, 'train_loss': None, 'decision': 0, 'drift_rate': 0.0, 'target_domains': ['photo']}
Loss historical diff: 2.0064832270145416; Loss Difference: 0.0, Decision: 0
Round 96 took 0.38769078254699707s, results:
{'t': 95, 'current_accuracy': 0.4921875, 'current_loss': 2.335545539855957, 'train_loss': None, 'decision': 0, 'drift_rate': 0.0, 'target_domains': ['photo']}
Loss historical diff: 2.0064827501773834; Loss Difference: 0.0, Decision: 0
Round 97 took 0.38968443870544434s, results:
{'t': 96, 'current_accuracy': 0.4921875, 'current_loss': 2.335545063018799, 'train_loss': None, 'decision': 0, 'drift_rate': 0.0, 'target_domains': ['photo']}
Loss historical diff: 2.0064858496189117; Loss Difference: 0.0, Decision: 0
Round 98 took 0.3876986503601074s, results:
{'t': 97, 'current_accuracy': 0.4921875, 'current_loss': 2.335548162460327, 'train_loss': None, 'decision': 0, 'drift_rate': 0.0, 'target_domains': ['photo']}
Loss historical diff: 2.0064858496189117; Loss Difference: 0.0, Decision: 0
Round 99 took 0.3881556987762451s, results:
{'t': 98, 'current_accuracy': 0.4921875, 'current_loss': 2.335548162460327, 'train_loss': None, 'decision': 0, 'drift_rate': 0.0, 'target_domains': ['photo']}
Loss historical diff: 2.0064821541309357; Loss Difference: 0.0, Decision: 0
Round 100 took 0.3875141143798828s, results:
{'t': 99, 'current_accuracy': 0.4921875, 'current_loss': 2.335544466972351, 'train_loss': None, 'decision': 0, 'drift_rate': 0.0, 'target_domains': ['photo']}
Loss historical diff: 2.0064829885959625; Loss Difference: 0.0, Decision: 0
Round 101 took 0.38822054862976074s, results:
{'t': 100, 'current_accuracy': 0.4921875, 'current_loss': 2.335545301437378, 'train_loss': None, 'decision': 0, 'drift_rate': 0.0, 'target_domains': ['photo']}
Loss historical diff: 2.0064823925495148; Loss Difference: 0.0, Decision: 0
Round 102 took 0.3883352279663086s, results:
{'t': 101, 'current_accuracy': 0.4921875, 'current_loss': 2.33554470539093, 'train_loss': None, 'decision': 0, 'drift_rate': 0.0, 'target_domains': ['photo']}
Loss historical diff: 2.0064827501773834; Loss Difference: 0.0, Decision: 0
Round 103 took 0.38794970512390137s, results:
{'t': 102, 'current_accuracy': 0.4921875, 'current_loss': 2.335545063018799, 'train_loss': None, 'decision': 0, 'drift_rate': 0.0, 'target_domains': ['photo']}
Loss historical diff: 2.0064834654331207; Loss Difference: 0.0, Decision: 0
Round 104 took 0.38849377632141113s, results:
{'t': 103, 'current_accuracy': 0.4921875, 'current_loss': 2.335545778274536, 'train_loss': None, 'decision': 0, 'drift_rate': 0.0, 'target_domains': ['photo']}
Loss historical diff: 2.006482034921646; Loss Difference: 0.0, Decision: 0
Round 105 took 0.38869333267211914s, results:
{'t': 104, 'current_accuracy': 0.4921875, 'current_loss': 2.3355443477630615, 'train_loss': None, 'decision': 0, 'drift_rate': 0.0, 'target_domains': ['photo']}
Loss historical diff: 2.0064827501773834; Loss Difference: 0.0, Decision: 0
Round 106 took 0.3880326747894287s, results:
{'t': 105, 'current_accuracy': 0.4921875, 'current_loss': 2.335545063018799, 'train_loss': None, 'decision': 0, 'drift_rate': 0.0, 'target_domains': ['photo']}
Loss historical diff: 2.0064829885959625; Loss Difference: 0.0, Decision: 0
Round 107 took 0.3887920379638672s, results:
{'t': 106, 'current_accuracy': 0.4921875, 'current_loss': 2.335545301437378, 'train_loss': None, 'decision': 0, 'drift_rate': 0.0, 'target_domains': ['photo']}
Loss historical diff: 2.0064840614795685; Loss Difference: 0.0, Decision: 0
Round 108 took 0.38855934143066406s, results:
{'t': 107, 'current_accuracy': 0.4921875, 'current_loss': 2.335546374320984, 'train_loss': None, 'decision': 0, 'drift_rate': 0.0, 'target_domains': ['photo']}
Loss historical diff: 2.006483346223831; Loss Difference: 0.0, Decision: 0
Round 109 took 0.41082143783569336s, results:
{'t': 108, 'current_accuracy': 0.4921875, 'current_loss': 2.3355456590652466, 'train_loss': None, 'decision': 0, 'drift_rate': 0.0, 'target_domains': ['photo']}
Loss historical diff: 2.006482869386673; Loss Difference: 0.0, Decision: 0
Round 110 took 0.39507007598876953s, results:
{'t': 109, 'current_accuracy': 0.4921875, 'current_loss': 2.3355451822280884, 'train_loss': None, 'decision': 0, 'drift_rate': 0.0, 'target_domains': ['photo']}
Loss historical diff: 2.0064825117588043; Loss Difference: 0.0, Decision: 0
Round 111 took 0.3885664939880371s, results:
{'t': 110, 'current_accuracy': 0.4921875, 'current_loss': 2.3355448246002197, 'train_loss': None, 'decision': 0, 'drift_rate': 0.0, 'target_domains': ['photo']}
Loss historical diff: 2.006482869386673; Loss Difference: 0.0, Decision: 0
Round 112 took 0.3885045051574707s, results:
{'t': 111, 'current_accuracy': 0.4921875, 'current_loss': 2.3355451822280884, 'train_loss': None, 'decision': 0, 'drift_rate': 0.0, 'target_domains': ['photo']}
Loss historical diff: 2.0064821541309357; Loss Difference: 0.0, Decision: 0
Round 113 took 0.3886837959289551s, results:
{'t': 112, 'current_accuracy': 0.4921875, 'current_loss': 2.335544466972351, 'train_loss': None, 'decision': 0, 'drift_rate': 0.0, 'target_domains': ['photo']}
Loss historical diff: 2.006484180688858; Loss Difference: 0.0, Decision: 0
Round 114 took 0.3879125118255615s, results:
{'t': 113, 'current_accuracy': 0.4921875, 'current_loss': 2.3355464935302734, 'train_loss': None, 'decision': 0, 'drift_rate': 0.0, 'target_domains': ['photo']}
Loss historical diff: 2.0064830482006073; Loss Difference: 0.0, Decision: 0
Round 115 took 0.389528751373291s, results:
{'t': 114, 'current_accuracy': 0.4921875, 'current_loss': 2.3355453610420227, 'train_loss': None, 'decision': 0, 'drift_rate': 0.0, 'target_domains': ['photo']}
Loss historical diff: 2.006482869386673; Loss Difference: 0.0, Decision: 0
Round 116 took 0.3905472755432129s, results:
{'t': 115, 'current_accuracy': 0.4921875, 'current_loss': 2.3355451822280884, 'train_loss': None, 'decision': 0, 'drift_rate': 0.0, 'target_domains': ['photo']}
Loss historical diff: 2.0064829885959625; Loss Difference: 0.0, Decision: 0
Round 117 took 0.3891263008117676s, results:
{'t': 116, 'current_accuracy': 0.4921875, 'current_loss': 2.335545301437378, 'train_loss': None, 'decision': 0, 'drift_rate': 0.0, 'target_domains': ['photo']}
Loss historical diff: 2.006484180688858; Loss Difference: 0.0, Decision: 0
Round 118 took 0.389723539352417s, results:
{'t': 117, 'current_accuracy': 0.4921875, 'current_loss': 2.3355464935302734, 'train_loss': None, 'decision': 0, 'drift_rate': 0.0, 'target_domains': ['photo']}
Loss historical diff: 2.0064846575260162; Loss Difference: 0.0, Decision: 0
Round 119 took 0.3887159824371338s, results:
{'t': 118, 'current_accuracy': 0.4921875, 'current_loss': 2.3355469703674316, 'train_loss': None, 'decision': 0, 'drift_rate': 0.0, 'target_domains': ['photo']}
Loss historical diff: 2.006482034921646; Loss Difference: 0.0, Decision: 0
Round 120 took 0.3890652656555176s, results:
{'t': 119, 'current_accuracy': 0.4921875, 'current_loss': 2.3355443477630615, 'train_loss': None, 'decision': 0, 'drift_rate': 0.0, 'target_domains': ['photo']}
Loss historical diff: 2.0622312128543854; Loss Difference: 0.0, Decision: 0
Round 121 took 0.38996410369873047s, results:
{'t': 120, 'current_accuracy': 0.484375, 'current_loss': 2.391293525695801, 'train_loss': None, 'decision': 0, 'drift_rate': 0.032, 'target_domains': ['cartoon']}
Loss historical diff: 2.030041843652725; Loss Difference: 0.0, Decision: 0
Round 122 took 0.3918437957763672s, results:
{'t': 121, 'current_accuracy': 0.484375, 'current_loss': 2.3591041564941406, 'train_loss': None, 'decision': 0, 'drift_rate': 0.032, 'target_domains': ['cartoon']}
Loss historical diff: 2.1155265867710114; Loss Difference: 0.0, Decision: 0
Round 123 took 0.3910837173461914s, results:
{'t': 122, 'current_accuracy': 0.48046875, 'current_loss': 2.4445888996124268, 'train_loss': None, 'decision': 0, 'drift_rate': 0.032, 'target_domains': ['cartoon']}
Loss historical diff: 2.1730314791202545; Loss Difference: 0.0, Decision: 0
Round 124 took 0.39009833335876465s, results:
{'t': 123, 'current_accuracy': 0.484375, 'current_loss': 2.50209379196167, 'train_loss': None, 'decision': 0, 'drift_rate': 0.032, 'target_domains': ['cartoon']}
Loss historical diff: 2.247077614068985; Loss Difference: 0.0, Decision: 0
Round 125 took 0.39023685455322266s, results:
{'t': 124, 'current_accuracy': 0.46875, 'current_loss': 2.5761399269104004, 'train_loss': None, 'decision': 0, 'drift_rate': 0.032, 'target_domains': ['cartoon']}
Loss historical diff: 2.207047611474991; Loss Difference: 0.0, Decision: 0
Round 126 took 0.3908271789550781s, results:
{'t': 125, 'current_accuracy': 0.47265625, 'current_loss': 2.5361099243164062, 'train_loss': None, 'decision': 0, 'drift_rate': 0.032, 'target_domains': ['cartoon']}
Loss historical diff: 2.2121227085590363; Loss Difference: 0.0, Decision: 0
Round 127 took 0.38993382453918457s, results:
{'t': 126, 'current_accuracy': 0.4765625, 'current_loss': 2.5411850214004517, 'train_loss': None, 'decision': 0, 'drift_rate': 0.032, 'target_domains': ['cartoon']}
Loss historical diff: 2.2493334114551544; Loss Difference: 0.0, Decision: 0
Round 128 took 0.3905024528503418s, results:
{'t': 127, 'current_accuracy': 0.46484375, 'current_loss': 2.57839572429657, 'train_loss': None, 'decision': 0, 'drift_rate': 0.032, 'target_domains': ['cartoon']}
Loss historical diff: 2.1956019699573517; Loss Difference: 0.0, Decision: 0
Round 129 took 0.38958740234375s, results:
{'t': 128, 'current_accuracy': 0.4765625, 'current_loss': 2.524664282798767, 'train_loss': None, 'decision': 0, 'drift_rate': 0.032, 'target_domains': ['cartoon']}
Loss historical diff: 2.2793709337711334; Loss Difference: 0.0, Decision: 0
Round 130 took 0.39083242416381836s, results:
{'t': 129, 'current_accuracy': 0.46484375, 'current_loss': 2.608433246612549, 'train_loss': None, 'decision': 0, 'drift_rate': 0.032, 'target_domains': ['cartoon']}
Loss historical diff: 2.2351180613040924; Loss Difference: 0.0, Decision: 0
Round 131 took 0.39087462425231934s, results:
{'t': 130, 'current_accuracy': 0.46875, 'current_loss': 2.564180374145508, 'train_loss': None, 'decision': 0, 'drift_rate': 0.032, 'target_domains': ['cartoon']}
Loss historical diff: 2.2630381882190704; Loss Difference: 0.0, Decision: 0
Round 132 took 0.39057493209838867s, results:
{'t': 131, 'current_accuracy': 0.45703125, 'current_loss': 2.592100501060486, 'train_loss': None, 'decision': 0, 'drift_rate': 0.032, 'target_domains': ['cartoon']}
Loss historical diff: 2.263460785150528; Loss Difference: 0.0, Decision: 0
Round 133 took 0.39017558097839355s, results:
{'t': 132, 'current_accuracy': 0.453125, 'current_loss': 2.5925230979919434, 'train_loss': None, 'decision': 0, 'drift_rate': 0.032, 'target_domains': ['cartoon']}
Loss historical diff: 2.3347165882587433; Loss Difference: 0.0, Decision: 0
Round 134 took 0.3910524845123291s, results:
{'t': 133, 'current_accuracy': 0.43359375, 'current_loss': 2.6637789011001587, 'train_loss': None, 'decision': 0, 'drift_rate': 0.032, 'target_domains': ['cartoon']}
Loss historical diff: 2.3236294090747833; Loss Difference: 0.0, Decision: 0
Round 135 took 0.3905980587005615s, results:
{'t': 134, 'current_accuracy': 0.4453125, 'current_loss': 2.6526917219161987, 'train_loss': None, 'decision': 0, 'drift_rate': 0.032, 'target_domains': ['cartoon']}
Loss historical diff: 2.3717550337314606; Loss Difference: 0.0, Decision: 0
Round 136 took 0.3895237445831299s, results:
{'t': 135, 'current_accuracy': 0.43359375, 'current_loss': 2.700817346572876, 'train_loss': None, 'decision': 0, 'drift_rate': 0.032, 'target_domains': ['cartoon']}
Loss historical diff: 2.354741007089615; Loss Difference: 0.0, Decision: 0
Round 137 took 0.389998197555542s, results:
{'t': 136, 'current_accuracy': 0.4375, 'current_loss': 2.6838033199310303, 'train_loss': None, 'decision': 0, 'drift_rate': 0.032, 'target_domains': ['cartoon']}
Loss historical diff: 2.324168711900711; Loss Difference: 0.0, Decision: 0
Round 138 took 0.3934459686279297s, results:
{'t': 137, 'current_accuracy': 0.4375, 'current_loss': 2.6532310247421265, 'train_loss': None, 'decision': 0, 'drift_rate': 0.032, 'target_domains': ['cartoon']}
Loss historical diff: 2.50784233212471; Loss Difference: 0.0, Decision: 0
Round 139 took 0.3902127742767334s, results:
{'t': 138, 'current_accuracy': 0.41015625, 'current_loss': 2.8369046449661255, 'train_loss': None, 'decision': 0, 'drift_rate': 0.032, 'target_domains': ['cartoon']}
Loss historical diff: 2.550871640443802; Loss Difference: 0.0, Decision: 0
Round 140 took 0.3896162509918213s, results:
{'t': 139, 'current_accuracy': 0.40234375, 'current_loss': 2.8799339532852173, 'train_loss': None, 'decision': 0, 'drift_rate': 0.032, 'target_domains': ['cartoon']}
Loss historical diff: 2.62653449177742; Loss Difference: 0.0, Decision: 0
Round 141 took 0.39008307456970215s, results:
{'t': 140, 'current_accuracy': 0.39453125, 'current_loss': 2.9555968046188354, 'train_loss': None, 'decision': 0, 'drift_rate': 0.032, 'target_domains': ['cartoon']}
Loss historical diff: 2.6369921267032623; Loss Difference: 0.0, Decision: 0
Round 142 took 0.3903999328613281s, results:
{'t': 141, 'current_accuracy': 0.38671875, 'current_loss': 2.9660544395446777, 'train_loss': None, 'decision': 0, 'drift_rate': 0.032, 'target_domains': ['cartoon']}
Loss historical diff: 2.6557795107364655; Loss Difference: 0.0, Decision: 0
Round 143 took 0.3901646137237549s, results:
{'t': 142, 'current_accuracy': 0.39453125, 'current_loss': 2.984841823577881, 'train_loss': None, 'decision': 0, 'drift_rate': 0.032, 'target_domains': ['cartoon']}
Loss historical diff: 2.637136846780777; Loss Difference: 0.0, Decision: 0
Round 144 took 0.3899068832397461s, results:
{'t': 143, 'current_accuracy': 0.38671875, 'current_loss': 2.9661991596221924, 'train_loss': None, 'decision': 0, 'drift_rate': 0.032, 'target_domains': ['cartoon']}
Loss historical diff: 2.6597584784030914; Loss Difference: 0.0, Decision: 0
Round 145 took 0.3905506134033203s, results:
{'t': 144, 'current_accuracy': 0.375, 'current_loss': 2.988820791244507, 'train_loss': None, 'decision': 0, 'drift_rate': 0.032, 'target_domains': ['cartoon']}
Loss historical diff: 2.6477992832660675; Loss Difference: 0.0, Decision: 0
Round 146 took 0.39264893531799316s, results:
{'t': 145, 'current_accuracy': 0.3671875, 'current_loss': 2.976861596107483, 'train_loss': None, 'decision': 0, 'drift_rate': 0.032, 'target_domains': ['cartoon']}
Loss historical diff: 2.699426084756851; Loss Difference: 0.0, Decision: 0
Round 147 took 0.3904378414154053s, results:
{'t': 146, 'current_accuracy': 0.359375, 'current_loss': 3.0284883975982666, 'train_loss': None, 'decision': 0, 'drift_rate': 0.032, 'target_domains': ['cartoon']}
Loss historical diff: 2.8317027390003204; Loss Difference: 0.0, Decision: 0
Round 148 took 0.3898508548736572s, results:
{'t': 147, 'current_accuracy': 0.33203125, 'current_loss': 3.160765051841736, 'train_loss': None, 'decision': 0, 'drift_rate': 0.032, 'target_domains': ['cartoon']}
Loss historical diff: 2.8955141603946686; Loss Difference: 0.0, Decision: 0
Round 149 took 0.38907670974731445s, results:
{'t': 148, 'current_accuracy': 0.3203125, 'current_loss': 3.224576473236084, 'train_loss': None, 'decision': 0, 'drift_rate': 0.032, 'target_domains': ['cartoon']}
Loss historical diff: 2.958535462617874; Loss Difference: 0.0, Decision: 0
Round 150 took 0.3901698589324951s, results:
{'t': 149, 'current_accuracy': 0.30859375, 'current_loss': 3.2875977754592896, 'train_loss': None, 'decision': 0, 'drift_rate': 0.032, 'target_domains': ['cartoon']}
Loss historical diff: 2.958535820245743; Loss Difference: 0.0, Decision: 0
Round 151 took 0.38834190368652344s, results:
{'t': 150, 'current_accuracy': 0.30859375, 'current_loss': 3.287598133087158, 'train_loss': None, 'decision': 0, 'drift_rate': 0.0, 'target_domains': ['cartoon']}
Loss historical diff: 2.958535820245743; Loss Difference: 0.0, Decision: 0
Round 152 took 0.3886985778808594s, results:
{'t': 151, 'current_accuracy': 0.30859375, 'current_loss': 3.287598133087158, 'train_loss': None, 'decision': 0, 'drift_rate': 0.0, 'target_domains': ['cartoon']}
Loss historical diff: 2.9585357010364532; Loss Difference: 0.0, Decision: 0
Round 153 took 0.3893258571624756s, results:
{'t': 152, 'current_accuracy': 0.30859375, 'current_loss': 3.2875980138778687, 'train_loss': None, 'decision': 0, 'drift_rate': 0.0, 'target_domains': ['cartoon']}
Loss historical diff: 2.958535820245743; Loss Difference: 0.0, Decision: 0
Round 154 took 0.3912067413330078s, results:
{'t': 153, 'current_accuracy': 0.30859375, 'current_loss': 3.287598133087158, 'train_loss': None, 'decision': 0, 'drift_rate': 0.0, 'target_domains': ['cartoon']}
Loss historical diff: 2.9585368931293488; Loss Difference: 0.0, Decision: 0
Round 155 took 0.3888697624206543s, results:
{'t': 154, 'current_accuracy': 0.30859375, 'current_loss': 3.287599205970764, 'train_loss': None, 'decision': 0, 'drift_rate': 0.0, 'target_domains': ['cartoon']}
Loss historical diff: 2.9585370123386383; Loss Difference: 0.0, Decision: 0
Round 156 took 0.3902308940887451s, results:
{'t': 155, 'current_accuracy': 0.30859375, 'current_loss': 3.2875993251800537, 'train_loss': None, 'decision': 0, 'drift_rate': 0.0, 'target_domains': ['cartoon']}
Loss historical diff: 2.958536773920059; Loss Difference: 0.0, Decision: 0
Round 157 took 0.3893096446990967s, results:
{'t': 156, 'current_accuracy': 0.30859375, 'current_loss': 3.2875990867614746, 'train_loss': None, 'decision': 0, 'drift_rate': 0.0, 'target_domains': ['cartoon']}
Loss historical diff: 2.9585372507572174; Loss Difference: 0.0, Decision: 0
Round 158 took 0.38880300521850586s, results:
{'t': 157, 'current_accuracy': 0.30859375, 'current_loss': 3.287599563598633, 'train_loss': None, 'decision': 0, 'drift_rate': 0.0, 'target_domains': ['cartoon']}
Loss historical diff: 2.958535820245743; Loss Difference: 0.0, Decision: 0
Round 159 took 0.3894307613372803s, results:
{'t': 158, 'current_accuracy': 0.30859375, 'current_loss': 3.287598133087158, 'train_loss': None, 'decision': 0, 'drift_rate': 0.0, 'target_domains': ['cartoon']}
Loss historical diff: 2.9585361778736115; Loss Difference: 0.0, Decision: 0
Round 160 took 0.3890838623046875s, results:
{'t': 159, 'current_accuracy': 0.30859375, 'current_loss': 3.287598490715027, 'train_loss': None, 'decision': 0, 'drift_rate': 0.0, 'target_domains': ['cartoon']}
Loss historical diff: 2.9585359394550323; Loss Difference: 0.0, Decision: 0
Round 161 took 0.3893465995788574s, results:
{'t': 160, 'current_accuracy': 0.30859375, 'current_loss': 3.2875982522964478, 'train_loss': None, 'decision': 0, 'drift_rate': 0.0, 'target_domains': ['cartoon']}
Loss historical diff: 2.958537608385086; Loss Difference: 0.0, Decision: 0
Round 162 took 0.3918769359588623s, results:
{'t': 161, 'current_accuracy': 0.30859375, 'current_loss': 3.2875999212265015, 'train_loss': None, 'decision': 0, 'drift_rate': 0.0, 'target_domains': ['cartoon']}
Loss historical diff: 2.9585357010364532; Loss Difference: 0.0, Decision: 0
Round 163 took 0.3897390365600586s, results:
{'t': 162, 'current_accuracy': 0.30859375, 'current_loss': 3.2875980138778687, 'train_loss': None, 'decision': 0, 'drift_rate': 0.0, 'target_domains': ['cartoon']}
Loss historical diff: 2.9585368931293488; Loss Difference: 0.0, Decision: 0
Round 164 took 0.3890116214752197s, results:
{'t': 163, 'current_accuracy': 0.30859375, 'current_loss': 3.287599205970764, 'train_loss': None, 'decision': 0, 'drift_rate': 0.0, 'target_domains': ['cartoon']}
Loss historical diff: 2.9585359394550323; Loss Difference: 0.0, Decision: 0
Round 165 took 0.3889901638031006s, results:
{'t': 164, 'current_accuracy': 0.30859375, 'current_loss': 3.2875982522964478, 'train_loss': None, 'decision': 0, 'drift_rate': 0.0, 'target_domains': ['cartoon']}
Loss historical diff: 2.9585355818271637; Loss Difference: 0.0, Decision: 0
Round 166 took 0.3904147148132324s, results:
{'t': 165, 'current_accuracy': 0.30859375, 'current_loss': 3.287597894668579, 'train_loss': None, 'decision': 0, 'drift_rate': 0.0, 'target_domains': ['cartoon']}
Loss historical diff: 2.9585359394550323; Loss Difference: 0.0, Decision: 0
Round 167 took 0.38915038108825684s, results:
{'t': 166, 'current_accuracy': 0.30859375, 'current_loss': 3.2875982522964478, 'train_loss': None, 'decision': 0, 'drift_rate': 0.0, 'target_domains': ['cartoon']}
Loss historical diff: 2.9585361778736115; Loss Difference: 0.0, Decision: 0
Round 168 took 0.38938140869140625s, results:
{'t': 167, 'current_accuracy': 0.30859375, 'current_loss': 3.287598490715027, 'train_loss': None, 'decision': 0, 'drift_rate': 0.0, 'target_domains': ['cartoon']}
Loss historical diff: 2.958535820245743; Loss Difference: 0.0, Decision: 0
Round 169 took 0.38990068435668945s, results:
{'t': 168, 'current_accuracy': 0.30859375, 'current_loss': 3.287598133087158, 'train_loss': None, 'decision': 0, 'drift_rate': 0.0, 'target_domains': ['cartoon']}
Loss historical diff: 2.958536297082901; Loss Difference: 0.0, Decision: 0
Round 170 took 0.39127445220947266s, results:
{'t': 169, 'current_accuracy': 0.30859375, 'current_loss': 3.2875986099243164, 'train_loss': None, 'decision': 0, 'drift_rate': 0.0, 'target_domains': ['cartoon']}
Loss historical diff: 2.9585357010364532; Loss Difference: 0.0, Decision: 0
Round 171 took 0.39014124870300293s, results:
{'t': 170, 'current_accuracy': 0.30859375, 'current_loss': 3.2875980138778687, 'train_loss': None, 'decision': 0, 'drift_rate': 0.0, 'target_domains': ['cartoon']}
Loss historical diff: 2.958536058664322; Loss Difference: 0.0, Decision: 0
Round 172 took 0.38930726051330566s, results:
{'t': 171, 'current_accuracy': 0.30859375, 'current_loss': 3.2875983715057373, 'train_loss': None, 'decision': 0, 'drift_rate': 0.0, 'target_domains': ['cartoon']}
Loss historical diff: 2.9585380852222443; Loss Difference: 0.0, Decision: 0
Round 173 took 0.38965582847595215s, results:
{'t': 172, 'current_accuracy': 0.30859375, 'current_loss': 3.2876003980636597, 'train_loss': None, 'decision': 0, 'drift_rate': 0.0, 'target_domains': ['cartoon']}
Loss historical diff: 2.958535462617874; Loss Difference: 0.0, Decision: 0
Round 174 took 0.3891267776489258s, results:
{'t': 173, 'current_accuracy': 0.30859375, 'current_loss': 3.2875977754592896, 'train_loss': None, 'decision': 0, 'drift_rate': 0.0, 'target_domains': ['cartoon']}
Loss historical diff: 2.9585370123386383; Loss Difference: 0.0, Decision: 0
Round 175 took 0.38845133781433105s, results:
{'t': 174, 'current_accuracy': 0.30859375, 'current_loss': 3.2875993251800537, 'train_loss': None, 'decision': 0, 'drift_rate': 0.0, 'target_domains': ['cartoon']}
Loss historical diff: 2.958535224199295; Loss Difference: 0.0, Decision: 0
Round 176 took 0.3888101577758789s, results:
{'t': 175, 'current_accuracy': 0.30859375, 'current_loss': 3.2875975370407104, 'train_loss': None, 'decision': 0, 'drift_rate': 0.0, 'target_domains': ['cartoon']}
Loss historical diff: 2.9585359394550323; Loss Difference: 0.0, Decision: 0
Round 177 took 0.38925766944885254s, results:
{'t': 176, 'current_accuracy': 0.30859375, 'current_loss': 3.2875982522964478, 'train_loss': None, 'decision': 0, 'drift_rate': 0.0, 'target_domains': ['cartoon']}
Loss historical diff: 2.95853653550148; Loss Difference: 0.0, Decision: 0
Round 178 took 0.3908042907714844s, results:
{'t': 177, 'current_accuracy': 0.30859375, 'current_loss': 3.2875988483428955, 'train_loss': None, 'decision': 0, 'drift_rate': 0.0, 'target_domains': ['cartoon']}
Loss historical diff: 2.9585366547107697; Loss Difference: 0.0, Decision: 0
Round 179 took 0.3906078338623047s, results:
{'t': 178, 'current_accuracy': 0.30859375, 'current_loss': 3.287598967552185, 'train_loss': None, 'decision': 0, 'drift_rate': 0.0, 'target_domains': ['cartoon']}
Loss historical diff: 2.958535224199295; Loss Difference: 0.0, Decision: 0
Round 180 took 0.38899970054626465s, results:
{'t': 179, 'current_accuracy': 0.30859375, 'current_loss': 3.2875975370407104, 'train_loss': None, 'decision': 0, 'drift_rate': 0.0, 'target_domains': ['cartoon']}
Loss historical diff: 2.958535820245743; Loss Difference: 0.0, Decision: 0
Round 181 took 0.38835668563842773s, results:
{'t': 180, 'current_accuracy': 0.30859375, 'current_loss': 3.287598133087158, 'train_loss': None, 'decision': 0, 'drift_rate': 0.0, 'target_domains': ['cartoon']}
Loss historical diff: 2.958536058664322; Loss Difference: 0.0, Decision: 0
Round 182 took 0.3892693519592285s, results:
{'t': 181, 'current_accuracy': 0.30859375, 'current_loss': 3.2875983715057373, 'train_loss': None, 'decision': 0, 'drift_rate': 0.0, 'target_domains': ['cartoon']}
Loss historical diff: 2.9585353434085846; Loss Difference: 0.0, Decision: 0
Round 183 took 0.38897132873535156s, results:
{'t': 182, 'current_accuracy': 0.30859375, 'current_loss': 3.28759765625, 'train_loss': None, 'decision': 0, 'drift_rate': 0.0, 'target_domains': ['cartoon']}
Loss historical diff: 2.9585357010364532; Loss Difference: 0.0, Decision: 0
Round 184 took 0.389376163482666s, results:
{'t': 183, 'current_accuracy': 0.30859375, 'current_loss': 3.2875980138778687, 'train_loss': None, 'decision': 0, 'drift_rate': 0.0, 'target_domains': ['cartoon']}
Loss historical diff: 2.958536297082901; Loss Difference: 0.0, Decision: 0
Round 185 took 0.38988828659057617s, results:
{'t': 184, 'current_accuracy': 0.30859375, 'current_loss': 3.2875986099243164, 'train_loss': None, 'decision': 0, 'drift_rate': 0.0, 'target_domains': ['cartoon']}
Loss historical diff: 2.9585372507572174; Loss Difference: 0.0, Decision: 0
Round 186 took 0.3905034065246582s, results:
{'t': 185, 'current_accuracy': 0.30859375, 'current_loss': 3.287599563598633, 'train_loss': None, 'decision': 0, 'drift_rate': 0.0, 'target_domains': ['cartoon']}
Loss historical diff: 2.95853653550148; Loss Difference: 0.0, Decision: 0
Round 187 took 0.39073753356933594s, results:
{'t': 186, 'current_accuracy': 0.30859375, 'current_loss': 3.2875988483428955, 'train_loss': None, 'decision': 0, 'drift_rate': 0.0, 'target_domains': ['cartoon']}
Loss historical diff: 2.9585345089435577; Loss Difference: 0.0, Decision: 0
Round 188 took 0.38904523849487305s, results:
{'t': 187, 'current_accuracy': 0.30859375, 'current_loss': 3.287596821784973, 'train_loss': None, 'decision': 0, 'drift_rate': 0.0, 'target_domains': ['cartoon']}
Loss historical diff: 2.9585355818271637; Loss Difference: 0.0, Decision: 0
Round 189 took 0.38947510719299316s, results:
{'t': 188, 'current_accuracy': 0.30859375, 'current_loss': 3.287597894668579, 'train_loss': None, 'decision': 0, 'drift_rate': 0.0, 'target_domains': ['cartoon']}
Loss historical diff: 2.9585361778736115; Loss Difference: 0.0, Decision: 0
Round 190 took 0.3897705078125s, results:
{'t': 189, 'current_accuracy': 0.30859375, 'current_loss': 3.287598490715027, 'train_loss': None, 'decision': 0, 'drift_rate': 0.0, 'target_domains': ['cartoon']}
Loss historical diff: 2.9782362282276154; Loss Difference: 0.0, Decision: 0
Round 191 took 0.39012932777404785s, results:
{'t': 190, 'current_accuracy': 0.30078125, 'current_loss': 3.3072985410690308, 'train_loss': None, 'decision': 0, 'drift_rate': 0.032, 'target_domains': ['sketch']}
Loss historical diff: 3.027238756418228; Loss Difference: 0.0, Decision: 0
Round 192 took 0.39049744606018066s, results:
{'t': 191, 'current_accuracy': 0.296875, 'current_loss': 3.3563010692596436, 'train_loss': None, 'decision': 0, 'drift_rate': 0.032, 'target_domains': ['sketch']}
Loss historical diff: 3.048167496919632; Loss Difference: 0.0, Decision: 0
Round 193 took 0.39070582389831543s, results:
{'t': 192, 'current_accuracy': 0.29296875, 'current_loss': 3.3772298097610474, 'train_loss': None, 'decision': 0, 'drift_rate': 0.032, 'target_domains': ['sketch']}
Loss historical diff: 3.127884417772293; Loss Difference: 0.0, Decision: 0
Round 194 took 0.3908505439758301s, results:
{'t': 193, 'current_accuracy': 0.28515625, 'current_loss': 3.4569467306137085, 'train_loss': None, 'decision': 0, 'drift_rate': 0.032, 'target_domains': ['sketch']}
Loss historical diff: 3.0771105587482452; Loss Difference: 0.0, Decision: 0
Round 195 took 0.39159679412841797s, results:
{'t': 194, 'current_accuracy': 0.2890625, 'current_loss': 3.4061728715896606, 'train_loss': None, 'decision': 0, 'drift_rate': 0.032, 'target_domains': ['sketch']}
Loss historical diff: 3.0620026886463165; Loss Difference: 0.0, Decision: 0
Round 196 took 0.390392541885376s, results:
{'t': 195, 'current_accuracy': 0.29296875, 'current_loss': 3.391065001487732, 'train_loss': None, 'decision': 0, 'drift_rate': 0.032, 'target_domains': ['sketch']}
Loss historical diff: 3.156566768884659; Loss Difference: 0.0, Decision: 0
Round 197 took 0.39024901390075684s, results:
{'t': 196, 'current_accuracy': 0.28125, 'current_loss': 3.485629081726074, 'train_loss': None, 'decision': 0, 'drift_rate': 0.032, 'target_domains': ['sketch']}
Loss historical diff: 3.1746067106723785; Loss Difference: 0.0, Decision: 0
Round 198 took 0.39016079902648926s, results:
{'t': 197, 'current_accuracy': 0.265625, 'current_loss': 3.503669023513794, 'train_loss': None, 'decision': 0, 'drift_rate': 0.032, 'target_domains': ['sketch']}
Loss historical diff: 3.139796406030655; Loss Difference: 0.0, Decision: 0
Round 199 took 0.3900797367095947s, results:
{'t': 198, 'current_accuracy': 0.265625, 'current_loss': 3.4688587188720703, 'train_loss': None, 'decision': 0, 'drift_rate': 0.032, 'target_domains': ['sketch']}
Loss historical diff: 3.014593869447708; Loss Difference: 0.0, Decision: 0
Round 200 took 0.3909900188446045s, results:
{'t': 199, 'current_accuracy': 0.26953125, 'current_loss': 3.3436561822891235, 'train_loss': None, 'decision': 0, 'drift_rate': 0.032, 'target_domains': ['sketch']}
Loss historical diff: 3.0126539766788483; Loss Difference: 0.0, Decision: 0
Round 201 took 0.39121174812316895s, results:
{'t': 200, 'current_accuracy': 0.27734375, 'current_loss': 3.3417162895202637, 'train_loss': None, 'decision': 0, 'drift_rate': 0.032, 'target_domains': ['sketch']}
Loss historical diff: 3.0182383358478546; Loss Difference: 0.0, Decision: 0
Round 202 took 0.39087510108947754s, results:
{'t': 201, 'current_accuracy': 0.2734375, 'current_loss': 3.34730064868927, 'train_loss': None, 'decision': 0, 'drift_rate': 0.032, 'target_domains': ['sketch']}
Loss historical diff: 2.9981084167957306; Loss Difference: 0.0, Decision: 0
Round 203 took 0.3905215263366699s, results:
{'t': 202, 'current_accuracy': 0.2734375, 'current_loss': 3.327170729637146, 'train_loss': None, 'decision': 0, 'drift_rate': 0.032, 'target_domains': ['sketch']}
Loss historical diff: 3.005885988473892; Loss Difference: 0.0, Decision: 0
Round 204 took 0.39084935188293457s, results:
{'t': 203, 'current_accuracy': 0.2734375, 'current_loss': 3.3349483013153076, 'train_loss': None, 'decision': 0, 'drift_rate': 0.032, 'target_domains': ['sketch']}
Loss historical diff: 3.040802627801895; Loss Difference: 0.0, Decision: 0
Round 205 took 0.3901946544647217s, results:
{'t': 204, 'current_accuracy': 0.265625, 'current_loss': 3.3698649406433105, 'train_loss': None, 'decision': 0, 'drift_rate': 0.032, 'target_domains': ['sketch']}
Loss historical diff: 3.124856263399124; Loss Difference: 0.0, Decision: 0
Round 206 took 0.39119839668273926s, results:
{'t': 205, 'current_accuracy': 0.24609375, 'current_loss': 3.4539185762405396, 'train_loss': None, 'decision': 0, 'drift_rate': 0.032, 'target_domains': ['sketch']}
Loss historical diff: 3.1227770149707794; Loss Difference: 0.0, Decision: 0
Round 207 took 0.3908376693725586s, results:
{'t': 206, 'current_accuracy': 0.24609375, 'current_loss': 3.451839327812195, 'train_loss': None, 'decision': 0, 'drift_rate': 0.032, 'target_domains': ['sketch']}
Loss historical diff: 3.090307503938675; Loss Difference: 0.0, Decision: 0
Round 208 took 0.39093947410583496s, results:
{'t': 207, 'current_accuracy': 0.24609375, 'current_loss': 3.4193698167800903, 'train_loss': None, 'decision': 0, 'drift_rate': 0.032, 'target_domains': ['sketch']}
Loss historical diff: 3.1182868778705597; Loss Difference: 0.0, Decision: 0
Round 209 took 0.3916504383087158s, results:
{'t': 208, 'current_accuracy': 0.234375, 'current_loss': 3.447349190711975, 'train_loss': None, 'decision': 0, 'drift_rate': 0.032, 'target_domains': ['sketch']}
Loss historical diff: 3.1205061972141266; Loss Difference: 0.0, Decision: 0
Round 210 took 0.39064526557922363s, results:
{'t': 209, 'current_accuracy': 0.234375, 'current_loss': 3.449568510055542, 'train_loss': None, 'decision': 0, 'drift_rate': 0.032, 'target_domains': ['sketch']}
Loss historical diff: 3.1519403755664825; Loss Difference: 0.0, Decision: 0
Round 211 took 0.4180335998535156s, results:
{'t': 210, 'current_accuracy': 0.2265625, 'current_loss': 3.481002688407898, 'train_loss': None, 'decision': 0, 'drift_rate': 0.032, 'target_domains': ['sketch']}
Loss historical diff: 3.144205242395401; Loss Difference: 0.0, Decision: 0
Round 212 took 0.3895735740661621s, results:
{'t': 211, 'current_accuracy': 0.21875, 'current_loss': 3.4732675552368164, 'train_loss': None, 'decision': 0, 'drift_rate': 0.032, 'target_domains': ['sketch']}
Loss historical diff: 3.1625567972660065; Loss Difference: 0.0, Decision: 0
Round 213 took 0.38976025581359863s, results:
{'t': 212, 'current_accuracy': 0.21484375, 'current_loss': 3.491619110107422, 'train_loss': None, 'decision': 0, 'drift_rate': 0.032, 'target_domains': ['sketch']}
Loss historical diff: 3.171908527612686; Loss Difference: 0.0, Decision: 0
Round 214 took 0.39118170738220215s, results:
{'t': 213, 'current_accuracy': 0.2109375, 'current_loss': 3.5009708404541016, 'train_loss': None, 'decision': 0, 'drift_rate': 0.032, 'target_domains': ['sketch']}
Loss historical diff: 3.163241535425186; Loss Difference: 0.0, Decision: 0
Round 215 took 0.39092564582824707s, results:
{'t': 214, 'current_accuracy': 0.2109375, 'current_loss': 3.4923038482666016, 'train_loss': None, 'decision': 0, 'drift_rate': 0.032, 'target_domains': ['sketch']}
Loss historical diff: 3.1080212891101837; Loss Difference: 0.0, Decision: 0
Round 216 took 0.39118337631225586s, results:
{'t': 215, 'current_accuracy': 0.2109375, 'current_loss': 3.437083601951599, 'train_loss': None, 'decision': 0, 'drift_rate': 0.032, 'target_domains': ['sketch']}
Loss historical diff: 3.148545414209366; Loss Difference: 0.0, Decision: 0
Round 217 took 0.3901190757751465s, results:
{'t': 216, 'current_accuracy': 0.20703125, 'current_loss': 3.4776077270507812, 'train_loss': None, 'decision': 0, 'drift_rate': 0.032, 'target_domains': ['sketch']}
Loss historical diff: 3.101673513650894; Loss Difference: 0.0, Decision: 0
Round 218 took 0.38985323905944824s, results:
{'t': 217, 'current_accuracy': 0.21484375, 'current_loss': 3.4307358264923096, 'train_loss': None, 'decision': 0, 'drift_rate': 0.032, 'target_domains': ['sketch']}
Loss historical diff: 3.1137568056583405; Loss Difference: 0.0, Decision: 0
Round 219 took 0.392350435256958s, results:
{'t': 218, 'current_accuracy': 0.20703125, 'current_loss': 3.442819118499756, 'train_loss': None, 'decision': 0, 'drift_rate': 0.032, 'target_domains': ['sketch']}
Loss historical diff: 3.1533948481082916; Loss Difference: 0.0, Decision: 0
Round 220 took 0.39067840576171875s, results:
{'t': 219, 'current_accuracy': 0.203125, 'current_loss': 3.482457160949707, 'train_loss': None, 'decision': 0, 'drift_rate': 0.032, 'target_domains': ['sketch']}
Loss historical diff: 3.1533950865268707; Loss Difference: 0.0, Decision: 0
Round 221 took 0.38934326171875s, results:
{'t': 220, 'current_accuracy': 0.203125, 'current_loss': 3.482457399368286, 'train_loss': None, 'decision': 0, 'drift_rate': 0.0, 'target_domains': ['sketch']}
Loss historical diff: 3.1533948481082916; Loss Difference: 0.0, Decision: 0
Round 222 took 0.3883376121520996s, results:
{'t': 221, 'current_accuracy': 0.203125, 'current_loss': 3.482457160949707, 'train_loss': None, 'decision': 0, 'drift_rate': 0.0, 'target_domains': ['sketch']}
Loss historical diff: 3.153394967317581; Loss Difference: 0.0, Decision: 0
Round 223 took 0.38956451416015625s, results:
{'t': 222, 'current_accuracy': 0.203125, 'current_loss': 3.4824572801589966, 'train_loss': None, 'decision': 0, 'drift_rate': 0.0, 'target_domains': ['sketch']}
Loss historical diff: 3.153394967317581; Loss Difference: 0.0, Decision: 0
Round 224 took 0.3893253803253174s, results:
{'t': 223, 'current_accuracy': 0.203125, 'current_loss': 3.4824572801589966, 'train_loss': None, 'decision': 0, 'drift_rate': 0.0, 'target_domains': ['sketch']}
Loss historical diff: 3.1533952057361603; Loss Difference: 0.0, Decision: 0
Round 225 took 0.3883781433105469s, results:
{'t': 224, 'current_accuracy': 0.203125, 'current_loss': 3.4824575185775757, 'train_loss': None, 'decision': 0, 'drift_rate': 0.0, 'target_domains': ['sketch']}
Loss historical diff: 3.1533950865268707; Loss Difference: 0.0, Decision: 0
Round 226 took 0.3896028995513916s, results:
{'t': 225, 'current_accuracy': 0.203125, 'current_loss': 3.482457399368286, 'train_loss': None, 'decision': 0, 'drift_rate': 0.0, 'target_domains': ['sketch']}
Loss historical diff: 3.153394967317581; Loss Difference: 0.0, Decision: 0
Round 227 took 0.39035487174987793s, results:
{'t': 226, 'current_accuracy': 0.203125, 'current_loss': 3.4824572801589966, 'train_loss': None, 'decision': 0, 'drift_rate': 0.0, 'target_domains': ['sketch']}
Loss historical diff: 3.1533950865268707; Loss Difference: 0.0, Decision: 0
Round 228 took 0.3887910842895508s, results:
{'t': 227, 'current_accuracy': 0.203125, 'current_loss': 3.482457399368286, 'train_loss': None, 'decision': 0, 'drift_rate': 0.0, 'target_domains': ['sketch']}
Loss historical diff: 3.153394728899002; Loss Difference: 0.0, Decision: 0
Round 229 took 0.389528751373291s, results:
{'t': 228, 'current_accuracy': 0.203125, 'current_loss': 3.4824570417404175, 'train_loss': None, 'decision': 0, 'drift_rate': 0.0, 'target_domains': ['sketch']}
Loss historical diff: 3.1533943712711334; Loss Difference: 0.0, Decision: 0
Round 230 took 0.38952183723449707s, results:
{'t': 229, 'current_accuracy': 0.203125, 'current_loss': 3.482456684112549, 'train_loss': None, 'decision': 0, 'drift_rate': 0.0, 'target_domains': ['sketch']}
Loss historical diff: 3.1533950865268707; Loss Difference: 0.0, Decision: 0
Round 231 took 0.38924217224121094s, results:
{'t': 230, 'current_accuracy': 0.203125, 'current_loss': 3.482457399368286, 'train_loss': None, 'decision': 0, 'drift_rate': 0.0, 'target_domains': ['sketch']}
Loss historical diff: 3.1533943712711334; Loss Difference: 0.0, Decision: 0
Round 232 took 0.38877081871032715s, results:
{'t': 231, 'current_accuracy': 0.203125, 'current_loss': 3.482456684112549, 'train_loss': None, 'decision': 0, 'drift_rate': 0.0, 'target_domains': ['sketch']}
Loss historical diff: 3.1533952057361603; Loss Difference: 0.0, Decision: 0
Round 233 took 0.38896965980529785s, results:
{'t': 232, 'current_accuracy': 0.203125, 'current_loss': 3.4824575185775757, 'train_loss': None, 'decision': 0, 'drift_rate': 0.0, 'target_domains': ['sketch']}
Loss historical diff: 3.153394728899002; Loss Difference: 0.0, Decision: 0
Round 234 took 0.38893556594848633s, results:
{'t': 233, 'current_accuracy': 0.203125, 'current_loss': 3.4824570417404175, 'train_loss': None, 'decision': 0, 'drift_rate': 0.0, 'target_domains': ['sketch']}
Loss historical diff: 3.153394967317581; Loss Difference: 0.0, Decision: 0
Round 235 took 0.38978052139282227s, results:
{'t': 234, 'current_accuracy': 0.203125, 'current_loss': 3.4824572801589966, 'train_loss': None, 'decision': 0, 'drift_rate': 0.0, 'target_domains': ['sketch']}
Loss historical diff: 3.153394728899002; Loss Difference: 0.0, Decision: 0
Round 236 took 0.3896150588989258s, results:
{'t': 235, 'current_accuracy': 0.203125, 'current_loss': 3.4824570417404175, 'train_loss': None, 'decision': 0, 'drift_rate': 0.0, 'target_domains': ['sketch']}
Loss historical diff: 3.153394728899002; Loss Difference: 0.0, Decision: 0
Round 237 took 0.38901853561401367s, results:
{'t': 236, 'current_accuracy': 0.203125, 'current_loss': 3.4824570417404175, 'train_loss': None, 'decision': 0, 'drift_rate': 0.0, 'target_domains': ['sketch']}
Loss historical diff: 3.153394967317581; Loss Difference: 0.0, Decision: 0
Round 238 took 0.38991832733154297s, results:
{'t': 237, 'current_accuracy': 0.203125, 'current_loss': 3.4824572801589966, 'train_loss': None, 'decision': 0, 'drift_rate': 0.0, 'target_domains': ['sketch']}
Loss historical diff: 3.1533946096897125; Loss Difference: 0.0, Decision: 0
Round 239 took 0.3892383575439453s, results:
{'t': 238, 'current_accuracy': 0.203125, 'current_loss': 3.482456922531128, 'train_loss': None, 'decision': 0, 'drift_rate': 0.0, 'target_domains': ['sketch']}
Loss historical diff: 3.153394490480423; Loss Difference: 0.0, Decision: 0
Round 240 took 0.3890526294708252s, results:
{'t': 239, 'current_accuracy': 0.203125, 'current_loss': 3.4824568033218384, 'train_loss': None, 'decision': 0, 'drift_rate': 0.0, 'target_domains': ['sketch']}
Loss historical diff: 3.1533952057361603; Loss Difference: 0.0, Decision: 0
Round 241 took 0.38872385025024414s, results:
{'t': 240, 'current_accuracy': 0.203125, 'current_loss': 3.4824575185775757, 'train_loss': None, 'decision': 0, 'drift_rate': 0.0, 'target_domains': ['sketch']}
Loss historical diff: 3.153394967317581; Loss Difference: 0.0, Decision: 0
Round 242 took 0.38858628273010254s, results:
{'t': 241, 'current_accuracy': 0.203125, 'current_loss': 3.4824572801589966, 'train_loss': None, 'decision': 0, 'drift_rate': 0.0, 'target_domains': ['sketch']}
Loss historical diff: 3.153394490480423; Loss Difference: 0.0, Decision: 0
Round 243 took 0.3894388675689697s, results:
{'t': 242, 'current_accuracy': 0.203125, 'current_loss': 3.4824568033218384, 'train_loss': None, 'decision': 0, 'drift_rate': 0.0, 'target_domains': ['sketch']}
Loss historical diff: 3.153395563364029; Loss Difference: 0.0, Decision: 0
Round 244 took 0.391127347946167s, results:
{'t': 243, 'current_accuracy': 0.203125, 'current_loss': 3.4824578762054443, 'train_loss': None, 'decision': 0, 'drift_rate': 0.0, 'target_domains': ['sketch']}
Loss historical diff: 3.1533950865268707; Loss Difference: 0.0, Decision: 0
Round 245 took 0.3900184631347656s, results:
{'t': 244, 'current_accuracy': 0.203125, 'current_loss': 3.482457399368286, 'train_loss': None, 'decision': 0, 'drift_rate': 0.0, 'target_domains': ['sketch']}
Loss historical diff: 3.153394728899002; Loss Difference: 0.0, Decision: 0
Round 246 took 0.39025020599365234s, results:
{'t': 245, 'current_accuracy': 0.203125, 'current_loss': 3.4824570417404175, 'train_loss': None, 'decision': 0, 'drift_rate': 0.0, 'target_domains': ['sketch']}
Loss historical diff: 3.1533948481082916; Loss Difference: 0.0, Decision: 0
Round 247 took 0.38861536979675293s, results:
{'t': 246, 'current_accuracy': 0.203125, 'current_loss': 3.482457160949707, 'train_loss': None, 'decision': 0, 'drift_rate': 0.0, 'target_domains': ['sketch']}
Loss historical diff: 3.1533943712711334; Loss Difference: 0.0, Decision: 0
Round 248 took 0.38779115676879883s, results:
{'t': 247, 'current_accuracy': 0.203125, 'current_loss': 3.482456684112549, 'train_loss': None, 'decision': 0, 'drift_rate': 0.0, 'target_domains': ['sketch']}
Loss historical diff: 3.1533948481082916; Loss Difference: 0.0, Decision: 0
Round 249 took 0.39194703102111816s, results:
{'t': 248, 'current_accuracy': 0.203125, 'current_loss': 3.482457160949707, 'train_loss': None, 'decision': 0, 'drift_rate': 0.0, 'target_domains': ['sketch']}
Loss historical diff: 3.1533946096897125; Loss Difference: 0.0, Decision: 0
Round 250 took 0.3925323486328125s, results:
{'t': 249, 'current_accuracy': 0.203125, 'current_loss': 3.482456922531128, 'train_loss': None, 'decision': 0, 'drift_rate': 0.0, 'target_domains': ['sketch']}
Average time per round: 0.3901075830459595
Total time: 97.52689576148987
