Using the latest cached version of the dataset since flwrlabs/pacs couldn't be found on the Hugging Face Hub
Found the latest cached dataset configuration 'default' at /home/apiasecz/.cache/huggingface/datasets/flwrlabs___pacs/default/0.0.0/394113073258ead631f617d2e13bb377c0715c4b (last modified on Wed Jan 29 16:59:35 2025).
Using the latest cached version of the dataset since flwrlabs/pacs couldn't be found on the Hugging Face Hub
Found the latest cached dataset configuration 'default' at /home/apiasecz/.cache/huggingface/datasets/flwrlabs___pacs/default/0.0.0/394113073258ead631f617d2e13bb377c0715c4b (last modified on Wed Jan 29 16:59:35 2025).
Device: cuda
CUDA Version: 12.1
cuDNN Version: 8902
PyTorch Version: 2.3.0

Model used: PACSCNN_4
Initial dataset creation
Initial dataset creation
Initial loss: 0.19367919862270355
<__main__.Policy object at 0x14d96214a120>
0.19367919862270355
Loss historical diff: 0.0347881093621254; Loss Difference: 0.0, Decision: 0
Round 1 took 0.41178393363952637s, results:
{'t': 0, 'current_accuracy': 0.953125, 'current_loss': 0.22846730798482895, 'train_loss': None, 'decision': 0, 'drift_rate': 0.0, 'target_domains': ['sketch']}
Loss historical diff: 0.0347881093621254; Loss Difference: 0.0, Decision: 0
Round 2 took 0.3888401985168457s, results:
{'t': 1, 'current_accuracy': 0.953125, 'current_loss': 0.22846730798482895, 'train_loss': None, 'decision': 0, 'drift_rate': 0.0, 'target_domains': ['sketch']}
Loss historical diff: 0.0347881019115448; Loss Difference: 0.0, Decision: 0
Round 3 took 0.3886096477508545s, results:
{'t': 2, 'current_accuracy': 0.953125, 'current_loss': 0.22846730053424835, 'train_loss': None, 'decision': 0, 'drift_rate': 0.0, 'target_domains': ['sketch']}
Loss historical diff: 0.034788087010383606; Loss Difference: 0.0, Decision: 0
Round 4 took 0.38819074630737305s, results:
{'t': 3, 'current_accuracy': 0.953125, 'current_loss': 0.22846728563308716, 'train_loss': None, 'decision': 0, 'drift_rate': 0.0, 'target_domains': ['sketch']}
Loss historical diff: 0.03478807583451271; Loss Difference: 0.0, Decision: 1
Average loss over 5 updates: 0.2563
Round 5 took 1.3448107242584229s, results:
{'t': 4, 'current_accuracy': 0.953125, 'current_loss': 0.22846727445721626, 'train_loss': 0.25631201863288877, 'decision': 1, 'drift_rate': 0.0, 'target_domains': ['sketch']}
Loss historical diff: 0.14205962419509888; Loss Difference: 0.0, Decision: 0
Round 6 took 0.38784003257751465s, results:
{'t': 5, 'current_accuracy': 0.9296875, 'current_loss': 0.33573882281780243, 'train_loss': None, 'decision': 0, 'drift_rate': 0.0, 'target_domains': ['sketch']}
Loss historical diff: 0.1420595794916153; Loss Difference: 0.0, Decision: 1
Average loss over 5 updates: 0.1075
Round 7 took 1.2486934661865234s, results:
{'t': 6, 'current_accuracy': 0.9296875, 'current_loss': 0.33573877811431885, 'train_loss': 0.10752065032720566, 'decision': 1, 'drift_rate': 0.0, 'target_domains': ['sketch']}
Loss historical diff: 0.16603659093379974; Loss Difference: 0.0, Decision: 0
Round 8 took 0.38515543937683105s, results:
{'t': 7, 'current_accuracy': 0.92578125, 'current_loss': 0.3597157895565033, 'train_loss': None, 'decision': 0, 'drift_rate': 0.0, 'target_domains': ['sketch']}
Loss historical diff: 0.16603660583496094; Loss Difference: 0.0, Decision: 0
Round 9 took 0.385845422744751s, results:
{'t': 8, 'current_accuracy': 0.92578125, 'current_loss': 0.3597158044576645, 'train_loss': None, 'decision': 0, 'drift_rate': 0.0, 'target_domains': ['sketch']}
Loss historical diff: 0.16603660583496094; Loss Difference: 0.0, Decision: 0
Round 10 took 0.3855400085449219s, results:
{'t': 9, 'current_accuracy': 0.92578125, 'current_loss': 0.3597158044576645, 'train_loss': None, 'decision': 0, 'drift_rate': 0.0, 'target_domains': ['sketch']}
Loss historical diff: 0.16603659838438034; Loss Difference: 0.0, Decision: 0
Round 11 took 0.38812875747680664s, results:
{'t': 10, 'current_accuracy': 0.92578125, 'current_loss': 0.3597157970070839, 'train_loss': None, 'decision': 0, 'drift_rate': 0.0, 'target_domains': ['sketch']}
Loss historical diff: 0.16603662073612213; Loss Difference: 0.0, Decision: 0
Round 12 took 0.3854660987854004s, results:
{'t': 11, 'current_accuracy': 0.92578125, 'current_loss': 0.3597158193588257, 'train_loss': None, 'decision': 0, 'drift_rate': 0.0, 'target_domains': ['sketch']}
Loss historical diff: 0.16603651642799377; Loss Difference: 0.0, Decision: 0
Round 13 took 0.386089563369751s, results:
{'t': 12, 'current_accuracy': 0.92578125, 'current_loss': 0.3597157150506973, 'train_loss': None, 'decision': 0, 'drift_rate': 0.0, 'target_domains': ['sketch']}
Loss historical diff: 0.16603660583496094; Loss Difference: 0.0, Decision: 0
Round 14 took 0.3856959342956543s, results:
{'t': 13, 'current_accuracy': 0.92578125, 'current_loss': 0.3597158044576645, 'train_loss': None, 'decision': 0, 'drift_rate': 0.0, 'target_domains': ['sketch']}
Loss historical diff: 0.16603660583496094; Loss Difference: 0.0, Decision: 0
Round 15 took 0.38648223876953125s, results:
{'t': 14, 'current_accuracy': 0.92578125, 'current_loss': 0.3597158044576645, 'train_loss': None, 'decision': 0, 'drift_rate': 0.0, 'target_domains': ['sketch']}
Loss historical diff: 0.1660376787185669; Loss Difference: 0.0, Decision: 0
Round 16 took 0.38913559913635254s, results:
{'t': 15, 'current_accuracy': 0.92578125, 'current_loss': 0.35971687734127045, 'train_loss': None, 'decision': 0, 'drift_rate': 0.0, 'target_domains': ['sketch']}
Loss historical diff: 0.16603675484657288; Loss Difference: 0.0, Decision: 0
Round 17 took 0.38884854316711426s, results:
{'t': 16, 'current_accuracy': 0.92578125, 'current_loss': 0.35971595346927643, 'train_loss': None, 'decision': 0, 'drift_rate': 0.0, 'target_domains': ['sketch']}
Loss historical diff: 0.1660366654396057; Loss Difference: 0.0, Decision: 0
Round 18 took 0.38492774963378906s, results:
{'t': 17, 'current_accuracy': 0.92578125, 'current_loss': 0.35971586406230927, 'train_loss': None, 'decision': 0, 'drift_rate': 0.0, 'target_domains': ['sketch']}
Loss historical diff: 0.16603662073612213; Loss Difference: 0.0, Decision: 0
Round 19 took 0.38558483123779297s, results:
{'t': 18, 'current_accuracy': 0.92578125, 'current_loss': 0.3597158193588257, 'train_loss': None, 'decision': 0, 'drift_rate': 0.0, 'target_domains': ['sketch']}
Loss historical diff: 0.1660366952419281; Loss Difference: 0.0, Decision: 0
Round 20 took 0.38544702529907227s, results:
{'t': 19, 'current_accuracy': 0.92578125, 'current_loss': 0.35971589386463165, 'train_loss': None, 'decision': 0, 'drift_rate': 0.0, 'target_domains': ['sketch']}
Loss historical diff: 0.16603659093379974; Loss Difference: 0.0, Decision: 0
Round 21 took 0.3853952884674072s, results:
{'t': 20, 'current_accuracy': 0.92578125, 'current_loss': 0.3597157895565033, 'train_loss': None, 'decision': 0, 'drift_rate': 0.0, 'target_domains': ['sketch']}
Loss historical diff: 0.16603660583496094; Loss Difference: 0.0, Decision: 0
Round 22 took 0.38572025299072266s, results:
{'t': 21, 'current_accuracy': 0.92578125, 'current_loss': 0.3597158044576645, 'train_loss': None, 'decision': 0, 'drift_rate': 0.0, 'target_domains': ['sketch']}
Loss historical diff: 0.16603665053844452; Loss Difference: 0.0, Decision: 0
Round 23 took 0.3858332633972168s, results:
{'t': 22, 'current_accuracy': 0.92578125, 'current_loss': 0.35971584916114807, 'train_loss': None, 'decision': 0, 'drift_rate': 0.0, 'target_domains': ['sketch']}
Loss historical diff: 0.16603751480579376; Loss Difference: 0.0, Decision: 0
Round 24 took 0.3851814270019531s, results:
{'t': 23, 'current_accuracy': 0.92578125, 'current_loss': 0.3597167134284973, 'train_loss': None, 'decision': 0, 'drift_rate': 0.0, 'target_domains': ['sketch']}
Loss historical diff: 0.16603657603263855; Loss Difference: 0.0, Decision: 0
Round 25 took 0.38567519187927246s, results:
{'t': 24, 'current_accuracy': 0.92578125, 'current_loss': 0.3597157746553421, 'train_loss': None, 'decision': 0, 'drift_rate': 0.0, 'target_domains': ['sketch']}
Loss historical diff: 0.16603639721870422; Loss Difference: 0.0, Decision: 0
Round 26 took 0.38593626022338867s, results:
{'t': 25, 'current_accuracy': 0.92578125, 'current_loss': 0.3597155958414078, 'train_loss': None, 'decision': 0, 'drift_rate': 0.0, 'target_domains': ['sketch']}
Loss historical diff: 0.16603659093379974; Loss Difference: 0.0, Decision: 0
Round 27 took 0.38596105575561523s, results:
{'t': 26, 'current_accuracy': 0.92578125, 'current_loss': 0.3597157895565033, 'train_loss': None, 'decision': 0, 'drift_rate': 0.0, 'target_domains': ['sketch']}
Loss historical diff: 0.1660357564687729; Loss Difference: 0.0, Decision: 0
Round 28 took 0.3869502544403076s, results:
{'t': 27, 'current_accuracy': 0.92578125, 'current_loss': 0.35971495509147644, 'train_loss': None, 'decision': 0, 'drift_rate': 0.0, 'target_domains': ['sketch']}
Loss historical diff: 0.16603662073612213; Loss Difference: 0.0, Decision: 0
Round 29 took 0.38576364517211914s, results:
{'t': 28, 'current_accuracy': 0.92578125, 'current_loss': 0.3597158193588257, 'train_loss': None, 'decision': 0, 'drift_rate': 0.0, 'target_domains': ['sketch']}
Loss historical diff: 0.1660366877913475; Loss Difference: 0.0, Decision: 0
Round 30 took 0.3850841522216797s, results:
{'t': 29, 'current_accuracy': 0.92578125, 'current_loss': 0.35971588641405106, 'train_loss': None, 'decision': 0, 'drift_rate': 0.0, 'target_domains': ['sketch']}
Loss historical diff: 0.16603662073612213; Loss Difference: 0.0, Decision: 0
Round 31 took 0.38599610328674316s, results:
{'t': 30, 'current_accuracy': 0.92578125, 'current_loss': 0.3597158193588257, 'train_loss': None, 'decision': 0, 'drift_rate': 0.0, 'target_domains': ['sketch']}
Loss historical diff: 0.16603662073612213; Loss Difference: 0.0, Decision: 1
Average loss over 5 updates: 0.0635
Round 32 took 1.246297836303711s, results:
{'t': 31, 'current_accuracy': 0.92578125, 'current_loss': 0.3597158193588257, 'train_loss': 0.06350534446537495, 'decision': 1, 'drift_rate': 0.0, 'target_domains': ['sketch']}
Loss historical diff: 0.0; Loss Difference: 0.0, Decision: 0
Round 33 took 0.38623714447021484s, results:
{'t': 32, 'current_accuracy': 0.96484375, 'current_loss': 0.16357743740081787, 'train_loss': None, 'decision': 0, 'drift_rate': 0.0, 'target_domains': ['sketch']}
Loss historical diff: 0.0; Loss Difference: 0.0, Decision: 0
Round 34 took 0.3843371868133545s, results:
{'t': 33, 'current_accuracy': 0.96484375, 'current_loss': 0.16357742995023727, 'train_loss': None, 'decision': 0, 'drift_rate': 0.0, 'target_domains': ['sketch']}
Loss historical diff: 0.0; Loss Difference: 0.0, Decision: 0
Round 35 took 0.38425540924072266s, results:
{'t': 34, 'current_accuracy': 0.96484375, 'current_loss': 0.16357741504907608, 'train_loss': None, 'decision': 0, 'drift_rate': 0.0, 'target_domains': ['sketch']}
Loss historical diff: 2.60770320892334e-08; Loss Difference: 0.0, Decision: 0
Round 36 took 0.38460516929626465s, results:
{'t': 35, 'current_accuracy': 0.96484375, 'current_loss': 0.16357744112610817, 'train_loss': None, 'decision': 0, 'drift_rate': 0.0, 'target_domains': ['sketch']}
Loss historical diff: 1.862645149230957e-09; Loss Difference: 0.0, Decision: 1
Average loss over 5 updates: 0.0229
Round 37 took 1.2469775676727295s, results:
{'t': 36, 'current_accuracy': 0.96484375, 'current_loss': 0.16357741691172123, 'train_loss': 0.022912247851490975, 'decision': 1, 'drift_rate': 0.0, 'target_domains': ['sketch']}
Loss historical diff: 0.1911851391196251; Loss Difference: 0.0, Decision: 0
Round 38 took 0.3882925510406494s, results:
{'t': 37, 'current_accuracy': 0.89453125, 'current_loss': 0.35476255416870117, 'train_loss': None, 'decision': 0, 'drift_rate': 0.0, 'target_domains': ['sketch']}
Loss historical diff: 0.1911851391196251; Loss Difference: 0.0, Decision: 0
Round 39 took 0.38649892807006836s, results:
{'t': 38, 'current_accuracy': 0.89453125, 'current_loss': 0.35476255416870117, 'train_loss': None, 'decision': 0, 'drift_rate': 0.0, 'target_domains': ['sketch']}
Loss historical diff: 0.19118507951498032; Loss Difference: 0.0, Decision: 0
Round 40 took 0.38655662536621094s, results:
{'t': 39, 'current_accuracy': 0.89453125, 'current_loss': 0.3547624945640564, 'train_loss': None, 'decision': 0, 'drift_rate': 0.0, 'target_domains': ['sketch']}
Loss historical diff: 0.1911839172244072; Loss Difference: 0.0, Decision: 0
Round 41 took 0.38550329208374023s, results:
{'t': 40, 'current_accuracy': 0.89453125, 'current_loss': 0.3547613322734833, 'train_loss': None, 'decision': 0, 'drift_rate': 0.0, 'target_domains': ['sketch']}
Loss historical diff: 0.1911846622824669; Loss Difference: 0.0, Decision: 1
Average loss over 5 updates: 0.0143
Round 42 took 1.2463042736053467s, results:
{'t': 41, 'current_accuracy': 0.89453125, 'current_loss': 0.35476207733154297, 'train_loss': 0.014319351501762867, 'decision': 1, 'drift_rate': 0.0, 'target_domains': ['sketch']}
Loss historical diff: 0.0; Loss Difference: 0.0, Decision: 0
Round 43 took 0.3876528739929199s, results:
{'t': 42, 'current_accuracy': 0.9609375, 'current_loss': 0.14733587950468063, 'train_loss': None, 'decision': 0, 'drift_rate': 0.0, 'target_domains': ['sketch']}
Loss historical diff: 1.4901161193847656e-08; Loss Difference: 0.0, Decision: 0
Round 44 took 0.3871150016784668s, results:
{'t': 43, 'current_accuracy': 0.9609375, 'current_loss': 0.14733589440584183, 'train_loss': None, 'decision': 0, 'drift_rate': 0.0, 'target_domains': ['sketch']}
Loss historical diff: 7.450580596923828e-09; Loss Difference: 0.0, Decision: 0
Round 45 took 0.38695573806762695s, results:
{'t': 44, 'current_accuracy': 0.9609375, 'current_loss': 0.14733588695526123, 'train_loss': None, 'decision': 0, 'drift_rate': 0.0, 'target_domains': ['sketch']}
Loss historical diff: 0.0; Loss Difference: 0.0, Decision: 0
Round 46 took 0.3872644901275635s, results:
{'t': 45, 'current_accuracy': 0.9609375, 'current_loss': 0.14733587577939034, 'train_loss': None, 'decision': 0, 'drift_rate': 0.0, 'target_domains': ['sketch']}
Loss historical diff: 3.725290298461914e-09; Loss Difference: 0.0, Decision: 0
Round 47 took 0.3914206027984619s, results:
{'t': 46, 'current_accuracy': 0.9609375, 'current_loss': 0.14733587950468063, 'train_loss': None, 'decision': 0, 'drift_rate': 0.0, 'target_domains': ['sketch']}
Loss historical diff: 7.916241884231567e-09; Loss Difference: 0.0, Decision: 0
Round 48 took 0.3877098560333252s, results:
{'t': 47, 'current_accuracy': 0.9609375, 'current_loss': 0.14733588369563222, 'train_loss': None, 'decision': 0, 'drift_rate': 0.0, 'target_domains': ['sketch']}
Loss historical diff: 1.1175870895385742e-08; Loss Difference: 0.0, Decision: 0
Round 49 took 0.3868708610534668s, results:
{'t': 48, 'current_accuracy': 0.9609375, 'current_loss': 0.14733588695526123, 'train_loss': None, 'decision': 0, 'drift_rate': 0.0, 'target_domains': ['sketch']}
Loss historical diff: 1.1175870895385742e-08; Loss Difference: 0.0, Decision: 0
Round 50 took 0.3877675533294678s, results:
{'t': 49, 'current_accuracy': 0.9609375, 'current_loss': 0.14733588695526123, 'train_loss': None, 'decision': 0, 'drift_rate': 0.0, 'target_domains': ['sketch']}
Loss historical diff: 1.1175870895385742e-08; Loss Difference: 0.0, Decision: 0
Round 51 took 0.388458251953125s, results:
{'t': 50, 'current_accuracy': 0.9609375, 'current_loss': 0.14733588695526123, 'train_loss': None, 'decision': 0, 'drift_rate': 0.0, 'target_domains': ['sketch']}
Loss historical diff: 0.0; Loss Difference: 0.0, Decision: 0
Round 52 took 0.3875861167907715s, results:
{'t': 51, 'current_accuracy': 0.9609375, 'current_loss': 0.14733587577939034, 'train_loss': None, 'decision': 0, 'drift_rate': 0.0, 'target_domains': ['sketch']}
Loss historical diff: 0.0; Loss Difference: 0.0, Decision: 0
Round 53 took 0.38983917236328125s, results:
{'t': 52, 'current_accuracy': 0.9609375, 'current_loss': 0.14733587205410004, 'train_loss': None, 'decision': 0, 'drift_rate': 0.0, 'target_domains': ['sketch']}
Loss historical diff: 1.1175870895385742e-08; Loss Difference: 0.0, Decision: 0
Round 54 took 0.38866353034973145s, results:
{'t': 53, 'current_accuracy': 0.9609375, 'current_loss': 0.14733588322997093, 'train_loss': None, 'decision': 0, 'drift_rate': 0.0, 'target_domains': ['sketch']}
Loss historical diff: 7.450580596923828e-09; Loss Difference: 0.0, Decision: 0
Round 55 took 0.38807201385498047s, results:
{'t': 54, 'current_accuracy': 0.9609375, 'current_loss': 0.14733587950468063, 'train_loss': None, 'decision': 0, 'drift_rate': 0.0, 'target_domains': ['sketch']}
Loss historical diff: 7.450580596923828e-09; Loss Difference: 0.0, Decision: 0
Round 56 took 0.38817453384399414s, results:
{'t': 55, 'current_accuracy': 0.9609375, 'current_loss': 0.14733587950468063, 'train_loss': None, 'decision': 0, 'drift_rate': 0.0, 'target_domains': ['sketch']}
Loss historical diff: 0.0; Loss Difference: 0.0, Decision: 0
Round 57 took 0.38913702964782715s, results:
{'t': 56, 'current_accuracy': 0.9609375, 'current_loss': 0.14733384549617767, 'train_loss': None, 'decision': 0, 'drift_rate': 0.0, 'target_domains': ['sketch']}
Loss historical diff: 2.0489096641540527e-06; Loss Difference: 0.0, Decision: 1
Average loss over 5 updates: 0.0088
Round 58 took 1.2521576881408691s, results:
{'t': 57, 'current_accuracy': 0.9609375, 'current_loss': 0.14733589440584183, 'train_loss': 0.008844365179538728, 'decision': 1, 'drift_rate': 0.0, 'target_domains': ['sketch']}
Loss historical diff: 0.015574704855680466; Loss Difference: 0.0, Decision: 0
Round 59 took 0.38733482360839844s, results:
{'t': 58, 'current_accuracy': 0.95703125, 'current_loss': 0.16290855035185814, 'train_loss': None, 'decision': 0, 'drift_rate': 0.0, 'target_domains': ['sketch']}
Loss historical diff: 0.015574585646390915; Loss Difference: 0.0, Decision: 0
Round 60 took 0.3879861831665039s, results:
{'t': 59, 'current_accuracy': 0.95703125, 'current_loss': 0.1629084311425686, 'train_loss': None, 'decision': 0, 'drift_rate': 0.0, 'target_domains': ['sketch']}
Loss historical diff: 0.015574745833873749; Loss Difference: 0.0, Decision: 0
Round 61 took 0.38750767707824707s, results:
{'t': 60, 'current_accuracy': 0.95703125, 'current_loss': 0.16290859133005142, 'train_loss': None, 'decision': 0, 'drift_rate': 0.0, 'target_domains': ['sketch']}
Loss historical diff: 0.015574969351291656; Loss Difference: 0.0, Decision: 0
Round 62 took 0.38732099533081055s, results:
{'t': 61, 'current_accuracy': 0.95703125, 'current_loss': 0.16290881484746933, 'train_loss': None, 'decision': 0, 'drift_rate': 0.0, 'target_domains': ['sketch']}
Loss historical diff: 0.015574723482131958; Loss Difference: 0.0, Decision: 0
Round 63 took 0.38729071617126465s, results:
{'t': 62, 'current_accuracy': 0.95703125, 'current_loss': 0.16290856897830963, 'train_loss': None, 'decision': 0, 'drift_rate': 0.0, 'target_domains': ['sketch']}
Loss historical diff: 0.015574708580970764; Loss Difference: 0.0, Decision: 0
Round 64 took 0.3911881446838379s, results:
{'t': 63, 'current_accuracy': 0.95703125, 'current_loss': 0.16290855407714844, 'train_loss': None, 'decision': 0, 'drift_rate': 0.0, 'target_domains': ['sketch']}
Loss historical diff: 0.015574708580970764; Loss Difference: 0.0, Decision: 0
Round 65 took 0.388164758682251s, results:
{'t': 64, 'current_accuracy': 0.95703125, 'current_loss': 0.16290855407714844, 'train_loss': None, 'decision': 0, 'drift_rate': 0.0, 'target_domains': ['sketch']}
Loss historical diff: 0.01557466946542263; Loss Difference: 0.0, Decision: 0
Round 66 took 0.3884410858154297s, results:
{'t': 65, 'current_accuracy': 0.95703125, 'current_loss': 0.1629085149616003, 'train_loss': None, 'decision': 0, 'drift_rate': 0.0, 'target_domains': ['sketch']}
Loss historical diff: 0.015574716031551361; Loss Difference: 0.0, Decision: 0
Round 67 took 0.38900256156921387s, results:
{'t': 66, 'current_accuracy': 0.95703125, 'current_loss': 0.16290856152772903, 'train_loss': None, 'decision': 0, 'drift_rate': 0.0, 'target_domains': ['sketch']}
Loss historical diff: 0.015574712306261063; Loss Difference: 0.0, Decision: 0
Round 68 took 0.3901350498199463s, results:
{'t': 67, 'current_accuracy': 0.95703125, 'current_loss': 0.16290855780243874, 'train_loss': None, 'decision': 0, 'drift_rate': 0.0, 'target_domains': ['sketch']}
Loss historical diff: 0.01557481661438942; Loss Difference: 0.0, Decision: 0
Round 69 took 0.3875846862792969s, results:
{'t': 68, 'current_accuracy': 0.95703125, 'current_loss': 0.1629086621105671, 'train_loss': None, 'decision': 0, 'drift_rate': 0.0, 'target_domains': ['sketch']}
Loss historical diff: 0.015574721619486809; Loss Difference: 0.0, Decision: 0
Round 70 took 0.38895177841186523s, results:
{'t': 69, 'current_accuracy': 0.95703125, 'current_loss': 0.16290856711566448, 'train_loss': None, 'decision': 0, 'drift_rate': 0.0, 'target_domains': ['sketch']}
Loss historical diff: 0.015574708580970764; Loss Difference: 0.0, Decision: 0
Round 71 took 0.3870840072631836s, results:
{'t': 70, 'current_accuracy': 0.95703125, 'current_loss': 0.16290855407714844, 'train_loss': None, 'decision': 0, 'drift_rate': 0.0, 'target_domains': ['sketch']}
Loss historical diff: 0.015574726276099682; Loss Difference: 0.0, Decision: 1
Average loss over 5 updates: 0.0070
Round 72 took 1.2549643516540527s, results:
{'t': 71, 'current_accuracy': 0.95703125, 'current_loss': 0.16290857177227736, 'train_loss': 0.00698555950075388, 'decision': 1, 'drift_rate': 0.0, 'target_domains': ['sketch']}
Loss historical diff: 0.0; Loss Difference: 0.0, Decision: 0
Round 73 took 0.3908383846282959s, results:
{'t': 72, 'current_accuracy': 0.9609375, 'current_loss': 0.1444624364376068, 'train_loss': None, 'decision': 0, 'drift_rate': 0.0, 'target_domains': ['sketch']}
Loss historical diff: 0.0; Loss Difference: 0.0, Decision: 0
Round 74 took 0.40769433975219727s, results:
{'t': 73, 'current_accuracy': 0.9609375, 'current_loss': 0.14446241408586502, 'train_loss': None, 'decision': 0, 'drift_rate': 0.0, 'target_domains': ['sketch']}
Loss historical diff: 3.725290298461914e-09; Loss Difference: 0.0, Decision: 0
Round 75 took 0.38814592361450195s, results:
{'t': 74, 'current_accuracy': 0.9609375, 'current_loss': 0.14446241781115532, 'train_loss': None, 'decision': 0, 'drift_rate': 0.0, 'target_domains': ['sketch']}
Loss historical diff: 4.470348358154297e-08; Loss Difference: 0.0, Decision: 0
Round 76 took 0.38910508155822754s, results:
{'t': 75, 'current_accuracy': 0.9609375, 'current_loss': 0.1444624587893486, 'train_loss': None, 'decision': 0, 'drift_rate': 0.0, 'target_domains': ['sketch']}
Loss historical diff: 1.1175870895385742e-08; Loss Difference: 0.0, Decision: 0
Round 77 took 0.3887968063354492s, results:
{'t': 76, 'current_accuracy': 0.9609375, 'current_loss': 0.14446242526173592, 'train_loss': None, 'decision': 0, 'drift_rate': 0.0, 'target_domains': ['sketch']}
Loss historical diff: 2.421438694000244e-08; Loss Difference: 0.0, Decision: 1
Average loss over 5 updates: 0.0063
Round 78 took 1.2439134120941162s, results:
{'t': 77, 'current_accuracy': 0.9609375, 'current_loss': 0.14446243830025196, 'train_loss': 0.006333771161735058, 'decision': 1, 'drift_rate': 0.0, 'target_domains': ['sketch']}
Loss historical diff: 0.0; Loss Difference: 0.0, Decision: 0
Round 79 took 0.38648247718811035s, results:
{'t': 78, 'current_accuracy': 0.96484375, 'current_loss': 0.13852443173527718, 'train_loss': None, 'decision': 0, 'drift_rate': 0.0, 'target_domains': ['sketch']}
Loss historical diff: 0.0; Loss Difference: 0.0, Decision: 0
Round 80 took 0.3847322463989258s, results:
{'t': 79, 'current_accuracy': 0.96484375, 'current_loss': 0.13852440938353539, 'train_loss': None, 'decision': 0, 'drift_rate': 0.0, 'target_domains': ['sketch']}
Loss historical diff: 7.924455765634775; Loss Difference: 0.0, Decision: 0
Round 81 took 0.40772199630737305s, results:
{'t': 80, 'current_accuracy': 0.57421875, 'current_loss': 8.06298017501831, 'train_loss': None, 'decision': 0, 'drift_rate': 0.44775602638336315, 'target_domains': ['cartoon']}
Loss historical diff: 14.166163567453623; Loss Difference: 0.0, Decision: 0
Round 82 took 0.3962063789367676s, results:
{'t': 81, 'current_accuracy': 0.2734375, 'current_loss': 14.304687976837158, 'train_loss': None, 'decision': 0, 'drift_rate': 0.3218244401013277, 'target_domains': ['cartoon']}
Loss historical diff: 18.231862667948008; Loss Difference: 0.0, Decision: 0
Round 83 took 0.3915286064147949s, results:
{'t': 82, 'current_accuracy': 0.0703125, 'current_loss': 18.370387077331543, 'train_loss': None, 'decision': 0, 'drift_rate': 0.39089601016197806, 'target_domains': ['cartoon']}
Loss historical diff: 18.231862667948008; Loss Difference: 0.0, Decision: 0
Round 84 took 0.390225887298584s, results:
{'t': 83, 'current_accuracy': 0.0703125, 'current_loss': 18.370387077331543, 'train_loss': None, 'decision': 0, 'drift_rate': 0.3039561733952799, 'target_domains': ['cartoon']}
Loss historical diff: 18.231863621622324; Loss Difference: 0.0, Decision: 0
Round 85 took 0.39061808586120605s, results:
{'t': 84, 'current_accuracy': 0.0703125, 'current_loss': 18.37038803100586, 'train_loss': None, 'decision': 0, 'drift_rate': 0.4785586633212397, 'target_domains': ['cartoon']}
Loss historical diff: 18.23186457529664; Loss Difference: 0.0, Decision: 0
Round 86 took 0.3910379409790039s, results:
{'t': 85, 'current_accuracy': 0.0703125, 'current_loss': 18.370388984680176, 'train_loss': None, 'decision': 0, 'drift_rate': 0.0, 'target_domains': ['cartoon']}
Loss historical diff: 18.231862667948008; Loss Difference: 0.0, Decision: 0
Round 87 took 0.38976311683654785s, results:
{'t': 86, 'current_accuracy': 0.0703125, 'current_loss': 18.370387077331543, 'train_loss': None, 'decision': 0, 'drift_rate': 0.0, 'target_domains': ['cartoon']}
Loss historical diff: 18.23186457529664; Loss Difference: 0.0, Decision: 0
Round 88 took 0.3896925449371338s, results:
{'t': 87, 'current_accuracy': 0.0703125, 'current_loss': 18.370388984680176, 'train_loss': None, 'decision': 0, 'drift_rate': 0.0, 'target_domains': ['cartoon']}
Loss historical diff: 18.23186171427369; Loss Difference: 0.0, Decision: 0
Round 89 took 0.3900318145751953s, results:
{'t': 88, 'current_accuracy': 0.0703125, 'current_loss': 18.370386123657227, 'train_loss': None, 'decision': 0, 'drift_rate': 0.0, 'target_domains': ['cartoon']}
Loss historical diff: 18.231857899576426; Loss Difference: 0.0, Decision: 0
Round 90 took 0.3902463912963867s, results:
{'t': 89, 'current_accuracy': 0.0703125, 'current_loss': 18.37038230895996, 'train_loss': None, 'decision': 0, 'drift_rate': 0.0, 'target_domains': ['cartoon']}
Loss historical diff: 18.23186171427369; Loss Difference: 0.0, Decision: 0
Round 91 took 0.3915519714355469s, results:
{'t': 90, 'current_accuracy': 0.0703125, 'current_loss': 18.370386123657227, 'train_loss': None, 'decision': 0, 'drift_rate': 0.0, 'target_domains': ['cartoon']}
Loss historical diff: 18.231862667948008; Loss Difference: 0.0, Decision: 0
Round 92 took 0.38975024223327637s, results:
{'t': 91, 'current_accuracy': 0.0703125, 'current_loss': 18.370387077331543, 'train_loss': None, 'decision': 0, 'drift_rate': 0.0, 'target_domains': ['cartoon']}
Loss historical diff: 18.231863621622324; Loss Difference: 0.0, Decision: 0
Round 93 took 0.39075446128845215s, results:
{'t': 92, 'current_accuracy': 0.0703125, 'current_loss': 18.37038803100586, 'train_loss': None, 'decision': 0, 'drift_rate': 0.0, 'target_domains': ['cartoon']}
Loss historical diff: 18.23186171427369; Loss Difference: 0.0, Decision: 0
Round 94 took 0.38965392112731934s, results:
{'t': 93, 'current_accuracy': 0.0703125, 'current_loss': 18.370386123657227, 'train_loss': None, 'decision': 0, 'drift_rate': 0.0, 'target_domains': ['cartoon']}
Loss historical diff: 18.231863621622324; Loss Difference: 0.0, Decision: 0
Round 95 took 0.3907439708709717s, results:
{'t': 94, 'current_accuracy': 0.0703125, 'current_loss': 18.37038803100586, 'train_loss': None, 'decision': 0, 'drift_rate': 0.0, 'target_domains': ['cartoon']}
Loss historical diff: 18.231863621622324; Loss Difference: 0.0, Decision: 0
Round 96 took 0.39173364639282227s, results:
{'t': 95, 'current_accuracy': 0.0703125, 'current_loss': 18.37038803100586, 'train_loss': None, 'decision': 0, 'drift_rate': 0.0, 'target_domains': ['cartoon']}
Loss historical diff: 18.231860760599375; Loss Difference: 0.0, Decision: 0
Round 97 took 0.3903083801269531s, results:
{'t': 96, 'current_accuracy': 0.0703125, 'current_loss': 18.37038516998291, 'train_loss': None, 'decision': 0, 'drift_rate': 0.0, 'target_domains': ['cartoon']}
Loss historical diff: 18.231862667948008; Loss Difference: 0.0, Decision: 0
Round 98 took 0.39155125617980957s, results:
{'t': 97, 'current_accuracy': 0.0703125, 'current_loss': 18.370387077331543, 'train_loss': None, 'decision': 0, 'drift_rate': 0.0, 'target_domains': ['cartoon']}
Loss historical diff: 18.23186457529664; Loss Difference: 0.0, Decision: 0
Round 99 took 0.39054346084594727s, results:
{'t': 98, 'current_accuracy': 0.0703125, 'current_loss': 18.370388984680176, 'train_loss': None, 'decision': 0, 'drift_rate': 0.0, 'target_domains': ['cartoon']}
Loss historical diff: 18.231863621622324; Loss Difference: 0.0, Decision: 0
Round 100 took 0.39154958724975586s, results:
{'t': 99, 'current_accuracy': 0.0703125, 'current_loss': 18.37038803100586, 'train_loss': None, 'decision': 0, 'drift_rate': 0.0, 'target_domains': ['cartoon']}
Loss historical diff: 18.23186457529664; Loss Difference: 0.0, Decision: 0
Round 101 took 0.3909776210784912s, results:
{'t': 100, 'current_accuracy': 0.0703125, 'current_loss': 18.370388984680176, 'train_loss': None, 'decision': 0, 'drift_rate': 0.0, 'target_domains': ['cartoon']}
Loss historical diff: 18.23186171427369; Loss Difference: 0.0, Decision: 0
Round 102 took 0.3899235725402832s, results:
{'t': 101, 'current_accuracy': 0.0703125, 'current_loss': 18.370386123657227, 'train_loss': None, 'decision': 0, 'drift_rate': 0.0, 'target_domains': ['cartoon']}
Loss historical diff: 18.23186457529664; Loss Difference: 0.0, Decision: 0
Round 103 took 0.39162254333496094s, results:
{'t': 102, 'current_accuracy': 0.0703125, 'current_loss': 18.370388984680176, 'train_loss': None, 'decision': 0, 'drift_rate': 0.0, 'target_domains': ['cartoon']}
Loss historical diff: 18.231863621622324; Loss Difference: 0.0, Decision: 0
Round 104 took 0.3930807113647461s, results:
{'t': 103, 'current_accuracy': 0.0703125, 'current_loss': 18.37038803100586, 'train_loss': None, 'decision': 0, 'drift_rate': 0.0, 'target_domains': ['cartoon']}
Loss historical diff: 18.231862667948008; Loss Difference: 0.0, Decision: 0
Round 105 took 0.3930652141571045s, results:
{'t': 104, 'current_accuracy': 0.0703125, 'current_loss': 18.370387077331543, 'train_loss': None, 'decision': 0, 'drift_rate': 0.0, 'target_domains': ['cartoon']}
Loss historical diff: 18.231863621622324; Loss Difference: 0.0, Decision: 0
Round 106 took 0.3948540687561035s, results:
{'t': 105, 'current_accuracy': 0.0703125, 'current_loss': 18.37038803100586, 'train_loss': None, 'decision': 0, 'drift_rate': 0.0, 'target_domains': ['cartoon']}
Loss historical diff: 18.23186171427369; Loss Difference: 0.0, Decision: 0
Round 107 took 0.3924446105957031s, results:
{'t': 106, 'current_accuracy': 0.0703125, 'current_loss': 18.370386123657227, 'train_loss': None, 'decision': 0, 'drift_rate': 0.0, 'target_domains': ['cartoon']}
Loss historical diff: 18.231862667948008; Loss Difference: 0.0, Decision: 0
Round 108 took 0.3923814296722412s, results:
{'t': 107, 'current_accuracy': 0.0703125, 'current_loss': 18.370387077331543, 'train_loss': None, 'decision': 0, 'drift_rate': 0.0, 'target_domains': ['cartoon']}
Loss historical diff: 18.231860760599375; Loss Difference: 0.0, Decision: 0
Round 109 took 0.3915822505950928s, results:
{'t': 108, 'current_accuracy': 0.0703125, 'current_loss': 18.37038516998291, 'train_loss': None, 'decision': 0, 'drift_rate': 0.0, 'target_domains': ['cartoon']}
Loss historical diff: 18.23186171427369; Loss Difference: 0.0, Decision: 1
Average loss over 5 updates: 5.9569
Round 110 took 1.280405044555664s, results:
{'t': 109, 'current_accuracy': 0.0703125, 'current_loss': 18.370386123657227, 'train_loss': 5.956903314590454, 'decision': 1, 'drift_rate': 0.0, 'target_domains': ['cartoon']}
Loss historical diff: 87.14263022318482; Loss Difference: 0.0, Decision: 0
Round 111 took 0.3948688507080078s, results:
{'t': 110, 'current_accuracy': 0.13671875, 'current_loss': 87.28115463256836, 'train_loss': None, 'decision': 0, 'drift_rate': 0.0, 'target_domains': ['cartoon']}
Loss historical diff: 87.14262640848756; Loss Difference: 0.0, Decision: 0
Round 112 took 0.39159131050109863s, results:
{'t': 111, 'current_accuracy': 0.13671875, 'current_loss': 87.2811508178711, 'train_loss': None, 'decision': 0, 'drift_rate': 0.0, 'target_domains': ['cartoon']}
Loss historical diff: 87.14263403788209; Loss Difference: 0.0, Decision: 0
Round 113 took 0.39223670959472656s, results:
{'t': 112, 'current_accuracy': 0.13671875, 'current_loss': 87.28115844726562, 'train_loss': None, 'decision': 0, 'drift_rate': 0.0, 'target_domains': ['cartoon']}
Loss historical diff: 87.14261877909303; Loss Difference: 0.0, Decision: 0
Round 114 took 0.3933103084564209s, results:
{'t': 113, 'current_accuracy': 0.13671875, 'current_loss': 87.28114318847656, 'train_loss': None, 'decision': 0, 'drift_rate': 0.0, 'target_domains': ['cartoon']}
Loss historical diff: 87.14262640848756; Loss Difference: 0.0, Decision: 0
Round 115 took 0.3912372589111328s, results:
{'t': 114, 'current_accuracy': 0.13671875, 'current_loss': 87.2811508178711, 'train_loss': None, 'decision': 0, 'drift_rate': 0.0, 'target_domains': ['cartoon']}
Loss historical diff: 87.14262259379029; Loss Difference: 0.0, Decision: 0
Round 116 took 0.3933107852935791s, results:
{'t': 115, 'current_accuracy': 0.13671875, 'current_loss': 87.28114700317383, 'train_loss': None, 'decision': 0, 'drift_rate': 0.0, 'target_domains': ['cartoon']}
Loss historical diff: 87.14263785257936; Loss Difference: 0.0, Decision: 0
Round 117 took 0.39185619354248047s, results:
{'t': 116, 'current_accuracy': 0.13671875, 'current_loss': 87.28116226196289, 'train_loss': None, 'decision': 0, 'drift_rate': 0.0, 'target_domains': ['cartoon']}
Loss historical diff: 87.14262640848756; Loss Difference: 0.0, Decision: 0
Round 118 took 0.391556978225708s, results:
{'t': 117, 'current_accuracy': 0.13671875, 'current_loss': 87.2811508178711, 'train_loss': None, 'decision': 0, 'drift_rate': 0.0, 'target_domains': ['cartoon']}
Loss historical diff: 87.14262259379029; Loss Difference: 0.0, Decision: 0
Round 119 took 0.39388537406921387s, results:
{'t': 118, 'current_accuracy': 0.13671875, 'current_loss': 87.28114700317383, 'train_loss': None, 'decision': 0, 'drift_rate': 0.0, 'target_domains': ['cartoon']}
Loss historical diff: 87.14262259379029; Loss Difference: 0.0, Decision: 0
Round 120 took 0.39212679862976074s, results:
{'t': 119, 'current_accuracy': 0.13671875, 'current_loss': 87.28114700317383, 'train_loss': None, 'decision': 0, 'drift_rate': 0.0, 'target_domains': ['cartoon']}
Loss historical diff: 87.14262259379029; Loss Difference: 0.0, Decision: 0
Round 121 took 0.39095163345336914s, results:
{'t': 120, 'current_accuracy': 0.13671875, 'current_loss': 87.28114700317383, 'train_loss': None, 'decision': 0, 'drift_rate': 0.0, 'target_domains': ['cartoon']}
Loss historical diff: 87.14262259379029; Loss Difference: 0.0, Decision: 1
Average loss over 5 updates: 2.3784
Round 122 took 1.2625365257263184s, results:
{'t': 121, 'current_accuracy': 0.13671875, 'current_loss': 87.28114700317383, 'train_loss': 2.378419589996338, 'decision': 1, 'drift_rate': 0.0, 'target_domains': ['cartoon']}
Loss historical diff: 6.8801006115973; Loss Difference: 0.0, Decision: 0
Round 123 took 0.38654232025146484s, results:
{'t': 122, 'current_accuracy': 0.25, 'current_loss': 7.018625020980835, 'train_loss': None, 'decision': 0, 'drift_rate': 0.0, 'target_domains': ['cartoon']}
Loss historical diff: 6.8801003731787205; Loss Difference: 0.0, Decision: 0
Round 124 took 0.39154767990112305s, results:
{'t': 123, 'current_accuracy': 0.25, 'current_loss': 7.018624782562256, 'train_loss': None, 'decision': 0, 'drift_rate': 0.0, 'target_domains': ['cartoon']}
Loss historical diff: 6.880101088434458; Loss Difference: 0.0, Decision: 0
Round 125 took 0.390392541885376s, results:
{'t': 124, 'current_accuracy': 0.25, 'current_loss': 7.018625497817993, 'train_loss': None, 'decision': 0, 'drift_rate': 0.0, 'target_domains': ['cartoon']}
Loss historical diff: 6.880096796900034; Loss Difference: 0.0, Decision: 0
Round 126 took 0.38845348358154297s, results:
{'t': 125, 'current_accuracy': 0.25, 'current_loss': 7.018621206283569, 'train_loss': None, 'decision': 0, 'drift_rate': 0.0, 'target_domains': ['cartoon']}
Loss historical diff: 6.8801003731787205; Loss Difference: 0.0, Decision: 0
Round 127 took 0.3879415988922119s, results:
{'t': 126, 'current_accuracy': 0.25, 'current_loss': 7.018624782562256, 'train_loss': None, 'decision': 0, 'drift_rate': 0.0, 'target_domains': ['cartoon']}
Loss historical diff: 6.880100850015879; Loss Difference: 0.0, Decision: 0
Round 128 took 0.38836216926574707s, results:
{'t': 127, 'current_accuracy': 0.25, 'current_loss': 7.018625259399414, 'train_loss': None, 'decision': 0, 'drift_rate': 0.0, 'target_domains': ['cartoon']}
Loss historical diff: 6.880099181085825; Loss Difference: 0.0, Decision: 0
Round 129 took 0.387692928314209s, results:
{'t': 128, 'current_accuracy': 0.25, 'current_loss': 7.01862359046936, 'train_loss': None, 'decision': 0, 'drift_rate': 0.0, 'target_domains': ['cartoon']}
Loss historical diff: 6.880101803690195; Loss Difference: 0.0, Decision: 0
Round 130 took 0.3872823715209961s, results:
{'t': 129, 'current_accuracy': 0.25, 'current_loss': 7.0186262130737305, 'train_loss': None, 'decision': 0, 'drift_rate': 0.0, 'target_domains': ['cartoon']}
Loss historical diff: 6.880099419504404; Loss Difference: 0.0, Decision: 0
Round 131 took 0.390352725982666s, results:
{'t': 130, 'current_accuracy': 0.25, 'current_loss': 7.0186238288879395, 'train_loss': None, 'decision': 0, 'drift_rate': 0.0, 'target_domains': ['cartoon']}
Loss historical diff: 6.880100850015879; Loss Difference: 0.0, Decision: 0
Round 132 took 0.3885505199432373s, results:
{'t': 131, 'current_accuracy': 0.25, 'current_loss': 7.018625259399414, 'train_loss': None, 'decision': 0, 'drift_rate': 0.0, 'target_domains': ['cartoon']}
Loss historical diff: 6.880100850015879; Loss Difference: 0.0, Decision: 0
Round 133 took 0.3883085250854492s, results:
{'t': 132, 'current_accuracy': 0.25, 'current_loss': 7.018625259399414, 'train_loss': None, 'decision': 0, 'drift_rate': 0.0, 'target_domains': ['cartoon']}
Loss historical diff: 6.880098704248667; Loss Difference: 0.0, Decision: 0
Round 134 took 0.38846755027770996s, results:
{'t': 133, 'current_accuracy': 0.25, 'current_loss': 7.018623113632202, 'train_loss': None, 'decision': 0, 'drift_rate': 0.0, 'target_domains': ['cartoon']}
Loss historical diff: 6.880098942667246; Loss Difference: 0.0, Decision: 1
Average loss over 5 updates: 1.7754
Round 135 took 1.252795934677124s, results:
{'t': 134, 'current_accuracy': 0.25, 'current_loss': 7.018623352050781, 'train_loss': 1.7754300355911254, 'decision': 1, 'drift_rate': 0.0, 'target_domains': ['cartoon']}
Loss historical diff: 3.928566340357065; Loss Difference: 0.0, Decision: 0
Round 136 took 0.3880295753479004s, results:
{'t': 135, 'current_accuracy': 0.453125, 'current_loss': 4.067090749740601, 'train_loss': None, 'decision': 0, 'drift_rate': 0.0, 'target_domains': ['cartoon']}
Loss historical diff: 3.928566697984934; Loss Difference: 0.0, Decision: 0
Round 137 took 0.388944149017334s, results:
{'t': 136, 'current_accuracy': 0.453125, 'current_loss': 4.067091107368469, 'train_loss': None, 'decision': 0, 'drift_rate': 0.0, 'target_domains': ['cartoon']}
Loss historical diff: 3.9285659827291965; Loss Difference: 0.0, Decision: 0
Round 138 took 0.3877403736114502s, results:
{'t': 137, 'current_accuracy': 0.453125, 'current_loss': 4.067090392112732, 'train_loss': None, 'decision': 0, 'drift_rate': 0.0, 'target_domains': ['cartoon']}
Loss historical diff: 3.928566101938486; Loss Difference: 0.0, Decision: 0
Round 139 took 0.3875894546508789s, results:
{'t': 138, 'current_accuracy': 0.453125, 'current_loss': 4.0670905113220215, 'train_loss': None, 'decision': 0, 'drift_rate': 0.0, 'target_domains': ['cartoon']}
Loss historical diff: 3.9285665787756443; Loss Difference: 0.0, Decision: 0
Round 140 took 0.3878054618835449s, results:
{'t': 139, 'current_accuracy': 0.453125, 'current_loss': 4.06709098815918, 'train_loss': None, 'decision': 0, 'drift_rate': 0.0, 'target_domains': ['cartoon']}
Loss historical diff: 3.9285657443106174; Loss Difference: 0.0, Decision: 0
Round 141 took 0.3878614902496338s, results:
{'t': 140, 'current_accuracy': 0.453125, 'current_loss': 4.067090153694153, 'train_loss': None, 'decision': 0, 'drift_rate': 0.0, 'target_domains': ['cartoon']}
Loss historical diff: 3.928566697984934; Loss Difference: 0.0, Decision: 0
Round 142 took 0.3876173496246338s, results:
{'t': 141, 'current_accuracy': 0.453125, 'current_loss': 4.067091107368469, 'train_loss': None, 'decision': 0, 'drift_rate': 0.0, 'target_domains': ['cartoon']}
Loss historical diff: 3.928566697984934; Loss Difference: 0.0, Decision: 0
Round 143 took 0.3876481056213379s, results:
{'t': 142, 'current_accuracy': 0.453125, 'current_loss': 4.067091107368469, 'train_loss': None, 'decision': 0, 'drift_rate': 0.0, 'target_domains': ['cartoon']}
Loss historical diff: 3.928566101938486; Loss Difference: 0.0, Decision: 0
Round 144 took 0.39078569412231445s, results:
{'t': 143, 'current_accuracy': 0.453125, 'current_loss': 4.0670905113220215, 'train_loss': None, 'decision': 0, 'drift_rate': 0.0, 'target_domains': ['cartoon']}
Loss historical diff: 3.9285665787756443; Loss Difference: 0.0, Decision: 0
Round 145 took 0.38747429847717285s, results:
{'t': 144, 'current_accuracy': 0.453125, 'current_loss': 4.06709098815918, 'train_loss': None, 'decision': 0, 'drift_rate': 0.0, 'target_domains': ['cartoon']}
Loss historical diff: 5.084616307169199; Loss Difference: 0.0, Decision: 0
Round 146 took 0.39720821380615234s, results:
{'t': 145, 'current_accuracy': 0.31640625, 'current_loss': 5.223140716552734, 'train_loss': None, 'decision': 0, 'drift_rate': 0.497800179816922, 'target_domains': ['photo']}
Loss historical diff: 6.807969693094492; Loss Difference: 0.0, Decision: 0
Round 147 took 0.3942403793334961s, results:
{'t': 146, 'current_accuracy': 0.19921875, 'current_loss': 6.946494102478027, 'train_loss': None, 'decision': 0, 'drift_rate': 0.3949253520393465, 'target_domains': ['photo']}
Loss historical diff: 7.126525763422251; Loss Difference: 0.0, Decision: 0
Round 148 took 0.3927578926086426s, results:
{'t': 147, 'current_accuracy': 0.14453125, 'current_loss': 7.265050172805786, 'train_loss': None, 'decision': 0, 'drift_rate': 0.4593682730166461, 'target_domains': ['photo']}
Loss historical diff: 7.126527193933725; Loss Difference: 0.0, Decision: 0
Round 149 took 0.3887960910797119s, results:
{'t': 148, 'current_accuracy': 0.14453125, 'current_loss': 7.265051603317261, 'train_loss': None, 'decision': 0, 'drift_rate': 0.3670879980056249, 'target_domains': ['photo']}
Loss historical diff: 7.126526717096567; Loss Difference: 0.0, Decision: 0
Round 150 took 0.39000916481018066s, results:
{'t': 149, 'current_accuracy': 0.14453125, 'current_loss': 7.2650511264801025, 'train_loss': None, 'decision': 0, 'drift_rate': 0.44655308994047094, 'target_domains': ['photo']}
Loss historical diff: 7.12652600184083; Loss Difference: 0.0, Decision: 0
Round 151 took 0.390805721282959s, results:
{'t': 150, 'current_accuracy': 0.14453125, 'current_loss': 7.265050411224365, 'train_loss': None, 'decision': 0, 'drift_rate': 0.0, 'target_domains': ['photo']}
Loss historical diff: 7.126526478677988; Loss Difference: 0.0, Decision: 0
Round 152 took 0.3907148838043213s, results:
{'t': 151, 'current_accuracy': 0.14453125, 'current_loss': 7.265050888061523, 'train_loss': None, 'decision': 0, 'drift_rate': 0.0, 'target_domains': ['photo']}
Loss historical diff: 7.126526717096567; Loss Difference: 0.0, Decision: 0
Round 153 took 0.3900744915008545s, results:
{'t': 152, 'current_accuracy': 0.14453125, 'current_loss': 7.2650511264801025, 'train_loss': None, 'decision': 0, 'drift_rate': 0.0, 'target_domains': ['photo']}
Loss historical diff: 7.1265252865850925; Loss Difference: 0.0, Decision: 0
Round 154 took 0.39087891578674316s, results:
{'t': 153, 'current_accuracy': 0.14453125, 'current_loss': 7.265049695968628, 'train_loss': None, 'decision': 0, 'drift_rate': 0.0, 'target_domains': ['photo']}
Loss historical diff: 7.126526478677988; Loss Difference: 0.0, Decision: 0
Round 155 took 0.3896477222442627s, results:
{'t': 154, 'current_accuracy': 0.14453125, 'current_loss': 7.265050888061523, 'train_loss': None, 'decision': 0, 'drift_rate': 0.0, 'target_domains': ['photo']}
Loss historical diff: 9.863035324960947; Loss Difference: 0.0, Decision: 0
Round 156 took 0.3942878246307373s, results:
{'t': 155, 'current_accuracy': 0.13671875, 'current_loss': 10.001559734344482, 'train_loss': None, 'decision': 0, 'drift_rate': 0.45243106094260344, 'target_domains': ['sketch']}
Loss historical diff: 12.025231007486582; Loss Difference: 0.0, Decision: 0
Round 157 took 0.39418840408325195s, results:
{'t': 156, 'current_accuracy': 0.10546875, 'current_loss': 12.163755416870117, 'train_loss': None, 'decision': 0, 'drift_rate': 0.4457136413295571, 'target_domains': ['sketch']}
Loss historical diff: 12.74652111902833; Loss Difference: 0.0, Decision: 0
Round 158 took 0.386777400970459s, results:
{'t': 157, 'current_accuracy': 0.0703125, 'current_loss': 12.885045528411865, 'train_loss': None, 'decision': 0, 'drift_rate': 0.4413456180591195, 'target_domains': ['sketch']}
Loss historical diff: 12.74652111902833; Loss Difference: 0.0, Decision: 1
Average loss over 5 updates: 1.4589
Round 159 took 1.285384178161621s, results:
{'t': 158, 'current_accuracy': 0.0703125, 'current_loss': 12.885045528411865, 'train_loss': 1.4589454174041747, 'decision': 1, 'drift_rate': 0.4965233324905928, 'target_domains': ['sketch']}
Loss historical diff: 7.37283742800355; Loss Difference: 0.0, Decision: 0
Round 160 took 0.3873567581176758s, results:
{'t': 159, 'current_accuracy': 0.23046875, 'current_loss': 7.511361837387085, 'train_loss': None, 'decision': 0, 'drift_rate': 0.33519985889840853, 'target_domains': ['sketch']}
Loss historical diff: 7.372838143259287; Loss Difference: 0.0, Decision: 0
Round 161 took 0.3858976364135742s, results:
{'t': 160, 'current_accuracy': 0.23046875, 'current_loss': 7.511362552642822, 'train_loss': None, 'decision': 0, 'drift_rate': 0.3476095551808637, 'target_domains': ['sketch']}
Loss historical diff: 7.3728371895849705; Loss Difference: 0.0, Decision: 0
Round 162 took 0.3864760398864746s, results:
{'t': 161, 'current_accuracy': 0.23046875, 'current_loss': 7.511361598968506, 'train_loss': None, 'decision': 0, 'drift_rate': 0.0, 'target_domains': ['sketch']}
Loss historical diff: 7.37283742800355; Loss Difference: 0.0, Decision: 0
Round 163 took 0.386859655380249s, results:
{'t': 162, 'current_accuracy': 0.23046875, 'current_loss': 7.511361837387085, 'train_loss': None, 'decision': 0, 'drift_rate': 0.3757815817164833, 'target_domains': ['sketch']}
Loss historical diff: 7.37283742800355; Loss Difference: 0.0, Decision: 1
Average loss over 5 updates: 0.6735
Round 164 took 1.2617108821868896s, results:
{'t': 163, 'current_accuracy': 0.23046875, 'current_loss': 7.511361837387085, 'train_loss': 0.6734940648078919, 'decision': 1, 'drift_rate': 0.0, 'target_domains': ['sketch']}
Loss historical diff: 4.072970036417246; Loss Difference: 0.0, Decision: 1
Average loss over 5 updates: 0.4959
Round 165 took 1.2408077716827393s, results:
{'t': 164, 'current_accuracy': 0.296875, 'current_loss': 4.211494445800781, 'train_loss': 0.4959054052829742, 'decision': 1, 'drift_rate': 0.0, 'target_domains': ['sketch']}
Loss historical diff: 1.8479684628546238; Loss Difference: 0.0, Decision: 0
Round 166 took 0.3863356113433838s, results:
{'t': 165, 'current_accuracy': 0.39453125, 'current_loss': 1.9864928722381592, 'train_loss': None, 'decision': 0, 'drift_rate': 0.0, 'target_domains': ['sketch']}
Loss historical diff: 1.8479688800871372; Loss Difference: 0.0, Decision: 0
Round 167 took 0.38706064224243164s, results:
{'t': 166, 'current_accuracy': 0.39453125, 'current_loss': 1.9864932894706726, 'train_loss': None, 'decision': 0, 'drift_rate': 0.0, 'target_domains': ['sketch']}
Loss historical diff: 1.8479686416685581; Loss Difference: 0.0, Decision: 0
Round 168 took 0.3870060443878174s, results:
{'t': 167, 'current_accuracy': 0.39453125, 'current_loss': 1.9864930510520935, 'train_loss': None, 'decision': 0, 'drift_rate': 0.0, 'target_domains': ['sketch']}
Loss historical diff: 1.8479686416685581; Loss Difference: 0.0, Decision: 1
Average loss over 5 updates: 0.2596
Round 169 took 1.2377562522888184s, results:
{'t': 168, 'current_accuracy': 0.39453125, 'current_loss': 1.9864930510520935, 'train_loss': 0.25958449840545655, 'decision': 1, 'drift_rate': 0.0, 'target_domains': ['sketch']}
Loss historical diff: 2.1394477523863316; Loss Difference: 0.0, Decision: 1
Average loss over 5 updates: 0.1874
Round 170 took 1.2384727001190186s, results:
{'t': 169, 'current_accuracy': 0.421875, 'current_loss': 2.277972161769867, 'train_loss': 0.18744026720523835, 'decision': 1, 'drift_rate': 0.0, 'target_domains': ['sketch']}
Loss historical diff: 2.438488367944956; Loss Difference: 0.0, Decision: 0
Round 171 took 0.38753318786621094s, results:
{'t': 170, 'current_accuracy': 0.4140625, 'current_loss': 2.577012777328491, 'train_loss': None, 'decision': 0, 'drift_rate': 0.0, 'target_domains': ['sketch']}
Loss historical diff: 2.4384881295263767; Loss Difference: 0.0, Decision: 0
Round 172 took 0.3858530521392822s, results:
{'t': 171, 'current_accuracy': 0.4140625, 'current_loss': 2.577012538909912, 'train_loss': None, 'decision': 0, 'drift_rate': 0.0, 'target_domains': ['sketch']}
Loss historical diff: 2.438488606363535; Loss Difference: 0.0, Decision: 1
Average loss over 5 updates: 0.1367
Round 173 took 1.2376508712768555s, results:
{'t': 172, 'current_accuracy': 0.4140625, 'current_loss': 2.5770130157470703, 'train_loss': 0.13671439439058303, 'decision': 1, 'drift_rate': 0.0, 'target_domains': ['sketch']}
Loss historical diff: 1.242869559675455; Loss Difference: 0.0, Decision: 1
Average loss over 5 updates: 0.0768
Round 174 took 1.2370667457580566s, results:
{'t': 173, 'current_accuracy': 0.61328125, 'current_loss': 1.3813939690589905, 'train_loss': 0.07680699080228806, 'decision': 1, 'drift_rate': 0.0, 'target_domains': ['sketch']}
Loss historical diff: 0.9804600514471531; Loss Difference: 0.0, Decision: 0
Round 175 took 0.3895998001098633s, results:
{'t': 174, 'current_accuracy': 0.640625, 'current_loss': 1.1189844608306885, 'train_loss': None, 'decision': 0, 'drift_rate': 0.0, 'target_domains': ['sketch']}
Loss historical diff: 0.9804607070982456; Loss Difference: 0.0, Decision: 0
Round 176 took 0.38622188568115234s, results:
{'t': 175, 'current_accuracy': 0.640625, 'current_loss': 1.118985116481781, 'train_loss': None, 'decision': 0, 'drift_rate': 0.0, 'target_domains': ['sketch']}
Loss historical diff: 0.9804601408541203; Loss Difference: 0.0, Decision: 0
Round 177 took 0.3869771957397461s, results:
{'t': 176, 'current_accuracy': 0.640625, 'current_loss': 1.1189845502376556, 'train_loss': None, 'decision': 0, 'drift_rate': 0.0, 'target_domains': ['sketch']}
Loss historical diff: 0.9804590977728367; Loss Difference: 0.0, Decision: 0
Round 178 took 0.38608765602111816s, results:
{'t': 177, 'current_accuracy': 0.640625, 'current_loss': 1.118983507156372, 'train_loss': None, 'decision': 0, 'drift_rate': 0.0, 'target_domains': ['sketch']}
Loss historical diff: 0.980460349470377; Loss Difference: 0.0, Decision: 0
Round 179 took 0.38593411445617676s, results:
{'t': 178, 'current_accuracy': 0.640625, 'current_loss': 1.1189847588539124, 'train_loss': None, 'decision': 0, 'drift_rate': 0.0, 'target_domains': ['sketch']}
Loss historical diff: 0.9804599024355412; Loss Difference: 0.0, Decision: 0
Round 180 took 0.38634538650512695s, results:
{'t': 179, 'current_accuracy': 0.640625, 'current_loss': 1.1189843118190765, 'train_loss': None, 'decision': 0, 'drift_rate': 0.0, 'target_domains': ['sketch']}
Loss historical diff: 0.9804590977728367; Loss Difference: 0.0, Decision: 0
Round 181 took 0.38617944717407227s, results:
{'t': 180, 'current_accuracy': 0.640625, 'current_loss': 1.118983507156372, 'train_loss': None, 'decision': 0, 'drift_rate': 0.0, 'target_domains': ['sketch']}
Loss historical diff: 0.9804602302610874; Loss Difference: 0.0, Decision: 0
Round 182 took 0.3864939212799072s, results:
{'t': 181, 'current_accuracy': 0.640625, 'current_loss': 1.1189846396446228, 'train_loss': None, 'decision': 0, 'drift_rate': 0.0, 'target_domains': ['sketch']}
Loss historical diff: 0.9804602898657322; Loss Difference: 0.0, Decision: 0
Round 183 took 0.38686132431030273s, results:
{'t': 182, 'current_accuracy': 0.640625, 'current_loss': 1.1189846992492676, 'train_loss': None, 'decision': 0, 'drift_rate': 0.0, 'target_domains': ['sketch']}
Loss historical diff: 0.9804601706564426; Loss Difference: 0.0, Decision: 0
Round 184 took 0.38834714889526367s, results:
{'t': 183, 'current_accuracy': 0.640625, 'current_loss': 1.118984580039978, 'train_loss': None, 'decision': 0, 'drift_rate': 0.0, 'target_domains': ['sketch']}
Loss historical diff: 0.9804600514471531; Loss Difference: 0.0, Decision: 0
Round 185 took 0.38733816146850586s, results:
{'t': 184, 'current_accuracy': 0.640625, 'current_loss': 1.1189844608306885, 'train_loss': None, 'decision': 0, 'drift_rate': 0.0, 'target_domains': ['sketch']}
Loss historical diff: 0.9804602302610874; Loss Difference: 0.0, Decision: 0
Round 186 took 0.38678956031799316s, results:
{'t': 185, 'current_accuracy': 0.640625, 'current_loss': 1.1189846396446228, 'train_loss': None, 'decision': 0, 'drift_rate': 0.0, 'target_domains': ['sketch']}
Loss historical diff: 0.9804601706564426; Loss Difference: 0.0, Decision: 0
Round 187 took 0.38689661026000977s, results:
{'t': 186, 'current_accuracy': 0.640625, 'current_loss': 1.118984580039978, 'train_loss': None, 'decision': 0, 'drift_rate': 0.0, 'target_domains': ['sketch']}
Loss historical diff: 0.9804601110517979; Loss Difference: 0.0, Decision: 0
Round 188 took 0.3855757713317871s, results:
{'t': 187, 'current_accuracy': 0.640625, 'current_loss': 1.1189845204353333, 'train_loss': None, 'decision': 0, 'drift_rate': 0.0, 'target_domains': ['sketch']}
Loss historical diff: 0.9804616011679173; Loss Difference: 0.0, Decision: 0
Round 189 took 0.3862287998199463s, results:
{'t': 188, 'current_accuracy': 0.640625, 'current_loss': 1.1189860105514526, 'train_loss': None, 'decision': 0, 'drift_rate': 0.0, 'target_domains': ['sketch']}
Loss historical diff: 0.9804602302610874; Loss Difference: 0.0, Decision: 1
Average loss over 5 updates: 0.0639
Round 190 took 1.2428135871887207s, results:
{'t': 189, 'current_accuracy': 0.640625, 'current_loss': 1.1189846396446228, 'train_loss': 0.06392643451690674, 'decision': 1, 'drift_rate': 0.0, 'target_domains': ['sketch']}
Loss historical diff: 0.2645126171410084; Loss Difference: 0.0, Decision: 0
Round 191 took 0.39191770553588867s, results:
{'t': 190, 'current_accuracy': 0.84375, 'current_loss': 0.40303702652454376, 'train_loss': None, 'decision': 0, 'drift_rate': 0.0, 'target_domains': ['sketch']}
Loss historical diff: 0.26451251283288; Loss Difference: 0.0, Decision: 0
Round 192 took 0.389941930770874s, results:
{'t': 191, 'current_accuracy': 0.84375, 'current_loss': 0.4030369222164154, 'train_loss': None, 'decision': 0, 'drift_rate': 0.0, 'target_domains': ['sketch']}
Loss historical diff: 0.2645128108561039; Loss Difference: 0.0, Decision: 1
Average loss over 5 updates: 0.0520
Round 193 took 1.2434279918670654s, results:
{'t': 192, 'current_accuracy': 0.84375, 'current_loss': 0.4030372202396393, 'train_loss': 0.05195634737610817, 'decision': 1, 'drift_rate': 0.0, 'target_domains': ['sketch']}
Loss historical diff: 0.7424701787531376; Loss Difference: 0.0, Decision: 0
Round 194 took 0.38785719871520996s, results:
{'t': 193, 'current_accuracy': 0.6953125, 'current_loss': 0.880994588136673, 'train_loss': None, 'decision': 0, 'drift_rate': 0.0, 'target_domains': ['sketch']}
Loss historical diff: 0.7424701489508152; Loss Difference: 0.0, Decision: 0
Round 195 took 0.38805150985717773s, results:
{'t': 194, 'current_accuracy': 0.6953125, 'current_loss': 0.8809945583343506, 'train_loss': None, 'decision': 0, 'drift_rate': 0.0, 'target_domains': ['sketch']}
Loss historical diff: 0.7424700297415257; Loss Difference: 0.0, Decision: 0
Round 196 took 0.38730835914611816s, results:
{'t': 195, 'current_accuracy': 0.6953125, 'current_loss': 0.880994439125061, 'train_loss': None, 'decision': 0, 'drift_rate': 0.0, 'target_domains': ['sketch']}
Loss historical diff: 0.7424702681601048; Loss Difference: 0.0, Decision: 0
Round 197 took 0.38829636573791504s, results:
{'t': 196, 'current_accuracy': 0.6953125, 'current_loss': 0.8809946775436401, 'train_loss': None, 'decision': 0, 'drift_rate': 0.0, 'target_domains': ['sketch']}
Loss historical diff: 0.7424701787531376; Loss Difference: 0.0, Decision: 0
Round 198 took 0.39032983779907227s, results:
{'t': 197, 'current_accuracy': 0.6953125, 'current_loss': 0.880994588136673, 'train_loss': None, 'decision': 0, 'drift_rate': 0.0, 'target_domains': ['sketch']}
Loss historical diff: 0.7424699999392033; Loss Difference: 0.0, Decision: 0
Round 199 took 0.3880152702331543s, results:
{'t': 198, 'current_accuracy': 0.6953125, 'current_loss': 0.8809944093227386, 'train_loss': None, 'decision': 0, 'drift_rate': 0.0, 'target_domains': ['sketch']}
Loss historical diff: 0.74247020855546; Loss Difference: 0.0, Decision: 0
Round 200 took 0.3876190185546875s, results:
{'t': 199, 'current_accuracy': 0.6953125, 'current_loss': 0.8809946179389954, 'train_loss': None, 'decision': 0, 'drift_rate': 0.0, 'target_domains': ['sketch']}
Loss historical diff: 0.7424702383577824; Loss Difference: 0.0, Decision: 0
Round 201 took 0.38830113410949707s, results:
{'t': 200, 'current_accuracy': 0.6953125, 'current_loss': 0.8809946477413177, 'train_loss': None, 'decision': 0, 'drift_rate': 0.0, 'target_domains': ['sketch']}
Loss historical diff: 0.7424702383577824; Loss Difference: 0.0, Decision: 1
Average loss over 5 updates: 0.0404
Round 202 took 1.2465779781341553s, results:
{'t': 201, 'current_accuracy': 0.6953125, 'current_loss': 0.8809946477413177, 'train_loss': 0.04042765013873577, 'decision': 1, 'drift_rate': 0.0, 'target_domains': ['sketch']}
Loss historical diff: 0.5881839729845524; Loss Difference: 0.0, Decision: 0
Round 203 took 0.3878171443939209s, results:
{'t': 202, 'current_accuracy': 0.77734375, 'current_loss': 0.7267083823680878, 'train_loss': None, 'decision': 0, 'drift_rate': 0.0, 'target_domains': ['sketch']}
Loss historical diff: 0.5881840623915195; Loss Difference: 0.0, Decision: 0
Round 204 took 0.38736867904663086s, results:
{'t': 203, 'current_accuracy': 0.77734375, 'current_loss': 0.7267084717750549, 'train_loss': None, 'decision': 0, 'drift_rate': 0.0, 'target_domains': ['sketch']}
Loss historical diff: 0.5881841219961643; Loss Difference: 0.0, Decision: 0
Round 205 took 0.38905906677246094s, results:
{'t': 204, 'current_accuracy': 0.77734375, 'current_loss': 0.7267085313796997, 'train_loss': None, 'decision': 0, 'drift_rate': 0.0, 'target_domains': ['sketch']}
Loss historical diff: 0.5881841219961643; Loss Difference: 0.0, Decision: 0
Round 206 took 0.38697314262390137s, results:
{'t': 205, 'current_accuracy': 0.77734375, 'current_loss': 0.7267085313796997, 'train_loss': None, 'decision': 0, 'drift_rate': 0.0, 'target_domains': ['sketch']}
Loss historical diff: 0.5881840921938419; Loss Difference: 0.0, Decision: 0
Round 207 took 0.3882298469543457s, results:
{'t': 206, 'current_accuracy': 0.77734375, 'current_loss': 0.7267085015773773, 'train_loss': None, 'decision': 0, 'drift_rate': 0.0, 'target_domains': ['sketch']}
Loss historical diff: 0.5881838537752628; Loss Difference: 0.0, Decision: 0
Round 208 took 0.3875734806060791s, results:
{'t': 207, 'current_accuracy': 0.77734375, 'current_loss': 0.7267082631587982, 'train_loss': None, 'decision': 0, 'drift_rate': 0.0, 'target_domains': ['sketch']}
Loss historical diff: 0.5881837941706181; Loss Difference: 0.0, Decision: 1
Average loss over 5 updates: 0.0339
Round 209 took 1.2403478622436523s, results:
{'t': 208, 'current_accuracy': 0.77734375, 'current_loss': 0.7267082035541534, 'train_loss': 0.03386065885424614, 'decision': 1, 'drift_rate': 0.0, 'target_domains': ['sketch']}
Loss historical diff: 0.13922344520688057; Loss Difference: 0.0, Decision: 0
Round 210 took 0.3869760036468506s, results:
{'t': 209, 'current_accuracy': 0.8984375, 'current_loss': 0.27774785459041595, 'train_loss': None, 'decision': 0, 'drift_rate': 0.0, 'target_domains': ['sketch']}
Loss historical diff: 0.13922342285513878; Loss Difference: 0.0, Decision: 1
Average loss over 5 updates: 0.0260
Round 211 took 1.242889404296875s, results:
{'t': 210, 'current_accuracy': 0.8984375, 'current_loss': 0.27774783223867416, 'train_loss': 0.026045283675193785, 'decision': 1, 'drift_rate': 0.0, 'target_domains': ['sketch']}
Loss historical diff: 0.11801422759890556; Loss Difference: 0.0, Decision: 0
Round 212 took 0.388838529586792s, results:
{'t': 211, 'current_accuracy': 0.91015625, 'current_loss': 0.25653863698244095, 'train_loss': None, 'decision': 0, 'drift_rate': 0.0, 'target_domains': ['sketch']}
Loss historical diff: 0.11801407113671303; Loss Difference: 0.0, Decision: 0
Round 213 took 0.3865702152252197s, results:
{'t': 212, 'current_accuracy': 0.91015625, 'current_loss': 0.2565384805202484, 'train_loss': None, 'decision': 0, 'drift_rate': 0.0, 'target_domains': ['sketch']}
Loss historical diff: 0.11801420524716377; Loss Difference: 0.0, Decision: 0
Round 214 took 0.3863077163696289s, results:
{'t': 213, 'current_accuracy': 0.91015625, 'current_loss': 0.25653861463069916, 'train_loss': None, 'decision': 0, 'drift_rate': 0.0, 'target_domains': ['sketch']}
Loss historical diff: 0.11801398172974586; Loss Difference: 0.0, Decision: 0
Round 215 took 0.3868422508239746s, results:
{'t': 214, 'current_accuracy': 0.91015625, 'current_loss': 0.25653839111328125, 'train_loss': None, 'decision': 0, 'drift_rate': 0.0, 'target_domains': ['sketch']}
Loss historical diff: 0.11801419034600258; Loss Difference: 0.0, Decision: 0
Round 216 took 0.38660168647766113s, results:
{'t': 215, 'current_accuracy': 0.91015625, 'current_loss': 0.25653859972953796, 'train_loss': None, 'decision': 0, 'drift_rate': 0.0, 'target_domains': ['sketch']}
Loss historical diff: 0.11801411584019661; Loss Difference: 0.0, Decision: 0
Round 217 took 0.3857548236846924s, results:
{'t': 216, 'current_accuracy': 0.91015625, 'current_loss': 0.256538525223732, 'train_loss': None, 'decision': 0, 'drift_rate': 0.0, 'target_domains': ['sketch']}
Loss historical diff: 0.11801405623555183; Loss Difference: 0.0, Decision: 0
Round 218 took 0.3864481449127197s, results:
{'t': 217, 'current_accuracy': 0.91015625, 'current_loss': 0.2565384656190872, 'train_loss': None, 'decision': 0, 'drift_rate': 0.0, 'target_domains': ['sketch']}
Loss historical diff: 0.11801426485180855; Loss Difference: 0.0, Decision: 0
Round 219 took 0.38872647285461426s, results:
{'t': 218, 'current_accuracy': 0.91015625, 'current_loss': 0.25653867423534393, 'train_loss': None, 'decision': 0, 'drift_rate': 0.0, 'target_domains': ['sketch']}
Loss historical diff: 0.11801472678780556; Loss Difference: 0.0, Decision: 1
Average loss over 5 updates: 0.0250
Round 220 took 1.2444887161254883s, results:
{'t': 219, 'current_accuracy': 0.91015625, 'current_loss': 0.25653913617134094, 'train_loss': 0.02498084492981434, 'decision': 1, 'drift_rate': 0.0, 'target_domains': ['sketch']}
Loss historical diff: 0.04973262920975685; Loss Difference: 0.0, Decision: 0
Round 221 took 0.3899264335632324s, results:
{'t': 220, 'current_accuracy': 0.9296875, 'current_loss': 0.18825703859329224, 'train_loss': None, 'decision': 0, 'drift_rate': 0.0, 'target_domains': ['sketch']}
Loss historical diff: 0.049732621759176254; Loss Difference: 0.0, Decision: 1
Average loss over 5 updates: 0.0216
Round 222 took 1.2449696063995361s, results:
{'t': 221, 'current_accuracy': 0.9296875, 'current_loss': 0.18825703114271164, 'train_loss': 0.021586458757519723, 'decision': 1, 'drift_rate': 0.0, 'target_domains': ['sketch']}
Loss historical diff: 0.07382513955235481; Loss Difference: 0.0, Decision: 0
Round 223 took 0.3919188976287842s, results:
{'t': 222, 'current_accuracy': 0.93359375, 'current_loss': 0.2123495489358902, 'train_loss': None, 'decision': 0, 'drift_rate': 0.0, 'target_domains': ['sketch']}
Loss historical diff: 0.0738251693546772; Loss Difference: 0.0, Decision: 0
Round 224 took 0.3907124996185303s, results:
{'t': 223, 'current_accuracy': 0.93359375, 'current_loss': 0.21234957873821259, 'train_loss': None, 'decision': 0, 'drift_rate': 0.0, 'target_domains': ['sketch']}
Loss historical diff: 0.073825154453516; Loss Difference: 0.0, Decision: 0
Round 225 took 0.38921380043029785s, results:
{'t': 224, 'current_accuracy': 0.93359375, 'current_loss': 0.2123495638370514, 'train_loss': None, 'decision': 0, 'drift_rate': 0.0, 'target_domains': ['sketch']}
Loss historical diff: 0.073825154453516; Loss Difference: 0.0, Decision: 0
Round 226 took 0.3895835876464844s, results:
{'t': 225, 'current_accuracy': 0.93359375, 'current_loss': 0.2123495638370514, 'train_loss': None, 'decision': 0, 'drift_rate': 0.0, 'target_domains': ['sketch']}
Loss historical diff: 0.07382513955235481; Loss Difference: 0.0, Decision: 0
Round 227 took 0.3897690773010254s, results:
{'t': 226, 'current_accuracy': 0.93359375, 'current_loss': 0.2123495489358902, 'train_loss': None, 'decision': 0, 'drift_rate': 0.0, 'target_domains': ['sketch']}
Loss historical diff: 0.07382502779364586; Loss Difference: 0.0, Decision: 0
Round 228 took 0.3874473571777344s, results:
{'t': 227, 'current_accuracy': 0.93359375, 'current_loss': 0.21234943717718124, 'train_loss': None, 'decision': 0, 'drift_rate': 0.0, 'target_domains': ['sketch']}
Loss historical diff: 0.073825154453516; Loss Difference: 0.0, Decision: 0
Round 229 took 0.386394739151001s, results:
{'t': 228, 'current_accuracy': 0.93359375, 'current_loss': 0.2123495638370514, 'train_loss': None, 'decision': 0, 'drift_rate': 0.0, 'target_domains': ['sketch']}
Loss historical diff: 0.07382508739829063; Loss Difference: 0.0, Decision: 0
Round 230 took 0.3867480754852295s, results:
{'t': 229, 'current_accuracy': 0.93359375, 'current_loss': 0.21234949678182602, 'train_loss': None, 'decision': 0, 'drift_rate': 0.0, 'target_domains': ['sketch']}
Loss historical diff: 0.07382513210177422; Loss Difference: 0.0, Decision: 1
Average loss over 5 updates: 0.0241
Round 231 took 1.2423985004425049s, results:
{'t': 230, 'current_accuracy': 0.93359375, 'current_loss': 0.2123495414853096, 'train_loss': 0.0240969467908144, 'decision': 1, 'drift_rate': 0.0, 'target_domains': ['sketch']}
Loss historical diff: 0.02340305969119072; Loss Difference: 0.0, Decision: 0
Round 232 took 0.38835930824279785s, results:
{'t': 231, 'current_accuracy': 0.93359375, 'current_loss': 0.1619274690747261, 'train_loss': None, 'decision': 0, 'drift_rate': 0.0, 'target_domains': ['sketch']}
Loss historical diff: 0.023402992635965347; Loss Difference: 0.0, Decision: 0
Round 233 took 0.38661932945251465s, results:
{'t': 232, 'current_accuracy': 0.93359375, 'current_loss': 0.16192740201950073, 'train_loss': None, 'decision': 0, 'drift_rate': 0.0, 'target_domains': ['sketch']}
Loss historical diff: 0.02340296283364296; Loss Difference: 0.0, Decision: 0
Round 234 took 0.38651227951049805s, results:
{'t': 233, 'current_accuracy': 0.93359375, 'current_loss': 0.16192737221717834, 'train_loss': None, 'decision': 0, 'drift_rate': 0.0, 'target_domains': ['sketch']}
Loss historical diff: 10.477699879556894; Loss Difference: 0.0, Decision: 0
Round 235 took 0.3945949077606201s, results:
{'t': 234, 'current_accuracy': 0.6796875, 'current_loss': 10.61622428894043, 'train_loss': None, 'decision': 0, 'drift_rate': 0.3782992254032784, 'target_domains': ['cartoon']}
Loss historical diff: 18.95416796579957; Loss Difference: 0.0, Decision: 1
Average loss over 5 updates: 2.6940
Round 236 took 1.2677667140960693s, results:
{'t': 235, 'current_accuracy': 0.47265625, 'current_loss': 19.092692375183105, 'train_loss': 2.694037103652954, 'decision': 1, 'drift_rate': 0.32744237572584056, 'target_domains': ['cartoon']}
Loss historical diff: 10.104816082865; Loss Difference: 0.0, Decision: 1
Average loss over 5 updates: 1.7714
Round 237 took 1.2816641330718994s, results:
{'t': 236, 'current_accuracy': 0.2265625, 'current_loss': 10.243340492248535, 'train_loss': 1.771362018585205, 'decision': 1, 'drift_rate': 0.4229991271332033, 'target_domains': ['cartoon']}
Loss historical diff: 2.8483655489981174; Loss Difference: 0.0, Decision: 0
Round 238 took 0.3865072727203369s, results:
{'t': 237, 'current_accuracy': 0.33203125, 'current_loss': 2.986889958381653, 'train_loss': None, 'decision': 0, 'drift_rate': 0.3104542530545192, 'target_domains': ['cartoon']}
Loss historical diff: 2.8483666218817234; Loss Difference: 0.0, Decision: 0
Round 239 took 0.3865988254547119s, results:
{'t': 238, 'current_accuracy': 0.33203125, 'current_loss': 2.986891031265259, 'train_loss': None, 'decision': 0, 'drift_rate': 0.4968331829957543, 'target_domains': ['cartoon']}
Loss historical diff: 2.8483663834631443; Loss Difference: 0.0, Decision: 0
Round 240 took 0.38690638542175293s, results:
{'t': 239, 'current_accuracy': 0.33203125, 'current_loss': 2.9868907928466797, 'train_loss': None, 'decision': 0, 'drift_rate': 0.4138116136576405, 'target_domains': ['cartoon']}
Loss historical diff: 2.8483660258352757; Loss Difference: 0.0, Decision: 0
Round 241 took 0.38695621490478516s, results:
{'t': 240, 'current_accuracy': 0.33203125, 'current_loss': 2.986890435218811, 'train_loss': None, 'decision': 0, 'drift_rate': 0.0, 'target_domains': ['cartoon']}
Loss historical diff: 2.848365668207407; Loss Difference: 0.0, Decision: 0
Round 242 took 0.38811564445495605s, results:
{'t': 241, 'current_accuracy': 0.33203125, 'current_loss': 2.9868900775909424, 'train_loss': None, 'decision': 0, 'drift_rate': 0.0, 'target_domains': ['cartoon']}
Loss historical diff: 2.848365668207407; Loss Difference: 0.0, Decision: 0
Round 243 took 0.3864774703979492s, results:
{'t': 242, 'current_accuracy': 0.33203125, 'current_loss': 2.9868900775909424, 'train_loss': None, 'decision': 0, 'drift_rate': 0.0, 'target_domains': ['cartoon']}
Loss historical diff: 2.848366145044565; Loss Difference: 0.0, Decision: 0
Round 244 took 0.391085147857666s, results:
{'t': 243, 'current_accuracy': 0.33203125, 'current_loss': 2.9868905544281006, 'train_loss': None, 'decision': 0, 'drift_rate': 0.0, 'target_domains': ['cartoon']}
Loss historical diff: 2.8483666218817234; Loss Difference: 0.0, Decision: 0
Round 245 took 0.38480424880981445s, results:
{'t': 244, 'current_accuracy': 0.33203125, 'current_loss': 2.986891031265259, 'train_loss': None, 'decision': 0, 'drift_rate': 0.0, 'target_domains': ['cartoon']}
Loss historical diff: 2.8483663834631443; Loss Difference: 0.0, Decision: 1
Average loss over 5 updates: 1.4027
Round 246 took 1.2398555278778076s, results:
{'t': 245, 'current_accuracy': 0.33203125, 'current_loss': 2.9868907928466797, 'train_loss': 1.402661967277527, 'decision': 1, 'drift_rate': 0.0, 'target_domains': ['cartoon']}
Loss historical diff: 1.45635599270463; Loss Difference: 0.0, Decision: 0
Round 247 took 0.386599063873291s, results:
{'t': 246, 'current_accuracy': 0.46484375, 'current_loss': 1.5948804020881653, 'train_loss': None, 'decision': 0, 'drift_rate': 0.0, 'target_domains': ['cartoon']}
Loss historical diff: 1.4563563503324986; Loss Difference: 0.0, Decision: 0
Round 248 took 0.38182997703552246s, results:
{'t': 247, 'current_accuracy': 0.46484375, 'current_loss': 1.594880759716034, 'train_loss': None, 'decision': 0, 'drift_rate': 0.0, 'target_domains': ['cartoon']}
Loss historical diff: 1.4563565291464329; Loss Difference: 0.0, Decision: 0
Round 249 took 0.3812735080718994s, results:
{'t': 248, 'current_accuracy': 0.46484375, 'current_loss': 1.5948809385299683, 'train_loss': None, 'decision': 0, 'drift_rate': 0.0, 'target_domains': ['cartoon']}
Loss historical diff: 1.4563561715185642; Loss Difference: 0.0, Decision: 0
Round 250 took 0.3815040588378906s, results:
{'t': 249, 'current_accuracy': 0.46484375, 'current_loss': 1.5948805809020996, 'train_loss': None, 'decision': 0, 'drift_rate': 0.0, 'target_domains': ['cartoon']}
Average time per round: 0.48905628395080564
Total time: 122.26407098770142
