Using the latest cached version of the dataset since flwrlabs/pacs couldn't be found on the Hugging Face Hub
Found the latest cached dataset configuration 'default' at /home/apiasecz/.cache/huggingface/datasets/flwrlabs___pacs/default/0.0.0/394113073258ead631f617d2e13bb377c0715c4b (last modified on Wed Jan 29 16:59:35 2025).
Using the latest cached version of the dataset since flwrlabs/pacs couldn't be found on the Hugging Face Hub
Found the latest cached dataset configuration 'default' at /home/apiasecz/.cache/huggingface/datasets/flwrlabs___pacs/default/0.0.0/394113073258ead631f617d2e13bb377c0715c4b (last modified on Wed Jan 29 16:59:35 2025).
Using the latest cached version of the dataset since flwrlabs/pacs couldn't be found on the Hugging Face Hub
Found the latest cached dataset configuration 'default' at /home/apiasecz/.cache/huggingface/datasets/flwrlabs___pacs/default/0.0.0/394113073258ead631f617d2e13bb377c0715c4b (last modified on Wed Jan 29 16:59:35 2025).
Using the latest cached version of the dataset since flwrlabs/pacs couldn't be found on the Hugging Face Hub
Found the latest cached dataset configuration 'default' at /home/apiasecz/.cache/huggingface/datasets/flwrlabs___pacs/default/0.0.0/394113073258ead631f617d2e13bb377c0715c4b (last modified on Wed Jan 29 16:59:35 2025).
Device: cuda
CUDA Version: 12.1
cuDNN Version: 8902
PyTorch Version: 2.3.0

Model used: PACSCNN_4
Initial dataset creation
Initial dataset creation
Initial loss: 0.00014209738583303988
<__main__.Policy object at 0x14883d602fc0>
0.00014209738583303988
Round 1 took 0.3999350070953369s, results:
{'t': 0, 'current_accuracy': 1.0, 'current_loss': 0.00015951300883898512, 'train_loss': None, 'decision': 0, 'drift_rate': 0.0, 'target_domains': ['art_painting']}
Round 2 took 0.38991618156433105s, results:
{'t': 1, 'current_accuracy': 1.0, 'current_loss': 0.0001595125359017402, 'train_loss': None, 'decision': 0, 'drift_rate': 0.0, 'target_domains': ['art_painting']}
Round 3 took 0.3882923126220703s, results:
{'t': 2, 'current_accuracy': 1.0, 'current_loss': 0.0001595125431776978, 'train_loss': None, 'decision': 0, 'drift_rate': 0.0, 'target_domains': ['art_painting']}
Round 4 took 0.3876059055328369s, results:
{'t': 3, 'current_accuracy': 1.0, 'current_loss': 0.00015951300883898512, 'train_loss': None, 'decision': 0, 'drift_rate': 0.0, 'target_domains': ['art_painting']}
Round 5 took 0.38850951194763184s, results:
{'t': 4, 'current_accuracy': 1.0, 'current_loss': 0.00015951301611494273, 'train_loss': None, 'decision': 0, 'drift_rate': 0.0, 'target_domains': ['art_painting']}
Round 6 took 0.38825011253356934s, results:
{'t': 5, 'current_accuracy': 1.0, 'current_loss': 0.00015951301611494273, 'train_loss': None, 'decision': 0, 'drift_rate': 0.0, 'target_domains': ['art_painting']}
Round 7 took 0.3945930004119873s, results:
{'t': 6, 'current_accuracy': 1.0, 'current_loss': 0.00015951303066685796, 'train_loss': None, 'decision': 0, 'drift_rate': 0.0, 'target_domains': ['art_painting']}
Round 8 took 0.38823795318603516s, results:
{'t': 7, 'current_accuracy': 1.0, 'current_loss': 0.0001595130015630275, 'train_loss': None, 'decision': 0, 'drift_rate': 0.0, 'target_domains': ['art_painting']}
Round 9 took 0.3893094062805176s, results:
{'t': 8, 'current_accuracy': 1.0, 'current_loss': 0.0001595125359017402, 'train_loss': None, 'decision': 0, 'drift_rate': 0.0, 'target_domains': ['art_painting']}
Round 10 took 0.38915014266967773s, results:
{'t': 9, 'current_accuracy': 1.0, 'current_loss': 0.00015951301611494273, 'train_loss': None, 'decision': 0, 'drift_rate': 0.0, 'target_domains': ['art_painting']}
Round 11 took 0.3898613452911377s, results:
{'t': 10, 'current_accuracy': 1.0, 'current_loss': 0.0001595130015630275, 'train_loss': None, 'decision': 0, 'drift_rate': 0.0, 'target_domains': ['art_painting']}
Round 12 took 0.3946545124053955s, results:
{'t': 11, 'current_accuracy': 1.0, 'current_loss': 0.0001595130015630275, 'train_loss': None, 'decision': 0, 'drift_rate': 0.0, 'target_domains': ['art_painting']}
Round 13 took 0.3898048400878906s, results:
{'t': 12, 'current_accuracy': 1.0, 'current_loss': 0.00015951301611494273, 'train_loss': None, 'decision': 0, 'drift_rate': 0.0, 'target_domains': ['art_painting']}
Round 14 took 0.3902010917663574s, results:
{'t': 13, 'current_accuracy': 1.0, 'current_loss': 0.00015951252862578258, 'train_loss': None, 'decision': 0, 'drift_rate': 0.0, 'target_domains': ['art_painting']}
Round 15 took 0.3897571563720703s, results:
{'t': 14, 'current_accuracy': 1.0, 'current_loss': 0.00015951301611494273, 'train_loss': None, 'decision': 0, 'drift_rate': 0.0, 'target_domains': ['art_painting']}
Round 16 took 0.3895280361175537s, results:
{'t': 15, 'current_accuracy': 1.0, 'current_loss': 0.00015951301611494273, 'train_loss': None, 'decision': 0, 'drift_rate': 0.0, 'target_domains': ['art_painting']}
Round 17 took 0.3942148685455322s, results:
{'t': 16, 'current_accuracy': 1.0, 'current_loss': 0.00015951301611494273, 'train_loss': None, 'decision': 0, 'drift_rate': 0.0, 'target_domains': ['art_painting']}
Round 18 took 0.38921475410461426s, results:
{'t': 17, 'current_accuracy': 1.0, 'current_loss': 0.00015951348177623004, 'train_loss': None, 'decision': 0, 'drift_rate': 0.0, 'target_domains': ['art_painting']}
Round 19 took 0.38980770111083984s, results:
{'t': 18, 'current_accuracy': 1.0, 'current_loss': 0.00015951298701111227, 'train_loss': None, 'decision': 0, 'drift_rate': 0.0, 'target_domains': ['art_painting']}
Round 20 took 0.38767480850219727s, results:
{'t': 19, 'current_accuracy': 1.0, 'current_loss': 0.00015951303066685796, 'train_loss': None, 'decision': 0, 'drift_rate': 0.0, 'target_domains': ['art_painting']}
Round 21 took 0.3869624137878418s, results:
{'t': 20, 'current_accuracy': 1.0, 'current_loss': 0.00015951300883898512, 'train_loss': None, 'decision': 0, 'drift_rate': 0.0, 'target_domains': ['art_painting']}
Round 22 took 0.39533114433288574s, results:
{'t': 21, 'current_accuracy': 1.0, 'current_loss': 0.00015951301611494273, 'train_loss': None, 'decision': 0, 'drift_rate': 0.0, 'target_domains': ['art_painting']}
Round 23 took 0.3886075019836426s, results:
{'t': 22, 'current_accuracy': 1.0, 'current_loss': 0.00015951303066685796, 'train_loss': None, 'decision': 0, 'drift_rate': 0.0, 'target_domains': ['art_painting']}
Round 24 took 0.3886396884918213s, results:
{'t': 23, 'current_accuracy': 1.0, 'current_loss': 0.00015951301611494273, 'train_loss': None, 'decision': 0, 'drift_rate': 0.0, 'target_domains': ['art_painting']}
Round 25 took 0.3890645503997803s, results:
{'t': 24, 'current_accuracy': 1.0, 'current_loss': 0.00015951255045365542, 'train_loss': None, 'decision': 0, 'drift_rate': 0.0, 'target_domains': ['art_painting']}
Round 26 took 0.3880343437194824s, results:
{'t': 25, 'current_accuracy': 1.0, 'current_loss': 0.00015951348177623004, 'train_loss': None, 'decision': 0, 'drift_rate': 0.0, 'target_domains': ['art_painting']}
Round 27 took 0.40271902084350586s, results:
{'t': 26, 'current_accuracy': 1.0, 'current_loss': 0.0001595130015630275, 'train_loss': None, 'decision': 0, 'drift_rate': 0.0, 'target_domains': ['art_painting']}
Round 28 took 0.402449369430542s, results:
{'t': 27, 'current_accuracy': 1.0, 'current_loss': 0.00015951298701111227, 'train_loss': None, 'decision': 0, 'drift_rate': 0.0, 'target_domains': ['art_painting']}
Round 29 took 0.38770413398742676s, results:
{'t': 28, 'current_accuracy': 1.0, 'current_loss': 0.00015951303066685796, 'train_loss': None, 'decision': 0, 'drift_rate': 0.0, 'target_domains': ['art_painting']}
Round 30 took 0.38809847831726074s, results:
{'t': 29, 'current_accuracy': 1.0, 'current_loss': 0.0001595130015630275, 'train_loss': None, 'decision': 0, 'drift_rate': 0.0, 'target_domains': ['art_painting']}
Round 31 took 0.3880753517150879s, results:
{'t': 30, 'current_accuracy': 1.0, 'current_loss': 0.00015951348177623004, 'train_loss': None, 'decision': 0, 'drift_rate': 0.0, 'target_domains': ['art_painting']}
Round 32 took 0.3885819911956787s, results:
{'t': 31, 'current_accuracy': 1.0, 'current_loss': 0.00015951303794281557, 'train_loss': None, 'decision': 0, 'drift_rate': 0.0, 'target_domains': ['art_painting']}
Round 33 took 0.39121150970458984s, results:
{'t': 32, 'current_accuracy': 1.0, 'current_loss': 0.00015951300883898512, 'train_loss': None, 'decision': 0, 'drift_rate': 0.0, 'target_domains': ['art_painting']}
Round 34 took 0.38899683952331543s, results:
{'t': 33, 'current_accuracy': 1.0, 'current_loss': 0.0001595130015630275, 'train_loss': None, 'decision': 0, 'drift_rate': 0.0, 'target_domains': ['art_painting']}
Round 35 took 0.3891608715057373s, results:
{'t': 34, 'current_accuracy': 1.0, 'current_loss': 0.00015951300883898512, 'train_loss': None, 'decision': 0, 'drift_rate': 0.0, 'target_domains': ['art_painting']}
Round 36 took 0.3877840042114258s, results:
{'t': 35, 'current_accuracy': 1.0, 'current_loss': 0.00015951301611494273, 'train_loss': None, 'decision': 0, 'drift_rate': 0.0, 'target_domains': ['art_painting']}
Round 37 took 0.38904476165771484s, results:
{'t': 36, 'current_accuracy': 1.0, 'current_loss': 0.00015951300883898512, 'train_loss': None, 'decision': 0, 'drift_rate': 0.0, 'target_domains': ['art_painting']}
Round 38 took 0.3932948112487793s, results:
{'t': 37, 'current_accuracy': 1.0, 'current_loss': 0.0001595125359017402, 'train_loss': None, 'decision': 0, 'drift_rate': 0.0, 'target_domains': ['art_painting']}
Round 39 took 0.38907885551452637s, results:
{'t': 38, 'current_accuracy': 1.0, 'current_loss': 0.00015951302339090034, 'train_loss': None, 'decision': 0, 'drift_rate': 0.0, 'target_domains': ['art_painting']}
Round 40 took 0.3895893096923828s, results:
{'t': 39, 'current_accuracy': 1.0, 'current_loss': 0.00015951347450027242, 'train_loss': None, 'decision': 0, 'drift_rate': 0.0, 'target_domains': ['art_painting']}
Round 41 took 0.3891124725341797s, results:
{'t': 40, 'current_accuracy': 1.0, 'current_loss': 0.0001595129942870699, 'train_loss': None, 'decision': 0, 'drift_rate': 0.0, 'target_domains': ['art_painting']}
Round 42 took 0.39011240005493164s, results:
{'t': 41, 'current_accuracy': 1.0, 'current_loss': 0.00015951301611494273, 'train_loss': None, 'decision': 0, 'drift_rate': 0.0, 'target_domains': ['art_painting']}
Round 43 took 0.38889551162719727s, results:
{'t': 42, 'current_accuracy': 1.0, 'current_loss': 0.00015951301611494273, 'train_loss': None, 'decision': 0, 'drift_rate': 0.0, 'target_domains': ['art_painting']}
Round 44 took 0.3915572166442871s, results:
{'t': 43, 'current_accuracy': 1.0, 'current_loss': 0.00015951255045365542, 'train_loss': None, 'decision': 0, 'drift_rate': 0.0, 'target_domains': ['art_painting']}
Round 45 took 0.38893914222717285s, results:
{'t': 44, 'current_accuracy': 1.0, 'current_loss': 0.00015951301611494273, 'train_loss': None, 'decision': 0, 'drift_rate': 0.0, 'target_domains': ['art_painting']}
Round 46 took 0.3887205123901367s, results:
{'t': 45, 'current_accuracy': 1.0, 'current_loss': 0.00015951300883898512, 'train_loss': None, 'decision': 0, 'drift_rate': 0.0, 'target_domains': ['art_painting']}
Round 47 took 0.3889198303222656s, results:
{'t': 46, 'current_accuracy': 1.0, 'current_loss': 0.00015951301611494273, 'train_loss': None, 'decision': 0, 'drift_rate': 0.0, 'target_domains': ['art_painting']}
Round 48 took 0.388822078704834s, results:
{'t': 47, 'current_accuracy': 1.0, 'current_loss': 0.00015951302339090034, 'train_loss': None, 'decision': 0, 'drift_rate': 0.0, 'target_domains': ['art_painting']}
Round 49 took 0.3894491195678711s, results:
{'t': 48, 'current_accuracy': 1.0, 'current_loss': 0.00015951301611494273, 'train_loss': None, 'decision': 0, 'drift_rate': 0.0, 'target_domains': ['art_painting']}
Round 50 took 0.39020848274230957s, results:
{'t': 49, 'current_accuracy': 1.0, 'current_loss': 0.00015951301611494273, 'train_loss': None, 'decision': 0, 'drift_rate': 0.0, 'target_domains': ['art_painting']}
Round 51 took 0.3910224437713623s, results:
{'t': 50, 'current_accuracy': 1.0, 'current_loss': 0.00015951303066685796, 'train_loss': None, 'decision': 0, 'drift_rate': 0.0, 'target_domains': ['art_painting']}
Round 52 took 0.3891580104827881s, results:
{'t': 51, 'current_accuracy': 1.0, 'current_loss': 0.00015951349632814527, 'train_loss': None, 'decision': 0, 'drift_rate': 0.0, 'target_domains': ['art_painting']}
Round 53 took 0.38898324966430664s, results:
{'t': 52, 'current_accuracy': 1.0, 'current_loss': 0.00015951302339090034, 'train_loss': None, 'decision': 0, 'drift_rate': 0.0, 'target_domains': ['art_painting']}
Round 54 took 0.38890886306762695s, results:
{'t': 53, 'current_accuracy': 1.0, 'current_loss': 0.00015951302339090034, 'train_loss': None, 'decision': 0, 'drift_rate': 0.0, 'target_domains': ['art_painting']}
Round 55 took 0.38869190216064453s, results:
{'t': 54, 'current_accuracy': 1.0, 'current_loss': 0.00015951302339090034, 'train_loss': None, 'decision': 0, 'drift_rate': 0.0, 'target_domains': ['art_painting']}
Average loss over 3 updates: 3.6897
Round 56 took 1.010437250137329s, results:
{'t': 55, 'current_accuracy': 0.7109375, 'current_loss': 1.1215983629226685, 'train_loss': 3.6896844704945884, 'decision': 1, 'drift_rate': 0.4, 'target_domains': ['sketch']}
Average loss over 3 updates: 3.1832
Round 57 took 0.9107918739318848s, results:
{'t': 56, 'current_accuracy': 0.05859375, 'current_loss': 253031.09375, 'train_loss': 3.1831789016723633, 'decision': 1, 'drift_rate': 0.4, 'target_domains': ['sketch']}
Average loss over 3 updates: 1.9167
Round 58 took 0.9094352722167969s, results:
{'t': 57, 'current_accuracy': 0.21875, 'current_loss': 2604.53173828125, 'train_loss': 1.9167307217915852, 'decision': 1, 'drift_rate': 0.4, 'target_domains': ['sketch']}
Average loss over 3 updates: 1.7827
Round 59 took 0.9057338237762451s, results:
{'t': 58, 'current_accuracy': 0.1875, 'current_loss': 283.0319366455078, 'train_loss': 1.7827072938283284, 'decision': 1, 'drift_rate': 0.4, 'target_domains': ['sketch']}
Average loss over 3 updates: 1.8313
Round 60 took 0.8992993831634521s, results:
{'t': 59, 'current_accuracy': 0.21875, 'current_loss': 194.94365692138672, 'train_loss': 1.8313233852386475, 'decision': 1, 'drift_rate': 0.4, 'target_domains': ['sketch']}
Average loss over 3 updates: 1.7851
Round 61 took 0.8985316753387451s, results:
{'t': 60, 'current_accuracy': 0.21875, 'current_loss': 50.019493103027344, 'train_loss': 1.7851123412450154, 'decision': 1, 'drift_rate': 0.0, 'target_domains': ['sketch']}
Average loss over 3 updates: 1.7871
Round 62 took 0.9007656574249268s, results:
{'t': 61, 'current_accuracy': 0.12890625, 'current_loss': 13.993905067443848, 'train_loss': 1.7870673735936482, 'decision': 1, 'drift_rate': 0.0, 'target_domains': ['sketch']}
Average loss over 3 updates: 1.5166
Round 63 took 0.8988542556762695s, results:
{'t': 62, 'current_accuracy': 0.09375, 'current_loss': 6.09525203704834, 'train_loss': 1.516608436902364, 'decision': 1, 'drift_rate': 0.0, 'target_domains': ['sketch']}
Average loss over 3 updates: 1.3195
Round 64 took 0.9038708209991455s, results:
{'t': 63, 'current_accuracy': 0.0859375, 'current_loss': 3.939018130302429, 'train_loss': 1.3195297718048096, 'decision': 1, 'drift_rate': 0.0, 'target_domains': ['sketch']}
Average loss over 3 updates: 1.3293
Round 65 took 0.9022645950317383s, results:
{'t': 64, 'current_accuracy': 0.25390625, 'current_loss': 3.2241185903549194, 'train_loss': 1.3292730649312336, 'decision': 1, 'drift_rate': 0.0, 'target_domains': ['sketch']}
Average loss over 3 updates: 1.3384
Round 66 took 0.9011242389678955s, results:
{'t': 65, 'current_accuracy': 0.28125, 'current_loss': 4.219191312789917, 'train_loss': 1.338408350944519, 'decision': 1, 'drift_rate': 0.0, 'target_domains': ['sketch']}
Average loss over 3 updates: 1.3544
Round 67 took 0.8927233219146729s, results:
{'t': 66, 'current_accuracy': 0.2109375, 'current_loss': 3.8530421257019043, 'train_loss': 1.3543569644292195, 'decision': 1, 'drift_rate': 0.0, 'target_domains': ['sketch']}
Average loss over 3 updates: 1.1199
Round 68 took 0.887394905090332s, results:
{'t': 67, 'current_accuracy': 0.25, 'current_loss': 4.1080344915390015, 'train_loss': 1.119907816251119, 'decision': 1, 'drift_rate': 0.0, 'target_domains': ['sketch']}
Average loss over 3 updates: 1.1738
Round 69 took 0.8831307888031006s, results:
{'t': 68, 'current_accuracy': 0.18359375, 'current_loss': 3.2582632303237915, 'train_loss': 1.1738091707229614, 'decision': 1, 'drift_rate': 0.0, 'target_domains': ['sketch']}
Average loss over 3 updates: 1.1507
Round 70 took 0.8911659717559814s, results:
{'t': 69, 'current_accuracy': 0.30859375, 'current_loss': 2.7467018365859985, 'train_loss': 1.1506584485371907, 'decision': 1, 'drift_rate': 0.0, 'target_domains': ['sketch']}
Average loss over 3 updates: 1.1770
Round 71 took 0.8955340385437012s, results:
{'t': 70, 'current_accuracy': 0.1484375, 'current_loss': 3.2424293756484985, 'train_loss': 1.1770238876342773, 'decision': 1, 'drift_rate': 0.0, 'target_domains': ['sketch']}
Round 72 took 0.3807861804962158s, results:
{'t': 71, 'current_accuracy': 0.48046875, 'current_loss': 1.379089117050171, 'train_loss': None, 'decision': 0, 'drift_rate': 0.0, 'target_domains': ['sketch']}
Round 73 took 0.3790879249572754s, results:
{'t': 72, 'current_accuracy': 0.48046875, 'current_loss': 1.3790890574455261, 'train_loss': None, 'decision': 0, 'drift_rate': 0.0, 'target_domains': ['sketch']}
Round 74 took 0.38002753257751465s, results:
{'t': 73, 'current_accuracy': 0.48046875, 'current_loss': 1.3790892958641052, 'train_loss': None, 'decision': 0, 'drift_rate': 0.0, 'target_domains': ['sketch']}
Round 75 took 0.3782191276550293s, results:
{'t': 74, 'current_accuracy': 0.48046875, 'current_loss': 1.3790891766548157, 'train_loss': None, 'decision': 0, 'drift_rate': 0.0, 'target_domains': ['sketch']}
Round 76 took 0.37428927421569824s, results:
{'t': 75, 'current_accuracy': 0.48046875, 'current_loss': 1.3790892958641052, 'train_loss': None, 'decision': 0, 'drift_rate': 0.0, 'target_domains': ['sketch']}
Round 77 took 0.37784862518310547s, results:
{'t': 76, 'current_accuracy': 0.48046875, 'current_loss': 1.3790892362594604, 'train_loss': None, 'decision': 0, 'drift_rate': 0.0, 'target_domains': ['sketch']}
Round 78 took 0.37823009490966797s, results:
{'t': 77, 'current_accuracy': 0.48046875, 'current_loss': 1.3790892958641052, 'train_loss': None, 'decision': 0, 'drift_rate': 0.0, 'target_domains': ['sketch']}
Round 79 took 0.3773832321166992s, results:
{'t': 78, 'current_accuracy': 0.48046875, 'current_loss': 1.3790894150733948, 'train_loss': None, 'decision': 0, 'drift_rate': 0.0, 'target_domains': ['sketch']}
Round 80 took 0.37723398208618164s, results:
{'t': 79, 'current_accuracy': 0.48046875, 'current_loss': 1.3790892958641052, 'train_loss': None, 'decision': 0, 'drift_rate': 0.0, 'target_domains': ['sketch']}
Round 81 took 0.37715792655944824s, results:
{'t': 80, 'current_accuracy': 0.48046875, 'current_loss': 1.37908935546875, 'train_loss': None, 'decision': 0, 'drift_rate': 0.0, 'target_domains': ['sketch']}
Round 82 took 0.37602782249450684s, results:
{'t': 81, 'current_accuracy': 0.48046875, 'current_loss': 1.3790895342826843, 'train_loss': None, 'decision': 0, 'drift_rate': 0.0, 'target_domains': ['sketch']}
Round 83 took 0.37674379348754883s, results:
{'t': 82, 'current_accuracy': 0.48046875, 'current_loss': 1.3790892958641052, 'train_loss': None, 'decision': 0, 'drift_rate': 0.0, 'target_domains': ['sketch']}
Round 84 took 0.3780398368835449s, results:
{'t': 83, 'current_accuracy': 0.48046875, 'current_loss': 1.37908935546875, 'train_loss': None, 'decision': 0, 'drift_rate': 0.0, 'target_domains': ['sketch']}
Round 85 took 0.37726449966430664s, results:
{'t': 84, 'current_accuracy': 0.48046875, 'current_loss': 1.3790892958641052, 'train_loss': None, 'decision': 0, 'drift_rate': 0.0, 'target_domains': ['sketch']}
Round 86 took 0.3763926029205322s, results:
{'t': 85, 'current_accuracy': 0.48046875, 'current_loss': 1.3790891766548157, 'train_loss': None, 'decision': 0, 'drift_rate': 0.0, 'target_domains': ['sketch']}
Round 87 took 0.37823033332824707s, results:
{'t': 86, 'current_accuracy': 0.48046875, 'current_loss': 1.3790889978408813, 'train_loss': None, 'decision': 0, 'drift_rate': 0.0, 'target_domains': ['sketch']}
Round 88 took 0.3768270015716553s, results:
{'t': 87, 'current_accuracy': 0.48046875, 'current_loss': 1.379089117050171, 'train_loss': None, 'decision': 0, 'drift_rate': 0.0, 'target_domains': ['sketch']}
Round 89 took 0.37827229499816895s, results:
{'t': 88, 'current_accuracy': 0.48046875, 'current_loss': 1.3790894746780396, 'train_loss': None, 'decision': 0, 'drift_rate': 0.0, 'target_domains': ['sketch']}
Round 90 took 0.3782017230987549s, results:
{'t': 89, 'current_accuracy': 0.48046875, 'current_loss': 1.37908935546875, 'train_loss': None, 'decision': 0, 'drift_rate': 0.0, 'target_domains': ['sketch']}
Round 91 took 0.3797464370727539s, results:
{'t': 90, 'current_accuracy': 0.48046875, 'current_loss': 1.3790894150733948, 'train_loss': None, 'decision': 0, 'drift_rate': 0.0, 'target_domains': ['sketch']}
Round 92 took 0.3783688545227051s, results:
{'t': 91, 'current_accuracy': 0.48046875, 'current_loss': 1.3790892362594604, 'train_loss': None, 'decision': 0, 'drift_rate': 0.0, 'target_domains': ['sketch']}
Round 93 took 0.394946813583374s, results:
{'t': 92, 'current_accuracy': 0.48046875, 'current_loss': 1.3790892362594604, 'train_loss': None, 'decision': 0, 'drift_rate': 0.0, 'target_domains': ['sketch']}
Round 94 took 0.3837575912475586s, results:
{'t': 93, 'current_accuracy': 0.48046875, 'current_loss': 1.3790891766548157, 'train_loss': None, 'decision': 0, 'drift_rate': 0.0, 'target_domains': ['sketch']}
Round 95 took 0.3856654167175293s, results:
{'t': 94, 'current_accuracy': 0.48046875, 'current_loss': 1.3790891766548157, 'train_loss': None, 'decision': 0, 'drift_rate': 0.0, 'target_domains': ['sketch']}
Round 96 took 0.37833380699157715s, results:
{'t': 95, 'current_accuracy': 0.48046875, 'current_loss': 1.379089117050171, 'train_loss': None, 'decision': 0, 'drift_rate': 0.0, 'target_domains': ['sketch']}
Round 97 took 0.3795645236968994s, results:
{'t': 96, 'current_accuracy': 0.48046875, 'current_loss': 1.3790894150733948, 'train_loss': None, 'decision': 0, 'drift_rate': 0.0, 'target_domains': ['sketch']}
Round 98 took 0.3776695728302002s, results:
{'t': 97, 'current_accuracy': 0.48046875, 'current_loss': 1.3790892958641052, 'train_loss': None, 'decision': 0, 'drift_rate': 0.0, 'target_domains': ['sketch']}
Round 99 took 0.3838770389556885s, results:
{'t': 98, 'current_accuracy': 0.48046875, 'current_loss': 1.3790892958641052, 'train_loss': None, 'decision': 0, 'drift_rate': 0.0, 'target_domains': ['sketch']}
Round 100 took 0.38216638565063477s, results:
{'t': 99, 'current_accuracy': 0.48046875, 'current_loss': 1.3790891766548157, 'train_loss': None, 'decision': 0, 'drift_rate': 0.0, 'target_domains': ['sketch']}
Round 101 took 0.3807985782623291s, results:
{'t': 100, 'current_accuracy': 0.48046875, 'current_loss': 1.3790891766548157, 'train_loss': None, 'decision': 0, 'drift_rate': 0.0, 'target_domains': ['sketch']}
Round 102 took 0.37860774993896484s, results:
{'t': 101, 'current_accuracy': 0.48046875, 'current_loss': 1.3790892958641052, 'train_loss': None, 'decision': 0, 'drift_rate': 0.0, 'target_domains': ['sketch']}
Round 103 took 0.37747836112976074s, results:
{'t': 102, 'current_accuracy': 0.48046875, 'current_loss': 1.3790892958641052, 'train_loss': None, 'decision': 0, 'drift_rate': 0.0, 'target_domains': ['sketch']}
Round 104 took 0.37650299072265625s, results:
{'t': 103, 'current_accuracy': 0.48046875, 'current_loss': 1.37908935546875, 'train_loss': None, 'decision': 0, 'drift_rate': 0.0, 'target_domains': ['sketch']}
Round 105 took 0.37895703315734863s, results:
{'t': 104, 'current_accuracy': 0.48046875, 'current_loss': 1.379089117050171, 'train_loss': None, 'decision': 0, 'drift_rate': 0.0, 'target_domains': ['sketch']}
Average loss over 3 updates: 2.3193
Round 106 took 0.9027528762817383s, results:
{'t': 105, 'current_accuracy': 0.32421875, 'current_loss': 8.248213529586792, 'train_loss': 2.3193179766337075, 'decision': 1, 'drift_rate': 0.4, 'target_domains': ['cartoon']}
Average loss over 3 updates: 2.0043
Round 107 took 0.9048242568969727s, results:
{'t': 106, 'current_accuracy': 0.203125, 'current_loss': 6.337246894836426, 'train_loss': 2.004314144452413, 'decision': 1, 'drift_rate': 0.4, 'target_domains': ['cartoon']}
Average loss over 3 updates: 1.9515
Round 108 took 0.8976542949676514s, results:
{'t': 107, 'current_accuracy': 0.1875, 'current_loss': 3.37789785861969, 'train_loss': 1.9515241384506226, 'decision': 1, 'drift_rate': 0.4, 'target_domains': ['cartoon']}
Round 109 took 0.3789341449737549s, results:
{'t': 108, 'current_accuracy': 0.2578125, 'current_loss': 2.0184714794158936, 'train_loss': None, 'decision': 0, 'drift_rate': 0.4, 'target_domains': ['cartoon']}
Round 110 took 0.37950778007507324s, results:
{'t': 109, 'current_accuracy': 0.2578125, 'current_loss': 2.0184714794158936, 'train_loss': None, 'decision': 0, 'drift_rate': 0.4, 'target_domains': ['cartoon']}
Round 111 took 0.37928271293640137s, results:
{'t': 110, 'current_accuracy': 0.2578125, 'current_loss': 2.0184714794158936, 'train_loss': None, 'decision': 0, 'drift_rate': 0.0, 'target_domains': ['cartoon']}
Round 112 took 0.37799596786499023s, results:
{'t': 111, 'current_accuracy': 0.2578125, 'current_loss': 2.0184715390205383, 'train_loss': None, 'decision': 0, 'drift_rate': 0.0, 'target_domains': ['cartoon']}
Round 113 took 0.37708234786987305s, results:
{'t': 112, 'current_accuracy': 0.2578125, 'current_loss': 2.0184713006019592, 'train_loss': None, 'decision': 0, 'drift_rate': 0.0, 'target_domains': ['cartoon']}
Round 114 took 0.37769174575805664s, results:
{'t': 113, 'current_accuracy': 0.2578125, 'current_loss': 2.018471360206604, 'train_loss': None, 'decision': 0, 'drift_rate': 0.0, 'target_domains': ['cartoon']}
Round 115 took 0.37677931785583496s, results:
{'t': 114, 'current_accuracy': 0.2578125, 'current_loss': 2.0184714794158936, 'train_loss': None, 'decision': 0, 'drift_rate': 0.0, 'target_domains': ['cartoon']}
Round 116 took 0.3771092891693115s, results:
{'t': 115, 'current_accuracy': 0.2578125, 'current_loss': 2.0184717178344727, 'train_loss': None, 'decision': 0, 'drift_rate': 0.0, 'target_domains': ['cartoon']}
Round 117 took 0.38080453872680664s, results:
{'t': 116, 'current_accuracy': 0.2578125, 'current_loss': 2.018471598625183, 'train_loss': None, 'decision': 0, 'drift_rate': 0.0, 'target_domains': ['cartoon']}
Round 118 took 0.3768024444580078s, results:
{'t': 117, 'current_accuracy': 0.2578125, 'current_loss': 2.018471598625183, 'train_loss': None, 'decision': 0, 'drift_rate': 0.0, 'target_domains': ['cartoon']}
Round 119 took 0.3784959316253662s, results:
{'t': 118, 'current_accuracy': 0.2578125, 'current_loss': 2.0184715390205383, 'train_loss': None, 'decision': 0, 'drift_rate': 0.0, 'target_domains': ['cartoon']}
Round 120 took 0.3773491382598877s, results:
{'t': 119, 'current_accuracy': 0.2578125, 'current_loss': 2.018471360206604, 'train_loss': None, 'decision': 0, 'drift_rate': 0.0, 'target_domains': ['cartoon']}
Round 121 took 0.37813568115234375s, results:
{'t': 120, 'current_accuracy': 0.2578125, 'current_loss': 2.0184715390205383, 'train_loss': None, 'decision': 0, 'drift_rate': 0.0, 'target_domains': ['cartoon']}
Round 122 took 0.3789660930633545s, results:
{'t': 121, 'current_accuracy': 0.2578125, 'current_loss': 2.018471598625183, 'train_loss': None, 'decision': 0, 'drift_rate': 0.0, 'target_domains': ['cartoon']}
Round 123 took 0.37768077850341797s, results:
{'t': 122, 'current_accuracy': 0.2578125, 'current_loss': 2.0184714794158936, 'train_loss': None, 'decision': 0, 'drift_rate': 0.0, 'target_domains': ['cartoon']}
Round 124 took 0.3784012794494629s, results:
{'t': 123, 'current_accuracy': 0.2578125, 'current_loss': 2.018471598625183, 'train_loss': None, 'decision': 0, 'drift_rate': 0.0, 'target_domains': ['cartoon']}
Round 125 took 0.38154077529907227s, results:
{'t': 124, 'current_accuracy': 0.2578125, 'current_loss': 2.018471360206604, 'train_loss': None, 'decision': 0, 'drift_rate': 0.0, 'target_domains': ['cartoon']}
Round 126 took 0.3767359256744385s, results:
{'t': 125, 'current_accuracy': 0.2578125, 'current_loss': 2.018471598625183, 'train_loss': None, 'decision': 0, 'drift_rate': 0.0, 'target_domains': ['cartoon']}
Round 127 took 0.3768773078918457s, results:
{'t': 126, 'current_accuracy': 0.2578125, 'current_loss': 2.018471598625183, 'train_loss': None, 'decision': 0, 'drift_rate': 0.0, 'target_domains': ['cartoon']}
Round 128 took 0.37668824195861816s, results:
{'t': 127, 'current_accuracy': 0.2578125, 'current_loss': 2.0184714794158936, 'train_loss': None, 'decision': 0, 'drift_rate': 0.0, 'target_domains': ['cartoon']}
Round 129 took 0.37700748443603516s, results:
{'t': 128, 'current_accuracy': 0.2578125, 'current_loss': 2.018471419811249, 'train_loss': None, 'decision': 0, 'drift_rate': 0.0, 'target_domains': ['cartoon']}
Round 130 took 0.3777143955230713s, results:
{'t': 129, 'current_accuracy': 0.2578125, 'current_loss': 2.018471598625183, 'train_loss': None, 'decision': 0, 'drift_rate': 0.0, 'target_domains': ['cartoon']}
Round 131 took 0.3773205280303955s, results:
{'t': 130, 'current_accuracy': 0.2578125, 'current_loss': 2.0184711813926697, 'train_loss': None, 'decision': 0, 'drift_rate': 0.0, 'target_domains': ['cartoon']}
Round 132 took 0.3795914649963379s, results:
{'t': 131, 'current_accuracy': 0.2578125, 'current_loss': 2.018471837043762, 'train_loss': None, 'decision': 0, 'drift_rate': 0.0, 'target_domains': ['cartoon']}
Round 133 took 0.3829958438873291s, results:
{'t': 132, 'current_accuracy': 0.2578125, 'current_loss': 2.018471598625183, 'train_loss': None, 'decision': 0, 'drift_rate': 0.0, 'target_domains': ['cartoon']}
Round 134 took 0.3855602741241455s, results:
{'t': 133, 'current_accuracy': 0.2578125, 'current_loss': 2.0184715390205383, 'train_loss': None, 'decision': 0, 'drift_rate': 0.0, 'target_domains': ['cartoon']}
Round 135 took 0.3840646743774414s, results:
{'t': 134, 'current_accuracy': 0.2578125, 'current_loss': 2.018471598625183, 'train_loss': None, 'decision': 0, 'drift_rate': 0.0, 'target_domains': ['cartoon']}
Round 136 took 0.38378334045410156s, results:
{'t': 135, 'current_accuracy': 0.2578125, 'current_loss': 2.0184714794158936, 'train_loss': None, 'decision': 0, 'drift_rate': 0.0, 'target_domains': ['cartoon']}
Round 137 took 0.3843052387237549s, results:
{'t': 136, 'current_accuracy': 0.2578125, 'current_loss': 2.018471360206604, 'train_loss': None, 'decision': 0, 'drift_rate': 0.0, 'target_domains': ['cartoon']}
Round 138 took 0.38785767555236816s, results:
{'t': 137, 'current_accuracy': 0.2578125, 'current_loss': 2.0184714794158936, 'train_loss': None, 'decision': 0, 'drift_rate': 0.0, 'target_domains': ['cartoon']}
Round 139 took 0.3834104537963867s, results:
{'t': 138, 'current_accuracy': 0.2578125, 'current_loss': 2.018471419811249, 'train_loss': None, 'decision': 0, 'drift_rate': 0.0, 'target_domains': ['cartoon']}
Round 140 took 0.3834705352783203s, results:
{'t': 139, 'current_accuracy': 0.2578125, 'current_loss': 2.018471598625183, 'train_loss': None, 'decision': 0, 'drift_rate': 0.0, 'target_domains': ['cartoon']}
Round 141 took 0.3835108280181885s, results:
{'t': 140, 'current_accuracy': 0.2578125, 'current_loss': 2.0184714794158936, 'train_loss': None, 'decision': 0, 'drift_rate': 0.0, 'target_domains': ['cartoon']}
Round 142 took 0.38503479957580566s, results:
{'t': 141, 'current_accuracy': 0.2578125, 'current_loss': 2.018471360206604, 'train_loss': None, 'decision': 0, 'drift_rate': 0.0, 'target_domains': ['cartoon']}
Round 143 took 0.38399767875671387s, results:
{'t': 142, 'current_accuracy': 0.2578125, 'current_loss': 2.018471121788025, 'train_loss': None, 'decision': 0, 'drift_rate': 0.0, 'target_domains': ['cartoon']}
Round 144 took 0.3825809955596924s, results:
{'t': 143, 'current_accuracy': 0.2578125, 'current_loss': 2.0184714794158936, 'train_loss': None, 'decision': 0, 'drift_rate': 0.0, 'target_domains': ['cartoon']}
Round 145 took 0.38379478454589844s, results:
{'t': 144, 'current_accuracy': 0.2578125, 'current_loss': 2.018471658229828, 'train_loss': None, 'decision': 0, 'drift_rate': 0.0, 'target_domains': ['cartoon']}
Round 146 took 0.38454675674438477s, results:
{'t': 145, 'current_accuracy': 0.2578125, 'current_loss': 2.0184714794158936, 'train_loss': None, 'decision': 0, 'drift_rate': 0.0, 'target_domains': ['cartoon']}
Round 147 took 0.38385486602783203s, results:
{'t': 146, 'current_accuracy': 0.2578125, 'current_loss': 2.018471658229828, 'train_loss': None, 'decision': 0, 'drift_rate': 0.0, 'target_domains': ['cartoon']}
Round 148 took 0.38437509536743164s, results:
{'t': 147, 'current_accuracy': 0.2578125, 'current_loss': 2.0184717774391174, 'train_loss': None, 'decision': 0, 'drift_rate': 0.0, 'target_domains': ['cartoon']}
Round 149 took 0.3861091136932373s, results:
{'t': 148, 'current_accuracy': 0.2578125, 'current_loss': 2.018471598625183, 'train_loss': None, 'decision': 0, 'drift_rate': 0.0, 'target_domains': ['cartoon']}
Average loss over 3 updates: 1.8163
Round 150 took 0.9113712310791016s, results:
{'t': 149, 'current_accuracy': 0.2578125, 'current_loss': 2.018471598625183, 'train_loss': 1.816279451052348, 'decision': 1, 'drift_rate': 0.0, 'target_domains': ['cartoon']}
Round 151 took 0.38645172119140625s, results:
{'t': 150, 'current_accuracy': 0.359375, 'current_loss': 1.6519640684127808, 'train_loss': None, 'decision': 0, 'drift_rate': 0.0, 'target_domains': ['cartoon']}
Round 152 took 0.38584446907043457s, results:
{'t': 151, 'current_accuracy': 0.359375, 'current_loss': 1.6519643664360046, 'train_loss': None, 'decision': 0, 'drift_rate': 0.0, 'target_domains': ['cartoon']}
Round 153 took 0.3854038715362549s, results:
{'t': 152, 'current_accuracy': 0.359375, 'current_loss': 1.6519644260406494, 'train_loss': None, 'decision': 0, 'drift_rate': 0.0, 'target_domains': ['cartoon']}
Round 154 took 0.3834264278411865s, results:
{'t': 153, 'current_accuracy': 0.359375, 'current_loss': 1.6519643664360046, 'train_loss': None, 'decision': 0, 'drift_rate': 0.0, 'target_domains': ['cartoon']}
Round 155 took 0.38361454010009766s, results:
{'t': 154, 'current_accuracy': 0.359375, 'current_loss': 1.6519644856452942, 'train_loss': None, 'decision': 0, 'drift_rate': 0.0, 'target_domains': ['cartoon']}
Round 156 took 0.38915348052978516s, results:
{'t': 155, 'current_accuracy': 0.34765625, 'current_loss': 1.8615772724151611, 'train_loss': None, 'decision': 0, 'drift_rate': 0.4, 'target_domains': ['art_painting']}
Average loss over 3 updates: 2.2584
Round 157 took 0.9215555191040039s, results:
{'t': 156, 'current_accuracy': 0.26953125, 'current_loss': 2.2985780239105225, 'train_loss': 2.2584141890207925, 'decision': 1, 'drift_rate': 0.4, 'target_domains': ['art_painting']}
Average loss over 3 updates: 1.9611
Round 158 took 0.9085922241210938s, results:
{'t': 157, 'current_accuracy': 0.2578125, 'current_loss': 2.699803948402405, 'train_loss': 1.9610539674758911, 'decision': 1, 'drift_rate': 0.4, 'target_domains': ['art_painting']}
Average loss over 3 updates: 1.8830
Round 159 took 0.9009711742401123s, results:
{'t': 158, 'current_accuracy': 0.28125, 'current_loss': 2.470861077308655, 'train_loss': 1.8830366532007854, 'decision': 1, 'drift_rate': 0.4, 'target_domains': ['art_painting']}
Average loss over 3 updates: 1.8536
Round 160 took 0.8987433910369873s, results:
{'t': 159, 'current_accuracy': 0.2890625, 'current_loss': 2.9477059841156006, 'train_loss': 1.8536175886789958, 'decision': 1, 'drift_rate': 0.4, 'target_domains': ['art_painting']}
Round 161 took 0.3847646713256836s, results:
{'t': 160, 'current_accuracy': 0.27734375, 'current_loss': 1.8503151535987854, 'train_loss': None, 'decision': 0, 'drift_rate': 0.0, 'target_domains': ['art_painting']}
Round 162 took 0.3846874237060547s, results:
{'t': 161, 'current_accuracy': 0.27734375, 'current_loss': 1.850314974784851, 'train_loss': None, 'decision': 0, 'drift_rate': 0.0, 'target_domains': ['art_painting']}
Round 163 took 0.38335251808166504s, results:
{'t': 162, 'current_accuracy': 0.27734375, 'current_loss': 1.8503152132034302, 'train_loss': None, 'decision': 0, 'drift_rate': 0.0, 'target_domains': ['art_painting']}
Round 164 took 0.3824295997619629s, results:
{'t': 163, 'current_accuracy': 0.27734375, 'current_loss': 1.8503150343894958, 'train_loss': None, 'decision': 0, 'drift_rate': 0.0, 'target_domains': ['art_painting']}
Round 165 took 0.38492751121520996s, results:
{'t': 164, 'current_accuracy': 0.27734375, 'current_loss': 1.8503152132034302, 'train_loss': None, 'decision': 0, 'drift_rate': 0.0, 'target_domains': ['art_painting']}
Round 166 took 0.3835601806640625s, results:
{'t': 165, 'current_accuracy': 0.27734375, 'current_loss': 1.8503152132034302, 'train_loss': None, 'decision': 0, 'drift_rate': 0.0, 'target_domains': ['art_painting']}
Round 167 took 0.3829014301300049s, results:
{'t': 166, 'current_accuracy': 0.27734375, 'current_loss': 1.8503151535987854, 'train_loss': None, 'decision': 0, 'drift_rate': 0.0, 'target_domains': ['art_painting']}
Round 168 took 0.38798999786376953s, results:
{'t': 167, 'current_accuracy': 0.27734375, 'current_loss': 1.8503153920173645, 'train_loss': None, 'decision': 0, 'drift_rate': 0.0, 'target_domains': ['art_painting']}
Round 169 took 0.3825705051422119s, results:
{'t': 168, 'current_accuracy': 0.27734375, 'current_loss': 1.8503151535987854, 'train_loss': None, 'decision': 0, 'drift_rate': 0.0, 'target_domains': ['art_painting']}
Round 170 took 0.38175368309020996s, results:
{'t': 169, 'current_accuracy': 0.27734375, 'current_loss': 1.850314974784851, 'train_loss': None, 'decision': 0, 'drift_rate': 0.0, 'target_domains': ['art_painting']}
Round 171 took 0.3836953639984131s, results:
{'t': 170, 'current_accuracy': 0.27734375, 'current_loss': 1.8503151535987854, 'train_loss': None, 'decision': 0, 'drift_rate': 0.0, 'target_domains': ['art_painting']}
Round 172 took 0.38280367851257324s, results:
{'t': 171, 'current_accuracy': 0.27734375, 'current_loss': 1.8503150343894958, 'train_loss': None, 'decision': 0, 'drift_rate': 0.0, 'target_domains': ['art_painting']}
Round 173 took 0.38181185722351074s, results:
{'t': 172, 'current_accuracy': 0.27734375, 'current_loss': 1.8503153920173645, 'train_loss': None, 'decision': 0, 'drift_rate': 0.0, 'target_domains': ['art_painting']}
Round 174 took 0.3844141960144043s, results:
{'t': 173, 'current_accuracy': 0.27734375, 'current_loss': 1.8503152132034302, 'train_loss': None, 'decision': 0, 'drift_rate': 0.0, 'target_domains': ['art_painting']}
Round 175 took 0.3828122615814209s, results:
{'t': 174, 'current_accuracy': 0.27734375, 'current_loss': 1.8503151535987854, 'train_loss': None, 'decision': 0, 'drift_rate': 0.0, 'target_domains': ['art_painting']}
Round 176 took 0.38314366340637207s, results:
{'t': 175, 'current_accuracy': 0.27734375, 'current_loss': 1.8503152132034302, 'train_loss': None, 'decision': 0, 'drift_rate': 0.0, 'target_domains': ['art_painting']}
Round 177 took 0.3840770721435547s, results:
{'t': 176, 'current_accuracy': 0.27734375, 'current_loss': 1.850314974784851, 'train_loss': None, 'decision': 0, 'drift_rate': 0.0, 'target_domains': ['art_painting']}
Round 178 took 0.3827970027923584s, results:
{'t': 177, 'current_accuracy': 0.27734375, 'current_loss': 1.850314974784851, 'train_loss': None, 'decision': 0, 'drift_rate': 0.0, 'target_domains': ['art_painting']}
Round 179 took 0.3815767765045166s, results:
{'t': 178, 'current_accuracy': 0.27734375, 'current_loss': 1.850315272808075, 'train_loss': None, 'decision': 0, 'drift_rate': 0.0, 'target_domains': ['art_painting']}
Round 180 took 0.38323187828063965s, results:
{'t': 179, 'current_accuracy': 0.27734375, 'current_loss': 1.8503150939941406, 'train_loss': None, 'decision': 0, 'drift_rate': 0.0, 'target_domains': ['art_painting']}
Round 181 took 0.3831772804260254s, results:
{'t': 180, 'current_accuracy': 0.27734375, 'current_loss': 1.8503153324127197, 'train_loss': None, 'decision': 0, 'drift_rate': 0.0, 'target_domains': ['art_painting']}
Round 182 took 0.38353729248046875s, results:
{'t': 181, 'current_accuracy': 0.27734375, 'current_loss': 1.8503151535987854, 'train_loss': None, 'decision': 0, 'drift_rate': 0.0, 'target_domains': ['art_painting']}
Round 183 took 0.38260865211486816s, results:
{'t': 182, 'current_accuracy': 0.27734375, 'current_loss': 1.8503150939941406, 'train_loss': None, 'decision': 0, 'drift_rate': 0.0, 'target_domains': ['art_painting']}
Round 184 took 0.3824281692504883s, results:
{'t': 183, 'current_accuracy': 0.27734375, 'current_loss': 1.8503150939941406, 'train_loss': None, 'decision': 0, 'drift_rate': 0.0, 'target_domains': ['art_painting']}
Round 185 took 0.38620519638061523s, results:
{'t': 184, 'current_accuracy': 0.27734375, 'current_loss': 1.850315272808075, 'train_loss': None, 'decision': 0, 'drift_rate': 0.0, 'target_domains': ['art_painting']}
Round 186 took 0.38323068618774414s, results:
{'t': 185, 'current_accuracy': 0.27734375, 'current_loss': 1.8503151535987854, 'train_loss': None, 'decision': 0, 'drift_rate': 0.0, 'target_domains': ['art_painting']}
Round 187 took 0.3842766284942627s, results:
{'t': 186, 'current_accuracy': 0.27734375, 'current_loss': 1.8503150939941406, 'train_loss': None, 'decision': 0, 'drift_rate': 0.0, 'target_domains': ['art_painting']}
Round 188 took 0.38452839851379395s, results:
{'t': 187, 'current_accuracy': 0.27734375, 'current_loss': 1.8503150343894958, 'train_loss': None, 'decision': 0, 'drift_rate': 0.0, 'target_domains': ['art_painting']}
Round 189 took 0.3840610980987549s, results:
{'t': 188, 'current_accuracy': 0.27734375, 'current_loss': 1.8503152132034302, 'train_loss': None, 'decision': 0, 'drift_rate': 0.0, 'target_domains': ['art_painting']}
Round 190 took 0.3827395439147949s, results:
{'t': 189, 'current_accuracy': 0.27734375, 'current_loss': 1.8503153324127197, 'train_loss': None, 'decision': 0, 'drift_rate': 0.0, 'target_domains': ['art_painting']}
Round 191 took 0.383103609085083s, results:
{'t': 190, 'current_accuracy': 0.27734375, 'current_loss': 1.8503153324127197, 'train_loss': None, 'decision': 0, 'drift_rate': 0.0, 'target_domains': ['art_painting']}
Round 192 took 0.3838214874267578s, results:
{'t': 191, 'current_accuracy': 0.27734375, 'current_loss': 1.8503150343894958, 'train_loss': None, 'decision': 0, 'drift_rate': 0.0, 'target_domains': ['art_painting']}
Round 193 took 0.3822340965270996s, results:
{'t': 192, 'current_accuracy': 0.27734375, 'current_loss': 1.8503150939941406, 'train_loss': None, 'decision': 0, 'drift_rate': 0.0, 'target_domains': ['art_painting']}
Round 194 took 0.3839998245239258s, results:
{'t': 193, 'current_accuracy': 0.27734375, 'current_loss': 1.850314974784851, 'train_loss': None, 'decision': 0, 'drift_rate': 0.0, 'target_domains': ['art_painting']}
Round 195 took 0.38339734077453613s, results:
{'t': 194, 'current_accuracy': 0.27734375, 'current_loss': 1.8503150939941406, 'train_loss': None, 'decision': 0, 'drift_rate': 0.0, 'target_domains': ['art_painting']}
Round 196 took 0.3825390338897705s, results:
{'t': 195, 'current_accuracy': 0.27734375, 'current_loss': 1.8503148555755615, 'train_loss': None, 'decision': 0, 'drift_rate': 0.0, 'target_domains': ['art_painting']}
Round 197 took 0.3845236301422119s, results:
{'t': 196, 'current_accuracy': 0.27734375, 'current_loss': 1.8503150939941406, 'train_loss': None, 'decision': 0, 'drift_rate': 0.0, 'target_domains': ['art_painting']}
Round 198 took 0.38257598876953125s, results:
{'t': 197, 'current_accuracy': 0.27734375, 'current_loss': 1.8503154516220093, 'train_loss': None, 'decision': 0, 'drift_rate': 0.0, 'target_domains': ['art_painting']}
Round 199 took 0.38256216049194336s, results:
{'t': 198, 'current_accuracy': 0.27734375, 'current_loss': 1.8503152132034302, 'train_loss': None, 'decision': 0, 'drift_rate': 0.0, 'target_domains': ['art_painting']}
Round 200 took 0.383159875869751s, results:
{'t': 199, 'current_accuracy': 0.27734375, 'current_loss': 1.8503151535987854, 'train_loss': None, 'decision': 0, 'drift_rate': 0.0, 'target_domains': ['art_painting']}
Average time per round: 0.4467616534233093
Total time: 89.35233068466187
