/home/apiasecz/programming/concept_drift_optimal_adaptation_FL/src/test_loss_behavior_under_drift.py:171: FutureWarning: You are using `torch.load` with `weights_only=False` (the current default value), which uses the default pickle module implicitly. It is possible to construct malicious pickle data which will execute arbitrary code during unpickling (See https://github.com/pytorch/pytorch/blob/main/SECURITY.md#untrusted-models for more details). In a future release, the default value for `weights_only` will be flipped to `True`. This limits the functions that could be executed during unpickling. Arbitrary objects will no longer be allowed to be loaded via this mode unless they are explicitly allowlisted by the user via `torch.serialization.add_safe_globals`. We recommend you start setting `weights_only=True` for any use case where you don't have full control of the loaded file. Please open an issue on GitHub for any issues related to this experimental feature.
  model.load_state_dict(torch.load(model_path))
seed: 1
policy_id: 2
setting_id: 5
pi_bar: 0.1
drift_rate: 0.03
V: 65
Epoch 1/5, Loss: 1.0010
Epoch 2/5, Loss: 0.7531
Epoch 3/5, Loss: 0.6531
Epoch 4/5, Loss: 0.6376
Epoch 5/5, Loss: 0.6543
Round 0: Accuracy = 0.7814, Decision = True
Round 1: Accuracy = 0.7165, Decision = False
Round 2: Accuracy = 0.7017, Decision = False
Round 3: Accuracy = 0.6858, Decision = False
Round 4: Accuracy = 0.6659, Decision = False
Round 5: Accuracy = 0.6621, Decision = False
Round 6: Accuracy = 0.6562, Decision = False
Round 7: Accuracy = 0.6402, Decision = False
Round 8: Accuracy = 0.5938, Decision = False
Round 9: Accuracy = 0.6208, Decision = False
Epoch 1/5, Loss: 0.9744
Epoch 2/5, Loss: 0.8347
Epoch 3/5, Loss: 0.8115
Epoch 4/5, Loss: 0.7822
Epoch 5/5, Loss: 0.7835
Round 10: Accuracy = 0.6083, Decision = True
Round 11: Accuracy = 0.6006, Decision = False
Round 12: Accuracy = 0.6083, Decision = False
Round 13: Accuracy = 0.6151, Decision = False
Round 14: Accuracy = 0.6044, Decision = False
Round 15: Accuracy = 0.5948, Decision = False
Round 16: Accuracy = 0.5862, Decision = False
Round 17: Accuracy = 0.5847, Decision = False
Round 18: Accuracy = 0.5116, Decision = False
Round 19: Accuracy = 0.5469, Decision = False
Epoch 1/5, Loss: 0.9643
Epoch 2/5, Loss: 0.9367
Epoch 3/5, Loss: 0.9129
Epoch 4/5, Loss: 0.8239
Epoch 5/5, Loss: 0.8595
Round 20: Accuracy = 0.5553, Decision = True
Round 21: Accuracy = 0.5826, Decision = False
Round 22: Accuracy = 0.5846, Decision = False
Round 23: Accuracy = 0.5823, Decision = False
Round 24: Accuracy = 0.5788, Decision = False
Round 25: Accuracy = 0.5706, Decision = False
Round 26: Accuracy = 0.5877, Decision = False
Round 27: Accuracy = 0.5780, Decision = False
Round 28: Accuracy = 0.5675, Decision = False
Round 29: Accuracy = 0.5549, Decision = False
Epoch 1/5, Loss: 0.9133
Epoch 2/5, Loss: 0.8690
Epoch 3/5, Loss: 0.8495
Epoch 4/5, Loss: 0.8081
Epoch 5/5, Loss: 0.8137
Round 30: Accuracy = 0.5502, Decision = True
Round 31: Accuracy = 0.6117, Decision = False
Round 32: Accuracy = 0.6082, Decision = False
Round 33: Accuracy = 0.6009, Decision = False
Round 34: Accuracy = 0.6060, Decision = False
Round 35: Accuracy = 0.6044, Decision = False
Round 36: Accuracy = 0.6104, Decision = False
Round 37: Accuracy = 0.6413, Decision = False
Round 38: Accuracy = 0.5989, Decision = False
Round 39: Accuracy = 0.6077, Decision = False
Epoch 1/5, Loss: 0.8512
Epoch 2/5, Loss: 0.8529
Epoch 3/5, Loss: 0.8526
Epoch 4/5, Loss: 0.8566
Epoch 5/5, Loss: 0.7882
Round 40: Accuracy = 0.6045, Decision = True
No available target samples left. Reusing existing target indices.
Round 41: Accuracy = 0.6375, Decision = False
No available target samples left. Reusing existing target indices.
Round 42: Accuracy = 0.6233, Decision = False
No available target samples left. Reusing existing target indices.
Round 43: Accuracy = 0.6300, Decision = False
No available target samples left. Reusing existing target indices.
Round 44: Accuracy = 0.6292, Decision = False
No available target samples left. Reusing existing target indices.
No available target samples left. Reusing existing target indices.
Round 45: Accuracy = 0.6292, Decision = False
No available target samples left. Reusing existing target indices.
No available target samples left. Reusing existing target indices.
Round 46: Accuracy = 0.6292, Decision = False
No available target samples left. Reusing existing target indices.
No available target samples left. Reusing existing target indices.
Round 47: Accuracy = 0.6292, Decision = False
No available target samples left. Reusing existing target indices.
No available target samples left. Reusing existing target indices.
Round 48: Accuracy = 0.6292, Decision = False
No available target samples left. Reusing existing target indices.
No available target samples left. Reusing existing target indices.
Round 49: Accuracy = 0.6292, Decision = False
No available target samples left. Reusing existing target indices.
No available target samples left. Reusing existing target indices.
Epoch 1/5, Loss: 0.8189
Epoch 2/5, Loss: 0.7843
Epoch 3/5, Loss: 0.7709
Epoch 4/5, Loss: 0.7524
Epoch 5/5, Loss: 0.7216
Round 50: Accuracy = 0.6292, Decision = True
No available target samples left. Reusing existing target indices.
No available target samples left. Reusing existing target indices.
Round 51: Accuracy = 0.6356, Decision = False
No available target samples left. Reusing existing target indices.
No available target samples left. Reusing existing target indices.
Round 52: Accuracy = 0.6356, Decision = False
No available target samples left. Reusing existing target indices.
No available target samples left. Reusing existing target indices.
Round 53: Accuracy = 0.6356, Decision = False
No available target samples left. Reusing existing target indices.
No available target samples left. Reusing existing target indices.
Round 54: Accuracy = 0.6356, Decision = False
No available target samples left. Reusing existing target indices.
No available target samples left. Reusing existing target indices.
Round 55: Accuracy = 0.6356, Decision = False
No available target samples left. Reusing existing target indices.
No available target samples left. Reusing existing target indices.
Round 56: Accuracy = 0.6356, Decision = False
No available target samples left. Reusing existing target indices.
No available target samples left. Reusing existing target indices.
Round 57: Accuracy = 0.6356, Decision = False
No available target samples left. Reusing existing target indices.
No available target samples left. Reusing existing target indices.
Round 58: Accuracy = 0.6356, Decision = False
No available target samples left. Reusing existing target indices.
No available target samples left. Reusing existing target indices.
Round 59: Accuracy = 0.6356, Decision = False
No available target samples left. Reusing existing target indices.
No available target samples left. Reusing existing target indices.
Epoch 1/5, Loss: 0.7282
Epoch 2/5, Loss: 0.7076
Epoch 3/5, Loss: 0.7212
Epoch 4/5, Loss: 0.7212
Epoch 5/5, Loss: 0.6807
Round 60: Accuracy = 0.6356, Decision = True
No available target samples left. Reusing existing target indices.
No available target samples left. Reusing existing target indices.
Round 61: Accuracy = 0.6324, Decision = False
No available target samples left. Reusing existing target indices.
No available target samples left. Reusing existing target indices.
Round 62: Accuracy = 0.6324, Decision = False
No available target samples left. Reusing existing target indices.
No available target samples left. Reusing existing target indices.
Round 63: Accuracy = 0.6324, Decision = False
No available target samples left. Reusing existing target indices.
No available target samples left. Reusing existing target indices.
Round 64: Accuracy = 0.6324, Decision = False
No available target samples left. Reusing existing target indices.
No available target samples left. Reusing existing target indices.
Round 65: Accuracy = 0.6324, Decision = False
No available target samples left. Reusing existing target indices.
No available target samples left. Reusing existing target indices.
Round 66: Accuracy = 0.6324, Decision = False
No available target samples left. Reusing existing target indices.
No available target samples left. Reusing existing target indices.
Round 67: Accuracy = 0.6324, Decision = False
No available target samples left. Reusing existing target indices.
No available target samples left. Reusing existing target indices.
Round 68: Accuracy = 0.6324, Decision = False
No available target samples left. Reusing existing target indices.
No available target samples left. Reusing existing target indices.
Round 69: Accuracy = 0.6324, Decision = False
No available target samples left. Reusing existing target indices.
No available target samples left. Reusing existing target indices.
Epoch 1/5, Loss: 0.6777
Epoch 2/5, Loss: 0.6756
Epoch 3/5, Loss: 0.6913
Epoch 4/5, Loss: 0.6417
Epoch 5/5, Loss: 0.6582
Round 70: Accuracy = 0.6324, Decision = True
No available target samples left. Reusing existing target indices.
No available target samples left. Reusing existing target indices.
Round 71: Accuracy = 0.7074, Decision = False
No available target samples left. Reusing existing target indices.
No available target samples left. Reusing existing target indices.
Round 72: Accuracy = 0.7074, Decision = False
No available target samples left. Reusing existing target indices.
No available target samples left. Reusing existing target indices.
Round 73: Accuracy = 0.7074, Decision = False
No available target samples left. Reusing existing target indices.
No available target samples left. Reusing existing target indices.
Round 74: Accuracy = 0.7074, Decision = False
No available target samples left. Reusing existing target indices.
No available target samples left. Reusing existing target indices.
Round 75: Accuracy = 0.7074, Decision = False
No available target samples left. Reusing existing target indices.
No available target samples left. Reusing existing target indices.
Round 76: Accuracy = 0.7074, Decision = False
No available target samples left. Reusing existing target indices.
No available target samples left. Reusing existing target indices.
Round 77: Accuracy = 0.7074, Decision = False
No available target samples left. Reusing existing target indices.
No available target samples left. Reusing existing target indices.
Round 78: Accuracy = 0.7074, Decision = False
No available target samples left. Reusing existing target indices.
No available target samples left. Reusing existing target indices.
Round 79: Accuracy = 0.7074, Decision = False
No available target samples left. Reusing existing target indices.
No available target samples left. Reusing existing target indices.
Epoch 1/5, Loss: 0.6426
Epoch 2/5, Loss: 0.5889
Epoch 3/5, Loss: 0.6400
Epoch 4/5, Loss: 0.6009
Epoch 5/5, Loss: 0.6009
Round 80: Accuracy = 0.7074, Decision = True
No available target samples left. Reusing existing target indices.
No available target samples left. Reusing existing target indices.
Round 81: Accuracy = 0.7060, Decision = False
No available target samples left. Reusing existing target indices.
No available target samples left. Reusing existing target indices.
Round 82: Accuracy = 0.7060, Decision = False
No available target samples left. Reusing existing target indices.
No available target samples left. Reusing existing target indices.
Round 83: Accuracy = 0.7060, Decision = False
No available target samples left. Reusing existing target indices.
No available target samples left. Reusing existing target indices.
Round 84: Accuracy = 0.7060, Decision = False
No available target samples left. Reusing existing target indices.
No available target samples left. Reusing existing target indices.
Round 85: Accuracy = 0.7060, Decision = False
No available target samples left. Reusing existing target indices.
No available target samples left. Reusing existing target indices.
Round 86: Accuracy = 0.7060, Decision = False
No available target samples left. Reusing existing target indices.
No available target samples left. Reusing existing target indices.
Round 87: Accuracy = 0.7060, Decision = False
No available target samples left. Reusing existing target indices.
No available target samples left. Reusing existing target indices.
Round 88: Accuracy = 0.7060, Decision = False
No available target samples left. Reusing existing target indices.
No available target samples left. Reusing existing target indices.
Round 89: Accuracy = 0.7060, Decision = False
No available target samples left. Reusing existing target indices.
No available target samples left. Reusing existing target indices.
Epoch 1/5, Loss: 0.6072
Epoch 2/5, Loss: 0.5733
Epoch 3/5, Loss: 0.5955
Epoch 4/5, Loss: 0.5262
Epoch 5/5, Loss: 0.5481
Round 90: Accuracy = 0.7060, Decision = True
No available target samples left. Reusing existing target indices.
No available target samples left. Reusing existing target indices.
Round 91: Accuracy = 0.7209, Decision = False
No available target samples left. Reusing existing target indices.
No available target samples left. Reusing existing target indices.
Round 92: Accuracy = 0.7209, Decision = False
No available target samples left. Reusing existing target indices.
No available target samples left. Reusing existing target indices.
Round 93: Accuracy = 0.7209, Decision = False
No available target samples left. Reusing existing target indices.
No available target samples left. Reusing existing target indices.
Round 94: Accuracy = 0.7209, Decision = False
No available target samples left. Reusing existing target indices.
No available target samples left. Reusing existing target indices.
Round 95: Accuracy = 0.7209, Decision = False
No available target samples left. Reusing existing target indices.
No available target samples left. Reusing existing target indices.
Round 96: Accuracy = 0.7209, Decision = False
No available target samples left. Reusing existing target indices.
No available target samples left. Reusing existing target indices.
Round 97: Accuracy = 0.7209, Decision = False
No available target samples left. Reusing existing target indices.
No available target samples left. Reusing existing target indices.
Round 98: Accuracy = 0.7209, Decision = False
No available target samples left. Reusing existing target indices.
No available target samples left. Reusing existing target indices.
Round 99: Accuracy = 0.7209, Decision = False
No available target samples left. Reusing existing target indices.
No available target samples left. Reusing existing target indices.
Epoch 1/5, Loss: 0.5770
Epoch 2/5, Loss: 0.5468
Epoch 3/5, Loss: 0.5257
Epoch 4/5, Loss: 0.5091
Epoch 5/5, Loss: 0.5207
Round 100: Accuracy = 0.7209, Decision = True
No available target samples left. Reusing existing target indices.
No available target samples left. Reusing existing target indices.
Round 101: Accuracy = 0.7413, Decision = False
No available target samples left. Reusing existing target indices.
No available target samples left. Reusing existing target indices.
Round 102: Accuracy = 0.7413, Decision = False
No available target samples left. Reusing existing target indices.
No available target samples left. Reusing existing target indices.
Round 103: Accuracy = 0.7413, Decision = False
No available target samples left. Reusing existing target indices.
No available target samples left. Reusing existing target indices.
Round 104: Accuracy = 0.7413, Decision = False
No available target samples left. Reusing existing target indices.
No available target samples left. Reusing existing target indices.
Round 105: Accuracy = 0.7413, Decision = False
No available target samples left. Reusing existing target indices.
No available target samples left. Reusing existing target indices.
Round 106: Accuracy = 0.7413, Decision = False
No available target samples left. Reusing existing target indices.
No available target samples left. Reusing existing target indices.
Round 107: Accuracy = 0.7413, Decision = False
No available target samples left. Reusing existing target indices.
No available target samples left. Reusing existing target indices.
Round 108: Accuracy = 0.7413, Decision = False
No available target samples left. Reusing existing target indices.
No available target samples left. Reusing existing target indices.
Round 109: Accuracy = 0.7413, Decision = False
No available target samples left. Reusing existing target indices.
No available target samples left. Reusing existing target indices.
Epoch 1/5, Loss: 0.5032
Epoch 2/5, Loss: 0.5029
Epoch 3/5, Loss: 0.4855
Epoch 4/5, Loss: 0.4674
Epoch 5/5, Loss: 0.4629
Round 110: Accuracy = 0.7413, Decision = True
No available target samples left. Reusing existing target indices.
No available target samples left. Reusing existing target indices.
Round 111: Accuracy = 0.7969, Decision = False
No available target samples left. Reusing existing target indices.
No available target samples left. Reusing existing target indices.
Round 112: Accuracy = 0.7969, Decision = False
No available target samples left. Reusing existing target indices.
No available target samples left. Reusing existing target indices.
Round 113: Accuracy = 0.7969, Decision = False
No available target samples left. Reusing existing target indices.
No available target samples left. Reusing existing target indices.
Round 114: Accuracy = 0.7969, Decision = False
No available target samples left. Reusing existing target indices.
No available target samples left. Reusing existing target indices.
Round 115: Accuracy = 0.7969, Decision = False
No available target samples left. Reusing existing target indices.
No available target samples left. Reusing existing target indices.
Round 116: Accuracy = 0.7969, Decision = False
No available target samples left. Reusing existing target indices.
No available target samples left. Reusing existing target indices.
Round 117: Accuracy = 0.7969, Decision = False
No available target samples left. Reusing existing target indices.
No available target samples left. Reusing existing target indices.
Round 118: Accuracy = 0.7969, Decision = False
No available target samples left. Reusing existing target indices.
No available target samples left. Reusing existing target indices.
Round 119: Accuracy = 0.7969, Decision = False
No available target samples left. Reusing existing target indices.
No available target samples left. Reusing existing target indices.
Epoch 1/5, Loss: 0.4658
Epoch 2/5, Loss: 0.4451
Epoch 3/5, Loss: 0.4438
Epoch 4/5, Loss: 0.4571
Epoch 5/5, Loss: 0.4687
Round 120: Accuracy = 0.7969, Decision = True
No available target samples left. Reusing existing target indices.
No available target samples left. Reusing existing target indices.
Round 121: Accuracy = 0.6880, Decision = False
No available target samples left. Reusing existing target indices.
No available target samples left. Reusing existing target indices.
Round 122: Accuracy = 0.6880, Decision = False
No available target samples left. Reusing existing target indices.
No available target samples left. Reusing existing target indices.
Round 123: Accuracy = 0.6880, Decision = False
No available target samples left. Reusing existing target indices.
No available target samples left. Reusing existing target indices.
Round 124: Accuracy = 0.6880, Decision = False
No available target samples left. Reusing existing target indices.
No available target samples left. Reusing existing target indices.
Round 125: Accuracy = 0.6880, Decision = False
No available target samples left. Reusing existing target indices.
No available target samples left. Reusing existing target indices.
Round 126: Accuracy = 0.6880, Decision = False
No available target samples left. Reusing existing target indices.
No available target samples left. Reusing existing target indices.
Round 127: Accuracy = 0.6880, Decision = False
No available target samples left. Reusing existing target indices.
No available target samples left. Reusing existing target indices.
Round 128: Accuracy = 0.6880, Decision = False
No available target samples left. Reusing existing target indices.
No available target samples left. Reusing existing target indices.
Round 129: Accuracy = 0.6880, Decision = False
No available target samples left. Reusing existing target indices.
No available target samples left. Reusing existing target indices.
Epoch 1/5, Loss: 0.4198
Epoch 2/5, Loss: 0.4126
Epoch 3/5, Loss: 0.4102
Epoch 4/5, Loss: 0.4116
Epoch 5/5, Loss: 0.3974
Round 130: Accuracy = 0.6880, Decision = True
No available target samples left. Reusing existing target indices.
No available target samples left. Reusing existing target indices.
Round 131: Accuracy = 0.7694, Decision = False
No available target samples left. Reusing existing target indices.
No available target samples left. Reusing existing target indices.
Round 132: Accuracy = 0.7694, Decision = False
No available target samples left. Reusing existing target indices.
No available target samples left. Reusing existing target indices.
Round 133: Accuracy = 0.7694, Decision = False
No available target samples left. Reusing existing target indices.
No available target samples left. Reusing existing target indices.
Round 134: Accuracy = 0.7694, Decision = False
No available target samples left. Reusing existing target indices.
No available target samples left. Reusing existing target indices.
Round 135: Accuracy = 0.7694, Decision = False
No available target samples left. Reusing existing target indices.
No available target samples left. Reusing existing target indices.
Round 136: Accuracy = 0.7694, Decision = False
No available target samples left. Reusing existing target indices.
No available target samples left. Reusing existing target indices.
Round 137: Accuracy = 0.7694, Decision = False
No available target samples left. Reusing existing target indices.
No available target samples left. Reusing existing target indices.
Round 138: Accuracy = 0.7694, Decision = False
No available target samples left. Reusing existing target indices.
No available target samples left. Reusing existing target indices.
Round 139: Accuracy = 0.7694, Decision = False
No available target samples left. Reusing existing target indices.
No available target samples left. Reusing existing target indices.
Epoch 1/5, Loss: 0.4167
Epoch 2/5, Loss: 0.3950
Epoch 3/5, Loss: 0.4015
Epoch 4/5, Loss: 0.4020
Epoch 5/5, Loss: 0.3928
Round 140: Accuracy = 0.7694, Decision = True
No available target samples left. Reusing existing target indices.
No available target samples left. Reusing existing target indices.
Round 141: Accuracy = 0.6781, Decision = False
No available target samples left. Reusing existing target indices.
No available target samples left. Reusing existing target indices.
Round 142: Accuracy = 0.6781, Decision = False
No available target samples left. Reusing existing target indices.
No available target samples left. Reusing existing target indices.
Round 143: Accuracy = 0.6781, Decision = False
No available target samples left. Reusing existing target indices.
No available target samples left. Reusing existing target indices.
Round 144: Accuracy = 0.6781, Decision = False
No available target samples left. Reusing existing target indices.
No available target samples left. Reusing existing target indices.
Round 145: Accuracy = 0.6781, Decision = False
No available target samples left. Reusing existing target indices.
No available target samples left. Reusing existing target indices.
Round 146: Accuracy = 0.6781, Decision = False
No available target samples left. Reusing existing target indices.
No available target samples left. Reusing existing target indices.
Round 147: Accuracy = 0.6781, Decision = False
No available target samples left. Reusing existing target indices.
No available target samples left. Reusing existing target indices.
Round 148: Accuracy = 0.6781, Decision = False
No available target samples left. Reusing existing target indices.
No available target samples left. Reusing existing target indices.
Round 149: Accuracy = 0.6781, Decision = False
No available target samples left. Reusing existing target indices.
No available target samples left. Reusing existing target indices.
Epoch 1/5, Loss: 0.3746
Epoch 2/5, Loss: 0.3637
Epoch 3/5, Loss: 0.3436
Epoch 4/5, Loss: 0.3296
Epoch 5/5, Loss: 0.3256
Round 150: Accuracy = 0.6781, Decision = True
No available target samples left. Reusing existing target indices.
No available target samples left. Reusing existing target indices.
Round 151: Accuracy = 0.7836, Decision = False
No available target samples left. Reusing existing target indices.
No available target samples left. Reusing existing target indices.
Round 152: Accuracy = 0.7836, Decision = False
No available target samples left. Reusing existing target indices.
No available target samples left. Reusing existing target indices.
Round 153: Accuracy = 0.7836, Decision = False
No available target samples left. Reusing existing target indices.
No available target samples left. Reusing existing target indices.
Round 154: Accuracy = 0.7836, Decision = False
No available target samples left. Reusing existing target indices.
No available target samples left. Reusing existing target indices.
Round 155: Accuracy = 0.7836, Decision = False
No available target samples left. Reusing existing target indices.
No available target samples left. Reusing existing target indices.
Round 156: Accuracy = 0.7836, Decision = False
No available target samples left. Reusing existing target indices.
No available target samples left. Reusing existing target indices.
Round 157: Accuracy = 0.7836, Decision = False
No available target samples left. Reusing existing target indices.
No available target samples left. Reusing existing target indices.
Round 158: Accuracy = 0.7836, Decision = False
No available target samples left. Reusing existing target indices.
No available target samples left. Reusing existing target indices.
Round 159: Accuracy = 0.7836, Decision = False
No available target samples left. Reusing existing target indices.
No available target samples left. Reusing existing target indices.
Epoch 1/5, Loss: 0.3582
Epoch 2/5, Loss: 0.3306
Epoch 3/5, Loss: 0.2882
Epoch 4/5, Loss: 0.2986
Epoch 5/5, Loss: 0.3405
Round 160: Accuracy = 0.7836, Decision = True
No available target samples left. Reusing existing target indices.
No available target samples left. Reusing existing target indices.
Round 161: Accuracy = 0.8016, Decision = False
No available target samples left. Reusing existing target indices.
No available target samples left. Reusing existing target indices.
Round 162: Accuracy = 0.8016, Decision = False
No available target samples left. Reusing existing target indices.
No available target samples left. Reusing existing target indices.
Round 163: Accuracy = 0.8016, Decision = False
No available target samples left. Reusing existing target indices.
No available target samples left. Reusing existing target indices.
Round 164: Accuracy = 0.8016, Decision = False
No available target samples left. Reusing existing target indices.
No available target samples left. Reusing existing target indices.
Round 165: Accuracy = 0.8016, Decision = False
No available target samples left. Reusing existing target indices.
No available target samples left. Reusing existing target indices.
Round 166: Accuracy = 0.8016, Decision = False
No available target samples left. Reusing existing target indices.
No available target samples left. Reusing existing target indices.
Round 167: Accuracy = 0.8016, Decision = False
No available target samples left. Reusing existing target indices.
No available target samples left. Reusing existing target indices.
Round 168: Accuracy = 0.8016, Decision = False
No available target samples left. Reusing existing target indices.
No available target samples left. Reusing existing target indices.
Round 169: Accuracy = 0.8016, Decision = False
No available target samples left. Reusing existing target indices.
No available target samples left. Reusing existing target indices.
Epoch 1/5, Loss: 0.2760
Epoch 2/5, Loss: 0.2764
Epoch 3/5, Loss: 0.3166
Epoch 4/5, Loss: 0.2487
Epoch 5/5, Loss: 0.2400
Round 170: Accuracy = 0.8016, Decision = True
No available target samples left. Reusing existing target indices.
No available target samples left. Reusing existing target indices.
Round 171: Accuracy = 0.8167, Decision = False
No available target samples left. Reusing existing target indices.
No available target samples left. Reusing existing target indices.
Round 172: Accuracy = 0.8167, Decision = False
No available target samples left. Reusing existing target indices.
No available target samples left. Reusing existing target indices.
Round 173: Accuracy = 0.8167, Decision = False
No available target samples left. Reusing existing target indices.
No available target samples left. Reusing existing target indices.
Round 174: Accuracy = 0.8167, Decision = False
No available target samples left. Reusing existing target indices.
No available target samples left. Reusing existing target indices.
Round 175: Accuracy = 0.8167, Decision = False
No available target samples left. Reusing existing target indices.
No available target samples left. Reusing existing target indices.
Round 176: Accuracy = 0.8167, Decision = False
No available target samples left. Reusing existing target indices.
No available target samples left. Reusing existing target indices.
Round 177: Accuracy = 0.8167, Decision = False
No available target samples left. Reusing existing target indices.
No available target samples left. Reusing existing target indices.
Round 178: Accuracy = 0.8167, Decision = False
No available target samples left. Reusing existing target indices.
No available target samples left. Reusing existing target indices.
Round 179: Accuracy = 0.8167, Decision = False
No available target samples left. Reusing existing target indices.
No available target samples left. Reusing existing target indices.
Epoch 1/5, Loss: 0.2639
Epoch 2/5, Loss: 0.2573
Epoch 3/5, Loss: 0.2518
Epoch 4/5, Loss: 0.2589
Epoch 5/5, Loss: 0.2737
Round 180: Accuracy = 0.8167, Decision = True
No available target samples left. Reusing existing target indices.
No available target samples left. Reusing existing target indices.
Round 181: Accuracy = 0.8094, Decision = False
No available target samples left. Reusing existing target indices.
No available target samples left. Reusing existing target indices.
Round 182: Accuracy = 0.8094, Decision = False
No available target samples left. Reusing existing target indices.
No available target samples left. Reusing existing target indices.
Round 183: Accuracy = 0.8094, Decision = False
No available target samples left. Reusing existing target indices.
No available target samples left. Reusing existing target indices.
Round 184: Accuracy = 0.8094, Decision = False
No available target samples left. Reusing existing target indices.
No available target samples left. Reusing existing target indices.
Round 185: Accuracy = 0.8094, Decision = False
No available target samples left. Reusing existing target indices.
No available target samples left. Reusing existing target indices.
Round 186: Accuracy = 0.8094, Decision = False
No available target samples left. Reusing existing target indices.
No available target samples left. Reusing existing target indices.
Round 187: Accuracy = 0.8094, Decision = False
No available target samples left. Reusing existing target indices.
No available target samples left. Reusing existing target indices.
Round 188: Accuracy = 0.8094, Decision = False
No available target samples left. Reusing existing target indices.
No available target samples left. Reusing existing target indices.
Round 189: Accuracy = 0.8094, Decision = False
No available target samples left. Reusing existing target indices.
No available target samples left. Reusing existing target indices.
Epoch 1/5, Loss: 0.2496
Epoch 2/5, Loss: 0.3394
Epoch 3/5, Loss: 0.2578
Epoch 4/5, Loss: 0.3029
Epoch 5/5, Loss: 0.2739
Round 190: Accuracy = 0.8094, Decision = True
No available target samples left. Reusing existing target indices.
No available target samples left. Reusing existing target indices.
Round 191: Accuracy = 0.7558, Decision = False
No available target samples left. Reusing existing target indices.
No available target samples left. Reusing existing target indices.
Round 192: Accuracy = 0.7558, Decision = False
No available target samples left. Reusing existing target indices.
No available target samples left. Reusing existing target indices.
Round 193: Accuracy = 0.7558, Decision = False
No available target samples left. Reusing existing target indices.
No available target samples left. Reusing existing target indices.
Round 194: Accuracy = 0.7558, Decision = False
No available target samples left. Reusing existing target indices.
No available target samples left. Reusing existing target indices.
Round 195: Accuracy = 0.7558, Decision = False
No available target samples left. Reusing existing target indices.
No available target samples left. Reusing existing target indices.
Round 196: Accuracy = 0.7558, Decision = False
No available target samples left. Reusing existing target indices.
No available target samples left. Reusing existing target indices.
Round 197: Accuracy = 0.7558, Decision = False
No available target samples left. Reusing existing target indices.
No available target samples left. Reusing existing target indices.
Round 198: Accuracy = 0.7558, Decision = False
No available target samples left. Reusing existing target indices.
No available target samples left. Reusing existing target indices.
Round 199: Accuracy = 0.7558, Decision = False
