Device: cuda
CUDA Version: 12.1
cuDNN Version: 8902
PyTorch Version: 2.3.0

Model used: PACSCNN_4
Initial dataset creation
Initial dataset creation
Initial loss: 0.001455867663025856
<__main__.Policy object at 0x14e22059da00>
0.001455867663025856
0.0 []
Loss historical diff: 0.0; Loss Difference: 0.0, Decision: 0
Round 1 took 3.6772379875183105s, results:
{'t': 0, 'current_accuracy': 1.0, 'current_loss': 0.0014294133870862424, 'train_loss': None, 'decision': 0, 'drift_rate': 0.0, 'target_domains': ['sketch']}
0.0 []
Loss historical diff: 1.280568540096283e-09; Loss Difference: 0.0, Decision: 0
Round 2 took 3.942910671234131s, results:
{'t': 1, 'current_accuracy': 1.0, 'current_loss': 0.0014294146676547825, 'train_loss': None, 'decision': 0, 'drift_rate': 0.0, 'target_domains': ['sketch']}
0.0 []
Loss historical diff: 3.4924596548080444e-10; Loss Difference: 0.0, Decision: 0
Round 3 took 3.5088841915130615s, results:
{'t': 2, 'current_accuracy': 1.0, 'current_loss': 0.001429413736332208, 'train_loss': None, 'decision': 0, 'drift_rate': 0.0, 'target_domains': ['sketch']}
0.0 []
Loss historical diff: 0.0; Loss Difference: 0.0, Decision: 0
Round 4 took 4.016051769256592s, results:
{'t': 3, 'current_accuracy': 1.0, 'current_loss': 0.0014294128050096333, 'train_loss': None, 'decision': 0, 'drift_rate': 0.0, 'target_domains': ['sketch']}
0.0 []
Loss historical diff: 8.149072527885437e-10; Loss Difference: 0.0, Decision: 0
Round 5 took 3.8437371253967285s, results:
{'t': 4, 'current_accuracy': 1.0, 'current_loss': 0.001429413619916886, 'train_loss': None, 'decision': 0, 'drift_rate': 0.0, 'target_domains': ['sketch']}
0.0 []
Loss historical diff: 2.7939677238464355e-09; Loss Difference: 0.0, Decision: 0
Round 6 took 3.7062008380889893s, results:
{'t': 5, 'current_accuracy': 1.0, 'current_loss': 0.0014294155989773571, 'train_loss': None, 'decision': 0, 'drift_rate': 0.0, 'target_domains': ['sketch']}
0.0 []
Loss historical diff: 5.238689482212067e-10; Loss Difference: 0.0, Decision: 0
Round 7 took 4.169915199279785s, results:
{'t': 6, 'current_accuracy': 1.0, 'current_loss': 0.0014294133288785815, 'train_loss': None, 'decision': 0, 'drift_rate': 0.0, 'target_domains': ['sketch']}
0.0 []
Loss historical diff: 4.656612873077393e-10; Loss Difference: 0.0, Decision: 0
Round 8 took 4.261629104614258s, results:
{'t': 7, 'current_accuracy': 1.0, 'current_loss': 0.0014294132706709206, 'train_loss': None, 'decision': 0, 'drift_rate': 0.0, 'target_domains': ['sketch']}
0.0 []
Loss historical diff: 4.0745362639427185e-10; Loss Difference: 0.0, Decision: 0
Round 9 took 3.829967737197876s, results:
{'t': 8, 'current_accuracy': 1.0, 'current_loss': 0.0014294132124632597, 'train_loss': None, 'decision': 0, 'drift_rate': 0.0, 'target_domains': ['sketch']}
0.0 []
Loss historical diff: 1.1059455573558807e-09; Loss Difference: 0.0, Decision: 0
Round 10 took 3.8826706409454346s, results:
{'t': 9, 'current_accuracy': 1.0, 'current_loss': 0.0014294139109551907, 'train_loss': None, 'decision': 0, 'drift_rate': 0.0, 'target_domains': ['sketch']}
0.0 []
Loss historical diff: 0.0; Loss Difference: 0.0, Decision: 0
Round 11 took 3.756625175476074s, results:
{'t': 10, 'current_accuracy': 1.0, 'current_loss': 0.0014294119901023805, 'train_loss': None, 'decision': 0, 'drift_rate': 0.0, 'target_domains': ['sketch']}
0.0 []
Loss historical diff: 0.0; Loss Difference: 0.0, Decision: 0
Round 12 took 3.815809726715088s, results:
{'t': 11, 'current_accuracy': 1.0, 'current_loss': 0.0014294119318947196, 'train_loss': None, 'decision': 0, 'drift_rate': 0.0, 'target_domains': ['sketch']}
0.0 []
Loss historical diff: 5.820766091346741e-11; Loss Difference: 0.0, Decision: 0
Round 13 took 3.7217674255371094s, results:
{'t': 12, 'current_accuracy': 1.0, 'current_loss': 0.0014294119901023805, 'train_loss': None, 'decision': 0, 'drift_rate': 0.0, 'target_domains': ['sketch']}
0.0 []
Loss historical diff: 8.731149137020111e-10; Loss Difference: 0.0, Decision: 0
Round 14 took 3.5829412937164307s, results:
{'t': 13, 'current_accuracy': 1.0, 'current_loss': 0.0014294128050096333, 'train_loss': None, 'decision': 0, 'drift_rate': 0.0, 'target_domains': ['sketch']}
0.0 []
Loss historical diff: 1.3969838619232178e-09; Loss Difference: 0.0, Decision: 0
Round 15 took 3.657839059829712s, results:
{'t': 14, 'current_accuracy': 1.0, 'current_loss': 0.0014294133288785815, 'train_loss': None, 'decision': 0, 'drift_rate': 0.0, 'target_domains': ['sketch']}
0.0 []
Loss historical diff: 1.3969838619232178e-09; Loss Difference: 0.0, Decision: 0
Round 16 took 3.600046157836914s, results:
{'t': 15, 'current_accuracy': 1.0, 'current_loss': 0.0014294133288785815, 'train_loss': None, 'decision': 0, 'drift_rate': 0.0, 'target_domains': ['sketch']}
0.0 []
Loss historical diff: 2.5029294192790985e-09; Loss Difference: 0.0, Decision: 0
Round 17 took 4.025609254837036s, results:
{'t': 16, 'current_accuracy': 1.0, 'current_loss': 0.0014294144348241389, 'train_loss': None, 'decision': 0, 'drift_rate': 0.0, 'target_domains': ['sketch']}
0.0 []
Loss historical diff: 1.4551915228366852e-09; Loss Difference: 0.0, Decision: 0
Round 18 took 4.135316371917725s, results:
{'t': 17, 'current_accuracy': 1.0, 'current_loss': 0.0014294133870862424, 'train_loss': None, 'decision': 0, 'drift_rate': 0.0, 'target_domains': ['sketch']}
0.0 []
Loss historical diff: 1.2223608791828156e-09; Loss Difference: 0.0, Decision: 0
Round 19 took 3.6455163955688477s, results:
{'t': 18, 'current_accuracy': 1.0, 'current_loss': 0.0014294131542555988, 'train_loss': None, 'decision': 0, 'drift_rate': 0.0, 'target_domains': ['sketch']}
0.0 []
Loss historical diff: 1.0477378964424133e-09; Loss Difference: 0.0, Decision: 0
Round 20 took 4.015506982803345s, results:
{'t': 19, 'current_accuracy': 1.0, 'current_loss': 0.001429412979632616, 'train_loss': None, 'decision': 0, 'drift_rate': 0.0, 'target_domains': ['sketch']}
0.0 []
Loss historical diff: 1.8044374883174896e-09; Loss Difference: 0.0, Decision: 0
Round 21 took 4.348713159561157s, results:
{'t': 20, 'current_accuracy': 1.0, 'current_loss': 0.001429413736332208, 'train_loss': None, 'decision': 0, 'drift_rate': 0.0, 'target_domains': ['sketch']}
0.0 []
Loss historical diff: 2.270098775625229e-09; Loss Difference: 0.0, Decision: 0
Round 22 took 4.130725622177124s, results:
{'t': 21, 'current_accuracy': 1.0, 'current_loss': 0.0014294142019934952, 'train_loss': None, 'decision': 0, 'drift_rate': 0.0, 'target_domains': ['sketch']}
0.0 []
Loss historical diff: 1.1059455573558807e-09; Loss Difference: 0.0, Decision: 0
Round 23 took 3.8649871349334717s, results:
{'t': 22, 'current_accuracy': 1.0, 'current_loss': 0.001429413037840277, 'train_loss': None, 'decision': 0, 'drift_rate': 0.0, 'target_domains': ['sketch']}
0.0 []
Loss historical diff: 1.5133991837501526e-09; Loss Difference: 0.0, Decision: 0
Round 24 took 3.7036590576171875s, results:
{'t': 23, 'current_accuracy': 1.0, 'current_loss': 0.0014294134452939034, 'train_loss': None, 'decision': 0, 'drift_rate': 0.0, 'target_domains': ['sketch']}
0.0 []
Loss historical diff: 3.2014213502407074e-09; Loss Difference: 0.0, Decision: 0
Round 25 took 3.642223596572876s, results:
{'t': 24, 'current_accuracy': 1.0, 'current_loss': 0.0014294151333160698, 'train_loss': None, 'decision': 0, 'drift_rate': 0.0, 'target_domains': ['sketch']}
0.0 []
Loss historical diff: 1.7462298274040222e-09; Loss Difference: 0.0, Decision: 0
Round 26 took 3.69653058052063s, results:
{'t': 25, 'current_accuracy': 1.0, 'current_loss': 0.001429413678124547, 'train_loss': None, 'decision': 0, 'drift_rate': 0.0, 'target_domains': ['sketch']}
0.0 []
Loss historical diff: 1.4551915228366852e-09; Loss Difference: 0.0, Decision: 0
Round 27 took 3.720176935195923s, results:
{'t': 26, 'current_accuracy': 1.0, 'current_loss': 0.0014294133870862424, 'train_loss': None, 'decision': 0, 'drift_rate': 0.0, 'target_domains': ['sketch']}
0.0 []
Loss historical diff: 1.3387762010097504e-09; Loss Difference: 0.0, Decision: 0
Round 28 took 4.054078102111816s, results:
{'t': 27, 'current_accuracy': 1.0, 'current_loss': 0.0014294132706709206, 'train_loss': None, 'decision': 0, 'drift_rate': 0.0, 'target_domains': ['sketch']}
0.0 []
Loss historical diff: 5.238689482212067e-10; Loss Difference: 0.0, Decision: 0
Round 29 took 4.082109212875366s, results:
{'t': 28, 'current_accuracy': 1.0, 'current_loss': 0.0014294124557636678, 'train_loss': None, 'decision': 0, 'drift_rate': 0.0, 'target_domains': ['sketch']}
0.0 []
Loss historical diff: 4.0745362639427185e-09; Loss Difference: 0.0, Decision: 0
Round 30 took 3.8254833221435547s, results:
{'t': 29, 'current_accuracy': 1.0, 'current_loss': 0.0014294160064309835, 'train_loss': None, 'decision': 0, 'drift_rate': 0.0, 'target_domains': ['sketch']}
0.0 []
Loss historical diff: 8.149072527885437e-10; Loss Difference: 0.0, Decision: 0
Round 31 took 4.315566062927246s, results:
{'t': 30, 'current_accuracy': 1.0, 'current_loss': 0.0014294127468019724, 'train_loss': None, 'decision': 0, 'drift_rate': 0.0, 'target_domains': ['sketch']}
0.0 []
Loss historical diff: 1.8044374883174896e-09; Loss Difference: 0.0, Decision: 1
Average loss over 5 updates: 0.0035
Round 32 took 6.9511802196502686s, results:
{'t': 31, 'current_accuracy': 1.0, 'current_loss': 0.001429413736332208, 'train_loss': 0.0034863994223996997, 'decision': 1, 'drift_rate': 0.0, 'target_domains': ['sketch']}
0.0 []
Loss historical diff: 0.0; Loss Difference: 0.0, Decision: 0
Round 33 took 3.8722617626190186s, results:
{'t': 32, 'current_accuracy': 1.0, 'current_loss': 0.0013066694955341518, 'train_loss': None, 'decision': 0, 'drift_rate': 0.0, 'target_domains': ['sketch']}
0.0 []
Loss historical diff: 0.0; Loss Difference: 0.0, Decision: 0
Round 34 took 3.928532838821411s, results:
{'t': 33, 'current_accuracy': 1.0, 'current_loss': 0.001306668622419238, 'train_loss': None, 'decision': 0, 'drift_rate': 0.0, 'target_domains': ['sketch']}
0.0 []
Loss historical diff: 0.0; Loss Difference: 0.0, Decision: 0
Round 35 took 4.240335941314697s, results:
{'t': 34, 'current_accuracy': 1.0, 'current_loss': 0.0013066683895885944, 'train_loss': None, 'decision': 0, 'drift_rate': 0.0, 'target_domains': ['sketch']}
0.0 []
Loss historical diff: 0.0; Loss Difference: 0.0, Decision: 0
Round 36 took 3.9713521003723145s, results:
{'t': 35, 'current_accuracy': 1.0, 'current_loss': 0.0013066676910966635, 'train_loss': None, 'decision': 0, 'drift_rate': 0.0, 'target_domains': ['sketch']}
0.0 []
Loss historical diff: 0.0; Loss Difference: 0.0, Decision: 0
Round 37 took 3.7581515312194824s, results:
{'t': 36, 'current_accuracy': 1.0, 'current_loss': 0.0013066590181551874, 'train_loss': None, 'decision': 0, 'drift_rate': 0.0, 'target_domains': ['sketch']}
0.0 []
Loss historical diff: 1.6880221664905548e-09; Loss Difference: 0.0, Decision: 0
Round 38 took 3.8720695972442627s, results:
{'t': 37, 'current_accuracy': 1.0, 'current_loss': 0.0013066607061773539, 'train_loss': None, 'decision': 0, 'drift_rate': 0.0, 'target_domains': ['sketch']}
0.0 []
Loss historical diff: 9.080395102500916e-09; Loss Difference: 0.0, Decision: 0
Round 39 took 4.159827470779419s, results:
{'t': 38, 'current_accuracy': 1.0, 'current_loss': 0.0013066680985502899, 'train_loss': None, 'decision': 0, 'drift_rate': 0.0, 'target_domains': ['sketch']}
0.0 []
Loss historical diff: 1.0069925338029861e-08; Loss Difference: 0.0, Decision: 0
Round 40 took 4.008049249649048s, results:
{'t': 39, 'current_accuracy': 1.0, 'current_loss': 0.0013066690880805254, 'train_loss': None, 'decision': 0, 'drift_rate': 0.0, 'target_domains': ['sketch']}
0.0 []
Loss historical diff: 9.66247171163559e-09; Loss Difference: 0.0, Decision: 0
Round 41 took 3.785334348678589s, results:
{'t': 40, 'current_accuracy': 1.0, 'current_loss': 0.001306668680626899, 'train_loss': None, 'decision': 0, 'drift_rate': 0.0, 'target_domains': ['sketch']}
0.0 []
Loss historical diff: 9.138602763414383e-09; Loss Difference: 0.0, Decision: 0
Round 42 took 4.337038040161133s, results:
{'t': 41, 'current_accuracy': 1.0, 'current_loss': 0.0013066681567579508, 'train_loss': None, 'decision': 0, 'drift_rate': 0.0, 'target_domains': ['sketch']}
0.0 []
Loss historical diff: 1.0477378964424133e-08; Loss Difference: 0.0, Decision: 0
Round 43 took 3.936253309249878s, results:
{'t': 42, 'current_accuracy': 1.0, 'current_loss': 0.0013066694955341518, 'train_loss': None, 'decision': 0, 'drift_rate': 0.0, 'target_domains': ['sketch']}
0.0 []
Loss historical diff: 9.89530235528946e-09; Loss Difference: 0.0, Decision: 0
Round 44 took 3.712594509124756s, results:
{'t': 43, 'current_accuracy': 1.0, 'current_loss': 0.0013066689134575427, 'train_loss': None, 'decision': 0, 'drift_rate': 0.0, 'target_domains': ['sketch']}
0.0 []
Loss historical diff: 9.604264050722122e-09; Loss Difference: 0.0, Decision: 0
Round 45 took 4.025150537490845s, results:
{'t': 44, 'current_accuracy': 1.0, 'current_loss': 0.001306668622419238, 'train_loss': None, 'decision': 0, 'drift_rate': 0.0, 'target_domains': ['sketch']}
0.4 ['photo']
Loss historical diff: 18.157186382974032; Loss Difference: 0.0, Decision: 0
Round 46 took 3.878051996231079s, results:
{'t': 45, 'current_accuracy': 0.640625, 'current_loss': 18.158493041992188, 'train_loss': None, 'decision': 0, 'drift_rate': 0.4, 'target_domains': ['photo']}
0.4 ['photo']
Loss historical diff: 35.783883923257235; Loss Difference: 0.0, Decision: 0
Round 47 took 4.193358659744263s, results:
{'t': 46, 'current_accuracy': 0.2734375, 'current_loss': 35.78519058227539, 'train_loss': None, 'decision': 0, 'drift_rate': 0.4, 'target_domains': ['photo']}
0.4 ['photo']
Loss historical diff: 44.20457064505899; Loss Difference: 0.0, Decision: 0
Round 48 took 3.6868162155151367s, results:
{'t': 47, 'current_accuracy': 0.09765625, 'current_loss': 44.20587730407715, 'train_loss': None, 'decision': 0, 'drift_rate': 0.4, 'target_domains': ['photo']}
0.0 []
Loss historical diff: 44.204572552407626; Loss Difference: 0.0, Decision: 1
Average loss over 5 updates: 7.1698
Round 49 took 6.587288856506348s, results:
{'t': 48, 'current_accuracy': 0.09765625, 'current_loss': 44.20587921142578, 'train_loss': 7.1698003768920895, 'decision': 1, 'drift_rate': 0.0, 'target_domains': ['photo']}
0.0 []
Loss historical diff: 842.1899470030912; Loss Difference: 0.0, Decision: 0
Round 50 took 3.8293683528900146s, results:
{'t': 49, 'current_accuracy': 0.1015625, 'current_loss': 842.1912536621094, 'train_loss': None, 'decision': 0, 'drift_rate': 0.0, 'target_domains': ['photo']}
0.0 []
Loss historical diff: 842.1899775206693; Loss Difference: 0.0, Decision: 0
Round 51 took 4.013150691986084s, results:
{'t': 50, 'current_accuracy': 0.1015625, 'current_loss': 842.1912841796875, 'train_loss': None, 'decision': 0, 'drift_rate': 0.0, 'target_domains': ['photo']}
0.0 []
Loss historical diff: 842.1900385558256; Loss Difference: 0.0, Decision: 0
Round 52 took 4.124779224395752s, results:
{'t': 51, 'current_accuracy': 0.1015625, 'current_loss': 842.1913452148438, 'train_loss': None, 'decision': 0, 'drift_rate': 0.0, 'target_domains': ['photo']}
0.0 []
Loss historical diff: 842.1899164855131; Loss Difference: 0.0, Decision: 0
Round 53 took 4.096200942993164s, results:
{'t': 52, 'current_accuracy': 0.1015625, 'current_loss': 842.1912231445312, 'train_loss': None, 'decision': 0, 'drift_rate': 0.0, 'target_domains': ['photo']}
0.0 []
Loss historical diff: 842.1900385558256; Loss Difference: 0.0, Decision: 0
Round 54 took 4.256627082824707s, results:
{'t': 53, 'current_accuracy': 0.1015625, 'current_loss': 842.1913452148438, 'train_loss': None, 'decision': 0, 'drift_rate': 0.0, 'target_domains': ['photo']}
0.0 []
Loss historical diff: 842.1899164855131; Loss Difference: 0.0, Decision: 0
Round 55 took 3.973539113998413s, results:
{'t': 54, 'current_accuracy': 0.1015625, 'current_loss': 842.1912231445312, 'train_loss': None, 'decision': 0, 'drift_rate': 0.0, 'target_domains': ['photo']}
0.0 []
Loss historical diff: 842.1900080382475; Loss Difference: 0.0, Decision: 0
Round 56 took 3.7796471118927s, results:
{'t': 55, 'current_accuracy': 0.1015625, 'current_loss': 842.1913146972656, 'train_loss': None, 'decision': 0, 'drift_rate': 0.0, 'target_domains': ['photo']}
0.0 []
Loss historical diff: 842.1899775206693; Loss Difference: 0.0, Decision: 0
Round 57 took 4.0397255420684814s, results:
{'t': 56, 'current_accuracy': 0.1015625, 'current_loss': 842.1912841796875, 'train_loss': None, 'decision': 0, 'drift_rate': 0.0, 'target_domains': ['photo']}
0.0 []
Loss historical diff: 842.1899470030912; Loss Difference: 0.0, Decision: 0
Round 58 took 3.919419765472412s, results:
{'t': 57, 'current_accuracy': 0.1015625, 'current_loss': 842.1912536621094, 'train_loss': None, 'decision': 0, 'drift_rate': 0.0, 'target_domains': ['photo']}
0.0 []
Loss historical diff: 842.1899775206693; Loss Difference: 0.0, Decision: 0
Round 59 took 4.042829751968384s, results:
{'t': 58, 'current_accuracy': 0.1015625, 'current_loss': 842.1912841796875, 'train_loss': None, 'decision': 0, 'drift_rate': 0.0, 'target_domains': ['photo']}
0.0 []
Loss historical diff: 842.1900385558256; Loss Difference: 0.0, Decision: 0
Round 60 took 3.815821647644043s, results:
{'t': 59, 'current_accuracy': 0.1015625, 'current_loss': 842.1913452148438, 'train_loss': None, 'decision': 0, 'drift_rate': 0.0, 'target_domains': ['photo']}
0.0 []
Loss historical diff: 842.1899164855131; Loss Difference: 0.0, Decision: 0
Round 61 took 3.794283390045166s, results:
{'t': 60, 'current_accuracy': 0.1015625, 'current_loss': 842.1912231445312, 'train_loss': None, 'decision': 0, 'drift_rate': 0.0, 'target_domains': ['photo']}
0.0 []
Loss historical diff: 842.1899164855131; Loss Difference: 0.0, Decision: 0
Round 62 took 3.8296091556549072s, results:
{'t': 61, 'current_accuracy': 0.1015625, 'current_loss': 842.1912231445312, 'train_loss': None, 'decision': 0, 'drift_rate': 0.0, 'target_domains': ['photo']}
0.0 []
Loss historical diff: 842.1898249327787; Loss Difference: 0.0, Decision: 0
Round 63 took 4.107070684432983s, results:
{'t': 62, 'current_accuracy': 0.1015625, 'current_loss': 842.1911315917969, 'train_loss': None, 'decision': 0, 'drift_rate': 0.0, 'target_domains': ['photo']}
0.0 []
Loss historical diff: 842.1899470030912; Loss Difference: 0.0, Decision: 0
Round 64 took 3.9725308418273926s, results:
{'t': 63, 'current_accuracy': 0.1015625, 'current_loss': 842.1912536621094, 'train_loss': None, 'decision': 0, 'drift_rate': 0.0, 'target_domains': ['photo']}
0.0 []
Loss historical diff: 842.1899164855131; Loss Difference: 0.0, Decision: 0
Round 65 took 4.0542051792144775s, results:
{'t': 64, 'current_accuracy': 0.1015625, 'current_loss': 842.1912231445312, 'train_loss': None, 'decision': 0, 'drift_rate': 0.0, 'target_domains': ['photo']}
0.0 []
Loss historical diff: 842.1900385558256; Loss Difference: 0.0, Decision: 0
Round 66 took 3.9668960571289062s, results:
{'t': 65, 'current_accuracy': 0.1015625, 'current_loss': 842.1913452148438, 'train_loss': None, 'decision': 0, 'drift_rate': 0.0, 'target_domains': ['photo']}
0.0 []
Loss historical diff: 842.1899164855131; Loss Difference: 0.0, Decision: 0
Round 67 took 4.06790828704834s, results:
{'t': 66, 'current_accuracy': 0.1015625, 'current_loss': 842.1912231445312, 'train_loss': None, 'decision': 0, 'drift_rate': 0.0, 'target_domains': ['photo']}
0.0 []
Loss historical diff: 842.1900995909818; Loss Difference: 0.0, Decision: 0
Round 68 took 3.9822964668273926s, results:
{'t': 67, 'current_accuracy': 0.1015625, 'current_loss': 842.19140625, 'train_loss': None, 'decision': 0, 'drift_rate': 0.0, 'target_domains': ['photo']}
0.0 []
Loss historical diff: 842.1900080382475; Loss Difference: 0.0, Decision: 0
Round 69 took 3.920422077178955s, results:
{'t': 68, 'current_accuracy': 0.1015625, 'current_loss': 842.1913146972656, 'train_loss': None, 'decision': 0, 'drift_rate': 0.0, 'target_domains': ['photo']}
0.0 []
Loss historical diff: 842.1899470030912; Loss Difference: 0.0, Decision: 0
Round 70 took 3.73059344291687s, results:
{'t': 69, 'current_accuracy': 0.1015625, 'current_loss': 842.1912536621094, 'train_loss': None, 'decision': 0, 'drift_rate': 0.0, 'target_domains': ['photo']}
0.0 []
Loss historical diff: 842.1898554503568; Loss Difference: 0.0, Decision: 0
Round 71 took 3.6929354667663574s, results:
{'t': 70, 'current_accuracy': 0.1015625, 'current_loss': 842.191162109375, 'train_loss': None, 'decision': 0, 'drift_rate': 0.0, 'target_domains': ['photo']}
0.0 []
Loss historical diff: 842.1898554503568; Loss Difference: 0.0, Decision: 0
Round 72 took 4.107197999954224s, results:
{'t': 71, 'current_accuracy': 0.1015625, 'current_loss': 842.191162109375, 'train_loss': None, 'decision': 0, 'drift_rate': 0.0, 'target_domains': ['photo']}
0.0 []
Loss historical diff: 842.1899470030912; Loss Difference: 0.0, Decision: 0
Round 73 took 4.386281967163086s, results:
{'t': 72, 'current_accuracy': 0.1015625, 'current_loss': 842.1912536621094, 'train_loss': None, 'decision': 0, 'drift_rate': 0.0, 'target_domains': ['photo']}
0.0 []
Loss historical diff: 842.1900080382475; Loss Difference: 0.0, Decision: 0
Round 74 took 4.385459899902344s, results:
{'t': 73, 'current_accuracy': 0.1015625, 'current_loss': 842.1913146972656, 'train_loss': None, 'decision': 0, 'drift_rate': 0.0, 'target_domains': ['photo']}
0.0 []
Loss historical diff: 842.1899470030912; Loss Difference: 0.0, Decision: 0
Round 75 took 4.0386762619018555s, results:
{'t': 74, 'current_accuracy': 0.1015625, 'current_loss': 842.1912536621094, 'train_loss': None, 'decision': 0, 'drift_rate': 0.0, 'target_domains': ['photo']}
0.0 []
Loss historical diff: 842.1900080382475; Loss Difference: 0.0, Decision: 0
Round 76 took 4.042248010635376s, results:
{'t': 75, 'current_accuracy': 0.1015625, 'current_loss': 842.1913146972656, 'train_loss': None, 'decision': 0, 'drift_rate': 0.0, 'target_domains': ['photo']}
0.0 []
Loss historical diff: 842.1899164855131; Loss Difference: 0.0, Decision: 0
Round 77 took 4.616326808929443s, results:
{'t': 76, 'current_accuracy': 0.1015625, 'current_loss': 842.1912231445312, 'train_loss': None, 'decision': 0, 'drift_rate': 0.0, 'target_domains': ['photo']}
0.0 []
Loss historical diff: 842.1899470030912; Loss Difference: 0.0, Decision: 0
Round 78 took 3.826479196548462s, results:
{'t': 77, 'current_accuracy': 0.1015625, 'current_loss': 842.1912536621094, 'train_loss': None, 'decision': 0, 'drift_rate': 0.0, 'target_domains': ['photo']}
0.0 []
Loss historical diff: 842.189885967935; Loss Difference: 0.0, Decision: 0
Round 79 took 4.250292539596558s, results:
{'t': 78, 'current_accuracy': 0.1015625, 'current_loss': 842.1911926269531, 'train_loss': None, 'decision': 0, 'drift_rate': 0.0, 'target_domains': ['photo']}
0.0 []
Loss historical diff: 842.189885967935; Loss Difference: 0.0, Decision: 0
Round 80 took 4.415600061416626s, results:
{'t': 79, 'current_accuracy': 0.1015625, 'current_loss': 842.1911926269531, 'train_loss': None, 'decision': 0, 'drift_rate': 0.0, 'target_domains': ['photo']}
0.0 []
Loss historical diff: 842.1899775206693; Loss Difference: 0.0, Decision: 0
Round 81 took 4.089327812194824s, results:
{'t': 80, 'current_accuracy': 0.1015625, 'current_loss': 842.1912841796875, 'train_loss': None, 'decision': 0, 'drift_rate': 0.0, 'target_domains': ['photo']}
0.0 []
Loss historical diff: 842.1899775206693; Loss Difference: 0.0, Decision: 0
Round 82 took 4.0578672885894775s, results:
{'t': 81, 'current_accuracy': 0.1015625, 'current_loss': 842.1912841796875, 'train_loss': None, 'decision': 0, 'drift_rate': 0.0, 'target_domains': ['photo']}
0.0 []
Loss historical diff: 842.1899470030912; Loss Difference: 0.0, Decision: 0
Round 83 took 3.9523720741271973s, results:
{'t': 82, 'current_accuracy': 0.1015625, 'current_loss': 842.1912536621094, 'train_loss': None, 'decision': 0, 'drift_rate': 0.0, 'target_domains': ['photo']}
0.0 []
Loss historical diff: 842.1899775206693; Loss Difference: 0.0, Decision: 0
Round 84 took 4.000196695327759s, results:
{'t': 83, 'current_accuracy': 0.1015625, 'current_loss': 842.1912841796875, 'train_loss': None, 'decision': 0, 'drift_rate': 0.0, 'target_domains': ['photo']}
0.0 []
Loss historical diff: 842.189885967935; Loss Difference: 0.0, Decision: 0
Round 85 took 3.906404733657837s, results:
{'t': 84, 'current_accuracy': 0.1015625, 'current_loss': 842.1911926269531, 'train_loss': None, 'decision': 0, 'drift_rate': 0.0, 'target_domains': ['photo']}
0.0 []
Loss historical diff: 842.1899164855131; Loss Difference: 0.0, Decision: 0
Round 86 took 4.539962530136108s, results:
{'t': 85, 'current_accuracy': 0.1015625, 'current_loss': 842.1912231445312, 'train_loss': None, 'decision': 0, 'drift_rate': 0.0, 'target_domains': ['photo']}
0.0 []
Loss historical diff: 842.1900995909818; Loss Difference: 0.0, Decision: 0
Round 87 took 3.7676405906677246s, results:
{'t': 86, 'current_accuracy': 0.1015625, 'current_loss': 842.19140625, 'train_loss': None, 'decision': 0, 'drift_rate': 0.0, 'target_domains': ['photo']}
0.0 []
Loss historical diff: 842.189885967935; Loss Difference: 0.0, Decision: 0
Round 88 took 4.1900634765625s, results:
{'t': 87, 'current_accuracy': 0.1015625, 'current_loss': 842.1911926269531, 'train_loss': None, 'decision': 0, 'drift_rate': 0.0, 'target_domains': ['photo']}
0.0 []
Loss historical diff: 842.1899775206693; Loss Difference: 0.0, Decision: 0
Round 89 took 4.135913610458374s, results:
{'t': 88, 'current_accuracy': 0.1015625, 'current_loss': 842.1912841796875, 'train_loss': None, 'decision': 0, 'drift_rate': 0.0, 'target_domains': ['photo']}
0.0 []
Loss historical diff: 842.1899470030912; Loss Difference: 0.0, Decision: 1
Average loss over 5 updates: 2.1956
Round 90 took 6.971042156219482s, results:
{'t': 89, 'current_accuracy': 0.1015625, 'current_loss': 842.1912536621094, 'train_loss': 2.1956279993057253, 'decision': 1, 'drift_rate': 0.0, 'target_domains': ['photo']}
0.0 []
Loss historical diff: 44.32985484000528; Loss Difference: 0.0, Decision: 0
Round 91 took 3.912266492843628s, results:
{'t': 90, 'current_accuracy': 0.1015625, 'current_loss': 44.33116149902344, 'train_loss': None, 'decision': 0, 'drift_rate': 0.0, 'target_domains': ['photo']}
0.0 []
Loss historical diff: 44.32985102530802; Loss Difference: 0.0, Decision: 0
Round 92 took 3.982405185699463s, results:
{'t': 91, 'current_accuracy': 0.1015625, 'current_loss': 44.33115768432617, 'train_loss': None, 'decision': 0, 'drift_rate': 0.0, 'target_domains': ['photo']}
0.0 []
Loss historical diff: 44.32985102530802; Loss Difference: 0.0, Decision: 0
Round 93 took 4.16340184211731s, results:
{'t': 92, 'current_accuracy': 0.1015625, 'current_loss': 44.33115768432617, 'train_loss': None, 'decision': 0, 'drift_rate': 0.0, 'target_domains': ['photo']}
0.0 []
Loss historical diff: 44.32985293265665; Loss Difference: 0.0, Decision: 0
Round 94 took 3.680342674255371s, results:
{'t': 93, 'current_accuracy': 0.1015625, 'current_loss': 44.331159591674805, 'train_loss': None, 'decision': 0, 'drift_rate': 0.0, 'target_domains': ['photo']}
0.0 []
Loss historical diff: 44.32984721061075; Loss Difference: 0.0, Decision: 0
Round 95 took 4.070959568023682s, results:
{'t': 94, 'current_accuracy': 0.1015625, 'current_loss': 44.331153869628906, 'train_loss': None, 'decision': 0, 'drift_rate': 0.0, 'target_domains': ['photo']}
0.0 []
Loss historical diff: 44.32985102530802; Loss Difference: 0.0, Decision: 1
Average loss over 5 updates: 1.4508
Round 96 took 6.291918754577637s, results:
{'t': 95, 'current_accuracy': 0.1015625, 'current_loss': 44.33115768432617, 'train_loss': 1.4507922649383544, 'decision': 1, 'drift_rate': 0.0, 'target_domains': ['photo']}
0.0 []
Loss historical diff: 4.642341011727694; Loss Difference: 0.0, Decision: 0
Round 97 took 4.135059833526611s, results:
{'t': 96, 'current_accuracy': 0.30859375, 'current_loss': 4.64364767074585, 'train_loss': None, 'decision': 0, 'drift_rate': 0.0, 'target_domains': ['photo']}
0.0 []
Loss historical diff: 4.64234220382059; Loss Difference: 0.0, Decision: 0
Round 98 took 3.8486509323120117s, results:
{'t': 97, 'current_accuracy': 0.30859375, 'current_loss': 4.643648862838745, 'train_loss': None, 'decision': 0, 'drift_rate': 0.0, 'target_domains': ['photo']}
0.0 []
Loss historical diff: 4.642340773309115; Loss Difference: 0.0, Decision: 0
Round 99 took 4.431713581085205s, results:
{'t': 98, 'current_accuracy': 0.30859375, 'current_loss': 4.6436474323272705, 'train_loss': None, 'decision': 0, 'drift_rate': 0.0, 'target_domains': ['photo']}
0.0 []
Loss historical diff: 4.6423412501462735; Loss Difference: 0.0, Decision: 0
Round 100 took 4.215517997741699s, results:
{'t': 99, 'current_accuracy': 0.30859375, 'current_loss': 4.643647909164429, 'train_loss': None, 'decision': 0, 'drift_rate': 0.0, 'target_domains': ['photo']}
0.0 []
Loss historical diff: 4.642340773309115; Loss Difference: 0.0, Decision: 0
Round 101 took 4.186811923980713s, results:
{'t': 100, 'current_accuracy': 0.30859375, 'current_loss': 4.6436474323272705, 'train_loss': None, 'decision': 0, 'drift_rate': 0.0, 'target_domains': ['photo']}
0.0 []
Loss historical diff: 4.642340773309115; Loss Difference: 0.0, Decision: 0
Round 102 took 3.865461587905884s, results:
{'t': 101, 'current_accuracy': 0.30859375, 'current_loss': 4.6436474323272705, 'train_loss': None, 'decision': 0, 'drift_rate': 0.0, 'target_domains': ['photo']}
0.0 []
Loss historical diff: 4.642340773309115; Loss Difference: 0.0, Decision: 0
Round 103 took 3.9569520950317383s, results:
{'t': 102, 'current_accuracy': 0.30859375, 'current_loss': 4.6436474323272705, 'train_loss': None, 'decision': 0, 'drift_rate': 0.0, 'target_domains': ['photo']}
0.0 []
Loss historical diff: 4.642340773309115; Loss Difference: 0.0, Decision: 0
Round 104 took 4.357262134552002s, results:
{'t': 103, 'current_accuracy': 0.30859375, 'current_loss': 4.6436474323272705, 'train_loss': None, 'decision': 0, 'drift_rate': 0.0, 'target_domains': ['photo']}
0.0 []
Loss historical diff: 4.6423412501462735; Loss Difference: 0.0, Decision: 0
Round 105 took 4.108138799667358s, results:
{'t': 104, 'current_accuracy': 0.30859375, 'current_loss': 4.643647909164429, 'train_loss': None, 'decision': 0, 'drift_rate': 0.0, 'target_domains': ['photo']}
0.0 []
Loss historical diff: 4.6423412501462735; Loss Difference: 0.0, Decision: 0
Round 106 took 4.391787767410278s, results:
{'t': 105, 'current_accuracy': 0.30859375, 'current_loss': 4.643647909164429, 'train_loss': None, 'decision': 0, 'drift_rate': 0.0, 'target_domains': ['photo']}
0.0 []
Loss historical diff: 4.6423412501462735; Loss Difference: 0.0, Decision: 0
Round 107 took 3.8273868560791016s, results:
{'t': 106, 'current_accuracy': 0.30859375, 'current_loss': 4.643647909164429, 'train_loss': None, 'decision': 0, 'drift_rate': 0.0, 'target_domains': ['photo']}
0.0 []
Loss historical diff: 4.6423412501462735; Loss Difference: 0.0, Decision: 0
Round 108 took 4.500760555267334s, results:
{'t': 107, 'current_accuracy': 0.30859375, 'current_loss': 4.643647909164429, 'train_loss': None, 'decision': 0, 'drift_rate': 0.0, 'target_domains': ['photo']}
0.0 []
Loss historical diff: 4.6423412501462735; Loss Difference: 0.0, Decision: 0
Round 109 took 4.133850336074829s, results:
{'t': 108, 'current_accuracy': 0.30859375, 'current_loss': 4.643647909164429, 'train_loss': None, 'decision': 0, 'drift_rate': 0.0, 'target_domains': ['photo']}
0.0 []
Loss historical diff: 4.642341011727694; Loss Difference: 0.0, Decision: 0
Round 110 took 4.478895425796509s, results:
{'t': 109, 'current_accuracy': 0.30859375, 'current_loss': 4.64364767074585, 'train_loss': None, 'decision': 0, 'drift_rate': 0.0, 'target_domains': ['photo']}
0.0 []
Loss historical diff: 4.642340773309115; Loss Difference: 0.0, Decision: 0
Round 111 took 4.219605207443237s, results:
{'t': 110, 'current_accuracy': 0.30859375, 'current_loss': 4.6436474323272705, 'train_loss': None, 'decision': 0, 'drift_rate': 0.0, 'target_domains': ['photo']}
0.0 []
Loss historical diff: 4.642339342797641; Loss Difference: 0.0, Decision: 0
Round 112 took 4.2279675006866455s, results:
{'t': 111, 'current_accuracy': 0.30859375, 'current_loss': 4.643646001815796, 'train_loss': None, 'decision': 0, 'drift_rate': 0.0, 'target_domains': ['photo']}
0.0 []
Loss historical diff: 4.642341011727694; Loss Difference: 0.0, Decision: 0
Round 113 took 4.570526361465454s, results:
{'t': 112, 'current_accuracy': 0.30859375, 'current_loss': 4.64364767074585, 'train_loss': None, 'decision': 0, 'drift_rate': 0.0, 'target_domains': ['photo']}
0.0 []
Loss historical diff: 4.642340534890536; Loss Difference: 0.0, Decision: 0
Round 114 took 4.1856231689453125s, results:
{'t': 113, 'current_accuracy': 0.30859375, 'current_loss': 4.643647193908691, 'train_loss': None, 'decision': 0, 'drift_rate': 0.0, 'target_domains': ['photo']}
0.0 []
Loss historical diff: 4.642340058053378; Loss Difference: 0.0, Decision: 0
Round 115 took 4.051026344299316s, results:
{'t': 114, 'current_accuracy': 0.30859375, 'current_loss': 4.643646717071533, 'train_loss': None, 'decision': 0, 'drift_rate': 0.0, 'target_domains': ['photo']}
0.0 []
Loss historical diff: 4.642340534890536; Loss Difference: 0.0, Decision: 0
Round 116 took 3.908888101577759s, results:
{'t': 115, 'current_accuracy': 0.30859375, 'current_loss': 4.643647193908691, 'train_loss': None, 'decision': 0, 'drift_rate': 0.0, 'target_domains': ['photo']}
0.0 []
Loss historical diff: 4.642340534890536; Loss Difference: 0.0, Decision: 0
Round 117 took 4.37195086479187s, results:
{'t': 116, 'current_accuracy': 0.30859375, 'current_loss': 4.643647193908691, 'train_loss': None, 'decision': 0, 'drift_rate': 0.0, 'target_domains': ['photo']}
0.0 []
Loss historical diff: 4.642341011727694; Loss Difference: 0.0, Decision: 0
Round 118 took 4.579588174819946s, results:
{'t': 117, 'current_accuracy': 0.30859375, 'current_loss': 4.64364767074585, 'train_loss': None, 'decision': 0, 'drift_rate': 0.0, 'target_domains': ['photo']}
0.0 []
Loss historical diff: 4.642340058053378; Loss Difference: 0.0, Decision: 0
Round 119 took 4.430128574371338s, results:
{'t': 118, 'current_accuracy': 0.30859375, 'current_loss': 4.643646717071533, 'train_loss': None, 'decision': 0, 'drift_rate': 0.0, 'target_domains': ['photo']}
0.0 []
Loss historical diff: 4.642340773309115; Loss Difference: 0.0, Decision: 0
Round 120 took 4.578083276748657s, results:
{'t': 119, 'current_accuracy': 0.30859375, 'current_loss': 4.6436474323272705, 'train_loss': None, 'decision': 0, 'drift_rate': 0.0, 'target_domains': ['photo']}
0.0 []
Loss historical diff: 4.642340534890536; Loss Difference: 0.0, Decision: 0
Round 121 took 4.621597051620483s, results:
{'t': 120, 'current_accuracy': 0.30859375, 'current_loss': 4.643647193908691, 'train_loss': None, 'decision': 0, 'drift_rate': 0.0, 'target_domains': ['photo']}
0.0 []
Loss historical diff: 4.6423412501462735; Loss Difference: 0.0, Decision: 0
Round 122 took 3.7449493408203125s, results:
{'t': 121, 'current_accuracy': 0.30859375, 'current_loss': 4.643647909164429, 'train_loss': None, 'decision': 0, 'drift_rate': 0.0, 'target_domains': ['photo']}
0.0 []
Loss historical diff: 4.642341011727694; Loss Difference: 0.0, Decision: 0
Round 123 took 4.390465259552002s, results:
{'t': 122, 'current_accuracy': 0.30859375, 'current_loss': 4.64364767074585, 'train_loss': None, 'decision': 0, 'drift_rate': 0.0, 'target_domains': ['photo']}
0.0 []
Loss historical diff: 4.642341011727694; Loss Difference: 0.0, Decision: 0
Round 124 took 4.473967790603638s, results:
{'t': 123, 'current_accuracy': 0.30859375, 'current_loss': 4.64364767074585, 'train_loss': None, 'decision': 0, 'drift_rate': 0.0, 'target_domains': ['photo']}
0.0 []
Loss historical diff: 4.6423412501462735; Loss Difference: 0.0, Decision: 0
Round 125 took 4.070395469665527s, results:
{'t': 124, 'current_accuracy': 0.30859375, 'current_loss': 4.643647909164429, 'train_loss': None, 'decision': 0, 'drift_rate': 0.0, 'target_domains': ['photo']}
0.0 []
Loss historical diff: 4.642341488564853; Loss Difference: 0.0, Decision: 0
Round 126 took 4.480996131896973s, results:
{'t': 125, 'current_accuracy': 0.30859375, 'current_loss': 4.643648147583008, 'train_loss': None, 'decision': 0, 'drift_rate': 0.0, 'target_domains': ['photo']}
0.0 []
Loss historical diff: 4.642340773309115; Loss Difference: 0.0, Decision: 0
Round 127 took 4.065362453460693s, results:
{'t': 126, 'current_accuracy': 0.30859375, 'current_loss': 4.6436474323272705, 'train_loss': None, 'decision': 0, 'drift_rate': 0.0, 'target_domains': ['photo']}
0.0 []
Loss historical diff: 4.6423412501462735; Loss Difference: 0.0, Decision: 0
Round 128 took 4.3237550258636475s, results:
{'t': 127, 'current_accuracy': 0.30859375, 'current_loss': 4.643647909164429, 'train_loss': None, 'decision': 0, 'drift_rate': 0.0, 'target_domains': ['photo']}
0.0 []
Loss historical diff: 4.642340534890536; Loss Difference: 0.0, Decision: 0
Round 129 took 4.520742893218994s, results:
{'t': 128, 'current_accuracy': 0.30859375, 'current_loss': 4.643647193908691, 'train_loss': None, 'decision': 0, 'drift_rate': 0.0, 'target_domains': ['photo']}
0.0 []
Loss historical diff: 4.642340534890536; Loss Difference: 0.0, Decision: 0
Round 130 took 3.8592288494110107s, results:
{'t': 129, 'current_accuracy': 0.30859375, 'current_loss': 4.643647193908691, 'train_loss': None, 'decision': 0, 'drift_rate': 0.0, 'target_domains': ['photo']}
0.0 []
Loss historical diff: 4.642341965402011; Loss Difference: 0.0, Decision: 0
Round 131 took 4.422902345657349s, results:
{'t': 130, 'current_accuracy': 0.30859375, 'current_loss': 4.643648624420166, 'train_loss': None, 'decision': 0, 'drift_rate': 0.0, 'target_domains': ['photo']}
0.0 []
Loss historical diff: 4.642340534890536; Loss Difference: 0.0, Decision: 0
Round 132 took 4.2683775424957275s, results:
{'t': 131, 'current_accuracy': 0.30859375, 'current_loss': 4.643647193908691, 'train_loss': None, 'decision': 0, 'drift_rate': 0.0, 'target_domains': ['photo']}
0.0 []
Loss historical diff: 4.642341488564853; Loss Difference: 0.0, Decision: 0
Round 133 took 4.145919322967529s, results:
{'t': 132, 'current_accuracy': 0.30859375, 'current_loss': 4.643648147583008, 'train_loss': None, 'decision': 0, 'drift_rate': 0.0, 'target_domains': ['photo']}
0.0 []
Loss historical diff: 4.642341011727694; Loss Difference: 0.0, Decision: 0
Round 134 took 4.382949590682983s, results:
{'t': 133, 'current_accuracy': 0.30859375, 'current_loss': 4.64364767074585, 'train_loss': None, 'decision': 0, 'drift_rate': 0.0, 'target_domains': ['photo']}
0.0 []
Loss historical diff: 4.642340773309115; Loss Difference: 0.0, Decision: 0
Round 135 took 4.4401328563690186s, results:
{'t': 134, 'current_accuracy': 0.30859375, 'current_loss': 4.6436474323272705, 'train_loss': None, 'decision': 0, 'drift_rate': 0.0, 'target_domains': ['photo']}
0.0 []
Loss historical diff: 4.642341011727694; Loss Difference: 0.0, Decision: 0
Round 136 took 4.455513000488281s, results:
{'t': 135, 'current_accuracy': 0.30859375, 'current_loss': 4.64364767074585, 'train_loss': None, 'decision': 0, 'drift_rate': 0.0, 'target_domains': ['photo']}
0.0 []
Loss historical diff: 4.6423412501462735; Loss Difference: 0.0, Decision: 0
Round 137 took 4.492754936218262s, results:
{'t': 136, 'current_accuracy': 0.30859375, 'current_loss': 4.643647909164429, 'train_loss': None, 'decision': 0, 'drift_rate': 0.0, 'target_domains': ['photo']}
0.0 []
Loss historical diff: 4.642341011727694; Loss Difference: 0.0, Decision: 0
Round 138 took 4.22292160987854s, results:
{'t': 137, 'current_accuracy': 0.30859375, 'current_loss': 4.64364767074585, 'train_loss': None, 'decision': 0, 'drift_rate': 0.0, 'target_domains': ['photo']}
0.0 []
Loss historical diff: 4.6423388659604825; Loss Difference: 0.0, Decision: 0
Round 139 took 4.28725004196167s, results:
{'t': 138, 'current_accuracy': 0.30859375, 'current_loss': 4.643645524978638, 'train_loss': None, 'decision': 0, 'drift_rate': 0.0, 'target_domains': ['photo']}
0.0 []
Loss historical diff: 4.642341488564853; Loss Difference: 0.0, Decision: 1
Average loss over 5 updates: 1.3345
Round 140 took 6.575119733810425s, results:
{'t': 139, 'current_accuracy': 0.30859375, 'current_loss': 4.643648147583008, 'train_loss': 1.3345237016677856, 'decision': 1, 'drift_rate': 0.0, 'target_domains': ['photo']}
0.0 []
Loss historical diff: 2.0519946753629483; Loss Difference: 0.0, Decision: 0
Round 141 took 4.1374030113220215s, results:
{'t': 140, 'current_accuracy': 0.45703125, 'current_loss': 2.0533013343811035, 'train_loss': None, 'decision': 0, 'drift_rate': 0.0, 'target_domains': ['photo']}
0.0 []
Loss historical diff: 2.051994734967593; Loss Difference: 0.0, Decision: 0
Round 142 took 3.992016315460205s, results:
{'t': 141, 'current_accuracy': 0.45703125, 'current_loss': 2.0533013939857483, 'train_loss': None, 'decision': 0, 'drift_rate': 0.0, 'target_domains': ['photo']}
0.0 []
Loss historical diff: 2.051994734967593; Loss Difference: 0.0, Decision: 0
Round 143 took 3.7572503089904785s, results:
{'t': 142, 'current_accuracy': 0.45703125, 'current_loss': 2.0533013939857483, 'train_loss': None, 'decision': 0, 'drift_rate': 0.0, 'target_domains': ['photo']}
0.0 []
Loss historical diff: 2.051994734967593; Loss Difference: 0.0, Decision: 0
Round 144 took 4.077245473861694s, results:
{'t': 143, 'current_accuracy': 0.45703125, 'current_loss': 2.0533013939857483, 'train_loss': None, 'decision': 0, 'drift_rate': 0.0, 'target_domains': ['photo']}
0.0 []
Loss historical diff: 2.0519943773397245; Loss Difference: 0.0, Decision: 0
Round 145 took 3.9682552814483643s, results:
{'t': 144, 'current_accuracy': 0.45703125, 'current_loss': 2.0533010363578796, 'train_loss': None, 'decision': 0, 'drift_rate': 0.0, 'target_domains': ['photo']}
0.0 []
Loss historical diff: 2.0519944369443692; Loss Difference: 0.0, Decision: 0
Round 146 took 3.9926578998565674s, results:
{'t': 145, 'current_accuracy': 0.45703125, 'current_loss': 2.0533010959625244, 'train_loss': None, 'decision': 0, 'drift_rate': 0.0, 'target_domains': ['photo']}
0.0 []
Loss historical diff: 2.05199419852579; Loss Difference: 0.0, Decision: 0
Round 147 took 4.30605149269104s, results:
{'t': 146, 'current_accuracy': 0.45703125, 'current_loss': 2.0533008575439453, 'train_loss': None, 'decision': 0, 'drift_rate': 0.0, 'target_domains': ['photo']}
0.0 []
Loss historical diff: 2.0519946157583036; Loss Difference: 0.0, Decision: 0
Round 148 took 4.056135654449463s, results:
{'t': 147, 'current_accuracy': 0.45703125, 'current_loss': 2.0533012747764587, 'train_loss': None, 'decision': 0, 'drift_rate': 0.0, 'target_domains': ['photo']}
0.0 []
Loss historical diff: 2.0519944369443692; Loss Difference: 0.0, Decision: 0
Round 149 took 4.095318078994751s, results:
{'t': 148, 'current_accuracy': 0.45703125, 'current_loss': 2.0533010959625244, 'train_loss': None, 'decision': 0, 'drift_rate': 0.0, 'target_domains': ['photo']}
0.0 []
Loss historical diff: 2.051994794572238; Loss Difference: 0.0, Decision: 0
Round 150 took 4.29888391494751s, results:
{'t': 149, 'current_accuracy': 0.45703125, 'current_loss': 2.053301453590393, 'train_loss': None, 'decision': 0, 'drift_rate': 0.0, 'target_domains': ['photo']}
0.0 []
Loss historical diff: 2.0519945561536588; Loss Difference: 0.0, Decision: 0
Round 151 took 4.143477439880371s, results:
{'t': 150, 'current_accuracy': 0.45703125, 'current_loss': 2.053301215171814, 'train_loss': None, 'decision': 0, 'drift_rate': 0.0, 'target_domains': ['photo']}
0.0 []
Loss historical diff: 2.051994496549014; Loss Difference: 0.0, Decision: 0
Round 152 took 4.10451865196228s, results:
{'t': 151, 'current_accuracy': 0.45703125, 'current_loss': 2.053301155567169, 'train_loss': None, 'decision': 0, 'drift_rate': 0.0, 'target_domains': ['photo']}
0.0 []
Loss historical diff: 2.0519949137815274; Loss Difference: 0.0, Decision: 0
Round 153 took 3.6671042442321777s, results:
{'t': 152, 'current_accuracy': 0.45703125, 'current_loss': 2.0533015727996826, 'train_loss': None, 'decision': 0, 'drift_rate': 0.0, 'target_domains': ['photo']}
0.0 []
Loss historical diff: 2.0519946157583036; Loss Difference: 0.0, Decision: 0
Round 154 took 4.0213844776153564s, results:
{'t': 153, 'current_accuracy': 0.45703125, 'current_loss': 2.0533012747764587, 'train_loss': None, 'decision': 0, 'drift_rate': 0.0, 'target_domains': ['photo']}
0.0 []
Loss historical diff: 2.051994794572238; Loss Difference: 0.0, Decision: 0
Round 155 took 4.261514663696289s, results:
{'t': 154, 'current_accuracy': 0.45703125, 'current_loss': 2.053301453590393, 'train_loss': None, 'decision': 0, 'drift_rate': 0.0, 'target_domains': ['photo']}
0.0 []
Loss historical diff: 2.051995032990817; Loss Difference: 0.0, Decision: 0
Round 156 took 3.9950387477874756s, results:
{'t': 155, 'current_accuracy': 0.45703125, 'current_loss': 2.053301692008972, 'train_loss': None, 'decision': 0, 'drift_rate': 0.0, 'target_domains': ['photo']}
0.0 []
Loss historical diff: 2.051994734967593; Loss Difference: 0.0, Decision: 0
Round 157 took 3.982649087905884s, results:
{'t': 156, 'current_accuracy': 0.45703125, 'current_loss': 2.0533013939857483, 'train_loss': None, 'decision': 0, 'drift_rate': 0.0, 'target_domains': ['photo']}
0.0 []
Loss historical diff: 2.0519946753629483; Loss Difference: 0.0, Decision: 0
Round 158 took 4.778870105743408s, results:
{'t': 157, 'current_accuracy': 0.45703125, 'current_loss': 2.0533013343811035, 'train_loss': None, 'decision': 0, 'drift_rate': 0.0, 'target_domains': ['photo']}
0.0 []
Loss historical diff: 2.0519946753629483; Loss Difference: 0.0, Decision: 0
Round 159 took 4.104531288146973s, results:
{'t': 158, 'current_accuracy': 0.45703125, 'current_loss': 2.0533013343811035, 'train_loss': None, 'decision': 0, 'drift_rate': 0.0, 'target_domains': ['photo']}
0.0 []
Loss historical diff: 2.0519945561536588; Loss Difference: 0.0, Decision: 0
Round 160 took 4.634881496429443s, results:
{'t': 159, 'current_accuracy': 0.45703125, 'current_loss': 2.053301215171814, 'train_loss': None, 'decision': 0, 'drift_rate': 0.0, 'target_domains': ['photo']}
0.0 []
Loss historical diff: 2.0519946753629483; Loss Difference: 0.0, Decision: 1
Average loss over 5 updates: 1.1821
Round 161 took 6.644446134567261s, results:
{'t': 160, 'current_accuracy': 0.45703125, 'current_loss': 2.0533013343811035, 'train_loss': 1.1820557117462158, 'decision': 1, 'drift_rate': 0.0, 'target_domains': ['photo']}
0.0 []
Loss historical diff: 1.503428274358157; Loss Difference: 0.0, Decision: 0
Round 162 took 3.9801363945007324s, results:
{'t': 161, 'current_accuracy': 0.50390625, 'current_loss': 1.5047349333763123, 'train_loss': None, 'decision': 0, 'drift_rate': 0.0, 'target_domains': ['photo']}
0.0 []
Loss historical diff: 1.5034286319860257; Loss Difference: 0.0, Decision: 0
Round 163 took 4.452750205993652s, results:
{'t': 162, 'current_accuracy': 0.50390625, 'current_loss': 1.504735291004181, 'train_loss': None, 'decision': 0, 'drift_rate': 0.0, 'target_domains': ['photo']}
0.0 []
Loss historical diff: 1.5034286915906705; Loss Difference: 0.0, Decision: 0
Round 164 took 4.312773704528809s, results:
{'t': 163, 'current_accuracy': 0.50390625, 'current_loss': 1.5047353506088257, 'train_loss': None, 'decision': 0, 'drift_rate': 0.0, 'target_domains': ['photo']}
0.0 []
Loss historical diff: 1.503428572381381; Loss Difference: 0.0, Decision: 0
Round 165 took 4.588622331619263s, results:
{'t': 164, 'current_accuracy': 0.50390625, 'current_loss': 1.5047352313995361, 'train_loss': None, 'decision': 0, 'drift_rate': 0.0, 'target_domains': ['photo']}
0.4 ['cartoon']
Loss historical diff: 3.551741117204074; Loss Difference: 0.0, Decision: 0
Round 166 took 3.9972774982452393s, results:
{'t': 165, 'current_accuracy': 0.375, 'current_loss': 3.553047776222229, 'train_loss': None, 'decision': 0, 'drift_rate': 0.4, 'target_domains': ['cartoon']}
0.4 ['cartoon']
Loss historical diff: 5.580185764993075; Loss Difference: 0.0, Decision: 0
Round 167 took 4.403567790985107s, results:
{'t': 166, 'current_accuracy': 0.21484375, 'current_loss': 5.5814924240112305, 'train_loss': None, 'decision': 0, 'drift_rate': 0.4, 'target_domains': ['cartoon']}
0.4 ['cartoon']
Loss historical diff: 6.85908591147745; Loss Difference: 0.0, Decision: 0
Round 168 took 4.039471864700317s, results:
{'t': 167, 'current_accuracy': 0.1171875, 'current_loss': 6.8603925704956055, 'train_loss': None, 'decision': 0, 'drift_rate': 0.4, 'target_domains': ['cartoon']}
0.0 []
Loss historical diff: 6.859086149896029; Loss Difference: 0.0, Decision: 0
Round 169 took 4.187876224517822s, results:
{'t': 168, 'current_accuracy': 0.1171875, 'current_loss': 6.860392808914185, 'train_loss': None, 'decision': 0, 'drift_rate': 0.0, 'target_domains': ['cartoon']}
0.0 []
Loss historical diff: 6.859086865151767; Loss Difference: 0.0, Decision: 0
Round 170 took 4.308150768280029s, results:
{'t': 169, 'current_accuracy': 0.1171875, 'current_loss': 6.860393524169922, 'train_loss': None, 'decision': 0, 'drift_rate': 0.0, 'target_domains': ['cartoon']}
0.0 []
Loss historical diff: 6.859086149896029; Loss Difference: 0.0, Decision: 0
Round 171 took 4.393004655838013s, results:
{'t': 170, 'current_accuracy': 0.1171875, 'current_loss': 6.860392808914185, 'train_loss': None, 'decision': 0, 'drift_rate': 0.0, 'target_domains': ['cartoon']}
0.0 []
Loss historical diff: 6.859086149896029; Loss Difference: 0.0, Decision: 0
Round 172 took 4.033796072006226s, results:
{'t': 171, 'current_accuracy': 0.1171875, 'current_loss': 6.860392808914185, 'train_loss': None, 'decision': 0, 'drift_rate': 0.0, 'target_domains': ['cartoon']}
0.0 []
Loss historical diff: 6.859087103570346; Loss Difference: 0.0, Decision: 0
Round 173 took 4.392216205596924s, results:
{'t': 172, 'current_accuracy': 0.1171875, 'current_loss': 6.860393762588501, 'train_loss': None, 'decision': 0, 'drift_rate': 0.0, 'target_domains': ['cartoon']}
0.0 []
Loss historical diff: 6.859087818826083; Loss Difference: 0.0, Decision: 0
Round 174 took 4.239263534545898s, results:
{'t': 173, 'current_accuracy': 0.1171875, 'current_loss': 6.860394477844238, 'train_loss': None, 'decision': 0, 'drift_rate': 0.0, 'target_domains': ['cartoon']}
0.0 []
Loss historical diff: 6.859086626733188; Loss Difference: 0.0, Decision: 0
Round 175 took 4.497331619262695s, results:
{'t': 174, 'current_accuracy': 0.1171875, 'current_loss': 6.860393285751343, 'train_loss': None, 'decision': 0, 'drift_rate': 0.0, 'target_domains': ['cartoon']}
0.0 []
Loss historical diff: 6.8590863883146085; Loss Difference: 0.0, Decision: 0
Round 176 took 3.8639330863952637s, results:
{'t': 175, 'current_accuracy': 0.1171875, 'current_loss': 6.860393047332764, 'train_loss': None, 'decision': 0, 'drift_rate': 0.0, 'target_domains': ['cartoon']}
0.0 []
Loss historical diff: 6.8590863883146085; Loss Difference: 0.0, Decision: 0
Round 177 took 3.974874258041382s, results:
{'t': 176, 'current_accuracy': 0.1171875, 'current_loss': 6.860393047332764, 'train_loss': None, 'decision': 0, 'drift_rate': 0.0, 'target_domains': ['cartoon']}
0.0 []
Loss historical diff: 6.8590863883146085; Loss Difference: 0.0, Decision: 0
Round 178 took 3.8385257720947266s, results:
{'t': 177, 'current_accuracy': 0.1171875, 'current_loss': 6.860393047332764, 'train_loss': None, 'decision': 0, 'drift_rate': 0.0, 'target_domains': ['cartoon']}
0.0 []
Loss historical diff: 6.859086149896029; Loss Difference: 0.0, Decision: 0
Round 179 took 3.8296587467193604s, results:
{'t': 178, 'current_accuracy': 0.1171875, 'current_loss': 6.860392808914185, 'train_loss': None, 'decision': 0, 'drift_rate': 0.0, 'target_domains': ['cartoon']}
0.0 []
Loss historical diff: 6.8590863883146085; Loss Difference: 0.0, Decision: 1
Average loss over 5 updates: 2.6459
Round 180 took 7.125056982040405s, results:
{'t': 179, 'current_accuracy': 0.1171875, 'current_loss': 6.860393047332764, 'train_loss': 2.6459121227264406, 'decision': 1, 'drift_rate': 0.0, 'target_domains': ['cartoon']}
0.0 []
Loss historical diff: 20.62639605399454; Loss Difference: 0.0, Decision: 0
Round 181 took 3.747499465942383s, results:
{'t': 180, 'current_accuracy': 0.30859375, 'current_loss': 20.627702713012695, 'train_loss': None, 'decision': 0, 'drift_rate': 0.0, 'target_domains': ['cartoon']}
0.0 []
Loss historical diff: 20.626400822366122; Loss Difference: 0.0, Decision: 0
Round 182 took 3.8692381381988525s, results:
{'t': 181, 'current_accuracy': 0.30859375, 'current_loss': 20.627707481384277, 'train_loss': None, 'decision': 0, 'drift_rate': 0.0, 'target_domains': ['cartoon']}
0.0 []
Loss historical diff: 20.626397007668857; Loss Difference: 0.0, Decision: 0
Round 183 took 4.0153138637542725s, results:
{'t': 182, 'current_accuracy': 0.30859375, 'current_loss': 20.62770366668701, 'train_loss': None, 'decision': 0, 'drift_rate': 0.0, 'target_domains': ['cartoon']}
0.0 []
Loss historical diff: 20.62639319297159; Loss Difference: 0.0, Decision: 0
Round 184 took 3.9960129261016846s, results:
{'t': 183, 'current_accuracy': 0.30859375, 'current_loss': 20.627699851989746, 'train_loss': None, 'decision': 0, 'drift_rate': 0.0, 'target_domains': ['cartoon']}
0.0 []
Loss historical diff: 20.626397007668857; Loss Difference: 0.0, Decision: 0
Round 185 took 3.8341336250305176s, results:
{'t': 184, 'current_accuracy': 0.30859375, 'current_loss': 20.62770366668701, 'train_loss': None, 'decision': 0, 'drift_rate': 0.0, 'target_domains': ['cartoon']}
0.0 []
Loss historical diff: 20.62639891501749; Loss Difference: 0.0, Decision: 0
Round 186 took 3.9511401653289795s, results:
{'t': 185, 'current_accuracy': 0.30859375, 'current_loss': 20.627705574035645, 'train_loss': None, 'decision': 0, 'drift_rate': 0.0, 'target_domains': ['cartoon']}
0.0 []
Loss historical diff: 20.626397007668857; Loss Difference: 0.0, Decision: 0
Round 187 took 4.016929864883423s, results:
{'t': 186, 'current_accuracy': 0.30859375, 'current_loss': 20.62770366668701, 'train_loss': None, 'decision': 0, 'drift_rate': 0.0, 'target_domains': ['cartoon']}
0.0 []
Loss historical diff: 20.626397961343173; Loss Difference: 0.0, Decision: 0
Round 188 took 4.454964876174927s, results:
{'t': 187, 'current_accuracy': 0.30859375, 'current_loss': 20.627704620361328, 'train_loss': None, 'decision': 0, 'drift_rate': 0.0, 'target_domains': ['cartoon']}
0.0 []
Loss historical diff: 20.62639891501749; Loss Difference: 0.0, Decision: 0
Round 189 took 4.077191591262817s, results:
{'t': 188, 'current_accuracy': 0.30859375, 'current_loss': 20.627705574035645, 'train_loss': None, 'decision': 0, 'drift_rate': 0.0, 'target_domains': ['cartoon']}
0.0 []
Loss historical diff: 20.62639605399454; Loss Difference: 0.0, Decision: 0
Round 190 took 3.983105182647705s, results:
{'t': 189, 'current_accuracy': 0.30859375, 'current_loss': 20.627702713012695, 'train_loss': None, 'decision': 0, 'drift_rate': 0.0, 'target_domains': ['cartoon']}
0.0 []
Loss historical diff: 20.626397007668857; Loss Difference: 0.0, Decision: 0
Round 191 took 3.96501088142395s, results:
{'t': 190, 'current_accuracy': 0.30859375, 'current_loss': 20.62770366668701, 'train_loss': None, 'decision': 0, 'drift_rate': 0.0, 'target_domains': ['cartoon']}
0.0 []
Loss historical diff: 20.62639605399454; Loss Difference: 0.0, Decision: 0
Round 192 took 4.016188859939575s, results:
{'t': 191, 'current_accuracy': 0.30859375, 'current_loss': 20.627702713012695, 'train_loss': None, 'decision': 0, 'drift_rate': 0.0, 'target_domains': ['cartoon']}
0.0 []
Loss historical diff: 20.626399868691806; Loss Difference: 0.0, Decision: 0
Round 193 took 3.9092776775360107s, results:
{'t': 192, 'current_accuracy': 0.30859375, 'current_loss': 20.62770652770996, 'train_loss': None, 'decision': 0, 'drift_rate': 0.0, 'target_domains': ['cartoon']}
0.0 []
Loss historical diff: 20.626397007668857; Loss Difference: 0.0, Decision: 0
Round 194 took 4.314200162887573s, results:
{'t': 193, 'current_accuracy': 0.30859375, 'current_loss': 20.62770366668701, 'train_loss': None, 'decision': 0, 'drift_rate': 0.0, 'target_domains': ['cartoon']}
0.0 []
Loss historical diff: 20.626397007668857; Loss Difference: 0.0, Decision: 0
Round 195 took 4.232492446899414s, results:
{'t': 194, 'current_accuracy': 0.30859375, 'current_loss': 20.62770366668701, 'train_loss': None, 'decision': 0, 'drift_rate': 0.0, 'target_domains': ['cartoon']}
0.0 []
Loss historical diff: 20.626397007668857; Loss Difference: 0.0, Decision: 0
Round 196 took 3.7875101566314697s, results:
{'t': 195, 'current_accuracy': 0.30859375, 'current_loss': 20.62770366668701, 'train_loss': None, 'decision': 0, 'drift_rate': 0.0, 'target_domains': ['cartoon']}
0.0 []
Loss historical diff: 20.626397007668857; Loss Difference: 0.0, Decision: 0
Round 197 took 4.202471971511841s, results:
{'t': 196, 'current_accuracy': 0.30859375, 'current_loss': 20.62770366668701, 'train_loss': None, 'decision': 0, 'drift_rate': 0.0, 'target_domains': ['cartoon']}
0.0 []
Loss historical diff: 20.62639891501749; Loss Difference: 0.0, Decision: 0
Round 198 took 3.544609785079956s, results:
{'t': 197, 'current_accuracy': 0.30859375, 'current_loss': 20.627705574035645, 'train_loss': None, 'decision': 0, 'drift_rate': 0.0, 'target_domains': ['cartoon']}
0.0 []
Loss historical diff: 20.62639605399454; Loss Difference: 0.0, Decision: 0
Round 199 took 3.8522019386291504s, results:
{'t': 198, 'current_accuracy': 0.30859375, 'current_loss': 20.627702713012695, 'train_loss': None, 'decision': 0, 'drift_rate': 0.0, 'target_domains': ['cartoon']}
0.0 []
Loss historical diff: 20.626400822366122; Loss Difference: 0.0, Decision: 0
Round 200 took 3.9231514930725098s, results:
{'t': 199, 'current_accuracy': 0.30859375, 'current_loss': 20.627707481384277, 'train_loss': None, 'decision': 0, 'drift_rate': 0.0, 'target_domains': ['cartoon']}
0.0 []
Loss historical diff: 20.626399868691806; Loss Difference: 0.0, Decision: 0
Round 201 took 3.9923901557922363s, results:
{'t': 200, 'current_accuracy': 0.30859375, 'current_loss': 20.62770652770996, 'train_loss': None, 'decision': 0, 'drift_rate': 0.0, 'target_domains': ['cartoon']}
0.0 []
Loss historical diff: 20.626397961343173; Loss Difference: 0.0, Decision: 0
Round 202 took 3.8954639434814453s, results:
{'t': 201, 'current_accuracy': 0.30859375, 'current_loss': 20.627704620361328, 'train_loss': None, 'decision': 0, 'drift_rate': 0.0, 'target_domains': ['cartoon']}
0.0 []
Loss historical diff: 20.62639605399454; Loss Difference: 0.0, Decision: 0
Round 203 took 4.690282583236694s, results:
{'t': 202, 'current_accuracy': 0.30859375, 'current_loss': 20.627702713012695, 'train_loss': None, 'decision': 0, 'drift_rate': 0.0, 'target_domains': ['cartoon']}
0.0 []
Loss historical diff: 20.626395100320224; Loss Difference: 0.0, Decision: 0
Round 204 took 4.1494762897491455s, results:
{'t': 203, 'current_accuracy': 0.30859375, 'current_loss': 20.62770175933838, 'train_loss': None, 'decision': 0, 'drift_rate': 0.0, 'target_domains': ['cartoon']}
0.0 []
Loss historical diff: 20.626397961343173; Loss Difference: 0.0, Decision: 0
Round 205 took 3.92244029045105s, results:
{'t': 204, 'current_accuracy': 0.30859375, 'current_loss': 20.627704620361328, 'train_loss': None, 'decision': 0, 'drift_rate': 0.0, 'target_domains': ['cartoon']}
0.0 []
Loss historical diff: 20.626397007668857; Loss Difference: 0.0, Decision: 0
Round 206 took 3.8233861923217773s, results:
{'t': 205, 'current_accuracy': 0.30859375, 'current_loss': 20.62770366668701, 'train_loss': None, 'decision': 0, 'drift_rate': 0.0, 'target_domains': ['cartoon']}
0.0 []
Loss historical diff: 20.62639891501749; Loss Difference: 0.0, Decision: 0
Round 207 took 3.9969675540924072s, results:
{'t': 206, 'current_accuracy': 0.30859375, 'current_loss': 20.627705574035645, 'train_loss': None, 'decision': 0, 'drift_rate': 0.0, 'target_domains': ['cartoon']}
0.0 []
Loss historical diff: 20.626397007668857; Loss Difference: 0.0, Decision: 0
Round 208 took 3.947197675704956s, results:
{'t': 207, 'current_accuracy': 0.30859375, 'current_loss': 20.62770366668701, 'train_loss': None, 'decision': 0, 'drift_rate': 0.0, 'target_domains': ['cartoon']}
0.0 []
Loss historical diff: 20.626397007668857; Loss Difference: 0.0, Decision: 0
Round 209 took 3.914907217025757s, results:
{'t': 208, 'current_accuracy': 0.30859375, 'current_loss': 20.62770366668701, 'train_loss': None, 'decision': 0, 'drift_rate': 0.0, 'target_domains': ['cartoon']}
0.0 []
Loss historical diff: 20.626399868691806; Loss Difference: 0.0, Decision: 0
Round 210 took 4.424038887023926s, results:
{'t': 209, 'current_accuracy': 0.30859375, 'current_loss': 20.62770652770996, 'train_loss': None, 'decision': 0, 'drift_rate': 0.0, 'target_domains': ['cartoon']}
0.0 []
Loss historical diff: 20.626397961343173; Loss Difference: 0.0, Decision: 0
Round 211 took 4.06382417678833s, results:
{'t': 210, 'current_accuracy': 0.30859375, 'current_loss': 20.627704620361328, 'train_loss': None, 'decision': 0, 'drift_rate': 0.0, 'target_domains': ['cartoon']}
0.0 []
Loss historical diff: 20.626394146645907; Loss Difference: 0.0, Decision: 0
Round 212 took 3.821660041809082s, results:
{'t': 211, 'current_accuracy': 0.30859375, 'current_loss': 20.627700805664062, 'train_loss': None, 'decision': 0, 'drift_rate': 0.0, 'target_domains': ['cartoon']}
0.0 []
Loss historical diff: 20.62639605399454; Loss Difference: 0.0, Decision: 0
Round 213 took 4.115894556045532s, results:
{'t': 212, 'current_accuracy': 0.30859375, 'current_loss': 20.627702713012695, 'train_loss': None, 'decision': 0, 'drift_rate': 0.0, 'target_domains': ['cartoon']}
0.0 []
Loss historical diff: 20.626394146645907; Loss Difference: 0.0, Decision: 0
Round 214 took 4.143282175064087s, results:
{'t': 213, 'current_accuracy': 0.30859375, 'current_loss': 20.627700805664062, 'train_loss': None, 'decision': 0, 'drift_rate': 0.0, 'target_domains': ['cartoon']}
0.0 []
Loss historical diff: 20.62639605399454; Loss Difference: 0.0, Decision: 0
Round 215 took 4.256826639175415s, results:
{'t': 214, 'current_accuracy': 0.30859375, 'current_loss': 20.627702713012695, 'train_loss': None, 'decision': 0, 'drift_rate': 0.0, 'target_domains': ['cartoon']}
0.0 []
Loss historical diff: 20.626399868691806; Loss Difference: 0.0, Decision: 0
Round 216 took 4.123347997665405s, results:
{'t': 215, 'current_accuracy': 0.30859375, 'current_loss': 20.62770652770996, 'train_loss': None, 'decision': 0, 'drift_rate': 0.0, 'target_domains': ['cartoon']}
0.0 []
Loss historical diff: 20.626395100320224; Loss Difference: 0.0, Decision: 0
Round 217 took 4.034929037094116s, results:
{'t': 216, 'current_accuracy': 0.30859375, 'current_loss': 20.62770175933838, 'train_loss': None, 'decision': 0, 'drift_rate': 0.0, 'target_domains': ['cartoon']}
0.0 []
Loss historical diff: 20.626395100320224; Loss Difference: 0.0, Decision: 0
Round 218 took 4.03410005569458s, results:
{'t': 217, 'current_accuracy': 0.30859375, 'current_loss': 20.62770175933838, 'train_loss': None, 'decision': 0, 'drift_rate': 0.0, 'target_domains': ['cartoon']}
0.0 []
Loss historical diff: 20.626397007668857; Loss Difference: 0.0, Decision: 0
Round 219 took 3.8786427974700928s, results:
{'t': 218, 'current_accuracy': 0.30859375, 'current_loss': 20.62770366668701, 'train_loss': None, 'decision': 0, 'drift_rate': 0.0, 'target_domains': ['cartoon']}
0.0 []
Loss historical diff: 20.626399868691806; Loss Difference: 0.0, Decision: 0
Round 220 took 4.358063459396362s, results:
{'t': 219, 'current_accuracy': 0.30859375, 'current_loss': 20.62770652770996, 'train_loss': None, 'decision': 0, 'drift_rate': 0.0, 'target_domains': ['cartoon']}
0.0 []
Loss historical diff: 20.626397007668857; Loss Difference: 0.0, Decision: 0
Round 221 took 4.199388265609741s, results:
{'t': 220, 'current_accuracy': 0.30859375, 'current_loss': 20.62770366668701, 'train_loss': None, 'decision': 0, 'drift_rate': 0.0, 'target_domains': ['cartoon']}
0.0 []
Loss historical diff: 20.626399868691806; Loss Difference: 0.0, Decision: 0
Round 222 took 4.584147691726685s, results:
{'t': 221, 'current_accuracy': 0.30859375, 'current_loss': 20.62770652770996, 'train_loss': None, 'decision': 0, 'drift_rate': 0.0, 'target_domains': ['cartoon']}
0.0 []
Loss historical diff: 20.626397961343173; Loss Difference: 0.0, Decision: 0
Round 223 took 4.18359112739563s, results:
{'t': 222, 'current_accuracy': 0.30859375, 'current_loss': 20.627704620361328, 'train_loss': None, 'decision': 0, 'drift_rate': 0.0, 'target_domains': ['cartoon']}
0.0 []
Loss historical diff: 20.62639891501749; Loss Difference: 0.0, Decision: 0
Round 224 took 4.070873737335205s, results:
{'t': 223, 'current_accuracy': 0.30859375, 'current_loss': 20.627705574035645, 'train_loss': None, 'decision': 0, 'drift_rate': 0.0, 'target_domains': ['cartoon']}
0.0 []
Loss historical diff: 20.62639891501749; Loss Difference: 0.0, Decision: 0
Round 225 took 3.961181640625s, results:
{'t': 224, 'current_accuracy': 0.30859375, 'current_loss': 20.627705574035645, 'train_loss': None, 'decision': 0, 'drift_rate': 0.0, 'target_domains': ['cartoon']}
0.0 []
Loss historical diff: 20.626395100320224; Loss Difference: 0.0, Decision: 0
Round 226 took 3.905043125152588s, results:
{'t': 225, 'current_accuracy': 0.30859375, 'current_loss': 20.62770175933838, 'train_loss': None, 'decision': 0, 'drift_rate': 0.0, 'target_domains': ['cartoon']}
0.0 []
Loss historical diff: 20.626397961343173; Loss Difference: 0.0, Decision: 0
Round 227 took 3.8890326023101807s, results:
{'t': 226, 'current_accuracy': 0.30859375, 'current_loss': 20.627704620361328, 'train_loss': None, 'decision': 0, 'drift_rate': 0.0, 'target_domains': ['cartoon']}
0.0 []
Loss historical diff: 20.62639605399454; Loss Difference: 0.0, Decision: 0
Round 228 took 4.110689401626587s, results:
{'t': 227, 'current_accuracy': 0.30859375, 'current_loss': 20.627702713012695, 'train_loss': None, 'decision': 0, 'drift_rate': 0.0, 'target_domains': ['cartoon']}
0.0 []
Loss historical diff: 20.626395100320224; Loss Difference: 0.0, Decision: 0
Round 229 took 4.291276216506958s, results:
{'t': 228, 'current_accuracy': 0.30859375, 'current_loss': 20.62770175933838, 'train_loss': None, 'decision': 0, 'drift_rate': 0.0, 'target_domains': ['cartoon']}
0.0 []
Loss historical diff: 20.626397961343173; Loss Difference: 0.0, Decision: 0
Round 230 took 4.4131855964660645s, results:
{'t': 229, 'current_accuracy': 0.30859375, 'current_loss': 20.627704620361328, 'train_loss': None, 'decision': 0, 'drift_rate': 0.0, 'target_domains': ['cartoon']}
0.0 []
Loss historical diff: 20.626397007668857; Loss Difference: 0.0, Decision: 0
Round 231 took 4.396976709365845s, results:
{'t': 230, 'current_accuracy': 0.30859375, 'current_loss': 20.62770366668701, 'train_loss': None, 'decision': 0, 'drift_rate': 0.0, 'target_domains': ['cartoon']}
0.0 []
Loss historical diff: 20.626399868691806; Loss Difference: 0.0, Decision: 0
Round 232 took 4.052135229110718s, results:
{'t': 231, 'current_accuracy': 0.30859375, 'current_loss': 20.62770652770996, 'train_loss': None, 'decision': 0, 'drift_rate': 0.0, 'target_domains': ['cartoon']}
0.0 []
Loss historical diff: 20.626397007668857; Loss Difference: 0.0, Decision: 0
Round 233 took 4.032383441925049s, results:
{'t': 232, 'current_accuracy': 0.30859375, 'current_loss': 20.62770366668701, 'train_loss': None, 'decision': 0, 'drift_rate': 0.0, 'target_domains': ['cartoon']}
0.0 []
Loss historical diff: 20.62639891501749; Loss Difference: 0.0, Decision: 0
Round 234 took 3.848604679107666s, results:
{'t': 233, 'current_accuracy': 0.30859375, 'current_loss': 20.627705574035645, 'train_loss': None, 'decision': 0, 'drift_rate': 0.0, 'target_domains': ['cartoon']}
0.0 []
Loss historical diff: 20.626394146645907; Loss Difference: 0.0, Decision: 0
Round 235 took 3.930729866027832s, results:
{'t': 234, 'current_accuracy': 0.30859375, 'current_loss': 20.627700805664062, 'train_loss': None, 'decision': 0, 'drift_rate': 0.0, 'target_domains': ['cartoon']}
0.0 []
Loss historical diff: 20.626397007668857; Loss Difference: 0.0, Decision: 0
Round 236 took 4.249271392822266s, results:
{'t': 235, 'current_accuracy': 0.30859375, 'current_loss': 20.62770366668701, 'train_loss': None, 'decision': 0, 'drift_rate': 0.0, 'target_domains': ['cartoon']}
0.0 []
Loss historical diff: 20.626395577157382; Loss Difference: 0.0, Decision: 0
Round 237 took 4.38985538482666s, results:
{'t': 236, 'current_accuracy': 0.30859375, 'current_loss': 20.627702236175537, 'train_loss': None, 'decision': 0, 'drift_rate': 0.0, 'target_domains': ['cartoon']}
0.0 []
Loss historical diff: 20.62639891501749; Loss Difference: 0.0, Decision: 0
Round 238 took 4.296891450881958s, results:
{'t': 237, 'current_accuracy': 0.30859375, 'current_loss': 20.627705574035645, 'train_loss': None, 'decision': 0, 'drift_rate': 0.0, 'target_domains': ['cartoon']}
0.0 []
Loss historical diff: 20.626397007668857; Loss Difference: 0.0, Decision: 0
Round 239 took 4.060510158538818s, results:
{'t': 238, 'current_accuracy': 0.30859375, 'current_loss': 20.62770366668701, 'train_loss': None, 'decision': 0, 'drift_rate': 0.0, 'target_domains': ['cartoon']}
0.0 []
Loss historical diff: 20.62639891501749; Loss Difference: 0.0, Decision: 0
Round 240 took 3.9053847789764404s, results:
{'t': 239, 'current_accuracy': 0.30859375, 'current_loss': 20.627705574035645, 'train_loss': None, 'decision': 0, 'drift_rate': 0.0, 'target_domains': ['cartoon']}
0.0 []
Loss historical diff: 20.62640177604044; Loss Difference: 0.0, Decision: 0
Round 241 took 3.7012429237365723s, results:
{'t': 240, 'current_accuracy': 0.30859375, 'current_loss': 20.627708435058594, 'train_loss': None, 'decision': 0, 'drift_rate': 0.0, 'target_domains': ['cartoon']}
0.0 []
Loss historical diff: 20.626397007668857; Loss Difference: 0.0, Decision: 1
Average loss over 5 updates: 1.9223
Round 242 took 6.133162975311279s, results:
{'t': 241, 'current_accuracy': 0.30859375, 'current_loss': 20.62770366668701, 'train_loss': 1.922295045852661, 'decision': 1, 'drift_rate': 0.0, 'target_domains': ['cartoon']}
0.0 []
Loss historical diff: 4.792486780846957; Loss Difference: 0.0, Decision: 0
Round 243 took 3.959846019744873s, results:
{'t': 242, 'current_accuracy': 0.37890625, 'current_loss': 4.793793439865112, 'train_loss': None, 'decision': 0, 'drift_rate': 0.0, 'target_domains': ['cartoon']}
0.0 []
Loss historical diff: 4.792485827172641; Loss Difference: 0.0, Decision: 0
Round 244 took 4.123427152633667s, results:
{'t': 243, 'current_accuracy': 0.37890625, 'current_loss': 4.793792486190796, 'train_loss': None, 'decision': 0, 'drift_rate': 0.0, 'target_domains': ['cartoon']}
0.0 []
Loss historical diff: 4.792487257684115; Loss Difference: 0.0, Decision: 0
Round 245 took 3.7370357513427734s, results:
{'t': 244, 'current_accuracy': 0.37890625, 'current_loss': 4.7937939167022705, 'train_loss': None, 'decision': 0, 'drift_rate': 0.0, 'target_domains': ['cartoon']}
0.0 []
Loss historical diff: 4.792487496102694; Loss Difference: 0.0, Decision: 0
Round 246 took 4.039600372314453s, results:
{'t': 245, 'current_accuracy': 0.37890625, 'current_loss': 4.79379415512085, 'train_loss': None, 'decision': 0, 'drift_rate': 0.0, 'target_domains': ['cartoon']}
0.0 []
Loss historical diff: 4.792487019265536; Loss Difference: 0.0, Decision: 0
Round 247 took 4.191681146621704s, results:
{'t': 246, 'current_accuracy': 0.37890625, 'current_loss': 4.793793678283691, 'train_loss': None, 'decision': 0, 'drift_rate': 0.0, 'target_domains': ['cartoon']}
0.0 []
Loss historical diff: 4.792486542428378; Loss Difference: 0.0, Decision: 0
Round 248 took 4.039412021636963s, results:
{'t': 247, 'current_accuracy': 0.37890625, 'current_loss': 4.793793201446533, 'train_loss': None, 'decision': 0, 'drift_rate': 0.0, 'target_domains': ['cartoon']}
0.0 []
Loss historical diff: 4.792487496102694; Loss Difference: 0.0, Decision: 0
Round 249 took 3.603069305419922s, results:
{'t': 248, 'current_accuracy': 0.37890625, 'current_loss': 4.79379415512085, 'train_loss': None, 'decision': 0, 'drift_rate': 0.0, 'target_domains': ['cartoon']}
0.0 []
Loss historical diff: 4.792486780846957; Loss Difference: 0.0, Decision: 0
Round 250 took 3.9748780727386475s, results:
{'t': 249, 'current_accuracy': 0.37890625, 'current_loss': 4.793793439865112, 'train_loss': None, 'decision': 0, 'drift_rate': 0.0, 'target_domains': ['cartoon']}
Average time per round: 4.154854907035828
Total time: 1038.713726758957
