Using the latest cached version of the dataset since flwrlabs/pacs couldn't be found on the Hugging Face Hub
Found the latest cached dataset configuration 'default' at /home/apiasecz/.cache/huggingface/datasets/flwrlabs___pacs/default/0.0.0/394113073258ead631f617d2e13bb377c0715c4b (last modified on Wed Jan 29 16:59:35 2025).
Using the latest cached version of the dataset since flwrlabs/pacs couldn't be found on the Hugging Face Hub
Found the latest cached dataset configuration 'default' at /home/apiasecz/.cache/huggingface/datasets/flwrlabs___pacs/default/0.0.0/394113073258ead631f617d2e13bb377c0715c4b (last modified on Wed Jan 29 16:59:35 2025).
Using the latest cached version of the dataset since flwrlabs/pacs couldn't be found on the Hugging Face Hub
Found the latest cached dataset configuration 'default' at /home/apiasecz/.cache/huggingface/datasets/flwrlabs___pacs/default/0.0.0/394113073258ead631f617d2e13bb377c0715c4b (last modified on Wed Jan 29 16:59:35 2025).
Device: cuda
CUDA Version: 12.1
cuDNN Version: 8902
PyTorch Version: 2.3.0

Model used: PACSCNN
Initial dataset creation
Initial dataset creation
Initial loss: 32.75410842895508
<__main__.Policy object at 0x1479a4031670>
32.75410842895508
Loss historical diff: 2.910219192504883; Loss Difference: 0.0, Decision: 1
Average loss over 5 updates: 0.8849
Round 1 took 8.578531742095947s, results:
{'t': 0, 'current_accuracy': 0.1015625, 'current_loss': 35.66432762145996, 'train_loss': 0.8848745584487915, 'decision': 1, 'drift_rate': 0.016, 'target_domains': ['sketch']}
Loss historical diff: 0.0; Loss Difference: 0.0, Decision: 0
Round 2 took 4.455284833908081s, results:
{'t': 1, 'current_accuracy': 0.43359375, 'current_loss': 1.9661635160446167, 'train_loss': None, 'decision': 0, 'drift_rate': 0.016, 'target_domains': ['sketch']}
Loss historical diff: 0.05469328165054321; Loss Difference: 0.0, Decision: 0
Round 3 took 3.7938807010650635s, results:
{'t': 2, 'current_accuracy': 0.4296875, 'current_loss': 2.02085679769516, 'train_loss': None, 'decision': 0, 'drift_rate': 0.016, 'target_domains': ['sketch']}
Loss historical diff: 0.10825347900390625; Loss Difference: 0.0, Decision: 0
Round 4 took 4.107286691665649s, results:
{'t': 3, 'current_accuracy': 0.421875, 'current_loss': 2.074416995048523, 'train_loss': None, 'decision': 0, 'drift_rate': 0.016, 'target_domains': ['sketch']}
Loss historical diff: 0.12775260210037231; Loss Difference: 0.0, Decision: 0
Round 5 took 4.508140802383423s, results:
{'t': 4, 'current_accuracy': 0.41796875, 'current_loss': 2.093916118144989, 'train_loss': None, 'decision': 0, 'drift_rate': 0.016, 'target_domains': ['sketch']}
Loss historical diff: 0.20485973358154297; Loss Difference: 0.0, Decision: 0
Round 6 took 4.293207168579102s, results:
{'t': 5, 'current_accuracy': 0.40234375, 'current_loss': 2.1710232496261597, 'train_loss': None, 'decision': 0, 'drift_rate': 0.016, 'target_domains': ['sketch']}
Loss historical diff: 0.22863805294036865; Loss Difference: 0.0, Decision: 0
Round 7 took 4.105653524398804s, results:
{'t': 6, 'current_accuracy': 0.40234375, 'current_loss': 2.1948015689849854, 'train_loss': None, 'decision': 0, 'drift_rate': 0.016, 'target_domains': ['sketch']}
Loss historical diff: 0.25094079971313477; Loss Difference: 0.0, Decision: 0
Round 8 took 3.7751755714416504s, results:
{'t': 7, 'current_accuracy': 0.40234375, 'current_loss': 2.2171043157577515, 'train_loss': None, 'decision': 0, 'drift_rate': 0.016, 'target_domains': ['sketch']}
Loss historical diff: 0.3038862943649292; Loss Difference: 0.0, Decision: 1
Average loss over 5 updates: 0.8783
Round 9 took 6.14356541633606s, results:
{'t': 8, 'current_accuracy': 0.39453125, 'current_loss': 2.270049810409546, 'train_loss': 0.8783482313156128, 'decision': 1, 'drift_rate': 0.016, 'target_domains': ['sketch']}
Loss historical diff: 0.0; Loss Difference: 0.0, Decision: 0
Round 10 took 3.896070957183838s, results:
{'t': 9, 'current_accuracy': 0.6171875, 'current_loss': 1.0777227282524109, 'train_loss': None, 'decision': 0, 'drift_rate': 0.016, 'target_domains': ['sketch']}
Loss historical diff: 0.018083572387695312; Loss Difference: 0.0, Decision: 0
Round 11 took 3.998354434967041s, results:
{'t': 10, 'current_accuracy': 0.61328125, 'current_loss': 1.0958063006401062, 'train_loss': None, 'decision': 0, 'drift_rate': 0.016, 'target_domains': ['sketch']}
Loss historical diff: 0.04662555456161499; Loss Difference: 0.0, Decision: 0
Round 12 took 3.995628595352173s, results:
{'t': 11, 'current_accuracy': 0.59765625, 'current_loss': 1.1243482828140259, 'train_loss': None, 'decision': 0, 'drift_rate': 0.016, 'target_domains': ['sketch']}
Loss historical diff: 0.058376312255859375; Loss Difference: 0.0, Decision: 0
Round 13 took 3.62526535987854s, results:
{'t': 12, 'current_accuracy': 0.59375, 'current_loss': 1.1360990405082703, 'train_loss': None, 'decision': 0, 'drift_rate': 0.016, 'target_domains': ['sketch']}
Loss historical diff: 0.0710037350654602; Loss Difference: 0.0, Decision: 0
Round 14 took 3.7369275093078613s, results:
{'t': 13, 'current_accuracy': 0.5859375, 'current_loss': 1.148726463317871, 'train_loss': None, 'decision': 0, 'drift_rate': 0.016, 'target_domains': ['sketch']}
Loss historical diff: 0.0807155966758728; Loss Difference: 0.0, Decision: 0
Round 15 took 3.548757791519165s, results:
{'t': 14, 'current_accuracy': 0.5859375, 'current_loss': 1.1584383249282837, 'train_loss': None, 'decision': 0, 'drift_rate': 0.016, 'target_domains': ['sketch']}
Loss historical diff: 0.07923680543899536; Loss Difference: 0.0, Decision: 0
Round 16 took 3.715200424194336s, results:
{'t': 15, 'current_accuracy': 0.5859375, 'current_loss': 1.1569595336914062, 'train_loss': None, 'decision': 0, 'drift_rate': 0.016, 'target_domains': ['sketch']}
Loss historical diff: 0.09628802537918091; Loss Difference: 0.0, Decision: 0
Round 17 took 3.7858355045318604s, results:
{'t': 16, 'current_accuracy': 0.578125, 'current_loss': 1.1740107536315918, 'train_loss': None, 'decision': 0, 'drift_rate': 0.016, 'target_domains': ['sketch']}
Loss historical diff: 0.11858421564102173; Loss Difference: 0.0, Decision: 0
Round 18 took 3.6216442584991455s, results:
{'t': 17, 'current_accuracy': 0.5625, 'current_loss': 1.1963069438934326, 'train_loss': None, 'decision': 0, 'drift_rate': 0.016, 'target_domains': ['sketch']}
Loss historical diff: 0.12447106838226318; Loss Difference: 0.0, Decision: 0
Round 19 took 3.886584758758545s, results:
{'t': 18, 'current_accuracy': 0.55859375, 'current_loss': 1.202193796634674, 'train_loss': None, 'decision': 0, 'drift_rate': 0.016, 'target_domains': ['sketch']}
Loss historical diff: 0.14239615201950073; Loss Difference: 0.0, Decision: 0
Round 20 took 3.7443325519561768s, results:
{'t': 19, 'current_accuracy': 0.55078125, 'current_loss': 1.2201188802719116, 'train_loss': None, 'decision': 0, 'drift_rate': 0.016, 'target_domains': ['sketch']}
Loss historical diff: 0.1680150032043457; Loss Difference: 0.0, Decision: 0
Round 21 took 3.8455700874328613s, results:
{'t': 20, 'current_accuracy': 0.5390625, 'current_loss': 1.2457377314567566, 'train_loss': None, 'decision': 0, 'drift_rate': 0.016, 'target_domains': ['sketch']}
Loss historical diff: 0.1818341612815857; Loss Difference: 0.0, Decision: 0
Round 22 took 4.208154678344727s, results:
{'t': 21, 'current_accuracy': 0.52734375, 'current_loss': 1.2595568895339966, 'train_loss': None, 'decision': 0, 'drift_rate': 0.016, 'target_domains': ['sketch']}
Loss historical diff: 0.20202070474624634; Loss Difference: 0.0, Decision: 1
Average loss over 5 updates: 1.2970
Round 23 took 6.243804931640625s, results:
{'t': 22, 'current_accuracy': 0.51171875, 'current_loss': 1.2797434329986572, 'train_loss': 1.2969911336898803, 'decision': 1, 'drift_rate': 0.016, 'target_domains': ['sketch']}
Loss historical diff: 0.6542576551437378; Loss Difference: 0.0, Decision: 1
Average loss over 5 updates: 1.1726
Round 24 took 6.228265285491943s, results:
{'t': 23, 'current_accuracy': 0.42578125, 'current_loss': 1.7319803833961487, 'train_loss': 1.172550344467163, 'decision': 1, 'drift_rate': 0.016, 'target_domains': ['sketch']}
Loss historical diff: 0.2802339196205139; Loss Difference: 0.0, Decision: 0
Round 25 took 3.888453483581543s, results:
{'t': 24, 'current_accuracy': 0.51171875, 'current_loss': 1.3579566478729248, 'train_loss': None, 'decision': 0, 'drift_rate': 0.016, 'target_domains': ['sketch']}
Loss historical diff: 0.29080909490585327; Loss Difference: 0.0, Decision: 0
Round 26 took 3.8271772861480713s, results:
{'t': 25, 'current_accuracy': 0.5078125, 'current_loss': 1.3685318231582642, 'train_loss': None, 'decision': 0, 'drift_rate': 0.016, 'target_domains': ['sketch']}
Loss historical diff: 0.31839925050735474; Loss Difference: 0.0, Decision: 0
Round 27 took 3.758765935897827s, results:
{'t': 26, 'current_accuracy': 0.5, 'current_loss': 1.3961219787597656, 'train_loss': None, 'decision': 0, 'drift_rate': 0.016, 'target_domains': ['sketch']}
Loss historical diff: 0.32950443029403687; Loss Difference: 0.0, Decision: 0
Round 28 took 4.177065372467041s, results:
{'t': 27, 'current_accuracy': 0.49609375, 'current_loss': 1.4072271585464478, 'train_loss': None, 'decision': 0, 'drift_rate': 0.016, 'target_domains': ['sketch']}
Loss historical diff: 0.32039475440979004; Loss Difference: 0.0, Decision: 0
Round 29 took 5.043758153915405s, results:
{'t': 28, 'current_accuracy': 0.49609375, 'current_loss': 1.398117482662201, 'train_loss': None, 'decision': 0, 'drift_rate': 0.016, 'target_domains': ['sketch']}
Loss historical diff: 0.32524019479751587; Loss Difference: 0.0, Decision: 0
Round 30 took 4.648789167404175s, results:
{'t': 29, 'current_accuracy': 0.48828125, 'current_loss': 1.4029629230499268, 'train_loss': None, 'decision': 0, 'drift_rate': 0.016, 'target_domains': ['sketch']}
Loss historical diff: 0.3190234899520874; Loss Difference: 0.0, Decision: 0
Round 31 took 5.285496950149536s, results:
{'t': 30, 'current_accuracy': 0.48046875, 'current_loss': 1.3967462182044983, 'train_loss': None, 'decision': 0, 'drift_rate': 0.016, 'target_domains': ['sketch']}
Loss historical diff: 0.3390139937400818; Loss Difference: 0.0, Decision: 0
Round 32 took 5.007062673568726s, results:
{'t': 31, 'current_accuracy': 0.4765625, 'current_loss': 1.4167367219924927, 'train_loss': None, 'decision': 0, 'drift_rate': 0.016, 'target_domains': ['sketch']}
Loss historical diff: 0.3525317311286926; Loss Difference: 0.0, Decision: 0
Round 33 took 5.057870388031006s, results:
{'t': 32, 'current_accuracy': 0.46875, 'current_loss': 1.4302544593811035, 'train_loss': None, 'decision': 0, 'drift_rate': 0.016, 'target_domains': ['sketch']}
Loss historical diff: 0.3568698763847351; Loss Difference: 0.0, Decision: 0
Round 34 took 5.13037109375s, results:
{'t': 33, 'current_accuracy': 0.46875, 'current_loss': 1.434592604637146, 'train_loss': None, 'decision': 0, 'drift_rate': 0.016, 'target_domains': ['sketch']}
Loss historical diff: 0.35962337255477905; Loss Difference: 0.0, Decision: 0
Round 35 took 4.79766058921814s, results:
{'t': 34, 'current_accuracy': 0.4765625, 'current_loss': 1.43734610080719, 'train_loss': None, 'decision': 0, 'drift_rate': 0.016, 'target_domains': ['sketch']}
Loss historical diff: 0.346682071685791; Loss Difference: 0.0, Decision: 0
Round 36 took 5.408344507217407s, results:
{'t': 35, 'current_accuracy': 0.4765625, 'current_loss': 1.424404799938202, 'train_loss': None, 'decision': 0, 'drift_rate': 0.016, 'target_domains': ['sketch']}
Loss historical diff: 0.35098201036453247; Loss Difference: 0.0, Decision: 0
Round 37 took 5.634388208389282s, results:
{'t': 36, 'current_accuracy': 0.4765625, 'current_loss': 1.4287047386169434, 'train_loss': None, 'decision': 0, 'drift_rate': 0.016, 'target_domains': ['sketch']}
Loss historical diff: 0.33646219968795776; Loss Difference: 0.0, Decision: 0
Round 38 took 5.18802547454834s, results:
{'t': 37, 'current_accuracy': 0.4765625, 'current_loss': 1.4141849279403687, 'train_loss': None, 'decision': 0, 'drift_rate': 0.016, 'target_domains': ['sketch']}
Loss historical diff: 0.33538931608200073; Loss Difference: 0.0, Decision: 0
Round 39 took 4.990010499954224s, results:
{'t': 38, 'current_accuracy': 0.46875, 'current_loss': 1.4131120443344116, 'train_loss': None, 'decision': 0, 'drift_rate': 0.016, 'target_domains': ['sketch']}
Loss historical diff: 0.34556955099105835; Loss Difference: 0.0, Decision: 0
Round 40 took 4.936272621154785s, results:
{'t': 39, 'current_accuracy': 0.4609375, 'current_loss': 1.4232922792434692, 'train_loss': None, 'decision': 0, 'drift_rate': 0.016, 'target_domains': ['sketch']}
Loss historical diff: 0.35024577379226685; Loss Difference: 0.0, Decision: 1
Average loss over 5 updates: 1.4564
Round 41 took 8.230794668197632s, results:
{'t': 40, 'current_accuracy': 0.4609375, 'current_loss': 1.4279685020446777, 'train_loss': 1.4563704252243042, 'decision': 1, 'drift_rate': 0.016, 'target_domains': ['sketch']}
Loss historical diff: 4.191535532474518; Loss Difference: 0.0, Decision: 1
Average loss over 5 updates: 1.4029
Round 42 took 7.7586493492126465s, results:
{'t': 41, 'current_accuracy': 0.29296875, 'current_loss': 5.269258260726929, 'train_loss': 1.4028751134872437, 'decision': 1, 'drift_rate': 0.016, 'target_domains': ['sketch']}
Loss historical diff: 25.76412469148636; Loss Difference: 0.0, Decision: 1
Average loss over 5 updates: 1.4185
Round 43 took 8.574069023132324s, results:
{'t': 42, 'current_accuracy': 0.1953125, 'current_loss': 26.84184741973877, 'train_loss': 1.4184786796569824, 'decision': 1, 'drift_rate': 0.016, 'target_domains': ['sketch']}
Loss historical diff: 0.34651732444763184; Loss Difference: 0.0, Decision: 0
Round 44 took 4.889646291732788s, results:
{'t': 43, 'current_accuracy': 0.42578125, 'current_loss': 1.4242400527000427, 'train_loss': None, 'decision': 0, 'drift_rate': 0.016, 'target_domains': ['sketch']}
Loss historical diff: 0.3494701385498047; Loss Difference: 0.0, Decision: 0
Round 45 took 5.043254137039185s, results:
{'t': 44, 'current_accuracy': 0.41796875, 'current_loss': 1.4271928668022156, 'train_loss': None, 'decision': 0, 'drift_rate': 0.016, 'target_domains': ['sketch']}
Loss historical diff: 0.35504674911499023; Loss Difference: 0.0, Decision: 0
Round 46 took 4.724227666854858s, results:
{'t': 45, 'current_accuracy': 0.41015625, 'current_loss': 1.4327694773674011, 'train_loss': None, 'decision': 0, 'drift_rate': 0.016, 'target_domains': ['sketch']}
Loss historical diff: 0.37486565113067627; Loss Difference: 0.0, Decision: 0
Round 47 took 4.883960247039795s, results:
{'t': 46, 'current_accuracy': 0.40234375, 'current_loss': 1.4525883793830872, 'train_loss': None, 'decision': 0, 'drift_rate': 0.016, 'target_domains': ['sketch']}
Loss historical diff: 0.35800421237945557; Loss Difference: 0.0, Decision: 0
Round 48 took 4.652308464050293s, results:
{'t': 47, 'current_accuracy': 0.41015625, 'current_loss': 1.4357269406318665, 'train_loss': None, 'decision': 0, 'drift_rate': 0.016, 'target_domains': ['sketch']}
Loss historical diff: 0.3669096827507019; Loss Difference: 0.0, Decision: 0
Round 49 took 4.743419408798218s, results:
{'t': 48, 'current_accuracy': 0.40234375, 'current_loss': 1.4446324110031128, 'train_loss': None, 'decision': 0, 'drift_rate': 0.016, 'target_domains': ['sketch']}
Loss historical diff: 0.36223018169403076; Loss Difference: 0.0, Decision: 0
Round 50 took 4.999662637710571s, results:
{'t': 49, 'current_accuracy': 0.40234375, 'current_loss': 1.4399529099464417, 'train_loss': None, 'decision': 0, 'drift_rate': 0.016, 'target_domains': ['sketch']}
Loss historical diff: 0.3610915541648865; Loss Difference: 0.0, Decision: 0
Round 51 took 4.610050439834595s, results:
{'t': 50, 'current_accuracy': 0.40625, 'current_loss': 1.4388142824172974, 'train_loss': None, 'decision': 0, 'drift_rate': 0.016, 'target_domains': ['photo']}
Loss historical diff: 0.3353835344314575; Loss Difference: 0.0, Decision: 0
Round 52 took 4.641187906265259s, results:
{'t': 51, 'current_accuracy': 0.40625, 'current_loss': 1.4131062626838684, 'train_loss': None, 'decision': 0, 'drift_rate': 0.016, 'target_domains': ['photo']}
Loss historical diff: 0.33298081159591675; Loss Difference: 0.0, Decision: 0
Round 53 took 5.207390308380127s, results:
{'t': 52, 'current_accuracy': 0.41015625, 'current_loss': 1.4107035398483276, 'train_loss': None, 'decision': 0, 'drift_rate': 0.016, 'target_domains': ['photo']}
Loss historical diff: 0.3212047815322876; Loss Difference: 0.0, Decision: 0
Round 54 took 4.867083787918091s, results:
{'t': 53, 'current_accuracy': 0.4140625, 'current_loss': 1.3989275097846985, 'train_loss': None, 'decision': 0, 'drift_rate': 0.016, 'target_domains': ['photo']}
Loss historical diff: 0.3168717622756958; Loss Difference: 0.0, Decision: 0
Round 55 took 4.755698204040527s, results:
{'t': 54, 'current_accuracy': 0.421875, 'current_loss': 1.3945944905281067, 'train_loss': None, 'decision': 0, 'drift_rate': 0.016, 'target_domains': ['photo']}
Loss historical diff: 0.31563764810562134; Loss Difference: 0.0, Decision: 0
Round 56 took 5.063579320907593s, results:
{'t': 55, 'current_accuracy': 0.421875, 'current_loss': 1.3933603763580322, 'train_loss': None, 'decision': 0, 'drift_rate': 0.016, 'target_domains': ['photo']}
Loss historical diff: 0.3081507086753845; Loss Difference: 0.0, Decision: 0
Round 57 took 4.919591426849365s, results:
{'t': 56, 'current_accuracy': 0.42578125, 'current_loss': 1.3858734369277954, 'train_loss': None, 'decision': 0, 'drift_rate': 0.016, 'target_domains': ['photo']}
Loss historical diff: 0.2848603129386902; Loss Difference: 0.0, Decision: 0
Round 58 took 4.622425317764282s, results:
{'t': 57, 'current_accuracy': 0.43359375, 'current_loss': 1.362583041191101, 'train_loss': None, 'decision': 0, 'drift_rate': 0.016, 'target_domains': ['photo']}
Loss historical diff: 0.2777639627456665; Loss Difference: 0.0, Decision: 0
Round 59 took 4.90236759185791s, results:
{'t': 58, 'current_accuracy': 0.43359375, 'current_loss': 1.3554866909980774, 'train_loss': None, 'decision': 0, 'drift_rate': 0.016, 'target_domains': ['photo']}
Loss historical diff: 0.2785131335258484; Loss Difference: 0.0, Decision: 0
Round 60 took 5.240267992019653s, results:
{'t': 59, 'current_accuracy': 0.4375, 'current_loss': 1.3562358617782593, 'train_loss': None, 'decision': 0, 'drift_rate': 0.016, 'target_domains': ['photo']}
Loss historical diff: 0.26728665828704834; Loss Difference: 0.0, Decision: 0
Round 61 took 5.244781255722046s, results:
{'t': 60, 'current_accuracy': 0.4453125, 'current_loss': 1.3450093865394592, 'train_loss': None, 'decision': 0, 'drift_rate': 0.016, 'target_domains': ['photo']}
Loss historical diff: 0.27729833126068115; Loss Difference: 0.0, Decision: 0
Round 62 took 4.690990209579468s, results:
{'t': 61, 'current_accuracy': 0.4453125, 'current_loss': 1.355021059513092, 'train_loss': None, 'decision': 0, 'drift_rate': 0.016, 'target_domains': ['photo']}
Loss historical diff: 0.2781388759613037; Loss Difference: 0.0, Decision: 0
Round 63 took 4.6434006690979s, results:
{'t': 62, 'current_accuracy': 0.4453125, 'current_loss': 1.3558616042137146, 'train_loss': None, 'decision': 0, 'drift_rate': 0.016, 'target_domains': ['photo']}
Loss historical diff: 0.23158782720565796; Loss Difference: 0.0, Decision: 0
Round 64 took 4.6683478355407715s, results:
{'t': 63, 'current_accuracy': 0.4609375, 'current_loss': 1.3093105554580688, 'train_loss': None, 'decision': 0, 'drift_rate': 0.016, 'target_domains': ['photo']}
Loss historical diff: 0.23115909099578857; Loss Difference: 0.0, Decision: 0
Round 65 took 4.469295024871826s, results:
{'t': 64, 'current_accuracy': 0.47265625, 'current_loss': 1.3088818192481995, 'train_loss': None, 'decision': 0, 'drift_rate': 0.016, 'target_domains': ['photo']}
Loss historical diff: 0.24739909172058105; Loss Difference: 0.0, Decision: 0
Round 66 took 4.979640245437622s, results:
{'t': 65, 'current_accuracy': 0.46875, 'current_loss': 1.325121819972992, 'train_loss': None, 'decision': 0, 'drift_rate': 0.016, 'target_domains': ['photo']}
Loss historical diff: 0.23794502019882202; Loss Difference: 0.0, Decision: 0
Round 67 took 4.896523952484131s, results:
{'t': 66, 'current_accuracy': 0.47265625, 'current_loss': 1.315667748451233, 'train_loss': None, 'decision': 0, 'drift_rate': 0.016, 'target_domains': ['photo']}
Loss historical diff: 0.22942328453063965; Loss Difference: 0.0, Decision: 0
Round 68 took 4.836798906326294s, results:
{'t': 67, 'current_accuracy': 0.484375, 'current_loss': 1.3071460127830505, 'train_loss': None, 'decision': 0, 'drift_rate': 0.016, 'target_domains': ['photo']}
Loss historical diff: 0.21084332466125488; Loss Difference: 0.0, Decision: 0
Round 69 took 4.853730201721191s, results:
{'t': 68, 'current_accuracy': 0.48046875, 'current_loss': 1.2885660529136658, 'train_loss': None, 'decision': 0, 'drift_rate': 0.016, 'target_domains': ['photo']}
Loss historical diff: 0.1896093487739563; Loss Difference: 0.0, Decision: 0
Round 70 took 5.1166832447052s, results:
{'t': 69, 'current_accuracy': 0.4921875, 'current_loss': 1.2673320770263672, 'train_loss': None, 'decision': 0, 'drift_rate': 0.016, 'target_domains': ['photo']}
Loss historical diff: 0.19218462705612183; Loss Difference: 0.0, Decision: 0
Round 71 took 4.974652290344238s, results:
{'t': 70, 'current_accuracy': 0.48828125, 'current_loss': 1.2699073553085327, 'train_loss': None, 'decision': 0, 'drift_rate': 0.016, 'target_domains': ['photo']}
Loss historical diff: 0.18951541185379028; Loss Difference: 0.0, Decision: 0
Round 72 took 4.512394666671753s, results:
{'t': 71, 'current_accuracy': 0.48828125, 'current_loss': 1.2672381401062012, 'train_loss': None, 'decision': 0, 'drift_rate': 0.016, 'target_domains': ['photo']}
Loss historical diff: 0.1900452971458435; Loss Difference: 0.0, Decision: 0
Round 73 took 4.834492444992065s, results:
{'t': 72, 'current_accuracy': 0.484375, 'current_loss': 1.2677680253982544, 'train_loss': None, 'decision': 0, 'drift_rate': 0.016, 'target_domains': ['photo']}
Loss historical diff: 0.18598318099975586; Loss Difference: 0.0, Decision: 0
Round 74 took 4.411920070648193s, results:
{'t': 73, 'current_accuracy': 0.4921875, 'current_loss': 1.2637059092521667, 'train_loss': None, 'decision': 0, 'drift_rate': 0.016, 'target_domains': ['photo']}
Loss historical diff: 0.1856614351272583; Loss Difference: 0.0, Decision: 0
Round 75 took 4.882356405258179s, results:
{'t': 74, 'current_accuracy': 0.4921875, 'current_loss': 1.2633841633796692, 'train_loss': None, 'decision': 0, 'drift_rate': 0.016, 'target_domains': ['photo']}
Loss historical diff: 0.19930624961853027; Loss Difference: 0.0, Decision: 0
Round 76 took 5.296163320541382s, results:
{'t': 75, 'current_accuracy': 0.48828125, 'current_loss': 1.2770289778709412, 'train_loss': None, 'decision': 0, 'drift_rate': 0.016, 'target_domains': ['photo']}
Loss historical diff: 0.1892983317375183; Loss Difference: 0.0, Decision: 0
Round 77 took 4.505293846130371s, results:
{'t': 76, 'current_accuracy': 0.49609375, 'current_loss': 1.2670210599899292, 'train_loss': None, 'decision': 0, 'drift_rate': 0.016, 'target_domains': ['photo']}
Loss historical diff: 0.18606340885162354; Loss Difference: 0.0, Decision: 0
Round 78 took 4.58439040184021s, results:
{'t': 77, 'current_accuracy': 0.49609375, 'current_loss': 1.2637861371040344, 'train_loss': None, 'decision': 0, 'drift_rate': 0.016, 'target_domains': ['photo']}
Loss historical diff: 0.19432514905929565; Loss Difference: 0.0, Decision: 0
Round 79 took 4.363408088684082s, results:
{'t': 78, 'current_accuracy': 0.4921875, 'current_loss': 1.2720478773117065, 'train_loss': None, 'decision': 0, 'drift_rate': 0.016, 'target_domains': ['photo']}
Loss historical diff: 0.1780024766921997; Loss Difference: 0.0, Decision: 0
Round 80 took 5.799985885620117s, results:
{'t': 79, 'current_accuracy': 0.5, 'current_loss': 1.2557252049446106, 'train_loss': None, 'decision': 0, 'drift_rate': 0.016, 'target_domains': ['photo']}
Loss historical diff: 0.17719268798828125; Loss Difference: 0.0, Decision: 0
Round 81 took 4.666714906692505s, results:
{'t': 80, 'current_accuracy': 0.50390625, 'current_loss': 1.2549154162406921, 'train_loss': None, 'decision': 0, 'drift_rate': 0.016, 'target_domains': ['photo']}
Loss historical diff: 0.17974400520324707; Loss Difference: 0.0, Decision: 0
Round 82 took 4.615157604217529s, results:
{'t': 81, 'current_accuracy': 0.50390625, 'current_loss': 1.257466733455658, 'train_loss': None, 'decision': 0, 'drift_rate': 0.016, 'target_domains': ['photo']}
Loss historical diff: 0.16271483898162842; Loss Difference: 0.0, Decision: 0
Round 83 took 4.837411403656006s, results:
{'t': 82, 'current_accuracy': 0.51171875, 'current_loss': 1.2404375672340393, 'train_loss': None, 'decision': 0, 'drift_rate': 0.016, 'target_domains': ['photo']}
Loss historical diff: 0.1401362419128418; Loss Difference: 0.0, Decision: 0
Round 84 took 4.761241436004639s, results:
{'t': 83, 'current_accuracy': 0.5234375, 'current_loss': 1.2178589701652527, 'train_loss': None, 'decision': 0, 'drift_rate': 0.016, 'target_domains': ['photo']}
Loss historical diff: 0.128251314163208; Loss Difference: 0.0, Decision: 0
Round 85 took 4.451540946960449s, results:
{'t': 84, 'current_accuracy': 0.53125, 'current_loss': 1.205974042415619, 'train_loss': None, 'decision': 0, 'drift_rate': 0.016, 'target_domains': ['photo']}
Loss historical diff: 0.12829750776290894; Loss Difference: 0.0, Decision: 0
Round 86 took 4.5489420890808105s, results:
{'t': 85, 'current_accuracy': 0.53515625, 'current_loss': 1.2060202360153198, 'train_loss': None, 'decision': 0, 'drift_rate': 0.016, 'target_domains': ['photo']}
Loss historical diff: 0.119998037815094; Loss Difference: 0.0, Decision: 0
Round 87 took 4.243335485458374s, results:
{'t': 86, 'current_accuracy': 0.546875, 'current_loss': 1.1977207660675049, 'train_loss': None, 'decision': 0, 'drift_rate': 0.016, 'target_domains': ['photo']}
Loss historical diff: 0.07706195116043091; Loss Difference: 0.0, Decision: 0
Round 88 took 4.572658538818359s, results:
{'t': 87, 'current_accuracy': 0.5546875, 'current_loss': 1.1547846794128418, 'train_loss': None, 'decision': 0, 'drift_rate': 0.016, 'target_domains': ['photo']}
Loss historical diff: 0.07281357049942017; Loss Difference: 0.0, Decision: 0
Round 89 took 4.2604591846466064s, results:
{'t': 88, 'current_accuracy': 0.55859375, 'current_loss': 1.150536298751831, 'train_loss': None, 'decision': 0, 'drift_rate': 0.016, 'target_domains': ['photo']}
Loss historical diff: 0.06948542594909668; Loss Difference: 0.0, Decision: 0
Round 90 took 4.41536021232605s, results:
{'t': 89, 'current_accuracy': 0.5546875, 'current_loss': 1.1472081542015076, 'train_loss': None, 'decision': 0, 'drift_rate': 0.016, 'target_domains': ['photo']}
Loss historical diff: 0.049125075340270996; Loss Difference: 0.0, Decision: 0
Round 91 took 4.6313393115997314s, results:
{'t': 90, 'current_accuracy': 0.55078125, 'current_loss': 1.1268478035926819, 'train_loss': None, 'decision': 0, 'drift_rate': 0.016, 'target_domains': ['photo']}
Loss historical diff: 0.07051685452461243; Loss Difference: 0.0, Decision: 0
Round 92 took 4.496081352233887s, results:
{'t': 91, 'current_accuracy': 0.55078125, 'current_loss': 1.1482395827770233, 'train_loss': None, 'decision': 0, 'drift_rate': 0.016, 'target_domains': ['photo']}
Loss historical diff: 0.05647176504135132; Loss Difference: 0.0, Decision: 0
Round 93 took 5.088322877883911s, results:
{'t': 92, 'current_accuracy': 0.5625, 'current_loss': 1.1341944932937622, 'train_loss': None, 'decision': 0, 'drift_rate': 0.016, 'target_domains': ['photo']}
Loss historical diff: 0.04281187057495117; Loss Difference: 0.0, Decision: 0
Round 94 took 4.319304943084717s, results:
{'t': 93, 'current_accuracy': 0.5703125, 'current_loss': 1.120534598827362, 'train_loss': None, 'decision': 0, 'drift_rate': 0.016, 'target_domains': ['photo']}
Loss historical diff: 0.033631742000579834; Loss Difference: 0.0, Decision: 0
Round 95 took 5.150859832763672s, results:
{'t': 94, 'current_accuracy': 0.578125, 'current_loss': 1.1113544702529907, 'train_loss': None, 'decision': 0, 'drift_rate': 0.016, 'target_domains': ['photo']}
Loss historical diff: 0.03483295440673828; Loss Difference: 0.0, Decision: 0
Round 96 took 4.8718578815460205s, results:
{'t': 95, 'current_accuracy': 0.578125, 'current_loss': 1.1125556826591492, 'train_loss': None, 'decision': 0, 'drift_rate': 0.016, 'target_domains': ['photo']}
Loss historical diff: 0.029478847980499268; Loss Difference: 0.0, Decision: 0
Round 97 took 4.77892279624939s, results:
{'t': 96, 'current_accuracy': 0.58203125, 'current_loss': 1.1072015762329102, 'train_loss': None, 'decision': 0, 'drift_rate': 0.016, 'target_domains': ['photo']}
Loss historical diff: 0.02567315101623535; Loss Difference: 0.0, Decision: 0
Round 98 took 4.895443677902222s, results:
{'t': 97, 'current_accuracy': 0.58203125, 'current_loss': 1.1033958792686462, 'train_loss': None, 'decision': 0, 'drift_rate': 0.016, 'target_domains': ['photo']}
Loss historical diff: 0.030660152435302734; Loss Difference: 0.0, Decision: 0
Round 99 took 5.3312366008758545s, results:
{'t': 98, 'current_accuracy': 0.57421875, 'current_loss': 1.1083828806877136, 'train_loss': None, 'decision': 0, 'drift_rate': 0.016, 'target_domains': ['photo']}
Loss historical diff: 0.02269643545150757; Loss Difference: 0.0, Decision: 0
Round 100 took 4.965143203735352s, results:
{'t': 99, 'current_accuracy': 0.578125, 'current_loss': 1.1004191637039185, 'train_loss': None, 'decision': 0, 'drift_rate': 0.016, 'target_domains': ['photo']}
Loss historical diff: 0.05114245414733887; Loss Difference: 0.0, Decision: 0
Round 101 took 5.2172980308532715s, results:
{'t': 100, 'current_accuracy': 0.56640625, 'current_loss': 1.1288651823997498, 'train_loss': None, 'decision': 0, 'drift_rate': 0.016, 'target_domains': ['cartoon']}
Loss historical diff: 0.08629608154296875; Loss Difference: 0.0, Decision: 0
Round 102 took 5.03264594078064s, results:
{'t': 101, 'current_accuracy': 0.55859375, 'current_loss': 1.1640188097953796, 'train_loss': None, 'decision': 0, 'drift_rate': 0.016, 'target_domains': ['cartoon']}
Loss historical diff: 0.21578925848007202; Loss Difference: 0.0, Decision: 1
Average loss over 5 updates: 0.9803
Round 103 took 7.887911319732666s, results:
{'t': 102, 'current_accuracy': 0.55078125, 'current_loss': 1.293511986732483, 'train_loss': 0.9803160071372986, 'decision': 1, 'drift_rate': 0.016, 'target_domains': ['cartoon']}
Loss historical diff: 0.25439417362213135; Loss Difference: 0.0, Decision: 0
Round 104 took 4.96086573600769s, results:
{'t': 103, 'current_accuracy': 0.62890625, 'current_loss': 1.3321169018745422, 'train_loss': None, 'decision': 0, 'drift_rate': 0.016, 'target_domains': ['cartoon']}
Loss historical diff: 0.3387148976325989; Loss Difference: 0.0, Decision: 0
Round 105 took 5.171610593795776s, results:
{'t': 104, 'current_accuracy': 0.62109375, 'current_loss': 1.4164376258850098, 'train_loss': None, 'decision': 0, 'drift_rate': 0.016, 'target_domains': ['cartoon']}
Loss historical diff: 0.38723844289779663; Loss Difference: 0.0, Decision: 0
Round 106 took 4.669112682342529s, results:
{'t': 105, 'current_accuracy': 0.609375, 'current_loss': 1.4649611711502075, 'train_loss': None, 'decision': 0, 'drift_rate': 0.016, 'target_domains': ['cartoon']}
Loss historical diff: 0.4059937000274658; Loss Difference: 0.0, Decision: 0
Round 107 took 4.91466212272644s, results:
{'t': 106, 'current_accuracy': 0.6015625, 'current_loss': 1.4837164282798767, 'train_loss': None, 'decision': 0, 'drift_rate': 0.016, 'target_domains': ['cartoon']}
Loss historical diff: 0.49809640645980835; Loss Difference: 0.0, Decision: 1
Average loss over 5 updates: 0.8873
Round 108 took 7.705745697021484s, results:
{'t': 107, 'current_accuracy': 0.59375, 'current_loss': 1.5758191347122192, 'train_loss': 0.8872808575630188, 'decision': 1, 'drift_rate': 0.016, 'target_domains': ['cartoon']}
Loss historical diff: 0.004007101058959961; Loss Difference: 0.0, Decision: 0
Round 109 took 5.007660627365112s, results:
{'t': 108, 'current_accuracy': 0.68359375, 'current_loss': 1.0817298293113708, 'train_loss': None, 'decision': 0, 'drift_rate': 0.016, 'target_domains': ['cartoon']}
Loss historical diff: 0.04717916250228882; Loss Difference: 0.0, Decision: 0
Round 110 took 5.196980237960815s, results:
{'t': 109, 'current_accuracy': 0.671875, 'current_loss': 1.1249018907546997, 'train_loss': None, 'decision': 0, 'drift_rate': 0.016, 'target_domains': ['cartoon']}
Loss historical diff: 0.07525166869163513; Loss Difference: 0.0, Decision: 0
Round 111 took 5.257249116897583s, results:
{'t': 110, 'current_accuracy': 0.65625, 'current_loss': 1.152974396944046, 'train_loss': None, 'decision': 0, 'drift_rate': 0.016, 'target_domains': ['cartoon']}
Loss historical diff: 0.10760384798049927; Loss Difference: 0.0, Decision: 0
Round 112 took 4.789299011230469s, results:
{'t': 111, 'current_accuracy': 0.640625, 'current_loss': 1.1853265762329102, 'train_loss': None, 'decision': 0, 'drift_rate': 0.016, 'target_domains': ['cartoon']}
Loss historical diff: 0.12572813034057617; Loss Difference: 0.0, Decision: 0
Round 113 took 4.8768227100372314s, results:
{'t': 112, 'current_accuracy': 0.6328125, 'current_loss': 1.203450858592987, 'train_loss': None, 'decision': 0, 'drift_rate': 0.016, 'target_domains': ['cartoon']}
Loss historical diff: 0.1351359486579895; Loss Difference: 0.0, Decision: 0
Round 114 took 5.629351377487183s, results:
{'t': 113, 'current_accuracy': 0.625, 'current_loss': 1.2128586769104004, 'train_loss': None, 'decision': 0, 'drift_rate': 0.016, 'target_domains': ['cartoon']}
Loss historical diff: 0.16861701011657715; Loss Difference: 0.0, Decision: 0
Round 115 took 5.378255367279053s, results:
{'t': 114, 'current_accuracy': 0.61328125, 'current_loss': 1.246339738368988, 'train_loss': None, 'decision': 0, 'drift_rate': 0.016, 'target_domains': ['cartoon']}
Loss historical diff: 0.22814851999282837; Loss Difference: 0.0, Decision: 0
Round 116 took 4.889391660690308s, results:
{'t': 115, 'current_accuracy': 0.61328125, 'current_loss': 1.3058712482452393, 'train_loss': None, 'decision': 0, 'drift_rate': 0.016, 'target_domains': ['cartoon']}
Loss historical diff: 0.24737536907196045; Loss Difference: 0.0, Decision: 0
Round 117 took 5.479612827301025s, results:
{'t': 116, 'current_accuracy': 0.61328125, 'current_loss': 1.3250980973243713, 'train_loss': None, 'decision': 0, 'drift_rate': 0.016, 'target_domains': ['cartoon']}
Loss historical diff: 0.2770243287086487; Loss Difference: 0.0, Decision: 0
Round 118 took 5.27917742729187s, results:
{'t': 117, 'current_accuracy': 0.59765625, 'current_loss': 1.3547470569610596, 'train_loss': None, 'decision': 0, 'drift_rate': 0.016, 'target_domains': ['cartoon']}
Loss historical diff: 0.31074774265289307; Loss Difference: 0.0, Decision: 0
Round 119 took 5.156669616699219s, results:
{'t': 118, 'current_accuracy': 0.58984375, 'current_loss': 1.388470470905304, 'train_loss': None, 'decision': 0, 'drift_rate': 0.016, 'target_domains': ['cartoon']}
Loss historical diff: 0.34799349308013916; Loss Difference: 0.0, Decision: 0
Round 120 took 5.683723449707031s, results:
{'t': 119, 'current_accuracy': 0.578125, 'current_loss': 1.42571622133255, 'train_loss': None, 'decision': 0, 'drift_rate': 0.016, 'target_domains': ['cartoon']}
Loss historical diff: 0.3619065284729004; Loss Difference: 0.0, Decision: 1
Average loss over 5 updates: 1.2369
Round 121 took 8.668436288833618s, results:
{'t': 120, 'current_accuracy': 0.57421875, 'current_loss': 1.4396292567253113, 'train_loss': 1.236916422843933, 'decision': 1, 'drift_rate': 0.016, 'target_domains': ['cartoon']}
Loss historical diff: 0.1464260220527649; Loss Difference: 0.0, Decision: 0
Round 122 took 5.421340227127075s, results:
{'t': 121, 'current_accuracy': 0.6171875, 'current_loss': 1.2241487503051758, 'train_loss': None, 'decision': 0, 'drift_rate': 0.016, 'target_domains': ['cartoon']}
Loss historical diff: 0.1582120656967163; Loss Difference: 0.0, Decision: 0
Round 123 took 4.999502182006836s, results:
{'t': 122, 'current_accuracy': 0.61328125, 'current_loss': 1.2359347939491272, 'train_loss': None, 'decision': 0, 'drift_rate': 0.016, 'target_domains': ['cartoon']}
Loss historical diff: 0.17687290906906128; Loss Difference: 0.0, Decision: 0
Round 124 took 4.76814866065979s, results:
{'t': 123, 'current_accuracy': 0.6015625, 'current_loss': 1.2545956373214722, 'train_loss': None, 'decision': 0, 'drift_rate': 0.016, 'target_domains': ['cartoon']}
Loss historical diff: 0.203504741191864; Loss Difference: 0.0, Decision: 0
Round 125 took 4.52099609375s, results:
{'t': 124, 'current_accuracy': 0.6015625, 'current_loss': 1.281227469444275, 'train_loss': None, 'decision': 0, 'drift_rate': 0.016, 'target_domains': ['cartoon']}
Loss historical diff: 0.21812307834625244; Loss Difference: 0.0, Decision: 0
Round 126 took 5.125386953353882s, results:
{'t': 125, 'current_accuracy': 0.59765625, 'current_loss': 1.2958458065986633, 'train_loss': None, 'decision': 0, 'drift_rate': 0.016, 'target_domains': ['cartoon']}
Loss historical diff: 0.23057520389556885; Loss Difference: 0.0, Decision: 0
Round 127 took 4.6983866691589355s, results:
{'t': 126, 'current_accuracy': 0.58984375, 'current_loss': 1.3082979321479797, 'train_loss': None, 'decision': 0, 'drift_rate': 0.016, 'target_domains': ['cartoon']}
Loss historical diff: 0.24241340160369873; Loss Difference: 0.0, Decision: 0
Round 128 took 4.685424566268921s, results:
{'t': 127, 'current_accuracy': 0.5859375, 'current_loss': 1.3201361298561096, 'train_loss': None, 'decision': 0, 'drift_rate': 0.016, 'target_domains': ['cartoon']}
Loss historical diff: 0.26452356576919556; Loss Difference: 0.0, Decision: 0
Round 129 took 4.666167736053467s, results:
{'t': 128, 'current_accuracy': 0.57421875, 'current_loss': 1.3422462940216064, 'train_loss': None, 'decision': 0, 'drift_rate': 0.016, 'target_domains': ['cartoon']}
Loss historical diff: 0.267297625541687; Loss Difference: 0.0, Decision: 0
Round 130 took 5.19164776802063s, results:
{'t': 129, 'current_accuracy': 0.5703125, 'current_loss': 1.345020353794098, 'train_loss': None, 'decision': 0, 'drift_rate': 0.016, 'target_domains': ['cartoon']}
Loss historical diff: 0.29662084579467773; Loss Difference: 0.0, Decision: 0
Round 131 took 5.0321269035339355s, results:
{'t': 130, 'current_accuracy': 0.56640625, 'current_loss': 1.3743435740470886, 'train_loss': None, 'decision': 0, 'drift_rate': 0.016, 'target_domains': ['cartoon']}
Loss historical diff: 0.3023200035095215; Loss Difference: 0.0, Decision: 1
Average loss over 5 updates: 1.2089
Round 132 took 7.993060827255249s, results:
{'t': 131, 'current_accuracy': 0.5625, 'current_loss': 1.3800427317619324, 'train_loss': 1.208912181854248, 'decision': 1, 'drift_rate': 0.016, 'target_domains': ['cartoon']}
Loss historical diff: 0.15860027074813843; Loss Difference: 0.0, Decision: 0
Round 133 took 4.990122318267822s, results:
{'t': 132, 'current_accuracy': 0.5390625, 'current_loss': 1.2363229990005493, 'train_loss': None, 'decision': 0, 'drift_rate': 0.016, 'target_domains': ['cartoon']}
Loss historical diff: 0.16732674837112427; Loss Difference: 0.0, Decision: 0
Round 134 took 5.1669793128967285s, results:
{'t': 133, 'current_accuracy': 0.53515625, 'current_loss': 1.2450494766235352, 'train_loss': None, 'decision': 0, 'drift_rate': 0.016, 'target_domains': ['cartoon']}
Loss historical diff: 0.17273133993148804; Loss Difference: 0.0, Decision: 0
Round 135 took 5.16999626159668s, results:
{'t': 134, 'current_accuracy': 0.53125, 'current_loss': 1.250454068183899, 'train_loss': None, 'decision': 0, 'drift_rate': 0.016, 'target_domains': ['cartoon']}
Loss historical diff: 0.1774699091911316; Loss Difference: 0.0, Decision: 0
Round 136 took 4.723783493041992s, results:
{'t': 135, 'current_accuracy': 0.53125, 'current_loss': 1.2551926374435425, 'train_loss': None, 'decision': 0, 'drift_rate': 0.016, 'target_domains': ['cartoon']}
Loss historical diff: 0.19566762447357178; Loss Difference: 0.0, Decision: 0
Round 137 took 4.76288914680481s, results:
{'t': 136, 'current_accuracy': 0.52734375, 'current_loss': 1.2733903527259827, 'train_loss': None, 'decision': 0, 'drift_rate': 0.016, 'target_domains': ['cartoon']}
Loss historical diff: 0.21066409349441528; Loss Difference: 0.0, Decision: 0
Round 138 took 4.509112596511841s, results:
{'t': 137, 'current_accuracy': 0.51953125, 'current_loss': 1.2883868217468262, 'train_loss': None, 'decision': 0, 'drift_rate': 0.016, 'target_domains': ['cartoon']}
Loss historical diff: 0.21621614694595337; Loss Difference: 0.0, Decision: 0
Round 139 took 4.845972776412964s, results:
{'t': 138, 'current_accuracy': 0.51953125, 'current_loss': 1.2939388751983643, 'train_loss': None, 'decision': 0, 'drift_rate': 0.016, 'target_domains': ['cartoon']}
Loss historical diff: 0.22174298763275146; Loss Difference: 0.0, Decision: 0
Round 140 took 4.798221588134766s, results:
{'t': 139, 'current_accuracy': 0.51953125, 'current_loss': 1.2994657158851624, 'train_loss': None, 'decision': 0, 'drift_rate': 0.016, 'target_domains': ['cartoon']}
Loss historical diff: 0.23659586906433105; Loss Difference: 0.0, Decision: 0
Round 141 took 5.044941186904907s, results:
{'t': 140, 'current_accuracy': 0.515625, 'current_loss': 1.314318597316742, 'train_loss': None, 'decision': 0, 'drift_rate': 0.016, 'target_domains': ['cartoon']}
Loss historical diff: 0.24627846479415894; Loss Difference: 0.0, Decision: 0
Round 142 took 4.7173309326171875s, results:
{'t': 141, 'current_accuracy': 0.51171875, 'current_loss': 1.3240011930465698, 'train_loss': None, 'decision': 0, 'drift_rate': 0.016, 'target_domains': ['cartoon']}
Loss historical diff: 0.24905717372894287; Loss Difference: 0.0, Decision: 1
Average loss over 5 updates: 1.3260
Round 143 took 7.636297225952148s, results:
{'t': 142, 'current_accuracy': 0.5078125, 'current_loss': 1.3267799019813538, 'train_loss': 1.3259968042373658, 'decision': 1, 'drift_rate': 0.016, 'target_domains': ['cartoon']}
Loss historical diff: 0.26747941970825195; Loss Difference: 0.0, Decision: 0
Round 144 took 4.6034135818481445s, results:
{'t': 143, 'current_accuracy': 0.515625, 'current_loss': 1.3452021479606628, 'train_loss': None, 'decision': 0, 'drift_rate': 0.016, 'target_domains': ['cartoon']}
Loss historical diff: 0.28306007385253906; Loss Difference: 0.0, Decision: 0
Round 145 took 4.926739454269409s, results:
{'t': 144, 'current_accuracy': 0.515625, 'current_loss': 1.36078280210495, 'train_loss': None, 'decision': 0, 'drift_rate': 0.016, 'target_domains': ['cartoon']}
Loss historical diff: 0.28033721446990967; Loss Difference: 0.0, Decision: 0
Round 146 took 4.855807781219482s, results:
{'t': 145, 'current_accuracy': 0.5078125, 'current_loss': 1.3580599427223206, 'train_loss': None, 'decision': 0, 'drift_rate': 0.016, 'target_domains': ['cartoon']}
Loss historical diff: 0.2802041172981262; Loss Difference: 0.0, Decision: 0
Round 147 took 4.769027233123779s, results:
{'t': 146, 'current_accuracy': 0.5078125, 'current_loss': 1.357926845550537, 'train_loss': None, 'decision': 0, 'drift_rate': 0.016, 'target_domains': ['cartoon']}
Loss historical diff: 0.29144370555877686; Loss Difference: 0.0, Decision: 0
Round 148 took 4.750585317611694s, results:
{'t': 147, 'current_accuracy': 0.5, 'current_loss': 1.3691664338111877, 'train_loss': None, 'decision': 0, 'drift_rate': 0.016, 'target_domains': ['cartoon']}
Loss historical diff: 0.28287994861602783; Loss Difference: 0.0, Decision: 0
Round 149 took 4.755155563354492s, results:
{'t': 148, 'current_accuracy': 0.5, 'current_loss': 1.3606026768684387, 'train_loss': None, 'decision': 0, 'drift_rate': 0.016, 'target_domains': ['cartoon']}
Loss historical diff: 0.2837754487991333; Loss Difference: 0.0, Decision: 0
Round 150 took 4.844433069229126s, results:
{'t': 149, 'current_accuracy': 0.5, 'current_loss': 1.3614981770515442, 'train_loss': None, 'decision': 0, 'drift_rate': 0.016, 'target_domains': ['cartoon']}
Loss historical diff: 0.29918646812438965; Loss Difference: 0.0, Decision: 0
Round 151 took 5.1868064403533936s, results:
{'t': 150, 'current_accuracy': 0.50390625, 'current_loss': 1.3769091963768005, 'train_loss': None, 'decision': 0, 'drift_rate': 0.016, 'target_domains': ['art_painting']}
Loss historical diff: 0.3187049627304077; Loss Difference: 0.0, Decision: 1
Average loss over 5 updates: 1.2996
Round 152 took 8.093566179275513s, results:
{'t': 151, 'current_accuracy': 0.4921875, 'current_loss': 1.3964276909828186, 'train_loss': 1.299649214744568, 'decision': 1, 'drift_rate': 0.016, 'target_domains': ['art_painting']}
Loss historical diff: 0.45096951723098755; Loss Difference: 0.0, Decision: 0
Round 153 took 4.702606678009033s, results:
{'t': 152, 'current_accuracy': 0.4609375, 'current_loss': 1.5286922454833984, 'train_loss': None, 'decision': 0, 'drift_rate': 0.016, 'target_domains': ['art_painting']}
Loss historical diff: 0.46878868341445923; Loss Difference: 0.0, Decision: 0
Round 154 took 4.923828840255737s, results:
{'t': 153, 'current_accuracy': 0.45703125, 'current_loss': 1.5465114116668701, 'train_loss': None, 'decision': 0, 'drift_rate': 0.016, 'target_domains': ['art_painting']}
Loss historical diff: 0.47811615467071533; Loss Difference: 0.0, Decision: 0
Round 155 took 4.826449871063232s, results:
{'t': 154, 'current_accuracy': 0.45703125, 'current_loss': 1.5558388829231262, 'train_loss': None, 'decision': 0, 'drift_rate': 0.016, 'target_domains': ['art_painting']}
Loss historical diff: 0.4897913932800293; Loss Difference: 0.0, Decision: 0
Round 156 took 4.9049108028411865s, results:
{'t': 155, 'current_accuracy': 0.44921875, 'current_loss': 1.5675141215324402, 'train_loss': None, 'decision': 0, 'drift_rate': 0.016, 'target_domains': ['art_painting']}
Loss historical diff: 0.5020121335983276; Loss Difference: 0.0, Decision: 1
Average loss over 5 updates: 1.3912
Round 157 took 8.170835494995117s, results:
{'t': 156, 'current_accuracy': 0.44921875, 'current_loss': 1.5797348618507385, 'train_loss': 1.3912047147750854, 'decision': 1, 'drift_rate': 0.016, 'target_domains': ['art_painting']}
Loss historical diff: 1.0915352702140808; Loss Difference: 0.0, Decision: 1
Average loss over 5 updates: 1.2672
Round 158 took 7.504873275756836s, results:
{'t': 157, 'current_accuracy': 0.36328125, 'current_loss': 2.1692579984664917, 'train_loss': 1.2671589851379395, 'decision': 1, 'drift_rate': 0.016, 'target_domains': ['art_painting']}
Loss historical diff: 0.33918267488479614; Loss Difference: 0.0, Decision: 0
Round 159 took 5.336906909942627s, results:
{'t': 158, 'current_accuracy': 0.51171875, 'current_loss': 1.416905403137207, 'train_loss': None, 'decision': 0, 'drift_rate': 0.016, 'target_domains': ['art_painting']}
Loss historical diff: 0.34084129333496094; Loss Difference: 0.0, Decision: 0
Round 160 took 4.675113916397095s, results:
{'t': 159, 'current_accuracy': 0.51171875, 'current_loss': 1.4185640215873718, 'train_loss': None, 'decision': 0, 'drift_rate': 0.016, 'target_domains': ['art_painting']}
Loss historical diff: 0.35070735216140747; Loss Difference: 0.0, Decision: 0
Round 161 took 4.870761394500732s, results:
{'t': 160, 'current_accuracy': 0.51171875, 'current_loss': 1.4284300804138184, 'train_loss': None, 'decision': 0, 'drift_rate': 0.016, 'target_domains': ['art_painting']}
Loss historical diff: 0.3654050827026367; Loss Difference: 0.0, Decision: 0
Round 162 took 5.306180238723755s, results:
{'t': 161, 'current_accuracy': 0.50390625, 'current_loss': 1.4431278109550476, 'train_loss': None, 'decision': 0, 'drift_rate': 0.016, 'target_domains': ['art_painting']}
Loss historical diff: 0.37568676471710205; Loss Difference: 0.0, Decision: 0
Round 163 took 4.615515232086182s, results:
{'t': 162, 'current_accuracy': 0.5, 'current_loss': 1.453409492969513, 'train_loss': None, 'decision': 0, 'drift_rate': 0.016, 'target_domains': ['art_painting']}
Loss historical diff: 0.3931719660758972; Loss Difference: 0.0, Decision: 0
Round 164 took 5.120708703994751s, results:
{'t': 163, 'current_accuracy': 0.48828125, 'current_loss': 1.470894694328308, 'train_loss': None, 'decision': 0, 'drift_rate': 0.016, 'target_domains': ['art_painting']}
Loss historical diff: 0.4312615990638733; Loss Difference: 0.0, Decision: 0
Round 165 took 5.145722389221191s, results:
{'t': 164, 'current_accuracy': 0.4765625, 'current_loss': 1.5089843273162842, 'train_loss': None, 'decision': 0, 'drift_rate': 0.016, 'target_domains': ['art_painting']}
Loss historical diff: 0.4774649143218994; Loss Difference: 0.0, Decision: 0
Round 166 took 5.112199544906616s, results:
{'t': 165, 'current_accuracy': 0.46484375, 'current_loss': 1.5551876425743103, 'train_loss': None, 'decision': 0, 'drift_rate': 0.016, 'target_domains': ['art_painting']}
Loss historical diff: 0.4865947365760803; Loss Difference: 0.0, Decision: 0
Round 167 took 4.829538822174072s, results:
{'t': 166, 'current_accuracy': 0.4609375, 'current_loss': 1.5643174648284912, 'train_loss': None, 'decision': 0, 'drift_rate': 0.016, 'target_domains': ['art_painting']}
Loss historical diff: 0.5111281871795654; Loss Difference: 0.0, Decision: 0
Round 168 took 5.218124628067017s, results:
{'t': 167, 'current_accuracy': 0.453125, 'current_loss': 1.5888509154319763, 'train_loss': None, 'decision': 0, 'drift_rate': 0.016, 'target_domains': ['art_painting']}
Loss historical diff: 0.5371916890144348; Loss Difference: 0.0, Decision: 0
Round 169 took 4.860349893569946s, results:
{'t': 168, 'current_accuracy': 0.44921875, 'current_loss': 1.6149144172668457, 'train_loss': None, 'decision': 0, 'drift_rate': 0.016, 'target_domains': ['art_painting']}
Loss historical diff: 0.555633544921875; Loss Difference: 0.0, Decision: 0
Round 170 took 5.023640155792236s, results:
{'t': 169, 'current_accuracy': 0.44140625, 'current_loss': 1.6333562731742859, 'train_loss': None, 'decision': 0, 'drift_rate': 0.016, 'target_domains': ['art_painting']}
Loss historical diff: 0.5600394606590271; Loss Difference: 0.0, Decision: 0
Round 171 took 5.186997175216675s, results:
{'t': 170, 'current_accuracy': 0.43359375, 'current_loss': 1.637762188911438, 'train_loss': None, 'decision': 0, 'drift_rate': 0.016, 'target_domains': ['art_painting']}
Loss historical diff: 0.5791547894477844; Loss Difference: 0.0, Decision: 0
Round 172 took 5.108236789703369s, results:
{'t': 171, 'current_accuracy': 0.42578125, 'current_loss': 1.6568775177001953, 'train_loss': None, 'decision': 0, 'drift_rate': 0.016, 'target_domains': ['art_painting']}
Loss historical diff: 0.5973942279815674; Loss Difference: 0.0, Decision: 0
Round 173 took 4.719536542892456s, results:
{'t': 172, 'current_accuracy': 0.4296875, 'current_loss': 1.6751169562339783, 'train_loss': None, 'decision': 0, 'drift_rate': 0.016, 'target_domains': ['art_painting']}
Loss historical diff: 0.6598319411277771; Loss Difference: 0.0, Decision: 1
Average loss over 5 updates: 1.4583
Round 174 took 8.31415057182312s, results:
{'t': 173, 'current_accuracy': 0.41796875, 'current_loss': 1.737554669380188, 'train_loss': 1.458255362510681, 'decision': 1, 'drift_rate': 0.016, 'target_domains': ['art_painting']}
Loss historical diff: 1.198820173740387; Loss Difference: 0.0, Decision: 1
Average loss over 5 updates: 1.4148
Round 175 took 7.56225848197937s, results:
{'t': 174, 'current_accuracy': 0.3046875, 'current_loss': 2.276542901992798, 'train_loss': 1.4148370265960692, 'decision': 1, 'drift_rate': 0.016, 'target_domains': ['art_painting']}
Loss historical diff: 0.516709566116333; Loss Difference: 0.0, Decision: 0
Round 176 took 4.794329643249512s, results:
{'t': 175, 'current_accuracy': 0.453125, 'current_loss': 1.594432294368744, 'train_loss': None, 'decision': 0, 'drift_rate': 0.016, 'target_domains': ['art_painting']}
Loss historical diff: 0.5035869479179382; Loss Difference: 0.0, Decision: 0
Round 177 took 4.989192962646484s, results:
{'t': 176, 'current_accuracy': 0.44921875, 'current_loss': 1.5813096761703491, 'train_loss': None, 'decision': 0, 'drift_rate': 0.016, 'target_domains': ['art_painting']}
Loss historical diff: 0.5003170967102051; Loss Difference: 0.0, Decision: 0
Round 178 took 4.989225625991821s, results:
{'t': 177, 'current_accuracy': 0.4453125, 'current_loss': 1.578039824962616, 'train_loss': None, 'decision': 0, 'drift_rate': 0.016, 'target_domains': ['art_painting']}
Loss historical diff: 0.5101454854011536; Loss Difference: 0.0, Decision: 0
Round 179 took 5.083674192428589s, results:
{'t': 178, 'current_accuracy': 0.4375, 'current_loss': 1.5878682136535645, 'train_loss': None, 'decision': 0, 'drift_rate': 0.016, 'target_domains': ['art_painting']}
Loss historical diff: 0.5301358103752136; Loss Difference: 0.0, Decision: 0
Round 180 took 4.774440288543701s, results:
{'t': 179, 'current_accuracy': 0.42578125, 'current_loss': 1.6078585386276245, 'train_loss': None, 'decision': 0, 'drift_rate': 0.016, 'target_domains': ['art_painting']}
Loss historical diff: 0.5293086171150208; Loss Difference: 0.0, Decision: 0
Round 181 took 5.045258283615112s, results:
{'t': 180, 'current_accuracy': 0.4140625, 'current_loss': 1.6070313453674316, 'train_loss': None, 'decision': 0, 'drift_rate': 0.016, 'target_domains': ['art_painting']}
Loss historical diff: 0.544316291809082; Loss Difference: 0.0, Decision: 0
Round 182 took 4.623438358306885s, results:
{'t': 181, 'current_accuracy': 0.4140625, 'current_loss': 1.622039020061493, 'train_loss': None, 'decision': 0, 'drift_rate': 0.016, 'target_domains': ['art_painting']}
Loss historical diff: 0.5693078637123108; Loss Difference: 0.0, Decision: 0
Round 183 took 4.988084554672241s, results:
{'t': 182, 'current_accuracy': 0.40625, 'current_loss': 1.6470305919647217, 'train_loss': None, 'decision': 0, 'drift_rate': 0.016, 'target_domains': ['art_painting']}
Loss historical diff: 0.5643146634101868; Loss Difference: 0.0, Decision: 0
Round 184 took 4.952354431152344s, results:
{'t': 183, 'current_accuracy': 0.41015625, 'current_loss': 1.6420373916625977, 'train_loss': None, 'decision': 0, 'drift_rate': 0.016, 'target_domains': ['art_painting']}
Loss historical diff: 0.5609782934188843; Loss Difference: 0.0, Decision: 0
Round 185 took 5.1328699588775635s, results:
{'t': 184, 'current_accuracy': 0.4140625, 'current_loss': 1.6387010216712952, 'train_loss': None, 'decision': 0, 'drift_rate': 0.016, 'target_domains': ['art_painting']}
Loss historical diff: 0.5727877616882324; Loss Difference: 0.0, Decision: 0
Round 186 took 5.03372049331665s, results:
{'t': 185, 'current_accuracy': 0.41015625, 'current_loss': 1.6505104899406433, 'train_loss': None, 'decision': 0, 'drift_rate': 0.016, 'target_domains': ['art_painting']}
Loss historical diff: 0.5932621359825134; Loss Difference: 0.0, Decision: 0
Round 187 took 4.870984792709351s, results:
{'t': 186, 'current_accuracy': 0.41015625, 'current_loss': 1.6709848642349243, 'train_loss': None, 'decision': 0, 'drift_rate': 0.016, 'target_domains': ['art_painting']}
Loss historical diff: 0.6281154155731201; Loss Difference: 0.0, Decision: 0
Round 188 took 4.6881773471832275s, results:
{'t': 187, 'current_accuracy': 0.40234375, 'current_loss': 1.705838143825531, 'train_loss': None, 'decision': 0, 'drift_rate': 0.016, 'target_domains': ['art_painting']}
Loss historical diff: 0.6712997555732727; Loss Difference: 0.0, Decision: 0
Round 189 took 4.859253644943237s, results:
{'t': 188, 'current_accuracy': 0.3984375, 'current_loss': 1.7490224838256836, 'train_loss': None, 'decision': 0, 'drift_rate': 0.016, 'target_domains': ['art_painting']}
Loss historical diff: 0.6905573010444641; Loss Difference: 0.0, Decision: 0
Round 190 took 4.854907512664795s, results:
{'t': 189, 'current_accuracy': 0.390625, 'current_loss': 1.768280029296875, 'train_loss': None, 'decision': 0, 'drift_rate': 0.016, 'target_domains': ['art_painting']}
Loss historical diff: 0.6897429823875427; Loss Difference: 0.0, Decision: 0
Round 191 took 4.7972800731658936s, results:
{'t': 190, 'current_accuracy': 0.38671875, 'current_loss': 1.7674657106399536, 'train_loss': None, 'decision': 0, 'drift_rate': 0.016, 'target_domains': ['art_painting']}
Loss historical diff: 0.6861648559570312; Loss Difference: 0.0, Decision: 0
Round 192 took 4.7228147983551025s, results:
{'t': 191, 'current_accuracy': 0.390625, 'current_loss': 1.7638875842094421, 'train_loss': None, 'decision': 0, 'drift_rate': 0.016, 'target_domains': ['art_painting']}
Loss historical diff: 0.6949020624160767; Loss Difference: 0.0, Decision: 0
Round 193 took 4.998026132583618s, results:
{'t': 192, 'current_accuracy': 0.3828125, 'current_loss': 1.7726247906684875, 'train_loss': None, 'decision': 0, 'drift_rate': 0.016, 'target_domains': ['art_painting']}
Loss historical diff: 0.7296237945556641; Loss Difference: 0.0, Decision: 1
Average loss over 5 updates: 1.6447
Round 194 took 8.120969295501709s, results:
{'t': 193, 'current_accuracy': 0.375, 'current_loss': 1.807346522808075, 'train_loss': 1.6447143793106078, 'decision': 1, 'drift_rate': 0.016, 'target_domains': ['art_painting']}
Loss historical diff: 0.45320266485214233; Loss Difference: 0.0, Decision: 0
Round 195 took 5.14948034286499s, results:
{'t': 194, 'current_accuracy': 0.41015625, 'current_loss': 1.5309253931045532, 'train_loss': None, 'decision': 0, 'drift_rate': 0.016, 'target_domains': ['art_painting']}
Loss historical diff: 0.45956099033355713; Loss Difference: 0.0, Decision: 0
Round 196 took 5.023045301437378s, results:
{'t': 195, 'current_accuracy': 0.4140625, 'current_loss': 1.537283718585968, 'train_loss': None, 'decision': 0, 'drift_rate': 0.016, 'target_domains': ['art_painting']}
Loss historical diff: 0.4735673666000366; Loss Difference: 0.0, Decision: 0
Round 197 took 4.981746673583984s, results:
{'t': 196, 'current_accuracy': 0.4140625, 'current_loss': 1.5512900948524475, 'train_loss': None, 'decision': 0, 'drift_rate': 0.016, 'target_domains': ['art_painting']}
Loss historical diff: 0.46844613552093506; Loss Difference: 0.0, Decision: 0
Round 198 took 4.6415040493011475s, results:
{'t': 197, 'current_accuracy': 0.41796875, 'current_loss': 1.546168863773346, 'train_loss': None, 'decision': 0, 'drift_rate': 0.016, 'target_domains': ['art_painting']}
Loss historical diff: 0.4807294011116028; Loss Difference: 0.0, Decision: 0
Round 199 took 4.919064044952393s, results:
{'t': 198, 'current_accuracy': 0.41015625, 'current_loss': 1.5584521293640137, 'train_loss': None, 'decision': 0, 'drift_rate': 0.016, 'target_domains': ['art_painting']}
Loss historical diff: 0.48610919713974; Loss Difference: 0.0, Decision: 0
Round 200 took 4.847288131713867s, results:
{'t': 199, 'current_accuracy': 0.41015625, 'current_loss': 1.5638319253921509, 'train_loss': None, 'decision': 0, 'drift_rate': 0.016, 'target_domains': ['art_painting']}
Loss historical diff: 0.47859472036361694; Loss Difference: 0.0, Decision: 0
Round 201 took 4.729592800140381s, results:
{'t': 200, 'current_accuracy': 0.4140625, 'current_loss': 1.5563174486160278, 'train_loss': None, 'decision': 0, 'drift_rate': 0.016, 'target_domains': ['sketch']}
Loss historical diff: 0.4634972810745239; Loss Difference: 0.0, Decision: 0
Round 202 took 5.036193370819092s, results:
{'t': 201, 'current_accuracy': 0.41796875, 'current_loss': 1.5412200093269348, 'train_loss': None, 'decision': 0, 'drift_rate': 0.016, 'target_domains': ['sketch']}
Loss historical diff: 0.46138960123062134; Loss Difference: 0.0, Decision: 0
Round 203 took 4.531128644943237s, results:
{'t': 202, 'current_accuracy': 0.41015625, 'current_loss': 1.5391123294830322, 'train_loss': None, 'decision': 0, 'drift_rate': 0.016, 'target_domains': ['sketch']}
Loss historical diff: 0.468161404132843; Loss Difference: 0.0, Decision: 0
Round 204 took 4.5819008350372314s, results:
{'t': 203, 'current_accuracy': 0.40625, 'current_loss': 1.545884132385254, 'train_loss': None, 'decision': 0, 'drift_rate': 0.016, 'target_domains': ['sketch']}
Loss historical diff: 0.4788022041320801; Loss Difference: 0.0, Decision: 0
Round 205 took 5.157076835632324s, results:
{'t': 204, 'current_accuracy': 0.40234375, 'current_loss': 1.556524932384491, 'train_loss': None, 'decision': 0, 'drift_rate': 0.016, 'target_domains': ['sketch']}
Loss historical diff: 0.46026772260665894; Loss Difference: 0.0, Decision: 0
Round 206 took 4.983596563339233s, results:
{'t': 205, 'current_accuracy': 0.4140625, 'current_loss': 1.5379904508590698, 'train_loss': None, 'decision': 0, 'drift_rate': 0.016, 'target_domains': ['sketch']}
Loss historical diff: 0.4615986943244934; Loss Difference: 0.0, Decision: 0
Round 207 took 4.963672876358032s, results:
{'t': 206, 'current_accuracy': 0.4140625, 'current_loss': 1.5393214225769043, 'train_loss': None, 'decision': 0, 'drift_rate': 0.016, 'target_domains': ['sketch']}
Loss historical diff: 0.45283931493759155; Loss Difference: 0.0, Decision: 1
Average loss over 5 updates: 1.5128
Round 208 took 8.038232803344727s, results:
{'t': 207, 'current_accuracy': 0.41796875, 'current_loss': 1.5305620431900024, 'train_loss': 1.5128199100494384, 'decision': 1, 'drift_rate': 0.016, 'target_domains': ['sketch']}
Loss historical diff: 0.4504300355911255; Loss Difference: 0.0, Decision: 0
Round 209 took 5.144065856933594s, results:
{'t': 208, 'current_accuracy': 0.4375, 'current_loss': 1.5281527638435364, 'train_loss': None, 'decision': 0, 'drift_rate': 0.016, 'target_domains': ['sketch']}
Loss historical diff: 0.44310587644577026; Loss Difference: 0.0, Decision: 0
Round 210 took 4.761399745941162s, results:
{'t': 209, 'current_accuracy': 0.4453125, 'current_loss': 1.5208286046981812, 'train_loss': None, 'decision': 0, 'drift_rate': 0.016, 'target_domains': ['sketch']}
Loss historical diff: 0.4455850124359131; Loss Difference: 0.0, Decision: 0
Round 211 took 4.891690015792847s, results:
{'t': 210, 'current_accuracy': 0.4453125, 'current_loss': 1.523307740688324, 'train_loss': None, 'decision': 0, 'drift_rate': 0.016, 'target_domains': ['sketch']}
Loss historical diff: 0.448616087436676; Loss Difference: 0.0, Decision: 0
Round 212 took 4.64290189743042s, results:
{'t': 211, 'current_accuracy': 0.44140625, 'current_loss': 1.526338815689087, 'train_loss': None, 'decision': 0, 'drift_rate': 0.016, 'target_domains': ['sketch']}
Loss historical diff: 0.4533073902130127; Loss Difference: 0.0, Decision: 0
Round 213 took 4.903666019439697s, results:
{'t': 212, 'current_accuracy': 0.4453125, 'current_loss': 1.5310301184654236, 'train_loss': None, 'decision': 0, 'drift_rate': 0.016, 'target_domains': ['sketch']}
Loss historical diff: 0.44159233570098877; Loss Difference: 0.0, Decision: 0
Round 214 took 5.050732612609863s, results:
{'t': 213, 'current_accuracy': 0.453125, 'current_loss': 1.5193150639533997, 'train_loss': None, 'decision': 0, 'drift_rate': 0.016, 'target_domains': ['sketch']}
Loss historical diff: 0.4342690110206604; Loss Difference: 0.0, Decision: 0
Round 215 took 5.213503837585449s, results:
{'t': 214, 'current_accuracy': 0.45703125, 'current_loss': 1.5119917392730713, 'train_loss': None, 'decision': 0, 'drift_rate': 0.016, 'target_domains': ['sketch']}
Loss historical diff: 0.4265100955963135; Loss Difference: 0.0, Decision: 0
Round 216 took 4.45282769203186s, results:
{'t': 215, 'current_accuracy': 0.46484375, 'current_loss': 1.5042328238487244, 'train_loss': None, 'decision': 0, 'drift_rate': 0.016, 'target_domains': ['sketch']}
Loss historical diff: 0.42799878120422363; Loss Difference: 0.0, Decision: 0
Round 217 took 4.762437343597412s, results:
{'t': 216, 'current_accuracy': 0.45703125, 'current_loss': 1.5057215094566345, 'train_loss': None, 'decision': 0, 'drift_rate': 0.016, 'target_domains': ['sketch']}
Loss historical diff: 0.41045576333999634; Loss Difference: 0.0, Decision: 0
Round 218 took 4.95217752456665s, results:
{'t': 217, 'current_accuracy': 0.46484375, 'current_loss': 1.4881784915924072, 'train_loss': None, 'decision': 0, 'drift_rate': 0.016, 'target_domains': ['sketch']}
Loss historical diff: 0.4078696370124817; Loss Difference: 0.0, Decision: 1
Average loss over 5 updates: 1.4366
Round 219 took 8.076767444610596s, results:
{'t': 218, 'current_accuracy': 0.46875, 'current_loss': 1.4855923652648926, 'train_loss': 1.4365880727767943, 'decision': 1, 'drift_rate': 0.016, 'target_domains': ['sketch']}
Loss historical diff: 0.8517942428588867; Loss Difference: 0.0, Decision: 1
Average loss over 5 updates: 1.3935
Round 220 took 7.543773651123047s, results:
{'t': 219, 'current_accuracy': 0.3671875, 'current_loss': 1.9295169711112976, 'train_loss': 1.3934516906738281, 'decision': 1, 'drift_rate': 0.016, 'target_domains': ['sketch']}
Loss historical diff: 0.4495701789855957; Loss Difference: 0.0, Decision: 0
Round 221 took 4.977835416793823s, results:
{'t': 220, 'current_accuracy': 0.44140625, 'current_loss': 1.5272929072380066, 'train_loss': None, 'decision': 0, 'drift_rate': 0.016, 'target_domains': ['sketch']}
Loss historical diff: 0.452859103679657; Loss Difference: 0.0, Decision: 0
Round 222 took 4.656181812286377s, results:
{'t': 221, 'current_accuracy': 0.43359375, 'current_loss': 1.5305818319320679, 'train_loss': None, 'decision': 0, 'drift_rate': 0.016, 'target_domains': ['sketch']}
Loss historical diff: 0.4648868441581726; Loss Difference: 0.0, Decision: 0
Round 223 took 5.016814231872559s, results:
{'t': 222, 'current_accuracy': 0.4296875, 'current_loss': 1.5426095724105835, 'train_loss': None, 'decision': 0, 'drift_rate': 0.016, 'target_domains': ['sketch']}
Loss historical diff: 0.4612541198730469; Loss Difference: 0.0, Decision: 0
Round 224 took 4.6204774379730225s, results:
{'t': 223, 'current_accuracy': 0.4296875, 'current_loss': 1.5389768481254578, 'train_loss': None, 'decision': 0, 'drift_rate': 0.016, 'target_domains': ['sketch']}
Loss historical diff: 0.4292525053024292; Loss Difference: 0.0, Decision: 0
Round 225 took 4.834784746170044s, results:
{'t': 224, 'current_accuracy': 0.4375, 'current_loss': 1.50697523355484, 'train_loss': None, 'decision': 0, 'drift_rate': 0.016, 'target_domains': ['sketch']}
Loss historical diff: 0.41484659910202026; Loss Difference: 0.0, Decision: 0
Round 226 took 4.35312294960022s, results:
{'t': 225, 'current_accuracy': 0.4453125, 'current_loss': 1.4925693273544312, 'train_loss': None, 'decision': 0, 'drift_rate': 0.016, 'target_domains': ['sketch']}
Loss historical diff: 0.40224844217300415; Loss Difference: 0.0, Decision: 0
Round 227 took 4.58260178565979s, results:
{'t': 226, 'current_accuracy': 0.44921875, 'current_loss': 1.479971170425415, 'train_loss': None, 'decision': 0, 'drift_rate': 0.016, 'target_domains': ['sketch']}
Loss historical diff: 0.3943461775779724; Loss Difference: 0.0, Decision: 0
Round 228 took 4.296249628067017s, results:
{'t': 227, 'current_accuracy': 0.4453125, 'current_loss': 1.4720689058303833, 'train_loss': None, 'decision': 0, 'drift_rate': 0.016, 'target_domains': ['sketch']}
Loss historical diff: 0.4076462388038635; Loss Difference: 0.0, Decision: 0
Round 229 took 4.621415615081787s, results:
{'t': 228, 'current_accuracy': 0.4453125, 'current_loss': 1.4853689670562744, 'train_loss': None, 'decision': 0, 'drift_rate': 0.016, 'target_domains': ['sketch']}
Loss historical diff: 0.40068674087524414; Loss Difference: 0.0, Decision: 0
Round 230 took 4.191155195236206s, results:
{'t': 229, 'current_accuracy': 0.44140625, 'current_loss': 1.478409469127655, 'train_loss': None, 'decision': 0, 'drift_rate': 0.016, 'target_domains': ['sketch']}
Loss historical diff: 0.40455007553100586; Loss Difference: 0.0, Decision: 0
Round 231 took 4.400089740753174s, results:
{'t': 230, 'current_accuracy': 0.4375, 'current_loss': 1.4822728037834167, 'train_loss': None, 'decision': 0, 'drift_rate': 0.016, 'target_domains': ['sketch']}
Loss historical diff: 0.3923293352127075; Loss Difference: 0.0, Decision: 0
Round 232 took 4.496197462081909s, results:
{'t': 231, 'current_accuracy': 0.4453125, 'current_loss': 1.4700520634651184, 'train_loss': None, 'decision': 0, 'drift_rate': 0.016, 'target_domains': ['sketch']}
Loss historical diff: 0.40185219049453735; Loss Difference: 0.0, Decision: 0
Round 233 took 4.630675554275513s, results:
{'t': 232, 'current_accuracy': 0.4453125, 'current_loss': 1.4795749187469482, 'train_loss': None, 'decision': 0, 'drift_rate': 0.016, 'target_domains': ['sketch']}
Loss historical diff: 0.4158129096031189; Loss Difference: 0.0, Decision: 0
Round 234 took 4.612495422363281s, results:
{'t': 233, 'current_accuracy': 0.4375, 'current_loss': 1.4935356378555298, 'train_loss': None, 'decision': 0, 'drift_rate': 0.016, 'target_domains': ['sketch']}
Loss historical diff: 0.4264940023422241; Loss Difference: 0.0, Decision: 0
Round 235 took 4.343996286392212s, results:
{'t': 234, 'current_accuracy': 0.43359375, 'current_loss': 1.504216730594635, 'train_loss': None, 'decision': 0, 'drift_rate': 0.016, 'target_domains': ['sketch']}
Loss historical diff: 0.4228745698928833; Loss Difference: 0.0, Decision: 0
Round 236 took 4.534290552139282s, results:
{'t': 235, 'current_accuracy': 0.42578125, 'current_loss': 1.5005972981452942, 'train_loss': None, 'decision': 0, 'drift_rate': 0.016, 'target_domains': ['sketch']}
Loss historical diff: 0.42074352502822876; Loss Difference: 0.0, Decision: 0
Round 237 took 4.257565498352051s, results:
{'t': 236, 'current_accuracy': 0.4296875, 'current_loss': 1.4984662532806396, 'train_loss': None, 'decision': 0, 'drift_rate': 0.016, 'target_domains': ['sketch']}
Loss historical diff: 0.4138529300689697; Loss Difference: 0.0, Decision: 0
Round 238 took 4.085210561752319s, results:
{'t': 237, 'current_accuracy': 0.4375, 'current_loss': 1.4915756583213806, 'train_loss': None, 'decision': 0, 'drift_rate': 0.016, 'target_domains': ['sketch']}
Loss historical diff: 0.417651891708374; Loss Difference: 0.0, Decision: 1
Average loss over 5 updates: 1.5123
Round 239 took 6.6609108448028564s, results:
{'t': 238, 'current_accuracy': 0.4375, 'current_loss': 1.495374619960785, 'train_loss': 1.5123233079910279, 'decision': 1, 'drift_rate': 0.016, 'target_domains': ['sketch']}
Loss historical diff: 0.581875205039978; Loss Difference: 0.0, Decision: 0
Round 240 took 3.7519917488098145s, results:
{'t': 239, 'current_accuracy': 0.46875, 'current_loss': 1.659597933292389, 'train_loss': None, 'decision': 0, 'drift_rate': 0.016, 'target_domains': ['sketch']}
Loss historical diff: 0.5722422003746033; Loss Difference: 0.0, Decision: 0
Round 241 took 4.054056406021118s, results:
{'t': 240, 'current_accuracy': 0.48046875, 'current_loss': 1.6499649286270142, 'train_loss': None, 'decision': 0, 'drift_rate': 0.016, 'target_domains': ['sketch']}
Loss historical diff: 0.5703360438346863; Loss Difference: 0.0, Decision: 0
Round 242 took 4.112676382064819s, results:
{'t': 241, 'current_accuracy': 0.48046875, 'current_loss': 1.6480587720870972, 'train_loss': None, 'decision': 0, 'drift_rate': 0.016, 'target_domains': ['sketch']}
Loss historical diff: 0.5813564658164978; Loss Difference: 0.0, Decision: 0
Round 243 took 4.479606866836548s, results:
{'t': 242, 'current_accuracy': 0.46875, 'current_loss': 1.6590791940689087, 'train_loss': None, 'decision': 0, 'drift_rate': 0.016, 'target_domains': ['sketch']}
Loss historical diff: 0.5680040121078491; Loss Difference: 0.0, Decision: 0
Round 244 took 4.594845771789551s, results:
{'t': 243, 'current_accuracy': 0.47265625, 'current_loss': 1.64572674036026, 'train_loss': None, 'decision': 0, 'drift_rate': 0.016, 'target_domains': ['sketch']}
Loss historical diff: 0.5860817432403564; Loss Difference: 0.0, Decision: 0
Round 245 took 4.354536294937134s, results:
{'t': 244, 'current_accuracy': 0.46484375, 'current_loss': 1.6638044714927673, 'train_loss': None, 'decision': 0, 'drift_rate': 0.016, 'target_domains': ['sketch']}
Loss historical diff: 0.5628342032432556; Loss Difference: 0.0, Decision: 1
Average loss over 5 updates: 1.4290
Round 246 took 6.561421871185303s, results:
{'t': 245, 'current_accuracy': 0.46875, 'current_loss': 1.6405569314956665, 'train_loss': 1.4290178537368774, 'decision': 1, 'drift_rate': 0.016, 'target_domains': ['sketch']}
Loss historical diff: 0.745094895362854; Loss Difference: 0.0, Decision: 0
Round 247 took 4.036654472351074s, results:
{'t': 246, 'current_accuracy': 0.41796875, 'current_loss': 1.822817623615265, 'train_loss': None, 'decision': 0, 'drift_rate': 0.016, 'target_domains': ['sketch']}
Loss historical diff: 0.7755348086357117; Loss Difference: 0.0, Decision: 0
Round 248 took 3.955277442932129s, results:
{'t': 247, 'current_accuracy': 0.41015625, 'current_loss': 1.8532575368881226, 'train_loss': None, 'decision': 0, 'drift_rate': 0.016, 'target_domains': ['sketch']}
Loss historical diff: 0.7860829830169678; Loss Difference: 0.0, Decision: 0
Round 249 took 4.011468410491943s, results:
{'t': 248, 'current_accuracy': 0.41015625, 'current_loss': 1.8638057112693787, 'train_loss': None, 'decision': 0, 'drift_rate': 0.016, 'target_domains': ['sketch']}
Loss historical diff: 0.777412474155426; Loss Difference: 0.0, Decision: 0
Round 250 took 3.5613439083099365s, results:
{'t': 249, 'current_accuracy': 0.4140625, 'current_loss': 1.855135202407837, 'train_loss': None, 'decision': 0, 'drift_rate': 0.016, 'target_domains': ['sketch']}
Average time per round: 5.006026285171509
Total time: 1251.5065712928772
