Using the latest cached version of the dataset since flwrlabs/pacs couldn't be found on the Hugging Face Hub
Found the latest cached dataset configuration 'default' at /home/apiasecz/.cache/huggingface/datasets/flwrlabs___pacs/default/0.0.0/394113073258ead631f617d2e13bb377c0715c4b (last modified on Wed Jan 29 16:59:35 2025).
Device: cuda
CUDA Version: 12.1
cuDNN Version: 8902
PyTorch Version: 2.3.0
Model used: PACSCNN_4
Initial training subset size: 3929
Round 0 took 1.9099464416503906 seconds
    Round 0: Decision = 0, Drift = 0.0000
    Current accuracy: 0.9323, Loss: 0.1966
Current target domain: sketch
Round 1 took 1.8955771923065186 seconds
    Round 1: Decision = 0, Drift = 0.0000
    Current accuracy: 0.9323, Loss: 0.1966
Current target domain: sketch
Round 2 took 1.9443237781524658 seconds
    Round 2: Decision = 0, Drift = 0.0000
    Current accuracy: 0.9323, Loss: 0.1966
Current target domain: sketch
Round 3 took 1.9255168437957764 seconds
    Round 3: Decision = 0, Drift = 0.0000
    Current accuracy: 0.9323, Loss: 0.1966
Current target domain: sketch
Round 4 took 1.9138972759246826 seconds
    Round 4: Decision = 0, Drift = 0.0000
    Current accuracy: 0.9323, Loss: 0.1966
Current target domain: sketch
Round 5 took 1.9291555881500244 seconds
    Round 5: Decision = 0, Drift = 0.0000
    Current accuracy: 0.9323, Loss: 0.1966
Current target domain: sketch
Round 6 took 1.8520739078521729 seconds
    Round 6: Decision = 0, Drift = 0.0000
    Current accuracy: 0.9323, Loss: 0.1966
Current target domain: sketch
Round 7 took 1.9493632316589355 seconds
    Round 7: Decision = 0, Drift = 0.0000
    Current accuracy: 0.9323, Loss: 0.1966
Current target domain: sketch
Round 8 took 1.9635932445526123 seconds
    Round 8: Decision = 0, Drift = 0.0000
    Current accuracy: 0.9323, Loss: 0.1966
Current target domain: sketch
Round 9 took 1.9822673797607422 seconds
    Round 9: Decision = 0, Drift = 0.0000
    Current accuracy: 0.9323, Loss: 0.1966
Current target domain: sketch
Round 10 took 1.8580591678619385 seconds
    Round 10: Decision = 0, Drift = 0.0000
    Current accuracy: 0.9323, Loss: 0.1966
Current target domain: sketch
Round 11 took 1.9303185939788818 seconds
    Round 11: Decision = 0, Drift = 0.0000
    Current accuracy: 0.9323, Loss: 0.1966
Current target domain: sketch
Round 12 took 1.9908111095428467 seconds
    Round 12: Decision = 0, Drift = 0.0000
    Current accuracy: 0.9323, Loss: 0.1966
Current target domain: sketch
Round 13 took 1.9424636363983154 seconds
    Round 13: Decision = 0, Drift = 0.0000
    Current accuracy: 0.9323, Loss: 0.1966
Current target domain: sketch
Round 14 took 1.9832396507263184 seconds
    Round 14: Decision = 0, Drift = 0.0000
    Current accuracy: 0.9323, Loss: 0.1966
Current target domain: sketch
Round 15 took 2.033324956893921 seconds
    Round 15: Decision = 0, Drift = 0.0000
    Current accuracy: 0.9323, Loss: 0.1966
Current target domain: sketch
Round 16 took 1.990968942642212 seconds
    Round 16: Decision = 0, Drift = 0.0000
    Current accuracy: 0.9323, Loss: 0.1966
Current target domain: sketch
Round 17 took 2.048327922821045 seconds
    Round 17: Decision = 0, Drift = 0.0000
    Current accuracy: 0.9323, Loss: 0.1966
Current target domain: sketch
Round 18 took 2.0244481563568115 seconds
    Round 18: Decision = 0, Drift = 0.0000
    Current accuracy: 0.9323, Loss: 0.1966
Current target domain: sketch
Round 19 took 1.9171664714813232 seconds
    Round 19: Decision = 0, Drift = 0.0000
    Current accuracy: 0.9323, Loss: 0.1966
Current target domain: sketch
Round 20 took 2.074374198913574 seconds
    Round 20: Decision = 0, Drift = 0.0000
    Current accuracy: 0.9323, Loss: 0.1966
Current target domain: sketch
Round 21 took 1.997493028640747 seconds
    Round 21: Decision = 0, Drift = 0.0000
    Current accuracy: 0.9323, Loss: 0.1966
Current target domain: sketch
Round 22 took 2.0630455017089844 seconds
    Round 22: Decision = 0, Drift = 0.0000
    Current accuracy: 0.9323, Loss: 0.1966
Current target domain: sketch
Round 23 took 1.9807391166687012 seconds
    Round 23: Decision = 0, Drift = 0.0000
    Current accuracy: 0.9323, Loss: 0.1966
Current target domain: sketch
Round 24 took 1.9634373188018799 seconds
    Round 24: Decision = 0, Drift = 0.0000
    Current accuracy: 0.9323, Loss: 0.1966
Current target domain: sketch
Round 25 took 12.232801914215088 seconds
    Round 25: Decision = 0, Drift = 0.5000
    Current accuracy: 0.9630, Loss: 0.1940
Current target domain: sketch
Round 26 took 11.8831467628479 seconds
    Round 26: Decision = 0, Drift = 0.5000
    Current accuracy: 0.9498, Loss: 0.1895
Current target domain: sketch
Round 27 took 1.9618163108825684 seconds
    Round 27: Decision = 0, Drift = 0.0000
    Current accuracy: 0.9498, Loss: 0.1895
Current target domain: sketch
Round 28 took 2.025608777999878 seconds
    Round 28: Decision = 0, Drift = 0.0000
    Current accuracy: 0.9498, Loss: 0.1895
Current target domain: sketch
Round 29 took 2.000638008117676 seconds
    Round 29: Decision = 0, Drift = 0.0000
    Current accuracy: 0.9498, Loss: 0.1895
Current target domain: sketch
Round 30 took 1.9560177326202393 seconds
    Round 30: Decision = 0, Drift = 0.0000
    Current accuracy: 0.9498, Loss: 0.1895
Current target domain: sketch
Round 31 took 2.2398319244384766 seconds
    Round 31: Decision = 0, Drift = 0.0000
    Current accuracy: 0.9498, Loss: 0.1895
Current target domain: sketch
Round 32 took 2.094951629638672 seconds
    Round 32: Decision = 0, Drift = 0.0000
    Current accuracy: 0.9498, Loss: 0.1895
Current target domain: sketch
Round 33 took 2.0608608722686768 seconds
    Round 33: Decision = 0, Drift = 0.0000
    Current accuracy: 0.9498, Loss: 0.1895
Current target domain: sketch
Round 34 took 1.9583661556243896 seconds
    Round 34: Decision = 0, Drift = 0.0000
    Current accuracy: 0.9498, Loss: 0.1895
Current target domain: sketch
Round 35 took 2.020272970199585 seconds
    Round 35: Decision = 0, Drift = 0.0000
    Current accuracy: 0.9498, Loss: 0.1895
Current target domain: sketch
Round 36 took 1.9594032764434814 seconds
    Round 36: Decision = 0, Drift = 0.0000
    Current accuracy: 0.9498, Loss: 0.1895
Current target domain: sketch
Round 37 took 1.9873111248016357 seconds
    Round 37: Decision = 0, Drift = 0.0000
    Current accuracy: 0.9498, Loss: 0.1895
Current target domain: sketch
Round 38 took 2.022132158279419 seconds
    Round 38: Decision = 0, Drift = 0.0000
    Current accuracy: 0.9498, Loss: 0.1895
Current target domain: sketch
Round 39 took 1.9776647090911865 seconds
    Round 39: Decision = 0, Drift = 0.0000
    Current accuracy: 0.9498, Loss: 0.1895
Current target domain: sketch
Round 40 took 1.9759602546691895 seconds
    Round 40: Decision = 0, Drift = 0.0000
    Current accuracy: 0.9498, Loss: 0.1895
Current target domain: sketch
Round 41 took 1.9833362102508545 seconds
    Round 41: Decision = 0, Drift = 0.0000
    Current accuracy: 0.9498, Loss: 0.1895
Current target domain: sketch
Round 42 took 2.0018296241760254 seconds
    Round 42: Decision = 0, Drift = 0.0000
    Current accuracy: 0.9498, Loss: 0.1895
Current target domain: sketch
Round 43 took 1.9781897068023682 seconds
    Round 43: Decision = 0, Drift = 0.0000
    Current accuracy: 0.9498, Loss: 0.1895
Current target domain: sketch
Round 44 took 1.9879722595214844 seconds
    Round 44: Decision = 0, Drift = 0.0000
    Current accuracy: 0.9498, Loss: 0.1895
Current target domain: sketch
Round 45 took 2.1519932746887207 seconds
    Round 45: Decision = 0, Drift = 0.0000
    Current accuracy: 0.9498, Loss: 0.1895
Current target domain: sketch
Round 46 took 2.03891658782959 seconds
    Round 46: Decision = 0, Drift = 0.0000
    Current accuracy: 0.9498, Loss: 0.1895
Current target domain: sketch
Round 47 took 2.1083359718322754 seconds
    Round 47: Decision = 0, Drift = 0.0000
    Current accuracy: 0.9498, Loss: 0.1895
Current target domain: sketch
Round 48 took 2.0627613067626953 seconds
    Round 48: Decision = 0, Drift = 0.0000
    Current accuracy: 0.9498, Loss: 0.1895
Current target domain: sketch
Round 49 took 2.043027877807617 seconds
    Round 49: Decision = 0, Drift = 0.0000
    Current accuracy: 0.9498, Loss: 0.1895
Current target domain: sketch
Round 50 took 2.0663976669311523 seconds
    Round 50: Decision = 0, Drift = 0.0000
    Current accuracy: 0.9498, Loss: 0.1895
Current target domain: sketch
Round 51 took 1.9790401458740234 seconds
    Round 51: Decision = 0, Drift = 0.0000
    Current accuracy: 0.9498, Loss: 0.1895
Current target domain: sketch
Round 52 took 2.051133155822754 seconds
    Round 52: Decision = 0, Drift = 0.0000
    Current accuracy: 0.9498, Loss: 0.1895
Current target domain: sketch
Round 53 took 1.991450548171997 seconds
    Round 53: Decision = 0, Drift = 0.0000
    Current accuracy: 0.9498, Loss: 0.1895
Current target domain: sketch
Round 54 took 1.9828391075134277 seconds
    Round 54: Decision = 0, Drift = 0.0000
    Current accuracy: 0.9498, Loss: 0.1895
Current target domain: sketch
Average loss over 1 updates: 0.2143
Round 55 took 3.362621545791626 seconds
    Round 55: Decision = 1, Drift = 0.0000
    Current accuracy: 0.9642, Loss: 0.1895
Current target domain: sketch
Average loss over 1 updates: 0.0681
Round 56 took 3.4308948516845703 seconds
    Round 56: Decision = 1, Drift = 0.0000
    Current accuracy: 0.9586, Loss: 0.1966
Current target domain: sketch
Average loss over 1 updates: 0.0449
Round 57 took 3.4802112579345703 seconds
    Round 57: Decision = 1, Drift = 0.0000
    Current accuracy: 0.9566, Loss: 0.2067
Current target domain: sketch
Average loss over 1 updates: 0.0340
Round 58 took 3.4307072162628174 seconds
    Round 58: Decision = 1, Drift = 0.0000
    Current accuracy: 0.9566, Loss: 0.2150
Current target domain: sketch
Average loss over 1 updates: 0.0286
Round 59 took 3.5130398273468018 seconds
    Round 59: Decision = 1, Drift = 0.0000
    Current accuracy: 0.9603, Loss: 0.2149
Current target domain: sketch
Average loss over 1 updates: 0.0252
Round 60 took 3.521494150161743 seconds
    Round 60: Decision = 1, Drift = 0.0000
    Current accuracy: 0.9603, Loss: 0.2106
Current target domain: sketch
Average loss over 1 updates: 0.0228
Round 61 took 3.448444128036499 seconds
    Round 61: Decision = 1, Drift = 0.0000
    Current accuracy: 0.9586, Loss: 0.2048
Current target domain: sketch
Round 62 took 2.0326502323150635 seconds
    Round 62: Decision = 0, Drift = 0.0000
    Current accuracy: 0.9586, Loss: 0.1991
Current target domain: sketch
Round 63 took 2.035362720489502 seconds
    Round 63: Decision = 0, Drift = 0.0000
    Current accuracy: 0.9586, Loss: 0.1991
Current target domain: sketch
Round 64 took 2.001439332962036 seconds
    Round 64: Decision = 0, Drift = 0.0000
    Current accuracy: 0.9586, Loss: 0.1991
Current target domain: sketch
Round 65 took 2.0658702850341797 seconds
    Round 65: Decision = 0, Drift = 0.0000
    Current accuracy: 0.9586, Loss: 0.1991
Current target domain: sketch
Round 66 took 2.0780582427978516 seconds
    Round 66: Decision = 0, Drift = 0.0000
    Current accuracy: 0.9586, Loss: 0.1991
Current target domain: sketch
Round 67 took 2.029811143875122 seconds
    Round 67: Decision = 0, Drift = 0.0000
    Current accuracy: 0.9586, Loss: 0.1991
Current target domain: sketch
Round 68 took 1.9844813346862793 seconds
    Round 68: Decision = 0, Drift = 0.0000
    Current accuracy: 0.9586, Loss: 0.1991
Current target domain: sketch
Round 69 took 2.0370256900787354 seconds
    Round 69: Decision = 0, Drift = 0.0000
    Current accuracy: 0.9586, Loss: 0.1991
Current target domain: sketch
Round 70 took 2.057978391647339 seconds
    Round 70: Decision = 0, Drift = 0.0000
    Current accuracy: 0.9586, Loss: 0.1991
Current target domain: sketch
Round 71 took 2.0948469638824463 seconds
    Round 71: Decision = 0, Drift = 0.0000
    Current accuracy: 0.9586, Loss: 0.1991
Current target domain: sketch
Round 72 took 2.140080451965332 seconds
    Round 72: Decision = 0, Drift = 0.0000
    Current accuracy: 0.9586, Loss: 0.1991
Current target domain: sketch
Round 73 took 2.105956554412842 seconds
    Round 73: Decision = 0, Drift = 0.0000
    Current accuracy: 0.9586, Loss: 0.1991
Current target domain: sketch
Round 74 took 1.949369192123413 seconds
    Round 74: Decision = 0, Drift = 0.0000
    Current accuracy: 0.9586, Loss: 0.1991
Current target domain: sketch
Round 75 took 2.1097371578216553 seconds
    Round 75: Decision = 0, Drift = 0.0000
    Current accuracy: 0.9586, Loss: 0.1991
Current target domain: sketch
Round 76 took 2.0027928352355957 seconds
    Round 76: Decision = 0, Drift = 0.0000
    Current accuracy: 0.9586, Loss: 0.1991
Current target domain: sketch
Round 77 took 2.135061740875244 seconds
    Round 77: Decision = 0, Drift = 0.0000
    Current accuracy: 0.9586, Loss: 0.1991
Current target domain: sketch
Round 78 took 2.0388355255126953 seconds
    Round 78: Decision = 0, Drift = 0.0000
    Current accuracy: 0.9586, Loss: 0.1991
Current target domain: sketch
Round 79 took 2.123114585876465 seconds
    Round 79: Decision = 0, Drift = 0.0000
    Current accuracy: 0.9586, Loss: 0.1991
Current target domain: sketch
Round 80 took 2.0161638259887695 seconds
    Round 80: Decision = 0, Drift = 0.0000
    Current accuracy: 0.9586, Loss: 0.1991
Current target domain: sketch
Round 81 took 2.0856423377990723 seconds
    Round 81: Decision = 0, Drift = 0.0000
    Current accuracy: 0.9586, Loss: 0.1991
Current target domain: sketch
Round 82 took 2.009761095046997 seconds
    Round 82: Decision = 0, Drift = 0.0000
    Current accuracy: 0.9586, Loss: 0.1991
Current target domain: sketch
Round 83 took 2.009251117706299 seconds
    Round 83: Decision = 0, Drift = 0.0000
    Current accuracy: 0.9586, Loss: 0.1991
Current target domain: sketch
Round 84 took 2.0045900344848633 seconds
    Round 84: Decision = 0, Drift = 0.0000
    Current accuracy: 0.9586, Loss: 0.1991
Current target domain: sketch
Round 85 took 2.0575788021087646 seconds
    Round 85: Decision = 0, Drift = 0.0000
    Current accuracy: 0.9586, Loss: 0.1991
Current target domain: sketch
Round 86 took 2.0967020988464355 seconds
    Round 86: Decision = 0, Drift = 0.0000
    Current accuracy: 0.9586, Loss: 0.1991
Current target domain: sketch
Round 87 took 2.127183198928833 seconds
    Round 87: Decision = 0, Drift = 0.0000
    Current accuracy: 0.9586, Loss: 0.1991
Current target domain: sketch
Round 88 took 2.215510606765747 seconds
    Round 88: Decision = 0, Drift = 0.0000
    Current accuracy: 0.9586, Loss: 0.1991
Current target domain: sketch
Round 89 took 2.049255847930908 seconds
    Round 89: Decision = 0, Drift = 0.0000
    Current accuracy: 0.9586, Loss: 0.1991
Current target domain: sketch
Round 90 took 2.1789140701293945 seconds
    Round 90: Decision = 0, Drift = 0.0000
    Current accuracy: 0.9586, Loss: 0.1991
Current target domain: sketch
Round 91 took 1.97916579246521 seconds
    Round 91: Decision = 0, Drift = 0.0000
    Current accuracy: 0.9586, Loss: 0.1991
Current target domain: sketch
Round 92 took 1.9844794273376465 seconds
    Round 92: Decision = 0, Drift = 0.0000
    Current accuracy: 0.9586, Loss: 0.1991
Current target domain: sketch
Round 93 took 2.012397527694702 seconds
    Round 93: Decision = 0, Drift = 0.0000
    Current accuracy: 0.9586, Loss: 0.1991
Current target domain: sketch
Round 94 took 1.9835100173950195 seconds
    Round 94: Decision = 0, Drift = 0.0000
    Current accuracy: 0.9586, Loss: 0.1991
Current target domain: sketch
Round 95 took 2.0346460342407227 seconds
    Round 95: Decision = 0, Drift = 0.0000
    Current accuracy: 0.9586, Loss: 0.1991
Current target domain: sketch
Round 96 took 2.0507397651672363 seconds
    Round 96: Decision = 0, Drift = 0.0000
    Current accuracy: 0.9586, Loss: 0.1991
Current target domain: sketch
Round 97 took 2.031792163848877 seconds
    Round 97: Decision = 0, Drift = 0.0000
    Current accuracy: 0.9586, Loss: 0.1991
Current target domain: sketch
Round 98 took 2.0751607418060303 seconds
    Round 98: Decision = 0, Drift = 0.0000
    Current accuracy: 0.9586, Loss: 0.1991
Current target domain: sketch
Round 99 took 2.0528433322906494 seconds
    Round 99: Decision = 0, Drift = 0.0000
    Current accuracy: 0.9586, Loss: 0.1991
Current target domain: sketch
Round 100 took 1.9921021461486816 seconds
    Round 100: Decision = 0, Drift = 0.0000
    Current accuracy: 0.9586, Loss: 0.1991
Current target domain: sketch
Round 101 took 2.1226046085357666 seconds
    Round 101: Decision = 0, Drift = 0.0000
    Current accuracy: 0.9586, Loss: 0.1991
Current target domain: sketch
Round 102 took 2.094128370285034 seconds
    Round 102: Decision = 0, Drift = 0.0000
    Current accuracy: 0.9586, Loss: 0.1991
Current target domain: sketch
Round 103 took 2.112924098968506 seconds
    Round 103: Decision = 0, Drift = 0.0000
    Current accuracy: 0.9586, Loss: 0.1991
Current target domain: sketch
Round 104 took 2.0525877475738525 seconds
    Round 104: Decision = 0, Drift = 0.0000
    Current accuracy: 0.9586, Loss: 0.1991
Current target domain: sketch
Average loss over 1 updates: 0.0210
Round 105 took 3.62746524810791 seconds
    Round 105: Decision = 1, Drift = 0.0000
    Current accuracy: 0.9586, Loss: 0.1991
Current target domain: sketch
Average loss over 1 updates: 0.0195
Round 106 took 3.394976854324341 seconds
    Round 106: Decision = 1, Drift = 0.0000
    Current accuracy: 0.9625, Loss: 0.1935
Current target domain: sketch
Average loss over 1 updates: 0.0183
Round 107 took 3.226300001144409 seconds
    Round 107: Decision = 1, Drift = 0.0000
    Current accuracy: 0.9644, Loss: 0.1887
Current target domain: sketch
Average loss over 1 updates: 0.0173
Round 108 took 3.349806308746338 seconds
    Round 108: Decision = 1, Drift = 0.0000
    Current accuracy: 0.9625, Loss: 0.1847
Current target domain: sketch
Average loss over 1 updates: 0.0164
Round 109 took 3.4897828102111816 seconds
    Round 109: Decision = 1, Drift = 0.0000
    Current accuracy: 0.9661, Loss: 0.1811
Current target domain: sketch
Average loss over 1 updates: 0.0156
Round 110 took 3.339858055114746 seconds
    Round 110: Decision = 1, Drift = 0.0000
    Current accuracy: 0.9661, Loss: 0.1782
Current target domain: sketch
Average loss over 1 updates: 0.0149
Round 111 took 3.482332706451416 seconds
    Round 111: Decision = 1, Drift = 0.0000
    Current accuracy: 0.9681, Loss: 0.1758
Current target domain: sketch
Average loss over 1 updates: 0.0143
Round 112 took 3.5904181003570557 seconds
    Round 112: Decision = 1, Drift = 0.0000
    Current accuracy: 0.9681, Loss: 0.1738
Current target domain: sketch
Round 113 took 2.15850567817688 seconds
    Round 113: Decision = 0, Drift = 0.0000
    Current accuracy: 0.9681, Loss: 0.1722
Current target domain: sketch
Round 114 took 2.0701375007629395 seconds
    Round 114: Decision = 0, Drift = 0.0000
    Current accuracy: 0.9681, Loss: 0.1722
Current target domain: sketch
Round 115 took 2.1268036365509033 seconds
    Round 115: Decision = 0, Drift = 0.0000
    Current accuracy: 0.9681, Loss: 0.1722
Current target domain: sketch
Round 116 took 2.128655433654785 seconds
    Round 116: Decision = 0, Drift = 0.0000
    Current accuracy: 0.9681, Loss: 0.1722
Current target domain: sketch
Round 117 took 2.0944900512695312 seconds
    Round 117: Decision = 0, Drift = 0.0000
    Current accuracy: 0.9681, Loss: 0.1722
Current target domain: sketch
Round 118 took 2.019857168197632 seconds
    Round 118: Decision = 0, Drift = 0.0000
    Current accuracy: 0.9681, Loss: 0.1722
Current target domain: sketch
Round 119 took 2.117460250854492 seconds
    Round 119: Decision = 0, Drift = 0.0000
    Current accuracy: 0.9681, Loss: 0.1722
Current target domain: sketch
Round 120 took 2.015407085418701 seconds
    Round 120: Decision = 0, Drift = 0.0000
    Current accuracy: 0.9681, Loss: 0.1722
Current target domain: sketch
Round 121 took 2.129868984222412 seconds
    Round 121: Decision = 0, Drift = 0.0000
    Current accuracy: 0.9681, Loss: 0.1722
Current target domain: sketch
Round 122 took 2.107713460922241 seconds
    Round 122: Decision = 0, Drift = 0.0000
    Current accuracy: 0.9681, Loss: 0.1722
Current target domain: sketch
Round 123 took 2.066964626312256 seconds
    Round 123: Decision = 0, Drift = 0.0000
    Current accuracy: 0.9681, Loss: 0.1722
Current target domain: sketch
Round 124 took 2.088278293609619 seconds
    Round 124: Decision = 0, Drift = 0.0000
    Current accuracy: 0.9681, Loss: 0.1722
Current target domain: sketch
Round 125 took 12.640098810195923 seconds
    Round 125: Decision = 0, Drift = 0.5000
    Current accuracy: 0.9457, Loss: 0.1791
Current target domain: cartoon
Round 126 took 12.334957838058472 seconds
    Round 126: Decision = 0, Drift = 0.5000
    Current accuracy: 0.5055, Loss: 13.4913
Current target domain: cartoon
Round 127 took 1.9065885543823242 seconds
    Round 127: Decision = 0, Drift = 0.0000
    Current accuracy: 0.5055, Loss: 13.4913
Current target domain: cartoon
Round 128 took 1.96016526222229 seconds
    Round 128: Decision = 0, Drift = 0.0000
    Current accuracy: 0.5055, Loss: 13.4913
Current target domain: cartoon
Round 129 took 2.0740883350372314 seconds
    Round 129: Decision = 0, Drift = 0.0000
    Current accuracy: 0.5055, Loss: 13.4913
Current target domain: cartoon
Round 130 took 2.0595474243164062 seconds
    Round 130: Decision = 0, Drift = 0.0000
    Current accuracy: 0.5055, Loss: 13.4913
Current target domain: cartoon
Round 131 took 1.9470586776733398 seconds
    Round 131: Decision = 0, Drift = 0.0000
    Current accuracy: 0.5055, Loss: 13.4913
Current target domain: cartoon
Round 132 took 2.0230872631073 seconds
    Round 132: Decision = 0, Drift = 0.0000
    Current accuracy: 0.5055, Loss: 13.4913
Current target domain: cartoon
Round 133 took 2.0609476566314697 seconds
    Round 133: Decision = 0, Drift = 0.0000
    Current accuracy: 0.5055, Loss: 13.4913
Current target domain: cartoon
Round 134 took 1.9559109210968018 seconds
    Round 134: Decision = 0, Drift = 0.0000
    Current accuracy: 0.5055, Loss: 13.4913
Current target domain: cartoon
Round 135 took 2.073824405670166 seconds
    Round 135: Decision = 0, Drift = 0.0000
    Current accuracy: 0.5055, Loss: 13.4913
Current target domain: cartoon
Round 136 took 1.9713919162750244 seconds
    Round 136: Decision = 0, Drift = 0.0000
    Current accuracy: 0.5055, Loss: 13.4913
Current target domain: cartoon
Round 137 took 2.030191421508789 seconds
    Round 137: Decision = 0, Drift = 0.0000
    Current accuracy: 0.5055, Loss: 13.4913
Current target domain: cartoon
Round 138 took 2.100522041320801 seconds
    Round 138: Decision = 0, Drift = 0.0000
    Current accuracy: 0.5055, Loss: 13.4913
Current target domain: cartoon
Round 139 took 2.0761938095092773 seconds
    Round 139: Decision = 0, Drift = 0.0000
    Current accuracy: 0.5055, Loss: 13.4913
Current target domain: cartoon
Round 140 took 2.078810691833496 seconds
    Round 140: Decision = 0, Drift = 0.0000
    Current accuracy: 0.5055, Loss: 13.4913
Current target domain: cartoon
Round 141 took 2.046367883682251 seconds
    Round 141: Decision = 0, Drift = 0.0000
    Current accuracy: 0.5055, Loss: 13.4913
Current target domain: cartoon
Round 142 took 2.045987367630005 seconds
    Round 142: Decision = 0, Drift = 0.0000
    Current accuracy: 0.5055, Loss: 13.4913
Current target domain: cartoon
Round 143 took 2.0085577964782715 seconds
    Round 143: Decision = 0, Drift = 0.0000
    Current accuracy: 0.5055, Loss: 13.4913
Current target domain: cartoon
Round 144 took 2.0493788719177246 seconds
    Round 144: Decision = 0, Drift = 0.0000
    Current accuracy: 0.5055, Loss: 13.4913
Current target domain: cartoon
Round 145 took 1.9899835586547852 seconds
    Round 145: Decision = 0, Drift = 0.0000
    Current accuracy: 0.5055, Loss: 13.4913
Current target domain: cartoon
Round 146 took 2.0910301208496094 seconds
    Round 146: Decision = 0, Drift = 0.0000
    Current accuracy: 0.5055, Loss: 13.4913
Current target domain: cartoon
Round 147 took 2.0722646713256836 seconds
    Round 147: Decision = 0, Drift = 0.0000
    Current accuracy: 0.5055, Loss: 13.4913
Current target domain: cartoon
Round 148 took 2.0693328380584717 seconds
    Round 148: Decision = 0, Drift = 0.0000
    Current accuracy: 0.5055, Loss: 13.4913
Current target domain: cartoon
Round 149 took 2.151078939437866 seconds
    Round 149: Decision = 0, Drift = 0.0000
    Current accuracy: 0.5055, Loss: 13.4913
Current target domain: cartoon
Round 150 took 2.0635786056518555 seconds
    Round 150: Decision = 0, Drift = 0.0000
    Current accuracy: 0.5055, Loss: 13.4913
Current target domain: cartoon
Round 151 took 2.0547170639038086 seconds
    Round 151: Decision = 0, Drift = 0.0000
    Current accuracy: 0.5055, Loss: 13.4913
Current target domain: cartoon
Round 152 took 2.0676655769348145 seconds
    Round 152: Decision = 0, Drift = 0.0000
    Current accuracy: 0.5055, Loss: 13.4913
Current target domain: cartoon
Round 153 took 1.9892592430114746 seconds
    Round 153: Decision = 0, Drift = 0.0000
    Current accuracy: 0.5055, Loss: 13.4913
Current target domain: cartoon
Round 154 took 1.9452545642852783 seconds
    Round 154: Decision = 0, Drift = 0.0000
    Current accuracy: 0.5055, Loss: 13.4913
Current target domain: cartoon
Average loss over 1 updates: 4.1556
Round 155 took 3.4251554012298584 seconds
    Round 155: Decision = 1, Drift = 0.0000
    Current accuracy: 0.1660, Loss: 13.4913
Current target domain: cartoon
Average loss over 1 updates: 3.8888
Round 156 took 3.5085861682891846 seconds
    Round 156: Decision = 1, Drift = 0.0000
    Current accuracy: 0.1791, Loss: 64.3002
Current target domain: cartoon
Average loss over 1 updates: 3.4392
Round 157 took 3.375628709793091 seconds
    Round 157: Decision = 1, Drift = 0.0000
    Current accuracy: 0.2096, Loss: 51.9894
Current target domain: cartoon
Average loss over 1 updates: 2.6694
Round 158 took 3.4218783378601074 seconds
    Round 158: Decision = 1, Drift = 0.0000
    Current accuracy: 0.2074, Loss: 405.1154
Current target domain: cartoon
Average loss over 1 updates: 1.2968
Round 159 took 3.471677541732788 seconds
    Round 159: Decision = 1, Drift = 0.0000
    Current accuracy: 0.2169, Loss: 114.7765
Current target domain: cartoon
Average loss over 1 updates: 1.1467
Round 160 took 3.5778486728668213 seconds
    Round 160: Decision = 1, Drift = 0.0000
    Current accuracy: 0.2015, Loss: 65.3787
Current target domain: cartoon
Average loss over 1 updates: 0.6975
Round 161 took 3.4249215126037598 seconds
    Round 161: Decision = 1, Drift = 0.0000
    Current accuracy: 0.2189, Loss: 42.5217
Current target domain: cartoon
Average loss over 1 updates: 0.6844
Round 162 took 3.350781202316284 seconds
    Round 162: Decision = 1, Drift = 0.0000
    Current accuracy: 0.1981, Loss: 24.1188
Current target domain: cartoon
Round 163 took 2.0101418495178223 seconds
    Round 163: Decision = 0, Drift = 0.0000
    Current accuracy: 0.1981, Loss: 17.4079
Current target domain: cartoon
Round 164 took 2.0437283515930176 seconds
    Round 164: Decision = 0, Drift = 0.0000
    Current accuracy: 0.1981, Loss: 17.4079
Current target domain: cartoon
Round 165 took 2.0737414360046387 seconds
    Round 165: Decision = 0, Drift = 0.0000
    Current accuracy: 0.1981, Loss: 17.4079
Current target domain: cartoon
Round 166 took 2.0716917514801025 seconds
    Round 166: Decision = 0, Drift = 0.0000
    Current accuracy: 0.1981, Loss: 17.4079
Current target domain: cartoon
Round 167 took 1.9372897148132324 seconds
    Round 167: Decision = 0, Drift = 0.0000
    Current accuracy: 0.1981, Loss: 17.4079
Current target domain: cartoon
Round 168 took 2.079845666885376 seconds
    Round 168: Decision = 0, Drift = 0.0000
    Current accuracy: 0.1981, Loss: 17.4079
Current target domain: cartoon
Round 169 took 1.9376978874206543 seconds
    Round 169: Decision = 0, Drift = 0.0000
    Current accuracy: 0.1981, Loss: 17.4079
Current target domain: cartoon
Round 170 took 2.0081896781921387 seconds
    Round 170: Decision = 0, Drift = 0.0000
    Current accuracy: 0.1981, Loss: 17.4079
Current target domain: cartoon
Round 171 took 1.9704866409301758 seconds
    Round 171: Decision = 0, Drift = 0.0000
    Current accuracy: 0.1981, Loss: 17.4079
Current target domain: cartoon
Round 172 took 2.014761209487915 seconds
    Round 172: Decision = 0, Drift = 0.0000
    Current accuracy: 0.1981, Loss: 17.4079
Current target domain: cartoon
Round 173 took 1.9697659015655518 seconds
    Round 173: Decision = 0, Drift = 0.0000
    Current accuracy: 0.1981, Loss: 17.4079
Current target domain: cartoon
Round 174 took 1.9666526317596436 seconds
    Round 174: Decision = 0, Drift = 0.0000
    Current accuracy: 0.1981, Loss: 17.4079
Current target domain: cartoon
Round 175 took 2.0806453227996826 seconds
    Round 175: Decision = 0, Drift = 0.0000
    Current accuracy: 0.1981, Loss: 17.4079
Current target domain: cartoon
Round 176 took 1.9643702507019043 seconds
    Round 176: Decision = 0, Drift = 0.0000
    Current accuracy: 0.1981, Loss: 17.4079
Current target domain: cartoon
Round 177 took 2.0458734035491943 seconds
    Round 177: Decision = 0, Drift = 0.0000
    Current accuracy: 0.1981, Loss: 17.4079
Current target domain: cartoon
Round 178 took 2.062516927719116 seconds
    Round 178: Decision = 0, Drift = 0.0000
    Current accuracy: 0.1981, Loss: 17.4079
Current target domain: cartoon
Round 179 took 2.0615320205688477 seconds
    Round 179: Decision = 0, Drift = 0.0000
    Current accuracy: 0.1981, Loss: 17.4079
Current target domain: cartoon
Round 180 took 2.0901436805725098 seconds
    Round 180: Decision = 0, Drift = 0.0000
    Current accuracy: 0.1981, Loss: 17.4079
Current target domain: cartoon
Round 181 took 2.0111887454986572 seconds
    Round 181: Decision = 0, Drift = 0.0000
    Current accuracy: 0.1981, Loss: 17.4079
Current target domain: cartoon
Round 182 took 1.9934611320495605 seconds
    Round 182: Decision = 0, Drift = 0.0000
    Current accuracy: 0.1981, Loss: 17.4079
Current target domain: cartoon
Round 183 took 1.9885814189910889 seconds
    Round 183: Decision = 0, Drift = 0.0000
    Current accuracy: 0.1981, Loss: 17.4079
Current target domain: cartoon
Round 184 took 2.0163486003875732 seconds
    Round 184: Decision = 0, Drift = 0.0000
    Current accuracy: 0.1981, Loss: 17.4079
Current target domain: cartoon
Round 185 took 2.042508125305176 seconds
    Round 185: Decision = 0, Drift = 0.0000
    Current accuracy: 0.1981, Loss: 17.4079
Current target domain: cartoon
Round 186 took 2.076326608657837 seconds
    Round 186: Decision = 0, Drift = 0.0000
    Current accuracy: 0.1981, Loss: 17.4079
Current target domain: cartoon
Round 187 took 2.153519630432129 seconds
    Round 187: Decision = 0, Drift = 0.0000
    Current accuracy: 0.1981, Loss: 17.4079
Current target domain: cartoon
Round 188 took 2.038337230682373 seconds
    Round 188: Decision = 0, Drift = 0.0000
    Current accuracy: 0.1981, Loss: 17.4079
Current target domain: cartoon
Round 189 took 2.007535219192505 seconds
    Round 189: Decision = 0, Drift = 0.0000
    Current accuracy: 0.1981, Loss: 17.4079
Current target domain: cartoon
Round 190 took 2.0795838832855225 seconds
    Round 190: Decision = 0, Drift = 0.0000
    Current accuracy: 0.1981, Loss: 17.4079
Current target domain: cartoon
Round 191 took 1.9967005252838135 seconds
    Round 191: Decision = 0, Drift = 0.0000
    Current accuracy: 0.1981, Loss: 17.4079
Current target domain: cartoon
Round 192 took 1.9829351902008057 seconds
    Round 192: Decision = 0, Drift = 0.0000
    Current accuracy: 0.1981, Loss: 17.4079
Current target domain: cartoon
Round 193 took 2.0565319061279297 seconds
    Round 193: Decision = 0, Drift = 0.0000
    Current accuracy: 0.1981, Loss: 17.4079
Current target domain: cartoon
Round 194 took 1.992769479751587 seconds
    Round 194: Decision = 0, Drift = 0.0000
    Current accuracy: 0.1981, Loss: 17.4079
Current target domain: cartoon
Round 195 took 2.1174983978271484 seconds
    Round 195: Decision = 0, Drift = 0.0000
    Current accuracy: 0.1981, Loss: 17.4079
Current target domain: cartoon
Round 196 took 1.9750351905822754 seconds
    Round 196: Decision = 0, Drift = 0.0000
    Current accuracy: 0.1981, Loss: 17.4079
Current target domain: cartoon
Round 197 took 2.113719940185547 seconds
    Round 197: Decision = 0, Drift = 0.0000
    Current accuracy: 0.1981, Loss: 17.4079
Current target domain: cartoon
Round 198 took 2.072486400604248 seconds
    Round 198: Decision = 0, Drift = 0.0000
    Current accuracy: 0.1981, Loss: 17.4079
Current target domain: cartoon
Round 199 took 2.0089094638824463 seconds
    Round 199: Decision = 0, Drift = 0.0000
    Current accuracy: 0.1981, Loss: 17.4079
Current target domain: cartoon
Average time per round: 2.398599570989609
Total time: 479.71991419792175
