Device: cuda
CUDA Version: 12.1
cuDNN Version: 8902
PyTorch Version: 2.3.0

Model used: PACSCNN_4
Initial dataset creation
Initial dataset creation
Initial loss: 0.001455867663025856
<__main__.Policy object at 0x154453519940>
0.001455867663025856
Loss historical diff: 0.0; Loss Difference: 0.0, Decision: 0
Round 1 took 0.3983736038208008s, results:
{'t': 0, 'current_accuracy': 1.0, 'current_loss': 0.0014294133870862424, 'train_loss': None, 'decision': 0, 'drift_rate': 0.0, 'target_domains': ['sketch']}
Loss historical diff: 1.280568540096283e-09; Loss Difference: 0.0, Decision: 0
Round 2 took 0.39028406143188477s, results:
{'t': 1, 'current_accuracy': 1.0, 'current_loss': 0.0014294146676547825, 'train_loss': None, 'decision': 0, 'drift_rate': 0.0, 'target_domains': ['sketch']}
Loss historical diff: 3.4924596548080444e-10; Loss Difference: 0.0, Decision: 0
Round 3 took 0.3858761787414551s, results:
{'t': 2, 'current_accuracy': 1.0, 'current_loss': 0.001429413736332208, 'train_loss': None, 'decision': 0, 'drift_rate': 0.0, 'target_domains': ['sketch']}
Loss historical diff: 0.0; Loss Difference: 0.0, Decision: 0
Round 4 took 0.3866863250732422s, results:
{'t': 3, 'current_accuracy': 1.0, 'current_loss': 0.0014294128050096333, 'train_loss': None, 'decision': 0, 'drift_rate': 0.0, 'target_domains': ['sketch']}
Loss historical diff: 8.149072527885437e-10; Loss Difference: 0.0, Decision: 0
Round 5 took 0.3875741958618164s, results:
{'t': 4, 'current_accuracy': 1.0, 'current_loss': 0.001429413619916886, 'train_loss': None, 'decision': 0, 'drift_rate': 0.0, 'target_domains': ['sketch']}
Loss historical diff: 2.7939677238464355e-09; Loss Difference: 0.0, Decision: 0
Round 6 took 0.38762855529785156s, results:
{'t': 5, 'current_accuracy': 1.0, 'current_loss': 0.0014294155989773571, 'train_loss': None, 'decision': 0, 'drift_rate': 0.0, 'target_domains': ['sketch']}
Loss historical diff: 5.238689482212067e-10; Loss Difference: 0.0, Decision: 0
Round 7 took 0.4139840602874756s, results:
{'t': 6, 'current_accuracy': 1.0, 'current_loss': 0.0014294133288785815, 'train_loss': None, 'decision': 0, 'drift_rate': 0.0, 'target_domains': ['sketch']}
Loss historical diff: 4.656612873077393e-10; Loss Difference: 0.0, Decision: 0
Round 8 took 0.38792848587036133s, results:
{'t': 7, 'current_accuracy': 1.0, 'current_loss': 0.0014294132706709206, 'train_loss': None, 'decision': 0, 'drift_rate': 0.0, 'target_domains': ['sketch']}
Loss historical diff: 4.0745362639427185e-10; Loss Difference: 0.0, Decision: 0
Round 9 took 0.3871738910675049s, results:
{'t': 8, 'current_accuracy': 1.0, 'current_loss': 0.0014294132124632597, 'train_loss': None, 'decision': 0, 'drift_rate': 0.0, 'target_domains': ['sketch']}
Loss historical diff: 1.1059455573558807e-09; Loss Difference: 0.0, Decision: 0
Round 10 took 0.3882572650909424s, results:
{'t': 9, 'current_accuracy': 1.0, 'current_loss': 0.0014294139109551907, 'train_loss': None, 'decision': 0, 'drift_rate': 0.0, 'target_domains': ['sketch']}
Loss historical diff: 0.0; Loss Difference: 0.0, Decision: 0
Round 11 took 0.38833069801330566s, results:
{'t': 10, 'current_accuracy': 1.0, 'current_loss': 0.0014294119901023805, 'train_loss': None, 'decision': 0, 'drift_rate': 0.0, 'target_domains': ['sketch']}
Loss historical diff: 0.0; Loss Difference: 0.0, Decision: 0
Round 12 took 0.3921780586242676s, results:
{'t': 11, 'current_accuracy': 1.0, 'current_loss': 0.0014294119318947196, 'train_loss': None, 'decision': 0, 'drift_rate': 0.0, 'target_domains': ['sketch']}
Loss historical diff: 5.820766091346741e-11; Loss Difference: 0.0, Decision: 0
Round 13 took 0.38808441162109375s, results:
{'t': 12, 'current_accuracy': 1.0, 'current_loss': 0.0014294119901023805, 'train_loss': None, 'decision': 0, 'drift_rate': 0.0, 'target_domains': ['sketch']}
Loss historical diff: 8.731149137020111e-10; Loss Difference: 0.0, Decision: 0
Round 14 took 0.3877096176147461s, results:
{'t': 13, 'current_accuracy': 1.0, 'current_loss': 0.0014294128050096333, 'train_loss': None, 'decision': 0, 'drift_rate': 0.0, 'target_domains': ['sketch']}
Loss historical diff: 1.3969838619232178e-09; Loss Difference: 0.0, Decision: 1
Average loss over 5 updates: 0.0053
Round 15 took 1.3457510471343994s, results:
{'t': 14, 'current_accuracy': 1.0, 'current_loss': 0.0014294133288785815, 'train_loss': 0.005335168959572911, 'decision': 1, 'drift_rate': 0.0, 'target_domains': ['sketch']}
Loss historical diff: 0.0; Loss Difference: 0.0, Decision: 0
Round 16 took 0.38614463806152344s, results:
{'t': 15, 'current_accuracy': 1.0, 'current_loss': 0.0013686033780686557, 'train_loss': None, 'decision': 0, 'drift_rate': 0.0, 'target_domains': ['sketch']}
Loss historical diff: 0.0; Loss Difference: 0.0, Decision: 0
Round 17 took 0.3861081600189209s, results:
{'t': 16, 'current_accuracy': 1.0, 'current_loss': 0.001368601922877133, 'train_loss': None, 'decision': 0, 'drift_rate': 0.0, 'target_domains': ['sketch']}
Loss historical diff: 0.0; Loss Difference: 0.0, Decision: 0
Round 18 took 0.3846867084503174s, results:
{'t': 17, 'current_accuracy': 1.0, 'current_loss': 0.0013686017482541502, 'train_loss': None, 'decision': 0, 'drift_rate': 0.0, 'target_domains': ['sketch']}
Loss historical diff: 1.7462298274040222e-10; Loss Difference: 0.0, Decision: 0
Round 19 took 0.38552188873291016s, results:
{'t': 18, 'current_accuracy': 1.0, 'current_loss': 0.001368601922877133, 'train_loss': None, 'decision': 0, 'drift_rate': 0.0, 'target_domains': ['sketch']}
Loss historical diff: 5.820766091346741e-11; Loss Difference: 0.0, Decision: 0
Round 20 took 0.3841679096221924s, results:
{'t': 19, 'current_accuracy': 1.0, 'current_loss': 0.001368601806461811, 'train_loss': None, 'decision': 0, 'drift_rate': 0.0, 'target_domains': ['sketch']}
Loss historical diff: 1.1641532182693481e-09; Loss Difference: 0.0, Decision: 0
Round 21 took 0.3849365711212158s, results:
{'t': 20, 'current_accuracy': 1.0, 'current_loss': 0.0013686029124073684, 'train_loss': None, 'decision': 0, 'drift_rate': 0.0, 'target_domains': ['sketch']}
Loss historical diff: 7.566995918750763e-10; Loss Difference: 0.0, Decision: 0
Round 22 took 0.3848459720611572s, results:
{'t': 21, 'current_accuracy': 1.0, 'current_loss': 0.001368602504953742, 'train_loss': None, 'decision': 0, 'drift_rate': 0.0, 'target_domains': ['sketch']}
Loss historical diff: 5.238689482212067e-10; Loss Difference: 0.0, Decision: 0
Round 23 took 0.38494086265563965s, results:
{'t': 22, 'current_accuracy': 1.0, 'current_loss': 0.0013686022721230984, 'train_loss': None, 'decision': 0, 'drift_rate': 0.0, 'target_domains': ['sketch']}
Loss historical diff: 6.984919309616089e-10; Loss Difference: 0.0, Decision: 0
Round 24 took 0.38544464111328125s, results:
{'t': 23, 'current_accuracy': 1.0, 'current_loss': 0.0013686024467460811, 'train_loss': None, 'decision': 0, 'drift_rate': 0.0, 'target_domains': ['sketch']}
Loss historical diff: 4.0745362639427185e-10; Loss Difference: 0.0, Decision: 0
Round 25 took 0.389232873916626s, results:
{'t': 24, 'current_accuracy': 1.0, 'current_loss': 0.0013686021557077765, 'train_loss': None, 'decision': 0, 'drift_rate': 0.0, 'target_domains': ['sketch']}
Loss historical diff: 1.1641532182693481e-10; Loss Difference: 0.0, Decision: 0
Round 26 took 0.38497281074523926s, results:
{'t': 25, 'current_accuracy': 1.0, 'current_loss': 0.001368601864669472, 'train_loss': None, 'decision': 0, 'drift_rate': 0.0, 'target_domains': ['sketch']}
Loss historical diff: 1.1641532182693481e-09; Loss Difference: 0.0, Decision: 0
Round 27 took 0.38521814346313477s, results:
{'t': 26, 'current_accuracy': 1.0, 'current_loss': 0.0013686029124073684, 'train_loss': None, 'decision': 0, 'drift_rate': 0.0, 'target_domains': ['sketch']}
Loss historical diff: 1.1641532182693481e-10; Loss Difference: 0.0, Decision: 0
Round 28 took 0.38577866554260254s, results:
{'t': 27, 'current_accuracy': 1.0, 'current_loss': 0.001368601864669472, 'train_loss': None, 'decision': 0, 'drift_rate': 0.0, 'target_domains': ['sketch']}
Loss historical diff: 5.820766091346741e-11; Loss Difference: 0.0, Decision: 0
Round 29 took 0.3843502998352051s, results:
{'t': 28, 'current_accuracy': 1.0, 'current_loss': 0.001368601806461811, 'train_loss': None, 'decision': 0, 'drift_rate': 0.0, 'target_domains': ['sketch']}
Loss historical diff: 1.4551915228366852e-09; Loss Difference: 0.0, Decision: 0
Round 30 took 0.39011454582214355s, results:
{'t': 29, 'current_accuracy': 1.0, 'current_loss': 0.001368603203445673, 'train_loss': None, 'decision': 0, 'drift_rate': 0.0, 'target_domains': ['sketch']}
Loss historical diff: 6.984919309616089e-10; Loss Difference: 0.0, Decision: 0
Round 31 took 0.38556718826293945s, results:
{'t': 30, 'current_accuracy': 1.0, 'current_loss': 0.0013686024467460811, 'train_loss': None, 'decision': 0, 'drift_rate': 0.0, 'target_domains': ['sketch']}
Loss historical diff: 0.0; Loss Difference: 0.0, Decision: 0
Round 32 took 0.38515281677246094s, results:
{'t': 31, 'current_accuracy': 1.0, 'current_loss': 0.0013686009333468974, 'train_loss': None, 'decision': 0, 'drift_rate': 0.0, 'target_domains': ['sketch']}
Loss historical diff: 1.979060471057892e-09; Loss Difference: 0.0, Decision: 0
Round 33 took 0.3860771656036377s, results:
{'t': 32, 'current_accuracy': 1.0, 'current_loss': 0.0013686029124073684, 'train_loss': None, 'decision': 0, 'drift_rate': 0.0, 'target_domains': ['sketch']}
Loss historical diff: 1.0477378964424133e-09; Loss Difference: 0.0, Decision: 0
Round 34 took 0.38690948486328125s, results:
{'t': 33, 'current_accuracy': 1.0, 'current_loss': 0.0013686019810847938, 'train_loss': None, 'decision': 0, 'drift_rate': 0.0, 'target_domains': ['sketch']}
Loss historical diff: 1.5133991837501526e-09; Loss Difference: 0.0, Decision: 0
Round 35 took 0.3849611282348633s, results:
{'t': 34, 'current_accuracy': 1.0, 'current_loss': 0.0013686024467460811, 'train_loss': None, 'decision': 0, 'drift_rate': 0.0, 'target_domains': ['sketch']}
Loss historical diff: 2.270098775625229e-09; Loss Difference: 0.0, Decision: 0
Round 36 took 0.38543200492858887s, results:
{'t': 35, 'current_accuracy': 1.0, 'current_loss': 0.001368603203445673, 'train_loss': None, 'decision': 0, 'drift_rate': 0.0, 'target_domains': ['sketch']}
Loss historical diff: 4.831235855817795e-09; Loss Difference: 0.0, Decision: 1
Average loss over 5 updates: 0.0038
Round 37 took 1.2438457012176514s, results:
{'t': 36, 'current_accuracy': 1.0, 'current_loss': 0.0013686057645827532, 'train_loss': 0.0038126041181385517, 'decision': 1, 'drift_rate': 0.0, 'target_domains': ['sketch']}
Loss historical diff: 0.0; Loss Difference: 0.0, Decision: 0
Round 38 took 0.3874199390411377s, results:
{'t': 37, 'current_accuracy': 1.0, 'current_loss': 0.0012600200134329498, 'train_loss': None, 'decision': 0, 'drift_rate': 0.0, 'target_domains': ['sketch']}
Loss historical diff: 8.149072527885437e-10; Loss Difference: 0.0, Decision: 0
Round 39 took 0.3866119384765625s, results:
{'t': 38, 'current_accuracy': 1.0, 'current_loss': 0.0012600208283402026, 'train_loss': None, 'decision': 0, 'drift_rate': 0.0, 'target_domains': ['sketch']}
Loss historical diff: 2.2118911147117615e-09; Loss Difference: 0.0, Decision: 0
Round 40 took 0.38705897331237793s, results:
{'t': 39, 'current_accuracy': 1.0, 'current_loss': 0.0012600222253240645, 'train_loss': None, 'decision': 0, 'drift_rate': 0.0, 'target_domains': ['sketch']}
Loss historical diff: 1.280568540096283e-09; Loss Difference: 0.0, Decision: 0
Round 41 took 0.3919074535369873s, results:
{'t': 40, 'current_accuracy': 1.0, 'current_loss': 0.0012600212940014899, 'train_loss': None, 'decision': 0, 'drift_rate': 0.0, 'target_domains': ['sketch']}
Loss historical diff: 1.862645149230957e-09; Loss Difference: 0.0, Decision: 0
Round 42 took 0.3869898319244385s, results:
{'t': 41, 'current_accuracy': 1.0, 'current_loss': 0.001260021876078099, 'train_loss': None, 'decision': 0, 'drift_rate': 0.0, 'target_domains': ['sketch']}
Loss historical diff: 2.3283064365386963e-10; Loss Difference: 0.0, Decision: 0
Round 43 took 0.38648295402526855s, results:
{'t': 42, 'current_accuracy': 1.0, 'current_loss': 0.0012600202462635934, 'train_loss': None, 'decision': 0, 'drift_rate': 0.0, 'target_domains': ['sketch']}
Loss historical diff: 3.4924596548080444e-10; Loss Difference: 0.0, Decision: 0
Round 44 took 0.38675737380981445s, results:
{'t': 43, 'current_accuracy': 1.0, 'current_loss': 0.0012600203626789153, 'train_loss': None, 'decision': 0, 'drift_rate': 0.0, 'target_domains': ['sketch']}
Loss historical diff: 1.862645149230957e-09; Loss Difference: 0.0, Decision: 0
Round 45 took 0.3864622116088867s, results:
{'t': 44, 'current_accuracy': 1.0, 'current_loss': 0.001260021876078099, 'train_loss': None, 'decision': 0, 'drift_rate': 0.0, 'target_domains': ['sketch']}
Loss historical diff: 4.598405212163925e-09; Loss Difference: 0.0, Decision: 1
Average loss over 5 updates: 0.0037
Round 46 took 1.2444868087768555s, results:
{'t': 45, 'current_accuracy': 1.0, 'current_loss': 0.001260024611838162, 'train_loss': 0.0037457872182130813, 'decision': 1, 'drift_rate': 0.0, 'target_domains': ['sketch']}
Loss historical diff: 9.96532617136836e-06; Loss Difference: 0.0, Decision: 1
Average loss over 5 updates: 0.0023
Round 47 took 1.248915433883667s, results:
{'t': 46, 'current_accuracy': 1.0, 'current_loss': 0.0012699853396043181, 'train_loss': 0.0022756935562938453, 'decision': 1, 'drift_rate': 0.0, 'target_domains': ['sketch']}
Loss historical diff: 1.108349533751607e-05; Loss Difference: 0.0, Decision: 0
Round 48 took 0.38919520378112793s, results:
{'t': 47, 'current_accuracy': 1.0, 'current_loss': 0.0012711035087704659, 'train_loss': None, 'decision': 0, 'drift_rate': 0.0, 'target_domains': ['sketch']}
Loss historical diff: 1.1083902791142464e-05; Loss Difference: 0.0, Decision: 0
Round 49 took 0.3869514465332031s, results:
{'t': 48, 'current_accuracy': 1.0, 'current_loss': 0.0012711039162240922, 'train_loss': None, 'decision': 0, 'drift_rate': 0.0, 'target_domains': ['sketch']}
Loss historical diff: 1.1084543075412512e-05; Loss Difference: 0.0, Decision: 0
Round 50 took 0.3892662525177002s, results:
{'t': 49, 'current_accuracy': 1.0, 'current_loss': 0.0012711045565083623, 'train_loss': None, 'decision': 0, 'drift_rate': 0.0, 'target_domains': ['sketch']}
Loss historical diff: 1.4375018401187845; Loss Difference: 0.0, Decision: 0
Round 51 took 0.38684725761413574s, results:
{'t': 50, 'current_accuracy': 0.97265625, 'current_loss': 1.4387618601322174, 'train_loss': None, 'decision': 0, 'drift_rate': 0.032, 'target_domains': ['photo']}
Loss historical diff: 2.7174022419494577; Loss Difference: 0.0, Decision: 0
Round 52 took 0.38611340522766113s, results:
{'t': 51, 'current_accuracy': 0.9453125, 'current_loss': 2.7186622619628906, 'train_loss': None, 'decision': 0, 'drift_rate': 0.032, 'target_domains': ['photo']}
Loss historical diff: 3.9351953489822336; Loss Difference: 0.0, Decision: 0
Round 53 took 0.38693714141845703s, results:
{'t': 52, 'current_accuracy': 0.921875, 'current_loss': 3.9364553689956665, 'train_loss': None, 'decision': 0, 'drift_rate': 0.032, 'target_domains': ['photo']}
Loss historical diff: 5.450390599493403; Loss Difference: 0.0, Decision: 0
Round 54 took 0.38756537437438965s, results:
{'t': 53, 'current_accuracy': 0.89453125, 'current_loss': 5.451650619506836, 'train_loss': None, 'decision': 0, 'drift_rate': 0.032, 'target_domains': ['photo']}
Loss historical diff: 7.1829569561523385; Loss Difference: 0.0, Decision: 1
Average loss over 5 updates: 3.1912
Round 55 took 1.2474932670593262s, results:
{'t': 54, 'current_accuracy': 0.86328125, 'current_loss': 7.1842169761657715, 'train_loss': 3.1911665916442873, 'decision': 1, 'drift_rate': 0.032, 'target_domains': ['photo']}
Loss historical diff: 40.987019322637934; Loss Difference: 0.0, Decision: 0
Round 56 took 0.3866872787475586s, results:
{'t': 55, 'current_accuracy': 0.02734375, 'current_loss': 40.98827934265137, 'train_loss': None, 'decision': 0, 'drift_rate': 0.032, 'target_domains': ['photo']}
Loss historical diff: 40.16190984082641; Loss Difference: 0.0, Decision: 0
Round 57 took 0.3858761787414551s, results:
{'t': 56, 'current_accuracy': 0.03125, 'current_loss': 40.163169860839844, 'train_loss': None, 'decision': 0, 'drift_rate': 0.032, 'target_domains': ['photo']}
Loss historical diff: 39.37557484937133; Loss Difference: 0.0, Decision: 0
Round 58 took 0.3867640495300293s, results:
{'t': 57, 'current_accuracy': 0.03515625, 'current_loss': 39.376834869384766, 'train_loss': None, 'decision': 0, 'drift_rate': 0.032, 'target_domains': ['photo']}
Loss historical diff: 38.964783452276606; Loss Difference: 0.0, Decision: 0
Round 59 took 0.3882441520690918s, results:
{'t': 58, 'current_accuracy': 0.03515625, 'current_loss': 38.96604347229004, 'train_loss': None, 'decision': 0, 'drift_rate': 0.032, 'target_domains': ['photo']}
Loss historical diff: 38.0810058338684; Loss Difference: 0.0, Decision: 0
Round 60 took 0.38889002799987793s, results:
{'t': 59, 'current_accuracy': 0.03515625, 'current_loss': 38.082265853881836, 'train_loss': None, 'decision': 0, 'drift_rate': 0.032, 'target_domains': ['photo']}
Loss historical diff: 37.42681577039184; Loss Difference: 0.0, Decision: 0
Round 61 took 0.39284849166870117s, results:
{'t': 60, 'current_accuracy': 0.0390625, 'current_loss': 37.42807579040527, 'train_loss': None, 'decision': 0, 'drift_rate': 0.032, 'target_domains': ['photo']}
Loss historical diff: 36.80336072278442; Loss Difference: 0.0, Decision: 0
Round 62 took 0.3877568244934082s, results:
{'t': 61, 'current_accuracy': 0.046875, 'current_loss': 36.80462074279785, 'train_loss': None, 'decision': 0, 'drift_rate': 0.032, 'target_domains': ['photo']}
Loss historical diff: 36.25453259778442; Loss Difference: 0.0, Decision: 0
Round 63 took 0.3883683681488037s, results:
{'t': 62, 'current_accuracy': 0.0546875, 'current_loss': 36.25579261779785, 'train_loss': None, 'decision': 0, 'drift_rate': 0.032, 'target_domains': ['photo']}
Loss historical diff: 35.74821164441528; Loss Difference: 0.0, Decision: 0
Round 64 took 0.38794684410095215s, results:
{'t': 63, 'current_accuracy': 0.05859375, 'current_loss': 35.74947166442871, 'train_loss': None, 'decision': 0, 'drift_rate': 0.032, 'target_domains': ['photo']}
Loss historical diff: 35.16178586316528; Loss Difference: 0.0, Decision: 0
Round 65 took 0.3886129856109619s, results:
{'t': 64, 'current_accuracy': 0.06640625, 'current_loss': 35.16304588317871, 'train_loss': None, 'decision': 0, 'drift_rate': 0.032, 'target_domains': ['photo']}
Loss historical diff: 34.13869740796508; Loss Difference: 0.0, Decision: 0
Round 66 took 0.3877832889556885s, results:
{'t': 65, 'current_accuracy': 0.07421875, 'current_loss': 34.139957427978516, 'train_loss': None, 'decision': 0, 'drift_rate': 0.032, 'target_domains': ['photo']}
Loss historical diff: 33.29397466016235; Loss Difference: 0.0, Decision: 0
Round 67 took 0.3933546543121338s, results:
{'t': 66, 'current_accuracy': 0.078125, 'current_loss': 33.29523468017578, 'train_loss': None, 'decision': 0, 'drift_rate': 0.032, 'target_domains': ['photo']}
Loss historical diff: 32.64193799329223; Loss Difference: 0.0, Decision: 0
Round 68 took 0.3880336284637451s, results:
{'t': 67, 'current_accuracy': 0.08203125, 'current_loss': 32.643198013305664, 'train_loss': None, 'decision': 0, 'drift_rate': 0.032, 'target_domains': ['photo']}
Loss historical diff: 31.522029660467524; Loss Difference: 0.0, Decision: 0
Round 69 took 0.3879282474517822s, results:
{'t': 68, 'current_accuracy': 0.0859375, 'current_loss': 31.523289680480957, 'train_loss': None, 'decision': 0, 'drift_rate': 0.032, 'target_domains': ['photo']}
Loss historical diff: 30.76315667462768; Loss Difference: 0.0, Decision: 0
Round 70 took 0.38851094245910645s, results:
{'t': 69, 'current_accuracy': 0.0859375, 'current_loss': 30.764416694641113, 'train_loss': None, 'decision': 0, 'drift_rate': 0.032, 'target_domains': ['photo']}
Loss historical diff: 30.12394311261596; Loss Difference: 0.0, Decision: 0
Round 71 took 0.38758373260498047s, results:
{'t': 70, 'current_accuracy': 0.08984375, 'current_loss': 30.125203132629395, 'train_loss': None, 'decision': 0, 'drift_rate': 0.032, 'target_domains': ['photo']}
Loss historical diff: 29.36918046307983; Loss Difference: 0.0, Decision: 0
Round 72 took 0.38858485221862793s, results:
{'t': 71, 'current_accuracy': 0.1015625, 'current_loss': 29.37044048309326, 'train_loss': None, 'decision': 0, 'drift_rate': 0.032, 'target_domains': ['photo']}
Loss historical diff: 28.738072179083247; Loss Difference: 0.0, Decision: 0
Round 73 took 0.38817286491394043s, results:
{'t': 72, 'current_accuracy': 0.1015625, 'current_loss': 28.73933219909668, 'train_loss': None, 'decision': 0, 'drift_rate': 0.032, 'target_domains': ['photo']}
Loss historical diff: 27.482831738714594; Loss Difference: 0.0, Decision: 0
Round 74 took 0.3909471035003662s, results:
{'t': 73, 'current_accuracy': 0.109375, 'current_loss': 27.484091758728027, 'train_loss': None, 'decision': 0, 'drift_rate': 0.032, 'target_domains': ['photo']}
Loss historical diff: 26.593564770941157; Loss Difference: 0.0, Decision: 0
Round 75 took 0.38812685012817383s, results:
{'t': 74, 'current_accuracy': 0.12109375, 'current_loss': 26.59482479095459, 'train_loss': None, 'decision': 0, 'drift_rate': 0.032, 'target_domains': ['photo']}
Loss historical diff: 26.0829761250061; Loss Difference: 0.0, Decision: 0
Round 76 took 0.3888688087463379s, results:
{'t': 75, 'current_accuracy': 0.125, 'current_loss': 26.08423614501953, 'train_loss': None, 'decision': 0, 'drift_rate': 0.032, 'target_domains': ['photo']}
Loss historical diff: 25.356551907781977; Loss Difference: 0.0, Decision: 0
Round 77 took 0.3872396945953369s, results:
{'t': 76, 'current_accuracy': 0.1328125, 'current_loss': 25.35781192779541, 'train_loss': None, 'decision': 0, 'drift_rate': 0.032, 'target_domains': ['photo']}
Loss historical diff: 24.687798283819575; Loss Difference: 0.0, Decision: 0
Round 78 took 0.38814663887023926s, results:
{'t': 77, 'current_accuracy': 0.140625, 'current_loss': 24.689058303833008, 'train_loss': None, 'decision': 0, 'drift_rate': 0.032, 'target_domains': ['photo']}
Loss historical diff: 23.918086789373774; Loss Difference: 0.0, Decision: 0
Round 79 took 0.3883647918701172s, results:
{'t': 78, 'current_accuracy': 0.15234375, 'current_loss': 23.919346809387207, 'train_loss': None, 'decision': 0, 'drift_rate': 0.032, 'target_domains': ['photo']}
Loss historical diff: 23.428650639776606; Loss Difference: 0.0, Decision: 0
Round 80 took 0.38754796981811523s, results:
{'t': 79, 'current_accuracy': 0.16015625, 'current_loss': 23.42991065979004, 'train_loss': None, 'decision': 0, 'drift_rate': 0.032, 'target_domains': ['photo']}
Loss historical diff: 23.42864968610229; Loss Difference: 0.0, Decision: 0
Round 81 took 0.38654398918151855s, results:
{'t': 80, 'current_accuracy': 0.16015625, 'current_loss': 23.429909706115723, 'train_loss': None, 'decision': 0, 'drift_rate': 0.0, 'target_domains': ['photo']}
Loss historical diff: 23.42864968610229; Loss Difference: 0.0, Decision: 0
Round 82 took 0.38642239570617676s, results:
{'t': 81, 'current_accuracy': 0.16015625, 'current_loss': 23.429909706115723, 'train_loss': None, 'decision': 0, 'drift_rate': 0.0, 'target_domains': ['photo']}
Loss historical diff: 23.42864968610229; Loss Difference: 0.0, Decision: 0
Round 83 took 0.38631129264831543s, results:
{'t': 82, 'current_accuracy': 0.16015625, 'current_loss': 23.429909706115723, 'train_loss': None, 'decision': 0, 'drift_rate': 0.0, 'target_domains': ['photo']}
Loss historical diff: 23.428651593450923; Loss Difference: 0.0, Decision: 0
Round 84 took 0.3869783878326416s, results:
{'t': 83, 'current_accuracy': 0.16015625, 'current_loss': 23.429911613464355, 'train_loss': None, 'decision': 0, 'drift_rate': 0.0, 'target_domains': ['photo']}
Loss historical diff: 23.428653500799555; Loss Difference: 0.0, Decision: 0
Round 85 took 0.3867506980895996s, results:
{'t': 84, 'current_accuracy': 0.16015625, 'current_loss': 23.42991352081299, 'train_loss': None, 'decision': 0, 'drift_rate': 0.0, 'target_domains': ['photo']}
Loss historical diff: 23.42864968610229; Loss Difference: 0.0, Decision: 0
Round 86 took 0.40643882751464844s, results:
{'t': 85, 'current_accuracy': 0.16015625, 'current_loss': 23.429909706115723, 'train_loss': None, 'decision': 0, 'drift_rate': 0.0, 'target_domains': ['photo']}
Loss historical diff: 23.428648732427973; Loss Difference: 0.0, Decision: 0
Round 87 took 0.3976562023162842s, results:
{'t': 86, 'current_accuracy': 0.16015625, 'current_loss': 23.429908752441406, 'train_loss': None, 'decision': 0, 'drift_rate': 0.0, 'target_domains': ['photo']}
Loss historical diff: 23.428650639776606; Loss Difference: 0.0, Decision: 0
Round 88 took 0.3864314556121826s, results:
{'t': 87, 'current_accuracy': 0.16015625, 'current_loss': 23.42991065979004, 'train_loss': None, 'decision': 0, 'drift_rate': 0.0, 'target_domains': ['photo']}
Loss historical diff: 23.42865254712524; Loss Difference: 0.0, Decision: 0
Round 89 took 0.3860654830932617s, results:
{'t': 88, 'current_accuracy': 0.16015625, 'current_loss': 23.429912567138672, 'train_loss': None, 'decision': 0, 'drift_rate': 0.0, 'target_domains': ['photo']}
Loss historical diff: 23.428653500799555; Loss Difference: 0.0, Decision: 1
Average loss over 5 updates: 5.6832
Round 90 took 1.261970043182373s, results:
{'t': 89, 'current_accuracy': 0.16015625, 'current_loss': 23.42991352081299, 'train_loss': 5.683200740814209, 'decision': 1, 'drift_rate': 0.0, 'target_domains': ['photo']}
Loss historical diff: 202.06192662549438; Loss Difference: 0.0, Decision: 1
Average loss over 5 updates: 3.5328
Round 91 took 1.2525956630706787s, results:
{'t': 90, 'current_accuracy': 0.15234375, 'current_loss': 202.0631866455078, 'train_loss': 3.5327619552612304, 'decision': 1, 'drift_rate': 0.0, 'target_domains': ['photo']}
Loss historical diff: 41.55901028943481; Loss Difference: 0.0, Decision: 0
Round 92 took 0.38803791999816895s, results:
{'t': 91, 'current_accuracy': 0.109375, 'current_loss': 41.56027030944824, 'train_loss': None, 'decision': 0, 'drift_rate': 0.0, 'target_domains': ['photo']}
Loss historical diff: 41.55900456738891; Loss Difference: 0.0, Decision: 0
Round 93 took 0.38780641555786133s, results:
{'t': 92, 'current_accuracy': 0.109375, 'current_loss': 41.560264587402344, 'train_loss': None, 'decision': 0, 'drift_rate': 0.0, 'target_domains': ['photo']}
Loss historical diff: 41.55900456738891; Loss Difference: 0.0, Decision: 0
Round 94 took 0.38919734954833984s, results:
{'t': 93, 'current_accuracy': 0.109375, 'current_loss': 41.560264587402344, 'train_loss': None, 'decision': 0, 'drift_rate': 0.0, 'target_domains': ['photo']}
Loss historical diff: 41.559006474737544; Loss Difference: 0.0, Decision: 0
Round 95 took 0.3885185718536377s, results:
{'t': 94, 'current_accuracy': 0.109375, 'current_loss': 41.56026649475098, 'train_loss': None, 'decision': 0, 'drift_rate': 0.0, 'target_domains': ['photo']}
Loss historical diff: 41.55901028943481; Loss Difference: 0.0, Decision: 0
Round 96 took 0.38794803619384766s, results:
{'t': 95, 'current_accuracy': 0.109375, 'current_loss': 41.56027030944824, 'train_loss': None, 'decision': 0, 'drift_rate': 0.0, 'target_domains': ['photo']}
Loss historical diff: 41.55901028943481; Loss Difference: 0.0, Decision: 0
Round 97 took 0.38829731941223145s, results:
{'t': 96, 'current_accuracy': 0.109375, 'current_loss': 41.56027030944824, 'train_loss': None, 'decision': 0, 'drift_rate': 0.0, 'target_domains': ['photo']}
Loss historical diff: 41.559006474737544; Loss Difference: 0.0, Decision: 0
Round 98 took 0.3868856430053711s, results:
{'t': 97, 'current_accuracy': 0.109375, 'current_loss': 41.56026649475098, 'train_loss': None, 'decision': 0, 'drift_rate': 0.0, 'target_domains': ['photo']}
Loss historical diff: 41.559008382086176; Loss Difference: 0.0, Decision: 0
Round 99 took 0.38829779624938965s, results:
{'t': 98, 'current_accuracy': 0.109375, 'current_loss': 41.56026840209961, 'train_loss': None, 'decision': 0, 'drift_rate': 0.0, 'target_domains': ['photo']}
Loss historical diff: 41.55901219678344; Loss Difference: 0.0, Decision: 0
Round 100 took 0.3889336585998535s, results:
{'t': 99, 'current_accuracy': 0.109375, 'current_loss': 41.560272216796875, 'train_loss': None, 'decision': 0, 'drift_rate': 0.0, 'target_domains': ['photo']}
Loss historical diff: 41.559006474737544; Loss Difference: 0.0, Decision: 0
Round 101 took 0.3903050422668457s, results:
{'t': 100, 'current_accuracy': 0.109375, 'current_loss': 41.56026649475098, 'train_loss': None, 'decision': 0, 'drift_rate': 0.0, 'target_domains': ['photo']}
Loss historical diff: 41.559008382086176; Loss Difference: 0.0, Decision: 0
Round 102 took 0.3897266387939453s, results:
{'t': 101, 'current_accuracy': 0.109375, 'current_loss': 41.56026840209961, 'train_loss': None, 'decision': 0, 'drift_rate': 0.0, 'target_domains': ['photo']}
Loss historical diff: 41.55901601148071; Loss Difference: 0.0, Decision: 0
Round 103 took 0.3883233070373535s, results:
{'t': 102, 'current_accuracy': 0.109375, 'current_loss': 41.56027603149414, 'train_loss': None, 'decision': 0, 'drift_rate': 0.0, 'target_domains': ['photo']}
Loss historical diff: 41.55901028943481; Loss Difference: 0.0, Decision: 0
Round 104 took 0.3880937099456787s, results:
{'t': 103, 'current_accuracy': 0.109375, 'current_loss': 41.56027030944824, 'train_loss': None, 'decision': 0, 'drift_rate': 0.0, 'target_domains': ['photo']}
Loss historical diff: 41.559008382086176; Loss Difference: 0.0, Decision: 0
Round 105 took 0.3889181613922119s, results:
{'t': 104, 'current_accuracy': 0.109375, 'current_loss': 41.56026840209961, 'train_loss': None, 'decision': 0, 'drift_rate': 0.0, 'target_domains': ['photo']}
Loss historical diff: 41.55901028943481; Loss Difference: 0.0, Decision: 0
Round 106 took 0.3892056941986084s, results:
{'t': 105, 'current_accuracy': 0.109375, 'current_loss': 41.56027030944824, 'train_loss': None, 'decision': 0, 'drift_rate': 0.0, 'target_domains': ['photo']}
Loss historical diff: 41.559008382086176; Loss Difference: 0.0, Decision: 0
Round 107 took 0.3878757953643799s, results:
{'t': 106, 'current_accuracy': 0.109375, 'current_loss': 41.56026840209961, 'train_loss': None, 'decision': 0, 'drift_rate': 0.0, 'target_domains': ['photo']}
Loss historical diff: 41.559006474737544; Loss Difference: 0.0, Decision: 0
Round 108 took 0.3919346332550049s, results:
{'t': 107, 'current_accuracy': 0.109375, 'current_loss': 41.56026649475098, 'train_loss': None, 'decision': 0, 'drift_rate': 0.0, 'target_domains': ['photo']}
Loss historical diff: 41.559006474737544; Loss Difference: 0.0, Decision: 0
Round 109 took 0.3888373374938965s, results:
{'t': 108, 'current_accuracy': 0.109375, 'current_loss': 41.56026649475098, 'train_loss': None, 'decision': 0, 'drift_rate': 0.0, 'target_domains': ['photo']}
Loss historical diff: 41.559008382086176; Loss Difference: 0.0, Decision: 0
Round 110 took 0.3892078399658203s, results:
{'t': 109, 'current_accuracy': 0.109375, 'current_loss': 41.56026840209961, 'train_loss': None, 'decision': 0, 'drift_rate': 0.0, 'target_domains': ['photo']}
Loss historical diff: 41.559008382086176; Loss Difference: 0.0, Decision: 0
Round 111 took 0.3904590606689453s, results:
{'t': 110, 'current_accuracy': 0.109375, 'current_loss': 41.56026840209961, 'train_loss': None, 'decision': 0, 'drift_rate': 0.0, 'target_domains': ['photo']}
Loss historical diff: 41.55900266004028; Loss Difference: 0.0, Decision: 0
Round 112 took 0.38929009437561035s, results:
{'t': 111, 'current_accuracy': 0.109375, 'current_loss': 41.56026268005371, 'train_loss': None, 'decision': 0, 'drift_rate': 0.0, 'target_domains': ['photo']}
Loss historical diff: 41.559008382086176; Loss Difference: 0.0, Decision: 0
Round 113 took 0.390516996383667s, results:
{'t': 112, 'current_accuracy': 0.109375, 'current_loss': 41.56026840209961, 'train_loss': None, 'decision': 0, 'drift_rate': 0.0, 'target_domains': ['photo']}
Loss historical diff: 41.55901028943481; Loss Difference: 0.0, Decision: 0
Round 114 took 0.38878870010375977s, results:
{'t': 113, 'current_accuracy': 0.109375, 'current_loss': 41.56027030944824, 'train_loss': None, 'decision': 0, 'drift_rate': 0.0, 'target_domains': ['photo']}
Loss historical diff: 41.55901028943481; Loss Difference: 0.0, Decision: 0
Round 115 took 0.389385461807251s, results:
{'t': 114, 'current_accuracy': 0.109375, 'current_loss': 41.56027030944824, 'train_loss': None, 'decision': 0, 'drift_rate': 0.0, 'target_domains': ['photo']}
Loss historical diff: 41.559006474737544; Loss Difference: 0.0, Decision: 0
Round 116 took 0.3905675411224365s, results:
{'t': 115, 'current_accuracy': 0.109375, 'current_loss': 41.56026649475098, 'train_loss': None, 'decision': 0, 'drift_rate': 0.0, 'target_domains': ['photo']}
Loss historical diff: 41.55901219678344; Loss Difference: 0.0, Decision: 0
Round 117 took 0.3889296054840088s, results:
{'t': 116, 'current_accuracy': 0.109375, 'current_loss': 41.560272216796875, 'train_loss': None, 'decision': 0, 'drift_rate': 0.0, 'target_domains': ['photo']}
Loss historical diff: 41.559006474737544; Loss Difference: 0.0, Decision: 0
Round 118 took 0.3896005153656006s, results:
{'t': 117, 'current_accuracy': 0.109375, 'current_loss': 41.56026649475098, 'train_loss': None, 'decision': 0, 'drift_rate': 0.0, 'target_domains': ['photo']}
Loss historical diff: 41.55900456738891; Loss Difference: 0.0, Decision: 0
Round 119 took 0.38955044746398926s, results:
{'t': 118, 'current_accuracy': 0.109375, 'current_loss': 41.560264587402344, 'train_loss': None, 'decision': 0, 'drift_rate': 0.0, 'target_domains': ['photo']}
Loss historical diff: 41.55901219678344; Loss Difference: 0.0, Decision: 0
Round 120 took 0.389176607131958s, results:
{'t': 119, 'current_accuracy': 0.109375, 'current_loss': 41.560272216796875, 'train_loss': None, 'decision': 0, 'drift_rate': 0.0, 'target_domains': ['photo']}
Loss historical diff: 43.65964581799926; Loss Difference: 0.0, Decision: 0
Round 121 took 0.3884460926055908s, results:
{'t': 120, 'current_accuracy': 0.10546875, 'current_loss': 43.660905838012695, 'train_loss': None, 'decision': 0, 'drift_rate': 0.032, 'target_domains': ['cartoon']}
Loss historical diff: 47.39876439404907; Loss Difference: 0.0, Decision: 1
Average loss over 5 updates: 2.3111
Round 122 took 1.2571852207183838s, results:
{'t': 121, 'current_accuracy': 0.09765625, 'current_loss': 47.4000244140625, 'train_loss': 2.311055541038513, 'decision': 1, 'drift_rate': 0.032, 'target_domains': ['cartoon']}
Loss historical diff: 18.696368954901118; Loss Difference: 0.0, Decision: 0
Round 123 took 0.39063239097595215s, results:
{'t': 122, 'current_accuracy': 0.1953125, 'current_loss': 18.69762897491455, 'train_loss': None, 'decision': 0, 'drift_rate': 0.032, 'target_domains': ['cartoon']}
Loss historical diff: 21.03050973248901; Loss Difference: 0.0, Decision: 0
Round 124 took 0.3885490894317627s, results:
{'t': 123, 'current_accuracy': 0.19140625, 'current_loss': 21.03176975250244, 'train_loss': None, 'decision': 0, 'drift_rate': 0.032, 'target_domains': ['cartoon']}
Loss historical diff: 22.92394997907104; Loss Difference: 0.0, Decision: 0
Round 125 took 0.39079928398132324s, results:
{'t': 124, 'current_accuracy': 0.1796875, 'current_loss': 22.925209999084473, 'train_loss': None, 'decision': 0, 'drift_rate': 0.032, 'target_domains': ['cartoon']}
Loss historical diff: 24.012749455694575; Loss Difference: 0.0, Decision: 1
Average loss over 5 updates: 2.2095
Round 126 took 1.2469050884246826s, results:
{'t': 125, 'current_accuracy': 0.1796875, 'current_loss': 24.014009475708008, 'train_loss': 2.209516906738281, 'decision': 1, 'drift_rate': 0.032, 'target_domains': ['cartoon']}
Loss historical diff: 8.820361397985835; Loss Difference: 0.0, Decision: 0
Round 127 took 0.3896467685699463s, results:
{'t': 126, 'current_accuracy': 0.34375, 'current_loss': 8.821621417999268, 'train_loss': None, 'decision': 0, 'drift_rate': 0.032, 'target_domains': ['cartoon']}
Loss historical diff: 9.381876729254145; Loss Difference: 0.0, Decision: 0
Round 128 took 0.38955187797546387s, results:
{'t': 127, 'current_accuracy': 0.33203125, 'current_loss': 9.383136749267578, 'train_loss': None, 'decision': 0, 'drift_rate': 0.032, 'target_domains': ['cartoon']}
Loss historical diff: 9.827188275579829; Loss Difference: 0.0, Decision: 0
Round 129 took 0.38898229598999023s, results:
{'t': 128, 'current_accuracy': 0.32421875, 'current_loss': 9.828448295593262, 'train_loss': None, 'decision': 0, 'drift_rate': 0.032, 'target_domains': ['cartoon']}
Loss historical diff: 10.56071355176391; Loss Difference: 0.0, Decision: 1
Average loss over 5 updates: 2.0571
Round 130 took 1.248948574066162s, results:
{'t': 129, 'current_accuracy': 0.31640625, 'current_loss': 10.561973571777344, 'train_loss': 2.0570641994476317, 'decision': 1, 'drift_rate': 0.032, 'target_domains': ['cartoon']}
Loss historical diff: 3.199807308439631; Loss Difference: 0.0, Decision: 0
Round 131 took 0.3877851963043213s, results:
{'t': 130, 'current_accuracy': 0.359375, 'current_loss': 3.201067328453064, 'train_loss': None, 'decision': 0, 'drift_rate': 0.032, 'target_domains': ['cartoon']}
Loss historical diff: 3.3126173241180368; Loss Difference: 0.0, Decision: 0
Round 132 took 0.3924214839935303s, results:
{'t': 131, 'current_accuracy': 0.34375, 'current_loss': 3.3138773441314697, 'train_loss': None, 'decision': 0, 'drift_rate': 0.032, 'target_domains': ['cartoon']}
Loss historical diff: 3.368824027304072; Loss Difference: 0.0, Decision: 0
Round 133 took 0.38979172706604004s, results:
{'t': 132, 'current_accuracy': 0.33984375, 'current_loss': 3.370084047317505, 'train_loss': None, 'decision': 0, 'drift_rate': 0.032, 'target_domains': ['cartoon']}
Loss historical diff: 3.468187354330439; Loss Difference: 0.0, Decision: 1
Average loss over 5 updates: 1.6970
Round 134 took 1.2487995624542236s, results:
{'t': 133, 'current_accuracy': 0.3359375, 'current_loss': 3.469447374343872, 'train_loss': 1.696974802017212, 'decision': 1, 'drift_rate': 0.032, 'target_domains': ['cartoon']}
Loss historical diff: 2.344483993772883; Loss Difference: 0.0, Decision: 0
Round 135 took 0.3881862163543701s, results:
{'t': 134, 'current_accuracy': 0.40234375, 'current_loss': 2.345744013786316, 'train_loss': None, 'decision': 0, 'drift_rate': 0.032, 'target_domains': ['cartoon']}
Loss historical diff: 2.4045509321731515; Loss Difference: 0.0, Decision: 0
Round 136 took 0.3893015384674072s, results:
{'t': 135, 'current_accuracy': 0.3984375, 'current_loss': 2.4058109521865845, 'train_loss': None, 'decision': 0, 'drift_rate': 0.032, 'target_domains': ['cartoon']}
Loss historical diff: 2.455461285833735; Loss Difference: 0.0, Decision: 0
Round 137 took 0.3915235996246338s, results:
{'t': 136, 'current_accuracy': 0.39453125, 'current_loss': 2.456721305847168, 'train_loss': None, 'decision': 0, 'drift_rate': 0.032, 'target_domains': ['cartoon']}
Loss historical diff: 2.5617737991851754; Loss Difference: 0.0, Decision: 1
Average loss over 5 updates: 1.9040
Round 138 took 1.2474031448364258s, results:
{'t': 137, 'current_accuracy': 0.390625, 'current_loss': 2.5630338191986084, 'train_loss': 1.9039523601531982, 'decision': 1, 'drift_rate': 0.032, 'target_domains': ['cartoon']}
Loss historical diff: 2.0688355190795846; Loss Difference: 0.0, Decision: 0
Round 139 took 0.3927016258239746s, results:
{'t': 138, 'current_accuracy': 0.40625, 'current_loss': 2.0700955390930176, 'train_loss': None, 'decision': 0, 'drift_rate': 0.032, 'target_domains': ['cartoon']}
Loss historical diff: 2.09772231412353; Loss Difference: 0.0, Decision: 0
Round 140 took 0.38903117179870605s, results:
{'t': 139, 'current_accuracy': 0.41015625, 'current_loss': 2.098982334136963, 'train_loss': None, 'decision': 0, 'drift_rate': 0.032, 'target_domains': ['cartoon']}
Loss historical diff: 2.054122708563227; Loss Difference: 0.0, Decision: 0
Round 141 took 0.3879117965698242s, results:
{'t': 140, 'current_accuracy': 0.421875, 'current_loss': 2.05538272857666, 'train_loss': None, 'decision': 0, 'drift_rate': 0.032, 'target_domains': ['cartoon']}
Loss historical diff: 2.0453312022727914; Loss Difference: 0.0, Decision: 0
Round 142 took 0.38982582092285156s, results:
{'t': 141, 'current_accuracy': 0.41796875, 'current_loss': 2.0465912222862244, 'train_loss': None, 'decision': 0, 'drift_rate': 0.032, 'target_domains': ['cartoon']}
Loss historical diff: 2.007019541983027; Loss Difference: 0.0, Decision: 0
Round 143 took 0.38913393020629883s, results:
{'t': 142, 'current_accuracy': 0.4140625, 'current_loss': 2.00827956199646, 'train_loss': None, 'decision': 0, 'drift_rate': 0.032, 'target_domains': ['cartoon']}
Loss historical diff: 2.018243096594233; Loss Difference: 0.0, Decision: 0
Round 144 took 0.3880898952484131s, results:
{'t': 143, 'current_accuracy': 0.4140625, 'current_loss': 2.019503116607666, 'train_loss': None, 'decision': 0, 'drift_rate': 0.032, 'target_domains': ['cartoon']}
Loss historical diff: 2.0209983809036203; Loss Difference: 0.0, Decision: 0
Round 145 took 0.38983821868896484s, results:
{'t': 144, 'current_accuracy': 0.4140625, 'current_loss': 2.0222584009170532, 'train_loss': None, 'decision': 0, 'drift_rate': 0.032, 'target_domains': ['cartoon']}
Loss historical diff: 2.0294208748382516; Loss Difference: 0.0, Decision: 1
Average loss over 5 updates: 1.9019
Round 146 took 1.253737211227417s, results:
{'t': 145, 'current_accuracy': 0.4140625, 'current_loss': 2.0306808948516846, 'train_loss': 1.901879358291626, 'decision': 1, 'drift_rate': 0.032, 'target_domains': ['cartoon']}
Loss historical diff: 2.7995754702133127; Loss Difference: 0.0, Decision: 0
Round 147 took 0.38711047172546387s, results:
{'t': 146, 'current_accuracy': 0.328125, 'current_loss': 2.8008354902267456, 'train_loss': None, 'decision': 0, 'drift_rate': 0.032, 'target_domains': ['cartoon']}
Loss historical diff: 2.8226595146697946; Loss Difference: 0.0, Decision: 0
Round 148 took 0.3918955326080322s, results:
{'t': 147, 'current_accuracy': 0.33203125, 'current_loss': 2.8239195346832275, 'train_loss': None, 'decision': 0, 'drift_rate': 0.032, 'target_domains': ['cartoon']}
Loss historical diff: 2.812346003775019; Loss Difference: 0.0, Decision: 0
Round 149 took 0.38710618019104004s, results:
{'t': 148, 'current_accuracy': 0.33203125, 'current_loss': 2.813606023788452, 'train_loss': None, 'decision': 0, 'drift_rate': 0.032, 'target_domains': ['cartoon']}
Loss historical diff: 2.801996610884089; Loss Difference: 0.0, Decision: 0
Round 150 took 0.38843250274658203s, results:
{'t': 149, 'current_accuracy': 0.33984375, 'current_loss': 2.803256630897522, 'train_loss': None, 'decision': 0, 'drift_rate': 0.032, 'target_domains': ['cartoon']}
Loss historical diff: 2.801997683767695; Loss Difference: 0.0, Decision: 0
Round 151 took 0.38510870933532715s, results:
{'t': 150, 'current_accuracy': 0.33984375, 'current_loss': 2.803257703781128, 'train_loss': None, 'decision': 0, 'drift_rate': 0.0, 'target_domains': ['cartoon']}
Loss historical diff: 2.8019967300933786; Loss Difference: 0.0, Decision: 0
Round 152 took 0.3867065906524658s, results:
{'t': 151, 'current_accuracy': 0.33984375, 'current_loss': 2.8032567501068115, 'train_loss': None, 'decision': 0, 'drift_rate': 0.0, 'target_domains': ['cartoon']}
Loss historical diff: 2.8019969685119577; Loss Difference: 0.0, Decision: 0
Round 153 took 0.38744497299194336s, results:
{'t': 152, 'current_accuracy': 0.33984375, 'current_loss': 2.8032569885253906, 'train_loss': None, 'decision': 0, 'drift_rate': 0.0, 'target_domains': ['cartoon']}
Loss historical diff: 2.801996134046931; Loss Difference: 0.0, Decision: 0
Round 154 took 0.3857080936431885s, results:
{'t': 153, 'current_accuracy': 0.33984375, 'current_loss': 2.8032561540603638, 'train_loss': None, 'decision': 0, 'drift_rate': 0.0, 'target_domains': ['cartoon']}
Loss historical diff: 2.801997445349116; Loss Difference: 0.0, Decision: 0
Round 155 took 0.38802433013916016s, results:
{'t': 154, 'current_accuracy': 0.33984375, 'current_loss': 2.803257465362549, 'train_loss': None, 'decision': 0, 'drift_rate': 0.0, 'target_domains': ['cartoon']}
Loss historical diff: 2.8019969685119577; Loss Difference: 0.0, Decision: 0
Round 156 took 0.38774585723876953s, results:
{'t': 155, 'current_accuracy': 0.33984375, 'current_loss': 2.8032569885253906, 'train_loss': None, 'decision': 0, 'drift_rate': 0.0, 'target_domains': ['cartoon']}
Loss historical diff: 2.801996849302668; Loss Difference: 0.0, Decision: 0
Round 157 took 0.3857550621032715s, results:
{'t': 156, 'current_accuracy': 0.33984375, 'current_loss': 2.803256869316101, 'train_loss': None, 'decision': 0, 'drift_rate': 0.0, 'target_domains': ['cartoon']}
Loss historical diff: 2.8019970877212472; Loss Difference: 0.0, Decision: 0
Round 158 took 0.3863794803619385s, results:
{'t': 157, 'current_accuracy': 0.33984375, 'current_loss': 2.80325710773468, 'train_loss': None, 'decision': 0, 'drift_rate': 0.0, 'target_domains': ['cartoon']}
Loss historical diff: 2.8019978029769845; Loss Difference: 0.0, Decision: 0
Round 159 took 0.3861556053161621s, results:
{'t': 158, 'current_accuracy': 0.33984375, 'current_loss': 2.8032578229904175, 'train_loss': None, 'decision': 0, 'drift_rate': 0.0, 'target_domains': ['cartoon']}
Loss historical diff: 2.8019962532562204; Loss Difference: 0.0, Decision: 0
Round 160 took 0.3857138156890869s, results:
{'t': 159, 'current_accuracy': 0.33984375, 'current_loss': 2.8032562732696533, 'train_loss': None, 'decision': 0, 'drift_rate': 0.0, 'target_domains': ['cartoon']}
Loss historical diff: 2.8019972069305368; Loss Difference: 0.0, Decision: 0
Round 161 took 0.3867335319519043s, results:
{'t': 160, 'current_accuracy': 0.33984375, 'current_loss': 2.8032572269439697, 'train_loss': None, 'decision': 0, 'drift_rate': 0.0, 'target_domains': ['cartoon']}
Loss historical diff: 2.8019970877212472; Loss Difference: 0.0, Decision: 0
Round 162 took 0.3870382308959961s, results:
{'t': 161, 'current_accuracy': 0.33984375, 'current_loss': 2.80325710773468, 'train_loss': None, 'decision': 0, 'drift_rate': 0.0, 'target_domains': ['cartoon']}
Loss historical diff: 2.8019969685119577; Loss Difference: 0.0, Decision: 0
Round 163 took 0.4040684700012207s, results:
{'t': 162, 'current_accuracy': 0.33984375, 'current_loss': 2.8032569885253906, 'train_loss': None, 'decision': 0, 'drift_rate': 0.0, 'target_domains': ['cartoon']}
Loss historical diff: 2.8019972069305368; Loss Difference: 0.0, Decision: 0
Round 164 took 0.40000367164611816s, results:
{'t': 163, 'current_accuracy': 0.33984375, 'current_loss': 2.8032572269439697, 'train_loss': None, 'decision': 0, 'drift_rate': 0.0, 'target_domains': ['cartoon']}
Loss historical diff: 2.8019969685119577; Loss Difference: 0.0, Decision: 0
Round 165 took 0.38651490211486816s, results:
{'t': 164, 'current_accuracy': 0.33984375, 'current_loss': 2.8032569885253906, 'train_loss': None, 'decision': 0, 'drift_rate': 0.0, 'target_domains': ['cartoon']}
Loss historical diff: 2.80199637246551; Loss Difference: 0.0, Decision: 0
Round 166 took 0.3854670524597168s, results:
{'t': 165, 'current_accuracy': 0.33984375, 'current_loss': 2.803256392478943, 'train_loss': None, 'decision': 0, 'drift_rate': 0.0, 'target_domains': ['cartoon']}
Loss historical diff: 2.8019956572097726; Loss Difference: 0.0, Decision: 0
Round 167 took 0.3870675563812256s, results:
{'t': 166, 'current_accuracy': 0.33984375, 'current_loss': 2.8032556772232056, 'train_loss': None, 'decision': 0, 'drift_rate': 0.0, 'target_domains': ['cartoon']}
Loss historical diff: 2.801997445349116; Loss Difference: 0.0, Decision: 0
Round 168 took 0.3866701126098633s, results:
{'t': 167, 'current_accuracy': 0.33984375, 'current_loss': 2.803257465362549, 'train_loss': None, 'decision': 0, 'drift_rate': 0.0, 'target_domains': ['cartoon']}
Loss historical diff: 2.801997445349116; Loss Difference: 0.0, Decision: 0
Round 169 took 0.3857698440551758s, results:
{'t': 168, 'current_accuracy': 0.33984375, 'current_loss': 2.803257465362549, 'train_loss': None, 'decision': 0, 'drift_rate': 0.0, 'target_domains': ['cartoon']}
Loss historical diff: 2.801997445349116; Loss Difference: 0.0, Decision: 0
Round 170 took 0.38811683654785156s, results:
{'t': 169, 'current_accuracy': 0.33984375, 'current_loss': 2.803257465362549, 'train_loss': None, 'decision': 0, 'drift_rate': 0.0, 'target_domains': ['cartoon']}
Loss historical diff: 2.8019975645584054; Loss Difference: 0.0, Decision: 0
Round 171 took 0.38675856590270996s, results:
{'t': 170, 'current_accuracy': 0.33984375, 'current_loss': 2.8032575845718384, 'train_loss': None, 'decision': 0, 'drift_rate': 0.0, 'target_domains': ['cartoon']}
Loss historical diff: 2.8019973261398263; Loss Difference: 0.0, Decision: 0
Round 172 took 0.38681674003601074s, results:
{'t': 171, 'current_accuracy': 0.33984375, 'current_loss': 2.8032573461532593, 'train_loss': None, 'decision': 0, 'drift_rate': 0.0, 'target_domains': ['cartoon']}
Loss historical diff: 2.801997683767695; Loss Difference: 0.0, Decision: 0
Round 173 took 0.3861119747161865s, results:
{'t': 172, 'current_accuracy': 0.33984375, 'current_loss': 2.803257703781128, 'train_loss': None, 'decision': 0, 'drift_rate': 0.0, 'target_domains': ['cartoon']}
Loss historical diff: 2.8019962532562204; Loss Difference: 0.0, Decision: 0
Round 174 took 0.38611626625061035s, results:
{'t': 173, 'current_accuracy': 0.33984375, 'current_loss': 2.8032562732696533, 'train_loss': None, 'decision': 0, 'drift_rate': 0.0, 'target_domains': ['cartoon']}
Loss historical diff: 2.801996849302668; Loss Difference: 0.0, Decision: 0
Round 175 took 0.3860046863555908s, results:
{'t': 174, 'current_accuracy': 0.33984375, 'current_loss': 2.803256869316101, 'train_loss': None, 'decision': 0, 'drift_rate': 0.0, 'target_domains': ['cartoon']}
Loss historical diff: 2.801997445349116; Loss Difference: 0.0, Decision: 0
Round 176 took 0.3864860534667969s, results:
{'t': 175, 'current_accuracy': 0.33984375, 'current_loss': 2.803257465362549, 'train_loss': None, 'decision': 0, 'drift_rate': 0.0, 'target_domains': ['cartoon']}
Loss historical diff: 2.8019972069305368; Loss Difference: 0.0, Decision: 0
Round 177 took 0.38642191886901855s, results:
{'t': 176, 'current_accuracy': 0.33984375, 'current_loss': 2.8032572269439697, 'train_loss': None, 'decision': 0, 'drift_rate': 0.0, 'target_domains': ['cartoon']}
Loss historical diff: 2.8019975645584054; Loss Difference: 0.0, Decision: 0
Round 178 took 0.38805079460144043s, results:
{'t': 177, 'current_accuracy': 0.33984375, 'current_loss': 2.8032575845718384, 'train_loss': None, 'decision': 0, 'drift_rate': 0.0, 'target_domains': ['cartoon']}
Loss historical diff: 2.8019967300933786; Loss Difference: 0.0, Decision: 0
Round 179 took 0.3862283229827881s, results:
{'t': 178, 'current_accuracy': 0.33984375, 'current_loss': 2.8032567501068115, 'train_loss': None, 'decision': 0, 'drift_rate': 0.0, 'target_domains': ['cartoon']}
Loss historical diff: 2.801997445349116; Loss Difference: 0.0, Decision: 0
Round 180 took 0.38731884956359863s, results:
{'t': 179, 'current_accuracy': 0.33984375, 'current_loss': 2.803257465362549, 'train_loss': None, 'decision': 0, 'drift_rate': 0.0, 'target_domains': ['cartoon']}
Loss historical diff: 2.8019972069305368; Loss Difference: 0.0, Decision: 0
Round 181 took 0.38489460945129395s, results:
{'t': 180, 'current_accuracy': 0.33984375, 'current_loss': 2.8032572269439697, 'train_loss': None, 'decision': 0, 'drift_rate': 0.0, 'target_domains': ['cartoon']}
Loss historical diff: 2.801997683767695; Loss Difference: 0.0, Decision: 0
Round 182 took 0.3865373134613037s, results:
{'t': 181, 'current_accuracy': 0.33984375, 'current_loss': 2.803257703781128, 'train_loss': None, 'decision': 0, 'drift_rate': 0.0, 'target_domains': ['cartoon']}
Loss historical diff: 2.8019969685119577; Loss Difference: 0.0, Decision: 0
Round 183 took 0.3863968849182129s, results:
{'t': 182, 'current_accuracy': 0.33984375, 'current_loss': 2.8032569885253906, 'train_loss': None, 'decision': 0, 'drift_rate': 0.0, 'target_domains': ['cartoon']}
Loss historical diff: 2.801996849302668; Loss Difference: 0.0, Decision: 0
Round 184 took 0.38585495948791504s, results:
{'t': 183, 'current_accuracy': 0.33984375, 'current_loss': 2.803256869316101, 'train_loss': None, 'decision': 0, 'drift_rate': 0.0, 'target_domains': ['cartoon']}
Loss historical diff: 2.8019978029769845; Loss Difference: 0.0, Decision: 0
Round 185 took 0.38774609565734863s, results:
{'t': 184, 'current_accuracy': 0.33984375, 'current_loss': 2.8032578229904175, 'train_loss': None, 'decision': 0, 'drift_rate': 0.0, 'target_domains': ['cartoon']}
Loss historical diff: 2.8019967300933786; Loss Difference: 0.0, Decision: 0
Round 186 took 0.3877551555633545s, results:
{'t': 185, 'current_accuracy': 0.33984375, 'current_loss': 2.8032567501068115, 'train_loss': None, 'decision': 0, 'drift_rate': 0.0, 'target_domains': ['cartoon']}
Loss historical diff: 2.8019972069305368; Loss Difference: 0.0, Decision: 0
Round 187 took 0.38555169105529785s, results:
{'t': 186, 'current_accuracy': 0.33984375, 'current_loss': 2.8032572269439697, 'train_loss': None, 'decision': 0, 'drift_rate': 0.0, 'target_domains': ['cartoon']}
Loss historical diff: 2.801996610884089; Loss Difference: 0.0, Decision: 0
Round 188 took 0.38706541061401367s, results:
{'t': 187, 'current_accuracy': 0.33984375, 'current_loss': 2.803256630897522, 'train_loss': None, 'decision': 0, 'drift_rate': 0.0, 'target_domains': ['cartoon']}
Loss historical diff: 2.8019972069305368; Loss Difference: 0.0, Decision: 0
Round 189 took 0.3864099979400635s, results:
{'t': 188, 'current_accuracy': 0.33984375, 'current_loss': 2.8032572269439697, 'train_loss': None, 'decision': 0, 'drift_rate': 0.0, 'target_domains': ['cartoon']}
Loss historical diff: 2.801997445349116; Loss Difference: 0.0, Decision: 0
Round 190 took 0.3871035575866699s, results:
{'t': 189, 'current_accuracy': 0.33984375, 'current_loss': 2.803257465362549, 'train_loss': None, 'decision': 0, 'drift_rate': 0.0, 'target_domains': ['cartoon']}
Loss historical diff: 2.871797464613337; Loss Difference: 0.0, Decision: 1
Average loss over 5 updates: 1.4917
Round 191 took 1.2585179805755615s, results:
{'t': 190, 'current_accuracy': 0.3359375, 'current_loss': 2.87305748462677, 'train_loss': 1.4916784286499023, 'decision': 1, 'drift_rate': 0.032, 'target_domains': ['sketch']}
Loss historical diff: 2.049835704092402; Loss Difference: 0.0, Decision: 0
Round 192 took 0.3908064365386963s, results:
{'t': 191, 'current_accuracy': 0.33984375, 'current_loss': 2.051095724105835, 'train_loss': None, 'decision': 0, 'drift_rate': 0.032, 'target_domains': ['sketch']}
Loss historical diff: 2.0597429497283883; Loss Difference: 0.0, Decision: 0
Round 193 took 0.39041876792907715s, results:
{'t': 192, 'current_accuracy': 0.328125, 'current_loss': 2.0610029697418213, 'train_loss': None, 'decision': 0, 'drift_rate': 0.032, 'target_domains': ['sketch']}
Loss historical diff: 2.14366319013061; Loss Difference: 0.0, Decision: 0
Round 194 took 0.3897669315338135s, results:
{'t': 193, 'current_accuracy': 0.31640625, 'current_loss': 2.144923210144043, 'train_loss': None, 'decision': 0, 'drift_rate': 0.032, 'target_domains': ['sketch']}
Loss historical diff: 2.193182132963557; Loss Difference: 0.0, Decision: 1
Average loss over 5 updates: 1.5677
Round 195 took 1.251274824142456s, results:
{'t': 194, 'current_accuracy': 0.30078125, 'current_loss': 2.1944421529769897, 'train_loss': 1.5677315235137939, 'decision': 1, 'drift_rate': 0.032, 'target_domains': ['sketch']}
Loss historical diff: 3.767803929571528; Loss Difference: 0.0, Decision: 1
Average loss over 5 updates: 1.4148
Round 196 took 1.2462646961212158s, results:
{'t': 195, 'current_accuracy': 0.3203125, 'current_loss': 3.769063949584961, 'train_loss': 1.41476469039917, 'decision': 1, 'drift_rate': 0.032, 'target_domains': ['sketch']}
Loss historical diff: 2.2467854244750924; Loss Difference: 0.0, Decision: 0
Round 197 took 0.3917202949523926s, results:
{'t': 196, 'current_accuracy': 0.41796875, 'current_loss': 2.2480454444885254, 'train_loss': None, 'decision': 0, 'drift_rate': 0.032, 'target_domains': ['sketch']}
Loss historical diff: 2.3422497732681222; Loss Difference: 0.0, Decision: 0
Round 198 took 0.38882946968078613s, results:
{'t': 197, 'current_accuracy': 0.41796875, 'current_loss': 2.343509793281555, 'train_loss': None, 'decision': 0, 'drift_rate': 0.032, 'target_domains': ['sketch']}
Loss historical diff: 2.385880373243708; Loss Difference: 0.0, Decision: 0
Round 199 took 0.38752079010009766s, results:
{'t': 198, 'current_accuracy': 0.41015625, 'current_loss': 2.387140393257141, 'train_loss': None, 'decision': 0, 'drift_rate': 0.032, 'target_domains': ['sketch']}
Loss historical diff: 2.5112672073883004; Loss Difference: 0.0, Decision: 1
Average loss over 5 updates: 1.7587
Round 200 took 1.2489607334136963s, results:
{'t': 199, 'current_accuracy': 0.390625, 'current_loss': 2.5125272274017334, 'train_loss': 1.7586705923080443, 'decision': 1, 'drift_rate': 0.032, 'target_domains': ['sketch']}
Loss historical diff: 6.830413602117915; Loss Difference: 0.0, Decision: 1
Average loss over 5 updates: 1.3964
Round 201 took 1.2442121505737305s, results:
{'t': 200, 'current_accuracy': 0.28515625, 'current_loss': 6.831673622131348, 'train_loss': 1.3964122772216796, 'decision': 1, 'drift_rate': 0.032, 'target_domains': ['sketch']}
Loss historical diff: 4.500871918920893; Loss Difference: 0.0, Decision: 0
Round 202 took 0.39469122886657715s, results:
{'t': 201, 'current_accuracy': 0.34375, 'current_loss': 4.502131938934326, 'train_loss': None, 'decision': 0, 'drift_rate': 0.032, 'target_domains': ['sketch']}
Loss historical diff: 4.639919780020136; Loss Difference: 0.0, Decision: 0
Round 203 took 0.3908987045288086s, results:
{'t': 202, 'current_accuracy': 0.3359375, 'current_loss': 4.641179800033569, 'train_loss': None, 'decision': 0, 'drift_rate': 0.032, 'target_domains': ['sketch']}
Loss historical diff: 4.768082879309077; Loss Difference: 0.0, Decision: 0
Round 204 took 0.38745641708374023s, results:
{'t': 203, 'current_accuracy': 0.33984375, 'current_loss': 4.76934289932251, 'train_loss': None, 'decision': 0, 'drift_rate': 0.032, 'target_domains': ['sketch']}
Loss historical diff: 4.861128352407832; Loss Difference: 0.0, Decision: 0
Round 205 took 0.39237475395202637s, results:
{'t': 204, 'current_accuracy': 0.33203125, 'current_loss': 4.862388372421265, 'train_loss': None, 'decision': 0, 'drift_rate': 0.032, 'target_domains': ['sketch']}
Loss historical diff: 5.19749095273437; Loss Difference: 0.0, Decision: 0
Round 206 took 0.3904755115509033s, results:
{'t': 205, 'current_accuracy': 0.31640625, 'current_loss': 5.198750972747803, 'train_loss': None, 'decision': 0, 'drift_rate': 0.032, 'target_domains': ['sketch']}
Loss historical diff: 5.393386624578852; Loss Difference: 0.0, Decision: 0
Round 207 took 0.38808655738830566s, results:
{'t': 206, 'current_accuracy': 0.3046875, 'current_loss': 5.394646644592285, 'train_loss': None, 'decision': 0, 'drift_rate': 0.032, 'target_domains': ['sketch']}
Loss historical diff: 5.68571116757812; Loss Difference: 0.0, Decision: 0
Round 208 took 0.39037394523620605s, results:
{'t': 207, 'current_accuracy': 0.29296875, 'current_loss': 5.686971187591553, 'train_loss': None, 'decision': 0, 'drift_rate': 0.032, 'target_domains': ['sketch']}
Loss historical diff: 5.981615088705439; Loss Difference: 0.0, Decision: 1
Average loss over 5 updates: 1.5486
Round 209 took 1.2543964385986328s, results:
{'t': 208, 'current_accuracy': 0.27734375, 'current_loss': 5.982875108718872, 'train_loss': 1.5485599517822266, 'decision': 1, 'drift_rate': 0.032, 'target_domains': ['sketch']}
Loss historical diff: 2.5180644018691964; Loss Difference: 0.0, Decision: 0
Round 210 took 0.39020347595214844s, results:
{'t': 209, 'current_accuracy': 0.2265625, 'current_loss': 2.5193244218826294, 'train_loss': None, 'decision': 0, 'drift_rate': 0.032, 'target_domains': ['sketch']}
Loss historical diff: 2.5176886541885324; Loss Difference: 0.0, Decision: 0
Round 211 took 0.38996076583862305s, results:
{'t': 210, 'current_accuracy': 0.22265625, 'current_loss': 2.5189486742019653, 'train_loss': None, 'decision': 0, 'drift_rate': 0.032, 'target_domains': ['sketch']}
Loss historical diff: 2.578139804129023; Loss Difference: 0.0, Decision: 0
Round 212 took 0.38871264457702637s, results:
{'t': 211, 'current_accuracy': 0.20703125, 'current_loss': 2.579399824142456, 'train_loss': None, 'decision': 0, 'drift_rate': 0.032, 'target_domains': ['sketch']}
Loss historical diff: 2.582658074621577; Loss Difference: 0.0, Decision: 0
Round 213 took 0.3891417980194092s, results:
{'t': 212, 'current_accuracy': 0.1953125, 'current_loss': 2.5839180946350098, 'train_loss': None, 'decision': 0, 'drift_rate': 0.032, 'target_domains': ['sketch']}
Loss historical diff: 2.624027155165095; Loss Difference: 0.0, Decision: 0
Round 214 took 0.38729333877563477s, results:
{'t': 213, 'current_accuracy': 0.1796875, 'current_loss': 2.625287175178528, 'train_loss': None, 'decision': 0, 'drift_rate': 0.032, 'target_domains': ['sketch']}
Loss historical diff: 2.6100058777374215; Loss Difference: 0.0, Decision: 0
Round 215 took 0.3857431411743164s, results:
{'t': 214, 'current_accuracy': 0.171875, 'current_loss': 2.6112658977508545, 'train_loss': None, 'decision': 0, 'drift_rate': 0.032, 'target_domains': ['sketch']}
Loss historical diff: 2.6195624096435495; Loss Difference: 0.0, Decision: 0
Round 216 took 0.38729000091552734s, results:
{'t': 215, 'current_accuracy': 0.16796875, 'current_loss': 2.6208224296569824, 'train_loss': None, 'decision': 0, 'drift_rate': 0.032, 'target_domains': ['sketch']}
Loss historical diff: 2.6231448872131296; Loss Difference: 0.0, Decision: 0
Round 217 took 0.38854336738586426s, results:
{'t': 216, 'current_accuracy': 0.1640625, 'current_loss': 2.6244049072265625, 'train_loss': None, 'decision': 0, 'drift_rate': 0.032, 'target_domains': ['sketch']}
Loss historical diff: 2.671619675878901; Loss Difference: 0.0, Decision: 0
Round 218 took 0.38866543769836426s, results:
{'t': 217, 'current_accuracy': 0.15625, 'current_loss': 2.672879695892334, 'train_loss': None, 'decision': 0, 'drift_rate': 0.032, 'target_domains': ['sketch']}
Loss historical diff: 2.72582974267425; Loss Difference: 0.0, Decision: 0
Round 219 took 0.38908839225769043s, results:
{'t': 218, 'current_accuracy': 0.15234375, 'current_loss': 2.727089762687683, 'train_loss': None, 'decision': 0, 'drift_rate': 0.032, 'target_domains': ['sketch']}
Loss historical diff: 2.806832931761164; Loss Difference: 0.0, Decision: 1
Average loss over 5 updates: 1.2658
Round 220 took 1.2572803497314453s, results:
{'t': 219, 'current_accuracy': 0.12109375, 'current_loss': 2.808092951774597, 'train_loss': 1.2658282995224, 'decision': 1, 'drift_rate': 0.032, 'target_domains': ['sketch']}
Loss historical diff: 3.1736525518936105; Loss Difference: 0.0, Decision: 0
Round 221 took 0.38608264923095703s, results:
{'t': 220, 'current_accuracy': 0.28125, 'current_loss': 3.1749125719070435, 'train_loss': None, 'decision': 0, 'drift_rate': 0.0, 'target_domains': ['sketch']}
Loss historical diff: 3.1736526711029; Loss Difference: 0.0, Decision: 0
Round 222 took 0.38608384132385254s, results:
{'t': 221, 'current_accuracy': 0.28125, 'current_loss': 3.174912691116333, 'train_loss': None, 'decision': 0, 'drift_rate': 0.0, 'target_domains': ['sketch']}
Loss historical diff: 3.1736527903121896; Loss Difference: 0.0, Decision: 0
Round 223 took 0.38573551177978516s, results:
{'t': 222, 'current_accuracy': 0.28125, 'current_loss': 3.1749128103256226, 'train_loss': None, 'decision': 0, 'drift_rate': 0.0, 'target_domains': ['sketch']}
Loss historical diff: 3.173652432684321; Loss Difference: 0.0, Decision: 0
Round 224 took 0.3859739303588867s, results:
{'t': 223, 'current_accuracy': 0.28125, 'current_loss': 3.174912452697754, 'train_loss': None, 'decision': 0, 'drift_rate': 0.0, 'target_domains': ['sketch']}
Loss historical diff: 3.1736523134750314; Loss Difference: 0.0, Decision: 0
Round 225 took 0.38683462142944336s, results:
{'t': 224, 'current_accuracy': 0.28125, 'current_loss': 3.1749123334884644, 'train_loss': None, 'decision': 0, 'drift_rate': 0.0, 'target_domains': ['sketch']}
Loss historical diff: 3.1736526711029; Loss Difference: 0.0, Decision: 0
Round 226 took 0.38535404205322266s, results:
{'t': 225, 'current_accuracy': 0.28125, 'current_loss': 3.174912691116333, 'train_loss': None, 'decision': 0, 'drift_rate': 0.0, 'target_domains': ['sketch']}
Loss historical diff: 3.173651836637873; Loss Difference: 0.0, Decision: 0
Round 227 took 0.38643908500671387s, results:
{'t': 226, 'current_accuracy': 0.28125, 'current_loss': 3.174911856651306, 'train_loss': None, 'decision': 0, 'drift_rate': 0.0, 'target_domains': ['sketch']}
Loss historical diff: 3.1736523134750314; Loss Difference: 0.0, Decision: 0
Round 228 took 0.3855400085449219s, results:
{'t': 227, 'current_accuracy': 0.28125, 'current_loss': 3.1749123334884644, 'train_loss': None, 'decision': 0, 'drift_rate': 0.0, 'target_domains': ['sketch']}
Loss historical diff: 3.1736527903121896; Loss Difference: 0.0, Decision: 0
Round 229 took 0.3860664367675781s, results:
{'t': 228, 'current_accuracy': 0.28125, 'current_loss': 3.1749128103256226, 'train_loss': None, 'decision': 0, 'drift_rate': 0.0, 'target_domains': ['sketch']}
Loss historical diff: 3.1736525518936105; Loss Difference: 0.0, Decision: 0
Round 230 took 0.3845694065093994s, results:
{'t': 229, 'current_accuracy': 0.28125, 'current_loss': 3.1749125719070435, 'train_loss': None, 'decision': 0, 'drift_rate': 0.0, 'target_domains': ['sketch']}
Loss historical diff: 3.173652909521479; Loss Difference: 0.0, Decision: 0
Round 231 took 0.3851203918457031s, results:
{'t': 230, 'current_accuracy': 0.28125, 'current_loss': 3.174912929534912, 'train_loss': None, 'decision': 0, 'drift_rate': 0.0, 'target_domains': ['sketch']}
Loss historical diff: 3.1736527903121896; Loss Difference: 0.0, Decision: 0
Round 232 took 0.3847644329071045s, results:
{'t': 231, 'current_accuracy': 0.28125, 'current_loss': 3.1749128103256226, 'train_loss': None, 'decision': 0, 'drift_rate': 0.0, 'target_domains': ['sketch']}
Loss historical diff: 3.1736523134750314; Loss Difference: 0.0, Decision: 0
Round 233 took 0.38428664207458496s, results:
{'t': 232, 'current_accuracy': 0.28125, 'current_loss': 3.1749123334884644, 'train_loss': None, 'decision': 0, 'drift_rate': 0.0, 'target_domains': ['sketch']}
Loss historical diff: 3.1736525518936105; Loss Difference: 0.0, Decision: 0
Round 234 took 0.3885059356689453s, results:
{'t': 233, 'current_accuracy': 0.28125, 'current_loss': 3.1749125719070435, 'train_loss': None, 'decision': 0, 'drift_rate': 0.0, 'target_domains': ['sketch']}
Loss historical diff: 3.1736525518936105; Loss Difference: 0.0, Decision: 0
Round 235 took 0.38533854484558105s, results:
{'t': 234, 'current_accuracy': 0.28125, 'current_loss': 3.1749125719070435, 'train_loss': None, 'decision': 0, 'drift_rate': 0.0, 'target_domains': ['sketch']}
Loss historical diff: 3.173652909521479; Loss Difference: 0.0, Decision: 0
Round 236 took 0.3837289810180664s, results:
{'t': 235, 'current_accuracy': 0.28125, 'current_loss': 3.174912929534912, 'train_loss': None, 'decision': 0, 'drift_rate': 0.0, 'target_domains': ['sketch']}
Loss historical diff: 3.173652194265742; Loss Difference: 0.0, Decision: 0
Round 237 took 0.38516736030578613s, results:
{'t': 236, 'current_accuracy': 0.28125, 'current_loss': 3.174912214279175, 'train_loss': None, 'decision': 0, 'drift_rate': 0.0, 'target_domains': ['sketch']}
Loss historical diff: 3.1736526711029; Loss Difference: 0.0, Decision: 0
Round 238 took 0.38499927520751953s, results:
{'t': 237, 'current_accuracy': 0.28125, 'current_loss': 3.174912691116333, 'train_loss': None, 'decision': 0, 'drift_rate': 0.0, 'target_domains': ['sketch']}
Loss historical diff: 3.1736527903121896; Loss Difference: 0.0, Decision: 0
Round 239 took 0.3838388919830322s, results:
{'t': 238, 'current_accuracy': 0.28125, 'current_loss': 3.1749128103256226, 'train_loss': None, 'decision': 0, 'drift_rate': 0.0, 'target_domains': ['sketch']}
Loss historical diff: 3.1736526711029; Loss Difference: 0.0, Decision: 0
Round 240 took 0.3853585720062256s, results:
{'t': 239, 'current_accuracy': 0.28125, 'current_loss': 3.174912691116333, 'train_loss': None, 'decision': 0, 'drift_rate': 0.0, 'target_domains': ['sketch']}
Loss historical diff: 3.1736520750564523; Loss Difference: 0.0, Decision: 0
Round 241 took 0.38581085205078125s, results:
{'t': 240, 'current_accuracy': 0.28125, 'current_loss': 3.1749120950698853, 'train_loss': None, 'decision': 0, 'drift_rate': 0.0, 'target_domains': ['sketch']}
Loss historical diff: 3.1736520750564523; Loss Difference: 0.0, Decision: 0
Round 242 took 0.38488340377807617s, results:
{'t': 241, 'current_accuracy': 0.28125, 'current_loss': 3.1749120950698853, 'train_loss': None, 'decision': 0, 'drift_rate': 0.0, 'target_domains': ['sketch']}
Loss historical diff: 3.1736525518936105; Loss Difference: 0.0, Decision: 0
Round 243 took 0.3888070583343506s, results:
{'t': 242, 'current_accuracy': 0.28125, 'current_loss': 3.1749125719070435, 'train_loss': None, 'decision': 0, 'drift_rate': 0.0, 'target_domains': ['sketch']}
Loss historical diff: 3.1736527903121896; Loss Difference: 0.0, Decision: 0
Round 244 took 0.3850579261779785s, results:
{'t': 243, 'current_accuracy': 0.28125, 'current_loss': 3.1749128103256226, 'train_loss': None, 'decision': 0, 'drift_rate': 0.0, 'target_domains': ['sketch']}
Loss historical diff: 3.1736526711029; Loss Difference: 0.0, Decision: 0
Round 245 took 0.3851184844970703s, results:
{'t': 244, 'current_accuracy': 0.28125, 'current_loss': 3.174912691116333, 'train_loss': None, 'decision': 0, 'drift_rate': 0.0, 'target_domains': ['sketch']}
Loss historical diff: 3.1736531479400583; Loss Difference: 0.0, Decision: 0
Round 246 took 0.3855128288269043s, results:
{'t': 245, 'current_accuracy': 0.28125, 'current_loss': 3.174913167953491, 'train_loss': None, 'decision': 0, 'drift_rate': 0.0, 'target_domains': ['sketch']}
Loss historical diff: 3.1736526711029; Loss Difference: 0.0, Decision: 0
Round 247 took 0.3853912353515625s, results:
{'t': 246, 'current_accuracy': 0.28125, 'current_loss': 3.174912691116333, 'train_loss': None, 'decision': 0, 'drift_rate': 0.0, 'target_domains': ['sketch']}
Loss historical diff: 3.173652194265742; Loss Difference: 0.0, Decision: 0
Round 248 took 0.3841376304626465s, results:
{'t': 247, 'current_accuracy': 0.28125, 'current_loss': 3.174912214279175, 'train_loss': None, 'decision': 0, 'drift_rate': 0.0, 'target_domains': ['sketch']}
Loss historical diff: 3.1736526711029; Loss Difference: 0.0, Decision: 0
Round 249 took 0.3873133659362793s, results:
{'t': 248, 'current_accuracy': 0.28125, 'current_loss': 3.174912691116333, 'train_loss': None, 'decision': 0, 'drift_rate': 0.0, 'target_domains': ['sketch']}
Loss historical diff: 3.1736523134750314; Loss Difference: 0.0, Decision: 0
Round 250 took 0.38641977310180664s, results:
{'t': 249, 'current_accuracy': 0.28125, 'current_loss': 3.1749123334884644, 'train_loss': None, 'decision': 0, 'drift_rate': 0.0, 'target_domains': ['sketch']}
Average time per round: 0.45744947624206544
Total time: 114.36236906051636
