Device: cuda
CUDA Version: 12.1
cuDNN Version: 8902
PyTorch Version: 2.3.0

Model used: PACSCNN_4
Initial dataset creation
Initial dataset creation
Initial loss: 0.15401101112365723
<__main__.Policy object at 0x150294692720>
0.15401101112365723
Round 1 took 0.4106428623199463s, results:
{'t': 0, 'current_accuracy': 0.9453125, 'current_loss': 0.15144870430231094, 'train_loss': None, 'decision': 0, 'drift_rate': 0.0, 'target_domains': ['sketch']}
Traceback (most recent call last):
  File "/home/apiasecz/programming/concept_drift_optimal_adaptation_FL/src/execute/evaluate_policy.py", line 899, in <module>
    main()
  File "/home/apiasecz/programming/concept_drift_optimal_adaptation_FL/src/execute/evaluate_policy.py", line 879, in main
    evaluate_policy_under_drift(
  File "/home/apiasecz/programming/concept_drift_optimal_adaptation_FL/src/execute/evaluate_policy.py", line 663, in evaluate_policy_under_drift
    drift_rate, target_domains = drift_scheduler.get_drift_params(t)
                                 ^^^^^^^^^^^^^^^^^^^^^^^^^^^^^^^^^^^
  File "/home/apiasecz/programming/concept_drift_optimal_adaptation_FL/src/execute/evaluate_policy.py", line 452, in get_drift_params
    self.limits_interval = (self.burst_interval[0], self.burst_interval[1])
                            ~~~~~~~~~~~~~~~~~~~^^^
TypeError: 'int' object is not subscriptable
