Using the latest cached version of the dataset since flwrlabs/pacs couldn't be found on the Hugging Face Hub
Found the latest cached dataset configuration 'default' at /home/apiasecz/.cache/huggingface/datasets/flwrlabs___pacs/default/0.0.0/394113073258ead631f617d2e13bb377c0715c4b (last modified on Wed Jan 29 16:59:35 2025).
Using the latest cached version of the dataset since flwrlabs/pacs couldn't be found on the Hugging Face Hub
Found the latest cached dataset configuration 'default' at /home/apiasecz/.cache/huggingface/datasets/flwrlabs___pacs/default/0.0.0/394113073258ead631f617d2e13bb377c0715c4b (last modified on Wed Jan 29 16:59:35 2025).
Using the latest cached version of the dataset since flwrlabs/pacs couldn't be found on the Hugging Face Hub
Found the latest cached dataset configuration 'default' at /home/apiasecz/.cache/huggingface/datasets/flwrlabs___pacs/default/0.0.0/394113073258ead631f617d2e13bb377c0715c4b (last modified on Wed Jan 29 16:59:35 2025).
Using the latest cached version of the dataset since flwrlabs/pacs couldn't be found on the Hugging Face Hub
Found the latest cached dataset configuration 'default' at /home/apiasecz/.cache/huggingface/datasets/flwrlabs___pacs/default/0.0.0/394113073258ead631f617d2e13bb377c0715c4b (last modified on Wed Jan 29 16:59:35 2025).
Using the latest cached version of the dataset since flwrlabs/pacs couldn't be found on the Hugging Face Hub
Found the latest cached dataset configuration 'default' at /home/apiasecz/.cache/huggingface/datasets/flwrlabs___pacs/default/0.0.0/394113073258ead631f617d2e13bb377c0715c4b (last modified on Wed Jan 29 16:59:35 2025).
Device: cuda
CUDA Version: 12.1
cuDNN Version: 8902
PyTorch Version: 2.3.0

Model used: PACSCNN_4
Initial dataset creation
Initial dataset creation
Initial loss: 0.3012711703777313
<__main__.Policy object at 0x15131020d6d0>
0.3012711703777313
Round 1 took 0.40242481231689453s, results:
{'t': 0, 'current_accuracy': 0.88671875, 'current_loss': 0.31225575506687164, 'train_loss': None, 'decision': 0, 'drift_rate': 0.0, 'target_domains': ['photo']}
Round 2 took 0.3942263126373291s, results:
{'t': 1, 'current_accuracy': 0.88671875, 'current_loss': 0.3122556358575821, 'train_loss': None, 'decision': 0, 'drift_rate': 0.0, 'target_domains': ['photo']}
Round 3 took 0.390636682510376s, results:
{'t': 2, 'current_accuracy': 0.88671875, 'current_loss': 0.31225575506687164, 'train_loss': None, 'decision': 0, 'drift_rate': 0.0, 'target_domains': ['photo']}
Round 4 took 0.39063549041748047s, results:
{'t': 3, 'current_accuracy': 0.88671875, 'current_loss': 0.3122555911540985, 'train_loss': None, 'decision': 0, 'drift_rate': 0.0, 'target_domains': ['photo']}
Round 5 took 0.38932180404663086s, results:
{'t': 4, 'current_accuracy': 0.88671875, 'current_loss': 0.31225578486919403, 'train_loss': None, 'decision': 0, 'drift_rate': 0.0, 'target_domains': ['photo']}
Round 6 took 0.39001035690307617s, results:
{'t': 5, 'current_accuracy': 0.88671875, 'current_loss': 0.31225568801164627, 'train_loss': None, 'decision': 0, 'drift_rate': 0.0, 'target_domains': ['photo']}
Round 7 took 0.4242997169494629s, results:
{'t': 6, 'current_accuracy': 0.88671875, 'current_loss': 0.31225572526454926, 'train_loss': None, 'decision': 0, 'drift_rate': 0.0, 'target_domains': ['photo']}
Round 8 took 0.3893454074859619s, results:
{'t': 7, 'current_accuracy': 0.88671875, 'current_loss': 0.31225574016571045, 'train_loss': None, 'decision': 0, 'drift_rate': 0.0, 'target_domains': ['photo']}
Round 9 took 0.3896365165710449s, results:
{'t': 8, 'current_accuracy': 0.88671875, 'current_loss': 0.31225576996803284, 'train_loss': None, 'decision': 0, 'drift_rate': 0.0, 'target_domains': ['photo']}
Round 10 took 0.3898618221282959s, results:
{'t': 9, 'current_accuracy': 0.88671875, 'current_loss': 0.31225575506687164, 'train_loss': None, 'decision': 0, 'drift_rate': 0.0, 'target_domains': ['photo']}
Round 11 took 0.3892698287963867s, results:
{'t': 10, 'current_accuracy': 0.88671875, 'current_loss': 0.3122556209564209, 'train_loss': None, 'decision': 0, 'drift_rate': 0.0, 'target_domains': ['photo']}
Round 12 took 0.3959965705871582s, results:
{'t': 11, 'current_accuracy': 0.88671875, 'current_loss': 0.31225569546222687, 'train_loss': None, 'decision': 0, 'drift_rate': 0.0, 'target_domains': ['photo']}
Round 13 took 0.3912160396575928s, results:
{'t': 12, 'current_accuracy': 0.88671875, 'current_loss': 0.31225576996803284, 'train_loss': None, 'decision': 0, 'drift_rate': 0.0, 'target_domains': ['photo']}
Round 14 took 0.38892316818237305s, results:
{'t': 13, 'current_accuracy': 0.88671875, 'current_loss': 0.31225569546222687, 'train_loss': None, 'decision': 0, 'drift_rate': 0.0, 'target_domains': ['photo']}
Round 15 took 0.3892250061035156s, results:
{'t': 14, 'current_accuracy': 0.88671875, 'current_loss': 0.31225575506687164, 'train_loss': None, 'decision': 0, 'drift_rate': 0.0, 'target_domains': ['photo']}
Round 16 took 0.3898301124572754s, results:
{'t': 15, 'current_accuracy': 0.88671875, 'current_loss': 0.3122558444738388, 'train_loss': None, 'decision': 0, 'drift_rate': 0.0, 'target_domains': ['photo']}
Round 17 took 0.39354634284973145s, results:
{'t': 16, 'current_accuracy': 0.88671875, 'current_loss': 0.31225575506687164, 'train_loss': None, 'decision': 0, 'drift_rate': 0.0, 'target_domains': ['photo']}
Round 18 took 0.3901987075805664s, results:
{'t': 17, 'current_accuracy': 0.88671875, 'current_loss': 0.31225574016571045, 'train_loss': None, 'decision': 0, 'drift_rate': 0.0, 'target_domains': ['photo']}
Round 19 took 0.38994741439819336s, results:
{'t': 18, 'current_accuracy': 0.88671875, 'current_loss': 0.31225575506687164, 'train_loss': None, 'decision': 0, 'drift_rate': 0.0, 'target_domains': ['photo']}
Round 20 took 0.39022088050842285s, results:
{'t': 19, 'current_accuracy': 0.88671875, 'current_loss': 0.31225578486919403, 'train_loss': None, 'decision': 0, 'drift_rate': 0.0, 'target_domains': ['photo']}
Round 21 took 0.38915085792541504s, results:
{'t': 20, 'current_accuracy': 0.88671875, 'current_loss': 0.31225576996803284, 'train_loss': None, 'decision': 0, 'drift_rate': 0.0, 'target_domains': ['photo']}
Round 22 took 0.3925175666809082s, results:
{'t': 21, 'current_accuracy': 0.88671875, 'current_loss': 0.31225572526454926, 'train_loss': None, 'decision': 0, 'drift_rate': 0.0, 'target_domains': ['photo']}
Round 23 took 0.38967418670654297s, results:
{'t': 22, 'current_accuracy': 0.88671875, 'current_loss': 0.31225576996803284, 'train_loss': None, 'decision': 0, 'drift_rate': 0.0, 'target_domains': ['photo']}
Round 24 took 0.38941359519958496s, results:
{'t': 23, 'current_accuracy': 0.88671875, 'current_loss': 0.31225575506687164, 'train_loss': None, 'decision': 0, 'drift_rate': 0.0, 'target_domains': ['photo']}
Round 25 took 0.38983583450317383s, results:
{'t': 24, 'current_accuracy': 0.88671875, 'current_loss': 0.31225576996803284, 'train_loss': None, 'decision': 0, 'drift_rate': 0.0, 'target_domains': ['photo']}
Round 26 took 0.38979196548461914s, results:
{'t': 25, 'current_accuracy': 0.88671875, 'current_loss': 0.3122556358575821, 'train_loss': None, 'decision': 0, 'drift_rate': 0.0, 'target_domains': ['photo']}
Round 27 took 0.3896660804748535s, results:
{'t': 26, 'current_accuracy': 0.88671875, 'current_loss': 0.31225576996803284, 'train_loss': None, 'decision': 0, 'drift_rate': 0.0, 'target_domains': ['photo']}
Round 28 took 0.3896479606628418s, results:
{'t': 27, 'current_accuracy': 0.88671875, 'current_loss': 0.31225574016571045, 'train_loss': None, 'decision': 0, 'drift_rate': 0.0, 'target_domains': ['photo']}
Round 29 took 0.39024949073791504s, results:
{'t': 28, 'current_accuracy': 0.88671875, 'current_loss': 0.31225575506687164, 'train_loss': None, 'decision': 0, 'drift_rate': 0.0, 'target_domains': ['photo']}
Round 30 took 0.3893892765045166s, results:
{'t': 29, 'current_accuracy': 0.88671875, 'current_loss': 0.31225574016571045, 'train_loss': None, 'decision': 0, 'drift_rate': 0.0, 'target_domains': ['photo']}
Round 31 took 0.3896622657775879s, results:
{'t': 30, 'current_accuracy': 0.88671875, 'current_loss': 0.31225574016571045, 'train_loss': None, 'decision': 0, 'drift_rate': 0.0, 'target_domains': ['photo']}
Round 32 took 0.3925349712371826s, results:
{'t': 31, 'current_accuracy': 0.88671875, 'current_loss': 0.31225572526454926, 'train_loss': None, 'decision': 0, 'drift_rate': 0.0, 'target_domains': ['photo']}
Round 33 took 0.3901693820953369s, results:
{'t': 32, 'current_accuracy': 0.88671875, 'current_loss': 0.31225574016571045, 'train_loss': None, 'decision': 0, 'drift_rate': 0.0, 'target_domains': ['photo']}
Round 34 took 0.38990187644958496s, results:
{'t': 33, 'current_accuracy': 0.88671875, 'current_loss': 0.31225576251745224, 'train_loss': None, 'decision': 0, 'drift_rate': 0.0, 'target_domains': ['photo']}
Round 35 took 0.39061832427978516s, results:
{'t': 34, 'current_accuracy': 0.88671875, 'current_loss': 0.31225574016571045, 'train_loss': None, 'decision': 0, 'drift_rate': 0.0, 'target_domains': ['photo']}
Round 36 took 0.3900115489959717s, results:
{'t': 35, 'current_accuracy': 0.88671875, 'current_loss': 0.31225578486919403, 'train_loss': None, 'decision': 0, 'drift_rate': 0.0, 'target_domains': ['photo']}
Round 37 took 0.3960740566253662s, results:
{'t': 36, 'current_accuracy': 0.88671875, 'current_loss': 0.31225576996803284, 'train_loss': None, 'decision': 0, 'drift_rate': 0.0, 'target_domains': ['photo']}
Round 38 took 0.3896031379699707s, results:
{'t': 37, 'current_accuracy': 0.88671875, 'current_loss': 0.3122556507587433, 'train_loss': None, 'decision': 0, 'drift_rate': 0.0, 'target_domains': ['photo']}
Round 39 took 0.3903038501739502s, results:
{'t': 38, 'current_accuracy': 0.88671875, 'current_loss': 0.31225578486919403, 'train_loss': None, 'decision': 0, 'drift_rate': 0.0, 'target_domains': ['photo']}
Round 40 took 0.390216588973999s, results:
{'t': 39, 'current_accuracy': 0.88671875, 'current_loss': 0.31225574761629105, 'train_loss': None, 'decision': 0, 'drift_rate': 0.0, 'target_domains': ['photo']}
Round 41 took 0.38942718505859375s, results:
{'t': 40, 'current_accuracy': 0.88671875, 'current_loss': 0.3122555762529373, 'train_loss': None, 'decision': 0, 'drift_rate': 0.0, 'target_domains': ['photo']}
Round 42 took 0.39029550552368164s, results:
{'t': 41, 'current_accuracy': 0.88671875, 'current_loss': 0.31225575506687164, 'train_loss': None, 'decision': 0, 'drift_rate': 0.0, 'target_domains': ['photo']}
Round 43 took 0.3909165859222412s, results:
{'t': 42, 'current_accuracy': 0.88671875, 'current_loss': 0.31225575506687164, 'train_loss': None, 'decision': 0, 'drift_rate': 0.0, 'target_domains': ['photo']}
Round 44 took 0.3904612064361572s, results:
{'t': 43, 'current_accuracy': 0.88671875, 'current_loss': 0.31225576996803284, 'train_loss': None, 'decision': 0, 'drift_rate': 0.0, 'target_domains': ['photo']}
Round 45 took 0.39067602157592773s, results:
{'t': 44, 'current_accuracy': 0.88671875, 'current_loss': 0.31225574016571045, 'train_loss': None, 'decision': 0, 'drift_rate': 0.0, 'target_domains': ['photo']}
Round 46 took 0.3913688659667969s, results:
{'t': 45, 'current_accuracy': 0.88671875, 'current_loss': 0.31225576251745224, 'train_loss': None, 'decision': 0, 'drift_rate': 0.4, 'target_domains': ['photo']}
Round 47 took 0.39044904708862305s, results:
{'t': 46, 'current_accuracy': 0.88671875, 'current_loss': 0.3122559040784836, 'train_loss': None, 'decision': 0, 'drift_rate': 0.4, 'target_domains': ['photo']}
Round 48 took 0.39029908180236816s, results:
{'t': 47, 'current_accuracy': 0.88671875, 'current_loss': 0.31225575506687164, 'train_loss': None, 'decision': 0, 'drift_rate': 0.4, 'target_domains': ['photo']}
Round 49 took 0.39012980461120605s, results:
{'t': 48, 'current_accuracy': 0.88671875, 'current_loss': 0.31225578486919403, 'train_loss': None, 'decision': 0, 'drift_rate': 0.0, 'target_domains': ['photo']}
Round 50 took 0.39278459548950195s, results:
{'t': 49, 'current_accuracy': 0.88671875, 'current_loss': 0.3122558891773224, 'train_loss': None, 'decision': 0, 'drift_rate': 0.0, 'target_domains': ['photo']}
Round 51 took 0.38977956771850586s, results:
{'t': 50, 'current_accuracy': 0.88671875, 'current_loss': 0.31225574016571045, 'train_loss': None, 'decision': 0, 'drift_rate': 0.0, 'target_domains': ['photo']}
Round 52 took 0.39003419876098633s, results:
{'t': 51, 'current_accuracy': 0.88671875, 'current_loss': 0.31225572526454926, 'train_loss': None, 'decision': 0, 'drift_rate': 0.0, 'target_domains': ['photo']}
Round 53 took 0.38979578018188477s, results:
{'t': 52, 'current_accuracy': 0.88671875, 'current_loss': 0.31225578486919403, 'train_loss': None, 'decision': 0, 'drift_rate': 0.0, 'target_domains': ['photo']}
Round 54 took 0.3904411792755127s, results:
{'t': 53, 'current_accuracy': 0.88671875, 'current_loss': 0.31225572526454926, 'train_loss': None, 'decision': 0, 'drift_rate': 0.0, 'target_domains': ['photo']}
Round 55 took 0.3896048069000244s, results:
{'t': 54, 'current_accuracy': 0.88671875, 'current_loss': 0.31225576996803284, 'train_loss': None, 'decision': 0, 'drift_rate': 0.0, 'target_domains': ['photo']}
Round 56 took 0.3958098888397217s, results:
{'t': 55, 'current_accuracy': 0.88671875, 'current_loss': 0.31225576996803284, 'train_loss': None, 'decision': 0, 'drift_rate': 0.0, 'target_domains': ['photo']}
Round 57 took 0.38972997665405273s, results:
{'t': 56, 'current_accuracy': 0.88671875, 'current_loss': 0.31225575506687164, 'train_loss': None, 'decision': 0, 'drift_rate': 0.0, 'target_domains': ['photo']}
Round 58 took 0.38971614837646484s, results:
{'t': 57, 'current_accuracy': 0.88671875, 'current_loss': 0.312255859375, 'train_loss': None, 'decision': 0, 'drift_rate': 0.0, 'target_domains': ['photo']}
Round 59 took 0.39020609855651855s, results:
{'t': 58, 'current_accuracy': 0.88671875, 'current_loss': 0.31225574016571045, 'train_loss': None, 'decision': 0, 'drift_rate': 0.0, 'target_domains': ['photo']}
Round 60 took 0.3894004821777344s, results:
{'t': 59, 'current_accuracy': 0.88671875, 'current_loss': 0.31225575506687164, 'train_loss': None, 'decision': 0, 'drift_rate': 0.0, 'target_domains': ['photo']}
Round 61 took 0.38950681686401367s, results:
{'t': 60, 'current_accuracy': 0.88671875, 'current_loss': 0.3122556656599045, 'train_loss': None, 'decision': 0, 'drift_rate': 0.0, 'target_domains': ['photo']}
Round 62 took 0.3925905227661133s, results:
{'t': 61, 'current_accuracy': 0.88671875, 'current_loss': 0.3122558146715164, 'train_loss': None, 'decision': 0, 'drift_rate': 0.0, 'target_domains': ['photo']}
Round 63 took 0.39139318466186523s, results:
{'t': 62, 'current_accuracy': 0.88671875, 'current_loss': 0.31225574016571045, 'train_loss': None, 'decision': 0, 'drift_rate': 0.0, 'target_domains': ['photo']}
Round 64 took 0.38941311836242676s, results:
{'t': 63, 'current_accuracy': 0.88671875, 'current_loss': 0.31225553154945374, 'train_loss': None, 'decision': 0, 'drift_rate': 0.0, 'target_domains': ['photo']}
Round 65 took 0.3890960216522217s, results:
{'t': 64, 'current_accuracy': 0.88671875, 'current_loss': 0.31225575506687164, 'train_loss': None, 'decision': 0, 'drift_rate': 0.0, 'target_domains': ['photo']}
Round 66 took 0.39030933380126953s, results:
{'t': 65, 'current_accuracy': 0.88671875, 'current_loss': 0.31225553154945374, 'train_loss': None, 'decision': 0, 'drift_rate': 0.0, 'target_domains': ['photo']}
Round 67 took 0.39001989364624023s, results:
{'t': 66, 'current_accuracy': 0.88671875, 'current_loss': 0.3122555911540985, 'train_loss': None, 'decision': 0, 'drift_rate': 0.0, 'target_domains': ['photo']}
Round 68 took 0.39050889015197754s, results:
{'t': 67, 'current_accuracy': 0.88671875, 'current_loss': 0.31225576996803284, 'train_loss': None, 'decision': 0, 'drift_rate': 0.0, 'target_domains': ['photo']}
Round 69 took 0.3913154602050781s, results:
{'t': 68, 'current_accuracy': 0.88671875, 'current_loss': 0.31225574016571045, 'train_loss': None, 'decision': 0, 'drift_rate': 0.0, 'target_domains': ['photo']}
Round 70 took 0.3888845443725586s, results:
{'t': 69, 'current_accuracy': 0.88671875, 'current_loss': 0.31225578486919403, 'train_loss': None, 'decision': 0, 'drift_rate': 0.0, 'target_domains': ['photo']}
Round 71 took 0.38933300971984863s, results:
{'t': 70, 'current_accuracy': 0.88671875, 'current_loss': 0.31225577741861343, 'train_loss': None, 'decision': 0, 'drift_rate': 0.0, 'target_domains': ['photo']}
Round 72 took 0.3897268772125244s, results:
{'t': 71, 'current_accuracy': 0.88671875, 'current_loss': 0.31225572526454926, 'train_loss': None, 'decision': 0, 'drift_rate': 0.0, 'target_domains': ['photo']}
Round 73 took 0.39089250564575195s, results:
{'t': 72, 'current_accuracy': 0.88671875, 'current_loss': 0.31225576996803284, 'train_loss': None, 'decision': 0, 'drift_rate': 0.0, 'target_domains': ['photo']}
Round 74 took 0.3895864486694336s, results:
{'t': 73, 'current_accuracy': 0.88671875, 'current_loss': 0.31225578486919403, 'train_loss': None, 'decision': 0, 'drift_rate': 0.0, 'target_domains': ['photo']}
Round 75 took 0.39284753799438477s, results:
{'t': 74, 'current_accuracy': 0.88671875, 'current_loss': 0.31225576996803284, 'train_loss': None, 'decision': 0, 'drift_rate': 0.0, 'target_domains': ['photo']}
Round 76 took 0.3904738426208496s, results:
{'t': 75, 'current_accuracy': 0.88671875, 'current_loss': 0.3122557997703552, 'train_loss': None, 'decision': 0, 'drift_rate': 0.0, 'target_domains': ['photo']}
Round 77 took 0.3897285461425781s, results:
{'t': 76, 'current_accuracy': 0.88671875, 'current_loss': 0.31225578486919403, 'train_loss': None, 'decision': 0, 'drift_rate': 0.0, 'target_domains': ['photo']}
Round 78 took 0.3899545669555664s, results:
{'t': 77, 'current_accuracy': 0.88671875, 'current_loss': 0.31225554645061493, 'train_loss': None, 'decision': 0, 'drift_rate': 0.0, 'target_domains': ['photo']}
Round 79 took 0.38985347747802734s, results:
{'t': 78, 'current_accuracy': 0.88671875, 'current_loss': 0.3122557923197746, 'train_loss': None, 'decision': 0, 'drift_rate': 0.0, 'target_domains': ['photo']}
Round 80 took 0.38917112350463867s, results:
{'t': 79, 'current_accuracy': 0.88671875, 'current_loss': 0.31225600838661194, 'train_loss': None, 'decision': 0, 'drift_rate': 0.0, 'target_domains': ['photo']}
Round 81 took 0.3900587558746338s, results:
{'t': 80, 'current_accuracy': 0.88671875, 'current_loss': 0.31225574016571045, 'train_loss': None, 'decision': 0, 'drift_rate': 0.0, 'target_domains': ['photo']}
Round 82 took 0.3913838863372803s, results:
{'t': 81, 'current_accuracy': 0.88671875, 'current_loss': 0.31225576996803284, 'train_loss': None, 'decision': 0, 'drift_rate': 0.0, 'target_domains': ['photo']}
Round 83 took 0.3899707794189453s, results:
{'t': 82, 'current_accuracy': 0.88671875, 'current_loss': 0.31225575506687164, 'train_loss': None, 'decision': 0, 'drift_rate': 0.0, 'target_domains': ['photo']}
Round 84 took 0.3901948928833008s, results:
{'t': 83, 'current_accuracy': 0.88671875, 'current_loss': 0.31225572526454926, 'train_loss': None, 'decision': 0, 'drift_rate': 0.0, 'target_domains': ['photo']}
Round 85 took 0.3904385566711426s, results:
{'t': 84, 'current_accuracy': 0.88671875, 'current_loss': 0.31225574016571045, 'train_loss': None, 'decision': 0, 'drift_rate': 0.0, 'target_domains': ['photo']}
Round 86 took 0.3903050422668457s, results:
{'t': 85, 'current_accuracy': 0.88671875, 'current_loss': 0.31225574016571045, 'train_loss': None, 'decision': 0, 'drift_rate': 0.0, 'target_domains': ['photo']}
Round 87 took 0.3907623291015625s, results:
{'t': 86, 'current_accuracy': 0.88671875, 'current_loss': 0.31225575506687164, 'train_loss': None, 'decision': 0, 'drift_rate': 0.0, 'target_domains': ['photo']}
Round 88 took 0.3938441276550293s, results:
{'t': 87, 'current_accuracy': 0.88671875, 'current_loss': 0.31225574016571045, 'train_loss': None, 'decision': 0, 'drift_rate': 0.0, 'target_domains': ['photo']}
Round 89 took 0.3901698589324951s, results:
{'t': 88, 'current_accuracy': 0.88671875, 'current_loss': 0.3122558891773224, 'train_loss': None, 'decision': 0, 'drift_rate': 0.0, 'target_domains': ['photo']}
Round 90 took 0.3895606994628906s, results:
{'t': 89, 'current_accuracy': 0.88671875, 'current_loss': 0.3122557997703552, 'train_loss': None, 'decision': 0, 'drift_rate': 0.0, 'target_domains': ['photo']}
Round 91 took 0.3892843723297119s, results:
{'t': 90, 'current_accuracy': 0.88671875, 'current_loss': 0.31225575506687164, 'train_loss': None, 'decision': 0, 'drift_rate': 0.0, 'target_domains': ['photo']}
Round 92 took 0.3887648582458496s, results:
{'t': 91, 'current_accuracy': 0.88671875, 'current_loss': 0.31225578486919403, 'train_loss': None, 'decision': 0, 'drift_rate': 0.0, 'target_domains': ['photo']}
Round 93 took 0.38942837715148926s, results:
{'t': 92, 'current_accuracy': 0.88671875, 'current_loss': 0.31225575506687164, 'train_loss': None, 'decision': 0, 'drift_rate': 0.0, 'target_domains': ['photo']}
Round 94 took 0.3901355266571045s, results:
{'t': 93, 'current_accuracy': 0.88671875, 'current_loss': 0.31225578486919403, 'train_loss': None, 'decision': 0, 'drift_rate': 0.0, 'target_domains': ['photo']}
Round 95 took 0.38967013359069824s, results:
{'t': 94, 'current_accuracy': 0.88671875, 'current_loss': 0.31225576996803284, 'train_loss': None, 'decision': 0, 'drift_rate': 0.0, 'target_domains': ['photo']}
Round 96 took 0.3894176483154297s, results:
{'t': 95, 'current_accuracy': 0.88671875, 'current_loss': 0.31225576996803284, 'train_loss': None, 'decision': 0, 'drift_rate': 0.0, 'target_domains': ['photo']}
Round 97 took 0.390305757522583s, results:
{'t': 96, 'current_accuracy': 0.88671875, 'current_loss': 0.31225575506687164, 'train_loss': None, 'decision': 0, 'drift_rate': 0.0, 'target_domains': ['photo']}
Round 98 took 0.38961148262023926s, results:
{'t': 97, 'current_accuracy': 0.88671875, 'current_loss': 0.31225576996803284, 'train_loss': None, 'decision': 0, 'drift_rate': 0.0, 'target_domains': ['photo']}
Round 99 took 0.38910579681396484s, results:
{'t': 98, 'current_accuracy': 0.88671875, 'current_loss': 0.31225571036338806, 'train_loss': None, 'decision': 0, 'drift_rate': 0.0, 'target_domains': ['photo']}
Round 100 took 0.4026939868927002s, results:
{'t': 99, 'current_accuracy': 0.88671875, 'current_loss': 0.3122556507587433, 'train_loss': None, 'decision': 0, 'drift_rate': 0.0, 'target_domains': ['photo']}
Round 101 took 0.40762948989868164s, results:
{'t': 100, 'current_accuracy': 0.88671875, 'current_loss': 0.31225571036338806, 'train_loss': None, 'decision': 0, 'drift_rate': 0.0, 'target_domains': ['photo']}
Round 102 took 0.39014172554016113s, results:
{'t': 101, 'current_accuracy': 0.88671875, 'current_loss': 0.31225574016571045, 'train_loss': None, 'decision': 0, 'drift_rate': 0.0, 'target_domains': ['photo']}
Round 103 took 0.3905031681060791s, results:
{'t': 102, 'current_accuracy': 0.88671875, 'current_loss': 0.31225576996803284, 'train_loss': None, 'decision': 0, 'drift_rate': 0.0, 'target_domains': ['photo']}
Round 104 took 0.39006662368774414s, results:
{'t': 103, 'current_accuracy': 0.88671875, 'current_loss': 0.31225574016571045, 'train_loss': None, 'decision': 0, 'drift_rate': 0.0, 'target_domains': ['photo']}
Round 105 took 0.38979029655456543s, results:
{'t': 104, 'current_accuracy': 0.88671875, 'current_loss': 0.31225575506687164, 'train_loss': None, 'decision': 0, 'drift_rate': 0.0, 'target_domains': ['photo']}
Average loss over 1 updates: 1.5203
Round 106 took 0.6532633304595947s, results:
{'t': 105, 'current_accuracy': 0.5859375, 'current_loss': 2.370202898979187, 'train_loss': 1.520321249961853, 'decision': 1, 'drift_rate': 0.4, 'target_domains': ['cartoon']}
Average loss over 1 updates: 2.4631
Round 107 took 0.5791218280792236s, results:
{'t': 106, 'current_accuracy': 0.4140625, 'current_loss': 2.4349074363708496, 'train_loss': 2.46311616897583, 'decision': 1, 'drift_rate': 0.4, 'target_domains': ['cartoon']}
Average loss over 1 updates: 2.1992
Round 108 took 0.5669586658477783s, results:
{'t': 107, 'current_accuracy': 0.265625, 'current_loss': 4.88011622428894, 'train_loss': 2.19920015335083, 'decision': 1, 'drift_rate': 0.4, 'target_domains': ['cartoon']}
Average loss over 1 updates: 1.5200
Round 109 took 0.5622479915618896s, results:
{'t': 108, 'current_accuracy': 0.2578125, 'current_loss': 5.017829179763794, 'train_loss': 1.5200275182724, 'decision': 1, 'drift_rate': 0.0, 'target_domains': ['cartoon']}
Average loss over 1 updates: 1.8353
Round 110 took 0.5625543594360352s, results:
{'t': 109, 'current_accuracy': 0.26171875, 'current_loss': 4.791399717330933, 'train_loss': 1.8352792263031006, 'decision': 1, 'drift_rate': 0.0, 'target_domains': ['cartoon']}
Average loss over 1 updates: 1.9122
Round 111 took 0.568091630935669s, results:
{'t': 110, 'current_accuracy': 0.30859375, 'current_loss': 3.452138900756836, 'train_loss': 1.9121650457382202, 'decision': 1, 'drift_rate': 0.0, 'target_domains': ['cartoon']}
Average loss over 1 updates: 1.1219
Round 112 took 0.5609526634216309s, results:
{'t': 111, 'current_accuracy': 0.26171875, 'current_loss': 7.075042009353638, 'train_loss': 1.1218796968460083, 'decision': 1, 'drift_rate': 0.0, 'target_domains': ['cartoon']}
Average loss over 1 updates: 1.3179
Round 113 took 0.5598404407501221s, results:
{'t': 112, 'current_accuracy': 0.28515625, 'current_loss': 5.482566595077515, 'train_loss': 1.3178949356079102, 'decision': 1, 'drift_rate': 0.0, 'target_domains': ['cartoon']}
Average loss over 1 updates: 1.2749
Round 114 took 0.5592308044433594s, results:
{'t': 113, 'current_accuracy': 0.3671875, 'current_loss': 3.6670782566070557, 'train_loss': 1.2748957872390747, 'decision': 1, 'drift_rate': 0.0, 'target_domains': ['cartoon']}
Round 115 took 0.38523006439208984s, results:
{'t': 114, 'current_accuracy': 0.35546875, 'current_loss': 3.601564407348633, 'train_loss': None, 'decision': 0, 'drift_rate': 0.0, 'target_domains': ['cartoon']}
Round 116 took 0.38626909255981445s, results:
{'t': 115, 'current_accuracy': 0.35546875, 'current_loss': 3.601564884185791, 'train_loss': None, 'decision': 0, 'drift_rate': 0.0, 'target_domains': ['cartoon']}
Round 117 took 0.38630008697509766s, results:
{'t': 116, 'current_accuracy': 0.35546875, 'current_loss': 3.601564884185791, 'train_loss': None, 'decision': 0, 'drift_rate': 0.0, 'target_domains': ['cartoon']}
Average loss over 1 updates: 1.1803
Round 118 took 0.559906005859375s, results:
{'t': 117, 'current_accuracy': 0.35546875, 'current_loss': 3.601565361022949, 'train_loss': 1.1803138256072998, 'decision': 1, 'drift_rate': 0.0, 'target_domains': ['cartoon']}
Round 119 took 0.38553476333618164s, results:
{'t': 118, 'current_accuracy': 0.3828125, 'current_loss': 3.0351849794387817, 'train_loss': None, 'decision': 0, 'drift_rate': 0.0, 'target_domains': ['cartoon']}
Round 120 took 0.38564348220825195s, results:
{'t': 119, 'current_accuracy': 0.3828125, 'current_loss': 3.035185217857361, 'train_loss': None, 'decision': 0, 'drift_rate': 0.0, 'target_domains': ['cartoon']}
Round 121 took 0.3889787197113037s, results:
{'t': 120, 'current_accuracy': 0.3828125, 'current_loss': 3.03518545627594, 'train_loss': None, 'decision': 0, 'drift_rate': 0.0, 'target_domains': ['cartoon']}
Round 122 took 0.38605427742004395s, results:
{'t': 121, 'current_accuracy': 0.3828125, 'current_loss': 3.03518545627594, 'train_loss': None, 'decision': 0, 'drift_rate': 0.0, 'target_domains': ['cartoon']}
Round 123 took 0.38631629943847656s, results:
{'t': 122, 'current_accuracy': 0.3828125, 'current_loss': 3.035185217857361, 'train_loss': None, 'decision': 0, 'drift_rate': 0.0, 'target_domains': ['cartoon']}
Round 124 took 0.3862590789794922s, results:
{'t': 123, 'current_accuracy': 0.3828125, 'current_loss': 3.035185217857361, 'train_loss': None, 'decision': 0, 'drift_rate': 0.0, 'target_domains': ['cartoon']}
Round 125 took 0.3862471580505371s, results:
{'t': 124, 'current_accuracy': 0.3828125, 'current_loss': 3.0351850986480713, 'train_loss': None, 'decision': 0, 'drift_rate': 0.0, 'target_domains': ['cartoon']}
Round 126 took 0.38568687438964844s, results:
{'t': 125, 'current_accuracy': 0.3828125, 'current_loss': 3.035185694694519, 'train_loss': None, 'decision': 0, 'drift_rate': 0.0, 'target_domains': ['cartoon']}
Round 127 took 0.3871042728424072s, results:
{'t': 126, 'current_accuracy': 0.3828125, 'current_loss': 3.0351853370666504, 'train_loss': None, 'decision': 0, 'drift_rate': 0.0, 'target_domains': ['cartoon']}
Round 128 took 0.38570499420166016s, results:
{'t': 127, 'current_accuracy': 0.3828125, 'current_loss': 3.035185217857361, 'train_loss': None, 'decision': 0, 'drift_rate': 0.0, 'target_domains': ['cartoon']}
Round 129 took 0.3857278823852539s, results:
{'t': 128, 'current_accuracy': 0.3828125, 'current_loss': 3.0351850986480713, 'train_loss': None, 'decision': 0, 'drift_rate': 0.0, 'target_domains': ['cartoon']}
Round 130 took 0.3859217166900635s, results:
{'t': 129, 'current_accuracy': 0.3828125, 'current_loss': 3.0351847410202026, 'train_loss': None, 'decision': 0, 'drift_rate': 0.0, 'target_domains': ['cartoon']}
Round 131 took 0.38623666763305664s, results:
{'t': 130, 'current_accuracy': 0.3828125, 'current_loss': 3.0351853370666504, 'train_loss': None, 'decision': 0, 'drift_rate': 0.0, 'target_domains': ['cartoon']}
Round 132 took 0.3856816291809082s, results:
{'t': 131, 'current_accuracy': 0.3828125, 'current_loss': 3.0351850986480713, 'train_loss': None, 'decision': 0, 'drift_rate': 0.0, 'target_domains': ['cartoon']}
Round 133 took 0.3856363296508789s, results:
{'t': 132, 'current_accuracy': 0.3828125, 'current_loss': 3.0351853370666504, 'train_loss': None, 'decision': 0, 'drift_rate': 0.0, 'target_domains': ['cartoon']}
Round 134 took 0.3859879970550537s, results:
{'t': 133, 'current_accuracy': 0.3828125, 'current_loss': 3.0351853370666504, 'train_loss': None, 'decision': 0, 'drift_rate': 0.0, 'target_domains': ['cartoon']}
Round 135 took 0.38589954376220703s, results:
{'t': 134, 'current_accuracy': 0.3828125, 'current_loss': 3.03518545627594, 'train_loss': None, 'decision': 0, 'drift_rate': 0.0, 'target_domains': ['cartoon']}
Round 136 took 0.3869290351867676s, results:
{'t': 135, 'current_accuracy': 0.3828125, 'current_loss': 3.035185217857361, 'train_loss': None, 'decision': 0, 'drift_rate': 0.0, 'target_domains': ['cartoon']}
Round 137 took 0.38552331924438477s, results:
{'t': 136, 'current_accuracy': 0.3828125, 'current_loss': 3.035185217857361, 'train_loss': None, 'decision': 0, 'drift_rate': 0.0, 'target_domains': ['cartoon']}
Round 138 took 0.3849911689758301s, results:
{'t': 137, 'current_accuracy': 0.3828125, 'current_loss': 3.035185217857361, 'train_loss': None, 'decision': 0, 'drift_rate': 0.0, 'target_domains': ['cartoon']}
Round 139 took 0.3856501579284668s, results:
{'t': 138, 'current_accuracy': 0.3828125, 'current_loss': 3.0351849794387817, 'train_loss': None, 'decision': 0, 'drift_rate': 0.0, 'target_domains': ['cartoon']}
Round 140 took 0.38517284393310547s, results:
{'t': 139, 'current_accuracy': 0.3828125, 'current_loss': 3.035184860229492, 'train_loss': None, 'decision': 0, 'drift_rate': 0.0, 'target_domains': ['cartoon']}
Round 141 took 0.3860175609588623s, results:
{'t': 140, 'current_accuracy': 0.3828125, 'current_loss': 3.0351853370666504, 'train_loss': None, 'decision': 0, 'drift_rate': 0.0, 'target_domains': ['cartoon']}
Average loss over 1 updates: 1.0989
Round 142 took 0.5612218379974365s, results:
{'t': 141, 'current_accuracy': 0.3828125, 'current_loss': 3.035184860229492, 'train_loss': 1.0989267826080322, 'decision': 1, 'drift_rate': 0.0, 'target_domains': ['cartoon']}
Round 143 took 0.38696813583374023s, results:
{'t': 142, 'current_accuracy': 0.37890625, 'current_loss': 3.2444039583206177, 'train_loss': None, 'decision': 0, 'drift_rate': 0.0, 'target_domains': ['cartoon']}
Round 144 took 0.3868076801300049s, results:
{'t': 143, 'current_accuracy': 0.37890625, 'current_loss': 3.244403600692749, 'train_loss': None, 'decision': 0, 'drift_rate': 0.0, 'target_domains': ['cartoon']}
Round 145 took 0.3850095272064209s, results:
{'t': 144, 'current_accuracy': 0.37890625, 'current_loss': 3.24440336227417, 'train_loss': None, 'decision': 0, 'drift_rate': 0.0, 'target_domains': ['cartoon']}
Round 146 took 0.3859424591064453s, results:
{'t': 145, 'current_accuracy': 0.37890625, 'current_loss': 3.2444040775299072, 'train_loss': None, 'decision': 0, 'drift_rate': 0.0, 'target_domains': ['cartoon']}
Average loss over 1 updates: 1.3153
Round 147 took 0.5611927509307861s, results:
{'t': 146, 'current_accuracy': 0.37890625, 'current_loss': 3.244403600692749, 'train_loss': 1.3153222799301147, 'decision': 1, 'drift_rate': 0.0, 'target_domains': ['cartoon']}
Round 148 took 0.3861076831817627s, results:
{'t': 147, 'current_accuracy': 0.421875, 'current_loss': 3.213997960090637, 'train_loss': None, 'decision': 0, 'drift_rate': 0.0, 'target_domains': ['cartoon']}
Round 149 took 0.38609862327575684s, results:
{'t': 148, 'current_accuracy': 0.421875, 'current_loss': 3.213999032974243, 'train_loss': None, 'decision': 0, 'drift_rate': 0.0, 'target_domains': ['cartoon']}
Round 150 took 0.38587450981140137s, results:
{'t': 149, 'current_accuracy': 0.421875, 'current_loss': 3.213998794555664, 'train_loss': None, 'decision': 0, 'drift_rate': 0.0, 'target_domains': ['cartoon']}
Round 151 took 0.389756441116333s, results:
{'t': 150, 'current_accuracy': 0.421875, 'current_loss': 3.2139991521835327, 'train_loss': None, 'decision': 0, 'drift_rate': 0.0, 'target_domains': ['cartoon']}
Round 152 took 0.38578343391418457s, results:
{'t': 151, 'current_accuracy': 0.421875, 'current_loss': 3.213999032974243, 'train_loss': None, 'decision': 0, 'drift_rate': 0.0, 'target_domains': ['cartoon']}
Round 153 took 0.38579535484313965s, results:
{'t': 152, 'current_accuracy': 0.421875, 'current_loss': 3.213999390602112, 'train_loss': None, 'decision': 0, 'drift_rate': 0.0, 'target_domains': ['cartoon']}
Round 154 took 0.38576436042785645s, results:
{'t': 153, 'current_accuracy': 0.421875, 'current_loss': 3.2139989137649536, 'train_loss': None, 'decision': 0, 'drift_rate': 0.0, 'target_domains': ['cartoon']}
Round 155 took 0.38635897636413574s, results:
{'t': 154, 'current_accuracy': 0.421875, 'current_loss': 3.213998794555664, 'train_loss': None, 'decision': 0, 'drift_rate': 0.0, 'target_domains': ['cartoon']}
Round 156 took 0.38562822341918945s, results:
{'t': 155, 'current_accuracy': 0.421875, 'current_loss': 3.2139986753463745, 'train_loss': None, 'decision': 0, 'drift_rate': 0.0, 'target_domains': ['cartoon']}
Round 157 took 0.3860156536102295s, results:
{'t': 156, 'current_accuracy': 0.421875, 'current_loss': 3.2139986753463745, 'train_loss': None, 'decision': 0, 'drift_rate': 0.0, 'target_domains': ['cartoon']}
Average loss over 1 updates: 1.2121
Round 158 took 0.5608000755310059s, results:
{'t': 157, 'current_accuracy': 0.421875, 'current_loss': 3.213999390602112, 'train_loss': 1.2121284008026123, 'decision': 1, 'drift_rate': 0.0, 'target_domains': ['cartoon']}
Round 159 took 0.38802194595336914s, results:
{'t': 158, 'current_accuracy': 0.44140625, 'current_loss': 2.0953357219696045, 'train_loss': None, 'decision': 0, 'drift_rate': 0.0, 'target_domains': ['cartoon']}
Round 160 took 0.38516783714294434s, results:
{'t': 159, 'current_accuracy': 0.44140625, 'current_loss': 2.095335364341736, 'train_loss': None, 'decision': 0, 'drift_rate': 0.0, 'target_domains': ['cartoon']}
Round 161 took 0.38467955589294434s, results:
{'t': 160, 'current_accuracy': 0.44140625, 'current_loss': 2.0953357219696045, 'train_loss': None, 'decision': 0, 'drift_rate': 0.0, 'target_domains': ['cartoon']}
Round 162 took 0.3852992057800293s, results:
{'t': 161, 'current_accuracy': 0.44140625, 'current_loss': 2.095335900783539, 'train_loss': None, 'decision': 0, 'drift_rate': 0.0, 'target_domains': ['cartoon']}
Round 163 took 0.3866004943847656s, results:
{'t': 162, 'current_accuracy': 0.44140625, 'current_loss': 2.095335364341736, 'train_loss': None, 'decision': 0, 'drift_rate': 0.0, 'target_domains': ['cartoon']}
Round 164 took 0.3861844539642334s, results:
{'t': 163, 'current_accuracy': 0.44140625, 'current_loss': 2.095335602760315, 'train_loss': None, 'decision': 0, 'drift_rate': 0.0, 'target_domains': ['cartoon']}
Round 165 took 0.38489699363708496s, results:
{'t': 164, 'current_accuracy': 0.44140625, 'current_loss': 2.095335602760315, 'train_loss': None, 'decision': 0, 'drift_rate': 0.0, 'target_domains': ['cartoon']}
Round 166 took 0.39290428161621094s, results:
{'t': 165, 'current_accuracy': 0.375, 'current_loss': 2.259383201599121, 'train_loss': None, 'decision': 0, 'drift_rate': 0.4, 'target_domains': ['sketch']}
Round 167 took 0.3966860771179199s, results:
{'t': 166, 'current_accuracy': 0.265625, 'current_loss': 2.443765640258789, 'train_loss': None, 'decision': 0, 'drift_rate': 0.4, 'target_domains': ['sketch']}
Round 168 took 0.3903391361236572s, results:
{'t': 167, 'current_accuracy': 0.21484375, 'current_loss': 2.3888684511184692, 'train_loss': None, 'decision': 0, 'drift_rate': 0.4, 'target_domains': ['sketch']}
Round 169 took 0.3863217830657959s, results:
{'t': 168, 'current_accuracy': 0.21484375, 'current_loss': 2.388868570327759, 'train_loss': None, 'decision': 0, 'drift_rate': 0.0, 'target_domains': ['sketch']}
Round 170 took 0.3834717273712158s, results:
{'t': 169, 'current_accuracy': 0.21484375, 'current_loss': 2.3888686895370483, 'train_loss': None, 'decision': 0, 'drift_rate': 0.0, 'target_domains': ['sketch']}
Round 171 took 0.38385748863220215s, results:
{'t': 170, 'current_accuracy': 0.21484375, 'current_loss': 2.3888684511184692, 'train_loss': None, 'decision': 0, 'drift_rate': 0.0, 'target_domains': ['sketch']}
Round 172 took 0.38565731048583984s, results:
{'t': 171, 'current_accuracy': 0.21484375, 'current_loss': 2.388868570327759, 'train_loss': None, 'decision': 0, 'drift_rate': 0.0, 'target_domains': ['sketch']}
Round 173 took 0.3846745491027832s, results:
{'t': 172, 'current_accuracy': 0.21484375, 'current_loss': 2.38886821269989, 'train_loss': None, 'decision': 0, 'drift_rate': 0.0, 'target_domains': ['sketch']}
Round 174 took 0.3852066993713379s, results:
{'t': 173, 'current_accuracy': 0.21484375, 'current_loss': 2.388868570327759, 'train_loss': None, 'decision': 0, 'drift_rate': 0.0, 'target_domains': ['sketch']}
Round 175 took 0.3863043785095215s, results:
{'t': 174, 'current_accuracy': 0.21484375, 'current_loss': 2.3888680934906006, 'train_loss': None, 'decision': 0, 'drift_rate': 0.0, 'target_domains': ['sketch']}
Round 176 took 0.3846468925476074s, results:
{'t': 175, 'current_accuracy': 0.21484375, 'current_loss': 2.3888683319091797, 'train_loss': None, 'decision': 0, 'drift_rate': 0.0, 'target_domains': ['sketch']}
Round 177 took 0.3843119144439697s, results:
{'t': 176, 'current_accuracy': 0.21484375, 'current_loss': 2.3888684511184692, 'train_loss': None, 'decision': 0, 'drift_rate': 0.0, 'target_domains': ['sketch']}
Round 178 took 0.3837461471557617s, results:
{'t': 177, 'current_accuracy': 0.21484375, 'current_loss': 2.388868570327759, 'train_loss': None, 'decision': 0, 'drift_rate': 0.0, 'target_domains': ['sketch']}
Round 179 took 0.38431310653686523s, results:
{'t': 178, 'current_accuracy': 0.21484375, 'current_loss': 2.3888684511184692, 'train_loss': None, 'decision': 0, 'drift_rate': 0.0, 'target_domains': ['sketch']}
Round 180 took 0.38393354415893555s, results:
{'t': 179, 'current_accuracy': 0.21484375, 'current_loss': 2.38886821269989, 'train_loss': None, 'decision': 0, 'drift_rate': 0.0, 'target_domains': ['sketch']}
Round 181 took 0.38340139389038086s, results:
{'t': 180, 'current_accuracy': 0.21484375, 'current_loss': 2.3888678550720215, 'train_loss': None, 'decision': 0, 'drift_rate': 0.0, 'target_domains': ['sketch']}
Round 182 took 0.38284921646118164s, results:
{'t': 181, 'current_accuracy': 0.21484375, 'current_loss': 2.388868808746338, 'train_loss': None, 'decision': 0, 'drift_rate': 0.0, 'target_domains': ['sketch']}
Round 183 took 0.3845860958099365s, results:
{'t': 182, 'current_accuracy': 0.21484375, 'current_loss': 2.3888684511184692, 'train_loss': None, 'decision': 0, 'drift_rate': 0.0, 'target_domains': ['sketch']}
Round 184 took 0.3838059902191162s, results:
{'t': 183, 'current_accuracy': 0.21484375, 'current_loss': 2.3888686895370483, 'train_loss': None, 'decision': 0, 'drift_rate': 0.0, 'target_domains': ['sketch']}
Round 185 took 0.38318920135498047s, results:
{'t': 184, 'current_accuracy': 0.21484375, 'current_loss': 2.3888689279556274, 'train_loss': None, 'decision': 0, 'drift_rate': 0.0, 'target_domains': ['sketch']}
Round 186 took 0.3827660083770752s, results:
{'t': 185, 'current_accuracy': 0.21484375, 'current_loss': 2.3888680934906006, 'train_loss': None, 'decision': 0, 'drift_rate': 0.0, 'target_domains': ['sketch']}
Round 187 took 0.3837118148803711s, results:
{'t': 186, 'current_accuracy': 0.21484375, 'current_loss': 2.3888683319091797, 'train_loss': None, 'decision': 0, 'drift_rate': 0.0, 'target_domains': ['sketch']}
Average loss over 1 updates: 2.5813
Round 188 took 0.5617432594299316s, results:
{'t': 187, 'current_accuracy': 0.21484375, 'current_loss': 2.388868570327759, 'train_loss': 2.581310510635376, 'decision': 1, 'drift_rate': 0.0, 'target_domains': ['sketch']}
Round 189 took 0.3836038112640381s, results:
{'t': 188, 'current_accuracy': 0.32421875, 'current_loss': 1.839742362499237, 'train_loss': None, 'decision': 0, 'drift_rate': 0.0, 'target_domains': ['sketch']}
Round 190 took 0.38335466384887695s, results:
{'t': 189, 'current_accuracy': 0.32421875, 'current_loss': 1.8397421836853027, 'train_loss': None, 'decision': 0, 'drift_rate': 0.0, 'target_domains': ['sketch']}
Round 191 took 0.3848738670349121s, results:
{'t': 190, 'current_accuracy': 0.32421875, 'current_loss': 1.839742124080658, 'train_loss': None, 'decision': 0, 'drift_rate': 0.0, 'target_domains': ['sketch']}
Round 192 took 0.38259434700012207s, results:
{'t': 191, 'current_accuracy': 0.32421875, 'current_loss': 1.839742362499237, 'train_loss': None, 'decision': 0, 'drift_rate': 0.0, 'target_domains': ['sketch']}
Round 193 took 0.3835456371307373s, results:
{'t': 192, 'current_accuracy': 0.32421875, 'current_loss': 1.8397421836853027, 'train_loss': None, 'decision': 0, 'drift_rate': 0.0, 'target_domains': ['sketch']}
Round 194 took 0.38302183151245117s, results:
{'t': 193, 'current_accuracy': 0.32421875, 'current_loss': 1.8397421836853027, 'train_loss': None, 'decision': 0, 'drift_rate': 0.0, 'target_domains': ['sketch']}
Round 195 took 0.3831305503845215s, results:
{'t': 194, 'current_accuracy': 0.32421875, 'current_loss': 1.8397421836853027, 'train_loss': None, 'decision': 0, 'drift_rate': 0.0, 'target_domains': ['sketch']}
Round 196 took 0.3831522464752197s, results:
{'t': 195, 'current_accuracy': 0.32421875, 'current_loss': 1.8397422432899475, 'train_loss': None, 'decision': 0, 'drift_rate': 0.0, 'target_domains': ['sketch']}
Round 197 took 0.38359546661376953s, results:
{'t': 196, 'current_accuracy': 0.32421875, 'current_loss': 1.8397422432899475, 'train_loss': None, 'decision': 0, 'drift_rate': 0.0, 'target_domains': ['sketch']}
Round 198 took 0.3844926357269287s, results:
{'t': 197, 'current_accuracy': 0.32421875, 'current_loss': 1.8397421836853027, 'train_loss': None, 'decision': 0, 'drift_rate': 0.0, 'target_domains': ['sketch']}
Round 199 took 0.38643574714660645s, results:
{'t': 198, 'current_accuracy': 0.32421875, 'current_loss': 1.8397421836853027, 'train_loss': None, 'decision': 0, 'drift_rate': 0.0, 'target_domains': ['sketch']}
Round 200 took 0.38562893867492676s, results:
{'t': 199, 'current_accuracy': 0.32421875, 'current_loss': 1.8397423028945923, 'train_loss': None, 'decision': 0, 'drift_rate': 0.0, 'target_domains': ['sketch']}
Average time per round: 0.4013854122161865
Total time: 80.2770824432373
