Device: cuda
CUDA Version: 12.1
cuDNN Version: 8902
PyTorch Version: 2.3.0
Model used: PACSCNN_4
Initial training subset size: 2048
Round 0 took 1.2237217426300049 seconds
    Round 0: Decision = 0, Drift = 0.0000
    Current accuracy: 0.8961, Loss: 0.3352
Current target domain: sketch
Round 1 took 1.1633069515228271 seconds
    Round 1: Decision = 0, Drift = 0.0000
    Current accuracy: 0.8961, Loss: 0.3352
Current target domain: sketch
Round 2 took 1.1741225719451904 seconds
    Round 2: Decision = 0, Drift = 0.0000
    Current accuracy: 0.8961, Loss: 0.3352
Current target domain: sketch
Round 3 took 1.1776399612426758 seconds
    Round 3: Decision = 0, Drift = 0.0000
    Current accuracy: 0.8961, Loss: 0.3352
Current target domain: sketch
Round 4 took 1.1786885261535645 seconds
    Round 4: Decision = 0, Drift = 0.0000
    Current accuracy: 0.8961, Loss: 0.3352
Current target domain: sketch
Round 5 took 1.1572949886322021 seconds
    Round 5: Decision = 0, Drift = 0.0000
    Current accuracy: 0.8961, Loss: 0.3352
Current target domain: sketch
Round 6 took 1.1339573860168457 seconds
    Round 6: Decision = 0, Drift = 0.0000
    Current accuracy: 0.8961, Loss: 0.3352
Current target domain: sketch
Round 7 took 1.1374483108520508 seconds
    Round 7: Decision = 0, Drift = 0.0000
    Current accuracy: 0.8961, Loss: 0.3352
Current target domain: sketch
Round 8 took 1.1922833919525146 seconds
    Round 8: Decision = 0, Drift = 0.0000
    Current accuracy: 0.8961, Loss: 0.3352
Current target domain: sketch
Round 9 took 1.1707243919372559 seconds
    Round 9: Decision = 0, Drift = 0.0000
    Current accuracy: 0.8961, Loss: 0.3352
Current target domain: sketch
Round 10 took 1.1469752788543701 seconds
    Round 10: Decision = 0, Drift = 0.0000
    Current accuracy: 0.8961, Loss: 0.3352
Current target domain: sketch
Round 11 took 1.162365198135376 seconds
    Round 11: Decision = 0, Drift = 0.0000
    Current accuracy: 0.8961, Loss: 0.3352
Current target domain: sketch
Round 12 took 1.1231508255004883 seconds
    Round 12: Decision = 0, Drift = 0.0000
    Current accuracy: 0.8961, Loss: 0.3352
Current target domain: sketch
Round 13 took 1.1469268798828125 seconds
    Round 13: Decision = 0, Drift = 0.0000
    Current accuracy: 0.8961, Loss: 0.3352
Current target domain: sketch
Round 14 took 1.1633570194244385 seconds
    Round 14: Decision = 0, Drift = 0.0000
    Current accuracy: 0.8961, Loss: 0.3352
Current target domain: sketch
Round 15 took 1.1627418994903564 seconds
    Round 15: Decision = 0, Drift = 0.0000
    Current accuracy: 0.8961, Loss: 0.3352
Current target domain: sketch
Round 16 took 1.1288111209869385 seconds
    Round 16: Decision = 0, Drift = 0.0000
    Current accuracy: 0.8961, Loss: 0.3352
Current target domain: sketch
Round 17 took 1.180176019668579 seconds
    Round 17: Decision = 0, Drift = 0.0000
    Current accuracy: 0.8961, Loss: 0.3352
Current target domain: sketch
Round 18 took 1.1348567008972168 seconds
    Round 18: Decision = 0, Drift = 0.0000
    Current accuracy: 0.8961, Loss: 0.3352
Current target domain: sketch
Round 19 took 1.1548588275909424 seconds
    Round 19: Decision = 0, Drift = 0.0000
    Current accuracy: 0.8961, Loss: 0.3352
Current target domain: sketch
Round 20 took 1.1543312072753906 seconds
    Round 20: Decision = 0, Drift = 0.0000
    Current accuracy: 0.8961, Loss: 0.3352
Current target domain: sketch
Round 21 took 1.153350830078125 seconds
    Round 21: Decision = 0, Drift = 0.0000
    Current accuracy: 0.8961, Loss: 0.3352
Current target domain: sketch
Round 22 took 1.1612603664398193 seconds
    Round 22: Decision = 0, Drift = 0.0000
    Current accuracy: 0.8961, Loss: 0.3352
Current target domain: sketch
Round 23 took 1.1880457401275635 seconds
    Round 23: Decision = 0, Drift = 0.0000
    Current accuracy: 0.8961, Loss: 0.3352
Current target domain: sketch
Round 24 took 1.1684441566467285 seconds
    Round 24: Decision = 0, Drift = 0.0000
    Current accuracy: 0.8961, Loss: 0.3352
Current target domain: sketch
Average loss over 1 updates: 1.9676
Round 25 took 11.423166513442993 seconds
    Round 25: Decision = 1, Drift = 0.5000
    Current accuracy: 0.1639, Loss: 1.6227
Current target domain: sketch
Average loss over 1 updates: 2.6068
Round 26 took 11.649190664291382 seconds
    Round 26: Decision = 1, Drift = 0.5000
    Current accuracy: 0.2692, Loss: 14.4952
Current target domain: sketch
Round 27 took 1.1847999095916748 seconds
    Round 27: Decision = 0, Drift = 0.0000
    Current accuracy: 0.2692, Loss: 5.9436
Current target domain: sketch
Average loss over 1 updates: 1.1535
Round 28 took 1.9374744892120361 seconds
    Round 28: Decision = 1, Drift = 0.0000
    Current accuracy: 0.2861, Loss: 5.9436
Current target domain: sketch
Round 29 took 1.2090015411376953 seconds
    Round 29: Decision = 0, Drift = 0.0000
    Current accuracy: 0.2861, Loss: 5.0399
Current target domain: sketch
Average loss over 1 updates: 0.6534
Round 30 took 1.9791178703308105 seconds
    Round 30: Decision = 1, Drift = 0.0000
    Current accuracy: 0.1937, Loss: 5.0399
Current target domain: sketch
Average loss over 1 updates: 0.4291
Round 31 took 1.9494807720184326 seconds
    Round 31: Decision = 1, Drift = 0.0000
    Current accuracy: 0.2783, Loss: 9.0350
Current target domain: sketch
Round 32 took 1.2184734344482422 seconds
    Round 32: Decision = 0, Drift = 0.0000
    Current accuracy: 0.2783, Loss: 4.5523
Current target domain: sketch
Average loss over 1 updates: 0.2595
Round 33 took 1.9153234958648682 seconds
    Round 33: Decision = 1, Drift = 0.0000
    Current accuracy: 0.2184, Loss: 4.5523
Current target domain: sketch
Average loss over 1 updates: 0.1764
Round 34 took 1.934807300567627 seconds
    Round 34: Decision = 1, Drift = 0.0000
    Current accuracy: 0.2808, Loss: 5.9036
Current target domain: sketch
Round 35 took 1.1877741813659668 seconds
    Round 35: Decision = 0, Drift = 0.0000
    Current accuracy: 0.2808, Loss: 4.4280
Current target domain: sketch
Average loss over 1 updates: 0.1293
Round 36 took 1.987252950668335 seconds
    Round 36: Decision = 1, Drift = 0.0000
    Current accuracy: 0.2536, Loss: 4.4280
Current target domain: sketch
Average loss over 1 updates: 0.1014
Round 37 took 2.0320844650268555 seconds
    Round 37: Decision = 1, Drift = 0.0000
    Current accuracy: 0.2938, Loss: 4.8377
Current target domain: sketch
Round 38 took 1.164215326309204 seconds
    Round 38: Decision = 0, Drift = 0.0000
    Current accuracy: 0.2938, Loss: 4.1760
Current target domain: sketch
Average loss over 1 updates: 0.0834
Round 39 took 1.9725868701934814 seconds
    Round 39: Decision = 1, Drift = 0.0000
    Current accuracy: 0.2873, Loss: 4.1760
Current target domain: sketch
Average loss over 1 updates: 0.0710
Round 40 took 1.928839921951294 seconds
    Round 40: Decision = 1, Drift = 0.0000
    Current accuracy: 0.3055, Loss: 4.1533
Current target domain: sketch
Round 41 took 1.175628662109375 seconds
    Round 41: Decision = 0, Drift = 0.0000
    Current accuracy: 0.3055, Loss: 3.9039
Current target domain: sketch
Round 42 took 1.1787593364715576 seconds
    Round 42: Decision = 0, Drift = 0.0000
    Current accuracy: 0.3055, Loss: 3.9039
Current target domain: sketch
Round 43 took 1.2315592765808105 seconds
    Round 43: Decision = 0, Drift = 0.0000
    Current accuracy: 0.3055, Loss: 3.9039
Current target domain: sketch
Round 44 took 1.1969287395477295 seconds
    Round 44: Decision = 0, Drift = 0.0000
    Current accuracy: 0.3055, Loss: 3.9039
Current target domain: sketch
Round 45 took 1.1932542324066162 seconds
    Round 45: Decision = 0, Drift = 0.0000
    Current accuracy: 0.3055, Loss: 3.9039
Current target domain: sketch
Round 46 took 1.1675448417663574 seconds
    Round 46: Decision = 0, Drift = 0.0000
    Current accuracy: 0.3055, Loss: 3.9039
Current target domain: sketch
Round 47 took 1.2063443660736084 seconds
    Round 47: Decision = 0, Drift = 0.0000
    Current accuracy: 0.3055, Loss: 3.9039
Current target domain: sketch
Round 48 took 1.1984057426452637 seconds
    Round 48: Decision = 0, Drift = 0.0000
    Current accuracy: 0.3055, Loss: 3.9039
Current target domain: sketch
Round 49 took 1.1749382019042969 seconds
    Round 49: Decision = 0, Drift = 0.0000
    Current accuracy: 0.3055, Loss: 3.9039
Current target domain: sketch
Average loss over 1 updates: 0.0620
Round 50 took 1.9619600772857666 seconds
    Round 50: Decision = 1, Drift = 0.0000
    Current accuracy: 0.3238, Loss: 3.9039
Current target domain: sketch
Round 51 took 1.1949462890625 seconds
    Round 51: Decision = 0, Drift = 0.0000
    Current accuracy: 0.3238, Loss: 3.7313
Current target domain: sketch
Round 52 took 1.191087007522583 seconds
    Round 52: Decision = 0, Drift = 0.0000
    Current accuracy: 0.3238, Loss: 3.7313
Current target domain: sketch
Round 53 took 1.175487995147705 seconds
    Round 53: Decision = 0, Drift = 0.0000
    Current accuracy: 0.3238, Loss: 3.7313
Current target domain: sketch
Round 54 took 1.1837406158447266 seconds
    Round 54: Decision = 0, Drift = 0.0000
    Current accuracy: 0.3238, Loss: 3.7313
Current target domain: sketch
Round 55 took 1.1994247436523438 seconds
    Round 55: Decision = 0, Drift = 0.0000
    Current accuracy: 0.3238, Loss: 3.7313
Current target domain: sketch
Round 56 took 1.1934754848480225 seconds
    Round 56: Decision = 0, Drift = 0.0000
    Current accuracy: 0.3238, Loss: 3.7313
Current target domain: sketch
Round 57 took 1.210587978363037 seconds
    Round 57: Decision = 0, Drift = 0.0000
    Current accuracy: 0.3238, Loss: 3.7313
Current target domain: sketch
Round 58 took 1.2018651962280273 seconds
    Round 58: Decision = 0, Drift = 0.0000
    Current accuracy: 0.3238, Loss: 3.7313
Current target domain: sketch
Round 59 took 1.1504602432250977 seconds
    Round 59: Decision = 0, Drift = 0.0000
    Current accuracy: 0.3238, Loss: 3.7313
Current target domain: sketch
Round 60 took 1.1832804679870605 seconds
    Round 60: Decision = 0, Drift = 0.0000
    Current accuracy: 0.3238, Loss: 3.7313
Current target domain: sketch
Round 61 took 1.1562864780426025 seconds
    Round 61: Decision = 0, Drift = 0.0000
    Current accuracy: 0.3238, Loss: 3.7313
Current target domain: sketch
Round 62 took 1.1761186122894287 seconds
    Round 62: Decision = 0, Drift = 0.0000
    Current accuracy: 0.3238, Loss: 3.7313
Current target domain: sketch
Round 63 took 1.2170579433441162 seconds
    Round 63: Decision = 0, Drift = 0.0000
    Current accuracy: 0.3238, Loss: 3.7313
Current target domain: sketch
Round 64 took 1.188086986541748 seconds
    Round 64: Decision = 0, Drift = 0.0000
    Current accuracy: 0.3238, Loss: 3.7313
Current target domain: sketch
Average loss over 1 updates: 0.0552
Round 65 took 1.98293137550354 seconds
    Round 65: Decision = 1, Drift = 0.0000
    Current accuracy: 0.3433, Loss: 3.7313
Current target domain: sketch
Round 66 took 1.2143313884735107 seconds
    Round 66: Decision = 0, Drift = 0.0000
    Current accuracy: 0.3433, Loss: 3.5381
Current target domain: sketch
Round 67 took 1.1873459815979004 seconds
    Round 67: Decision = 0, Drift = 0.0000
    Current accuracy: 0.3433, Loss: 3.5381
Current target domain: sketch
Round 68 took 1.1794977188110352 seconds
    Round 68: Decision = 0, Drift = 0.0000
    Current accuracy: 0.3433, Loss: 3.5381
Current target domain: sketch
Round 69 took 1.16548490524292 seconds
    Round 69: Decision = 0, Drift = 0.0000
    Current accuracy: 0.3433, Loss: 3.5381
Current target domain: sketch
Round 70 took 1.1727941036224365 seconds
    Round 70: Decision = 0, Drift = 0.0000
    Current accuracy: 0.3433, Loss: 3.5381
Current target domain: sketch
Round 71 took 1.1731271743774414 seconds
    Round 71: Decision = 0, Drift = 0.0000
    Current accuracy: 0.3433, Loss: 3.5381
Current target domain: sketch
Round 72 took 1.190683364868164 seconds
    Round 72: Decision = 0, Drift = 0.0000
    Current accuracy: 0.3433, Loss: 3.5381
Current target domain: sketch
Round 73 took 1.2094905376434326 seconds
    Round 73: Decision = 0, Drift = 0.0000
    Current accuracy: 0.3433, Loss: 3.5381
Current target domain: sketch
Round 74 took 1.1593990325927734 seconds
    Round 74: Decision = 0, Drift = 0.0000
    Current accuracy: 0.3433, Loss: 3.5381
Current target domain: sketch
Round 75 took 1.1939940452575684 seconds
    Round 75: Decision = 0, Drift = 0.0000
    Current accuracy: 0.3433, Loss: 3.5381
Current target domain: sketch
Round 76 took 1.17507004737854 seconds
    Round 76: Decision = 0, Drift = 0.0000
    Current accuracy: 0.3433, Loss: 3.5381
Current target domain: sketch
Round 77 took 1.1533222198486328 seconds
    Round 77: Decision = 0, Drift = 0.0000
    Current accuracy: 0.3433, Loss: 3.5381
Current target domain: sketch
Round 78 took 1.1435253620147705 seconds
    Round 78: Decision = 0, Drift = 0.0000
    Current accuracy: 0.3433, Loss: 3.5381
Current target domain: sketch
Average loss over 1 updates: 0.0498
Round 79 took 1.9755077362060547 seconds
    Round 79: Decision = 1, Drift = 0.0000
    Current accuracy: 0.3407, Loss: 3.5381
Current target domain: sketch
Round 80 took 1.219099998474121 seconds
    Round 80: Decision = 0, Drift = 0.0000
    Current accuracy: 0.3407, Loss: 3.3882
Current target domain: sketch
Round 81 took 1.15480637550354 seconds
    Round 81: Decision = 0, Drift = 0.0000
    Current accuracy: 0.3407, Loss: 3.3882
Current target domain: sketch
Round 82 took 1.187199592590332 seconds
    Round 82: Decision = 0, Drift = 0.0000
    Current accuracy: 0.3407, Loss: 3.3882
Current target domain: sketch
Round 83 took 1.1453917026519775 seconds
    Round 83: Decision = 0, Drift = 0.0000
    Current accuracy: 0.3407, Loss: 3.3882
Current target domain: sketch
Round 84 took 1.1624343395233154 seconds
    Round 84: Decision = 0, Drift = 0.0000
    Current accuracy: 0.3407, Loss: 3.3882
Current target domain: sketch
Round 85 took 1.186105728149414 seconds
    Round 85: Decision = 0, Drift = 0.0000
    Current accuracy: 0.3407, Loss: 3.3882
Current target domain: sketch
Round 86 took 1.1845433712005615 seconds
    Round 86: Decision = 0, Drift = 0.0000
    Current accuracy: 0.3407, Loss: 3.3882
Current target domain: sketch
Round 87 took 1.1881473064422607 seconds
    Round 87: Decision = 0, Drift = 0.0000
    Current accuracy: 0.3407, Loss: 3.3882
Current target domain: sketch
Round 88 took 1.1827342510223389 seconds
    Round 88: Decision = 0, Drift = 0.0000
    Current accuracy: 0.3407, Loss: 3.3882
Current target domain: sketch
Round 89 took 1.1945950984954834 seconds
    Round 89: Decision = 0, Drift = 0.0000
    Current accuracy: 0.3407, Loss: 3.3882
Current target domain: sketch
Round 90 took 1.1491239070892334 seconds
    Round 90: Decision = 0, Drift = 0.0000
    Current accuracy: 0.3407, Loss: 3.3882
Current target domain: sketch
Round 91 took 1.1761155128479004 seconds
    Round 91: Decision = 0, Drift = 0.0000
    Current accuracy: 0.3407, Loss: 3.3882
Current target domain: sketch
Round 92 took 1.2016282081604004 seconds
    Round 92: Decision = 0, Drift = 0.0000
    Current accuracy: 0.3407, Loss: 3.3882
Current target domain: sketch
Average loss over 1 updates: 0.0455
Round 93 took 1.9727625846862793 seconds
    Round 93: Decision = 1, Drift = 0.0000
    Current accuracy: 0.3355, Loss: 3.3882
Current target domain: sketch
Round 94 took 1.1843924522399902 seconds
    Round 94: Decision = 0, Drift = 0.0000
    Current accuracy: 0.3355, Loss: 3.2360
Current target domain: sketch
Round 95 took 1.1862215995788574 seconds
    Round 95: Decision = 0, Drift = 0.0000
    Current accuracy: 0.3355, Loss: 3.2360
Current target domain: sketch
Round 96 took 1.1648149490356445 seconds
    Round 96: Decision = 0, Drift = 0.0000
    Current accuracy: 0.3355, Loss: 3.2360
Current target domain: sketch
Round 97 took 1.1890206336975098 seconds
    Round 97: Decision = 0, Drift = 0.0000
    Current accuracy: 0.3355, Loss: 3.2360
Current target domain: sketch
Round 98 took 1.2209031581878662 seconds
    Round 98: Decision = 0, Drift = 0.0000
    Current accuracy: 0.3355, Loss: 3.2360
Current target domain: sketch
Round 99 took 1.1708509922027588 seconds
    Round 99: Decision = 0, Drift = 0.0000
    Current accuracy: 0.3355, Loss: 3.2360
Current target domain: sketch
Round 100 took 1.216644048690796 seconds
    Round 100: Decision = 0, Drift = 0.0000
    Current accuracy: 0.3355, Loss: 3.2360
Current target domain: sketch
Round 101 took 1.2011909484863281 seconds
    Round 101: Decision = 0, Drift = 0.0000
    Current accuracy: 0.3355, Loss: 3.2360
Current target domain: sketch
Round 102 took 1.1889503002166748 seconds
    Round 102: Decision = 0, Drift = 0.0000
    Current accuracy: 0.3355, Loss: 3.2360
Current target domain: sketch
Round 103 took 1.2253458499908447 seconds
    Round 103: Decision = 0, Drift = 0.0000
    Current accuracy: 0.3355, Loss: 3.2360
Current target domain: sketch
Round 104 took 1.1481680870056152 seconds
    Round 104: Decision = 0, Drift = 0.0000
    Current accuracy: 0.3355, Loss: 3.2360
Current target domain: sketch
Round 105 took 1.166517972946167 seconds
    Round 105: Decision = 0, Drift = 0.0000
    Current accuracy: 0.3355, Loss: 3.2360
Current target domain: sketch
Round 106 took 1.180443286895752 seconds
    Round 106: Decision = 0, Drift = 0.0000
    Current accuracy: 0.3355, Loss: 3.2360
Current target domain: sketch
Average loss over 1 updates: 0.0419
Round 107 took 1.9632949829101562 seconds
    Round 107: Decision = 1, Drift = 0.0000
    Current accuracy: 0.3355, Loss: 3.2360
Current target domain: sketch
Round 108 took 1.1807365417480469 seconds
    Round 108: Decision = 0, Drift = 0.0000
    Current accuracy: 0.3355, Loss: 3.0998
Current target domain: sketch
Round 109 took 1.1709802150726318 seconds
    Round 109: Decision = 0, Drift = 0.0000
    Current accuracy: 0.3355, Loss: 3.0998
Current target domain: sketch
Round 110 took 1.2059850692749023 seconds
    Round 110: Decision = 0, Drift = 0.0000
    Current accuracy: 0.3355, Loss: 3.0998
Current target domain: sketch
Round 111 took 1.1721844673156738 seconds
    Round 111: Decision = 0, Drift = 0.0000
    Current accuracy: 0.3355, Loss: 3.0998
Current target domain: sketch
Round 112 took 1.2094354629516602 seconds
    Round 112: Decision = 0, Drift = 0.0000
    Current accuracy: 0.3355, Loss: 3.0998
Current target domain: sketch
Round 113 took 1.2207937240600586 seconds
    Round 113: Decision = 0, Drift = 0.0000
    Current accuracy: 0.3355, Loss: 3.0998
Current target domain: sketch
Round 114 took 1.2120370864868164 seconds
    Round 114: Decision = 0, Drift = 0.0000
    Current accuracy: 0.3355, Loss: 3.0998
Current target domain: sketch
Round 115 took 1.1664652824401855 seconds
    Round 115: Decision = 0, Drift = 0.0000
    Current accuracy: 0.3355, Loss: 3.0998
Current target domain: sketch
Round 116 took 1.208418369293213 seconds
    Round 116: Decision = 0, Drift = 0.0000
    Current accuracy: 0.3355, Loss: 3.0998
Current target domain: sketch
Round 117 took 1.1946170330047607 seconds
    Round 117: Decision = 0, Drift = 0.0000
    Current accuracy: 0.3355, Loss: 3.0998
Current target domain: sketch
Round 118 took 1.1836421489715576 seconds
    Round 118: Decision = 0, Drift = 0.0000
    Current accuracy: 0.3355, Loss: 3.0998
Current target domain: sketch
Round 119 took 1.1971485614776611 seconds
    Round 119: Decision = 0, Drift = 0.0000
    Current accuracy: 0.3355, Loss: 3.0998
Current target domain: sketch
Average loss over 1 updates: 0.0388
Round 120 took 1.9674701690673828 seconds
    Round 120: Decision = 1, Drift = 0.0000
    Current accuracy: 0.3498, Loss: 3.0998
Current target domain: sketch
Round 121 took 1.159905195236206 seconds
    Round 121: Decision = 0, Drift = 0.0000
    Current accuracy: 0.3498, Loss: 2.9761
Current target domain: sketch
Round 122 took 1.1642611026763916 seconds
    Round 122: Decision = 0, Drift = 0.0000
    Current accuracy: 0.3498, Loss: 2.9761
Current target domain: sketch
Round 123 took 1.1639142036437988 seconds
    Round 123: Decision = 0, Drift = 0.0000
    Current accuracy: 0.3498, Loss: 2.9761
Current target domain: sketch
Round 124 took 1.211824655532837 seconds
    Round 124: Decision = 0, Drift = 0.0000
    Current accuracy: 0.3498, Loss: 2.9761
Current target domain: sketch
Average loss over 1 updates: 2.5712
Round 125 took 11.71480655670166 seconds
    Round 125: Decision = 1, Drift = 0.5000
    Current accuracy: 0.1574, Loss: 4.5163
Current target domain: cartoon
Average loss over 1 updates: 2.6274
Round 126 took 11.350914239883423 seconds
    Round 126: Decision = 1, Drift = 0.5000
    Current accuracy: 0.1262, Loss: 13.8115
Current target domain: cartoon
Round 127 took 1.1748597621917725 seconds
    Round 127: Decision = 0, Drift = 0.0000
    Current accuracy: 0.1262, Loss: 10.0164
Current target domain: cartoon
Average loss over 1 updates: 0.8453
Round 128 took 1.9389302730560303 seconds
    Round 128: Decision = 1, Drift = 0.0000
    Current accuracy: 0.3056, Loss: 10.0164
Current target domain: cartoon
Round 129 took 1.162827968597412 seconds
    Round 129: Decision = 0, Drift = 0.0000
    Current accuracy: 0.3056, Loss: 4.4761
Current target domain: cartoon
Average loss over 1 updates: 0.3566
Round 130 took 1.9214186668395996 seconds
    Round 130: Decision = 1, Drift = 0.0000
    Current accuracy: 0.2640, Loss: 4.4761
Current target domain: cartoon
Average loss over 1 updates: 0.2329
Round 131 took 1.9219672679901123 seconds
    Round 131: Decision = 1, Drift = 0.0000
    Current accuracy: 0.3785, Loss: 6.4740
Current target domain: cartoon
Round 132 took 1.2310826778411865 seconds
    Round 132: Decision = 0, Drift = 0.0000
    Current accuracy: 0.3785, Loss: 3.1873
Current target domain: cartoon
Round 133 took 1.1702611446380615 seconds
    Round 133: Decision = 0, Drift = 0.0000
    Current accuracy: 0.3785, Loss: 3.1873
Current target domain: cartoon
Round 134 took 1.1501429080963135 seconds
    Round 134: Decision = 0, Drift = 0.0000
    Current accuracy: 0.3785, Loss: 3.1873
Current target domain: cartoon
Round 135 took 1.1364388465881348 seconds
    Round 135: Decision = 0, Drift = 0.0000
    Current accuracy: 0.3785, Loss: 3.1873
Current target domain: cartoon
Round 136 took 1.1678862571716309 seconds
    Round 136: Decision = 0, Drift = 0.0000
    Current accuracy: 0.3785, Loss: 3.1873
Current target domain: cartoon
Round 137 took 1.1809425354003906 seconds
    Round 137: Decision = 0, Drift = 0.0000
    Current accuracy: 0.3785, Loss: 3.1873
Current target domain: cartoon
Round 138 took 1.1437838077545166 seconds
    Round 138: Decision = 0, Drift = 0.0000
    Current accuracy: 0.3785, Loss: 3.1873
Current target domain: cartoon
Round 139 took 1.1863069534301758 seconds
    Round 139: Decision = 0, Drift = 0.0000
    Current accuracy: 0.3785, Loss: 3.1873
Current target domain: cartoon
Round 140 took 1.150805950164795 seconds
    Round 140: Decision = 0, Drift = 0.0000
    Current accuracy: 0.3785, Loss: 3.1873
Current target domain: cartoon
Round 141 took 1.1585936546325684 seconds
    Round 141: Decision = 0, Drift = 0.0000
    Current accuracy: 0.3785, Loss: 3.1873
Current target domain: cartoon
Round 142 took 1.1546247005462646 seconds
    Round 142: Decision = 0, Drift = 0.0000
    Current accuracy: 0.3785, Loss: 3.1873
Current target domain: cartoon
Round 143 took 1.1891989707946777 seconds
    Round 143: Decision = 0, Drift = 0.0000
    Current accuracy: 0.3785, Loss: 3.1873
Current target domain: cartoon
Round 144 took 1.189997911453247 seconds
    Round 144: Decision = 0, Drift = 0.0000
    Current accuracy: 0.3785, Loss: 3.1873
Current target domain: cartoon
Round 145 took 1.1725246906280518 seconds
    Round 145: Decision = 0, Drift = 0.0000
    Current accuracy: 0.3785, Loss: 3.1873
Current target domain: cartoon
Round 146 took 1.1599500179290771 seconds
    Round 146: Decision = 0, Drift = 0.0000
    Current accuracy: 0.3785, Loss: 3.1873
Current target domain: cartoon
Round 147 took 1.1995134353637695 seconds
    Round 147: Decision = 0, Drift = 0.0000
    Current accuracy: 0.3785, Loss: 3.1873
Current target domain: cartoon
Round 148 took 1.1989386081695557 seconds
    Round 148: Decision = 0, Drift = 0.0000
    Current accuracy: 0.3785, Loss: 3.1873
Current target domain: cartoon
Round 149 took 1.1875731945037842 seconds
    Round 149: Decision = 0, Drift = 0.0000
    Current accuracy: 0.3785, Loss: 3.1873
Current target domain: cartoon
Round 150 took 1.1900413036346436 seconds
    Round 150: Decision = 0, Drift = 0.0000
    Current accuracy: 0.3785, Loss: 3.1873
Current target domain: cartoon
Round 151 took 1.1713237762451172 seconds
    Round 151: Decision = 0, Drift = 0.0000
    Current accuracy: 0.3785, Loss: 3.1873
Current target domain: cartoon
Round 152 took 1.1899785995483398 seconds
    Round 152: Decision = 0, Drift = 0.0000
    Current accuracy: 0.3785, Loss: 3.1873
Current target domain: cartoon
Round 153 took 1.2516343593597412 seconds
    Round 153: Decision = 0, Drift = 0.0000
    Current accuracy: 0.3785, Loss: 3.1873
Current target domain: cartoon
Round 154 took 1.2109999656677246 seconds
    Round 154: Decision = 0, Drift = 0.0000
    Current accuracy: 0.3785, Loss: 3.1873
Current target domain: cartoon
Round 155 took 1.2178239822387695 seconds
    Round 155: Decision = 0, Drift = 0.0000
    Current accuracy: 0.3785, Loss: 3.1873
Current target domain: cartoon
Round 156 took 1.184173583984375 seconds
    Round 156: Decision = 0, Drift = 0.0000
    Current accuracy: 0.3785, Loss: 3.1873
Current target domain: cartoon
Round 157 took 1.2295877933502197 seconds
    Round 157: Decision = 0, Drift = 0.0000
    Current accuracy: 0.3785, Loss: 3.1873
Current target domain: cartoon
Round 158 took 1.206120252609253 seconds
    Round 158: Decision = 0, Drift = 0.0000
    Current accuracy: 0.3785, Loss: 3.1873
Current target domain: cartoon
Round 159 took 1.1834611892700195 seconds
    Round 159: Decision = 0, Drift = 0.0000
    Current accuracy: 0.3785, Loss: 3.1873
Current target domain: cartoon
Round 160 took 1.2274978160858154 seconds
    Round 160: Decision = 0, Drift = 0.0000
    Current accuracy: 0.3785, Loss: 3.1873
Current target domain: cartoon
Round 161 took 1.200178861618042 seconds
    Round 161: Decision = 0, Drift = 0.0000
    Current accuracy: 0.3785, Loss: 3.1873
Current target domain: cartoon
Round 162 took 1.2408084869384766 seconds
    Round 162: Decision = 0, Drift = 0.0000
    Current accuracy: 0.3785, Loss: 3.1873
Current target domain: cartoon
Round 163 took 1.1528666019439697 seconds
    Round 163: Decision = 0, Drift = 0.0000
    Current accuracy: 0.3785, Loss: 3.1873
Current target domain: cartoon
Round 164 took 1.1918931007385254 seconds
    Round 164: Decision = 0, Drift = 0.0000
    Current accuracy: 0.3785, Loss: 3.1873
Current target domain: cartoon
Round 165 took 1.2141499519348145 seconds
    Round 165: Decision = 0, Drift = 0.0000
    Current accuracy: 0.3785, Loss: 3.1873
Current target domain: cartoon
Round 166 took 1.2104449272155762 seconds
    Round 166: Decision = 0, Drift = 0.0000
    Current accuracy: 0.3785, Loss: 3.1873
Current target domain: cartoon
Round 167 took 1.1981942653656006 seconds
    Round 167: Decision = 0, Drift = 0.0000
    Current accuracy: 0.3785, Loss: 3.1873
Current target domain: cartoon
Round 168 took 1.1750531196594238 seconds
    Round 168: Decision = 0, Drift = 0.0000
    Current accuracy: 0.3785, Loss: 3.1873
Current target domain: cartoon
Round 169 took 1.1811249256134033 seconds
    Round 169: Decision = 0, Drift = 0.0000
    Current accuracy: 0.3785, Loss: 3.1873
Current target domain: cartoon
Round 170 took 1.1719825267791748 seconds
    Round 170: Decision = 0, Drift = 0.0000
    Current accuracy: 0.3785, Loss: 3.1873
Current target domain: cartoon
Round 171 took 1.1769192218780518 seconds
    Round 171: Decision = 0, Drift = 0.0000
    Current accuracy: 0.3785, Loss: 3.1873
Current target domain: cartoon
Round 172 took 1.1863114833831787 seconds
    Round 172: Decision = 0, Drift = 0.0000
    Current accuracy: 0.3785, Loss: 3.1873
Current target domain: cartoon
Round 173 took 1.2102036476135254 seconds
    Round 173: Decision = 0, Drift = 0.0000
    Current accuracy: 0.3785, Loss: 3.1873
Current target domain: cartoon
Round 174 took 1.199110746383667 seconds
    Round 174: Decision = 0, Drift = 0.0000
    Current accuracy: 0.3785, Loss: 3.1873
Current target domain: cartoon
Round 175 took 1.1883068084716797 seconds
    Round 175: Decision = 0, Drift = 0.0000
    Current accuracy: 0.3785, Loss: 3.1873
Current target domain: cartoon
Round 176 took 1.1823174953460693 seconds
    Round 176: Decision = 0, Drift = 0.0000
    Current accuracy: 0.3785, Loss: 3.1873
Current target domain: cartoon
Round 177 took 1.1933214664459229 seconds
    Round 177: Decision = 0, Drift = 0.0000
    Current accuracy: 0.3785, Loss: 3.1873
Current target domain: cartoon
Average loss over 1 updates: 0.1495
Round 178 took 1.9271597862243652 seconds
    Round 178: Decision = 1, Drift = 0.0000
    Current accuracy: 0.2809, Loss: 3.1873
Current target domain: cartoon
Average loss over 1 updates: 0.1223
Round 179 took 1.976898431777954 seconds
    Round 179: Decision = 1, Drift = 0.0000
    Current accuracy: 0.3460, Loss: 5.2073
Current target domain: cartoon
Round 180 took 1.2071497440338135 seconds
    Round 180: Decision = 0, Drift = 0.0000
    Current accuracy: 0.3460, Loss: 3.0359
Current target domain: cartoon
Round 181 took 1.2195196151733398 seconds
    Round 181: Decision = 0, Drift = 0.0000
    Current accuracy: 0.3460, Loss: 3.0359
Current target domain: cartoon
Round 182 took 1.1876294612884521 seconds
    Round 182: Decision = 0, Drift = 0.0000
    Current accuracy: 0.3460, Loss: 3.0359
Current target domain: cartoon
Round 183 took 1.1765503883361816 seconds
    Round 183: Decision = 0, Drift = 0.0000
    Current accuracy: 0.3460, Loss: 3.0359
Current target domain: cartoon
Round 184 took 1.175638198852539 seconds
    Round 184: Decision = 0, Drift = 0.0000
    Current accuracy: 0.3460, Loss: 3.0359
Current target domain: cartoon
Round 185 took 1.179133415222168 seconds
    Round 185: Decision = 0, Drift = 0.0000
    Current accuracy: 0.3460, Loss: 3.0359
Current target domain: cartoon
Round 186 took 1.2071261405944824 seconds
    Round 186: Decision = 0, Drift = 0.0000
    Current accuracy: 0.3460, Loss: 3.0359
Current target domain: cartoon
Round 187 took 1.1981256008148193 seconds
    Round 187: Decision = 0, Drift = 0.0000
    Current accuracy: 0.3460, Loss: 3.0359
Current target domain: cartoon
Round 188 took 1.1928906440734863 seconds
    Round 188: Decision = 0, Drift = 0.0000
    Current accuracy: 0.3460, Loss: 3.0359
Current target domain: cartoon
Round 189 took 1.1845183372497559 seconds
    Round 189: Decision = 0, Drift = 0.0000
    Current accuracy: 0.3460, Loss: 3.0359
Current target domain: cartoon
Round 190 took 1.177588701248169 seconds
    Round 190: Decision = 0, Drift = 0.0000
    Current accuracy: 0.3460, Loss: 3.0359
Current target domain: cartoon
Round 191 took 1.1861512660980225 seconds
    Round 191: Decision = 0, Drift = 0.0000
    Current accuracy: 0.3460, Loss: 3.0359
Current target domain: cartoon
Round 192 took 1.1902010440826416 seconds
    Round 192: Decision = 0, Drift = 0.0000
    Current accuracy: 0.3460, Loss: 3.0359
Current target domain: cartoon
Round 193 took 1.211904525756836 seconds
    Round 193: Decision = 0, Drift = 0.0000
    Current accuracy: 0.3460, Loss: 3.0359
Current target domain: cartoon
Round 194 took 1.178274393081665 seconds
    Round 194: Decision = 0, Drift = 0.0000
    Current accuracy: 0.3460, Loss: 3.0359
Current target domain: cartoon
Round 195 took 1.1914217472076416 seconds
    Round 195: Decision = 0, Drift = 0.0000
    Current accuracy: 0.3460, Loss: 3.0359
Current target domain: cartoon
Round 196 took 1.1814932823181152 seconds
    Round 196: Decision = 0, Drift = 0.0000
    Current accuracy: 0.3460, Loss: 3.0359
Current target domain: cartoon
Round 197 took 1.162125825881958 seconds
    Round 197: Decision = 0, Drift = 0.0000
    Current accuracy: 0.3460, Loss: 3.0359
Current target domain: cartoon
Round 198 took 1.1955468654632568 seconds
    Round 198: Decision = 0, Drift = 0.0000
    Current accuracy: 0.3460, Loss: 3.0359
Current target domain: cartoon
Round 199 took 1.2213664054870605 seconds
    Round 199: Decision = 0, Drift = 0.0000
    Current accuracy: 0.3460, Loss: 3.0359
Current target domain: cartoon
Average time per round: 1.4678798305988312
Total time: 293.57596611976624
