Using the latest cached version of the dataset since flwrlabs/pacs couldn't be found on the Hugging Face Hub
Found the latest cached dataset configuration 'default' at /home/apiasecz/.cache/huggingface/datasets/flwrlabs___pacs/default/0.0.0/394113073258ead631f617d2e13bb377c0715c4b (last modified on Wed Jan 29 16:59:35 2025).
Using the latest cached version of the dataset since flwrlabs/pacs couldn't be found on the Hugging Face Hub
Found the latest cached dataset configuration 'default' at /home/apiasecz/.cache/huggingface/datasets/flwrlabs___pacs/default/0.0.0/394113073258ead631f617d2e13bb377c0715c4b (last modified on Wed Jan 29 16:59:35 2025).
Using the latest cached version of the dataset since flwrlabs/pacs couldn't be found on the Hugging Face Hub
Found the latest cached dataset configuration 'default' at /home/apiasecz/.cache/huggingface/datasets/flwrlabs___pacs/default/0.0.0/394113073258ead631f617d2e13bb377c0715c4b (last modified on Wed Jan 29 16:59:35 2025).
Using the latest cached version of the dataset since flwrlabs/pacs couldn't be found on the Hugging Face Hub
Found the latest cached dataset configuration 'default' at /home/apiasecz/.cache/huggingface/datasets/flwrlabs___pacs/default/0.0.0/394113073258ead631f617d2e13bb377c0715c4b (last modified on Wed Jan 29 16:59:35 2025).
Using the latest cached version of the dataset since flwrlabs/pacs couldn't be found on the Hugging Face Hub
Found the latest cached dataset configuration 'default' at /home/apiasecz/.cache/huggingface/datasets/flwrlabs___pacs/default/0.0.0/394113073258ead631f617d2e13bb377c0715c4b (last modified on Wed Jan 29 16:59:35 2025).
Device: cuda
CUDA Version: 12.1
cuDNN Version: 8902
PyTorch Version: 2.3.0

Model used: PACSCNN_4
Initial dataset creation
Initial dataset creation
Initial loss: 0.00017046455468516797
<__main__.Policy object at 0x1477a6ddabd0>
0.00017046455468516797
Round 1 took 0.4268777370452881s, results:
{'t': 0, 'current_accuracy': 1.0, 'current_loss': 0.0001525379266240634, 'train_loss': None, 'decision': 0, 'drift_rate': 0.0, 'target_domains': ['art_painting']}
Round 2 took 0.3935880661010742s, results:
{'t': 1, 'current_accuracy': 1.0, 'current_loss': 0.00015253791207214817, 'train_loss': None, 'decision': 0, 'drift_rate': 0.0, 'target_domains': ['art_painting']}
Round 3 took 0.39319801330566406s, results:
{'t': 2, 'current_accuracy': 1.0, 'current_loss': 0.00015253837773343548, 'train_loss': None, 'decision': 0, 'drift_rate': 0.0, 'target_domains': ['art_painting']}
Round 4 took 0.382016658782959s, results:
{'t': 3, 'current_accuracy': 1.0, 'current_loss': 0.0001525379266240634, 'train_loss': None, 'decision': 0, 'drift_rate': 0.0, 'target_domains': ['art_painting']}
Round 5 took 0.3884737491607666s, results:
{'t': 4, 'current_accuracy': 1.0, 'current_loss': 0.00015253837045747787, 'train_loss': None, 'decision': 0, 'drift_rate': 0.0, 'target_domains': ['art_painting']}
Round 6 took 0.3834395408630371s, results:
{'t': 5, 'current_accuracy': 1.0, 'current_loss': 0.00015253791207214817, 'train_loss': None, 'decision': 0, 'drift_rate': 0.0, 'target_domains': ['art_painting']}
Round 7 took 0.38144564628601074s, results:
{'t': 6, 'current_accuracy': 1.0, 'current_loss': 0.00015253790479619056, 'train_loss': None, 'decision': 0, 'drift_rate': 0.0, 'target_domains': ['art_painting']}
Round 8 took 0.38037562370300293s, results:
{'t': 7, 'current_accuracy': 1.0, 'current_loss': 0.0001525379266240634, 'train_loss': None, 'decision': 0, 'drift_rate': 0.0, 'target_domains': ['art_painting']}
Round 9 took 0.38561415672302246s, results:
{'t': 8, 'current_accuracy': 1.0, 'current_loss': 0.0001525379266240634, 'train_loss': None, 'decision': 0, 'drift_rate': 0.0, 'target_domains': ['art_painting']}
Round 10 took 0.3820981979370117s, results:
{'t': 9, 'current_accuracy': 1.0, 'current_loss': 0.0001525379193481058, 'train_loss': None, 'decision': 0, 'drift_rate': 0.0, 'target_domains': ['art_painting']}
Round 11 took 0.38175272941589355s, results:
{'t': 10, 'current_accuracy': 1.0, 'current_loss': 0.00015253793390002102, 'train_loss': None, 'decision': 0, 'drift_rate': 0.0, 'target_domains': ['art_painting']}
Round 12 took 0.3824803829193115s, results:
{'t': 11, 'current_accuracy': 1.0, 'current_loss': 0.0001525379193481058, 'train_loss': None, 'decision': 0, 'drift_rate': 0.0, 'target_domains': ['art_painting']}
Round 13 took 0.38129687309265137s, results:
{'t': 12, 'current_accuracy': 1.0, 'current_loss': 0.0001525379193481058, 'train_loss': None, 'decision': 0, 'drift_rate': 0.0, 'target_domains': ['art_painting']}
Round 14 took 0.3853304386138916s, results:
{'t': 13, 'current_accuracy': 1.0, 'current_loss': 0.0001525379193481058, 'train_loss': None, 'decision': 0, 'drift_rate': 0.0, 'target_domains': ['art_painting']}
Round 15 took 0.3804044723510742s, results:
{'t': 14, 'current_accuracy': 1.0, 'current_loss': 0.00015253790479619056, 'train_loss': None, 'decision': 0, 'drift_rate': 0.0, 'target_domains': ['art_painting']}
Round 16 took 0.3786585330963135s, results:
{'t': 15, 'current_accuracy': 1.0, 'current_loss': 0.0001525383922853507, 'train_loss': None, 'decision': 0, 'drift_rate': 0.0, 'target_domains': ['art_painting']}
Round 17 took 0.3793208599090576s, results:
{'t': 16, 'current_accuracy': 1.0, 'current_loss': 0.0001525374609627761, 'train_loss': None, 'decision': 0, 'drift_rate': 0.0, 'target_domains': ['art_painting']}
Round 18 took 0.38142991065979004s, results:
{'t': 17, 'current_accuracy': 1.0, 'current_loss': 0.00015253791207214817, 'train_loss': None, 'decision': 0, 'drift_rate': 0.0, 'target_domains': ['art_painting']}
Round 19 took 0.37848782539367676s, results:
{'t': 18, 'current_accuracy': 1.0, 'current_loss': 0.0001525379193481058, 'train_loss': None, 'decision': 0, 'drift_rate': 0.0, 'target_domains': ['art_painting']}
Round 20 took 0.3802628517150879s, results:
{'t': 19, 'current_accuracy': 1.0, 'current_loss': 0.00015253839956130832, 'train_loss': None, 'decision': 0, 'drift_rate': 0.0, 'target_domains': ['art_painting']}
Round 21 took 0.37900495529174805s, results:
{'t': 20, 'current_accuracy': 1.0, 'current_loss': 0.0001525379193481058, 'train_loss': None, 'decision': 0, 'drift_rate': 0.0, 'target_domains': ['art_painting']}
Round 22 took 0.37961363792419434s, results:
{'t': 21, 'current_accuracy': 1.0, 'current_loss': 0.00015253837773343548, 'train_loss': None, 'decision': 0, 'drift_rate': 0.0, 'target_domains': ['art_painting']}
Round 23 took 0.38135218620300293s, results:
{'t': 22, 'current_accuracy': 1.0, 'current_loss': 0.0001525379193481058, 'train_loss': None, 'decision': 0, 'drift_rate': 0.0, 'target_domains': ['art_painting']}
Round 24 took 0.3802475929260254s, results:
{'t': 23, 'current_accuracy': 1.0, 'current_loss': 0.0001525383850093931, 'train_loss': None, 'decision': 0, 'drift_rate': 0.0, 'target_domains': ['art_painting']}
Round 25 took 0.3782954216003418s, results:
{'t': 24, 'current_accuracy': 1.0, 'current_loss': 0.00015253745368681848, 'train_loss': None, 'decision': 0, 'drift_rate': 0.0, 'target_domains': ['art_painting']}
Round 26 took 0.3786506652832031s, results:
{'t': 25, 'current_accuracy': 1.0, 'current_loss': 0.0001525388433947228, 'train_loss': None, 'decision': 0, 'drift_rate': 0.0, 'target_domains': ['art_painting']}
Round 27 took 0.38352441787719727s, results:
{'t': 26, 'current_accuracy': 1.0, 'current_loss': 0.00015253744641086087, 'train_loss': None, 'decision': 0, 'drift_rate': 0.0, 'target_domains': ['art_painting']}
Round 28 took 0.3769071102142334s, results:
{'t': 27, 'current_accuracy': 1.0, 'current_loss': 0.0001525383850093931, 'train_loss': None, 'decision': 0, 'drift_rate': 0.0, 'target_domains': ['art_painting']}
Round 29 took 0.37865138053894043s, results:
{'t': 28, 'current_accuracy': 1.0, 'current_loss': 0.0001525374609627761, 'train_loss': None, 'decision': 0, 'drift_rate': 0.0, 'target_domains': ['art_painting']}
Round 30 took 0.37781715393066406s, results:
{'t': 29, 'current_accuracy': 1.0, 'current_loss': 0.00015253882884280756, 'train_loss': None, 'decision': 0, 'drift_rate': 0.0, 'target_domains': ['art_painting']}
Round 31 took 0.38185787200927734s, results:
{'t': 30, 'current_accuracy': 1.0, 'current_loss': 0.00015253791207214817, 'train_loss': None, 'decision': 0, 'drift_rate': 0.0, 'target_domains': ['art_painting']}
Round 32 took 0.3798813819885254s, results:
{'t': 31, 'current_accuracy': 1.0, 'current_loss': 0.0001525379193481058, 'train_loss': None, 'decision': 0, 'drift_rate': 0.0, 'target_domains': ['art_painting']}
Round 33 took 0.3784770965576172s, results:
{'t': 32, 'current_accuracy': 1.0, 'current_loss': 0.0001525379266240634, 'train_loss': None, 'decision': 0, 'drift_rate': 0.0, 'target_domains': ['art_painting']}
Round 34 took 0.37723493576049805s, results:
{'t': 33, 'current_accuracy': 1.0, 'current_loss': 0.0001525379193481058, 'train_loss': None, 'decision': 0, 'drift_rate': 0.0, 'target_domains': ['art_painting']}
Round 35 took 0.37808990478515625s, results:
{'t': 34, 'current_accuracy': 1.0, 'current_loss': 0.0001525379193481058, 'train_loss': None, 'decision': 0, 'drift_rate': 0.0, 'target_domains': ['art_painting']}
Round 36 took 0.38335537910461426s, results:
{'t': 35, 'current_accuracy': 1.0, 'current_loss': 0.00015253837773343548, 'train_loss': None, 'decision': 0, 'drift_rate': 0.0, 'target_domains': ['art_painting']}
Round 37 took 0.37773919105529785s, results:
{'t': 36, 'current_accuracy': 1.0, 'current_loss': 0.0001525379266240634, 'train_loss': None, 'decision': 0, 'drift_rate': 0.0, 'target_domains': ['art_painting']}
Round 38 took 0.3812062740325928s, results:
{'t': 37, 'current_accuracy': 1.0, 'current_loss': 0.0001525379266240634, 'train_loss': None, 'decision': 0, 'drift_rate': 0.0, 'target_domains': ['art_painting']}
Round 39 took 0.38177919387817383s, results:
{'t': 38, 'current_accuracy': 1.0, 'current_loss': 0.0001525379266240634, 'train_loss': None, 'decision': 0, 'drift_rate': 0.0, 'target_domains': ['art_painting']}
Round 40 took 0.38092827796936035s, results:
{'t': 39, 'current_accuracy': 1.0, 'current_loss': 0.0001525383922853507, 'train_loss': None, 'decision': 0, 'drift_rate': 0.0, 'target_domains': ['art_painting']}
Round 41 took 0.3783719539642334s, results:
{'t': 40, 'current_accuracy': 1.0, 'current_loss': 0.00015253790479619056, 'train_loss': None, 'decision': 0, 'drift_rate': 0.0, 'target_domains': ['art_painting']}
Round 42 took 0.37868547439575195s, results:
{'t': 41, 'current_accuracy': 1.0, 'current_loss': 0.0001525379266240634, 'train_loss': None, 'decision': 0, 'drift_rate': 0.0, 'target_domains': ['art_painting']}
Round 43 took 0.3788266181945801s, results:
{'t': 42, 'current_accuracy': 1.0, 'current_loss': 0.0001525383922853507, 'train_loss': None, 'decision': 0, 'drift_rate': 0.0, 'target_domains': ['art_painting']}
Round 44 took 0.3780226707458496s, results:
{'t': 43, 'current_accuracy': 1.0, 'current_loss': 0.0001525379193481058, 'train_loss': None, 'decision': 0, 'drift_rate': 0.0, 'target_domains': ['art_painting']}
Round 45 took 0.3805232048034668s, results:
{'t': 44, 'current_accuracy': 1.0, 'current_loss': 0.0001525379266240634, 'train_loss': None, 'decision': 0, 'drift_rate': 0.0, 'target_domains': ['art_painting']}
Average loss over 3 updates: 0.9543
Round 46 took 1.0087881088256836s, results:
{'t': 45, 'current_accuracy': 0.77734375, 'current_loss': 1.076315999031067, 'train_loss': 0.9543108344078064, 'decision': 1, 'drift_rate': 0.4, 'target_domains': ['photo']}
Average loss over 3 updates: 1.5443
Round 47 took 0.9082906246185303s, results:
{'t': 46, 'current_accuracy': 0.38671875, 'current_loss': 5.407564878463745, 'train_loss': 1.5442899068196614, 'decision': 1, 'drift_rate': 0.4, 'target_domains': ['photo']}
Average loss over 3 updates: 1.0960
Round 48 took 0.8957617282867432s, results:
{'t': 47, 'current_accuracy': 0.55078125, 'current_loss': 5.084068298339844, 'train_loss': 1.0959847966829936, 'decision': 1, 'drift_rate': 0.4, 'target_domains': ['photo']}
Average loss over 3 updates: 0.9775
Round 49 took 0.9062995910644531s, results:
{'t': 48, 'current_accuracy': 0.546875, 'current_loss': 2.638673186302185, 'train_loss': 0.9774551192919413, 'decision': 1, 'drift_rate': 0.0, 'target_domains': ['photo']}
Average loss over 3 updates: 0.6221
Round 50 took 0.8881521224975586s, results:
{'t': 49, 'current_accuracy': 0.3828125, 'current_loss': 9.856770515441895, 'train_loss': 0.6220538914203644, 'decision': 1, 'drift_rate': 0.0, 'target_domains': ['photo']}
Average loss over 3 updates: 0.4350
Round 51 took 0.8973627090454102s, results:
{'t': 50, 'current_accuracy': 0.6015625, 'current_loss': 2.297524094581604, 'train_loss': 0.4350060224533081, 'decision': 1, 'drift_rate': 0.0, 'target_domains': ['photo']}
Round 52 took 0.37844157218933105s, results:
{'t': 51, 'current_accuracy': 0.75, 'current_loss': 1.007994830608368, 'train_loss': None, 'decision': 0, 'drift_rate': 0.0, 'target_domains': ['photo']}
Round 53 took 0.3782987594604492s, results:
{'t': 52, 'current_accuracy': 0.75, 'current_loss': 1.0079948604106903, 'train_loss': None, 'decision': 0, 'drift_rate': 0.0, 'target_domains': ['photo']}
Round 54 took 0.3778197765350342s, results:
{'t': 53, 'current_accuracy': 0.75, 'current_loss': 1.0079952478408813, 'train_loss': None, 'decision': 0, 'drift_rate': 0.0, 'target_domains': ['photo']}
Round 55 took 0.3778877258300781s, results:
{'t': 54, 'current_accuracy': 0.75, 'current_loss': 1.0079948604106903, 'train_loss': None, 'decision': 0, 'drift_rate': 0.0, 'target_domains': ['photo']}
Round 56 took 0.3787541389465332s, results:
{'t': 55, 'current_accuracy': 0.75, 'current_loss': 1.0079945027828217, 'train_loss': None, 'decision': 0, 'drift_rate': 0.0, 'target_domains': ['photo']}
Round 57 took 0.37789297103881836s, results:
{'t': 56, 'current_accuracy': 0.75, 'current_loss': 1.0079935491085052, 'train_loss': None, 'decision': 0, 'drift_rate': 0.0, 'target_domains': ['photo']}
Round 58 took 0.38097524642944336s, results:
{'t': 57, 'current_accuracy': 0.75, 'current_loss': 1.0079948604106903, 'train_loss': None, 'decision': 0, 'drift_rate': 0.0, 'target_domains': ['photo']}
Round 59 took 0.3791520595550537s, results:
{'t': 58, 'current_accuracy': 0.75, 'current_loss': 1.007994830608368, 'train_loss': None, 'decision': 0, 'drift_rate': 0.0, 'target_domains': ['photo']}
Average loss over 3 updates: 0.2833
Round 60 took 0.8847243785858154s, results:
{'t': 59, 'current_accuracy': 0.75, 'current_loss': 1.0079942047595978, 'train_loss': 0.2832505951325099, 'decision': 1, 'drift_rate': 0.0, 'target_domains': ['photo']}
Round 61 took 0.3788411617279053s, results:
{'t': 60, 'current_accuracy': 0.75, 'current_loss': 1.0162550806999207, 'train_loss': None, 'decision': 0, 'drift_rate': 0.0, 'target_domains': ['photo']}
Round 62 took 0.3776886463165283s, results:
{'t': 61, 'current_accuracy': 0.75, 'current_loss': 1.0162571370601654, 'train_loss': None, 'decision': 0, 'drift_rate': 0.0, 'target_domains': ['photo']}
Round 63 took 0.37754392623901367s, results:
{'t': 62, 'current_accuracy': 0.75, 'current_loss': 1.016257107257843, 'train_loss': None, 'decision': 0, 'drift_rate': 0.0, 'target_domains': ['photo']}
Round 64 took 0.37816548347473145s, results:
{'t': 63, 'current_accuracy': 0.75, 'current_loss': 1.016257107257843, 'train_loss': None, 'decision': 0, 'drift_rate': 0.0, 'target_domains': ['photo']}
Round 65 took 0.37918710708618164s, results:
{'t': 64, 'current_accuracy': 0.75, 'current_loss': 1.0162572264671326, 'train_loss': None, 'decision': 0, 'drift_rate': 0.0, 'target_domains': ['photo']}
Round 66 took 0.3799755573272705s, results:
{'t': 65, 'current_accuracy': 0.75, 'current_loss': 1.0162571370601654, 'train_loss': None, 'decision': 0, 'drift_rate': 0.0, 'target_domains': ['photo']}
Round 67 took 0.38088369369506836s, results:
{'t': 66, 'current_accuracy': 0.75, 'current_loss': 1.0162571668624878, 'train_loss': None, 'decision': 0, 'drift_rate': 0.0, 'target_domains': ['photo']}
Round 68 took 0.3796529769897461s, results:
{'t': 67, 'current_accuracy': 0.75, 'current_loss': 1.016257107257843, 'train_loss': None, 'decision': 0, 'drift_rate': 0.0, 'target_domains': ['photo']}
Round 69 took 0.3794858455657959s, results:
{'t': 68, 'current_accuracy': 0.75, 'current_loss': 1.0162570476531982, 'train_loss': None, 'decision': 0, 'drift_rate': 0.0, 'target_domains': ['photo']}
Average loss over 3 updates: 0.2521
Round 70 took 0.8903923034667969s, results:
{'t': 69, 'current_accuracy': 0.75, 'current_loss': 1.0162571668624878, 'train_loss': 0.252052903175354, 'decision': 1, 'drift_rate': 0.0, 'target_domains': ['photo']}
Round 71 took 0.3834867477416992s, results:
{'t': 70, 'current_accuracy': 0.76171875, 'current_loss': 0.9243648052215576, 'train_loss': None, 'decision': 0, 'drift_rate': 0.0, 'target_domains': ['photo']}
Round 72 took 0.3800163269042969s, results:
{'t': 71, 'current_accuracy': 0.76171875, 'current_loss': 0.9243645370006561, 'train_loss': None, 'decision': 0, 'drift_rate': 0.0, 'target_domains': ['photo']}
Round 73 took 0.3805582523345947s, results:
{'t': 72, 'current_accuracy': 0.76171875, 'current_loss': 0.9243647456169128, 'train_loss': None, 'decision': 0, 'drift_rate': 0.0, 'target_domains': ['photo']}
Round 74 took 0.3792576789855957s, results:
{'t': 73, 'current_accuracy': 0.76171875, 'current_loss': 0.9243645668029785, 'train_loss': None, 'decision': 0, 'drift_rate': 0.0, 'target_domains': ['photo']}
Round 75 took 0.38161754608154297s, results:
{'t': 74, 'current_accuracy': 0.76171875, 'current_loss': 0.9243628084659576, 'train_loss': None, 'decision': 0, 'drift_rate': 0.0, 'target_domains': ['photo']}
Round 76 took 0.3810615539550781s, results:
{'t': 75, 'current_accuracy': 0.76171875, 'current_loss': 0.924364447593689, 'train_loss': None, 'decision': 0, 'drift_rate': 0.0, 'target_domains': ['photo']}
Round 77 took 0.3799581527709961s, results:
{'t': 76, 'current_accuracy': 0.76171875, 'current_loss': 0.9243645668029785, 'train_loss': None, 'decision': 0, 'drift_rate': 0.0, 'target_domains': ['photo']}
Round 78 took 0.37957239151000977s, results:
{'t': 77, 'current_accuracy': 0.76171875, 'current_loss': 0.924364298582077, 'train_loss': None, 'decision': 0, 'drift_rate': 0.0, 'target_domains': ['photo']}
Round 79 took 0.3790760040283203s, results:
{'t': 78, 'current_accuracy': 0.76171875, 'current_loss': 0.9243642687797546, 'train_loss': None, 'decision': 0, 'drift_rate': 0.0, 'target_domains': ['photo']}
Round 80 took 0.381763219833374s, results:
{'t': 79, 'current_accuracy': 0.76171875, 'current_loss': 0.924363762140274, 'train_loss': None, 'decision': 0, 'drift_rate': 0.0, 'target_domains': ['photo']}
Round 81 took 0.38132739067077637s, results:
{'t': 80, 'current_accuracy': 0.76171875, 'current_loss': 0.9243646860122681, 'train_loss': None, 'decision': 0, 'drift_rate': 0.0, 'target_domains': ['photo']}
Round 82 took 0.3811514377593994s, results:
{'t': 81, 'current_accuracy': 0.76171875, 'current_loss': 0.9243650734424591, 'train_loss': None, 'decision': 0, 'drift_rate': 0.0, 'target_domains': ['photo']}
Round 83 took 0.3806800842285156s, results:
{'t': 82, 'current_accuracy': 0.76171875, 'current_loss': 0.9243638813495636, 'train_loss': None, 'decision': 0, 'drift_rate': 0.0, 'target_domains': ['photo']}
Average loss over 3 updates: 0.1951
Round 84 took 0.8940024375915527s, results:
{'t': 83, 'current_accuracy': 0.76171875, 'current_loss': 0.9243647754192352, 'train_loss': 0.19505872825781503, 'decision': 1, 'drift_rate': 0.0, 'target_domains': ['photo']}
Round 85 took 0.38158178329467773s, results:
{'t': 84, 'current_accuracy': 0.87109375, 'current_loss': 0.41558901965618134, 'train_loss': None, 'decision': 0, 'drift_rate': 0.0, 'target_domains': ['photo']}
Round 86 took 0.37845897674560547s, results:
{'t': 85, 'current_accuracy': 0.87109375, 'current_loss': 0.41558924317359924, 'train_loss': None, 'decision': 0, 'drift_rate': 0.0, 'target_domains': ['photo']}
Round 87 took 0.3777029514312744s, results:
{'t': 86, 'current_accuracy': 0.87109375, 'current_loss': 0.4155907481908798, 'train_loss': None, 'decision': 0, 'drift_rate': 0.0, 'target_domains': ['photo']}
Round 88 took 0.37747740745544434s, results:
{'t': 87, 'current_accuracy': 0.87109375, 'current_loss': 0.4155891388654709, 'train_loss': None, 'decision': 0, 'drift_rate': 0.0, 'target_domains': ['photo']}
Round 89 took 0.38016843795776367s, results:
{'t': 88, 'current_accuracy': 0.87109375, 'current_loss': 0.4155891090631485, 'train_loss': None, 'decision': 0, 'drift_rate': 0.0, 'target_domains': ['photo']}
Round 90 took 0.37879085540771484s, results:
{'t': 89, 'current_accuracy': 0.87109375, 'current_loss': 0.4155891239643097, 'train_loss': None, 'decision': 0, 'drift_rate': 0.0, 'target_domains': ['photo']}
Round 91 took 0.3779923915863037s, results:
{'t': 90, 'current_accuracy': 0.87109375, 'current_loss': 0.41558972001075745, 'train_loss': None, 'decision': 0, 'drift_rate': 0.0, 'target_domains': ['photo']}
Round 92 took 0.3776710033416748s, results:
{'t': 91, 'current_accuracy': 0.87109375, 'current_loss': 0.4155886769294739, 'train_loss': None, 'decision': 0, 'drift_rate': 0.0, 'target_domains': ['photo']}
Round 93 took 0.377915620803833s, results:
{'t': 92, 'current_accuracy': 0.87109375, 'current_loss': 0.4155876189470291, 'train_loss': None, 'decision': 0, 'drift_rate': 0.0, 'target_domains': ['photo']}
Round 94 took 0.380321741104126s, results:
{'t': 93, 'current_accuracy': 0.87109375, 'current_loss': 0.4155890792608261, 'train_loss': None, 'decision': 0, 'drift_rate': 0.0, 'target_domains': ['photo']}
Round 95 took 0.3779010772705078s, results:
{'t': 94, 'current_accuracy': 0.87109375, 'current_loss': 0.4155890941619873, 'train_loss': None, 'decision': 0, 'drift_rate': 0.0, 'target_domains': ['photo']}
Round 96 took 0.37839674949645996s, results:
{'t': 95, 'current_accuracy': 0.87109375, 'current_loss': 0.4155891090631485, 'train_loss': None, 'decision': 0, 'drift_rate': 0.0, 'target_domains': ['photo']}
Round 97 took 0.37794947624206543s, results:
{'t': 96, 'current_accuracy': 0.87109375, 'current_loss': 0.4155891090631485, 'train_loss': None, 'decision': 0, 'drift_rate': 0.0, 'target_domains': ['photo']}
Round 98 took 0.3789041042327881s, results:
{'t': 97, 'current_accuracy': 0.87109375, 'current_loss': 0.41558927297592163, 'train_loss': None, 'decision': 0, 'drift_rate': 0.0, 'target_domains': ['photo']}
Round 99 took 0.38034629821777344s, results:
{'t': 98, 'current_accuracy': 0.87109375, 'current_loss': 0.4155888706445694, 'train_loss': None, 'decision': 0, 'drift_rate': 0.0, 'target_domains': ['photo']}
Round 100 took 0.3782687187194824s, results:
{'t': 99, 'current_accuracy': 0.87109375, 'current_loss': 0.4155891090631485, 'train_loss': None, 'decision': 0, 'drift_rate': 0.0, 'target_domains': ['photo']}
Round 101 took 0.37812113761901855s, results:
{'t': 100, 'current_accuracy': 0.87109375, 'current_loss': 0.4155890941619873, 'train_loss': None, 'decision': 0, 'drift_rate': 0.0, 'target_domains': ['photo']}
Round 102 took 0.3781421184539795s, results:
{'t': 101, 'current_accuracy': 0.87109375, 'current_loss': 0.4155891090631485, 'train_loss': None, 'decision': 0, 'drift_rate': 0.0, 'target_domains': ['photo']}
Round 103 took 0.3783128261566162s, results:
{'t': 102, 'current_accuracy': 0.87109375, 'current_loss': 0.4155891090631485, 'train_loss': None, 'decision': 0, 'drift_rate': 0.0, 'target_domains': ['photo']}
Round 104 took 0.38108325004577637s, results:
{'t': 103, 'current_accuracy': 0.87109375, 'current_loss': 0.4155891388654709, 'train_loss': None, 'decision': 0, 'drift_rate': 0.0, 'target_domains': ['photo']}
Round 105 took 0.3809690475463867s, results:
{'t': 104, 'current_accuracy': 0.87109375, 'current_loss': 0.4155888259410858, 'train_loss': None, 'decision': 0, 'drift_rate': 0.0, 'target_domains': ['photo']}
Average loss over 3 updates: 1.4996
Round 106 took 0.9074640274047852s, results:
{'t': 105, 'current_accuracy': 0.609375, 'current_loss': 1.6260543465614319, 'train_loss': 1.4996368487675984, 'decision': 1, 'drift_rate': 0.4, 'target_domains': ['cartoon']}
Average loss over 3 updates: 2.6818
Round 107 took 0.9138939380645752s, results:
{'t': 106, 'current_accuracy': 0.31640625, 'current_loss': 3.4200457334518433, 'train_loss': 2.681795279184977, 'decision': 1, 'drift_rate': 0.4, 'target_domains': ['cartoon']}
Average loss over 3 updates: 1.7815
Round 108 took 0.9009017944335938s, results:
{'t': 107, 'current_accuracy': 0.26953125, 'current_loss': 21.282058715820312, 'train_loss': 1.7814645767211914, 'decision': 1, 'drift_rate': 0.4, 'target_domains': ['cartoon']}
Average loss over 3 updates: 1.0686
Round 109 took 0.8928751945495605s, results:
{'t': 108, 'current_accuracy': 0.47265625, 'current_loss': 4.070344090461731, 'train_loss': 1.068614939848582, 'decision': 1, 'drift_rate': 0.0, 'target_domains': ['cartoon']}
Average loss over 3 updates: 0.9524
Round 110 took 0.8906750679016113s, results:
{'t': 109, 'current_accuracy': 0.515625, 'current_loss': 2.6596533060073853, 'train_loss': 0.9524083932240804, 'decision': 1, 'drift_rate': 0.0, 'target_domains': ['cartoon']}
Average loss over 3 updates: 0.7461
Round 111 took 0.8848714828491211s, results:
{'t': 110, 'current_accuracy': 0.54296875, 'current_loss': 2.467623233795166, 'train_loss': 0.7460568348566691, 'decision': 1, 'drift_rate': 0.0, 'target_domains': ['cartoon']}
Average loss over 3 updates: 0.6238
Round 112 took 0.8845677375793457s, results:
{'t': 111, 'current_accuracy': 0.37890625, 'current_loss': 3.9443323612213135, 'train_loss': 0.6237588922182719, 'decision': 1, 'drift_rate': 0.0, 'target_domains': ['cartoon']}
Average loss over 3 updates: 0.5015
Round 113 took 0.8942952156066895s, results:
{'t': 112, 'current_accuracy': 0.484375, 'current_loss': 2.824512481689453, 'train_loss': 0.5015089313189188, 'decision': 1, 'drift_rate': 0.0, 'target_domains': ['cartoon']}
Round 114 took 0.38529205322265625s, results:
{'t': 113, 'current_accuracy': 0.6953125, 'current_loss': 0.976868212223053, 'train_loss': None, 'decision': 0, 'drift_rate': 0.0, 'target_domains': ['cartoon']}
Round 115 took 0.379117488861084s, results:
{'t': 114, 'current_accuracy': 0.6953125, 'current_loss': 0.9768679738044739, 'train_loss': None, 'decision': 0, 'drift_rate': 0.0, 'target_domains': ['cartoon']}
Round 116 took 0.37830185890197754s, results:
{'t': 115, 'current_accuracy': 0.6953125, 'current_loss': 0.976868063211441, 'train_loss': None, 'decision': 0, 'drift_rate': 0.0, 'target_domains': ['cartoon']}
Round 117 took 0.38059210777282715s, results:
{'t': 116, 'current_accuracy': 0.6953125, 'current_loss': 0.9768678545951843, 'train_loss': None, 'decision': 0, 'drift_rate': 0.0, 'target_domains': ['cartoon']}
Round 118 took 0.3801755905151367s, results:
{'t': 117, 'current_accuracy': 0.6953125, 'current_loss': 0.9768674075603485, 'train_loss': None, 'decision': 0, 'drift_rate': 0.0, 'target_domains': ['cartoon']}
Round 119 took 0.38028669357299805s, results:
{'t': 118, 'current_accuracy': 0.6953125, 'current_loss': 0.9768683910369873, 'train_loss': None, 'decision': 0, 'drift_rate': 0.0, 'target_domains': ['cartoon']}
Round 120 took 0.3789350986480713s, results:
{'t': 119, 'current_accuracy': 0.6953125, 'current_loss': 0.9768681526184082, 'train_loss': None, 'decision': 0, 'drift_rate': 0.0, 'target_domains': ['cartoon']}
Round 121 took 0.3797435760498047s, results:
{'t': 120, 'current_accuracy': 0.6953125, 'current_loss': 0.9768680930137634, 'train_loss': None, 'decision': 0, 'drift_rate': 0.0, 'target_domains': ['cartoon']}
Round 122 took 0.38091397285461426s, results:
{'t': 121, 'current_accuracy': 0.6953125, 'current_loss': 0.9768687188625336, 'train_loss': None, 'decision': 0, 'drift_rate': 0.0, 'target_domains': ['cartoon']}
Round 123 took 0.3807392120361328s, results:
{'t': 122, 'current_accuracy': 0.6953125, 'current_loss': 0.9768680930137634, 'train_loss': None, 'decision': 0, 'drift_rate': 0.0, 'target_domains': ['cartoon']}
Round 124 took 0.3781609535217285s, results:
{'t': 123, 'current_accuracy': 0.6953125, 'current_loss': 0.9768683016300201, 'train_loss': None, 'decision': 0, 'drift_rate': 0.0, 'target_domains': ['cartoon']}
Round 125 took 0.3803679943084717s, results:
{'t': 124, 'current_accuracy': 0.6953125, 'current_loss': 0.9768681824207306, 'train_loss': None, 'decision': 0, 'drift_rate': 0.0, 'target_domains': ['cartoon']}
Round 126 took 0.37825822830200195s, results:
{'t': 125, 'current_accuracy': 0.6953125, 'current_loss': 0.9768680334091187, 'train_loss': None, 'decision': 0, 'drift_rate': 0.0, 'target_domains': ['cartoon']}
Round 127 took 0.37786006927490234s, results:
{'t': 126, 'current_accuracy': 0.6953125, 'current_loss': 0.9768677949905396, 'train_loss': None, 'decision': 0, 'drift_rate': 0.0, 'target_domains': ['cartoon']}
Round 128 took 0.3775005340576172s, results:
{'t': 127, 'current_accuracy': 0.6953125, 'current_loss': 0.9768679738044739, 'train_loss': None, 'decision': 0, 'drift_rate': 0.0, 'target_domains': ['cartoon']}
Round 129 took 0.3789486885070801s, results:
{'t': 128, 'current_accuracy': 0.6953125, 'current_loss': 0.9768681228160858, 'train_loss': None, 'decision': 0, 'drift_rate': 0.0, 'target_domains': ['cartoon']}
Round 130 took 0.3780815601348877s, results:
{'t': 129, 'current_accuracy': 0.6953125, 'current_loss': 0.976868212223053, 'train_loss': None, 'decision': 0, 'drift_rate': 0.0, 'target_domains': ['cartoon']}
Round 131 took 0.38094639778137207s, results:
{'t': 130, 'current_accuracy': 0.6953125, 'current_loss': 0.9768678545951843, 'train_loss': None, 'decision': 0, 'drift_rate': 0.0, 'target_domains': ['cartoon']}
Round 132 took 0.376406192779541s, results:
{'t': 131, 'current_accuracy': 0.6953125, 'current_loss': 0.9768679440021515, 'train_loss': None, 'decision': 0, 'drift_rate': 0.0, 'target_domains': ['cartoon']}
Round 133 took 0.3788914680480957s, results:
{'t': 132, 'current_accuracy': 0.6953125, 'current_loss': 0.976868063211441, 'train_loss': None, 'decision': 0, 'drift_rate': 0.0, 'target_domains': ['cartoon']}
Round 134 took 0.37921881675720215s, results:
{'t': 133, 'current_accuracy': 0.6953125, 'current_loss': 0.9768679738044739, 'train_loss': None, 'decision': 0, 'drift_rate': 0.0, 'target_domains': ['cartoon']}
Round 135 took 0.3787989616394043s, results:
{'t': 134, 'current_accuracy': 0.6953125, 'current_loss': 0.9768681228160858, 'train_loss': None, 'decision': 0, 'drift_rate': 0.0, 'target_domains': ['cartoon']}
Round 136 took 0.37592220306396484s, results:
{'t': 135, 'current_accuracy': 0.6953125, 'current_loss': 0.9768681228160858, 'train_loss': None, 'decision': 0, 'drift_rate': 0.0, 'target_domains': ['cartoon']}
Round 137 took 0.381549596786499s, results:
{'t': 136, 'current_accuracy': 0.6953125, 'current_loss': 0.9768673777580261, 'train_loss': None, 'decision': 0, 'drift_rate': 0.0, 'target_domains': ['cartoon']}
Round 138 took 0.379727840423584s, results:
{'t': 137, 'current_accuracy': 0.6953125, 'current_loss': 0.976868599653244, 'train_loss': None, 'decision': 0, 'drift_rate': 0.0, 'target_domains': ['cartoon']}
Round 139 took 0.3783235549926758s, results:
{'t': 138, 'current_accuracy': 0.6953125, 'current_loss': 0.9768685102462769, 'train_loss': None, 'decision': 0, 'drift_rate': 0.0, 'target_domains': ['cartoon']}
Round 140 took 0.3770101070404053s, results:
{'t': 139, 'current_accuracy': 0.6953125, 'current_loss': 0.9768683314323425, 'train_loss': None, 'decision': 0, 'drift_rate': 0.0, 'target_domains': ['cartoon']}
Round 141 took 0.37764549255371094s, results:
{'t': 140, 'current_accuracy': 0.6953125, 'current_loss': 0.9768681228160858, 'train_loss': None, 'decision': 0, 'drift_rate': 0.0, 'target_domains': ['cartoon']}
Round 142 took 0.37886977195739746s, results:
{'t': 141, 'current_accuracy': 0.6953125, 'current_loss': 0.9768679440021515, 'train_loss': None, 'decision': 0, 'drift_rate': 0.0, 'target_domains': ['cartoon']}
Round 143 took 0.38097095489501953s, results:
{'t': 142, 'current_accuracy': 0.6953125, 'current_loss': 0.9768678545951843, 'train_loss': None, 'decision': 0, 'drift_rate': 0.0, 'target_domains': ['cartoon']}
Round 144 took 0.37702345848083496s, results:
{'t': 143, 'current_accuracy': 0.6953125, 'current_loss': 0.9768681228160858, 'train_loss': None, 'decision': 0, 'drift_rate': 0.0, 'target_domains': ['cartoon']}
Round 145 took 0.37912535667419434s, results:
{'t': 144, 'current_accuracy': 0.6953125, 'current_loss': 0.9768681526184082, 'train_loss': None, 'decision': 0, 'drift_rate': 0.0, 'target_domains': ['cartoon']}
Round 146 took 0.3784346580505371s, results:
{'t': 145, 'current_accuracy': 0.6953125, 'current_loss': 0.976868212223053, 'train_loss': None, 'decision': 0, 'drift_rate': 0.0, 'target_domains': ['cartoon']}
Round 147 took 0.37881922721862793s, results:
{'t': 146, 'current_accuracy': 0.6953125, 'current_loss': 0.9768681824207306, 'train_loss': None, 'decision': 0, 'drift_rate': 0.0, 'target_domains': ['cartoon']}
Round 148 took 0.3764533996582031s, results:
{'t': 147, 'current_accuracy': 0.6953125, 'current_loss': 0.9768681526184082, 'train_loss': None, 'decision': 0, 'drift_rate': 0.0, 'target_domains': ['cartoon']}
Round 149 took 0.38204193115234375s, results:
{'t': 148, 'current_accuracy': 0.6953125, 'current_loss': 0.9768684208393097, 'train_loss': None, 'decision': 0, 'drift_rate': 0.0, 'target_domains': ['cartoon']}
Round 150 took 0.3784191608428955s, results:
{'t': 149, 'current_accuracy': 0.6953125, 'current_loss': 0.9768681824207306, 'train_loss': None, 'decision': 0, 'drift_rate': 0.0, 'target_domains': ['cartoon']}
Round 151 took 0.37835264205932617s, results:
{'t': 150, 'current_accuracy': 0.6953125, 'current_loss': 0.9768679141998291, 'train_loss': None, 'decision': 0, 'drift_rate': 0.0, 'target_domains': ['cartoon']}
Round 152 took 0.3769247531890869s, results:
{'t': 151, 'current_accuracy': 0.6953125, 'current_loss': 0.9768672287464142, 'train_loss': None, 'decision': 0, 'drift_rate': 0.0, 'target_domains': ['cartoon']}
Round 153 took 0.37953662872314453s, results:
{'t': 152, 'current_accuracy': 0.6953125, 'current_loss': 0.9768685698509216, 'train_loss': None, 'decision': 0, 'drift_rate': 0.0, 'target_domains': ['cartoon']}
Round 154 took 0.378525972366333s, results:
{'t': 153, 'current_accuracy': 0.6953125, 'current_loss': 0.9768679141998291, 'train_loss': None, 'decision': 0, 'drift_rate': 0.0, 'target_domains': ['cartoon']}
Round 155 took 0.3803737163543701s, results:
{'t': 154, 'current_accuracy': 0.6953125, 'current_loss': 0.976868212223053, 'train_loss': None, 'decision': 0, 'drift_rate': 0.0, 'target_domains': ['cartoon']}
Round 156 took 0.37886619567871094s, results:
{'t': 155, 'current_accuracy': 0.6953125, 'current_loss': 0.9768660664558411, 'train_loss': None, 'decision': 0, 'drift_rate': 0.0, 'target_domains': ['cartoon']}
Round 157 took 0.37912917137145996s, results:
{'t': 156, 'current_accuracy': 0.6953125, 'current_loss': 0.9768681526184082, 'train_loss': None, 'decision': 0, 'drift_rate': 0.0, 'target_domains': ['cartoon']}
Round 158 took 0.37761807441711426s, results:
{'t': 157, 'current_accuracy': 0.6953125, 'current_loss': 0.9768679440021515, 'train_loss': None, 'decision': 0, 'drift_rate': 0.0, 'target_domains': ['cartoon']}
Round 159 took 0.37769055366516113s, results:
{'t': 158, 'current_accuracy': 0.6953125, 'current_loss': 0.9768681824207306, 'train_loss': None, 'decision': 0, 'drift_rate': 0.0, 'target_domains': ['cartoon']}
Round 160 took 0.37754011154174805s, results:
{'t': 159, 'current_accuracy': 0.6953125, 'current_loss': 0.976868212223053, 'train_loss': None, 'decision': 0, 'drift_rate': 0.0, 'target_domains': ['cartoon']}
Round 161 took 0.3788297176361084s, results:
{'t': 160, 'current_accuracy': 0.6953125, 'current_loss': 0.9768683314323425, 'train_loss': None, 'decision': 0, 'drift_rate': 0.0, 'target_domains': ['cartoon']}
Round 162 took 0.3784453868865967s, results:
{'t': 161, 'current_accuracy': 0.6953125, 'current_loss': 0.9768680334091187, 'train_loss': None, 'decision': 0, 'drift_rate': 0.0, 'target_domains': ['cartoon']}
Round 163 took 0.3773815631866455s, results:
{'t': 162, 'current_accuracy': 0.6953125, 'current_loss': 0.976868212223053, 'train_loss': None, 'decision': 0, 'drift_rate': 0.0, 'target_domains': ['cartoon']}
Round 164 took 0.3768761157989502s, results:
{'t': 163, 'current_accuracy': 0.6953125, 'current_loss': 0.9768684208393097, 'train_loss': None, 'decision': 0, 'drift_rate': 0.0, 'target_domains': ['cartoon']}
Round 165 took 0.37837743759155273s, results:
{'t': 164, 'current_accuracy': 0.6953125, 'current_loss': 0.976868212223053, 'train_loss': None, 'decision': 0, 'drift_rate': 0.0, 'target_domains': ['cartoon']}
Average loss over 3 updates: 1.4685
Round 166 took 0.9105143547058105s, results:
{'t': 165, 'current_accuracy': 0.55859375, 'current_loss': 1.4538788795471191, 'train_loss': 1.4685076475143433, 'decision': 1, 'drift_rate': 0.4, 'target_domains': ['sketch']}
Average loss over 3 updates: 1.7149
Round 167 took 0.9039528369903564s, results:
{'t': 166, 'current_accuracy': 0.41015625, 'current_loss': 2.1344720125198364, 'train_loss': 1.7149078448613484, 'decision': 1, 'drift_rate': 0.4, 'target_domains': ['sketch']}
Average loss over 3 updates: 1.6049
Round 168 took 0.8936176300048828s, results:
{'t': 167, 'current_accuracy': 0.21484375, 'current_loss': 4.588719606399536, 'train_loss': 1.6048874457677205, 'decision': 1, 'drift_rate': 0.4, 'target_domains': ['sketch']}
Average loss over 3 updates: 1.1857
Round 169 took 0.8921053409576416s, results:
{'t': 168, 'current_accuracy': 0.24609375, 'current_loss': 4.583621025085449, 'train_loss': 1.1856671174367268, 'decision': 1, 'drift_rate': 0.0, 'target_domains': ['sketch']}
Average loss over 3 updates: 0.9988
Round 170 took 0.8856301307678223s, results:
{'t': 169, 'current_accuracy': 0.29296875, 'current_loss': 2.600625991821289, 'train_loss': 0.9987770318984985, 'decision': 1, 'drift_rate': 0.0, 'target_domains': ['sketch']}
Round 171 took 0.37520742416381836s, results:
{'t': 170, 'current_accuracy': 0.44921875, 'current_loss': 1.677237331867218, 'train_loss': None, 'decision': 0, 'drift_rate': 0.0, 'target_domains': ['sketch']}
Round 172 took 0.3743457794189453s, results:
{'t': 171, 'current_accuracy': 0.44921875, 'current_loss': 1.6772371530532837, 'train_loss': None, 'decision': 0, 'drift_rate': 0.0, 'target_domains': ['sketch']}
Round 173 took 0.39196133613586426s, results:
{'t': 172, 'current_accuracy': 0.44921875, 'current_loss': 1.6772371530532837, 'train_loss': None, 'decision': 0, 'drift_rate': 0.0, 'target_domains': ['sketch']}
Round 174 took 0.37444210052490234s, results:
{'t': 173, 'current_accuracy': 0.44921875, 'current_loss': 1.6772372126579285, 'train_loss': None, 'decision': 0, 'drift_rate': 0.0, 'target_domains': ['sketch']}
Round 175 took 0.37477803230285645s, results:
{'t': 174, 'current_accuracy': 0.44921875, 'current_loss': 1.6772372126579285, 'train_loss': None, 'decision': 0, 'drift_rate': 0.0, 'target_domains': ['sketch']}
Round 176 took 0.37481069564819336s, results:
{'t': 175, 'current_accuracy': 0.44921875, 'current_loss': 1.677237093448639, 'train_loss': None, 'decision': 0, 'drift_rate': 0.0, 'target_domains': ['sketch']}
Round 177 took 0.37465643882751465s, results:
{'t': 176, 'current_accuracy': 0.44921875, 'current_loss': 1.6772374510765076, 'train_loss': None, 'decision': 0, 'drift_rate': 0.0, 'target_domains': ['sketch']}
Round 178 took 0.37433958053588867s, results:
{'t': 177, 'current_accuracy': 0.44921875, 'current_loss': 1.677237331867218, 'train_loss': None, 'decision': 0, 'drift_rate': 0.0, 'target_domains': ['sketch']}
Round 179 took 0.3776383399963379s, results:
{'t': 178, 'current_accuracy': 0.44921875, 'current_loss': 1.677237093448639, 'train_loss': None, 'decision': 0, 'drift_rate': 0.0, 'target_domains': ['sketch']}
Round 180 took 0.3744466304779053s, results:
{'t': 179, 'current_accuracy': 0.44921875, 'current_loss': 1.677237093448639, 'train_loss': None, 'decision': 0, 'drift_rate': 0.0, 'target_domains': ['sketch']}
Round 181 took 0.37528562545776367s, results:
{'t': 180, 'current_accuracy': 0.44921875, 'current_loss': 1.6772371530532837, 'train_loss': None, 'decision': 0, 'drift_rate': 0.0, 'target_domains': ['sketch']}
Round 182 took 0.3739190101623535s, results:
{'t': 181, 'current_accuracy': 0.44921875, 'current_loss': 1.677237093448639, 'train_loss': None, 'decision': 0, 'drift_rate': 0.0, 'target_domains': ['sketch']}
Round 183 took 0.37430810928344727s, results:
{'t': 182, 'current_accuracy': 0.44921875, 'current_loss': 1.6772371530532837, 'train_loss': None, 'decision': 0, 'drift_rate': 0.0, 'target_domains': ['sketch']}
Round 184 took 0.3744692802429199s, results:
{'t': 183, 'current_accuracy': 0.44921875, 'current_loss': 1.6772371530532837, 'train_loss': None, 'decision': 0, 'drift_rate': 0.0, 'target_domains': ['sketch']}
Round 185 took 0.3748133182525635s, results:
{'t': 184, 'current_accuracy': 0.44921875, 'current_loss': 1.677237331867218, 'train_loss': None, 'decision': 0, 'drift_rate': 0.0, 'target_domains': ['sketch']}
Round 186 took 0.3743603229522705s, results:
{'t': 185, 'current_accuracy': 0.44921875, 'current_loss': 1.677237331867218, 'train_loss': None, 'decision': 0, 'drift_rate': 0.0, 'target_domains': ['sketch']}
Average loss over 3 updates: 0.7595
Round 187 took 0.8919663429260254s, results:
{'t': 186, 'current_accuracy': 0.44921875, 'current_loss': 1.677237093448639, 'train_loss': 0.7594779928525289, 'decision': 1, 'drift_rate': 0.0, 'target_domains': ['sketch']}
Average loss over 3 updates: 0.6093
Round 188 took 0.8823277950286865s, results:
{'t': 187, 'current_accuracy': 0.3671875, 'current_loss': 2.2099876403808594, 'train_loss': 0.6093173225720724, 'decision': 1, 'drift_rate': 0.0, 'target_domains': ['sketch']}
Round 189 took 0.3772425651550293s, results:
{'t': 188, 'current_accuracy': 0.51953125, 'current_loss': 1.3747504949569702, 'train_loss': None, 'decision': 0, 'drift_rate': 0.0, 'target_domains': ['sketch']}
Round 190 took 0.37887024879455566s, results:
{'t': 189, 'current_accuracy': 0.51953125, 'current_loss': 1.3747503757476807, 'train_loss': None, 'decision': 0, 'drift_rate': 0.0, 'target_domains': ['sketch']}
Round 191 took 0.37776684761047363s, results:
{'t': 190, 'current_accuracy': 0.51953125, 'current_loss': 1.3747504353523254, 'train_loss': None, 'decision': 0, 'drift_rate': 0.0, 'target_domains': ['sketch']}
Round 192 took 0.37778711318969727s, results:
{'t': 191, 'current_accuracy': 0.51953125, 'current_loss': 1.3747506141662598, 'train_loss': None, 'decision': 0, 'drift_rate': 0.0, 'target_domains': ['sketch']}
Round 193 took 0.3792695999145508s, results:
{'t': 192, 'current_accuracy': 0.51953125, 'current_loss': 1.3747506737709045, 'train_loss': None, 'decision': 0, 'drift_rate': 0.0, 'target_domains': ['sketch']}
Round 194 took 0.3769395351409912s, results:
{'t': 193, 'current_accuracy': 0.51953125, 'current_loss': 1.374750792980194, 'train_loss': None, 'decision': 0, 'drift_rate': 0.0, 'target_domains': ['sketch']}
Round 195 took 0.37763428688049316s, results:
{'t': 194, 'current_accuracy': 0.51953125, 'current_loss': 1.3747507333755493, 'train_loss': None, 'decision': 0, 'drift_rate': 0.0, 'target_domains': ['sketch']}
Round 196 took 0.37770891189575195s, results:
{'t': 195, 'current_accuracy': 0.51953125, 'current_loss': 1.3747511506080627, 'train_loss': None, 'decision': 0, 'drift_rate': 0.0, 'target_domains': ['sketch']}
Round 197 took 0.3773167133331299s, results:
{'t': 196, 'current_accuracy': 0.51953125, 'current_loss': 1.3747503757476807, 'train_loss': None, 'decision': 0, 'drift_rate': 0.0, 'target_domains': ['sketch']}
Round 198 took 0.37657952308654785s, results:
{'t': 197, 'current_accuracy': 0.51953125, 'current_loss': 1.3747506737709045, 'train_loss': None, 'decision': 0, 'drift_rate': 0.0, 'target_domains': ['sketch']}
Round 199 took 0.3778955936431885s, results:
{'t': 198, 'current_accuracy': 0.51953125, 'current_loss': 1.3747504353523254, 'train_loss': None, 'decision': 0, 'drift_rate': 0.0, 'target_domains': ['sketch']}
Round 200 took 0.3784785270690918s, results:
{'t': 199, 'current_accuracy': 0.51953125, 'current_loss': 1.3747518658638, 'train_loss': None, 'decision': 0, 'drift_rate': 0.0, 'target_domains': ['sketch']}
Average time per round: 0.44197646141052244
Total time: 88.39529228210449
