Using the latest cached version of the dataset since flwrlabs/pacs couldn't be found on the Hugging Face Hub
Found the latest cached dataset configuration 'default' at /home/apiasecz/.cache/huggingface/datasets/flwrlabs___pacs/default/0.0.0/394113073258ead631f617d2e13bb377c0715c4b (last modified on Wed Jan 29 16:59:35 2025).
Using the latest cached version of the dataset since flwrlabs/pacs couldn't be found on the Hugging Face Hub
Found the latest cached dataset configuration 'default' at /home/apiasecz/.cache/huggingface/datasets/flwrlabs___pacs/default/0.0.0/394113073258ead631f617d2e13bb377c0715c4b (last modified on Wed Jan 29 16:59:35 2025).
Using the latest cached version of the dataset since flwrlabs/pacs couldn't be found on the Hugging Face Hub
Found the latest cached dataset configuration 'default' at /home/apiasecz/.cache/huggingface/datasets/flwrlabs___pacs/default/0.0.0/394113073258ead631f617d2e13bb377c0715c4b (last modified on Wed Jan 29 16:59:35 2025).
Using the latest cached version of the dataset since flwrlabs/pacs couldn't be found on the Hugging Face Hub
Found the latest cached dataset configuration 'default' at /home/apiasecz/.cache/huggingface/datasets/flwrlabs___pacs/default/0.0.0/394113073258ead631f617d2e13bb377c0715c4b (last modified on Wed Jan 29 16:59:35 2025).
Using the latest cached version of the dataset since flwrlabs/pacs couldn't be found on the Hugging Face Hub
Found the latest cached dataset configuration 'default' at /home/apiasecz/.cache/huggingface/datasets/flwrlabs___pacs/default/0.0.0/394113073258ead631f617d2e13bb377c0715c4b (last modified on Wed Jan 29 16:59:35 2025).
Device: cuda
CUDA Version: 12.1
cuDNN Version: 8902
PyTorch Version: 2.3.0

Model used: PACSCNN_1
Initial dataset creation
Initial dataset creation
Initial loss: 0.005565545056015253
<__main__.Policy object at 0x147890d9ab40>
0.005565545056015253
Round 1 took 0.14691734313964844s, results:
{'t': 0, 'current_accuracy': 1.0, 'current_loss': 0.0037035909481346607, 'train_loss': None, 'decision': 0, 'drift_rate': 0.0, 'target_domains': ['art_painting']}
Round 2 took 0.12803864479064941s, results:
{'t': 1, 'current_accuracy': 1.0, 'current_loss': 0.0037035909481346607, 'train_loss': None, 'decision': 0, 'drift_rate': 0.0, 'target_domains': ['art_painting']}
Round 3 took 0.12789368629455566s, results:
{'t': 2, 'current_accuracy': 1.0, 'current_loss': 0.003703590831719339, 'train_loss': None, 'decision': 0, 'drift_rate': 0.0, 'target_domains': ['art_painting']}
Round 4 took 0.12792181968688965s, results:
{'t': 3, 'current_accuracy': 1.0, 'current_loss': 0.0037035905988886952, 'train_loss': None, 'decision': 0, 'drift_rate': 0.0, 'target_domains': ['art_painting']}
Round 5 took 0.12795519828796387s, results:
{'t': 4, 'current_accuracy': 1.0, 'current_loss': 0.0037035905988886952, 'train_loss': None, 'decision': 0, 'drift_rate': 0.0, 'target_domains': ['art_painting']}
Round 6 took 0.12761664390563965s, results:
{'t': 5, 'current_accuracy': 1.0, 'current_loss': 0.0037035904824733734, 'train_loss': None, 'decision': 0, 'drift_rate': 0.0, 'target_domains': ['art_painting']}
Round 7 took 0.12755632400512695s, results:
{'t': 6, 'current_accuracy': 1.0, 'current_loss': 0.003703590715304017, 'train_loss': None, 'decision': 0, 'drift_rate': 0.0, 'target_domains': ['art_painting']}
Round 8 took 0.1275014877319336s, results:
{'t': 7, 'current_accuracy': 1.0, 'current_loss': 0.003703590715304017, 'train_loss': None, 'decision': 0, 'drift_rate': 0.0, 'target_domains': ['art_painting']}
Round 9 took 0.12739181518554688s, results:
{'t': 8, 'current_accuracy': 1.0, 'current_loss': 0.0037035904824733734, 'train_loss': None, 'decision': 0, 'drift_rate': 0.0, 'target_domains': ['art_painting']}
Round 10 took 0.1274852752685547s, results:
{'t': 9, 'current_accuracy': 1.0, 'current_loss': 0.0037035909481346607, 'train_loss': None, 'decision': 0, 'drift_rate': 0.0, 'target_domains': ['art_painting']}
Round 11 took 0.12749576568603516s, results:
{'t': 10, 'current_accuracy': 1.0, 'current_loss': 0.0037035910645499825, 'train_loss': None, 'decision': 0, 'drift_rate': 0.0, 'target_domains': ['art_painting']}
Round 12 took 0.12755417823791504s, results:
{'t': 11, 'current_accuracy': 1.0, 'current_loss': 0.0037035904824733734, 'train_loss': None, 'decision': 0, 'drift_rate': 0.0, 'target_domains': ['art_painting']}
Round 13 took 0.1277329921722412s, results:
{'t': 12, 'current_accuracy': 1.0, 'current_loss': 0.0037035903660580516, 'train_loss': None, 'decision': 0, 'drift_rate': 0.0, 'target_domains': ['art_painting']}
Round 14 took 0.13013005256652832s, results:
{'t': 13, 'current_accuracy': 1.0, 'current_loss': 0.003703590831719339, 'train_loss': None, 'decision': 0, 'drift_rate': 0.0, 'target_domains': ['art_painting']}
Round 15 took 0.12828826904296875s, results:
{'t': 14, 'current_accuracy': 1.0, 'current_loss': 0.003703590831719339, 'train_loss': None, 'decision': 0, 'drift_rate': 0.0, 'target_domains': ['art_painting']}
Round 16 took 0.12744474411010742s, results:
{'t': 15, 'current_accuracy': 1.0, 'current_loss': 0.003703590831719339, 'train_loss': None, 'decision': 0, 'drift_rate': 0.0, 'target_domains': ['art_painting']}
Round 17 took 0.12735962867736816s, results:
{'t': 16, 'current_accuracy': 1.0, 'current_loss': 0.003703590715304017, 'train_loss': None, 'decision': 0, 'drift_rate': 0.0, 'target_domains': ['art_painting']}
Round 18 took 0.12736821174621582s, results:
{'t': 17, 'current_accuracy': 1.0, 'current_loss': 0.0037035904824733734, 'train_loss': None, 'decision': 0, 'drift_rate': 0.0, 'target_domains': ['art_painting']}
Round 19 took 0.1273365020751953s, results:
{'t': 18, 'current_accuracy': 1.0, 'current_loss': 0.0037035905988886952, 'train_loss': None, 'decision': 0, 'drift_rate': 0.0, 'target_domains': ['art_painting']}
Round 20 took 0.12710070610046387s, results:
{'t': 19, 'current_accuracy': 1.0, 'current_loss': 0.003703590715304017, 'train_loss': None, 'decision': 0, 'drift_rate': 0.0, 'target_domains': ['art_painting']}
Round 21 took 0.12712383270263672s, results:
{'t': 20, 'current_accuracy': 1.0, 'current_loss': 0.003703590831719339, 'train_loss': None, 'decision': 0, 'drift_rate': 0.0, 'target_domains': ['art_painting']}
Round 22 took 0.1270902156829834s, results:
{'t': 21, 'current_accuracy': 1.0, 'current_loss': 0.0037035904824733734, 'train_loss': None, 'decision': 0, 'drift_rate': 0.0, 'target_domains': ['art_painting']}
Round 23 took 0.1270585060119629s, results:
{'t': 22, 'current_accuracy': 1.0, 'current_loss': 0.0037035905988886952, 'train_loss': None, 'decision': 0, 'drift_rate': 0.0, 'target_domains': ['art_painting']}
Round 24 took 0.1270887851715088s, results:
{'t': 23, 'current_accuracy': 1.0, 'current_loss': 0.003703590831719339, 'train_loss': None, 'decision': 0, 'drift_rate': 0.0, 'target_domains': ['art_painting']}
Round 25 took 0.12734723091125488s, results:
{'t': 24, 'current_accuracy': 1.0, 'current_loss': 0.0037035909481346607, 'train_loss': None, 'decision': 0, 'drift_rate': 0.0, 'target_domains': ['art_painting']}
Round 26 took 0.12750244140625s, results:
{'t': 25, 'current_accuracy': 1.0, 'current_loss': 0.0037035905988886952, 'train_loss': None, 'decision': 0, 'drift_rate': 0.0, 'target_domains': ['art_painting']}
Round 27 took 0.12747836112976074s, results:
{'t': 26, 'current_accuracy': 1.0, 'current_loss': 0.0037035909481346607, 'train_loss': None, 'decision': 0, 'drift_rate': 0.0, 'target_domains': ['art_painting']}
Round 28 took 0.12722039222717285s, results:
{'t': 27, 'current_accuracy': 1.0, 'current_loss': 0.003703590831719339, 'train_loss': None, 'decision': 0, 'drift_rate': 0.0, 'target_domains': ['art_painting']}
Round 29 took 0.1297740936279297s, results:
{'t': 28, 'current_accuracy': 1.0, 'current_loss': 0.003703590715304017, 'train_loss': None, 'decision': 0, 'drift_rate': 0.0, 'target_domains': ['art_painting']}
Round 30 took 0.12831687927246094s, results:
{'t': 29, 'current_accuracy': 1.0, 'current_loss': 0.0037035905988886952, 'train_loss': None, 'decision': 0, 'drift_rate': 0.0, 'target_domains': ['art_painting']}
Round 31 took 0.12723517417907715s, results:
{'t': 30, 'current_accuracy': 1.0, 'current_loss': 0.003703590715304017, 'train_loss': None, 'decision': 0, 'drift_rate': 0.0, 'target_domains': ['art_painting']}
Round 32 took 0.1273641586303711s, results:
{'t': 31, 'current_accuracy': 1.0, 'current_loss': 0.003703590831719339, 'train_loss': None, 'decision': 0, 'drift_rate': 0.0, 'target_domains': ['art_painting']}
Round 33 took 0.12748074531555176s, results:
{'t': 32, 'current_accuracy': 1.0, 'current_loss': 0.003703590715304017, 'train_loss': None, 'decision': 0, 'drift_rate': 0.0, 'target_domains': ['art_painting']}
Round 34 took 0.12740731239318848s, results:
{'t': 33, 'current_accuracy': 1.0, 'current_loss': 0.003703590715304017, 'train_loss': None, 'decision': 0, 'drift_rate': 0.0, 'target_domains': ['art_painting']}
Round 35 took 0.12765264511108398s, results:
{'t': 34, 'current_accuracy': 1.0, 'current_loss': 0.0037035905988886952, 'train_loss': None, 'decision': 0, 'drift_rate': 0.0, 'target_domains': ['art_painting']}
Round 36 took 0.12727785110473633s, results:
{'t': 35, 'current_accuracy': 1.0, 'current_loss': 0.003703590715304017, 'train_loss': None, 'decision': 0, 'drift_rate': 0.0, 'target_domains': ['art_painting']}
Round 37 took 0.1272120475769043s, results:
{'t': 36, 'current_accuracy': 1.0, 'current_loss': 0.003703590831719339, 'train_loss': None, 'decision': 0, 'drift_rate': 0.0, 'target_domains': ['art_painting']}
Round 38 took 0.127288818359375s, results:
{'t': 37, 'current_accuracy': 1.0, 'current_loss': 0.0037035903660580516, 'train_loss': None, 'decision': 0, 'drift_rate': 0.0, 'target_domains': ['art_painting']}
Round 39 took 0.12744808197021484s, results:
{'t': 38, 'current_accuracy': 1.0, 'current_loss': 0.003703590831719339, 'train_loss': None, 'decision': 0, 'drift_rate': 0.0, 'target_domains': ['art_painting']}
Round 40 took 0.1272411346435547s, results:
{'t': 39, 'current_accuracy': 1.0, 'current_loss': 0.0037035905988886952, 'train_loss': None, 'decision': 0, 'drift_rate': 0.0, 'target_domains': ['art_painting']}
Round 41 took 0.12724089622497559s, results:
{'t': 40, 'current_accuracy': 1.0, 'current_loss': 0.0037035909481346607, 'train_loss': None, 'decision': 0, 'drift_rate': 0.0, 'target_domains': ['art_painting']}
Average loss over 4 updates: 0.0040
Round 42 took 0.3216540813446045s, results:
{'t': 41, 'current_accuracy': 1.0, 'current_loss': 0.0037035905988886952, 'train_loss': 0.004039487452246249, 'decision': 1, 'drift_rate': 0.0, 'target_domains': ['art_painting']}
Round 43 took 0.13129854202270508s, results:
{'t': 42, 'current_accuracy': 1.0, 'current_loss': 0.003671759506687522, 'train_loss': None, 'decision': 0, 'drift_rate': 0.0, 'target_domains': ['art_painting']}
Round 44 took 0.1274585723876953s, results:
{'t': 43, 'current_accuracy': 1.0, 'current_loss': 0.003671758924610913, 'train_loss': None, 'decision': 0, 'drift_rate': 0.0, 'target_domains': ['art_painting']}
Round 45 took 0.12735962867736816s, results:
{'t': 44, 'current_accuracy': 1.0, 'current_loss': 0.0036717590410262346, 'train_loss': None, 'decision': 0, 'drift_rate': 0.0, 'target_domains': ['art_painting']}
Round 46 took 0.1303560733795166s, results:
{'t': 45, 'current_accuracy': 0.76171875, 'current_loss': 2.036024510860443, 'train_loss': None, 'decision': 0, 'drift_rate': 0.4, 'target_domains': ['photo']}
Round 47 took 0.13008332252502441s, results:
{'t': 46, 'current_accuracy': 0.55078125, 'current_loss': 3.692351222038269, 'train_loss': None, 'decision': 0, 'drift_rate': 0.4, 'target_domains': ['photo']}
Round 48 took 0.12906336784362793s, results:
{'t': 47, 'current_accuracy': 0.4375, 'current_loss': 4.709974050521851, 'train_loss': None, 'decision': 0, 'drift_rate': 0.4, 'target_domains': ['photo']}
Round 49 took 0.12765002250671387s, results:
{'t': 48, 'current_accuracy': 0.4375, 'current_loss': 4.70997428894043, 'train_loss': None, 'decision': 0, 'drift_rate': 0.0, 'target_domains': ['photo']}
Round 50 took 0.12752079963684082s, results:
{'t': 49, 'current_accuracy': 0.4375, 'current_loss': 4.70997428894043, 'train_loss': None, 'decision': 0, 'drift_rate': 0.0, 'target_domains': ['photo']}
Round 51 took 0.1275496482849121s, results:
{'t': 50, 'current_accuracy': 0.4375, 'current_loss': 4.7099738121032715, 'train_loss': None, 'decision': 0, 'drift_rate': 0.0, 'target_domains': ['photo']}
Average loss over 4 updates: 6.2409
Round 52 took 0.26786088943481445s, results:
{'t': 51, 'current_accuracy': 0.4375, 'current_loss': 4.7099738121032715, 'train_loss': 6.240908265113831, 'decision': 1, 'drift_rate': 0.0, 'target_domains': ['photo']}
Round 53 took 0.1276719570159912s, results:
{'t': 52, 'current_accuracy': 0.24609375, 'current_loss': 8.123969793319702, 'train_loss': None, 'decision': 0, 'drift_rate': 0.0, 'target_domains': ['photo']}
Round 54 took 0.12740397453308105s, results:
{'t': 53, 'current_accuracy': 0.24609375, 'current_loss': 8.123969793319702, 'train_loss': None, 'decision': 0, 'drift_rate': 0.0, 'target_domains': ['photo']}
Round 55 took 0.12739062309265137s, results:
{'t': 54, 'current_accuracy': 0.24609375, 'current_loss': 8.12397027015686, 'train_loss': None, 'decision': 0, 'drift_rate': 0.0, 'target_domains': ['photo']}
Round 56 took 0.12735772132873535s, results:
{'t': 55, 'current_accuracy': 0.24609375, 'current_loss': 8.123970031738281, 'train_loss': None, 'decision': 0, 'drift_rate': 0.0, 'target_domains': ['photo']}
Round 57 took 0.1322007179260254s, results:
{'t': 56, 'current_accuracy': 0.24609375, 'current_loss': 8.123969316482544, 'train_loss': None, 'decision': 0, 'drift_rate': 0.0, 'target_domains': ['photo']}
Round 58 took 0.12772631645202637s, results:
{'t': 57, 'current_accuracy': 0.24609375, 'current_loss': 8.123969078063965, 'train_loss': None, 'decision': 0, 'drift_rate': 0.0, 'target_domains': ['photo']}
Average loss over 4 updates: 5.2920
Round 59 took 0.26285386085510254s, results:
{'t': 58, 'current_accuracy': 0.24609375, 'current_loss': 8.12397027015686, 'train_loss': 5.291990160942078, 'decision': 1, 'drift_rate': 0.0, 'target_domains': ['photo']}
Round 60 took 0.1277480125427246s, results:
{'t': 59, 'current_accuracy': 0.40234375, 'current_loss': 1.7672501802444458, 'train_loss': None, 'decision': 0, 'drift_rate': 0.0, 'target_domains': ['photo']}
Round 61 took 0.1275649070739746s, results:
{'t': 60, 'current_accuracy': 0.40234375, 'current_loss': 1.7672500014305115, 'train_loss': None, 'decision': 0, 'drift_rate': 0.0, 'target_domains': ['photo']}
Round 62 took 0.12767672538757324s, results:
{'t': 61, 'current_accuracy': 0.40234375, 'current_loss': 1.7672500610351562, 'train_loss': None, 'decision': 0, 'drift_rate': 0.0, 'target_domains': ['photo']}
Round 63 took 0.12779927253723145s, results:
{'t': 62, 'current_accuracy': 0.40234375, 'current_loss': 1.7672500014305115, 'train_loss': None, 'decision': 0, 'drift_rate': 0.0, 'target_domains': ['photo']}
Round 64 took 0.1277470588684082s, results:
{'t': 63, 'current_accuracy': 0.40234375, 'current_loss': 1.767250120639801, 'train_loss': None, 'decision': 0, 'drift_rate': 0.0, 'target_domains': ['photo']}
Round 65 took 0.12760663032531738s, results:
{'t': 64, 'current_accuracy': 0.40234375, 'current_loss': 1.7672502398490906, 'train_loss': None, 'decision': 0, 'drift_rate': 0.0, 'target_domains': ['photo']}
Round 66 took 0.1277468204498291s, results:
{'t': 65, 'current_accuracy': 0.40234375, 'current_loss': 1.7672500610351562, 'train_loss': None, 'decision': 0, 'drift_rate': 0.0, 'target_domains': ['photo']}
Round 67 took 0.12778639793395996s, results:
{'t': 66, 'current_accuracy': 0.40234375, 'current_loss': 1.767250120639801, 'train_loss': None, 'decision': 0, 'drift_rate': 0.0, 'target_domains': ['photo']}
Round 68 took 0.1275007724761963s, results:
{'t': 67, 'current_accuracy': 0.40234375, 'current_loss': 1.7672501802444458, 'train_loss': None, 'decision': 0, 'drift_rate': 0.0, 'target_domains': ['photo']}
Average loss over 4 updates: 1.5928
Round 69 took 0.26145052909851074s, results:
{'t': 68, 'current_accuracy': 0.40234375, 'current_loss': 1.7672500610351562, 'train_loss': 1.5928182005882263, 'decision': 1, 'drift_rate': 0.0, 'target_domains': ['photo']}
Average loss over 4 updates: 1.2370
Round 70 took 0.2633938789367676s, results:
{'t': 69, 'current_accuracy': 0.45703125, 'current_loss': 1.4290702939033508, 'train_loss': 1.2370144724845886, 'decision': 1, 'drift_rate': 0.0, 'target_domains': ['photo']}
Round 71 took 0.12757229804992676s, results:
{'t': 70, 'current_accuracy': 0.5546875, 'current_loss': 1.3128015995025635, 'train_loss': None, 'decision': 0, 'drift_rate': 0.0, 'target_domains': ['photo']}
Round 72 took 0.1276535987854004s, results:
{'t': 71, 'current_accuracy': 0.5546875, 'current_loss': 1.312801480293274, 'train_loss': None, 'decision': 0, 'drift_rate': 0.0, 'target_domains': ['photo']}
Round 73 took 0.12745308876037598s, results:
{'t': 72, 'current_accuracy': 0.5546875, 'current_loss': 1.3128016591072083, 'train_loss': None, 'decision': 0, 'drift_rate': 0.0, 'target_domains': ['photo']}
Round 74 took 0.12763214111328125s, results:
{'t': 73, 'current_accuracy': 0.5546875, 'current_loss': 1.3128015398979187, 'train_loss': None, 'decision': 0, 'drift_rate': 0.0, 'target_domains': ['photo']}
Average loss over 4 updates: 1.2195
Round 75 took 0.26001977920532227s, results:
{'t': 74, 'current_accuracy': 0.5546875, 'current_loss': 1.3128014206886292, 'train_loss': 1.219496339559555, 'decision': 1, 'drift_rate': 0.0, 'target_domains': ['photo']}
Round 76 took 0.12780308723449707s, results:
{'t': 75, 'current_accuracy': 0.57421875, 'current_loss': 1.2152418494224548, 'train_loss': None, 'decision': 0, 'drift_rate': 0.0, 'target_domains': ['photo']}
Round 77 took 0.12773680686950684s, results:
{'t': 76, 'current_accuracy': 0.57421875, 'current_loss': 1.2152419090270996, 'train_loss': None, 'decision': 0, 'drift_rate': 0.0, 'target_domains': ['photo']}
Round 78 took 0.12754034996032715s, results:
{'t': 77, 'current_accuracy': 0.57421875, 'current_loss': 1.2152419090270996, 'train_loss': None, 'decision': 0, 'drift_rate': 0.0, 'target_domains': ['photo']}
Round 79 took 0.1275320053100586s, results:
{'t': 78, 'current_accuracy': 0.57421875, 'current_loss': 1.21524178981781, 'train_loss': None, 'decision': 0, 'drift_rate': 0.0, 'target_domains': ['photo']}
Round 80 took 0.1275005340576172s, results:
{'t': 79, 'current_accuracy': 0.57421875, 'current_loss': 1.2152419090270996, 'train_loss': None, 'decision': 0, 'drift_rate': 0.0, 'target_domains': ['photo']}
Round 81 took 0.1276383399963379s, results:
{'t': 80, 'current_accuracy': 0.57421875, 'current_loss': 1.2152418494224548, 'train_loss': None, 'decision': 0, 'drift_rate': 0.0, 'target_domains': ['photo']}
Average loss over 4 updates: 1.1361
Round 82 took 0.26256799697875977s, results:
{'t': 81, 'current_accuracy': 0.57421875, 'current_loss': 1.2152418494224548, 'train_loss': 1.136065423488617, 'decision': 1, 'drift_rate': 0.0, 'target_domains': ['photo']}
Round 83 took 0.12767314910888672s, results:
{'t': 82, 'current_accuracy': 0.56640625, 'current_loss': 1.188707709312439, 'train_loss': None, 'decision': 0, 'drift_rate': 0.0, 'target_domains': ['photo']}
Round 84 took 0.12776947021484375s, results:
{'t': 83, 'current_accuracy': 0.56640625, 'current_loss': 1.1887076497077942, 'train_loss': None, 'decision': 0, 'drift_rate': 0.0, 'target_domains': ['photo']}
Round 85 took 0.12769651412963867s, results:
{'t': 84, 'current_accuracy': 0.56640625, 'current_loss': 1.188707709312439, 'train_loss': None, 'decision': 0, 'drift_rate': 0.0, 'target_domains': ['photo']}
Average loss over 4 updates: 1.0932
Round 86 took 0.2593417167663574s, results:
{'t': 85, 'current_accuracy': 0.56640625, 'current_loss': 1.1887076497077942, 'train_loss': 1.0932153463363647, 'decision': 1, 'drift_rate': 0.0, 'target_domains': ['photo']}
Round 87 took 0.12766170501708984s, results:
{'t': 86, 'current_accuracy': 0.59765625, 'current_loss': 1.1131482124328613, 'train_loss': None, 'decision': 0, 'drift_rate': 0.0, 'target_domains': ['photo']}
Round 88 took 0.127577543258667s, results:
{'t': 87, 'current_accuracy': 0.59765625, 'current_loss': 1.1131480932235718, 'train_loss': None, 'decision': 0, 'drift_rate': 0.0, 'target_domains': ['photo']}
Round 89 took 0.12770605087280273s, results:
{'t': 88, 'current_accuracy': 0.59765625, 'current_loss': 1.1131482124328613, 'train_loss': None, 'decision': 0, 'drift_rate': 0.0, 'target_domains': ['photo']}
Average loss over 4 updates: 1.0517
Round 90 took 0.25930118560791016s, results:
{'t': 89, 'current_accuracy': 0.59765625, 'current_loss': 1.1131482124328613, 'train_loss': 1.0517298430204391, 'decision': 1, 'drift_rate': 0.0, 'target_domains': ['photo']}
Round 91 took 0.1277322769165039s, results:
{'t': 90, 'current_accuracy': 0.609375, 'current_loss': 1.072763204574585, 'train_loss': None, 'decision': 0, 'drift_rate': 0.0, 'target_domains': ['photo']}
Round 92 took 0.1273643970489502s, results:
{'t': 91, 'current_accuracy': 0.609375, 'current_loss': 1.0727630257606506, 'train_loss': None, 'decision': 0, 'drift_rate': 0.0, 'target_domains': ['photo']}
Round 93 took 0.12751388549804688s, results:
{'t': 92, 'current_accuracy': 0.609375, 'current_loss': 1.0727630257606506, 'train_loss': None, 'decision': 0, 'drift_rate': 0.0, 'target_domains': ['photo']}
Round 94 took 0.12751340866088867s, results:
{'t': 93, 'current_accuracy': 0.609375, 'current_loss': 1.0727631449699402, 'train_loss': None, 'decision': 0, 'drift_rate': 0.0, 'target_domains': ['photo']}
Round 95 took 0.12959671020507812s, results:
{'t': 94, 'current_accuracy': 0.609375, 'current_loss': 1.0727629959583282, 'train_loss': None, 'decision': 0, 'drift_rate': 0.0, 'target_domains': ['photo']}
Round 96 took 0.12755537033081055s, results:
{'t': 95, 'current_accuracy': 0.609375, 'current_loss': 1.0727630853652954, 'train_loss': None, 'decision': 0, 'drift_rate': 0.0, 'target_domains': ['photo']}
Average loss over 4 updates: 0.9580
Round 97 took 0.25919437408447266s, results:
{'t': 96, 'current_accuracy': 0.609375, 'current_loss': 1.0727631449699402, 'train_loss': 0.9579906910657883, 'decision': 1, 'drift_rate': 0.0, 'target_domains': ['photo']}
Round 98 took 0.12759757041931152s, results:
{'t': 97, 'current_accuracy': 0.62890625, 'current_loss': 1.0405430793762207, 'train_loss': None, 'decision': 0, 'drift_rate': 0.0, 'target_domains': ['photo']}
Average loss over 4 updates: 0.9505
Round 99 took 0.2593114376068115s, results:
{'t': 98, 'current_accuracy': 0.62890625, 'current_loss': 1.040543019771576, 'train_loss': 0.9504613876342773, 'decision': 1, 'drift_rate': 0.0, 'target_domains': ['photo']}
Round 100 took 0.12770915031433105s, results:
{'t': 99, 'current_accuracy': 0.640625, 'current_loss': 1.0024175345897675, 'train_loss': None, 'decision': 0, 'drift_rate': 0.0, 'target_domains': ['photo']}
Round 101 took 0.1275031566619873s, results:
{'t': 100, 'current_accuracy': 0.640625, 'current_loss': 1.002417504787445, 'train_loss': None, 'decision': 0, 'drift_rate': 0.0, 'target_domains': ['photo']}
Round 102 took 0.12758183479309082s, results:
{'t': 101, 'current_accuracy': 0.640625, 'current_loss': 1.0024176239967346, 'train_loss': None, 'decision': 0, 'drift_rate': 0.0, 'target_domains': ['photo']}
Round 103 took 0.1276538372039795s, results:
{'t': 102, 'current_accuracy': 0.640625, 'current_loss': 1.0024175345897675, 'train_loss': None, 'decision': 0, 'drift_rate': 0.0, 'target_domains': ['photo']}
Round 104 took 0.12761139869689941s, results:
{'t': 103, 'current_accuracy': 0.640625, 'current_loss': 1.002417504787445, 'train_loss': None, 'decision': 0, 'drift_rate': 0.0, 'target_domains': ['photo']}
Round 105 took 0.12763738632202148s, results:
{'t': 104, 'current_accuracy': 0.640625, 'current_loss': 1.0024176239967346, 'train_loss': None, 'decision': 0, 'drift_rate': 0.0, 'target_domains': ['photo']}
Round 106 took 0.1305384635925293s, results:
{'t': 105, 'current_accuracy': 0.49609375, 'current_loss': 1.6797730326652527, 'train_loss': None, 'decision': 0, 'drift_rate': 0.4, 'target_domains': ['cartoon']}
Average loss over 4 updates: 2.1174
Round 107 took 0.2718958854675293s, results:
{'t': 106, 'current_accuracy': 0.2734375, 'current_loss': 2.551219344139099, 'train_loss': 2.117398738861084, 'decision': 1, 'drift_rate': 0.4, 'target_domains': ['cartoon']}
Round 108 took 0.12948179244995117s, results:
{'t': 107, 'current_accuracy': 0.40234375, 'current_loss': 1.7636587023735046, 'train_loss': None, 'decision': 0, 'drift_rate': 0.4, 'target_domains': ['cartoon']}
Round 109 took 0.1278367042541504s, results:
{'t': 108, 'current_accuracy': 0.40234375, 'current_loss': 1.763658583164215, 'train_loss': None, 'decision': 0, 'drift_rate': 0.0, 'target_domains': ['cartoon']}
Round 110 took 0.12777209281921387s, results:
{'t': 109, 'current_accuracy': 0.40234375, 'current_loss': 1.7636587023735046, 'train_loss': None, 'decision': 0, 'drift_rate': 0.0, 'target_domains': ['cartoon']}
Round 111 took 0.127946138381958s, results:
{'t': 110, 'current_accuracy': 0.40234375, 'current_loss': 1.7636586427688599, 'train_loss': None, 'decision': 0, 'drift_rate': 0.0, 'target_domains': ['cartoon']}
Round 112 took 0.12801766395568848s, results:
{'t': 111, 'current_accuracy': 0.40234375, 'current_loss': 1.7636588215827942, 'train_loss': None, 'decision': 0, 'drift_rate': 0.0, 'target_domains': ['cartoon']}
Round 113 took 0.1280815601348877s, results:
{'t': 112, 'current_accuracy': 0.40234375, 'current_loss': 1.763658583164215, 'train_loss': None, 'decision': 0, 'drift_rate': 0.0, 'target_domains': ['cartoon']}
Round 114 took 0.1279761791229248s, results:
{'t': 113, 'current_accuracy': 0.40234375, 'current_loss': 1.763658583164215, 'train_loss': None, 'decision': 0, 'drift_rate': 0.0, 'target_domains': ['cartoon']}
Round 115 took 0.12774944305419922s, results:
{'t': 114, 'current_accuracy': 0.40234375, 'current_loss': 1.7636586427688599, 'train_loss': None, 'decision': 0, 'drift_rate': 0.0, 'target_domains': ['cartoon']}
Round 116 took 0.12801361083984375s, results:
{'t': 115, 'current_accuracy': 0.40234375, 'current_loss': 1.7636587619781494, 'train_loss': None, 'decision': 0, 'drift_rate': 0.0, 'target_domains': ['cartoon']}
Average loss over 4 updates: 1.7163
Round 117 took 0.2647969722747803s, results:
{'t': 116, 'current_accuracy': 0.40234375, 'current_loss': 1.7636587619781494, 'train_loss': 1.7162774205207825, 'decision': 1, 'drift_rate': 0.0, 'target_domains': ['cartoon']}
Average loss over 4 updates: 1.5595
Round 118 took 0.26301026344299316s, results:
{'t': 117, 'current_accuracy': 0.43359375, 'current_loss': 1.5936729907989502, 'train_loss': 1.559492975473404, 'decision': 1, 'drift_rate': 0.0, 'target_domains': ['cartoon']}
Average loss over 4 updates: 1.4928
Round 119 took 0.2673032283782959s, results:
{'t': 118, 'current_accuracy': 0.4296875, 'current_loss': 1.5281357169151306, 'train_loss': 1.4927659332752228, 'decision': 1, 'drift_rate': 0.0, 'target_domains': ['cartoon']}
Round 120 took 0.12900352478027344s, results:
{'t': 119, 'current_accuracy': 0.48046875, 'current_loss': 1.4719188213348389, 'train_loss': None, 'decision': 0, 'drift_rate': 0.0, 'target_domains': ['cartoon']}
Round 121 took 0.12767648696899414s, results:
{'t': 120, 'current_accuracy': 0.48046875, 'current_loss': 1.4719189405441284, 'train_loss': None, 'decision': 0, 'drift_rate': 0.0, 'target_domains': ['cartoon']}
Round 122 took 0.12775373458862305s, results:
{'t': 121, 'current_accuracy': 0.48046875, 'current_loss': 1.471919059753418, 'train_loss': None, 'decision': 0, 'drift_rate': 0.0, 'target_domains': ['cartoon']}
Round 123 took 0.12783002853393555s, results:
{'t': 122, 'current_accuracy': 0.48046875, 'current_loss': 1.4719189405441284, 'train_loss': None, 'decision': 0, 'drift_rate': 0.0, 'target_domains': ['cartoon']}
Round 124 took 0.12801480293273926s, results:
{'t': 123, 'current_accuracy': 0.48046875, 'current_loss': 1.471919059753418, 'train_loss': None, 'decision': 0, 'drift_rate': 0.0, 'target_domains': ['cartoon']}
Average loss over 4 updates: 1.4510
Round 125 took 0.2613821029663086s, results:
{'t': 124, 'current_accuracy': 0.48046875, 'current_loss': 1.4719189405441284, 'train_loss': 1.4509727358818054, 'decision': 1, 'drift_rate': 0.0, 'target_domains': ['cartoon']}
Round 126 took 0.12805962562561035s, results:
{'t': 125, 'current_accuracy': 0.5078125, 'current_loss': 1.440817952156067, 'train_loss': None, 'decision': 0, 'drift_rate': 0.0, 'target_domains': ['cartoon']}
Average loss over 4 updates: 1.3538
Round 127 took 0.26069164276123047s, results:
{'t': 126, 'current_accuracy': 0.5078125, 'current_loss': 1.4408178329467773, 'train_loss': 1.3537660241127014, 'decision': 1, 'drift_rate': 0.0, 'target_domains': ['cartoon']}
Round 128 took 0.1277775764465332s, results:
{'t': 127, 'current_accuracy': 0.53125, 'current_loss': 1.3347346186637878, 'train_loss': None, 'decision': 0, 'drift_rate': 0.0, 'target_domains': ['cartoon']}
Round 129 took 0.12759852409362793s, results:
{'t': 128, 'current_accuracy': 0.53125, 'current_loss': 1.334734559059143, 'train_loss': None, 'decision': 0, 'drift_rate': 0.0, 'target_domains': ['cartoon']}
Round 130 took 0.12777352333068848s, results:
{'t': 129, 'current_accuracy': 0.53125, 'current_loss': 1.3347346186637878, 'train_loss': None, 'decision': 0, 'drift_rate': 0.0, 'target_domains': ['cartoon']}
Round 131 took 0.1276226043701172s, results:
{'t': 130, 'current_accuracy': 0.53125, 'current_loss': 1.334734559059143, 'train_loss': None, 'decision': 0, 'drift_rate': 0.0, 'target_domains': ['cartoon']}
Round 132 took 0.1278829574584961s, results:
{'t': 131, 'current_accuracy': 0.53125, 'current_loss': 1.3347346782684326, 'train_loss': None, 'decision': 0, 'drift_rate': 0.0, 'target_domains': ['cartoon']}
Round 133 took 0.12784981727600098s, results:
{'t': 132, 'current_accuracy': 0.53125, 'current_loss': 1.3347346782684326, 'train_loss': None, 'decision': 0, 'drift_rate': 0.0, 'target_domains': ['cartoon']}
Round 134 took 0.12789511680603027s, results:
{'t': 133, 'current_accuracy': 0.53125, 'current_loss': 1.334734559059143, 'train_loss': None, 'decision': 0, 'drift_rate': 0.0, 'target_domains': ['cartoon']}
Round 135 took 0.12766695022583008s, results:
{'t': 134, 'current_accuracy': 0.53125, 'current_loss': 1.3347346782684326, 'train_loss': None, 'decision': 0, 'drift_rate': 0.0, 'target_domains': ['cartoon']}
Round 136 took 0.1303253173828125s, results:
{'t': 135, 'current_accuracy': 0.53125, 'current_loss': 1.3347347378730774, 'train_loss': None, 'decision': 0, 'drift_rate': 0.0, 'target_domains': ['cartoon']}
Round 137 took 0.128159761428833s, results:
{'t': 136, 'current_accuracy': 0.53125, 'current_loss': 1.3347346782684326, 'train_loss': None, 'decision': 0, 'drift_rate': 0.0, 'target_domains': ['cartoon']}
Round 138 took 0.1278514862060547s, results:
{'t': 137, 'current_accuracy': 0.53125, 'current_loss': 1.334734559059143, 'train_loss': None, 'decision': 0, 'drift_rate': 0.0, 'target_domains': ['cartoon']}
Round 139 took 0.1275956630706787s, results:
{'t': 138, 'current_accuracy': 0.53125, 'current_loss': 1.3347346186637878, 'train_loss': None, 'decision': 0, 'drift_rate': 0.0, 'target_domains': ['cartoon']}
Round 140 took 0.12783288955688477s, results:
{'t': 139, 'current_accuracy': 0.53125, 'current_loss': 1.3347346782684326, 'train_loss': None, 'decision': 0, 'drift_rate': 0.0, 'target_domains': ['cartoon']}
Round 141 took 0.12760281562805176s, results:
{'t': 140, 'current_accuracy': 0.53125, 'current_loss': 1.3347344994544983, 'train_loss': None, 'decision': 0, 'drift_rate': 0.0, 'target_domains': ['cartoon']}
Round 142 took 0.12760186195373535s, results:
{'t': 141, 'current_accuracy': 0.53125, 'current_loss': 1.3347346186637878, 'train_loss': None, 'decision': 0, 'drift_rate': 0.0, 'target_domains': ['cartoon']}
Round 143 took 0.12784576416015625s, results:
{'t': 142, 'current_accuracy': 0.53125, 'current_loss': 1.334734559059143, 'train_loss': None, 'decision': 0, 'drift_rate': 0.0, 'target_domains': ['cartoon']}
Round 144 took 0.12781953811645508s, results:
{'t': 143, 'current_accuracy': 0.53125, 'current_loss': 1.3347346782684326, 'train_loss': None, 'decision': 0, 'drift_rate': 0.0, 'target_domains': ['cartoon']}
Round 145 took 0.12764930725097656s, results:
{'t': 144, 'current_accuracy': 0.53125, 'current_loss': 1.3347346782684326, 'train_loss': None, 'decision': 0, 'drift_rate': 0.0, 'target_domains': ['cartoon']}
Average loss over 4 updates: 1.3163
Round 146 took 0.2613821029663086s, results:
{'t': 145, 'current_accuracy': 0.53125, 'current_loss': 1.3347346186637878, 'train_loss': 1.316271960735321, 'decision': 1, 'drift_rate': 0.0, 'target_domains': ['cartoon']}
Round 147 took 0.12813925743103027s, results:
{'t': 146, 'current_accuracy': 0.5390625, 'current_loss': 1.3153001070022583, 'train_loss': None, 'decision': 0, 'drift_rate': 0.0, 'target_domains': ['cartoon']}
Round 148 took 0.12789058685302734s, results:
{'t': 147, 'current_accuracy': 0.5390625, 'current_loss': 1.3153001070022583, 'train_loss': None, 'decision': 0, 'drift_rate': 0.0, 'target_domains': ['cartoon']}
Round 149 took 0.12777161598205566s, results:
{'t': 148, 'current_accuracy': 0.5390625, 'current_loss': 1.315300166606903, 'train_loss': None, 'decision': 0, 'drift_rate': 0.0, 'target_domains': ['cartoon']}
Round 150 took 0.12775969505310059s, results:
{'t': 149, 'current_accuracy': 0.5390625, 'current_loss': 1.315300166606903, 'train_loss': None, 'decision': 0, 'drift_rate': 0.0, 'target_domains': ['cartoon']}
Round 151 took 0.1276545524597168s, results:
{'t': 150, 'current_accuracy': 0.5390625, 'current_loss': 1.3153001070022583, 'train_loss': None, 'decision': 0, 'drift_rate': 0.0, 'target_domains': ['cartoon']}
Round 152 took 0.1277763843536377s, results:
{'t': 151, 'current_accuracy': 0.5390625, 'current_loss': 1.3153001070022583, 'train_loss': None, 'decision': 0, 'drift_rate': 0.0, 'target_domains': ['cartoon']}
Round 153 took 0.12771344184875488s, results:
{'t': 152, 'current_accuracy': 0.5390625, 'current_loss': 1.315300166606903, 'train_loss': None, 'decision': 0, 'drift_rate': 0.0, 'target_domains': ['cartoon']}
Round 154 took 0.13063764572143555s, results:
{'t': 153, 'current_accuracy': 0.5390625, 'current_loss': 1.315300166606903, 'train_loss': None, 'decision': 0, 'drift_rate': 0.0, 'target_domains': ['cartoon']}
Average loss over 4 updates: 1.3119
Round 155 took 0.2655034065246582s, results:
{'t': 154, 'current_accuracy': 0.5390625, 'current_loss': 1.3153002262115479, 'train_loss': 1.3118899464607239, 'decision': 1, 'drift_rate': 0.0, 'target_domains': ['cartoon']}
Round 156 took 0.12844491004943848s, results:
{'t': 155, 'current_accuracy': 0.5625, 'current_loss': 1.2530866265296936, 'train_loss': None, 'decision': 0, 'drift_rate': 0.0, 'target_domains': ['cartoon']}
Round 157 took 0.12822723388671875s, results:
{'t': 156, 'current_accuracy': 0.5625, 'current_loss': 1.2530865669250488, 'train_loss': None, 'decision': 0, 'drift_rate': 0.0, 'target_domains': ['cartoon']}
Round 158 took 0.12807106971740723s, results:
{'t': 157, 'current_accuracy': 0.5625, 'current_loss': 1.2530866265296936, 'train_loss': None, 'decision': 0, 'drift_rate': 0.0, 'target_domains': ['cartoon']}
Round 159 took 0.12800955772399902s, results:
{'t': 158, 'current_accuracy': 0.5625, 'current_loss': 1.2530866265296936, 'train_loss': None, 'decision': 0, 'drift_rate': 0.0, 'target_domains': ['cartoon']}
Round 160 took 0.12789630889892578s, results:
{'t': 159, 'current_accuracy': 0.5625, 'current_loss': 1.253086507320404, 'train_loss': None, 'decision': 0, 'drift_rate': 0.0, 'target_domains': ['cartoon']}
Round 161 took 0.12844610214233398s, results:
{'t': 160, 'current_accuracy': 0.5625, 'current_loss': 1.2530865669250488, 'train_loss': None, 'decision': 0, 'drift_rate': 0.0, 'target_domains': ['cartoon']}
Round 162 took 0.12926602363586426s, results:
{'t': 161, 'current_accuracy': 0.5625, 'current_loss': 1.253086507320404, 'train_loss': None, 'decision': 0, 'drift_rate': 0.0, 'target_domains': ['cartoon']}
Round 163 took 0.12761449813842773s, results:
{'t': 162, 'current_accuracy': 0.5625, 'current_loss': 1.2530864477157593, 'train_loss': None, 'decision': 0, 'drift_rate': 0.0, 'target_domains': ['cartoon']}
Round 164 took 0.12725067138671875s, results:
{'t': 163, 'current_accuracy': 0.5625, 'current_loss': 1.2530864477157593, 'train_loss': None, 'decision': 0, 'drift_rate': 0.0, 'target_domains': ['cartoon']}
Round 165 took 0.1273491382598877s, results:
{'t': 164, 'current_accuracy': 0.5625, 'current_loss': 1.2530865669250488, 'train_loss': None, 'decision': 0, 'drift_rate': 0.0, 'target_domains': ['cartoon']}
Average loss over 4 updates: 1.6185
Round 166 took 0.2701535224914551s, results:
{'t': 165, 'current_accuracy': 0.41796875, 'current_loss': 1.7101083397865295, 'train_loss': 1.6184897720813751, 'decision': 1, 'drift_rate': 0.4, 'target_domains': ['sketch']}
Round 167 took 0.13120651245117188s, results:
{'t': 166, 'current_accuracy': 0.3515625, 'current_loss': 1.7193514108657837, 'train_loss': None, 'decision': 0, 'drift_rate': 0.4, 'target_domains': ['sketch']}
Round 168 took 0.12904834747314453s, results:
{'t': 167, 'current_accuracy': 0.26953125, 'current_loss': 1.8102329969406128, 'train_loss': None, 'decision': 0, 'drift_rate': 0.4, 'target_domains': ['sketch']}
Round 169 took 0.12696123123168945s, results:
{'t': 168, 'current_accuracy': 0.26953125, 'current_loss': 1.8102329969406128, 'train_loss': None, 'decision': 0, 'drift_rate': 0.0, 'target_domains': ['sketch']}
Round 170 took 0.1269855499267578s, results:
{'t': 169, 'current_accuracy': 0.26953125, 'current_loss': 1.8102328777313232, 'train_loss': None, 'decision': 0, 'drift_rate': 0.0, 'target_domains': ['sketch']}
Average loss over 4 updates: 1.7718
Round 171 took 0.27456021308898926s, results:
{'t': 170, 'current_accuracy': 0.26953125, 'current_loss': 1.8102332949638367, 'train_loss': 1.771780550479889, 'decision': 1, 'drift_rate': 0.0, 'target_domains': ['sketch']}
Round 172 took 0.12823796272277832s, results:
{'t': 171, 'current_accuracy': 0.2734375, 'current_loss': 2.0063923597335815, 'train_loss': None, 'decision': 0, 'drift_rate': 0.0, 'target_domains': ['sketch']}
Round 173 took 0.1274731159210205s, results:
{'t': 172, 'current_accuracy': 0.2734375, 'current_loss': 2.006392240524292, 'train_loss': None, 'decision': 0, 'drift_rate': 0.0, 'target_domains': ['sketch']}
Round 174 took 0.12789678573608398s, results:
{'t': 173, 'current_accuracy': 0.2734375, 'current_loss': 2.0063924193382263, 'train_loss': None, 'decision': 0, 'drift_rate': 0.0, 'target_domains': ['sketch']}
Round 175 took 0.1276402473449707s, results:
{'t': 174, 'current_accuracy': 0.2734375, 'current_loss': 2.0063921213150024, 'train_loss': None, 'decision': 0, 'drift_rate': 0.0, 'target_domains': ['sketch']}
Round 176 took 0.12750244140625s, results:
{'t': 175, 'current_accuracy': 0.2734375, 'current_loss': 2.0063923597335815, 'train_loss': None, 'decision': 0, 'drift_rate': 0.0, 'target_domains': ['sketch']}
Round 177 took 0.12740206718444824s, results:
{'t': 176, 'current_accuracy': 0.2734375, 'current_loss': 2.0063923597335815, 'train_loss': None, 'decision': 0, 'drift_rate': 0.0, 'target_domains': ['sketch']}
Round 178 took 0.12743639945983887s, results:
{'t': 177, 'current_accuracy': 0.2734375, 'current_loss': 2.0063923001289368, 'train_loss': None, 'decision': 0, 'drift_rate': 0.0, 'target_domains': ['sketch']}
Round 179 took 0.1281898021697998s, results:
{'t': 178, 'current_accuracy': 0.2734375, 'current_loss': 2.006392478942871, 'train_loss': None, 'decision': 0, 'drift_rate': 0.0, 'target_domains': ['sketch']}
Round 180 took 0.1288905143737793s, results:
{'t': 179, 'current_accuracy': 0.2734375, 'current_loss': 2.0063924193382263, 'train_loss': None, 'decision': 0, 'drift_rate': 0.0, 'target_domains': ['sketch']}
Round 181 took 0.12700319290161133s, results:
{'t': 180, 'current_accuracy': 0.2734375, 'current_loss': 2.0063924193382263, 'train_loss': None, 'decision': 0, 'drift_rate': 0.0, 'target_domains': ['sketch']}
Round 182 took 0.12690520286560059s, results:
{'t': 181, 'current_accuracy': 0.2734375, 'current_loss': 2.0063923597335815, 'train_loss': None, 'decision': 0, 'drift_rate': 0.0, 'target_domains': ['sketch']}
Average loss over 4 updates: 1.9367
Round 183 took 0.2646052837371826s, results:
{'t': 182, 'current_accuracy': 0.2734375, 'current_loss': 2.006392180919647, 'train_loss': 1.9366821646690369, 'decision': 1, 'drift_rate': 0.0, 'target_domains': ['sketch']}
Round 184 took 0.12700510025024414s, results:
{'t': 183, 'current_accuracy': 0.34375, 'current_loss': 1.6128885746002197, 'train_loss': None, 'decision': 0, 'drift_rate': 0.0, 'target_domains': ['sketch']}
Round 185 took 0.12686610221862793s, results:
{'t': 184, 'current_accuracy': 0.34375, 'current_loss': 1.612888514995575, 'train_loss': None, 'decision': 0, 'drift_rate': 0.0, 'target_domains': ['sketch']}
Round 186 took 0.12820076942443848s, results:
{'t': 185, 'current_accuracy': 0.34375, 'current_loss': 1.6128885746002197, 'train_loss': None, 'decision': 0, 'drift_rate': 0.0, 'target_domains': ['sketch']}
Round 187 took 0.12908625602722168s, results:
{'t': 186, 'current_accuracy': 0.34375, 'current_loss': 1.6128884553909302, 'train_loss': None, 'decision': 0, 'drift_rate': 0.0, 'target_domains': ['sketch']}
Round 188 took 0.12823247909545898s, results:
{'t': 187, 'current_accuracy': 0.34375, 'current_loss': 1.6128886342048645, 'train_loss': None, 'decision': 0, 'drift_rate': 0.0, 'target_domains': ['sketch']}
Round 189 took 0.13167977333068848s, results:
{'t': 188, 'current_accuracy': 0.34375, 'current_loss': 1.6128886938095093, 'train_loss': None, 'decision': 0, 'drift_rate': 0.0, 'target_domains': ['sketch']}
Round 190 took 0.12720489501953125s, results:
{'t': 189, 'current_accuracy': 0.34375, 'current_loss': 1.6128885746002197, 'train_loss': None, 'decision': 0, 'drift_rate': 0.0, 'target_domains': ['sketch']}
Average loss over 4 updates: 1.5422
Round 191 took 0.26874446868896484s, results:
{'t': 190, 'current_accuracy': 0.34375, 'current_loss': 1.6128885746002197, 'train_loss': 1.5422369241714478, 'decision': 1, 'drift_rate': 0.0, 'target_domains': ['sketch']}
Round 192 took 0.12947559356689453s, results:
{'t': 191, 'current_accuracy': 0.35546875, 'current_loss': 1.5257989168167114, 'train_loss': None, 'decision': 0, 'drift_rate': 0.0, 'target_domains': ['sketch']}
Round 193 took 0.12755203247070312s, results:
{'t': 192, 'current_accuracy': 0.35546875, 'current_loss': 1.5257989764213562, 'train_loss': None, 'decision': 0, 'drift_rate': 0.0, 'target_domains': ['sketch']}
Round 194 took 0.12731695175170898s, results:
{'t': 193, 'current_accuracy': 0.35546875, 'current_loss': 1.525799036026001, 'train_loss': None, 'decision': 0, 'drift_rate': 0.0, 'target_domains': ['sketch']}
Round 195 took 0.12696242332458496s, results:
{'t': 194, 'current_accuracy': 0.35546875, 'current_loss': 1.5257989764213562, 'train_loss': None, 'decision': 0, 'drift_rate': 0.0, 'target_domains': ['sketch']}
Round 196 took 0.12654709815979004s, results:
{'t': 195, 'current_accuracy': 0.35546875, 'current_loss': 1.5257989764213562, 'train_loss': None, 'decision': 0, 'drift_rate': 0.0, 'target_domains': ['sketch']}
Round 197 took 0.12752866744995117s, results:
{'t': 196, 'current_accuracy': 0.35546875, 'current_loss': 1.5257989764213562, 'train_loss': None, 'decision': 0, 'drift_rate': 0.0, 'target_domains': ['sketch']}
Round 198 took 0.12876224517822266s, results:
{'t': 197, 'current_accuracy': 0.35546875, 'current_loss': 1.5257990956306458, 'train_loss': None, 'decision': 0, 'drift_rate': 0.0, 'target_domains': ['sketch']}
Round 199 took 0.1261122226715088s, results:
{'t': 198, 'current_accuracy': 0.35546875, 'current_loss': 1.5257989764213562, 'train_loss': None, 'decision': 0, 'drift_rate': 0.0, 'target_domains': ['sketch']}
Average loss over 4 updates: 1.5159
Round 200 took 0.2595093250274658s, results:
{'t': 199, 'current_accuracy': 0.35546875, 'current_loss': 1.5257987976074219, 'train_loss': 1.5159155428409576, 'decision': 1, 'drift_rate': 0.0, 'target_domains': ['sketch']}
Average time per round: 0.14459372997283937
Total time: 28.91874599456787
