Device: cuda
CUDA Version: 12.1
cuDNN Version: 8902
PyTorch Version: 2.3.0

Model used: PACSCNN_4
Initial dataset creation
Initial dataset creation
Initial loss: 0.125986710190773
<__main__.Policy object at 0x14efe98a1e50>
0.125986710190773
0.0 []
Loss historical diff: 0.09316085651516914; Loss Difference: 0.0, Decision: 1
Average loss over 5 updates: 0.2201
Round 1 took 5.704235553741455s, results:
{'t': 0, 'current_accuracy': 0.9296875, 'current_loss': 0.21914756670594215, 'train_loss': 0.22009294033050536, 'decision': 1, 'drift_rate': 0.0, 'target_domains': ['photo']}
0.0 []
Loss historical diff: 0.2072131633758545; Loss Difference: 0.0, Decision: 1
Average loss over 5 updates: 0.1492
Round 2 took 5.607251167297363s, results:
{'t': 1, 'current_accuracy': 0.91015625, 'current_loss': 0.3331998735666275, 'train_loss': 0.14924875497817994, 'decision': 1, 'drift_rate': 0.0, 'target_domains': ['photo']}
0.0 []
Loss historical diff: 0.28133724629879; Loss Difference: 0.0, Decision: 1
Average loss over 5 updates: 0.0816
Round 3 took 5.452205419540405s, results:
{'t': 2, 'current_accuracy': 0.8984375, 'current_loss': 0.407323956489563, 'train_loss': 0.081595978140831, 'decision': 1, 'drift_rate': 0.0, 'target_domains': ['photo']}
0.0 []
Loss historical diff: 0.04321689158678055; Loss Difference: 0.0, Decision: 0
Round 4 took 3.6138644218444824s, results:
{'t': 3, 'current_accuracy': 0.953125, 'current_loss': 0.16920360177755356, 'train_loss': None, 'decision': 0, 'drift_rate': 0.0, 'target_domains': ['photo']}
0.0 []
Loss historical diff: 0.04321684688329697; Loss Difference: 0.0, Decision: 0
Round 5 took 3.4900147914886475s, results:
{'t': 4, 'current_accuracy': 0.953125, 'current_loss': 0.16920355707406998, 'train_loss': None, 'decision': 0, 'drift_rate': 0.0, 'target_domains': ['photo']}
0.0 []
Loss historical diff: 0.04321683943271637; Loss Difference: 0.0, Decision: 0
Round 6 took 3.455235481262207s, results:
{'t': 5, 'current_accuracy': 0.953125, 'current_loss': 0.16920354962348938, 'train_loss': None, 'decision': 0, 'drift_rate': 0.0, 'target_domains': ['photo']}
0.0 []
Loss historical diff: 0.043216826394200325; Loss Difference: 0.0, Decision: 0
Round 7 took 3.427286148071289s, results:
{'t': 6, 'current_accuracy': 0.953125, 'current_loss': 0.16920353658497334, 'train_loss': None, 'decision': 0, 'drift_rate': 0.0, 'target_domains': ['photo']}
0.0 []
Loss historical diff: 0.04321686178445816; Loss Difference: 0.0, Decision: 0
Round 8 took 3.5204946994781494s, results:
{'t': 7, 'current_accuracy': 0.953125, 'current_loss': 0.16920357197523117, 'train_loss': None, 'decision': 0, 'drift_rate': 0.0, 'target_domains': ['photo']}
0.0 []
Loss historical diff: 0.04321686923503876; Loss Difference: 0.0, Decision: 0
Round 9 took 3.477381467819214s, results:
{'t': 8, 'current_accuracy': 0.953125, 'current_loss': 0.16920357942581177, 'train_loss': None, 'decision': 0, 'drift_rate': 0.0, 'target_domains': ['photo']}
0.0 []
Loss historical diff: 0.0432167649269104; Loss Difference: 0.0, Decision: 0
Round 10 took 3.5948941707611084s, results:
{'t': 9, 'current_accuracy': 0.953125, 'current_loss': 0.1692034751176834, 'train_loss': None, 'decision': 0, 'drift_rate': 0.0, 'target_domains': ['photo']}
0.0 []
Loss historical diff: 0.04321686923503876; Loss Difference: 0.0, Decision: 0
Round 11 took 3.532335042953491s, results:
{'t': 10, 'current_accuracy': 0.953125, 'current_loss': 0.16920357942581177, 'train_loss': None, 'decision': 0, 'drift_rate': 0.0, 'target_domains': ['photo']}
0.0 []
Loss historical diff: 0.04321686178445816; Loss Difference: 0.0, Decision: 0
Round 12 took 3.5912435054779053s, results:
{'t': 11, 'current_accuracy': 0.953125, 'current_loss': 0.16920357197523117, 'train_loss': None, 'decision': 0, 'drift_rate': 0.0, 'target_domains': ['photo']}
0.0 []
Loss historical diff: 0.04321684315800667; Loss Difference: 0.0, Decision: 0
Round 13 took 3.631887197494507s, results:
{'t': 12, 'current_accuracy': 0.953125, 'current_loss': 0.16920355334877968, 'train_loss': None, 'decision': 0, 'drift_rate': 0.0, 'target_domains': ['photo']}
0.0 []
Loss historical diff: 0.04321684688329697; Loss Difference: 0.0, Decision: 0
Round 14 took 3.6322691440582275s, results:
{'t': 13, 'current_accuracy': 0.953125, 'current_loss': 0.16920355707406998, 'train_loss': None, 'decision': 0, 'drift_rate': 0.0, 'target_domains': ['photo']}
0.0 []
Loss historical diff: 0.04321686923503876; Loss Difference: 0.0, Decision: 0
Round 15 took 3.4342122077941895s, results:
{'t': 14, 'current_accuracy': 0.953125, 'current_loss': 0.16920357942581177, 'train_loss': None, 'decision': 0, 'drift_rate': 0.0, 'target_domains': ['photo']}
0.0 []
Loss historical diff: 0.04321685805916786; Loss Difference: 0.0, Decision: 0
Round 16 took 3.4943559169769287s, results:
{'t': 15, 'current_accuracy': 0.953125, 'current_loss': 0.16920356824994087, 'train_loss': None, 'decision': 0, 'drift_rate': 0.0, 'target_domains': ['photo']}
0.0 []
Loss historical diff: 0.04321686178445816; Loss Difference: 0.0, Decision: 1
Average loss over 5 updates: 0.0662
Round 17 took 5.759565591812134s, results:
{'t': 16, 'current_accuracy': 0.953125, 'current_loss': 0.16920357197523117, 'train_loss': 0.06618710681796074, 'decision': 1, 'drift_rate': 0.0, 'target_domains': ['photo']}
0.0 []
Loss historical diff: 0.08614223822951317; Loss Difference: 0.0, Decision: 1
Average loss over 5 updates: 0.0689
Round 18 took 5.607140779495239s, results:
{'t': 17, 'current_accuracy': 0.91796875, 'current_loss': 0.21212894842028618, 'train_loss': 0.06894674561917782, 'decision': 1, 'drift_rate': 0.0, 'target_domains': ['photo']}
0.0 []
Loss historical diff: 0.0; Loss Difference: 0.0, Decision: 0
Round 19 took 3.7904739379882812s, results:
{'t': 18, 'current_accuracy': 0.97265625, 'current_loss': 0.11897639185190201, 'train_loss': None, 'decision': 0, 'drift_rate': 0.0, 'target_domains': ['photo']}
0.0 []
Loss historical diff: 7.450580596923828e-09; Loss Difference: 0.0, Decision: 0
Round 20 took 3.4845073223114014s, results:
{'t': 19, 'current_accuracy': 0.97265625, 'current_loss': 0.1189763993024826, 'train_loss': None, 'decision': 0, 'drift_rate': 0.0, 'target_domains': ['photo']}
0.0 []
Loss historical diff: 3.725290298461914e-09; Loss Difference: 0.0, Decision: 0
Round 21 took 3.378711223602295s, results:
{'t': 20, 'current_accuracy': 0.97265625, 'current_loss': 0.1189763955771923, 'train_loss': None, 'decision': 0, 'drift_rate': 0.0, 'target_domains': ['photo']}
0.0 []
Loss historical diff: 1.6763806343078613e-08; Loss Difference: 0.0, Decision: 0
Round 22 took 3.617604970932007s, results:
{'t': 21, 'current_accuracy': 0.97265625, 'current_loss': 0.11897640861570835, 'train_loss': None, 'decision': 0, 'drift_rate': 0.0, 'target_domains': ['photo']}
0.0 []
Loss historical diff: 7.450580596923828e-09; Loss Difference: 0.0, Decision: 0
Round 23 took 3.478180170059204s, results:
{'t': 22, 'current_accuracy': 0.97265625, 'current_loss': 0.1189763993024826, 'train_loss': None, 'decision': 0, 'drift_rate': 0.0, 'target_domains': ['photo']}
0.0 []
Loss historical diff: 7.450580596923828e-09; Loss Difference: 0.0, Decision: 0
Round 24 took 3.4497060775756836s, results:
{'t': 23, 'current_accuracy': 0.97265625, 'current_loss': 0.1189763993024826, 'train_loss': None, 'decision': 0, 'drift_rate': 0.0, 'target_domains': ['photo']}
0.0 []
Loss historical diff: 1.1175870895385742e-08; Loss Difference: 0.0, Decision: 0
Round 25 took 3.409069061279297s, results:
{'t': 24, 'current_accuracy': 0.97265625, 'current_loss': 0.1189764030277729, 'train_loss': None, 'decision': 0, 'drift_rate': 0.0, 'target_domains': ['photo']}
0.0 []
Loss historical diff: 0.0; Loss Difference: 0.0, Decision: 0
Round 26 took 3.3939290046691895s, results:
{'t': 25, 'current_accuracy': 0.97265625, 'current_loss': 0.11897639185190201, 'train_loss': None, 'decision': 0, 'drift_rate': 0.0, 'target_domains': ['photo']}
0.0 []
Loss historical diff: 3.725290298461914e-09; Loss Difference: 0.0, Decision: 0
Round 27 took 3.5525524616241455s, results:
{'t': 26, 'current_accuracy': 0.97265625, 'current_loss': 0.1189763955771923, 'train_loss': None, 'decision': 0, 'drift_rate': 0.0, 'target_domains': ['photo']}
0.0 []
Loss historical diff: 3.725290298461914e-09; Loss Difference: 0.0, Decision: 0
Round 28 took 3.4155399799346924s, results:
{'t': 27, 'current_accuracy': 0.97265625, 'current_loss': 0.1189763955771923, 'train_loss': None, 'decision': 0, 'drift_rate': 0.0, 'target_domains': ['photo']}
0.0 []
Loss historical diff: 1.4901161193847656e-08; Loss Difference: 0.0, Decision: 0
Round 29 took 3.433516502380371s, results:
{'t': 28, 'current_accuracy': 0.97265625, 'current_loss': 0.1189764067530632, 'train_loss': None, 'decision': 0, 'drift_rate': 0.0, 'target_domains': ['photo']}
0.0 []
Loss historical diff: 0.0; Loss Difference: 0.0, Decision: 0
Round 30 took 3.566957712173462s, results:
{'t': 29, 'current_accuracy': 0.97265625, 'current_loss': 0.11897630244493484, 'train_loss': None, 'decision': 0, 'drift_rate': 0.0, 'target_domains': ['photo']}
0.0 []
Loss historical diff: 8.568167686462402e-08; Loss Difference: 0.0, Decision: 0
Round 31 took 3.453941583633423s, results:
{'t': 30, 'current_accuracy': 0.97265625, 'current_loss': 0.11897638812661171, 'train_loss': None, 'decision': 0, 'drift_rate': 0.0, 'target_domains': ['photo']}
0.0 []
Loss historical diff: 7.82310962677002e-08; Loss Difference: 0.0, Decision: 0
Round 32 took 3.4597859382629395s, results:
{'t': 31, 'current_accuracy': 0.97265625, 'current_loss': 0.11897638067603111, 'train_loss': None, 'decision': 0, 'drift_rate': 0.0, 'target_domains': ['photo']}
0.0 []
Loss historical diff: 1.0058283805847168e-07; Loss Difference: 0.0, Decision: 0
Round 33 took 3.4568748474121094s, results:
{'t': 32, 'current_accuracy': 0.97265625, 'current_loss': 0.1189764030277729, 'train_loss': None, 'decision': 0, 'drift_rate': 0.0, 'target_domains': ['photo']}
0.0 []
Loss historical diff: 1.043081283569336e-07; Loss Difference: 0.0, Decision: 0
Round 34 took 3.457869291305542s, results:
{'t': 33, 'current_accuracy': 0.97265625, 'current_loss': 0.1189764067530632, 'train_loss': None, 'decision': 0, 'drift_rate': 0.0, 'target_domains': ['photo']}
0.0 []
Loss historical diff: 8.195638656616211e-08; Loss Difference: 0.0, Decision: 0
Round 35 took 3.325685977935791s, results:
{'t': 34, 'current_accuracy': 0.97265625, 'current_loss': 0.11897638440132141, 'train_loss': None, 'decision': 0, 'drift_rate': 0.0, 'target_domains': ['photo']}
0.0 []
Loss historical diff: 8.568167686462402e-08; Loss Difference: 0.0, Decision: 0
Round 36 took 3.4261460304260254s, results:
{'t': 35, 'current_accuracy': 0.97265625, 'current_loss': 0.11897638812661171, 'train_loss': None, 'decision': 0, 'drift_rate': 0.0, 'target_domains': ['photo']}
0.0 []
Loss historical diff: 1.0058283805847168e-07; Loss Difference: 0.0, Decision: 0
Round 37 took 3.3668320178985596s, results:
{'t': 36, 'current_accuracy': 0.97265625, 'current_loss': 0.1189764030277729, 'train_loss': None, 'decision': 0, 'drift_rate': 0.0, 'target_domains': ['photo']}
0.0 []
Loss historical diff: 4.0978193283081055e-08; Loss Difference: 0.0, Decision: 0
Round 38 took 3.5137765407562256s, results:
{'t': 37, 'current_accuracy': 0.97265625, 'current_loss': 0.11897634342312813, 'train_loss': None, 'decision': 0, 'drift_rate': 0.0, 'target_domains': ['photo']}
0.0 []
Loss historical diff: 1.8998980522155762e-07; Loss Difference: 0.0, Decision: 0
Round 39 took 3.3948113918304443s, results:
{'t': 38, 'current_accuracy': 0.97265625, 'current_loss': 0.11897649243474007, 'train_loss': None, 'decision': 0, 'drift_rate': 0.0, 'target_domains': ['photo']}
0.0 []
Loss historical diff: 7.450580596923828e-09; Loss Difference: 0.0, Decision: 0
Round 40 took 3.38128924369812s, results:
{'t': 39, 'current_accuracy': 0.97265625, 'current_loss': 0.11897630989551544, 'train_loss': None, 'decision': 0, 'drift_rate': 0.0, 'target_domains': ['photo']}
0.0 []
Loss historical diff: 1.043081283569336e-07; Loss Difference: 0.0, Decision: 0
Round 41 took 3.411219358444214s, results:
{'t': 40, 'current_accuracy': 0.97265625, 'current_loss': 0.1189764067530632, 'train_loss': None, 'decision': 0, 'drift_rate': 0.0, 'target_domains': ['photo']}
0.0 []
Loss historical diff: 1.0803341865539551e-07; Loss Difference: 0.0, Decision: 0
Round 42 took 3.4169907569885254s, results:
{'t': 41, 'current_accuracy': 0.97265625, 'current_loss': 0.1189764104783535, 'train_loss': None, 'decision': 0, 'drift_rate': 0.0, 'target_domains': ['photo']}
0.0 []
Loss historical diff: 1.0058283805847168e-07; Loss Difference: 0.0, Decision: 0
Round 43 took 3.312601327896118s, results:
{'t': 42, 'current_accuracy': 0.97265625, 'current_loss': 0.1189764030277729, 'train_loss': None, 'decision': 0, 'drift_rate': 0.0, 'target_domains': ['photo']}
0.0 []
Loss historical diff: 1.1548399925231934e-07; Loss Difference: 0.0, Decision: 0
Round 44 took 3.4216954708099365s, results:
{'t': 43, 'current_accuracy': 0.97265625, 'current_loss': 0.1189764179289341, 'train_loss': None, 'decision': 0, 'drift_rate': 0.0, 'target_domains': ['photo']}
0.0 []
Loss historical diff: 2.3469328880310059e-07; Loss Difference: 0.0, Decision: 0
Round 45 took 3.433729648590088s, results:
{'t': 44, 'current_accuracy': 0.97265625, 'current_loss': 0.11897653713822365, 'train_loss': None, 'decision': 0, 'drift_rate': 0.0, 'target_domains': ['photo']}
0.4 ['photo']
Loss historical diff: 1.3783574104309082e-07; Loss Difference: 0.0, Decision: 0
Round 46 took 3.53177809715271s, results:
{'t': 45, 'current_accuracy': 0.97265625, 'current_loss': 0.11897644028067589, 'train_loss': None, 'decision': 0, 'drift_rate': 0.4, 'target_domains': ['photo']}
0.4 ['photo']
Loss historical diff: 1.3783574104309082e-07; Loss Difference: 0.0, Decision: 0
Round 47 took 3.4802935123443604s, results:
{'t': 46, 'current_accuracy': 0.97265625, 'current_loss': 0.11897644028067589, 'train_loss': None, 'decision': 0, 'drift_rate': 0.4, 'target_domains': ['photo']}
0.4 ['photo']
Loss historical diff: 7.078051567077637e-08; Loss Difference: 0.0, Decision: 0
Round 48 took 3.4335319995880127s, results:
{'t': 47, 'current_accuracy': 0.97265625, 'current_loss': 0.11897637322545052, 'train_loss': None, 'decision': 0, 'drift_rate': 0.4, 'target_domains': ['photo']}
0.0 []
Loss historical diff: 9.685754776000977e-08; Loss Difference: 0.0, Decision: 0
Round 49 took 3.579883575439453s, results:
{'t': 48, 'current_accuracy': 0.97265625, 'current_loss': 0.1189763993024826, 'train_loss': None, 'decision': 0, 'drift_rate': 0.0, 'target_domains': ['photo']}
0.0 []
Loss historical diff: 1.0803341865539551e-07; Loss Difference: 0.0, Decision: 0
Round 50 took 3.5033364295959473s, results:
{'t': 49, 'current_accuracy': 0.97265625, 'current_loss': 0.1189764104783535, 'train_loss': None, 'decision': 0, 'drift_rate': 0.0, 'target_domains': ['photo']}
0.0 []
Loss historical diff: 9.685754776000977e-08; Loss Difference: 0.0, Decision: 0
Round 51 took 3.6587705612182617s, results:
{'t': 50, 'current_accuracy': 0.97265625, 'current_loss': 0.1189763993024826, 'train_loss': None, 'decision': 0, 'drift_rate': 0.0, 'target_domains': ['photo']}
0.0 []
Loss historical diff: 9.313225746154785e-08; Loss Difference: 0.0, Decision: 0
Round 52 took 3.4301679134368896s, results:
{'t': 51, 'current_accuracy': 0.97265625, 'current_loss': 0.1189763955771923, 'train_loss': None, 'decision': 0, 'drift_rate': 0.0, 'target_domains': ['photo']}
0.0 []
Loss historical diff: 1.341104507446289e-07; Loss Difference: 0.0, Decision: 0
Round 53 took 3.645134925842285s, results:
{'t': 52, 'current_accuracy': 0.97265625, 'current_loss': 0.11897643655538559, 'train_loss': None, 'decision': 0, 'drift_rate': 0.0, 'target_domains': ['photo']}
0.0 []
Loss historical diff: 1.5273690223693848e-07; Loss Difference: 0.0, Decision: 0
Round 54 took 3.448472261428833s, results:
{'t': 53, 'current_accuracy': 0.97265625, 'current_loss': 0.11897645518183708, 'train_loss': None, 'decision': 0, 'drift_rate': 0.0, 'target_domains': ['photo']}
0.0 []
Loss historical diff: 1.0058283805847168e-07; Loss Difference: 0.0, Decision: 0
Round 55 took 3.4756805896759033s, results:
{'t': 54, 'current_accuracy': 0.97265625, 'current_loss': 0.1189764030277729, 'train_loss': None, 'decision': 0, 'drift_rate': 0.0, 'target_domains': ['photo']}
0.0 []
Loss historical diff: 1.0803341865539551e-07; Loss Difference: 0.0, Decision: 0
Round 56 took 3.5391685962677s, results:
{'t': 55, 'current_accuracy': 0.97265625, 'current_loss': 0.1189764104783535, 'train_loss': None, 'decision': 0, 'drift_rate': 0.0, 'target_domains': ['photo']}
0.0 []
Loss historical diff: 9.313225746154785e-08; Loss Difference: 0.0, Decision: 0
Round 57 took 3.3571372032165527s, results:
{'t': 56, 'current_accuracy': 0.97265625, 'current_loss': 0.1189763955771923, 'train_loss': None, 'decision': 0, 'drift_rate': 0.0, 'target_domains': ['photo']}
0.0 []
Loss historical diff: 8.381903171539307e-08; Loss Difference: 0.0, Decision: 0
Round 58 took 3.4939332008361816s, results:
{'t': 57, 'current_accuracy': 0.97265625, 'current_loss': 0.11897638626396656, 'train_loss': None, 'decision': 0, 'drift_rate': 0.0, 'target_domains': ['photo']}
0.0 []
Loss historical diff: 0.0; Loss Difference: 0.0, Decision: 0
Round 59 took 3.590031623840332s, results:
{'t': 58, 'current_accuracy': 0.97265625, 'current_loss': 0.11897619813680649, 'train_loss': None, 'decision': 0, 'drift_rate': 0.0, 'target_domains': ['photo']}
0.0 []
Loss historical diff: 2.0302832126617432e-07; Loss Difference: 0.0, Decision: 0
Round 60 took 3.400360584259033s, results:
{'t': 59, 'current_accuracy': 0.97265625, 'current_loss': 0.11897640116512775, 'train_loss': None, 'decision': 0, 'drift_rate': 0.0, 'target_domains': ['photo']}
0.0 []
Loss historical diff: 2.123415470123291e-07; Loss Difference: 0.0, Decision: 0
Round 61 took 3.4077014923095703s, results:
{'t': 60, 'current_accuracy': 0.97265625, 'current_loss': 0.1189764104783535, 'train_loss': None, 'decision': 0, 'drift_rate': 0.0, 'target_domains': ['photo']}
0.0 []
Loss historical diff: 1.9744038581848145e-07; Loss Difference: 0.0, Decision: 0
Round 62 took 3.4409453868865967s, results:
{'t': 61, 'current_accuracy': 0.97265625, 'current_loss': 0.1189763955771923, 'train_loss': None, 'decision': 0, 'drift_rate': 0.0, 'target_domains': ['photo']}
0.0 []
Loss historical diff: 2.086162567138672e-07; Loss Difference: 0.0, Decision: 0
Round 63 took 3.4862518310546875s, results:
{'t': 62, 'current_accuracy': 0.97265625, 'current_loss': 0.1189764067530632, 'train_loss': None, 'decision': 0, 'drift_rate': 0.0, 'target_domains': ['photo']}
0.0 []
Loss historical diff: 2.086162567138672e-07; Loss Difference: 0.0, Decision: 0
Round 64 took 3.523332118988037s, results:
{'t': 63, 'current_accuracy': 0.97265625, 'current_loss': 0.1189764067530632, 'train_loss': None, 'decision': 0, 'drift_rate': 0.0, 'target_domains': ['photo']}
0.0 []
Loss historical diff: 2.086162567138672e-07; Loss Difference: 0.0, Decision: 0
Round 65 took 3.4487805366516113s, results:
{'t': 64, 'current_accuracy': 0.97265625, 'current_loss': 0.1189764067530632, 'train_loss': None, 'decision': 0, 'drift_rate': 0.0, 'target_domains': ['photo']}
0.0 []
Loss historical diff: 2.0116567611694336e-07; Loss Difference: 0.0, Decision: 0
Round 66 took 3.784924030303955s, results:
{'t': 65, 'current_accuracy': 0.97265625, 'current_loss': 0.1189763993024826, 'train_loss': None, 'decision': 0, 'drift_rate': 0.0, 'target_domains': ['photo']}
0.0 []
Loss historical diff: 2.0489096641540527e-07; Loss Difference: 0.0, Decision: 0
Round 67 took 3.437225580215454s, results:
{'t': 66, 'current_accuracy': 0.97265625, 'current_loss': 0.1189764030277729, 'train_loss': None, 'decision': 0, 'drift_rate': 0.0, 'target_domains': ['photo']}
0.0 []
Loss historical diff: 4.6193599700927734e-07; Loss Difference: 0.0, Decision: 0
Round 68 took 3.573638916015625s, results:
{'t': 67, 'current_accuracy': 0.97265625, 'current_loss': 0.1189766600728035, 'train_loss': None, 'decision': 0, 'drift_rate': 0.0, 'target_domains': ['photo']}
0.0 []
Loss historical diff: 1.862645149230957e-07; Loss Difference: 0.0, Decision: 0
Round 69 took 3.747145414352417s, results:
{'t': 68, 'current_accuracy': 0.97265625, 'current_loss': 0.11897638440132141, 'train_loss': None, 'decision': 0, 'drift_rate': 0.0, 'target_domains': ['photo']}
0.0 []
Loss historical diff: 1.9744038581848145e-07; Loss Difference: 0.0, Decision: 0
Round 70 took 3.282896041870117s, results:
{'t': 69, 'current_accuracy': 0.97265625, 'current_loss': 0.1189763955771923, 'train_loss': None, 'decision': 0, 'drift_rate': 0.0, 'target_domains': ['photo']}
0.0 []
Loss historical diff: 2.0116567611694336e-07; Loss Difference: 0.0, Decision: 0
Round 71 took 3.409026622772217s, results:
{'t': 70, 'current_accuracy': 0.97265625, 'current_loss': 0.1189763993024826, 'train_loss': None, 'decision': 0, 'drift_rate': 0.0, 'target_domains': ['photo']}
0.0 []
Loss historical diff: 2.0489096641540527e-07; Loss Difference: 0.0, Decision: 0
Round 72 took 3.4344124794006348s, results:
{'t': 71, 'current_accuracy': 0.97265625, 'current_loss': 0.1189764030277729, 'train_loss': None, 'decision': 0, 'drift_rate': 0.0, 'target_domains': ['photo']}
0.0 []
Loss historical diff: 2.0489096641540527e-07; Loss Difference: 0.0, Decision: 0
Round 73 took 3.287625312805176s, results:
{'t': 72, 'current_accuracy': 0.97265625, 'current_loss': 0.1189764030277729, 'train_loss': None, 'decision': 0, 'drift_rate': 0.0, 'target_domains': ['photo']}
0.0 []
Loss historical diff: 2.1420419216156006e-07; Loss Difference: 0.0, Decision: 0
Round 74 took 3.611701726913452s, results:
{'t': 73, 'current_accuracy': 0.97265625, 'current_loss': 0.11897641234099865, 'train_loss': None, 'decision': 0, 'drift_rate': 0.0, 'target_domains': ['photo']}
0.0 []
Loss historical diff: 2.1979212760925293e-07; Loss Difference: 0.0, Decision: 0
Round 75 took 3.601325511932373s, results:
{'t': 74, 'current_accuracy': 0.97265625, 'current_loss': 0.1189764179289341, 'train_loss': None, 'decision': 0, 'drift_rate': 0.0, 'target_domains': ['photo']}
0.0 []
Loss historical diff: 5.066394805908203e-07; Loss Difference: 0.0, Decision: 0
Round 76 took 3.2846693992614746s, results:
{'t': 75, 'current_accuracy': 0.97265625, 'current_loss': 0.11897670477628708, 'train_loss': None, 'decision': 0, 'drift_rate': 0.0, 'target_domains': ['photo']}
0.0 []
Loss historical diff: 0.0; Loss Difference: 0.0, Decision: 0
Round 77 took 3.277306318283081s, results:
{'t': 76, 'current_accuracy': 0.97265625, 'current_loss': 0.11897619254887104, 'train_loss': None, 'decision': 0, 'drift_rate': 0.0, 'target_domains': ['photo']}
0.0 []
Loss historical diff: 1.993030309677124e-07; Loss Difference: 0.0, Decision: 0
Round 78 took 3.2909178733825684s, results:
{'t': 77, 'current_accuracy': 0.97265625, 'current_loss': 0.11897639185190201, 'train_loss': None, 'decision': 0, 'drift_rate': 0.0, 'target_domains': ['photo']}
0.0 []
Loss historical diff: 1.993030309677124e-07; Loss Difference: 0.0, Decision: 0
Round 79 took 3.456646203994751s, results:
{'t': 78, 'current_accuracy': 0.97265625, 'current_loss': 0.11897639185190201, 'train_loss': None, 'decision': 0, 'drift_rate': 0.0, 'target_domains': ['photo']}
0.0 []
Loss historical diff: 2.1047890186309814e-07; Loss Difference: 0.0, Decision: 0
Round 80 took 3.5247299671173096s, results:
{'t': 79, 'current_accuracy': 0.97265625, 'current_loss': 0.1189764030277729, 'train_loss': None, 'decision': 0, 'drift_rate': 0.0, 'target_domains': ['photo']}
0.0 []
Loss historical diff: 2.0675361156463623e-07; Loss Difference: 0.0, Decision: 0
Round 81 took 3.4223649501800537s, results:
{'t': 80, 'current_accuracy': 0.97265625, 'current_loss': 0.1189763993024826, 'train_loss': None, 'decision': 0, 'drift_rate': 0.0, 'target_domains': ['photo']}
0.0 []
Loss historical diff: 2.477318048477173e-07; Loss Difference: 0.0, Decision: 0
Round 82 took 3.3589415550231934s, results:
{'t': 81, 'current_accuracy': 0.97265625, 'current_loss': 0.11897644028067589, 'train_loss': None, 'decision': 0, 'drift_rate': 0.0, 'target_domains': ['photo']}
0.0 []
Loss historical diff: 2.0675361156463623e-07; Loss Difference: 0.0, Decision: 0
Round 83 took 3.518402576446533s, results:
{'t': 82, 'current_accuracy': 0.97265625, 'current_loss': 0.1189763993024826, 'train_loss': None, 'decision': 0, 'drift_rate': 0.0, 'target_domains': ['photo']}
0.0 []
Loss historical diff: 1.8998980522155762e-07; Loss Difference: 0.0, Decision: 0
Round 84 took 3.4179182052612305s, results:
{'t': 83, 'current_accuracy': 0.97265625, 'current_loss': 0.11897638253867626, 'train_loss': None, 'decision': 0, 'drift_rate': 0.0, 'target_domains': ['photo']}
0.0 []
Loss historical diff: 2.1792948246002197e-07; Loss Difference: 0.0, Decision: 0
Round 85 took 3.4403743743896484s, results:
{'t': 84, 'current_accuracy': 0.97265625, 'current_loss': 0.1189764104783535, 'train_loss': None, 'decision': 0, 'drift_rate': 0.0, 'target_domains': ['photo']}
0.0 []
Loss historical diff: 1.8440186977386475e-07; Loss Difference: 0.0, Decision: 0
Round 86 took 3.36643648147583s, results:
{'t': 85, 'current_accuracy': 0.97265625, 'current_loss': 0.11897637695074081, 'train_loss': None, 'decision': 0, 'drift_rate': 0.0, 'target_domains': ['photo']}
0.0 []
Loss historical diff: 2.0675361156463623e-07; Loss Difference: 0.0, Decision: 0
Round 87 took 3.5653278827667236s, results:
{'t': 86, 'current_accuracy': 0.97265625, 'current_loss': 0.1189763993024826, 'train_loss': None, 'decision': 0, 'drift_rate': 0.0, 'target_domains': ['photo']}
0.0 []
Loss historical diff: 2.4400651454925537e-07; Loss Difference: 0.0, Decision: 0
Round 88 took 3.536559581756592s, results:
{'t': 87, 'current_accuracy': 0.97265625, 'current_loss': 0.11897643655538559, 'train_loss': None, 'decision': 0, 'drift_rate': 0.0, 'target_domains': ['photo']}
0.0 []
Loss historical diff: 2.3283064365386963e-07; Loss Difference: 0.0, Decision: 0
Round 89 took 3.531135082244873s, results:
{'t': 88, 'current_accuracy': 0.97265625, 'current_loss': 0.1189764253795147, 'train_loss': None, 'decision': 0, 'drift_rate': 0.0, 'target_domains': ['photo']}
0.0 []
Loss historical diff: 2.3655593395233154e-07; Loss Difference: 0.0, Decision: 0
Round 90 took 3.611740827560425s, results:
{'t': 89, 'current_accuracy': 0.97265625, 'current_loss': 0.11897642910480499, 'train_loss': None, 'decision': 0, 'drift_rate': 0.0, 'target_domains': ['photo']}
0.0 []
Loss historical diff: 2.0675361156463623e-07; Loss Difference: 0.0, Decision: 0
Round 91 took 3.712527275085449s, results:
{'t': 90, 'current_accuracy': 0.97265625, 'current_loss': 0.1189763993024826, 'train_loss': None, 'decision': 0, 'drift_rate': 0.0, 'target_domains': ['photo']}
0.0 []
Loss historical diff: 2.1420419216156006e-07; Loss Difference: 0.0, Decision: 0
Round 92 took 3.4395506381988525s, results:
{'t': 91, 'current_accuracy': 0.97265625, 'current_loss': 0.1189764067530632, 'train_loss': None, 'decision': 0, 'drift_rate': 0.0, 'target_domains': ['photo']}
0.0 []
Loss historical diff: 2.514570951461792e-07; Loss Difference: 0.0, Decision: 0
Round 93 took 3.528938055038452s, results:
{'t': 92, 'current_accuracy': 0.97265625, 'current_loss': 0.11897644400596619, 'train_loss': None, 'decision': 0, 'drift_rate': 0.0, 'target_domains': ['photo']}
0.0 []
Loss historical diff: 2.1047890186309814e-07; Loss Difference: 0.0, Decision: 0
Round 94 took 3.5975358486175537s, results:
{'t': 93, 'current_accuracy': 0.97265625, 'current_loss': 0.1189764030277729, 'train_loss': None, 'decision': 0, 'drift_rate': 0.0, 'target_domains': ['photo']}
0.0 []
Loss historical diff: 2.0302832126617432e-07; Loss Difference: 0.0, Decision: 0
Round 95 took 3.427490711212158s, results:
{'t': 94, 'current_accuracy': 0.97265625, 'current_loss': 0.1189763955771923, 'train_loss': None, 'decision': 0, 'drift_rate': 0.0, 'target_domains': ['photo']}
0.0 []
Loss historical diff: 2.1047890186309814e-07; Loss Difference: 0.0, Decision: 0
Round 96 took 3.419682741165161s, results:
{'t': 95, 'current_accuracy': 0.97265625, 'current_loss': 0.1189764030277729, 'train_loss': None, 'decision': 0, 'drift_rate': 0.0, 'target_domains': ['photo']}
0.0 []
Loss historical diff: 2.1792948246002197e-07; Loss Difference: 0.0, Decision: 0
Round 97 took 3.406301975250244s, results:
{'t': 96, 'current_accuracy': 0.97265625, 'current_loss': 0.1189764104783535, 'train_loss': None, 'decision': 0, 'drift_rate': 0.0, 'target_domains': ['photo']}
0.0 []
Loss historical diff: 1.6577541828155518e-07; Loss Difference: 0.0, Decision: 0
Round 98 took 3.337822437286377s, results:
{'t': 97, 'current_accuracy': 0.97265625, 'current_loss': 0.11897635832428932, 'train_loss': None, 'decision': 0, 'drift_rate': 0.0, 'target_domains': ['photo']}
0.0 []
Loss historical diff: 1.73225998878479e-07; Loss Difference: 0.0, Decision: 0
Round 99 took 3.5745668411254883s, results:
{'t': 98, 'current_accuracy': 0.97265625, 'current_loss': 0.11897636577486992, 'train_loss': None, 'decision': 0, 'drift_rate': 0.0, 'target_domains': ['photo']}
0.0 []
Loss historical diff: 4.824250936508179e-07; Loss Difference: 0.0, Decision: 0
Round 100 took 3.370075225830078s, results:
{'t': 99, 'current_accuracy': 0.97265625, 'current_loss': 0.11897667497396469, 'train_loss': None, 'decision': 0, 'drift_rate': 0.0, 'target_domains': ['photo']}
0.0 []
Loss historical diff: 1.434236764907837e-07; Loss Difference: 0.0, Decision: 0
Round 101 took 3.3947091102600098s, results:
{'t': 100, 'current_accuracy': 0.97265625, 'current_loss': 0.11897633597254753, 'train_loss': None, 'decision': 0, 'drift_rate': 0.0, 'target_domains': ['photo']}
0.0 []
Loss historical diff: 2.4028122425079346e-07; Loss Difference: 0.0, Decision: 0
Round 102 took 3.4674899578094482s, results:
{'t': 101, 'current_accuracy': 0.97265625, 'current_loss': 0.11897643283009529, 'train_loss': None, 'decision': 0, 'drift_rate': 0.0, 'target_domains': ['photo']}
0.0 []
Loss historical diff: 2.0302832126617432e-07; Loss Difference: 0.0, Decision: 0
Round 103 took 3.427544116973877s, results:
{'t': 102, 'current_accuracy': 0.97265625, 'current_loss': 0.1189763955771923, 'train_loss': None, 'decision': 0, 'drift_rate': 0.0, 'target_domains': ['photo']}
0.0 []
Loss historical diff: 2.1792948246002197e-07; Loss Difference: 0.0, Decision: 0
Round 104 took 3.3896405696868896s, results:
{'t': 103, 'current_accuracy': 0.97265625, 'current_loss': 0.1189764104783535, 'train_loss': None, 'decision': 0, 'drift_rate': 0.0, 'target_domains': ['photo']}
0.0 []
Loss historical diff: 1.955777406692505e-07; Loss Difference: 0.0, Decision: 0
Round 105 took 3.400498628616333s, results:
{'t': 104, 'current_accuracy': 0.97265625, 'current_loss': 0.11897638812661171, 'train_loss': None, 'decision': 0, 'drift_rate': 0.0, 'target_domains': ['photo']}
0.0 []
Loss historical diff: 2.2165477275848389e-07; Loss Difference: 0.0, Decision: 0
Round 106 took 3.366314172744751s, results:
{'t': 105, 'current_accuracy': 0.97265625, 'current_loss': 0.1189764142036438, 'train_loss': None, 'decision': 0, 'drift_rate': 0.0, 'target_domains': ['photo']}
0.0 []
Loss historical diff: 2.0302832126617432e-07; Loss Difference: 0.0, Decision: 0
Round 107 took 3.489297866821289s, results:
{'t': 106, 'current_accuracy': 0.97265625, 'current_loss': 0.1189763955771923, 'train_loss': None, 'decision': 0, 'drift_rate': 0.0, 'target_domains': ['photo']}
0.0 []
Loss historical diff: 2.1047890186309814e-07; Loss Difference: 0.0, Decision: 0
Round 108 took 3.383901596069336s, results:
{'t': 107, 'current_accuracy': 0.97265625, 'current_loss': 0.1189764030277729, 'train_loss': None, 'decision': 0, 'drift_rate': 0.0, 'target_domains': ['photo']}
0.0 []
Loss historical diff: 2.1047890186309814e-07; Loss Difference: 0.0, Decision: 0
Round 109 took 3.4666357040405273s, results:
{'t': 108, 'current_accuracy': 0.97265625, 'current_loss': 0.1189764030277729, 'train_loss': None, 'decision': 0, 'drift_rate': 0.0, 'target_domains': ['photo']}
0.0 []
Loss historical diff: 2.1420419216156006e-07; Loss Difference: 0.0, Decision: 0
Round 110 took 3.340242624282837s, results:
{'t': 109, 'current_accuracy': 0.97265625, 'current_loss': 0.1189764067530632, 'train_loss': None, 'decision': 0, 'drift_rate': 0.0, 'target_domains': ['photo']}
0.0 []
Loss historical diff: 1.993030309677124e-07; Loss Difference: 0.0, Decision: 0
Round 111 took 3.555985927581787s, results:
{'t': 110, 'current_accuracy': 0.97265625, 'current_loss': 0.11897639185190201, 'train_loss': None, 'decision': 0, 'drift_rate': 0.0, 'target_domains': ['photo']}
0.0 []
Loss historical diff: 2.0302832126617432e-07; Loss Difference: 0.0, Decision: 0
Round 112 took 3.464010000228882s, results:
{'t': 111, 'current_accuracy': 0.97265625, 'current_loss': 0.1189763955771923, 'train_loss': None, 'decision': 0, 'drift_rate': 0.0, 'target_domains': ['photo']}
0.0 []
Loss historical diff: 2.1420419216156006e-07; Loss Difference: 0.0, Decision: 0
Round 113 took 3.4761762619018555s, results:
{'t': 112, 'current_accuracy': 0.97265625, 'current_loss': 0.1189764067530632, 'train_loss': None, 'decision': 0, 'drift_rate': 0.0, 'target_domains': ['photo']}
0.0 []
Loss historical diff: 2.2910535335540771e-07; Loss Difference: 0.0, Decision: 0
Round 114 took 3.6630609035491943s, results:
{'t': 113, 'current_accuracy': 0.97265625, 'current_loss': 0.1189764216542244, 'train_loss': None, 'decision': 0, 'drift_rate': 0.0, 'target_domains': ['photo']}
0.0 []
Loss historical diff: 1.955777406692505e-07; Loss Difference: 0.0, Decision: 0
Round 115 took 3.790672540664673s, results:
{'t': 114, 'current_accuracy': 0.97265625, 'current_loss': 0.11897638812661171, 'train_loss': None, 'decision': 0, 'drift_rate': 0.0, 'target_domains': ['photo']}
0.0 []
Loss historical diff: 2.6263296604156494e-07; Loss Difference: 0.0, Decision: 0
Round 116 took 3.4352259635925293s, results:
{'t': 115, 'current_accuracy': 0.97265625, 'current_loss': 0.11897645518183708, 'train_loss': None, 'decision': 0, 'drift_rate': 0.0, 'target_domains': ['photo']}
0.0 []
Loss historical diff: 8.139759302139282e-07; Loss Difference: 0.0, Decision: 0
Round 117 took 3.5793046951293945s, results:
{'t': 116, 'current_accuracy': 0.97265625, 'current_loss': 0.11897700652480125, 'train_loss': None, 'decision': 0, 'drift_rate': 0.0, 'target_domains': ['photo']}
0.0 []
Loss historical diff: 2.123415470123291e-07; Loss Difference: 0.0, Decision: 0
Round 118 took 3.458552837371826s, results:
{'t': 117, 'current_accuracy': 0.97265625, 'current_loss': 0.11897640489041805, 'train_loss': None, 'decision': 0, 'drift_rate': 0.0, 'target_domains': ['photo']}
0.0 []
Loss historical diff: 1.955777406692505e-07; Loss Difference: 0.0, Decision: 0
Round 119 took 3.481358528137207s, results:
{'t': 118, 'current_accuracy': 0.97265625, 'current_loss': 0.11897638812661171, 'train_loss': None, 'decision': 0, 'drift_rate': 0.0, 'target_domains': ['photo']}
0.0 []
Loss historical diff: 2.0302832126617432e-07; Loss Difference: 0.0, Decision: 0
Round 120 took 3.821190357208252s, results:
{'t': 119, 'current_accuracy': 0.97265625, 'current_loss': 0.1189763955771923, 'train_loss': None, 'decision': 0, 'drift_rate': 0.0, 'target_domains': ['photo']}
0.0 []
Loss historical diff: 2.0302832126617432e-07; Loss Difference: 0.0, Decision: 0
Round 121 took 3.4433305263519287s, results:
{'t': 120, 'current_accuracy': 0.97265625, 'current_loss': 0.1189763955771923, 'train_loss': None, 'decision': 0, 'drift_rate': 0.0, 'target_domains': ['photo']}
0.0 []
Loss historical diff: 2.3096799850463867e-07; Loss Difference: 0.0, Decision: 0
Round 122 took 3.6589388847351074s, results:
{'t': 121, 'current_accuracy': 0.97265625, 'current_loss': 0.11897642351686954, 'train_loss': None, 'decision': 0, 'drift_rate': 0.0, 'target_domains': ['photo']}
0.0 []
Loss historical diff: 2.3283064365386963e-07; Loss Difference: 0.0, Decision: 0
Round 123 took 3.3968935012817383s, results:
{'t': 122, 'current_accuracy': 0.97265625, 'current_loss': 0.1189764253795147, 'train_loss': None, 'decision': 0, 'drift_rate': 0.0, 'target_domains': ['photo']}
0.0 []
Loss historical diff: 2.477318048477173e-07; Loss Difference: 0.0, Decision: 0
Round 124 took 3.5122251510620117s, results:
{'t': 123, 'current_accuracy': 0.97265625, 'current_loss': 0.11897644028067589, 'train_loss': None, 'decision': 0, 'drift_rate': 0.0, 'target_domains': ['photo']}
0.0 []
Loss historical diff: 2.1420419216156006e-07; Loss Difference: 0.0, Decision: 0
Round 125 took 3.4985835552215576s, results:
{'t': 124, 'current_accuracy': 0.97265625, 'current_loss': 0.1189764067530632, 'train_loss': None, 'decision': 0, 'drift_rate': 0.0, 'target_domains': ['photo']}
0.0 []
Loss historical diff: 2.1047890186309814e-07; Loss Difference: 0.0, Decision: 0
Round 126 took 3.5474376678466797s, results:
{'t': 125, 'current_accuracy': 0.97265625, 'current_loss': 0.1189764030277729, 'train_loss': None, 'decision': 0, 'drift_rate': 0.0, 'target_domains': ['photo']}
0.0 []
Loss historical diff: 1.993030309677124e-07; Loss Difference: 0.0, Decision: 0
Round 127 took 3.397956371307373s, results:
{'t': 126, 'current_accuracy': 0.97265625, 'current_loss': 0.11897639185190201, 'train_loss': None, 'decision': 0, 'drift_rate': 0.0, 'target_domains': ['photo']}
0.0 []
Loss historical diff: 2.1792948246002197e-07; Loss Difference: 0.0, Decision: 0
Round 128 took 3.6997642517089844s, results:
{'t': 127, 'current_accuracy': 0.97265625, 'current_loss': 0.1189764104783535, 'train_loss': None, 'decision': 0, 'drift_rate': 0.0, 'target_domains': ['photo']}
0.0 []
Loss historical diff: 2.1792948246002197e-07; Loss Difference: 0.0, Decision: 0
Round 129 took 3.5057942867279053s, results:
{'t': 128, 'current_accuracy': 0.97265625, 'current_loss': 0.1189764104783535, 'train_loss': None, 'decision': 0, 'drift_rate': 0.0, 'target_domains': ['photo']}
0.0 []
Loss historical diff: 2.1047890186309814e-07; Loss Difference: 0.0, Decision: 0
Round 130 took 3.7851598262786865s, results:
{'t': 129, 'current_accuracy': 0.97265625, 'current_loss': 0.1189764030277729, 'train_loss': None, 'decision': 0, 'drift_rate': 0.0, 'target_domains': ['photo']}
0.0 []
Loss historical diff: 2.0675361156463623e-07; Loss Difference: 0.0, Decision: 0
Round 131 took 3.5468428134918213s, results:
{'t': 130, 'current_accuracy': 0.97265625, 'current_loss': 0.1189763993024826, 'train_loss': None, 'decision': 0, 'drift_rate': 0.0, 'target_domains': ['photo']}
0.0 []
Loss historical diff: 5.047768354415894e-07; Loss Difference: 0.0, Decision: 0
Round 132 took 3.580232858657837s, results:
{'t': 131, 'current_accuracy': 0.97265625, 'current_loss': 0.11897669732570648, 'train_loss': None, 'decision': 0, 'drift_rate': 0.0, 'target_domains': ['photo']}
0.0 []
Loss historical diff: 2.1420419216156006e-07; Loss Difference: 0.0, Decision: 0
Round 133 took 3.4938974380493164s, results:
{'t': 132, 'current_accuracy': 0.97265625, 'current_loss': 0.1189764067530632, 'train_loss': None, 'decision': 0, 'drift_rate': 0.0, 'target_domains': ['photo']}
0.0 []
Loss historical diff: 2.0675361156463623e-07; Loss Difference: 0.0, Decision: 0
Round 134 took 3.6877176761627197s, results:
{'t': 133, 'current_accuracy': 0.97265625, 'current_loss': 0.1189763993024826, 'train_loss': None, 'decision': 0, 'drift_rate': 0.0, 'target_domains': ['photo']}
0.0 []
Loss historical diff: 2.253800630569458e-07; Loss Difference: 0.0, Decision: 0
Round 135 took 3.4595303535461426s, results:
{'t': 134, 'current_accuracy': 0.97265625, 'current_loss': 0.1189764179289341, 'train_loss': None, 'decision': 0, 'drift_rate': 0.0, 'target_domains': ['photo']}
0.0 []
Loss historical diff: 2.4028122425079346e-07; Loss Difference: 0.0, Decision: 0
Round 136 took 3.3872389793395996s, results:
{'t': 135, 'current_accuracy': 0.97265625, 'current_loss': 0.11897643283009529, 'train_loss': None, 'decision': 0, 'drift_rate': 0.0, 'target_domains': ['photo']}
0.0 []
Loss historical diff: 2.1047890186309814e-07; Loss Difference: 0.0, Decision: 0
Round 137 took 3.5502448081970215s, results:
{'t': 136, 'current_accuracy': 0.97265625, 'current_loss': 0.1189764030277729, 'train_loss': None, 'decision': 0, 'drift_rate': 0.0, 'target_domains': ['photo']}
0.0 []
Loss historical diff: 2.1047890186309814e-07; Loss Difference: 0.0, Decision: 0
Round 138 took 3.499722480773926s, results:
{'t': 137, 'current_accuracy': 0.97265625, 'current_loss': 0.1189764030277729, 'train_loss': None, 'decision': 0, 'drift_rate': 0.0, 'target_domains': ['photo']}
0.0 []
Loss historical diff: 2.1420419216156006e-07; Loss Difference: 0.0, Decision: 0
Round 139 took 3.49596905708313s, results:
{'t': 138, 'current_accuracy': 0.97265625, 'current_loss': 0.1189764067530632, 'train_loss': None, 'decision': 0, 'drift_rate': 0.0, 'target_domains': ['photo']}
0.0 []
Loss historical diff: 2.1420419216156006e-07; Loss Difference: 0.0, Decision: 0
Round 140 took 3.6403017044067383s, results:
{'t': 139, 'current_accuracy': 0.97265625, 'current_loss': 0.1189764067530632, 'train_loss': None, 'decision': 0, 'drift_rate': 0.0, 'target_domains': ['photo']}
0.0 []
Loss historical diff: 2.0302832126617432e-07; Loss Difference: 0.0, Decision: 0
Round 141 took 3.650411605834961s, results:
{'t': 140, 'current_accuracy': 0.97265625, 'current_loss': 0.1189763955771923, 'train_loss': None, 'decision': 0, 'drift_rate': 0.0, 'target_domains': ['photo']}
0.0 []
Loss historical diff: 2.1420419216156006e-07; Loss Difference: 0.0, Decision: 0
Round 142 took 3.57475209236145s, results:
{'t': 141, 'current_accuracy': 0.97265625, 'current_loss': 0.1189764067530632, 'train_loss': None, 'decision': 0, 'drift_rate': 0.0, 'target_domains': ['photo']}
0.0 []
Loss historical diff: 2.0675361156463623e-07; Loss Difference: 0.0, Decision: 0
Round 143 took 3.476863145828247s, results:
{'t': 142, 'current_accuracy': 0.97265625, 'current_loss': 0.1189763993024826, 'train_loss': None, 'decision': 0, 'drift_rate': 0.0, 'target_domains': ['photo']}
0.0 []
Loss historical diff: 2.4028122425079346e-07; Loss Difference: 0.0, Decision: 0
Round 144 took 3.64823842048645s, results:
{'t': 143, 'current_accuracy': 0.97265625, 'current_loss': 0.11897643283009529, 'train_loss': None, 'decision': 0, 'drift_rate': 0.0, 'target_domains': ['photo']}
0.0 []
Loss historical diff: 2.086162567138672e-07; Loss Difference: 0.0, Decision: 0
Round 145 took 3.3789150714874268s, results:
{'t': 144, 'current_accuracy': 0.97265625, 'current_loss': 0.11897640116512775, 'train_loss': None, 'decision': 0, 'drift_rate': 0.0, 'target_domains': ['photo']}
0.0 []
Loss historical diff: 1.6577541828155518e-07; Loss Difference: 0.0, Decision: 0
Round 146 took 3.3991894721984863s, results:
{'t': 145, 'current_accuracy': 0.97265625, 'current_loss': 0.11897635832428932, 'train_loss': None, 'decision': 0, 'drift_rate': 0.0, 'target_domains': ['photo']}
0.0 []
Loss historical diff: 2.1792948246002197e-07; Loss Difference: 0.0, Decision: 0
Round 147 took 3.4943490028381348s, results:
{'t': 146, 'current_accuracy': 0.97265625, 'current_loss': 0.1189764104783535, 'train_loss': None, 'decision': 0, 'drift_rate': 0.0, 'target_domains': ['photo']}
0.0 []
Loss historical diff: 2.1792948246002197e-07; Loss Difference: 0.0, Decision: 0
Round 148 took 3.728651523590088s, results:
{'t': 147, 'current_accuracy': 0.97265625, 'current_loss': 0.1189764104783535, 'train_loss': None, 'decision': 0, 'drift_rate': 0.0, 'target_domains': ['photo']}
0.0 []
Loss historical diff: 2.1420419216156006e-07; Loss Difference: 0.0, Decision: 0
Round 149 took 3.6663315296173096s, results:
{'t': 148, 'current_accuracy': 0.97265625, 'current_loss': 0.1189764067530632, 'train_loss': None, 'decision': 0, 'drift_rate': 0.0, 'target_domains': ['photo']}
0.0 []
Loss historical diff: 1.9744038581848145e-07; Loss Difference: 0.0, Decision: 0
Round 150 took 3.518465280532837s, results:
{'t': 149, 'current_accuracy': 0.97265625, 'current_loss': 0.11897638998925686, 'train_loss': None, 'decision': 0, 'drift_rate': 0.0, 'target_domains': ['photo']}
0.0 []
Loss historical diff: 1.5087425708770752e-07; Loss Difference: 0.0, Decision: 0
Round 151 took 3.336834669113159s, results:
{'t': 150, 'current_accuracy': 0.97265625, 'current_loss': 0.11897634342312813, 'train_loss': None, 'decision': 0, 'drift_rate': 0.0, 'target_domains': ['photo']}
0.0 []
Loss historical diff: 2.738088369369507e-07; Loss Difference: 0.0, Decision: 0
Round 152 took 3.7230889797210693s, results:
{'t': 151, 'current_accuracy': 0.97265625, 'current_loss': 0.11897646635770798, 'train_loss': None, 'decision': 0, 'drift_rate': 0.0, 'target_domains': ['photo']}
0.0 []
Loss historical diff: 2.7008354663848877e-07; Loss Difference: 0.0, Decision: 0
Round 153 took 3.669982671737671s, results:
{'t': 152, 'current_accuracy': 0.97265625, 'current_loss': 0.11897646263241768, 'train_loss': None, 'decision': 0, 'drift_rate': 0.0, 'target_domains': ['photo']}
0.0 []
Loss historical diff: 4.898756742477417e-07; Loss Difference: 0.0, Decision: 0
Round 154 took 3.565800905227661s, results:
{'t': 153, 'current_accuracy': 0.97265625, 'current_loss': 0.11897668242454529, 'train_loss': None, 'decision': 0, 'drift_rate': 0.0, 'target_domains': ['photo']}
0.0 []
Loss historical diff: 2.0302832126617432e-07; Loss Difference: 0.0, Decision: 0
Round 155 took 3.5754551887512207s, results:
{'t': 154, 'current_accuracy': 0.97265625, 'current_loss': 0.1189763955771923, 'train_loss': None, 'decision': 0, 'drift_rate': 0.0, 'target_domains': ['photo']}
0.0 []
Loss historical diff: 2.0302832126617432e-07; Loss Difference: 0.0, Decision: 0
Round 156 took 3.458657741546631s, results:
{'t': 155, 'current_accuracy': 0.97265625, 'current_loss': 0.1189763955771923, 'train_loss': None, 'decision': 0, 'drift_rate': 0.0, 'target_domains': ['photo']}
0.0 []
Loss historical diff: 2.2165477275848389e-07; Loss Difference: 0.0, Decision: 0
Round 157 took 3.773239850997925s, results:
{'t': 156, 'current_accuracy': 0.97265625, 'current_loss': 0.1189764142036438, 'train_loss': None, 'decision': 0, 'drift_rate': 0.0, 'target_domains': ['photo']}
0.0 []
Loss historical diff: 1.0617077350616455e-07; Loss Difference: 0.0, Decision: 0
Round 158 took 3.8757479190826416s, results:
{'t': 157, 'current_accuracy': 0.97265625, 'current_loss': 0.11897629871964455, 'train_loss': None, 'decision': 0, 'drift_rate': 0.0, 'target_domains': ['photo']}
0.0 []
Loss historical diff: 2.0675361156463623e-07; Loss Difference: 0.0, Decision: 0
Round 159 took 3.6118903160095215s, results:
{'t': 158, 'current_accuracy': 0.97265625, 'current_loss': 0.1189763993024826, 'train_loss': None, 'decision': 0, 'drift_rate': 0.0, 'target_domains': ['photo']}
0.0 []
Loss historical diff: 2.0302832126617432e-07; Loss Difference: 0.0, Decision: 0
Round 160 took 3.5631325244903564s, results:
{'t': 159, 'current_accuracy': 0.97265625, 'current_loss': 0.1189763955771923, 'train_loss': None, 'decision': 0, 'drift_rate': 0.0, 'target_domains': ['photo']}
0.0 []
Loss historical diff: 1.8067657947540283e-07; Loss Difference: 0.0, Decision: 0
Round 161 took 3.5159552097320557s, results:
{'t': 160, 'current_accuracy': 0.97265625, 'current_loss': 0.11897637322545052, 'train_loss': None, 'decision': 0, 'drift_rate': 0.0, 'target_domains': ['photo']}
0.0 []
Loss historical diff: 2.0675361156463623e-07; Loss Difference: 0.0, Decision: 0
Round 162 took 3.529618978500366s, results:
{'t': 161, 'current_accuracy': 0.97265625, 'current_loss': 0.1189763993024826, 'train_loss': None, 'decision': 0, 'drift_rate': 0.0, 'target_domains': ['photo']}
0.0 []
Loss historical diff: 2.1047890186309814e-07; Loss Difference: 0.0, Decision: 0
Round 163 took 3.490596055984497s, results:
{'t': 162, 'current_accuracy': 0.97265625, 'current_loss': 0.1189764030277729, 'train_loss': None, 'decision': 0, 'drift_rate': 0.0, 'target_domains': ['photo']}
0.0 []
Loss historical diff: 1.9744038581848145e-07; Loss Difference: 0.0, Decision: 0
Round 164 took 3.433502674102783s, results:
{'t': 163, 'current_accuracy': 0.97265625, 'current_loss': 0.11897638998925686, 'train_loss': None, 'decision': 0, 'drift_rate': 0.0, 'target_domains': ['photo']}
0.0 []
Loss historical diff: 2.0302832126617432e-07; Loss Difference: 0.0, Decision: 0
Round 165 took 3.4184436798095703s, results:
{'t': 164, 'current_accuracy': 0.97265625, 'current_loss': 0.1189763955771923, 'train_loss': None, 'decision': 0, 'drift_rate': 0.0, 'target_domains': ['photo']}
0.4 ['cartoon']
Loss historical diff: 2.8235662411898375; Loss Difference: 0.0, Decision: 1
Average loss over 5 updates: 1.6849
Round 166 took 5.598614454269409s, results:
{'t': 165, 'current_accuracy': 0.62109375, 'current_loss': 2.9425424337387085, 'train_loss': 1.6848910450935364, 'decision': 1, 'drift_rate': 0.4, 'target_domains': ['cartoon']}
0.4 ['cartoon']
Loss historical diff: 3.7580465506762266; Loss Difference: 0.0, Decision: 1
Average loss over 5 updates: 2.1851
Round 167 took 5.649790048599243s, results:
{'t': 166, 'current_accuracy': 0.421875, 'current_loss': 3.8770227432250977, 'train_loss': 2.185060811042786, 'decision': 1, 'drift_rate': 0.4, 'target_domains': ['cartoon']}
0.4 ['cartoon']
Loss historical diff: 4.850295944139361; Loss Difference: 0.0, Decision: 1
Average loss over 5 updates: 1.7055
Round 168 took 5.657440423965454s, results:
{'t': 167, 'current_accuracy': 0.39453125, 'current_loss': 4.969272136688232, 'train_loss': 1.7055213689804076, 'decision': 1, 'drift_rate': 0.4, 'target_domains': ['cartoon']}
0.0 []
Loss historical diff: 6.213439865037799; Loss Difference: 0.0, Decision: 1
Average loss over 5 updates: 1.2602
Round 169 took 5.580899953842163s, results:
{'t': 168, 'current_accuracy': 0.28515625, 'current_loss': 6.33241605758667, 'train_loss': 1.2601741552352905, 'decision': 1, 'drift_rate': 0.0, 'target_domains': ['cartoon']}
0.0 []
Loss historical diff: 1.3754111360758543; Loss Difference: 0.0, Decision: 1
Average loss over 5 updates: 0.8431
Round 170 took 5.7331929206848145s, results:
{'t': 169, 'current_accuracy': 0.59375, 'current_loss': 1.4943873286247253, 'train_loss': 0.8431165218353271, 'decision': 1, 'drift_rate': 0.0, 'target_domains': ['cartoon']}
0.0 []
Loss historical diff: 1.084612114354968; Loss Difference: 0.0, Decision: 1
Average loss over 5 updates: 0.7401
Round 171 took 5.540930271148682s, results:
{'t': 170, 'current_accuracy': 0.6875, 'current_loss': 1.2035883069038391, 'train_loss': 0.7400557279586792, 'decision': 1, 'drift_rate': 0.0, 'target_domains': ['cartoon']}
0.0 []
Loss historical diff: 1.3474999498575926; Loss Difference: 0.0, Decision: 1
Average loss over 5 updates: 0.6758
Round 172 took 5.732612371444702s, results:
{'t': 171, 'current_accuracy': 0.59375, 'current_loss': 1.4664761424064636, 'train_loss': 0.6757735490798951, 'decision': 1, 'drift_rate': 0.0, 'target_domains': ['cartoon']}
0.0 []
Loss historical diff: 1.0417978595942259; Loss Difference: 0.0, Decision: 1
Average loss over 5 updates: 0.5249
Round 173 took 5.9287285804748535s, results:
{'t': 172, 'current_accuracy': 0.62109375, 'current_loss': 1.160774052143097, 'train_loss': 0.5249209344387055, 'decision': 1, 'drift_rate': 0.0, 'target_domains': ['cartoon']}
0.0 []
Loss historical diff: 0.8199499677866697; Loss Difference: 0.0, Decision: 1
Average loss over 5 updates: 0.4575
Round 174 took 5.585362672805786s, results:
{'t': 173, 'current_accuracy': 0.7109375, 'current_loss': 0.9389261603355408, 'train_loss': 0.4574711263179779, 'decision': 1, 'drift_rate': 0.0, 'target_domains': ['cartoon']}
0.0 []
Loss historical diff: 1.6290505956858397; Loss Difference: 0.0, Decision: 1
Average loss over 5 updates: 0.4443
Round 175 took 5.627234697341919s, results:
{'t': 174, 'current_accuracy': 0.58203125, 'current_loss': 1.7480267882347107, 'train_loss': 0.4442972421646118, 'decision': 1, 'drift_rate': 0.0, 'target_domains': ['cartoon']}
0.0 []
Loss historical diff: 0.8339123260229826; Loss Difference: 0.0, Decision: 1
Average loss over 5 updates: 0.4076
Round 176 took 5.434382200241089s, results:
{'t': 175, 'current_accuracy': 0.71875, 'current_loss': 0.9528885185718536, 'train_loss': 0.4076101541519165, 'decision': 1, 'drift_rate': 0.0, 'target_domains': ['cartoon']}
0.0 []
Loss historical diff: 1.3192980121821165; Loss Difference: 0.0, Decision: 1
Average loss over 5 updates: 0.3165
Round 177 took 5.661648273468018s, results:
{'t': 176, 'current_accuracy': 0.578125, 'current_loss': 1.4382742047309875, 'train_loss': 0.31653560400009156, 'decision': 1, 'drift_rate': 0.0, 'target_domains': ['cartoon']}
0.0 []
Loss historical diff: 0.997913284227252; Loss Difference: 0.0, Decision: 1
Average loss over 5 updates: 0.2824
Round 178 took 5.682309865951538s, results:
{'t': 177, 'current_accuracy': 0.69921875, 'current_loss': 1.116889476776123, 'train_loss': 0.282427042722702, 'decision': 1, 'drift_rate': 0.0, 'target_domains': ['cartoon']}
0.0 []
Loss historical diff: 0.818915231153369; Loss Difference: 0.0, Decision: 1
Average loss over 5 updates: 0.2875
Round 179 took 5.674423933029175s, results:
{'t': 178, 'current_accuracy': 0.7109375, 'current_loss': 0.93789142370224, 'train_loss': 0.28747559189796446, 'decision': 1, 'drift_rate': 0.0, 'target_domains': ['cartoon']}
0.0 []
Loss historical diff: 1.1582851242274046; Loss Difference: 0.0, Decision: 1
Average loss over 5 updates: 0.2192
Round 180 took 5.605264902114868s, results:
{'t': 179, 'current_accuracy': 0.703125, 'current_loss': 1.2772613167762756, 'train_loss': 0.2191501408815384, 'decision': 1, 'drift_rate': 0.0, 'target_domains': ['cartoon']}
0.0 []
Loss historical diff: 0.8903617989271879; Loss Difference: 0.0, Decision: 1
Average loss over 5 updates: 0.1787
Round 181 took 5.4265336990356445s, results:
{'t': 180, 'current_accuracy': 0.69921875, 'current_loss': 1.009337991476059, 'train_loss': 0.17872727811336517, 'decision': 1, 'drift_rate': 0.0, 'target_domains': ['cartoon']}
0.0 []
Loss historical diff: 1.6304802130907774; Loss Difference: 0.0, Decision: 1
Average loss over 5 updates: 0.2024
Round 182 took 5.764082670211792s, results:
{'t': 181, 'current_accuracy': 0.61328125, 'current_loss': 1.7494564056396484, 'train_loss': 0.20241273641586305, 'decision': 1, 'drift_rate': 0.0, 'target_domains': ['cartoon']}
0.0 []
Loss historical diff: 0.49683566205203533; Loss Difference: 0.0, Decision: 0
Round 183 took 3.6448707580566406s, results:
{'t': 182, 'current_accuracy': 0.83203125, 'current_loss': 0.6158118546009064, 'train_loss': None, 'decision': 0, 'drift_rate': 0.0, 'target_domains': ['cartoon']}
0.0 []
Loss historical diff: 0.4968352448195219; Loss Difference: 0.0, Decision: 0
Round 184 took 3.4666104316711426s, results:
{'t': 183, 'current_accuracy': 0.83203125, 'current_loss': 0.6158114373683929, 'train_loss': None, 'decision': 0, 'drift_rate': 0.0, 'target_domains': ['cartoon']}
0.0 []
Loss historical diff: 0.4968355428427458; Loss Difference: 0.0, Decision: 0
Round 185 took 3.528167247772217s, results:
{'t': 184, 'current_accuracy': 0.83203125, 'current_loss': 0.6158117353916168, 'train_loss': None, 'decision': 0, 'drift_rate': 0.0, 'target_domains': ['cartoon']}
0.0 []
Loss historical diff: 0.49683566205203533; Loss Difference: 0.0, Decision: 0
Round 186 took 3.412104606628418s, results:
{'t': 185, 'current_accuracy': 0.83203125, 'current_loss': 0.6158118546009064, 'train_loss': None, 'decision': 0, 'drift_rate': 0.0, 'target_domains': ['cartoon']}
0.0 []
Loss historical diff: 0.49683563224971294; Loss Difference: 0.0, Decision: 0
Round 187 took 3.478907823562622s, results:
{'t': 186, 'current_accuracy': 0.83203125, 'current_loss': 0.615811824798584, 'train_loss': None, 'decision': 0, 'drift_rate': 0.0, 'target_domains': ['cartoon']}
0.0 []
Loss historical diff: 0.49683557264506817; Loss Difference: 0.0, Decision: 0
Round 188 took 3.4401254653930664s, results:
{'t': 187, 'current_accuracy': 0.83203125, 'current_loss': 0.6158117651939392, 'train_loss': None, 'decision': 0, 'drift_rate': 0.0, 'target_domains': ['cartoon']}
0.0 []
Loss historical diff: 0.4968355130404234; Loss Difference: 0.0, Decision: 0
Round 189 took 3.4251015186309814s, results:
{'t': 188, 'current_accuracy': 0.83203125, 'current_loss': 0.6158117055892944, 'train_loss': None, 'decision': 0, 'drift_rate': 0.0, 'target_domains': ['cartoon']}
0.0 []
Loss historical diff: 0.49683563224971294; Loss Difference: 0.0, Decision: 0
Round 190 took 3.57112193107605s, results:
{'t': 189, 'current_accuracy': 0.83203125, 'current_loss': 0.615811824798584, 'train_loss': None, 'decision': 0, 'drift_rate': 0.0, 'target_domains': ['cartoon']}
0.0 []
Loss historical diff: 0.49683563224971294; Loss Difference: 0.0, Decision: 0
Round 191 took 3.390437126159668s, results:
{'t': 190, 'current_accuracy': 0.83203125, 'current_loss': 0.615811824798584, 'train_loss': None, 'decision': 0, 'drift_rate': 0.0, 'target_domains': ['cartoon']}
0.0 []
Loss historical diff: 0.4968359898775816; Loss Difference: 0.0, Decision: 0
Round 192 took 3.4543821811676025s, results:
{'t': 191, 'current_accuracy': 0.83203125, 'current_loss': 0.6158121824264526, 'train_loss': None, 'decision': 0, 'drift_rate': 0.0, 'target_domains': ['cartoon']}
0.0 []
Loss historical diff: 0.49683581106364727; Loss Difference: 0.0, Decision: 0
Round 193 took 3.569967269897461s, results:
{'t': 192, 'current_accuracy': 0.83203125, 'current_loss': 0.6158120036125183, 'train_loss': None, 'decision': 0, 'drift_rate': 0.0, 'target_domains': ['cartoon']}
0.0 []
Loss historical diff: 0.4968323241919279; Loss Difference: 0.0, Decision: 0
Round 194 took 3.317103147506714s, results:
{'t': 193, 'current_accuracy': 0.83203125, 'current_loss': 0.615808516740799, 'train_loss': None, 'decision': 0, 'drift_rate': 0.0, 'target_domains': ['cartoon']}
0.0 []
Loss historical diff: 0.4968364965170622; Loss Difference: 0.0, Decision: 0
Round 195 took 3.445590019226074s, results:
{'t': 194, 'current_accuracy': 0.83203125, 'current_loss': 0.6158126890659332, 'train_loss': None, 'decision': 0, 'drift_rate': 0.0, 'target_domains': ['cartoon']}
0.0 []
Loss historical diff: 0.49683560244739056; Loss Difference: 0.0, Decision: 0
Round 196 took 3.591442108154297s, results:
{'t': 195, 'current_accuracy': 0.83203125, 'current_loss': 0.6158117949962616, 'train_loss': None, 'decision': 0, 'drift_rate': 0.0, 'target_domains': ['cartoon']}
0.0 []
Loss historical diff: 0.49683566205203533; Loss Difference: 0.0, Decision: 0
Round 197 took 3.501037120819092s, results:
{'t': 196, 'current_accuracy': 0.83203125, 'current_loss': 0.6158118546009064, 'train_loss': None, 'decision': 0, 'drift_rate': 0.0, 'target_domains': ['cartoon']}
0.0 []
Loss historical diff: 0.49683563224971294; Loss Difference: 0.0, Decision: 0
Round 198 took 3.4789013862609863s, results:
{'t': 197, 'current_accuracy': 0.83203125, 'current_loss': 0.615811824798584, 'train_loss': None, 'decision': 0, 'drift_rate': 0.0, 'target_domains': ['cartoon']}
0.0 []
Loss historical diff: 0.4968359600752592; Loss Difference: 0.0, Decision: 1
Average loss over 5 updates: 0.1360
Round 199 took 5.573101043701172s, results:
{'t': 198, 'current_accuracy': 0.83203125, 'current_loss': 0.6158121526241302, 'train_loss': 0.13602208942174912, 'decision': 1, 'drift_rate': 0.0, 'target_domains': ['cartoon']}
0.0 []
Loss historical diff: 0.4634744953364134; Loss Difference: 0.0, Decision: 0
Round 200 took 3.4657814502716064s, results:
{'t': 199, 'current_accuracy': 0.80859375, 'current_loss': 0.5824506878852844, 'train_loss': None, 'decision': 0, 'drift_rate': 0.0, 'target_domains': ['cartoon']}
0.0 []
Loss historical diff: 0.46347461454570293; Loss Difference: 0.0, Decision: 0
Round 201 took 3.4655585289001465s, results:
{'t': 200, 'current_accuracy': 0.80859375, 'current_loss': 0.582450807094574, 'train_loss': None, 'decision': 0, 'drift_rate': 0.0, 'target_domains': ['cartoon']}
0.0 []
Loss historical diff: 0.46347458474338055; Loss Difference: 0.0, Decision: 0
Round 202 took 3.538494110107422s, results:
{'t': 201, 'current_accuracy': 0.80859375, 'current_loss': 0.5824507772922516, 'train_loss': None, 'decision': 0, 'drift_rate': 0.0, 'target_domains': ['cartoon']}
0.0 []
Loss historical diff: 0.46347389928996563; Loss Difference: 0.0, Decision: 0
Round 203 took 3.566908121109009s, results:
{'t': 202, 'current_accuracy': 0.80859375, 'current_loss': 0.5824500918388367, 'train_loss': None, 'decision': 0, 'drift_rate': 0.0, 'target_domains': ['cartoon']}
0.0 []
Loss historical diff: 0.4634744357317686; Loss Difference: 0.0, Decision: 0
Round 204 took 3.611837148666382s, results:
{'t': 203, 'current_accuracy': 0.80859375, 'current_loss': 0.5824506282806396, 'train_loss': None, 'decision': 0, 'drift_rate': 0.0, 'target_domains': ['cartoon']}
0.0 []
Loss historical diff: 0.46347458474338055; Loss Difference: 0.0, Decision: 0
Round 205 took 3.582368850708008s, results:
{'t': 204, 'current_accuracy': 0.80859375, 'current_loss': 0.5824507772922516, 'train_loss': None, 'decision': 0, 'drift_rate': 0.0, 'target_domains': ['cartoon']}
0.0 []
Loss historical diff: 0.46347452513873577; Loss Difference: 0.0, Decision: 0
Round 206 took 3.4481282234191895s, results:
{'t': 205, 'current_accuracy': 0.80859375, 'current_loss': 0.5824507176876068, 'train_loss': None, 'decision': 0, 'drift_rate': 0.0, 'target_domains': ['cartoon']}
0.0 []
Loss historical diff: 0.4634751509875059; Loss Difference: 0.0, Decision: 0
Round 207 took 3.6933987140655518s, results:
{'t': 206, 'current_accuracy': 0.80859375, 'current_loss': 0.582451343536377, 'train_loss': None, 'decision': 0, 'drift_rate': 0.0, 'target_domains': ['cartoon']}
0.0 []
Loss historical diff: 0.46347458474338055; Loss Difference: 0.0, Decision: 0
Round 208 took 3.469452381134033s, results:
{'t': 207, 'current_accuracy': 0.80859375, 'current_loss': 0.5824507772922516, 'train_loss': None, 'decision': 0, 'drift_rate': 0.0, 'target_domains': ['cartoon']}
0.0 []
Loss historical diff: 0.46347462944686413; Loss Difference: 0.0, Decision: 0
Round 209 took 3.8647854328155518s, results:
{'t': 208, 'current_accuracy': 0.80859375, 'current_loss': 0.5824508219957352, 'train_loss': None, 'decision': 0, 'drift_rate': 0.0, 'target_domains': ['cartoon']}
0.0 []
Loss historical diff: 0.4634749423712492; Loss Difference: 0.0, Decision: 0
Round 210 took 4.113131284713745s, results:
{'t': 209, 'current_accuracy': 0.80859375, 'current_loss': 0.5824511349201202, 'train_loss': None, 'decision': 0, 'drift_rate': 0.0, 'target_domains': ['cartoon']}
0.0 []
Loss historical diff: 0.4634742271155119; Loss Difference: 0.0, Decision: 0
Round 211 took 3.5564076900482178s, results:
{'t': 210, 'current_accuracy': 0.80859375, 'current_loss': 0.5824504196643829, 'train_loss': None, 'decision': 0, 'drift_rate': 0.0, 'target_domains': ['cartoon']}
0.0 []
Loss historical diff: 0.46347452513873577; Loss Difference: 0.0, Decision: 1
Average loss over 5 updates: 0.1125
Round 212 took 5.875364542007446s, results:
{'t': 211, 'current_accuracy': 0.80859375, 'current_loss': 0.5824507176876068, 'train_loss': 0.11254670917987823, 'decision': 1, 'drift_rate': 0.0, 'target_domains': ['cartoon']}
0.0 []
Loss historical diff: 0.4224897902458906; Loss Difference: 0.0, Decision: 0
Round 213 took 3.8580052852630615s, results:
{'t': 212, 'current_accuracy': 0.85546875, 'current_loss': 0.5414659827947617, 'train_loss': None, 'decision': 0, 'drift_rate': 0.0, 'target_domains': ['cartoon']}
0.0 []
Loss historical diff: 0.4224898647516966; Loss Difference: 0.0, Decision: 0
Round 214 took 3.769108533859253s, results:
{'t': 213, 'current_accuracy': 0.85546875, 'current_loss': 0.5414660573005676, 'train_loss': None, 'decision': 0, 'drift_rate': 0.0, 'target_domains': ['cartoon']}
0.0 []
Loss historical diff: 0.4224898349493742; Loss Difference: 0.0, Decision: 0
Round 215 took 3.5436205863952637s, results:
{'t': 214, 'current_accuracy': 0.85546875, 'current_loss': 0.5414660274982452, 'train_loss': None, 'decision': 0, 'drift_rate': 0.0, 'target_domains': ['cartoon']}
0.0 []
Loss historical diff: 0.42248947732150555; Loss Difference: 0.0, Decision: 0
Round 216 took 3.5510354042053223s, results:
{'t': 215, 'current_accuracy': 0.85546875, 'current_loss': 0.5414656698703766, 'train_loss': None, 'decision': 0, 'drift_rate': 0.0, 'target_domains': ['cartoon']}
0.0 []
Loss historical diff: 0.4224898647516966; Loss Difference: 0.0, Decision: 0
Round 217 took 3.745332717895508s, results:
{'t': 216, 'current_accuracy': 0.85546875, 'current_loss': 0.5414660573005676, 'train_loss': None, 'decision': 0, 'drift_rate': 0.0, 'target_domains': ['cartoon']}
0.0 []
Loss historical diff: 0.4224898349493742; Loss Difference: 0.0, Decision: 0
Round 218 took 3.5073394775390625s, results:
{'t': 217, 'current_accuracy': 0.85546875, 'current_loss': 0.5414660274982452, 'train_loss': None, 'decision': 0, 'drift_rate': 0.0, 'target_domains': ['cartoon']}
0.0 []
Loss historical diff: 0.42248990945518017; Loss Difference: 0.0, Decision: 0
Round 219 took 3.7977476119995117s, results:
{'t': 218, 'current_accuracy': 0.85546875, 'current_loss': 0.5414661020040512, 'train_loss': None, 'decision': 0, 'drift_rate': 0.0, 'target_domains': ['cartoon']}
0.0 []
Loss historical diff: 0.4224901031702757; Loss Difference: 0.0, Decision: 0
Round 220 took 3.52838397026062s, results:
{'t': 219, 'current_accuracy': 0.85546875, 'current_loss': 0.5414662957191467, 'train_loss': None, 'decision': 0, 'drift_rate': 0.0, 'target_domains': ['cartoon']}
0.0 []
Loss historical diff: 0.42248926870524883; Loss Difference: 0.0, Decision: 0
Round 221 took 3.466151714324951s, results:
{'t': 220, 'current_accuracy': 0.85546875, 'current_loss': 0.5414654612541199, 'train_loss': None, 'decision': 0, 'drift_rate': 0.0, 'target_domains': ['cartoon']}
0.0 []
Loss historical diff: 0.4224897902458906; Loss Difference: 0.0, Decision: 0
Round 222 took 3.417083740234375s, results:
{'t': 221, 'current_accuracy': 0.85546875, 'current_loss': 0.5414659827947617, 'train_loss': None, 'decision': 0, 'drift_rate': 0.0, 'target_domains': ['cartoon']}
0.0 []
Loss historical diff: 0.4224896561354399; Loss Difference: 0.0, Decision: 0
Round 223 took 3.9131481647491455s, results:
{'t': 222, 'current_accuracy': 0.85546875, 'current_loss': 0.5414658486843109, 'train_loss': None, 'decision': 0, 'drift_rate': 0.0, 'target_domains': ['cartoon']}
0.0 []
Loss historical diff: 0.42249090783298016; Loss Difference: 0.0, Decision: 0
Round 224 took 3.4831693172454834s, results:
{'t': 223, 'current_accuracy': 0.85546875, 'current_loss': 0.5414671003818512, 'train_loss': None, 'decision': 0, 'drift_rate': 0.0, 'target_domains': ['cartoon']}
0.0 []
Loss historical diff: 0.4224898498505354; Loss Difference: 0.0, Decision: 1
Average loss over 5 updates: 0.1467
Round 225 took 5.617805480957031s, results:
{'t': 224, 'current_accuracy': 0.85546875, 'current_loss': 0.5414660423994064, 'train_loss': 0.14671993255615234, 'decision': 1, 'drift_rate': 0.0, 'target_domains': ['cartoon']}
0.0 []
Loss historical diff: 0.6371854674071074; Loss Difference: 0.0, Decision: 1
Average loss over 5 updates: 0.1119
Round 226 took 5.9062840938568115s, results:
{'t': 225, 'current_accuracy': 0.80078125, 'current_loss': 0.7561616599559784, 'train_loss': 0.1118617445230484, 'decision': 1, 'drift_rate': 0.0, 'target_domains': ['cartoon']}
0.0 []
Loss historical diff: 0.6753168534487486; Loss Difference: 0.0, Decision: 1
Average loss over 5 updates: 0.1018
Round 227 took 6.147185325622559s, results:
{'t': 226, 'current_accuracy': 0.765625, 'current_loss': 0.7942930459976196, 'train_loss': 0.1017565444111824, 'decision': 1, 'drift_rate': 0.0, 'target_domains': ['cartoon']}
0.0 []
Loss historical diff: 0.6144538354128599; Loss Difference: 0.0, Decision: 1
Average loss over 5 updates: 0.0761
Round 228 took 6.109828472137451s, results:
{'t': 227, 'current_accuracy': 0.7890625, 'current_loss': 0.733430027961731, 'train_loss': 0.07605712711811066, 'decision': 1, 'drift_rate': 0.0, 'target_domains': ['cartoon']}
0.0 []
Loss historical diff: 0.3646045755594969; Loss Difference: 0.0, Decision: 0
Round 229 took 3.54833722114563s, results:
{'t': 228, 'current_accuracy': 0.84375, 'current_loss': 0.4835807681083679, 'train_loss': None, 'decision': 0, 'drift_rate': 0.0, 'target_domains': ['cartoon']}
0.0 []
Loss historical diff: 0.36460460536181927; Loss Difference: 0.0, Decision: 0
Round 230 took 4.084085464477539s, results:
{'t': 229, 'current_accuracy': 0.84375, 'current_loss': 0.4835807979106903, 'train_loss': None, 'decision': 0, 'drift_rate': 0.0, 'target_domains': ['cartoon']}
0.0 []
Loss historical diff: 0.36460467986762524; Loss Difference: 0.0, Decision: 0
Round 231 took 3.684318780899048s, results:
{'t': 230, 'current_accuracy': 0.84375, 'current_loss': 0.4835808724164963, 'train_loss': None, 'decision': 0, 'drift_rate': 0.0, 'target_domains': ['cartoon']}
0.0 []
Loss historical diff: 0.36460463516414165; Loss Difference: 0.0, Decision: 0
Round 232 took 3.445866584777832s, results:
{'t': 231, 'current_accuracy': 0.84375, 'current_loss': 0.4835808277130127, 'train_loss': None, 'decision': 0, 'drift_rate': 0.0, 'target_domains': ['cartoon']}
0.0 []
Loss historical diff: 0.36460465006530285; Loss Difference: 0.0, Decision: 0
Round 233 took 3.792503833770752s, results:
{'t': 232, 'current_accuracy': 0.84375, 'current_loss': 0.4835808426141739, 'train_loss': None, 'decision': 0, 'drift_rate': 0.0, 'target_domains': ['cartoon']}
0.0 []
Loss historical diff: 0.3646040689200163; Loss Difference: 0.0, Decision: 0
Round 234 took 3.85577392578125s, results:
{'t': 233, 'current_accuracy': 0.84375, 'current_loss': 0.48358026146888733, 'train_loss': None, 'decision': 0, 'drift_rate': 0.0, 'target_domains': ['cartoon']}
0.0 []
Loss historical diff: 0.36460466496646404; Loss Difference: 0.0, Decision: 0
Round 235 took 3.841952323913574s, results:
{'t': 234, 'current_accuracy': 0.84375, 'current_loss': 0.4835808575153351, 'train_loss': None, 'decision': 0, 'drift_rate': 0.0, 'target_domains': ['cartoon']}
0.0 []
Loss historical diff: 0.36460469476878643; Loss Difference: 0.0, Decision: 0
Round 236 took 3.9448184967041016s, results:
{'t': 235, 'current_accuracy': 0.84375, 'current_loss': 0.48358088731765747, 'train_loss': None, 'decision': 0, 'drift_rate': 0.0, 'target_domains': ['cartoon']}
0.0 []
Loss historical diff: 0.3646045755594969; Loss Difference: 0.0, Decision: 0
Round 237 took 4.133260488510132s, results:
{'t': 236, 'current_accuracy': 0.84375, 'current_loss': 0.4835807681083679, 'train_loss': None, 'decision': 0, 'drift_rate': 0.0, 'target_domains': ['cartoon']}
0.0 []
Loss historical diff: 0.3646047096699476; Loss Difference: 0.0, Decision: 0
Round 238 took 4.012993812561035s, results:
{'t': 237, 'current_accuracy': 0.84375, 'current_loss': 0.48358090221881866, 'train_loss': None, 'decision': 0, 'drift_rate': 0.0, 'target_domains': ['cartoon']}
0.0 []
Loss historical diff: 0.3646047543734312; Loss Difference: 0.0, Decision: 0
Round 239 took 4.227993488311768s, results:
{'t': 238, 'current_accuracy': 0.84375, 'current_loss': 0.48358094692230225, 'train_loss': None, 'decision': 0, 'drift_rate': 0.0, 'target_domains': ['cartoon']}
0.0 []
Loss historical diff: 0.3646043073385954; Loss Difference: 0.0, Decision: 0
Round 240 took 3.83624529838562s, results:
{'t': 239, 'current_accuracy': 0.84375, 'current_loss': 0.48358049988746643, 'train_loss': None, 'decision': 0, 'drift_rate': 0.0, 'target_domains': ['cartoon']}
0.0 []
Loss historical diff: 0.36460467986762524; Loss Difference: 0.0, Decision: 0
Round 241 took 4.060222864151001s, results:
{'t': 240, 'current_accuracy': 0.84375, 'current_loss': 0.4835808724164963, 'train_loss': None, 'decision': 0, 'drift_rate': 0.0, 'target_domains': ['cartoon']}
0.0 []
Loss historical diff: 0.3646045904606581; Loss Difference: 0.0, Decision: 0
Round 242 took 3.8933603763580322s, results:
{'t': 241, 'current_accuracy': 0.84375, 'current_loss': 0.4835807830095291, 'train_loss': None, 'decision': 0, 'drift_rate': 0.0, 'target_domains': ['cartoon']}
0.0 []
Loss historical diff: 0.364604813978076; Loss Difference: 0.0, Decision: 0
Round 243 took 3.9981396198272705s, results:
{'t': 242, 'current_accuracy': 0.84375, 'current_loss': 0.483581006526947, 'train_loss': None, 'decision': 0, 'drift_rate': 0.0, 'target_domains': ['cartoon']}
0.0 []
Loss historical diff: 0.36460465006530285; Loss Difference: 0.0, Decision: 0
Round 244 took 3.9978702068328857s, results:
{'t': 243, 'current_accuracy': 0.84375, 'current_loss': 0.4835808426141739, 'train_loss': None, 'decision': 0, 'drift_rate': 0.0, 'target_domains': ['cartoon']}
0.0 []
Loss historical diff: 0.3646045904606581; Loss Difference: 0.0, Decision: 0
Round 245 took 4.113283157348633s, results:
{'t': 244, 'current_accuracy': 0.84375, 'current_loss': 0.4835807830095291, 'train_loss': None, 'decision': 0, 'drift_rate': 0.0, 'target_domains': ['cartoon']}
0.0 []
Loss historical diff: 0.36460466496646404; Loss Difference: 0.0, Decision: 0
Round 246 took 4.083468914031982s, results:
{'t': 245, 'current_accuracy': 0.84375, 'current_loss': 0.4835808575153351, 'train_loss': None, 'decision': 0, 'drift_rate': 0.0, 'target_domains': ['cartoon']}
0.0 []
Loss historical diff: 0.36460460536181927; Loss Difference: 0.0, Decision: 0
Round 247 took 4.00392746925354s, results:
{'t': 246, 'current_accuracy': 0.84375, 'current_loss': 0.4835807979106903, 'train_loss': None, 'decision': 0, 'drift_rate': 0.0, 'target_domains': ['cartoon']}
0.0 []
Loss historical diff: 0.36460444144904613; Loss Difference: 0.0, Decision: 0
Round 248 took 4.17931604385376s, results:
{'t': 247, 'current_accuracy': 0.84375, 'current_loss': 0.4835806339979172, 'train_loss': None, 'decision': 0, 'drift_rate': 0.0, 'target_domains': ['cartoon']}
0.0 []
Loss historical diff: 0.36460463516414165; Loss Difference: 0.0, Decision: 0
Round 249 took 4.048604965209961s, results:
{'t': 248, 'current_accuracy': 0.84375, 'current_loss': 0.4835808277130127, 'train_loss': None, 'decision': 0, 'drift_rate': 0.0, 'target_domains': ['cartoon']}
0.0 []
Loss historical diff: 0.3646040242165327; Loss Difference: 0.0, Decision: 0
Round 250 took 4.199417352676392s, results:
{'t': 249, 'current_accuracy': 0.84375, 'current_loss': 0.48358021676540375, 'train_loss': None, 'decision': 0, 'drift_rate': 0.0, 'target_domains': ['cartoon']}
Average time per round: 3.796724747657776
Total time: 949.181186914444
