HTTP Error 429 thrown while requesting HEAD https://huggingface.co/datasets/flwrlabs/pacs/resolve/main/README.md
Retrying in 1s [Retry 1/5].
HTTP Error 429 thrown while requesting HEAD https://huggingface.co/datasets/flwrlabs/pacs/resolve/main/README.md
Retrying in 2s [Retry 2/5].
HTTP Error 429 thrown while requesting HEAD https://huggingface.co/datasets/flwrlabs/pacs/resolve/main/README.md
Retrying in 4s [Retry 3/5].
HTTP Error 429 thrown while requesting HEAD https://huggingface.co/datasets/flwrlabs/pacs/resolve/main/README.md
Retrying in 8s [Retry 4/5].
HTTP Error 429 thrown while requesting HEAD https://huggingface.co/datasets/flwrlabs/pacs/resolve/main/README.md
Retrying in 8s [Retry 5/5].
HTTP Error 429 thrown while requesting HEAD https://huggingface.co/datasets/flwrlabs/pacs/resolve/main/README.md
HTTP Error 429 thrown while requesting HEAD https://huggingface.co/datasets/flwrlabs/pacs/resolve/394113073258ead631f617d2e13bb377c0715c4b/pacs.py
Retrying in 1s [Retry 1/5].
HTTP Error 429 thrown while requesting HEAD https://huggingface.co/datasets/flwrlabs/pacs/resolve/394113073258ead631f617d2e13bb377c0715c4b/pacs.py
Retrying in 2s [Retry 2/5].
HTTP Error 429 thrown while requesting HEAD https://huggingface.co/datasets/flwrlabs/pacs/resolve/394113073258ead631f617d2e13bb377c0715c4b/pacs.py
Retrying in 4s [Retry 3/5].
HTTP Error 429 thrown while requesting HEAD https://huggingface.co/datasets/flwrlabs/pacs/resolve/394113073258ead631f617d2e13bb377c0715c4b/pacs.py
Retrying in 8s [Retry 4/5].
HTTP Error 429 thrown while requesting HEAD https://huggingface.co/datasets/flwrlabs/pacs/resolve/394113073258ead631f617d2e13bb377c0715c4b/pacs.py
Retrying in 8s [Retry 5/5].
HTTP Error 429 thrown while requesting HEAD https://huggingface.co/datasets/flwrlabs/pacs/resolve/394113073258ead631f617d2e13bb377c0715c4b/pacs.py
Using the latest cached version of the dataset since flwrlabs/pacs couldn't be found on the Hugging Face Hub
Found the latest cached dataset configuration 'default' at /home/apiasecz/.cache/huggingface/datasets/flwrlabs___pacs/default/0.0.0/394113073258ead631f617d2e13bb377c0715c4b (last modified on Wed Jan 29 16:59:35 2025).
HTTP Error 429 thrown while requesting HEAD https://huggingface.co/datasets/flwrlabs/pacs/resolve/main/README.md
Retrying in 1s [Retry 1/5].
HTTP Error 429 thrown while requesting HEAD https://huggingface.co/datasets/flwrlabs/pacs/resolve/main/README.md
Retrying in 2s [Retry 2/5].
HTTP Error 429 thrown while requesting HEAD https://huggingface.co/datasets/flwrlabs/pacs/resolve/main/README.md
Retrying in 4s [Retry 3/5].
HTTP Error 429 thrown while requesting HEAD https://huggingface.co/datasets/flwrlabs/pacs/resolve/main/README.md
Retrying in 8s [Retry 4/5].
HTTP Error 429 thrown while requesting HEAD https://huggingface.co/datasets/flwrlabs/pacs/resolve/main/README.md
Retrying in 8s [Retry 5/5].
HTTP Error 429 thrown while requesting HEAD https://huggingface.co/datasets/flwrlabs/pacs/resolve/main/README.md
HTTP Error 429 thrown while requesting HEAD https://huggingface.co/datasets/flwrlabs/pacs/resolve/394113073258ead631f617d2e13bb377c0715c4b/pacs.py
Retrying in 1s [Retry 1/5].
HTTP Error 429 thrown while requesting HEAD https://huggingface.co/datasets/flwrlabs/pacs/resolve/394113073258ead631f617d2e13bb377c0715c4b/pacs.py
Retrying in 2s [Retry 2/5].
HTTP Error 429 thrown while requesting HEAD https://huggingface.co/datasets/flwrlabs/pacs/resolve/394113073258ead631f617d2e13bb377c0715c4b/pacs.py
Retrying in 4s [Retry 3/5].
HTTP Error 429 thrown while requesting HEAD https://huggingface.co/datasets/flwrlabs/pacs/resolve/394113073258ead631f617d2e13bb377c0715c4b/pacs.py
Retrying in 8s [Retry 4/5].
HTTP Error 429 thrown while requesting HEAD https://huggingface.co/datasets/flwrlabs/pacs/resolve/394113073258ead631f617d2e13bb377c0715c4b/pacs.py
Retrying in 8s [Retry 5/5].
HTTP Error 429 thrown while requesting HEAD https://huggingface.co/datasets/flwrlabs/pacs/resolve/394113073258ead631f617d2e13bb377c0715c4b/pacs.py
Using the latest cached version of the dataset since flwrlabs/pacs couldn't be found on the Hugging Face Hub
Found the latest cached dataset configuration 'default' at /home/apiasecz/.cache/huggingface/datasets/flwrlabs___pacs/default/0.0.0/394113073258ead631f617d2e13bb377c0715c4b (last modified on Wed Jan 29 16:59:35 2025).
HTTP Error 429 thrown while requesting HEAD https://huggingface.co/datasets/flwrlabs/pacs/resolve/main/README.md
Retrying in 1s [Retry 1/5].
HTTP Error 429 thrown while requesting HEAD https://huggingface.co/datasets/flwrlabs/pacs/resolve/main/README.md
Retrying in 2s [Retry 2/5].
HTTP Error 429 thrown while requesting HEAD https://huggingface.co/datasets/flwrlabs/pacs/resolve/main/README.md
Retrying in 4s [Retry 3/5].
HTTP Error 429 thrown while requesting HEAD https://huggingface.co/datasets/flwrlabs/pacs/resolve/main/README.md
Retrying in 8s [Retry 4/5].
HTTP Error 429 thrown while requesting HEAD https://huggingface.co/datasets/flwrlabs/pacs/resolve/main/README.md
Retrying in 8s [Retry 5/5].
HTTP Error 429 thrown while requesting HEAD https://huggingface.co/datasets/flwrlabs/pacs/resolve/main/README.md
HTTP Error 429 thrown while requesting HEAD https://huggingface.co/datasets/flwrlabs/pacs/resolve/394113073258ead631f617d2e13bb377c0715c4b/pacs.py
Retrying in 1s [Retry 1/5].
HTTP Error 429 thrown while requesting HEAD https://huggingface.co/datasets/flwrlabs/pacs/resolve/394113073258ead631f617d2e13bb377c0715c4b/pacs.py
Retrying in 2s [Retry 2/5].
HTTP Error 429 thrown while requesting HEAD https://huggingface.co/datasets/flwrlabs/pacs/resolve/394113073258ead631f617d2e13bb377c0715c4b/pacs.py
Retrying in 4s [Retry 3/5].
HTTP Error 429 thrown while requesting HEAD https://huggingface.co/datasets/flwrlabs/pacs/resolve/394113073258ead631f617d2e13bb377c0715c4b/pacs.py
Retrying in 8s [Retry 4/5].
HTTP Error 429 thrown while requesting HEAD https://huggingface.co/datasets/flwrlabs/pacs/resolve/394113073258ead631f617d2e13bb377c0715c4b/pacs.py
Retrying in 8s [Retry 5/5].
HTTP Error 429 thrown while requesting HEAD https://huggingface.co/datasets/flwrlabs/pacs/resolve/394113073258ead631f617d2e13bb377c0715c4b/pacs.py
Using the latest cached version of the dataset since flwrlabs/pacs couldn't be found on the Hugging Face Hub
Found the latest cached dataset configuration 'default' at /home/apiasecz/.cache/huggingface/datasets/flwrlabs___pacs/default/0.0.0/394113073258ead631f617d2e13bb377c0715c4b (last modified on Wed Jan 29 16:59:35 2025).
Device: cuda
CUDA Version: 12.1
cuDNN Version: 8902
PyTorch Version: 2.3.0

Model used: PACSCNN
Initial dataset creation
Initial dataset creation
Initial loss: 27.586103439331055
<__main__.Policy object at 0x1551170515e0>
27.586103439331055
Loss historical diff: 3.231167793273926; Loss Difference: 0.0, Decision: 1
Average loss over 5 updates: 0.5947
Round 1 took 5.742840528488159s, results:
{'t': 0, 'current_accuracy': 0.09765625, 'current_loss': 30.81727123260498, 'train_loss': 0.5947344779968262, 'decision': 1, 'drift_rate': 0.0, 'target_domains': ['cartoon']}
Loss historical diff: 0.0; Loss Difference: 0.0, Decision: 0
Round 2 took 3.1058645248413086s, results:
{'t': 1, 'current_accuracy': 0.42578125, 'current_loss': 3.5862226486206055, 'train_loss': None, 'decision': 0, 'drift_rate': 0.0, 'target_domains': ['cartoon']}
Loss historical diff: 0.0; Loss Difference: 0.0, Decision: 0
Round 3 took 3.1694610118865967s, results:
{'t': 2, 'current_accuracy': 0.42578125, 'current_loss': 3.5862224102020264, 'train_loss': None, 'decision': 0, 'drift_rate': 0.0, 'target_domains': ['cartoon']}
Loss historical diff: 5.960464477539062e-07; Loss Difference: 0.0, Decision: 0
Round 4 took 3.0804522037506104s, results:
{'t': 3, 'current_accuracy': 0.42578125, 'current_loss': 3.586223006248474, 'train_loss': None, 'decision': 0, 'drift_rate': 0.0, 'target_domains': ['cartoon']}
Loss historical diff: 3.5762786865234375e-07; Loss Difference: 0.0, Decision: 0
Round 5 took 2.9139418601989746s, results:
{'t': 4, 'current_accuracy': 0.42578125, 'current_loss': 3.586222767829895, 'train_loss': None, 'decision': 0, 'drift_rate': 0.0, 'target_domains': ['cartoon']}
Loss historical diff: 2.384185791015625e-07; Loss Difference: 0.0, Decision: 0
Round 6 took 2.947251558303833s, results:
{'t': 5, 'current_accuracy': 0.42578125, 'current_loss': 3.5862226486206055, 'train_loss': None, 'decision': 0, 'drift_rate': 0.0, 'target_domains': ['cartoon']}
Loss historical diff: 1.1920928955078125e-07; Loss Difference: 0.0, Decision: 0
Round 7 took 2.9351470470428467s, results:
{'t': 6, 'current_accuracy': 0.42578125, 'current_loss': 3.586222529411316, 'train_loss': None, 'decision': 0, 'drift_rate': 0.0, 'target_domains': ['cartoon']}
Loss historical diff: 1.1920928955078125e-07; Loss Difference: 0.0, Decision: 0
Round 8 took 2.8976686000823975s, results:
{'t': 7, 'current_accuracy': 0.42578125, 'current_loss': 3.586222529411316, 'train_loss': None, 'decision': 0, 'drift_rate': 0.0, 'target_domains': ['cartoon']}
Loss historical diff: 0.0; Loss Difference: 0.0, Decision: 0
Round 9 took 2.9515182971954346s, results:
{'t': 8, 'current_accuracy': 0.42578125, 'current_loss': 3.58622145652771, 'train_loss': None, 'decision': 0, 'drift_rate': 0.0, 'target_domains': ['cartoon']}
Loss historical diff: 0.0; Loss Difference: 0.0, Decision: 0
Round 10 took 2.8520665168762207s, results:
{'t': 9, 'current_accuracy': 0.42578125, 'current_loss': 3.5862213373184204, 'train_loss': None, 'decision': 0, 'drift_rate': 0.0, 'target_domains': ['cartoon']}
Loss historical diff: 5.960464477539062e-07; Loss Difference: 0.0, Decision: 0
Round 11 took 3.120119333267212s, results:
{'t': 10, 'current_accuracy': 0.42578125, 'current_loss': 3.586221933364868, 'train_loss': None, 'decision': 0, 'drift_rate': 0.0, 'target_domains': ['cartoon']}
Loss historical diff: 1.430511474609375e-06; Loss Difference: 0.0, Decision: 0
Round 12 took 3.0544819831848145s, results:
{'t': 11, 'current_accuracy': 0.42578125, 'current_loss': 3.586222767829895, 'train_loss': None, 'decision': 0, 'drift_rate': 0.0, 'target_domains': ['cartoon']}
Loss historical diff: 9.5367431640625e-07; Loss Difference: 0.0, Decision: 0
Round 13 took 2.86788272857666s, results:
{'t': 12, 'current_accuracy': 0.42578125, 'current_loss': 3.586222290992737, 'train_loss': None, 'decision': 0, 'drift_rate': 0.0, 'target_domains': ['cartoon']}
Loss historical diff: 7.152557373046875e-07; Loss Difference: 0.0, Decision: 0
Round 14 took 3.2517340183258057s, results:
{'t': 13, 'current_accuracy': 0.42578125, 'current_loss': 3.5862220525741577, 'train_loss': None, 'decision': 0, 'drift_rate': 0.0, 'target_domains': ['cartoon']}
Loss historical diff: 1.3113021850585938e-06; Loss Difference: 0.0, Decision: 0
Round 15 took 2.8375492095947266s, results:
{'t': 14, 'current_accuracy': 0.42578125, 'current_loss': 3.5862226486206055, 'train_loss': None, 'decision': 0, 'drift_rate': 0.0, 'target_domains': ['cartoon']}
Loss historical diff: 4.76837158203125e-07; Loss Difference: 0.0, Decision: 0
Round 16 took 3.06476092338562s, results:
{'t': 15, 'current_accuracy': 0.42578125, 'current_loss': 3.5862218141555786, 'train_loss': None, 'decision': 0, 'drift_rate': 0.0, 'target_domains': ['cartoon']}
Loss historical diff: 1.1920928955078125e-06; Loss Difference: 0.0, Decision: 0
Round 17 took 3.1532645225524902s, results:
{'t': 16, 'current_accuracy': 0.42578125, 'current_loss': 3.586222529411316, 'train_loss': None, 'decision': 0, 'drift_rate': 0.0, 'target_domains': ['cartoon']}
Loss historical diff: 9.5367431640625e-07; Loss Difference: 0.0, Decision: 0
Round 18 took 2.9671409130096436s, results:
{'t': 17, 'current_accuracy': 0.42578125, 'current_loss': 3.586222290992737, 'train_loss': None, 'decision': 0, 'drift_rate': 0.0, 'target_domains': ['cartoon']}
Loss historical diff: 8.344650268554688e-07; Loss Difference: 0.0, Decision: 0
Round 19 took 2.861649990081787s, results:
{'t': 18, 'current_accuracy': 0.42578125, 'current_loss': 3.5862221717834473, 'train_loss': None, 'decision': 0, 'drift_rate': 0.0, 'target_domains': ['cartoon']}
Loss historical diff: 2.0265579223632812e-06; Loss Difference: 0.0, Decision: 0
Round 20 took 2.932926654815674s, results:
{'t': 19, 'current_accuracy': 0.42578125, 'current_loss': 3.5862233638763428, 'train_loss': None, 'decision': 0, 'drift_rate': 0.0, 'target_domains': ['cartoon']}
Loss historical diff: 1.4342576265335083; Loss Difference: 0.0, Decision: 1
Average loss over 5 updates: 1.3507
Round 21 took 5.038091659545898s, results:
{'t': 20, 'current_accuracy': 0.3203125, 'current_loss': 5.020478963851929, 'train_loss': 1.350724172592163, 'decision': 1, 'drift_rate': 0.35, 'target_domains': ['sketch']}
Loss historical diff: 0.0; Loss Difference: 0.0, Decision: 0
Round 22 took 3.5430262088775635s, results:
{'t': 21, 'current_accuracy': 0.3359375, 'current_loss': 3.437077522277832, 'train_loss': None, 'decision': 0, 'drift_rate': 0.35, 'target_domains': ['sketch']}
Loss historical diff: 0.5780960321426392; Loss Difference: 0.0, Decision: 1
Average loss over 5 updates: 1.9790
Round 23 took 5.299822092056274s, results:
{'t': 22, 'current_accuracy': 0.19921875, 'current_loss': 4.015173554420471, 'train_loss': 1.978972816467285, 'decision': 1, 'drift_rate': 0.35, 'target_domains': ['sketch']}
Loss historical diff: 0.6404247283935547; Loss Difference: 0.0, Decision: 1
Average loss over 5 updates: 1.0775
Round 24 took 6.164263725280762s, results:
{'t': 23, 'current_accuracy': 0.171875, 'current_loss': 4.077502250671387, 'train_loss': 1.0774855732917785, 'decision': 1, 'drift_rate': 0.0, 'target_domains': ['sketch']}
Loss historical diff: 0.0; Loss Difference: 0.0, Decision: 0
Round 25 took 3.0408008098602295s, results:
{'t': 24, 'current_accuracy': 0.39453125, 'current_loss': 2.1790868043899536, 'train_loss': None, 'decision': 0, 'drift_rate': 0.0, 'target_domains': ['sketch']}
Loss historical diff: 1.1920928955078125e-07; Loss Difference: 0.0, Decision: 0
Round 26 took 3.293243646621704s, results:
{'t': 25, 'current_accuracy': 0.39453125, 'current_loss': 2.179086923599243, 'train_loss': None, 'decision': 0, 'drift_rate': 0.0, 'target_domains': ['sketch']}
Loss historical diff: 2.384185791015625e-07; Loss Difference: 0.0, Decision: 0
Round 27 took 3.4067349433898926s, results:
{'t': 26, 'current_accuracy': 0.39453125, 'current_loss': 2.1790870428085327, 'train_loss': None, 'decision': 0, 'drift_rate': 0.0, 'target_domains': ['sketch']}
Loss historical diff: 3.5762786865234375e-07; Loss Difference: 0.0, Decision: 0
Round 28 took 3.2773423194885254s, results:
{'t': 27, 'current_accuracy': 0.39453125, 'current_loss': 2.1790871620178223, 'train_loss': None, 'decision': 0, 'drift_rate': 0.0, 'target_domains': ['sketch']}
Loss historical diff: 0.0; Loss Difference: 0.0, Decision: 0
Round 29 took 3.1949574947357178s, results:
{'t': 28, 'current_accuracy': 0.39453125, 'current_loss': 2.17908638715744, 'train_loss': None, 'decision': 0, 'drift_rate': 0.0, 'target_domains': ['sketch']}
Loss historical diff: 1.0132789611816406e-06; Loss Difference: 0.0, Decision: 0
Round 30 took 2.953892946243286s, results:
{'t': 29, 'current_accuracy': 0.39453125, 'current_loss': 2.1790874004364014, 'train_loss': None, 'decision': 0, 'drift_rate': 0.0, 'target_domains': ['sketch']}
Loss historical diff: 8.940696716308594e-07; Loss Difference: 0.0, Decision: 0
Round 31 took 3.012662649154663s, results:
{'t': 30, 'current_accuracy': 0.39453125, 'current_loss': 2.179087281227112, 'train_loss': None, 'decision': 0, 'drift_rate': 0.0, 'target_domains': ['sketch']}
Loss historical diff: 8.940696716308594e-07; Loss Difference: 0.0, Decision: 0
Round 32 took 3.0969316959381104s, results:
{'t': 31, 'current_accuracy': 0.39453125, 'current_loss': 2.179087281227112, 'train_loss': None, 'decision': 0, 'drift_rate': 0.0, 'target_domains': ['sketch']}
Loss historical diff: 0.0; Loss Difference: 0.0, Decision: 0
Round 33 took 3.058481216430664s, results:
{'t': 32, 'current_accuracy': 0.39453125, 'current_loss': 2.179086208343506, 'train_loss': None, 'decision': 0, 'drift_rate': 0.0, 'target_domains': ['sketch']}
Loss historical diff: 7.152557373046875e-07; Loss Difference: 0.0, Decision: 0
Round 34 took 2.8016176223754883s, results:
{'t': 33, 'current_accuracy': 0.39453125, 'current_loss': 2.179086923599243, 'train_loss': None, 'decision': 0, 'drift_rate': 0.0, 'target_domains': ['sketch']}
Loss historical diff: 5.960464477539062e-07; Loss Difference: 0.0, Decision: 0
Round 35 took 2.915196180343628s, results:
{'t': 34, 'current_accuracy': 0.39453125, 'current_loss': 2.1790868043899536, 'train_loss': None, 'decision': 0, 'drift_rate': 0.0, 'target_domains': ['sketch']}
Loss historical diff: 1.1920928955078125e-06; Loss Difference: 0.0, Decision: 0
Round 36 took 3.259439706802368s, results:
{'t': 35, 'current_accuracy': 0.39453125, 'current_loss': 2.1790874004364014, 'train_loss': None, 'decision': 0, 'drift_rate': 0.0, 'target_domains': ['sketch']}
Loss historical diff: 2.384185791015625e-07; Loss Difference: 0.0, Decision: 0
Round 37 took 3.5640134811401367s, results:
{'t': 36, 'current_accuracy': 0.39453125, 'current_loss': 2.179086446762085, 'train_loss': None, 'decision': 0, 'drift_rate': 0.0, 'target_domains': ['sketch']}
Loss historical diff: 1.430511474609375e-06; Loss Difference: 0.0, Decision: 0
Round 38 took 3.350398063659668s, results:
{'t': 37, 'current_accuracy': 0.39453125, 'current_loss': 2.1790876388549805, 'train_loss': None, 'decision': 0, 'drift_rate': 0.0, 'target_domains': ['sketch']}
Loss historical diff: 8.344650268554688e-07; Loss Difference: 0.0, Decision: 0
Round 39 took 3.2048592567443848s, results:
{'t': 38, 'current_accuracy': 0.39453125, 'current_loss': 2.1790870428085327, 'train_loss': None, 'decision': 0, 'drift_rate': 0.0, 'target_domains': ['sketch']}
Loss historical diff: 7.152557373046875e-07; Loss Difference: 0.0, Decision: 0
Round 40 took 2.9276559352874756s, results:
{'t': 39, 'current_accuracy': 0.39453125, 'current_loss': 2.179086923599243, 'train_loss': None, 'decision': 0, 'drift_rate': 0.0, 'target_domains': ['sketch']}
Loss historical diff: 5.960464477539062e-07; Loss Difference: 0.0, Decision: 0
Round 41 took 2.9545998573303223s, results:
{'t': 40, 'current_accuracy': 0.39453125, 'current_loss': 2.1790868043899536, 'train_loss': None, 'decision': 0, 'drift_rate': 0.0, 'target_domains': ['sketch']}
Loss historical diff: 8.344650268554688e-07; Loss Difference: 0.0, Decision: 0
Round 42 took 3.3544816970825195s, results:
{'t': 41, 'current_accuracy': 0.39453125, 'current_loss': 2.1790870428085327, 'train_loss': None, 'decision': 0, 'drift_rate': 0.0, 'target_domains': ['sketch']}
Loss historical diff: 0.0; Loss Difference: 0.0, Decision: 0
Round 43 took 3.0280685424804688s, results:
{'t': 42, 'current_accuracy': 0.39453125, 'current_loss': 2.1790857315063477, 'train_loss': None, 'decision': 0, 'drift_rate': 0.0, 'target_domains': ['sketch']}
Loss historical diff: 1.430511474609375e-06; Loss Difference: 0.0, Decision: 0
Round 44 took 3.2208056449890137s, results:
{'t': 43, 'current_accuracy': 0.39453125, 'current_loss': 2.1790871620178223, 'train_loss': None, 'decision': 0, 'drift_rate': 0.0, 'target_domains': ['sketch']}
Loss historical diff: 1.9073486328125e-06; Loss Difference: 0.0, Decision: 0
Round 45 took 3.4061899185180664s, results:
{'t': 44, 'current_accuracy': 0.39453125, 'current_loss': 2.1790876388549805, 'train_loss': None, 'decision': 0, 'drift_rate': 0.0, 'target_domains': ['sketch']}
Loss historical diff: 1.5497207641601562e-06; Loss Difference: 0.0, Decision: 0
Round 46 took 3.1694588661193848s, results:
{'t': 45, 'current_accuracy': 0.39453125, 'current_loss': 2.179087281227112, 'train_loss': None, 'decision': 0, 'drift_rate': 0.0, 'target_domains': ['sketch']}
Loss historical diff: 1.6093254089355469e-06; Loss Difference: 0.0, Decision: 0
Round 47 took 3.509866237640381s, results:
{'t': 46, 'current_accuracy': 0.39453125, 'current_loss': 2.1790873408317566, 'train_loss': None, 'decision': 0, 'drift_rate': 0.0, 'target_domains': ['sketch']}
Loss historical diff: 1.7881393432617188e-06; Loss Difference: 0.0, Decision: 0
Round 48 took 3.3577160835266113s, results:
{'t': 47, 'current_accuracy': 0.39453125, 'current_loss': 2.179087519645691, 'train_loss': None, 'decision': 0, 'drift_rate': 0.0, 'target_domains': ['sketch']}
Loss historical diff: 1.8477439880371094e-06; Loss Difference: 0.0, Decision: 0
Round 49 took 3.214381694793701s, results:
{'t': 48, 'current_accuracy': 0.39453125, 'current_loss': 2.1790875792503357, 'train_loss': None, 'decision': 0, 'drift_rate': 0.0, 'target_domains': ['sketch']}
Loss historical diff: 1.7881393432617188e-06; Loss Difference: 0.0, Decision: 0
Round 50 took 3.008777141571045s, results:
{'t': 49, 'current_accuracy': 0.39453125, 'current_loss': 2.179087519645691, 'train_loss': None, 'decision': 0, 'drift_rate': 0.0, 'target_domains': ['sketch']}
Loss historical diff: 1.7881393432617188e-06; Loss Difference: 0.0, Decision: 0
Round 51 took 2.9397058486938477s, results:
{'t': 50, 'current_accuracy': 0.39453125, 'current_loss': 2.179087519645691, 'train_loss': None, 'decision': 0, 'drift_rate': 0.0, 'target_domains': ['sketch']}
Loss historical diff: 1.5497207641601562e-06; Loss Difference: 0.0, Decision: 0
Round 52 took 3.1009585857391357s, results:
{'t': 51, 'current_accuracy': 0.39453125, 'current_loss': 2.179087281227112, 'train_loss': None, 'decision': 0, 'drift_rate': 0.0, 'target_domains': ['sketch']}
Loss historical diff: 1.5497207641601562e-06; Loss Difference: 0.0, Decision: 0
Round 53 took 3.0918149948120117s, results:
{'t': 52, 'current_accuracy': 0.39453125, 'current_loss': 2.179087281227112, 'train_loss': None, 'decision': 0, 'drift_rate': 0.0, 'target_domains': ['sketch']}
Loss historical diff: 1.0728836059570312e-06; Loss Difference: 0.0, Decision: 0
Round 54 took 3.2277798652648926s, results:
{'t': 53, 'current_accuracy': 0.39453125, 'current_loss': 2.1790868043899536, 'train_loss': None, 'decision': 0, 'drift_rate': 0.0, 'target_domains': ['sketch']}
Loss historical diff: 1.5497207641601562e-06; Loss Difference: 0.0, Decision: 0
Round 55 took 3.0752687454223633s, results:
{'t': 54, 'current_accuracy': 0.39453125, 'current_loss': 2.179087281227112, 'train_loss': None, 'decision': 0, 'drift_rate': 0.0, 'target_domains': ['sketch']}
Loss historical diff: 1.430511474609375e-06; Loss Difference: 0.0, Decision: 0
Round 56 took 3.3356590270996094s, results:
{'t': 55, 'current_accuracy': 0.39453125, 'current_loss': 2.1790871620178223, 'train_loss': None, 'decision': 0, 'drift_rate': 0.0, 'target_domains': ['sketch']}
Loss historical diff: 2.384185791015625e-06; Loss Difference: 0.0, Decision: 0
Round 57 took 3.281097650527954s, results:
{'t': 56, 'current_accuracy': 0.39453125, 'current_loss': 2.1790881156921387, 'train_loss': None, 'decision': 0, 'drift_rate': 0.0, 'target_domains': ['sketch']}
Loss historical diff: 1.5497207641601562e-06; Loss Difference: 0.0, Decision: 0
Round 58 took 3.0426557064056396s, results:
{'t': 57, 'current_accuracy': 0.39453125, 'current_loss': 2.179087281227112, 'train_loss': None, 'decision': 0, 'drift_rate': 0.0, 'target_domains': ['sketch']}
Loss historical diff: 1.0132789611816406e-06; Loss Difference: 0.0, Decision: 0
Round 59 took 3.1179587841033936s, results:
{'t': 58, 'current_accuracy': 0.39453125, 'current_loss': 2.179086744785309, 'train_loss': None, 'decision': 0, 'drift_rate': 0.0, 'target_domains': ['sketch']}
Loss historical diff: 8.344650268554688e-07; Loss Difference: 0.0, Decision: 0
Round 60 took 3.162586212158203s, results:
{'t': 59, 'current_accuracy': 0.39453125, 'current_loss': 2.1790865659713745, 'train_loss': None, 'decision': 0, 'drift_rate': 0.0, 'target_domains': ['sketch']}
Loss historical diff: 1.4901161193847656e-06; Loss Difference: 0.0, Decision: 0
Round 61 took 2.957216262817383s, results:
{'t': 60, 'current_accuracy': 0.39453125, 'current_loss': 2.179087221622467, 'train_loss': None, 'decision': 0, 'drift_rate': 0.0, 'target_domains': ['sketch']}
Loss historical diff: 8.344650268554688e-07; Loss Difference: 0.0, Decision: 0
Round 62 took 3.0356812477111816s, results:
{'t': 61, 'current_accuracy': 0.39453125, 'current_loss': 2.1790865659713745, 'train_loss': None, 'decision': 0, 'drift_rate': 0.0, 'target_domains': ['sketch']}
Loss historical diff: 1.0728836059570312e-06; Loss Difference: 0.0, Decision: 0
Round 63 took 2.880851984024048s, results:
{'t': 62, 'current_accuracy': 0.39453125, 'current_loss': 2.1790868043899536, 'train_loss': None, 'decision': 0, 'drift_rate': 0.0, 'target_domains': ['sketch']}
Loss historical diff: 0.7483251094818115; Loss Difference: 0.0, Decision: 1
Average loss over 5 updates: 2.0103
Round 64 took 4.763538122177124s, results:
{'t': 63, 'current_accuracy': 0.3203125, 'current_loss': 2.927410840988159, 'train_loss': 2.0103074312210083, 'decision': 1, 'drift_rate': 0.35, 'target_domains': ['photo']}
Loss historical diff: 4.270372152328491; Loss Difference: 0.0, Decision: 1
Average loss over 5 updates: 2.1595
Round 65 took 4.9870445728302s, results:
{'t': 64, 'current_accuracy': 0.25, 'current_loss': 6.449457883834839, 'train_loss': 2.159536838531494, 'decision': 1, 'drift_rate': 0.35, 'target_domains': ['photo']}
Loss historical diff: 0.0; Loss Difference: 0.0, Decision: 0
Round 66 took 3.3060178756713867s, results:
{'t': 65, 'current_accuracy': 0.48046875, 'current_loss': 2.05656498670578, 'train_loss': None, 'decision': 0, 'drift_rate': 0.35, 'target_domains': ['photo']}
Loss historical diff: 0.0; Loss Difference: 0.0, Decision: 0
Round 67 took 3.0415778160095215s, results:
{'t': 66, 'current_accuracy': 0.48046875, 'current_loss': 2.0565643906593323, 'train_loss': None, 'decision': 0, 'drift_rate': 0.0, 'target_domains': ['photo']}
Loss historical diff: 0.0; Loss Difference: 0.0, Decision: 0
Round 68 took 3.5064079761505127s, results:
{'t': 67, 'current_accuracy': 0.48046875, 'current_loss': 2.0565640926361084, 'train_loss': None, 'decision': 0, 'drift_rate': 0.0, 'target_domains': ['photo']}
Loss historical diff: 7.152557373046875e-07; Loss Difference: 0.0, Decision: 0
Round 69 took 3.3564229011535645s, results:
{'t': 68, 'current_accuracy': 0.48046875, 'current_loss': 2.0565648078918457, 'train_loss': None, 'decision': 0, 'drift_rate': 0.0, 'target_domains': ['photo']}
Loss historical diff: 5.960464477539062e-07; Loss Difference: 0.0, Decision: 0
Round 70 took 3.2113072872161865s, results:
{'t': 69, 'current_accuracy': 0.48046875, 'current_loss': 2.056564688682556, 'train_loss': None, 'decision': 0, 'drift_rate': 0.0, 'target_domains': ['photo']}
Loss historical diff: 5.960464477539062e-07; Loss Difference: 0.0, Decision: 0
Round 71 took 3.499018669128418s, results:
{'t': 70, 'current_accuracy': 0.48046875, 'current_loss': 2.056564688682556, 'train_loss': None, 'decision': 0, 'drift_rate': 0.0, 'target_domains': ['photo']}
Loss historical diff: 7.152557373046875e-07; Loss Difference: 0.0, Decision: 0
Round 72 took 3.2419159412384033s, results:
{'t': 71, 'current_accuracy': 0.48046875, 'current_loss': 2.0565648078918457, 'train_loss': None, 'decision': 0, 'drift_rate': 0.0, 'target_domains': ['photo']}
Loss historical diff: 6.556510925292969e-07; Loss Difference: 0.0, Decision: 0
Round 73 took 3.25129771232605s, results:
{'t': 72, 'current_accuracy': 0.48046875, 'current_loss': 2.056564748287201, 'train_loss': None, 'decision': 0, 'drift_rate': 0.0, 'target_domains': ['photo']}
Loss historical diff: 7.152557373046875e-07; Loss Difference: 0.0, Decision: 0
Round 74 took 3.0769240856170654s, results:
{'t': 73, 'current_accuracy': 0.48046875, 'current_loss': 2.0565648078918457, 'train_loss': None, 'decision': 0, 'drift_rate': 0.0, 'target_domains': ['photo']}
Loss historical diff: 8.344650268554688e-07; Loss Difference: 0.0, Decision: 0
Round 75 took 3.4251530170440674s, results:
{'t': 74, 'current_accuracy': 0.48046875, 'current_loss': 2.0565649271011353, 'train_loss': None, 'decision': 0, 'drift_rate': 0.0, 'target_domains': ['photo']}
Loss historical diff: 7.152557373046875e-07; Loss Difference: 0.0, Decision: 0
Round 76 took 3.1910297870635986s, results:
{'t': 75, 'current_accuracy': 0.48046875, 'current_loss': 2.0565648078918457, 'train_loss': None, 'decision': 0, 'drift_rate': 0.0, 'target_domains': ['photo']}
Loss historical diff: 7.748603820800781e-07; Loss Difference: 0.0, Decision: 0
Round 77 took 3.366690158843994s, results:
{'t': 76, 'current_accuracy': 0.48046875, 'current_loss': 2.0565648674964905, 'train_loss': None, 'decision': 0, 'drift_rate': 0.0, 'target_domains': ['photo']}
Loss historical diff: 8.344650268554688e-07; Loss Difference: 0.0, Decision: 0
Round 78 took 3.355285882949829s, results:
{'t': 77, 'current_accuracy': 0.48046875, 'current_loss': 2.0565649271011353, 'train_loss': None, 'decision': 0, 'drift_rate': 0.0, 'target_domains': ['photo']}
Loss historical diff: 5.364418029785156e-07; Loss Difference: 0.0, Decision: 0
Round 79 took 3.2897987365722656s, results:
{'t': 78, 'current_accuracy': 0.48046875, 'current_loss': 2.0565646290779114, 'train_loss': None, 'decision': 0, 'drift_rate': 0.0, 'target_domains': ['photo']}
Loss historical diff: 5.960464477539062e-07; Loss Difference: 0.0, Decision: 0
Round 80 took 3.5804824829101562s, results:
{'t': 79, 'current_accuracy': 0.48046875, 'current_loss': 2.056564688682556, 'train_loss': None, 'decision': 0, 'drift_rate': 0.0, 'target_domains': ['photo']}
Loss historical diff: 5.960464477539062e-07; Loss Difference: 0.0, Decision: 0
Round 81 took 3.5060741901397705s, results:
{'t': 80, 'current_accuracy': 0.48046875, 'current_loss': 2.056564688682556, 'train_loss': None, 'decision': 0, 'drift_rate': 0.0, 'target_domains': ['photo']}
Loss historical diff: 8.344650268554688e-07; Loss Difference: 0.0, Decision: 0
Round 82 took 3.6610422134399414s, results:
{'t': 81, 'current_accuracy': 0.48046875, 'current_loss': 2.0565649271011353, 'train_loss': None, 'decision': 0, 'drift_rate': 0.0, 'target_domains': ['photo']}
Loss historical diff: 7.152557373046875e-07; Loss Difference: 0.0, Decision: 0
Round 83 took 3.7171945571899414s, results:
{'t': 82, 'current_accuracy': 0.48046875, 'current_loss': 2.0565648078918457, 'train_loss': None, 'decision': 0, 'drift_rate': 0.0, 'target_domains': ['photo']}
Loss historical diff: 3.5762786865234375e-07; Loss Difference: 0.0, Decision: 0
Round 84 took 3.5561094284057617s, results:
{'t': 83, 'current_accuracy': 0.48046875, 'current_loss': 2.056564450263977, 'train_loss': None, 'decision': 0, 'drift_rate': 0.0, 'target_domains': ['photo']}
Loss historical diff: 5.960464477539062e-07; Loss Difference: 0.0, Decision: 0
Round 85 took 3.562859296798706s, results:
{'t': 84, 'current_accuracy': 0.48046875, 'current_loss': 2.056564688682556, 'train_loss': None, 'decision': 0, 'drift_rate': 0.0, 'target_domains': ['photo']}
Loss historical diff: 7.152557373046875e-07; Loss Difference: 0.0, Decision: 0
Round 86 took 3.527127742767334s, results:
{'t': 85, 'current_accuracy': 0.48046875, 'current_loss': 2.0565648078918457, 'train_loss': None, 'decision': 0, 'drift_rate': 0.0, 'target_domains': ['photo']}
Loss historical diff: 3.5762786865234375e-07; Loss Difference: 0.0, Decision: 0
Round 87 took 3.6499829292297363s, results:
{'t': 86, 'current_accuracy': 0.48046875, 'current_loss': 2.056564450263977, 'train_loss': None, 'decision': 0, 'drift_rate': 0.0, 'target_domains': ['photo']}
Loss historical diff: 6.556510925292969e-07; Loss Difference: 0.0, Decision: 0
Round 88 took 3.3008992671966553s, results:
{'t': 87, 'current_accuracy': 0.48046875, 'current_loss': 2.056564748287201, 'train_loss': None, 'decision': 0, 'drift_rate': 0.0, 'target_domains': ['photo']}
Loss historical diff: 8.344650268554688e-07; Loss Difference: 0.0, Decision: 0
Round 89 took 3.5922482013702393s, results:
{'t': 88, 'current_accuracy': 0.48046875, 'current_loss': 2.0565649271011353, 'train_loss': None, 'decision': 0, 'drift_rate': 0.0, 'target_domains': ['photo']}
Loss historical diff: 9.5367431640625e-07; Loss Difference: 0.0, Decision: 0
Round 90 took 3.4834580421447754s, results:
{'t': 89, 'current_accuracy': 0.48046875, 'current_loss': 2.056565046310425, 'train_loss': None, 'decision': 0, 'drift_rate': 0.0, 'target_domains': ['photo']}
Loss historical diff: 2.980232238769531e-07; Loss Difference: 0.0, Decision: 0
Round 91 took 3.4636199474334717s, results:
{'t': 90, 'current_accuracy': 0.48046875, 'current_loss': 2.0565643906593323, 'train_loss': None, 'decision': 0, 'drift_rate': 0.0, 'target_domains': ['photo']}
Loss historical diff: 5.960464477539062e-07; Loss Difference: 0.0, Decision: 0
Round 92 took 3.379673480987549s, results:
{'t': 91, 'current_accuracy': 0.48046875, 'current_loss': 2.056564688682556, 'train_loss': None, 'decision': 0, 'drift_rate': 0.0, 'target_domains': ['photo']}
Loss historical diff: 8.940696716308594e-07; Loss Difference: 0.0, Decision: 0
Round 93 took 3.465395450592041s, results:
{'t': 92, 'current_accuracy': 0.48046875, 'current_loss': 2.05656498670578, 'train_loss': None, 'decision': 0, 'drift_rate': 0.0, 'target_domains': ['photo']}
Loss historical diff: 1.7881393432617188e-07; Loss Difference: 0.0, Decision: 0
Round 94 took 3.6039717197418213s, results:
{'t': 93, 'current_accuracy': 0.48046875, 'current_loss': 2.0565642714500427, 'train_loss': None, 'decision': 0, 'drift_rate': 0.0, 'target_domains': ['photo']}
Loss historical diff: 8.344650268554688e-07; Loss Difference: 0.0, Decision: 0
Round 95 took 3.099752426147461s, results:
{'t': 94, 'current_accuracy': 0.48046875, 'current_loss': 2.0565649271011353, 'train_loss': None, 'decision': 0, 'drift_rate': 0.0, 'target_domains': ['photo']}
Loss historical diff: 1.0728836059570312e-06; Loss Difference: 0.0, Decision: 0
Round 96 took 3.2737033367156982s, results:
{'t': 95, 'current_accuracy': 0.48046875, 'current_loss': 2.0565651655197144, 'train_loss': None, 'decision': 0, 'drift_rate': 0.0, 'target_domains': ['photo']}
Loss historical diff: 1.7881393432617188e-07; Loss Difference: 0.0, Decision: 0
Round 97 took 3.412846088409424s, results:
{'t': 96, 'current_accuracy': 0.48046875, 'current_loss': 2.0565642714500427, 'train_loss': None, 'decision': 0, 'drift_rate': 0.0, 'target_domains': ['photo']}
Loss historical diff: 5.960464477539062e-07; Loss Difference: 0.0, Decision: 0
Round 98 took 3.1514179706573486s, results:
{'t': 97, 'current_accuracy': 0.48046875, 'current_loss': 2.056564688682556, 'train_loss': None, 'decision': 0, 'drift_rate': 0.0, 'target_domains': ['photo']}
Loss historical diff: 7.748603820800781e-07; Loss Difference: 0.0, Decision: 0
Round 99 took 3.3770968914031982s, results:
{'t': 98, 'current_accuracy': 0.48046875, 'current_loss': 2.0565648674964905, 'train_loss': None, 'decision': 0, 'drift_rate': 0.0, 'target_domains': ['photo']}
Loss historical diff: 7.748603820800781e-07; Loss Difference: 0.0, Decision: 0
Round 100 took 3.243762254714966s, results:
{'t': 99, 'current_accuracy': 0.48046875, 'current_loss': 2.0565648674964905, 'train_loss': None, 'decision': 0, 'drift_rate': 0.0, 'target_domains': ['photo']}
Loss historical diff: 6.556510925292969e-07; Loss Difference: 0.0, Decision: 0
Round 101 took 3.327657699584961s, results:
{'t': 100, 'current_accuracy': 0.48046875, 'current_loss': 2.056564748287201, 'train_loss': None, 'decision': 0, 'drift_rate': 0.0, 'target_domains': ['photo']}
Loss historical diff: 7.152557373046875e-07; Loss Difference: 0.0, Decision: 0
Round 102 took 3.608720064163208s, results:
{'t': 101, 'current_accuracy': 0.48046875, 'current_loss': 2.0565648078918457, 'train_loss': None, 'decision': 0, 'drift_rate': 0.0, 'target_domains': ['photo']}
Loss historical diff: 7.152557373046875e-07; Loss Difference: 0.0, Decision: 0
Round 103 took 3.435243844985962s, results:
{'t': 102, 'current_accuracy': 0.48046875, 'current_loss': 2.0565648078918457, 'train_loss': None, 'decision': 0, 'drift_rate': 0.0, 'target_domains': ['photo']}
Loss historical diff: 7.152557373046875e-07; Loss Difference: 0.0, Decision: 0
Round 104 took 3.404480218887329s, results:
{'t': 103, 'current_accuracy': 0.48046875, 'current_loss': 2.0565648078918457, 'train_loss': None, 'decision': 0, 'drift_rate': 0.0, 'target_domains': ['photo']}
Loss historical diff: 2.384185791015625e-07; Loss Difference: 0.0, Decision: 0
Round 105 took 3.6654398441314697s, results:
{'t': 104, 'current_accuracy': 0.48046875, 'current_loss': 2.0565643310546875, 'train_loss': None, 'decision': 0, 'drift_rate': 0.0, 'target_domains': ['photo']}
Loss historical diff: 5.960464477539062e-07; Loss Difference: 0.0, Decision: 0
Round 106 took 3.445444345474243s, results:
{'t': 105, 'current_accuracy': 0.48046875, 'current_loss': 2.056564688682556, 'train_loss': None, 'decision': 0, 'drift_rate': 0.0, 'target_domains': ['photo']}
Loss historical diff: 7.152557373046875e-07; Loss Difference: 0.0, Decision: 0
Round 107 took 3.6356770992279053s, results:
{'t': 106, 'current_accuracy': 0.48046875, 'current_loss': 2.0565648078918457, 'train_loss': None, 'decision': 0, 'drift_rate': 0.0, 'target_domains': ['photo']}
Loss historical diff: 7.152557373046875e-07; Loss Difference: 0.0, Decision: 0
Round 108 took 3.8782103061676025s, results:
{'t': 107, 'current_accuracy': 0.48046875, 'current_loss': 2.0565648078918457, 'train_loss': None, 'decision': 0, 'drift_rate': 0.0, 'target_domains': ['photo']}
Loss historical diff: 7.152557373046875e-07; Loss Difference: 0.0, Decision: 0
Round 109 took 3.5065672397613525s, results:
{'t': 108, 'current_accuracy': 0.48046875, 'current_loss': 2.0565648078918457, 'train_loss': None, 'decision': 0, 'drift_rate': 0.0, 'target_domains': ['photo']}
Loss historical diff: 6.556510925292969e-07; Loss Difference: 0.0, Decision: 0
Round 110 took 3.507920265197754s, results:
{'t': 109, 'current_accuracy': 0.48046875, 'current_loss': 2.056564748287201, 'train_loss': None, 'decision': 0, 'drift_rate': 0.0, 'target_domains': ['photo']}
Loss historical diff: 7.748603820800781e-07; Loss Difference: 0.0, Decision: 0
Round 111 took 3.512840986251831s, results:
{'t': 110, 'current_accuracy': 0.48046875, 'current_loss': 2.0565648674964905, 'train_loss': None, 'decision': 0, 'drift_rate': 0.0, 'target_domains': ['photo']}
Loss historical diff: 8.940696716308594e-07; Loss Difference: 0.0, Decision: 0
Round 112 took 3.4004335403442383s, results:
{'t': 111, 'current_accuracy': 0.48046875, 'current_loss': 2.05656498670578, 'train_loss': None, 'decision': 0, 'drift_rate': 0.0, 'target_domains': ['photo']}
Loss historical diff: 4.76837158203125e-07; Loss Difference: 0.0, Decision: 0
Round 113 took 3.4991295337677s, results:
{'t': 112, 'current_accuracy': 0.48046875, 'current_loss': 2.0565645694732666, 'train_loss': None, 'decision': 0, 'drift_rate': 0.0, 'target_domains': ['photo']}
Loss historical diff: 7.152557373046875e-07; Loss Difference: 0.0, Decision: 0
Round 114 took 3.4643073081970215s, results:
{'t': 113, 'current_accuracy': 0.48046875, 'current_loss': 2.0565648078918457, 'train_loss': None, 'decision': 0, 'drift_rate': 0.0, 'target_domains': ['photo']}
Loss historical diff: 3.5762786865234375e-07; Loss Difference: 0.0, Decision: 0
Round 115 took 3.4484782218933105s, results:
{'t': 114, 'current_accuracy': 0.48046875, 'current_loss': 2.056564450263977, 'train_loss': None, 'decision': 0, 'drift_rate': 0.0, 'target_domains': ['photo']}
Loss historical diff: 3.5762786865234375e-07; Loss Difference: 0.0, Decision: 0
Round 116 took 3.3514819145202637s, results:
{'t': 115, 'current_accuracy': 0.48046875, 'current_loss': 2.056564450263977, 'train_loss': None, 'decision': 0, 'drift_rate': 0.0, 'target_domains': ['photo']}
Loss historical diff: 1.9937478303909302; Loss Difference: 0.0, Decision: 1
Average loss over 5 updates: 1.6572
Round 117 took 6.29440712928772s, results:
{'t': 116, 'current_accuracy': 0.3671875, 'current_loss': 4.050311923027039, 'train_loss': 1.6571951627731323, 'decision': 1, 'drift_rate': 0.35, 'target_domains': ['cartoon']}
Loss historical diff: 0.20637667179107666; Loss Difference: 0.0, Decision: 1
Average loss over 5 updates: 1.0309
Round 118 took 5.870418310165405s, results:
{'t': 117, 'current_accuracy': 0.40625, 'current_loss': 2.262940764427185, 'train_loss': 1.0308851718902587, 'decision': 1, 'drift_rate': 0.35, 'target_domains': ['cartoon']}
Loss historical diff: 0.0; Loss Difference: 0.0, Decision: 0
Round 119 took 3.5068435668945312s, results:
{'t': 118, 'current_accuracy': 0.6796875, 'current_loss': 1.2198830246925354, 'train_loss': None, 'decision': 0, 'drift_rate': 0.35, 'target_domains': ['cartoon']}
Loss historical diff: 0.0; Loss Difference: 0.0, Decision: 0
Round 120 took 3.3537700176239014s, results:
{'t': 119, 'current_accuracy': 0.6796875, 'current_loss': 1.2198830246925354, 'train_loss': None, 'decision': 0, 'drift_rate': 0.0, 'target_domains': ['cartoon']}
Loss historical diff: 0.0; Loss Difference: 0.0, Decision: 0
Round 121 took 3.442528009414673s, results:
{'t': 120, 'current_accuracy': 0.6796875, 'current_loss': 1.219882845878601, 'train_loss': None, 'decision': 0, 'drift_rate': 0.0, 'target_domains': ['cartoon']}
Loss historical diff: 0.0; Loss Difference: 0.0, Decision: 0
Round 122 took 3.8515195846557617s, results:
{'t': 121, 'current_accuracy': 0.6796875, 'current_loss': 1.2198827266693115, 'train_loss': None, 'decision': 0, 'drift_rate': 0.0, 'target_domains': ['cartoon']}
Loss historical diff: 1.7881393432617188e-07; Loss Difference: 0.0, Decision: 0
Round 123 took 3.4402384757995605s, results:
{'t': 122, 'current_accuracy': 0.6796875, 'current_loss': 1.2198829054832458, 'train_loss': None, 'decision': 0, 'drift_rate': 0.0, 'target_domains': ['cartoon']}
Loss historical diff: 1.7881393432617188e-07; Loss Difference: 0.0, Decision: 0
Round 124 took 3.446179151535034s, results:
{'t': 123, 'current_accuracy': 0.6796875, 'current_loss': 1.2198829054832458, 'train_loss': None, 'decision': 0, 'drift_rate': 0.0, 'target_domains': ['cartoon']}
Loss historical diff: 2.384185791015625e-07; Loss Difference: 0.0, Decision: 0
Round 125 took 3.4979796409606934s, results:
{'t': 124, 'current_accuracy': 0.6796875, 'current_loss': 1.2198829650878906, 'train_loss': None, 'decision': 0, 'drift_rate': 0.0, 'target_domains': ['cartoon']}
Loss historical diff: 2.980232238769531e-07; Loss Difference: 0.0, Decision: 0
Round 126 took 3.355755090713501s, results:
{'t': 125, 'current_accuracy': 0.6796875, 'current_loss': 1.2198830246925354, 'train_loss': None, 'decision': 0, 'drift_rate': 0.0, 'target_domains': ['cartoon']}
Loss historical diff: 0.0; Loss Difference: 0.0, Decision: 0
Round 127 took 3.584742546081543s, results:
{'t': 126, 'current_accuracy': 0.6796875, 'current_loss': 1.2198826670646667, 'train_loss': None, 'decision': 0, 'drift_rate': 0.0, 'target_domains': ['cartoon']}
Loss historical diff: 0.0; Loss Difference: 0.0, Decision: 0
Round 128 took 3.556318759918213s, results:
{'t': 127, 'current_accuracy': 0.6796875, 'current_loss': 1.2198823690414429, 'train_loss': None, 'decision': 0, 'drift_rate': 0.0, 'target_domains': ['cartoon']}
Loss historical diff: 5.364418029785156e-07; Loss Difference: 0.0, Decision: 0
Round 129 took 3.3867692947387695s, results:
{'t': 128, 'current_accuracy': 0.6796875, 'current_loss': 1.2198829054832458, 'train_loss': None, 'decision': 0, 'drift_rate': 0.0, 'target_domains': ['cartoon']}
Loss historical diff: 4.76837158203125e-07; Loss Difference: 0.0, Decision: 0
Round 130 took 3.711097002029419s, results:
{'t': 129, 'current_accuracy': 0.6796875, 'current_loss': 1.219882845878601, 'train_loss': None, 'decision': 0, 'drift_rate': 0.0, 'target_domains': ['cartoon']}
Loss historical diff: 8.344650268554688e-07; Loss Difference: 0.0, Decision: 0
Round 131 took 3.7190146446228027s, results:
{'t': 130, 'current_accuracy': 0.6796875, 'current_loss': 1.2198832035064697, 'train_loss': None, 'decision': 0, 'drift_rate': 0.0, 'target_domains': ['cartoon']}
Loss historical diff: 5.364418029785156e-07; Loss Difference: 0.0, Decision: 0
Round 132 took 3.6375410556793213s, results:
{'t': 131, 'current_accuracy': 0.6796875, 'current_loss': 1.2198829054832458, 'train_loss': None, 'decision': 0, 'drift_rate': 0.0, 'target_domains': ['cartoon']}
Loss historical diff: 7.152557373046875e-07; Loss Difference: 0.0, Decision: 0
Round 133 took 3.4888179302215576s, results:
{'t': 132, 'current_accuracy': 0.6796875, 'current_loss': 1.2198830842971802, 'train_loss': None, 'decision': 0, 'drift_rate': 0.0, 'target_domains': ['cartoon']}
Loss historical diff: 5.960464477539062e-07; Loss Difference: 0.0, Decision: 0
Round 134 took 3.382941961288452s, results:
{'t': 133, 'current_accuracy': 0.6796875, 'current_loss': 1.2198829650878906, 'train_loss': None, 'decision': 0, 'drift_rate': 0.0, 'target_domains': ['cartoon']}
Loss historical diff: 6.556510925292969e-07; Loss Difference: 0.0, Decision: 0
Round 135 took 3.4713921546936035s, results:
{'t': 134, 'current_accuracy': 0.6796875, 'current_loss': 1.2198830246925354, 'train_loss': None, 'decision': 0, 'drift_rate': 0.0, 'target_domains': ['cartoon']}
Loss historical diff: 9.5367431640625e-07; Loss Difference: 0.0, Decision: 0
Round 136 took 3.668665885925293s, results:
{'t': 135, 'current_accuracy': 0.6796875, 'current_loss': 1.2198833227157593, 'train_loss': None, 'decision': 0, 'drift_rate': 0.0, 'target_domains': ['cartoon']}
Loss historical diff: 5.960464477539062e-07; Loss Difference: 0.0, Decision: 0
Round 137 took 3.5633597373962402s, results:
{'t': 136, 'current_accuracy': 0.6796875, 'current_loss': 1.2198829650878906, 'train_loss': None, 'decision': 0, 'drift_rate': 0.0, 'target_domains': ['cartoon']}
Loss historical diff: 7.152557373046875e-07; Loss Difference: 0.0, Decision: 0
Round 138 took 3.56767201423645s, results:
{'t': 137, 'current_accuracy': 0.6796875, 'current_loss': 1.2198830842971802, 'train_loss': None, 'decision': 0, 'drift_rate': 0.0, 'target_domains': ['cartoon']}
Loss historical diff: 5.960464477539063e-08; Loss Difference: 0.0, Decision: 0
Round 139 took 3.414484977722168s, results:
{'t': 138, 'current_accuracy': 0.6796875, 'current_loss': 1.2198824286460876, 'train_loss': None, 'decision': 0, 'drift_rate': 0.0, 'target_domains': ['cartoon']}
Loss historical diff: 4.76837158203125e-07; Loss Difference: 0.0, Decision: 0
Round 140 took 3.605776071548462s, results:
{'t': 139, 'current_accuracy': 0.6796875, 'current_loss': 1.219882845878601, 'train_loss': None, 'decision': 0, 'drift_rate': 0.0, 'target_domains': ['cartoon']}
Loss historical diff: 5.960464477539062e-07; Loss Difference: 0.0, Decision: 0
Round 141 took 3.306711196899414s, results:
{'t': 140, 'current_accuracy': 0.6796875, 'current_loss': 1.2198829650878906, 'train_loss': None, 'decision': 0, 'drift_rate': 0.0, 'target_domains': ['cartoon']}
Loss historical diff: 5.364418029785156e-07; Loss Difference: 0.0, Decision: 0
Round 142 took 3.3723788261413574s, results:
{'t': 141, 'current_accuracy': 0.6796875, 'current_loss': 1.2198829054832458, 'train_loss': None, 'decision': 0, 'drift_rate': 0.0, 'target_domains': ['cartoon']}
Loss historical diff: 7.152557373046875e-07; Loss Difference: 0.0, Decision: 0
Round 143 took 3.2688651084899902s, results:
{'t': 142, 'current_accuracy': 0.6796875, 'current_loss': 1.2198830842971802, 'train_loss': None, 'decision': 0, 'drift_rate': 0.0, 'target_domains': ['cartoon']}
Loss historical diff: 7.152557373046875e-07; Loss Difference: 0.0, Decision: 0
Round 144 took 3.4639816284179688s, results:
{'t': 143, 'current_accuracy': 0.6796875, 'current_loss': 1.2198830842971802, 'train_loss': None, 'decision': 0, 'drift_rate': 0.0, 'target_domains': ['cartoon']}
Loss historical diff: 6.556510925292969e-07; Loss Difference: 0.0, Decision: 0
Round 145 took 3.6963305473327637s, results:
{'t': 144, 'current_accuracy': 0.6796875, 'current_loss': 1.2198830246925354, 'train_loss': None, 'decision': 0, 'drift_rate': 0.0, 'target_domains': ['cartoon']}
Loss historical diff: 6.556510925292969e-07; Loss Difference: 0.0, Decision: 0
Round 146 took 3.461498975753784s, results:
{'t': 145, 'current_accuracy': 0.6796875, 'current_loss': 1.2198830246925354, 'train_loss': None, 'decision': 0, 'drift_rate': 0.0, 'target_domains': ['cartoon']}
Loss historical diff: 5.364418029785156e-07; Loss Difference: 0.0, Decision: 0
Round 147 took 3.5864269733428955s, results:
{'t': 146, 'current_accuracy': 0.6796875, 'current_loss': 1.2198829054832458, 'train_loss': None, 'decision': 0, 'drift_rate': 0.0, 'target_domains': ['cartoon']}
Loss historical diff: 6.556510925292969e-07; Loss Difference: 0.0, Decision: 0
Round 148 took 3.7262425422668457s, results:
{'t': 147, 'current_accuracy': 0.6796875, 'current_loss': 1.2198830246925354, 'train_loss': None, 'decision': 0, 'drift_rate': 0.0, 'target_domains': ['cartoon']}
Loss historical diff: 5.364418029785156e-07; Loss Difference: 0.0, Decision: 0
Round 149 took 3.581880807876587s, results:
{'t': 148, 'current_accuracy': 0.6796875, 'current_loss': 1.2198829054832458, 'train_loss': None, 'decision': 0, 'drift_rate': 0.0, 'target_domains': ['cartoon']}
Loss historical diff: 4.76837158203125e-07; Loss Difference: 0.0, Decision: 0
Round 150 took 3.518420457839966s, results:
{'t': 149, 'current_accuracy': 0.6796875, 'current_loss': 1.219882845878601, 'train_loss': None, 'decision': 0, 'drift_rate': 0.0, 'target_domains': ['cartoon']}
Loss historical diff: 6.556510925292969e-07; Loss Difference: 0.0, Decision: 0
Round 151 took 3.462566614151001s, results:
{'t': 150, 'current_accuracy': 0.6796875, 'current_loss': 1.2198830246925354, 'train_loss': None, 'decision': 0, 'drift_rate': 0.0, 'target_domains': ['cartoon']}
Loss historical diff: 1.4901161193847656e-06; Loss Difference: 0.0, Decision: 0
Round 152 took 3.523996353149414s, results:
{'t': 151, 'current_accuracy': 0.6796875, 'current_loss': 1.2198838591575623, 'train_loss': None, 'decision': 0, 'drift_rate': 0.0, 'target_domains': ['cartoon']}
Loss historical diff: 7.748603820800781e-07; Loss Difference: 0.0, Decision: 0
Round 153 took 3.6000380516052246s, results:
{'t': 152, 'current_accuracy': 0.6796875, 'current_loss': 1.219883143901825, 'train_loss': None, 'decision': 0, 'drift_rate': 0.0, 'target_domains': ['cartoon']}
Loss historical diff: 5.364418029785156e-07; Loss Difference: 0.0, Decision: 0
Round 154 took 3.3619658946990967s, results:
{'t': 153, 'current_accuracy': 0.6796875, 'current_loss': 1.2198829054832458, 'train_loss': None, 'decision': 0, 'drift_rate': 0.0, 'target_domains': ['cartoon']}
Loss historical diff: 5.066394805908203e-07; Loss Difference: 0.0, Decision: 0
Round 155 took 3.445007801055908s, results:
{'t': 154, 'current_accuracy': 0.6796875, 'current_loss': 1.2198828756809235, 'train_loss': None, 'decision': 0, 'drift_rate': 0.0, 'target_domains': ['cartoon']}
Loss historical diff: 5.960464477539062e-07; Loss Difference: 0.0, Decision: 0
Round 156 took 3.4012506008148193s, results:
{'t': 155, 'current_accuracy': 0.6796875, 'current_loss': 1.2198829650878906, 'train_loss': None, 'decision': 0, 'drift_rate': 0.0, 'target_domains': ['cartoon']}
Loss historical diff: 5.364418029785156e-07; Loss Difference: 0.0, Decision: 0
Round 157 took 3.6524016857147217s, results:
{'t': 156, 'current_accuracy': 0.6796875, 'current_loss': 1.2198829054832458, 'train_loss': None, 'decision': 0, 'drift_rate': 0.0, 'target_domains': ['cartoon']}
Loss historical diff: 7.748603820800781e-07; Loss Difference: 0.0, Decision: 0
Round 158 took 3.509141206741333s, results:
{'t': 157, 'current_accuracy': 0.6796875, 'current_loss': 1.219883143901825, 'train_loss': None, 'decision': 0, 'drift_rate': 0.0, 'target_domains': ['cartoon']}
Loss historical diff: 1.0132789611816406e-06; Loss Difference: 0.0, Decision: 0
Round 159 took 3.399437665939331s, results:
{'t': 158, 'current_accuracy': 0.6796875, 'current_loss': 1.219883382320404, 'train_loss': None, 'decision': 0, 'drift_rate': 0.0, 'target_domains': ['cartoon']}
Loss historical diff: 4.172325134277344e-07; Loss Difference: 0.0, Decision: 0
Round 160 took 3.474137783050537s, results:
{'t': 159, 'current_accuracy': 0.6796875, 'current_loss': 1.2198827862739563, 'train_loss': None, 'decision': 0, 'drift_rate': 0.0, 'target_domains': ['cartoon']}
Loss historical diff: 9.5367431640625e-07; Loss Difference: 0.0, Decision: 0
Round 161 took 3.364830255508423s, results:
{'t': 160, 'current_accuracy': 0.6796875, 'current_loss': 1.2198833227157593, 'train_loss': None, 'decision': 0, 'drift_rate': 0.0, 'target_domains': ['cartoon']}
Loss historical diff: 7.152557373046875e-07; Loss Difference: 0.0, Decision: 0
Round 162 took 3.551750898361206s, results:
{'t': 161, 'current_accuracy': 0.6796875, 'current_loss': 1.2198830842971802, 'train_loss': None, 'decision': 0, 'drift_rate': 0.0, 'target_domains': ['cartoon']}
Loss historical diff: 6.556510925292969e-07; Loss Difference: 0.0, Decision: 0
Round 163 took 3.5382397174835205s, results:
{'t': 162, 'current_accuracy': 0.6796875, 'current_loss': 1.2198830246925354, 'train_loss': None, 'decision': 0, 'drift_rate': 0.0, 'target_domains': ['cartoon']}
Loss historical diff: 5.960464477539062e-07; Loss Difference: 0.0, Decision: 0
Round 164 took 3.412057638168335s, results:
{'t': 163, 'current_accuracy': 0.6796875, 'current_loss': 1.2198829650878906, 'train_loss': None, 'decision': 0, 'drift_rate': 0.0, 'target_domains': ['cartoon']}
Loss historical diff: 6.556510925292969e-07; Loss Difference: 0.0, Decision: 0
Round 165 took 3.51749587059021s, results:
{'t': 164, 'current_accuracy': 0.6796875, 'current_loss': 1.2198830246925354, 'train_loss': None, 'decision': 0, 'drift_rate': 0.0, 'target_domains': ['cartoon']}
Loss historical diff: 6.854534149169922e-07; Loss Difference: 0.0, Decision: 0
Round 166 took 3.5456128120422363s, results:
{'t': 165, 'current_accuracy': 0.6796875, 'current_loss': 1.2198830544948578, 'train_loss': None, 'decision': 0, 'drift_rate': 0.0, 'target_domains': ['cartoon']}
Loss historical diff: 6.556510925292969e-07; Loss Difference: 0.0, Decision: 0
Round 167 took 3.532973527908325s, results:
{'t': 166, 'current_accuracy': 0.6796875, 'current_loss': 1.2198830246925354, 'train_loss': None, 'decision': 0, 'drift_rate': 0.0, 'target_domains': ['cartoon']}
Loss historical diff: 3.5762786865234375e-07; Loss Difference: 0.0, Decision: 0
Round 168 took 3.6374588012695312s, results:
{'t': 167, 'current_accuracy': 0.6796875, 'current_loss': 1.2198827266693115, 'train_loss': None, 'decision': 0, 'drift_rate': 0.0, 'target_domains': ['cartoon']}
Loss historical diff: 7.152557373046875e-07; Loss Difference: 0.0, Decision: 0
Round 169 took 3.6235275268554688s, results:
{'t': 168, 'current_accuracy': 0.6796875, 'current_loss': 1.2198830842971802, 'train_loss': None, 'decision': 0, 'drift_rate': 0.0, 'target_domains': ['cartoon']}
Loss historical diff: 5.960464477539062e-07; Loss Difference: 0.0, Decision: 0
Round 170 took 3.4138152599334717s, results:
{'t': 169, 'current_accuracy': 0.6796875, 'current_loss': 1.2198829650878906, 'train_loss': None, 'decision': 0, 'drift_rate': 0.0, 'target_domains': ['cartoon']}
Loss historical diff: 1.3113021850585938e-06; Loss Difference: 0.0, Decision: 0
Round 171 took 3.530003786087036s, results:
{'t': 170, 'current_accuracy': 0.6796875, 'current_loss': 1.219883680343628, 'train_loss': None, 'decision': 0, 'drift_rate': 0.0, 'target_domains': ['cartoon']}
Loss historical diff: 6.556510925292969e-07; Loss Difference: 0.0, Decision: 0
Round 172 took 3.62402606010437s, results:
{'t': 171, 'current_accuracy': 0.6796875, 'current_loss': 1.2198830246925354, 'train_loss': None, 'decision': 0, 'drift_rate': 0.0, 'target_domains': ['cartoon']}
Loss historical diff: 5.960464477539062e-07; Loss Difference: 0.0, Decision: 0
Round 173 took 3.5925753116607666s, results:
{'t': 172, 'current_accuracy': 0.6796875, 'current_loss': 1.2198829650878906, 'train_loss': None, 'decision': 0, 'drift_rate': 0.0, 'target_domains': ['cartoon']}
Loss historical diff: 6.556510925292969e-07; Loss Difference: 0.0, Decision: 0
Round 174 took 3.6737236976623535s, results:
{'t': 173, 'current_accuracy': 0.6796875, 'current_loss': 1.2198830246925354, 'train_loss': None, 'decision': 0, 'drift_rate': 0.0, 'target_domains': ['cartoon']}
Loss historical diff: 6.556510925292969e-07; Loss Difference: 0.0, Decision: 0
Round 175 took 3.5600945949554443s, results:
{'t': 174, 'current_accuracy': 0.6796875, 'current_loss': 1.2198830246925354, 'train_loss': None, 'decision': 0, 'drift_rate': 0.0, 'target_domains': ['cartoon']}
Loss historical diff: 7.748603820800781e-07; Loss Difference: 0.0, Decision: 0
Round 176 took 3.379206418991089s, results:
{'t': 175, 'current_accuracy': 0.6796875, 'current_loss': 1.219883143901825, 'train_loss': None, 'decision': 0, 'drift_rate': 0.0, 'target_domains': ['cartoon']}
Loss historical diff: 5.960464477539062e-07; Loss Difference: 0.0, Decision: 0
Round 177 took 3.603060483932495s, results:
{'t': 176, 'current_accuracy': 0.6796875, 'current_loss': 1.2198829650878906, 'train_loss': None, 'decision': 0, 'drift_rate': 0.0, 'target_domains': ['cartoon']}
Loss historical diff: 5.960464477539062e-07; Loss Difference: 0.0, Decision: 0
Round 178 took 3.487776041030884s, results:
{'t': 177, 'current_accuracy': 0.6796875, 'current_loss': 1.2198829650878906, 'train_loss': None, 'decision': 0, 'drift_rate': 0.0, 'target_domains': ['cartoon']}
Loss historical diff: 7.152557373046875e-07; Loss Difference: 0.0, Decision: 0
Round 179 took 3.4814727306365967s, results:
{'t': 178, 'current_accuracy': 0.6796875, 'current_loss': 1.2198830842971802, 'train_loss': None, 'decision': 0, 'drift_rate': 0.0, 'target_domains': ['cartoon']}
Loss historical diff: 0.3178899884223938; Loss Difference: 0.0, Decision: 1
Average loss over 5 updates: 0.9610
Round 180 took 5.632840633392334s, results:
{'t': 179, 'current_accuracy': 0.6171875, 'current_loss': 1.5377723574638367, 'train_loss': 0.9610088467597961, 'decision': 1, 'drift_rate': 0.35, 'target_domains': ['sketch']}
Loss historical diff: 1.1273183822631836; Loss Difference: 0.0, Decision: 1
Average loss over 5 updates: 1.0293
Round 181 took 5.3404247760772705s, results:
{'t': 180, 'current_accuracy': 0.41796875, 'current_loss': 2.3472007513046265, 'train_loss': 1.0293243169784545, 'decision': 1, 'drift_rate': 0.35, 'target_domains': ['sketch']}
Loss historical diff: 0.21935468912124634; Loss Difference: 0.0, Decision: 0
Round 182 took 3.421637773513794s, results:
{'t': 181, 'current_accuracy': 0.4609375, 'current_loss': 1.4392370581626892, 'train_loss': None, 'decision': 0, 'drift_rate': 0.35, 'target_domains': ['sketch']}
Loss historical diff: 0.21935468912124634; Loss Difference: 0.0, Decision: 1
Average loss over 5 updates: 1.0178
Round 183 took 5.506053686141968s, results:
{'t': 182, 'current_accuracy': 0.4609375, 'current_loss': 1.4392370581626892, 'train_loss': 1.0177995324134828, 'decision': 1, 'drift_rate': 0.0, 'target_domains': ['sketch']}
Loss historical diff: 0.3001418709754944; Loss Difference: 0.0, Decision: 1
Average loss over 5 updates: 0.9000
Round 184 took 6.6156721115112305s, results:
{'t': 183, 'current_accuracy': 0.40234375, 'current_loss': 1.5200242400169373, 'train_loss': 0.899970555305481, 'decision': 1, 'drift_rate': 0.0, 'target_domains': ['sketch']}
Loss historical diff: 0.0; Loss Difference: 0.0, Decision: 0
Round 185 took 3.351611614227295s, results:
{'t': 184, 'current_accuracy': 0.57421875, 'current_loss': 1.0840409398078918, 'train_loss': None, 'decision': 0, 'drift_rate': 0.0, 'target_domains': ['sketch']}
Loss historical diff: 0.0; Loss Difference: 0.0, Decision: 0
Round 186 took 3.4663572311401367s, results:
{'t': 185, 'current_accuracy': 0.57421875, 'current_loss': 1.0840407013893127, 'train_loss': None, 'decision': 0, 'drift_rate': 0.0, 'target_domains': ['sketch']}
Loss historical diff: 5.960464477539063e-08; Loss Difference: 0.0, Decision: 0
Round 187 took 3.4765210151672363s, results:
{'t': 186, 'current_accuracy': 0.57421875, 'current_loss': 1.0840407609939575, 'train_loss': None, 'decision': 0, 'drift_rate': 0.0, 'target_domains': ['sketch']}
Loss historical diff: 1.1920928955078125e-07; Loss Difference: 0.0, Decision: 0
Round 188 took 3.2388553619384766s, results:
{'t': 187, 'current_accuracy': 0.57421875, 'current_loss': 1.0840408205986023, 'train_loss': None, 'decision': 0, 'drift_rate': 0.0, 'target_domains': ['sketch']}
Loss historical diff: 1.1920928955078125e-07; Loss Difference: 0.0, Decision: 0
Round 189 took 3.4417648315429688s, results:
{'t': 188, 'current_accuracy': 0.57421875, 'current_loss': 1.0840408205986023, 'train_loss': None, 'decision': 0, 'drift_rate': 0.0, 'target_domains': ['sketch']}
Loss historical diff: 1.7881393432617188e-07; Loss Difference: 0.0, Decision: 0
Round 190 took 3.2932629585266113s, results:
{'t': 189, 'current_accuracy': 0.57421875, 'current_loss': 1.084040880203247, 'train_loss': None, 'decision': 0, 'drift_rate': 0.0, 'target_domains': ['sketch']}
Loss historical diff: 5.960464477539063e-08; Loss Difference: 0.0, Decision: 0
Round 191 took 3.7580223083496094s, results:
{'t': 190, 'current_accuracy': 0.57421875, 'current_loss': 1.0840407609939575, 'train_loss': None, 'decision': 0, 'drift_rate': 0.0, 'target_domains': ['sketch']}
Loss historical diff: 5.960464477539063e-08; Loss Difference: 0.0, Decision: 0
Round 192 took 3.515549659729004s, results:
{'t': 191, 'current_accuracy': 0.57421875, 'current_loss': 1.0840407609939575, 'train_loss': None, 'decision': 0, 'drift_rate': 0.0, 'target_domains': ['sketch']}
Loss historical diff: 1.7881393432617188e-07; Loss Difference: 0.0, Decision: 0
Round 193 took 3.4587392807006836s, results:
{'t': 192, 'current_accuracy': 0.57421875, 'current_loss': 1.084040880203247, 'train_loss': None, 'decision': 0, 'drift_rate': 0.0, 'target_domains': ['sketch']}
Loss historical diff: 1.7881393432617188e-07; Loss Difference: 0.0, Decision: 0
Round 194 took 3.6299662590026855s, results:
{'t': 193, 'current_accuracy': 0.57421875, 'current_loss': 1.084040880203247, 'train_loss': None, 'decision': 0, 'drift_rate': 0.0, 'target_domains': ['sketch']}
Loss historical diff: 1.1920928955078125e-07; Loss Difference: 0.0, Decision: 0
Round 195 took 3.389556407928467s, results:
{'t': 194, 'current_accuracy': 0.57421875, 'current_loss': 1.0840408205986023, 'train_loss': None, 'decision': 0, 'drift_rate': 0.0, 'target_domains': ['sketch']}
Loss historical diff: 0.0; Loss Difference: 0.0, Decision: 0
Round 196 took 3.479102611541748s, results:
{'t': 195, 'current_accuracy': 0.57421875, 'current_loss': 1.0840407013893127, 'train_loss': None, 'decision': 0, 'drift_rate': 0.0, 'target_domains': ['sketch']}
Loss historical diff: 1.1920928955078125e-07; Loss Difference: 0.0, Decision: 0
Round 197 took 3.411198854446411s, results:
{'t': 196, 'current_accuracy': 0.57421875, 'current_loss': 1.0840408205986023, 'train_loss': None, 'decision': 0, 'drift_rate': 0.0, 'target_domains': ['sketch']}
Loss historical diff: 1.7881393432617188e-07; Loss Difference: 0.0, Decision: 0
Round 198 took 3.589306116104126s, results:
{'t': 197, 'current_accuracy': 0.57421875, 'current_loss': 1.084040880203247, 'train_loss': None, 'decision': 0, 'drift_rate': 0.0, 'target_domains': ['sketch']}
Loss historical diff: 2.384185791015625e-07; Loss Difference: 0.0, Decision: 0
Round 199 took 3.897843360900879s, results:
{'t': 198, 'current_accuracy': 0.57421875, 'current_loss': 1.0840409398078918, 'train_loss': None, 'decision': 0, 'drift_rate': 0.0, 'target_domains': ['sketch']}
Loss historical diff: 5.960464477539063e-08; Loss Difference: 0.0, Decision: 0
Round 200 took 3.752300262451172s, results:
{'t': 199, 'current_accuracy': 0.57421875, 'current_loss': 1.0840407609939575, 'train_loss': None, 'decision': 0, 'drift_rate': 0.0, 'target_domains': ['sketch']}
Loss historical diff: 1.1920928955078125e-07; Loss Difference: 0.0, Decision: 0
Round 201 took 3.391172409057617s, results:
{'t': 200, 'current_accuracy': 0.57421875, 'current_loss': 1.0840408205986023, 'train_loss': None, 'decision': 0, 'drift_rate': 0.0, 'target_domains': ['sketch']}
Loss historical diff: 5.960464477539063e-08; Loss Difference: 0.0, Decision: 0
Round 202 took 3.4199378490448s, results:
{'t': 201, 'current_accuracy': 0.57421875, 'current_loss': 1.0840407609939575, 'train_loss': None, 'decision': 0, 'drift_rate': 0.0, 'target_domains': ['sketch']}
Loss historical diff: 0.0; Loss Difference: 0.0, Decision: 0
Round 203 took 3.6213555335998535s, results:
{'t': 202, 'current_accuracy': 0.57421875, 'current_loss': 1.0840404629707336, 'train_loss': None, 'decision': 0, 'drift_rate': 0.0, 'target_domains': ['sketch']}
Loss historical diff: 2.980232238769531e-07; Loss Difference: 0.0, Decision: 0
Round 204 took 3.466212034225464s, results:
{'t': 203, 'current_accuracy': 0.57421875, 'current_loss': 1.0840407609939575, 'train_loss': None, 'decision': 0, 'drift_rate': 0.0, 'target_domains': ['sketch']}
Loss historical diff: 4.76837158203125e-07; Loss Difference: 0.0, Decision: 0
Round 205 took 3.772505760192871s, results:
{'t': 204, 'current_accuracy': 0.57421875, 'current_loss': 1.0840409398078918, 'train_loss': None, 'decision': 0, 'drift_rate': 0.0, 'target_domains': ['sketch']}
Loss historical diff: 3.8743019104003906e-07; Loss Difference: 0.0, Decision: 0
Round 206 took 3.4422171115875244s, results:
{'t': 205, 'current_accuracy': 0.57421875, 'current_loss': 1.0840408504009247, 'train_loss': None, 'decision': 0, 'drift_rate': 0.0, 'target_domains': ['sketch']}
Loss historical diff: 4.172325134277344e-07; Loss Difference: 0.0, Decision: 0
Round 207 took 3.3251256942749023s, results:
{'t': 206, 'current_accuracy': 0.57421875, 'current_loss': 1.084040880203247, 'train_loss': None, 'decision': 0, 'drift_rate': 0.0, 'target_domains': ['sketch']}
Loss historical diff: 2.980232238769531e-07; Loss Difference: 0.0, Decision: 0
Round 208 took 3.6657662391662598s, results:
{'t': 207, 'current_accuracy': 0.57421875, 'current_loss': 1.0840407609939575, 'train_loss': None, 'decision': 0, 'drift_rate': 0.0, 'target_domains': ['sketch']}
Loss historical diff: 4.172325134277344e-07; Loss Difference: 0.0, Decision: 0
Round 209 took 3.672483205795288s, results:
{'t': 208, 'current_accuracy': 0.57421875, 'current_loss': 1.084040880203247, 'train_loss': None, 'decision': 0, 'drift_rate': 0.0, 'target_domains': ['sketch']}
Loss historical diff: 4.172325134277344e-07; Loss Difference: 0.0, Decision: 0
Round 210 took 3.6923444271087646s, results:
{'t': 209, 'current_accuracy': 0.57421875, 'current_loss': 1.084040880203247, 'train_loss': None, 'decision': 0, 'drift_rate': 0.0, 'target_domains': ['sketch']}
Loss historical diff: 3.5762786865234375e-07; Loss Difference: 0.0, Decision: 0
Round 211 took 3.5130341053009033s, results:
{'t': 210, 'current_accuracy': 0.57421875, 'current_loss': 1.0840408205986023, 'train_loss': None, 'decision': 0, 'drift_rate': 0.0, 'target_domains': ['sketch']}
Loss historical diff: 5.066394805908203e-07; Loss Difference: 0.0, Decision: 0
Round 212 took 3.7000699043273926s, results:
{'t': 211, 'current_accuracy': 0.57421875, 'current_loss': 1.0840409696102142, 'train_loss': None, 'decision': 0, 'drift_rate': 0.0, 'target_domains': ['sketch']}
Loss historical diff: 3.5762786865234375e-07; Loss Difference: 0.0, Decision: 0
Round 213 took 3.505019426345825s, results:
{'t': 212, 'current_accuracy': 0.57421875, 'current_loss': 1.0840408205986023, 'train_loss': None, 'decision': 0, 'drift_rate': 0.0, 'target_domains': ['sketch']}
Loss historical diff: 3.8743019104003906e-07; Loss Difference: 0.0, Decision: 0
Round 214 took 3.4410369396209717s, results:
{'t': 213, 'current_accuracy': 0.57421875, 'current_loss': 1.0840408504009247, 'train_loss': None, 'decision': 0, 'drift_rate': 0.0, 'target_domains': ['sketch']}
Loss historical diff: 5.364418029785156e-07; Loss Difference: 0.0, Decision: 0
Round 215 took 3.5993261337280273s, results:
{'t': 214, 'current_accuracy': 0.57421875, 'current_loss': 1.0840409994125366, 'train_loss': None, 'decision': 0, 'drift_rate': 0.0, 'target_domains': ['sketch']}
Loss historical diff: 5.960464477539062e-07; Loss Difference: 0.0, Decision: 0
Round 216 took 3.485718011856079s, results:
{'t': 215, 'current_accuracy': 0.57421875, 'current_loss': 1.0840410590171814, 'train_loss': None, 'decision': 0, 'drift_rate': 0.0, 'target_domains': ['sketch']}
Loss historical diff: 2.980232238769531e-07; Loss Difference: 0.0, Decision: 0
Round 217 took 3.5052225589752197s, results:
{'t': 216, 'current_accuracy': 0.57421875, 'current_loss': 1.0840407609939575, 'train_loss': None, 'decision': 0, 'drift_rate': 0.0, 'target_domains': ['sketch']}
Loss historical diff: 3.5762786865234375e-07; Loss Difference: 0.0, Decision: 0
Round 218 took 3.627779960632324s, results:
{'t': 217, 'current_accuracy': 0.57421875, 'current_loss': 1.0840408205986023, 'train_loss': None, 'decision': 0, 'drift_rate': 0.0, 'target_domains': ['sketch']}
Loss historical diff: 4.172325134277344e-07; Loss Difference: 0.0, Decision: 0
Round 219 took 3.5837321281433105s, results:
{'t': 218, 'current_accuracy': 0.57421875, 'current_loss': 1.084040880203247, 'train_loss': None, 'decision': 0, 'drift_rate': 0.0, 'target_domains': ['sketch']}
Loss historical diff: 2.980232238769531e-07; Loss Difference: 0.0, Decision: 0
Round 220 took 3.3758769035339355s, results:
{'t': 219, 'current_accuracy': 0.57421875, 'current_loss': 1.0840407609939575, 'train_loss': None, 'decision': 0, 'drift_rate': 0.0, 'target_domains': ['sketch']}
Loss historical diff: 4.76837158203125e-07; Loss Difference: 0.0, Decision: 0
Round 221 took 3.5567526817321777s, results:
{'t': 220, 'current_accuracy': 0.57421875, 'current_loss': 1.0840409398078918, 'train_loss': None, 'decision': 0, 'drift_rate': 0.0, 'target_domains': ['sketch']}
Loss historical diff: 2.384185791015625e-07; Loss Difference: 0.0, Decision: 0
Round 222 took 3.5358283519744873s, results:
{'t': 221, 'current_accuracy': 0.57421875, 'current_loss': 1.0840407013893127, 'train_loss': None, 'decision': 0, 'drift_rate': 0.0, 'target_domains': ['sketch']}
Loss historical diff: 3.5762786865234375e-07; Loss Difference: 0.0, Decision: 0
Round 223 took 3.8646247386932373s, results:
{'t': 222, 'current_accuracy': 0.57421875, 'current_loss': 1.0840408205986023, 'train_loss': None, 'decision': 0, 'drift_rate': 0.0, 'target_domains': ['sketch']}
Loss historical diff: 4.76837158203125e-07; Loss Difference: 0.0, Decision: 0
Round 224 took 3.580143928527832s, results:
{'t': 223, 'current_accuracy': 0.57421875, 'current_loss': 1.0840409398078918, 'train_loss': None, 'decision': 0, 'drift_rate': 0.0, 'target_domains': ['sketch']}
Loss historical diff: 4.172325134277344e-07; Loss Difference: 0.0, Decision: 0
Round 225 took 3.396028995513916s, results:
{'t': 224, 'current_accuracy': 0.57421875, 'current_loss': 1.084040880203247, 'train_loss': None, 'decision': 0, 'drift_rate': 0.0, 'target_domains': ['sketch']}
Loss historical diff: 4.172325134277344e-07; Loss Difference: 0.0, Decision: 0
Round 226 took 3.568387269973755s, results:
{'t': 225, 'current_accuracy': 0.57421875, 'current_loss': 1.084040880203247, 'train_loss': None, 'decision': 0, 'drift_rate': 0.0, 'target_domains': ['sketch']}
Loss historical diff: 2.384185791015625e-07; Loss Difference: 0.0, Decision: 0
Round 227 took 3.7574384212493896s, results:
{'t': 226, 'current_accuracy': 0.57421875, 'current_loss': 1.0840407013893127, 'train_loss': None, 'decision': 0, 'drift_rate': 0.0, 'target_domains': ['sketch']}
Loss historical diff: 3.5762786865234375e-07; Loss Difference: 0.0, Decision: 0
Round 228 took 3.3755781650543213s, results:
{'t': 227, 'current_accuracy': 0.57421875, 'current_loss': 1.0840408205986023, 'train_loss': None, 'decision': 0, 'drift_rate': 0.0, 'target_domains': ['sketch']}
Loss historical diff: 2.980232238769531e-07; Loss Difference: 0.0, Decision: 0
Round 229 took 3.4038660526275635s, results:
{'t': 228, 'current_accuracy': 0.57421875, 'current_loss': 1.0840407609939575, 'train_loss': None, 'decision': 0, 'drift_rate': 0.0, 'target_domains': ['sketch']}
Loss historical diff: 3.5762786865234375e-07; Loss Difference: 0.0, Decision: 0
Round 230 took 3.7804651260375977s, results:
{'t': 229, 'current_accuracy': 0.57421875, 'current_loss': 1.0840408205986023, 'train_loss': None, 'decision': 0, 'drift_rate': 0.0, 'target_domains': ['sketch']}
Loss historical diff: 4.76837158203125e-07; Loss Difference: 0.0, Decision: 0
Round 231 took 3.4235129356384277s, results:
{'t': 230, 'current_accuracy': 0.57421875, 'current_loss': 1.0840409398078918, 'train_loss': None, 'decision': 0, 'drift_rate': 0.0, 'target_domains': ['sketch']}
Loss historical diff: 4.172325134277344e-07; Loss Difference: 0.0, Decision: 0
Round 232 took 3.1885831356048584s, results:
{'t': 231, 'current_accuracy': 0.57421875, 'current_loss': 1.084040880203247, 'train_loss': None, 'decision': 0, 'drift_rate': 0.0, 'target_domains': ['sketch']}
Loss historical diff: 3.8743019104003906e-07; Loss Difference: 0.0, Decision: 0
Round 233 took 3.299767017364502s, results:
{'t': 232, 'current_accuracy': 0.57421875, 'current_loss': 1.0840408504009247, 'train_loss': None, 'decision': 0, 'drift_rate': 0.0, 'target_domains': ['sketch']}
Loss historical diff: 3.5762786865234375e-07; Loss Difference: 0.0, Decision: 0
Round 234 took 3.5577545166015625s, results:
{'t': 233, 'current_accuracy': 0.57421875, 'current_loss': 1.0840408205986023, 'train_loss': None, 'decision': 0, 'drift_rate': 0.0, 'target_domains': ['sketch']}
Loss historical diff: 4.76837158203125e-07; Loss Difference: 0.0, Decision: 0
Round 235 took 3.494922161102295s, results:
{'t': 234, 'current_accuracy': 0.57421875, 'current_loss': 1.0840409398078918, 'train_loss': None, 'decision': 0, 'drift_rate': 0.0, 'target_domains': ['sketch']}
Loss historical diff: 5.364418029785156e-07; Loss Difference: 0.0, Decision: 0
Round 236 took 3.537250518798828s, results:
{'t': 235, 'current_accuracy': 0.57421875, 'current_loss': 1.0840409994125366, 'train_loss': None, 'decision': 0, 'drift_rate': 0.0, 'target_domains': ['sketch']}
Loss historical diff: 3.5762786865234375e-07; Loss Difference: 0.0, Decision: 0
Round 237 took 3.83384370803833s, results:
{'t': 236, 'current_accuracy': 0.57421875, 'current_loss': 1.0840408205986023, 'train_loss': None, 'decision': 0, 'drift_rate': 0.0, 'target_domains': ['sketch']}
Loss historical diff: 5.364418029785156e-07; Loss Difference: 0.0, Decision: 0
Round 238 took 3.2979962825775146s, results:
{'t': 237, 'current_accuracy': 0.57421875, 'current_loss': 1.0840409994125366, 'train_loss': None, 'decision': 0, 'drift_rate': 0.0, 'target_domains': ['sketch']}
Loss historical diff: 2.980232238769531e-07; Loss Difference: 0.0, Decision: 0
Round 239 took 3.3411998748779297s, results:
{'t': 238, 'current_accuracy': 0.57421875, 'current_loss': 1.0840407609939575, 'train_loss': None, 'decision': 0, 'drift_rate': 0.0, 'target_domains': ['sketch']}
Loss historical diff: 2.980232238769531e-07; Loss Difference: 0.0, Decision: 0
Round 240 took 3.6766257286071777s, results:
{'t': 239, 'current_accuracy': 0.57421875, 'current_loss': 1.0840407609939575, 'train_loss': None, 'decision': 0, 'drift_rate': 0.0, 'target_domains': ['sketch']}
Loss historical diff: 4.470348358154297e-07; Loss Difference: 0.0, Decision: 0
Round 241 took 3.4737541675567627s, results:
{'t': 240, 'current_accuracy': 0.57421875, 'current_loss': 1.0840409100055695, 'train_loss': None, 'decision': 0, 'drift_rate': 0.0, 'target_domains': ['sketch']}
Loss historical diff: 3.5762786865234375e-07; Loss Difference: 0.0, Decision: 0
Round 242 took 3.207040309906006s, results:
{'t': 241, 'current_accuracy': 0.57421875, 'current_loss': 1.0840408205986023, 'train_loss': None, 'decision': 0, 'drift_rate': 0.0, 'target_domains': ['sketch']}
Loss historical diff: 3.5762786865234375e-07; Loss Difference: 0.0, Decision: 0
Round 243 took 3.362680673599243s, results:
{'t': 242, 'current_accuracy': 0.57421875, 'current_loss': 1.0840408205986023, 'train_loss': None, 'decision': 0, 'drift_rate': 0.0, 'target_domains': ['sketch']}
Loss historical diff: 4.76837158203125e-07; Loss Difference: 0.0, Decision: 0
Round 244 took 3.277614116668701s, results:
{'t': 243, 'current_accuracy': 0.57421875, 'current_loss': 1.0840409398078918, 'train_loss': None, 'decision': 0, 'drift_rate': 0.0, 'target_domains': ['sketch']}
Loss historical diff: 5.066394805908203e-07; Loss Difference: 0.0, Decision: 0
Round 245 took 3.1740593910217285s, results:
{'t': 244, 'current_accuracy': 0.57421875, 'current_loss': 1.0840409696102142, 'train_loss': None, 'decision': 0, 'drift_rate': 0.0, 'target_domains': ['sketch']}
Loss historical diff: 3.5762786865234375e-07; Loss Difference: 0.0, Decision: 0
Round 246 took 3.15334153175354s, results:
{'t': 245, 'current_accuracy': 0.57421875, 'current_loss': 1.0840408205986023, 'train_loss': None, 'decision': 0, 'drift_rate': 0.0, 'target_domains': ['sketch']}
Loss historical diff: 5.960464477539062e-07; Loss Difference: 0.0, Decision: 0
Round 247 took 3.3028879165649414s, results:
{'t': 246, 'current_accuracy': 0.57421875, 'current_loss': 1.0840410590171814, 'train_loss': None, 'decision': 0, 'drift_rate': 0.0, 'target_domains': ['sketch']}
Loss historical diff: 3.5762786865234375e-07; Loss Difference: 0.0, Decision: 0
Round 248 took 3.1475679874420166s, results:
{'t': 247, 'current_accuracy': 0.57421875, 'current_loss': 1.0840408205986023, 'train_loss': None, 'decision': 0, 'drift_rate': 0.0, 'target_domains': ['sketch']}
Loss historical diff: 3.5762786865234375e-07; Loss Difference: 0.0, Decision: 0
Round 249 took 3.1207754611968994s, results:
{'t': 248, 'current_accuracy': 0.57421875, 'current_loss': 1.0840408205986023, 'train_loss': None, 'decision': 0, 'drift_rate': 0.0, 'target_domains': ['sketch']}
Loss historical diff: 2.980232238769531e-07; Loss Difference: 0.0, Decision: 0
Round 250 took 3.0259194374084473s, results:
{'t': 249, 'current_accuracy': 0.57421875, 'current_loss': 1.0840407609939575, 'train_loss': None, 'decision': 0, 'drift_rate': 0.0, 'target_domains': ['sketch']}
Average time per round: 3.492177059173584
Total time: 873.044264793396
