/home/apiasecz/programming/concept_drift_optimal_adaptation_FL/src/test_loss_behavior_under_drift.py:171: FutureWarning: You are using `torch.load` with `weights_only=False` (the current default value), which uses the default pickle module implicitly. It is possible to construct malicious pickle data which will execute arbitrary code during unpickling (See https://github.com/pytorch/pytorch/blob/main/SECURITY.md#untrusted-models for more details). In a future release, the default value for `weights_only` will be flipped to `True`. This limits the functions that could be executed during unpickling. Arbitrary objects will no longer be allowed to be loaded via this mode unless they are explicitly allowlisted by the user via `torch.serialization.add_safe_globals`. We recommend you start setting `weights_only=True` for any use case where you don't have full control of the loaded file. Please open an issue on GitHub for any issues related to this experimental feature.
  model.load_state_dict(torch.load(model_path))
seed: 1
policy_id: 2
setting_id: 6
pi_bar: 0.2
drift_rate: 0.03
V: 65
Epoch 1/5, Loss: 1.0010
Epoch 2/5, Loss: 0.7531
Epoch 3/5, Loss: 0.6531
Epoch 4/5, Loss: 0.6376
Epoch 5/5, Loss: 0.6543
Round 0: Accuracy = 0.7814, Decision = True
Round 1: Accuracy = 0.7165, Decision = False
Round 2: Accuracy = 0.7017, Decision = False
Round 3: Accuracy = 0.6858, Decision = False
Round 4: Accuracy = 0.6659, Decision = False
Epoch 1/5, Loss: 0.7719
Epoch 2/5, Loss: 0.7316
Epoch 3/5, Loss: 0.7349
Epoch 4/5, Loss: 0.6550
Epoch 5/5, Loss: 0.6535
Round 5: Accuracy = 0.6621, Decision = True
Round 6: Accuracy = 0.6526, Decision = False
Round 7: Accuracy = 0.6479, Decision = False
Round 8: Accuracy = 0.5469, Decision = False
Round 9: Accuracy = 0.5930, Decision = False
Epoch 1/5, Loss: 0.8024
Epoch 2/5, Loss: 0.8009
Epoch 3/5, Loss: 0.7649
Epoch 4/5, Loss: 0.7350
Epoch 5/5, Loss: 0.7085
Round 10: Accuracy = 0.6036, Decision = True
Round 11: Accuracy = 0.6493, Decision = False
Round 12: Accuracy = 0.6585, Decision = False
Round 13: Accuracy = 0.6615, Decision = False
Round 14: Accuracy = 0.6524, Decision = False
Epoch 1/5, Loss: 0.8531
Epoch 2/5, Loss: 1.0814
Epoch 3/5, Loss: 0.9729
Epoch 4/5, Loss: 0.9313
Epoch 5/5, Loss: 0.9864
Round 15: Accuracy = 0.6438, Decision = True
Round 16: Accuracy = 0.6065, Decision = False
Round 17: Accuracy = 0.6017, Decision = False
Round 18: Accuracy = 0.5670, Decision = False
Round 19: Accuracy = 0.6000, Decision = False
Epoch 1/5, Loss: 1.1497
Epoch 2/5, Loss: 0.9340
Epoch 3/5, Loss: 0.8385
Epoch 4/5, Loss: 0.8137
Epoch 5/5, Loss: 0.7956
Round 20: Accuracy = 0.5984, Decision = True
Round 21: Accuracy = 0.6603, Decision = False
Round 22: Accuracy = 0.6600, Decision = False
Round 23: Accuracy = 0.6585, Decision = False
Round 24: Accuracy = 0.6481, Decision = False
Epoch 1/5, Loss: 0.7994
Epoch 2/5, Loss: 0.7915
Epoch 3/5, Loss: 0.7660
Epoch 4/5, Loss: 0.7703
Epoch 5/5, Loss: 0.7626
Round 25: Accuracy = 0.6473, Decision = True
Round 26: Accuracy = 0.6137, Decision = False
Round 27: Accuracy = 0.6156, Decision = False
Round 28: Accuracy = 0.6083, Decision = False
Round 29: Accuracy = 0.6060, Decision = False
Epoch 1/5, Loss: 0.7892
Epoch 2/5, Loss: 0.7737
Epoch 3/5, Loss: 0.7439
Epoch 4/5, Loss: 0.7245
Epoch 5/5, Loss: 0.7240
Round 30: Accuracy = 0.6076, Decision = True
Round 31: Accuracy = 0.6554, Decision = False
Round 32: Accuracy = 0.6515, Decision = False
Round 33: Accuracy = 0.6503, Decision = False
Round 34: Accuracy = 0.6552, Decision = False
Epoch 1/5, Loss: 0.7686
Epoch 2/5, Loss: 0.7656
Epoch 3/5, Loss: 0.7205
Epoch 4/5, Loss: 0.7056
Epoch 5/5, Loss: 0.6907
Round 35: Accuracy = 0.6543, Decision = True
Round 36: Accuracy = 0.7309, Decision = False
Round 37: Accuracy = 0.7439, Decision = False
Round 38: Accuracy = 0.7242, Decision = False
Round 39: Accuracy = 0.7269, Decision = False
Epoch 1/5, Loss: 0.7035
Epoch 2/5, Loss: 0.7627
Epoch 3/5, Loss: 0.7178
Epoch 4/5, Loss: 0.7373
Epoch 5/5, Loss: 0.6976
Round 40: Accuracy = 0.7235, Decision = True
No available target samples left. Reusing existing target indices.
Round 41: Accuracy = 0.5992, Decision = False
No available target samples left. Reusing existing target indices.
Round 42: Accuracy = 0.5988, Decision = False
No available target samples left. Reusing existing target indices.
Round 43: Accuracy = 0.5970, Decision = False
No available target samples left. Reusing existing target indices.
Round 44: Accuracy = 0.6000, Decision = False
No available target samples left. Reusing existing target indices.
No available target samples left. Reusing existing target indices.
Epoch 1/5, Loss: 0.7011
Epoch 2/5, Loss: 0.6382
Epoch 3/5, Loss: 0.6545
Epoch 4/5, Loss: 0.6310
Epoch 5/5, Loss: 0.6382
Round 45: Accuracy = 0.6000, Decision = True
No available target samples left. Reusing existing target indices.
No available target samples left. Reusing existing target indices.
Round 46: Accuracy = 0.6636, Decision = False
No available target samples left. Reusing existing target indices.
No available target samples left. Reusing existing target indices.
Round 47: Accuracy = 0.6636, Decision = False
No available target samples left. Reusing existing target indices.
No available target samples left. Reusing existing target indices.
Round 48: Accuracy = 0.6636, Decision = False
No available target samples left. Reusing existing target indices.
No available target samples left. Reusing existing target indices.
Round 49: Accuracy = 0.6636, Decision = False
No available target samples left. Reusing existing target indices.
No available target samples left. Reusing existing target indices.
Epoch 1/5, Loss: 0.6213
Epoch 2/5, Loss: 0.6313
Epoch 3/5, Loss: 0.6184
Epoch 4/5, Loss: 0.6490
Epoch 5/5, Loss: 0.6601
Round 50: Accuracy = 0.6636, Decision = True
No available target samples left. Reusing existing target indices.
No available target samples left. Reusing existing target indices.
Round 51: Accuracy = 0.6576, Decision = False
No available target samples left. Reusing existing target indices.
No available target samples left. Reusing existing target indices.
Round 52: Accuracy = 0.6576, Decision = False
No available target samples left. Reusing existing target indices.
No available target samples left. Reusing existing target indices.
Round 53: Accuracy = 0.6576, Decision = False
No available target samples left. Reusing existing target indices.
No available target samples left. Reusing existing target indices.
Round 54: Accuracy = 0.6576, Decision = False
No available target samples left. Reusing existing target indices.
No available target samples left. Reusing existing target indices.
Epoch 1/5, Loss: 0.6073
Epoch 2/5, Loss: 0.6028
Epoch 3/5, Loss: 0.5757
Epoch 4/5, Loss: 0.5734
Epoch 5/5, Loss: 0.5520
Round 55: Accuracy = 0.6576, Decision = True
No available target samples left. Reusing existing target indices.
No available target samples left. Reusing existing target indices.
Round 56: Accuracy = 0.7433, Decision = False
No available target samples left. Reusing existing target indices.
No available target samples left. Reusing existing target indices.
Round 57: Accuracy = 0.7433, Decision = False
No available target samples left. Reusing existing target indices.
No available target samples left. Reusing existing target indices.
Round 58: Accuracy = 0.7433, Decision = False
No available target samples left. Reusing existing target indices.
No available target samples left. Reusing existing target indices.
Round 59: Accuracy = 0.7433, Decision = False
No available target samples left. Reusing existing target indices.
No available target samples left. Reusing existing target indices.
Epoch 1/5, Loss: 0.5443
Epoch 2/5, Loss: 0.5272
Epoch 3/5, Loss: 0.5230
Epoch 4/5, Loss: 0.5072
Epoch 5/5, Loss: 0.5008
Round 60: Accuracy = 0.7433, Decision = True
No available target samples left. Reusing existing target indices.
No available target samples left. Reusing existing target indices.
Round 61: Accuracy = 0.7821, Decision = False
No available target samples left. Reusing existing target indices.
No available target samples left. Reusing existing target indices.
Round 62: Accuracy = 0.7821, Decision = False
No available target samples left. Reusing existing target indices.
No available target samples left. Reusing existing target indices.
Round 63: Accuracy = 0.7821, Decision = False
No available target samples left. Reusing existing target indices.
No available target samples left. Reusing existing target indices.
Round 64: Accuracy = 0.7821, Decision = False
No available target samples left. Reusing existing target indices.
No available target samples left. Reusing existing target indices.
Epoch 1/5, Loss: 0.5322
Epoch 2/5, Loss: 0.4998
Epoch 3/5, Loss: 0.4887
Epoch 4/5, Loss: 0.5035
Epoch 5/5, Loss: 0.5132
Round 65: Accuracy = 0.7821, Decision = True
No available target samples left. Reusing existing target indices.
No available target samples left. Reusing existing target indices.
Round 66: Accuracy = 0.7343, Decision = False
No available target samples left. Reusing existing target indices.
No available target samples left. Reusing existing target indices.
Round 67: Accuracy = 0.7343, Decision = False
No available target samples left. Reusing existing target indices.
No available target samples left. Reusing existing target indices.
Round 68: Accuracy = 0.7343, Decision = False
No available target samples left. Reusing existing target indices.
No available target samples left. Reusing existing target indices.
Round 69: Accuracy = 0.7343, Decision = False
No available target samples left. Reusing existing target indices.
No available target samples left. Reusing existing target indices.
Epoch 1/5, Loss: 0.4653
Epoch 2/5, Loss: 0.4549
Epoch 3/5, Loss: 0.5188
Epoch 4/5, Loss: 0.4357
Epoch 5/5, Loss: 0.4569
Round 70: Accuracy = 0.7343, Decision = True
No available target samples left. Reusing existing target indices.
No available target samples left. Reusing existing target indices.
Round 71: Accuracy = 0.7517, Decision = False
No available target samples left. Reusing existing target indices.
No available target samples left. Reusing existing target indices.
Round 72: Accuracy = 0.7517, Decision = False
No available target samples left. Reusing existing target indices.
No available target samples left. Reusing existing target indices.
Round 73: Accuracy = 0.7517, Decision = False
No available target samples left. Reusing existing target indices.
No available target samples left. Reusing existing target indices.
Round 74: Accuracy = 0.7517, Decision = False
No available target samples left. Reusing existing target indices.
No available target samples left. Reusing existing target indices.
Epoch 1/5, Loss: 0.4697
Epoch 2/5, Loss: 0.4242
Epoch 3/5, Loss: 0.4098
Epoch 4/5, Loss: 0.4101
Epoch 5/5, Loss: 0.4188
Round 75: Accuracy = 0.7517, Decision = True
No available target samples left. Reusing existing target indices.
No available target samples left. Reusing existing target indices.
Round 76: Accuracy = 0.7934, Decision = False
No available target samples left. Reusing existing target indices.
No available target samples left. Reusing existing target indices.
Round 77: Accuracy = 0.7934, Decision = False
No available target samples left. Reusing existing target indices.
No available target samples left. Reusing existing target indices.
Round 78: Accuracy = 0.7934, Decision = False
No available target samples left. Reusing existing target indices.
No available target samples left. Reusing existing target indices.
Round 79: Accuracy = 0.7934, Decision = False
No available target samples left. Reusing existing target indices.
No available target samples left. Reusing existing target indices.
Epoch 1/5, Loss: 0.4159
Epoch 2/5, Loss: 0.4159
Epoch 3/5, Loss: 0.4037
Epoch 4/5, Loss: 0.3679
Epoch 5/5, Loss: 0.3557
Round 80: Accuracy = 0.7934, Decision = True
No available target samples left. Reusing existing target indices.
No available target samples left. Reusing existing target indices.
Round 81: Accuracy = 0.7518, Decision = False
No available target samples left. Reusing existing target indices.
No available target samples left. Reusing existing target indices.
Round 82: Accuracy = 0.7518, Decision = False
No available target samples left. Reusing existing target indices.
No available target samples left. Reusing existing target indices.
Round 83: Accuracy = 0.7518, Decision = False
No available target samples left. Reusing existing target indices.
No available target samples left. Reusing existing target indices.
Round 84: Accuracy = 0.7518, Decision = False
No available target samples left. Reusing existing target indices.
No available target samples left. Reusing existing target indices.
Epoch 1/5, Loss: 0.3446
Epoch 2/5, Loss: 0.3350
Epoch 3/5, Loss: 0.3313
Epoch 4/5, Loss: 0.3120
Epoch 5/5, Loss: 0.3226
Round 85: Accuracy = 0.7518, Decision = True
No available target samples left. Reusing existing target indices.
No available target samples left. Reusing existing target indices.
Round 86: Accuracy = 0.7265, Decision = False
No available target samples left. Reusing existing target indices.
No available target samples left. Reusing existing target indices.
Round 87: Accuracy = 0.7265, Decision = False
No available target samples left. Reusing existing target indices.
No available target samples left. Reusing existing target indices.
Round 88: Accuracy = 0.7265, Decision = False
No available target samples left. Reusing existing target indices.
No available target samples left. Reusing existing target indices.
Round 89: Accuracy = 0.7265, Decision = False
No available target samples left. Reusing existing target indices.
No available target samples left. Reusing existing target indices.
Epoch 1/5, Loss: 0.3535
Epoch 2/5, Loss: 0.3603
Epoch 3/5, Loss: 0.3043
Epoch 4/5, Loss: 0.3363
Epoch 5/5, Loss: 0.3102
Round 90: Accuracy = 0.7265, Decision = True
No available target samples left. Reusing existing target indices.
No available target samples left. Reusing existing target indices.
Round 91: Accuracy = 0.6541, Decision = False
No available target samples left. Reusing existing target indices.
No available target samples left. Reusing existing target indices.
Round 92: Accuracy = 0.6541, Decision = False
No available target samples left. Reusing existing target indices.
No available target samples left. Reusing existing target indices.
Round 93: Accuracy = 0.6541, Decision = False
No available target samples left. Reusing existing target indices.
No available target samples left. Reusing existing target indices.
Round 94: Accuracy = 0.6541, Decision = False
No available target samples left. Reusing existing target indices.
No available target samples left. Reusing existing target indices.
Epoch 1/5, Loss: 0.3158
Epoch 2/5, Loss: 0.3099
Epoch 3/5, Loss: 0.3169
Epoch 4/5, Loss: 0.3153
Epoch 5/5, Loss: 0.2543
Round 95: Accuracy = 0.6541, Decision = True
No available target samples left. Reusing existing target indices.
No available target samples left. Reusing existing target indices.
Round 96: Accuracy = 0.7645, Decision = False
No available target samples left. Reusing existing target indices.
No available target samples left. Reusing existing target indices.
Round 97: Accuracy = 0.7645, Decision = False
No available target samples left. Reusing existing target indices.
No available target samples left. Reusing existing target indices.
Round 98: Accuracy = 0.7645, Decision = False
No available target samples left. Reusing existing target indices.
No available target samples left. Reusing existing target indices.
Round 99: Accuracy = 0.7645, Decision = False
No available target samples left. Reusing existing target indices.
No available target samples left. Reusing existing target indices.
Epoch 1/5, Loss: 0.2828
Epoch 2/5, Loss: 0.2753
Epoch 3/5, Loss: 0.2560
Epoch 4/5, Loss: 0.2470
Epoch 5/5, Loss: 0.3199
Round 100: Accuracy = 0.7645, Decision = True
No available target samples left. Reusing existing target indices.
No available target samples left. Reusing existing target indices.
Round 101: Accuracy = 0.7610, Decision = False
No available target samples left. Reusing existing target indices.
No available target samples left. Reusing existing target indices.
Round 102: Accuracy = 0.7610, Decision = False
No available target samples left. Reusing existing target indices.
No available target samples left. Reusing existing target indices.
Round 103: Accuracy = 0.7610, Decision = False
No available target samples left. Reusing existing target indices.
No available target samples left. Reusing existing target indices.
Round 104: Accuracy = 0.7610, Decision = False
No available target samples left. Reusing existing target indices.
No available target samples left. Reusing existing target indices.
Epoch 1/5, Loss: 0.2495
Epoch 2/5, Loss: 0.2698
Epoch 3/5, Loss: 0.2329
Epoch 4/5, Loss: 0.2503
Epoch 5/5, Loss: 0.2579
Round 105: Accuracy = 0.7610, Decision = True
No available target samples left. Reusing existing target indices.
No available target samples left. Reusing existing target indices.
Round 106: Accuracy = 0.7315, Decision = False
No available target samples left. Reusing existing target indices.
No available target samples left. Reusing existing target indices.
Round 107: Accuracy = 0.7315, Decision = False
No available target samples left. Reusing existing target indices.
No available target samples left. Reusing existing target indices.
Round 108: Accuracy = 0.7315, Decision = False
No available target samples left. Reusing existing target indices.
No available target samples left. Reusing existing target indices.
Round 109: Accuracy = 0.7315, Decision = False
No available target samples left. Reusing existing target indices.
No available target samples left. Reusing existing target indices.
Epoch 1/5, Loss: 0.2800
Epoch 2/5, Loss: 0.2159
Epoch 3/5, Loss: 0.2096
Epoch 4/5, Loss: 0.2284
Epoch 5/5, Loss: 0.2361
Round 110: Accuracy = 0.7315, Decision = True
No available target samples left. Reusing existing target indices.
No available target samples left. Reusing existing target indices.
Round 111: Accuracy = 0.7706, Decision = False
No available target samples left. Reusing existing target indices.
No available target samples left. Reusing existing target indices.
Round 112: Accuracy = 0.7706, Decision = False
No available target samples left. Reusing existing target indices.
No available target samples left. Reusing existing target indices.
Round 113: Accuracy = 0.7706, Decision = False
No available target samples left. Reusing existing target indices.
No available target samples left. Reusing existing target indices.
Round 114: Accuracy = 0.7706, Decision = False
No available target samples left. Reusing existing target indices.
No available target samples left. Reusing existing target indices.
Epoch 1/5, Loss: 0.2330
Epoch 2/5, Loss: 0.2296
Epoch 3/5, Loss: 0.2363
Epoch 4/5, Loss: 0.1904
Epoch 5/5, Loss: 0.1623
Round 115: Accuracy = 0.7706, Decision = True
No available target samples left. Reusing existing target indices.
No available target samples left. Reusing existing target indices.
Round 116: Accuracy = 0.7080, Decision = False
No available target samples left. Reusing existing target indices.
No available target samples left. Reusing existing target indices.
Round 117: Accuracy = 0.7080, Decision = False
No available target samples left. Reusing existing target indices.
No available target samples left. Reusing existing target indices.
Round 118: Accuracy = 0.7080, Decision = False
No available target samples left. Reusing existing target indices.
No available target samples left. Reusing existing target indices.
Round 119: Accuracy = 0.7080, Decision = False
No available target samples left. Reusing existing target indices.
No available target samples left. Reusing existing target indices.
Epoch 1/5, Loss: 0.1788
Epoch 2/5, Loss: 0.1999
Epoch 3/5, Loss: 0.1931
Epoch 4/5, Loss: 0.1714
Epoch 5/5, Loss: 0.1900
Round 120: Accuracy = 0.7080, Decision = True
No available target samples left. Reusing existing target indices.
No available target samples left. Reusing existing target indices.
Round 121: Accuracy = 0.7584, Decision = False
No available target samples left. Reusing existing target indices.
No available target samples left. Reusing existing target indices.
Round 122: Accuracy = 0.7584, Decision = False
No available target samples left. Reusing existing target indices.
No available target samples left. Reusing existing target indices.
Round 123: Accuracy = 0.7584, Decision = False
No available target samples left. Reusing existing target indices.
No available target samples left. Reusing existing target indices.
Round 124: Accuracy = 0.7584, Decision = False
No available target samples left. Reusing existing target indices.
No available target samples left. Reusing existing target indices.
Epoch 1/5, Loss: 0.2075
Epoch 2/5, Loss: 0.1728
Epoch 3/5, Loss: 0.1486
Epoch 4/5, Loss: 0.1267
Epoch 5/5, Loss: 0.1590
Round 125: Accuracy = 0.7584, Decision = True
No available target samples left. Reusing existing target indices.
No available target samples left. Reusing existing target indices.
Round 126: Accuracy = 0.8077, Decision = False
No available target samples left. Reusing existing target indices.
No available target samples left. Reusing existing target indices.
Round 127: Accuracy = 0.8077, Decision = False
No available target samples left. Reusing existing target indices.
No available target samples left. Reusing existing target indices.
Round 128: Accuracy = 0.8077, Decision = False
No available target samples left. Reusing existing target indices.
No available target samples left. Reusing existing target indices.
Round 129: Accuracy = 0.8077, Decision = False
No available target samples left. Reusing existing target indices.
No available target samples left. Reusing existing target indices.
Epoch 1/5, Loss: 0.1340
Epoch 2/5, Loss: 0.1217
Epoch 3/5, Loss: 0.1123
Epoch 4/5, Loss: 0.1444
Epoch 5/5, Loss: 0.1256
Round 130: Accuracy = 0.8077, Decision = True
No available target samples left. Reusing existing target indices.
No available target samples left. Reusing existing target indices.
Round 131: Accuracy = 0.7790, Decision = False
No available target samples left. Reusing existing target indices.
No available target samples left. Reusing existing target indices.
Round 132: Accuracy = 0.7790, Decision = False
No available target samples left. Reusing existing target indices.
No available target samples left. Reusing existing target indices.
Round 133: Accuracy = 0.7790, Decision = False
No available target samples left. Reusing existing target indices.
No available target samples left. Reusing existing target indices.
Round 134: Accuracy = 0.7790, Decision = False
No available target samples left. Reusing existing target indices.
No available target samples left. Reusing existing target indices.
Epoch 1/5, Loss: 0.1595
Epoch 2/5, Loss: 0.1496
Epoch 3/5, Loss: 0.1137
Epoch 4/5, Loss: 0.1463
Epoch 5/5, Loss: 0.1320
Round 135: Accuracy = 0.7790, Decision = True
No available target samples left. Reusing existing target indices.
No available target samples left. Reusing existing target indices.
Round 136: Accuracy = 0.7845, Decision = False
No available target samples left. Reusing existing target indices.
No available target samples left. Reusing existing target indices.
Round 137: Accuracy = 0.7845, Decision = False
No available target samples left. Reusing existing target indices.
No available target samples left. Reusing existing target indices.
Round 138: Accuracy = 0.7845, Decision = False
No available target samples left. Reusing existing target indices.
No available target samples left. Reusing existing target indices.
Round 139: Accuracy = 0.7845, Decision = False
No available target samples left. Reusing existing target indices.
No available target samples left. Reusing existing target indices.
Epoch 1/5, Loss: 0.0948
Epoch 2/5, Loss: 0.1375
Epoch 3/5, Loss: 0.1078
Epoch 4/5, Loss: 0.1282
Epoch 5/5, Loss: 0.1503
Round 140: Accuracy = 0.7845, Decision = True
No available target samples left. Reusing existing target indices.
No available target samples left. Reusing existing target indices.
Round 141: Accuracy = 0.7723, Decision = False
No available target samples left. Reusing existing target indices.
No available target samples left. Reusing existing target indices.
Round 142: Accuracy = 0.7723, Decision = False
No available target samples left. Reusing existing target indices.
No available target samples left. Reusing existing target indices.
Round 143: Accuracy = 0.7723, Decision = False
No available target samples left. Reusing existing target indices.
No available target samples left. Reusing existing target indices.
Round 144: Accuracy = 0.7723, Decision = False
No available target samples left. Reusing existing target indices.
No available target samples left. Reusing existing target indices.
Epoch 1/5, Loss: 0.0987
Epoch 2/5, Loss: 0.0758
Epoch 3/5, Loss: 0.0976
Epoch 4/5, Loss: 0.1414
Epoch 5/5, Loss: 0.1467
Round 145: Accuracy = 0.7723, Decision = True
No available target samples left. Reusing existing target indices.
No available target samples left. Reusing existing target indices.
Round 146: Accuracy = 0.7833, Decision = False
No available target samples left. Reusing existing target indices.
No available target samples left. Reusing existing target indices.
Round 147: Accuracy = 0.7833, Decision = False
No available target samples left. Reusing existing target indices.
No available target samples left. Reusing existing target indices.
Round 148: Accuracy = 0.7833, Decision = False
No available target samples left. Reusing existing target indices.
No available target samples left. Reusing existing target indices.
Round 149: Accuracy = 0.7833, Decision = False
No available target samples left. Reusing existing target indices.
No available target samples left. Reusing existing target indices.
Epoch 1/5, Loss: 0.1181
Epoch 2/5, Loss: 0.1250
Epoch 3/5, Loss: 0.1356
Epoch 4/5, Loss: 0.1220
Epoch 5/5, Loss: 0.0966
Round 150: Accuracy = 0.7833, Decision = True
No available target samples left. Reusing existing target indices.
No available target samples left. Reusing existing target indices.
Round 151: Accuracy = 0.7822, Decision = False
No available target samples left. Reusing existing target indices.
No available target samples left. Reusing existing target indices.
Round 152: Accuracy = 0.7822, Decision = False
No available target samples left. Reusing existing target indices.
No available target samples left. Reusing existing target indices.
Round 153: Accuracy = 0.7822, Decision = False
No available target samples left. Reusing existing target indices.
No available target samples left. Reusing existing target indices.
Round 154: Accuracy = 0.7822, Decision = False
No available target samples left. Reusing existing target indices.
No available target samples left. Reusing existing target indices.
Epoch 1/5, Loss: 0.1065
Epoch 2/5, Loss: 0.1212
Epoch 3/5, Loss: 0.1551
Epoch 4/5, Loss: 0.0803
Epoch 5/5, Loss: 0.1229
Round 155: Accuracy = 0.7822, Decision = True
No available target samples left. Reusing existing target indices.
No available target samples left. Reusing existing target indices.
Round 156: Accuracy = 0.7946, Decision = False
No available target samples left. Reusing existing target indices.
No available target samples left. Reusing existing target indices.
Round 157: Accuracy = 0.7946, Decision = False
No available target samples left. Reusing existing target indices.
No available target samples left. Reusing existing target indices.
Round 158: Accuracy = 0.7946, Decision = False
No available target samples left. Reusing existing target indices.
No available target samples left. Reusing existing target indices.
Round 159: Accuracy = 0.7946, Decision = False
No available target samples left. Reusing existing target indices.
No available target samples left. Reusing existing target indices.
Epoch 1/5, Loss: 0.0815
Epoch 2/5, Loss: 0.0908
Epoch 3/5, Loss: 0.0934
Epoch 4/5, Loss: 0.0590
Epoch 5/5, Loss: 0.0810
Round 160: Accuracy = 0.7946, Decision = True
No available target samples left. Reusing existing target indices.
No available target samples left. Reusing existing target indices.
Round 161: Accuracy = 0.7315, Decision = False
No available target samples left. Reusing existing target indices.
No available target samples left. Reusing existing target indices.
Round 162: Accuracy = 0.7315, Decision = False
No available target samples left. Reusing existing target indices.
No available target samples left. Reusing existing target indices.
Round 163: Accuracy = 0.7315, Decision = False
No available target samples left. Reusing existing target indices.
No available target samples left. Reusing existing target indices.
Round 164: Accuracy = 0.7315, Decision = False
No available target samples left. Reusing existing target indices.
No available target samples left. Reusing existing target indices.
Epoch 1/5, Loss: 0.0778
Epoch 2/5, Loss: 0.0964
Epoch 3/5, Loss: 0.1627
Epoch 4/5, Loss: 0.1210
Epoch 5/5, Loss: 0.1211
Round 165: Accuracy = 0.7315, Decision = True
No available target samples left. Reusing existing target indices.
No available target samples left. Reusing existing target indices.
Round 166: Accuracy = 0.7770, Decision = False
No available target samples left. Reusing existing target indices.
No available target samples left. Reusing existing target indices.
Round 167: Accuracy = 0.7770, Decision = False
No available target samples left. Reusing existing target indices.
No available target samples left. Reusing existing target indices.
Round 168: Accuracy = 0.7770, Decision = False
No available target samples left. Reusing existing target indices.
No available target samples left. Reusing existing target indices.
Round 169: Accuracy = 0.7770, Decision = False
No available target samples left. Reusing existing target indices.
No available target samples left. Reusing existing target indices.
Epoch 1/5, Loss: 0.1063
Epoch 2/5, Loss: 0.0771
Epoch 3/5, Loss: 0.0844
Epoch 4/5, Loss: 0.0594
Epoch 5/5, Loss: 0.0548
Round 170: Accuracy = 0.7770, Decision = True
No available target samples left. Reusing existing target indices.
No available target samples left. Reusing existing target indices.
Round 171: Accuracy = 0.8288, Decision = False
No available target samples left. Reusing existing target indices.
No available target samples left. Reusing existing target indices.
Round 172: Accuracy = 0.8288, Decision = False
No available target samples left. Reusing existing target indices.
No available target samples left. Reusing existing target indices.
Round 173: Accuracy = 0.8288, Decision = False
No available target samples left. Reusing existing target indices.
No available target samples left. Reusing existing target indices.
Round 174: Accuracy = 0.8288, Decision = False
No available target samples left. Reusing existing target indices.
No available target samples left. Reusing existing target indices.
Epoch 1/5, Loss: 0.0414
Epoch 2/5, Loss: 0.0589
Epoch 3/5, Loss: 0.0443
Epoch 4/5, Loss: 0.0523
Epoch 5/5, Loss: 0.0721
Round 175: Accuracy = 0.8288, Decision = True
No available target samples left. Reusing existing target indices.
No available target samples left. Reusing existing target indices.
Round 176: Accuracy = 0.8201, Decision = False
No available target samples left. Reusing existing target indices.
No available target samples left. Reusing existing target indices.
Round 177: Accuracy = 0.8201, Decision = False
No available target samples left. Reusing existing target indices.
No available target samples left. Reusing existing target indices.
Round 178: Accuracy = 0.8201, Decision = False
No available target samples left. Reusing existing target indices.
No available target samples left. Reusing existing target indices.
Round 179: Accuracy = 0.8201, Decision = False
No available target samples left. Reusing existing target indices.
No available target samples left. Reusing existing target indices.
Epoch 1/5, Loss: 0.0467
Epoch 2/5, Loss: 0.0502
Epoch 3/5, Loss: 0.2210
Epoch 4/5, Loss: 0.1544
Epoch 5/5, Loss: 0.0837
Round 180: Accuracy = 0.8201, Decision = True
No available target samples left. Reusing existing target indices.
No available target samples left. Reusing existing target indices.
Round 181: Accuracy = 0.8042, Decision = False
No available target samples left. Reusing existing target indices.
No available target samples left. Reusing existing target indices.
Round 182: Accuracy = 0.8042, Decision = False
No available target samples left. Reusing existing target indices.
No available target samples left. Reusing existing target indices.
Round 183: Accuracy = 0.8042, Decision = False
No available target samples left. Reusing existing target indices.
No available target samples left. Reusing existing target indices.
Round 184: Accuracy = 0.8042, Decision = False
No available target samples left. Reusing existing target indices.
No available target samples left. Reusing existing target indices.
Epoch 1/5, Loss: 0.0645
Epoch 2/5, Loss: 0.0542
Epoch 3/5, Loss: 0.0435
Epoch 4/5, Loss: 0.0703
Epoch 5/5, Loss: 0.0371
Round 185: Accuracy = 0.8042, Decision = True
No available target samples left. Reusing existing target indices.
No available target samples left. Reusing existing target indices.
Round 186: Accuracy = 0.8410, Decision = False
No available target samples left. Reusing existing target indices.
No available target samples left. Reusing existing target indices.
Round 187: Accuracy = 0.8410, Decision = False
No available target samples left. Reusing existing target indices.
No available target samples left. Reusing existing target indices.
Round 188: Accuracy = 0.8410, Decision = False
No available target samples left. Reusing existing target indices.
No available target samples left. Reusing existing target indices.
Round 189: Accuracy = 0.8410, Decision = False
No available target samples left. Reusing existing target indices.
No available target samples left. Reusing existing target indices.
Epoch 1/5, Loss: 0.0224
Epoch 2/5, Loss: 0.0425
Epoch 3/5, Loss: 0.1423
Epoch 4/5, Loss: 0.1971
Epoch 5/5, Loss: 0.0811
Round 190: Accuracy = 0.8410, Decision = True
No available target samples left. Reusing existing target indices.
No available target samples left. Reusing existing target indices.
Round 191: Accuracy = 0.8079, Decision = False
No available target samples left. Reusing existing target indices.
No available target samples left. Reusing existing target indices.
Round 192: Accuracy = 0.8079, Decision = False
No available target samples left. Reusing existing target indices.
No available target samples left. Reusing existing target indices.
Round 193: Accuracy = 0.8079, Decision = False
No available target samples left. Reusing existing target indices.
No available target samples left. Reusing existing target indices.
Round 194: Accuracy = 0.8079, Decision = False
No available target samples left. Reusing existing target indices.
No available target samples left. Reusing existing target indices.
Epoch 1/5, Loss: 0.0471
Epoch 2/5, Loss: 0.0434
Epoch 3/5, Loss: 0.0322
Epoch 4/5, Loss: 0.0388
Epoch 5/5, Loss: 0.1095
Round 195: Accuracy = 0.8079, Decision = True
No available target samples left. Reusing existing target indices.
No available target samples left. Reusing existing target indices.
Round 196: Accuracy = 0.8239, Decision = False
No available target samples left. Reusing existing target indices.
No available target samples left. Reusing existing target indices.
Round 197: Accuracy = 0.8239, Decision = False
No available target samples left. Reusing existing target indices.
No available target samples left. Reusing existing target indices.
Round 198: Accuracy = 0.8239, Decision = False
No available target samples left. Reusing existing target indices.
No available target samples left. Reusing existing target indices.
Round 199: Accuracy = 0.8239, Decision = False
