Device: cuda
CUDA Version: 12.1
cuDNN Version: 8902
PyTorch Version: 2.3.0

Model used: DigitsDGCNN
Initial dataset creation
Initial dataset creation
Initial loss: 0.8166839480400085
<__main__.Policy object at 0x1523e8cc3440>
0.8166839480400085
0.0 ['svhn']
Loss historical diff: 0.0; Loss Difference: 0.0, Decision: 0
Round 1 took 0.7458136081695557s, results:
{'t': 0, 'current_accuracy': 0.87109375, 'current_loss': 0.8118025958538055, 'train_loss': None, 'decision': 0, 'drift_rate': 0.0, 'target_domains': ['mnist']}
0.0 ['svhn']
Loss historical diff: 2.9802322387695312e-08; Loss Difference: 0.0, Decision: 0
Round 2 took 0.6531267166137695s, results:
{'t': 1, 'current_accuracy': 0.87109375, 'current_loss': 0.8118026256561279, 'train_loss': None, 'decision': 0, 'drift_rate': 0.0, 'target_domains': ['mnist']}
0.0 ['svhn']
Loss historical diff: 2.9802322387695312e-08; Loss Difference: 0.0, Decision: 0
Round 3 took 0.6376757621765137s, results:
{'t': 2, 'current_accuracy': 0.87109375, 'current_loss': 0.8118026256561279, 'train_loss': None, 'decision': 0, 'drift_rate': 0.0, 'target_domains': ['mnist']}
0.0 ['svhn']
Loss historical diff: 5.960464477539063e-08; Loss Difference: 0.0, Decision: 0
Round 4 took 0.6098423004150391s, results:
{'t': 3, 'current_accuracy': 0.87109375, 'current_loss': 0.8118026554584503, 'train_loss': None, 'decision': 0, 'drift_rate': 0.0, 'target_domains': ['mnist']}
0.0 ['svhn']
Loss historical diff: 8.940696716308594e-08; Loss Difference: 0.0, Decision: 0
Round 5 took 0.6950807571411133s, results:
{'t': 4, 'current_accuracy': 0.87109375, 'current_loss': 0.8118026852607727, 'train_loss': None, 'decision': 0, 'drift_rate': 0.0, 'target_domains': ['mnist']}
0.0 ['svhn']
Loss historical diff: 2.9802322387695312e-08; Loss Difference: 0.0, Decision: 0
Round 6 took 0.6418371200561523s, results:
{'t': 5, 'current_accuracy': 0.87109375, 'current_loss': 0.8118026256561279, 'train_loss': None, 'decision': 0, 'drift_rate': 0.0, 'target_domains': ['mnist']}
0.0 ['svhn']
Loss historical diff: 0.0; Loss Difference: 0.0, Decision: 0
Round 7 took 0.6531829833984375s, results:
{'t': 6, 'current_accuracy': 0.87109375, 'current_loss': 0.8118025362491608, 'train_loss': None, 'decision': 0, 'drift_rate': 0.0, 'target_domains': ['mnist']}
0.0 ['svhn']
Loss historical diff: 1.4901161193847656e-07; Loss Difference: 0.0, Decision: 0
Round 8 took 0.6027035713195801s, results:
{'t': 7, 'current_accuracy': 0.87109375, 'current_loss': 0.8118026852607727, 'train_loss': None, 'decision': 0, 'drift_rate': 0.0, 'target_domains': ['mnist']}
0.0 ['svhn']
Loss historical diff: 1.1920928955078125e-07; Loss Difference: 0.0, Decision: 0
Round 9 took 0.620227575302124s, results:
{'t': 8, 'current_accuracy': 0.87109375, 'current_loss': 0.8118026554584503, 'train_loss': None, 'decision': 0, 'drift_rate': 0.0, 'target_domains': ['mnist']}
0.0 ['svhn']
Loss historical diff: 2.9802322387695312e-08; Loss Difference: 0.0, Decision: 0
Round 10 took 0.6054642200469971s, results:
{'t': 9, 'current_accuracy': 0.87109375, 'current_loss': 0.8118025660514832, 'train_loss': None, 'decision': 0, 'drift_rate': 0.0, 'target_domains': ['mnist']}
0.0 ['svhn']
Loss historical diff: 8.940696716308594e-08; Loss Difference: 0.0, Decision: 0
Round 11 took 0.618812084197998s, results:
{'t': 10, 'current_accuracy': 0.87109375, 'current_loss': 0.8118026256561279, 'train_loss': None, 'decision': 0, 'drift_rate': 0.0, 'target_domains': ['mnist']}
0.0 ['svhn']
Loss historical diff: 8.940696716308594e-08; Loss Difference: 0.0, Decision: 0
Round 12 took 0.6278655529022217s, results:
{'t': 11, 'current_accuracy': 0.87109375, 'current_loss': 0.8118026256561279, 'train_loss': None, 'decision': 0, 'drift_rate': 0.0, 'target_domains': ['mnist']}
0.0 ['svhn']
Loss historical diff: 1.4901161193847656e-07; Loss Difference: 0.0, Decision: 0
Round 13 took 0.6675112247467041s, results:
{'t': 12, 'current_accuracy': 0.87109375, 'current_loss': 0.8118026852607727, 'train_loss': None, 'decision': 0, 'drift_rate': 0.0, 'target_domains': ['mnist']}
0.0 ['svhn']
Loss historical diff: 8.940696716308594e-08; Loss Difference: 0.0, Decision: 0
Round 14 took 0.6274197101593018s, results:
{'t': 13, 'current_accuracy': 0.87109375, 'current_loss': 0.8118026256561279, 'train_loss': None, 'decision': 0, 'drift_rate': 0.0, 'target_domains': ['mnist']}
0.0 ['svhn']
Loss historical diff: 1.1920928955078125e-07; Loss Difference: 0.0, Decision: 0
Round 15 took 0.6141200065612793s, results:
{'t': 14, 'current_accuracy': 0.87109375, 'current_loss': 0.8118026554584503, 'train_loss': None, 'decision': 0, 'drift_rate': 0.0, 'target_domains': ['mnist']}
0.0 ['svhn']
Loss historical diff: 2.384185791015625e-07; Loss Difference: 0.0, Decision: 0
Round 16 took 0.5952291488647461s, results:
{'t': 15, 'current_accuracy': 0.87109375, 'current_loss': 0.8118027746677399, 'train_loss': None, 'decision': 0, 'drift_rate': 0.0, 'target_domains': ['mnist']}
0.0 ['svhn']
Loss historical diff: 5.960464477539063e-08; Loss Difference: 0.0, Decision: 0
Round 17 took 0.5910966396331787s, results:
{'t': 16, 'current_accuracy': 0.87109375, 'current_loss': 0.8118025958538055, 'train_loss': None, 'decision': 0, 'drift_rate': 0.0, 'target_domains': ['mnist']}
0.0 ['svhn']
Loss historical diff: 2.9802322387695312e-08; Loss Difference: 0.0, Decision: 0
Round 18 took 0.5998938083648682s, results:
{'t': 17, 'current_accuracy': 0.87109375, 'current_loss': 0.8118025660514832, 'train_loss': None, 'decision': 0, 'drift_rate': 0.0, 'target_domains': ['mnist']}
0.0 ['svhn']
Loss historical diff: 2.9802322387695312e-08; Loss Difference: 0.0, Decision: 0
Round 19 took 0.6879847049713135s, results:
{'t': 18, 'current_accuracy': 0.87109375, 'current_loss': 0.8118025660514832, 'train_loss': None, 'decision': 0, 'drift_rate': 0.0, 'target_domains': ['mnist']}
0.0 ['svhn']
Loss historical diff: 8.940696716308594e-08; Loss Difference: 0.0, Decision: 0
Round 20 took 0.600121021270752s, results:
{'t': 19, 'current_accuracy': 0.87109375, 'current_loss': 0.8118026256561279, 'train_loss': None, 'decision': 0, 'drift_rate': 0.0, 'target_domains': ['mnist']}
0.0 ['svhn']
Loss historical diff: 2.9802322387695312e-08; Loss Difference: 0.0, Decision: 0
Round 21 took 0.634514331817627s, results:
{'t': 20, 'current_accuracy': 0.87109375, 'current_loss': 0.8118025660514832, 'train_loss': None, 'decision': 0, 'drift_rate': 0.0, 'target_domains': ['mnist']}
0.0 ['svhn']
Loss historical diff: 5.960464477539063e-08; Loss Difference: 0.0, Decision: 0
Round 22 took 0.5946693420410156s, results:
{'t': 21, 'current_accuracy': 0.87109375, 'current_loss': 0.8118025958538055, 'train_loss': None, 'decision': 0, 'drift_rate': 0.0, 'target_domains': ['mnist']}
0.0 ['svhn']
Loss historical diff: 5.960464477539063e-08; Loss Difference: 0.0, Decision: 0
Round 23 took 0.646836519241333s, results:
{'t': 22, 'current_accuracy': 0.87109375, 'current_loss': 0.8118025958538055, 'train_loss': None, 'decision': 0, 'drift_rate': 0.0, 'target_domains': ['mnist']}
0.0 ['svhn']
Loss historical diff: 5.960464477539063e-08; Loss Difference: 0.0, Decision: 0
Round 24 took 0.6598248481750488s, results:
{'t': 23, 'current_accuracy': 0.87109375, 'current_loss': 0.8118025958538055, 'train_loss': None, 'decision': 0, 'drift_rate': 0.0, 'target_domains': ['mnist']}
0.0 ['svhn']
Loss historical diff: 1.1920928955078125e-07; Loss Difference: 0.0, Decision: 0
Round 25 took 0.67279052734375s, results:
{'t': 24, 'current_accuracy': 0.87109375, 'current_loss': 0.8118026554584503, 'train_loss': None, 'decision': 0, 'drift_rate': 0.0, 'target_domains': ['mnist']}
0.0 ['svhn']
Loss historical diff: 2.9802322387695312e-08; Loss Difference: 0.0, Decision: 0
Round 26 took 0.7159249782562256s, results:
{'t': 25, 'current_accuracy': 0.87109375, 'current_loss': 0.8118025660514832, 'train_loss': None, 'decision': 0, 'drift_rate': 0.0, 'target_domains': ['mnist']}
0.0 ['svhn']
Loss historical diff: 5.960464477539063e-08; Loss Difference: 0.0, Decision: 0
Round 27 took 0.7475242614746094s, results:
{'t': 26, 'current_accuracy': 0.87109375, 'current_loss': 0.8118025958538055, 'train_loss': None, 'decision': 0, 'drift_rate': 0.0, 'target_domains': ['mnist']}
0.0 ['svhn']
Loss historical diff: 2.9802322387695312e-08; Loss Difference: 0.0, Decision: 0
Round 28 took 0.7954649925231934s, results:
{'t': 27, 'current_accuracy': 0.87109375, 'current_loss': 0.8118025660514832, 'train_loss': None, 'decision': 0, 'drift_rate': 0.0, 'target_domains': ['mnist']}
0.0 ['svhn']
Loss historical diff: 1.1920928955078125e-07; Loss Difference: 0.0, Decision: 0
Round 29 took 0.7433688640594482s, results:
{'t': 28, 'current_accuracy': 0.87109375, 'current_loss': 0.8118026554584503, 'train_loss': None, 'decision': 0, 'drift_rate': 0.0, 'target_domains': ['mnist']}
0.0 ['svhn']
Loss historical diff: 8.940696716308594e-08; Loss Difference: 0.0, Decision: 0
Round 30 took 0.6987483501434326s, results:
{'t': 29, 'current_accuracy': 0.87109375, 'current_loss': 0.8118026256561279, 'train_loss': None, 'decision': 0, 'drift_rate': 0.0, 'target_domains': ['mnist']}
0.0 ['svhn']
Loss historical diff: 5.960464477539063e-08; Loss Difference: 0.0, Decision: 0
Round 31 took 0.703005313873291s, results:
{'t': 30, 'current_accuracy': 0.87109375, 'current_loss': 0.8118025958538055, 'train_loss': None, 'decision': 0, 'drift_rate': 0.0, 'target_domains': ['mnist']}
0.0 ['svhn']
Loss historical diff: 1.1920928955078125e-07; Loss Difference: 0.0, Decision: 0
Round 32 took 0.6722269058227539s, results:
{'t': 31, 'current_accuracy': 0.87109375, 'current_loss': 0.8118026554584503, 'train_loss': None, 'decision': 0, 'drift_rate': 0.0, 'target_domains': ['mnist']}
0.0 ['svhn']
Loss historical diff: 1.4901161193847656e-07; Loss Difference: 0.0, Decision: 0
Round 33 took 0.6797358989715576s, results:
{'t': 32, 'current_accuracy': 0.87109375, 'current_loss': 0.8118026852607727, 'train_loss': None, 'decision': 0, 'drift_rate': 0.0, 'target_domains': ['mnist']}
0.0 ['svhn']
Loss historical diff: 2.9802322387695312e-08; Loss Difference: 0.0, Decision: 0
Round 34 took 0.6861557960510254s, results:
{'t': 33, 'current_accuracy': 0.87109375, 'current_loss': 0.8118025660514832, 'train_loss': None, 'decision': 0, 'drift_rate': 0.0, 'target_domains': ['mnist']}
0.0 ['svhn']
Loss historical diff: 8.940696716308594e-08; Loss Difference: 0.0, Decision: 0
Round 35 took 0.7281172275543213s, results:
{'t': 34, 'current_accuracy': 0.87109375, 'current_loss': 0.8118026256561279, 'train_loss': None, 'decision': 0, 'drift_rate': 0.0, 'target_domains': ['mnist']}
0.0 ['svhn']
Loss historical diff: 8.940696716308594e-08; Loss Difference: 0.0, Decision: 0
Round 36 took 0.7289600372314453s, results:
{'t': 35, 'current_accuracy': 0.87109375, 'current_loss': 0.8118026256561279, 'train_loss': None, 'decision': 0, 'drift_rate': 0.0, 'target_domains': ['mnist']}
0.0 ['svhn']
Loss historical diff: 8.940696716308594e-08; Loss Difference: 0.0, Decision: 0
Round 37 took 0.7445950508117676s, results:
{'t': 36, 'current_accuracy': 0.87109375, 'current_loss': 0.8118026256561279, 'train_loss': None, 'decision': 0, 'drift_rate': 0.0, 'target_domains': ['mnist']}
0.0 ['svhn']
Loss historical diff: 2.086162567138672e-07; Loss Difference: 0.0, Decision: 0
Round 38 took 0.6705107688903809s, results:
{'t': 37, 'current_accuracy': 0.87109375, 'current_loss': 0.8118027448654175, 'train_loss': None, 'decision': 0, 'drift_rate': 0.0, 'target_domains': ['mnist']}
0.0 ['svhn']
Loss historical diff: 0.0; Loss Difference: 0.0, Decision: 0
Round 39 took 0.6572282314300537s, results:
{'t': 38, 'current_accuracy': 0.87109375, 'current_loss': 0.8118025064468384, 'train_loss': None, 'decision': 0, 'drift_rate': 0.0, 'target_domains': ['mnist']}
0.0 ['svhn']
Loss historical diff: 1.4901161193847656e-07; Loss Difference: 0.0, Decision: 0
Round 40 took 0.7102241516113281s, results:
{'t': 39, 'current_accuracy': 0.87109375, 'current_loss': 0.8118026554584503, 'train_loss': None, 'decision': 0, 'drift_rate': 0.0, 'target_domains': ['mnist']}
0.0 ['svhn']
Loss historical diff: 1.1920928955078125e-07; Loss Difference: 0.0, Decision: 0
Round 41 took 0.667473316192627s, results:
{'t': 40, 'current_accuracy': 0.87109375, 'current_loss': 0.8118026256561279, 'train_loss': None, 'decision': 0, 'drift_rate': 0.0, 'target_domains': ['mnist']}
0.0 ['svhn']
Loss historical diff: 1.4901161193847656e-07; Loss Difference: 0.0, Decision: 0
Round 42 took 0.7290816307067871s, results:
{'t': 41, 'current_accuracy': 0.87109375, 'current_loss': 0.8118026554584503, 'train_loss': None, 'decision': 0, 'drift_rate': 0.0, 'target_domains': ['mnist']}
0.0 ['svhn']
Loss historical diff: 8.940696716308594e-08; Loss Difference: 0.0, Decision: 0
Round 43 took 0.7071108818054199s, results:
{'t': 42, 'current_accuracy': 0.87109375, 'current_loss': 0.8118025958538055, 'train_loss': None, 'decision': 0, 'drift_rate': 0.0, 'target_domains': ['mnist']}
0.0 ['svhn']
Loss historical diff: 1.1920928955078125e-07; Loss Difference: 0.0, Decision: 0
Round 44 took 0.7243916988372803s, results:
{'t': 43, 'current_accuracy': 0.87109375, 'current_loss': 0.8118026256561279, 'train_loss': None, 'decision': 0, 'drift_rate': 0.0, 'target_domains': ['mnist']}
0.0 ['svhn']
Loss historical diff: 1.7881393432617188e-07; Loss Difference: 0.0, Decision: 0
Round 45 took 0.7267963886260986s, results:
{'t': 44, 'current_accuracy': 0.87109375, 'current_loss': 0.8118026852607727, 'train_loss': None, 'decision': 0, 'drift_rate': 0.0, 'target_domains': ['mnist']}
0.0 ['svhn']
Loss historical diff: 1.1920928955078125e-07; Loss Difference: 0.0, Decision: 0
Round 46 took 0.67380690574646s, results:
{'t': 45, 'current_accuracy': 0.87109375, 'current_loss': 0.8118026256561279, 'train_loss': None, 'decision': 0, 'drift_rate': 0.0, 'target_domains': ['mnist']}
0.0 ['svhn']
Loss historical diff: 5.960464477539063e-08; Loss Difference: 0.0, Decision: 0
Round 47 took 0.7049005031585693s, results:
{'t': 46, 'current_accuracy': 0.87109375, 'current_loss': 0.8118025660514832, 'train_loss': None, 'decision': 0, 'drift_rate': 0.0, 'target_domains': ['mnist']}
0.0 ['svhn']
Loss historical diff: 1.1920928955078125e-07; Loss Difference: 0.0, Decision: 0
Round 48 took 0.7001035213470459s, results:
{'t': 47, 'current_accuracy': 0.87109375, 'current_loss': 0.8118026256561279, 'train_loss': None, 'decision': 0, 'drift_rate': 0.0, 'target_domains': ['mnist']}
0.0 ['svhn']
Loss historical diff: 1.7881393432617188e-07; Loss Difference: 0.0, Decision: 0
Round 49 took 0.6753156185150146s, results:
{'t': 48, 'current_accuracy': 0.87109375, 'current_loss': 0.8118026852607727, 'train_loss': None, 'decision': 0, 'drift_rate': 0.0, 'target_domains': ['mnist']}
0.0 ['svhn']
Loss historical diff: 8.940696716308594e-08; Loss Difference: 0.0, Decision: 0
Round 50 took 0.6858160495758057s, results:
{'t': 49, 'current_accuracy': 0.87109375, 'current_loss': 0.8118025958538055, 'train_loss': None, 'decision': 0, 'drift_rate': 0.0, 'target_domains': ['mnist']}
0.0 ['svhn']
Loss historical diff: 1.7881393432617188e-07; Loss Difference: 0.0, Decision: 0
Round 51 took 0.677811861038208s, results:
{'t': 50, 'current_accuracy': 0.87109375, 'current_loss': 0.8118026852607727, 'train_loss': None, 'decision': 0, 'drift_rate': 0.0, 'target_domains': ['mnist']}
0.0 ['svhn']
Loss historical diff: 1.7881393432617188e-07; Loss Difference: 0.0, Decision: 0
Round 52 took 0.7715590000152588s, results:
{'t': 51, 'current_accuracy': 0.87109375, 'current_loss': 0.8118026852607727, 'train_loss': None, 'decision': 0, 'drift_rate': 0.0, 'target_domains': ['mnist']}
0.0 ['svhn']
Loss historical diff: 1.4901161193847656e-07; Loss Difference: 0.0, Decision: 0
Round 53 took 0.686241626739502s, results:
{'t': 52, 'current_accuracy': 0.87109375, 'current_loss': 0.8118026554584503, 'train_loss': None, 'decision': 0, 'drift_rate': 0.0, 'target_domains': ['mnist']}
0.0 ['svhn']
Loss historical diff: 1.7881393432617188e-07; Loss Difference: 0.0, Decision: 0
Round 54 took 0.6387155055999756s, results:
{'t': 53, 'current_accuracy': 0.87109375, 'current_loss': 0.8118026852607727, 'train_loss': None, 'decision': 0, 'drift_rate': 0.0, 'target_domains': ['mnist']}
0.0 ['svhn']
Loss historical diff: 5.960464477539063e-08; Loss Difference: 0.0, Decision: 0
Round 55 took 0.7096896171569824s, results:
{'t': 54, 'current_accuracy': 0.87109375, 'current_loss': 0.8118025660514832, 'train_loss': None, 'decision': 0, 'drift_rate': 0.0, 'target_domains': ['mnist']}
0.0 ['svhn']
Loss historical diff: 1.1920928955078125e-07; Loss Difference: 0.0, Decision: 0
Round 56 took 0.7529716491699219s, results:
{'t': 55, 'current_accuracy': 0.87109375, 'current_loss': 0.8118026256561279, 'train_loss': None, 'decision': 0, 'drift_rate': 0.0, 'target_domains': ['mnist']}
0.0 ['svhn']
Loss historical diff: 2.086162567138672e-07; Loss Difference: 0.0, Decision: 0
Round 57 took 0.7099812030792236s, results:
{'t': 56, 'current_accuracy': 0.87109375, 'current_loss': 0.8118027150630951, 'train_loss': None, 'decision': 0, 'drift_rate': 0.0, 'target_domains': ['mnist']}
0.0 ['svhn']
Loss historical diff: 5.960464477539063e-08; Loss Difference: 0.0, Decision: 0
Round 58 took 0.7019269466400146s, results:
{'t': 57, 'current_accuracy': 0.87109375, 'current_loss': 0.8118025660514832, 'train_loss': None, 'decision': 0, 'drift_rate': 0.0, 'target_domains': ['mnist']}
0.0 ['svhn']
Loss historical diff: 5.960464477539063e-08; Loss Difference: 0.0, Decision: 0
Round 59 took 0.7415964603424072s, results:
{'t': 58, 'current_accuracy': 0.87109375, 'current_loss': 0.8118025660514832, 'train_loss': None, 'decision': 0, 'drift_rate': 0.0, 'target_domains': ['mnist']}
0.0 ['svhn']
Loss historical diff: 5.960464477539063e-08; Loss Difference: 0.0, Decision: 0
Round 60 took 0.680201530456543s, results:
{'t': 59, 'current_accuracy': 0.87109375, 'current_loss': 0.8118025660514832, 'train_loss': None, 'decision': 0, 'drift_rate': 0.0, 'target_domains': ['mnist']}
0.006 ['syn']
Loss historical diff: 0.009470969438552856; Loss Difference: 0.0, Decision: 0
Round 61 took 0.6668415069580078s, results:
{'t': 60, 'current_accuracy': 0.8671875, 'current_loss': 0.8212734758853912, 'train_loss': None, 'decision': 0, 'drift_rate': 0.006, 'target_domains': ['syn']}
0.006 ['syn']
Loss historical diff: 0.013408690690994263; Loss Difference: 0.0, Decision: 0
Round 62 took 0.7296838760375977s, results:
{'t': 61, 'current_accuracy': 0.8671875, 'current_loss': 0.8252111971378326, 'train_loss': None, 'decision': 0, 'drift_rate': 0.006, 'target_domains': ['syn']}
0.006 ['syn']
Loss historical diff: 0.01734381914138794; Loss Difference: 0.0, Decision: 0
Round 63 took 0.6552233695983887s, results:
{'t': 62, 'current_accuracy': 0.8671875, 'current_loss': 0.8291463255882263, 'train_loss': None, 'decision': 0, 'drift_rate': 0.006, 'target_domains': ['syn']}
0.006 ['syn']
Loss historical diff: 0.02285096049308777; Loss Difference: 0.0, Decision: 0
Round 64 took 0.6759202480316162s, results:
{'t': 63, 'current_accuracy': 0.86328125, 'current_loss': 0.8346534669399261, 'train_loss': None, 'decision': 0, 'drift_rate': 0.006, 'target_domains': ['syn']}
0.006 ['syn']
Loss historical diff: 0.030492126941680908; Loss Difference: 0.0, Decision: 0
Round 65 took 0.6856317520141602s, results:
{'t': 64, 'current_accuracy': 0.859375, 'current_loss': 0.8422946333885193, 'train_loss': None, 'decision': 0, 'drift_rate': 0.006, 'target_domains': ['syn']}
0.006 ['syn']
Loss historical diff: 0.037596672773361206; Loss Difference: 0.0, Decision: 0
Round 66 took 0.6708524227142334s, results:
{'t': 65, 'current_accuracy': 0.85546875, 'current_loss': 0.8493991792201996, 'train_loss': None, 'decision': 0, 'drift_rate': 0.006, 'target_domains': ['syn']}
0.006 ['syn']
Loss historical diff: 0.048245012760162354; Loss Difference: 0.0, Decision: 0
Round 67 took 0.7000937461853027s, results:
{'t': 66, 'current_accuracy': 0.8515625, 'current_loss': 0.8600475192070007, 'train_loss': None, 'decision': 0, 'drift_rate': 0.006, 'target_domains': ['syn']}
0.006 ['syn']
Loss historical diff: 0.056740641593933105; Loss Difference: 0.0, Decision: 0
Round 68 took 0.7200303077697754s, results:
{'t': 67, 'current_accuracy': 0.84765625, 'current_loss': 0.8685431480407715, 'train_loss': None, 'decision': 0, 'drift_rate': 0.006, 'target_domains': ['syn']}
0.006 ['syn']
Loss historical diff: 0.05914732813835144; Loss Difference: 0.0, Decision: 0
Round 69 took 0.7196826934814453s, results:
{'t': 68, 'current_accuracy': 0.84765625, 'current_loss': 0.8709498345851898, 'train_loss': None, 'decision': 0, 'drift_rate': 0.006, 'target_domains': ['syn']}
0.006 ['syn']
Loss historical diff: 0.06769797205924988; Loss Difference: 0.0, Decision: 0
Round 70 took 0.7046248912811279s, results:
{'t': 69, 'current_accuracy': 0.84375, 'current_loss': 0.8795004785060883, 'train_loss': None, 'decision': 0, 'drift_rate': 0.006, 'target_domains': ['syn']}
0.006 ['syn']
Loss historical diff: 0.07169222831726074; Loss Difference: 0.0, Decision: 0
Round 71 took 0.7048053741455078s, results:
{'t': 70, 'current_accuracy': 0.84375, 'current_loss': 0.8834947347640991, 'train_loss': None, 'decision': 0, 'drift_rate': 0.006, 'target_domains': ['syn']}
0.006 ['syn']
Loss historical diff: 0.07569810748100281; Loss Difference: 0.0, Decision: 0
Round 72 took 0.6900770664215088s, results:
{'t': 71, 'current_accuracy': 0.83984375, 'current_loss': 0.8875006139278412, 'train_loss': None, 'decision': 0, 'drift_rate': 0.006, 'target_domains': ['syn']}
0.006 ['syn']
Loss historical diff: 0.0834602415561676; Loss Difference: 0.0, Decision: 0
Round 73 took 0.7072439193725586s, results:
{'t': 72, 'current_accuracy': 0.8359375, 'current_loss': 0.895262748003006, 'train_loss': None, 'decision': 0, 'drift_rate': 0.006, 'target_domains': ['syn']}
0.006 ['syn']
Loss historical diff: 0.08522045612335205; Loss Difference: 0.0, Decision: 0
Round 74 took 0.7231762409210205s, results:
{'t': 73, 'current_accuracy': 0.8359375, 'current_loss': 0.8970229625701904, 'train_loss': None, 'decision': 0, 'drift_rate': 0.006, 'target_domains': ['syn']}
0.006 ['syn']
Loss historical diff: 0.09158667922019958; Loss Difference: 0.0, Decision: 0
Round 75 took 0.7216250896453857s, results:
{'t': 74, 'current_accuracy': 0.83203125, 'current_loss': 0.903389185667038, 'train_loss': None, 'decision': 0, 'drift_rate': 0.006, 'target_domains': ['syn']}
0.006 ['syn']
Loss historical diff: 0.10183253884315491; Loss Difference: 0.0, Decision: 0
Round 76 took 0.7402002811431885s, results:
{'t': 75, 'current_accuracy': 0.828125, 'current_loss': 0.9136350452899933, 'train_loss': None, 'decision': 0, 'drift_rate': 0.006, 'target_domains': ['syn']}
0.006 ['syn']
Loss historical diff: 0.10765829682350159; Loss Difference: 0.0, Decision: 0
Round 77 took 0.712022066116333s, results:
{'t': 76, 'current_accuracy': 0.82421875, 'current_loss': 0.91946080327034, 'train_loss': None, 'decision': 0, 'drift_rate': 0.006, 'target_domains': ['syn']}
0.006 ['syn']
Loss historical diff: 0.10798385739326477; Loss Difference: 0.0, Decision: 0
Round 78 took 0.7150883674621582s, results:
{'t': 77, 'current_accuracy': 0.82421875, 'current_loss': 0.9197863638401031, 'train_loss': None, 'decision': 0, 'drift_rate': 0.006, 'target_domains': ['syn']}
0.006 ['syn']
Loss historical diff: 0.11671996116638184; Loss Difference: 0.0, Decision: 0
Round 79 took 0.6839394569396973s, results:
{'t': 78, 'current_accuracy': 0.8203125, 'current_loss': 0.9285224676132202, 'train_loss': None, 'decision': 0, 'drift_rate': 0.006, 'target_domains': ['syn']}
0.006 ['syn']
Loss historical diff: 0.1286712884902954; Loss Difference: 0.0, Decision: 0
Round 80 took 0.7019710540771484s, results:
{'t': 79, 'current_accuracy': 0.81640625, 'current_loss': 0.9404737949371338, 'train_loss': None, 'decision': 0, 'drift_rate': 0.006, 'target_domains': ['syn']}
0.006 ['syn']
Loss historical diff: 0.13637423515319824; Loss Difference: 0.0, Decision: 0
Round 81 took 0.7079792022705078s, results:
{'t': 80, 'current_accuracy': 0.8125, 'current_loss': 0.9481767416000366, 'train_loss': None, 'decision': 0, 'drift_rate': 0.006, 'target_domains': ['syn']}
0.006 ['syn']
Loss historical diff: 0.14579936861991882; Loss Difference: 0.0, Decision: 0
Round 82 took 0.7057905197143555s, results:
{'t': 81, 'current_accuracy': 0.80859375, 'current_loss': 0.9576018750667572, 'train_loss': None, 'decision': 0, 'drift_rate': 0.006, 'target_domains': ['syn']}
0.006 ['syn']
Loss historical diff: 0.14547836780548096; Loss Difference: 0.0, Decision: 0
Round 83 took 0.6752808094024658s, results:
{'t': 82, 'current_accuracy': 0.80859375, 'current_loss': 0.9572808742523193, 'train_loss': None, 'decision': 0, 'drift_rate': 0.006, 'target_domains': ['syn']}
0.006 ['syn']
Loss historical diff: 0.15325096249580383; Loss Difference: 0.0, Decision: 0
Round 84 took 0.7312531471252441s, results:
{'t': 83, 'current_accuracy': 0.8046875, 'current_loss': 0.9650534689426422, 'train_loss': None, 'decision': 0, 'drift_rate': 0.006, 'target_domains': ['syn']}
0.006 ['syn']
Loss historical diff: 0.1618410348892212; Loss Difference: 0.0, Decision: 0
Round 85 took 0.7012190818786621s, results:
{'t': 84, 'current_accuracy': 0.80078125, 'current_loss': 0.9736435413360596, 'train_loss': None, 'decision': 0, 'drift_rate': 0.006, 'target_domains': ['syn']}
0.006 ['syn']
Loss historical diff: 0.16651508212089539; Loss Difference: 0.0, Decision: 0
Round 86 took 0.7025384902954102s, results:
{'t': 85, 'current_accuracy': 0.796875, 'current_loss': 0.9783175885677338, 'train_loss': None, 'decision': 0, 'drift_rate': 0.006, 'target_domains': ['syn']}
0.006 ['syn']
Loss historical diff: 0.17557397484779358; Loss Difference: 0.0, Decision: 0
Round 87 took 0.7077584266662598s, results:
{'t': 86, 'current_accuracy': 0.79296875, 'current_loss': 0.987376481294632, 'train_loss': None, 'decision': 0, 'drift_rate': 0.006, 'target_domains': ['syn']}
0.006 ['syn']
Loss historical diff: 0.182163268327713; Loss Difference: 0.0, Decision: 0
Round 88 took 0.6950247287750244s, results:
{'t': 87, 'current_accuracy': 0.7890625, 'current_loss': 0.9939657747745514, 'train_loss': None, 'decision': 0, 'drift_rate': 0.006, 'target_domains': ['syn']}
0.006 ['syn']
Loss historical diff: 0.18717896938323975; Loss Difference: 0.0, Decision: 0
Round 89 took 0.7104833126068115s, results:
{'t': 88, 'current_accuracy': 0.7890625, 'current_loss': 0.9989814758300781, 'train_loss': None, 'decision': 0, 'drift_rate': 0.006, 'target_domains': ['syn']}
0.006 ['syn']
Loss historical diff: 0.19939565658569336; Loss Difference: 0.0, Decision: 0
Round 90 took 0.6872875690460205s, results:
{'t': 89, 'current_accuracy': 0.78515625, 'current_loss': 1.0111981630325317, 'train_loss': None, 'decision': 0, 'drift_rate': 0.006, 'target_domains': ['syn']}
0.006 ['syn']
Loss historical diff: 0.20871812105178833; Loss Difference: 0.0, Decision: 0
Round 91 took 0.7095139026641846s, results:
{'t': 90, 'current_accuracy': 0.78125, 'current_loss': 1.0205206274986267, 'train_loss': None, 'decision': 0, 'drift_rate': 0.006, 'target_domains': ['syn']}
0.006 ['syn']
Loss historical diff: 0.2127065360546112; Loss Difference: 0.0, Decision: 0
Round 92 took 0.7523064613342285s, results:
{'t': 91, 'current_accuracy': 0.77734375, 'current_loss': 1.0245090425014496, 'train_loss': None, 'decision': 0, 'drift_rate': 0.006, 'target_domains': ['syn']}
0.006 ['syn']
Loss historical diff: 0.21598893404006958; Loss Difference: 0.0, Decision: 0
Round 93 took 0.7248225212097168s, results:
{'t': 92, 'current_accuracy': 0.7734375, 'current_loss': 1.027791440486908, 'train_loss': None, 'decision': 0, 'drift_rate': 0.006, 'target_domains': ['syn']}
0.006 ['syn']
Loss historical diff: 0.2203640341758728; Loss Difference: 0.0, Decision: 0
Round 94 took 0.7644438743591309s, results:
{'t': 93, 'current_accuracy': 0.76953125, 'current_loss': 1.0321665406227112, 'train_loss': None, 'decision': 0, 'drift_rate': 0.006, 'target_domains': ['syn']}
0.006 ['syn']
Loss historical diff: 0.22471755743026733; Loss Difference: 0.0, Decision: 0
Round 95 took 0.7510049343109131s, results:
{'t': 94, 'current_accuracy': 0.765625, 'current_loss': 1.0365200638771057, 'train_loss': None, 'decision': 0, 'drift_rate': 0.006, 'target_domains': ['syn']}
0.006 ['syn']
Loss historical diff: 0.2353190779685974; Loss Difference: 0.0, Decision: 0
Round 96 took 0.7450354099273682s, results:
{'t': 95, 'current_accuracy': 0.76171875, 'current_loss': 1.0471215844154358, 'train_loss': None, 'decision': 0, 'drift_rate': 0.006, 'target_domains': ['syn']}
0.006 ['syn']
Loss historical diff: 0.23674213886260986; Loss Difference: 0.0, Decision: 0
Round 97 took 0.7072014808654785s, results:
{'t': 96, 'current_accuracy': 0.76171875, 'current_loss': 1.0485446453094482, 'train_loss': None, 'decision': 0, 'drift_rate': 0.006, 'target_domains': ['syn']}
0.006 ['syn']
Loss historical diff: 0.23776227235794067; Loss Difference: 0.0, Decision: 0
Round 98 took 0.7026259899139404s, results:
{'t': 97, 'current_accuracy': 0.76171875, 'current_loss': 1.049564778804779, 'train_loss': None, 'decision': 0, 'drift_rate': 0.006, 'target_domains': ['syn']}
0.006 ['syn']
Loss historical diff: 0.24544376134872437; Loss Difference: 0.0, Decision: 0
Round 99 took 0.6808619499206543s, results:
{'t': 98, 'current_accuracy': 0.7578125, 'current_loss': 1.0572462677955627, 'train_loss': None, 'decision': 0, 'drift_rate': 0.006, 'target_domains': ['syn']}
0.006 ['syn']
Loss historical diff: 0.2478925585746765; Loss Difference: 0.0, Decision: 0
Round 100 took 0.6810221672058105s, results:
{'t': 99, 'current_accuracy': 0.75390625, 'current_loss': 1.059695065021515, 'train_loss': None, 'decision': 0, 'drift_rate': 0.006, 'target_domains': ['syn']}
0.006 ['syn']
Loss historical diff: 0.25229519605636597; Loss Difference: 0.0, Decision: 0
Round 101 took 0.6948623657226562s, results:
{'t': 100, 'current_accuracy': 0.75, 'current_loss': 1.0640977025032043, 'train_loss': None, 'decision': 0, 'drift_rate': 0.006, 'target_domains': ['syn']}
0.006 ['syn']
Loss historical diff: 0.2567530870437622; Loss Difference: 0.0, Decision: 0
Round 102 took 0.6838390827178955s, results:
{'t': 101, 'current_accuracy': 0.74609375, 'current_loss': 1.0685555934906006, 'train_loss': None, 'decision': 0, 'drift_rate': 0.006, 'target_domains': ['syn']}
0.006 ['syn']
Loss historical diff: 0.2615371346473694; Loss Difference: 0.0, Decision: 0
Round 103 took 0.7253551483154297s, results:
{'t': 102, 'current_accuracy': 0.74609375, 'current_loss': 1.0733396410942078, 'train_loss': None, 'decision': 0, 'drift_rate': 0.006, 'target_domains': ['syn']}
0.006 ['syn']
Loss historical diff: 0.26877087354660034; Loss Difference: 0.0, Decision: 0
Round 104 took 0.6917269229888916s, results:
{'t': 103, 'current_accuracy': 0.74609375, 'current_loss': 1.0805733799934387, 'train_loss': None, 'decision': 0, 'drift_rate': 0.006, 'target_domains': ['syn']}
0.006 ['syn']
Loss historical diff: 0.2727838456630707; Loss Difference: 0.0, Decision: 0
Round 105 took 0.6990373134613037s, results:
{'t': 104, 'current_accuracy': 0.7421875, 'current_loss': 1.084586352109909, 'train_loss': None, 'decision': 0, 'drift_rate': 0.006, 'target_domains': ['syn']}
0.006 ['syn']
Loss historical diff: 0.27876919507980347; Loss Difference: 0.0, Decision: 0
Round 106 took 0.7090485095977783s, results:
{'t': 105, 'current_accuracy': 0.73828125, 'current_loss': 1.0905717015266418, 'train_loss': None, 'decision': 0, 'drift_rate': 0.006, 'target_domains': ['syn']}
0.006 ['syn']
Loss historical diff: 0.2831200361251831; Loss Difference: 0.0, Decision: 0
Round 107 took 0.7185075283050537s, results:
{'t': 106, 'current_accuracy': 0.734375, 'current_loss': 1.0949225425720215, 'train_loss': None, 'decision': 0, 'drift_rate': 0.006, 'target_domains': ['syn']}
0.006 ['syn']
Loss historical diff: 0.29227781295776367; Loss Difference: 0.0, Decision: 0
Round 108 took 0.6653256416320801s, results:
{'t': 107, 'current_accuracy': 0.73046875, 'current_loss': 1.104080319404602, 'train_loss': None, 'decision': 0, 'drift_rate': 0.006, 'target_domains': ['syn']}
0.006 ['syn']
Loss historical diff: 0.29976487159729004; Loss Difference: 0.0, Decision: 0
Round 109 took 0.6890130043029785s, results:
{'t': 108, 'current_accuracy': 0.7265625, 'current_loss': 1.1115673780441284, 'train_loss': None, 'decision': 0, 'drift_rate': 0.006, 'target_domains': ['syn']}
0.006 ['syn']
Loss historical diff: 0.3107370138168335; Loss Difference: 0.0, Decision: 0
Round 110 took 0.6737337112426758s, results:
{'t': 109, 'current_accuracy': 0.72265625, 'current_loss': 1.1225395202636719, 'train_loss': None, 'decision': 0, 'drift_rate': 0.006, 'target_domains': ['syn']}
0.006 ['syn']
Loss historical diff: 0.32010912895202637; Loss Difference: 0.0, Decision: 0
Round 111 took 0.6693298816680908s, results:
{'t': 110, 'current_accuracy': 0.71875, 'current_loss': 1.1319116353988647, 'train_loss': None, 'decision': 0, 'drift_rate': 0.006, 'target_domains': ['syn']}
0.006 ['syn']
Loss historical diff: 0.32233917713165283; Loss Difference: 0.0, Decision: 0
Round 112 took 0.6942722797393799s, results:
{'t': 111, 'current_accuracy': 0.71875, 'current_loss': 1.1341416835784912, 'train_loss': None, 'decision': 0, 'drift_rate': 0.006, 'target_domains': ['syn']}
0.006 ['syn']
Loss historical diff: 0.32831209897994995; Loss Difference: 0.0, Decision: 0
Round 113 took 0.7289235591888428s, results:
{'t': 112, 'current_accuracy': 0.71875, 'current_loss': 1.1401146054267883, 'train_loss': None, 'decision': 0, 'drift_rate': 0.006, 'target_domains': ['syn']}
0.006 ['syn']
Loss historical diff: 0.3405933380126953; Loss Difference: 0.0, Decision: 0
Round 114 took 0.7033567428588867s, results:
{'t': 113, 'current_accuracy': 0.71484375, 'current_loss': 1.1523958444595337, 'train_loss': None, 'decision': 0, 'drift_rate': 0.006, 'target_domains': ['syn']}
0.006 ['syn']
Loss historical diff: 0.3513149619102478; Loss Difference: 0.0, Decision: 0
Round 115 took 0.6648132801055908s, results:
{'t': 114, 'current_accuracy': 0.7109375, 'current_loss': 1.1631174683570862, 'train_loss': None, 'decision': 0, 'drift_rate': 0.006, 'target_domains': ['syn']}
0.006 ['syn']
Loss historical diff: 0.35494476556777954; Loss Difference: 0.0, Decision: 0
Round 116 took 0.7436749935150146s, results:
{'t': 115, 'current_accuracy': 0.70703125, 'current_loss': 1.166747272014618, 'train_loss': None, 'decision': 0, 'drift_rate': 0.006, 'target_domains': ['syn']}
0.006 ['syn']
Loss historical diff: 0.3594765067100525; Loss Difference: 0.0, Decision: 0
Round 117 took 0.6975948810577393s, results:
{'t': 116, 'current_accuracy': 0.703125, 'current_loss': 1.1712790131568909, 'train_loss': None, 'decision': 0, 'drift_rate': 0.006, 'target_domains': ['syn']}
0.006 ['syn']
Loss historical diff: 0.3628755807876587; Loss Difference: 0.0, Decision: 0
Round 118 took 0.6981151103973389s, results:
{'t': 117, 'current_accuracy': 0.703125, 'current_loss': 1.174678087234497, 'train_loss': None, 'decision': 0, 'drift_rate': 0.006, 'target_domains': ['syn']}
0.006 ['syn']
Loss historical diff: 0.3718799948692322; Loss Difference: 0.0, Decision: 0
Round 119 took 0.6922612190246582s, results:
{'t': 118, 'current_accuracy': 0.69921875, 'current_loss': 1.1836825013160706, 'train_loss': None, 'decision': 0, 'drift_rate': 0.006, 'target_domains': ['syn']}
0.006 ['syn']
Loss historical diff: 0.37910234928131104; Loss Difference: 0.0, Decision: 0
Round 120 took 0.6925170421600342s, results:
{'t': 119, 'current_accuracy': 0.6953125, 'current_loss': 1.1909048557281494, 'train_loss': None, 'decision': 0, 'drift_rate': 0.006, 'target_domains': ['syn']}
0.008 ['mnist_m']
Loss historical diff: 0.37282806634902954; Loss Difference: 0.0, Decision: 0
Round 121 took 0.6826279163360596s, results:
{'t': 120, 'current_accuracy': 0.69921875, 'current_loss': 1.184630572795868, 'train_loss': None, 'decision': 0, 'drift_rate': 0.008, 'target_domains': ['mnist_m']}
0.008 ['mnist_m']
Loss historical diff: 0.3850739002227783; Loss Difference: 0.0, Decision: 0
Round 122 took 0.6932611465454102s, results:
{'t': 121, 'current_accuracy': 0.6953125, 'current_loss': 1.1968764066696167, 'train_loss': None, 'decision': 0, 'drift_rate': 0.008, 'target_domains': ['mnist_m']}
0.008 ['mnist_m']
Loss historical diff: 0.3941803574562073; Loss Difference: 0.0, Decision: 0
Round 123 took 0.6896367073059082s, results:
{'t': 122, 'current_accuracy': 0.69140625, 'current_loss': 1.2059828639030457, 'train_loss': None, 'decision': 0, 'drift_rate': 0.008, 'target_domains': ['mnist_m']}
0.008 ['mnist_m']
Loss historical diff: 0.4074767827987671; Loss Difference: 0.0, Decision: 0
Round 124 took 0.697678804397583s, results:
{'t': 123, 'current_accuracy': 0.6875, 'current_loss': 1.2192792892456055, 'train_loss': None, 'decision': 0, 'drift_rate': 0.008, 'target_domains': ['mnist_m']}
0.008 ['mnist_m']
Loss historical diff: 0.426375150680542; Loss Difference: 0.0, Decision: 0
Round 125 took 0.6877212524414062s, results:
{'t': 124, 'current_accuracy': 0.6796875, 'current_loss': 1.2381776571273804, 'train_loss': None, 'decision': 0, 'drift_rate': 0.008, 'target_domains': ['mnist_m']}
0.008 ['mnist_m']
Loss historical diff: 0.43162888288497925; Loss Difference: 0.0, Decision: 0
Round 126 took 0.6793859004974365s, results:
{'t': 125, 'current_accuracy': 0.67578125, 'current_loss': 1.2434313893318176, 'train_loss': None, 'decision': 0, 'drift_rate': 0.008, 'target_domains': ['mnist_m']}
0.008 ['mnist_m']
Loss historical diff: 0.4402533173561096; Loss Difference: 0.0, Decision: 0
Round 127 took 0.7011244297027588s, results:
{'t': 126, 'current_accuracy': 0.66796875, 'current_loss': 1.252055823802948, 'train_loss': None, 'decision': 0, 'drift_rate': 0.008, 'target_domains': ['mnist_m']}
0.008 ['mnist_m']
Loss historical diff: 0.4453244209289551; Loss Difference: 0.0, Decision: 0
Round 128 took 0.7147510051727295s, results:
{'t': 127, 'current_accuracy': 0.6640625, 'current_loss': 1.2571269273757935, 'train_loss': None, 'decision': 0, 'drift_rate': 0.008, 'target_domains': ['mnist_m']}
0.008 ['mnist_m']
Loss historical diff: 0.45668452978134155; Loss Difference: 0.0, Decision: 0
Round 129 took 0.7084941864013672s, results:
{'t': 128, 'current_accuracy': 0.66015625, 'current_loss': 1.26848703622818, 'train_loss': None, 'decision': 0, 'drift_rate': 0.008, 'target_domains': ['mnist_m']}
0.008 ['mnist_m']
Loss historical diff: 0.45136404037475586; Loss Difference: 0.0, Decision: 0
Round 130 took 0.7270498275756836s, results:
{'t': 129, 'current_accuracy': 0.66015625, 'current_loss': 1.2631665468215942, 'train_loss': None, 'decision': 0, 'drift_rate': 0.008, 'target_domains': ['mnist_m']}
0.008 ['mnist_m']
Loss historical diff: 0.45800167322158813; Loss Difference: 0.0, Decision: 0
Round 131 took 0.729459285736084s, results:
{'t': 130, 'current_accuracy': 0.65625, 'current_loss': 1.2698041796684265, 'train_loss': None, 'decision': 0, 'drift_rate': 0.008, 'target_domains': ['mnist_m']}
0.008 ['mnist_m']
Loss historical diff: 0.46115678548812866; Loss Difference: 0.0, Decision: 0
Round 132 took 0.7000837326049805s, results:
{'t': 131, 'current_accuracy': 0.65234375, 'current_loss': 1.272959291934967, 'train_loss': None, 'decision': 0, 'drift_rate': 0.008, 'target_domains': ['mnist_m']}
0.008 ['mnist_m']
Loss historical diff: 0.45168185234069824; Loss Difference: 0.0, Decision: 0
Round 133 took 0.7146766185760498s, results:
{'t': 132, 'current_accuracy': 0.66015625, 'current_loss': 1.2634843587875366, 'train_loss': None, 'decision': 0, 'drift_rate': 0.008, 'target_domains': ['mnist_m']}
0.008 ['mnist_m']
Loss historical diff: 0.45091432332992554; Loss Difference: 0.0, Decision: 0
Round 134 took 0.7016644477844238s, results:
{'t': 133, 'current_accuracy': 0.6640625, 'current_loss': 1.262716829776764, 'train_loss': None, 'decision': 0, 'drift_rate': 0.008, 'target_domains': ['mnist_m']}
0.008 ['mnist_m']
Loss historical diff: 0.46080249547958374; Loss Difference: 0.0, Decision: 0
Round 135 took 0.6977889537811279s, results:
{'t': 134, 'current_accuracy': 0.6640625, 'current_loss': 1.2726050019264221, 'train_loss': None, 'decision': 0, 'drift_rate': 0.008, 'target_domains': ['mnist_m']}
0.008 ['mnist_m']
Loss historical diff: 0.4596865177154541; Loss Difference: 0.0, Decision: 0
Round 136 took 0.7099385261535645s, results:
{'t': 135, 'current_accuracy': 0.66796875, 'current_loss': 1.2714890241622925, 'train_loss': None, 'decision': 0, 'drift_rate': 0.008, 'target_domains': ['mnist_m']}
0.008 ['mnist_m']
Loss historical diff: 0.47379398345947266; Loss Difference: 0.0, Decision: 0
Round 137 took 0.6853587627410889s, results:
{'t': 136, 'current_accuracy': 0.6640625, 'current_loss': 1.285596489906311, 'train_loss': None, 'decision': 0, 'drift_rate': 0.008, 'target_domains': ['mnist_m']}
0.008 ['mnist_m']
Loss historical diff: 0.4817008972167969; Loss Difference: 0.0, Decision: 0
Round 138 took 0.7092278003692627s, results:
{'t': 137, 'current_accuracy': 0.6640625, 'current_loss': 1.2935034036636353, 'train_loss': None, 'decision': 0, 'drift_rate': 0.008, 'target_domains': ['mnist_m']}
0.008 ['mnist_m']
Loss historical diff: 0.4871951937675476; Loss Difference: 0.0, Decision: 0
Round 139 took 0.7062630653381348s, results:
{'t': 138, 'current_accuracy': 0.66015625, 'current_loss': 1.298997700214386, 'train_loss': None, 'decision': 0, 'drift_rate': 0.008, 'target_domains': ['mnist_m']}
0.008 ['mnist_m']
Loss historical diff: 0.49502503871917725; Loss Difference: 0.0, Decision: 0
Round 140 took 0.6673154830932617s, results:
{'t': 139, 'current_accuracy': 0.65625, 'current_loss': 1.3068275451660156, 'train_loss': None, 'decision': 0, 'drift_rate': 0.008, 'target_domains': ['mnist_m']}
0.008 ['mnist_m']
Loss historical diff: 0.4998463988304138; Loss Difference: 0.0, Decision: 0
Round 141 took 0.7073216438293457s, results:
{'t': 140, 'current_accuracy': 0.65234375, 'current_loss': 1.3116489052772522, 'train_loss': None, 'decision': 0, 'drift_rate': 0.008, 'target_domains': ['mnist_m']}
0.008 ['mnist_m']
Loss historical diff: 0.5006576180458069; Loss Difference: 0.0, Decision: 0
Round 142 took 0.7301805019378662s, results:
{'t': 141, 'current_accuracy': 0.65234375, 'current_loss': 1.3124601244926453, 'train_loss': None, 'decision': 0, 'drift_rate': 0.008, 'target_domains': ['mnist_m']}
0.008 ['mnist_m']
Loss historical diff: 0.49711012840270996; Loss Difference: 0.0, Decision: 0
Round 143 took 0.7141578197479248s, results:
{'t': 142, 'current_accuracy': 0.65625, 'current_loss': 1.3089126348495483, 'train_loss': None, 'decision': 0, 'drift_rate': 0.008, 'target_domains': ['mnist_m']}
0.008 ['mnist_m']
Loss historical diff: 0.5113039016723633; Loss Difference: 0.0, Decision: 0
Round 144 took 0.7213277816772461s, results:
{'t': 143, 'current_accuracy': 0.65234375, 'current_loss': 1.3231064081192017, 'train_loss': None, 'decision': 0, 'drift_rate': 0.008, 'target_domains': ['mnist_m']}
0.008 ['mnist_m']
Loss historical diff: 0.5176166296005249; Loss Difference: 0.0, Decision: 0
Round 145 took 0.6899223327636719s, results:
{'t': 144, 'current_accuracy': 0.65234375, 'current_loss': 1.3294191360473633, 'train_loss': None, 'decision': 0, 'drift_rate': 0.008, 'target_domains': ['mnist_m']}
0.008 ['mnist_m']
Loss historical diff: 0.5199222564697266; Loss Difference: 0.0, Decision: 0
Round 146 took 0.6616377830505371s, results:
{'t': 145, 'current_accuracy': 0.65234375, 'current_loss': 1.331724762916565, 'train_loss': None, 'decision': 0, 'drift_rate': 0.008, 'target_domains': ['mnist_m']}
0.008 ['mnist_m']
Loss historical diff: 0.5217260718345642; Loss Difference: 0.0, Decision: 0
Round 147 took 0.6966550350189209s, results:
{'t': 146, 'current_accuracy': 0.65234375, 'current_loss': 1.3335285782814026, 'train_loss': None, 'decision': 0, 'drift_rate': 0.008, 'target_domains': ['mnist_m']}
0.008 ['mnist_m']
Loss historical diff: 0.5364031195640564; Loss Difference: 0.0, Decision: 0
Round 148 took 0.6902666091918945s, results:
{'t': 147, 'current_accuracy': 0.6484375, 'current_loss': 1.3482056260108948, 'train_loss': None, 'decision': 0, 'drift_rate': 0.008, 'target_domains': ['mnist_m']}
0.008 ['mnist_m']
Loss historical diff: 0.5403212308883667; Loss Difference: 0.0, Decision: 0
Round 149 took 0.6964075565338135s, results:
{'t': 148, 'current_accuracy': 0.6484375, 'current_loss': 1.352123737335205, 'train_loss': None, 'decision': 0, 'drift_rate': 0.008, 'target_domains': ['mnist_m']}
0.008 ['mnist_m']
Loss historical diff: 0.5370235443115234; Loss Difference: 0.0, Decision: 0
Round 150 took 0.7220098972320557s, results:
{'t': 149, 'current_accuracy': 0.65234375, 'current_loss': 1.3488260507583618, 'train_loss': None, 'decision': 0, 'drift_rate': 0.008, 'target_domains': ['mnist_m']}
0.008 ['mnist_m']
Loss historical diff: 0.552040696144104; Loss Difference: 0.0, Decision: 0
Round 151 took 0.7081871032714844s, results:
{'t': 150, 'current_accuracy': 0.64453125, 'current_loss': 1.3638432025909424, 'train_loss': None, 'decision': 0, 'drift_rate': 0.008, 'target_domains': ['mnist_m']}
0.008 ['mnist_m']
Loss historical diff: 0.548631489276886; Loss Difference: 0.0, Decision: 0
Round 152 took 0.7692005634307861s, results:
{'t': 151, 'current_accuracy': 0.640625, 'current_loss': 1.3604339957237244, 'train_loss': None, 'decision': 0, 'drift_rate': 0.008, 'target_domains': ['mnist_m']}
0.008 ['mnist_m']
Loss historical diff: 0.5570992231369019; Loss Difference: 0.0, Decision: 0
Round 153 took 0.7344093322753906s, results:
{'t': 152, 'current_accuracy': 0.63671875, 'current_loss': 1.3689017295837402, 'train_loss': None, 'decision': 0, 'drift_rate': 0.008, 'target_domains': ['mnist_m']}
0.008 ['mnist_m']
Loss historical diff: 0.5630627870559692; Loss Difference: 0.0, Decision: 0
Round 154 took 0.7215468883514404s, results:
{'t': 153, 'current_accuracy': 0.6328125, 'current_loss': 1.3748652935028076, 'train_loss': None, 'decision': 0, 'drift_rate': 0.008, 'target_domains': ['mnist_m']}
0.008 ['mnist_m']
Loss historical diff: 0.5692991614341736; Loss Difference: 0.0, Decision: 0
Round 155 took 0.6924521923065186s, results:
{'t': 154, 'current_accuracy': 0.62890625, 'current_loss': 1.381101667881012, 'train_loss': None, 'decision': 0, 'drift_rate': 0.008, 'target_domains': ['mnist_m']}
0.008 ['mnist_m']
Loss historical diff: 0.5653676390647888; Loss Difference: 0.0, Decision: 0
Round 156 took 0.71431565284729s, results:
{'t': 155, 'current_accuracy': 0.62890625, 'current_loss': 1.3771701455116272, 'train_loss': None, 'decision': 0, 'drift_rate': 0.008, 'target_domains': ['mnist_m']}
0.008 ['mnist_m']
Loss historical diff: 0.5772966742515564; Loss Difference: 0.0, Decision: 0
Round 157 took 0.7229611873626709s, results:
{'t': 156, 'current_accuracy': 0.625, 'current_loss': 1.3890991806983948, 'train_loss': None, 'decision': 0, 'drift_rate': 0.008, 'target_domains': ['mnist_m']}
0.008 ['mnist_m']
Loss historical diff: 0.5748633742332458; Loss Difference: 0.0, Decision: 0
Round 158 took 0.687760591506958s, results:
{'t': 157, 'current_accuracy': 0.625, 'current_loss': 1.3866658806800842, 'train_loss': None, 'decision': 0, 'drift_rate': 0.008, 'target_domains': ['mnist_m']}
0.008 ['mnist_m']
Loss historical diff: 0.5786932706832886; Loss Difference: 0.0, Decision: 0
Round 159 took 0.7383606433868408s, results:
{'t': 158, 'current_accuracy': 0.625, 'current_loss': 1.390495777130127, 'train_loss': None, 'decision': 0, 'drift_rate': 0.008, 'target_domains': ['mnist_m']}
0.008 ['mnist_m']
Loss historical diff: 0.5799947381019592; Loss Difference: 0.0, Decision: 0
Round 160 took 0.705512523651123s, results:
{'t': 159, 'current_accuracy': 0.625, 'current_loss': 1.3917972445487976, 'train_loss': None, 'decision': 0, 'drift_rate': 0.008, 'target_domains': ['mnist_m']}
0.008 ['mnist_m']
Loss historical diff: 0.594348132610321; Loss Difference: 0.0, Decision: 0
Round 161 took 0.6844131946563721s, results:
{'t': 160, 'current_accuracy': 0.6171875, 'current_loss': 1.4061506390571594, 'train_loss': None, 'decision': 0, 'drift_rate': 0.008, 'target_domains': ['mnist_m']}
0.008 ['mnist_m']
Loss historical diff: 0.6015534400939941; Loss Difference: 0.0, Decision: 0
Round 162 took 0.7306265830993652s, results:
{'t': 161, 'current_accuracy': 0.61328125, 'current_loss': 1.4133559465408325, 'train_loss': None, 'decision': 0, 'drift_rate': 0.008, 'target_domains': ['mnist_m']}
0.008 ['mnist_m']
Loss historical diff: 0.6091057062149048; Loss Difference: 0.0, Decision: 0
Round 163 took 0.7023093700408936s, results:
{'t': 162, 'current_accuracy': 0.609375, 'current_loss': 1.4209082126617432, 'train_loss': None, 'decision': 0, 'drift_rate': 0.008, 'target_domains': ['mnist_m']}
0.008 ['mnist_m']
Loss historical diff: 0.6249157786369324; Loss Difference: 0.0, Decision: 0
Round 164 took 0.6965475082397461s, results:
{'t': 163, 'current_accuracy': 0.60546875, 'current_loss': 1.4367182850837708, 'train_loss': None, 'decision': 0, 'drift_rate': 0.008, 'target_domains': ['mnist_m']}
0.008 ['mnist_m']
Loss historical diff: 0.6377264857292175; Loss Difference: 0.0, Decision: 0
Round 165 took 0.7170579433441162s, results:
{'t': 164, 'current_accuracy': 0.59765625, 'current_loss': 1.449528992176056, 'train_loss': None, 'decision': 0, 'drift_rate': 0.008, 'target_domains': ['mnist_m']}
0.008 ['mnist_m']
Loss historical diff: 0.6459894776344299; Loss Difference: 0.0, Decision: 0
Round 166 took 0.7153847217559814s, results:
{'t': 165, 'current_accuracy': 0.59375, 'current_loss': 1.4577919840812683, 'train_loss': None, 'decision': 0, 'drift_rate': 0.008, 'target_domains': ['mnist_m']}
0.008 ['mnist_m']
Loss historical diff: 0.6472072601318359; Loss Difference: 0.0, Decision: 0
Round 167 took 0.7318036556243896s, results:
{'t': 166, 'current_accuracy': 0.59375, 'current_loss': 1.4590097665786743, 'train_loss': None, 'decision': 0, 'drift_rate': 0.008, 'target_domains': ['mnist_m']}
0.008 ['mnist_m']
Loss historical diff: 0.6569648385047913; Loss Difference: 0.0, Decision: 0
Round 168 took 0.702939510345459s, results:
{'t': 167, 'current_accuracy': 0.58984375, 'current_loss': 1.4687673449516296, 'train_loss': None, 'decision': 0, 'drift_rate': 0.008, 'target_domains': ['mnist_m']}
0.008 ['mnist_m']
Loss historical diff: 0.6653244495391846; Loss Difference: 0.0, Decision: 0
Round 169 took 0.6949560642242432s, results:
{'t': 168, 'current_accuracy': 0.5859375, 'current_loss': 1.477126955986023, 'train_loss': None, 'decision': 0, 'drift_rate': 0.008, 'target_domains': ['mnist_m']}
0.008 ['mnist_m']
Loss historical diff: 0.6829947829246521; Loss Difference: 0.0, Decision: 0
Round 170 took 0.7167067527770996s, results:
{'t': 169, 'current_accuracy': 0.58203125, 'current_loss': 1.4947972893714905, 'train_loss': None, 'decision': 0, 'drift_rate': 0.008, 'target_domains': ['mnist_m']}
0.008 ['mnist_m']
Loss historical diff: 0.6855781078338623; Loss Difference: 0.0, Decision: 0
Round 171 took 0.7162082195281982s, results:
{'t': 170, 'current_accuracy': 0.578125, 'current_loss': 1.4973806142807007, 'train_loss': None, 'decision': 0, 'drift_rate': 0.008, 'target_domains': ['mnist_m']}
0.008 ['mnist_m']
Loss historical diff: 0.6928324699401855; Loss Difference: 0.0, Decision: 0
Round 172 took 0.7008512020111084s, results:
{'t': 171, 'current_accuracy': 0.578125, 'current_loss': 1.504634976387024, 'train_loss': None, 'decision': 0, 'drift_rate': 0.008, 'target_domains': ['mnist_m']}
0.008 ['mnist_m']
Loss historical diff: 0.6993076801300049; Loss Difference: 0.0, Decision: 0
Round 173 took 0.6806144714355469s, results:
{'t': 172, 'current_accuracy': 0.57421875, 'current_loss': 1.5111101865768433, 'train_loss': None, 'decision': 0, 'drift_rate': 0.008, 'target_domains': ['mnist_m']}
0.008 ['mnist_m']
Loss historical diff: 0.7071052193641663; Loss Difference: 0.0, Decision: 0
Round 174 took 0.6769664287567139s, results:
{'t': 173, 'current_accuracy': 0.5703125, 'current_loss': 1.5189077258110046, 'train_loss': None, 'decision': 0, 'drift_rate': 0.008, 'target_domains': ['mnist_m']}
0.008 ['mnist_m']
Loss historical diff: 0.705829918384552; Loss Difference: 0.0, Decision: 0
Round 175 took 0.7420079708099365s, results:
{'t': 174, 'current_accuracy': 0.57421875, 'current_loss': 1.5176324248313904, 'train_loss': None, 'decision': 0, 'drift_rate': 0.008, 'target_domains': ['mnist_m']}
0.008 ['mnist_m']
Loss historical diff: 0.7124241590499878; Loss Difference: 0.0, Decision: 0
Round 176 took 0.7018327713012695s, results:
{'t': 175, 'current_accuracy': 0.57421875, 'current_loss': 1.5242266654968262, 'train_loss': None, 'decision': 0, 'drift_rate': 0.008, 'target_domains': ['mnist_m']}
0.008 ['mnist_m']
Loss historical diff: 0.7167220115661621; Loss Difference: 0.0, Decision: 0
Round 177 took 0.6844704151153564s, results:
{'t': 176, 'current_accuracy': 0.57421875, 'current_loss': 1.5285245180130005, 'train_loss': None, 'decision': 0, 'drift_rate': 0.008, 'target_domains': ['mnist_m']}
0.008 ['mnist_m']
Loss historical diff: 0.7314332723617554; Loss Difference: 0.0, Decision: 0
Round 178 took 0.6946990489959717s, results:
{'t': 177, 'current_accuracy': 0.56640625, 'current_loss': 1.5432357788085938, 'train_loss': None, 'decision': 0, 'drift_rate': 0.008, 'target_domains': ['mnist_m']}
0.008 ['mnist_m']
Loss historical diff: 0.7399715781211853; Loss Difference: 0.0, Decision: 0
Round 179 took 0.7032761573791504s, results:
{'t': 178, 'current_accuracy': 0.5625, 'current_loss': 1.5517740845680237, 'train_loss': None, 'decision': 0, 'drift_rate': 0.008, 'target_domains': ['mnist_m']}
0.008 ['mnist_m']
Loss historical diff: 0.7447280883789062; Loss Difference: 0.0, Decision: 0
Round 180 took 0.744570255279541s, results:
{'t': 179, 'current_accuracy': 0.5625, 'current_loss': 1.5565305948257446, 'train_loss': None, 'decision': 0, 'drift_rate': 0.008, 'target_domains': ['mnist_m']}
0.01 ['svhn']
Loss historical diff: 0.7583263516426086; Loss Difference: 0.0, Decision: 0
Round 181 took 0.6741266250610352s, results:
{'t': 180, 'current_accuracy': 0.55859375, 'current_loss': 1.570128858089447, 'train_loss': None, 'decision': 0, 'drift_rate': 0.01, 'target_domains': ['svhn']}
0.01 ['svhn']
Loss historical diff: 0.7618646621704102; Loss Difference: 0.0, Decision: 0
Round 182 took 0.6868698596954346s, results:
{'t': 181, 'current_accuracy': 0.5546875, 'current_loss': 1.5736671686172485, 'train_loss': None, 'decision': 0, 'drift_rate': 0.01, 'target_domains': ['svhn']}
0.01 ['svhn']
Loss historical diff: 0.7670006155967712; Loss Difference: 0.0, Decision: 0
Round 183 took 0.6832544803619385s, results:
{'t': 182, 'current_accuracy': 0.55078125, 'current_loss': 1.5788031220436096, 'train_loss': None, 'decision': 0, 'drift_rate': 0.01, 'target_domains': ['svhn']}
0.01 ['svhn']
Loss historical diff: 0.765741229057312; Loss Difference: 0.0, Decision: 0
Round 184 took 0.6930360794067383s, results:
{'t': 183, 'current_accuracy': 0.55078125, 'current_loss': 1.5775437355041504, 'train_loss': None, 'decision': 0, 'drift_rate': 0.01, 'target_domains': ['svhn']}
0.01 ['svhn']
Loss historical diff: 0.7659072279930115; Loss Difference: 0.0, Decision: 0
Round 185 took 0.6779196262359619s, results:
{'t': 184, 'current_accuracy': 0.55078125, 'current_loss': 1.5777097344398499, 'train_loss': None, 'decision': 0, 'drift_rate': 0.01, 'target_domains': ['svhn']}
0.01 ['svhn']
Loss historical diff: 0.7742847800254822; Loss Difference: 0.0, Decision: 0
Round 186 took 0.7037780284881592s, results:
{'t': 185, 'current_accuracy': 0.546875, 'current_loss': 1.5860872864723206, 'train_loss': None, 'decision': 0, 'drift_rate': 0.01, 'target_domains': ['svhn']}
0.01 ['svhn']
Loss historical diff: 0.7675216197967529; Loss Difference: 0.0, Decision: 0
Round 187 took 0.6866796016693115s, results:
{'t': 186, 'current_accuracy': 0.546875, 'current_loss': 1.5793241262435913, 'train_loss': None, 'decision': 0, 'drift_rate': 0.01, 'target_domains': ['svhn']}
0.01 ['svhn']
Loss historical diff: 0.7789352536201477; Loss Difference: 0.0, Decision: 0
Round 188 took 0.7058637142181396s, results:
{'t': 187, 'current_accuracy': 0.54296875, 'current_loss': 1.590737760066986, 'train_loss': None, 'decision': 0, 'drift_rate': 0.01, 'target_domains': ['svhn']}
0.01 ['svhn']
Loss historical diff: 0.7917189002037048; Loss Difference: 0.0, Decision: 0
Round 189 took 0.6822965145111084s, results:
{'t': 188, 'current_accuracy': 0.53515625, 'current_loss': 1.6035214066505432, 'train_loss': None, 'decision': 0, 'drift_rate': 0.01, 'target_domains': ['svhn']}
0.01 ['svhn']
Loss historical diff: 0.7955716252326965; Loss Difference: 0.0, Decision: 0
Round 190 took 0.6705412864685059s, results:
{'t': 189, 'current_accuracy': 0.53515625, 'current_loss': 1.607374131679535, 'train_loss': None, 'decision': 0, 'drift_rate': 0.01, 'target_domains': ['svhn']}
0.01 ['svhn']
Loss historical diff: 0.8058909177780151; Loss Difference: 0.0, Decision: 0
Round 191 took 0.6998186111450195s, results:
{'t': 190, 'current_accuracy': 0.53125, 'current_loss': 1.6176934242248535, 'train_loss': None, 'decision': 0, 'drift_rate': 0.01, 'target_domains': ['svhn']}
0.01 ['svhn']
Loss historical diff: 0.8191527128219604; Loss Difference: 0.0, Decision: 0
Round 192 took 0.7026751041412354s, results:
{'t': 191, 'current_accuracy': 0.52734375, 'current_loss': 1.6309552192687988, 'train_loss': None, 'decision': 0, 'drift_rate': 0.01, 'target_domains': ['svhn']}
0.01 ['svhn']
Loss historical diff: 0.8323791027069092; Loss Difference: 0.0, Decision: 0
Round 193 took 0.7235777378082275s, results:
{'t': 192, 'current_accuracy': 0.5234375, 'current_loss': 1.6441816091537476, 'train_loss': None, 'decision': 0, 'drift_rate': 0.01, 'target_domains': ['svhn']}
0.01 ['svhn']
Loss historical diff: 0.8329927325248718; Loss Difference: 0.0, Decision: 0
Round 194 took 0.7047677040100098s, results:
{'t': 193, 'current_accuracy': 0.5234375, 'current_loss': 1.6447952389717102, 'train_loss': None, 'decision': 0, 'drift_rate': 0.01, 'target_domains': ['svhn']}
0.01 ['svhn']
Loss historical diff: 0.8440237641334534; Loss Difference: 0.0, Decision: 0
Round 195 took 0.6949169635772705s, results:
{'t': 194, 'current_accuracy': 0.51953125, 'current_loss': 1.6558262705802917, 'train_loss': None, 'decision': 0, 'drift_rate': 0.01, 'target_domains': ['svhn']}
0.01 ['svhn']
Loss historical diff: 0.859220564365387; Loss Difference: 0.0, Decision: 0
Round 196 took 0.6583778858184814s, results:
{'t': 195, 'current_accuracy': 0.515625, 'current_loss': 1.6710230708122253, 'train_loss': None, 'decision': 0, 'drift_rate': 0.01, 'target_domains': ['svhn']}
0.01 ['svhn']
Loss historical diff: 0.859093189239502; Loss Difference: 0.0, Decision: 0
Round 197 took 0.6775989532470703s, results:
{'t': 196, 'current_accuracy': 0.51171875, 'current_loss': 1.6708956956863403, 'train_loss': None, 'decision': 0, 'drift_rate': 0.01, 'target_domains': ['svhn']}
0.01 ['svhn']
Loss historical diff: 0.8579057455062866; Loss Difference: 0.0, Decision: 0
Round 198 took 0.7250452041625977s, results:
{'t': 197, 'current_accuracy': 0.51171875, 'current_loss': 1.669708251953125, 'train_loss': None, 'decision': 0, 'drift_rate': 0.01, 'target_domains': ['svhn']}
0.01 ['svhn']
Loss historical diff: 0.8697668313980103; Loss Difference: 0.0, Decision: 0
Round 199 took 0.6535108089447021s, results:
{'t': 198, 'current_accuracy': 0.5078125, 'current_loss': 1.6815693378448486, 'train_loss': None, 'decision': 0, 'drift_rate': 0.01, 'target_domains': ['svhn']}
0.01 ['svhn']
Loss historical diff: 0.8747456073760986; Loss Difference: 0.0, Decision: 0
Round 200 took 0.6902008056640625s, results:
{'t': 199, 'current_accuracy': 0.5, 'current_loss': 1.686548113822937, 'train_loss': None, 'decision': 0, 'drift_rate': 0.01, 'target_domains': ['svhn']}
0.01 ['svhn']
Loss historical diff: 0.8749601244926453; Loss Difference: 0.0, Decision: 0
Round 201 took 0.6897361278533936s, results:
{'t': 200, 'current_accuracy': 0.50390625, 'current_loss': 1.6867626309394836, 'train_loss': None, 'decision': 0, 'drift_rate': 0.01, 'target_domains': ['svhn']}
0.01 ['svhn']
Loss historical diff: 0.8875194787979126; Loss Difference: 0.0, Decision: 0
Round 202 took 0.6686952114105225s, results:
{'t': 201, 'current_accuracy': 0.49609375, 'current_loss': 1.699321985244751, 'train_loss': None, 'decision': 0, 'drift_rate': 0.01, 'target_domains': ['svhn']}
0.01 ['svhn']
Loss historical diff: 0.895237147808075; Loss Difference: 0.0, Decision: 0
Round 203 took 0.7506058216094971s, results:
{'t': 202, 'current_accuracy': 0.4921875, 'current_loss': 1.7070396542549133, 'train_loss': None, 'decision': 0, 'drift_rate': 0.01, 'target_domains': ['svhn']}
0.01 ['svhn']
Loss historical diff: 0.8979759216308594; Loss Difference: 0.0, Decision: 0
Round 204 took 0.7104029655456543s, results:
{'t': 203, 'current_accuracy': 0.48828125, 'current_loss': 1.7097784280776978, 'train_loss': None, 'decision': 0, 'drift_rate': 0.01, 'target_domains': ['svhn']}
0.01 ['svhn']
Loss historical diff: 0.905939519405365; Loss Difference: 0.0, Decision: 0
Round 205 took 0.715346097946167s, results:
{'t': 204, 'current_accuracy': 0.484375, 'current_loss': 1.7177420258522034, 'train_loss': None, 'decision': 0, 'drift_rate': 0.01, 'target_domains': ['svhn']}
0.01 ['svhn']
Loss historical diff: 0.9110841155052185; Loss Difference: 0.0, Decision: 0
Round 206 took 0.6660587787628174s, results:
{'t': 205, 'current_accuracy': 0.484375, 'current_loss': 1.7228866219520569, 'train_loss': None, 'decision': 0, 'drift_rate': 0.01, 'target_domains': ['svhn']}
0.01 ['svhn']
Loss historical diff: 0.9154650568962097; Loss Difference: 0.0, Decision: 0
Round 207 took 0.7050845623016357s, results:
{'t': 206, 'current_accuracy': 0.484375, 'current_loss': 1.727267563343048, 'train_loss': None, 'decision': 0, 'drift_rate': 0.01, 'target_domains': ['svhn']}
0.01 ['svhn']
Loss historical diff: 0.9293944835662842; Loss Difference: 0.0, Decision: 0
Round 208 took 0.7199695110321045s, results:
{'t': 207, 'current_accuracy': 0.48046875, 'current_loss': 1.7411969900131226, 'train_loss': None, 'decision': 0, 'drift_rate': 0.01, 'target_domains': ['svhn']}
0.01 ['svhn']
Loss historical diff: 0.9359954595565796; Loss Difference: 0.0, Decision: 0
Round 209 took 0.6878840923309326s, results:
{'t': 208, 'current_accuracy': 0.4765625, 'current_loss': 1.747797966003418, 'train_loss': None, 'decision': 0, 'drift_rate': 0.01, 'target_domains': ['svhn']}
0.01 ['svhn']
Loss historical diff: 0.9392188787460327; Loss Difference: 0.0, Decision: 0
Round 210 took 0.7099056243896484s, results:
{'t': 209, 'current_accuracy': 0.4765625, 'current_loss': 1.751021385192871, 'train_loss': None, 'decision': 0, 'drift_rate': 0.01, 'target_domains': ['svhn']}
0.01 ['svhn']
Loss historical diff: 0.9464171528816223; Loss Difference: 0.0, Decision: 0
Round 211 took 0.6720397472381592s, results:
{'t': 210, 'current_accuracy': 0.47265625, 'current_loss': 1.7582196593284607, 'train_loss': None, 'decision': 0, 'drift_rate': 0.01, 'target_domains': ['svhn']}
0.01 ['svhn']
Loss historical diff: 0.943500816822052; Loss Difference: 0.0, Decision: 0
Round 212 took 0.6659536361694336s, results:
{'t': 211, 'current_accuracy': 0.4765625, 'current_loss': 1.7553033232688904, 'train_loss': None, 'decision': 0, 'drift_rate': 0.01, 'target_domains': ['svhn']}
0.01 ['svhn']
Loss historical diff: 0.9518514275550842; Loss Difference: 0.0, Decision: 0
Round 213 took 0.6865925788879395s, results:
{'t': 212, 'current_accuracy': 0.47265625, 'current_loss': 1.7636539340019226, 'train_loss': None, 'decision': 0, 'drift_rate': 0.01, 'target_domains': ['svhn']}
0.01 ['svhn']
Loss historical diff: 0.9624127149581909; Loss Difference: 0.0, Decision: 0
Round 214 took 0.714061975479126s, results:
{'t': 213, 'current_accuracy': 0.46875, 'current_loss': 1.7742152214050293, 'train_loss': None, 'decision': 0, 'drift_rate': 0.01, 'target_domains': ['svhn']}
0.01 ['svhn']
Loss historical diff: 0.9790162444114685; Loss Difference: 0.0, Decision: 0
Round 215 took 0.6590168476104736s, results:
{'t': 214, 'current_accuracy': 0.4609375, 'current_loss': 1.7908187508583069, 'train_loss': None, 'decision': 0, 'drift_rate': 0.01, 'target_domains': ['svhn']}
0.01 ['svhn']
Loss historical diff: 0.9836401343345642; Loss Difference: 0.0, Decision: 0
Round 216 took 0.7057909965515137s, results:
{'t': 215, 'current_accuracy': 0.45703125, 'current_loss': 1.7954426407814026, 'train_loss': None, 'decision': 0, 'drift_rate': 0.01, 'target_domains': ['svhn']}
0.01 ['svhn']
Loss historical diff: 0.9815196394920349; Loss Difference: 0.0, Decision: 0
Round 217 took 0.7009212970733643s, results:
{'t': 216, 'current_accuracy': 0.4609375, 'current_loss': 1.7933221459388733, 'train_loss': None, 'decision': 0, 'drift_rate': 0.01, 'target_domains': ['svhn']}
0.01 ['svhn']
Loss historical diff: 0.9893718361854553; Loss Difference: 0.0, Decision: 0
Round 218 took 0.726923942565918s, results:
{'t': 217, 'current_accuracy': 0.45703125, 'current_loss': 1.8011743426322937, 'train_loss': None, 'decision': 0, 'drift_rate': 0.01, 'target_domains': ['svhn']}
0.01 ['svhn']
Loss historical diff: 1.0041017532348633; Loss Difference: 0.0, Decision: 0
Round 219 took 0.7259252071380615s, results:
{'t': 218, 'current_accuracy': 0.44921875, 'current_loss': 1.8159042596817017, 'train_loss': None, 'decision': 0, 'drift_rate': 0.01, 'target_domains': ['svhn']}
0.01 ['svhn']
Loss historical diff: 1.00998055934906; Loss Difference: 0.0, Decision: 0
Round 220 took 0.7200102806091309s, results:
{'t': 219, 'current_accuracy': 0.4453125, 'current_loss': 1.8217830657958984, 'train_loss': None, 'decision': 0, 'drift_rate': 0.01, 'target_domains': ['svhn']}
0.01 ['svhn']
Loss historical diff: 1.021554708480835; Loss Difference: 0.0, Decision: 0
Round 221 took 0.6855888366699219s, results:
{'t': 220, 'current_accuracy': 0.44140625, 'current_loss': 1.8333572149276733, 'train_loss': None, 'decision': 0, 'drift_rate': 0.01, 'target_domains': ['svhn']}
0.01 ['svhn']
Loss historical diff: 1.038451611995697; Loss Difference: 0.0, Decision: 0
Round 222 took 0.7271580696105957s, results:
{'t': 221, 'current_accuracy': 0.43359375, 'current_loss': 1.8502541184425354, 'train_loss': None, 'decision': 0, 'drift_rate': 0.01, 'target_domains': ['svhn']}
0.01 ['svhn']
Loss historical diff: 1.0549433827400208; Loss Difference: 0.0, Decision: 0
Round 223 took 0.6900782585144043s, results:
{'t': 222, 'current_accuracy': 0.42578125, 'current_loss': 1.8667458891868591, 'train_loss': None, 'decision': 0, 'drift_rate': 0.01, 'target_domains': ['svhn']}
0.01 ['svhn']
Loss historical diff: 1.069888174533844; Loss Difference: 0.0, Decision: 0
Round 224 took 0.72947096824646s, results:
{'t': 223, 'current_accuracy': 0.41796875, 'current_loss': 1.8816906809806824, 'train_loss': None, 'decision': 0, 'drift_rate': 0.01, 'target_domains': ['svhn']}
0.01 ['svhn']
Loss historical diff: 1.0764826536178589; Loss Difference: 0.0, Decision: 0
Round 225 took 0.7309372425079346s, results:
{'t': 224, 'current_accuracy': 0.4140625, 'current_loss': 1.8882851600646973, 'train_loss': None, 'decision': 0, 'drift_rate': 0.01, 'target_domains': ['svhn']}
0.01 ['svhn']
Loss historical diff: 1.0879384875297546; Loss Difference: 0.0, Decision: 0
Round 226 took 0.7060196399688721s, results:
{'t': 225, 'current_accuracy': 0.40625, 'current_loss': 1.899740993976593, 'train_loss': None, 'decision': 0, 'drift_rate': 0.01, 'target_domains': ['svhn']}
0.01 ['svhn']
Loss historical diff: 1.0955145955085754; Loss Difference: 0.0, Decision: 0
Round 227 took 0.6952958106994629s, results:
{'t': 226, 'current_accuracy': 0.40234375, 'current_loss': 1.9073171019554138, 'train_loss': None, 'decision': 0, 'drift_rate': 0.01, 'target_domains': ['svhn']}
0.01 ['svhn']
Loss historical diff: 1.1014783382415771; Loss Difference: 0.0, Decision: 0
Round 228 took 0.7193067073822021s, results:
{'t': 227, 'current_accuracy': 0.3984375, 'current_loss': 1.9132808446884155, 'train_loss': None, 'decision': 0, 'drift_rate': 0.01, 'target_domains': ['svhn']}
0.01 ['svhn']
Loss historical diff: 1.1075934171676636; Loss Difference: 0.0, Decision: 0
Round 229 took 0.7016844749450684s, results:
{'t': 228, 'current_accuracy': 0.390625, 'current_loss': 1.919395923614502, 'train_loss': None, 'decision': 0, 'drift_rate': 0.01, 'target_domains': ['svhn']}
0.01 ['svhn']
Loss historical diff: 1.107995092868805; Loss Difference: 0.0, Decision: 0
Round 230 took 0.6654009819030762s, results:
{'t': 229, 'current_accuracy': 0.38671875, 'current_loss': 1.9197975993156433, 'train_loss': None, 'decision': 0, 'drift_rate': 0.01, 'target_domains': ['svhn']}
0.01 ['svhn']
Loss historical diff: 1.108753740787506; Loss Difference: 0.0, Decision: 0
Round 231 took 0.6647100448608398s, results:
{'t': 230, 'current_accuracy': 0.3828125, 'current_loss': 1.9205562472343445, 'train_loss': None, 'decision': 0, 'drift_rate': 0.01, 'target_domains': ['svhn']}
0.01 ['svhn']
Loss historical diff: 1.1236640214920044; Loss Difference: 0.0, Decision: 0
Round 232 took 0.7109344005584717s, results:
{'t': 231, 'current_accuracy': 0.375, 'current_loss': 1.9354665279388428, 'train_loss': None, 'decision': 0, 'drift_rate': 0.01, 'target_domains': ['svhn']}
0.01 ['svhn']
Loss historical diff: 1.12553870677948; Loss Difference: 0.0, Decision: 0
Round 233 took 0.6635661125183105s, results:
{'t': 232, 'current_accuracy': 0.37109375, 'current_loss': 1.9373412132263184, 'train_loss': None, 'decision': 0, 'drift_rate': 0.01, 'target_domains': ['svhn']}
0.01 ['svhn']
Loss historical diff: 1.122227668762207; Loss Difference: 0.0, Decision: 0
Round 234 took 0.6874761581420898s, results:
{'t': 233, 'current_accuracy': 0.375, 'current_loss': 1.9340301752090454, 'train_loss': None, 'decision': 0, 'drift_rate': 0.01, 'target_domains': ['svhn']}
0.01 ['svhn']
Loss historical diff: 1.1328202486038208; Loss Difference: 0.0, Decision: 0
Round 235 took 0.6666276454925537s, results:
{'t': 234, 'current_accuracy': 0.37109375, 'current_loss': 1.9446227550506592, 'train_loss': None, 'decision': 0, 'drift_rate': 0.01, 'target_domains': ['svhn']}
0.01 ['svhn']
Loss historical diff: 1.134556770324707; Loss Difference: 0.0, Decision: 0
Round 236 took 0.6592659950256348s, results:
{'t': 235, 'current_accuracy': 0.37109375, 'current_loss': 1.9463592767715454, 'train_loss': None, 'decision': 0, 'drift_rate': 0.01, 'target_domains': ['svhn']}
0.01 ['svhn']
Loss historical diff: 1.154572069644928; Loss Difference: 0.0, Decision: 0
Round 237 took 0.6968109607696533s, results:
{'t': 236, 'current_accuracy': 0.36328125, 'current_loss': 1.9663745760917664, 'train_loss': None, 'decision': 0, 'drift_rate': 0.01, 'target_domains': ['svhn']}
0.01 ['svhn']
Loss historical diff: 1.1599429249763489; Loss Difference: 0.0, Decision: 0
Round 238 took 0.6821582317352295s, results:
{'t': 237, 'current_accuracy': 0.36328125, 'current_loss': 1.9717454314231873, 'train_loss': None, 'decision': 0, 'drift_rate': 0.01, 'target_domains': ['svhn']}
0.01 ['svhn']
Loss historical diff: 1.167184829711914; Loss Difference: 0.0, Decision: 0
Round 239 took 0.7240886688232422s, results:
{'t': 238, 'current_accuracy': 0.359375, 'current_loss': 1.9789873361587524, 'train_loss': None, 'decision': 0, 'drift_rate': 0.01, 'target_domains': ['svhn']}
0.01 ['svhn']
Loss historical diff: 1.173626184463501; Loss Difference: 0.0, Decision: 0
Round 240 took 0.7000842094421387s, results:
{'t': 239, 'current_accuracy': 0.35546875, 'current_loss': 1.9854286909103394, 'train_loss': None, 'decision': 0, 'drift_rate': 0.01, 'target_domains': ['svhn']}
0.01 ['svhn']
Loss historical diff: 1.1777374148368835; Loss Difference: 0.0, Decision: 0
Round 241 took 0.6832718849182129s, results:
{'t': 240, 'current_accuracy': 0.3515625, 'current_loss': 1.989539921283722, 'train_loss': None, 'decision': 0, 'drift_rate': 0.01, 'target_domains': ['svhn']}
0.01 ['svhn']
Loss historical diff: 1.1756542325019836; Loss Difference: 0.0, Decision: 0
Round 242 took 0.7482471466064453s, results:
{'t': 241, 'current_accuracy': 0.3515625, 'current_loss': 1.987456738948822, 'train_loss': None, 'decision': 0, 'drift_rate': 0.01, 'target_domains': ['svhn']}
0.01 ['svhn']
Loss historical diff: 1.1925859451293945; Loss Difference: 0.0, Decision: 0
Round 243 took 0.7738931179046631s, results:
{'t': 242, 'current_accuracy': 0.34375, 'current_loss': 2.004388451576233, 'train_loss': None, 'decision': 0, 'drift_rate': 0.01, 'target_domains': ['svhn']}
0.01 ['svhn']
Loss historical diff: 1.2040212154388428; Loss Difference: 0.0, Decision: 0
Round 244 took 0.7041959762573242s, results:
{'t': 243, 'current_accuracy': 0.3359375, 'current_loss': 2.015823721885681, 'train_loss': None, 'decision': 0, 'drift_rate': 0.01, 'target_domains': ['svhn']}
0.01 ['svhn']
Loss historical diff: 1.212892770767212; Loss Difference: 0.0, Decision: 0
Round 245 took 0.7010717391967773s, results:
{'t': 244, 'current_accuracy': 0.33203125, 'current_loss': 2.0246952772140503, 'train_loss': None, 'decision': 0, 'drift_rate': 0.01, 'target_domains': ['svhn']}
0.01 ['svhn']
Loss historical diff: 1.2170584201812744; Loss Difference: 0.0, Decision: 0
Round 246 took 0.6891052722930908s, results:
{'t': 245, 'current_accuracy': 0.33203125, 'current_loss': 2.028860926628113, 'train_loss': None, 'decision': 0, 'drift_rate': 0.01, 'target_domains': ['svhn']}
0.01 ['svhn']
Loss historical diff: 1.228482961654663; Loss Difference: 0.0, Decision: 0
Round 247 took 0.6734635829925537s, results:
{'t': 246, 'current_accuracy': 0.32421875, 'current_loss': 2.0402854681015015, 'train_loss': None, 'decision': 0, 'drift_rate': 0.01, 'target_domains': ['svhn']}
0.01 ['svhn']
Loss historical diff: 1.221903920173645; Loss Difference: 0.0, Decision: 0
Round 248 took 0.736422061920166s, results:
{'t': 247, 'current_accuracy': 0.328125, 'current_loss': 2.0337064266204834, 'train_loss': None, 'decision': 0, 'drift_rate': 0.01, 'target_domains': ['svhn']}
0.01 ['svhn']
Loss historical diff: 1.2239371538162231; Loss Difference: 0.0, Decision: 0
Round 249 took 0.6928954124450684s, results:
{'t': 248, 'current_accuracy': 0.32421875, 'current_loss': 2.0357396602630615, 'train_loss': None, 'decision': 0, 'drift_rate': 0.01, 'target_domains': ['svhn']}
0.01 ['svhn']
Loss historical diff: 1.2337177395820618; Loss Difference: 0.0, Decision: 0
Round 250 took 0.700305700302124s, results:
{'t': 249, 'current_accuracy': 0.31640625, 'current_loss': 2.0455202460289, 'train_loss': None, 'decision': 0, 'drift_rate': 0.01, 'target_domains': ['svhn']}
Average time per round: 0.6961203308105469
Total time: 174.03008270263672
