Device: cuda
CUDA Version: 12.1
cuDNN Version: 8902
PyTorch Version: 2.3.0

Model used: DigitsDGCNN
Initial dataset creation
Initial dataset creation
Initial loss: 0.2875712513923645
<__main__.Policy object at 0x14a40aa57cb0>
0.2875712513923645
0.0 ['svhn']
Loss historical diff: 0.09405238926410675; Loss Difference: 0.0, Decision: 0
Round 1 took 0.7760436534881592s, results:
{'t': 0, 'current_accuracy': 0.8984375, 'current_loss': 0.38162364065647125, 'train_loss': None, 'decision': 0, 'drift_rate': 0.0, 'target_domains': ['svhn']}
0.0 ['svhn']
Loss historical diff: 0.09405238926410675; Loss Difference: 0.0, Decision: 0
Round 2 took 0.6619439125061035s, results:
{'t': 1, 'current_accuracy': 0.8984375, 'current_loss': 0.38162364065647125, 'train_loss': None, 'decision': 0, 'drift_rate': 0.0, 'target_domains': ['svhn']}
0.0 ['svhn']
Loss historical diff: 0.09405235946178436; Loss Difference: 0.0, Decision: 0
Round 3 took 0.6416640281677246s, results:
{'t': 2, 'current_accuracy': 0.8984375, 'current_loss': 0.38162361085414886, 'train_loss': None, 'decision': 0, 'drift_rate': 0.0, 'target_domains': ['svhn']}
0.0 ['svhn']
Loss historical diff: 0.09405235946178436; Loss Difference: 0.0, Decision: 0
Round 4 took 0.624692440032959s, results:
{'t': 3, 'current_accuracy': 0.8984375, 'current_loss': 0.38162361085414886, 'train_loss': None, 'decision': 0, 'drift_rate': 0.0, 'target_domains': ['svhn']}
0.0 ['svhn']
Loss historical diff: 0.09405243396759033; Loss Difference: 0.0, Decision: 0
Round 5 took 0.602689266204834s, results:
{'t': 4, 'current_accuracy': 0.8984375, 'current_loss': 0.38162368535995483, 'train_loss': None, 'decision': 0, 'drift_rate': 0.0, 'target_domains': ['svhn']}
0.0 ['svhn']
Loss historical diff: 0.09405234456062317; Loss Difference: 0.0, Decision: 0
Round 6 took 0.5930116176605225s, results:
{'t': 5, 'current_accuracy': 0.8984375, 'current_loss': 0.38162359595298767, 'train_loss': None, 'decision': 0, 'drift_rate': 0.0, 'target_domains': ['svhn']}
0.0 ['svhn']
Loss historical diff: 0.09405234456062317; Loss Difference: 0.0, Decision: 0
Round 7 took 0.6223568916320801s, results:
{'t': 6, 'current_accuracy': 0.8984375, 'current_loss': 0.38162359595298767, 'train_loss': None, 'decision': 0, 'drift_rate': 0.0, 'target_domains': ['svhn']}
0.0 ['svhn']
Loss historical diff: 0.09405234456062317; Loss Difference: 0.0, Decision: 0
Round 8 took 0.5606815814971924s, results:
{'t': 7, 'current_accuracy': 0.8984375, 'current_loss': 0.38162359595298767, 'train_loss': None, 'decision': 0, 'drift_rate': 0.0, 'target_domains': ['svhn']}
0.0 ['svhn']
Loss historical diff: 0.09405235946178436; Loss Difference: 0.0, Decision: 0
Round 9 took 0.5896039009094238s, results:
{'t': 8, 'current_accuracy': 0.8984375, 'current_loss': 0.38162361085414886, 'train_loss': None, 'decision': 0, 'drift_rate': 0.0, 'target_domains': ['svhn']}
0.0 ['svhn']
Loss historical diff: 0.09405237436294556; Loss Difference: 0.0, Decision: 0
Round 10 took 0.5760886669158936s, results:
{'t': 9, 'current_accuracy': 0.8984375, 'current_loss': 0.38162362575531006, 'train_loss': None, 'decision': 0, 'drift_rate': 0.0, 'target_domains': ['svhn']}
0.0 ['svhn']
Loss historical diff: 0.09405240416526794; Loss Difference: 0.0, Decision: 0
Round 11 took 0.5957636833190918s, results:
{'t': 10, 'current_accuracy': 0.8984375, 'current_loss': 0.38162365555763245, 'train_loss': None, 'decision': 0, 'drift_rate': 0.0, 'target_domains': ['svhn']}
0.0 ['svhn']
Loss historical diff: 0.09405240416526794; Loss Difference: 0.0, Decision: 0
Round 12 took 0.6140406131744385s, results:
{'t': 11, 'current_accuracy': 0.8984375, 'current_loss': 0.38162365555763245, 'train_loss': None, 'decision': 0, 'drift_rate': 0.0, 'target_domains': ['svhn']}
0.0 ['svhn']
Loss historical diff: 0.09405234456062317; Loss Difference: 0.0, Decision: 0
Round 13 took 0.5937385559082031s, results:
{'t': 12, 'current_accuracy': 0.8984375, 'current_loss': 0.38162359595298767, 'train_loss': None, 'decision': 0, 'drift_rate': 0.0, 'target_domains': ['svhn']}
0.0 ['svhn']
Loss historical diff: 0.09405237436294556; Loss Difference: 0.0, Decision: 0
Round 14 took 0.5738842487335205s, results:
{'t': 13, 'current_accuracy': 0.8984375, 'current_loss': 0.38162362575531006, 'train_loss': None, 'decision': 0, 'drift_rate': 0.0, 'target_domains': ['svhn']}
0.0 ['svhn']
Loss historical diff: 0.09405237436294556; Loss Difference: 0.0, Decision: 0
Round 15 took 0.5882675647735596s, results:
{'t': 14, 'current_accuracy': 0.8984375, 'current_loss': 0.38162362575531006, 'train_loss': None, 'decision': 0, 'drift_rate': 0.0, 'target_domains': ['svhn']}
0.0 ['svhn']
Loss historical diff: 0.09405231475830078; Loss Difference: 0.0, Decision: 0
Round 16 took 0.6269626617431641s, results:
{'t': 15, 'current_accuracy': 0.8984375, 'current_loss': 0.3816235661506653, 'train_loss': None, 'decision': 0, 'drift_rate': 0.0, 'target_domains': ['svhn']}
0.0 ['svhn']
Loss historical diff: 0.09405235946178436; Loss Difference: 0.0, Decision: 0
Round 17 took 0.6112091541290283s, results:
{'t': 16, 'current_accuracy': 0.8984375, 'current_loss': 0.38162361085414886, 'train_loss': None, 'decision': 0, 'drift_rate': 0.0, 'target_domains': ['svhn']}
0.0 ['svhn']
Loss historical diff: 0.09405238926410675; Loss Difference: 0.0, Decision: 0
Round 18 took 0.5964789390563965s, results:
{'t': 17, 'current_accuracy': 0.8984375, 'current_loss': 0.38162364065647125, 'train_loss': None, 'decision': 0, 'drift_rate': 0.0, 'target_domains': ['svhn']}
0.0 ['svhn']
Loss historical diff: 0.09405243396759033; Loss Difference: 0.0, Decision: 0
Round 19 took 0.5609557628631592s, results:
{'t': 18, 'current_accuracy': 0.8984375, 'current_loss': 0.38162368535995483, 'train_loss': None, 'decision': 0, 'drift_rate': 0.0, 'target_domains': ['svhn']}
0.0 ['svhn']
Loss historical diff: 0.09405238926410675; Loss Difference: 0.0, Decision: 0
Round 20 took 0.6022863388061523s, results:
{'t': 19, 'current_accuracy': 0.8984375, 'current_loss': 0.38162364065647125, 'train_loss': None, 'decision': 0, 'drift_rate': 0.0, 'target_domains': ['svhn']}
0.0 ['svhn']
Loss historical diff: 0.09405235946178436; Loss Difference: 0.0, Decision: 0
Round 21 took 0.5831632614135742s, results:
{'t': 20, 'current_accuracy': 0.8984375, 'current_loss': 0.38162361085414886, 'train_loss': None, 'decision': 0, 'drift_rate': 0.0, 'target_domains': ['svhn']}
0.0 ['svhn']
Loss historical diff: 0.09405241906642914; Loss Difference: 0.0, Decision: 0
Round 22 took 0.5967025756835938s, results:
{'t': 21, 'current_accuracy': 0.8984375, 'current_loss': 0.38162367045879364, 'train_loss': None, 'decision': 0, 'drift_rate': 0.0, 'target_domains': ['svhn']}
0.0 ['svhn']
Loss historical diff: 0.09405234456062317; Loss Difference: 0.0, Decision: 0
Round 23 took 0.5949201583862305s, results:
{'t': 22, 'current_accuracy': 0.8984375, 'current_loss': 0.38162359595298767, 'train_loss': None, 'decision': 0, 'drift_rate': 0.0, 'target_domains': ['svhn']}
0.0 ['svhn']
Loss historical diff: 0.09405237436294556; Loss Difference: 0.0, Decision: 0
Round 24 took 0.6227002143859863s, results:
{'t': 23, 'current_accuracy': 0.8984375, 'current_loss': 0.38162362575531006, 'train_loss': None, 'decision': 0, 'drift_rate': 0.0, 'target_domains': ['svhn']}
0.0 ['svhn']
Loss historical diff: 0.09405237436294556; Loss Difference: 0.0, Decision: 0
Round 25 took 0.5977687835693359s, results:
{'t': 24, 'current_accuracy': 0.8984375, 'current_loss': 0.38162362575531006, 'train_loss': None, 'decision': 0, 'drift_rate': 0.0, 'target_domains': ['svhn']}
0.0 ['svhn']
Loss historical diff: 0.09405238926410675; Loss Difference: 0.0, Decision: 0
Round 26 took 0.5854613780975342s, results:
{'t': 25, 'current_accuracy': 0.8984375, 'current_loss': 0.38162364065647125, 'train_loss': None, 'decision': 0, 'drift_rate': 0.0, 'target_domains': ['svhn']}
0.0 ['svhn']
Loss historical diff: 0.09405238926410675; Loss Difference: 0.0, Decision: 0
Round 27 took 0.6031560897827148s, results:
{'t': 26, 'current_accuracy': 0.8984375, 'current_loss': 0.38162364065647125, 'train_loss': None, 'decision': 0, 'drift_rate': 0.0, 'target_domains': ['svhn']}
0.0 ['svhn']
Loss historical diff: 0.09405238926410675; Loss Difference: 0.0, Decision: 0
Round 28 took 0.592860221862793s, results:
{'t': 27, 'current_accuracy': 0.8984375, 'current_loss': 0.38162364065647125, 'train_loss': None, 'decision': 0, 'drift_rate': 0.0, 'target_domains': ['svhn']}
0.0 ['svhn']
Loss historical diff: 0.09405235946178436; Loss Difference: 0.0, Decision: 0
Round 29 took 0.6072854995727539s, results:
{'t': 28, 'current_accuracy': 0.8984375, 'current_loss': 0.38162361085414886, 'train_loss': None, 'decision': 0, 'drift_rate': 0.0, 'target_domains': ['svhn']}
0.0 ['svhn']
Loss historical diff: 0.09405238926410675; Loss Difference: 0.0, Decision: 0
Round 30 took 0.6091241836547852s, results:
{'t': 29, 'current_accuracy': 0.8984375, 'current_loss': 0.38162364065647125, 'train_loss': None, 'decision': 0, 'drift_rate': 0.0, 'target_domains': ['svhn']}
0.0 ['svhn']
Loss historical diff: 0.09405234456062317; Loss Difference: 0.0, Decision: 0
Round 31 took 0.625542402267456s, results:
{'t': 30, 'current_accuracy': 0.8984375, 'current_loss': 0.38162359595298767, 'train_loss': None, 'decision': 0, 'drift_rate': 0.0, 'target_domains': ['svhn']}
0.0 ['svhn']
Loss historical diff: 0.09405237436294556; Loss Difference: 0.0, Decision: 0
Round 32 took 0.6381974220275879s, results:
{'t': 31, 'current_accuracy': 0.8984375, 'current_loss': 0.38162362575531006, 'train_loss': None, 'decision': 0, 'drift_rate': 0.0, 'target_domains': ['svhn']}
0.0 ['svhn']
Loss historical diff: 0.09405237436294556; Loss Difference: 0.0, Decision: 0
Round 33 took 0.5996763706207275s, results:
{'t': 32, 'current_accuracy': 0.8984375, 'current_loss': 0.38162362575531006, 'train_loss': None, 'decision': 0, 'drift_rate': 0.0, 'target_domains': ['svhn']}
0.0 ['svhn']
Loss historical diff: 0.09405238926410675; Loss Difference: 0.0, Decision: 0
Round 34 took 0.6097986698150635s, results:
{'t': 33, 'current_accuracy': 0.8984375, 'current_loss': 0.38162364065647125, 'train_loss': None, 'decision': 0, 'drift_rate': 0.0, 'target_domains': ['svhn']}
0.0 ['svhn']
Loss historical diff: 0.09405235946178436; Loss Difference: 0.0, Decision: 0
Round 35 took 0.5989017486572266s, results:
{'t': 34, 'current_accuracy': 0.8984375, 'current_loss': 0.38162361085414886, 'train_loss': None, 'decision': 0, 'drift_rate': 0.0, 'target_domains': ['svhn']}
0.0 ['svhn']
Loss historical diff: 0.09405240416526794; Loss Difference: 0.0, Decision: 0
Round 36 took 0.6053214073181152s, results:
{'t': 35, 'current_accuracy': 0.8984375, 'current_loss': 0.38162365555763245, 'train_loss': None, 'decision': 0, 'drift_rate': 0.0, 'target_domains': ['svhn']}
0.0 ['svhn']
Loss historical diff: 0.09405238926410675; Loss Difference: 0.0, Decision: 0
Round 37 took 0.5931267738342285s, results:
{'t': 36, 'current_accuracy': 0.8984375, 'current_loss': 0.38162364065647125, 'train_loss': None, 'decision': 0, 'drift_rate': 0.0, 'target_domains': ['svhn']}
0.0 ['svhn']
Loss historical diff: 0.09405237436294556; Loss Difference: 0.0, Decision: 0
Round 38 took 0.5985839366912842s, results:
{'t': 37, 'current_accuracy': 0.8984375, 'current_loss': 0.38162362575531006, 'train_loss': None, 'decision': 0, 'drift_rate': 0.0, 'target_domains': ['svhn']}
0.0 ['svhn']
Loss historical diff: 0.09405240416526794; Loss Difference: 0.0, Decision: 0
Round 39 took 0.6203150749206543s, results:
{'t': 38, 'current_accuracy': 0.8984375, 'current_loss': 0.38162365555763245, 'train_loss': None, 'decision': 0, 'drift_rate': 0.0, 'target_domains': ['svhn']}
0.0 ['svhn']
Loss historical diff: 0.09405238926410675; Loss Difference: 0.0, Decision: 0
Round 40 took 0.6017341613769531s, results:
{'t': 39, 'current_accuracy': 0.8984375, 'current_loss': 0.38162364065647125, 'train_loss': None, 'decision': 0, 'drift_rate': 0.0, 'target_domains': ['svhn']}
0.0 ['svhn']
Loss historical diff: 0.09405232965946198; Loss Difference: 0.0, Decision: 0
Round 41 took 0.6087145805358887s, results:
{'t': 40, 'current_accuracy': 0.8984375, 'current_loss': 0.3816235810518265, 'train_loss': None, 'decision': 0, 'drift_rate': 0.0, 'target_domains': ['svhn']}
0.0 ['svhn']
Loss historical diff: 0.09405237436294556; Loss Difference: 0.0, Decision: 0
Round 42 took 0.5887374877929688s, results:
{'t': 41, 'current_accuracy': 0.8984375, 'current_loss': 0.38162362575531006, 'train_loss': None, 'decision': 0, 'drift_rate': 0.0, 'target_domains': ['svhn']}
0.0 ['svhn']
Loss historical diff: 0.09405238926410675; Loss Difference: 0.0, Decision: 0
Round 43 took 0.6077029705047607s, results:
{'t': 42, 'current_accuracy': 0.8984375, 'current_loss': 0.38162364065647125, 'train_loss': None, 'decision': 0, 'drift_rate': 0.0, 'target_domains': ['svhn']}
0.0 ['svhn']
Loss historical diff: 0.09405237436294556; Loss Difference: 0.0, Decision: 0
Round 44 took 0.6222357749938965s, results:
{'t': 43, 'current_accuracy': 0.8984375, 'current_loss': 0.38162362575531006, 'train_loss': None, 'decision': 0, 'drift_rate': 0.0, 'target_domains': ['svhn']}
0.0 ['svhn']
Loss historical diff: 0.09405235946178436; Loss Difference: 0.0, Decision: 0
Round 45 took 0.6465387344360352s, results:
{'t': 44, 'current_accuracy': 0.8984375, 'current_loss': 0.38162361085414886, 'train_loss': None, 'decision': 0, 'drift_rate': 0.0, 'target_domains': ['svhn']}
0.0 ['svhn']
Loss historical diff: 0.09405240416526794; Loss Difference: 0.0, Decision: 0
Round 46 took 0.5858676433563232s, results:
{'t': 45, 'current_accuracy': 0.8984375, 'current_loss': 0.38162365555763245, 'train_loss': None, 'decision': 0, 'drift_rate': 0.0, 'target_domains': ['svhn']}
0.0 ['svhn']
Loss historical diff: 0.09405235946178436; Loss Difference: 0.0, Decision: 0
Round 47 took 0.602872371673584s, results:
{'t': 46, 'current_accuracy': 0.8984375, 'current_loss': 0.38162361085414886, 'train_loss': None, 'decision': 0, 'drift_rate': 0.0, 'target_domains': ['svhn']}
0.0 ['svhn']
Loss historical diff: 0.09405237436294556; Loss Difference: 0.0, Decision: 0
Round 48 took 0.6293716430664062s, results:
{'t': 47, 'current_accuracy': 0.8984375, 'current_loss': 0.38162362575531006, 'train_loss': None, 'decision': 0, 'drift_rate': 0.0, 'target_domains': ['svhn']}
0.0 ['svhn']
Loss historical diff: 0.09405238926410675; Loss Difference: 0.0, Decision: 0
Round 49 took 0.5557856559753418s, results:
{'t': 48, 'current_accuracy': 0.8984375, 'current_loss': 0.38162364065647125, 'train_loss': None, 'decision': 0, 'drift_rate': 0.0, 'target_domains': ['svhn']}
0.0 ['svhn']
Loss historical diff: 0.09405244886875153; Loss Difference: 0.0, Decision: 0
Round 50 took 0.5465686321258545s, results:
{'t': 49, 'current_accuracy': 0.8984375, 'current_loss': 0.38162370026111603, 'train_loss': None, 'decision': 0, 'drift_rate': 0.0, 'target_domains': ['svhn']}
0.0 ['svhn']
Loss historical diff: 0.09405232965946198; Loss Difference: 0.0, Decision: 0
Round 51 took 0.6002674102783203s, results:
{'t': 50, 'current_accuracy': 0.8984375, 'current_loss': 0.3816235810518265, 'train_loss': None, 'decision': 0, 'drift_rate': 0.0, 'target_domains': ['svhn']}
0.0 ['svhn']
Loss historical diff: 0.09405237436294556; Loss Difference: 0.0, Decision: 0
Round 52 took 0.5869510173797607s, results:
{'t': 51, 'current_accuracy': 0.8984375, 'current_loss': 0.38162362575531006, 'train_loss': None, 'decision': 0, 'drift_rate': 0.0, 'target_domains': ['svhn']}
0.0 ['svhn']
Loss historical diff: 0.09405240416526794; Loss Difference: 0.0, Decision: 0
Round 53 took 0.5330662727355957s, results:
{'t': 52, 'current_accuracy': 0.8984375, 'current_loss': 0.38162365555763245, 'train_loss': None, 'decision': 0, 'drift_rate': 0.0, 'target_domains': ['svhn']}
0.0 ['svhn']
Loss historical diff: 0.09405238926410675; Loss Difference: 0.0, Decision: 0
Round 54 took 0.6109564304351807s, results:
{'t': 53, 'current_accuracy': 0.8984375, 'current_loss': 0.38162364065647125, 'train_loss': None, 'decision': 0, 'drift_rate': 0.0, 'target_domains': ['svhn']}
0.0 ['svhn']
Loss historical diff: 0.09405235946178436; Loss Difference: 0.0, Decision: 0
Round 55 took 0.6622416973114014s, results:
{'t': 54, 'current_accuracy': 0.8984375, 'current_loss': 0.38162361085414886, 'train_loss': None, 'decision': 0, 'drift_rate': 0.0, 'target_domains': ['svhn']}
0.0 ['svhn']
Loss historical diff: 0.09405241906642914; Loss Difference: 0.0, Decision: 0
Round 56 took 0.6839075088500977s, results:
{'t': 55, 'current_accuracy': 0.8984375, 'current_loss': 0.38162367045879364, 'train_loss': None, 'decision': 0, 'drift_rate': 0.0, 'target_domains': ['svhn']}
0.0 ['svhn']
Loss historical diff: 0.09405238926410675; Loss Difference: 0.0, Decision: 0
Round 57 took 0.660193681716919s, results:
{'t': 56, 'current_accuracy': 0.8984375, 'current_loss': 0.38162364065647125, 'train_loss': None, 'decision': 0, 'drift_rate': 0.0, 'target_domains': ['svhn']}
0.0 ['svhn']
Loss historical diff: 0.09405240416526794; Loss Difference: 0.0, Decision: 0
Round 58 took 0.6384971141815186s, results:
{'t': 57, 'current_accuracy': 0.8984375, 'current_loss': 0.38162365555763245, 'train_loss': None, 'decision': 0, 'drift_rate': 0.0, 'target_domains': ['svhn']}
0.0 ['svhn']
Loss historical diff: 0.09405240416526794; Loss Difference: 0.0, Decision: 0
Round 59 took 0.5766305923461914s, results:
{'t': 58, 'current_accuracy': 0.8984375, 'current_loss': 0.38162365555763245, 'train_loss': None, 'decision': 0, 'drift_rate': 0.0, 'target_domains': ['svhn']}
0.0 ['svhn']
Loss historical diff: 0.09405237436294556; Loss Difference: 0.0, Decision: 0
Round 60 took 0.6040134429931641s, results:
{'t': 59, 'current_accuracy': 0.8984375, 'current_loss': 0.38162362575531006, 'train_loss': None, 'decision': 0, 'drift_rate': 0.0, 'target_domains': ['svhn']}
0.006 ['syn']
Loss historical diff: 0.09493695199489594; Loss Difference: 0.0, Decision: 0
Round 61 took 0.5935959815979004s, results:
{'t': 60, 'current_accuracy': 0.8984375, 'current_loss': 0.38250820338726044, 'train_loss': None, 'decision': 0, 'drift_rate': 0.006, 'target_domains': ['syn']}
0.006 ['syn']
Loss historical diff: 0.10941369831562042; Loss Difference: 0.0, Decision: 0
Round 62 took 0.6227483749389648s, results:
{'t': 61, 'current_accuracy': 0.8984375, 'current_loss': 0.3969849497079849, 'train_loss': None, 'decision': 0, 'drift_rate': 0.006, 'target_domains': ['syn']}
0.006 ['syn']
Loss historical diff: 0.10620458424091339; Loss Difference: 0.0, Decision: 0
Round 63 took 0.649911642074585s, results:
{'t': 62, 'current_accuracy': 0.90234375, 'current_loss': 0.3937758356332779, 'train_loss': None, 'decision': 0, 'drift_rate': 0.006, 'target_domains': ['syn']}
0.006 ['syn']
Loss historical diff: 0.10828627645969391; Loss Difference: 0.0, Decision: 0
Round 64 took 0.6043040752410889s, results:
{'t': 63, 'current_accuracy': 0.90234375, 'current_loss': 0.3958575278520584, 'train_loss': None, 'decision': 0, 'drift_rate': 0.006, 'target_domains': ['syn']}
0.006 ['syn']
Loss historical diff: 0.10904480516910553; Loss Difference: 0.0, Decision: 0
Round 65 took 0.6060149669647217s, results:
{'t': 64, 'current_accuracy': 0.90234375, 'current_loss': 0.39661605656147003, 'train_loss': None, 'decision': 0, 'drift_rate': 0.006, 'target_domains': ['syn']}
0.006 ['syn']
Loss historical diff: 0.12610313296318054; Loss Difference: 0.0, Decision: 0
Round 66 took 0.5980372428894043s, results:
{'t': 65, 'current_accuracy': 0.8984375, 'current_loss': 0.41367438435554504, 'train_loss': None, 'decision': 0, 'drift_rate': 0.006, 'target_domains': ['syn']}
0.006 ['syn']
Loss historical diff: 0.12562188506126404; Loss Difference: 0.0, Decision: 0
Round 67 took 0.6260018348693848s, results:
{'t': 66, 'current_accuracy': 0.8984375, 'current_loss': 0.41319313645362854, 'train_loss': None, 'decision': 0, 'drift_rate': 0.006, 'target_domains': ['syn']}
0.006 ['syn']
Loss historical diff: 0.13128632307052612; Loss Difference: 0.0, Decision: 0
Round 68 took 0.6033244132995605s, results:
{'t': 67, 'current_accuracy': 0.89453125, 'current_loss': 0.4188575744628906, 'train_loss': None, 'decision': 0, 'drift_rate': 0.006, 'target_domains': ['syn']}
0.006 ['syn']
Loss historical diff: 0.13202674686908722; Loss Difference: 0.0, Decision: 0
Round 69 took 0.6015424728393555s, results:
{'t': 68, 'current_accuracy': 0.89453125, 'current_loss': 0.4195979982614517, 'train_loss': None, 'decision': 0, 'drift_rate': 0.006, 'target_domains': ['syn']}
0.006 ['syn']
Loss historical diff: 0.13200892508029938; Loss Difference: 0.0, Decision: 0
Round 70 took 0.628781795501709s, results:
{'t': 69, 'current_accuracy': 0.89453125, 'current_loss': 0.4195801764726639, 'train_loss': None, 'decision': 0, 'drift_rate': 0.006, 'target_domains': ['syn']}
0.006 ['syn']
Loss historical diff: 0.1314685046672821; Loss Difference: 0.0, Decision: 0
Round 71 took 0.6074080467224121s, results:
{'t': 70, 'current_accuracy': 0.89453125, 'current_loss': 0.4190397560596466, 'train_loss': None, 'decision': 0, 'drift_rate': 0.006, 'target_domains': ['syn']}
0.006 ['syn']
Loss historical diff: 0.13121385872364044; Loss Difference: 0.0, Decision: 0
Round 72 took 0.6147310733795166s, results:
{'t': 71, 'current_accuracy': 0.89453125, 'current_loss': 0.41878511011600494, 'train_loss': None, 'decision': 0, 'drift_rate': 0.006, 'target_domains': ['syn']}
0.006 ['syn']
Loss historical diff: 0.13200262188911438; Loss Difference: 0.0, Decision: 0
Round 73 took 0.5831689834594727s, results:
{'t': 72, 'current_accuracy': 0.89453125, 'current_loss': 0.4195738732814789, 'train_loss': None, 'decision': 0, 'drift_rate': 0.006, 'target_domains': ['syn']}
0.006 ['syn']
Loss historical diff: 0.13253895938396454; Loss Difference: 0.0, Decision: 0
Round 74 took 0.5932848453521729s, results:
{'t': 73, 'current_accuracy': 0.89453125, 'current_loss': 0.42011021077632904, 'train_loss': None, 'decision': 0, 'drift_rate': 0.006, 'target_domains': ['syn']}
0.006 ['syn']
Loss historical diff: 0.13261011242866516; Loss Difference: 0.0, Decision: 0
Round 75 took 0.6161246299743652s, results:
{'t': 74, 'current_accuracy': 0.89453125, 'current_loss': 0.42018136382102966, 'train_loss': None, 'decision': 0, 'drift_rate': 0.006, 'target_domains': ['syn']}
0.006 ['syn']
Loss historical diff: 0.14728271961212158; Loss Difference: 0.0, Decision: 0
Round 76 took 0.6022553443908691s, results:
{'t': 75, 'current_accuracy': 0.890625, 'current_loss': 0.4348539710044861, 'train_loss': None, 'decision': 0, 'drift_rate': 0.006, 'target_domains': ['syn']}
0.006 ['syn']
Loss historical diff: 0.14732123911380768; Loss Difference: 0.0, Decision: 0
Round 77 took 0.5810229778289795s, results:
{'t': 76, 'current_accuracy': 0.890625, 'current_loss': 0.4348924905061722, 'train_loss': None, 'decision': 0, 'drift_rate': 0.006, 'target_domains': ['syn']}
0.006 ['syn']
Loss historical diff: 0.14650315046310425; Loss Difference: 0.0, Decision: 0
Round 78 took 0.6226704120635986s, results:
{'t': 77, 'current_accuracy': 0.890625, 'current_loss': 0.43407440185546875, 'train_loss': None, 'decision': 0, 'drift_rate': 0.006, 'target_domains': ['syn']}
0.006 ['syn']
Loss historical diff: 0.14614658057689667; Loss Difference: 0.0, Decision: 0
Round 79 took 0.6001410484313965s, results:
{'t': 78, 'current_accuracy': 0.890625, 'current_loss': 0.43371783196926117, 'train_loss': None, 'decision': 0, 'drift_rate': 0.006, 'target_domains': ['syn']}
0.006 ['syn']
Loss historical diff: 0.1511029154062271; Loss Difference: 0.0, Decision: 0
Round 80 took 0.6062986850738525s, results:
{'t': 79, 'current_accuracy': 0.88671875, 'current_loss': 0.4386741667985916, 'train_loss': None, 'decision': 0, 'drift_rate': 0.006, 'target_domains': ['syn']}
0.006 ['syn']
Loss historical diff: 0.14976851642131805; Loss Difference: 0.0, Decision: 0
Round 81 took 0.5798764228820801s, results:
{'t': 80, 'current_accuracy': 0.88671875, 'current_loss': 0.43733976781368256, 'train_loss': None, 'decision': 0, 'drift_rate': 0.006, 'target_domains': ['syn']}
0.006 ['syn']
Loss historical diff: 0.14932066202163696; Loss Difference: 0.0, Decision: 0
Round 82 took 0.60854172706604s, results:
{'t': 81, 'current_accuracy': 0.88671875, 'current_loss': 0.43689191341400146, 'train_loss': None, 'decision': 0, 'drift_rate': 0.006, 'target_domains': ['syn']}
0.006 ['syn']
Loss historical diff: 0.1644664704799652; Loss Difference: 0.0, Decision: 0
Round 83 took 0.6136770248413086s, results:
{'t': 82, 'current_accuracy': 0.8828125, 'current_loss': 0.4520377218723297, 'train_loss': None, 'decision': 0, 'drift_rate': 0.006, 'target_domains': ['syn']}
0.006 ['syn']
Loss historical diff: 0.16341207921504974; Loss Difference: 0.0, Decision: 0
Round 84 took 0.5898244380950928s, results:
{'t': 83, 'current_accuracy': 0.8828125, 'current_loss': 0.45098333060741425, 'train_loss': None, 'decision': 0, 'drift_rate': 0.006, 'target_domains': ['syn']}
0.006 ['syn']
Loss historical diff: 0.18681351840496063; Loss Difference: 0.0, Decision: 0
Round 85 took 0.6388108730316162s, results:
{'t': 84, 'current_accuracy': 0.87890625, 'current_loss': 0.47438476979732513, 'train_loss': None, 'decision': 0, 'drift_rate': 0.006, 'target_domains': ['syn']}
0.006 ['syn']
Loss historical diff: 0.18640269339084625; Loss Difference: 0.0, Decision: 0
Round 86 took 0.5899429321289062s, results:
{'t': 85, 'current_accuracy': 0.87890625, 'current_loss': 0.47397394478321075, 'train_loss': None, 'decision': 0, 'drift_rate': 0.006, 'target_domains': ['syn']}
0.006 ['syn']
Loss historical diff: 0.18603602051734924; Loss Difference: 0.0, Decision: 0
Round 87 took 0.5884079933166504s, results:
{'t': 86, 'current_accuracy': 0.87890625, 'current_loss': 0.47360727190971375, 'train_loss': None, 'decision': 0, 'drift_rate': 0.006, 'target_domains': ['syn']}
0.006 ['syn']
Loss historical diff: 0.18341213464736938; Loss Difference: 0.0, Decision: 0
Round 88 took 0.6400957107543945s, results:
{'t': 87, 'current_accuracy': 0.87890625, 'current_loss': 0.4709833860397339, 'train_loss': None, 'decision': 0, 'drift_rate': 0.006, 'target_domains': ['syn']}
0.006 ['syn']
Loss historical diff: 0.1956150233745575; Loss Difference: 0.0, Decision: 0
Round 89 took 0.5646274089813232s, results:
{'t': 88, 'current_accuracy': 0.875, 'current_loss': 0.483186274766922, 'train_loss': None, 'decision': 0, 'drift_rate': 0.006, 'target_domains': ['syn']}
0.006 ['syn']
Loss historical diff: 0.20507919788360596; Loss Difference: 0.0, Decision: 0
Round 90 took 0.61238694190979s, results:
{'t': 89, 'current_accuracy': 0.87109375, 'current_loss': 0.49265044927597046, 'train_loss': None, 'decision': 0, 'drift_rate': 0.006, 'target_domains': ['syn']}
0.006 ['syn']
Loss historical diff: 0.20508061349391937; Loss Difference: 0.0, Decision: 0
Round 91 took 0.6118736267089844s, results:
{'t': 90, 'current_accuracy': 0.87109375, 'current_loss': 0.4926518648862839, 'train_loss': None, 'decision': 0, 'drift_rate': 0.006, 'target_domains': ['syn']}
0.006 ['syn']
Loss historical diff: 0.2033233940601349; Loss Difference: 0.0, Decision: 0
Round 92 took 0.6215085983276367s, results:
{'t': 91, 'current_accuracy': 0.87109375, 'current_loss': 0.4908946454524994, 'train_loss': None, 'decision': 0, 'drift_rate': 0.006, 'target_domains': ['syn']}
0.006 ['syn']
Loss historical diff: 0.20307554304599762; Loss Difference: 0.0, Decision: 0
Round 93 took 0.6555967330932617s, results:
{'t': 92, 'current_accuracy': 0.87109375, 'current_loss': 0.4906467944383621, 'train_loss': None, 'decision': 0, 'drift_rate': 0.006, 'target_domains': ['syn']}
0.006 ['syn']
Loss historical diff: 0.20359095931053162; Loss Difference: 0.0, Decision: 0
Round 94 took 0.6110935211181641s, results:
{'t': 93, 'current_accuracy': 0.87109375, 'current_loss': 0.4911622107028961, 'train_loss': None, 'decision': 0, 'drift_rate': 0.006, 'target_domains': ['syn']}
0.006 ['syn']
Loss historical diff: 0.2030469924211502; Loss Difference: 0.0, Decision: 0
Round 95 took 0.6432738304138184s, results:
{'t': 94, 'current_accuracy': 0.87109375, 'current_loss': 0.4906182438135147, 'train_loss': None, 'decision': 0, 'drift_rate': 0.006, 'target_domains': ['syn']}
0.006 ['syn']
Loss historical diff: 0.20198121666908264; Loss Difference: 0.0, Decision: 0
Round 96 took 0.5968179702758789s, results:
{'t': 95, 'current_accuracy': 0.87109375, 'current_loss': 0.48955246806144714, 'train_loss': None, 'decision': 0, 'drift_rate': 0.006, 'target_domains': ['syn']}
0.006 ['syn']
Loss historical diff: 0.20198027789592743; Loss Difference: 0.0, Decision: 0
Round 97 took 0.6296710968017578s, results:
{'t': 96, 'current_accuracy': 0.87109375, 'current_loss': 0.48955152928829193, 'train_loss': None, 'decision': 0, 'drift_rate': 0.006, 'target_domains': ['syn']}
0.006 ['syn']
Loss historical diff: 0.22436179220676422; Loss Difference: 0.0, Decision: 0
Round 98 took 0.6090829372406006s, results:
{'t': 97, 'current_accuracy': 0.8671875, 'current_loss': 0.5119330435991287, 'train_loss': None, 'decision': 0, 'drift_rate': 0.006, 'target_domains': ['syn']}
0.006 ['syn']
Loss historical diff: 0.2571623623371124; Loss Difference: 0.0, Decision: 0
Round 99 took 0.6057922840118408s, results:
{'t': 98, 'current_accuracy': 0.86328125, 'current_loss': 0.5447336137294769, 'train_loss': None, 'decision': 0, 'drift_rate': 0.006, 'target_domains': ['syn']}
0.006 ['syn']
Loss historical diff: 0.2570524215698242; Loss Difference: 0.0, Decision: 0
Round 100 took 0.6023592948913574s, results:
{'t': 99, 'current_accuracy': 0.86328125, 'current_loss': 0.5446236729621887, 'train_loss': None, 'decision': 0, 'drift_rate': 0.006, 'target_domains': ['syn']}
0.006 ['syn']
Loss historical diff: 0.25717148184776306; Loss Difference: 0.0, Decision: 0
Round 101 took 0.6142470836639404s, results:
{'t': 100, 'current_accuracy': 0.86328125, 'current_loss': 0.5447427332401276, 'train_loss': None, 'decision': 0, 'drift_rate': 0.006, 'target_domains': ['syn']}
0.006 ['syn']
Loss historical diff: 0.2511341869831085; Loss Difference: 0.0, Decision: 0
Round 102 took 0.5720000267028809s, results:
{'t': 101, 'current_accuracy': 0.8671875, 'current_loss': 0.538705438375473, 'train_loss': None, 'decision': 0, 'drift_rate': 0.006, 'target_domains': ['syn']}
0.006 ['syn']
Loss historical diff: 0.25150981545448303; Loss Difference: 0.0, Decision: 0
Round 103 took 0.5787868499755859s, results:
{'t': 102, 'current_accuracy': 0.8671875, 'current_loss': 0.5390810668468475, 'train_loss': None, 'decision': 0, 'drift_rate': 0.006, 'target_domains': ['syn']}
0.006 ['syn']
Loss historical diff: 0.25136032700538635; Loss Difference: 0.0, Decision: 0
Round 104 took 0.5810885429382324s, results:
{'t': 103, 'current_accuracy': 0.8671875, 'current_loss': 0.5389315783977509, 'train_loss': None, 'decision': 0, 'drift_rate': 0.006, 'target_domains': ['syn']}
0.006 ['syn']
Loss historical diff: 0.25225281715393066; Loss Difference: 0.0, Decision: 0
Round 105 took 0.6347332000732422s, results:
{'t': 104, 'current_accuracy': 0.8671875, 'current_loss': 0.5398240685462952, 'train_loss': None, 'decision': 0, 'drift_rate': 0.006, 'target_domains': ['syn']}
0.006 ['syn']
Loss historical diff: 0.2517646849155426; Loss Difference: 0.0, Decision: 0
Round 106 took 0.6093199253082275s, results:
{'t': 105, 'current_accuracy': 0.8671875, 'current_loss': 0.5393359363079071, 'train_loss': None, 'decision': 0, 'drift_rate': 0.006, 'target_domains': ['syn']}
0.006 ['syn']
Loss historical diff: 0.2561922073364258; Loss Difference: 0.0, Decision: 0
Round 107 took 0.6145648956298828s, results:
{'t': 106, 'current_accuracy': 0.86328125, 'current_loss': 0.5437634587287903, 'train_loss': None, 'decision': 0, 'drift_rate': 0.006, 'target_domains': ['syn']}
0.006 ['syn']
Loss historical diff: 0.25497889518737793; Loss Difference: 0.0, Decision: 0
Round 108 took 0.5991220474243164s, results:
{'t': 107, 'current_accuracy': 0.86328125, 'current_loss': 0.5425501465797424, 'train_loss': None, 'decision': 0, 'drift_rate': 0.006, 'target_domains': ['syn']}
0.006 ['syn']
Loss historical diff: 0.25514551997184753; Loss Difference: 0.0, Decision: 0
Round 109 took 0.5794856548309326s, results:
{'t': 108, 'current_accuracy': 0.86328125, 'current_loss': 0.542716771364212, 'train_loss': None, 'decision': 0, 'drift_rate': 0.006, 'target_domains': ['syn']}
0.006 ['syn']
Loss historical diff: 0.2467387616634369; Loss Difference: 0.0, Decision: 0
Round 110 took 0.5725955963134766s, results:
{'t': 109, 'current_accuracy': 0.8671875, 'current_loss': 0.5343100130558014, 'train_loss': None, 'decision': 0, 'drift_rate': 0.006, 'target_domains': ['syn']}
0.006 ['syn']
Loss historical diff: 0.24894782900810242; Loss Difference: 0.0, Decision: 0
Round 111 took 0.5556271076202393s, results:
{'t': 110, 'current_accuracy': 0.8671875, 'current_loss': 0.5365190804004669, 'train_loss': None, 'decision': 0, 'drift_rate': 0.006, 'target_domains': ['syn']}
0.006 ['syn']
Loss historical diff: 0.2483622431755066; Loss Difference: 0.0, Decision: 0
Round 112 took 0.5843162536621094s, results:
{'t': 111, 'current_accuracy': 0.8671875, 'current_loss': 0.5359334945678711, 'train_loss': None, 'decision': 0, 'drift_rate': 0.006, 'target_domains': ['syn']}
0.006 ['syn']
Loss historical diff: 0.2483016848564148; Loss Difference: 0.0, Decision: 0
Round 113 took 0.6004464626312256s, results:
{'t': 112, 'current_accuracy': 0.8671875, 'current_loss': 0.5358729362487793, 'train_loss': None, 'decision': 0, 'drift_rate': 0.006, 'target_domains': ['syn']}
0.006 ['syn']
Loss historical diff: 0.24832072854042053; Loss Difference: 0.0, Decision: 0
Round 114 took 0.5862724781036377s, results:
{'t': 113, 'current_accuracy': 0.8671875, 'current_loss': 0.535891979932785, 'train_loss': None, 'decision': 0, 'drift_rate': 0.006, 'target_domains': ['syn']}
0.006 ['syn']
Loss historical diff: 0.24772703647613525; Loss Difference: 0.0, Decision: 0
Round 115 took 0.5505602359771729s, results:
{'t': 114, 'current_accuracy': 0.8671875, 'current_loss': 0.5352982878684998, 'train_loss': None, 'decision': 0, 'drift_rate': 0.006, 'target_domains': ['syn']}
0.006 ['syn']
Loss historical diff: 0.2500840425491333; Loss Difference: 0.0, Decision: 0
Round 116 took 0.6216020584106445s, results:
{'t': 115, 'current_accuracy': 0.8671875, 'current_loss': 0.5376552939414978, 'train_loss': None, 'decision': 0, 'drift_rate': 0.006, 'target_domains': ['syn']}
0.006 ['syn']
Loss historical diff: 0.2511514127254486; Loss Difference: 0.0, Decision: 0
Round 117 took 0.5909976959228516s, results:
{'t': 116, 'current_accuracy': 0.8671875, 'current_loss': 0.5387226641178131, 'train_loss': None, 'decision': 0, 'drift_rate': 0.006, 'target_domains': ['syn']}
0.006 ['syn']
Loss historical diff: 0.2506589740514755; Loss Difference: 0.0, Decision: 0
Round 118 took 0.5824460983276367s, results:
{'t': 117, 'current_accuracy': 0.8671875, 'current_loss': 0.53823022544384, 'train_loss': None, 'decision': 0, 'drift_rate': 0.006, 'target_domains': ['syn']}
0.006 ['syn']
Loss historical diff: 0.2463749498128891; Loss Difference: 0.0, Decision: 0
Round 119 took 0.5739212036132812s, results:
{'t': 118, 'current_accuracy': 0.8671875, 'current_loss': 0.5339462012052536, 'train_loss': None, 'decision': 0, 'drift_rate': 0.006, 'target_domains': ['syn']}
0.006 ['syn']
Loss historical diff: 0.2758495509624481; Loss Difference: 0.0, Decision: 0
Round 120 took 0.5664753913879395s, results:
{'t': 119, 'current_accuracy': 0.86328125, 'current_loss': 0.5634208023548126, 'train_loss': None, 'decision': 0, 'drift_rate': 0.006, 'target_domains': ['syn']}
0.008 ['mnist_m']
Loss historical diff: 0.2751174867153168; Loss Difference: 0.0, Decision: 0
Round 121 took 0.5679802894592285s, results:
{'t': 120, 'current_accuracy': 0.859375, 'current_loss': 0.5626887381076813, 'train_loss': None, 'decision': 0, 'drift_rate': 0.008, 'target_domains': ['mnist_m']}
0.008 ['mnist_m']
Loss historical diff: 0.26083847880363464; Loss Difference: 0.0, Decision: 0
Round 122 took 0.6087737083435059s, results:
{'t': 121, 'current_accuracy': 0.86328125, 'current_loss': 0.5484097301959991, 'train_loss': None, 'decision': 0, 'drift_rate': 0.008, 'target_domains': ['mnist_m']}
0.008 ['mnist_m']
Loss historical diff: 0.26296570897102356; Loss Difference: 0.0, Decision: 0
Round 123 took 0.5956137180328369s, results:
{'t': 122, 'current_accuracy': 0.86328125, 'current_loss': 0.5505369603633881, 'train_loss': None, 'decision': 0, 'drift_rate': 0.008, 'target_domains': ['mnist_m']}
0.008 ['mnist_m']
Loss historical diff: 0.2755412757396698; Loss Difference: 0.0, Decision: 0
Round 124 took 0.5718646049499512s, results:
{'t': 123, 'current_accuracy': 0.859375, 'current_loss': 0.5631125271320343, 'train_loss': None, 'decision': 0, 'drift_rate': 0.008, 'target_domains': ['mnist_m']}
0.008 ['mnist_m']
Loss historical diff: 0.30950093269348145; Loss Difference: 0.0, Decision: 0
Round 125 took 0.5561954975128174s, results:
{'t': 124, 'current_accuracy': 0.8515625, 'current_loss': 0.597072184085846, 'train_loss': None, 'decision': 0, 'drift_rate': 0.008, 'target_domains': ['mnist_m']}
0.008 ['mnist_m']
Loss historical diff: 0.3138340711593628; Loss Difference: 0.0, Decision: 0
Round 126 took 0.5659847259521484s, results:
{'t': 125, 'current_accuracy': 0.8515625, 'current_loss': 0.6014053225517273, 'train_loss': None, 'decision': 0, 'drift_rate': 0.008, 'target_domains': ['mnist_m']}
0.008 ['mnist_m']
Loss historical diff: 0.3127073347568512; Loss Difference: 0.0, Decision: 0
Round 127 took 0.5976152420043945s, results:
{'t': 126, 'current_accuracy': 0.8515625, 'current_loss': 0.6002785861492157, 'train_loss': None, 'decision': 0, 'drift_rate': 0.008, 'target_domains': ['mnist_m']}
0.008 ['mnist_m']
Loss historical diff: 0.3284023702144623; Loss Difference: 0.0, Decision: 0
Round 128 took 0.58121657371521s, results:
{'t': 127, 'current_accuracy': 0.84375, 'current_loss': 0.6159736216068268, 'train_loss': None, 'decision': 0, 'drift_rate': 0.008, 'target_domains': ['mnist_m']}
0.008 ['mnist_m']
Loss historical diff: 0.33537790179252625; Loss Difference: 0.0, Decision: 0
Round 129 took 0.5970182418823242s, results:
{'t': 128, 'current_accuracy': 0.83984375, 'current_loss': 0.6229491531848907, 'train_loss': None, 'decision': 0, 'drift_rate': 0.008, 'target_domains': ['mnist_m']}
0.008 ['mnist_m']
Loss historical diff: 0.3847641944885254; Loss Difference: 0.0, Decision: 0
Round 130 took 0.5478107929229736s, results:
{'t': 129, 'current_accuracy': 0.8359375, 'current_loss': 0.6723354458808899, 'train_loss': None, 'decision': 0, 'drift_rate': 0.008, 'target_domains': ['mnist_m']}
0.008 ['mnist_m']
Loss historical diff: 0.39049020409584045; Loss Difference: 0.0, Decision: 0
Round 131 took 0.5862982273101807s, results:
{'t': 130, 'current_accuracy': 0.83203125, 'current_loss': 0.678061455488205, 'train_loss': None, 'decision': 0, 'drift_rate': 0.008, 'target_domains': ['mnist_m']}
0.008 ['mnist_m']
Loss historical diff: 0.400251179933548; Loss Difference: 0.0, Decision: 0
Round 132 took 0.5953328609466553s, results:
{'t': 131, 'current_accuracy': 0.828125, 'current_loss': 0.6878224313259125, 'train_loss': None, 'decision': 0, 'drift_rate': 0.008, 'target_domains': ['mnist_m']}
0.008 ['mnist_m']
Loss historical diff: 0.4033755362033844; Loss Difference: 0.0, Decision: 0
Round 133 took 0.5975611209869385s, results:
{'t': 132, 'current_accuracy': 0.828125, 'current_loss': 0.6909467875957489, 'train_loss': None, 'decision': 0, 'drift_rate': 0.008, 'target_domains': ['mnist_m']}
0.008 ['mnist_m']
Loss historical diff: 0.4178090989589691; Loss Difference: 0.0, Decision: 0
Round 134 took 0.5624644756317139s, results:
{'t': 133, 'current_accuracy': 0.8203125, 'current_loss': 0.7053803503513336, 'train_loss': None, 'decision': 0, 'drift_rate': 0.008, 'target_domains': ['mnist_m']}
0.008 ['mnist_m']
Loss historical diff: 0.4273819625377655; Loss Difference: 0.0, Decision: 0
Round 135 took 0.5546121597290039s, results:
{'t': 134, 'current_accuracy': 0.81640625, 'current_loss': 0.71495321393013, 'train_loss': None, 'decision': 0, 'drift_rate': 0.008, 'target_domains': ['mnist_m']}
0.008 ['mnist_m']
Loss historical diff: 0.43607938289642334; Loss Difference: 0.0, Decision: 0
Round 136 took 0.5735483169555664s, results:
{'t': 135, 'current_accuracy': 0.8125, 'current_loss': 0.7236506342887878, 'train_loss': None, 'decision': 0, 'drift_rate': 0.008, 'target_domains': ['mnist_m']}
0.008 ['mnist_m']
Loss historical diff: 0.4392288029193878; Loss Difference: 0.0, Decision: 0
Round 137 took 0.6035606861114502s, results:
{'t': 136, 'current_accuracy': 0.80859375, 'current_loss': 0.7268000543117523, 'train_loss': None, 'decision': 0, 'drift_rate': 0.008, 'target_domains': ['mnist_m']}
0.008 ['mnist_m']
Loss historical diff: 0.46811965107917786; Loss Difference: 0.0, Decision: 0
Round 138 took 0.6028969287872314s, results:
{'t': 137, 'current_accuracy': 0.80078125, 'current_loss': 0.7556909024715424, 'train_loss': None, 'decision': 0, 'drift_rate': 0.008, 'target_domains': ['mnist_m']}
0.008 ['mnist_m']
Loss historical diff: 0.4800119996070862; Loss Difference: 0.0, Decision: 0
Round 139 took 0.5554587841033936s, results:
{'t': 138, 'current_accuracy': 0.796875, 'current_loss': 0.7675832509994507, 'train_loss': None, 'decision': 0, 'drift_rate': 0.008, 'target_domains': ['mnist_m']}
0.008 ['mnist_m']
Loss historical diff: 0.4840258061885834; Loss Difference: 0.0, Decision: 0
Round 140 took 0.5889184474945068s, results:
{'t': 139, 'current_accuracy': 0.79296875, 'current_loss': 0.7715970575809479, 'train_loss': None, 'decision': 0, 'drift_rate': 0.008, 'target_domains': ['mnist_m']}
0.008 ['mnist_m']
Loss historical diff: 0.5085964798927307; Loss Difference: 0.0, Decision: 0
Round 141 took 0.5979840755462646s, results:
{'t': 140, 'current_accuracy': 0.78515625, 'current_loss': 0.7961677312850952, 'train_loss': None, 'decision': 0, 'drift_rate': 0.008, 'target_domains': ['mnist_m']}
0.008 ['mnist_m']
Loss historical diff: 0.49810636043548584; Loss Difference: 0.0, Decision: 0
Round 142 took 0.5980935096740723s, results:
{'t': 141, 'current_accuracy': 0.7890625, 'current_loss': 0.7856776118278503, 'train_loss': None, 'decision': 0, 'drift_rate': 0.008, 'target_domains': ['mnist_m']}
0.008 ['mnist_m']
Loss historical diff: 0.498245507478714; Loss Difference: 0.0, Decision: 0
Round 143 took 0.5789856910705566s, results:
{'t': 142, 'current_accuracy': 0.7890625, 'current_loss': 0.7858167588710785, 'train_loss': None, 'decision': 0, 'drift_rate': 0.008, 'target_domains': ['mnist_m']}
0.008 ['mnist_m']
Loss historical diff: 0.5004694759845734; Loss Difference: 0.0, Decision: 0
Round 144 took 0.6334655284881592s, results:
{'t': 143, 'current_accuracy': 0.78515625, 'current_loss': 0.7880407273769379, 'train_loss': None, 'decision': 0, 'drift_rate': 0.008, 'target_domains': ['mnist_m']}
0.008 ['mnist_m']
Loss historical diff: 0.5224545896053314; Loss Difference: 0.0, Decision: 0
Round 145 took 0.6113095283508301s, results:
{'t': 144, 'current_accuracy': 0.77734375, 'current_loss': 0.8100258409976959, 'train_loss': None, 'decision': 0, 'drift_rate': 0.008, 'target_domains': ['mnist_m']}
0.008 ['mnist_m']
Loss historical diff: 0.5455495417118073; Loss Difference: 0.0, Decision: 0
Round 146 took 0.5851013660430908s, results:
{'t': 145, 'current_accuracy': 0.7734375, 'current_loss': 0.8331207931041718, 'train_loss': None, 'decision': 0, 'drift_rate': 0.008, 'target_domains': ['mnist_m']}
0.008 ['mnist_m']
Loss historical diff: 0.554763525724411; Loss Difference: 0.0, Decision: 0
Round 147 took 0.5987033843994141s, results:
{'t': 146, 'current_accuracy': 0.76953125, 'current_loss': 0.8423347771167755, 'train_loss': None, 'decision': 0, 'drift_rate': 0.008, 'target_domains': ['mnist_m']}
0.008 ['mnist_m']
Loss historical diff: 0.5701552629470825; Loss Difference: 0.0, Decision: 0
Round 148 took 0.6091461181640625s, results:
{'t': 147, 'current_accuracy': 0.765625, 'current_loss': 0.857726514339447, 'train_loss': None, 'decision': 0, 'drift_rate': 0.008, 'target_domains': ['mnist_m']}
0.008 ['mnist_m']
Loss historical diff: 0.5818484425544739; Loss Difference: 0.0, Decision: 0
Round 149 took 0.5954430103302002s, results:
{'t': 148, 'current_accuracy': 0.76171875, 'current_loss': 0.8694196939468384, 'train_loss': None, 'decision': 0, 'drift_rate': 0.008, 'target_domains': ['mnist_m']}
0.008 ['mnist_m']
Loss historical diff: 0.5740878880023956; Loss Difference: 0.0, Decision: 0
Round 150 took 0.579876184463501s, results:
{'t': 149, 'current_accuracy': 0.76171875, 'current_loss': 0.8616591393947601, 'train_loss': None, 'decision': 0, 'drift_rate': 0.008, 'target_domains': ['mnist_m']}
0.008 ['mnist_m']
Loss historical diff: 0.5877780616283417; Loss Difference: 0.0, Decision: 0
Round 151 took 0.5939598083496094s, results:
{'t': 150, 'current_accuracy': 0.7578125, 'current_loss': 0.8753493130207062, 'train_loss': None, 'decision': 0, 'drift_rate': 0.008, 'target_domains': ['mnist_m']}
0.008 ['mnist_m']
Loss historical diff: 0.6314491331577301; Loss Difference: 0.0, Decision: 0
Round 152 took 0.5500302314758301s, results:
{'t': 151, 'current_accuracy': 0.75, 'current_loss': 0.9190203845500946, 'train_loss': None, 'decision': 0, 'drift_rate': 0.008, 'target_domains': ['mnist_m']}
0.008 ['mnist_m']
Loss historical diff: 0.6534374058246613; Loss Difference: 0.0, Decision: 0
Round 153 took 0.5768365859985352s, results:
{'t': 152, 'current_accuracy': 0.7421875, 'current_loss': 0.9410086572170258, 'train_loss': None, 'decision': 0, 'drift_rate': 0.008, 'target_domains': ['mnist_m']}
0.008 ['mnist_m']
Loss historical diff: 0.6626740097999573; Loss Difference: 0.0, Decision: 0
Round 154 took 0.5867006778717041s, results:
{'t': 153, 'current_accuracy': 0.734375, 'current_loss': 0.9502452611923218, 'train_loss': None, 'decision': 0, 'drift_rate': 0.008, 'target_domains': ['mnist_m']}
0.008 ['mnist_m']
Loss historical diff: 0.696708470582962; Loss Difference: 0.0, Decision: 0
Round 155 took 0.5817232131958008s, results:
{'t': 154, 'current_accuracy': 0.73046875, 'current_loss': 0.9842797219753265, 'train_loss': None, 'decision': 0, 'drift_rate': 0.008, 'target_domains': ['mnist_m']}
0.008 ['mnist_m']
Loss historical diff: 0.707085520029068; Loss Difference: 0.0, Decision: 0
Round 156 took 0.6055319309234619s, results:
{'t': 155, 'current_accuracy': 0.7265625, 'current_loss': 0.9946567714214325, 'train_loss': None, 'decision': 0, 'drift_rate': 0.008, 'target_domains': ['mnist_m']}
0.008 ['mnist_m']
Loss historical diff: 0.7247144877910614; Loss Difference: 0.0, Decision: 0
Round 157 took 0.5592880249023438s, results:
{'t': 156, 'current_accuracy': 0.71875, 'current_loss': 1.012285739183426, 'train_loss': None, 'decision': 0, 'drift_rate': 0.008, 'target_domains': ['mnist_m']}
0.008 ['mnist_m']
Loss historical diff: 0.7388684153556824; Loss Difference: 0.0, Decision: 0
Round 158 took 0.5566129684448242s, results:
{'t': 157, 'current_accuracy': 0.71484375, 'current_loss': 1.0264396667480469, 'train_loss': None, 'decision': 0, 'drift_rate': 0.008, 'target_domains': ['mnist_m']}
0.008 ['mnist_m']
Loss historical diff: 0.7528112530708313; Loss Difference: 0.0, Decision: 0
Round 159 took 0.561708927154541s, results:
{'t': 158, 'current_accuracy': 0.70703125, 'current_loss': 1.0403825044631958, 'train_loss': None, 'decision': 0, 'drift_rate': 0.008, 'target_domains': ['mnist_m']}
0.008 ['mnist_m']
Loss historical diff: 0.7630406618118286; Loss Difference: 0.0, Decision: 0
Round 160 took 0.5937595367431641s, results:
{'t': 159, 'current_accuracy': 0.703125, 'current_loss': 1.0506119132041931, 'train_loss': None, 'decision': 0, 'drift_rate': 0.008, 'target_domains': ['mnist_m']}
0.008 ['mnist_m']
Loss historical diff: 0.7793683111667633; Loss Difference: 0.0, Decision: 0
Round 161 took 0.5706825256347656s, results:
{'t': 160, 'current_accuracy': 0.69921875, 'current_loss': 1.0669395625591278, 'train_loss': None, 'decision': 0, 'drift_rate': 0.008, 'target_domains': ['mnist_m']}
0.008 ['mnist_m']
Loss historical diff: 0.815027117729187; Loss Difference: 0.0, Decision: 0
Round 162 took 0.6218318939208984s, results:
{'t': 161, 'current_accuracy': 0.69140625, 'current_loss': 1.1025983691215515, 'train_loss': None, 'decision': 0, 'drift_rate': 0.008, 'target_domains': ['mnist_m']}
0.008 ['mnist_m']
Loss historical diff: 0.8660575151443481; Loss Difference: 0.0, Decision: 0
Round 163 took 0.6119215488433838s, results:
{'t': 162, 'current_accuracy': 0.68359375, 'current_loss': 1.1536287665367126, 'train_loss': None, 'decision': 0, 'drift_rate': 0.008, 'target_domains': ['mnist_m']}
0.008 ['mnist_m']
Loss historical diff: 0.8840729594230652; Loss Difference: 0.0, Decision: 0
Round 164 took 0.5809369087219238s, results:
{'t': 163, 'current_accuracy': 0.67578125, 'current_loss': 1.1716442108154297, 'train_loss': None, 'decision': 0, 'drift_rate': 0.008, 'target_domains': ['mnist_m']}
0.008 ['mnist_m']
Loss historical diff: 0.9092001914978027; Loss Difference: 0.0, Decision: 0
Round 165 took 0.581782341003418s, results:
{'t': 164, 'current_accuracy': 0.671875, 'current_loss': 1.1967714428901672, 'train_loss': None, 'decision': 0, 'drift_rate': 0.008, 'target_domains': ['mnist_m']}
0.008 ['mnist_m']
Loss historical diff: 0.9298999905586243; Loss Difference: 0.0, Decision: 0
Round 166 took 0.6053805351257324s, results:
{'t': 165, 'current_accuracy': 0.6640625, 'current_loss': 1.2174712419509888, 'train_loss': None, 'decision': 0, 'drift_rate': 0.008, 'target_domains': ['mnist_m']}
0.008 ['mnist_m']
Loss historical diff: 0.9458733201026917; Loss Difference: 0.0, Decision: 0
Round 167 took 0.5998613834381104s, results:
{'t': 166, 'current_accuracy': 0.66015625, 'current_loss': 1.2334445714950562, 'train_loss': None, 'decision': 0, 'drift_rate': 0.008, 'target_domains': ['mnist_m']}
0.008 ['mnist_m']
Loss historical diff: 0.9647418260574341; Loss Difference: 0.0, Decision: 0
Round 168 took 0.5975649356842041s, results:
{'t': 167, 'current_accuracy': 0.65625, 'current_loss': 1.2523130774497986, 'train_loss': None, 'decision': 0, 'drift_rate': 0.008, 'target_domains': ['mnist_m']}
0.008 ['mnist_m']
Loss historical diff: 0.9722656607627869; Loss Difference: 0.0, Decision: 0
Round 169 took 0.6321263313293457s, results:
{'t': 168, 'current_accuracy': 0.65234375, 'current_loss': 1.2598369121551514, 'train_loss': None, 'decision': 0, 'drift_rate': 0.008, 'target_domains': ['mnist_m']}
0.008 ['mnist_m']
Loss historical diff: 0.9770550727844238; Loss Difference: 0.0, Decision: 0
Round 170 took 0.5707378387451172s, results:
{'t': 169, 'current_accuracy': 0.6484375, 'current_loss': 1.2646263241767883, 'train_loss': None, 'decision': 0, 'drift_rate': 0.008, 'target_domains': ['mnist_m']}
0.008 ['mnist_m']
Loss historical diff: 0.9953144788742065; Loss Difference: 0.0, Decision: 0
Round 171 took 0.5481760501861572s, results:
{'t': 170, 'current_accuracy': 0.6484375, 'current_loss': 1.282885730266571, 'train_loss': None, 'decision': 0, 'drift_rate': 0.008, 'target_domains': ['mnist_m']}
0.008 ['mnist_m']
Loss historical diff: 1.0078519582748413; Loss Difference: 0.0, Decision: 0
Round 172 took 0.5713508129119873s, results:
{'t': 171, 'current_accuracy': 0.640625, 'current_loss': 1.2954232096672058, 'train_loss': None, 'decision': 0, 'drift_rate': 0.008, 'target_domains': ['mnist_m']}
0.008 ['mnist_m']
Loss historical diff: 1.0111637115478516; Loss Difference: 0.0, Decision: 0
Round 173 took 0.6077053546905518s, results:
{'t': 172, 'current_accuracy': 0.63671875, 'current_loss': 1.298734962940216, 'train_loss': None, 'decision': 0, 'drift_rate': 0.008, 'target_domains': ['mnist_m']}
0.008 ['mnist_m']
Loss historical diff: 1.0169421434402466; Loss Difference: 0.0, Decision: 0
Round 174 took 0.5822479724884033s, results:
{'t': 173, 'current_accuracy': 0.63671875, 'current_loss': 1.304513394832611, 'train_loss': None, 'decision': 0, 'drift_rate': 0.008, 'target_domains': ['mnist_m']}
0.008 ['mnist_m']
Loss historical diff: 1.0265800952911377; Loss Difference: 0.0, Decision: 0
Round 175 took 0.5732331275939941s, results:
{'t': 174, 'current_accuracy': 0.6328125, 'current_loss': 1.3141513466835022, 'train_loss': None, 'decision': 0, 'drift_rate': 0.008, 'target_domains': ['mnist_m']}
0.008 ['mnist_m']
Loss historical diff: 1.0522289276123047; Loss Difference: 0.0, Decision: 0
Round 176 took 0.5725975036621094s, results:
{'t': 175, 'current_accuracy': 0.625, 'current_loss': 1.3398001790046692, 'train_loss': None, 'decision': 0, 'drift_rate': 0.008, 'target_domains': ['mnist_m']}
0.008 ['mnist_m']
Loss historical diff: 1.0623433589935303; Loss Difference: 0.0, Decision: 0
Round 177 took 0.5826730728149414s, results:
{'t': 176, 'current_accuracy': 0.62109375, 'current_loss': 1.3499146103858948, 'train_loss': None, 'decision': 0, 'drift_rate': 0.008, 'target_domains': ['mnist_m']}
0.008 ['mnist_m']
Loss historical diff: 1.0954893231391907; Loss Difference: 0.0, Decision: 0
Round 178 took 0.6104278564453125s, results:
{'t': 177, 'current_accuracy': 0.61328125, 'current_loss': 1.3830605745315552, 'train_loss': None, 'decision': 0, 'drift_rate': 0.008, 'target_domains': ['mnist_m']}
0.008 ['mnist_m']
Loss historical diff: 1.109172523021698; Loss Difference: 0.0, Decision: 0
Round 179 took 0.6082789897918701s, results:
{'t': 178, 'current_accuracy': 0.609375, 'current_loss': 1.3967437744140625, 'train_loss': None, 'decision': 0, 'drift_rate': 0.008, 'target_domains': ['mnist_m']}
0.008 ['mnist_m']
Loss historical diff: 1.1335411667823792; Loss Difference: 0.0, Decision: 0
Round 180 took 0.6065428256988525s, results:
{'t': 179, 'current_accuracy': 0.60546875, 'current_loss': 1.4211124181747437, 'train_loss': None, 'decision': 0, 'drift_rate': 0.008, 'target_domains': ['mnist_m']}
0.01 ['svhn']
Loss historical diff: 1.129134476184845; Loss Difference: 0.0, Decision: 0
Round 181 took 0.5755224227905273s, results:
{'t': 180, 'current_accuracy': 0.6015625, 'current_loss': 1.4167057275772095, 'train_loss': None, 'decision': 0, 'drift_rate': 0.01, 'target_domains': ['svhn']}
0.01 ['svhn']
Loss historical diff: 1.133042573928833; Loss Difference: 0.0, Decision: 0
Round 182 took 0.5762946605682373s, results:
{'t': 181, 'current_accuracy': 0.59765625, 'current_loss': 1.4206138253211975, 'train_loss': None, 'decision': 0, 'drift_rate': 0.01, 'target_domains': ['svhn']}
0.01 ['svhn']
Loss historical diff: 1.1339791417121887; Loss Difference: 0.0, Decision: 0
Round 183 took 0.5949046611785889s, results:
{'t': 182, 'current_accuracy': 0.59765625, 'current_loss': 1.4215503931045532, 'train_loss': None, 'decision': 0, 'drift_rate': 0.01, 'target_domains': ['svhn']}
0.01 ['svhn']
Loss historical diff: 1.1292065382003784; Loss Difference: 0.0, Decision: 0
Round 184 took 0.5815632343292236s, results:
{'t': 183, 'current_accuracy': 0.6015625, 'current_loss': 1.416777789592743, 'train_loss': None, 'decision': 0, 'drift_rate': 0.01, 'target_domains': ['svhn']}
0.01 ['svhn']
Loss historical diff: 1.099851667881012; Loss Difference: 0.0, Decision: 0
Round 185 took 0.5804667472839355s, results:
{'t': 184, 'current_accuracy': 0.60546875, 'current_loss': 1.3874229192733765, 'train_loss': None, 'decision': 0, 'drift_rate': 0.01, 'target_domains': ['svhn']}
0.01 ['svhn']
Loss historical diff: 1.0868386030197144; Loss Difference: 0.0, Decision: 0
Round 186 took 0.5954000949859619s, results:
{'t': 185, 'current_accuracy': 0.609375, 'current_loss': 1.3744098544120789, 'train_loss': None, 'decision': 0, 'drift_rate': 0.01, 'target_domains': ['svhn']}
0.01 ['svhn']
Loss historical diff: 1.0709332823753357; Loss Difference: 0.0, Decision: 0
Round 187 took 0.6135210990905762s, results:
{'t': 186, 'current_accuracy': 0.6171875, 'current_loss': 1.3585045337677002, 'train_loss': None, 'decision': 0, 'drift_rate': 0.01, 'target_domains': ['svhn']}
0.01 ['svhn']
Loss historical diff: 1.0726444125175476; Loss Difference: 0.0, Decision: 0
Round 188 took 0.5669481754302979s, results:
{'t': 187, 'current_accuracy': 0.6171875, 'current_loss': 1.360215663909912, 'train_loss': None, 'decision': 0, 'drift_rate': 0.01, 'target_domains': ['svhn']}
0.01 ['svhn']
Loss historical diff: 1.0616225600242615; Loss Difference: 0.0, Decision: 0
Round 189 took 0.5776522159576416s, results:
{'t': 188, 'current_accuracy': 0.62109375, 'current_loss': 1.349193811416626, 'train_loss': None, 'decision': 0, 'drift_rate': 0.01, 'target_domains': ['svhn']}
0.01 ['svhn']
Loss historical diff: 1.0435160398483276; Loss Difference: 0.0, Decision: 0
Round 190 took 0.5991106033325195s, results:
{'t': 189, 'current_accuracy': 0.62890625, 'current_loss': 1.3310872912406921, 'train_loss': None, 'decision': 0, 'drift_rate': 0.01, 'target_domains': ['svhn']}
0.01 ['svhn']
Loss historical diff: 1.015559434890747; Loss Difference: 0.0, Decision: 0
Round 191 took 0.6195070743560791s, results:
{'t': 190, 'current_accuracy': 0.63671875, 'current_loss': 1.3031306862831116, 'train_loss': None, 'decision': 0, 'drift_rate': 0.01, 'target_domains': ['svhn']}
0.01 ['svhn']
Loss historical diff: 1.0114185214042664; Loss Difference: 0.0, Decision: 0
Round 192 took 0.6056427955627441s, results:
{'t': 191, 'current_accuracy': 0.64453125, 'current_loss': 1.2989897727966309, 'train_loss': None, 'decision': 0, 'drift_rate': 0.01, 'target_domains': ['svhn']}
0.01 ['svhn']
Loss historical diff: 0.9786737561225891; Loss Difference: 0.0, Decision: 0
Round 193 took 0.5822632312774658s, results:
{'t': 192, 'current_accuracy': 0.65234375, 'current_loss': 1.2662450075149536, 'train_loss': None, 'decision': 0, 'drift_rate': 0.01, 'target_domains': ['svhn']}
0.01 ['svhn']
Loss historical diff: 0.975757360458374; Loss Difference: 0.0, Decision: 0
Round 194 took 0.5849690437316895s, results:
{'t': 193, 'current_accuracy': 0.65234375, 'current_loss': 1.2633286118507385, 'train_loss': None, 'decision': 0, 'drift_rate': 0.01, 'target_domains': ['svhn']}
0.01 ['svhn']
Loss historical diff: 0.9496215581893921; Loss Difference: 0.0, Decision: 0
Round 195 took 0.6141884326934814s, results:
{'t': 194, 'current_accuracy': 0.66015625, 'current_loss': 1.2371928095817566, 'train_loss': None, 'decision': 0, 'drift_rate': 0.01, 'target_domains': ['svhn']}
0.01 ['svhn']
Loss historical diff: 0.9457933902740479; Loss Difference: 0.0, Decision: 0
Round 196 took 0.5632591247558594s, results:
{'t': 195, 'current_accuracy': 0.6640625, 'current_loss': 1.2333646416664124, 'train_loss': None, 'decision': 0, 'drift_rate': 0.01, 'target_domains': ['svhn']}
0.01 ['svhn']
Loss historical diff: 0.9650682806968689; Loss Difference: 0.0, Decision: 0
Round 197 took 0.5994157791137695s, results:
{'t': 196, 'current_accuracy': 0.6640625, 'current_loss': 1.2526395320892334, 'train_loss': None, 'decision': 0, 'drift_rate': 0.01, 'target_domains': ['svhn']}
0.01 ['svhn']
Loss historical diff: 0.9608469605445862; Loss Difference: 0.0, Decision: 0
Round 198 took 0.5776665210723877s, results:
{'t': 197, 'current_accuracy': 0.66796875, 'current_loss': 1.2484182119369507, 'train_loss': None, 'decision': 0, 'drift_rate': 0.01, 'target_domains': ['svhn']}
0.01 ['svhn']
Loss historical diff: 0.9515878558158875; Loss Difference: 0.0, Decision: 0
Round 199 took 0.5841946601867676s, results:
{'t': 198, 'current_accuracy': 0.671875, 'current_loss': 1.239159107208252, 'train_loss': None, 'decision': 0, 'drift_rate': 0.01, 'target_domains': ['svhn']}
0.01 ['svhn']
Loss historical diff: 0.9333043098449707; Loss Difference: 0.0, Decision: 0
Round 200 took 0.5956718921661377s, results:
{'t': 199, 'current_accuracy': 0.67578125, 'current_loss': 1.2208755612373352, 'train_loss': None, 'decision': 0, 'drift_rate': 0.01, 'target_domains': ['svhn']}
0.01 ['svhn']
Loss historical diff: 0.9065610468387604; Loss Difference: 0.0, Decision: 0
Round 201 took 0.5800771713256836s, results:
{'t': 200, 'current_accuracy': 0.68359375, 'current_loss': 1.1941322982311249, 'train_loss': None, 'decision': 0, 'drift_rate': 0.01, 'target_domains': ['svhn']}
0.01 ['svhn']
Loss historical diff: 0.9032844305038452; Loss Difference: 0.0, Decision: 0
Round 202 took 0.553030252456665s, results:
{'t': 201, 'current_accuracy': 0.68359375, 'current_loss': 1.1908556818962097, 'train_loss': None, 'decision': 0, 'drift_rate': 0.01, 'target_domains': ['svhn']}
0.01 ['svhn']
Loss historical diff: 0.8713177442550659; Loss Difference: 0.0, Decision: 0
Round 203 took 0.5675969123840332s, results:
{'t': 202, 'current_accuracy': 0.69140625, 'current_loss': 1.1588889956474304, 'train_loss': None, 'decision': 0, 'drift_rate': 0.01, 'target_domains': ['svhn']}
0.01 ['svhn']
Loss historical diff: 0.867544412612915; Loss Difference: 0.0, Decision: 0
Round 204 took 0.5715596675872803s, results:
{'t': 203, 'current_accuracy': 0.69140625, 'current_loss': 1.1551156640052795, 'train_loss': None, 'decision': 0, 'drift_rate': 0.01, 'target_domains': ['svhn']}
0.01 ['svhn']
Loss historical diff: 0.8664857745170593; Loss Difference: 0.0, Decision: 0
Round 205 took 0.6044948101043701s, results:
{'t': 204, 'current_accuracy': 0.69140625, 'current_loss': 1.1540570259094238, 'train_loss': None, 'decision': 0, 'drift_rate': 0.01, 'target_domains': ['svhn']}
0.01 ['svhn']
Loss historical diff: 0.8557848930358887; Loss Difference: 0.0, Decision: 0
Round 206 took 0.6102275848388672s, results:
{'t': 205, 'current_accuracy': 0.6953125, 'current_loss': 1.1433561444282532, 'train_loss': None, 'decision': 0, 'drift_rate': 0.01, 'target_domains': ['svhn']}
0.01 ['svhn']
Loss historical diff: 0.8546214699745178; Loss Difference: 0.0, Decision: 0
Round 207 took 0.5754821300506592s, results:
{'t': 206, 'current_accuracy': 0.6953125, 'current_loss': 1.1421927213668823, 'train_loss': None, 'decision': 0, 'drift_rate': 0.01, 'target_domains': ['svhn']}
0.01 ['svhn']
Loss historical diff: 0.8602359890937805; Loss Difference: 0.0, Decision: 0
Round 208 took 0.6221945285797119s, results:
{'t': 207, 'current_accuracy': 0.6953125, 'current_loss': 1.147807240486145, 'train_loss': None, 'decision': 0, 'drift_rate': 0.01, 'target_domains': ['svhn']}
0.01 ['svhn']
Loss historical diff: 0.8544127941131592; Loss Difference: 0.0, Decision: 0
Round 209 took 0.5793392658233643s, results:
{'t': 208, 'current_accuracy': 0.69921875, 'current_loss': 1.1419840455055237, 'train_loss': None, 'decision': 0, 'drift_rate': 0.01, 'target_domains': ['svhn']}
0.01 ['svhn']
Loss historical diff: 0.8222610056400299; Loss Difference: 0.0, Decision: 0
Round 210 took 0.5791418552398682s, results:
{'t': 209, 'current_accuracy': 0.703125, 'current_loss': 1.1098322570323944, 'train_loss': None, 'decision': 0, 'drift_rate': 0.01, 'target_domains': ['svhn']}
0.01 ['svhn']
Loss historical diff: 0.8052856028079987; Loss Difference: 0.0, Decision: 0
Round 211 took 0.5858454704284668s, results:
{'t': 210, 'current_accuracy': 0.7109375, 'current_loss': 1.0928568542003632, 'train_loss': None, 'decision': 0, 'drift_rate': 0.01, 'target_domains': ['svhn']}
0.01 ['svhn']
Loss historical diff: 0.803606390953064; Loss Difference: 0.0, Decision: 0
Round 212 took 0.5960757732391357s, results:
{'t': 211, 'current_accuracy': 0.7109375, 'current_loss': 1.0911776423454285, 'train_loss': None, 'decision': 0, 'drift_rate': 0.01, 'target_domains': ['svhn']}
0.01 ['svhn']
Loss historical diff: 0.7962582111358643; Loss Difference: 0.0, Decision: 0
Round 213 took 0.5908875465393066s, results:
{'t': 212, 'current_accuracy': 0.71484375, 'current_loss': 1.0838294625282288, 'train_loss': None, 'decision': 0, 'drift_rate': 0.01, 'target_domains': ['svhn']}
0.01 ['svhn']
Loss historical diff: 0.7708328366279602; Loss Difference: 0.0, Decision: 0
Round 214 took 0.5760290622711182s, results:
{'t': 213, 'current_accuracy': 0.71484375, 'current_loss': 1.0584040880203247, 'train_loss': None, 'decision': 0, 'drift_rate': 0.01, 'target_domains': ['svhn']}
0.01 ['svhn']
Loss historical diff: 0.7689679861068726; Loss Difference: 0.0, Decision: 0
Round 215 took 0.6049673557281494s, results:
{'t': 214, 'current_accuracy': 0.71484375, 'current_loss': 1.056539237499237, 'train_loss': None, 'decision': 0, 'drift_rate': 0.01, 'target_domains': ['svhn']}
0.01 ['svhn']
Loss historical diff: 0.7554485201835632; Loss Difference: 0.0, Decision: 0
Round 216 took 0.611013650894165s, results:
{'t': 215, 'current_accuracy': 0.71875, 'current_loss': 1.0430197715759277, 'train_loss': None, 'decision': 0, 'drift_rate': 0.01, 'target_domains': ['svhn']}
0.01 ['svhn']
Loss historical diff: 0.7245391011238098; Loss Difference: 0.0, Decision: 0
Round 217 took 0.5783791542053223s, results:
{'t': 216, 'current_accuracy': 0.7265625, 'current_loss': 1.0121103525161743, 'train_loss': None, 'decision': 0, 'drift_rate': 0.01, 'target_domains': ['svhn']}
0.01 ['svhn']
Loss historical diff: 0.7258369624614716; Loss Difference: 0.0, Decision: 0
Round 218 took 0.5800371170043945s, results:
{'t': 217, 'current_accuracy': 0.7265625, 'current_loss': 1.013408213853836, 'train_loss': None, 'decision': 0, 'drift_rate': 0.01, 'target_domains': ['svhn']}
0.01 ['svhn']
Loss historical diff: 0.7300519049167633; Loss Difference: 0.0, Decision: 0
Round 219 took 0.5688748359680176s, results:
{'t': 218, 'current_accuracy': 0.7265625, 'current_loss': 1.0176231563091278, 'train_loss': None, 'decision': 0, 'drift_rate': 0.01, 'target_domains': ['svhn']}
0.01 ['svhn']
Loss historical diff: 0.7239455878734589; Loss Difference: 0.0, Decision: 0
Round 220 took 0.5940325260162354s, results:
{'t': 219, 'current_accuracy': 0.73046875, 'current_loss': 1.0115168392658234, 'train_loss': None, 'decision': 0, 'drift_rate': 0.01, 'target_domains': ['svhn']}
0.01 ['svhn']
Loss historical diff: 0.7210968136787415; Loss Difference: 0.0, Decision: 0
Round 221 took 0.5481939315795898s, results:
{'t': 220, 'current_accuracy': 0.734375, 'current_loss': 1.008668065071106, 'train_loss': None, 'decision': 0, 'drift_rate': 0.01, 'target_domains': ['svhn']}
0.01 ['svhn']
Loss historical diff: 0.7129116952419281; Loss Difference: 0.0, Decision: 0
Round 222 took 0.5859484672546387s, results:
{'t': 221, 'current_accuracy': 0.73828125, 'current_loss': 1.0004829466342926, 'train_loss': None, 'decision': 0, 'drift_rate': 0.01, 'target_domains': ['svhn']}
0.01 ['svhn']
Loss historical diff: 0.6919637620449066; Loss Difference: 0.0, Decision: 0
Round 223 took 0.5785346031188965s, results:
{'t': 222, 'current_accuracy': 0.74609375, 'current_loss': 0.9795350134372711, 'train_loss': None, 'decision': 0, 'drift_rate': 0.01, 'target_domains': ['svhn']}
0.01 ['svhn']
Loss historical diff: 0.6910295188426971; Loss Difference: 0.0, Decision: 0
Round 224 took 0.5518739223480225s, results:
{'t': 223, 'current_accuracy': 0.74609375, 'current_loss': 0.9786007702350616, 'train_loss': None, 'decision': 0, 'drift_rate': 0.01, 'target_domains': ['svhn']}
0.01 ['svhn']
Loss historical diff: 0.6891277134418488; Loss Difference: 0.0, Decision: 0
Round 225 took 0.5931284427642822s, results:
{'t': 224, 'current_accuracy': 0.74609375, 'current_loss': 0.9766989648342133, 'train_loss': None, 'decision': 0, 'drift_rate': 0.01, 'target_domains': ['svhn']}
0.01 ['svhn']
Loss historical diff: 0.6768223941326141; Loss Difference: 0.0, Decision: 0
Round 226 took 0.5459942817687988s, results:
{'t': 225, 'current_accuracy': 0.75, 'current_loss': 0.9643936455249786, 'train_loss': None, 'decision': 0, 'drift_rate': 0.01, 'target_domains': ['svhn']}
0.01 ['svhn']
Loss historical diff: 0.6748632490634918; Loss Difference: 0.0, Decision: 0
Round 227 took 0.5550088882446289s, results:
{'t': 226, 'current_accuracy': 0.75390625, 'current_loss': 0.9624345004558563, 'train_loss': None, 'decision': 0, 'drift_rate': 0.01, 'target_domains': ['svhn']}
0.01 ['svhn']
Loss historical diff: 0.6463386416435242; Loss Difference: 0.0, Decision: 0
Round 228 took 0.5862488746643066s, results:
{'t': 227, 'current_accuracy': 0.76171875, 'current_loss': 0.9339098930358887, 'train_loss': None, 'decision': 0, 'drift_rate': 0.01, 'target_domains': ['svhn']}
0.01 ['svhn']
Loss historical diff: 0.6294669210910797; Loss Difference: 0.0, Decision: 0
Round 229 took 0.5876350402832031s, results:
{'t': 228, 'current_accuracy': 0.765625, 'current_loss': 0.9170381724834442, 'train_loss': None, 'decision': 0, 'drift_rate': 0.01, 'target_domains': ['svhn']}
0.01 ['svhn']
Loss historical diff: 0.6308890283107758; Loss Difference: 0.0, Decision: 0
Round 230 took 0.5742731094360352s, results:
{'t': 229, 'current_accuracy': 0.76953125, 'current_loss': 0.9184602797031403, 'train_loss': None, 'decision': 0, 'drift_rate': 0.01, 'target_domains': ['svhn']}
0.01 ['svhn']
Loss historical diff: 0.6140939593315125; Loss Difference: 0.0, Decision: 0
Round 231 took 0.5957920551300049s, results:
{'t': 230, 'current_accuracy': 0.77734375, 'current_loss': 0.901665210723877, 'train_loss': None, 'decision': 0, 'drift_rate': 0.01, 'target_domains': ['svhn']}
0.01 ['svhn']
Loss historical diff: 0.5982528030872345; Loss Difference: 0.0, Decision: 0
Round 232 took 0.5871295928955078s, results:
{'t': 231, 'current_accuracy': 0.78125, 'current_loss': 0.885824054479599, 'train_loss': None, 'decision': 0, 'drift_rate': 0.01, 'target_domains': ['svhn']}
0.01 ['svhn']
Loss historical diff: 0.5999543964862823; Loss Difference: 0.0, Decision: 0
Round 233 took 0.5756692886352539s, results:
{'t': 232, 'current_accuracy': 0.78125, 'current_loss': 0.8875256478786469, 'train_loss': None, 'decision': 0, 'drift_rate': 0.01, 'target_domains': ['svhn']}
0.01 ['svhn']
Loss historical diff: 0.5859348475933075; Loss Difference: 0.0, Decision: 0
Round 234 took 0.5699214935302734s, results:
{'t': 233, 'current_accuracy': 0.78515625, 'current_loss': 0.873506098985672, 'train_loss': None, 'decision': 0, 'drift_rate': 0.01, 'target_domains': ['svhn']}
0.01 ['svhn']
Loss historical diff: 0.5486005544662476; Loss Difference: 0.0, Decision: 0
Round 235 took 0.5915336608886719s, results:
{'t': 234, 'current_accuracy': 0.79296875, 'current_loss': 0.8361718058586121, 'train_loss': None, 'decision': 0, 'drift_rate': 0.01, 'target_domains': ['svhn']}
0.01 ['svhn']
Loss historical diff: 0.5193741321563721; Loss Difference: 0.0, Decision: 0
Round 236 took 0.5868232250213623s, results:
{'t': 235, 'current_accuracy': 0.796875, 'current_loss': 0.8069453835487366, 'train_loss': None, 'decision': 0, 'drift_rate': 0.01, 'target_domains': ['svhn']}
0.01 ['svhn']
Loss historical diff: 0.5055549442768097; Loss Difference: 0.0, Decision: 0
Round 237 took 0.5724477767944336s, results:
{'t': 236, 'current_accuracy': 0.80078125, 'current_loss': 0.7931261956691742, 'train_loss': None, 'decision': 0, 'drift_rate': 0.01, 'target_domains': ['svhn']}
0.01 ['svhn']
Loss historical diff: 0.4839682877063751; Loss Difference: 0.0, Decision: 0
Round 238 took 0.6085777282714844s, results:
{'t': 237, 'current_accuracy': 0.80859375, 'current_loss': 0.7715395390987396, 'train_loss': None, 'decision': 0, 'drift_rate': 0.01, 'target_domains': ['svhn']}
0.01 ['svhn']
Loss historical diff: 0.44296208024024963; Loss Difference: 0.0, Decision: 0
Round 239 took 0.5756821632385254s, results:
{'t': 238, 'current_accuracy': 0.81640625, 'current_loss': 0.7305333316326141, 'train_loss': None, 'decision': 0, 'drift_rate': 0.01, 'target_domains': ['svhn']}
0.01 ['svhn']
Loss historical diff: 0.3973959684371948; Loss Difference: 0.0, Decision: 0
Round 240 took 0.5994231700897217s, results:
{'t': 239, 'current_accuracy': 0.82421875, 'current_loss': 0.6849672198295593, 'train_loss': None, 'decision': 0, 'drift_rate': 0.01, 'target_domains': ['svhn']}
0.01 ['svhn']
Loss historical diff: 0.38803157210350037; Loss Difference: 0.0, Decision: 0
Round 241 took 0.6019604206085205s, results:
{'t': 240, 'current_accuracy': 0.828125, 'current_loss': 0.6756028234958649, 'train_loss': None, 'decision': 0, 'drift_rate': 0.01, 'target_domains': ['svhn']}
0.01 ['svhn']
Loss historical diff: 0.3734680414199829; Loss Difference: 0.0, Decision: 0
Round 242 took 0.5813441276550293s, results:
{'t': 241, 'current_accuracy': 0.828125, 'current_loss': 0.6610392928123474, 'train_loss': None, 'decision': 0, 'drift_rate': 0.01, 'target_domains': ['svhn']}
0.01 ['svhn']
Loss historical diff: 0.3708384037017822; Loss Difference: 0.0, Decision: 0
Round 243 took 0.5640223026275635s, results:
{'t': 242, 'current_accuracy': 0.83203125, 'current_loss': 0.6584096550941467, 'train_loss': None, 'decision': 0, 'drift_rate': 0.01, 'target_domains': ['svhn']}
0.01 ['svhn']
Loss historical diff: 0.34743115305900574; Loss Difference: 0.0, Decision: 0
Round 244 took 0.5711653232574463s, results:
{'t': 243, 'current_accuracy': 0.8359375, 'current_loss': 0.6350024044513702, 'train_loss': None, 'decision': 0, 'drift_rate': 0.01, 'target_domains': ['svhn']}
0.01 ['svhn']
Loss historical diff: 0.3156322240829468; Loss Difference: 0.0, Decision: 0
Round 245 took 0.5903768539428711s, results:
{'t': 244, 'current_accuracy': 0.83984375, 'current_loss': 0.6032034754753113, 'train_loss': None, 'decision': 0, 'drift_rate': 0.01, 'target_domains': ['svhn']}
0.01 ['svhn']
Loss historical diff: 0.3112567663192749; Loss Difference: 0.0, Decision: 0
Round 246 took 0.5821492671966553s, results:
{'t': 245, 'current_accuracy': 0.84375, 'current_loss': 0.5988280177116394, 'train_loss': None, 'decision': 0, 'drift_rate': 0.01, 'target_domains': ['svhn']}
0.01 ['svhn']
Loss historical diff: 0.2953575551509857; Loss Difference: 0.0, Decision: 0
Round 247 took 0.5832431316375732s, results:
{'t': 246, 'current_accuracy': 0.84375, 'current_loss': 0.5829288065433502, 'train_loss': None, 'decision': 0, 'drift_rate': 0.01, 'target_domains': ['svhn']}
0.01 ['svhn']
Loss historical diff: 0.2937606871128082; Loss Difference: 0.0, Decision: 0
Round 248 took 0.5667910575866699s, results:
{'t': 247, 'current_accuracy': 0.84375, 'current_loss': 0.5813319385051727, 'train_loss': None, 'decision': 0, 'drift_rate': 0.01, 'target_domains': ['svhn']}
0.01 ['svhn']
Loss historical diff: 0.2620946615934372; Loss Difference: 0.0, Decision: 0
Round 249 took 0.6043903827667236s, results:
{'t': 248, 'current_accuracy': 0.84375, 'current_loss': 0.5496659129858017, 'train_loss': None, 'decision': 0, 'drift_rate': 0.01, 'target_domains': ['svhn']}
0.01 ['svhn']
Loss historical diff: 0.25353068113327026; Loss Difference: 0.0, Decision: 0
Round 250 took 0.542285680770874s, results:
{'t': 249, 'current_accuracy': 0.84765625, 'current_loss': 0.5411019325256348, 'train_loss': None, 'decision': 0, 'drift_rate': 0.01, 'target_domains': ['svhn']}
Average time per round: 0.5946685056686402
Total time: 148.66712641716003
