Device: cuda
CUDA Version: 12.1
cuDNN Version: 8902
PyTorch Version: 2.3.0

Model used: PACSCNN_4
Initial dataset creation
Initial dataset creation
Initial loss: 0.9443321228027344
<__main__.Policy object at 0x153983834a10>
0.9443321228027344
0.0 []
Loss historical diff: 0.0; Loss Difference: 0.0, Decision: 0
Round 1 took 3.067172050476074s, results:
{'t': 0, 'current_accuracy': 0.7890625, 'current_loss': 0.6588378846645355, 'train_loss': None, 'decision': 0, 'drift_rate': 0.0, 'target_domains': ['cartoon']}
0.0 []
Loss historical diff: 0.0; Loss Difference: 0.0, Decision: 0
Round 2 took 2.869873523712158s, results:
{'t': 1, 'current_accuracy': 0.7890625, 'current_loss': 0.6588376760482788, 'train_loss': None, 'decision': 0, 'drift_rate': 0.0, 'target_domains': ['cartoon']}
0.0 []
Loss historical diff: 0.0; Loss Difference: 0.0, Decision: 0
Round 3 took 2.83811616897583s, results:
{'t': 2, 'current_accuracy': 0.7890625, 'current_loss': 0.658837616443634, 'train_loss': None, 'decision': 0, 'drift_rate': 0.0, 'target_domains': ['cartoon']}
0.0 []
Loss historical diff: 0.0; Loss Difference: 0.0, Decision: 0
Round 4 took 2.729034900665283s, results:
{'t': 3, 'current_accuracy': 0.7890625, 'current_loss': 0.6588374674320221, 'train_loss': None, 'decision': 0, 'drift_rate': 0.0, 'target_domains': ['cartoon']}
0.0 []
Loss historical diff: 1.7881393432617188e-07; Loss Difference: 0.0, Decision: 0
Round 5 took 2.733865737915039s, results:
{'t': 4, 'current_accuracy': 0.7890625, 'current_loss': 0.6588376462459564, 'train_loss': None, 'decision': 0, 'drift_rate': 0.0, 'target_domains': ['cartoon']}
0.0 []
Loss historical diff: 1.1920928955078125e-07; Loss Difference: 0.0, Decision: 0
Round 6 took 2.7622482776641846s, results:
{'t': 5, 'current_accuracy': 0.7890625, 'current_loss': 0.6588375866413116, 'train_loss': None, 'decision': 0, 'drift_rate': 0.0, 'target_domains': ['cartoon']}
0.0 []
Loss historical diff: 1.1920928955078125e-07; Loss Difference: 0.0, Decision: 0
Round 7 took 2.7973883152008057s, results:
{'t': 6, 'current_accuracy': 0.7890625, 'current_loss': 0.6588375866413116, 'train_loss': None, 'decision': 0, 'drift_rate': 0.0, 'target_domains': ['cartoon']}
0.0 []
Loss historical diff: 1.1920928955078125e-07; Loss Difference: 0.0, Decision: 0
Round 8 took 2.7709195613861084s, results:
{'t': 7, 'current_accuracy': 0.7890625, 'current_loss': 0.6588375866413116, 'train_loss': None, 'decision': 0, 'drift_rate': 0.0, 'target_domains': ['cartoon']}
0.0 []
Loss historical diff: 0.0; Loss Difference: 0.0, Decision: 0
Round 9 took 2.8057563304901123s, results:
{'t': 8, 'current_accuracy': 0.7890625, 'current_loss': 0.6588374376296997, 'train_loss': None, 'decision': 0, 'drift_rate': 0.0, 'target_domains': ['cartoon']}
0.0 []
Loss historical diff: 1.7881393432617188e-07; Loss Difference: 0.0, Decision: 0
Round 10 took 2.768965244293213s, results:
{'t': 9, 'current_accuracy': 0.7890625, 'current_loss': 0.658837616443634, 'train_loss': None, 'decision': 0, 'drift_rate': 0.0, 'target_domains': ['cartoon']}
0.0 []
Loss historical diff: 1.4901161193847656e-07; Loss Difference: 0.0, Decision: 0
Round 11 took 2.955167055130005s, results:
{'t': 10, 'current_accuracy': 0.7890625, 'current_loss': 0.6588375866413116, 'train_loss': None, 'decision': 0, 'drift_rate': 0.0, 'target_domains': ['cartoon']}
0.0 []
Loss historical diff: 0.0; Loss Difference: 0.0, Decision: 0
Round 12 took 2.7261626720428467s, results:
{'t': 11, 'current_accuracy': 0.7890625, 'current_loss': 0.6588373482227325, 'train_loss': None, 'decision': 0, 'drift_rate': 0.0, 'target_domains': ['cartoon']}
0.0 []
Loss historical diff: 2.086162567138672e-07; Loss Difference: 0.0, Decision: 0
Round 13 took 2.896563768386841s, results:
{'t': 12, 'current_accuracy': 0.7890625, 'current_loss': 0.6588375568389893, 'train_loss': None, 'decision': 0, 'drift_rate': 0.0, 'target_domains': ['cartoon']}
0.0 []
Loss historical diff: 2.980232238769531e-07; Loss Difference: 0.0, Decision: 0
Round 14 took 2.793234348297119s, results:
{'t': 13, 'current_accuracy': 0.7890625, 'current_loss': 0.6588376462459564, 'train_loss': None, 'decision': 0, 'drift_rate': 0.0, 'target_domains': ['cartoon']}
0.0 []
Loss historical diff: 1.7881393432617188e-07; Loss Difference: 0.0, Decision: 0
Round 15 took 2.8559091091156006s, results:
{'t': 14, 'current_accuracy': 0.7890625, 'current_loss': 0.6588375270366669, 'train_loss': None, 'decision': 0, 'drift_rate': 0.0, 'target_domains': ['cartoon']}
0.0 []
Loss historical diff: 2.980232238769531e-07; Loss Difference: 0.0, Decision: 0
Round 16 took 2.8089945316314697s, results:
{'t': 15, 'current_accuracy': 0.7890625, 'current_loss': 0.6588376462459564, 'train_loss': None, 'decision': 0, 'drift_rate': 0.0, 'target_domains': ['cartoon']}
0.0 []
Loss historical diff: 2.384185791015625e-07; Loss Difference: 0.0, Decision: 0
Round 17 took 2.7408814430236816s, results:
{'t': 16, 'current_accuracy': 0.7890625, 'current_loss': 0.6588375866413116, 'train_loss': None, 'decision': 0, 'drift_rate': 0.0, 'target_domains': ['cartoon']}
0.0 []
Loss historical diff: 2.682209014892578e-07; Loss Difference: 0.0, Decision: 0
Round 18 took 2.808748245239258s, results:
{'t': 17, 'current_accuracy': 0.7890625, 'current_loss': 0.658837616443634, 'train_loss': None, 'decision': 0, 'drift_rate': 0.0, 'target_domains': ['cartoon']}
0.0 []
Loss historical diff: 2.384185791015625e-07; Loss Difference: 0.0, Decision: 0
Round 19 took 2.885850667953491s, results:
{'t': 18, 'current_accuracy': 0.7890625, 'current_loss': 0.6588375866413116, 'train_loss': None, 'decision': 0, 'drift_rate': 0.0, 'target_domains': ['cartoon']}
0.0 []
Loss historical diff: 3.2782554626464844e-07; Loss Difference: 0.0, Decision: 0
Round 20 took 2.818507432937622s, results:
{'t': 19, 'current_accuracy': 0.7890625, 'current_loss': 0.6588376760482788, 'train_loss': None, 'decision': 0, 'drift_rate': 0.0, 'target_domains': ['cartoon']}
0.0 []
Loss historical diff: 3.8743019104003906e-07; Loss Difference: 0.0, Decision: 0
Round 21 took 2.729924201965332s, results:
{'t': 20, 'current_accuracy': 0.7890625, 'current_loss': 0.6588377356529236, 'train_loss': None, 'decision': 0, 'drift_rate': 0.0, 'target_domains': ['cartoon']}
0.0 []
Loss historical diff: 2.980232238769531e-07; Loss Difference: 0.0, Decision: 0
Round 22 took 2.6996185779571533s, results:
{'t': 21, 'current_accuracy': 0.7890625, 'current_loss': 0.6588376462459564, 'train_loss': None, 'decision': 0, 'drift_rate': 0.0, 'target_domains': ['cartoon']}
0.0 []
Loss historical diff: 2.682209014892578e-07; Loss Difference: 0.0, Decision: 0
Round 23 took 2.8183882236480713s, results:
{'t': 22, 'current_accuracy': 0.7890625, 'current_loss': 0.658837616443634, 'train_loss': None, 'decision': 0, 'drift_rate': 0.0, 'target_domains': ['cartoon']}
0.0 []
Loss historical diff: 2.682209014892578e-07; Loss Difference: 0.0, Decision: 0
Round 24 took 2.8366124629974365s, results:
{'t': 23, 'current_accuracy': 0.7890625, 'current_loss': 0.658837616443634, 'train_loss': None, 'decision': 0, 'drift_rate': 0.0, 'target_domains': ['cartoon']}
0.0 []
Loss historical diff: 2.682209014892578e-07; Loss Difference: 0.0, Decision: 0
Round 25 took 2.973855972290039s, results:
{'t': 24, 'current_accuracy': 0.7890625, 'current_loss': 0.658837616443634, 'train_loss': None, 'decision': 0, 'drift_rate': 0.0, 'target_domains': ['cartoon']}
0.0 []
Loss historical diff: 2.980232238769531e-07; Loss Difference: 0.0, Decision: 0
Round 26 took 2.7628369331359863s, results:
{'t': 25, 'current_accuracy': 0.7890625, 'current_loss': 0.6588376462459564, 'train_loss': None, 'decision': 0, 'drift_rate': 0.0, 'target_domains': ['cartoon']}
0.0 []
Loss historical diff: 2.682209014892578e-07; Loss Difference: 0.0, Decision: 0
Round 27 took 2.807114839553833s, results:
{'t': 26, 'current_accuracy': 0.7890625, 'current_loss': 0.658837616443634, 'train_loss': None, 'decision': 0, 'drift_rate': 0.0, 'target_domains': ['cartoon']}
0.0 []
Loss historical diff: 2.086162567138672e-07; Loss Difference: 0.0, Decision: 0
Round 28 took 2.8197267055511475s, results:
{'t': 27, 'current_accuracy': 0.7890625, 'current_loss': 0.6588375568389893, 'train_loss': None, 'decision': 0, 'drift_rate': 0.0, 'target_domains': ['cartoon']}
0.0 []
Loss historical diff: 2.384185791015625e-07; Loss Difference: 0.0, Decision: 0
Round 29 took 2.749727725982666s, results:
{'t': 28, 'current_accuracy': 0.7890625, 'current_loss': 0.6588375866413116, 'train_loss': None, 'decision': 0, 'drift_rate': 0.0, 'target_domains': ['cartoon']}
0.0 []
Loss historical diff: 3.5762786865234375e-07; Loss Difference: 0.0, Decision: 0
Round 30 took 2.7715797424316406s, results:
{'t': 29, 'current_accuracy': 0.7890625, 'current_loss': 0.6588377058506012, 'train_loss': None, 'decision': 0, 'drift_rate': 0.0, 'target_domains': ['cartoon']}
0.0 []
Loss historical diff: 2.682209014892578e-07; Loss Difference: 0.0, Decision: 0
Round 31 took 2.8212738037109375s, results:
{'t': 30, 'current_accuracy': 0.7890625, 'current_loss': 0.658837616443634, 'train_loss': None, 'decision': 0, 'drift_rate': 0.0, 'target_domains': ['cartoon']}
0.0 []
Loss historical diff: 1.7881393432617188e-07; Loss Difference: 0.0, Decision: 0
Round 32 took 2.773113489151001s, results:
{'t': 31, 'current_accuracy': 0.7890625, 'current_loss': 0.6588375270366669, 'train_loss': None, 'decision': 0, 'drift_rate': 0.0, 'target_domains': ['cartoon']}
0.0 []
Loss historical diff: 3.2782554626464844e-07; Loss Difference: 0.0, Decision: 0
Round 33 took 2.7119574546813965s, results:
{'t': 32, 'current_accuracy': 0.7890625, 'current_loss': 0.6588376760482788, 'train_loss': None, 'decision': 0, 'drift_rate': 0.0, 'target_domains': ['cartoon']}
0.0 []
Loss historical diff: 2.682209014892578e-07; Loss Difference: 0.0, Decision: 0
Round 34 took 2.8346774578094482s, results:
{'t': 33, 'current_accuracy': 0.7890625, 'current_loss': 0.658837616443634, 'train_loss': None, 'decision': 0, 'drift_rate': 0.0, 'target_domains': ['cartoon']}
0.0 []
Loss historical diff: 2.682209014892578e-07; Loss Difference: 0.0, Decision: 0
Round 35 took 2.872732639312744s, results:
{'t': 34, 'current_accuracy': 0.7890625, 'current_loss': 0.658837616443634, 'train_loss': None, 'decision': 0, 'drift_rate': 0.0, 'target_domains': ['cartoon']}
0.0 []
Loss historical diff: 2.980232238769531e-07; Loss Difference: 0.0, Decision: 0
Round 36 took 2.8982484340667725s, results:
{'t': 35, 'current_accuracy': 0.7890625, 'current_loss': 0.6588376462459564, 'train_loss': None, 'decision': 0, 'drift_rate': 0.0, 'target_domains': ['cartoon']}
0.0 []
Loss historical diff: 3.2782554626464844e-07; Loss Difference: 0.0, Decision: 0
Round 37 took 2.7941324710845947s, results:
{'t': 36, 'current_accuracy': 0.7890625, 'current_loss': 0.6588376760482788, 'train_loss': None, 'decision': 0, 'drift_rate': 0.0, 'target_domains': ['cartoon']}
0.0 []
Loss historical diff: 2.682209014892578e-07; Loss Difference: 0.0, Decision: 0
Round 38 took 2.764352798461914s, results:
{'t': 37, 'current_accuracy': 0.7890625, 'current_loss': 0.658837616443634, 'train_loss': None, 'decision': 0, 'drift_rate': 0.0, 'target_domains': ['cartoon']}
0.0 []
Loss historical diff: 2.980232238769531e-07; Loss Difference: 0.0, Decision: 0
Round 39 took 2.8334124088287354s, results:
{'t': 38, 'current_accuracy': 0.7890625, 'current_loss': 0.6588376462459564, 'train_loss': None, 'decision': 0, 'drift_rate': 0.0, 'target_domains': ['cartoon']}
0.0 []
Loss historical diff: 2.384185791015625e-07; Loss Difference: 0.0, Decision: 0
Round 40 took 2.917051076889038s, results:
{'t': 39, 'current_accuracy': 0.7890625, 'current_loss': 0.6588375866413116, 'train_loss': None, 'decision': 0, 'drift_rate': 0.0, 'target_domains': ['cartoon']}
0.0 []
Loss historical diff: 2.384185791015625e-07; Loss Difference: 0.0, Decision: 0
Round 41 took 2.782935857772827s, results:
{'t': 40, 'current_accuracy': 0.7890625, 'current_loss': 0.6588375866413116, 'train_loss': None, 'decision': 0, 'drift_rate': 0.0, 'target_domains': ['cartoon']}
0.0 []
Loss historical diff: 2.086162567138672e-07; Loss Difference: 0.0, Decision: 0
Round 42 took 2.8693153858184814s, results:
{'t': 41, 'current_accuracy': 0.7890625, 'current_loss': 0.6588375568389893, 'train_loss': None, 'decision': 0, 'drift_rate': 0.0, 'target_domains': ['cartoon']}
0.0 []
Loss historical diff: 2.682209014892578e-07; Loss Difference: 0.0, Decision: 0
Round 43 took 2.725778818130493s, results:
{'t': 42, 'current_accuracy': 0.7890625, 'current_loss': 0.658837616443634, 'train_loss': None, 'decision': 0, 'drift_rate': 0.0, 'target_domains': ['cartoon']}
0.0 []
Loss historical diff: 2.384185791015625e-07; Loss Difference: 0.0, Decision: 0
Round 44 took 2.8192217350006104s, results:
{'t': 43, 'current_accuracy': 0.7890625, 'current_loss': 0.6588375866413116, 'train_loss': None, 'decision': 0, 'drift_rate': 0.0, 'target_domains': ['cartoon']}
0.0 []
Loss historical diff: 1.1920928955078125e-07; Loss Difference: 0.0, Decision: 0
Round 45 took 2.7960972785949707s, results:
{'t': 44, 'current_accuracy': 0.7890625, 'current_loss': 0.6588374674320221, 'train_loss': None, 'decision': 0, 'drift_rate': 0.0, 'target_domains': ['cartoon']}
0.4 ['photo']
Loss historical diff: 0.8181360065937042; Loss Difference: 0.0, Decision: 1
Average loss over 5 updates: 1.2626
Round 46 took 5.567833423614502s, results:
{'t': 45, 'current_accuracy': 0.65234375, 'current_loss': 1.4769733548164368, 'train_loss': 1.2626495957374573, 'decision': 1, 'drift_rate': 0.4, 'target_domains': ['photo']}
0.4 ['photo']
Loss historical diff: 1.0157999694347382; Loss Difference: 0.0, Decision: 1
Average loss over 5 updates: 1.1953
Round 47 took 5.907537460327148s, results:
{'t': 46, 'current_accuracy': 0.50390625, 'current_loss': 1.6746373176574707, 'train_loss': 1.1953123092651368, 'decision': 1, 'drift_rate': 0.4, 'target_domains': ['photo']}
0.4 ['photo']
Loss historical diff: 1.0747409164905548; Loss Difference: 0.0, Decision: 1
Average loss over 5 updates: 1.0974
Round 48 took 5.246920108795166s, results:
{'t': 47, 'current_accuracy': 0.4921875, 'current_loss': 1.7335782647132874, 'train_loss': 1.0974024057388305, 'decision': 1, 'drift_rate': 0.4, 'target_domains': ['photo']}
0.0 []
Loss historical diff: 0.830598384141922; Loss Difference: 0.0, Decision: 1
Average loss over 5 updates: 1.0521
Round 49 took 4.689401865005493s, results:
{'t': 48, 'current_accuracy': 0.5546875, 'current_loss': 1.4894357323646545, 'train_loss': 1.052072322368622, 'decision': 1, 'drift_rate': 0.0, 'target_domains': ['photo']}
0.0 []
Loss historical diff: 0.5496110618114471; Loss Difference: 0.0, Decision: 1
Average loss over 5 updates: 0.8573
Round 50 took 4.662559986114502s, results:
{'t': 49, 'current_accuracy': 0.59765625, 'current_loss': 1.2084484100341797, 'train_loss': 0.8572657704353333, 'decision': 1, 'drift_rate': 0.0, 'target_domains': ['photo']}
0.0 []
Loss historical diff: 0.2629614770412445; Loss Difference: 0.0, Decision: 1
Average loss over 5 updates: 0.8144
Round 51 took 4.815114974975586s, results:
{'t': 50, 'current_accuracy': 0.67578125, 'current_loss': 0.921798825263977, 'train_loss': 0.8143925428390503, 'decision': 1, 'drift_rate': 0.0, 'target_domains': ['photo']}
0.0 []
Loss historical diff: 0.257593035697937; Loss Difference: 0.0, Decision: 1
Average loss over 5 updates: 0.8121
Round 52 took 4.750696897506714s, results:
{'t': 51, 'current_accuracy': 0.671875, 'current_loss': 0.9164303839206696, 'train_loss': 0.8120828032493591, 'decision': 1, 'drift_rate': 0.0, 'target_domains': ['photo']}
0.0 []
Loss historical diff: 0.16835883259773254; Loss Difference: 0.0, Decision: 1
Average loss over 5 updates: 0.7212
Round 53 took 4.7953102588653564s, results:
{'t': 52, 'current_accuracy': 0.69921875, 'current_loss': 0.8271961808204651, 'train_loss': 0.7212108254432679, 'decision': 1, 'drift_rate': 0.0, 'target_domains': ['photo']}
0.0 []
Loss historical diff: 0.09370321035385132; Loss Difference: 0.0, Decision: 1
Average loss over 5 updates: 0.7289
Round 54 took 4.693394660949707s, results:
{'t': 53, 'current_accuracy': 0.71484375, 'current_loss': 0.7525405585765839, 'train_loss': 0.7289312362670899, 'decision': 1, 'drift_rate': 0.0, 'target_domains': ['photo']}
0.0 []
Loss historical diff: 0.07804444432258606; Loss Difference: 0.0, Decision: 1
Average loss over 5 updates: 0.6674
Round 55 took 4.985117435455322s, results:
{'t': 54, 'current_accuracy': 0.74609375, 'current_loss': 0.7368817925453186, 'train_loss': 0.6673551440238953, 'decision': 1, 'drift_rate': 0.0, 'target_domains': ['photo']}
0.0 []
Loss historical diff: 0.08847922086715698; Loss Difference: 0.0, Decision: 1
Average loss over 5 updates: 0.5890
Round 56 took 4.743670463562012s, results:
{'t': 55, 'current_accuracy': 0.734375, 'current_loss': 0.7473165690898895, 'train_loss': 0.5890097618103027, 'decision': 1, 'drift_rate': 0.0, 'target_domains': ['photo']}
0.0 []
Loss historical diff: 0.03397935628890991; Loss Difference: 0.0, Decision: 0
Round 57 took 2.763676881790161s, results:
{'t': 56, 'current_accuracy': 0.76953125, 'current_loss': 0.6928167045116425, 'train_loss': None, 'decision': 0, 'drift_rate': 0.0, 'target_domains': ['photo']}
0.0 []
Loss historical diff: 0.03397947549819946; Loss Difference: 0.0, Decision: 0
Round 58 took 2.7624387741088867s, results:
{'t': 57, 'current_accuracy': 0.76953125, 'current_loss': 0.692816823720932, 'train_loss': None, 'decision': 0, 'drift_rate': 0.0, 'target_domains': ['photo']}
0.0 []
Loss historical diff: 0.033979594707489014; Loss Difference: 0.0, Decision: 0
Round 59 took 2.8820769786834717s, results:
{'t': 58, 'current_accuracy': 0.76953125, 'current_loss': 0.6928169429302216, 'train_loss': None, 'decision': 0, 'drift_rate': 0.0, 'target_domains': ['photo']}
0.0 []
Loss historical diff: 0.033979594707489014; Loss Difference: 0.0, Decision: 0
Round 60 took 2.983323335647583s, results:
{'t': 59, 'current_accuracy': 0.76953125, 'current_loss': 0.6928169429302216, 'train_loss': None, 'decision': 0, 'drift_rate': 0.0, 'target_domains': ['photo']}
0.0 []
Loss historical diff: 0.03397968411445618; Loss Difference: 0.0, Decision: 0
Round 61 took 2.971153497695923s, results:
{'t': 60, 'current_accuracy': 0.76953125, 'current_loss': 0.6928170323371887, 'train_loss': None, 'decision': 0, 'drift_rate': 0.0, 'target_domains': ['photo']}
0.0 []
Loss historical diff: 0.03397929668426514; Loss Difference: 0.0, Decision: 0
Round 62 took 3.0394599437713623s, results:
{'t': 61, 'current_accuracy': 0.76953125, 'current_loss': 0.6928166449069977, 'train_loss': None, 'decision': 0, 'drift_rate': 0.0, 'target_domains': ['photo']}
0.0 []
Loss historical diff: 0.0339796245098114; Loss Difference: 0.0, Decision: 0
Round 63 took 2.796708345413208s, results:
{'t': 62, 'current_accuracy': 0.76953125, 'current_loss': 0.692816972732544, 'train_loss': None, 'decision': 0, 'drift_rate': 0.0, 'target_domains': ['photo']}
0.0 []
Loss historical diff: 0.033979594707489014; Loss Difference: 0.0, Decision: 0
Round 64 took 2.7784030437469482s, results:
{'t': 63, 'current_accuracy': 0.76953125, 'current_loss': 0.6928169429302216, 'train_loss': None, 'decision': 0, 'drift_rate': 0.0, 'target_domains': ['photo']}
0.0 []
Loss historical diff: 0.03397965431213379; Loss Difference: 0.0, Decision: 0
Round 65 took 2.822953224182129s, results:
{'t': 64, 'current_accuracy': 0.76953125, 'current_loss': 0.6928170025348663, 'train_loss': None, 'decision': 0, 'drift_rate': 0.0, 'target_domains': ['photo']}
0.0 []
Loss historical diff: 0.033979713916778564; Loss Difference: 0.0, Decision: 0
Round 66 took 2.9488420486450195s, results:
{'t': 65, 'current_accuracy': 0.76953125, 'current_loss': 0.6928170621395111, 'train_loss': None, 'decision': 0, 'drift_rate': 0.0, 'target_domains': ['photo']}
0.0 []
Loss historical diff: 0.03397965431213379; Loss Difference: 0.0, Decision: 0
Round 67 took 2.9320883750915527s, results:
{'t': 66, 'current_accuracy': 0.76953125, 'current_loss': 0.6928170025348663, 'train_loss': None, 'decision': 0, 'drift_rate': 0.0, 'target_domains': ['photo']}
0.0 []
Loss historical diff: 0.033979594707489014; Loss Difference: 0.0, Decision: 0
Round 68 took 2.8320963382720947s, results:
{'t': 67, 'current_accuracy': 0.76953125, 'current_loss': 0.6928169429302216, 'train_loss': None, 'decision': 0, 'drift_rate': 0.0, 'target_domains': ['photo']}
0.0 []
Loss historical diff: 0.033979564905166626; Loss Difference: 0.0, Decision: 0
Round 69 took 2.880354404449463s, results:
{'t': 68, 'current_accuracy': 0.76953125, 'current_loss': 0.6928169131278992, 'train_loss': None, 'decision': 0, 'drift_rate': 0.0, 'target_domains': ['photo']}
0.0 []
Loss historical diff: 0.0339796245098114; Loss Difference: 0.0, Decision: 0
Round 70 took 2.8351056575775146s, results:
{'t': 69, 'current_accuracy': 0.76953125, 'current_loss': 0.692816972732544, 'train_loss': None, 'decision': 0, 'drift_rate': 0.0, 'target_domains': ['photo']}
0.0 []
Loss historical diff: 0.03397968411445618; Loss Difference: 0.0, Decision: 0
Round 71 took 2.983978509902954s, results:
{'t': 70, 'current_accuracy': 0.76953125, 'current_loss': 0.6928170323371887, 'train_loss': None, 'decision': 0, 'drift_rate': 0.0, 'target_domains': ['photo']}
0.0 []
Loss historical diff: 0.033979594707489014; Loss Difference: 0.0, Decision: 0
Round 72 took 2.9070723056793213s, results:
{'t': 71, 'current_accuracy': 0.76953125, 'current_loss': 0.6928169429302216, 'train_loss': None, 'decision': 0, 'drift_rate': 0.0, 'target_domains': ['photo']}
0.0 []
Loss historical diff: 0.033979594707489014; Loss Difference: 0.0, Decision: 0
Round 73 took 2.7985000610351562s, results:
{'t': 72, 'current_accuracy': 0.76953125, 'current_loss': 0.6928169429302216, 'train_loss': None, 'decision': 0, 'drift_rate': 0.0, 'target_domains': ['photo']}
0.0 []
Loss historical diff: 0.033979594707489014; Loss Difference: 0.0, Decision: 0
Round 74 took 2.733851671218872s, results:
{'t': 73, 'current_accuracy': 0.76953125, 'current_loss': 0.6928169429302216, 'train_loss': None, 'decision': 0, 'drift_rate': 0.0, 'target_domains': ['photo']}
0.0 []
Loss historical diff: 0.03397965431213379; Loss Difference: 0.0, Decision: 0
Round 75 took 2.847463369369507s, results:
{'t': 74, 'current_accuracy': 0.76953125, 'current_loss': 0.6928170025348663, 'train_loss': None, 'decision': 0, 'drift_rate': 0.0, 'target_domains': ['photo']}
0.0 []
Loss historical diff: 0.03397950530052185; Loss Difference: 0.0, Decision: 0
Round 76 took 2.7848823070526123s, results:
{'t': 75, 'current_accuracy': 0.76953125, 'current_loss': 0.6928168535232544, 'train_loss': None, 'decision': 0, 'drift_rate': 0.0, 'target_domains': ['photo']}
0.0 []
Loss historical diff: 0.03397968411445618; Loss Difference: 0.0, Decision: 0
Round 77 took 2.849825143814087s, results:
{'t': 76, 'current_accuracy': 0.76953125, 'current_loss': 0.6928170323371887, 'train_loss': None, 'decision': 0, 'drift_rate': 0.0, 'target_domains': ['photo']}
0.0 []
Loss historical diff: 0.03397953510284424; Loss Difference: 0.0, Decision: 0
Round 78 took 2.8947808742523193s, results:
{'t': 77, 'current_accuracy': 0.76953125, 'current_loss': 0.6928168833255768, 'train_loss': None, 'decision': 0, 'drift_rate': 0.0, 'target_domains': ['photo']}
0.0 []
Loss historical diff: 0.0339796245098114; Loss Difference: 0.0, Decision: 0
Round 79 took 2.8338077068328857s, results:
{'t': 78, 'current_accuracy': 0.76953125, 'current_loss': 0.692816972732544, 'train_loss': None, 'decision': 0, 'drift_rate': 0.0, 'target_domains': ['photo']}
0.0 []
Loss historical diff: 0.03397953510284424; Loss Difference: 0.0, Decision: 0
Round 80 took 2.7135488986968994s, results:
{'t': 79, 'current_accuracy': 0.76953125, 'current_loss': 0.6928168833255768, 'train_loss': None, 'decision': 0, 'drift_rate': 0.0, 'target_domains': ['photo']}
0.0 []
Loss historical diff: 0.033979564905166626; Loss Difference: 0.0, Decision: 0
Round 81 took 2.7899932861328125s, results:
{'t': 80, 'current_accuracy': 0.76953125, 'current_loss': 0.6928169131278992, 'train_loss': None, 'decision': 0, 'drift_rate': 0.0, 'target_domains': ['photo']}
0.0 []
Loss historical diff: 0.03397953510284424; Loss Difference: 0.0, Decision: 0
Round 82 took 2.8035383224487305s, results:
{'t': 81, 'current_accuracy': 0.76953125, 'current_loss': 0.6928168833255768, 'train_loss': None, 'decision': 0, 'drift_rate': 0.0, 'target_domains': ['photo']}
0.0 []
Loss historical diff: 0.033979564905166626; Loss Difference: 0.0, Decision: 0
Round 83 took 2.858964204788208s, results:
{'t': 82, 'current_accuracy': 0.76953125, 'current_loss': 0.6928169131278992, 'train_loss': None, 'decision': 0, 'drift_rate': 0.0, 'target_domains': ['photo']}
0.0 []
Loss historical diff: 0.033979594707489014; Loss Difference: 0.0, Decision: 0
Round 84 took 2.8307998180389404s, results:
{'t': 83, 'current_accuracy': 0.76953125, 'current_loss': 0.6928169429302216, 'train_loss': None, 'decision': 0, 'drift_rate': 0.0, 'target_domains': ['photo']}
0.0 []
Loss historical diff: 0.033979713916778564; Loss Difference: 0.0, Decision: 0
Round 85 took 2.809964418411255s, results:
{'t': 84, 'current_accuracy': 0.76953125, 'current_loss': 0.6928170621395111, 'train_loss': None, 'decision': 0, 'drift_rate': 0.0, 'target_domains': ['photo']}
0.0 []
Loss historical diff: 0.03397947549819946; Loss Difference: 0.0, Decision: 0
Round 86 took 2.9342739582061768s, results:
{'t': 85, 'current_accuracy': 0.76953125, 'current_loss': 0.692816823720932, 'train_loss': None, 'decision': 0, 'drift_rate': 0.0, 'target_domains': ['photo']}
0.0 []
Loss historical diff: 0.0339796245098114; Loss Difference: 0.0, Decision: 0
Round 87 took 2.8990731239318848s, results:
{'t': 86, 'current_accuracy': 0.76953125, 'current_loss': 0.692816972732544, 'train_loss': None, 'decision': 0, 'drift_rate': 0.0, 'target_domains': ['photo']}
0.0 []
Loss historical diff: 0.033979594707489014; Loss Difference: 0.0, Decision: 0
Round 88 took 2.9776320457458496s, results:
{'t': 87, 'current_accuracy': 0.76953125, 'current_loss': 0.6928169429302216, 'train_loss': None, 'decision': 0, 'drift_rate': 0.0, 'target_domains': ['photo']}
0.0 []
Loss historical diff: 0.033979594707489014; Loss Difference: 0.0, Decision: 0
Round 89 took 2.8641624450683594s, results:
{'t': 88, 'current_accuracy': 0.76953125, 'current_loss': 0.6928169429302216, 'train_loss': None, 'decision': 0, 'drift_rate': 0.0, 'target_domains': ['photo']}
0.0 []
Loss historical diff: 0.033979594707489014; Loss Difference: 0.0, Decision: 0
Round 90 took 2.936030864715576s, results:
{'t': 89, 'current_accuracy': 0.76953125, 'current_loss': 0.6928169429302216, 'train_loss': None, 'decision': 0, 'drift_rate': 0.0, 'target_domains': ['photo']}
0.0 []
Loss historical diff: 0.03397992253303528; Loss Difference: 0.0, Decision: 0
Round 91 took 2.7607421875s, results:
{'t': 90, 'current_accuracy': 0.76953125, 'current_loss': 0.6928172707557678, 'train_loss': None, 'decision': 0, 'drift_rate': 0.0, 'target_domains': ['photo']}
0.0 []
Loss historical diff: 0.03397968411445618; Loss Difference: 0.0, Decision: 0
Round 92 took 2.7204947471618652s, results:
{'t': 91, 'current_accuracy': 0.76953125, 'current_loss': 0.6928170323371887, 'train_loss': None, 'decision': 0, 'drift_rate': 0.0, 'target_domains': ['photo']}
0.0 []
Loss historical diff: 0.03397965431213379; Loss Difference: 0.0, Decision: 0
Round 93 took 2.865196466445923s, results:
{'t': 92, 'current_accuracy': 0.76953125, 'current_loss': 0.6928170025348663, 'train_loss': None, 'decision': 0, 'drift_rate': 0.0, 'target_domains': ['photo']}
0.0 []
Loss historical diff: 0.03397968411445618; Loss Difference: 0.0, Decision: 0
Round 94 took 2.8312063217163086s, results:
{'t': 93, 'current_accuracy': 0.76953125, 'current_loss': 0.6928170323371887, 'train_loss': None, 'decision': 0, 'drift_rate': 0.0, 'target_domains': ['photo']}
0.0 []
Loss historical diff: 0.033979594707489014; Loss Difference: 0.0, Decision: 0
Round 95 took 2.779630184173584s, results:
{'t': 94, 'current_accuracy': 0.76953125, 'current_loss': 0.6928169429302216, 'train_loss': None, 'decision': 0, 'drift_rate': 0.0, 'target_domains': ['photo']}
0.0 []
Loss historical diff: 0.03397950530052185; Loss Difference: 0.0, Decision: 0
Round 96 took 2.858532190322876s, results:
{'t': 95, 'current_accuracy': 0.76953125, 'current_loss': 0.6928168535232544, 'train_loss': None, 'decision': 0, 'drift_rate': 0.0, 'target_domains': ['photo']}
0.0 []
Loss historical diff: 0.033979564905166626; Loss Difference: 0.0, Decision: 0
Round 97 took 2.8302903175354004s, results:
{'t': 96, 'current_accuracy': 0.76953125, 'current_loss': 0.6928169131278992, 'train_loss': None, 'decision': 0, 'drift_rate': 0.0, 'target_domains': ['photo']}
0.0 []
Loss historical diff: 0.033979594707489014; Loss Difference: 0.0, Decision: 0
Round 98 took 2.7654972076416016s, results:
{'t': 97, 'current_accuracy': 0.76953125, 'current_loss': 0.6928169429302216, 'train_loss': None, 'decision': 0, 'drift_rate': 0.0, 'target_domains': ['photo']}
0.0 []
Loss historical diff: 0.033979326486587524; Loss Difference: 0.0, Decision: 0
Round 99 took 2.771777868270874s, results:
{'t': 98, 'current_accuracy': 0.76953125, 'current_loss': 0.6928166747093201, 'train_loss': None, 'decision': 0, 'drift_rate': 0.0, 'target_domains': ['photo']}
0.0 []
Loss historical diff: 0.03397947549819946; Loss Difference: 0.0, Decision: 0
Round 100 took 2.8273606300354004s, results:
{'t': 99, 'current_accuracy': 0.76953125, 'current_loss': 0.692816823720932, 'train_loss': None, 'decision': 0, 'drift_rate': 0.0, 'target_domains': ['photo']}
0.0 []
Loss historical diff: 0.033979564905166626; Loss Difference: 0.0, Decision: 0
Round 101 took 2.774352788925171s, results:
{'t': 100, 'current_accuracy': 0.76953125, 'current_loss': 0.6928169131278992, 'train_loss': None, 'decision': 0, 'drift_rate': 0.0, 'target_domains': ['photo']}
0.0 []
Loss historical diff: 0.03397953510284424; Loss Difference: 0.0, Decision: 0
Round 102 took 3.053274393081665s, results:
{'t': 101, 'current_accuracy': 0.76953125, 'current_loss': 0.6928168833255768, 'train_loss': None, 'decision': 0, 'drift_rate': 0.0, 'target_domains': ['photo']}
0.0 []
Loss historical diff: 0.03397977352142334; Loss Difference: 0.0, Decision: 0
Round 103 took 2.9701178073883057s, results:
{'t': 102, 'current_accuracy': 0.76953125, 'current_loss': 0.6928171217441559, 'train_loss': None, 'decision': 0, 'drift_rate': 0.0, 'target_domains': ['photo']}
0.0 []
Loss historical diff: 0.03397965431213379; Loss Difference: 0.0, Decision: 0
Round 104 took 3.039252758026123s, results:
{'t': 103, 'current_accuracy': 0.76953125, 'current_loss': 0.6928170025348663, 'train_loss': None, 'decision': 0, 'drift_rate': 0.0, 'target_domains': ['photo']}
0.0 []
Loss historical diff: 0.0339796245098114; Loss Difference: 0.0, Decision: 0
Round 105 took 2.8238863945007324s, results:
{'t': 104, 'current_accuracy': 0.76953125, 'current_loss': 0.692816972732544, 'train_loss': None, 'decision': 0, 'drift_rate': 0.0, 'target_domains': ['photo']}
0.0 []
Loss historical diff: 0.033979713916778564; Loss Difference: 0.0, Decision: 0
Round 106 took 2.8132424354553223s, results:
{'t': 105, 'current_accuracy': 0.76953125, 'current_loss': 0.6928170621395111, 'train_loss': None, 'decision': 0, 'drift_rate': 0.0, 'target_domains': ['photo']}
0.0 []
Loss historical diff: 0.0339796245098114; Loss Difference: 0.0, Decision: 0
Round 107 took 2.822309732437134s, results:
{'t': 106, 'current_accuracy': 0.76953125, 'current_loss': 0.692816972732544, 'train_loss': None, 'decision': 0, 'drift_rate': 0.0, 'target_domains': ['photo']}
0.0 []
Loss historical diff: 0.033979564905166626; Loss Difference: 0.0, Decision: 0
Round 108 took 2.800020217895508s, results:
{'t': 107, 'current_accuracy': 0.76953125, 'current_loss': 0.6928169131278992, 'train_loss': None, 'decision': 0, 'drift_rate': 0.0, 'target_domains': ['photo']}
0.0 []
Loss historical diff: 0.033979564905166626; Loss Difference: 0.0, Decision: 0
Round 109 took 2.770613193511963s, results:
{'t': 108, 'current_accuracy': 0.76953125, 'current_loss': 0.6928169131278992, 'train_loss': None, 'decision': 0, 'drift_rate': 0.0, 'target_domains': ['photo']}
0.0 []
Loss historical diff: 0.03397926688194275; Loss Difference: 0.0, Decision: 0
Round 110 took 2.6487090587615967s, results:
{'t': 109, 'current_accuracy': 0.76953125, 'current_loss': 0.6928166151046753, 'train_loss': None, 'decision': 0, 'drift_rate': 0.0, 'target_domains': ['photo']}
0.0 []
Loss historical diff: 0.03397968411445618; Loss Difference: 0.0, Decision: 0
Round 111 took 2.7986502647399902s, results:
{'t': 110, 'current_accuracy': 0.76953125, 'current_loss': 0.6928170323371887, 'train_loss': None, 'decision': 0, 'drift_rate': 0.0, 'target_domains': ['photo']}
0.0 []
Loss historical diff: 0.033979564905166626; Loss Difference: 0.0, Decision: 0
Round 112 took 2.8030076026916504s, results:
{'t': 111, 'current_accuracy': 0.76953125, 'current_loss': 0.6928169131278992, 'train_loss': None, 'decision': 0, 'drift_rate': 0.0, 'target_domains': ['photo']}
0.0 []
Loss historical diff: 0.033979564905166626; Loss Difference: 0.0, Decision: 0
Round 113 took 2.6977462768554688s, results:
{'t': 112, 'current_accuracy': 0.76953125, 'current_loss': 0.6928169131278992, 'train_loss': None, 'decision': 0, 'drift_rate': 0.0, 'target_domains': ['photo']}
0.0 []
Loss historical diff: 0.033979594707489014; Loss Difference: 0.0, Decision: 0
Round 114 took 2.826983690261841s, results:
{'t': 113, 'current_accuracy': 0.76953125, 'current_loss': 0.6928169429302216, 'train_loss': None, 'decision': 0, 'drift_rate': 0.0, 'target_domains': ['photo']}
0.0 []
Loss historical diff: 0.03397953510284424; Loss Difference: 0.0, Decision: 0
Round 115 took 2.895470142364502s, results:
{'t': 114, 'current_accuracy': 0.76953125, 'current_loss': 0.6928168833255768, 'train_loss': None, 'decision': 0, 'drift_rate': 0.0, 'target_domains': ['photo']}
0.0 []
Loss historical diff: 0.03397980332374573; Loss Difference: 0.0, Decision: 0
Round 116 took 2.7107763290405273s, results:
{'t': 115, 'current_accuracy': 0.76953125, 'current_loss': 0.6928171515464783, 'train_loss': None, 'decision': 0, 'drift_rate': 0.0, 'target_domains': ['photo']}
0.0 []
Loss historical diff: 0.033979594707489014; Loss Difference: 0.0, Decision: 0
Round 117 took 2.69806170463562s, results:
{'t': 116, 'current_accuracy': 0.76953125, 'current_loss': 0.6928169429302216, 'train_loss': None, 'decision': 0, 'drift_rate': 0.0, 'target_domains': ['photo']}
0.0 []
Loss historical diff: 0.03397953510284424; Loss Difference: 0.0, Decision: 0
Round 118 took 2.8888165950775146s, results:
{'t': 117, 'current_accuracy': 0.76953125, 'current_loss': 0.6928168833255768, 'train_loss': None, 'decision': 0, 'drift_rate': 0.0, 'target_domains': ['photo']}
0.0 []
Loss historical diff: 0.03397968411445618; Loss Difference: 0.0, Decision: 0
Round 119 took 2.7933273315429688s, results:
{'t': 118, 'current_accuracy': 0.76953125, 'current_loss': 0.6928170323371887, 'train_loss': None, 'decision': 0, 'drift_rate': 0.0, 'target_domains': ['photo']}
0.0 []
Loss historical diff: 0.033979564905166626; Loss Difference: 0.0, Decision: 0
Round 120 took 2.7752127647399902s, results:
{'t': 119, 'current_accuracy': 0.76953125, 'current_loss': 0.6928169131278992, 'train_loss': None, 'decision': 0, 'drift_rate': 0.0, 'target_domains': ['photo']}
0.0 []
Loss historical diff: 0.033979594707489014; Loss Difference: 0.0, Decision: 0
Round 121 took 2.7572569847106934s, results:
{'t': 120, 'current_accuracy': 0.76953125, 'current_loss': 0.6928169429302216, 'train_loss': None, 'decision': 0, 'drift_rate': 0.0, 'target_domains': ['photo']}
0.0 []
Loss historical diff: 0.033979594707489014; Loss Difference: 0.0, Decision: 0
Round 122 took 2.8492133617401123s, results:
{'t': 121, 'current_accuracy': 0.76953125, 'current_loss': 0.6928169429302216, 'train_loss': None, 'decision': 0, 'drift_rate': 0.0, 'target_domains': ['photo']}
0.0 []
Loss historical diff: 0.033979564905166626; Loss Difference: 0.0, Decision: 0
Round 123 took 2.900071620941162s, results:
{'t': 122, 'current_accuracy': 0.76953125, 'current_loss': 0.6928169131278992, 'train_loss': None, 'decision': 0, 'drift_rate': 0.0, 'target_domains': ['photo']}
0.0 []
Loss historical diff: 0.0339796245098114; Loss Difference: 0.0, Decision: 0
Round 124 took 2.7309153079986572s, results:
{'t': 123, 'current_accuracy': 0.76953125, 'current_loss': 0.692816972732544, 'train_loss': None, 'decision': 0, 'drift_rate': 0.0, 'target_domains': ['photo']}
0.0 []
Loss historical diff: 0.03397953510284424; Loss Difference: 0.0, Decision: 0
Round 125 took 2.6748955249786377s, results:
{'t': 124, 'current_accuracy': 0.76953125, 'current_loss': 0.6928168833255768, 'train_loss': None, 'decision': 0, 'drift_rate': 0.0, 'target_domains': ['photo']}
0.0 []
Loss historical diff: 0.03397929668426514; Loss Difference: 0.0, Decision: 0
Round 126 took 2.84568452835083s, results:
{'t': 125, 'current_accuracy': 0.76953125, 'current_loss': 0.6928166449069977, 'train_loss': None, 'decision': 0, 'drift_rate': 0.0, 'target_domains': ['photo']}
0.0 []
Loss historical diff: 0.033979594707489014; Loss Difference: 0.0, Decision: 0
Round 127 took 2.7749595642089844s, results:
{'t': 126, 'current_accuracy': 0.76953125, 'current_loss': 0.6928169429302216, 'train_loss': None, 'decision': 0, 'drift_rate': 0.0, 'target_domains': ['photo']}
0.0 []
Loss historical diff: 0.03397965431213379; Loss Difference: 0.0, Decision: 0
Round 128 took 2.7119457721710205s, results:
{'t': 127, 'current_accuracy': 0.76953125, 'current_loss': 0.6928170025348663, 'train_loss': None, 'decision': 0, 'drift_rate': 0.0, 'target_domains': ['photo']}
0.0 []
Loss historical diff: 0.033979713916778564; Loss Difference: 0.0, Decision: 0
Round 129 took 2.712705135345459s, results:
{'t': 128, 'current_accuracy': 0.76953125, 'current_loss': 0.6928170621395111, 'train_loss': None, 'decision': 0, 'drift_rate': 0.0, 'target_domains': ['photo']}
0.0 []
Loss historical diff: 0.033979713916778564; Loss Difference: 0.0, Decision: 0
Round 130 took 2.7411935329437256s, results:
{'t': 129, 'current_accuracy': 0.76953125, 'current_loss': 0.6928170621395111, 'train_loss': None, 'decision': 0, 'drift_rate': 0.0, 'target_domains': ['photo']}
0.0 []
Loss historical diff: 0.03397968411445618; Loss Difference: 0.0, Decision: 0
Round 131 took 2.835536003112793s, results:
{'t': 130, 'current_accuracy': 0.76953125, 'current_loss': 0.6928170323371887, 'train_loss': None, 'decision': 0, 'drift_rate': 0.0, 'target_domains': ['photo']}
0.0 []
Loss historical diff: 0.033979594707489014; Loss Difference: 0.0, Decision: 0
Round 132 took 2.838045835494995s, results:
{'t': 131, 'current_accuracy': 0.76953125, 'current_loss': 0.6928169429302216, 'train_loss': None, 'decision': 0, 'drift_rate': 0.0, 'target_domains': ['photo']}
0.0 []
Loss historical diff: 0.033979594707489014; Loss Difference: 0.0, Decision: 0
Round 133 took 2.804051160812378s, results:
{'t': 132, 'current_accuracy': 0.76953125, 'current_loss': 0.6928169429302216, 'train_loss': None, 'decision': 0, 'drift_rate': 0.0, 'target_domains': ['photo']}
0.0 []
Loss historical diff: 0.033979594707489014; Loss Difference: 0.0, Decision: 0
Round 134 took 2.7490837574005127s, results:
{'t': 133, 'current_accuracy': 0.76953125, 'current_loss': 0.6928169429302216, 'train_loss': None, 'decision': 0, 'drift_rate': 0.0, 'target_domains': ['photo']}
0.0 []
Loss historical diff: 0.03397965431213379; Loss Difference: 0.0, Decision: 0
Round 135 took 2.778306484222412s, results:
{'t': 134, 'current_accuracy': 0.76953125, 'current_loss': 0.6928170025348663, 'train_loss': None, 'decision': 0, 'drift_rate': 0.0, 'target_domains': ['photo']}
0.0 []
Loss historical diff: 0.033979594707489014; Loss Difference: 0.0, Decision: 0
Round 136 took 2.793341875076294s, results:
{'t': 135, 'current_accuracy': 0.76953125, 'current_loss': 0.6928169429302216, 'train_loss': None, 'decision': 0, 'drift_rate': 0.0, 'target_domains': ['photo']}
0.0 []
Loss historical diff: 0.033979594707489014; Loss Difference: 0.0, Decision: 0
Round 137 took 2.8560001850128174s, results:
{'t': 136, 'current_accuracy': 0.76953125, 'current_loss': 0.6928169429302216, 'train_loss': None, 'decision': 0, 'drift_rate': 0.0, 'target_domains': ['photo']}
0.0 []
Loss historical diff: 0.033979564905166626; Loss Difference: 0.0, Decision: 0
Round 138 took 2.833286762237549s, results:
{'t': 137, 'current_accuracy': 0.76953125, 'current_loss': 0.6928169131278992, 'train_loss': None, 'decision': 0, 'drift_rate': 0.0, 'target_domains': ['photo']}
0.0 []
Loss historical diff: 0.033979594707489014; Loss Difference: 0.0, Decision: 0
Round 139 took 2.785867214202881s, results:
{'t': 138, 'current_accuracy': 0.76953125, 'current_loss': 0.6928169429302216, 'train_loss': None, 'decision': 0, 'drift_rate': 0.0, 'target_domains': ['photo']}
0.0 []
Loss historical diff: 0.03397950530052185; Loss Difference: 0.0, Decision: 0
Round 140 took 2.7968039512634277s, results:
{'t': 139, 'current_accuracy': 0.76953125, 'current_loss': 0.6928168535232544, 'train_loss': None, 'decision': 0, 'drift_rate': 0.0, 'target_domains': ['photo']}
0.0 []
Loss historical diff: 0.03397968411445618; Loss Difference: 0.0, Decision: 0
Round 141 took 2.791971445083618s, results:
{'t': 140, 'current_accuracy': 0.76953125, 'current_loss': 0.6928170323371887, 'train_loss': None, 'decision': 0, 'drift_rate': 0.0, 'target_domains': ['photo']}
0.0 []
Loss historical diff: 0.03397950530052185; Loss Difference: 0.0, Decision: 0
Round 142 took 2.7890257835388184s, results:
{'t': 141, 'current_accuracy': 0.76953125, 'current_loss': 0.6928168535232544, 'train_loss': None, 'decision': 0, 'drift_rate': 0.0, 'target_domains': ['photo']}
0.0 []
Loss historical diff: 0.033979594707489014; Loss Difference: 0.0, Decision: 0
Round 143 took 2.7144932746887207s, results:
{'t': 142, 'current_accuracy': 0.76953125, 'current_loss': 0.6928169429302216, 'train_loss': None, 'decision': 0, 'drift_rate': 0.0, 'target_domains': ['photo']}
0.0 []
Loss historical diff: 0.03397965431213379; Loss Difference: 0.0, Decision: 0
Round 144 took 2.8575072288513184s, results:
{'t': 143, 'current_accuracy': 0.76953125, 'current_loss': 0.6928170025348663, 'train_loss': None, 'decision': 0, 'drift_rate': 0.0, 'target_domains': ['photo']}
0.0 []
Loss historical diff: 0.0339796245098114; Loss Difference: 0.0, Decision: 0
Round 145 took 2.95025372505188s, results:
{'t': 144, 'current_accuracy': 0.76953125, 'current_loss': 0.692816972732544, 'train_loss': None, 'decision': 0, 'drift_rate': 0.0, 'target_domains': ['photo']}
0.0 []
Loss historical diff: 0.033979564905166626; Loss Difference: 0.0, Decision: 0
Round 146 took 2.8440420627593994s, results:
{'t': 145, 'current_accuracy': 0.76953125, 'current_loss': 0.6928169131278992, 'train_loss': None, 'decision': 0, 'drift_rate': 0.0, 'target_domains': ['photo']}
0.0 []
Loss historical diff: 0.0339796245098114; Loss Difference: 0.0, Decision: 0
Round 147 took 2.7022008895874023s, results:
{'t': 146, 'current_accuracy': 0.76953125, 'current_loss': 0.692816972732544, 'train_loss': None, 'decision': 0, 'drift_rate': 0.0, 'target_domains': ['photo']}
0.0 []
Loss historical diff: 0.03397953510284424; Loss Difference: 0.0, Decision: 0
Round 148 took 2.9933066368103027s, results:
{'t': 147, 'current_accuracy': 0.76953125, 'current_loss': 0.6928168833255768, 'train_loss': None, 'decision': 0, 'drift_rate': 0.0, 'target_domains': ['photo']}
0.0 []
Loss historical diff: 0.03397953510284424; Loss Difference: 0.0, Decision: 0
Round 149 took 2.850029468536377s, results:
{'t': 148, 'current_accuracy': 0.76953125, 'current_loss': 0.6928168833255768, 'train_loss': None, 'decision': 0, 'drift_rate': 0.0, 'target_domains': ['photo']}
0.0 []
Loss historical diff: 0.0339796245098114; Loss Difference: 0.0, Decision: 0
Round 150 took 2.8611621856689453s, results:
{'t': 149, 'current_accuracy': 0.76953125, 'current_loss': 0.692816972732544, 'train_loss': None, 'decision': 0, 'drift_rate': 0.0, 'target_domains': ['photo']}
0.0 []
Loss historical diff: 0.03397968411445618; Loss Difference: 0.0, Decision: 0
Round 151 took 2.8021669387817383s, results:
{'t': 150, 'current_accuracy': 0.76953125, 'current_loss': 0.6928170323371887, 'train_loss': None, 'decision': 0, 'drift_rate': 0.0, 'target_domains': ['photo']}
0.0 []
Loss historical diff: 0.03397965431213379; Loss Difference: 0.0, Decision: 0
Round 152 took 2.8493473529815674s, results:
{'t': 151, 'current_accuracy': 0.76953125, 'current_loss': 0.6928170025348663, 'train_loss': None, 'decision': 0, 'drift_rate': 0.0, 'target_domains': ['photo']}
0.0 []
Loss historical diff: 0.03397974371910095; Loss Difference: 0.0, Decision: 0
Round 153 took 2.859576940536499s, results:
{'t': 152, 'current_accuracy': 0.76953125, 'current_loss': 0.6928170919418335, 'train_loss': None, 'decision': 0, 'drift_rate': 0.0, 'target_domains': ['photo']}
0.0 []
Loss historical diff: 0.03397953510284424; Loss Difference: 0.0, Decision: 0
Round 154 took 2.8358523845672607s, results:
{'t': 153, 'current_accuracy': 0.76953125, 'current_loss': 0.6928168833255768, 'train_loss': None, 'decision': 0, 'drift_rate': 0.0, 'target_domains': ['photo']}
0.0 []
Loss historical diff: 0.033979564905166626; Loss Difference: 0.0, Decision: 0
Round 155 took 2.9869749546051025s, results:
{'t': 154, 'current_accuracy': 0.76953125, 'current_loss': 0.6928169131278992, 'train_loss': None, 'decision': 0, 'drift_rate': 0.0, 'target_domains': ['photo']}
0.0 []
Loss historical diff: 0.0339796245098114; Loss Difference: 0.0, Decision: 0
Round 156 took 2.838843822479248s, results:
{'t': 155, 'current_accuracy': 0.76953125, 'current_loss': 0.692816972732544, 'train_loss': None, 'decision': 0, 'drift_rate': 0.0, 'target_domains': ['photo']}
0.0 []
Loss historical diff: 0.033979594707489014; Loss Difference: 0.0, Decision: 0
Round 157 took 2.9861490726470947s, results:
{'t': 156, 'current_accuracy': 0.76953125, 'current_loss': 0.6928169429302216, 'train_loss': None, 'decision': 0, 'drift_rate': 0.0, 'target_domains': ['photo']}
0.0 []
Loss historical diff: 0.03397923707962036; Loss Difference: 0.0, Decision: 0
Round 158 took 2.8125181198120117s, results:
{'t': 157, 'current_accuracy': 0.76953125, 'current_loss': 0.6928165853023529, 'train_loss': None, 'decision': 0, 'drift_rate': 0.0, 'target_domains': ['photo']}
0.0 []
Loss historical diff: 0.0339796245098114; Loss Difference: 0.0, Decision: 0
Round 159 took 2.8598029613494873s, results:
{'t': 158, 'current_accuracy': 0.76953125, 'current_loss': 0.692816972732544, 'train_loss': None, 'decision': 0, 'drift_rate': 0.0, 'target_domains': ['photo']}
0.0 []
Loss historical diff: 0.033979594707489014; Loss Difference: 0.0, Decision: 0
Round 160 took 2.823800802230835s, results:
{'t': 159, 'current_accuracy': 0.76953125, 'current_loss': 0.6928169429302216, 'train_loss': None, 'decision': 0, 'drift_rate': 0.0, 'target_domains': ['photo']}
0.0 []
Loss historical diff: 0.033979564905166626; Loss Difference: 0.0, Decision: 0
Round 161 took 2.699331521987915s, results:
{'t': 160, 'current_accuracy': 0.76953125, 'current_loss': 0.6928169131278992, 'train_loss': None, 'decision': 0, 'drift_rate': 0.0, 'target_domains': ['photo']}
0.0 []
Loss historical diff: 0.033979564905166626; Loss Difference: 0.0, Decision: 0
Round 162 took 2.8305506706237793s, results:
{'t': 161, 'current_accuracy': 0.76953125, 'current_loss': 0.6928169131278992, 'train_loss': None, 'decision': 0, 'drift_rate': 0.0, 'target_domains': ['photo']}
0.0 []
Loss historical diff: 0.033979713916778564; Loss Difference: 0.0, Decision: 0
Round 163 took 2.8833069801330566s, results:
{'t': 162, 'current_accuracy': 0.76953125, 'current_loss': 0.6928170621395111, 'train_loss': None, 'decision': 0, 'drift_rate': 0.0, 'target_domains': ['photo']}
0.0 []
Loss historical diff: 0.033979594707489014; Loss Difference: 0.0, Decision: 0
Round 164 took 2.8244359493255615s, results:
{'t': 163, 'current_accuracy': 0.76953125, 'current_loss': 0.6928169429302216, 'train_loss': None, 'decision': 0, 'drift_rate': 0.0, 'target_domains': ['photo']}
0.0 []
Loss historical diff: 0.0339796245098114; Loss Difference: 0.0, Decision: 0
Round 165 took 2.85172438621521s, results:
{'t': 164, 'current_accuracy': 0.76953125, 'current_loss': 0.692816972732544, 'train_loss': None, 'decision': 0, 'drift_rate': 0.0, 'target_domains': ['photo']}
0.4 ['cartoon']
Loss historical diff: 0.6965043842792511; Loss Difference: 0.0, Decision: 1
Average loss over 5 updates: 0.8858
Round 166 took 4.577793836593628s, results:
{'t': 165, 'current_accuracy': 0.5703125, 'current_loss': 1.3553417325019836, 'train_loss': 0.8857767939567566, 'decision': 1, 'drift_rate': 0.4, 'target_domains': ['cartoon']}
0.4 ['cartoon']
Loss historical diff: 0.3622382581233978; Loss Difference: 0.0, Decision: 1
Average loss over 5 updates: 0.8032
Round 167 took 4.805909872055054s, results:
{'t': 166, 'current_accuracy': 0.61328125, 'current_loss': 1.0210756063461304, 'train_loss': 0.803193199634552, 'decision': 1, 'drift_rate': 0.4, 'target_domains': ['cartoon']}
0.4 ['cartoon']
Loss historical diff: 0.6202740967273712; Loss Difference: 0.0, Decision: 1
Average loss over 5 updates: 0.5921
Round 168 took 4.746793746948242s, results:
{'t': 167, 'current_accuracy': 0.5546875, 'current_loss': 1.2791114449501038, 'train_loss': 0.5920926630496979, 'decision': 1, 'drift_rate': 0.4, 'target_domains': ['cartoon']}
0.0 []
Loss historical diff: 0.0; Loss Difference: 0.0, Decision: 0
Round 169 took 2.877368688583374s, results:
{'t': 168, 'current_accuracy': 0.76953125, 'current_loss': 0.6328187882900238, 'train_loss': None, 'decision': 0, 'drift_rate': 0.0, 'target_domains': ['cartoon']}
0.0 []
Loss historical diff: 0.0; Loss Difference: 0.0, Decision: 0
Round 170 took 2.8342173099517822s, results:
{'t': 169, 'current_accuracy': 0.76953125, 'current_loss': 0.632818728685379, 'train_loss': None, 'decision': 0, 'drift_rate': 0.0, 'target_domains': ['cartoon']}
0.0 []
Loss historical diff: 1.1920928955078125e-07; Loss Difference: 0.0, Decision: 0
Round 171 took 2.9931373596191406s, results:
{'t': 170, 'current_accuracy': 0.76953125, 'current_loss': 0.6328188478946686, 'train_loss': None, 'decision': 0, 'drift_rate': 0.0, 'target_domains': ['cartoon']}
0.0 []
Loss historical diff: 0.0; Loss Difference: 0.0, Decision: 0
Round 172 took 2.9548287391662598s, results:
{'t': 171, 'current_accuracy': 0.76953125, 'current_loss': 0.632818728685379, 'train_loss': None, 'decision': 0, 'drift_rate': 0.0, 'target_domains': ['cartoon']}
0.0 []
Loss historical diff: 8.940696716308594e-08; Loss Difference: 0.0, Decision: 0
Round 173 took 2.803879499435425s, results:
{'t': 172, 'current_accuracy': 0.76953125, 'current_loss': 0.6328188180923462, 'train_loss': None, 'decision': 0, 'drift_rate': 0.0, 'target_domains': ['cartoon']}
0.0 []
Loss historical diff: 2.9802322387695312e-08; Loss Difference: 0.0, Decision: 0
Round 174 took 2.9976885318756104s, results:
{'t': 173, 'current_accuracy': 0.76953125, 'current_loss': 0.6328187584877014, 'train_loss': None, 'decision': 0, 'drift_rate': 0.0, 'target_domains': ['cartoon']}
0.0 []
Loss historical diff: 2.9802322387695312e-08; Loss Difference: 0.0, Decision: 0
Round 175 took 2.818176746368408s, results:
{'t': 174, 'current_accuracy': 0.76953125, 'current_loss': 0.6328187584877014, 'train_loss': None, 'decision': 0, 'drift_rate': 0.0, 'target_domains': ['cartoon']}
0.0 []
Loss historical diff: 0.0; Loss Difference: 0.0, Decision: 0
Round 176 took 2.8800346851348877s, results:
{'t': 175, 'current_accuracy': 0.76953125, 'current_loss': 0.6328186392784119, 'train_loss': None, 'decision': 0, 'drift_rate': 0.0, 'target_domains': ['cartoon']}
0.0 []
Loss historical diff: 2.682209014892578e-07; Loss Difference: 0.0, Decision: 0
Round 177 took 2.82820987701416s, results:
{'t': 176, 'current_accuracy': 0.76953125, 'current_loss': 0.6328189074993134, 'train_loss': None, 'decision': 0, 'drift_rate': 0.0, 'target_domains': ['cartoon']}
0.0 []
Loss historical diff: 8.940696716308594e-08; Loss Difference: 0.0, Decision: 0
Round 178 took 2.8335437774658203s, results:
{'t': 177, 'current_accuracy': 0.76953125, 'current_loss': 0.632818728685379, 'train_loss': None, 'decision': 0, 'drift_rate': 0.0, 'target_domains': ['cartoon']}
0.0 []
Loss historical diff: 2.384185791015625e-07; Loss Difference: 0.0, Decision: 0
Round 179 took 2.975128173828125s, results:
{'t': 178, 'current_accuracy': 0.76953125, 'current_loss': 0.632818877696991, 'train_loss': None, 'decision': 0, 'drift_rate': 0.0, 'target_domains': ['cartoon']}
0.0 []
Loss historical diff: 2.086162567138672e-07; Loss Difference: 0.0, Decision: 0
Round 180 took 2.940732002258301s, results:
{'t': 179, 'current_accuracy': 0.76953125, 'current_loss': 0.6328188478946686, 'train_loss': None, 'decision': 0, 'drift_rate': 0.0, 'target_domains': ['cartoon']}
0.0 []
Loss historical diff: 1.4901161193847656e-07; Loss Difference: 0.0, Decision: 0
Round 181 took 2.877290964126587s, results:
{'t': 180, 'current_accuracy': 0.76953125, 'current_loss': 0.6328187882900238, 'train_loss': None, 'decision': 0, 'drift_rate': 0.0, 'target_domains': ['cartoon']}
0.0 []
Loss historical diff: 2.384185791015625e-07; Loss Difference: 0.0, Decision: 0
Round 182 took 2.870272397994995s, results:
{'t': 181, 'current_accuracy': 0.76953125, 'current_loss': 0.632818877696991, 'train_loss': None, 'decision': 0, 'drift_rate': 0.0, 'target_domains': ['cartoon']}
0.0 []
Loss historical diff: 5.960464477539063e-08; Loss Difference: 0.0, Decision: 0
Round 183 took 2.679779052734375s, results:
{'t': 182, 'current_accuracy': 0.76953125, 'current_loss': 0.6328186988830566, 'train_loss': None, 'decision': 0, 'drift_rate': 0.0, 'target_domains': ['cartoon']}
0.0 []
Loss historical diff: 8.940696716308594e-08; Loss Difference: 0.0, Decision: 0
Round 184 took 2.739882230758667s, results:
{'t': 183, 'current_accuracy': 0.76953125, 'current_loss': 0.632818728685379, 'train_loss': None, 'decision': 0, 'drift_rate': 0.0, 'target_domains': ['cartoon']}
0.0 []
Loss historical diff: 2.384185791015625e-07; Loss Difference: 0.0, Decision: 0
Round 185 took 2.892411231994629s, results:
{'t': 184, 'current_accuracy': 0.76953125, 'current_loss': 0.632818877696991, 'train_loss': None, 'decision': 0, 'drift_rate': 0.0, 'target_domains': ['cartoon']}
0.0 []
Loss historical diff: 1.4901161193847656e-07; Loss Difference: 0.0, Decision: 0
Round 186 took 2.805205821990967s, results:
{'t': 185, 'current_accuracy': 0.76953125, 'current_loss': 0.6328187882900238, 'train_loss': None, 'decision': 0, 'drift_rate': 0.0, 'target_domains': ['cartoon']}
0.0 []
Loss historical diff: 1.4901161193847656e-07; Loss Difference: 0.0, Decision: 0
Round 187 took 2.7792413234710693s, results:
{'t': 186, 'current_accuracy': 0.76953125, 'current_loss': 0.6328187882900238, 'train_loss': None, 'decision': 0, 'drift_rate': 0.0, 'target_domains': ['cartoon']}
0.0 []
Loss historical diff: 1.1920928955078125e-07; Loss Difference: 0.0, Decision: 0
Round 188 took 2.9127817153930664s, results:
{'t': 187, 'current_accuracy': 0.76953125, 'current_loss': 0.6328187584877014, 'train_loss': None, 'decision': 0, 'drift_rate': 0.0, 'target_domains': ['cartoon']}
0.0 []
Loss historical diff: 1.1920928955078125e-07; Loss Difference: 0.0, Decision: 0
Round 189 took 2.831247329711914s, results:
{'t': 188, 'current_accuracy': 0.76953125, 'current_loss': 0.6328187584877014, 'train_loss': None, 'decision': 0, 'drift_rate': 0.0, 'target_domains': ['cartoon']}
0.0 []
Loss historical diff: 8.940696716308594e-08; Loss Difference: 0.0, Decision: 0
Round 190 took 2.8048388957977295s, results:
{'t': 189, 'current_accuracy': 0.76953125, 'current_loss': 0.632818728685379, 'train_loss': None, 'decision': 0, 'drift_rate': 0.0, 'target_domains': ['cartoon']}
0.0 []
Loss historical diff: 8.940696716308594e-08; Loss Difference: 0.0, Decision: 0
Round 191 took 2.7909939289093018s, results:
{'t': 190, 'current_accuracy': 0.76953125, 'current_loss': 0.632818728685379, 'train_loss': None, 'decision': 0, 'drift_rate': 0.0, 'target_domains': ['cartoon']}
0.0 []
Loss historical diff: 0.0; Loss Difference: 0.0, Decision: 0
Round 192 took 2.851935863494873s, results:
{'t': 191, 'current_accuracy': 0.76953125, 'current_loss': 0.6328185498714447, 'train_loss': None, 'decision': 0, 'drift_rate': 0.0, 'target_domains': ['cartoon']}
0.0 []
Loss historical diff: 3.5762786865234375e-07; Loss Difference: 0.0, Decision: 0
Round 193 took 2.8649039268493652s, results:
{'t': 192, 'current_accuracy': 0.76953125, 'current_loss': 0.6328189074993134, 'train_loss': None, 'decision': 0, 'drift_rate': 0.0, 'target_domains': ['cartoon']}
0.0 []
Loss historical diff: 2.086162567138672e-07; Loss Difference: 0.0, Decision: 0
Round 194 took 2.7934842109680176s, results:
{'t': 193, 'current_accuracy': 0.76953125, 'current_loss': 0.6328187584877014, 'train_loss': None, 'decision': 0, 'drift_rate': 0.0, 'target_domains': ['cartoon']}
0.0 []
Loss historical diff: 2.682209014892578e-07; Loss Difference: 0.0, Decision: 0
Round 195 took 2.794541835784912s, results:
{'t': 194, 'current_accuracy': 0.76953125, 'current_loss': 0.6328188180923462, 'train_loss': None, 'decision': 0, 'drift_rate': 0.0, 'target_domains': ['cartoon']}
0.0 []
Loss historical diff: 2.086162567138672e-07; Loss Difference: 0.0, Decision: 0
Round 196 took 2.8348636627197266s, results:
{'t': 195, 'current_accuracy': 0.76953125, 'current_loss': 0.6328187584877014, 'train_loss': None, 'decision': 0, 'drift_rate': 0.0, 'target_domains': ['cartoon']}
0.0 []
Loss historical diff: 2.980232238769531e-07; Loss Difference: 0.0, Decision: 0
Round 197 took 2.853400945663452s, results:
{'t': 196, 'current_accuracy': 0.76953125, 'current_loss': 0.6328188478946686, 'train_loss': None, 'decision': 0, 'drift_rate': 0.0, 'target_domains': ['cartoon']}
0.0 []
Loss historical diff: 2.086162567138672e-07; Loss Difference: 0.0, Decision: 0
Round 198 took 2.816880941390991s, results:
{'t': 197, 'current_accuracy': 0.76953125, 'current_loss': 0.6328187584877014, 'train_loss': None, 'decision': 0, 'drift_rate': 0.0, 'target_domains': ['cartoon']}
0.0 []
Loss historical diff: 2.682209014892578e-07; Loss Difference: 0.0, Decision: 0
Round 199 took 2.719085216522217s, results:
{'t': 198, 'current_accuracy': 0.76953125, 'current_loss': 0.6328188180923462, 'train_loss': None, 'decision': 0, 'drift_rate': 0.0, 'target_domains': ['cartoon']}
0.0 []
Loss historical diff: 3.5762786865234375e-07; Loss Difference: 0.0, Decision: 0
Round 200 took 2.7738823890686035s, results:
{'t': 199, 'current_accuracy': 0.76953125, 'current_loss': 0.6328189074993134, 'train_loss': None, 'decision': 0, 'drift_rate': 0.0, 'target_domains': ['cartoon']}
0.0 []
Loss historical diff: 3.2782554626464844e-07; Loss Difference: 0.0, Decision: 0
Round 201 took 2.7339437007904053s, results:
{'t': 200, 'current_accuracy': 0.76953125, 'current_loss': 0.632818877696991, 'train_loss': None, 'decision': 0, 'drift_rate': 0.0, 'target_domains': ['cartoon']}
0.0 []
Loss historical diff: 2.682209014892578e-07; Loss Difference: 0.0, Decision: 0
Round 202 took 2.883826732635498s, results:
{'t': 201, 'current_accuracy': 0.76953125, 'current_loss': 0.6328188180923462, 'train_loss': None, 'decision': 0, 'drift_rate': 0.0, 'target_domains': ['cartoon']}
0.0 []
Loss historical diff: 2.384185791015625e-07; Loss Difference: 0.0, Decision: 0
Round 203 took 2.884751081466675s, results:
{'t': 202, 'current_accuracy': 0.76953125, 'current_loss': 0.6328187882900238, 'train_loss': None, 'decision': 0, 'drift_rate': 0.0, 'target_domains': ['cartoon']}
0.0 []
Loss historical diff: 0.0; Loss Difference: 0.0, Decision: 0
Round 204 took 2.938671112060547s, results:
{'t': 203, 'current_accuracy': 0.76953125, 'current_loss': 0.6328182816505432, 'train_loss': None, 'decision': 0, 'drift_rate': 0.0, 'target_domains': ['cartoon']}
0.0 []
Loss historical diff: 5.364418029785156e-07; Loss Difference: 0.0, Decision: 0
Round 205 took 2.8001060485839844s, results:
{'t': 204, 'current_accuracy': 0.76953125, 'current_loss': 0.6328188180923462, 'train_loss': None, 'decision': 0, 'drift_rate': 0.0, 'target_domains': ['cartoon']}
0.0 []
Loss historical diff: 5.364418029785156e-07; Loss Difference: 0.0, Decision: 0
Round 206 took 2.873640537261963s, results:
{'t': 205, 'current_accuracy': 0.76953125, 'current_loss': 0.6328188180923462, 'train_loss': None, 'decision': 0, 'drift_rate': 0.0, 'target_domains': ['cartoon']}
0.0 []
Loss historical diff: 4.172325134277344e-07; Loss Difference: 0.0, Decision: 0
Round 207 took 2.7956786155700684s, results:
{'t': 206, 'current_accuracy': 0.76953125, 'current_loss': 0.6328186988830566, 'train_loss': None, 'decision': 0, 'drift_rate': 0.0, 'target_domains': ['cartoon']}
0.0 []
Loss historical diff: 6.556510925292969e-07; Loss Difference: 0.0, Decision: 0
Round 208 took 2.861100435256958s, results:
{'t': 207, 'current_accuracy': 0.76953125, 'current_loss': 0.6328189373016357, 'train_loss': None, 'decision': 0, 'drift_rate': 0.0, 'target_domains': ['cartoon']}
0.0 []
Loss historical diff: 5.960464477539062e-07; Loss Difference: 0.0, Decision: 0
Round 209 took 2.703704357147217s, results:
{'t': 208, 'current_accuracy': 0.76953125, 'current_loss': 0.632818877696991, 'train_loss': None, 'decision': 0, 'drift_rate': 0.0, 'target_domains': ['cartoon']}
0.0 []
Loss historical diff: 5.066394805908203e-07; Loss Difference: 0.0, Decision: 0
Round 210 took 2.8771796226501465s, results:
{'t': 209, 'current_accuracy': 0.76953125, 'current_loss': 0.6328187882900238, 'train_loss': None, 'decision': 0, 'drift_rate': 0.0, 'target_domains': ['cartoon']}
0.0 []
Loss historical diff: 5.066394805908203e-07; Loss Difference: 0.0, Decision: 0
Round 211 took 2.9301493167877197s, results:
{'t': 210, 'current_accuracy': 0.76953125, 'current_loss': 0.6328187882900238, 'train_loss': None, 'decision': 0, 'drift_rate': 0.0, 'target_domains': ['cartoon']}
0.0 []
Loss historical diff: 4.470348358154297e-07; Loss Difference: 0.0, Decision: 0
Round 212 took 2.8102822303771973s, results:
{'t': 211, 'current_accuracy': 0.76953125, 'current_loss': 0.632818728685379, 'train_loss': None, 'decision': 0, 'drift_rate': 0.0, 'target_domains': ['cartoon']}
0.0 []
Loss historical diff: 5.662441253662109e-07; Loss Difference: 0.0, Decision: 0
Round 213 took 2.7958858013153076s, results:
{'t': 212, 'current_accuracy': 0.76953125, 'current_loss': 0.6328188478946686, 'train_loss': None, 'decision': 0, 'drift_rate': 0.0, 'target_domains': ['cartoon']}
0.0 []
Loss historical diff: 5.364418029785156e-07; Loss Difference: 0.0, Decision: 0
Round 214 took 2.755493402481079s, results:
{'t': 213, 'current_accuracy': 0.76953125, 'current_loss': 0.6328188180923462, 'train_loss': None, 'decision': 0, 'drift_rate': 0.0, 'target_domains': ['cartoon']}
0.0 []
Loss historical diff: 5.066394805908203e-07; Loss Difference: 0.0, Decision: 0
Round 215 took 2.7800493240356445s, results:
{'t': 214, 'current_accuracy': 0.76953125, 'current_loss': 0.6328187882900238, 'train_loss': None, 'decision': 0, 'drift_rate': 0.0, 'target_domains': ['cartoon']}
0.0 []
Loss historical diff: 7.152557373046875e-07; Loss Difference: 0.0, Decision: 0
Round 216 took 2.7573726177215576s, results:
{'t': 215, 'current_accuracy': 0.76953125, 'current_loss': 0.6328189969062805, 'train_loss': None, 'decision': 0, 'drift_rate': 0.0, 'target_domains': ['cartoon']}
0.0 []
Loss historical diff: 2.682209014892578e-07; Loss Difference: 0.0, Decision: 0
Round 217 took 2.975968599319458s, results:
{'t': 216, 'current_accuracy': 0.76953125, 'current_loss': 0.6328185498714447, 'train_loss': None, 'decision': 0, 'drift_rate': 0.0, 'target_domains': ['cartoon']}
0.0 []
Loss historical diff: 5.364418029785156e-07; Loss Difference: 0.0, Decision: 0
Round 218 took 2.971224308013916s, results:
{'t': 217, 'current_accuracy': 0.76953125, 'current_loss': 0.6328188180923462, 'train_loss': None, 'decision': 0, 'drift_rate': 0.0, 'target_domains': ['cartoon']}
0.0 []
Loss historical diff: 4.172325134277344e-07; Loss Difference: 0.0, Decision: 0
Round 219 took 2.9188499450683594s, results:
{'t': 218, 'current_accuracy': 0.76953125, 'current_loss': 0.6328186988830566, 'train_loss': None, 'decision': 0, 'drift_rate': 0.0, 'target_domains': ['cartoon']}
0.0 []
Loss historical diff: 5.066394805908203e-07; Loss Difference: 0.0, Decision: 0
Round 220 took 2.993227243423462s, results:
{'t': 219, 'current_accuracy': 0.76953125, 'current_loss': 0.6328187882900238, 'train_loss': None, 'decision': 0, 'drift_rate': 0.0, 'target_domains': ['cartoon']}
0.0 []
Loss historical diff: 4.172325134277344e-07; Loss Difference: 0.0, Decision: 0
Round 221 took 2.7616214752197266s, results:
{'t': 220, 'current_accuracy': 0.76953125, 'current_loss': 0.6328186988830566, 'train_loss': None, 'decision': 0, 'drift_rate': 0.0, 'target_domains': ['cartoon']}
0.0 []
Loss historical diff: 5.662441253662109e-07; Loss Difference: 0.0, Decision: 0
Round 222 took 2.753183126449585s, results:
{'t': 221, 'current_accuracy': 0.76953125, 'current_loss': 0.6328188478946686, 'train_loss': None, 'decision': 0, 'drift_rate': 0.0, 'target_domains': ['cartoon']}
0.0 []
Loss historical diff: 5.066394805908203e-07; Loss Difference: 0.0, Decision: 0
Round 223 took 2.9088823795318604s, results:
{'t': 222, 'current_accuracy': 0.76953125, 'current_loss': 0.6328187882900238, 'train_loss': None, 'decision': 0, 'drift_rate': 0.0, 'target_domains': ['cartoon']}
0.0 []
Loss historical diff: 5.066394805908203e-07; Loss Difference: 0.0, Decision: 0
Round 224 took 2.7354395389556885s, results:
{'t': 223, 'current_accuracy': 0.76953125, 'current_loss': 0.6328187882900238, 'train_loss': None, 'decision': 0, 'drift_rate': 0.0, 'target_domains': ['cartoon']}
0.0 []
Loss historical diff: 3.5762786865234375e-07; Loss Difference: 0.0, Decision: 0
Round 225 took 2.8292245864868164s, results:
{'t': 224, 'current_accuracy': 0.76953125, 'current_loss': 0.6328186392784119, 'train_loss': None, 'decision': 0, 'drift_rate': 0.0, 'target_domains': ['cartoon']}
0.0 []
Loss historical diff: 5.066394805908203e-07; Loss Difference: 0.0, Decision: 0
Round 226 took 2.9154770374298096s, results:
{'t': 225, 'current_accuracy': 0.76953125, 'current_loss': 0.6328187882900238, 'train_loss': None, 'decision': 0, 'drift_rate': 0.0, 'target_domains': ['cartoon']}
0.0 []
Loss historical diff: 5.662441253662109e-07; Loss Difference: 0.0, Decision: 0
Round 227 took 2.842238187789917s, results:
{'t': 226, 'current_accuracy': 0.76953125, 'current_loss': 0.6328188478946686, 'train_loss': None, 'decision': 0, 'drift_rate': 0.0, 'target_domains': ['cartoon']}
0.0 []
Loss historical diff: 6.556510925292969e-07; Loss Difference: 0.0, Decision: 0
Round 228 took 2.8213212490081787s, results:
{'t': 227, 'current_accuracy': 0.76953125, 'current_loss': 0.6328189373016357, 'train_loss': None, 'decision': 0, 'drift_rate': 0.0, 'target_domains': ['cartoon']}
0.0 []
Loss historical diff: 5.066394805908203e-07; Loss Difference: 0.0, Decision: 0
Round 229 took 2.8186707496643066s, results:
{'t': 228, 'current_accuracy': 0.76953125, 'current_loss': 0.6328187882900238, 'train_loss': None, 'decision': 0, 'drift_rate': 0.0, 'target_domains': ['cartoon']}
0.0 []
Loss historical diff: 5.066394805908203e-07; Loss Difference: 0.0, Decision: 0
Round 230 took 2.8058018684387207s, results:
{'t': 229, 'current_accuracy': 0.76953125, 'current_loss': 0.6328187882900238, 'train_loss': None, 'decision': 0, 'drift_rate': 0.0, 'target_domains': ['cartoon']}
0.0 []
Loss historical diff: 4.470348358154297e-07; Loss Difference: 0.0, Decision: 0
Round 231 took 2.801600217819214s, results:
{'t': 230, 'current_accuracy': 0.76953125, 'current_loss': 0.632818728685379, 'train_loss': None, 'decision': 0, 'drift_rate': 0.0, 'target_domains': ['cartoon']}
0.0 []
Loss historical diff: 5.364418029785156e-07; Loss Difference: 0.0, Decision: 0
Round 232 took 2.803921699523926s, results:
{'t': 231, 'current_accuracy': 0.76953125, 'current_loss': 0.6328188180923462, 'train_loss': None, 'decision': 0, 'drift_rate': 0.0, 'target_domains': ['cartoon']}
0.0 []
Loss historical diff: 4.470348358154297e-07; Loss Difference: 0.0, Decision: 0
Round 233 took 2.77091646194458s, results:
{'t': 232, 'current_accuracy': 0.76953125, 'current_loss': 0.632818728685379, 'train_loss': None, 'decision': 0, 'drift_rate': 0.0, 'target_domains': ['cartoon']}
0.0 []
Loss historical diff: 5.066394805908203e-07; Loss Difference: 0.0, Decision: 0
Round 234 took 2.8501415252685547s, results:
{'t': 233, 'current_accuracy': 0.76953125, 'current_loss': 0.6328187882900238, 'train_loss': None, 'decision': 0, 'drift_rate': 0.0, 'target_domains': ['cartoon']}
0.0 []
Loss historical diff: 5.364418029785156e-07; Loss Difference: 0.0, Decision: 0
Round 235 took 2.7718353271484375s, results:
{'t': 234, 'current_accuracy': 0.76953125, 'current_loss': 0.6328188180923462, 'train_loss': None, 'decision': 0, 'drift_rate': 0.0, 'target_domains': ['cartoon']}
0.0 []
Loss historical diff: 5.364418029785156e-07; Loss Difference: 0.0, Decision: 0
Round 236 took 2.877321720123291s, results:
{'t': 235, 'current_accuracy': 0.76953125, 'current_loss': 0.6328188180923462, 'train_loss': None, 'decision': 0, 'drift_rate': 0.0, 'target_domains': ['cartoon']}
0.0 []
Loss historical diff: 4.172325134277344e-07; Loss Difference: 0.0, Decision: 0
Round 237 took 2.888986587524414s, results:
{'t': 236, 'current_accuracy': 0.76953125, 'current_loss': 0.6328186988830566, 'train_loss': None, 'decision': 0, 'drift_rate': 0.0, 'target_domains': ['cartoon']}
0.0 []
Loss historical diff: 4.76837158203125e-07; Loss Difference: 0.0, Decision: 0
Round 238 took 2.811943531036377s, results:
{'t': 237, 'current_accuracy': 0.76953125, 'current_loss': 0.6328187584877014, 'train_loss': None, 'decision': 0, 'drift_rate': 0.0, 'target_domains': ['cartoon']}
0.0 []
Loss historical diff: 4.76837158203125e-07; Loss Difference: 0.0, Decision: 0
Round 239 took 2.887596845626831s, results:
{'t': 238, 'current_accuracy': 0.76953125, 'current_loss': 0.6328187584877014, 'train_loss': None, 'decision': 0, 'drift_rate': 0.0, 'target_domains': ['cartoon']}
0.0 []
Loss historical diff: 4.76837158203125e-07; Loss Difference: 0.0, Decision: 0
Round 240 took 2.844632387161255s, results:
{'t': 239, 'current_accuracy': 0.76953125, 'current_loss': 0.6328187584877014, 'train_loss': None, 'decision': 0, 'drift_rate': 0.0, 'target_domains': ['cartoon']}
0.0 []
Loss historical diff: 3.5762786865234375e-07; Loss Difference: 0.0, Decision: 0
Round 241 took 2.891561508178711s, results:
{'t': 240, 'current_accuracy': 0.76953125, 'current_loss': 0.6328186392784119, 'train_loss': None, 'decision': 0, 'drift_rate': 0.0, 'target_domains': ['cartoon']}
0.0 []
Loss historical diff: 4.76837158203125e-07; Loss Difference: 0.0, Decision: 0
Round 242 took 2.8514139652252197s, results:
{'t': 241, 'current_accuracy': 0.76953125, 'current_loss': 0.6328187584877014, 'train_loss': None, 'decision': 0, 'drift_rate': 0.0, 'target_domains': ['cartoon']}
0.0 []
Loss historical diff: 3.2782554626464844e-07; Loss Difference: 0.0, Decision: 0
Round 243 took 2.7757179737091064s, results:
{'t': 242, 'current_accuracy': 0.76953125, 'current_loss': 0.6328186094760895, 'train_loss': None, 'decision': 0, 'drift_rate': 0.0, 'target_domains': ['cartoon']}
0.0 []
Loss historical diff: 4.76837158203125e-07; Loss Difference: 0.0, Decision: 0
Round 244 took 2.8109707832336426s, results:
{'t': 243, 'current_accuracy': 0.76953125, 'current_loss': 0.6328187584877014, 'train_loss': None, 'decision': 0, 'drift_rate': 0.0, 'target_domains': ['cartoon']}
0.0 []
Loss historical diff: 3.5762786865234375e-07; Loss Difference: 0.0, Decision: 0
Round 245 took 2.7564306259155273s, results:
{'t': 244, 'current_accuracy': 0.76953125, 'current_loss': 0.6328186392784119, 'train_loss': None, 'decision': 0, 'drift_rate': 0.0, 'target_domains': ['cartoon']}
0.0 []
Loss historical diff: 4.470348358154297e-07; Loss Difference: 0.0, Decision: 0
Round 246 took 2.8214988708496094s, results:
{'t': 245, 'current_accuracy': 0.76953125, 'current_loss': 0.632818728685379, 'train_loss': None, 'decision': 0, 'drift_rate': 0.0, 'target_domains': ['cartoon']}
0.0 []
Loss historical diff: 5.662441253662109e-07; Loss Difference: 0.0, Decision: 0
Round 247 took 2.7302350997924805s, results:
{'t': 246, 'current_accuracy': 0.76953125, 'current_loss': 0.6328188478946686, 'train_loss': None, 'decision': 0, 'drift_rate': 0.0, 'target_domains': ['cartoon']}
0.0 []
Loss historical diff: 3.8743019104003906e-07; Loss Difference: 0.0, Decision: 0
Round 248 took 2.705299139022827s, results:
{'t': 247, 'current_accuracy': 0.76953125, 'current_loss': 0.6328186690807343, 'train_loss': None, 'decision': 0, 'drift_rate': 0.0, 'target_domains': ['cartoon']}
0.0 []
Loss historical diff: 6.258487701416016e-07; Loss Difference: 0.0, Decision: 0
Round 249 took 2.812053680419922s, results:
{'t': 248, 'current_accuracy': 0.76953125, 'current_loss': 0.6328189074993134, 'train_loss': None, 'decision': 0, 'drift_rate': 0.0, 'target_domains': ['cartoon']}
0.0 []
Loss historical diff: 4.76837158203125e-07; Loss Difference: 0.0, Decision: 0
Round 250 took 2.7890737056732178s, results:
{'t': 249, 'current_accuracy': 0.76953125, 'current_loss': 0.6328187584877014, 'train_loss': None, 'decision': 0, 'drift_rate': 0.0, 'target_domains': ['cartoon']}
Average time per round: 2.946712043762207
Total time: 736.6780109405518
