Device: cuda
CUDA Version: 12.1
cuDNN Version: 8902
PyTorch Version: 2.3.0
Model used: PACSCNN_4
Initial training subset size: 1670
Round 0 took 1.192610263824463 seconds
    Round 0: Decision = 0, Drift = 0.0000
    Current accuracy: 0.7545, Loss: 0.6217
Current target domain: sketch
Round 1 took 1.1718313694000244 seconds
    Round 1: Decision = 0, Drift = 0.0000
    Current accuracy: 0.7545, Loss: 0.6217
Current target domain: sketch
Round 2 took 1.136317491531372 seconds
    Round 2: Decision = 0, Drift = 0.0000
    Current accuracy: 0.7545, Loss: 0.6217
Current target domain: sketch
Round 3 took 1.1362848281860352 seconds
    Round 3: Decision = 0, Drift = 0.0000
    Current accuracy: 0.7545, Loss: 0.6217
Current target domain: sketch
Round 4 took 1.2031834125518799 seconds
    Round 4: Decision = 0, Drift = 0.0000
    Current accuracy: 0.7545, Loss: 0.6217
Current target domain: sketch
Round 5 took 1.1929864883422852 seconds
    Round 5: Decision = 0, Drift = 0.0000
    Current accuracy: 0.7545, Loss: 0.6217
Current target domain: sketch
Round 6 took 1.2292091846466064 seconds
    Round 6: Decision = 0, Drift = 0.0000
    Current accuracy: 0.7545, Loss: 0.6217
Current target domain: sketch
Round 7 took 1.1797494888305664 seconds
    Round 7: Decision = 0, Drift = 0.0000
    Current accuracy: 0.7545, Loss: 0.6217
Current target domain: sketch
Round 8 took 1.1797478199005127 seconds
    Round 8: Decision = 0, Drift = 0.0000
    Current accuracy: 0.7545, Loss: 0.6217
Current target domain: sketch
Round 9 took 1.204930305480957 seconds
    Round 9: Decision = 0, Drift = 0.0000
    Current accuracy: 0.7545, Loss: 0.6217
Current target domain: sketch
Round 10 took 1.195563554763794 seconds
    Round 10: Decision = 0, Drift = 0.0000
    Current accuracy: 0.7545, Loss: 0.6217
Current target domain: sketch
Round 11 took 1.1655874252319336 seconds
    Round 11: Decision = 0, Drift = 0.0000
    Current accuracy: 0.7545, Loss: 0.6217
Current target domain: sketch
Round 12 took 1.2549498081207275 seconds
    Round 12: Decision = 0, Drift = 0.0000
    Current accuracy: 0.7545, Loss: 0.6217
Current target domain: sketch
Round 13 took 1.150954008102417 seconds
    Round 13: Decision = 0, Drift = 0.0000
    Current accuracy: 0.7545, Loss: 0.6217
Current target domain: sketch
Round 14 took 1.2339451313018799 seconds
    Round 14: Decision = 0, Drift = 0.0000
    Current accuracy: 0.7545, Loss: 0.6217
Current target domain: sketch
Round 15 took 1.2432219982147217 seconds
    Round 15: Decision = 0, Drift = 0.0000
    Current accuracy: 0.7545, Loss: 0.6217
Current target domain: sketch
Round 16 took 1.1557788848876953 seconds
    Round 16: Decision = 0, Drift = 0.0000
    Current accuracy: 0.7545, Loss: 0.6217
Current target domain: sketch
Round 17 took 1.2007758617401123 seconds
    Round 17: Decision = 0, Drift = 0.0000
    Current accuracy: 0.7545, Loss: 0.6217
Current target domain: sketch
Round 18 took 1.1831755638122559 seconds
    Round 18: Decision = 0, Drift = 0.0000
    Current accuracy: 0.7545, Loss: 0.6217
Current target domain: sketch
Round 19 took 1.240804672241211 seconds
    Round 19: Decision = 0, Drift = 0.0000
    Current accuracy: 0.7545, Loss: 0.6217
Current target domain: sketch
Round 20 took 1.176994800567627 seconds
    Round 20: Decision = 0, Drift = 0.0000
    Current accuracy: 0.7545, Loss: 0.6217
Current target domain: sketch
Round 21 took 1.2265048027038574 seconds
    Round 21: Decision = 0, Drift = 0.0000
    Current accuracy: 0.7545, Loss: 0.6217
Current target domain: sketch
Round 22 took 1.1559011936187744 seconds
    Round 22: Decision = 0, Drift = 0.0000
    Current accuracy: 0.7545, Loss: 0.6217
Current target domain: sketch
Round 23 took 1.0818686485290527 seconds
    Round 23: Decision = 0, Drift = 0.0000
    Current accuracy: 0.7545, Loss: 0.6217
Current target domain: sketch
Round 24 took 1.0964648723602295 seconds
    Round 24: Decision = 0, Drift = 0.0000
    Current accuracy: 0.7545, Loss: 0.6217
Current target domain: sketch
Average loss over 1 updates: 1.6382
Round 25 took 12.79682469367981 seconds
    Round 25: Decision = 1, Drift = 0.5000
    Current accuracy: 0.4731, Loss: 3.1674
Current target domain: sketch
Average loss over 1 updates: 2.5230
Round 26 took 12.820822954177856 seconds
    Round 26: Decision = 1, Drift = 0.5000
    Current accuracy: 0.1497, Loss: 4.1494
Current target domain: sketch
Average loss over 1 updates: 2.2186
Round 27 took 2.3235249519348145 seconds
    Round 27: Decision = 1, Drift = 0.0000
    Current accuracy: 0.1497, Loss: 22.6503
Current target domain: sketch
Round 28 took 1.2032995223999023 seconds
    Round 28: Decision = 0, Drift = 0.0000
    Current accuracy: 0.1497, Loss: 13.9343
Current target domain: sketch
Average loss over 1 updates: 1.6708
Round 29 took 2.4545302391052246 seconds
    Round 29: Decision = 1, Drift = 0.0000
    Current accuracy: 0.1497, Loss: 13.9343
Current target domain: sketch
Round 30 took 1.2305498123168945 seconds
    Round 30: Decision = 0, Drift = 0.0000
    Current accuracy: 0.1497, Loss: 5.2397
Current target domain: sketch
Average loss over 1 updates: 1.4430
Round 31 took 2.501716136932373 seconds
    Round 31: Decision = 1, Drift = 0.0000
    Current accuracy: 0.1737, Loss: 5.2397
Current target domain: sketch
Round 32 took 1.2327280044555664 seconds
    Round 32: Decision = 0, Drift = 0.0000
    Current accuracy: 0.1737, Loss: 3.2658
Current target domain: sketch
Average loss over 1 updates: 1.2994
Round 33 took 2.3920793533325195 seconds
    Round 33: Decision = 1, Drift = 0.0000
    Current accuracy: 0.1497, Loss: 3.2658
Current target domain: sketch
Average loss over 1 updates: 1.1613
Round 34 took 2.3029046058654785 seconds
    Round 34: Decision = 1, Drift = 0.0000
    Current accuracy: 0.2275, Loss: 5.9508
Current target domain: sketch
Round 35 took 1.1622028350830078 seconds
    Round 35: Decision = 0, Drift = 0.0000
    Current accuracy: 0.2275, Loss: 2.2480
Current target domain: sketch
Round 36 took 1.171250343322754 seconds
    Round 36: Decision = 0, Drift = 0.0000
    Current accuracy: 0.2275, Loss: 2.2480
Current target domain: sketch
Round 37 took 1.1489779949188232 seconds
    Round 37: Decision = 0, Drift = 0.0000
    Current accuracy: 0.2275, Loss: 2.2480
Current target domain: sketch
Round 38 took 1.1354200839996338 seconds
    Round 38: Decision = 0, Drift = 0.0000
    Current accuracy: 0.2275, Loss: 2.2480
Current target domain: sketch
Round 39 took 1.189706563949585 seconds
    Round 39: Decision = 0, Drift = 0.0000
    Current accuracy: 0.2275, Loss: 2.2480
Current target domain: sketch
Round 40 took 1.1685328483581543 seconds
    Round 40: Decision = 0, Drift = 0.0000
    Current accuracy: 0.2275, Loss: 2.2480
Current target domain: sketch
Round 41 took 1.1596264839172363 seconds
    Round 41: Decision = 0, Drift = 0.0000
    Current accuracy: 0.2275, Loss: 2.2480
Current target domain: sketch
Round 42 took 1.2631475925445557 seconds
    Round 42: Decision = 0, Drift = 0.0000
    Current accuracy: 0.2275, Loss: 2.2480
Current target domain: sketch
Round 43 took 1.1466953754425049 seconds
    Round 43: Decision = 0, Drift = 0.0000
    Current accuracy: 0.2275, Loss: 2.2480
Current target domain: sketch
Round 44 took 1.2618463039398193 seconds
    Round 44: Decision = 0, Drift = 0.0000
    Current accuracy: 0.2275, Loss: 2.2480
Current target domain: sketch
Round 45 took 1.2059385776519775 seconds
    Round 45: Decision = 0, Drift = 0.0000
    Current accuracy: 0.2275, Loss: 2.2480
Current target domain: sketch
Round 46 took 1.1636197566986084 seconds
    Round 46: Decision = 0, Drift = 0.0000
    Current accuracy: 0.2275, Loss: 2.2480
Current target domain: sketch
Round 47 took 1.2328011989593506 seconds
    Round 47: Decision = 0, Drift = 0.0000
    Current accuracy: 0.2275, Loss: 2.2480
Current target domain: sketch
Round 48 took 1.143399715423584 seconds
    Round 48: Decision = 0, Drift = 0.0000
    Current accuracy: 0.2275, Loss: 2.2480
Current target domain: sketch
Round 49 took 1.1701016426086426 seconds
    Round 49: Decision = 0, Drift = 0.0000
    Current accuracy: 0.2275, Loss: 2.2480
Current target domain: sketch
Round 50 took 1.137751817703247 seconds
    Round 50: Decision = 0, Drift = 0.0000
    Current accuracy: 0.2275, Loss: 2.2480
Current target domain: sketch
Round 51 took 1.216705083847046 seconds
    Round 51: Decision = 0, Drift = 0.0000
    Current accuracy: 0.2275, Loss: 2.2480
Current target domain: sketch
Round 52 took 1.3084514141082764 seconds
    Round 52: Decision = 0, Drift = 0.0000
    Current accuracy: 0.2275, Loss: 2.2480
Current target domain: sketch
Round 53 took 1.1346852779388428 seconds
    Round 53: Decision = 0, Drift = 0.0000
    Current accuracy: 0.2275, Loss: 2.2480
Current target domain: sketch
Round 54 took 1.2472524642944336 seconds
    Round 54: Decision = 0, Drift = 0.0000
    Current accuracy: 0.2275, Loss: 2.2480
Current target domain: sketch
Round 55 took 1.1560463905334473 seconds
    Round 55: Decision = 0, Drift = 0.0000
    Current accuracy: 0.2275, Loss: 2.2480
Current target domain: sketch
Round 56 took 1.1989829540252686 seconds
    Round 56: Decision = 0, Drift = 0.0000
    Current accuracy: 0.2275, Loss: 2.2480
Current target domain: sketch
Round 57 took 1.2062511444091797 seconds
    Round 57: Decision = 0, Drift = 0.0000
    Current accuracy: 0.2275, Loss: 2.2480
Current target domain: sketch
Round 58 took 1.211554765701294 seconds
    Round 58: Decision = 0, Drift = 0.0000
    Current accuracy: 0.2275, Loss: 2.2480
Current target domain: sketch
Average loss over 1 updates: 1.0849
Round 59 took 2.3001885414123535 seconds
    Round 59: Decision = 1, Drift = 0.0000
    Current accuracy: 0.1856, Loss: 2.2480
Current target domain: sketch
Average loss over 1 updates: 1.0368
Round 60 took 2.396465539932251 seconds
    Round 60: Decision = 1, Drift = 0.0000
    Current accuracy: 0.1976, Loss: 2.9251
Current target domain: sketch
Round 61 took 1.201308250427246 seconds
    Round 61: Decision = 0, Drift = 0.0000
    Current accuracy: 0.1976, Loss: 2.1283
Current target domain: sketch
Round 62 took 1.1558964252471924 seconds
    Round 62: Decision = 0, Drift = 0.0000
    Current accuracy: 0.1976, Loss: 2.1283
Current target domain: sketch
Round 63 took 1.141984462738037 seconds
    Round 63: Decision = 0, Drift = 0.0000
    Current accuracy: 0.1976, Loss: 2.1283
Current target domain: sketch
Round 64 took 1.2937912940979004 seconds
    Round 64: Decision = 0, Drift = 0.0000
    Current accuracy: 0.1976, Loss: 2.1283
Current target domain: sketch
Round 65 took 1.2797508239746094 seconds
    Round 65: Decision = 0, Drift = 0.0000
    Current accuracy: 0.1976, Loss: 2.1283
Current target domain: sketch
Round 66 took 1.3070096969604492 seconds
    Round 66: Decision = 0, Drift = 0.0000
    Current accuracy: 0.1976, Loss: 2.1283
Current target domain: sketch
Round 67 took 1.1703312397003174 seconds
    Round 67: Decision = 0, Drift = 0.0000
    Current accuracy: 0.1976, Loss: 2.1283
Current target domain: sketch
Round 68 took 1.2984607219696045 seconds
    Round 68: Decision = 0, Drift = 0.0000
    Current accuracy: 0.1976, Loss: 2.1283
Current target domain: sketch
Round 69 took 1.2416038513183594 seconds
    Round 69: Decision = 0, Drift = 0.0000
    Current accuracy: 0.1976, Loss: 2.1283
Current target domain: sketch
Round 70 took 1.2505097389221191 seconds
    Round 70: Decision = 0, Drift = 0.0000
    Current accuracy: 0.1976, Loss: 2.1283
Current target domain: sketch
Round 71 took 1.276529312133789 seconds
    Round 71: Decision = 0, Drift = 0.0000
    Current accuracy: 0.1976, Loss: 2.1283
Current target domain: sketch
Round 72 took 1.203979253768921 seconds
    Round 72: Decision = 0, Drift = 0.0000
    Current accuracy: 0.1976, Loss: 2.1283
Current target domain: sketch
Round 73 took 1.193648099899292 seconds
    Round 73: Decision = 0, Drift = 0.0000
    Current accuracy: 0.1976, Loss: 2.1283
Current target domain: sketch
Round 74 took 1.248305320739746 seconds
    Round 74: Decision = 0, Drift = 0.0000
    Current accuracy: 0.1976, Loss: 2.1283
Current target domain: sketch
Round 75 took 1.2270660400390625 seconds
    Round 75: Decision = 0, Drift = 0.0000
    Current accuracy: 0.1976, Loss: 2.1283
Current target domain: sketch
Round 76 took 1.2453677654266357 seconds
    Round 76: Decision = 0, Drift = 0.0000
    Current accuracy: 0.1976, Loss: 2.1283
Current target domain: sketch
Round 77 took 1.2380104064941406 seconds
    Round 77: Decision = 0, Drift = 0.0000
    Current accuracy: 0.1976, Loss: 2.1283
Current target domain: sketch
Round 78 took 1.300339937210083 seconds
    Round 78: Decision = 0, Drift = 0.0000
    Current accuracy: 0.1976, Loss: 2.1283
Current target domain: sketch
Round 79 took 1.2129855155944824 seconds
    Round 79: Decision = 0, Drift = 0.0000
    Current accuracy: 0.1976, Loss: 2.1283
Current target domain: sketch
Round 80 took 1.189007043838501 seconds
    Round 80: Decision = 0, Drift = 0.0000
    Current accuracy: 0.1976, Loss: 2.1283
Current target domain: sketch
Round 81 took 1.2246553897857666 seconds
    Round 81: Decision = 0, Drift = 0.0000
    Current accuracy: 0.1976, Loss: 2.1283
Current target domain: sketch
Average loss over 1 updates: 0.9944
Round 82 took 2.456000804901123 seconds
    Round 82: Decision = 1, Drift = 0.0000
    Current accuracy: 0.2156, Loss: 2.1283
Current target domain: sketch
Average loss over 1 updates: 0.9672
Round 83 took 2.4558894634246826 seconds
    Round 83: Decision = 1, Drift = 0.0000
    Current accuracy: 0.1796, Loss: 2.7963
Current target domain: sketch
Round 84 took 1.2742962837219238 seconds
    Round 84: Decision = 0, Drift = 0.0000
    Current accuracy: 0.1796, Loss: 2.3280
Current target domain: sketch
Round 85 took 1.292539119720459 seconds
    Round 85: Decision = 0, Drift = 0.0000
    Current accuracy: 0.1796, Loss: 2.3280
Current target domain: sketch
Round 86 took 1.336761474609375 seconds
    Round 86: Decision = 0, Drift = 0.0000
    Current accuracy: 0.1796, Loss: 2.3280
Current target domain: sketch
Round 87 took 1.2579030990600586 seconds
    Round 87: Decision = 0, Drift = 0.0000
    Current accuracy: 0.1796, Loss: 2.3280
Current target domain: sketch
Round 88 took 1.3236429691314697 seconds
    Round 88: Decision = 0, Drift = 0.0000
    Current accuracy: 0.1796, Loss: 2.3280
Current target domain: sketch
Round 89 took 1.2618262767791748 seconds
    Round 89: Decision = 0, Drift = 0.0000
    Current accuracy: 0.1796, Loss: 2.3280
Current target domain: sketch
Round 90 took 1.2239699363708496 seconds
    Round 90: Decision = 0, Drift = 0.0000
    Current accuracy: 0.1796, Loss: 2.3280
Current target domain: sketch
Round 91 took 1.362793207168579 seconds
    Round 91: Decision = 0, Drift = 0.0000
    Current accuracy: 0.1796, Loss: 2.3280
Current target domain: sketch
Round 92 took 1.3491697311401367 seconds
    Round 92: Decision = 0, Drift = 0.0000
    Current accuracy: 0.1796, Loss: 2.3280
Current target domain: sketch
Round 93 took 1.1829864978790283 seconds
    Round 93: Decision = 0, Drift = 0.0000
    Current accuracy: 0.1796, Loss: 2.3280
Current target domain: sketch
Round 94 took 1.2265708446502686 seconds
    Round 94: Decision = 0, Drift = 0.0000
    Current accuracy: 0.1796, Loss: 2.3280
Current target domain: sketch
Round 95 took 1.2575578689575195 seconds
    Round 95: Decision = 0, Drift = 0.0000
    Current accuracy: 0.1796, Loss: 2.3280
Current target domain: sketch
Round 96 took 1.238774299621582 seconds
    Round 96: Decision = 0, Drift = 0.0000
    Current accuracy: 0.1796, Loss: 2.3280
Current target domain: sketch
Average loss over 1 updates: 0.9400
Round 97 took 2.543006658554077 seconds
    Round 97: Decision = 1, Drift = 0.0000
    Current accuracy: 0.1557, Loss: 2.3280
Current target domain: sketch
Average loss over 1 updates: 0.9558
Round 98 took 2.526538372039795 seconds
    Round 98: Decision = 1, Drift = 0.0000
    Current accuracy: 0.1677, Loss: 4.5371
Current target domain: sketch
Round 99 took 1.1531283855438232 seconds
    Round 99: Decision = 0, Drift = 0.0000
    Current accuracy: 0.1677, Loss: 2.3463
Current target domain: sketch
Round 100 took 1.25892972946167 seconds
    Round 100: Decision = 0, Drift = 0.0000
    Current accuracy: 0.1677, Loss: 2.3463
Current target domain: sketch
Round 101 took 1.2975881099700928 seconds
    Round 101: Decision = 0, Drift = 0.0000
    Current accuracy: 0.1677, Loss: 2.3463
Current target domain: sketch
Round 102 took 1.1635138988494873 seconds
    Round 102: Decision = 0, Drift = 0.0000
    Current accuracy: 0.1677, Loss: 2.3463
Current target domain: sketch
Round 103 took 1.2026491165161133 seconds
    Round 103: Decision = 0, Drift = 0.0000
    Current accuracy: 0.1677, Loss: 2.3463
Current target domain: sketch
Round 104 took 1.1712510585784912 seconds
    Round 104: Decision = 0, Drift = 0.0000
    Current accuracy: 0.1677, Loss: 2.3463
Current target domain: sketch
Round 105 took 1.2245728969573975 seconds
    Round 105: Decision = 0, Drift = 0.0000
    Current accuracy: 0.1677, Loss: 2.3463
Current target domain: sketch
Round 106 took 1.1966571807861328 seconds
    Round 106: Decision = 0, Drift = 0.0000
    Current accuracy: 0.1677, Loss: 2.3463
Current target domain: sketch
Round 107 took 1.2106139659881592 seconds
    Round 107: Decision = 0, Drift = 0.0000
    Current accuracy: 0.1677, Loss: 2.3463
Current target domain: sketch
Round 108 took 1.2312610149383545 seconds
    Round 108: Decision = 0, Drift = 0.0000
    Current accuracy: 0.1677, Loss: 2.3463
Current target domain: sketch
Round 109 took 1.251863718032837 seconds
    Round 109: Decision = 0, Drift = 0.0000
    Current accuracy: 0.1677, Loss: 2.3463
Current target domain: sketch
Round 110 took 1.2402582168579102 seconds
    Round 110: Decision = 0, Drift = 0.0000
    Current accuracy: 0.1677, Loss: 2.3463
Current target domain: sketch
Round 111 took 1.218658208847046 seconds
    Round 111: Decision = 0, Drift = 0.0000
    Current accuracy: 0.1677, Loss: 2.3463
Current target domain: sketch
Round 112 took 1.3093445301055908 seconds
    Round 112: Decision = 0, Drift = 0.0000
    Current accuracy: 0.1677, Loss: 2.3463
Current target domain: sketch
Round 113 took 1.2358636856079102 seconds
    Round 113: Decision = 0, Drift = 0.0000
    Current accuracy: 0.1677, Loss: 2.3463
Current target domain: sketch
Round 114 took 1.2022414207458496 seconds
    Round 114: Decision = 0, Drift = 0.0000
    Current accuracy: 0.1677, Loss: 2.3463
Current target domain: sketch
Round 115 took 1.2842087745666504 seconds
    Round 115: Decision = 0, Drift = 0.0000
    Current accuracy: 0.1677, Loss: 2.3463
Current target domain: sketch
Average loss over 1 updates: 0.8776
Round 116 took 2.47822642326355 seconds
    Round 116: Decision = 1, Drift = 0.0000
    Current accuracy: 0.1737, Loss: 2.3463
Current target domain: sketch
Average loss over 1 updates: 0.8709
Round 117 took 2.462801933288574 seconds
    Round 117: Decision = 1, Drift = 0.0000
    Current accuracy: 0.1737, Loss: 3.1496
Current target domain: sketch
Round 118 took 1.227285385131836 seconds
    Round 118: Decision = 0, Drift = 0.0000
    Current accuracy: 0.1737, Loss: 2.2143
Current target domain: sketch
Round 119 took 1.2072174549102783 seconds
    Round 119: Decision = 0, Drift = 0.0000
    Current accuracy: 0.1737, Loss: 2.2143
Current target domain: sketch
Round 120 took 1.199026107788086 seconds
    Round 120: Decision = 0, Drift = 0.0000
    Current accuracy: 0.1737, Loss: 2.2143
Current target domain: sketch
Round 121 took 1.181859016418457 seconds
    Round 121: Decision = 0, Drift = 0.0000
    Current accuracy: 0.1737, Loss: 2.2143
Current target domain: sketch
Round 122 took 1.256514310836792 seconds
    Round 122: Decision = 0, Drift = 0.0000
    Current accuracy: 0.1737, Loss: 2.2143
Current target domain: sketch
Round 123 took 1.3206589221954346 seconds
    Round 123: Decision = 0, Drift = 0.0000
    Current accuracy: 0.1737, Loss: 2.2143
Current target domain: sketch
Round 124 took 1.2950167655944824 seconds
    Round 124: Decision = 0, Drift = 0.0000
    Current accuracy: 0.1737, Loss: 2.2143
Current target domain: sketch
Average loss over 1 updates: 2.3178
Round 125 took 14.04365587234497 seconds
    Round 125: Decision = 1, Drift = 0.5000
    Current accuracy: 0.1976, Loss: 6.3314
Current target domain: cartoon
Average loss over 1 updates: 2.2279
Round 126 took 12.527777910232544 seconds
    Round 126: Decision = 1, Drift = 0.5000
    Current accuracy: 0.1677, Loss: 15.8142
Current target domain: cartoon
Round 127 took 1.296548843383789 seconds
    Round 127: Decision = 0, Drift = 0.0000
    Current accuracy: 0.1677, Loss: 11.1579
Current target domain: cartoon
Average loss over 1 updates: 1.5231
Round 128 took 2.4079172611236572 seconds
    Round 128: Decision = 1, Drift = 0.0000
    Current accuracy: 0.2395, Loss: 11.1579
Current target domain: cartoon
Round 129 took 1.3416650295257568 seconds
    Round 129: Decision = 0, Drift = 0.0000
    Current accuracy: 0.2395, Loss: 4.1462
Current target domain: cartoon
Average loss over 1 updates: 1.2153
Round 130 took 2.381574869155884 seconds
    Round 130: Decision = 1, Drift = 0.0000
    Current accuracy: 0.2156, Loss: 4.1462
Current target domain: cartoon
Average loss over 1 updates: 1.0564
Round 131 took 2.621455669403076 seconds
    Round 131: Decision = 1, Drift = 0.0000
    Current accuracy: 0.3114, Loss: 8.4651
Current target domain: cartoon
Round 132 took 1.1900203227996826 seconds
    Round 132: Decision = 0, Drift = 0.0000
    Current accuracy: 0.3114, Loss: 3.3656
Current target domain: cartoon
Round 133 took 1.2360038757324219 seconds
    Round 133: Decision = 0, Drift = 0.0000
    Current accuracy: 0.3114, Loss: 3.3656
Current target domain: cartoon
Round 134 took 1.2976484298706055 seconds
    Round 134: Decision = 0, Drift = 0.0000
    Current accuracy: 0.3114, Loss: 3.3656
Current target domain: cartoon
Round 135 took 1.2377231121063232 seconds
    Round 135: Decision = 0, Drift = 0.0000
    Current accuracy: 0.3114, Loss: 3.3656
Current target domain: cartoon
Round 136 took 1.2739908695220947 seconds
    Round 136: Decision = 0, Drift = 0.0000
    Current accuracy: 0.3114, Loss: 3.3656
Current target domain: cartoon
Round 137 took 1.1838631629943848 seconds
    Round 137: Decision = 0, Drift = 0.0000
    Current accuracy: 0.3114, Loss: 3.3656
Current target domain: cartoon
Round 138 took 1.2734169960021973 seconds
    Round 138: Decision = 0, Drift = 0.0000
    Current accuracy: 0.3114, Loss: 3.3656
Current target domain: cartoon
Round 139 took 1.1853115558624268 seconds
    Round 139: Decision = 0, Drift = 0.0000
    Current accuracy: 0.3114, Loss: 3.3656
Current target domain: cartoon
Round 140 took 1.2467617988586426 seconds
    Round 140: Decision = 0, Drift = 0.0000
    Current accuracy: 0.3114, Loss: 3.3656
Current target domain: cartoon
Round 141 took 1.4342808723449707 seconds
    Round 141: Decision = 0, Drift = 0.0000
    Current accuracy: 0.3114, Loss: 3.3656
Current target domain: cartoon
Round 142 took 1.2501416206359863 seconds
    Round 142: Decision = 0, Drift = 0.0000
    Current accuracy: 0.3114, Loss: 3.3656
Current target domain: cartoon
Round 143 took 1.2572965621948242 seconds
    Round 143: Decision = 0, Drift = 0.0000
    Current accuracy: 0.3114, Loss: 3.3656
Current target domain: cartoon
Round 144 took 1.2510690689086914 seconds
    Round 144: Decision = 0, Drift = 0.0000
    Current accuracy: 0.3114, Loss: 3.3656
Current target domain: cartoon
Round 145 took 1.1833906173706055 seconds
    Round 145: Decision = 0, Drift = 0.0000
    Current accuracy: 0.3114, Loss: 3.3656
Current target domain: cartoon
Round 146 took 1.2808775901794434 seconds
    Round 146: Decision = 0, Drift = 0.0000
    Current accuracy: 0.3114, Loss: 3.3656
Current target domain: cartoon
Round 147 took 1.279569149017334 seconds
    Round 147: Decision = 0, Drift = 0.0000
    Current accuracy: 0.3114, Loss: 3.3656
Current target domain: cartoon
Round 148 took 1.2376723289489746 seconds
    Round 148: Decision = 0, Drift = 0.0000
    Current accuracy: 0.3114, Loss: 3.3656
Current target domain: cartoon
Round 149 took 1.248701810836792 seconds
    Round 149: Decision = 0, Drift = 0.0000
    Current accuracy: 0.3114, Loss: 3.3656
Current target domain: cartoon
Round 150 took 1.2761332988739014 seconds
    Round 150: Decision = 0, Drift = 0.0000
    Current accuracy: 0.3114, Loss: 3.3656
Current target domain: cartoon
Round 151 took 1.1906123161315918 seconds
    Round 151: Decision = 0, Drift = 0.0000
    Current accuracy: 0.3114, Loss: 3.3656
Current target domain: cartoon
Round 152 took 1.19865083694458 seconds
    Round 152: Decision = 0, Drift = 0.0000
    Current accuracy: 0.3114, Loss: 3.3656
Current target domain: cartoon
Round 153 took 1.22896146774292 seconds
    Round 153: Decision = 0, Drift = 0.0000
    Current accuracy: 0.3114, Loss: 3.3656
Current target domain: cartoon
Round 154 took 1.1865384578704834 seconds
    Round 154: Decision = 0, Drift = 0.0000
    Current accuracy: 0.3114, Loss: 3.3656
Current target domain: cartoon
Round 155 took 1.2132084369659424 seconds
    Round 155: Decision = 0, Drift = 0.0000
    Current accuracy: 0.3114, Loss: 3.3656
Current target domain: cartoon
Round 156 took 1.2045958042144775 seconds
    Round 156: Decision = 0, Drift = 0.0000
    Current accuracy: 0.3114, Loss: 3.3656
Current target domain: cartoon
Round 157 took 1.1853175163269043 seconds
    Round 157: Decision = 0, Drift = 0.0000
    Current accuracy: 0.3114, Loss: 3.3656
Current target domain: cartoon
Round 158 took 1.3082780838012695 seconds
    Round 158: Decision = 0, Drift = 0.0000
    Current accuracy: 0.3114, Loss: 3.3656
Current target domain: cartoon
Round 159 took 1.1997087001800537 seconds
    Round 159: Decision = 0, Drift = 0.0000
    Current accuracy: 0.3114, Loss: 3.3656
Current target domain: cartoon
Round 160 took 1.326092004776001 seconds
    Round 160: Decision = 0, Drift = 0.0000
    Current accuracy: 0.3114, Loss: 3.3656
Current target domain: cartoon
Average loss over 1 updates: 0.9700
Round 161 took 2.350175619125366 seconds
    Round 161: Decision = 1, Drift = 0.0000
    Current accuracy: 0.2575, Loss: 3.3656
Current target domain: cartoon
Average loss over 1 updates: 0.8864
Round 162 took 2.4767544269561768 seconds
    Round 162: Decision = 1, Drift = 0.0000
    Current accuracy: 0.3473, Loss: 4.5779
Current target domain: cartoon
Round 163 took 1.290524959564209 seconds
    Round 163: Decision = 0, Drift = 0.0000
    Current accuracy: 0.3473, Loss: 2.3928
Current target domain: cartoon
Round 164 took 1.3283700942993164 seconds
    Round 164: Decision = 0, Drift = 0.0000
    Current accuracy: 0.3473, Loss: 2.3928
Current target domain: cartoon
Round 165 took 1.3293211460113525 seconds
    Round 165: Decision = 0, Drift = 0.0000
    Current accuracy: 0.3473, Loss: 2.3928
Current target domain: cartoon
Round 166 took 1.276597499847412 seconds
    Round 166: Decision = 0, Drift = 0.0000
    Current accuracy: 0.3473, Loss: 2.3928
Current target domain: cartoon
Round 167 took 1.2404074668884277 seconds
    Round 167: Decision = 0, Drift = 0.0000
    Current accuracy: 0.3473, Loss: 2.3928
Current target domain: cartoon
Round 168 took 1.245246410369873 seconds
    Round 168: Decision = 0, Drift = 0.0000
    Current accuracy: 0.3473, Loss: 2.3928
Current target domain: cartoon
Round 169 took 1.230015754699707 seconds
    Round 169: Decision = 0, Drift = 0.0000
    Current accuracy: 0.3473, Loss: 2.3928
Current target domain: cartoon
Round 170 took 1.2460575103759766 seconds
    Round 170: Decision = 0, Drift = 0.0000
    Current accuracy: 0.3473, Loss: 2.3928
Current target domain: cartoon
Round 171 took 1.2366759777069092 seconds
    Round 171: Decision = 0, Drift = 0.0000
    Current accuracy: 0.3473, Loss: 2.3928
Current target domain: cartoon
Round 172 took 1.2332754135131836 seconds
    Round 172: Decision = 0, Drift = 0.0000
    Current accuracy: 0.3473, Loss: 2.3928
Current target domain: cartoon
Round 173 took 1.269441843032837 seconds
    Round 173: Decision = 0, Drift = 0.0000
    Current accuracy: 0.3473, Loss: 2.3928
Current target domain: cartoon
Round 174 took 1.197258472442627 seconds
    Round 174: Decision = 0, Drift = 0.0000
    Current accuracy: 0.3473, Loss: 2.3928
Current target domain: cartoon
Round 175 took 1.1480817794799805 seconds
    Round 175: Decision = 0, Drift = 0.0000
    Current accuracy: 0.3473, Loss: 2.3928
Current target domain: cartoon
Round 176 took 1.2335336208343506 seconds
    Round 176: Decision = 0, Drift = 0.0000
    Current accuracy: 0.3473, Loss: 2.3928
Current target domain: cartoon
Round 177 took 1.2286620140075684 seconds
    Round 177: Decision = 0, Drift = 0.0000
    Current accuracy: 0.3473, Loss: 2.3928
Current target domain: cartoon
Round 178 took 1.2379565238952637 seconds
    Round 178: Decision = 0, Drift = 0.0000
    Current accuracy: 0.3473, Loss: 2.3928
Current target domain: cartoon
Round 179 took 1.21492338180542 seconds
    Round 179: Decision = 0, Drift = 0.0000
    Current accuracy: 0.3473, Loss: 2.3928
Current target domain: cartoon
Round 180 took 1.22599458694458 seconds
    Round 180: Decision = 0, Drift = 0.0000
    Current accuracy: 0.3473, Loss: 2.3928
Current target domain: cartoon
Round 181 took 1.2159862518310547 seconds
    Round 181: Decision = 0, Drift = 0.0000
    Current accuracy: 0.3473, Loss: 2.3928
Current target domain: cartoon
Round 182 took 1.314159631729126 seconds
    Round 182: Decision = 0, Drift = 0.0000
    Current accuracy: 0.3473, Loss: 2.3928
Current target domain: cartoon
Round 183 took 1.2170429229736328 seconds
    Round 183: Decision = 0, Drift = 0.0000
    Current accuracy: 0.3473, Loss: 2.3928
Current target domain: cartoon
Round 184 took 1.1637372970581055 seconds
    Round 184: Decision = 0, Drift = 0.0000
    Current accuracy: 0.3473, Loss: 2.3928
Current target domain: cartoon
Round 185 took 1.2133057117462158 seconds
    Round 185: Decision = 0, Drift = 0.0000
    Current accuracy: 0.3473, Loss: 2.3928
Current target domain: cartoon
Round 186 took 1.2173378467559814 seconds
    Round 186: Decision = 0, Drift = 0.0000
    Current accuracy: 0.3473, Loss: 2.3928
Current target domain: cartoon
Round 187 took 1.335120439529419 seconds
    Round 187: Decision = 0, Drift = 0.0000
    Current accuracy: 0.3473, Loss: 2.3928
Current target domain: cartoon
Round 188 took 1.1970508098602295 seconds
    Round 188: Decision = 0, Drift = 0.0000
    Current accuracy: 0.3473, Loss: 2.3928
Current target domain: cartoon
Round 189 took 1.2828161716461182 seconds
    Round 189: Decision = 0, Drift = 0.0000
    Current accuracy: 0.3473, Loss: 2.3928
Current target domain: cartoon
Round 190 took 1.2014672756195068 seconds
    Round 190: Decision = 0, Drift = 0.0000
    Current accuracy: 0.3473, Loss: 2.3928
Current target domain: cartoon
Round 191 took 1.2151741981506348 seconds
    Round 191: Decision = 0, Drift = 0.0000
    Current accuracy: 0.3473, Loss: 2.3928
Current target domain: cartoon
Round 192 took 1.2307019233703613 seconds
    Round 192: Decision = 0, Drift = 0.0000
    Current accuracy: 0.3473, Loss: 2.3928
Current target domain: cartoon
Round 193 took 1.2411303520202637 seconds
    Round 193: Decision = 0, Drift = 0.0000
    Current accuracy: 0.3473, Loss: 2.3928
Current target domain: cartoon
Round 194 took 1.2634093761444092 seconds
    Round 194: Decision = 0, Drift = 0.0000
    Current accuracy: 0.3473, Loss: 2.3928
Current target domain: cartoon
Round 195 took 1.2565183639526367 seconds
    Round 195: Decision = 0, Drift = 0.0000
    Current accuracy: 0.3473, Loss: 2.3928
Current target domain: cartoon
Round 196 took 1.1585776805877686 seconds
    Round 196: Decision = 0, Drift = 0.0000
    Current accuracy: 0.3473, Loss: 2.3928
Current target domain: cartoon
Round 197 took 1.2674496173858643 seconds
    Round 197: Decision = 0, Drift = 0.0000
    Current accuracy: 0.3473, Loss: 2.3928
Current target domain: cartoon
Round 198 took 1.2122960090637207 seconds
    Round 198: Decision = 0, Drift = 0.0000
    Current accuracy: 0.3473, Loss: 2.3928
Current target domain: cartoon
Round 199 took 1.1780710220336914 seconds
    Round 199: Decision = 0, Drift = 0.0000
    Current accuracy: 0.3473, Loss: 2.3928
Current target domain: cartoon
Average time per round: 1.5717248106002808
Total time: 314.34496212005615
