Using the latest cached version of the dataset since flwrlabs/pacs couldn't be found on the Hugging Face Hub
Found the latest cached dataset configuration 'default' at /home/apiasecz/.cache/huggingface/datasets/flwrlabs___pacs/default/0.0.0/394113073258ead631f617d2e13bb377c0715c4b (last modified on Wed Jan 29 16:59:35 2025).
Using the latest cached version of the dataset since flwrlabs/pacs couldn't be found on the Hugging Face Hub
Found the latest cached dataset configuration 'default' at /home/apiasecz/.cache/huggingface/datasets/flwrlabs___pacs/default/0.0.0/394113073258ead631f617d2e13bb377c0715c4b (last modified on Wed Jan 29 16:59:35 2025).
Using the latest cached version of the dataset since flwrlabs/pacs couldn't be found on the Hugging Face Hub
Found the latest cached dataset configuration 'default' at /home/apiasecz/.cache/huggingface/datasets/flwrlabs___pacs/default/0.0.0/394113073258ead631f617d2e13bb377c0715c4b (last modified on Wed Jan 29 16:59:35 2025).
Device: cuda
CUDA Version: 12.1
cuDNN Version: 8902
PyTorch Version: 2.3.0

Model used: PACSCNN
Initial dataset creation
Initial dataset creation
Initial loss: 54.76483154296875
<__main__.Policy object at 0x149caad7e870>
54.76483154296875
Loss historical diff: 4.45585823059082; Loss Difference: 0.0, Decision: 0
Round 1 took 5.187090873718262s, results:
{'t': 0, 'current_accuracy': 0.25, 'current_loss': 59.22068977355957, 'train_loss': None, 'decision': 0, 'drift_rate': 0.0, 'target_domains': ['sketch']}
Loss historical diff: 4.455862045288086; Loss Difference: 0.0, Decision: 0
Round 2 took 4.859103441238403s, results:
{'t': 1, 'current_accuracy': 0.25, 'current_loss': 59.220693588256836, 'train_loss': None, 'decision': 0, 'drift_rate': 0.0, 'target_domains': ['sketch']}
Loss historical diff: 4.455854415893555; Loss Difference: 0.0, Decision: 1
Average loss over 5 updates: 2.8851
Round 3 took 9.291139602661133s, results:
{'t': 2, 'current_accuracy': 0.25, 'current_loss': 59.220685958862305, 'train_loss': 2.8851258039474486, 'decision': 1, 'drift_rate': 0.0, 'target_domains': ['sketch']}
Loss historical diff: 49.09825897216797; Loss Difference: 0.0, Decision: 0
Round 4 took 5.849014043807983s, results:
{'t': 3, 'current_accuracy': 0.1796875, 'current_loss': 103.86309051513672, 'train_loss': None, 'decision': 0, 'drift_rate': 0.0, 'target_domains': ['sketch']}
Loss historical diff: 49.09825897216797; Loss Difference: 0.0, Decision: 0
Round 5 took 5.116758823394775s, results:
{'t': 4, 'current_accuracy': 0.1796875, 'current_loss': 103.86309051513672, 'train_loss': None, 'decision': 0, 'drift_rate': 0.0, 'target_domains': ['sketch']}
Loss historical diff: 49.0982666015625; Loss Difference: 0.0, Decision: 0
Round 6 took 5.205588340759277s, results:
{'t': 5, 'current_accuracy': 0.1796875, 'current_loss': 103.86309814453125, 'train_loss': None, 'decision': 0, 'drift_rate': 0.0, 'target_domains': ['sketch']}
Loss historical diff: 49.098270416259766; Loss Difference: 0.0, Decision: 0
Round 7 took 5.373301982879639s, results:
{'t': 6, 'current_accuracy': 0.1796875, 'current_loss': 103.86310195922852, 'train_loss': None, 'decision': 0, 'drift_rate': 0.0, 'target_domains': ['sketch']}
Loss historical diff: 49.0982551574707; Loss Difference: 0.0, Decision: 0
Round 8 took 5.753579378128052s, results:
{'t': 7, 'current_accuracy': 0.1796875, 'current_loss': 103.86308670043945, 'train_loss': None, 'decision': 0, 'drift_rate': 0.0, 'target_domains': ['sketch']}
Loss historical diff: 49.0982666015625; Loss Difference: 0.0, Decision: 0
Round 9 took 5.290960073471069s, results:
{'t': 8, 'current_accuracy': 0.1796875, 'current_loss': 103.86309814453125, 'train_loss': None, 'decision': 0, 'drift_rate': 0.0, 'target_domains': ['sketch']}
Loss historical diff: 49.098262786865234; Loss Difference: 0.0, Decision: 0
Round 10 took 5.073498010635376s, results:
{'t': 9, 'current_accuracy': 0.1796875, 'current_loss': 103.86309432983398, 'train_loss': None, 'decision': 0, 'drift_rate': 0.0, 'target_domains': ['sketch']}
Loss historical diff: 49.0982666015625; Loss Difference: 0.0, Decision: 0
Round 11 took 4.468533277511597s, results:
{'t': 10, 'current_accuracy': 0.1796875, 'current_loss': 103.86309814453125, 'train_loss': None, 'decision': 0, 'drift_rate': 0.0, 'target_domains': ['sketch']}
Loss historical diff: 49.098262786865234; Loss Difference: 0.0, Decision: 1
Average loss over 5 updates: 1.0696
Round 12 took 7.589358568191528s, results:
{'t': 11, 'current_accuracy': 0.1796875, 'current_loss': 103.86309432983398, 'train_loss': 1.0696434497833252, 'decision': 1, 'drift_rate': 0.0, 'target_domains': ['sketch']}
Loss historical diff: 0.0; Loss Difference: 0.0, Decision: 0
Round 13 took 4.819950103759766s, results:
{'t': 12, 'current_accuracy': 0.203125, 'current_loss': 18.41523265838623, 'train_loss': None, 'decision': 0, 'drift_rate': 0.0, 'target_domains': ['sketch']}
Loss historical diff: 0.0; Loss Difference: 0.0, Decision: 0
Round 14 took 4.890998840332031s, results:
{'t': 13, 'current_accuracy': 0.203125, 'current_loss': 18.415230751037598, 'train_loss': None, 'decision': 0, 'drift_rate': 0.0, 'target_domains': ['sketch']}
Loss historical diff: 0.0; Loss Difference: 0.0, Decision: 0
Round 15 took 4.477380037307739s, results:
{'t': 14, 'current_accuracy': 0.203125, 'current_loss': 18.415230751037598, 'train_loss': None, 'decision': 0, 'drift_rate': 0.0, 'target_domains': ['sketch']}
Loss historical diff: 1.9073486328125e-06; Loss Difference: 0.0, Decision: 0
Round 16 took 4.903203010559082s, results:
{'t': 15, 'current_accuracy': 0.203125, 'current_loss': 18.41523265838623, 'train_loss': None, 'decision': 0, 'drift_rate': 0.0, 'target_domains': ['sketch']}
Loss historical diff: 0.0; Loss Difference: 0.0, Decision: 0
Round 17 took 5.166559219360352s, results:
{'t': 16, 'current_accuracy': 0.203125, 'current_loss': 18.415230751037598, 'train_loss': None, 'decision': 0, 'drift_rate': 0.0, 'target_domains': ['sketch']}
Loss historical diff: 1.9073486328125e-06; Loss Difference: 0.0, Decision: 0
Round 18 took 4.398612022399902s, results:
{'t': 17, 'current_accuracy': 0.203125, 'current_loss': 18.41523265838623, 'train_loss': None, 'decision': 0, 'drift_rate': 0.0, 'target_domains': ['sketch']}
Loss historical diff: 9.5367431640625e-07; Loss Difference: 0.0, Decision: 0
Round 19 took 4.12216854095459s, results:
{'t': 18, 'current_accuracy': 0.203125, 'current_loss': 18.415231704711914, 'train_loss': None, 'decision': 0, 'drift_rate': 0.0, 'target_domains': ['sketch']}
Loss historical diff: 0.0; Loss Difference: 0.0, Decision: 0
Round 20 took 4.69085693359375s, results:
{'t': 19, 'current_accuracy': 0.203125, 'current_loss': 18.41522789001465, 'train_loss': None, 'decision': 0, 'drift_rate': 0.0, 'target_domains': ['sketch']}
Loss historical diff: 5.7220458984375e-06; Loss Difference: 0.0, Decision: 0
Round 21 took 4.22544264793396s, results:
{'t': 20, 'current_accuracy': 0.203125, 'current_loss': 18.415233612060547, 'train_loss': None, 'decision': 0, 'drift_rate': 0.0, 'target_domains': ['sketch']}
Loss historical diff: 7.62939453125e-06; Loss Difference: 0.0, Decision: 0
Round 22 took 4.211111068725586s, results:
{'t': 21, 'current_accuracy': 0.203125, 'current_loss': 18.41523551940918, 'train_loss': None, 'decision': 0, 'drift_rate': 0.0, 'target_domains': ['sketch']}
Loss historical diff: 4.76837158203125e-06; Loss Difference: 0.0, Decision: 0
Round 23 took 4.417867422103882s, results:
{'t': 22, 'current_accuracy': 0.203125, 'current_loss': 18.41523265838623, 'train_loss': None, 'decision': 0, 'drift_rate': 0.0, 'target_domains': ['sketch']}
Loss historical diff: 8.58306884765625e-06; Loss Difference: 0.0, Decision: 0
Round 24 took 4.409185886383057s, results:
{'t': 23, 'current_accuracy': 0.203125, 'current_loss': 18.415236473083496, 'train_loss': None, 'decision': 0, 'drift_rate': 0.0, 'target_domains': ['sketch']}
Loss historical diff: 6.67572021484375e-06; Loss Difference: 0.0, Decision: 0
Round 25 took 4.437013626098633s, results:
{'t': 24, 'current_accuracy': 0.203125, 'current_loss': 18.415234565734863, 'train_loss': None, 'decision': 0, 'drift_rate': 0.0, 'target_domains': ['sketch']}
Loss historical diff: 2.86102294921875e-06; Loss Difference: 0.0, Decision: 0
Round 26 took 4.458397626876831s, results:
{'t': 25, 'current_accuracy': 0.203125, 'current_loss': 18.415230751037598, 'train_loss': None, 'decision': 0, 'drift_rate': 0.0, 'target_domains': ['sketch']}
Loss historical diff: 9.5367431640625e-07; Loss Difference: 0.0, Decision: 0
Round 27 took 3.9597082138061523s, results:
{'t': 26, 'current_accuracy': 0.203125, 'current_loss': 18.415228843688965, 'train_loss': None, 'decision': 0, 'drift_rate': 0.0, 'target_domains': ['sketch']}
Loss historical diff: 4.76837158203125e-06; Loss Difference: 0.0, Decision: 0
Round 28 took 4.322461366653442s, results:
{'t': 27, 'current_accuracy': 0.203125, 'current_loss': 18.41523265838623, 'train_loss': None, 'decision': 0, 'drift_rate': 0.0, 'target_domains': ['sketch']}
Loss historical diff: 4.76837158203125e-06; Loss Difference: 0.0, Decision: 0
Round 29 took 4.366806983947754s, results:
{'t': 28, 'current_accuracy': 0.203125, 'current_loss': 18.41523265838623, 'train_loss': None, 'decision': 0, 'drift_rate': 0.0, 'target_domains': ['sketch']}
Loss historical diff: 2.86102294921875e-06; Loss Difference: 0.0, Decision: 0
Round 30 took 4.174292087554932s, results:
{'t': 29, 'current_accuracy': 0.203125, 'current_loss': 18.415230751037598, 'train_loss': None, 'decision': 0, 'drift_rate': 0.0, 'target_domains': ['sketch']}
Loss historical diff: 3.814697265625e-06; Loss Difference: 0.0, Decision: 0
Round 31 took 4.439238786697388s, results:
{'t': 30, 'current_accuracy': 0.203125, 'current_loss': 18.415231704711914, 'train_loss': None, 'decision': 0, 'drift_rate': 0.0, 'target_domains': ['sketch']}
Loss historical diff: 3.814697265625e-06; Loss Difference: 0.0, Decision: 1
Average loss over 5 updates: 0.6812
Round 32 took 6.58430552482605s, results:
{'t': 31, 'current_accuracy': 0.203125, 'current_loss': 18.415231704711914, 'train_loss': 0.6812485933303833, 'decision': 1, 'drift_rate': 0.0, 'target_domains': ['sketch']}
Loss historical diff: 0.0; Loss Difference: 0.0, Decision: 0
Round 33 took 4.381067514419556s, results:
{'t': 32, 'current_accuracy': 0.3515625, 'current_loss': 7.2208333015441895, 'train_loss': None, 'decision': 0, 'drift_rate': 0.0, 'target_domains': ['sketch']}
Loss historical diff: 0.0; Loss Difference: 0.0, Decision: 0
Round 34 took 4.822001934051514s, results:
{'t': 33, 'current_accuracy': 0.3515625, 'current_loss': 7.22083306312561, 'train_loss': None, 'decision': 0, 'drift_rate': 0.0, 'target_domains': ['sketch']}
Loss historical diff: 1.6689300537109375e-06; Loss Difference: 0.0, Decision: 0
Round 35 took 4.029465198516846s, results:
{'t': 34, 'current_accuracy': 0.3515625, 'current_loss': 7.220834732055664, 'train_loss': None, 'decision': 0, 'drift_rate': 0.0, 'target_domains': ['sketch']}
Loss historical diff: 1.6689300537109375e-06; Loss Difference: 0.0, Decision: 0
Round 36 took 4.026458024978638s, results:
{'t': 35, 'current_accuracy': 0.3515625, 'current_loss': 7.220834732055664, 'train_loss': None, 'decision': 0, 'drift_rate': 0.0, 'target_domains': ['sketch']}
Loss historical diff: 9.5367431640625e-07; Loss Difference: 0.0, Decision: 0
Round 37 took 4.355799198150635s, results:
{'t': 36, 'current_accuracy': 0.3515625, 'current_loss': 7.220834016799927, 'train_loss': None, 'decision': 0, 'drift_rate': 0.0, 'target_domains': ['sketch']}
Loss historical diff: 0.0; Loss Difference: 0.0, Decision: 0
Round 38 took 4.054558038711548s, results:
{'t': 37, 'current_accuracy': 0.3515625, 'current_loss': 7.220832109451294, 'train_loss': None, 'decision': 0, 'drift_rate': 0.0, 'target_domains': ['sketch']}
Loss historical diff: 1.6689300537109375e-06; Loss Difference: 0.0, Decision: 0
Round 39 took 4.471314907073975s, results:
{'t': 38, 'current_accuracy': 0.3515625, 'current_loss': 7.220833778381348, 'train_loss': None, 'decision': 0, 'drift_rate': 0.0, 'target_domains': ['sketch']}
Loss historical diff: 15.805989980697632; Loss Difference: 0.0, Decision: 0
Round 40 took 4.333323955535889s, results:
{'t': 39, 'current_accuracy': 0.23046875, 'current_loss': 23.026822090148926, 'train_loss': None, 'decision': 0, 'drift_rate': 0.528842294523755, 'target_domains': ['photo']}
Loss historical diff: 26.545719861984253; Loss Difference: 0.0, Decision: 1
Average loss over 5 updates: 7.2229
Round 41 took 8.34258508682251s, results:
{'t': 40, 'current_accuracy': 0.13671875, 'current_loss': 33.76655197143555, 'train_loss': 7.2229204177856445, 'decision': 1, 'drift_rate': 0.38845149506070975, 'target_domains': ['photo']}
Loss historical diff: 837.9547049999237; Loss Difference: 0.0, Decision: 0
Round 42 took 3.7914834022521973s, results:
{'t': 41, 'current_accuracy': 0.1171875, 'current_loss': 845.175537109375, 'train_loss': None, 'decision': 0, 'drift_rate': 0.5398972154082604, 'target_domains': ['photo']}
Loss historical diff: 837.9547049999237; Loss Difference: 0.0, Decision: 0
Round 43 took 4.045423984527588s, results:
{'t': 42, 'current_accuracy': 0.1171875, 'current_loss': 845.175537109375, 'train_loss': None, 'decision': 0, 'drift_rate': 0.3505717657611942, 'target_domains': ['photo']}
Loss historical diff: 837.9546439647675; Loss Difference: 0.0, Decision: 0
Round 44 took 4.0077126026153564s, results:
{'t': 43, 'current_accuracy': 0.1171875, 'current_loss': 845.1754760742188, 'train_loss': None, 'decision': 0, 'drift_rate': 0.0, 'target_domains': ['photo']}
Loss historical diff: 837.9546134471893; Loss Difference: 0.0, Decision: 0
Round 45 took 4.146092176437378s, results:
{'t': 44, 'current_accuracy': 0.1171875, 'current_loss': 845.1754455566406, 'train_loss': None, 'decision': 0, 'drift_rate': 0.0, 'target_domains': ['photo']}
Loss historical diff: 837.9547355175018; Loss Difference: 0.0, Decision: 0
Round 46 took 4.393837928771973s, results:
{'t': 45, 'current_accuracy': 0.1171875, 'current_loss': 845.1755676269531, 'train_loss': None, 'decision': 0, 'drift_rate': 0.0, 'target_domains': ['photo']}
Loss historical diff: 837.9546744823456; Loss Difference: 0.0, Decision: 0
Round 47 took 4.630496263504028s, results:
{'t': 46, 'current_accuracy': 0.1171875, 'current_loss': 845.1755065917969, 'train_loss': None, 'decision': 0, 'drift_rate': 0.0, 'target_domains': ['photo']}
Loss historical diff: 837.9547355175018; Loss Difference: 0.0, Decision: 0
Round 48 took 4.221032619476318s, results:
{'t': 47, 'current_accuracy': 0.1171875, 'current_loss': 845.1755676269531, 'train_loss': None, 'decision': 0, 'drift_rate': 0.0, 'target_domains': ['photo']}
Loss historical diff: 837.9546744823456; Loss Difference: 0.0, Decision: 0
Round 49 took 3.978261947631836s, results:
{'t': 48, 'current_accuracy': 0.1171875, 'current_loss': 845.1755065917969, 'train_loss': None, 'decision': 0, 'drift_rate': 0.0, 'target_domains': ['photo']}
Loss historical diff: 837.9546744823456; Loss Difference: 0.0, Decision: 0
Round 50 took 4.139895677566528s, results:
{'t': 49, 'current_accuracy': 0.1171875, 'current_loss': 845.1755065917969, 'train_loss': None, 'decision': 0, 'drift_rate': 0.0, 'target_domains': ['photo']}
Loss historical diff: 837.9547049999237; Loss Difference: 0.0, Decision: 0
Round 51 took 3.9863603115081787s, results:
{'t': 50, 'current_accuracy': 0.1171875, 'current_loss': 845.175537109375, 'train_loss': None, 'decision': 0, 'drift_rate': 0.0, 'target_domains': ['photo']}
Loss historical diff: 837.9546744823456; Loss Difference: 0.0, Decision: 0
Round 52 took 4.106214284896851s, results:
{'t': 51, 'current_accuracy': 0.1171875, 'current_loss': 845.1755065917969, 'train_loss': None, 'decision': 0, 'drift_rate': 0.0, 'target_domains': ['photo']}
Loss historical diff: 837.9547049999237; Loss Difference: 0.0, Decision: 0
Round 53 took 4.255868911743164s, results:
{'t': 52, 'current_accuracy': 0.1171875, 'current_loss': 845.175537109375, 'train_loss': None, 'decision': 0, 'drift_rate': 0.0, 'target_domains': ['photo']}
Loss historical diff: 837.9546134471893; Loss Difference: 0.0, Decision: 0
Round 54 took 4.275101900100708s, results:
{'t': 53, 'current_accuracy': 0.1171875, 'current_loss': 845.1754455566406, 'train_loss': None, 'decision': 0, 'drift_rate': 0.0, 'target_domains': ['photo']}
Loss historical diff: 837.9546134471893; Loss Difference: 0.0, Decision: 0
Round 55 took 3.9069225788116455s, results:
{'t': 54, 'current_accuracy': 0.1171875, 'current_loss': 845.1754455566406, 'train_loss': None, 'decision': 0, 'drift_rate': 0.0, 'target_domains': ['photo']}
Loss historical diff: 837.9546744823456; Loss Difference: 0.0, Decision: 0
Round 56 took 3.820971965789795s, results:
{'t': 55, 'current_accuracy': 0.1171875, 'current_loss': 845.1755065917969, 'train_loss': None, 'decision': 0, 'drift_rate': 0.0, 'target_domains': ['photo']}
Loss historical diff: 837.95476603508; Loss Difference: 0.0, Decision: 0
Round 57 took 4.277334928512573s, results:
{'t': 56, 'current_accuracy': 0.1171875, 'current_loss': 845.1755981445312, 'train_loss': None, 'decision': 0, 'drift_rate': 0.0, 'target_domains': ['photo']}
Loss historical diff: 837.9547049999237; Loss Difference: 0.0, Decision: 0
Round 58 took 4.061609983444214s, results:
{'t': 57, 'current_accuracy': 0.1171875, 'current_loss': 845.175537109375, 'train_loss': None, 'decision': 0, 'drift_rate': 0.0, 'target_domains': ['photo']}
Loss historical diff: 837.9547049999237; Loss Difference: 0.0, Decision: 0
Round 59 took 4.843348264694214s, results:
{'t': 58, 'current_accuracy': 0.1171875, 'current_loss': 845.175537109375, 'train_loss': None, 'decision': 0, 'drift_rate': 0.0, 'target_domains': ['photo']}
Loss historical diff: 837.9547049999237; Loss Difference: 0.0, Decision: 0
Round 60 took 3.7100791931152344s, results:
{'t': 59, 'current_accuracy': 0.1171875, 'current_loss': 845.175537109375, 'train_loss': None, 'decision': 0, 'drift_rate': 0.0, 'target_domains': ['photo']}
Loss historical diff: 837.9546439647675; Loss Difference: 0.0, Decision: 1
Average loss over 5 updates: 2.4912
Round 61 took 6.222934007644653s, results:
{'t': 60, 'current_accuracy': 0.1171875, 'current_loss': 845.1754760742188, 'train_loss': 2.4912035703659057, 'decision': 1, 'drift_rate': 0.0, 'target_domains': ['photo']}
Loss historical diff: 120.27469325065613; Loss Difference: 0.0, Decision: 0
Round 62 took 4.220165252685547s, results:
{'t': 61, 'current_accuracy': 0.1171875, 'current_loss': 127.49552536010742, 'train_loss': None, 'decision': 0, 'drift_rate': 0.0, 'target_domains': ['photo']}
Loss historical diff: 120.27468180656433; Loss Difference: 0.0, Decision: 0
Round 63 took 4.027994632720947s, results:
{'t': 62, 'current_accuracy': 0.1171875, 'current_loss': 127.49551391601562, 'train_loss': None, 'decision': 0, 'drift_rate': 0.0, 'target_domains': ['photo']}
Loss historical diff: 120.2746856212616; Loss Difference: 0.0, Decision: 0
Round 64 took 4.0429840087890625s, results:
{'t': 63, 'current_accuracy': 0.1171875, 'current_loss': 127.49551773071289, 'train_loss': None, 'decision': 0, 'drift_rate': 0.0, 'target_domains': ['photo']}
Loss historical diff: 120.27468180656433; Loss Difference: 0.0, Decision: 0
Round 65 took 3.9841983318328857s, results:
{'t': 64, 'current_accuracy': 0.1171875, 'current_loss': 127.49551391601562, 'train_loss': None, 'decision': 0, 'drift_rate': 0.0, 'target_domains': ['photo']}
Loss historical diff: 120.2746741771698; Loss Difference: 0.0, Decision: 0
Round 66 took 4.493025779724121s, results:
{'t': 65, 'current_accuracy': 0.1171875, 'current_loss': 127.4955062866211, 'train_loss': None, 'decision': 0, 'drift_rate': 0.0, 'target_domains': ['photo']}
Loss historical diff: 120.27468180656433; Loss Difference: 0.0, Decision: 0
Round 67 took 3.9811766147613525s, results:
{'t': 66, 'current_accuracy': 0.1171875, 'current_loss': 127.49551391601562, 'train_loss': None, 'decision': 0, 'drift_rate': 0.0, 'target_domains': ['photo']}
Loss historical diff: 120.2746741771698; Loss Difference: 0.0, Decision: 0
Round 68 took 4.135548830032349s, results:
{'t': 67, 'current_accuracy': 0.1171875, 'current_loss': 127.4955062866211, 'train_loss': None, 'decision': 0, 'drift_rate': 0.0, 'target_domains': ['photo']}
Loss historical diff: 120.2746741771698; Loss Difference: 0.0, Decision: 0
Round 69 took 4.0031514167785645s, results:
{'t': 68, 'current_accuracy': 0.1171875, 'current_loss': 127.4955062866211, 'train_loss': None, 'decision': 0, 'drift_rate': 0.0, 'target_domains': ['photo']}
Loss historical diff: 120.27468180656433; Loss Difference: 0.0, Decision: 0
Round 70 took 4.45420503616333s, results:
{'t': 69, 'current_accuracy': 0.1171875, 'current_loss': 127.49551391601562, 'train_loss': None, 'decision': 0, 'drift_rate': 0.0, 'target_domains': ['photo']}
Loss historical diff: 120.274662733078; Loss Difference: 0.0, Decision: 0
Round 71 took 3.9907100200653076s, results:
{'t': 70, 'current_accuracy': 0.1171875, 'current_loss': 127.4954948425293, 'train_loss': None, 'decision': 0, 'drift_rate': 0.0, 'target_domains': ['photo']}
Loss historical diff: 120.2746856212616; Loss Difference: 0.0, Decision: 0
Round 72 took 4.121553421020508s, results:
{'t': 71, 'current_accuracy': 0.1171875, 'current_loss': 127.49551773071289, 'train_loss': None, 'decision': 0, 'drift_rate': 0.0, 'target_domains': ['photo']}
Loss historical diff: 120.2746741771698; Loss Difference: 0.0, Decision: 0
Round 73 took 4.07375693321228s, results:
{'t': 72, 'current_accuracy': 0.1171875, 'current_loss': 127.4955062866211, 'train_loss': None, 'decision': 0, 'drift_rate': 0.0, 'target_domains': ['photo']}
Loss historical diff: 120.27468943595886; Loss Difference: 0.0, Decision: 0
Round 74 took 3.9085235595703125s, results:
{'t': 73, 'current_accuracy': 0.1171875, 'current_loss': 127.49552154541016, 'train_loss': None, 'decision': 0, 'drift_rate': 0.0, 'target_domains': ['photo']}
Loss historical diff: 120.27468180656433; Loss Difference: 0.0, Decision: 0
Round 75 took 4.001977205276489s, results:
{'t': 74, 'current_accuracy': 0.1171875, 'current_loss': 127.49551391601562, 'train_loss': None, 'decision': 0, 'drift_rate': 0.0, 'target_domains': ['photo']}
Loss historical diff: 120.2746741771698; Loss Difference: 0.0, Decision: 0
Round 76 took 4.297610282897949s, results:
{'t': 75, 'current_accuracy': 0.1171875, 'current_loss': 127.4955062866211, 'train_loss': None, 'decision': 0, 'drift_rate': 0.0, 'target_domains': ['photo']}
Loss historical diff: 120.27467799186707; Loss Difference: 0.0, Decision: 0
Round 77 took 3.916869878768921s, results:
{'t': 76, 'current_accuracy': 0.1171875, 'current_loss': 127.49551010131836, 'train_loss': None, 'decision': 0, 'drift_rate': 0.0, 'target_domains': ['photo']}
Loss historical diff: 120.27468180656433; Loss Difference: 0.0, Decision: 0
Round 78 took 4.053792476654053s, results:
{'t': 77, 'current_accuracy': 0.1171875, 'current_loss': 127.49551391601562, 'train_loss': None, 'decision': 0, 'drift_rate': 0.0, 'target_domains': ['photo']}
Loss historical diff: 120.27467036247253; Loss Difference: 0.0, Decision: 0
Round 79 took 4.2184648513793945s, results:
{'t': 78, 'current_accuracy': 0.1171875, 'current_loss': 127.49550247192383, 'train_loss': None, 'decision': 0, 'drift_rate': 0.0, 'target_domains': ['photo']}
Loss historical diff: 120.27468180656433; Loss Difference: 0.0, Decision: 0
Round 80 took 4.196379661560059s, results:
{'t': 79, 'current_accuracy': 0.1171875, 'current_loss': 127.49551391601562, 'train_loss': None, 'decision': 0, 'drift_rate': 0.0, 'target_domains': ['photo']}
Loss historical diff: 120.27468943595886; Loss Difference: 0.0, Decision: 0
Round 81 took 4.160933017730713s, results:
{'t': 80, 'current_accuracy': 0.1171875, 'current_loss': 127.49552154541016, 'train_loss': None, 'decision': 0, 'drift_rate': 0.0, 'target_domains': ['photo']}
Loss historical diff: 120.27468180656433; Loss Difference: 0.0, Decision: 0
Round 82 took 4.058055400848389s, results:
{'t': 81, 'current_accuracy': 0.1171875, 'current_loss': 127.49551391601562, 'train_loss': None, 'decision': 0, 'drift_rate': 0.0, 'target_domains': ['photo']}
Loss historical diff: 120.2746741771698; Loss Difference: 0.0, Decision: 0
Round 83 took 3.8558132648468018s, results:
{'t': 82, 'current_accuracy': 0.1171875, 'current_loss': 127.4955062866211, 'train_loss': None, 'decision': 0, 'drift_rate': 0.0, 'target_domains': ['photo']}
Loss historical diff: 120.2746856212616; Loss Difference: 0.0, Decision: 0
Round 84 took 4.083224773406982s, results:
{'t': 83, 'current_accuracy': 0.1171875, 'current_loss': 127.49551773071289, 'train_loss': None, 'decision': 0, 'drift_rate': 0.0, 'target_domains': ['photo']}
Loss historical diff: 120.27469325065613; Loss Difference: 0.0, Decision: 0
Round 85 took 3.9558098316192627s, results:
{'t': 84, 'current_accuracy': 0.1171875, 'current_loss': 127.49552536010742, 'train_loss': None, 'decision': 0, 'drift_rate': 0.0, 'target_domains': ['photo']}
Loss historical diff: 120.2746741771698; Loss Difference: 0.0, Decision: 0
Round 86 took 3.8577191829681396s, results:
{'t': 85, 'current_accuracy': 0.1171875, 'current_loss': 127.4955062866211, 'train_loss': None, 'decision': 0, 'drift_rate': 0.0, 'target_domains': ['photo']}
Loss historical diff: 120.27467799186707; Loss Difference: 0.0, Decision: 0
Round 87 took 4.190102577209473s, results:
{'t': 86, 'current_accuracy': 0.1171875, 'current_loss': 127.49551010131836, 'train_loss': None, 'decision': 0, 'drift_rate': 0.0, 'target_domains': ['photo']}
Loss historical diff: 120.2746856212616; Loss Difference: 0.0, Decision: 0
Round 88 took 4.148171901702881s, results:
{'t': 87, 'current_accuracy': 0.1171875, 'current_loss': 127.49551773071289, 'train_loss': None, 'decision': 0, 'drift_rate': 0.0, 'target_domains': ['photo']}
Loss historical diff: 120.27467036247253; Loss Difference: 0.0, Decision: 0
Round 89 took 3.763993501663208s, results:
{'t': 88, 'current_accuracy': 0.1171875, 'current_loss': 127.49550247192383, 'train_loss': None, 'decision': 0, 'drift_rate': 0.0, 'target_domains': ['photo']}
Loss historical diff: 120.27467799186707; Loss Difference: 0.0, Decision: 0
Round 90 took 4.085185289382935s, results:
{'t': 89, 'current_accuracy': 0.1171875, 'current_loss': 127.49551010131836, 'train_loss': None, 'decision': 0, 'drift_rate': 0.0, 'target_domains': ['photo']}
Loss historical diff: 120.27467036247253; Loss Difference: 0.0, Decision: 0
Round 91 took 4.467873573303223s, results:
{'t': 90, 'current_accuracy': 0.1171875, 'current_loss': 127.49550247192383, 'train_loss': None, 'decision': 0, 'drift_rate': 0.0, 'target_domains': ['photo']}
Loss historical diff: 120.27467036247253; Loss Difference: 0.0, Decision: 0
Round 92 took 3.9621100425720215s, results:
{'t': 91, 'current_accuracy': 0.1171875, 'current_loss': 127.49550247192383, 'train_loss': None, 'decision': 0, 'drift_rate': 0.0, 'target_domains': ['photo']}
Loss historical diff: 120.2746856212616; Loss Difference: 0.0, Decision: 0
Round 93 took 4.094399929046631s, results:
{'t': 92, 'current_accuracy': 0.1171875, 'current_loss': 127.49551773071289, 'train_loss': None, 'decision': 0, 'drift_rate': 0.0, 'target_domains': ['photo']}
Loss historical diff: 120.2746741771698; Loss Difference: 0.0, Decision: 0
Round 94 took 3.973907470703125s, results:
{'t': 93, 'current_accuracy': 0.1171875, 'current_loss': 127.4955062866211, 'train_loss': None, 'decision': 0, 'drift_rate': 0.0, 'target_domains': ['photo']}
Loss historical diff: 120.27467036247253; Loss Difference: 0.0, Decision: 0
Round 95 took 3.9286253452301025s, results:
{'t': 94, 'current_accuracy': 0.1171875, 'current_loss': 127.49550247192383, 'train_loss': None, 'decision': 0, 'drift_rate': 0.0, 'target_domains': ['photo']}
Loss historical diff: 120.27468180656433; Loss Difference: 0.0, Decision: 0
Round 96 took 3.7588164806365967s, results:
{'t': 95, 'current_accuracy': 0.1171875, 'current_loss': 127.49551391601562, 'train_loss': None, 'decision': 0, 'drift_rate': 0.0, 'target_domains': ['photo']}
Loss historical diff: 120.2746741771698; Loss Difference: 0.0, Decision: 0
Round 97 took 3.9714128971099854s, results:
{'t': 96, 'current_accuracy': 0.1171875, 'current_loss': 127.4955062866211, 'train_loss': None, 'decision': 0, 'drift_rate': 0.0, 'target_domains': ['photo']}
Loss historical diff: 120.27468180656433; Loss Difference: 0.0, Decision: 0
Round 98 took 4.035006284713745s, results:
{'t': 97, 'current_accuracy': 0.1171875, 'current_loss': 127.49551391601562, 'train_loss': None, 'decision': 0, 'drift_rate': 0.0, 'target_domains': ['photo']}
Loss historical diff: 120.27468943595886; Loss Difference: 0.0, Decision: 0
Round 99 took 4.306213855743408s, results:
{'t': 98, 'current_accuracy': 0.1171875, 'current_loss': 127.49552154541016, 'train_loss': None, 'decision': 0, 'drift_rate': 0.0, 'target_domains': ['photo']}
Loss historical diff: 120.2746856212616; Loss Difference: 0.0, Decision: 1
Average loss over 5 updates: 1.5835
Round 100 took 6.977447032928467s, results:
{'t': 99, 'current_accuracy': 0.1171875, 'current_loss': 127.49551773071289, 'train_loss': 1.5834959268569946, 'decision': 1, 'drift_rate': 0.0, 'target_domains': ['photo']}
Loss historical diff: 0.0; Loss Difference: 0.0, Decision: 0
Round 101 took 4.039863109588623s, results:
{'t': 100, 'current_accuracy': 0.359375, 'current_loss': 3.6862058639526367, 'train_loss': None, 'decision': 0, 'drift_rate': 0.0, 'target_domains': ['photo']}
Loss historical diff: 0.0; Loss Difference: 0.0, Decision: 0
Round 102 took 4.238256216049194s, results:
{'t': 101, 'current_accuracy': 0.359375, 'current_loss': 3.6862051486968994, 'train_loss': None, 'decision': 0, 'drift_rate': 0.0, 'target_domains': ['photo']}
Loss historical diff: 0.0; Loss Difference: 0.0, Decision: 0
Round 103 took 3.9142982959747314s, results:
{'t': 102, 'current_accuracy': 0.359375, 'current_loss': 3.6862051486968994, 'train_loss': None, 'decision': 0, 'drift_rate': 0.0, 'target_domains': ['photo']}
Loss historical diff: 0.0; Loss Difference: 0.0, Decision: 0
Round 104 took 3.809046983718872s, results:
{'t': 103, 'current_accuracy': 0.359375, 'current_loss': 3.6862051486968994, 'train_loss': None, 'decision': 0, 'drift_rate': 0.0, 'target_domains': ['photo']}
Loss historical diff: 0.0; Loss Difference: 0.0, Decision: 0
Round 105 took 4.0130650997161865s, results:
{'t': 104, 'current_accuracy': 0.359375, 'current_loss': 3.6862051486968994, 'train_loss': None, 'decision': 0, 'drift_rate': 0.0, 'target_domains': ['photo']}
Loss historical diff: 2.384185791015625e-07; Loss Difference: 0.0, Decision: 0
Round 106 took 4.048078536987305s, results:
{'t': 105, 'current_accuracy': 0.359375, 'current_loss': 3.6862053871154785, 'train_loss': None, 'decision': 0, 'drift_rate': 0.0, 'target_domains': ['photo']}
Loss historical diff: 1.1920928955078125e-07; Loss Difference: 0.0, Decision: 0
Round 107 took 3.8633079528808594s, results:
{'t': 106, 'current_accuracy': 0.359375, 'current_loss': 3.686205267906189, 'train_loss': None, 'decision': 0, 'drift_rate': 0.0, 'target_domains': ['photo']}
Loss historical diff: 3.5762786865234375e-07; Loss Difference: 0.0, Decision: 0
Round 108 took 4.3563923835754395s, results:
{'t': 107, 'current_accuracy': 0.359375, 'current_loss': 3.686205506324768, 'train_loss': None, 'decision': 0, 'drift_rate': 0.0, 'target_domains': ['photo']}
Loss historical diff: 0.0; Loss Difference: 0.0, Decision: 0
Round 109 took 4.024013996124268s, results:
{'t': 108, 'current_accuracy': 0.359375, 'current_loss': 3.68620502948761, 'train_loss': None, 'decision': 0, 'drift_rate': 0.0, 'target_domains': ['photo']}
Loss historical diff: 0.0; Loss Difference: 0.0, Decision: 0
Round 110 took 4.402346611022949s, results:
{'t': 109, 'current_accuracy': 0.359375, 'current_loss': 3.6862045526504517, 'train_loss': None, 'decision': 0, 'drift_rate': 0.0, 'target_domains': ['photo']}
Loss historical diff: 8.344650268554688e-07; Loss Difference: 0.0, Decision: 0
Round 111 took 4.172734498977661s, results:
{'t': 110, 'current_accuracy': 0.359375, 'current_loss': 3.6862053871154785, 'train_loss': None, 'decision': 0, 'drift_rate': 0.0, 'target_domains': ['photo']}
Loss historical diff: 7.152557373046875e-07; Loss Difference: 0.0, Decision: 0
Round 112 took 4.443731784820557s, results:
{'t': 111, 'current_accuracy': 0.359375, 'current_loss': 3.686205267906189, 'train_loss': None, 'decision': 0, 'drift_rate': 0.0, 'target_domains': ['photo']}
Loss historical diff: 7.152557373046875e-07; Loss Difference: 0.0, Decision: 0
Round 113 took 5.034335136413574s, results:
{'t': 112, 'current_accuracy': 0.359375, 'current_loss': 3.686205267906189, 'train_loss': None, 'decision': 0, 'drift_rate': 0.0, 'target_domains': ['photo']}
Loss historical diff: 5.960464477539062e-07; Loss Difference: 0.0, Decision: 0
Round 114 took 4.128587961196899s, results:
{'t': 113, 'current_accuracy': 0.359375, 'current_loss': 3.6862051486968994, 'train_loss': None, 'decision': 0, 'drift_rate': 0.0, 'target_domains': ['photo']}
Loss historical diff: 3.5762786865234375e-07; Loss Difference: 0.0, Decision: 0
Round 115 took 4.3907060623168945s, results:
{'t': 114, 'current_accuracy': 0.359375, 'current_loss': 3.6862049102783203, 'train_loss': None, 'decision': 0, 'drift_rate': 0.0, 'target_domains': ['photo']}
Loss historical diff: 5.960464477539062e-07; Loss Difference: 0.0, Decision: 0
Round 116 took 4.5406811237335205s, results:
{'t': 115, 'current_accuracy': 0.359375, 'current_loss': 3.6862051486968994, 'train_loss': None, 'decision': 0, 'drift_rate': 0.0, 'target_domains': ['photo']}
Loss historical diff: 1.3113021850585938e-06; Loss Difference: 0.0, Decision: 1
Average loss over 5 updates: 1.5904
Round 117 took 7.202351808547974s, results:
{'t': 116, 'current_accuracy': 0.359375, 'current_loss': 3.6862058639526367, 'train_loss': 1.5903505563735962, 'decision': 1, 'drift_rate': 0.0, 'target_domains': ['photo']}
Loss historical diff: 0.0; Loss Difference: 0.0, Decision: 1
Average loss over 5 updates: 1.4917
Round 118 took 6.638491630554199s, results:
{'t': 117, 'current_accuracy': 0.3359375, 'current_loss': 2.5932254791259766, 'train_loss': 1.491674041748047, 'decision': 1, 'drift_rate': 0.0, 'target_domains': ['photo']}
Loss historical diff: 0.0; Loss Difference: 0.0, Decision: 0
Round 119 took 4.005019903182983s, results:
{'t': 118, 'current_accuracy': 0.4765625, 'current_loss': 1.7959400415420532, 'train_loss': None, 'decision': 0, 'drift_rate': 0.0, 'target_domains': ['photo']}
Loss historical diff: 0.0; Loss Difference: 0.0, Decision: 0
Round 120 took 4.2951459884643555s, results:
{'t': 119, 'current_accuracy': 0.4765625, 'current_loss': 1.7959400415420532, 'train_loss': None, 'decision': 0, 'drift_rate': 0.0, 'target_domains': ['photo']}
Loss historical diff: 5.960464477539063e-08; Loss Difference: 0.0, Decision: 0
Round 121 took 4.172308444976807s, results:
{'t': 120, 'current_accuracy': 0.4765625, 'current_loss': 1.795940101146698, 'train_loss': None, 'decision': 0, 'drift_rate': 0.0, 'target_domains': ['photo']}
Loss historical diff: 0.0; Loss Difference: 0.0, Decision: 0
Round 122 took 3.835205316543579s, results:
{'t': 121, 'current_accuracy': 0.4765625, 'current_loss': 1.795939862728119, 'train_loss': None, 'decision': 0, 'drift_rate': 0.0, 'target_domains': ['photo']}
Loss historical diff: 2.980232238769531e-07; Loss Difference: 0.0, Decision: 1
Average loss over 5 updates: 1.2606
Round 123 took 6.2116968631744385s, results:
{'t': 122, 'current_accuracy': 0.4765625, 'current_loss': 1.7959401607513428, 'train_loss': 1.2605541467666626, 'decision': 1, 'drift_rate': 0.0, 'target_domains': ['photo']}
Loss historical diff: 0.0; Loss Difference: 0.0, Decision: 0
Round 124 took 3.8828060626983643s, results:
{'t': 123, 'current_accuracy': 0.5078125, 'current_loss': 1.3883550763130188, 'train_loss': None, 'decision': 0, 'drift_rate': 0.0, 'target_domains': ['photo']}
Loss historical diff: 5.960464477539063e-08; Loss Difference: 0.0, Decision: 0
Round 125 took 3.8806519508361816s, results:
{'t': 124, 'current_accuracy': 0.5078125, 'current_loss': 1.3883551359176636, 'train_loss': None, 'decision': 0, 'drift_rate': 0.0, 'target_domains': ['photo']}
Loss historical diff: 0.0; Loss Difference: 0.0, Decision: 0
Round 126 took 3.7636146545410156s, results:
{'t': 125, 'current_accuracy': 0.5078125, 'current_loss': 1.3883549571037292, 'train_loss': None, 'decision': 0, 'drift_rate': 0.0, 'target_domains': ['photo']}
Loss historical diff: 1.7881393432617188e-07; Loss Difference: 0.0, Decision: 0
Round 127 took 3.9081244468688965s, results:
{'t': 126, 'current_accuracy': 0.5078125, 'current_loss': 1.3883551359176636, 'train_loss': None, 'decision': 0, 'drift_rate': 0.0, 'target_domains': ['photo']}
Loss historical diff: 5.960464477539063e-08; Loss Difference: 0.0, Decision: 0
Round 128 took 4.164380073547363s, results:
{'t': 127, 'current_accuracy': 0.5078125, 'current_loss': 1.388355016708374, 'train_loss': None, 'decision': 0, 'drift_rate': 0.0, 'target_domains': ['photo']}
Loss historical diff: 0.0; Loss Difference: 0.0, Decision: 0
Round 129 took 3.6960630416870117s, results:
{'t': 128, 'current_accuracy': 0.5078125, 'current_loss': 1.3883549571037292, 'train_loss': None, 'decision': 0, 'drift_rate': 0.0, 'target_domains': ['photo']}
Loss historical diff: 1.1920928955078125e-07; Loss Difference: 0.0, Decision: 0
Round 130 took 3.8429903984069824s, results:
{'t': 129, 'current_accuracy': 0.5078125, 'current_loss': 1.3883550763130188, 'train_loss': None, 'decision': 0, 'drift_rate': 0.0, 'target_domains': ['photo']}
Loss historical diff: 0.0; Loss Difference: 0.0, Decision: 0
Round 131 took 3.830832004547119s, results:
{'t': 130, 'current_accuracy': 0.5078125, 'current_loss': 1.3883548974990845, 'train_loss': None, 'decision': 0, 'drift_rate': 0.0, 'target_domains': ['photo']}
Loss historical diff: 2.980232238769531e-07; Loss Difference: 0.0, Decision: 0
Round 132 took 3.9095754623413086s, results:
{'t': 131, 'current_accuracy': 0.5078125, 'current_loss': 1.3883551955223083, 'train_loss': None, 'decision': 0, 'drift_rate': 0.0, 'target_domains': ['photo']}
Loss historical diff: 1.7881393432617188e-07; Loss Difference: 0.0, Decision: 0
Round 133 took 3.589519739151001s, results:
{'t': 132, 'current_accuracy': 0.5078125, 'current_loss': 1.3883550763130188, 'train_loss': None, 'decision': 0, 'drift_rate': 0.0, 'target_domains': ['photo']}
Loss historical diff: 1.7881393432617188e-07; Loss Difference: 0.0, Decision: 0
Round 134 took 3.750514030456543s, results:
{'t': 133, 'current_accuracy': 0.5078125, 'current_loss': 1.3883550763130188, 'train_loss': None, 'decision': 0, 'drift_rate': 0.0, 'target_domains': ['photo']}
Loss historical diff: 2.384185791015625e-07; Loss Difference: 0.0, Decision: 0
Round 135 took 3.8840692043304443s, results:
{'t': 134, 'current_accuracy': 0.5078125, 'current_loss': 1.3883551359176636, 'train_loss': None, 'decision': 0, 'drift_rate': 0.0, 'target_domains': ['photo']}
Loss historical diff: 1.7881393432617188e-07; Loss Difference: 0.0, Decision: 0
Round 136 took 3.9646031856536865s, results:
{'t': 135, 'current_accuracy': 0.5078125, 'current_loss': 1.3883550763130188, 'train_loss': None, 'decision': 0, 'drift_rate': 0.0, 'target_domains': ['photo']}
Loss historical diff: 2.384185791015625e-07; Loss Difference: 0.0, Decision: 0
Round 137 took 4.227182149887085s, results:
{'t': 136, 'current_accuracy': 0.5078125, 'current_loss': 1.3883551359176636, 'train_loss': None, 'decision': 0, 'drift_rate': 0.0, 'target_domains': ['photo']}
Loss historical diff: 0.0; Loss Difference: 0.0, Decision: 1
Average loss over 5 updates: 1.1426
Round 138 took 6.0492942333221436s, results:
{'t': 137, 'current_accuracy': 0.5078125, 'current_loss': 1.3883548378944397, 'train_loss': 1.1425946235656739, 'decision': 1, 'drift_rate': 0.0, 'target_domains': ['photo']}
Loss historical diff: 0.0; Loss Difference: 0.0, Decision: 0
Round 139 took 3.7128748893737793s, results:
{'t': 138, 'current_accuracy': 0.5703125, 'current_loss': 1.2795310020446777, 'train_loss': None, 'decision': 0, 'drift_rate': 0.0, 'target_domains': ['photo']}
Loss historical diff: 5.960464477539063e-08; Loss Difference: 0.0, Decision: 0
Round 140 took 3.9324841499328613s, results:
{'t': 139, 'current_accuracy': 0.5703125, 'current_loss': 1.2795310616493225, 'train_loss': None, 'decision': 0, 'drift_rate': 0.0, 'target_domains': ['photo']}
Loss historical diff: 0.0; Loss Difference: 0.0, Decision: 0
Round 141 took 3.9928174018859863s, results:
{'t': 140, 'current_accuracy': 0.5703125, 'current_loss': 1.279530942440033, 'train_loss': None, 'decision': 0, 'drift_rate': 0.0, 'target_domains': ['photo']}
Loss historical diff: 2.384185791015625e-07; Loss Difference: 0.0, Decision: 0
Round 142 took 3.9579648971557617s, results:
{'t': 141, 'current_accuracy': 0.5703125, 'current_loss': 1.279531180858612, 'train_loss': None, 'decision': 0, 'drift_rate': 0.0, 'target_domains': ['photo']}
Loss historical diff: 0.0; Loss Difference: 0.0, Decision: 0
Round 143 took 4.581996917724609s, results:
{'t': 142, 'current_accuracy': 0.5703125, 'current_loss': 1.2795307040214539, 'train_loss': None, 'decision': 0, 'drift_rate': 0.0, 'target_domains': ['photo']}
Loss historical diff: 2.384185791015625e-07; Loss Difference: 0.0, Decision: 0
Round 144 took 4.600019931793213s, results:
{'t': 143, 'current_accuracy': 0.5703125, 'current_loss': 1.279530942440033, 'train_loss': None, 'decision': 0, 'drift_rate': 0.0, 'target_domains': ['photo']}
Loss historical diff: 4.172325134277344e-07; Loss Difference: 0.0, Decision: 0
Round 145 took 4.507726430892944s, results:
{'t': 144, 'current_accuracy': 0.5703125, 'current_loss': 1.2795311212539673, 'train_loss': None, 'decision': 0, 'drift_rate': 0.0, 'target_domains': ['photo']}
Loss historical diff: 2.980232238769531e-07; Loss Difference: 0.0, Decision: 1
Average loss over 5 updates: 1.4426
Round 146 took 7.330347776412964s, results:
{'t': 145, 'current_accuracy': 0.5703125, 'current_loss': 1.2795310020446777, 'train_loss': 1.4425576329231262, 'decision': 1, 'drift_rate': 0.0, 'target_domains': ['photo']}
Loss historical diff: 20.731948673725128; Loss Difference: 0.0, Decision: 0
Round 147 took 4.218259811401367s, results:
{'t': 146, 'current_accuracy': 0.1640625, 'current_loss': 22.011479377746582, 'train_loss': None, 'decision': 0, 'drift_rate': 0.0, 'target_domains': ['photo']}
Loss historical diff: 20.731948673725128; Loss Difference: 0.0, Decision: 0
Round 148 took 4.109086036682129s, results:
{'t': 147, 'current_accuracy': 0.1640625, 'current_loss': 22.011479377746582, 'train_loss': None, 'decision': 0, 'drift_rate': 0.0, 'target_domains': ['photo']}
Loss historical diff: 20.731951534748077; Loss Difference: 0.0, Decision: 0
Round 149 took 4.2423012256622314s, results:
{'t': 148, 'current_accuracy': 0.1640625, 'current_loss': 22.01148223876953, 'train_loss': None, 'decision': 0, 'drift_rate': 0.0, 'target_domains': ['photo']}
Loss historical diff: 23.833406269550323; Loss Difference: 0.0, Decision: 0
Round 150 took 4.2755842208862305s, results:
{'t': 149, 'current_accuracy': 0.109375, 'current_loss': 25.112936973571777, 'train_loss': None, 'decision': 0, 'drift_rate': 0.5042184072968399, 'target_domains': ['cartoon']}
Loss historical diff: 26.265770733356476; Loss Difference: 0.0, Decision: 0
Round 151 took 4.816035270690918s, results:
{'t': 150, 'current_accuracy': 0.06640625, 'current_loss': 27.54530143737793, 'train_loss': None, 'decision': 0, 'drift_rate': 0.3925976274598213, 'target_domains': ['cartoon']}
Loss historical diff: 27.607300579547882; Loss Difference: 0.0, Decision: 0
Round 152 took 4.452572345733643s, results:
{'t': 151, 'current_accuracy': 0.0625, 'current_loss': 28.886831283569336, 'train_loss': None, 'decision': 0, 'drift_rate': 0.5468076784016334, 'target_domains': ['cartoon']}
Loss historical diff: 27.607297718524933; Loss Difference: 0.0, Decision: 0
Round 153 took 4.324403285980225s, results:
{'t': 152, 'current_accuracy': 0.0625, 'current_loss': 28.886828422546387, 'train_loss': None, 'decision': 0, 'drift_rate': 0.5221905574614817, 'target_domains': ['cartoon']}
Loss historical diff: 27.6073015332222; Loss Difference: 0.0, Decision: 0
Round 154 took 4.556285858154297s, results:
{'t': 153, 'current_accuracy': 0.0625, 'current_loss': 28.886832237243652, 'train_loss': None, 'decision': 0, 'drift_rate': 0.0, 'target_domains': ['cartoon']}
Loss historical diff: 27.607297718524933; Loss Difference: 0.0, Decision: 0
Round 155 took 4.291913747787476s, results:
{'t': 154, 'current_accuracy': 0.0625, 'current_loss': 28.886828422546387, 'train_loss': None, 'decision': 0, 'drift_rate': 0.0, 'target_domains': ['cartoon']}
Loss historical diff: 27.607300579547882; Loss Difference: 0.0, Decision: 0
Round 156 took 4.3109290599823s, results:
{'t': 155, 'current_accuracy': 0.0625, 'current_loss': 28.886831283569336, 'train_loss': None, 'decision': 0, 'drift_rate': 0.0, 'target_domains': ['cartoon']}
Loss historical diff: 27.6073015332222; Loss Difference: 0.0, Decision: 0
Round 157 took 4.360352277755737s, results:
{'t': 156, 'current_accuracy': 0.0625, 'current_loss': 28.886832237243652, 'train_loss': None, 'decision': 0, 'drift_rate': 0.0, 'target_domains': ['cartoon']}
Loss historical diff: 27.607300579547882; Loss Difference: 0.0, Decision: 0
Round 158 took 4.484179496765137s, results:
{'t': 157, 'current_accuracy': 0.0625, 'current_loss': 28.886831283569336, 'train_loss': None, 'decision': 0, 'drift_rate': 0.0, 'target_domains': ['cartoon']}
Loss historical diff: 27.60729867219925; Loss Difference: 0.0, Decision: 0
Round 159 took 4.814692974090576s, results:
{'t': 158, 'current_accuracy': 0.0625, 'current_loss': 28.886829376220703, 'train_loss': None, 'decision': 0, 'drift_rate': 0.0, 'target_domains': ['cartoon']}
Loss historical diff: 27.607300579547882; Loss Difference: 0.0, Decision: 0
Round 160 took 4.516420841217041s, results:
{'t': 159, 'current_accuracy': 0.0625, 'current_loss': 28.886831283569336, 'train_loss': None, 'decision': 0, 'drift_rate': 0.0, 'target_domains': ['cartoon']}
Loss historical diff: 27.60729867219925; Loss Difference: 0.0, Decision: 1
Average loss over 5 updates: 2.3803
Round 161 took 7.338194370269775s, results:
{'t': 160, 'current_accuracy': 0.0625, 'current_loss': 28.886829376220703, 'train_loss': 2.3802810668945313, 'decision': 1, 'drift_rate': 0.0, 'target_domains': ['cartoon']}
Loss historical diff: 4.715414822101593; Loss Difference: 0.0, Decision: 0
Round 162 took 4.8144001960754395s, results:
{'t': 161, 'current_accuracy': 0.26953125, 'current_loss': 5.994945526123047, 'train_loss': None, 'decision': 0, 'drift_rate': 0.0, 'target_domains': ['cartoon']}
Loss historical diff: 4.715413868427277; Loss Difference: 0.0, Decision: 0
Round 163 took 4.746991157531738s, results:
{'t': 162, 'current_accuracy': 0.26953125, 'current_loss': 5.9949445724487305, 'train_loss': None, 'decision': 0, 'drift_rate': 0.0, 'target_domains': ['cartoon']}
Loss historical diff: 4.715414583683014; Loss Difference: 0.0, Decision: 0
Round 164 took 4.3943727016448975s, results:
{'t': 163, 'current_accuracy': 0.26953125, 'current_loss': 5.994945287704468, 'train_loss': None, 'decision': 0, 'drift_rate': 0.0, 'target_domains': ['cartoon']}
Loss historical diff: 4.715414583683014; Loss Difference: 0.0, Decision: 0
Round 165 took 4.862759828567505s, results:
{'t': 164, 'current_accuracy': 0.26953125, 'current_loss': 5.994945287704468, 'train_loss': None, 'decision': 0, 'drift_rate': 0.0, 'target_domains': ['cartoon']}
Loss historical diff: 4.715414583683014; Loss Difference: 0.0, Decision: 1
Average loss over 5 updates: 1.7551
Round 166 took 7.524292469024658s, results:
{'t': 165, 'current_accuracy': 0.26953125, 'current_loss': 5.994945287704468, 'train_loss': 1.7551412105560302, 'decision': 1, 'drift_rate': 0.0, 'target_domains': ['cartoon']}
Loss historical diff: 0.6687085032463074; Loss Difference: 0.0, Decision: 0
Round 167 took 4.257856845855713s, results:
{'t': 166, 'current_accuracy': 0.37109375, 'current_loss': 1.9482392072677612, 'train_loss': None, 'decision': 0, 'drift_rate': 0.0, 'target_domains': ['cartoon']}
Loss historical diff: 0.6687085032463074; Loss Difference: 0.0, Decision: 0
Round 168 took 4.697457790374756s, results:
{'t': 167, 'current_accuracy': 0.37109375, 'current_loss': 1.9482392072677612, 'train_loss': None, 'decision': 0, 'drift_rate': 0.0, 'target_domains': ['cartoon']}
Loss historical diff: 0.6687085032463074; Loss Difference: 0.0, Decision: 0
Round 169 took 4.276896953582764s, results:
{'t': 168, 'current_accuracy': 0.37109375, 'current_loss': 1.9482392072677612, 'train_loss': None, 'decision': 0, 'drift_rate': 0.0, 'target_domains': ['cartoon']}
Loss historical diff: 0.668708860874176; Loss Difference: 0.0, Decision: 0
Round 170 took 4.602179765701294s, results:
{'t': 169, 'current_accuracy': 0.37109375, 'current_loss': 1.9482395648956299, 'train_loss': None, 'decision': 0, 'drift_rate': 0.0, 'target_domains': ['cartoon']}
Loss historical diff: 0.6687086820602417; Loss Difference: 0.0, Decision: 0
Round 171 took 4.207562446594238s, results:
{'t': 170, 'current_accuracy': 0.37109375, 'current_loss': 1.9482393860816956, 'train_loss': None, 'decision': 0, 'drift_rate': 0.0, 'target_domains': ['cartoon']}
Loss historical diff: 0.6687087416648865; Loss Difference: 0.0, Decision: 0
Round 172 took 4.3434531688690186s, results:
{'t': 171, 'current_accuracy': 0.37109375, 'current_loss': 1.9482394456863403, 'train_loss': None, 'decision': 0, 'drift_rate': 0.0, 'target_domains': ['cartoon']}
Loss historical diff: 0.6687087416648865; Loss Difference: 0.0, Decision: 0
Round 173 took 4.687318325042725s, results:
{'t': 172, 'current_accuracy': 0.37109375, 'current_loss': 1.9482394456863403, 'train_loss': None, 'decision': 0, 'drift_rate': 0.0, 'target_domains': ['cartoon']}
Loss historical diff: 0.6687086820602417; Loss Difference: 0.0, Decision: 0
Round 174 took 4.749691009521484s, results:
{'t': 173, 'current_accuracy': 0.37109375, 'current_loss': 1.9482393860816956, 'train_loss': None, 'decision': 0, 'drift_rate': 0.0, 'target_domains': ['cartoon']}
Loss historical diff: 0.6687090396881104; Loss Difference: 0.0, Decision: 0
Round 175 took 4.263067245483398s, results:
{'t': 174, 'current_accuracy': 0.37109375, 'current_loss': 1.9482397437095642, 'train_loss': None, 'decision': 0, 'drift_rate': 0.0, 'target_domains': ['cartoon']}
Loss historical diff: 0.6687091588973999; Loss Difference: 0.0, Decision: 0
Round 176 took 4.640816688537598s, results:
{'t': 175, 'current_accuracy': 0.37109375, 'current_loss': 1.9482398629188538, 'train_loss': None, 'decision': 0, 'drift_rate': 0.0, 'target_domains': ['cartoon']}
Loss historical diff: 0.6687086820602417; Loss Difference: 0.0, Decision: 0
Round 177 took 4.848321914672852s, results:
{'t': 176, 'current_accuracy': 0.37109375, 'current_loss': 1.9482393860816956, 'train_loss': None, 'decision': 0, 'drift_rate': 0.0, 'target_domains': ['cartoon']}
Loss historical diff: 0.6687085032463074; Loss Difference: 0.0, Decision: 0
Round 178 took 4.3505730628967285s, results:
{'t': 177, 'current_accuracy': 0.37109375, 'current_loss': 1.9482392072677612, 'train_loss': None, 'decision': 0, 'drift_rate': 0.0, 'target_domains': ['cartoon']}
Loss historical diff: 0.6687089204788208; Loss Difference: 0.0, Decision: 0
Round 179 took 4.384590148925781s, results:
{'t': 178, 'current_accuracy': 0.37109375, 'current_loss': 1.9482396245002747, 'train_loss': None, 'decision': 0, 'drift_rate': 0.0, 'target_domains': ['cartoon']}
Loss historical diff: 0.6687088012695312; Loss Difference: 0.0, Decision: 0
Round 180 took 4.802572965621948s, results:
{'t': 179, 'current_accuracy': 0.37109375, 'current_loss': 1.948239505290985, 'train_loss': None, 'decision': 0, 'drift_rate': 0.0, 'target_domains': ['cartoon']}
Loss historical diff: 0.6687085032463074; Loss Difference: 0.0, Decision: 0
Round 181 took 4.728013277053833s, results:
{'t': 180, 'current_accuracy': 0.37109375, 'current_loss': 1.9482392072677612, 'train_loss': None, 'decision': 0, 'drift_rate': 0.0, 'target_domains': ['cartoon']}
Loss historical diff: 0.6687090396881104; Loss Difference: 0.0, Decision: 0
Round 182 took 4.50511908531189s, results:
{'t': 181, 'current_accuracy': 0.37109375, 'current_loss': 1.9482397437095642, 'train_loss': None, 'decision': 0, 'drift_rate': 0.0, 'target_domains': ['cartoon']}
Loss historical diff: 0.6687086224555969; Loss Difference: 0.0, Decision: 0
Round 183 took 4.529011011123657s, results:
{'t': 182, 'current_accuracy': 0.37109375, 'current_loss': 1.9482393264770508, 'train_loss': None, 'decision': 0, 'drift_rate': 0.0, 'target_domains': ['cartoon']}
Loss historical diff: 0.6687088012695312; Loss Difference: 0.0, Decision: 0
Round 184 took 3.96724271774292s, results:
{'t': 183, 'current_accuracy': 0.37109375, 'current_loss': 1.948239505290985, 'train_loss': None, 'decision': 0, 'drift_rate': 0.0, 'target_domains': ['cartoon']}
Loss historical diff: 0.6687087416648865; Loss Difference: 0.0, Decision: 0
Round 185 took 4.019638538360596s, results:
{'t': 184, 'current_accuracy': 0.37109375, 'current_loss': 1.9482394456863403, 'train_loss': None, 'decision': 0, 'drift_rate': 0.0, 'target_domains': ['cartoon']}
Loss historical diff: 0.6687090992927551; Loss Difference: 0.0, Decision: 0
Round 186 took 4.214559555053711s, results:
{'t': 185, 'current_accuracy': 0.37109375, 'current_loss': 1.948239803314209, 'train_loss': None, 'decision': 0, 'drift_rate': 0.0, 'target_domains': ['cartoon']}
Loss historical diff: 0.668708860874176; Loss Difference: 0.0, Decision: 0
Round 187 took 4.133427143096924s, results:
{'t': 186, 'current_accuracy': 0.37109375, 'current_loss': 1.9482395648956299, 'train_loss': None, 'decision': 0, 'drift_rate': 0.0, 'target_domains': ['cartoon']}
Loss historical diff: 0.6687085628509521; Loss Difference: 0.0, Decision: 0
Round 188 took 4.135408639907837s, results:
{'t': 187, 'current_accuracy': 0.37109375, 'current_loss': 1.948239266872406, 'train_loss': None, 'decision': 0, 'drift_rate': 0.0, 'target_domains': ['cartoon']}
Loss historical diff: 0.6687086820602417; Loss Difference: 0.0, Decision: 0
Round 189 took 4.340078115463257s, results:
{'t': 188, 'current_accuracy': 0.37109375, 'current_loss': 1.9482393860816956, 'train_loss': None, 'decision': 0, 'drift_rate': 0.0, 'target_domains': ['cartoon']}
Loss historical diff: 0.6687086224555969; Loss Difference: 0.0, Decision: 0
Round 190 took 3.9687306880950928s, results:
{'t': 189, 'current_accuracy': 0.37109375, 'current_loss': 1.9482393264770508, 'train_loss': None, 'decision': 0, 'drift_rate': 0.0, 'target_domains': ['cartoon']}
Loss historical diff: 0.668708860874176; Loss Difference: 0.0, Decision: 0
Round 191 took 4.334251165390015s, results:
{'t': 190, 'current_accuracy': 0.37109375, 'current_loss': 1.9482395648956299, 'train_loss': None, 'decision': 0, 'drift_rate': 0.0, 'target_domains': ['cartoon']}
Loss historical diff: 0.6687086820602417; Loss Difference: 0.0, Decision: 0
Round 192 took 4.189452171325684s, results:
{'t': 191, 'current_accuracy': 0.37109375, 'current_loss': 1.9482393860816956, 'train_loss': None, 'decision': 0, 'drift_rate': 0.0, 'target_domains': ['cartoon']}
Loss historical diff: 0.6687086820602417; Loss Difference: 0.0, Decision: 0
Round 193 took 4.835555076599121s, results:
{'t': 192, 'current_accuracy': 0.37109375, 'current_loss': 1.9482393860816956, 'train_loss': None, 'decision': 0, 'drift_rate': 0.0, 'target_domains': ['cartoon']}
Loss historical diff: 0.6687083840370178; Loss Difference: 0.0, Decision: 0
Round 194 took 4.158525466918945s, results:
{'t': 193, 'current_accuracy': 0.37109375, 'current_loss': 1.9482390880584717, 'train_loss': None, 'decision': 0, 'drift_rate': 0.0, 'target_domains': ['cartoon']}
Loss historical diff: 0.6687087416648865; Loss Difference: 0.0, Decision: 0
Round 195 took 3.923275947570801s, results:
{'t': 194, 'current_accuracy': 0.37109375, 'current_loss': 1.9482394456863403, 'train_loss': None, 'decision': 0, 'drift_rate': 0.0, 'target_domains': ['cartoon']}
Loss historical diff: 0.6687085628509521; Loss Difference: 0.0, Decision: 0
Round 196 took 4.26647424697876s, results:
{'t': 195, 'current_accuracy': 0.37109375, 'current_loss': 1.948239266872406, 'train_loss': None, 'decision': 0, 'drift_rate': 0.0, 'target_domains': ['cartoon']}
Loss historical diff: 0.6687083840370178; Loss Difference: 0.0, Decision: 0
Round 197 took 4.013331651687622s, results:
{'t': 196, 'current_accuracy': 0.37109375, 'current_loss': 1.9482390880584717, 'train_loss': None, 'decision': 0, 'drift_rate': 0.0, 'target_domains': ['cartoon']}
Loss historical diff: 0.6687086224555969; Loss Difference: 0.0, Decision: 0
Round 198 took 4.398178815841675s, results:
{'t': 197, 'current_accuracy': 0.37109375, 'current_loss': 1.9482393264770508, 'train_loss': None, 'decision': 0, 'drift_rate': 0.0, 'target_domains': ['cartoon']}
Loss historical diff: 0.6687088012695312; Loss Difference: 0.0, Decision: 0
Round 199 took 4.03646445274353s, results:
{'t': 198, 'current_accuracy': 0.37109375, 'current_loss': 1.948239505290985, 'train_loss': None, 'decision': 0, 'drift_rate': 0.0, 'target_domains': ['cartoon']}
Loss historical diff: 0.6687086820602417; Loss Difference: 0.0, Decision: 0
Round 200 took 4.287664175033569s, results:
{'t': 199, 'current_accuracy': 0.37109375, 'current_loss': 1.9482393860816956, 'train_loss': None, 'decision': 0, 'drift_rate': 0.0, 'target_domains': ['cartoon']}
Loss historical diff: 0.6687087416648865; Loss Difference: 0.0, Decision: 0
Round 201 took 4.477397203445435s, results:
{'t': 200, 'current_accuracy': 0.37109375, 'current_loss': 1.9482394456863403, 'train_loss': None, 'decision': 0, 'drift_rate': 0.0, 'target_domains': ['cartoon']}
Loss historical diff: 0.6687085628509521; Loss Difference: 0.0, Decision: 0
Round 202 took 4.604512691497803s, results:
{'t': 201, 'current_accuracy': 0.37109375, 'current_loss': 1.948239266872406, 'train_loss': None, 'decision': 0, 'drift_rate': 0.0, 'target_domains': ['cartoon']}
Loss historical diff: 0.6687087416648865; Loss Difference: 0.0, Decision: 0
Round 203 took 4.459043502807617s, results:
{'t': 202, 'current_accuracy': 0.37109375, 'current_loss': 1.9482394456863403, 'train_loss': None, 'decision': 0, 'drift_rate': 0.0, 'target_domains': ['cartoon']}
Loss historical diff: 0.6687088012695312; Loss Difference: 0.0, Decision: 0
Round 204 took 4.871774673461914s, results:
{'t': 203, 'current_accuracy': 0.37109375, 'current_loss': 1.948239505290985, 'train_loss': None, 'decision': 0, 'drift_rate': 0.0, 'target_domains': ['cartoon']}
Loss historical diff: 0.6687086224555969; Loss Difference: 0.0, Decision: 0
Round 205 took 4.438918113708496s, results:
{'t': 204, 'current_accuracy': 0.37109375, 'current_loss': 1.9482393264770508, 'train_loss': None, 'decision': 0, 'drift_rate': 0.0, 'target_domains': ['cartoon']}
Loss historical diff: 0.6687104105949402; Loss Difference: 0.0, Decision: 0
Round 206 took 4.343839406967163s, results:
{'t': 205, 'current_accuracy': 0.37109375, 'current_loss': 1.948241114616394, 'train_loss': None, 'decision': 0, 'drift_rate': 0.0, 'target_domains': ['cartoon']}
Loss historical diff: 0.6687086820602417; Loss Difference: 0.0, Decision: 0
Round 207 took 4.61449933052063s, results:
{'t': 206, 'current_accuracy': 0.37109375, 'current_loss': 1.9482393860816956, 'train_loss': None, 'decision': 0, 'drift_rate': 0.0, 'target_domains': ['cartoon']}
Loss historical diff: 0.6687087416648865; Loss Difference: 0.0, Decision: 0
Round 208 took 4.567636728286743s, results:
{'t': 207, 'current_accuracy': 0.37109375, 'current_loss': 1.9482394456863403, 'train_loss': None, 'decision': 0, 'drift_rate': 0.0, 'target_domains': ['cartoon']}
Loss historical diff: 0.6687086820602417; Loss Difference: 0.0, Decision: 0
Round 209 took 4.471549987792969s, results:
{'t': 208, 'current_accuracy': 0.37109375, 'current_loss': 1.9482393860816956, 'train_loss': None, 'decision': 0, 'drift_rate': 0.0, 'target_domains': ['cartoon']}
Loss historical diff: 0.6687086820602417; Loss Difference: 0.0, Decision: 0
Round 210 took 4.388498306274414s, results:
{'t': 209, 'current_accuracy': 0.37109375, 'current_loss': 1.9482393860816956, 'train_loss': None, 'decision': 0, 'drift_rate': 0.0, 'target_domains': ['cartoon']}
Loss historical diff: 0.6687086224555969; Loss Difference: 0.0, Decision: 0
Round 211 took 4.576415777206421s, results:
{'t': 210, 'current_accuracy': 0.37109375, 'current_loss': 1.9482393264770508, 'train_loss': None, 'decision': 0, 'drift_rate': 0.0, 'target_domains': ['cartoon']}
Loss historical diff: 0.6687087416648865; Loss Difference: 0.0, Decision: 0
Round 212 took 4.782902002334595s, results:
{'t': 211, 'current_accuracy': 0.37109375, 'current_loss': 1.9482394456863403, 'train_loss': None, 'decision': 0, 'drift_rate': 0.0, 'target_domains': ['cartoon']}
Loss historical diff: 0.668708860874176; Loss Difference: 0.0, Decision: 0
Round 213 took 4.310923099517822s, results:
{'t': 212, 'current_accuracy': 0.37109375, 'current_loss': 1.9482395648956299, 'train_loss': None, 'decision': 0, 'drift_rate': 0.0, 'target_domains': ['cartoon']}
Loss historical diff: 0.668708860874176; Loss Difference: 0.0, Decision: 0
Round 214 took 4.651453495025635s, results:
{'t': 213, 'current_accuracy': 0.37109375, 'current_loss': 1.9482395648956299, 'train_loss': None, 'decision': 0, 'drift_rate': 0.0, 'target_domains': ['cartoon']}
Loss historical diff: 0.6687087416648865; Loss Difference: 0.0, Decision: 0
Round 215 took 4.5455121994018555s, results:
{'t': 214, 'current_accuracy': 0.37109375, 'current_loss': 1.9482394456863403, 'train_loss': None, 'decision': 0, 'drift_rate': 0.0, 'target_domains': ['cartoon']}
Loss historical diff: 0.6687086820602417; Loss Difference: 0.0, Decision: 0
Round 216 took 4.343132972717285s, results:
{'t': 215, 'current_accuracy': 0.37109375, 'current_loss': 1.9482393860816956, 'train_loss': None, 'decision': 0, 'drift_rate': 0.0, 'target_domains': ['cartoon']}
Loss historical diff: 0.6687086224555969; Loss Difference: 0.0, Decision: 0
Round 217 took 4.3806233406066895s, results:
{'t': 216, 'current_accuracy': 0.37109375, 'current_loss': 1.9482393264770508, 'train_loss': None, 'decision': 0, 'drift_rate': 0.0, 'target_domains': ['cartoon']}
Loss historical diff: 0.6687086820602417; Loss Difference: 0.0, Decision: 0
Round 218 took 4.887778997421265s, results:
{'t': 217, 'current_accuracy': 0.37109375, 'current_loss': 1.9482393860816956, 'train_loss': None, 'decision': 0, 'drift_rate': 0.0, 'target_domains': ['cartoon']}
Loss historical diff: 0.668708860874176; Loss Difference: 0.0, Decision: 0
Round 219 took 4.607458591461182s, results:
{'t': 218, 'current_accuracy': 0.37109375, 'current_loss': 1.9482395648956299, 'train_loss': None, 'decision': 0, 'drift_rate': 0.0, 'target_domains': ['cartoon']}
Loss historical diff: 0.6687087416648865; Loss Difference: 0.0, Decision: 0
Round 220 took 4.912060976028442s, results:
{'t': 219, 'current_accuracy': 0.37109375, 'current_loss': 1.9482394456863403, 'train_loss': None, 'decision': 0, 'drift_rate': 0.0, 'target_domains': ['cartoon']}
Loss historical diff: 0.6687088012695312; Loss Difference: 0.0, Decision: 0
Round 221 took 4.2115960121154785s, results:
{'t': 220, 'current_accuracy': 0.37109375, 'current_loss': 1.948239505290985, 'train_loss': None, 'decision': 0, 'drift_rate': 0.0, 'target_domains': ['cartoon']}
Loss historical diff: 0.6687083840370178; Loss Difference: 0.0, Decision: 1
Average loss over 5 updates: 1.5235
Round 222 took 7.621652841567993s, results:
{'t': 221, 'current_accuracy': 0.37109375, 'current_loss': 1.9482390880584717, 'train_loss': 1.5234909772872924, 'decision': 1, 'drift_rate': 0.0, 'target_domains': ['cartoon']}
Loss historical diff: 0.2956855297088623; Loss Difference: 0.0, Decision: 0
Round 223 took 4.267297983169556s, results:
{'t': 222, 'current_accuracy': 0.42578125, 'current_loss': 1.5752162337303162, 'train_loss': None, 'decision': 0, 'drift_rate': 0.0, 'target_domains': ['cartoon']}
Loss historical diff: 0.29568547010421753; Loss Difference: 0.0, Decision: 1
Average loss over 5 updates: 1.4808
Round 224 took 7.500682830810547s, results:
{'t': 223, 'current_accuracy': 0.42578125, 'current_loss': 1.5752161741256714, 'train_loss': 1.4808099031448365, 'decision': 1, 'drift_rate': 0.0, 'target_domains': ['cartoon']}
Loss historical diff: 0.21825236082077026; Loss Difference: 0.0, Decision: 0
Round 225 took 4.47610068321228s, results:
{'t': 224, 'current_accuracy': 0.45703125, 'current_loss': 1.4977830648422241, 'train_loss': None, 'decision': 0, 'drift_rate': 0.0, 'target_domains': ['cartoon']}
Loss historical diff: 0.21825218200683594; Loss Difference: 0.0, Decision: 1
Average loss over 5 updates: 1.3552
Round 226 took 7.1959755420684814s, results:
{'t': 225, 'current_accuracy': 0.45703125, 'current_loss': 1.4977828860282898, 'train_loss': 1.3552361726760864, 'decision': 1, 'drift_rate': 0.0, 'target_domains': ['cartoon']}
Loss historical diff: 0.07730358839035034; Loss Difference: 0.0, Decision: 0
Round 227 took 4.2989821434021s, results:
{'t': 226, 'current_accuracy': 0.49609375, 'current_loss': 1.3568342924118042, 'train_loss': None, 'decision': 0, 'drift_rate': 0.0, 'target_domains': ['cartoon']}
Loss historical diff: 0.07730370759963989; Loss Difference: 0.0, Decision: 0
Round 228 took 4.64765477180481s, results:
{'t': 227, 'current_accuracy': 0.49609375, 'current_loss': 1.3568344116210938, 'train_loss': None, 'decision': 0, 'drift_rate': 0.0, 'target_domains': ['cartoon']}
Loss historical diff: 0.07730346918106079; Loss Difference: 0.0, Decision: 0
Round 229 took 4.962314128875732s, results:
{'t': 228, 'current_accuracy': 0.49609375, 'current_loss': 1.3568341732025146, 'train_loss': None, 'decision': 0, 'drift_rate': 0.0, 'target_domains': ['cartoon']}
Loss historical diff: 0.07730340957641602; Loss Difference: 0.0, Decision: 0
Round 230 took 4.340007543563843s, results:
{'t': 229, 'current_accuracy': 0.49609375, 'current_loss': 1.3568341135978699, 'train_loss': None, 'decision': 0, 'drift_rate': 0.0, 'target_domains': ['cartoon']}
Loss historical diff: 0.07730352878570557; Loss Difference: 0.0, Decision: 0
Round 231 took 4.3049914836883545s, results:
{'t': 230, 'current_accuracy': 0.49609375, 'current_loss': 1.3568342328071594, 'train_loss': None, 'decision': 0, 'drift_rate': 0.0, 'target_domains': ['cartoon']}
Loss historical diff: 0.07730382680892944; Loss Difference: 0.0, Decision: 0
Round 232 took 4.486198663711548s, results:
{'t': 231, 'current_accuracy': 0.49609375, 'current_loss': 1.3568345308303833, 'train_loss': None, 'decision': 0, 'drift_rate': 0.0, 'target_domains': ['cartoon']}
Loss historical diff: 0.07730370759963989; Loss Difference: 0.0, Decision: 0
Round 233 took 4.916664123535156s, results:
{'t': 232, 'current_accuracy': 0.49609375, 'current_loss': 1.3568344116210938, 'train_loss': None, 'decision': 0, 'drift_rate': 0.0, 'target_domains': ['cartoon']}
Loss historical diff: 0.07730358839035034; Loss Difference: 0.0, Decision: 0
Round 234 took 4.203742027282715s, results:
{'t': 233, 'current_accuracy': 0.49609375, 'current_loss': 1.3568342924118042, 'train_loss': None, 'decision': 0, 'drift_rate': 0.0, 'target_domains': ['cartoon']}
Loss historical diff: 0.07730376720428467; Loss Difference: 0.0, Decision: 0
Round 235 took 4.864665508270264s, results:
{'t': 234, 'current_accuracy': 0.49609375, 'current_loss': 1.3568344712257385, 'train_loss': None, 'decision': 0, 'drift_rate': 0.0, 'target_domains': ['cartoon']}
Loss historical diff: 0.077303946018219; Loss Difference: 0.0, Decision: 0
Round 236 took 4.524718999862671s, results:
{'t': 235, 'current_accuracy': 0.49609375, 'current_loss': 1.3568346500396729, 'train_loss': None, 'decision': 0, 'drift_rate': 0.0, 'target_domains': ['cartoon']}
Loss historical diff: 0.07730376720428467; Loss Difference: 0.0, Decision: 0
Round 237 took 4.494112968444824s, results:
{'t': 236, 'current_accuracy': 0.49609375, 'current_loss': 1.3568344712257385, 'train_loss': None, 'decision': 0, 'drift_rate': 0.0, 'target_domains': ['cartoon']}
Loss historical diff: 0.07730382680892944; Loss Difference: 0.0, Decision: 0
Round 238 took 5.163783311843872s, results:
{'t': 237, 'current_accuracy': 0.49609375, 'current_loss': 1.3568345308303833, 'train_loss': None, 'decision': 0, 'drift_rate': 0.0, 'target_domains': ['cartoon']}
Loss historical diff: 0.07730358839035034; Loss Difference: 0.0, Decision: 1
Average loss over 5 updates: 1.3500
Round 239 took 7.315622091293335s, results:
{'t': 238, 'current_accuracy': 0.49609375, 'current_loss': 1.3568342924118042, 'train_loss': 1.3500307321548461, 'decision': 1, 'drift_rate': 0.0, 'target_domains': ['cartoon']}
Loss historical diff: 0.20269471406936646; Loss Difference: 0.0, Decision: 0
Round 240 took 4.820959806442261s, results:
{'t': 239, 'current_accuracy': 0.46875, 'current_loss': 1.4822254180908203, 'train_loss': None, 'decision': 0, 'drift_rate': 0.33176358827224717, 'target_domains': ['sketch']}
Loss historical diff: 0.46094828844070435; Loss Difference: 0.0, Decision: 0
Round 241 took 4.787943124771118s, results:
{'t': 240, 'current_accuracy': 0.3203125, 'current_loss': 1.7404789924621582, 'train_loss': None, 'decision': 0, 'drift_rate': 0.5950742897079618, 'target_domains': ['sketch']}
Loss historical diff: 0.5059131979942322; Loss Difference: 0.0, Decision: 0
Round 242 took 4.252339601516724s, results:
{'t': 241, 'current_accuracy': 0.30859375, 'current_loss': 1.785443902015686, 'train_loss': None, 'decision': 0, 'drift_rate': 0.38488098343007643, 'target_domains': ['sketch']}
Loss historical diff: 0.5059127807617188; Loss Difference: 0.0, Decision: 1
Average loss over 5 updates: 1.6349
Round 243 took 7.160614967346191s, results:
{'t': 242, 'current_accuracy': 0.30859375, 'current_loss': 1.7854434847831726, 'train_loss': 1.6349425554275512, 'decision': 1, 'drift_rate': 0.33624818472631546, 'target_domains': ['sketch']}
Loss historical diff: 1.4096233248710632; Loss Difference: 0.0, Decision: 0
Round 244 took 4.341817617416382s, results:
{'t': 243, 'current_accuracy': 0.25, 'current_loss': 2.689154028892517, 'train_loss': None, 'decision': 0, 'drift_rate': 0.0, 'target_domains': ['sketch']}
Loss historical diff: 1.4096236824989319; Loss Difference: 0.0, Decision: 1
Average loss over 5 updates: 1.1669
Round 245 took 6.693473815917969s, results:
{'t': 244, 'current_accuracy': 0.25, 'current_loss': 2.6891543865203857, 'train_loss': 1.1669469833374024, 'decision': 1, 'drift_rate': 0.0, 'target_domains': ['sketch']}
Loss historical diff: 0.7241644263267517; Loss Difference: 0.0, Decision: 0
Round 246 took 4.337182283401489s, results:
{'t': 245, 'current_accuracy': 0.31640625, 'current_loss': 2.0036951303482056, 'train_loss': None, 'decision': 0, 'drift_rate': 0.0, 'target_domains': ['sketch']}
Loss historical diff: 0.7241645455360413; Loss Difference: 0.0, Decision: 0
Round 247 took 4.373416423797607s, results:
{'t': 246, 'current_accuracy': 0.31640625, 'current_loss': 2.003695249557495, 'train_loss': None, 'decision': 0, 'drift_rate': 0.0, 'target_domains': ['sketch']}
Loss historical diff: 0.7241643071174622; Loss Difference: 0.0, Decision: 0
Round 248 took 4.5896947383880615s, results:
{'t': 247, 'current_accuracy': 0.31640625, 'current_loss': 2.003695011138916, 'train_loss': None, 'decision': 0, 'drift_rate': 0.0, 'target_domains': ['sketch']}
Loss historical diff: 0.7241642475128174; Loss Difference: 0.0, Decision: 0
Round 249 took 4.314981698989868s, results:
{'t': 248, 'current_accuracy': 0.31640625, 'current_loss': 2.0036949515342712, 'train_loss': None, 'decision': 0, 'drift_rate': 0.0, 'target_domains': ['sketch']}
Loss historical diff: 0.7241642475128174; Loss Difference: 0.0, Decision: 1
Average loss over 5 updates: 0.9158
Round 250 took 7.31169867515564s, results:
{'t': 249, 'current_accuracy': 0.31640625, 'current_loss': 2.0036949515342712, 'train_loss': 0.9158461213111877, 'decision': 1, 'drift_rate': 0.0, 'target_domains': ['sketch']}
Average time per round: 4.560942708015442
Total time: 1140.2356770038605
