Using the latest cached version of the dataset since flwrlabs/pacs couldn't be found on the Hugging Face Hub
Found the latest cached dataset configuration 'default' at /home/apiasecz/.cache/huggingface/datasets/flwrlabs___pacs/default/0.0.0/394113073258ead631f617d2e13bb377c0715c4b (last modified on Wed Jan 29 16:59:35 2025).
Using the latest cached version of the dataset since flwrlabs/pacs couldn't be found on the Hugging Face Hub
Found the latest cached dataset configuration 'default' at /home/apiasecz/.cache/huggingface/datasets/flwrlabs___pacs/default/0.0.0/394113073258ead631f617d2e13bb377c0715c4b (last modified on Wed Jan 29 16:59:35 2025).
Using the latest cached version of the dataset since flwrlabs/pacs couldn't be found on the Hugging Face Hub
Found the latest cached dataset configuration 'default' at /home/apiasecz/.cache/huggingface/datasets/flwrlabs___pacs/default/0.0.0/394113073258ead631f617d2e13bb377c0715c4b (last modified on Wed Jan 29 16:59:35 2025).
Using the latest cached version of the dataset since flwrlabs/pacs couldn't be found on the Hugging Face Hub
Found the latest cached dataset configuration 'default' at /home/apiasecz/.cache/huggingface/datasets/flwrlabs___pacs/default/0.0.0/394113073258ead631f617d2e13bb377c0715c4b (last modified on Wed Jan 29 16:59:35 2025).
Using the latest cached version of the dataset since flwrlabs/pacs couldn't be found on the Hugging Face Hub
Found the latest cached dataset configuration 'default' at /home/apiasecz/.cache/huggingface/datasets/flwrlabs___pacs/default/0.0.0/394113073258ead631f617d2e13bb377c0715c4b (last modified on Wed Jan 29 16:59:35 2025).
Device: cuda
CUDA Version: 12.1
cuDNN Version: 8902
PyTorch Version: 2.3.0

Model used: PACSCNN_4
Initial dataset creation
Initial dataset creation
Initial loss: 0.16366563737392426
<__main__.Policy object at 0x14fe19d3edb0>
0.16366563737392426
Round 1 took 0.43229007720947266s, results:
{'t': 0, 'current_accuracy': 0.9453125, 'current_loss': 0.17780208587646484, 'train_loss': None, 'decision': 0, 'drift_rate': 0.0, 'target_domains': ['sketch']}
Round 2 took 0.38843488693237305s, results:
{'t': 1, 'current_accuracy': 0.9453125, 'current_loss': 0.17780213057994843, 'train_loss': None, 'decision': 0, 'drift_rate': 0.0, 'target_domains': ['sketch']}
Round 3 took 0.3944714069366455s, results:
{'t': 2, 'current_accuracy': 0.9453125, 'current_loss': 0.17780213803052902, 'train_loss': None, 'decision': 0, 'drift_rate': 0.0, 'target_domains': ['sketch']}
Round 4 took 0.39054083824157715s, results:
{'t': 3, 'current_accuracy': 0.9453125, 'current_loss': 0.1778021790087223, 'train_loss': None, 'decision': 0, 'drift_rate': 0.0, 'target_domains': ['sketch']}
Round 5 took 0.38815879821777344s, results:
{'t': 4, 'current_accuracy': 0.9453125, 'current_loss': 0.17780210077762604, 'train_loss': None, 'decision': 0, 'drift_rate': 0.0, 'target_domains': ['sketch']}
Round 6 took 0.3880295753479004s, results:
{'t': 5, 'current_accuracy': 0.9453125, 'current_loss': 0.17780231684446335, 'train_loss': None, 'decision': 0, 'drift_rate': 0.0, 'target_domains': ['sketch']}
Round 7 took 0.38811755180358887s, results:
{'t': 6, 'current_accuracy': 0.9453125, 'current_loss': 0.17780224233865738, 'train_loss': None, 'decision': 0, 'drift_rate': 0.0, 'target_domains': ['sketch']}
Round 8 took 0.39023637771606445s, results:
{'t': 7, 'current_accuracy': 0.9453125, 'current_loss': 0.17780211567878723, 'train_loss': None, 'decision': 0, 'drift_rate': 0.0, 'target_domains': ['sketch']}
Round 9 took 0.3873865604400635s, results:
{'t': 8, 'current_accuracy': 0.9453125, 'current_loss': 0.17780213057994843, 'train_loss': None, 'decision': 0, 'drift_rate': 0.0, 'target_domains': ['sketch']}
Round 10 took 0.3848540782928467s, results:
{'t': 9, 'current_accuracy': 0.9453125, 'current_loss': 0.17780210822820663, 'train_loss': None, 'decision': 0, 'drift_rate': 0.0, 'target_domains': ['sketch']}
Round 11 took 0.3855748176574707s, results:
{'t': 10, 'current_accuracy': 0.9453125, 'current_loss': 0.17780212312936783, 'train_loss': None, 'decision': 0, 'drift_rate': 0.0, 'target_domains': ['sketch']}
Round 12 took 0.385545015335083s, results:
{'t': 11, 'current_accuracy': 0.9453125, 'current_loss': 0.17780212312936783, 'train_loss': None, 'decision': 0, 'drift_rate': 0.0, 'target_domains': ['sketch']}
Round 13 took 0.38491272926330566s, results:
{'t': 12, 'current_accuracy': 0.9453125, 'current_loss': 0.17780203372240067, 'train_loss': None, 'decision': 0, 'drift_rate': 0.0, 'target_domains': ['sketch']}
Round 14 took 0.38770151138305664s, results:
{'t': 13, 'current_accuracy': 0.9453125, 'current_loss': 0.17780209332704544, 'train_loss': None, 'decision': 0, 'drift_rate': 0.0, 'target_domains': ['sketch']}
Round 15 took 0.3863387107849121s, results:
{'t': 14, 'current_accuracy': 0.9453125, 'current_loss': 0.17780224978923798, 'train_loss': None, 'decision': 0, 'drift_rate': 0.0, 'target_domains': ['sketch']}
Round 16 took 0.3859860897064209s, results:
{'t': 15, 'current_accuracy': 0.9453125, 'current_loss': 0.17780214548110962, 'train_loss': None, 'decision': 0, 'drift_rate': 0.0, 'target_domains': ['sketch']}
Round 17 took 0.3870673179626465s, results:
{'t': 16, 'current_accuracy': 0.9453125, 'current_loss': 0.1778021603822708, 'train_loss': None, 'decision': 0, 'drift_rate': 0.0, 'target_domains': ['sketch']}
Round 18 took 0.3854103088378906s, results:
{'t': 17, 'current_accuracy': 0.9453125, 'current_loss': 0.17780198901891708, 'train_loss': None, 'decision': 0, 'drift_rate': 0.0, 'target_domains': ['sketch']}
Round 19 took 0.39107227325439453s, results:
{'t': 18, 'current_accuracy': 0.9453125, 'current_loss': 0.1778021678328514, 'train_loss': None, 'decision': 0, 'drift_rate': 0.0, 'target_domains': ['sketch']}
Round 20 took 0.3865337371826172s, results:
{'t': 19, 'current_accuracy': 0.9453125, 'current_loss': 0.17780210450291634, 'train_loss': None, 'decision': 0, 'drift_rate': 0.0, 'target_domains': ['sketch']}
Round 21 took 0.38600754737854004s, results:
{'t': 20, 'current_accuracy': 0.9453125, 'current_loss': 0.17780213057994843, 'train_loss': None, 'decision': 0, 'drift_rate': 0.0, 'target_domains': ['sketch']}
Round 22 took 0.3866736888885498s, results:
{'t': 21, 'current_accuracy': 0.9453125, 'current_loss': 0.17780212312936783, 'train_loss': None, 'decision': 0, 'drift_rate': 0.0, 'target_domains': ['sketch']}
Round 23 took 0.3886291980743408s, results:
{'t': 22, 'current_accuracy': 0.9453125, 'current_loss': 0.17780211567878723, 'train_loss': None, 'decision': 0, 'drift_rate': 0.0, 'target_domains': ['sketch']}
Round 24 took 0.3913280963897705s, results:
{'t': 23, 'current_accuracy': 0.9453125, 'current_loss': 0.1778021976351738, 'train_loss': None, 'decision': 0, 'drift_rate': 0.0, 'target_domains': ['sketch']}
Round 25 took 0.3869171142578125s, results:
{'t': 24, 'current_accuracy': 0.9453125, 'current_loss': 0.17780212312936783, 'train_loss': None, 'decision': 0, 'drift_rate': 0.0, 'target_domains': ['sketch']}
Round 26 took 0.3880195617675781s, results:
{'t': 25, 'current_accuracy': 0.9453125, 'current_loss': 0.17780212312936783, 'train_loss': None, 'decision': 0, 'drift_rate': 0.0, 'target_domains': ['sketch']}
Round 27 took 0.3881051540374756s, results:
{'t': 26, 'current_accuracy': 0.9453125, 'current_loss': 0.17780224978923798, 'train_loss': None, 'decision': 0, 'drift_rate': 0.0, 'target_domains': ['sketch']}
Round 28 took 0.3867638111114502s, results:
{'t': 27, 'current_accuracy': 0.9453125, 'current_loss': 0.17780233919620514, 'train_loss': None, 'decision': 0, 'drift_rate': 0.0, 'target_domains': ['sketch']}
Round 29 took 0.3908975124359131s, results:
{'t': 28, 'current_accuracy': 0.9453125, 'current_loss': 0.17780215293169022, 'train_loss': None, 'decision': 0, 'drift_rate': 0.0, 'target_domains': ['sketch']}
Round 30 took 0.38579678535461426s, results:
{'t': 29, 'current_accuracy': 0.9453125, 'current_loss': 0.17780210822820663, 'train_loss': None, 'decision': 0, 'drift_rate': 0.0, 'target_domains': ['sketch']}
Round 31 took 0.38741087913513184s, results:
{'t': 30, 'current_accuracy': 0.9453125, 'current_loss': 0.17780235409736633, 'train_loss': None, 'decision': 0, 'drift_rate': 0.0, 'target_domains': ['sketch']}
Round 32 took 0.38712644577026367s, results:
{'t': 31, 'current_accuracy': 0.9453125, 'current_loss': 0.1778021678328514, 'train_loss': None, 'decision': 0, 'drift_rate': 0.0, 'target_domains': ['sketch']}
Round 33 took 0.386852502822876s, results:
{'t': 32, 'current_accuracy': 0.9453125, 'current_loss': 0.17780199646949768, 'train_loss': None, 'decision': 0, 'drift_rate': 0.0, 'target_domains': ['sketch']}
Round 34 took 0.38994860649108887s, results:
{'t': 33, 'current_accuracy': 0.9453125, 'current_loss': 0.17780214548110962, 'train_loss': None, 'decision': 0, 'drift_rate': 0.0, 'target_domains': ['sketch']}
Round 35 took 0.38715672492980957s, results:
{'t': 34, 'current_accuracy': 0.9453125, 'current_loss': 0.17780230939388275, 'train_loss': None, 'decision': 0, 'drift_rate': 0.0, 'target_domains': ['sketch']}
Round 36 took 0.38662147521972656s, results:
{'t': 35, 'current_accuracy': 0.9453125, 'current_loss': 0.17780206725001335, 'train_loss': None, 'decision': 0, 'drift_rate': 0.0, 'target_domains': ['sketch']}
Round 37 took 0.3878774642944336s, results:
{'t': 36, 'current_accuracy': 0.9453125, 'current_loss': 0.17780233919620514, 'train_loss': None, 'decision': 0, 'drift_rate': 0.0, 'target_domains': ['sketch']}
Round 38 took 0.38736939430236816s, results:
{'t': 37, 'current_accuracy': 0.9453125, 'current_loss': 0.17780210822820663, 'train_loss': None, 'decision': 0, 'drift_rate': 0.0, 'target_domains': ['sketch']}
Round 39 took 0.4122951030731201s, results:
{'t': 38, 'current_accuracy': 0.9453125, 'current_loss': 0.17780212312936783, 'train_loss': None, 'decision': 0, 'drift_rate': 0.0, 'target_domains': ['sketch']}
Round 40 took 0.38834524154663086s, results:
{'t': 39, 'current_accuracy': 0.9453125, 'current_loss': 0.17780211195349693, 'train_loss': None, 'decision': 0, 'drift_rate': 0.0, 'target_domains': ['sketch']}
Round 41 took 0.38781166076660156s, results:
{'t': 40, 'current_accuracy': 0.9453125, 'current_loss': 0.17780210822820663, 'train_loss': None, 'decision': 0, 'drift_rate': 0.0, 'target_domains': ['sketch']}
Round 42 took 0.3885056972503662s, results:
{'t': 41, 'current_accuracy': 0.9453125, 'current_loss': 0.17780212685465813, 'train_loss': None, 'decision': 0, 'drift_rate': 0.0, 'target_domains': ['sketch']}
Round 43 took 0.3886146545410156s, results:
{'t': 42, 'current_accuracy': 0.9453125, 'current_loss': 0.1778021827340126, 'train_loss': None, 'decision': 0, 'drift_rate': 0.0, 'target_domains': ['sketch']}
Round 44 took 0.3935573101043701s, results:
{'t': 43, 'current_accuracy': 0.9453125, 'current_loss': 0.17780211567878723, 'train_loss': None, 'decision': 0, 'drift_rate': 0.0, 'target_domains': ['sketch']}
Round 45 took 0.38909482955932617s, results:
{'t': 44, 'current_accuracy': 0.9453125, 'current_loss': 0.1778019219636917, 'train_loss': None, 'decision': 0, 'drift_rate': 0.0, 'target_domains': ['sketch']}
Round 46 took 0.38701558113098145s, results:
{'t': 45, 'current_accuracy': 0.9453125, 'current_loss': 0.17780212312936783, 'train_loss': None, 'decision': 0, 'drift_rate': 0.0, 'target_domains': ['sketch']}
Round 47 took 0.385159969329834s, results:
{'t': 46, 'current_accuracy': 0.9453125, 'current_loss': 0.17780232429504395, 'train_loss': None, 'decision': 0, 'drift_rate': 0.0, 'target_domains': ['sketch']}
Round 48 took 0.38617753982543945s, results:
{'t': 47, 'current_accuracy': 0.9453125, 'current_loss': 0.17780210822820663, 'train_loss': None, 'decision': 0, 'drift_rate': 0.0, 'target_domains': ['sketch']}
Round 49 took 0.3883626461029053s, results:
{'t': 48, 'current_accuracy': 0.9453125, 'current_loss': 0.17780225723981857, 'train_loss': None, 'decision': 0, 'drift_rate': 0.0, 'target_domains': ['sketch']}
Round 50 took 0.3849949836730957s, results:
{'t': 49, 'current_accuracy': 0.9453125, 'current_loss': 0.1778021976351738, 'train_loss': None, 'decision': 0, 'drift_rate': 0.0, 'target_domains': ['sketch']}
Round 51 took 0.38579583168029785s, results:
{'t': 50, 'current_accuracy': 0.9453125, 'current_loss': 0.17780210822820663, 'train_loss': None, 'decision': 0, 'drift_rate': 0.0, 'target_domains': ['sketch']}
Round 52 took 0.3858466148376465s, results:
{'t': 51, 'current_accuracy': 0.9453125, 'current_loss': 0.17780212312936783, 'train_loss': None, 'decision': 0, 'drift_rate': 0.0, 'target_domains': ['sketch']}
Round 53 took 0.38695383071899414s, results:
{'t': 52, 'current_accuracy': 0.9453125, 'current_loss': 0.17780212312936783, 'train_loss': None, 'decision': 0, 'drift_rate': 0.0, 'target_domains': ['sketch']}
Round 54 took 0.3859879970550537s, results:
{'t': 53, 'current_accuracy': 0.9453125, 'current_loss': 0.17780210450291634, 'train_loss': None, 'decision': 0, 'drift_rate': 0.0, 'target_domains': ['sketch']}
Round 55 took 0.3859138488769531s, results:
{'t': 54, 'current_accuracy': 0.9453125, 'current_loss': 0.17780209332704544, 'train_loss': None, 'decision': 0, 'drift_rate': 0.0, 'target_domains': ['sketch']}
Round 56 took 0.3872194290161133s, results:
{'t': 55, 'current_accuracy': 0.9453125, 'current_loss': 0.17780212312936783, 'train_loss': None, 'decision': 0, 'drift_rate': 0.4, 'target_domains': ['sketch']}
Round 57 took 0.3856039047241211s, results:
{'t': 56, 'current_accuracy': 0.9453125, 'current_loss': 0.17780210077762604, 'train_loss': None, 'decision': 0, 'drift_rate': 0.4, 'target_domains': ['sketch']}
Round 58 took 0.3868072032928467s, results:
{'t': 57, 'current_accuracy': 0.9453125, 'current_loss': 0.17780212312936783, 'train_loss': None, 'decision': 0, 'drift_rate': 0.4, 'target_domains': ['sketch']}
Round 59 took 0.3868579864501953s, results:
{'t': 58, 'current_accuracy': 0.9453125, 'current_loss': 0.17780212312936783, 'train_loss': None, 'decision': 0, 'drift_rate': 0.4, 'target_domains': ['sketch']}
Round 60 took 0.3900632858276367s, results:
{'t': 59, 'current_accuracy': 0.9453125, 'current_loss': 0.17780213057994843, 'train_loss': None, 'decision': 0, 'drift_rate': 0.4, 'target_domains': ['sketch']}
Round 61 took 0.38600945472717285s, results:
{'t': 60, 'current_accuracy': 0.9453125, 'current_loss': 0.17780213803052902, 'train_loss': None, 'decision': 0, 'drift_rate': 0.0, 'target_domains': ['sketch']}
Round 62 took 0.3858802318572998s, results:
{'t': 61, 'current_accuracy': 0.9453125, 'current_loss': 0.17780223488807678, 'train_loss': None, 'decision': 0, 'drift_rate': 0.0, 'target_domains': ['sketch']}
Round 63 took 0.38732051849365234s, results:
{'t': 62, 'current_accuracy': 0.9453125, 'current_loss': 0.17780211567878723, 'train_loss': None, 'decision': 0, 'drift_rate': 0.0, 'target_domains': ['sketch']}
Round 64 took 0.3883192539215088s, results:
{'t': 63, 'current_accuracy': 0.9453125, 'current_loss': 0.17780211567878723, 'train_loss': None, 'decision': 0, 'drift_rate': 0.0, 'target_domains': ['sketch']}
Round 65 took 0.38715553283691406s, results:
{'t': 64, 'current_accuracy': 0.9453125, 'current_loss': 0.17780201137065887, 'train_loss': None, 'decision': 0, 'drift_rate': 0.0, 'target_domains': ['sketch']}
Round 66 took 0.39240241050720215s, results:
{'t': 65, 'current_accuracy': 0.9453125, 'current_loss': 0.17780210822820663, 'train_loss': None, 'decision': 0, 'drift_rate': 0.0, 'target_domains': ['sketch']}
Round 67 took 0.38853025436401367s, results:
{'t': 66, 'current_accuracy': 0.9453125, 'current_loss': 0.17780215293169022, 'train_loss': None, 'decision': 0, 'drift_rate': 0.0, 'target_domains': ['sketch']}
Round 68 took 0.38796424865722656s, results:
{'t': 67, 'current_accuracy': 0.9453125, 'current_loss': 0.177802175283432, 'train_loss': None, 'decision': 0, 'drift_rate': 0.0, 'target_domains': ['sketch']}
Round 69 took 0.389056921005249s, results:
{'t': 68, 'current_accuracy': 0.9453125, 'current_loss': 0.17780213803052902, 'train_loss': None, 'decision': 0, 'drift_rate': 0.0, 'target_domains': ['sketch']}
Round 70 took 0.38777685165405273s, results:
{'t': 69, 'current_accuracy': 0.9453125, 'current_loss': 0.17780211940407753, 'train_loss': None, 'decision': 0, 'drift_rate': 0.0, 'target_domains': ['sketch']}
Round 71 took 0.3865363597869873s, results:
{'t': 70, 'current_accuracy': 0.9453125, 'current_loss': 0.17780202627182007, 'train_loss': None, 'decision': 0, 'drift_rate': 0.0, 'target_domains': ['sketch']}
Round 72 took 0.38776445388793945s, results:
{'t': 71, 'current_accuracy': 0.9453125, 'current_loss': 0.17780210822820663, 'train_loss': None, 'decision': 0, 'drift_rate': 0.0, 'target_domains': ['sketch']}
Round 73 took 0.3912343978881836s, results:
{'t': 72, 'current_accuracy': 0.9453125, 'current_loss': 0.17780210822820663, 'train_loss': None, 'decision': 0, 'drift_rate': 0.0, 'target_domains': ['sketch']}
Round 74 took 0.3873629570007324s, results:
{'t': 73, 'current_accuracy': 0.9453125, 'current_loss': 0.17780205607414246, 'train_loss': None, 'decision': 0, 'drift_rate': 0.0, 'target_domains': ['sketch']}
Round 75 took 0.38863396644592285s, results:
{'t': 74, 'current_accuracy': 0.9453125, 'current_loss': 0.17780207842588425, 'train_loss': None, 'decision': 0, 'drift_rate': 0.0, 'target_domains': ['sketch']}
Round 76 took 0.3883490562438965s, results:
{'t': 75, 'current_accuracy': 0.9453125, 'current_loss': 0.17780208587646484, 'train_loss': None, 'decision': 0, 'drift_rate': 0.0, 'target_domains': ['sketch']}
Round 77 took 0.3884239196777344s, results:
{'t': 76, 'current_accuracy': 0.9453125, 'current_loss': 0.17780210077762604, 'train_loss': None, 'decision': 0, 'drift_rate': 0.0, 'target_domains': ['sketch']}
Round 78 took 0.38792991638183594s, results:
{'t': 77, 'current_accuracy': 0.9453125, 'current_loss': 0.17780210822820663, 'train_loss': None, 'decision': 0, 'drift_rate': 0.0, 'target_domains': ['sketch']}
Round 79 took 0.3903849124908447s, results:
{'t': 78, 'current_accuracy': 0.9453125, 'current_loss': 0.17780210077762604, 'train_loss': None, 'decision': 0, 'drift_rate': 0.0, 'target_domains': ['sketch']}
Round 80 took 0.38838815689086914s, results:
{'t': 79, 'current_accuracy': 0.9453125, 'current_loss': 0.17780210822820663, 'train_loss': None, 'decision': 0, 'drift_rate': 0.0, 'target_domains': ['sketch']}
Round 81 took 0.38868045806884766s, results:
{'t': 80, 'current_accuracy': 0.9453125, 'current_loss': 0.17780210822820663, 'train_loss': None, 'decision': 0, 'drift_rate': 0.0, 'target_domains': ['sketch']}
Round 82 took 0.3879275321960449s, results:
{'t': 81, 'current_accuracy': 0.9453125, 'current_loss': 0.1778024658560753, 'train_loss': None, 'decision': 0, 'drift_rate': 0.0, 'target_domains': ['sketch']}
Round 83 took 0.3885338306427002s, results:
{'t': 82, 'current_accuracy': 0.9453125, 'current_loss': 0.17780214175581932, 'train_loss': None, 'decision': 0, 'drift_rate': 0.0, 'target_domains': ['sketch']}
Round 84 took 0.38651251792907715s, results:
{'t': 83, 'current_accuracy': 0.9453125, 'current_loss': 0.17780230194330215, 'train_loss': None, 'decision': 0, 'drift_rate': 0.0, 'target_domains': ['sketch']}
Round 85 took 0.38759779930114746s, results:
{'t': 84, 'current_accuracy': 0.9453125, 'current_loss': 0.17780230939388275, 'train_loss': None, 'decision': 0, 'drift_rate': 0.0, 'target_domains': ['sketch']}
Round 86 took 0.38663411140441895s, results:
{'t': 85, 'current_accuracy': 0.9453125, 'current_loss': 0.17780207097530365, 'train_loss': None, 'decision': 0, 'drift_rate': 0.0, 'target_domains': ['sketch']}
Round 87 took 0.3870847225189209s, results:
{'t': 86, 'current_accuracy': 0.9453125, 'current_loss': 0.17780213803052902, 'train_loss': None, 'decision': 0, 'drift_rate': 0.0, 'target_domains': ['sketch']}
Round 88 took 0.3889122009277344s, results:
{'t': 87, 'current_accuracy': 0.9453125, 'current_loss': 0.17780210822820663, 'train_loss': None, 'decision': 0, 'drift_rate': 0.0, 'target_domains': ['sketch']}
Round 89 took 0.38736748695373535s, results:
{'t': 88, 'current_accuracy': 0.9453125, 'current_loss': 0.17780212312936783, 'train_loss': None, 'decision': 0, 'drift_rate': 0.0, 'target_domains': ['sketch']}
Round 90 took 0.3854343891143799s, results:
{'t': 89, 'current_accuracy': 0.9453125, 'current_loss': 0.17780211567878723, 'train_loss': None, 'decision': 0, 'drift_rate': 0.0, 'target_domains': ['sketch']}
Round 91 took 0.38561058044433594s, results:
{'t': 90, 'current_accuracy': 0.9453125, 'current_loss': 0.17780209332704544, 'train_loss': None, 'decision': 0, 'drift_rate': 0.0, 'target_domains': ['sketch']}
Round 92 took 0.388232946395874s, results:
{'t': 91, 'current_accuracy': 0.9453125, 'current_loss': 0.17780209332704544, 'train_loss': None, 'decision': 0, 'drift_rate': 0.0, 'target_domains': ['sketch']}
Round 93 took 0.38578224182128906s, results:
{'t': 92, 'current_accuracy': 0.9453125, 'current_loss': 0.1778024509549141, 'train_loss': None, 'decision': 0, 'drift_rate': 0.0, 'target_domains': ['sketch']}
Round 94 took 0.3853418827056885s, results:
{'t': 93, 'current_accuracy': 0.9453125, 'current_loss': 0.17780213057994843, 'train_loss': None, 'decision': 0, 'drift_rate': 0.0, 'target_domains': ['sketch']}
Round 95 took 0.3851461410522461s, results:
{'t': 94, 'current_accuracy': 0.9453125, 'current_loss': 0.17780184745788574, 'train_loss': None, 'decision': 0, 'drift_rate': 0.0, 'target_domains': ['sketch']}
Round 96 took 0.38539910316467285s, results:
{'t': 95, 'current_accuracy': 0.9453125, 'current_loss': 0.17780210822820663, 'train_loss': None, 'decision': 0, 'drift_rate': 0.0, 'target_domains': ['sketch']}
Round 97 took 0.3863563537597656s, results:
{'t': 96, 'current_accuracy': 0.9453125, 'current_loss': 0.17780206352472305, 'train_loss': None, 'decision': 0, 'drift_rate': 0.0, 'target_domains': ['sketch']}
Round 98 took 0.3870246410369873s, results:
{'t': 97, 'current_accuracy': 0.9453125, 'current_loss': 0.17780210077762604, 'train_loss': None, 'decision': 0, 'drift_rate': 0.0, 'target_domains': ['sketch']}
Round 99 took 0.3851029872894287s, results:
{'t': 98, 'current_accuracy': 0.9453125, 'current_loss': 0.17780210822820663, 'train_loss': None, 'decision': 0, 'drift_rate': 0.0, 'target_domains': ['sketch']}
Round 100 took 0.3849637508392334s, results:
{'t': 99, 'current_accuracy': 0.9453125, 'current_loss': 0.17780190706253052, 'train_loss': None, 'decision': 0, 'drift_rate': 0.0, 'target_domains': ['sketch']}
Round 101 took 0.3877604007720947s, results:
{'t': 100, 'current_accuracy': 0.9453125, 'current_loss': 0.17780204862356186, 'train_loss': None, 'decision': 0, 'drift_rate': 0.0, 'target_domains': ['sketch']}
Round 102 took 0.38875555992126465s, results:
{'t': 101, 'current_accuracy': 0.9453125, 'current_loss': 0.17780224233865738, 'train_loss': None, 'decision': 0, 'drift_rate': 0.0, 'target_domains': ['sketch']}
Round 103 took 0.38753175735473633s, results:
{'t': 102, 'current_accuracy': 0.9453125, 'current_loss': 0.17780209705233574, 'train_loss': None, 'decision': 0, 'drift_rate': 0.0, 'target_domains': ['sketch']}
Round 104 took 0.3904762268066406s, results:
{'t': 103, 'current_accuracy': 0.9453125, 'current_loss': 0.17780210822820663, 'train_loss': None, 'decision': 0, 'drift_rate': 0.0, 'target_domains': ['sketch']}
Round 105 took 0.387465238571167s, results:
{'t': 104, 'current_accuracy': 0.9453125, 'current_loss': 0.17780212312936783, 'train_loss': None, 'decision': 0, 'drift_rate': 0.0, 'target_domains': ['sketch']}
Average loss over 1 updates: 3.2027
Round 106 took 0.7156596183776855s, results:
{'t': 105, 'current_accuracy': 0.640625, 'current_loss': 6.891792297363281, 'train_loss': 3.2026724815368652, 'decision': 1, 'drift_rate': 0.4, 'target_domains': ['cartoon']}
Average loss over 1 updates: 7.3964
Round 107 took 0.5853703022003174s, results:
{'t': 106, 'current_accuracy': 0.08984375, 'current_loss': 81.57440567016602, 'train_loss': 7.396378040313721, 'decision': 1, 'drift_rate': 0.4, 'target_domains': ['cartoon']}
Average loss over 1 updates: 7.3364
Round 108 took 0.5686113834381104s, results:
{'t': 107, 'current_accuracy': 0.12890625, 'current_loss': 209.2154083251953, 'train_loss': 7.336404800415039, 'decision': 1, 'drift_rate': 0.4, 'target_domains': ['cartoon']}
Average loss over 1 updates: 8.3183
Round 109 took 0.5669667720794678s, results:
{'t': 108, 'current_accuracy': 0.12890625, 'current_loss': 4840.472412109375, 'train_loss': 8.318330764770508, 'decision': 1, 'drift_rate': 0.4, 'target_domains': ['cartoon']}
Average loss over 1 updates: 3.9396
Round 110 took 0.5652031898498535s, results:
{'t': 109, 'current_accuracy': 0.12890625, 'current_loss': 1490.483154296875, 'train_loss': 3.9396400451660156, 'decision': 1, 'drift_rate': 0.4, 'target_domains': ['cartoon']}
Average loss over 1 updates: 2.4902
Round 111 took 0.5653626918792725s, results:
{'t': 110, 'current_accuracy': 0.1640625, 'current_loss': 510.8800506591797, 'train_loss': 2.4902498722076416, 'decision': 1, 'drift_rate': 0.0, 'target_domains': ['cartoon']}
Average loss over 1 updates: 2.5109
Round 112 took 0.565340518951416s, results:
{'t': 111, 'current_accuracy': 0.1640625, 'current_loss': 260.6108169555664, 'train_loss': 2.510941505432129, 'decision': 1, 'drift_rate': 0.0, 'target_domains': ['cartoon']}
Average loss over 1 updates: 1.6526
Round 113 took 0.591055154800415s, results:
{'t': 112, 'current_accuracy': 0.17578125, 'current_loss': 125.90266418457031, 'train_loss': 1.6525936126708984, 'decision': 1, 'drift_rate': 0.0, 'target_domains': ['cartoon']}
Average loss over 1 updates: 2.2185
Round 114 took 0.563319206237793s, results:
{'t': 113, 'current_accuracy': 0.28125, 'current_loss': 58.39114189147949, 'train_loss': 2.2185351848602295, 'decision': 1, 'drift_rate': 0.0, 'target_domains': ['cartoon']}
Average loss over 1 updates: 2.2492
Round 115 took 0.5638291835784912s, results:
{'t': 114, 'current_accuracy': 0.3359375, 'current_loss': 24.112468719482422, 'train_loss': 2.2491695880889893, 'decision': 1, 'drift_rate': 0.0, 'target_domains': ['cartoon']}
Average loss over 1 updates: 2.3519
Round 116 took 0.562232255935669s, results:
{'t': 115, 'current_accuracy': 0.3359375, 'current_loss': 8.269605159759521, 'train_loss': 2.351860761642456, 'decision': 1, 'drift_rate': 0.0, 'target_domains': ['cartoon']}
Average loss over 1 updates: 2.0076
Round 117 took 0.5607337951660156s, results:
{'t': 116, 'current_accuracy': 0.32421875, 'current_loss': 12.141928672790527, 'train_loss': 2.0075523853302, 'decision': 1, 'drift_rate': 0.0, 'target_domains': ['cartoon']}
Average loss over 1 updates: 1.6757
Round 118 took 0.5603020191192627s, results:
{'t': 117, 'current_accuracy': 0.26953125, 'current_loss': 6.806955814361572, 'train_loss': 1.6756765842437744, 'decision': 1, 'drift_rate': 0.0, 'target_domains': ['cartoon']}
Average loss over 1 updates: 1.5226
Round 119 took 0.5603973865509033s, results:
{'t': 118, 'current_accuracy': 0.4296875, 'current_loss': 4.190597295761108, 'train_loss': 1.522586464881897, 'decision': 1, 'drift_rate': 0.0, 'target_domains': ['cartoon']}
Average loss over 1 updates: 1.6006
Round 120 took 0.5600943565368652s, results:
{'t': 119, 'current_accuracy': 0.31640625, 'current_loss': 4.546847105026245, 'train_loss': 1.6006317138671875, 'decision': 1, 'drift_rate': 0.0, 'target_domains': ['cartoon']}
Average loss over 1 updates: 1.5033
Round 121 took 0.5596411228179932s, results:
{'t': 120, 'current_accuracy': 0.2890625, 'current_loss': 5.596928119659424, 'train_loss': 1.5033094882965088, 'decision': 1, 'drift_rate': 0.0, 'target_domains': ['cartoon']}
Average loss over 1 updates: 1.5577
Round 122 took 0.5609602928161621s, results:
{'t': 121, 'current_accuracy': 0.37109375, 'current_loss': 5.126894950866699, 'train_loss': 1.5577293634414673, 'decision': 1, 'drift_rate': 0.0, 'target_domains': ['cartoon']}
Average loss over 1 updates: 1.9113
Round 123 took 0.5592360496520996s, results:
{'t': 122, 'current_accuracy': 0.3359375, 'current_loss': 4.372488856315613, 'train_loss': 1.9112720489501953, 'decision': 1, 'drift_rate': 0.0, 'target_domains': ['cartoon']}
Round 124 took 0.3881194591522217s, results:
{'t': 123, 'current_accuracy': 0.44921875, 'current_loss': 2.427477478981018, 'train_loss': None, 'decision': 0, 'drift_rate': 0.0, 'target_domains': ['cartoon']}
Round 125 took 0.3868985176086426s, results:
{'t': 124, 'current_accuracy': 0.44921875, 'current_loss': 2.427477777004242, 'train_loss': None, 'decision': 0, 'drift_rate': 0.0, 'target_domains': ['cartoon']}
Round 126 took 0.3872838020324707s, results:
{'t': 125, 'current_accuracy': 0.44921875, 'current_loss': 2.4274767637252808, 'train_loss': None, 'decision': 0, 'drift_rate': 0.0, 'target_domains': ['cartoon']}
Round 127 took 0.38785696029663086s, results:
{'t': 126, 'current_accuracy': 0.44921875, 'current_loss': 2.4274775981903076, 'train_loss': None, 'decision': 0, 'drift_rate': 0.0, 'target_domains': ['cartoon']}
Round 128 took 0.3904433250427246s, results:
{'t': 127, 'current_accuracy': 0.44921875, 'current_loss': 2.4274775981903076, 'train_loss': None, 'decision': 0, 'drift_rate': 0.0, 'target_domains': ['cartoon']}
Round 129 took 0.3878777027130127s, results:
{'t': 128, 'current_accuracy': 0.44921875, 'current_loss': 2.4274779558181763, 'train_loss': None, 'decision': 0, 'drift_rate': 0.0, 'target_domains': ['cartoon']}
Round 130 took 0.38867855072021484s, results:
{'t': 129, 'current_accuracy': 0.44921875, 'current_loss': 2.427477777004242, 'train_loss': None, 'decision': 0, 'drift_rate': 0.0, 'target_domains': ['cartoon']}
Round 131 took 0.3899221420288086s, results:
{'t': 130, 'current_accuracy': 0.44921875, 'current_loss': 2.427477478981018, 'train_loss': None, 'decision': 0, 'drift_rate': 0.0, 'target_domains': ['cartoon']}
Round 132 took 0.38980984687805176s, results:
{'t': 131, 'current_accuracy': 0.44921875, 'current_loss': 2.4274773597717285, 'train_loss': None, 'decision': 0, 'drift_rate': 0.0, 'target_domains': ['cartoon']}
Round 133 took 0.390761137008667s, results:
{'t': 132, 'current_accuracy': 0.44921875, 'current_loss': 2.4274778366088867, 'train_loss': None, 'decision': 0, 'drift_rate': 0.0, 'target_domains': ['cartoon']}
Round 134 took 0.38859128952026367s, results:
{'t': 133, 'current_accuracy': 0.44921875, 'current_loss': 2.427477717399597, 'train_loss': None, 'decision': 0, 'drift_rate': 0.0, 'target_domains': ['cartoon']}
Round 135 took 0.3883528709411621s, results:
{'t': 134, 'current_accuracy': 0.44921875, 'current_loss': 2.427477240562439, 'train_loss': None, 'decision': 0, 'drift_rate': 0.0, 'target_domains': ['cartoon']}
Round 136 took 0.38930344581604004s, results:
{'t': 135, 'current_accuracy': 0.44921875, 'current_loss': 2.427477240562439, 'train_loss': None, 'decision': 0, 'drift_rate': 0.0, 'target_domains': ['cartoon']}
Round 137 took 0.38910460472106934s, results:
{'t': 136, 'current_accuracy': 0.44921875, 'current_loss': 2.4274773597717285, 'train_loss': None, 'decision': 0, 'drift_rate': 0.0, 'target_domains': ['cartoon']}
Round 138 took 0.38651180267333984s, results:
{'t': 137, 'current_accuracy': 0.44921875, 'current_loss': 2.4274773597717285, 'train_loss': None, 'decision': 0, 'drift_rate': 0.0, 'target_domains': ['cartoon']}
Round 139 took 0.38798069953918457s, results:
{'t': 138, 'current_accuracy': 0.44921875, 'current_loss': 2.4274775981903076, 'train_loss': None, 'decision': 0, 'drift_rate': 0.0, 'target_domains': ['cartoon']}
Round 140 took 0.3887622356414795s, results:
{'t': 139, 'current_accuracy': 0.44921875, 'current_loss': 2.4274773597717285, 'train_loss': None, 'decision': 0, 'drift_rate': 0.0, 'target_domains': ['cartoon']}
Round 141 took 0.3881227970123291s, results:
{'t': 140, 'current_accuracy': 0.44921875, 'current_loss': 2.4274771213531494, 'train_loss': None, 'decision': 0, 'drift_rate': 0.0, 'target_domains': ['cartoon']}
Round 142 took 0.3907902240753174s, results:
{'t': 141, 'current_accuracy': 0.44921875, 'current_loss': 2.4274774193763733, 'train_loss': None, 'decision': 0, 'drift_rate': 0.0, 'target_domains': ['cartoon']}
Round 143 took 0.38865041732788086s, results:
{'t': 142, 'current_accuracy': 0.44921875, 'current_loss': 2.4274773597717285, 'train_loss': None, 'decision': 0, 'drift_rate': 0.0, 'target_domains': ['cartoon']}
Round 144 took 0.38858485221862793s, results:
{'t': 143, 'current_accuracy': 0.44921875, 'current_loss': 2.427477180957794, 'train_loss': None, 'decision': 0, 'drift_rate': 0.0, 'target_domains': ['cartoon']}
Round 145 took 0.38906073570251465s, results:
{'t': 144, 'current_accuracy': 0.44921875, 'current_loss': 2.427477478981018, 'train_loss': None, 'decision': 0, 'drift_rate': 0.0, 'target_domains': ['cartoon']}
Round 146 took 0.3882560729980469s, results:
{'t': 145, 'current_accuracy': 0.44921875, 'current_loss': 2.4274775981903076, 'train_loss': None, 'decision': 0, 'drift_rate': 0.0, 'target_domains': ['cartoon']}
Round 147 took 0.3879425525665283s, results:
{'t': 146, 'current_accuracy': 0.44921875, 'current_loss': 2.4274768829345703, 'train_loss': None, 'decision': 0, 'drift_rate': 0.0, 'target_domains': ['cartoon']}
Round 148 took 0.38804197311401367s, results:
{'t': 147, 'current_accuracy': 0.44921875, 'current_loss': 2.427477240562439, 'train_loss': None, 'decision': 0, 'drift_rate': 0.0, 'target_domains': ['cartoon']}
Round 149 took 0.3885941505432129s, results:
{'t': 148, 'current_accuracy': 0.44921875, 'current_loss': 2.4274773597717285, 'train_loss': None, 'decision': 0, 'drift_rate': 0.0, 'target_domains': ['cartoon']}
Round 150 took 0.39209938049316406s, results:
{'t': 149, 'current_accuracy': 0.44921875, 'current_loss': 2.427477240562439, 'train_loss': None, 'decision': 0, 'drift_rate': 0.0, 'target_domains': ['cartoon']}
Round 151 took 0.388460636138916s, results:
{'t': 150, 'current_accuracy': 0.44921875, 'current_loss': 2.4274771213531494, 'train_loss': None, 'decision': 0, 'drift_rate': 0.0, 'target_domains': ['cartoon']}
Round 152 took 0.38630008697509766s, results:
{'t': 151, 'current_accuracy': 0.44921875, 'current_loss': 2.42747700214386, 'train_loss': None, 'decision': 0, 'drift_rate': 0.0, 'target_domains': ['cartoon']}
Round 153 took 0.3869335651397705s, results:
{'t': 152, 'current_accuracy': 0.44921875, 'current_loss': 2.4274773597717285, 'train_loss': None, 'decision': 0, 'drift_rate': 0.0, 'target_domains': ['cartoon']}
Round 154 took 0.3866152763366699s, results:
{'t': 153, 'current_accuracy': 0.44921875, 'current_loss': 2.4274781942367554, 'train_loss': None, 'decision': 0, 'drift_rate': 0.0, 'target_domains': ['cartoon']}
Round 155 took 0.387021541595459s, results:
{'t': 154, 'current_accuracy': 0.44921875, 'current_loss': 2.427477538585663, 'train_loss': None, 'decision': 0, 'drift_rate': 0.0, 'target_domains': ['cartoon']}
Average loss over 1 updates: 3.1909
Round 156 took 0.5756888389587402s, results:
{'t': 155, 'current_accuracy': 0.37109375, 'current_loss': 5.283007383346558, 'train_loss': 3.190882921218872, 'decision': 1, 'drift_rate': 0.4, 'target_domains': ['art_painting']}
Average loss over 1 updates: 3.5609
Round 157 took 0.5730905532836914s, results:
{'t': 156, 'current_accuracy': 0.19140625, 'current_loss': 14.182738304138184, 'train_loss': 3.5609123706817627, 'decision': 1, 'drift_rate': 0.4, 'target_domains': ['art_painting']}
Average loss over 1 updates: 4.1439
Round 158 took 0.5701191425323486s, results:
{'t': 157, 'current_accuracy': 0.21875, 'current_loss': 9.137280941009521, 'train_loss': 4.143949031829834, 'decision': 1, 'drift_rate': 0.4, 'target_domains': ['art_painting']}
Average loss over 1 updates: 2.9551
Round 159 took 0.5645852088928223s, results:
{'t': 158, 'current_accuracy': 0.203125, 'current_loss': 13.702788829803467, 'train_loss': 2.95509672164917, 'decision': 1, 'drift_rate': 0.4, 'target_domains': ['art_painting']}
Average loss over 1 updates: 2.2626
Round 160 took 0.5646185874938965s, results:
{'t': 159, 'current_accuracy': 0.25390625, 'current_loss': 9.603664875030518, 'train_loss': 2.2625515460968018, 'decision': 1, 'drift_rate': 0.4, 'target_domains': ['art_painting']}
Average loss over 1 updates: 2.2823
Round 161 took 0.5630574226379395s, results:
{'t': 160, 'current_accuracy': 0.2265625, 'current_loss': 8.268070220947266, 'train_loss': 2.2823493480682373, 'decision': 1, 'drift_rate': 0.0, 'target_domains': ['art_painting']}
Average loss over 1 updates: 2.1835
Round 162 took 0.5611236095428467s, results:
{'t': 161, 'current_accuracy': 0.21875, 'current_loss': 5.478494167327881, 'train_loss': 2.183497428894043, 'decision': 1, 'drift_rate': 0.0, 'target_domains': ['art_painting']}
Average loss over 1 updates: 2.1161
Round 163 took 0.5655977725982666s, results:
{'t': 162, 'current_accuracy': 0.23828125, 'current_loss': 5.033676385879517, 'train_loss': 2.1161434650421143, 'decision': 1, 'drift_rate': 0.0, 'target_domains': ['art_painting']}
Round 164 took 0.3881490230560303s, results:
{'t': 163, 'current_accuracy': 0.234375, 'current_loss': 4.059494972229004, 'train_loss': None, 'decision': 0, 'drift_rate': 0.0, 'target_domains': ['art_painting']}
Round 165 took 0.3881721496582031s, results:
{'t': 164, 'current_accuracy': 0.234375, 'current_loss': 4.059494853019714, 'train_loss': None, 'decision': 0, 'drift_rate': 0.0, 'target_domains': ['art_painting']}
Round 166 took 0.38779306411743164s, results:
{'t': 165, 'current_accuracy': 0.234375, 'current_loss': 4.0594950914382935, 'train_loss': None, 'decision': 0, 'drift_rate': 0.0, 'target_domains': ['art_painting']}
Round 167 took 0.3881709575653076s, results:
{'t': 166, 'current_accuracy': 0.234375, 'current_loss': 4.059494853019714, 'train_loss': None, 'decision': 0, 'drift_rate': 0.0, 'target_domains': ['art_painting']}
Round 168 took 0.3883333206176758s, results:
{'t': 167, 'current_accuracy': 0.234375, 'current_loss': 4.05949592590332, 'train_loss': None, 'decision': 0, 'drift_rate': 0.0, 'target_domains': ['art_painting']}
Round 169 took 0.3871150016784668s, results:
{'t': 168, 'current_accuracy': 0.234375, 'current_loss': 4.059494853019714, 'train_loss': None, 'decision': 0, 'drift_rate': 0.0, 'target_domains': ['art_painting']}
Round 170 took 0.38867878913879395s, results:
{'t': 169, 'current_accuracy': 0.234375, 'current_loss': 4.059494376182556, 'train_loss': None, 'decision': 0, 'drift_rate': 0.0, 'target_domains': ['art_painting']}
Round 171 took 0.3913743495941162s, results:
{'t': 170, 'current_accuracy': 0.234375, 'current_loss': 4.059494972229004, 'train_loss': None, 'decision': 0, 'drift_rate': 0.0, 'target_domains': ['art_painting']}
Round 172 took 0.3881821632385254s, results:
{'t': 171, 'current_accuracy': 0.234375, 'current_loss': 4.059495806694031, 'train_loss': None, 'decision': 0, 'drift_rate': 0.0, 'target_domains': ['art_painting']}
Round 173 took 0.3873605728149414s, results:
{'t': 172, 'current_accuracy': 0.234375, 'current_loss': 4.059495210647583, 'train_loss': None, 'decision': 0, 'drift_rate': 0.0, 'target_domains': ['art_painting']}
Round 174 took 0.38892698287963867s, results:
{'t': 173, 'current_accuracy': 0.234375, 'current_loss': 4.059494376182556, 'train_loss': None, 'decision': 0, 'drift_rate': 0.0, 'target_domains': ['art_painting']}
Round 175 took 0.3874335289001465s, results:
{'t': 174, 'current_accuracy': 0.234375, 'current_loss': 4.059495210647583, 'train_loss': None, 'decision': 0, 'drift_rate': 0.0, 'target_domains': ['art_painting']}
Average loss over 1 updates: 2.2916
Round 176 took 0.5642995834350586s, results:
{'t': 175, 'current_accuracy': 0.234375, 'current_loss': 4.059494614601135, 'train_loss': 2.291630983352661, 'decision': 1, 'drift_rate': 0.0, 'target_domains': ['art_painting']}
Round 177 took 0.38906311988830566s, results:
{'t': 176, 'current_accuracy': 0.23046875, 'current_loss': 3.4021778106689453, 'train_loss': None, 'decision': 0, 'drift_rate': 0.0, 'target_domains': ['art_painting']}
Round 178 took 0.39012956619262695s, results:
{'t': 177, 'current_accuracy': 0.23046875, 'current_loss': 3.4021776914596558, 'train_loss': None, 'decision': 0, 'drift_rate': 0.0, 'target_domains': ['art_painting']}
Round 179 took 0.3929557800292969s, results:
{'t': 178, 'current_accuracy': 0.23046875, 'current_loss': 3.4021778106689453, 'train_loss': None, 'decision': 0, 'drift_rate': 0.0, 'target_domains': ['art_painting']}
Round 180 took 0.389237642288208s, results:
{'t': 179, 'current_accuracy': 0.23046875, 'current_loss': 3.402178168296814, 'train_loss': None, 'decision': 0, 'drift_rate': 0.0, 'target_domains': ['art_painting']}
Round 181 took 0.3887777328491211s, results:
{'t': 180, 'current_accuracy': 0.23046875, 'current_loss': 3.402177572250366, 'train_loss': None, 'decision': 0, 'drift_rate': 0.0, 'target_domains': ['art_painting']}
Round 182 took 0.38950228691101074s, results:
{'t': 181, 'current_accuracy': 0.23046875, 'current_loss': 3.4021774530410767, 'train_loss': None, 'decision': 0, 'drift_rate': 0.0, 'target_domains': ['art_painting']}
Round 183 took 0.3893706798553467s, results:
{'t': 182, 'current_accuracy': 0.23046875, 'current_loss': 3.4021767377853394, 'train_loss': None, 'decision': 0, 'drift_rate': 0.0, 'target_domains': ['art_painting']}
Round 184 took 0.38909053802490234s, results:
{'t': 183, 'current_accuracy': 0.23046875, 'current_loss': 3.4021776914596558, 'train_loss': None, 'decision': 0, 'drift_rate': 0.0, 'target_domains': ['art_painting']}
Round 185 took 0.3881042003631592s, results:
{'t': 184, 'current_accuracy': 0.23046875, 'current_loss': 3.4021778106689453, 'train_loss': None, 'decision': 0, 'drift_rate': 0.0, 'target_domains': ['art_painting']}
Round 186 took 0.3867628574371338s, results:
{'t': 185, 'current_accuracy': 0.23046875, 'current_loss': 3.4021782875061035, 'train_loss': None, 'decision': 0, 'drift_rate': 0.0, 'target_domains': ['art_painting']}
Round 187 took 0.39019227027893066s, results:
{'t': 186, 'current_accuracy': 0.23046875, 'current_loss': 3.4021774530410767, 'train_loss': None, 'decision': 0, 'drift_rate': 0.0, 'target_domains': ['art_painting']}
Round 188 took 0.3864767551422119s, results:
{'t': 187, 'current_accuracy': 0.23046875, 'current_loss': 3.4021774530410767, 'train_loss': None, 'decision': 0, 'drift_rate': 0.0, 'target_domains': ['art_painting']}
Round 189 took 0.38655543327331543s, results:
{'t': 188, 'current_accuracy': 0.23046875, 'current_loss': 3.4021774530410767, 'train_loss': None, 'decision': 0, 'drift_rate': 0.0, 'target_domains': ['art_painting']}
Round 190 took 0.3868556022644043s, results:
{'t': 189, 'current_accuracy': 0.23046875, 'current_loss': 3.402177572250366, 'train_loss': None, 'decision': 0, 'drift_rate': 0.0, 'target_domains': ['art_painting']}
Round 191 took 0.3867778778076172s, results:
{'t': 190, 'current_accuracy': 0.23046875, 'current_loss': 3.402177095413208, 'train_loss': None, 'decision': 0, 'drift_rate': 0.0, 'target_domains': ['art_painting']}
Round 192 took 0.3875117301940918s, results:
{'t': 191, 'current_accuracy': 0.23046875, 'current_loss': 3.4021772146224976, 'train_loss': None, 'decision': 0, 'drift_rate': 0.0, 'target_domains': ['art_painting']}
Round 193 took 0.38683366775512695s, results:
{'t': 192, 'current_accuracy': 0.23046875, 'current_loss': 3.4021778106689453, 'train_loss': None, 'decision': 0, 'drift_rate': 0.0, 'target_domains': ['art_painting']}
Round 194 took 0.3868424892425537s, results:
{'t': 193, 'current_accuracy': 0.23046875, 'current_loss': 3.402177095413208, 'train_loss': None, 'decision': 0, 'drift_rate': 0.0, 'target_domains': ['art_painting']}
Round 195 took 0.38918137550354004s, results:
{'t': 194, 'current_accuracy': 0.23046875, 'current_loss': 3.402177929878235, 'train_loss': None, 'decision': 0, 'drift_rate': 0.0, 'target_domains': ['art_painting']}
Round 196 took 0.38695430755615234s, results:
{'t': 195, 'current_accuracy': 0.23046875, 'current_loss': 3.4021778106689453, 'train_loss': None, 'decision': 0, 'drift_rate': 0.0, 'target_domains': ['art_painting']}
Round 197 took 0.38611507415771484s, results:
{'t': 196, 'current_accuracy': 0.23046875, 'current_loss': 3.402177929878235, 'train_loss': None, 'decision': 0, 'drift_rate': 0.0, 'target_domains': ['art_painting']}
Round 198 took 0.3883488178253174s, results:
{'t': 197, 'current_accuracy': 0.23046875, 'current_loss': 3.4021776914596558, 'train_loss': None, 'decision': 0, 'drift_rate': 0.0, 'target_domains': ['art_painting']}
Round 199 took 0.3887171745300293s, results:
{'t': 198, 'current_accuracy': 0.23046875, 'current_loss': 3.4021774530410767, 'train_loss': None, 'decision': 0, 'drift_rate': 0.0, 'target_domains': ['art_painting']}
Round 200 took 0.3870964050292969s, results:
{'t': 199, 'current_accuracy': 0.23046875, 'current_loss': 3.4021774530410767, 'train_loss': None, 'decision': 0, 'drift_rate': 0.0, 'target_domains': ['art_painting']}
Average time per round: 0.4130579018592834
Total time: 82.61158037185669
