/home/apiasecz/programming/concept_drift_optimal_adaptation_FL/src/test_loss_behavior_under_drift.py:171: FutureWarning: You are using `torch.load` with `weights_only=False` (the current default value), which uses the default pickle module implicitly. It is possible to construct malicious pickle data which will execute arbitrary code during unpickling (See https://github.com/pytorch/pytorch/blob/main/SECURITY.md#untrusted-models for more details). In a future release, the default value for `weights_only` will be flipped to `True`. This limits the functions that could be executed during unpickling. Arbitrary objects will no longer be allowed to be loaded via this mode unless they are explicitly allowlisted by the user via `torch.serialization.add_safe_globals`. We recommend you start setting `weights_only=True` for any use case where you don't have full control of the loaded file. Please open an issue on GitHub for any issues related to this experimental feature.
  model.load_state_dict(torch.load(model_path))
seed: 4
policy_id: 3
setting_id: 51
pi_bar: 0.1
drift_rate: 0.01
V: 75
0.03243456916375592 0.005333333333333334
Epoch 1/5, Loss: 0.6392
Epoch 2/5, Loss: 0.4639
Epoch 3/5, Loss: 0.4426
Epoch 4/5, Loss: 0.3909
Epoch 5/5, Loss: 0.3587
Round 0: Accuracy = 0.8162, Decision = 1
0.3912813751534982 0.017333333333333333
Epoch 1/5, Loss: 0.3740
Epoch 2/5, Loss: 0.3418
Epoch 3/5, Loss: 0.3040
Epoch 4/5, Loss: 0.3152
Epoch 5/5, Loss: 0.3698
Round 1: Accuracy = 0.7488, Decision = 1
0.25767464529384265 0.02933333333333333
Epoch 1/5, Loss: 0.4368
Epoch 2/5, Loss: 0.3895
Epoch 3/5, Loss: 0.3296
Epoch 4/5, Loss: 0.2865
Epoch 5/5, Loss: 0.2979
Round 2: Accuracy = 0.6864, Decision = 1
-0.11760451170531183 0.041333333333333326
Round 3: Accuracy = 0.7102, Decision = 0
0.021318743626276615 0.039999999999999994
Round 4: Accuracy = 0.7016, Decision = 0
0.04026765127976739 0.03866666666666666
Epoch 1/5, Loss: 0.4210
Epoch 2/5, Loss: 0.4451
Epoch 3/5, Loss: 0.5042
Epoch 4/5, Loss: 0.4123
Epoch 5/5, Loss: 0.4024
Round 5: Accuracy = 0.7035, Decision = 1
-0.27788739154736203 0.05066666666666666
Round 6: Accuracy = 0.7006, Decision = 0
0.026053167879581507 0.049333333333333326
Round 7: Accuracy = 0.6976, Decision = 0
0.02797962973515189 0.04799999999999999
Round 8: Accuracy = 0.6947, Decision = 0
0.016730909546216366 0.046666666666666655
Round 9: Accuracy = 0.6858, Decision = 0
0.020893049736817604 0.04533333333333332
Round 10: Accuracy = 0.6775, Decision = 0
0.025653906166553497 0.043999999999999984
Round 11: Accuracy = 0.6740, Decision = 0
0.1085488037803235 0.04266666666666665
Epoch 1/5, Loss: 0.7961
Epoch 2/5, Loss: 1.0550
Epoch 3/5, Loss: 0.7093
Epoch 4/5, Loss: 0.5999
Epoch 5/5, Loss: 0.6131
Round 12: Accuracy = 0.6729, Decision = 1
-0.17632601811335646 0.05466666666666666
Round 13: Accuracy = 0.7177, Decision = 0
0.025007683497208832 0.053333333333333316
Round 14: Accuracy = 0.7138, Decision = 0
0.017011314630508423 0.051999999999999984
Round 15: Accuracy = 0.7101, Decision = 0
0.0030132738443521268 0.050666666666666645
Round 16: Accuracy = 0.7048, Decision = 0
0.015358484708345888 0.04933333333333331
Round 17: Accuracy = 0.7047, Decision = 0
0.015280111477925185 0.04799999999999998
Round 18: Accuracy = 0.7020, Decision = 0
0.013246900760210512 0.04666666666666664
Round 19: Accuracy = 0.7019, Decision = 0
0.02136300209459374 0.04533333333333331
Round 20: Accuracy = 0.7018, Decision = 0
-0.0009060714926039104 0.04399999999999998
Round 21: Accuracy = 0.7020, Decision = 0
0.03946060580866684 0.04266666666666664
Round 22: Accuracy = 0.6993, Decision = 0
-0.0031249863760812735 0.041333333333333305
Round 23: Accuracy = 0.6936, Decision = 0
0.01368127550397602 0.03999999999999997
Round 24: Accuracy = 0.6882, Decision = 0
0.013526273625237617 0.038666666666666634
Round 25: Accuracy = 0.6831, Decision = 0
0.012939525502068672 0.0373333333333333
Round 26: Accuracy = 0.5137, Decision = 0
0.012736426932471123 0.03599999999999997
Round 27: Accuracy = 0.6973, Decision = 0
0.010317399104436187 0.03466666666666663
Round 28: Accuracy = 0.6208, Decision = 0
0.019736286004384374 0.0333333333333333
Round 29: Accuracy = 0.6367, Decision = 0
0.02318151791890466 0.031999999999999966
Round 30: Accuracy = 0.6597, Decision = 0
0.018308687210083052 0.03066666666666663
Round 31: Accuracy = 0.6777, Decision = 0
0.0050151586532591885 0.029333333333333295
Round 32: Accuracy = 0.6828, Decision = 0
0.013579948743184467 0.02799999999999996
Round 33: Accuracy = 0.6621, Decision = 0
0.01632891893386834 0.026666666666666627
Round 34: Accuracy = 0.6557, Decision = 0
-0.022263320100804118 0.02533333333333329
Round 35: Accuracy = 0.6504, Decision = 0
0.026499888859689236 0.023999999999999955
Epoch 1/5, Loss: 0.8950
Epoch 2/5, Loss: 0.7761
Epoch 3/5, Loss: 0.7240
Epoch 4/5, Loss: 0.7042
Epoch 5/5, Loss: 0.6686
Round 36: Accuracy = 0.6458, Decision = 1
0.5221545808017254 0.035999999999999956
Epoch 1/5, Loss: 0.7004
Epoch 2/5, Loss: 0.6290
Epoch 3/5, Loss: 0.6258
Epoch 4/5, Loss: 0.5808
Epoch 5/5, Loss: 0.5427
Round 37: Accuracy = 0.5270, Decision = 1
-0.8803693950176239 0.04799999999999995
Round 38: Accuracy = 0.6786, Decision = 0
0.01118413358926773 0.04666666666666662
Round 39: Accuracy = 0.6790, Decision = 0
0.010037112981081009 0.04533333333333329
Round 40: Accuracy = 0.6723, Decision = 0
-5.848157931775955e-05 0.04399999999999995
Round 41: Accuracy = 0.6724, Decision = 0
0.02102698122753821 0.04266666666666662
Round 42: Accuracy = 0.6742, Decision = 0
0.0048256130779490425 0.041333333333333284
Round 43: Accuracy = 0.6699, Decision = 0
0.008800101630827895 0.039999999999999945
Round 44: Accuracy = 0.6696, Decision = 0
0.026236208046183873 0.03866666666666661
Round 45: Accuracy = 0.6706, Decision = 0
0.011355328209259996 0.03733333333333328
Round 46: Accuracy = 0.6711, Decision = 0
0.013138930587207498 0.03599999999999994
Round 47: Accuracy = 0.6688, Decision = 0
0.0025751978353737437 0.03466666666666661
Round 48: Accuracy = 0.6696, Decision = 0
0.023686877555317398 0.03333333333333328
Round 49: Accuracy = 0.6676, Decision = 0
0.007424864504072426 0.03199999999999994
Round 50: Accuracy = 0.6650, Decision = 0
0.003266144129964954 0.030666666666666606
Round 51: Accuracy = 0.6660, Decision = 0
0.00984499851862597 0.02933333333333327
Round 52: Accuracy = 0.6614, Decision = 0
0.003781716028849247 0.027999999999999935
Round 53: Accuracy = 0.6606, Decision = 0
0.007749687684209694 0.026666666666666602
Round 54: Accuracy = 0.6574, Decision = 0
0.010771556904441426 0.025333333333333267
Round 55: Accuracy = 0.6543, Decision = 0
0.008728893179642538 0.02399999999999993
Round 56: Accuracy = 0.6552, Decision = 0
0.011847103896894029 0.0226666666666666
Round 57: Accuracy = 0.6550, Decision = 0
0.013489698108873793 0.021333333333333263
Round 58: Accuracy = 0.6548, Decision = 0
-0.003707942209745685 0.019999999999999928
Round 59: Accuracy = 0.5917, Decision = 0
0.031003475189208984 0.018666666666666595
Epoch 1/5, Loss: 0.7889
Epoch 2/5, Loss: 0.8054
Epoch 3/5, Loss: 0.7730
Epoch 4/5, Loss: 0.7425
Epoch 5/5, Loss: 0.6676
Round 60: Accuracy = 0.5984, Decision = 1
-0.13091309517621996 0.030666666666666592
Round 61: Accuracy = 0.6543, Decision = 0
0.0021372839808464494 0.02933333333333326
Round 62: Accuracy = 0.6726, Decision = 0
0.0075935423374176025 0.027999999999999924
Round 63: Accuracy = 0.6530, Decision = 0
-0.006686350845155231 0.02666666666666659
Round 64: Accuracy = 0.6440, Decision = 0
0.023745992353984224 0.025333333333333256
Round 65: Accuracy = 0.6403, Decision = 0
0.018630085956482634 0.02399999999999992
Round 66: Accuracy = 0.6439, Decision = 0
0.0003834906078520328 0.022666666666666585
Round 67: Accuracy = 0.6460, Decision = 0
0.002514497155234996 0.021333333333333253
Round 68: Accuracy = 0.6458, Decision = 0
0.086089680592219 0.019999999999999917
Epoch 1/5, Loss: 0.7634
Epoch 2/5, Loss: 1.1668
Epoch 3/5, Loss: 0.9701
Epoch 4/5, Loss: 0.9257
Epoch 5/5, Loss: 0.9246
Round 69: Accuracy = 0.6448, Decision = 1
0.5335731208324432 0.03199999999999992
Epoch 1/5, Loss: 0.8869
Epoch 2/5, Loss: 0.7750
Epoch 3/5, Loss: 0.6991
Epoch 4/5, Loss: 0.6549
Epoch 5/5, Loss: 0.6434
Round 70: Accuracy = 0.5225, Decision = 1
-0.38690106435255567 0.043999999999999914
Round 71: Accuracy = 0.6315, Decision = 0
0.014023461125113657 0.04266666666666658
Round 72: Accuracy = 0.6331, Decision = 0
0.01267081228169531 0.04133333333333324
Round 73: Accuracy = 0.6342, Decision = 0
-0.007022970043152221 0.03999999999999991
Round 74: Accuracy = 0.6335, Decision = 0
0.019598500884097536 0.03866666666666658
Round 75: Accuracy = 0.6300, Decision = 0
0.006373846012613038 0.03733333333333324
Round 76: Accuracy = 0.6297, Decision = 0
0.002406775951385498 0.03599999999999991
Round 77: Accuracy = 0.6282, Decision = 0
0.011771349803261222 0.034666666666666575
Round 78: Accuracy = 0.6289, Decision = 0
0.014374270711256076 0.033333333333333236
Round 79: Accuracy = 0.6297, Decision = 0
0.010826309521993038 0.031999999999999904
Round 80: Accuracy = 0.6272, Decision = 0
0.00743175546328223 0.030666666666666568
Round 81: Accuracy = 0.6236, Decision = 0
No available target samples left. Reusing existing target indices.
0.001970537006855011 0.029333333333333236
Round 82: Accuracy = 0.6216, Decision = 0
No available target samples left. Reusing existing target indices.
-0.007478609681129456 0.0279999999999999
Round 83: Accuracy = 0.6784, Decision = 0
No available target samples left. Reusing existing target indices.
0.008288952211538914 0.026666666666666564
Round 84: Accuracy = 0.6523, Decision = 0
No available target samples left. Reusing existing target indices.
-0.002952699859936958 0.025333333333333232
Round 85: Accuracy = 0.6375, Decision = 0
No available target samples left. Reusing existing target indices.
-0.008369425932566399 0.023999999999999896
Round 86: Accuracy = 0.6245, Decision = 0
No available target samples left. Reusing existing target indices.
0.007245597740014431 0.02266666666666656
Round 87: Accuracy = 0.6206, Decision = 0
No available target samples left. Reusing existing target indices.
-0.005988453825314877 0.02133333333333323
Round 88: Accuracy = 0.6198, Decision = 0
No available target samples left. Reusing existing target indices.
0.0017010817925136035 0.019999999999999893
Round 89: Accuracy = 0.6254, Decision = 0
No available target samples left. Reusing existing target indices.
0.0014364421367645264 0.018666666666666557
Round 90: Accuracy = 0.6288, Decision = 0
No available target samples left. Reusing existing target indices.
0.0036861499150593335 0.01733333333333323
Round 91: Accuracy = 0.6280, Decision = 0
No available target samples left. Reusing existing target indices.
0.003806069493293762 0.015999999999999896
Round 92: Accuracy = 0.6220, Decision = 0
No available target samples left. Reusing existing target indices.
-0.015297556916872623 0.01466666666666656
Round 93: Accuracy = 0.6223, Decision = 0
No available target samples left. Reusing existing target indices.
0.014625228941440582 0.013333333333333228
Epoch 1/5, Loss: 0.6962
Epoch 2/5, Loss: 0.6603
Epoch 3/5, Loss: 0.6500
Epoch 4/5, Loss: 0.6126
Epoch 5/5, Loss: 0.5930
Round 94: Accuracy = 0.6171, Decision = 1
No available target samples left. Reusing existing target indices.
-0.4274539152781168 0.025333333333333225
Round 95: Accuracy = 0.6439, Decision = 0
No available target samples left. Reusing existing target indices.
No available target samples left. Reusing existing target indices.
0.0012517025073368604 0.02399999999999989
Round 96: Accuracy = 0.6439, Decision = 0
No available target samples left. Reusing existing target indices.
No available target samples left. Reusing existing target indices.
-0.0012811161577701569 0.022666666666666557
Round 97: Accuracy = 0.6439, Decision = 0
No available target samples left. Reusing existing target indices.
No available target samples left. Reusing existing target indices.
0.0017631749312083667 0.02133333333333322
Round 98: Accuracy = 0.6439, Decision = 0
No available target samples left. Reusing existing target indices.
No available target samples left. Reusing existing target indices.
0.0022793449461460114 0.019999999999999886
Round 99: Accuracy = 0.6439, Decision = 0
No available target samples left. Reusing existing target indices.
No available target samples left. Reusing existing target indices.
-0.001968091974655861 0.018666666666666554
Round 100: Accuracy = 0.6439, Decision = 0
No available target samples left. Reusing existing target indices.
No available target samples left. Reusing existing target indices.
0.0008905666569869464 0.01733333333333322
Round 101: Accuracy = 0.6439, Decision = 0
No available target samples left. Reusing existing target indices.
No available target samples left. Reusing existing target indices.
-0.0014410614967346191 0.01599999999999989
Round 102: Accuracy = 0.6439, Decision = 0
No available target samples left. Reusing existing target indices.
No available target samples left. Reusing existing target indices.
0.0032813164095083502 0.014666666666666555
Round 103: Accuracy = 0.6439, Decision = 0
No available target samples left. Reusing existing target indices.
No available target samples left. Reusing existing target indices.
-0.0008407259980837134 0.013333333333333223
Round 104: Accuracy = 0.6439, Decision = 0
No available target samples left. Reusing existing target indices.
No available target samples left. Reusing existing target indices.
-0.002470082292954201 0.011999999999999891
Round 105: Accuracy = 0.6439, Decision = 0
No available target samples left. Reusing existing target indices.
No available target samples left. Reusing existing target indices.
-0.002721340705950981 0.010666666666666557
Round 106: Accuracy = 0.6439, Decision = 0
No available target samples left. Reusing existing target indices.
No available target samples left. Reusing existing target indices.
0.0015292316675186157 0.009333333333333225
Round 107: Accuracy = 0.6439, Decision = 0
No available target samples left. Reusing existing target indices.
No available target samples left. Reusing existing target indices.
0.0039029940962791443 0.007999999999999891
Round 108: Accuracy = 0.6439, Decision = 0
No available target samples left. Reusing existing target indices.
No available target samples left. Reusing existing target indices.
-0.005218334496021271 0.006666666666666559
Round 109: Accuracy = 0.6439, Decision = 0
No available target samples left. Reusing existing target indices.
No available target samples left. Reusing existing target indices.
0.004983005424340492 0.005333333333333334
Round 110: Accuracy = 0.6439, Decision = 0
No available target samples left. Reusing existing target indices.
No available target samples left. Reusing existing target indices.
-0.0009632098178068427 0.005333333333333334
Round 111: Accuracy = 0.6439, Decision = 0
No available target samples left. Reusing existing target indices.
No available target samples left. Reusing existing target indices.
0.0021404226620992395 0.005333333333333334
Round 112: Accuracy = 0.6439, Decision = 0
No available target samples left. Reusing existing target indices.
No available target samples left. Reusing existing target indices.
-0.002803540478150124 0.005333333333333334
Round 113: Accuracy = 0.6439, Decision = 0
No available target samples left. Reusing existing target indices.
No available target samples left. Reusing existing target indices.
0.004092153161764145 0.005333333333333334
Round 114: Accuracy = 0.6439, Decision = 0
No available target samples left. Reusing existing target indices.
No available target samples left. Reusing existing target indices.
-0.00749250128865242 0.005333333333333334
Round 115: Accuracy = 0.6439, Decision = 0
No available target samples left. Reusing existing target indices.
No available target samples left. Reusing existing target indices.
0.0028741396963596344 0.005333333333333334
Round 116: Accuracy = 0.6439, Decision = 0
No available target samples left. Reusing existing target indices.
No available target samples left. Reusing existing target indices.
0.001347639908393261 0.005333333333333334
Round 117: Accuracy = 0.6439, Decision = 0
No available target samples left. Reusing existing target indices.
No available target samples left. Reusing existing target indices.
-0.004299086829026577 0.005333333333333334
Round 118: Accuracy = 0.6439, Decision = 0
No available target samples left. Reusing existing target indices.
No available target samples left. Reusing existing target indices.
0.0007200278341770172 0.005333333333333334
Round 119: Accuracy = 0.6439, Decision = 0
No available target samples left. Reusing existing target indices.
No available target samples left. Reusing existing target indices.
-0.002067351092894798 0.005333333333333334
Round 120: Accuracy = 0.6439, Decision = 0
No available target samples left. Reusing existing target indices.
No available target samples left. Reusing existing target indices.
0.0014961262543995435 0.005333333333333334
Round 121: Accuracy = 0.6439, Decision = 0
No available target samples left. Reusing existing target indices.
No available target samples left. Reusing existing target indices.
0.004872166862090466 0.005333333333333334
Round 122: Accuracy = 0.6439, Decision = 0
No available target samples left. Reusing existing target indices.
No available target samples left. Reusing existing target indices.
-0.0016369720300039026 0.005333333333333334
Round 123: Accuracy = 0.6439, Decision = 0
No available target samples left. Reusing existing target indices.
No available target samples left. Reusing existing target indices.
0.0019703656435012817 0.005333333333333334
Round 124: Accuracy = 0.6439, Decision = 0
No available target samples left. Reusing existing target indices.
No available target samples left. Reusing existing target indices.
-0.0028991736471652985 0.005333333333333334
Round 125: Accuracy = 0.6439, Decision = 0
No available target samples left. Reusing existing target indices.
No available target samples left. Reusing existing target indices.
0.001665741205215454 0.005333333333333334
Round 126: Accuracy = 0.6439, Decision = 0
No available target samples left. Reusing existing target indices.
No available target samples left. Reusing existing target indices.
0.0004884389539560052 0.005333333333333334
Round 127: Accuracy = 0.6439, Decision = 0
No available target samples left. Reusing existing target indices.
No available target samples left. Reusing existing target indices.
-0.0028595874706903723 0.005333333333333334
Round 128: Accuracy = 0.6439, Decision = 0
No available target samples left. Reusing existing target indices.
No available target samples left. Reusing existing target indices.
0.0007695058981577185 0.005333333333333334
Round 129: Accuracy = 0.6439, Decision = 0
No available target samples left. Reusing existing target indices.
No available target samples left. Reusing existing target indices.
0.0016047296424707147 0.005333333333333334
Round 130: Accuracy = 0.6439, Decision = 0
No available target samples left. Reusing existing target indices.
No available target samples left. Reusing existing target indices.
-0.0003892493744691583 0.005333333333333334
Round 131: Accuracy = 0.6439, Decision = 0
No available target samples left. Reusing existing target indices.
No available target samples left. Reusing existing target indices.
-0.0017518848180770874 0.005333333333333334
Round 132: Accuracy = 0.6439, Decision = 0
No available target samples left. Reusing existing target indices.
No available target samples left. Reusing existing target indices.
0.0001475699245929718 0.005333333333333334
Round 133: Accuracy = 0.6439, Decision = 0
No available target samples left. Reusing existing target indices.
No available target samples left. Reusing existing target indices.
0.002414676050345066 0.005333333333333334
Round 134: Accuracy = 0.6439, Decision = 0
No available target samples left. Reusing existing target indices.
No available target samples left. Reusing existing target indices.
0.0026404323677222674 0.005333333333333334
Round 135: Accuracy = 0.6439, Decision = 0
No available target samples left. Reusing existing target indices.
No available target samples left. Reusing existing target indices.
-0.0061412093540033075 0.005333333333333334
Round 136: Accuracy = 0.6439, Decision = 0
No available target samples left. Reusing existing target indices.
No available target samples left. Reusing existing target indices.
0.0023928657174110413 0.005333333333333334
Round 137: Accuracy = 0.6439, Decision = 0
No available target samples left. Reusing existing target indices.
No available target samples left. Reusing existing target indices.
0.0016223974525928497 0.005333333333333334
Round 138: Accuracy = 0.6439, Decision = 0
No available target samples left. Reusing existing target indices.
No available target samples left. Reusing existing target indices.
-0.0040047156314054755 0.005333333333333334
Round 139: Accuracy = 0.6439, Decision = 0
No available target samples left. Reusing existing target indices.
No available target samples left. Reusing existing target indices.
-0.0021286234259605408 0.005333333333333334
Round 140: Accuracy = 0.6439, Decision = 0
No available target samples left. Reusing existing target indices.
No available target samples left. Reusing existing target indices.
0.00559210156400991 0.005333333333333334
Epoch 1/5, Loss: 0.6014
Epoch 2/5, Loss: 0.5932
Epoch 3/5, Loss: 0.5649
Epoch 4/5, Loss: 0.5349
Epoch 5/5, Loss: 0.5038
Round 141: Accuracy = 0.6439, Decision = 1
No available target samples left. Reusing existing target indices.
No available target samples left. Reusing existing target indices.
-0.05747379362583155 0.017333333333333333
Round 142: Accuracy = 0.6633, Decision = 0
No available target samples left. Reusing existing target indices.
No available target samples left. Reusing existing target indices.
0.002161514014005661 0.016
Round 143: Accuracy = 0.6633, Decision = 0
No available target samples left. Reusing existing target indices.
No available target samples left. Reusing existing target indices.
0.00024918466806411743 0.014666666666666668
Round 144: Accuracy = 0.6633, Decision = 0
No available target samples left. Reusing existing target indices.
No available target samples left. Reusing existing target indices.
0.0037709946433702735 0.013333333333333334
Round 145: Accuracy = 0.6633, Decision = 0
No available target samples left. Reusing existing target indices.
No available target samples left. Reusing existing target indices.
-0.0026188666621843604 0.012
Round 146: Accuracy = 0.6633, Decision = 0
No available target samples left. Reusing existing target indices.
No available target samples left. Reusing existing target indices.
-0.0004913645486037121 0.010666666666666668
Round 147: Accuracy = 0.6633, Decision = 0
No available target samples left. Reusing existing target indices.
No available target samples left. Reusing existing target indices.
-0.0034763539830843793 0.009333333333333336
Round 148: Accuracy = 0.6633, Decision = 0
No available target samples left. Reusing existing target indices.
No available target samples left. Reusing existing target indices.
0.005857636531194088 0.008000000000000002
Round 149: Accuracy = 0.6633, Decision = 0
No available target samples left. Reusing existing target indices.
No available target samples left. Reusing existing target indices.
-0.0009053933123747693 0.006666666666666668
Round 150: Accuracy = 0.6633, Decision = 0
No available target samples left. Reusing existing target indices.
No available target samples left. Reusing existing target indices.
-0.0026274199287096844 0.005333333333333335
Round 151: Accuracy = 0.6633, Decision = 0
No available target samples left. Reusing existing target indices.
No available target samples left. Reusing existing target indices.
-0.0003220525880654468 0.005333333333333334
Round 152: Accuracy = 0.6633, Decision = 0
No available target samples left. Reusing existing target indices.
No available target samples left. Reusing existing target indices.
0.0006200348337491168 0.005333333333333334
Round 153: Accuracy = 0.6633, Decision = 0
No available target samples left. Reusing existing target indices.
No available target samples left. Reusing existing target indices.
-0.0007659308612346649 0.005333333333333334
Round 154: Accuracy = 0.6633, Decision = 0
No available target samples left. Reusing existing target indices.
No available target samples left. Reusing existing target indices.
0.0028456399838129864 0.005333333333333334
Round 155: Accuracy = 0.6633, Decision = 0
No available target samples left. Reusing existing target indices.
No available target samples left. Reusing existing target indices.
0.003550652414560318 0.005333333333333334
Round 156: Accuracy = 0.6633, Decision = 0
No available target samples left. Reusing existing target indices.
No available target samples left. Reusing existing target indices.
-0.00858942667643231 0.005333333333333334
Round 157: Accuracy = 0.6633, Decision = 0
No available target samples left. Reusing existing target indices.
No available target samples left. Reusing existing target indices.
0.003019474446773529 0.005333333333333334
Round 158: Accuracy = 0.6633, Decision = 0
No available target samples left. Reusing existing target indices.
No available target samples left. Reusing existing target indices.
-0.0009421085317929401 0.005333333333333334
Round 159: Accuracy = 0.6633, Decision = 0
No available target samples left. Reusing existing target indices.
No available target samples left. Reusing existing target indices.
-0.001395822813113512 0.005333333333333334
Round 160: Accuracy = 0.6633, Decision = 0
No available target samples left. Reusing existing target indices.
No available target samples left. Reusing existing target indices.
-0.0019354385634263727 0.005333333333333334
Round 161: Accuracy = 0.6633, Decision = 0
No available target samples left. Reusing existing target indices.
No available target samples left. Reusing existing target indices.
0.0027168902258078442 0.005333333333333334
Round 162: Accuracy = 0.6633, Decision = 0
No available target samples left. Reusing existing target indices.
No available target samples left. Reusing existing target indices.
0.0004737029472987042 0.005333333333333334
Round 163: Accuracy = 0.6633, Decision = 0
No available target samples left. Reusing existing target indices.
No available target samples left. Reusing existing target indices.
0.0033939530452092304 0.005333333333333334
Round 164: Accuracy = 0.6633, Decision = 0
No available target samples left. Reusing existing target indices.
No available target samples left. Reusing existing target indices.
-0.001975988348325075 0.005333333333333334
Round 165: Accuracy = 0.6633, Decision = 0
No available target samples left. Reusing existing target indices.
No available target samples left. Reusing existing target indices.
-0.0006604418158531189 0.005333333333333334
Round 166: Accuracy = 0.6633, Decision = 0
No available target samples left. Reusing existing target indices.
No available target samples left. Reusing existing target indices.
0.0009601886073747901 0.005333333333333334
Round 167: Accuracy = 0.6633, Decision = 0
No available target samples left. Reusing existing target indices.
No available target samples left. Reusing existing target indices.
0.0014063964287440167 0.005333333333333334
Round 168: Accuracy = 0.6633, Decision = 0
No available target samples left. Reusing existing target indices.
No available target samples left. Reusing existing target indices.
0.0030114079515139447 0.005333333333333334
Round 169: Accuracy = 0.6633, Decision = 0
No available target samples left. Reusing existing target indices.
No available target samples left. Reusing existing target indices.
-0.006082064161698042 0.005333333333333334
Round 170: Accuracy = 0.6633, Decision = 0
No available target samples left. Reusing existing target indices.
No available target samples left. Reusing existing target indices.
-0.0010122545063495636 0.005333333333333334
Round 171: Accuracy = 0.6633, Decision = 0
No available target samples left. Reusing existing target indices.
No available target samples left. Reusing existing target indices.
0.004467313488324465 0.005333333333333334
Round 172: Accuracy = 0.6633, Decision = 0
No available target samples left. Reusing existing target indices.
No available target samples left. Reusing existing target indices.
-0.0020952088137467517 0.005333333333333334
Round 173: Accuracy = 0.6633, Decision = 0
No available target samples left. Reusing existing target indices.
No available target samples left. Reusing existing target indices.
-0.003830254077911377 0.005333333333333334
Round 174: Accuracy = 0.6633, Decision = 0
No available target samples left. Reusing existing target indices.
No available target samples left. Reusing existing target indices.
0.002261447409788786 0.005333333333333334
Round 175: Accuracy = 0.6633, Decision = 0
No available target samples left. Reusing existing target indices.
No available target samples left. Reusing existing target indices.
-0.0025401090582212182 0.005333333333333334
Round 176: Accuracy = 0.6633, Decision = 0
No available target samples left. Reusing existing target indices.
No available target samples left. Reusing existing target indices.
0.0026135829587777826 0.005333333333333334
Round 177: Accuracy = 0.6633, Decision = 0
No available target samples left. Reusing existing target indices.
No available target samples left. Reusing existing target indices.
0.0026936220626035956 0.005333333333333334
Round 178: Accuracy = 0.6633, Decision = 0
No available target samples left. Reusing existing target indices.
No available target samples left. Reusing existing target indices.
-0.002709603557983997 0.005333333333333334
Round 179: Accuracy = 0.6633, Decision = 0
No available target samples left. Reusing existing target indices.
No available target samples left. Reusing existing target indices.
0.0018717447916666297 0.005333333333333334
Round 180: Accuracy = 0.6633, Decision = 0
No available target samples left. Reusing existing target indices.
No available target samples left. Reusing existing target indices.
2.442300319671631e-05 0.005333333333333334
Round 181: Accuracy = 0.6633, Decision = 0
No available target samples left. Reusing existing target indices.
No available target samples left. Reusing existing target indices.
0.007220330337683378 0.005333333333333334
Epoch 1/5, Loss: 0.4825
Epoch 2/5, Loss: 0.4567
Epoch 3/5, Loss: 0.4829
Epoch 4/5, Loss: 0.4875
Epoch 5/5, Loss: 0.4342
Round 182: Accuracy = 0.6633, Decision = 1
No available target samples left. Reusing existing target indices.
No available target samples left. Reusing existing target indices.
0.159550936271747 0.017333333333333333
Epoch 1/5, Loss: 0.4253
Epoch 2/5, Loss: 0.3976
Epoch 3/5, Loss: 0.4210
Epoch 4/5, Loss: 0.4255
Epoch 5/5, Loss: 0.4008
Round 183: Accuracy = 0.6156, Decision = 1
No available target samples left. Reusing existing target indices.
No available target samples left. Reusing existing target indices.
-0.25544909884532296 0.02933333333333333
Round 184: Accuracy = 0.6429, Decision = 0
No available target samples left. Reusing existing target indices.
No available target samples left. Reusing existing target indices.
0.00310375913977623 0.027999999999999994
Round 185: Accuracy = 0.6429, Decision = 0
No available target samples left. Reusing existing target indices.
No available target samples left. Reusing existing target indices.
-0.00042963214218616486 0.02666666666666666
Round 186: Accuracy = 0.6429, Decision = 0
No available target samples left. Reusing existing target indices.
No available target samples left. Reusing existing target indices.
0.0035886658976475583 0.025333333333333326
Round 187: Accuracy = 0.6429, Decision = 0
No available target samples left. Reusing existing target indices.
No available target samples left. Reusing existing target indices.
0.0017401029666264667 0.02399999999999999
Round 188: Accuracy = 0.6429, Decision = 0
No available target samples left. Reusing existing target indices.
No available target samples left. Reusing existing target indices.
0.002171177417039871 0.022666666666666658
Round 189: Accuracy = 0.6429, Decision = 0
No available target samples left. Reusing existing target indices.
No available target samples left. Reusing existing target indices.
-0.004129815846681595 0.021333333333333322
Round 190: Accuracy = 0.6429, Decision = 0
No available target samples left. Reusing existing target indices.
No available target samples left. Reusing existing target indices.
0.00015720600883167846 0.019999999999999987
Round 191: Accuracy = 0.6429, Decision = 0
No available target samples left. Reusing existing target indices.
No available target samples left. Reusing existing target indices.
0.002708892027536991 0.018666666666666654
Round 192: Accuracy = 0.6429, Decision = 0
No available target samples left. Reusing existing target indices.
No available target samples left. Reusing existing target indices.
-0.0027105572323004035 0.017333333333333322
Round 193: Accuracy = 0.6429, Decision = 0
No available target samples left. Reusing existing target indices.
No available target samples left. Reusing existing target indices.
-0.000661476204792677 0.01599999999999999
Round 194: Accuracy = 0.6429, Decision = 0
No available target samples left. Reusing existing target indices.
No available target samples left. Reusing existing target indices.
-0.0017215857903162823 0.014666666666666656
Round 195: Accuracy = 0.6429, Decision = 0
No available target samples left. Reusing existing target indices.
No available target samples left. Reusing existing target indices.
0.002587857345740019 0.013333333333333324
Round 196: Accuracy = 0.6429, Decision = 0
No available target samples left. Reusing existing target indices.
No available target samples left. Reusing existing target indices.
0.0026113217075665607 0.011999999999999992
Round 197: Accuracy = 0.6429, Decision = 0
No available target samples left. Reusing existing target indices.
No available target samples left. Reusing existing target indices.
-0.007583726197481155 0.010666666666666658
Round 198: Accuracy = 0.6429, Decision = 0
No available target samples left. Reusing existing target indices.
No available target samples left. Reusing existing target indices.
0.014319397509098053 0.009333333333333325
Epoch 1/5, Loss: 0.3628
Epoch 2/5, Loss: 0.3674
Epoch 3/5, Loss: 0.3406
Epoch 4/5, Loss: 0.3328
Epoch 5/5, Loss: 0.3095
Round 199: Accuracy = 0.6429, Decision = 1
