Using the latest cached version of the dataset since flwrlabs/pacs couldn't be found on the Hugging Face Hub
Found the latest cached dataset configuration 'default' at /home/apiasecz/.cache/huggingface/datasets/flwrlabs___pacs/default/0.0.0/394113073258ead631f617d2e13bb377c0715c4b (last modified on Wed Jan 29 16:59:35 2025).
Using the latest cached version of the dataset since flwrlabs/pacs couldn't be found on the Hugging Face Hub
Found the latest cached dataset configuration 'default' at /home/apiasecz/.cache/huggingface/datasets/flwrlabs___pacs/default/0.0.0/394113073258ead631f617d2e13bb377c0715c4b (last modified on Wed Jan 29 16:59:35 2025).
Using the latest cached version of the dataset since flwrlabs/pacs couldn't be found on the Hugging Face Hub
Found the latest cached dataset configuration 'default' at /home/apiasecz/.cache/huggingface/datasets/flwrlabs___pacs/default/0.0.0/394113073258ead631f617d2e13bb377c0715c4b (last modified on Wed Jan 29 16:59:35 2025).
Using the latest cached version of the dataset since flwrlabs/pacs couldn't be found on the Hugging Face Hub
Found the latest cached dataset configuration 'default' at /home/apiasecz/.cache/huggingface/datasets/flwrlabs___pacs/default/0.0.0/394113073258ead631f617d2e13bb377c0715c4b (last modified on Wed Jan 29 16:59:35 2025).
Using the latest cached version of the dataset since flwrlabs/pacs couldn't be found on the Hugging Face Hub
Found the latest cached dataset configuration 'default' at /home/apiasecz/.cache/huggingface/datasets/flwrlabs___pacs/default/0.0.0/394113073258ead631f617d2e13bb377c0715c4b (last modified on Wed Jan 29 16:59:35 2025).
Device: cuda
CUDA Version: 12.1
cuDNN Version: 8902
PyTorch Version: 2.3.0

Model used: PACSCNN_1
Initial dataset creation
Initial dataset creation
Initial loss: 0.2595318555831909
<__main__.Policy object at 0x14e8074526c0>
0.2595318555831909
Average loss over 3 updates: 0.2467
Round 1 took 0.302670955657959s, results:
{'t': 0, 'current_accuracy': 0.890625, 'current_loss': 0.28984875977039337, 'train_loss': 0.24670584499835968, 'decision': 1, 'drift_rate': 0.0, 'target_domains': ['cartoon']}
Round 2 took 0.12878966331481934s, results:
{'t': 1, 'current_accuracy': 0.953125, 'current_loss': 0.19401168823242188, 'train_loss': None, 'decision': 0, 'drift_rate': 0.0, 'target_domains': ['cartoon']}
Round 3 took 0.1273813247680664s, results:
{'t': 2, 'current_accuracy': 0.953125, 'current_loss': 0.19401168823242188, 'train_loss': None, 'decision': 0, 'drift_rate': 0.0, 'target_domains': ['cartoon']}
Round 4 took 0.12733244895935059s, results:
{'t': 3, 'current_accuracy': 0.953125, 'current_loss': 0.19401168823242188, 'train_loss': None, 'decision': 0, 'drift_rate': 0.0, 'target_domains': ['cartoon']}
Round 5 took 0.12720131874084473s, results:
{'t': 4, 'current_accuracy': 0.953125, 'current_loss': 0.19401166588068008, 'train_loss': None, 'decision': 0, 'drift_rate': 0.0, 'target_domains': ['cartoon']}
Round 6 took 0.12737584114074707s, results:
{'t': 5, 'current_accuracy': 0.953125, 'current_loss': 0.19401170313358307, 'train_loss': None, 'decision': 0, 'drift_rate': 0.0, 'target_domains': ['cartoon']}
Round 7 took 0.1273517608642578s, results:
{'t': 6, 'current_accuracy': 0.953125, 'current_loss': 0.19401168078184128, 'train_loss': None, 'decision': 0, 'drift_rate': 0.0, 'target_domains': ['cartoon']}
Round 8 took 0.1271533966064453s, results:
{'t': 7, 'current_accuracy': 0.953125, 'current_loss': 0.19401167333126068, 'train_loss': None, 'decision': 0, 'drift_rate': 0.0, 'target_domains': ['cartoon']}
Round 9 took 0.12731289863586426s, results:
{'t': 8, 'current_accuracy': 0.953125, 'current_loss': 0.19401168823242188, 'train_loss': None, 'decision': 0, 'drift_rate': 0.0, 'target_domains': ['cartoon']}
Round 10 took 0.12738871574401855s, results:
{'t': 9, 'current_accuracy': 0.953125, 'current_loss': 0.19401167333126068, 'train_loss': None, 'decision': 0, 'drift_rate': 0.0, 'target_domains': ['cartoon']}
Average loss over 3 updates: 0.1780
Round 11 took 0.22892212867736816s, results:
{'t': 10, 'current_accuracy': 0.953125, 'current_loss': 0.19401169568300247, 'train_loss': 0.1780341217915217, 'decision': 1, 'drift_rate': 0.0, 'target_domains': ['cartoon']}
Round 12 took 0.1276381015777588s, results:
{'t': 11, 'current_accuracy': 0.9609375, 'current_loss': 0.17501581460237503, 'train_loss': None, 'decision': 0, 'drift_rate': 0.0, 'target_domains': ['cartoon']}
Round 13 took 0.13040399551391602s, results:
{'t': 12, 'current_accuracy': 0.9609375, 'current_loss': 0.17501581460237503, 'train_loss': None, 'decision': 0, 'drift_rate': 0.0, 'target_domains': ['cartoon']}
Round 14 took 0.12767505645751953s, results:
{'t': 13, 'current_accuracy': 0.9609375, 'current_loss': 0.17501579970121384, 'train_loss': None, 'decision': 0, 'drift_rate': 0.0, 'target_domains': ['cartoon']}
Round 15 took 0.12728500366210938s, results:
{'t': 14, 'current_accuracy': 0.9609375, 'current_loss': 0.17501580715179443, 'train_loss': None, 'decision': 0, 'drift_rate': 0.0, 'target_domains': ['cartoon']}
Round 16 took 0.1272118091583252s, results:
{'t': 15, 'current_accuracy': 0.9609375, 'current_loss': 0.17501579970121384, 'train_loss': None, 'decision': 0, 'drift_rate': 0.0, 'target_domains': ['cartoon']}
Round 17 took 0.12724709510803223s, results:
{'t': 16, 'current_accuracy': 0.9609375, 'current_loss': 0.17501580715179443, 'train_loss': None, 'decision': 0, 'drift_rate': 0.0, 'target_domains': ['cartoon']}
Round 18 took 0.12715411186218262s, results:
{'t': 17, 'current_accuracy': 0.9609375, 'current_loss': 0.17501579970121384, 'train_loss': None, 'decision': 0, 'drift_rate': 0.0, 'target_domains': ['cartoon']}
Round 19 took 0.12755274772644043s, results:
{'t': 18, 'current_accuracy': 0.9609375, 'current_loss': 0.17501580715179443, 'train_loss': None, 'decision': 0, 'drift_rate': 0.0, 'target_domains': ['cartoon']}
Round 20 took 0.1274261474609375s, results:
{'t': 19, 'current_accuracy': 0.9609375, 'current_loss': 0.17501579970121384, 'train_loss': None, 'decision': 0, 'drift_rate': 0.0, 'target_domains': ['cartoon']}
Average loss over 3 updates: 0.1871
Round 21 took 0.22894001007080078s, results:
{'t': 20, 'current_accuracy': 0.9609375, 'current_loss': 0.17501579970121384, 'train_loss': 0.18712803224722543, 'decision': 1, 'drift_rate': 0.0, 'target_domains': ['cartoon']}
Round 22 took 0.12715578079223633s, results:
{'t': 21, 'current_accuracy': 0.96484375, 'current_loss': 0.1739962175488472, 'train_loss': None, 'decision': 0, 'drift_rate': 0.0, 'target_domains': ['cartoon']}
Round 23 took 0.1274111270904541s, results:
{'t': 22, 'current_accuracy': 0.96484375, 'current_loss': 0.1739961877465248, 'train_loss': None, 'decision': 0, 'drift_rate': 0.0, 'target_domains': ['cartoon']}
Round 24 took 0.12730813026428223s, results:
{'t': 23, 'current_accuracy': 0.96484375, 'current_loss': 0.173996202647686, 'train_loss': None, 'decision': 0, 'drift_rate': 0.0, 'target_domains': ['cartoon']}
Round 25 took 0.13269710540771484s, results:
{'t': 24, 'current_accuracy': 0.96484375, 'current_loss': 0.1739961877465248, 'train_loss': None, 'decision': 0, 'drift_rate': 0.0, 'target_domains': ['cartoon']}
Round 26 took 0.12758255004882812s, results:
{'t': 25, 'current_accuracy': 0.96484375, 'current_loss': 0.1739961951971054, 'train_loss': None, 'decision': 0, 'drift_rate': 0.0, 'target_domains': ['cartoon']}
Round 27 took 0.12731504440307617s, results:
{'t': 26, 'current_accuracy': 0.96484375, 'current_loss': 0.173996202647686, 'train_loss': None, 'decision': 0, 'drift_rate': 0.0, 'target_domains': ['cartoon']}
Round 28 took 0.12722349166870117s, results:
{'t': 27, 'current_accuracy': 0.96484375, 'current_loss': 0.173996202647686, 'train_loss': None, 'decision': 0, 'drift_rate': 0.0, 'target_domains': ['cartoon']}
Round 29 took 0.12712478637695312s, results:
{'t': 28, 'current_accuracy': 0.96484375, 'current_loss': 0.1739962249994278, 'train_loss': None, 'decision': 0, 'drift_rate': 0.0, 'target_domains': ['cartoon']}
Round 30 took 0.12719416618347168s, results:
{'t': 29, 'current_accuracy': 0.96484375, 'current_loss': 0.17399617284536362, 'train_loss': None, 'decision': 0, 'drift_rate': 0.0, 'target_domains': ['cartoon']}
Average loss over 3 updates: 0.1408
Round 31 took 0.22728824615478516s, results:
{'t': 30, 'current_accuracy': 0.96484375, 'current_loss': 0.1739961802959442, 'train_loss': 0.1407607247432073, 'decision': 1, 'drift_rate': 0.0, 'target_domains': ['cartoon']}
Round 32 took 0.1277625560760498s, results:
{'t': 31, 'current_accuracy': 0.9375, 'current_loss': 0.1840950846672058, 'train_loss': None, 'decision': 0, 'drift_rate': 0.0, 'target_domains': ['cartoon']}
Round 33 took 0.1274263858795166s, results:
{'t': 32, 'current_accuracy': 0.9375, 'current_loss': 0.1840950921177864, 'train_loss': None, 'decision': 0, 'drift_rate': 0.0, 'target_domains': ['cartoon']}
Round 34 took 0.12726998329162598s, results:
{'t': 33, 'current_accuracy': 0.9375, 'current_loss': 0.1840950846672058, 'train_loss': None, 'decision': 0, 'drift_rate': 0.0, 'target_domains': ['cartoon']}
Round 35 took 0.12723803520202637s, results:
{'t': 34, 'current_accuracy': 0.9375, 'current_loss': 0.1840951181948185, 'train_loss': None, 'decision': 0, 'drift_rate': 0.0, 'target_domains': ['cartoon']}
Round 36 took 0.12715649604797363s, results:
{'t': 35, 'current_accuracy': 0.9375, 'current_loss': 0.184095099568367, 'train_loss': None, 'decision': 0, 'drift_rate': 0.0, 'target_domains': ['cartoon']}
Round 37 took 0.12742400169372559s, results:
{'t': 36, 'current_accuracy': 0.9375, 'current_loss': 0.1840950921177864, 'train_loss': None, 'decision': 0, 'drift_rate': 0.0, 'target_domains': ['cartoon']}
Round 38 took 0.13103914260864258s, results:
{'t': 37, 'current_accuracy': 0.9375, 'current_loss': 0.1840951070189476, 'train_loss': None, 'decision': 0, 'drift_rate': 0.0, 'target_domains': ['cartoon']}
Round 39 took 0.1269845962524414s, results:
{'t': 38, 'current_accuracy': 0.9375, 'current_loss': 0.1840951144695282, 'train_loss': None, 'decision': 0, 'drift_rate': 0.0, 'target_domains': ['cartoon']}
Round 40 took 0.1272575855255127s, results:
{'t': 39, 'current_accuracy': 0.9375, 'current_loss': 0.1840950846672058, 'train_loss': None, 'decision': 0, 'drift_rate': 0.0, 'target_domains': ['cartoon']}
Average loss over 3 updates: 0.1825
Round 41 took 0.2271735668182373s, results:
{'t': 40, 'current_accuracy': 0.9375, 'current_loss': 0.1840951070189476, 'train_loss': 0.18249000112215677, 'decision': 1, 'drift_rate': 0.0, 'target_domains': ['cartoon']}
Round 42 took 0.12723803520202637s, results:
{'t': 41, 'current_accuracy': 0.97265625, 'current_loss': 0.18255555629730225, 'train_loss': None, 'decision': 0, 'drift_rate': 0.0, 'target_domains': ['cartoon']}
Round 43 took 0.12733197212219238s, results:
{'t': 42, 'current_accuracy': 0.97265625, 'current_loss': 0.18255554139614105, 'train_loss': None, 'decision': 0, 'drift_rate': 0.0, 'target_domains': ['cartoon']}
Round 44 took 0.12724757194519043s, results:
{'t': 43, 'current_accuracy': 0.97265625, 'current_loss': 0.18255556374788284, 'train_loss': None, 'decision': 0, 'drift_rate': 0.0, 'target_domains': ['cartoon']}
Round 45 took 0.12714219093322754s, results:
{'t': 44, 'current_accuracy': 0.97265625, 'current_loss': 0.18255559355020523, 'train_loss': None, 'decision': 0, 'drift_rate': 0.0, 'target_domains': ['cartoon']}
Round 46 took 0.12900495529174805s, results:
{'t': 45, 'current_accuracy': 0.71484375, 'current_loss': 1.2451311349868774, 'train_loss': None, 'decision': 0, 'drift_rate': 0.4, 'target_domains': ['photo']}
Round 47 took 0.12866926193237305s, results:
{'t': 46, 'current_accuracy': 0.4609375, 'current_loss': 2.3912211656570435, 'train_loss': None, 'decision': 0, 'drift_rate': 0.4, 'target_domains': ['photo']}
Round 48 took 0.12811756134033203s, results:
{'t': 47, 'current_accuracy': 0.34765625, 'current_loss': 2.859914779663086, 'train_loss': None, 'decision': 0, 'drift_rate': 0.4, 'target_domains': ['photo']}
Round 49 took 0.12732267379760742s, results:
{'t': 48, 'current_accuracy': 0.34765625, 'current_loss': 2.8599146604537964, 'train_loss': None, 'decision': 0, 'drift_rate': 0.0, 'target_domains': ['photo']}
Round 50 took 0.13080310821533203s, results:
{'t': 49, 'current_accuracy': 0.34765625, 'current_loss': 2.8599146604537964, 'train_loss': None, 'decision': 0, 'drift_rate': 0.0, 'target_domains': ['photo']}
Average loss over 3 updates: 3.2270
Round 51 took 0.22882914543151855s, results:
{'t': 50, 'current_accuracy': 0.34765625, 'current_loss': 2.859914779663086, 'train_loss': 3.2270237604777017, 'decision': 1, 'drift_rate': 0.0, 'target_domains': ['photo']}
Round 52 took 0.12735390663146973s, results:
{'t': 51, 'current_accuracy': 0.45703125, 'current_loss': 1.9948790073394775, 'train_loss': None, 'decision': 0, 'drift_rate': 0.0, 'target_domains': ['photo']}
Round 53 took 0.12713241577148438s, results:
{'t': 52, 'current_accuracy': 0.45703125, 'current_loss': 1.994878888130188, 'train_loss': None, 'decision': 0, 'drift_rate': 0.0, 'target_domains': ['photo']}
Round 54 took 0.12713336944580078s, results:
{'t': 53, 'current_accuracy': 0.45703125, 'current_loss': 1.994879126548767, 'train_loss': None, 'decision': 0, 'drift_rate': 0.0, 'target_domains': ['photo']}
Round 55 took 0.1272296905517578s, results:
{'t': 54, 'current_accuracy': 0.45703125, 'current_loss': 1.9948789477348328, 'train_loss': None, 'decision': 0, 'drift_rate': 0.0, 'target_domains': ['photo']}
Round 56 took 0.126908540725708s, results:
{'t': 55, 'current_accuracy': 0.45703125, 'current_loss': 1.9948791861534119, 'train_loss': None, 'decision': 0, 'drift_rate': 0.0, 'target_domains': ['photo']}
Round 57 took 0.1271815299987793s, results:
{'t': 56, 'current_accuracy': 0.45703125, 'current_loss': 1.9948786497116089, 'train_loss': None, 'decision': 0, 'drift_rate': 0.0, 'target_domains': ['photo']}
Round 58 took 0.1269364356994629s, results:
{'t': 57, 'current_accuracy': 0.45703125, 'current_loss': 1.9948790669441223, 'train_loss': None, 'decision': 0, 'drift_rate': 0.0, 'target_domains': ['photo']}
Round 59 took 0.1271038055419922s, results:
{'t': 58, 'current_accuracy': 0.45703125, 'current_loss': 1.994878888130188, 'train_loss': None, 'decision': 0, 'drift_rate': 0.0, 'target_domains': ['photo']}
Round 60 took 0.12711501121520996s, results:
{'t': 59, 'current_accuracy': 0.45703125, 'current_loss': 1.9948790073394775, 'train_loss': None, 'decision': 0, 'drift_rate': 0.0, 'target_domains': ['photo']}
Average loss over 3 updates: 1.7292
Round 61 took 0.2276782989501953s, results:
{'t': 60, 'current_accuracy': 0.45703125, 'current_loss': 1.9948790073394775, 'train_loss': 1.7292258342107136, 'decision': 1, 'drift_rate': 0.0, 'target_domains': ['photo']}
Round 62 took 0.1297767162322998s, results:
{'t': 61, 'current_accuracy': 0.53515625, 'current_loss': 1.3780811429023743, 'train_loss': None, 'decision': 0, 'drift_rate': 0.0, 'target_domains': ['photo']}
Round 63 took 0.12720298767089844s, results:
{'t': 62, 'current_accuracy': 0.53515625, 'current_loss': 1.3780814409255981, 'train_loss': None, 'decision': 0, 'drift_rate': 0.0, 'target_domains': ['photo']}
Round 64 took 0.1274721622467041s, results:
{'t': 63, 'current_accuracy': 0.53515625, 'current_loss': 1.3780812621116638, 'train_loss': None, 'decision': 0, 'drift_rate': 0.0, 'target_domains': ['photo']}
Round 65 took 0.12734150886535645s, results:
{'t': 64, 'current_accuracy': 0.53515625, 'current_loss': 1.3780811429023743, 'train_loss': None, 'decision': 0, 'drift_rate': 0.0, 'target_domains': ['photo']}
Round 66 took 0.1273503303527832s, results:
{'t': 65, 'current_accuracy': 0.53515625, 'current_loss': 1.378081202507019, 'train_loss': None, 'decision': 0, 'drift_rate': 0.0, 'target_domains': ['photo']}
Round 67 took 0.12735390663146973s, results:
{'t': 66, 'current_accuracy': 0.53515625, 'current_loss': 1.3780813813209534, 'train_loss': None, 'decision': 0, 'drift_rate': 0.0, 'target_domains': ['photo']}
Round 68 took 0.1273646354675293s, results:
{'t': 67, 'current_accuracy': 0.53515625, 'current_loss': 1.378081202507019, 'train_loss': None, 'decision': 0, 'drift_rate': 0.0, 'target_domains': ['photo']}
Round 69 took 0.12724018096923828s, results:
{'t': 68, 'current_accuracy': 0.53515625, 'current_loss': 1.3780812621116638, 'train_loss': None, 'decision': 0, 'drift_rate': 0.0, 'target_domains': ['photo']}
Round 70 took 0.12729096412658691s, results:
{'t': 69, 'current_accuracy': 0.53515625, 'current_loss': 1.3780811429023743, 'train_loss': None, 'decision': 0, 'drift_rate': 0.0, 'target_domains': ['photo']}
Average loss over 3 updates: 1.1919
Round 71 took 0.22717905044555664s, results:
{'t': 70, 'current_accuracy': 0.53515625, 'current_loss': 1.3780813813209534, 'train_loss': 1.191896677017212, 'decision': 1, 'drift_rate': 0.0, 'target_domains': ['photo']}
Round 72 took 0.12744855880737305s, results:
{'t': 71, 'current_accuracy': 0.53125, 'current_loss': 1.3215656280517578, 'train_loss': None, 'decision': 0, 'drift_rate': 0.0, 'target_domains': ['photo']}
Round 73 took 0.12740302085876465s, results:
{'t': 72, 'current_accuracy': 0.53125, 'current_loss': 1.321565568447113, 'train_loss': None, 'decision': 0, 'drift_rate': 0.0, 'target_domains': ['photo']}
Round 74 took 0.12946677207946777s, results:
{'t': 73, 'current_accuracy': 0.53125, 'current_loss': 1.3215657472610474, 'train_loss': None, 'decision': 0, 'drift_rate': 0.0, 'target_domains': ['photo']}
Round 75 took 0.12714529037475586s, results:
{'t': 74, 'current_accuracy': 0.53125, 'current_loss': 1.3215656280517578, 'train_loss': None, 'decision': 0, 'drift_rate': 0.0, 'target_domains': ['photo']}
Round 76 took 0.12732934951782227s, results:
{'t': 75, 'current_accuracy': 0.53125, 'current_loss': 1.3215656876564026, 'train_loss': None, 'decision': 0, 'drift_rate': 0.0, 'target_domains': ['photo']}
Round 77 took 0.12716436386108398s, results:
{'t': 76, 'current_accuracy': 0.53125, 'current_loss': 1.321565568447113, 'train_loss': None, 'decision': 0, 'drift_rate': 0.0, 'target_domains': ['photo']}
Round 78 took 0.1271500587463379s, results:
{'t': 77, 'current_accuracy': 0.53125, 'current_loss': 1.3215656876564026, 'train_loss': None, 'decision': 0, 'drift_rate': 0.0, 'target_domains': ['photo']}
Round 79 took 0.12734317779541016s, results:
{'t': 78, 'current_accuracy': 0.53125, 'current_loss': 1.3215656280517578, 'train_loss': None, 'decision': 0, 'drift_rate': 0.0, 'target_domains': ['photo']}
Round 80 took 0.12715816497802734s, results:
{'t': 79, 'current_accuracy': 0.53125, 'current_loss': 1.3215656280517578, 'train_loss': None, 'decision': 0, 'drift_rate': 0.0, 'target_domains': ['photo']}
Average loss over 3 updates: 1.3064
Round 81 took 0.22719550132751465s, results:
{'t': 80, 'current_accuracy': 0.53125, 'current_loss': 1.3215655088424683, 'train_loss': 1.3063660860061646, 'decision': 1, 'drift_rate': 0.0, 'target_domains': ['photo']}
Round 82 took 0.12760066986083984s, results:
{'t': 81, 'current_accuracy': 0.56640625, 'current_loss': 1.2658416628837585, 'train_loss': None, 'decision': 0, 'drift_rate': 0.0, 'target_domains': ['photo']}
Round 83 took 0.1273789405822754s, results:
{'t': 82, 'current_accuracy': 0.56640625, 'current_loss': 1.2658418416976929, 'train_loss': None, 'decision': 0, 'drift_rate': 0.0, 'target_domains': ['photo']}
Round 84 took 0.12750005722045898s, results:
{'t': 83, 'current_accuracy': 0.56640625, 'current_loss': 1.265841782093048, 'train_loss': None, 'decision': 0, 'drift_rate': 0.0, 'target_domains': ['photo']}
Round 85 took 0.12720537185668945s, results:
{'t': 84, 'current_accuracy': 0.56640625, 'current_loss': 1.265841782093048, 'train_loss': None, 'decision': 0, 'drift_rate': 0.0, 'target_domains': ['photo']}
Round 86 took 0.12920069694519043s, results:
{'t': 85, 'current_accuracy': 0.56640625, 'current_loss': 1.265841782093048, 'train_loss': None, 'decision': 0, 'drift_rate': 0.0, 'target_domains': ['photo']}
Round 87 took 0.12751245498657227s, results:
{'t': 86, 'current_accuracy': 0.56640625, 'current_loss': 1.2658417224884033, 'train_loss': None, 'decision': 0, 'drift_rate': 0.0, 'target_domains': ['photo']}
Round 88 took 0.12758088111877441s, results:
{'t': 87, 'current_accuracy': 0.56640625, 'current_loss': 1.2658418416976929, 'train_loss': None, 'decision': 0, 'drift_rate': 0.0, 'target_domains': ['photo']}
Round 89 took 0.12748193740844727s, results:
{'t': 88, 'current_accuracy': 0.56640625, 'current_loss': 1.265841782093048, 'train_loss': None, 'decision': 0, 'drift_rate': 0.0, 'target_domains': ['photo']}
Round 90 took 0.12734556198120117s, results:
{'t': 89, 'current_accuracy': 0.56640625, 'current_loss': 1.2658419609069824, 'train_loss': None, 'decision': 0, 'drift_rate': 0.0, 'target_domains': ['photo']}
Average loss over 3 updates: 1.2687
Round 91 took 0.22696352005004883s, results:
{'t': 90, 'current_accuracy': 0.56640625, 'current_loss': 1.265841782093048, 'train_loss': 1.2687276601791382, 'decision': 1, 'drift_rate': 0.0, 'target_domains': ['photo']}
Round 92 took 0.12779974937438965s, results:
{'t': 91, 'current_accuracy': 0.578125, 'current_loss': 1.270444631576538, 'train_loss': None, 'decision': 0, 'drift_rate': 0.0, 'target_domains': ['photo']}
Round 93 took 0.1275172233581543s, results:
{'t': 92, 'current_accuracy': 0.578125, 'current_loss': 1.2704445123672485, 'train_loss': None, 'decision': 0, 'drift_rate': 0.0, 'target_domains': ['photo']}
Round 94 took 0.12738776206970215s, results:
{'t': 93, 'current_accuracy': 0.578125, 'current_loss': 1.2704445719718933, 'train_loss': None, 'decision': 0, 'drift_rate': 0.0, 'target_domains': ['photo']}
Round 95 took 0.12752199172973633s, results:
{'t': 94, 'current_accuracy': 0.578125, 'current_loss': 1.270444631576538, 'train_loss': None, 'decision': 0, 'drift_rate': 0.0, 'target_domains': ['photo']}
Round 96 took 0.12759089469909668s, results:
{'t': 95, 'current_accuracy': 0.578125, 'current_loss': 1.270444631576538, 'train_loss': None, 'decision': 0, 'drift_rate': 0.0, 'target_domains': ['photo']}
Round 97 took 0.12775874137878418s, results:
{'t': 96, 'current_accuracy': 0.578125, 'current_loss': 1.270444631576538, 'train_loss': None, 'decision': 0, 'drift_rate': 0.0, 'target_domains': ['photo']}
Round 98 took 0.13285207748413086s, results:
{'t': 97, 'current_accuracy': 0.578125, 'current_loss': 1.2704445719718933, 'train_loss': None, 'decision': 0, 'drift_rate': 0.0, 'target_domains': ['photo']}
Round 99 took 0.1280972957611084s, results:
{'t': 98, 'current_accuracy': 0.578125, 'current_loss': 1.2704446911811829, 'train_loss': None, 'decision': 0, 'drift_rate': 0.0, 'target_domains': ['photo']}
Round 100 took 0.12770938873291016s, results:
{'t': 99, 'current_accuracy': 0.578125, 'current_loss': 1.270444631576538, 'train_loss': None, 'decision': 0, 'drift_rate': 0.0, 'target_domains': ['photo']}
Average loss over 3 updates: 1.2634
Round 101 took 0.22855877876281738s, results:
{'t': 100, 'current_accuracy': 0.578125, 'current_loss': 1.2704444527626038, 'train_loss': 1.26335875193278, 'decision': 1, 'drift_rate': 0.0, 'target_domains': ['photo']}
Round 102 took 0.1278548240661621s, results:
{'t': 101, 'current_accuracy': 0.578125, 'current_loss': 1.1950313448905945, 'train_loss': None, 'decision': 0, 'drift_rate': 0.0, 'target_domains': ['photo']}
Round 103 took 0.12800025939941406s, results:
{'t': 102, 'current_accuracy': 0.578125, 'current_loss': 1.1950312852859497, 'train_loss': None, 'decision': 0, 'drift_rate': 0.0, 'target_domains': ['photo']}
Round 104 took 0.12762188911437988s, results:
{'t': 103, 'current_accuracy': 0.578125, 'current_loss': 1.195031464099884, 'train_loss': None, 'decision': 0, 'drift_rate': 0.0, 'target_domains': ['photo']}
Round 105 took 0.12767601013183594s, results:
{'t': 104, 'current_accuracy': 0.578125, 'current_loss': 1.1950313448905945, 'train_loss': None, 'decision': 0, 'drift_rate': 0.0, 'target_domains': ['photo']}
Round 106 took 0.12937617301940918s, results:
{'t': 105, 'current_accuracy': 0.66796875, 'current_loss': 0.9717074632644653, 'train_loss': None, 'decision': 0, 'drift_rate': 0.4, 'target_domains': ['cartoon']}
Round 107 took 0.1290435791015625s, results:
{'t': 106, 'current_accuracy': 0.7578125, 'current_loss': 0.7251350283622742, 'train_loss': None, 'decision': 0, 'drift_rate': 0.4, 'target_domains': ['cartoon']}
Round 108 took 0.12862610816955566s, results:
{'t': 107, 'current_accuracy': 0.81640625, 'current_loss': 0.5777959823608398, 'train_loss': None, 'decision': 0, 'drift_rate': 0.4, 'target_domains': ['cartoon']}
Round 109 took 0.12765216827392578s, results:
{'t': 108, 'current_accuracy': 0.81640625, 'current_loss': 0.5777960121631622, 'train_loss': None, 'decision': 0, 'drift_rate': 0.0, 'target_domains': ['cartoon']}
Round 110 took 0.12827634811401367s, results:
{'t': 109, 'current_accuracy': 0.81640625, 'current_loss': 0.5777959525585175, 'train_loss': None, 'decision': 0, 'drift_rate': 0.0, 'target_domains': ['cartoon']}
Average loss over 3 updates: 0.5025
Round 111 took 0.2291867733001709s, results:
{'t': 110, 'current_accuracy': 0.81640625, 'current_loss': 0.5777960121631622, 'train_loss': 0.5024968087673187, 'decision': 1, 'drift_rate': 0.0, 'target_domains': ['cartoon']}
Round 112 took 0.12754321098327637s, results:
{'t': 111, 'current_accuracy': 0.90234375, 'current_loss': 0.35600776970386505, 'train_loss': None, 'decision': 0, 'drift_rate': 0.0, 'target_domains': ['cartoon']}
Round 113 took 0.1277008056640625s, results:
{'t': 112, 'current_accuracy': 0.90234375, 'current_loss': 0.35600776970386505, 'train_loss': None, 'decision': 0, 'drift_rate': 0.0, 'target_domains': ['cartoon']}
Round 114 took 0.12752580642700195s, results:
{'t': 113, 'current_accuracy': 0.90234375, 'current_loss': 0.35600779950618744, 'train_loss': None, 'decision': 0, 'drift_rate': 0.0, 'target_domains': ['cartoon']}
Round 115 took 0.1276838779449463s, results:
{'t': 114, 'current_accuracy': 0.90234375, 'current_loss': 0.35600776970386505, 'train_loss': None, 'decision': 0, 'drift_rate': 0.0, 'target_domains': ['cartoon']}
Round 116 took 0.12761592864990234s, results:
{'t': 115, 'current_accuracy': 0.90234375, 'current_loss': 0.35600781440734863, 'train_loss': None, 'decision': 0, 'drift_rate': 0.0, 'target_domains': ['cartoon']}
Round 117 took 0.12766718864440918s, results:
{'t': 116, 'current_accuracy': 0.90234375, 'current_loss': 0.35600778460502625, 'train_loss': None, 'decision': 0, 'drift_rate': 0.0, 'target_domains': ['cartoon']}
Round 118 took 0.12770676612854004s, results:
{'t': 117, 'current_accuracy': 0.90234375, 'current_loss': 0.35600776970386505, 'train_loss': None, 'decision': 0, 'drift_rate': 0.0, 'target_domains': ['cartoon']}
Round 119 took 0.12751102447509766s, results:
{'t': 118, 'current_accuracy': 0.90234375, 'current_loss': 0.35600776970386505, 'train_loss': None, 'decision': 0, 'drift_rate': 0.0, 'target_domains': ['cartoon']}
Round 120 took 0.1275622844696045s, results:
{'t': 119, 'current_accuracy': 0.90234375, 'current_loss': 0.35600778460502625, 'train_loss': None, 'decision': 0, 'drift_rate': 0.0, 'target_domains': ['cartoon']}
Average loss over 3 updates: 0.3167
Round 121 took 0.2280426025390625s, results:
{'t': 120, 'current_accuracy': 0.90234375, 'current_loss': 0.35600779950618744, 'train_loss': 0.31672828396161395, 'decision': 1, 'drift_rate': 0.0, 'target_domains': ['cartoon']}
Round 122 took 0.12781357765197754s, results:
{'t': 121, 'current_accuracy': 0.91796875, 'current_loss': 0.30500443279743195, 'train_loss': None, 'decision': 0, 'drift_rate': 0.0, 'target_domains': ['cartoon']}
Round 123 took 0.12754559516906738s, results:
{'t': 122, 'current_accuracy': 0.91796875, 'current_loss': 0.30500441789627075, 'train_loss': None, 'decision': 0, 'drift_rate': 0.0, 'target_domains': ['cartoon']}
Round 124 took 0.13170790672302246s, results:
{'t': 123, 'current_accuracy': 0.91796875, 'current_loss': 0.30500443279743195, 'train_loss': None, 'decision': 0, 'drift_rate': 0.0, 'target_domains': ['cartoon']}
Round 125 took 0.12792444229125977s, results:
{'t': 124, 'current_accuracy': 0.91796875, 'current_loss': 0.30500441789627075, 'train_loss': None, 'decision': 0, 'drift_rate': 0.0, 'target_domains': ['cartoon']}
Round 126 took 0.12768077850341797s, results:
{'t': 125, 'current_accuracy': 0.91796875, 'current_loss': 0.30500444769859314, 'train_loss': None, 'decision': 0, 'drift_rate': 0.0, 'target_domains': ['cartoon']}
Round 127 took 0.12769699096679688s, results:
{'t': 126, 'current_accuracy': 0.91796875, 'current_loss': 0.30500444769859314, 'train_loss': None, 'decision': 0, 'drift_rate': 0.0, 'target_domains': ['cartoon']}
Round 128 took 0.12761282920837402s, results:
{'t': 127, 'current_accuracy': 0.91796875, 'current_loss': 0.30500440299510956, 'train_loss': None, 'decision': 0, 'drift_rate': 0.0, 'target_domains': ['cartoon']}
Round 129 took 0.12759780883789062s, results:
{'t': 128, 'current_accuracy': 0.91796875, 'current_loss': 0.30500441789627075, 'train_loss': None, 'decision': 0, 'drift_rate': 0.0, 'target_domains': ['cartoon']}
Round 130 took 0.1276082992553711s, results:
{'t': 129, 'current_accuracy': 0.91796875, 'current_loss': 0.30500444769859314, 'train_loss': None, 'decision': 0, 'drift_rate': 0.0, 'target_domains': ['cartoon']}
Average loss over 3 updates: 0.2423
Round 131 took 0.22879314422607422s, results:
{'t': 130, 'current_accuracy': 0.91796875, 'current_loss': 0.30500443279743195, 'train_loss': 0.24229701856772104, 'decision': 1, 'drift_rate': 0.0, 'target_domains': ['cartoon']}
Round 132 took 0.12795591354370117s, results:
{'t': 131, 'current_accuracy': 0.9296875, 'current_loss': 0.28281818330287933, 'train_loss': None, 'decision': 0, 'drift_rate': 0.0, 'target_domains': ['cartoon']}
Round 133 took 0.12773680686950684s, results:
{'t': 132, 'current_accuracy': 0.9296875, 'current_loss': 0.28281816840171814, 'train_loss': None, 'decision': 0, 'drift_rate': 0.0, 'target_domains': ['cartoon']}
Round 134 took 0.12766528129577637s, results:
{'t': 133, 'current_accuracy': 0.9296875, 'current_loss': 0.2828182205557823, 'train_loss': None, 'decision': 0, 'drift_rate': 0.0, 'target_domains': ['cartoon']}
Round 135 took 0.12781500816345215s, results:
{'t': 134, 'current_accuracy': 0.9296875, 'current_loss': 0.2828182131052017, 'train_loss': None, 'decision': 0, 'drift_rate': 0.0, 'target_domains': ['cartoon']}
Round 136 took 0.12775206565856934s, results:
{'t': 135, 'current_accuracy': 0.9296875, 'current_loss': 0.28281818330287933, 'train_loss': None, 'decision': 0, 'drift_rate': 0.0, 'target_domains': ['cartoon']}
Round 137 took 0.12787318229675293s, results:
{'t': 136, 'current_accuracy': 0.9296875, 'current_loss': 0.28281818330287933, 'train_loss': None, 'decision': 0, 'drift_rate': 0.0, 'target_domains': ['cartoon']}
Round 138 took 0.13062119483947754s, results:
{'t': 137, 'current_accuracy': 0.9296875, 'current_loss': 0.28281816840171814, 'train_loss': None, 'decision': 0, 'drift_rate': 0.0, 'target_domains': ['cartoon']}
Round 139 took 0.12961149215698242s, results:
{'t': 138, 'current_accuracy': 0.9296875, 'current_loss': 0.28281818330287933, 'train_loss': None, 'decision': 0, 'drift_rate': 0.0, 'target_domains': ['cartoon']}
Round 140 took 0.1277165412902832s, results:
{'t': 139, 'current_accuracy': 0.9296875, 'current_loss': 0.28281819075345993, 'train_loss': None, 'decision': 0, 'drift_rate': 0.0, 'target_domains': ['cartoon']}
Average loss over 3 updates: 0.2801
Round 141 took 0.23036718368530273s, results:
{'t': 140, 'current_accuracy': 0.9296875, 'current_loss': 0.28281816840171814, 'train_loss': 0.2801210631926854, 'decision': 1, 'drift_rate': 0.0, 'target_domains': ['cartoon']}
Round 142 took 0.12807559967041016s, results:
{'t': 141, 'current_accuracy': 0.92578125, 'current_loss': 0.2627486288547516, 'train_loss': None, 'decision': 0, 'drift_rate': 0.0, 'target_domains': ['cartoon']}
Round 143 took 0.1276395320892334s, results:
{'t': 142, 'current_accuracy': 0.92578125, 'current_loss': 0.2627486288547516, 'train_loss': None, 'decision': 0, 'drift_rate': 0.0, 'target_domains': ['cartoon']}
Round 144 took 0.12769556045532227s, results:
{'t': 143, 'current_accuracy': 0.92578125, 'current_loss': 0.262748621404171, 'train_loss': None, 'decision': 0, 'drift_rate': 0.0, 'target_domains': ['cartoon']}
Round 145 took 0.12787365913391113s, results:
{'t': 144, 'current_accuracy': 0.92578125, 'current_loss': 0.2627486437559128, 'train_loss': None, 'decision': 0, 'drift_rate': 0.0, 'target_domains': ['cartoon']}
Round 146 took 0.1278383731842041s, results:
{'t': 145, 'current_accuracy': 0.92578125, 'current_loss': 0.2627486288547516, 'train_loss': None, 'decision': 0, 'drift_rate': 0.0, 'target_domains': ['cartoon']}
Round 147 took 0.12763619422912598s, results:
{'t': 146, 'current_accuracy': 0.92578125, 'current_loss': 0.2627486139535904, 'train_loss': None, 'decision': 0, 'drift_rate': 0.0, 'target_domains': ['cartoon']}
Round 148 took 0.12748003005981445s, results:
{'t': 147, 'current_accuracy': 0.92578125, 'current_loss': 0.262748658657074, 'train_loss': None, 'decision': 0, 'drift_rate': 0.0, 'target_domains': ['cartoon']}
Round 149 took 0.12774085998535156s, results:
{'t': 148, 'current_accuracy': 0.92578125, 'current_loss': 0.2627486437559128, 'train_loss': None, 'decision': 0, 'drift_rate': 0.0, 'target_domains': ['cartoon']}
Round 150 took 0.12773489952087402s, results:
{'t': 149, 'current_accuracy': 0.92578125, 'current_loss': 0.2627486437559128, 'train_loss': None, 'decision': 0, 'drift_rate': 0.0, 'target_domains': ['cartoon']}
Average loss over 3 updates: 0.2518
Round 151 took 0.22873282432556152s, results:
{'t': 150, 'current_accuracy': 0.92578125, 'current_loss': 0.26274866610765457, 'train_loss': 0.25176040331522626, 'decision': 1, 'drift_rate': 0.0, 'target_domains': ['cartoon']}
Round 152 took 0.13066720962524414s, results:
{'t': 151, 'current_accuracy': 0.88671875, 'current_loss': 0.3303735703229904, 'train_loss': None, 'decision': 0, 'drift_rate': 0.0, 'target_domains': ['cartoon']}
Round 153 took 0.12885212898254395s, results:
{'t': 152, 'current_accuracy': 0.88671875, 'current_loss': 0.3303735852241516, 'train_loss': None, 'decision': 0, 'drift_rate': 0.0, 'target_domains': ['cartoon']}
Round 154 took 0.12770509719848633s, results:
{'t': 153, 'current_accuracy': 0.88671875, 'current_loss': 0.3303736001253128, 'train_loss': None, 'decision': 0, 'drift_rate': 0.0, 'target_domains': ['cartoon']}
Round 155 took 0.1275489330291748s, results:
{'t': 154, 'current_accuracy': 0.88671875, 'current_loss': 0.3303736001253128, 'train_loss': None, 'decision': 0, 'drift_rate': 0.0, 'target_domains': ['cartoon']}
Round 156 took 0.12758541107177734s, results:
{'t': 155, 'current_accuracy': 0.88671875, 'current_loss': 0.3303735703229904, 'train_loss': None, 'decision': 0, 'drift_rate': 0.0, 'target_domains': ['cartoon']}
Round 157 took 0.12751269340515137s, results:
{'t': 156, 'current_accuracy': 0.88671875, 'current_loss': 0.3303735852241516, 'train_loss': None, 'decision': 0, 'drift_rate': 0.0, 'target_domains': ['cartoon']}
Round 158 took 0.12759184837341309s, results:
{'t': 157, 'current_accuracy': 0.88671875, 'current_loss': 0.3303735703229904, 'train_loss': None, 'decision': 0, 'drift_rate': 0.0, 'target_domains': ['cartoon']}
Round 159 took 0.12752151489257812s, results:
{'t': 158, 'current_accuracy': 0.88671875, 'current_loss': 0.3303735554218292, 'train_loss': None, 'decision': 0, 'drift_rate': 0.0, 'target_domains': ['cartoon']}
Round 160 took 0.12743353843688965s, results:
{'t': 159, 'current_accuracy': 0.88671875, 'current_loss': 0.3303735554218292, 'train_loss': None, 'decision': 0, 'drift_rate': 0.0, 'target_domains': ['cartoon']}
Average loss over 3 updates: 0.2439
Round 161 took 0.2301948070526123s, results:
{'t': 160, 'current_accuracy': 0.88671875, 'current_loss': 0.3303736001253128, 'train_loss': 0.24389809370040894, 'decision': 1, 'drift_rate': 0.0, 'target_domains': ['cartoon']}
Round 162 took 0.12775874137878418s, results:
{'t': 161, 'current_accuracy': 0.92578125, 'current_loss': 0.24213853478431702, 'train_loss': None, 'decision': 0, 'drift_rate': 0.0, 'target_domains': ['cartoon']}
Round 163 took 0.12766528129577637s, results:
{'t': 162, 'current_accuracy': 0.92578125, 'current_loss': 0.2421386018395424, 'train_loss': None, 'decision': 0, 'drift_rate': 0.0, 'target_domains': ['cartoon']}
Round 164 took 0.12744641304016113s, results:
{'t': 163, 'current_accuracy': 0.92578125, 'current_loss': 0.2421386018395424, 'train_loss': None, 'decision': 0, 'drift_rate': 0.0, 'target_domains': ['cartoon']}
Round 165 took 0.1273348331451416s, results:
{'t': 164, 'current_accuracy': 0.92578125, 'current_loss': 0.2421385571360588, 'train_loss': None, 'decision': 0, 'drift_rate': 0.0, 'target_domains': ['cartoon']}
Round 166 took 0.13151073455810547s, results:
{'t': 165, 'current_accuracy': 0.65625, 'current_loss': 1.009503185749054, 'train_loss': None, 'decision': 0, 'drift_rate': 0.4, 'target_domains': ['sketch']}
Round 167 took 0.13452792167663574s, results:
{'t': 166, 'current_accuracy': 0.38671875, 'current_loss': 1.7878571152687073, 'train_loss': None, 'decision': 0, 'drift_rate': 0.4, 'target_domains': ['sketch']}
Round 168 took 0.13019442558288574s, results:
{'t': 167, 'current_accuracy': 0.26171875, 'current_loss': 2.161261796951294, 'train_loss': None, 'decision': 0, 'drift_rate': 0.4, 'target_domains': ['sketch']}
Round 169 took 0.12730908393859863s, results:
{'t': 168, 'current_accuracy': 0.26171875, 'current_loss': 2.161261796951294, 'train_loss': None, 'decision': 0, 'drift_rate': 0.0, 'target_domains': ['sketch']}
Round 170 took 0.12743520736694336s, results:
{'t': 169, 'current_accuracy': 0.26171875, 'current_loss': 2.161261796951294, 'train_loss': None, 'decision': 0, 'drift_rate': 0.0, 'target_domains': ['sketch']}
Average loss over 3 updates: 2.7918
Round 171 took 0.23675751686096191s, results:
{'t': 170, 'current_accuracy': 0.26171875, 'current_loss': 2.161261796951294, 'train_loss': 2.791757265726725, 'decision': 1, 'drift_rate': 0.0, 'target_domains': ['sketch']}
Round 172 took 0.1275336742401123s, results:
{'t': 171, 'current_accuracy': 0.1875, 'current_loss': 2.4026918411254883, 'train_loss': None, 'decision': 0, 'drift_rate': 0.0, 'target_domains': ['sketch']}
Round 173 took 0.12746763229370117s, results:
{'t': 172, 'current_accuracy': 0.1875, 'current_loss': 2.40269136428833, 'train_loss': None, 'decision': 0, 'drift_rate': 0.0, 'target_domains': ['sketch']}
Round 174 took 0.12734413146972656s, results:
{'t': 173, 'current_accuracy': 0.1875, 'current_loss': 2.40269136428833, 'train_loss': None, 'decision': 0, 'drift_rate': 0.0, 'target_domains': ['sketch']}
Round 175 took 0.12754607200622559s, results:
{'t': 174, 'current_accuracy': 0.1875, 'current_loss': 2.40269136428833, 'train_loss': None, 'decision': 0, 'drift_rate': 0.0, 'target_domains': ['sketch']}
Round 176 took 0.12730169296264648s, results:
{'t': 175, 'current_accuracy': 0.1875, 'current_loss': 2.40269136428833, 'train_loss': None, 'decision': 0, 'drift_rate': 0.0, 'target_domains': ['sketch']}
Round 177 took 0.12741851806640625s, results:
{'t': 176, 'current_accuracy': 0.1875, 'current_loss': 2.4026914834976196, 'train_loss': None, 'decision': 0, 'drift_rate': 0.0, 'target_domains': ['sketch']}
Round 178 took 0.1274125576019287s, results:
{'t': 177, 'current_accuracy': 0.1875, 'current_loss': 2.4026914834976196, 'train_loss': None, 'decision': 0, 'drift_rate': 0.0, 'target_domains': ['sketch']}
Round 179 took 0.12734079360961914s, results:
{'t': 178, 'current_accuracy': 0.1875, 'current_loss': 2.402691602706909, 'train_loss': None, 'decision': 0, 'drift_rate': 0.0, 'target_domains': ['sketch']}
Round 180 took 0.12745046615600586s, results:
{'t': 179, 'current_accuracy': 0.1875, 'current_loss': 2.4026914834976196, 'train_loss': None, 'decision': 0, 'drift_rate': 0.0, 'target_domains': ['sketch']}
Average loss over 3 updates: 1.9114
Round 181 took 0.2379443645477295s, results:
{'t': 180, 'current_accuracy': 0.1875, 'current_loss': 2.402691602706909, 'train_loss': 1.9113837480545044, 'decision': 1, 'drift_rate': 0.0, 'target_domains': ['sketch']}
Round 182 took 0.1284635066986084s, results:
{'t': 181, 'current_accuracy': 0.31640625, 'current_loss': 1.7326043844223022, 'train_loss': None, 'decision': 0, 'drift_rate': 0.0, 'target_domains': ['sketch']}
Round 183 took 0.12728238105773926s, results:
{'t': 182, 'current_accuracy': 0.31640625, 'current_loss': 1.7326043844223022, 'train_loss': None, 'decision': 0, 'drift_rate': 0.0, 'target_domains': ['sketch']}
Round 184 took 0.12750649452209473s, results:
{'t': 183, 'current_accuracy': 0.31640625, 'current_loss': 1.7326043248176575, 'train_loss': None, 'decision': 0, 'drift_rate': 0.0, 'target_domains': ['sketch']}
Round 185 took 0.12731361389160156s, results:
{'t': 184, 'current_accuracy': 0.31640625, 'current_loss': 1.7326042652130127, 'train_loss': None, 'decision': 0, 'drift_rate': 0.0, 'target_domains': ['sketch']}
Round 186 took 0.12746500968933105s, results:
{'t': 185, 'current_accuracy': 0.31640625, 'current_loss': 1.732604444026947, 'train_loss': None, 'decision': 0, 'drift_rate': 0.0, 'target_domains': ['sketch']}
Round 187 took 0.1272754669189453s, results:
{'t': 186, 'current_accuracy': 0.31640625, 'current_loss': 1.7326043248176575, 'train_loss': None, 'decision': 0, 'drift_rate': 0.0, 'target_domains': ['sketch']}
Round 188 took 0.12734341621398926s, results:
{'t': 187, 'current_accuracy': 0.31640625, 'current_loss': 1.7326043844223022, 'train_loss': None, 'decision': 0, 'drift_rate': 0.0, 'target_domains': ['sketch']}
Round 189 took 0.1273362636566162s, results:
{'t': 188, 'current_accuracy': 0.31640625, 'current_loss': 1.732604205608368, 'train_loss': None, 'decision': 0, 'drift_rate': 0.0, 'target_domains': ['sketch']}
Round 190 took 0.12742972373962402s, results:
{'t': 189, 'current_accuracy': 0.31640625, 'current_loss': 1.7326042652130127, 'train_loss': None, 'decision': 0, 'drift_rate': 0.0, 'target_domains': ['sketch']}
Average loss over 3 updates: 1.6615
Round 191 took 0.23133492469787598s, results:
{'t': 190, 'current_accuracy': 0.31640625, 'current_loss': 1.7326045036315918, 'train_loss': 1.6615454753239949, 'decision': 1, 'drift_rate': 0.0, 'target_domains': ['sketch']}
Round 192 took 0.12744474411010742s, results:
{'t': 191, 'current_accuracy': 0.3515625, 'current_loss': 1.6928404569625854, 'train_loss': None, 'decision': 0, 'drift_rate': 0.0, 'target_domains': ['sketch']}
Round 193 took 0.12733983993530273s, results:
{'t': 192, 'current_accuracy': 0.3515625, 'current_loss': 1.6928405165672302, 'train_loss': None, 'decision': 0, 'drift_rate': 0.0, 'target_domains': ['sketch']}
Round 194 took 0.12728285789489746s, results:
{'t': 193, 'current_accuracy': 0.3515625, 'current_loss': 1.6928404569625854, 'train_loss': None, 'decision': 0, 'drift_rate': 0.0, 'target_domains': ['sketch']}
Round 195 took 0.1303555965423584s, results:
{'t': 194, 'current_accuracy': 0.3515625, 'current_loss': 1.692840337753296, 'train_loss': None, 'decision': 0, 'drift_rate': 0.0, 'target_domains': ['sketch']}
Round 196 took 0.12737584114074707s, results:
{'t': 195, 'current_accuracy': 0.3515625, 'current_loss': 1.6928403973579407, 'train_loss': None, 'decision': 0, 'drift_rate': 0.0, 'target_domains': ['sketch']}
Round 197 took 0.12766456604003906s, results:
{'t': 196, 'current_accuracy': 0.3515625, 'current_loss': 1.6928403973579407, 'train_loss': None, 'decision': 0, 'drift_rate': 0.0, 'target_domains': ['sketch']}
Round 198 took 0.1285080909729004s, results:
{'t': 197, 'current_accuracy': 0.3515625, 'current_loss': 1.692840337753296, 'train_loss': None, 'decision': 0, 'drift_rate': 0.0, 'target_domains': ['sketch']}
Round 199 took 0.12909221649169922s, results:
{'t': 198, 'current_accuracy': 0.3515625, 'current_loss': 1.6928404569625854, 'train_loss': None, 'decision': 0, 'drift_rate': 0.0, 'target_domains': ['sketch']}
Round 200 took 0.12898731231689453s, results:
{'t': 199, 'current_accuracy': 0.3515625, 'current_loss': 1.6928402781486511, 'train_loss': None, 'decision': 0, 'drift_rate': 0.0, 'target_domains': ['sketch']}
Average time per round: 0.13839199900627136
Total time: 27.678399801254272
