Using the latest cached version of the dataset since flwrlabs/pacs couldn't be found on the Hugging Face Hub
Found the latest cached dataset configuration 'default' at /home/apiasecz/.cache/huggingface/datasets/flwrlabs___pacs/default/0.0.0/394113073258ead631f617d2e13bb377c0715c4b (last modified on Wed Jan 29 16:59:35 2025).
Using the latest cached version of the dataset since flwrlabs/pacs couldn't be found on the Hugging Face Hub
Found the latest cached dataset configuration 'default' at /home/apiasecz/.cache/huggingface/datasets/flwrlabs___pacs/default/0.0.0/394113073258ead631f617d2e13bb377c0715c4b (last modified on Wed Jan 29 16:59:35 2025).
Using the latest cached version of the dataset since flwrlabs/pacs couldn't be found on the Hugging Face Hub
Found the latest cached dataset configuration 'default' at /home/apiasecz/.cache/huggingface/datasets/flwrlabs___pacs/default/0.0.0/394113073258ead631f617d2e13bb377c0715c4b (last modified on Wed Jan 29 16:59:35 2025).
Device: cuda
CUDA Version: 12.1
cuDNN Version: 8902
PyTorch Version: 2.3.0

Model used: PACSCNN
Initial dataset creation
Initial dataset creation
Initial loss: 44.38033676147461
<__main__.Policy object at 0x151de2c7d6d0>
44.38033676147461
Loss historical diff: 1.4759159088134766; Loss Difference: 0.0, Decision: 0
Round 1 took 3.465627908706665s, results:
{'t': 0, 'current_accuracy': 0.13671875, 'current_loss': 45.856252670288086, 'train_loss': None, 'decision': 0, 'drift_rate': 0.0, 'target_domains': ['photo']}
Loss historical diff: 1.4759178161621094; Loss Difference: 0.0, Decision: 0
Round 2 took 3.140625476837158s, results:
{'t': 1, 'current_accuracy': 0.13671875, 'current_loss': 45.85625457763672, 'train_loss': None, 'decision': 0, 'drift_rate': 0.0, 'target_domains': ['photo']}
Loss historical diff: 1.475921630859375; Loss Difference: 0.0, Decision: 0
Round 3 took 2.9535393714904785s, results:
{'t': 2, 'current_accuracy': 0.13671875, 'current_loss': 45.856258392333984, 'train_loss': None, 'decision': 0, 'drift_rate': 0.0, 'target_domains': ['photo']}
Loss historical diff: 1.4759197235107422; Loss Difference: 0.0, Decision: 1
Average loss over 5 updates: 0.6094
Round 4 took 5.383497476577759s, results:
{'t': 3, 'current_accuracy': 0.13671875, 'current_loss': 45.85625648498535, 'train_loss': 0.6094264626502991, 'decision': 1, 'drift_rate': 0.0, 'target_domains': ['photo']}
Loss historical diff: 0.0; Loss Difference: 0.0, Decision: 0
Round 5 took 3.314408779144287s, results:
{'t': 4, 'current_accuracy': 0.38671875, 'current_loss': 3.280537962913513, 'train_loss': None, 'decision': 0, 'drift_rate': 0.0, 'target_domains': ['photo']}
Loss historical diff: 1.1920928955078125e-07; Loss Difference: 0.0, Decision: 0
Round 6 took 2.891800880432129s, results:
{'t': 5, 'current_accuracy': 0.38671875, 'current_loss': 3.2805380821228027, 'train_loss': None, 'decision': 0, 'drift_rate': 0.0, 'target_domains': ['photo']}
Loss historical diff: 2.384185791015625e-07; Loss Difference: 0.0, Decision: 0
Round 7 took 2.9377026557922363s, results:
{'t': 6, 'current_accuracy': 0.38671875, 'current_loss': 3.2805382013320923, 'train_loss': None, 'decision': 0, 'drift_rate': 0.0, 'target_domains': ['photo']}
Loss historical diff: 0.0; Loss Difference: 0.0, Decision: 0
Round 8 took 2.7734479904174805s, results:
{'t': 7, 'current_accuracy': 0.38671875, 'current_loss': 3.280537486076355, 'train_loss': None, 'decision': 0, 'drift_rate': 0.0, 'target_domains': ['photo']}
Loss historical diff: 8.344650268554688e-07; Loss Difference: 0.0, Decision: 0
Round 9 took 2.509605646133423s, results:
{'t': 8, 'current_accuracy': 0.38671875, 'current_loss': 3.280538320541382, 'train_loss': None, 'decision': 0, 'drift_rate': 0.0, 'target_domains': ['photo']}
Loss historical diff: 7.152557373046875e-07; Loss Difference: 0.0, Decision: 1
Average loss over 5 updates: 0.4039
Round 10 took 4.920058488845825s, results:
{'t': 9, 'current_accuracy': 0.38671875, 'current_loss': 3.2805382013320923, 'train_loss': 0.4039380967617035, 'decision': 1, 'drift_rate': 0.0, 'target_domains': ['photo']}
Loss historical diff: 0.0; Loss Difference: 0.0, Decision: 0
Round 11 took 2.623668909072876s, results:
{'t': 10, 'current_accuracy': 0.7265625, 'current_loss': 0.7796957492828369, 'train_loss': None, 'decision': 0, 'drift_rate': 0.0, 'target_domains': ['photo']}
Loss historical diff: 8.940696716308594e-08; Loss Difference: 0.0, Decision: 0
Round 12 took 2.9021778106689453s, results:
{'t': 11, 'current_accuracy': 0.7265625, 'current_loss': 0.7796958386898041, 'train_loss': None, 'decision': 0, 'drift_rate': 0.0, 'target_domains': ['photo']}
Loss historical diff: 1.1920928955078125e-07; Loss Difference: 0.0, Decision: 0
Round 13 took 2.7804205417633057s, results:
{'t': 12, 'current_accuracy': 0.7265625, 'current_loss': 0.7796958684921265, 'train_loss': None, 'decision': 0, 'drift_rate': 0.0, 'target_domains': ['photo']}
Loss historical diff: 8.940696716308594e-08; Loss Difference: 0.0, Decision: 0
Round 14 took 2.831089973449707s, results:
{'t': 13, 'current_accuracy': 0.7265625, 'current_loss': 0.7796958386898041, 'train_loss': None, 'decision': 0, 'drift_rate': 0.0, 'target_domains': ['photo']}
Loss historical diff: 2.682209014892578e-07; Loss Difference: 0.0, Decision: 0
Round 15 took 2.6092581748962402s, results:
{'t': 14, 'current_accuracy': 0.7265625, 'current_loss': 0.7796960175037384, 'train_loss': None, 'decision': 0, 'drift_rate': 0.0, 'target_domains': ['photo']}
Loss historical diff: 0.0; Loss Difference: 0.0, Decision: 1
Average loss over 5 updates: 0.3554
Round 16 took 4.525500297546387s, results:
{'t': 15, 'current_accuracy': 0.7265625, 'current_loss': 0.7796954214572906, 'train_loss': 0.3554017782211304, 'decision': 1, 'drift_rate': 0.0, 'target_domains': ['photo']}
Loss historical diff: 0.0; Loss Difference: 0.0, Decision: 0
Round 17 took 2.834671974182129s, results:
{'t': 16, 'current_accuracy': 0.8125, 'current_loss': 0.5002648681402206, 'train_loss': None, 'decision': 0, 'drift_rate': 0.0, 'target_domains': ['photo']}
Loss historical diff: 0.0; Loss Difference: 0.0, Decision: 0
Round 18 took 2.559866428375244s, results:
{'t': 17, 'current_accuracy': 0.8125, 'current_loss': 0.5002648532390594, 'train_loss': None, 'decision': 0, 'drift_rate': 0.0, 'target_domains': ['photo']}
Loss historical diff: 0.0; Loss Difference: 0.0, Decision: 1
Average loss over 5 updates: 0.3455
Round 19 took 4.612541675567627s, results:
{'t': 18, 'current_accuracy': 0.8125, 'current_loss': 0.5002645701169968, 'train_loss': 0.3454865783452988, 'decision': 1, 'drift_rate': 0.0, 'target_domains': ['photo']}
Loss historical diff: 0.0; Loss Difference: 0.0, Decision: 0
Round 20 took 2.507749319076538s, results:
{'t': 19, 'current_accuracy': 0.88671875, 'current_loss': 0.29505935311317444, 'train_loss': None, 'decision': 0, 'drift_rate': 0.0, 'target_domains': ['photo']}
Loss historical diff: 0.0; Loss Difference: 0.0, Decision: 1
Average loss over 5 updates: 0.3177
Round 21 took 4.3129072189331055s, results:
{'t': 20, 'current_accuracy': 0.88671875, 'current_loss': 0.29505927860736847, 'train_loss': 0.3176619589328766, 'decision': 1, 'drift_rate': 0.0, 'target_domains': ['photo']}
Loss historical diff: 0.20266982913017273; Loss Difference: 0.0, Decision: 0
Round 22 took 2.456632375717163s, results:
{'t': 21, 'current_accuracy': 0.796875, 'current_loss': 0.4977291077375412, 'train_loss': None, 'decision': 0, 'drift_rate': 0.0, 'target_domains': ['photo']}
Loss historical diff: 0.20266970992088318; Loss Difference: 0.0, Decision: 0
Round 23 took 2.45896053314209s, results:
{'t': 22, 'current_accuracy': 0.796875, 'current_loss': 0.49772898852825165, 'train_loss': None, 'decision': 0, 'drift_rate': 0.0, 'target_domains': ['photo']}
Loss historical diff: 0.20266972482204437; Loss Difference: 0.0, Decision: 0
Round 24 took 2.533184766769409s, results:
{'t': 23, 'current_accuracy': 0.796875, 'current_loss': 0.49772900342941284, 'train_loss': None, 'decision': 0, 'drift_rate': 0.0, 'target_domains': ['photo']}
Loss historical diff: 0.20266973972320557; Loss Difference: 0.0, Decision: 0
Round 25 took 2.5566914081573486s, results:
{'t': 24, 'current_accuracy': 0.796875, 'current_loss': 0.49772901833057404, 'train_loss': None, 'decision': 0, 'drift_rate': 0.0, 'target_domains': ['photo']}
Loss historical diff: 0.20266970992088318; Loss Difference: 0.0, Decision: 0
Round 26 took 2.441962957382202s, results:
{'t': 25, 'current_accuracy': 0.796875, 'current_loss': 0.49772898852825165, 'train_loss': None, 'decision': 0, 'drift_rate': 0.0, 'target_domains': ['photo']}
Loss historical diff: 0.20266975462436676; Loss Difference: 0.0, Decision: 0
Round 27 took 2.5115010738372803s, results:
{'t': 26, 'current_accuracy': 0.796875, 'current_loss': 0.49772903323173523, 'train_loss': None, 'decision': 0, 'drift_rate': 0.0, 'target_domains': ['photo']}
Loss historical diff: 0.20266973972320557; Loss Difference: 0.0, Decision: 0
Round 28 took 2.5505523681640625s, results:
{'t': 27, 'current_accuracy': 0.796875, 'current_loss': 0.49772901833057404, 'train_loss': None, 'decision': 0, 'drift_rate': 0.0, 'target_domains': ['photo']}
Loss historical diff: 0.20266969501972198; Loss Difference: 0.0, Decision: 1
Average loss over 5 updates: 0.2632
Round 29 took 4.488870859146118s, results:
{'t': 28, 'current_accuracy': 0.796875, 'current_loss': 0.49772897362709045, 'train_loss': 0.26318598687648775, 'decision': 1, 'drift_rate': 0.0, 'target_domains': ['photo']}
Loss historical diff: 0.03102754056453705; Loss Difference: 0.0, Decision: 0
Round 30 took 2.4693353176116943s, results:
{'t': 29, 'current_accuracy': 0.88671875, 'current_loss': 0.3260868191719055, 'train_loss': None, 'decision': 0, 'drift_rate': 0.0, 'target_domains': ['photo']}
Loss historical diff: 0.03102762997150421; Loss Difference: 0.0, Decision: 0
Round 31 took 2.4846646785736084s, results:
{'t': 30, 'current_accuracy': 0.88671875, 'current_loss': 0.3260869085788727, 'train_loss': None, 'decision': 0, 'drift_rate': 0.0, 'target_domains': ['photo']}
Loss historical diff: 0.031027600169181824; Loss Difference: 0.0, Decision: 0
Round 32 took 2.550440788269043s, results:
{'t': 31, 'current_accuracy': 0.88671875, 'current_loss': 0.3260868787765503, 'train_loss': None, 'decision': 0, 'drift_rate': 0.0, 'target_domains': ['photo']}
Loss historical diff: 0.0310276597738266; Loss Difference: 0.0, Decision: 0
Round 33 took 2.5019965171813965s, results:
{'t': 32, 'current_accuracy': 0.88671875, 'current_loss': 0.32608693838119507, 'train_loss': None, 'decision': 0, 'drift_rate': 0.0, 'target_domains': ['photo']}
Loss historical diff: 0.031027644872665405; Loss Difference: 0.0, Decision: 0
Round 34 took 2.6063919067382812s, results:
{'t': 33, 'current_accuracy': 0.88671875, 'current_loss': 0.3260869234800339, 'train_loss': None, 'decision': 0, 'drift_rate': 0.0, 'target_domains': ['photo']}
Loss historical diff: 0.03102773427963257; Loss Difference: 0.0, Decision: 0
Round 35 took 2.5693745613098145s, results:
{'t': 34, 'current_accuracy': 0.88671875, 'current_loss': 0.32608701288700104, 'train_loss': None, 'decision': 0, 'drift_rate': 0.0, 'target_domains': ['photo']}
Loss historical diff: 0.031027480959892273; Loss Difference: 0.0, Decision: 0
Round 36 took 2.4241113662719727s, results:
{'t': 35, 'current_accuracy': 0.88671875, 'current_loss': 0.32608675956726074, 'train_loss': None, 'decision': 0, 'drift_rate': 0.0, 'target_domains': ['photo']}
Loss historical diff: 0.031027600169181824; Loss Difference: 0.0, Decision: 0
Round 37 took 2.6269960403442383s, results:
{'t': 36, 'current_accuracy': 0.88671875, 'current_loss': 0.3260868787765503, 'train_loss': None, 'decision': 0, 'drift_rate': 0.0, 'target_domains': ['photo']}
Loss historical diff: 0.031027570366859436; Loss Difference: 0.0, Decision: 0
Round 38 took 2.4605183601379395s, results:
{'t': 37, 'current_accuracy': 0.88671875, 'current_loss': 0.3260868489742279, 'train_loss': None, 'decision': 0, 'drift_rate': 0.0, 'target_domains': ['photo']}
Loss historical diff: 0.03102762997150421; Loss Difference: 0.0, Decision: 0
Round 39 took 2.731304168701172s, results:
{'t': 38, 'current_accuracy': 0.88671875, 'current_loss': 0.3260869085788727, 'train_loss': None, 'decision': 0, 'drift_rate': 0.0, 'target_domains': ['photo']}
Loss historical diff: 0.031027600169181824; Loss Difference: 0.0, Decision: 0
Round 40 took 2.453031301498413s, results:
{'t': 39, 'current_accuracy': 0.88671875, 'current_loss': 0.3260868787765503, 'train_loss': None, 'decision': 0, 'drift_rate': 0.0, 'target_domains': ['photo']}
Loss historical diff: 0.03102762997150421; Loss Difference: 0.0, Decision: 1
Average loss over 5 updates: 0.2814
Round 41 took 4.269129514694214s, results:
{'t': 40, 'current_accuracy': 0.88671875, 'current_loss': 0.3260869085788727, 'train_loss': 0.2814101010560989, 'decision': 1, 'drift_rate': 0.0, 'target_domains': ['photo']}
Loss historical diff: 0.0; Loss Difference: 0.0, Decision: 0
Round 42 took 2.4152839183807373s, results:
{'t': 41, 'current_accuracy': 0.9140625, 'current_loss': 0.23344750702381134, 'train_loss': None, 'decision': 0, 'drift_rate': 0.0, 'target_domains': ['photo']}
Loss historical diff: 0.0; Loss Difference: 0.0, Decision: 0
Round 43 took 2.63409423828125s, results:
{'t': 42, 'current_accuracy': 0.9140625, 'current_loss': 0.23344749212265015, 'train_loss': None, 'decision': 0, 'drift_rate': 0.0, 'target_domains': ['photo']}
Loss historical diff: 2.086162567138672e-07; Loss Difference: 0.0, Decision: 0
Round 44 took 2.578449249267578s, results:
{'t': 43, 'current_accuracy': 0.9140625, 'current_loss': 0.23344770073890686, 'train_loss': None, 'decision': 0, 'drift_rate': 0.0, 'target_domains': ['photo']}
Loss historical diff: 1.4901161193847656e-08; Loss Difference: 0.0, Decision: 0
Round 45 took 2.6299638748168945s, results:
{'t': 44, 'current_accuracy': 0.9140625, 'current_loss': 0.23344750702381134, 'train_loss': None, 'decision': 0, 'drift_rate': 0.0, 'target_domains': ['photo']}
Loss historical diff: 2.9802322387695312e-08; Loss Difference: 0.0, Decision: 0
Round 46 took 2.520494222640991s, results:
{'t': 45, 'current_accuracy': 0.9140625, 'current_loss': 0.23344752192497253, 'train_loss': None, 'decision': 0, 'drift_rate': 0.0, 'target_domains': ['photo']}
Loss historical diff: 5.960464477539063e-08; Loss Difference: 0.0, Decision: 0
Round 47 took 2.533684730529785s, results:
{'t': 46, 'current_accuracy': 0.9140625, 'current_loss': 0.23344755172729492, 'train_loss': None, 'decision': 0, 'drift_rate': 0.0, 'target_domains': ['photo']}
Loss historical diff: 4.470348358154297e-08; Loss Difference: 0.0, Decision: 0
Round 48 took 2.7906742095947266s, results:
{'t': 47, 'current_accuracy': 0.9140625, 'current_loss': 0.23344753682613373, 'train_loss': None, 'decision': 0, 'drift_rate': 0.0, 'target_domains': ['photo']}
Loss historical diff: 2.9802322387695312e-08; Loss Difference: 0.0, Decision: 0
Round 49 took 2.449244737625122s, results:
{'t': 48, 'current_accuracy': 0.9140625, 'current_loss': 0.23344752192497253, 'train_loss': None, 'decision': 0, 'drift_rate': 0.0, 'target_domains': ['photo']}
Loss historical diff: 2.9802322387695312e-08; Loss Difference: 0.0, Decision: 0
Round 50 took 2.522698402404785s, results:
{'t': 49, 'current_accuracy': 0.9140625, 'current_loss': 0.23344752192497253, 'train_loss': None, 'decision': 0, 'drift_rate': 0.0, 'target_domains': ['photo']}
Loss historical diff: 5.960464477539063e-08; Loss Difference: 0.0, Decision: 1
Average loss over 5 updates: 0.2542
Round 51 took 5.252272129058838s, results:
{'t': 50, 'current_accuracy': 0.9140625, 'current_loss': 0.23344755172729492, 'train_loss': 0.2542022496461868, 'decision': 1, 'drift_rate': 0.032, 'target_domains': ['photo']}
Loss historical diff: 0.05376994609832764; Loss Difference: 0.0, Decision: 0
Round 52 took 2.8136351108551025s, results:
{'t': 51, 'current_accuracy': 0.8984375, 'current_loss': 0.2872174382209778, 'train_loss': None, 'decision': 0, 'drift_rate': 0.032, 'target_domains': ['photo']}
Loss historical diff: 0.05376984179019928; Loss Difference: 0.0, Decision: 1
Average loss over 5 updates: 0.2112
Round 53 took 4.430320501327515s, results:
{'t': 52, 'current_accuracy': 0.8984375, 'current_loss': 0.2872173339128494, 'train_loss': 0.21122021973133087, 'decision': 1, 'drift_rate': 0.032, 'target_domains': ['photo']}
Loss historical diff: 0.19355106353759766; Loss Difference: 0.0, Decision: 0
Round 54 took 2.542335271835327s, results:
{'t': 53, 'current_accuracy': 0.84765625, 'current_loss': 0.4269985556602478, 'train_loss': None, 'decision': 0, 'drift_rate': 0.032, 'target_domains': ['photo']}
Loss historical diff: 0.19355104863643646; Loss Difference: 0.0, Decision: 1
Average loss over 5 updates: 0.2505
Round 55 took 4.68721866607666s, results:
{'t': 54, 'current_accuracy': 0.84765625, 'current_loss': 0.4269985407590866, 'train_loss': 0.2504666715860367, 'decision': 1, 'drift_rate': 0.032, 'target_domains': ['photo']}
Loss historical diff: 0.0; Loss Difference: 0.0, Decision: 0
Round 56 took 2.4976890087127686s, results:
{'t': 55, 'current_accuracy': 0.9140625, 'current_loss': 0.23034470528364182, 'train_loss': None, 'decision': 0, 'drift_rate': 0.032, 'target_domains': ['photo']}
Loss historical diff: 0.0; Loss Difference: 0.0, Decision: 0
Round 57 took 2.5056395530700684s, results:
{'t': 56, 'current_accuracy': 0.9140625, 'current_loss': 0.23034460842609406, 'train_loss': None, 'decision': 0, 'drift_rate': 0.032, 'target_domains': ['photo']}
Loss historical diff: 1.4901161193847656e-08; Loss Difference: 0.0, Decision: 1
Average loss over 5 updates: 0.2025
Round 58 took 4.250308513641357s, results:
{'t': 57, 'current_accuracy': 0.9140625, 'current_loss': 0.23034462332725525, 'train_loss': 0.2024871975183487, 'decision': 1, 'drift_rate': 0.032, 'target_domains': ['photo']}
Loss historical diff: 0.0849524438381195; Loss Difference: 0.0, Decision: 0
Round 59 took 2.4781570434570312s, results:
{'t': 58, 'current_accuracy': 0.88671875, 'current_loss': 0.31529705226421356, 'train_loss': None, 'decision': 0, 'drift_rate': 0.032, 'target_domains': ['photo']}
Loss historical diff: 0.08495225012302399; Loss Difference: 0.0, Decision: 0
Round 60 took 2.5230488777160645s, results:
{'t': 59, 'current_accuracy': 0.88671875, 'current_loss': 0.31529685854911804, 'train_loss': None, 'decision': 0, 'drift_rate': 0.032, 'target_domains': ['photo']}
Loss historical diff: 0.08495238423347473; Loss Difference: 0.0, Decision: 0
Round 61 took 2.4653635025024414s, results:
{'t': 60, 'current_accuracy': 0.88671875, 'current_loss': 0.3152969926595688, 'train_loss': None, 'decision': 0, 'drift_rate': 0.032, 'target_domains': ['photo']}
Loss historical diff: 0.08495253324508667; Loss Difference: 0.0, Decision: 0
Round 62 took 2.6532349586486816s, results:
{'t': 61, 'current_accuracy': 0.88671875, 'current_loss': 0.3152971416711807, 'train_loss': None, 'decision': 0, 'drift_rate': 0.032, 'target_domains': ['photo']}
Loss historical diff: 0.08495232462882996; Loss Difference: 0.0, Decision: 0
Round 63 took 2.658975601196289s, results:
{'t': 62, 'current_accuracy': 0.88671875, 'current_loss': 0.315296933054924, 'train_loss': None, 'decision': 0, 'drift_rate': 0.032, 'target_domains': ['photo']}
Loss historical diff: 0.08495241403579712; Loss Difference: 0.0, Decision: 0
Round 64 took 2.635201930999756s, results:
{'t': 63, 'current_accuracy': 0.88671875, 'current_loss': 0.3152970224618912, 'train_loss': None, 'decision': 0, 'drift_rate': 0.032, 'target_domains': ['photo']}
Loss historical diff: 0.08495239913463593; Loss Difference: 0.0, Decision: 0
Round 65 took 2.511934757232666s, results:
{'t': 64, 'current_accuracy': 0.88671875, 'current_loss': 0.31529700756073, 'train_loss': None, 'decision': 0, 'drift_rate': 0.032, 'target_domains': ['photo']}
Loss historical diff: 0.08495238423347473; Loss Difference: 0.0, Decision: 0
Round 66 took 2.5032155513763428s, results:
{'t': 65, 'current_accuracy': 0.88671875, 'current_loss': 0.3152969926595688, 'train_loss': None, 'decision': 0, 'drift_rate': 0.032, 'target_domains': ['photo']}
Loss historical diff: 0.08495238423347473; Loss Difference: 0.0, Decision: 0
Round 67 took 2.433382987976074s, results:
{'t': 66, 'current_accuracy': 0.88671875, 'current_loss': 0.3152969926595688, 'train_loss': None, 'decision': 0, 'drift_rate': 0.032, 'target_domains': ['photo']}
Loss historical diff: 0.08495239913463593; Loss Difference: 0.0, Decision: 0
Round 68 took 2.668348789215088s, results:
{'t': 67, 'current_accuracy': 0.88671875, 'current_loss': 0.31529700756073, 'train_loss': None, 'decision': 0, 'drift_rate': 0.032, 'target_domains': ['photo']}
Loss historical diff: 0.08495241403579712; Loss Difference: 0.0, Decision: 1
Average loss over 5 updates: 0.2001
Round 69 took 5.051938533782959s, results:
{'t': 68, 'current_accuracy': 0.88671875, 'current_loss': 0.3152970224618912, 'train_loss': 0.2001189410686493, 'decision': 1, 'drift_rate': 0.032, 'target_domains': ['photo']}
Loss historical diff: 0.05261516571044922; Loss Difference: 0.0, Decision: 1
Average loss over 5 updates: 0.1959
Round 70 took 4.4901134967803955s, results:
{'t': 69, 'current_accuracy': 0.89453125, 'current_loss': 0.2829597741365433, 'train_loss': 0.1959169715642929, 'decision': 1, 'drift_rate': 0.032, 'target_domains': ['photo']}
Loss historical diff: 0.02562320977449417; Loss Difference: 0.0, Decision: 0
Round 71 took 2.573836088180542s, results:
{'t': 70, 'current_accuracy': 0.8984375, 'current_loss': 0.2559678182005882, 'train_loss': None, 'decision': 0, 'drift_rate': 0.032, 'target_domains': ['photo']}
Loss historical diff: 0.02562301605939865; Loss Difference: 0.0, Decision: 0
Round 72 took 2.478604555130005s, results:
{'t': 71, 'current_accuracy': 0.8984375, 'current_loss': 0.2559676244854927, 'train_loss': None, 'decision': 0, 'drift_rate': 0.032, 'target_domains': ['photo']}
Loss historical diff: 0.025623083114624023; Loss Difference: 0.0, Decision: 0
Round 73 took 2.4994375705718994s, results:
{'t': 72, 'current_accuracy': 0.8984375, 'current_loss': 0.2559676915407181, 'train_loss': None, 'decision': 0, 'drift_rate': 0.032, 'target_domains': ['photo']}
Loss historical diff: 0.025622956454753876; Loss Difference: 0.0, Decision: 0
Round 74 took 2.6204776763916016s, results:
{'t': 73, 'current_accuracy': 0.8984375, 'current_loss': 0.25596756488084793, 'train_loss': None, 'decision': 0, 'drift_rate': 0.032, 'target_domains': ['photo']}
Loss historical diff: 0.02562299370765686; Loss Difference: 0.0, Decision: 0
Round 75 took 2.6514906883239746s, results:
{'t': 74, 'current_accuracy': 0.8984375, 'current_loss': 0.2559676021337509, 'train_loss': None, 'decision': 0, 'drift_rate': 0.032, 'target_domains': ['photo']}
Loss historical diff: 0.02562304586172104; Loss Difference: 0.0, Decision: 1
Average loss over 5 updates: 0.1845
Round 76 took 4.2135796546936035s, results:
{'t': 75, 'current_accuracy': 0.8984375, 'current_loss': 0.2559676542878151, 'train_loss': 0.1844688832759857, 'decision': 1, 'drift_rate': 0.032, 'target_domains': ['photo']}
Loss historical diff: 0.010439924895763397; Loss Difference: 0.0, Decision: 0
Round 77 took 2.5260000228881836s, results:
{'t': 76, 'current_accuracy': 0.92578125, 'current_loss': 0.24078453332185745, 'train_loss': None, 'decision': 0, 'drift_rate': 0.032, 'target_domains': ['photo']}
Loss historical diff: 0.01043982058763504; Loss Difference: 0.0, Decision: 0
Round 78 took 2.521273612976074s, results:
{'t': 77, 'current_accuracy': 0.92578125, 'current_loss': 0.2407844290137291, 'train_loss': None, 'decision': 0, 'drift_rate': 0.032, 'target_domains': ['photo']}
Loss historical diff: 0.010439842939376831; Loss Difference: 0.0, Decision: 0
Round 79 took 2.527787923812866s, results:
{'t': 78, 'current_accuracy': 0.92578125, 'current_loss': 0.2407844513654709, 'train_loss': None, 'decision': 0, 'drift_rate': 0.032, 'target_domains': ['photo']}
Loss historical diff: 0.010439805686473846; Loss Difference: 0.0, Decision: 0
Round 80 took 2.4737436771392822s, results:
{'t': 79, 'current_accuracy': 0.92578125, 'current_loss': 0.2407844141125679, 'train_loss': None, 'decision': 0, 'drift_rate': 0.032, 'target_domains': ['photo']}
Loss historical diff: 0.010439805686473846; Loss Difference: 0.0, Decision: 0
Round 81 took 2.474240303039551s, results:
{'t': 80, 'current_accuracy': 0.92578125, 'current_loss': 0.2407844141125679, 'train_loss': None, 'decision': 0, 'drift_rate': 0.0, 'target_domains': ['photo']}
Loss historical diff: 0.010439828038215637; Loss Difference: 0.0, Decision: 0
Round 82 took 2.5162928104400635s, results:
{'t': 81, 'current_accuracy': 0.92578125, 'current_loss': 0.2407844364643097, 'train_loss': None, 'decision': 0, 'drift_rate': 0.0, 'target_domains': ['photo']}
Loss historical diff: 0.010439828038215637; Loss Difference: 0.0, Decision: 0
Round 83 took 2.46297287940979s, results:
{'t': 82, 'current_accuracy': 0.92578125, 'current_loss': 0.2407844364643097, 'train_loss': None, 'decision': 0, 'drift_rate': 0.0, 'target_domains': ['photo']}
Loss historical diff: 0.010439850389957428; Loss Difference: 0.0, Decision: 0
Round 84 took 2.682321548461914s, results:
{'t': 83, 'current_accuracy': 0.92578125, 'current_loss': 0.24078445881605148, 'train_loss': None, 'decision': 0, 'drift_rate': 0.0, 'target_domains': ['photo']}
Loss historical diff: 0.010439828038215637; Loss Difference: 0.0, Decision: 0
Round 85 took 2.5096359252929688s, results:
{'t': 84, 'current_accuracy': 0.92578125, 'current_loss': 0.2407844364643097, 'train_loss': None, 'decision': 0, 'drift_rate': 0.0, 'target_domains': ['photo']}
Loss historical diff: 0.010439828038215637; Loss Difference: 0.0, Decision: 0
Round 86 took 2.4199953079223633s, results:
{'t': 85, 'current_accuracy': 0.92578125, 'current_loss': 0.2407844364643097, 'train_loss': None, 'decision': 0, 'drift_rate': 0.0, 'target_domains': ['photo']}
Loss historical diff: 0.010439887642860413; Loss Difference: 0.0, Decision: 0
Round 87 took 2.5713114738464355s, results:
{'t': 86, 'current_accuracy': 0.92578125, 'current_loss': 0.24078449606895447, 'train_loss': None, 'decision': 0, 'drift_rate': 0.0, 'target_domains': ['photo']}
Loss historical diff: 0.010439835488796234; Loss Difference: 0.0, Decision: 0
Round 88 took 2.504941701889038s, results:
{'t': 87, 'current_accuracy': 0.92578125, 'current_loss': 0.2407844439148903, 'train_loss': None, 'decision': 0, 'drift_rate': 0.0, 'target_domains': ['photo']}
Loss historical diff: 0.010440059006214142; Loss Difference: 0.0, Decision: 0
Round 89 took 2.4229414463043213s, results:
{'t': 88, 'current_accuracy': 0.92578125, 'current_loss': 0.2407846674323082, 'train_loss': None, 'decision': 0, 'drift_rate': 0.0, 'target_domains': ['photo']}
Loss historical diff: 0.010439842939376831; Loss Difference: 0.0, Decision: 1
Average loss over 5 updates: 0.1742
Round 90 took 4.446699142456055s, results:
{'t': 89, 'current_accuracy': 0.92578125, 'current_loss': 0.2407844513654709, 'train_loss': 0.17423984706401824, 'decision': 1, 'drift_rate': 0.0, 'target_domains': ['photo']}
Loss historical diff: 0.0; Loss Difference: 0.0, Decision: 0
Round 91 took 2.4384586811065674s, results:
{'t': 90, 'current_accuracy': 0.94140625, 'current_loss': 0.20288150757551193, 'train_loss': None, 'decision': 0, 'drift_rate': 0.0, 'target_domains': ['photo']}
Loss historical diff: 6.705522537231445e-08; Loss Difference: 0.0, Decision: 0
Round 92 took 2.4460604190826416s, results:
{'t': 91, 'current_accuracy': 0.94140625, 'current_loss': 0.2028815746307373, 'train_loss': None, 'decision': 0, 'drift_rate': 0.0, 'target_domains': ['photo']}
Loss historical diff: 0.0; Loss Difference: 0.0, Decision: 0
Round 93 took 2.4819912910461426s, results:
{'t': 92, 'current_accuracy': 0.94140625, 'current_loss': 0.20288146287202835, 'train_loss': None, 'decision': 0, 'drift_rate': 0.0, 'target_domains': ['photo']}
Loss historical diff: 2.2351741790771484e-08; Loss Difference: 0.0, Decision: 0
Round 94 took 2.4284682273864746s, results:
{'t': 93, 'current_accuracy': 0.94140625, 'current_loss': 0.20288148522377014, 'train_loss': None, 'decision': 0, 'drift_rate': 0.0, 'target_domains': ['photo']}
Loss historical diff: 1.4901161193847656e-08; Loss Difference: 0.0, Decision: 0
Round 95 took 2.3851864337921143s, results:
{'t': 94, 'current_accuracy': 0.94140625, 'current_loss': 0.20288147777318954, 'train_loss': None, 'decision': 0, 'drift_rate': 0.0, 'target_domains': ['photo']}
Loss historical diff: 2.9802322387695312e-08; Loss Difference: 0.0, Decision: 0
Round 96 took 2.6451268196105957s, results:
{'t': 95, 'current_accuracy': 0.94140625, 'current_loss': 0.20288149267435074, 'train_loss': None, 'decision': 0, 'drift_rate': 0.0, 'target_domains': ['photo']}
Loss historical diff: 0.0; Loss Difference: 0.0, Decision: 0
Round 97 took 2.6349873542785645s, results:
{'t': 96, 'current_accuracy': 0.94140625, 'current_loss': 0.20288146287202835, 'train_loss': None, 'decision': 0, 'drift_rate': 0.0, 'target_domains': ['photo']}
Loss historical diff: 0.0; Loss Difference: 0.0, Decision: 0
Round 98 took 2.4628031253814697s, results:
{'t': 97, 'current_accuracy': 0.94140625, 'current_loss': 0.2028813362121582, 'train_loss': None, 'decision': 0, 'drift_rate': 0.0, 'target_domains': ['photo']}
Loss historical diff: 1.9371509552001953e-07; Loss Difference: 0.0, Decision: 0
Round 99 took 2.5506675243377686s, results:
{'t': 98, 'current_accuracy': 0.94140625, 'current_loss': 0.20288152992725372, 'train_loss': None, 'decision': 0, 'drift_rate': 0.0, 'target_domains': ['photo']}
Loss historical diff: 1.564621925354004e-07; Loss Difference: 0.0, Decision: 0
Round 100 took 2.568415641784668s, results:
{'t': 99, 'current_accuracy': 0.94140625, 'current_loss': 0.20288149267435074, 'train_loss': None, 'decision': 0, 'drift_rate': 0.0, 'target_domains': ['photo']}
Loss historical diff: 1.4156103134155273e-07; Loss Difference: 0.0, Decision: 0
Round 101 took 2.6849851608276367s, results:
{'t': 100, 'current_accuracy': 0.94140625, 'current_loss': 0.20288147777318954, 'train_loss': None, 'decision': 0, 'drift_rate': 0.0, 'target_domains': ['photo']}
Loss historical diff: 1.4156103134155273e-07; Loss Difference: 0.0, Decision: 0
Round 102 took 2.691073417663574s, results:
{'t': 101, 'current_accuracy': 0.94140625, 'current_loss': 0.20288147777318954, 'train_loss': None, 'decision': 0, 'drift_rate': 0.0, 'target_domains': ['photo']}
Loss historical diff: 2.980232238769531e-07; Loss Difference: 0.0, Decision: 1
Average loss over 5 updates: 0.1519
Round 103 took 4.523403644561768s, results:
{'t': 102, 'current_accuracy': 0.94140625, 'current_loss': 0.20288163423538208, 'train_loss': 0.1519136592745781, 'decision': 1, 'drift_rate': 0.0, 'target_domains': ['photo']}
Loss historical diff: 0.0002477094531059265; Loss Difference: 0.0, Decision: 1
Average loss over 5 updates: 0.1404
Round 104 took 4.465322971343994s, results:
{'t': 103, 'current_accuracy': 0.9296875, 'current_loss': 0.20312904566526413, 'train_loss': 0.14043960571289063, 'decision': 1, 'drift_rate': 0.0, 'target_domains': ['photo']}
Loss historical diff: 0.0; Loss Difference: 0.0, Decision: 1
Average loss over 5 updates: 0.1637
Round 105 took 4.2910284996032715s, results:
{'t': 104, 'current_accuracy': 0.94140625, 'current_loss': 0.20262136310338974, 'train_loss': 0.1636506885290146, 'decision': 1, 'drift_rate': 0.0, 'target_domains': ['photo']}
Loss historical diff: 0.07537832111120224; Loss Difference: 0.0, Decision: 0
Round 106 took 2.4682836532592773s, results:
{'t': 105, 'current_accuracy': 0.890625, 'current_loss': 0.277999684214592, 'train_loss': None, 'decision': 0, 'drift_rate': 0.0, 'target_domains': ['photo']}
Loss historical diff: 0.07537830621004105; Loss Difference: 0.0, Decision: 0
Round 107 took 2.370234251022339s, results:
{'t': 106, 'current_accuracy': 0.890625, 'current_loss': 0.2779996693134308, 'train_loss': None, 'decision': 0, 'drift_rate': 0.0, 'target_domains': ['photo']}
Loss historical diff: 0.07537820190191269; Loss Difference: 0.0, Decision: 0
Round 108 took 2.560887098312378s, results:
{'t': 107, 'current_accuracy': 0.890625, 'current_loss': 0.27799956500530243, 'train_loss': None, 'decision': 0, 'drift_rate': 0.0, 'target_domains': ['photo']}
Loss historical diff: 0.07537830621004105; Loss Difference: 0.0, Decision: 0
Round 109 took 2.6003060340881348s, results:
{'t': 108, 'current_accuracy': 0.890625, 'current_loss': 0.2779996693134308, 'train_loss': None, 'decision': 0, 'drift_rate': 0.0, 'target_domains': ['photo']}
Loss historical diff: 0.07537822425365448; Loss Difference: 0.0, Decision: 0
Round 110 took 2.474581480026245s, results:
{'t': 109, 'current_accuracy': 0.890625, 'current_loss': 0.2779995873570442, 'train_loss': None, 'decision': 0, 'drift_rate': 0.0, 'target_domains': ['photo']}
Loss historical diff: 0.07537829130887985; Loss Difference: 0.0, Decision: 1
Average loss over 5 updates: 0.1327
Round 111 took 4.140343427658081s, results:
{'t': 110, 'current_accuracy': 0.890625, 'current_loss': 0.2779996544122696, 'train_loss': 0.13271789699792863, 'decision': 1, 'drift_rate': 0.0, 'target_domains': ['photo']}
Loss historical diff: 0.0; Loss Difference: 0.0, Decision: 0
Round 112 took 2.394679307937622s, results:
{'t': 111, 'current_accuracy': 0.9296875, 'current_loss': 0.18290973454713821, 'train_loss': None, 'decision': 0, 'drift_rate': 0.0, 'target_domains': ['photo']}
Loss historical diff: 0.0; Loss Difference: 0.0, Decision: 0
Round 113 took 2.4114415645599365s, results:
{'t': 112, 'current_accuracy': 0.9296875, 'current_loss': 0.18290971219539642, 'train_loss': None, 'decision': 0, 'drift_rate': 0.0, 'target_domains': ['photo']}
Loss historical diff: 0.0; Loss Difference: 0.0, Decision: 0
Round 114 took 2.6937456130981445s, results:
{'t': 113, 'current_accuracy': 0.9296875, 'current_loss': 0.18290968239307404, 'train_loss': None, 'decision': 0, 'drift_rate': 0.0, 'target_domains': ['photo']}
Loss historical diff: 1.4901161193847656e-08; Loss Difference: 0.0, Decision: 0
Round 115 took 2.5460245609283447s, results:
{'t': 114, 'current_accuracy': 0.9296875, 'current_loss': 0.18290969729423523, 'train_loss': None, 'decision': 0, 'drift_rate': 0.0, 'target_domains': ['photo']}
Loss historical diff: 2.9802322387695312e-08; Loss Difference: 0.0, Decision: 0
Round 116 took 2.624652147293091s, results:
{'t': 115, 'current_accuracy': 0.9296875, 'current_loss': 0.18290971219539642, 'train_loss': None, 'decision': 0, 'drift_rate': 0.0, 'target_domains': ['photo']}
Loss historical diff: 0.0; Loss Difference: 0.0, Decision: 0
Round 117 took 2.4550178050994873s, results:
{'t': 116, 'current_accuracy': 0.9296875, 'current_loss': 0.18290963023900986, 'train_loss': None, 'decision': 0, 'drift_rate': 0.0, 'target_domains': ['photo']}
Loss historical diff: 2.9802322387695312e-08; Loss Difference: 0.0, Decision: 0
Round 118 took 2.4720444679260254s, results:
{'t': 117, 'current_accuracy': 0.9296875, 'current_loss': 0.18290966004133224, 'train_loss': None, 'decision': 0, 'drift_rate': 0.0, 'target_domains': ['photo']}
Loss historical diff: 8.195638656616211e-08; Loss Difference: 0.0, Decision: 0
Round 119 took 2.4357142448425293s, results:
{'t': 118, 'current_accuracy': 0.9296875, 'current_loss': 0.18290971219539642, 'train_loss': None, 'decision': 0, 'drift_rate': 0.0, 'target_domains': ['photo']}
Loss historical diff: 5.21540641784668e-08; Loss Difference: 0.0, Decision: 0
Round 120 took 2.468644142150879s, results:
{'t': 119, 'current_accuracy': 0.9296875, 'current_loss': 0.18290968239307404, 'train_loss': None, 'decision': 0, 'drift_rate': 0.0, 'target_domains': ['photo']}
Loss historical diff: 0.19280452281236649; Loss Difference: 0.0, Decision: 1
Average loss over 5 updates: 0.2434
Round 121 took 4.177168846130371s, results:
{'t': 120, 'current_accuracy': 0.90234375, 'current_loss': 0.37571415305137634, 'train_loss': 0.24338573217391968, 'decision': 1, 'drift_rate': 0.032, 'target_domains': ['cartoon']}
Loss historical diff: 0.15895377844572067; Loss Difference: 0.0, Decision: 0
Round 122 took 2.553131580352783s, results:
{'t': 121, 'current_accuracy': 0.91015625, 'current_loss': 0.34186340868473053, 'train_loss': None, 'decision': 0, 'drift_rate': 0.032, 'target_domains': ['cartoon']}
Loss historical diff: 0.27658822387456894; Loss Difference: 0.0, Decision: 0
Round 123 took 2.489417791366577s, results:
{'t': 122, 'current_accuracy': 0.8828125, 'current_loss': 0.4594978541135788, 'train_loss': None, 'decision': 0, 'drift_rate': 0.032, 'target_domains': ['cartoon']}
Loss historical diff: 0.3804737702012062; Loss Difference: 0.0, Decision: 0
Round 124 took 2.4750218391418457s, results:
{'t': 123, 'current_accuracy': 0.85546875, 'current_loss': 0.5633834004402161, 'train_loss': None, 'decision': 0, 'drift_rate': 0.032, 'target_domains': ['cartoon']}
Loss historical diff: 0.46520013362169266; Loss Difference: 0.0, Decision: 0
Round 125 took 2.4833405017852783s, results:
{'t': 124, 'current_accuracy': 0.828125, 'current_loss': 0.6481097638607025, 'train_loss': None, 'decision': 0, 'drift_rate': 0.032, 'target_domains': ['cartoon']}
Loss historical diff: 0.5715964809060097; Loss Difference: 0.0, Decision: 0
Round 126 took 2.4633054733276367s, results:
{'t': 125, 'current_accuracy': 0.8046875, 'current_loss': 0.7545061111450195, 'train_loss': None, 'decision': 0, 'drift_rate': 0.032, 'target_domains': ['cartoon']}
Loss historical diff: 0.6744053140282631; Loss Difference: 0.0, Decision: 0
Round 127 took 2.3996784687042236s, results:
{'t': 126, 'current_accuracy': 0.77734375, 'current_loss': 0.857314944267273, 'train_loss': None, 'decision': 0, 'drift_rate': 0.032, 'target_domains': ['cartoon']}
Loss historical diff: 0.7753043547272682; Loss Difference: 0.0, Decision: 0
Round 128 took 2.4814627170562744s, results:
{'t': 127, 'current_accuracy': 0.75390625, 'current_loss': 0.9582139849662781, 'train_loss': None, 'decision': 0, 'drift_rate': 0.032, 'target_domains': ['cartoon']}
Loss historical diff: 0.8439875915646553; Loss Difference: 0.0, Decision: 0
Round 129 took 2.46985125541687s, results:
{'t': 128, 'current_accuracy': 0.734375, 'current_loss': 1.0268972218036652, 'train_loss': None, 'decision': 0, 'drift_rate': 0.032, 'target_domains': ['cartoon']}
Loss historical diff: 0.9546306505799294; Loss Difference: 0.0, Decision: 0
Round 130 took 2.4481611251831055s, results:
{'t': 129, 'current_accuracy': 0.703125, 'current_loss': 1.1375402808189392, 'train_loss': None, 'decision': 0, 'drift_rate': 0.032, 'target_domains': ['cartoon']}
Loss historical diff: 1.0802308097481728; Loss Difference: 0.0, Decision: 0
Round 131 took 2.62626314163208s, results:
{'t': 130, 'current_accuracy': 0.6796875, 'current_loss': 1.2631404399871826, 'train_loss': None, 'decision': 0, 'drift_rate': 0.032, 'target_domains': ['cartoon']}
Loss historical diff: 1.1595937386155128; Loss Difference: 0.0, Decision: 0
Round 132 took 2.529418468475342s, results:
{'t': 131, 'current_accuracy': 0.65234375, 'current_loss': 1.3425033688545227, 'train_loss': None, 'decision': 0, 'drift_rate': 0.032, 'target_domains': ['cartoon']}
Loss historical diff: 1.2846404686570168; Loss Difference: 0.0, Decision: 0
Round 133 took 2.8322091102600098s, results:
{'t': 132, 'current_accuracy': 0.6328125, 'current_loss': 1.4675500988960266, 'train_loss': None, 'decision': 0, 'drift_rate': 0.032, 'target_domains': ['cartoon']}
Loss historical diff: 1.3601708188652992; Loss Difference: 0.0, Decision: 0
Round 134 took 2.6319682598114014s, results:
{'t': 133, 'current_accuracy': 0.61328125, 'current_loss': 1.543080449104309, 'train_loss': None, 'decision': 0, 'drift_rate': 0.032, 'target_domains': ['cartoon']}
Loss historical diff: 1.4373441711068153; Loss Difference: 0.0, Decision: 0
Round 135 took 2.5892155170440674s, results:
{'t': 134, 'current_accuracy': 0.58984375, 'current_loss': 1.6202538013458252, 'train_loss': None, 'decision': 0, 'drift_rate': 0.032, 'target_domains': ['cartoon']}
Loss historical diff: 1.5300355926156044; Loss Difference: 0.0, Decision: 0
Round 136 took 2.6017494201660156s, results:
{'t': 135, 'current_accuracy': 0.55859375, 'current_loss': 1.7129452228546143, 'train_loss': None, 'decision': 0, 'drift_rate': 0.032, 'target_domains': ['cartoon']}
Loss historical diff: 1.6484415903687477; Loss Difference: 0.0, Decision: 0
Round 137 took 2.858795642852783s, results:
{'t': 136, 'current_accuracy': 0.53515625, 'current_loss': 1.8313512206077576, 'train_loss': None, 'decision': 0, 'drift_rate': 0.032, 'target_domains': ['cartoon']}
Loss historical diff: 1.7192285433411598; Loss Difference: 0.0, Decision: 0
Round 138 took 2.7243945598602295s, results:
{'t': 137, 'current_accuracy': 0.515625, 'current_loss': 1.9021381735801697, 'train_loss': None, 'decision': 0, 'drift_rate': 0.032, 'target_domains': ['cartoon']}
Loss historical diff: 1.7878822460770607; Loss Difference: 0.0, Decision: 0
Round 139 took 2.570913076400757s, results:
{'t': 138, 'current_accuracy': 0.48828125, 'current_loss': 1.9707918763160706, 'train_loss': None, 'decision': 0, 'drift_rate': 0.032, 'target_domains': ['cartoon']}
Loss historical diff: 1.895156480371952; Loss Difference: 0.0, Decision: 0
Round 140 took 2.4076578617095947s, results:
{'t': 139, 'current_accuracy': 0.47265625, 'current_loss': 2.078066110610962, 'train_loss': None, 'decision': 0, 'drift_rate': 0.032, 'target_domains': ['cartoon']}
Loss historical diff: 2.090618707239628; Loss Difference: 0.0, Decision: 1
Average loss over 5 updates: 1.9522
Round 141 took 4.102230787277222s, results:
{'t': 140, 'current_accuracy': 0.44140625, 'current_loss': 2.2735283374786377, 'train_loss': 1.9522231578826905, 'decision': 1, 'drift_rate': 0.032, 'target_domains': ['cartoon']}
Loss historical diff: 3.234528161585331; Loss Difference: 0.0, Decision: 0
Round 142 took 2.618218421936035s, results:
{'t': 141, 'current_accuracy': 0.36328125, 'current_loss': 3.417437791824341, 'train_loss': None, 'decision': 0, 'drift_rate': 0.032, 'target_domains': ['cartoon']}
Loss historical diff: 3.1787169948220253; Loss Difference: 0.0, Decision: 0
Round 143 took 2.4355509281158447s, results:
{'t': 142, 'current_accuracy': 0.36328125, 'current_loss': 3.361626625061035, 'train_loss': None, 'decision': 0, 'drift_rate': 0.032, 'target_domains': ['cartoon']}
Loss historical diff: 3.163050152361393; Loss Difference: 0.0, Decision: 0
Round 144 took 2.585625410079956s, results:
{'t': 143, 'current_accuracy': 0.35546875, 'current_loss': 3.345959782600403, 'train_loss': None, 'decision': 0, 'drift_rate': 0.032, 'target_domains': ['cartoon']}
Loss historical diff: 3.178303934633732; Loss Difference: 0.0, Decision: 0
Round 145 took 2.435760736465454s, results:
{'t': 144, 'current_accuracy': 0.35546875, 'current_loss': 3.3612135648727417, 'train_loss': None, 'decision': 0, 'drift_rate': 0.032, 'target_domains': ['cartoon']}
Loss historical diff: 3.238957740366459; Loss Difference: 0.0, Decision: 0
Round 146 took 2.5894644260406494s, results:
{'t': 145, 'current_accuracy': 0.3515625, 'current_loss': 3.4218673706054688, 'train_loss': None, 'decision': 0, 'drift_rate': 0.032, 'target_domains': ['cartoon']}
Loss historical diff: 3.240974999964237; Loss Difference: 0.0, Decision: 0
Round 147 took 2.6065123081207275s, results:
{'t': 146, 'current_accuracy': 0.34375, 'current_loss': 3.423884630203247, 'train_loss': None, 'decision': 0, 'drift_rate': 0.032, 'target_domains': ['cartoon']}
Loss historical diff: 3.2777781262993813; Loss Difference: 0.0, Decision: 0
Round 148 took 2.509493827819824s, results:
{'t': 147, 'current_accuracy': 0.328125, 'current_loss': 3.460687756538391, 'train_loss': None, 'decision': 0, 'drift_rate': 0.032, 'target_domains': ['cartoon']}
Loss historical diff: 3.3572654500603676; Loss Difference: 0.0, Decision: 0
Round 149 took 2.491966962814331s, results:
{'t': 148, 'current_accuracy': 0.3125, 'current_loss': 3.5401750802993774, 'train_loss': None, 'decision': 0, 'drift_rate': 0.032, 'target_domains': ['cartoon']}
Loss historical diff: 3.4206675067543983; Loss Difference: 0.0, Decision: 0
Round 150 took 2.4099485874176025s, results:
{'t': 149, 'current_accuracy': 0.296875, 'current_loss': 3.603577136993408, 'train_loss': None, 'decision': 0, 'drift_rate': 0.032, 'target_domains': ['cartoon']}
Loss historical diff: 3.42066702991724; Loss Difference: 0.0, Decision: 0
Round 151 took 2.4640743732452393s, results:
{'t': 150, 'current_accuracy': 0.296875, 'current_loss': 3.60357666015625, 'train_loss': None, 'decision': 0, 'drift_rate': 0.0, 'target_domains': ['cartoon']}
Loss historical diff: 3.4206669107079506; Loss Difference: 0.0, Decision: 0
Round 152 took 2.3889083862304688s, results:
{'t': 151, 'current_accuracy': 0.296875, 'current_loss': 3.6035765409469604, 'train_loss': None, 'decision': 0, 'drift_rate': 0.0, 'target_domains': ['cartoon']}
Loss historical diff: 3.4206675067543983; Loss Difference: 0.0, Decision: 0
Round 153 took 2.6304209232330322s, results:
{'t': 152, 'current_accuracy': 0.296875, 'current_loss': 3.603577136993408, 'train_loss': None, 'decision': 0, 'drift_rate': 0.0, 'target_domains': ['cartoon']}
Loss historical diff: 3.420666553080082; Loss Difference: 0.0, Decision: 0
Round 154 took 2.3511109352111816s, results:
{'t': 153, 'current_accuracy': 0.296875, 'current_loss': 3.603576183319092, 'train_loss': None, 'decision': 0, 'drift_rate': 0.0, 'target_domains': ['cartoon']}
Loss historical diff: 3.42066702991724; Loss Difference: 0.0, Decision: 0
Round 155 took 2.457435369491577s, results:
{'t': 154, 'current_accuracy': 0.296875, 'current_loss': 3.60357666015625, 'train_loss': None, 'decision': 0, 'drift_rate': 0.0, 'target_domains': ['cartoon']}
Loss historical diff: 3.4206664338707924; Loss Difference: 0.0, Decision: 0
Round 156 took 2.5502970218658447s, results:
{'t': 155, 'current_accuracy': 0.296875, 'current_loss': 3.6035760641098022, 'train_loss': None, 'decision': 0, 'drift_rate': 0.0, 'target_domains': ['cartoon']}
Loss historical diff: 3.4206671491265297; Loss Difference: 0.0, Decision: 0
Round 157 took 2.3972833156585693s, results:
{'t': 156, 'current_accuracy': 0.296875, 'current_loss': 3.6035767793655396, 'train_loss': None, 'decision': 0, 'drift_rate': 0.0, 'target_domains': ['cartoon']}
Loss historical diff: 3.4206669107079506; Loss Difference: 0.0, Decision: 0
Round 158 took 2.5528464317321777s, results:
{'t': 157, 'current_accuracy': 0.296875, 'current_loss': 3.6035765409469604, 'train_loss': None, 'decision': 0, 'drift_rate': 0.0, 'target_domains': ['cartoon']}
Loss historical diff: 3.4206669107079506; Loss Difference: 0.0, Decision: 0
Round 159 took 2.6088433265686035s, results:
{'t': 158, 'current_accuracy': 0.296875, 'current_loss': 3.6035765409469604, 'train_loss': None, 'decision': 0, 'drift_rate': 0.0, 'target_domains': ['cartoon']}
Loss historical diff: 3.4206669107079506; Loss Difference: 0.0, Decision: 0
Round 160 took 2.5227394104003906s, results:
{'t': 159, 'current_accuracy': 0.296875, 'current_loss': 3.6035765409469604, 'train_loss': None, 'decision': 0, 'drift_rate': 0.0, 'target_domains': ['cartoon']}
Loss historical diff: 3.420666553080082; Loss Difference: 0.0, Decision: 0
Round 161 took 2.5213863849639893s, results:
{'t': 160, 'current_accuracy': 0.296875, 'current_loss': 3.603576183319092, 'train_loss': None, 'decision': 0, 'drift_rate': 0.0, 'target_domains': ['cartoon']}
Loss historical diff: 3.4206672683358192; Loss Difference: 0.0, Decision: 0
Round 162 took 2.5303027629852295s, results:
{'t': 161, 'current_accuracy': 0.296875, 'current_loss': 3.603576898574829, 'train_loss': None, 'decision': 0, 'drift_rate': 0.0, 'target_domains': ['cartoon']}
Loss historical diff: 3.420666791498661; Loss Difference: 0.0, Decision: 0
Round 163 took 2.4712517261505127s, results:
{'t': 162, 'current_accuracy': 0.296875, 'current_loss': 3.603576421737671, 'train_loss': None, 'decision': 0, 'drift_rate': 0.0, 'target_domains': ['cartoon']}
Loss historical diff: 3.4206677451729774; Loss Difference: 0.0, Decision: 0
Round 164 took 2.484780788421631s, results:
{'t': 163, 'current_accuracy': 0.296875, 'current_loss': 3.6035773754119873, 'train_loss': None, 'decision': 0, 'drift_rate': 0.0, 'target_domains': ['cartoon']}
Loss historical diff: 3.4206669107079506; Loss Difference: 0.0, Decision: 0
Round 165 took 2.576495885848999s, results:
{'t': 164, 'current_accuracy': 0.296875, 'current_loss': 3.6035765409469604, 'train_loss': None, 'decision': 0, 'drift_rate': 0.0, 'target_domains': ['cartoon']}
Loss historical diff: 3.420667625963688; Loss Difference: 0.0, Decision: 0
Round 166 took 2.3994481563568115s, results:
{'t': 165, 'current_accuracy': 0.296875, 'current_loss': 3.6035772562026978, 'train_loss': None, 'decision': 0, 'drift_rate': 0.0, 'target_domains': ['cartoon']}
Loss historical diff: 3.4206669107079506; Loss Difference: 0.0, Decision: 0
Round 167 took 2.51137375831604s, results:
{'t': 166, 'current_accuracy': 0.296875, 'current_loss': 3.6035765409469604, 'train_loss': None, 'decision': 0, 'drift_rate': 0.0, 'target_domains': ['cartoon']}
Loss historical diff: 3.420666791498661; Loss Difference: 0.0, Decision: 0
Round 168 took 2.417989730834961s, results:
{'t': 167, 'current_accuracy': 0.296875, 'current_loss': 3.603576421737671, 'train_loss': None, 'decision': 0, 'drift_rate': 0.0, 'target_domains': ['cartoon']}
Loss historical diff: 3.4206666722893715; Loss Difference: 0.0, Decision: 0
Round 169 took 2.3638181686401367s, results:
{'t': 168, 'current_accuracy': 0.296875, 'current_loss': 3.6035763025283813, 'train_loss': None, 'decision': 0, 'drift_rate': 0.0, 'target_domains': ['cartoon']}
Loss historical diff: 3.420667625963688; Loss Difference: 0.0, Decision: 0
Round 170 took 2.5131337642669678s, results:
{'t': 169, 'current_accuracy': 0.296875, 'current_loss': 3.6035772562026978, 'train_loss': None, 'decision': 0, 'drift_rate': 0.0, 'target_domains': ['cartoon']}
Loss historical diff: 3.420666791498661; Loss Difference: 0.0, Decision: 0
Round 171 took 2.490635871887207s, results:
{'t': 170, 'current_accuracy': 0.296875, 'current_loss': 3.603576421737671, 'train_loss': None, 'decision': 0, 'drift_rate': 0.0, 'target_domains': ['cartoon']}
Loss historical diff: 3.4206677451729774; Loss Difference: 0.0, Decision: 0
Round 172 took 2.49658203125s, results:
{'t': 171, 'current_accuracy': 0.296875, 'current_loss': 3.6035773754119873, 'train_loss': None, 'decision': 0, 'drift_rate': 0.0, 'target_domains': ['cartoon']}
Loss historical diff: 3.4206675067543983; Loss Difference: 0.0, Decision: 0
Round 173 took 2.36285138130188s, results:
{'t': 172, 'current_accuracy': 0.296875, 'current_loss': 3.603577136993408, 'train_loss': None, 'decision': 0, 'drift_rate': 0.0, 'target_domains': ['cartoon']}
Loss historical diff: 3.42066702991724; Loss Difference: 0.0, Decision: 0
Round 174 took 2.506366491317749s, results:
{'t': 173, 'current_accuracy': 0.296875, 'current_loss': 3.60357666015625, 'train_loss': None, 'decision': 0, 'drift_rate': 0.0, 'target_domains': ['cartoon']}
Loss historical diff: 3.4206672683358192; Loss Difference: 0.0, Decision: 0
Round 175 took 2.4172613620758057s, results:
{'t': 174, 'current_accuracy': 0.296875, 'current_loss': 3.603576898574829, 'train_loss': None, 'decision': 0, 'drift_rate': 0.0, 'target_domains': ['cartoon']}
Loss historical diff: 3.4206672683358192; Loss Difference: 0.0, Decision: 0
Round 176 took 2.57419490814209s, results:
{'t': 175, 'current_accuracy': 0.296875, 'current_loss': 3.603576898574829, 'train_loss': None, 'decision': 0, 'drift_rate': 0.0, 'target_domains': ['cartoon']}
Loss historical diff: 3.4206666722893715; Loss Difference: 0.0, Decision: 0
Round 177 took 2.472809314727783s, results:
{'t': 176, 'current_accuracy': 0.296875, 'current_loss': 3.6035763025283813, 'train_loss': None, 'decision': 0, 'drift_rate': 0.0, 'target_domains': ['cartoon']}
Loss historical diff: 3.4206672683358192; Loss Difference: 0.0, Decision: 0
Round 178 took 2.48148250579834s, results:
{'t': 177, 'current_accuracy': 0.296875, 'current_loss': 3.603576898574829, 'train_loss': None, 'decision': 0, 'drift_rate': 0.0, 'target_domains': ['cartoon']}
Loss historical diff: 3.4206669107079506; Loss Difference: 0.0, Decision: 0
Round 179 took 2.67923641204834s, results:
{'t': 178, 'current_accuracy': 0.296875, 'current_loss': 3.6035765409469604, 'train_loss': None, 'decision': 0, 'drift_rate': 0.0, 'target_domains': ['cartoon']}
Loss historical diff: 3.4206671491265297; Loss Difference: 0.0, Decision: 0
Round 180 took 2.600186586380005s, results:
{'t': 179, 'current_accuracy': 0.296875, 'current_loss': 3.6035767793655396, 'train_loss': None, 'decision': 0, 'drift_rate': 0.0, 'target_domains': ['cartoon']}
Loss historical diff: 3.420666791498661; Loss Difference: 0.0, Decision: 0
Round 181 took 2.4136545658111572s, results:
{'t': 180, 'current_accuracy': 0.296875, 'current_loss': 3.603576421737671, 'train_loss': None, 'decision': 0, 'drift_rate': 0.0, 'target_domains': ['cartoon']}
Loss historical diff: 3.420666791498661; Loss Difference: 0.0, Decision: 0
Round 182 took 2.412226438522339s, results:
{'t': 181, 'current_accuracy': 0.296875, 'current_loss': 3.603576421737671, 'train_loss': None, 'decision': 0, 'drift_rate': 0.0, 'target_domains': ['cartoon']}
Loss historical diff: 3.4206671491265297; Loss Difference: 0.0, Decision: 0
Round 183 took 2.4280331134796143s, results:
{'t': 182, 'current_accuracy': 0.296875, 'current_loss': 3.6035767793655396, 'train_loss': None, 'decision': 0, 'drift_rate': 0.0, 'target_domains': ['cartoon']}
Loss historical diff: 3.420667625963688; Loss Difference: 0.0, Decision: 1
Average loss over 5 updates: 1.6652
Round 184 took 4.389923095703125s, results:
{'t': 183, 'current_accuracy': 0.296875, 'current_loss': 3.6035772562026978, 'train_loss': 1.6652480363845825, 'decision': 1, 'drift_rate': 0.0, 'target_domains': ['cartoon']}
Loss historical diff: 4.7731154933571815; Loss Difference: 0.0, Decision: 0
Round 185 took 2.5567541122436523s, results:
{'t': 184, 'current_accuracy': 0.40625, 'current_loss': 4.956025123596191, 'train_loss': None, 'decision': 0, 'drift_rate': 0.0, 'target_domains': ['cartoon']}
Loss historical diff: 4.773114778101444; Loss Difference: 0.0, Decision: 0
Round 186 took 2.520496368408203s, results:
{'t': 185, 'current_accuracy': 0.40625, 'current_loss': 4.956024408340454, 'train_loss': None, 'decision': 0, 'drift_rate': 0.0, 'target_domains': ['cartoon']}
Loss historical diff: 4.773114778101444; Loss Difference: 0.0, Decision: 0
Round 187 took 2.494263172149658s, results:
{'t': 186, 'current_accuracy': 0.40625, 'current_loss': 4.956024408340454, 'train_loss': None, 'decision': 0, 'drift_rate': 0.0, 'target_domains': ['cartoon']}
Loss historical diff: 4.773115731775761; Loss Difference: 0.0, Decision: 1
Average loss over 5 updates: 1.3171
Round 188 took 4.454913854598999s, results:
{'t': 187, 'current_accuracy': 0.40625, 'current_loss': 4.9560253620147705, 'train_loss': 1.317120361328125, 'decision': 1, 'drift_rate': 0.0, 'target_domains': ['cartoon']}
Loss historical diff: 2.95842919498682; Loss Difference: 0.0, Decision: 0
Round 189 took 2.7527029514312744s, results:
{'t': 188, 'current_accuracy': 0.47265625, 'current_loss': 3.14133882522583, 'train_loss': None, 'decision': 0, 'drift_rate': 0.0, 'target_domains': ['cartoon']}
Loss historical diff: 2.958428241312504; Loss Difference: 0.0, Decision: 0
Round 190 took 2.5073447227478027s, results:
{'t': 189, 'current_accuracy': 0.47265625, 'current_loss': 3.1413378715515137, 'train_loss': None, 'decision': 0, 'drift_rate': 0.0, 'target_domains': ['cartoon']}
Loss historical diff: 3.0311217084527016; Loss Difference: 0.0, Decision: 0
Round 191 took 2.5708916187286377s, results:
{'t': 190, 'current_accuracy': 0.45703125, 'current_loss': 3.2140313386917114, 'train_loss': None, 'decision': 0, 'drift_rate': 0.032, 'target_domains': ['sketch']}
Loss historical diff: 2.937957502901554; Loss Difference: 0.0, Decision: 0
Round 192 took 2.4140031337738037s, results:
{'t': 191, 'current_accuracy': 0.4453125, 'current_loss': 3.120867133140564, 'train_loss': None, 'decision': 0, 'drift_rate': 0.032, 'target_domains': ['sketch']}
Loss historical diff: 2.9230204597115517; Loss Difference: 0.0, Decision: 0
Round 193 took 2.4495532512664795s, results:
{'t': 192, 'current_accuracy': 0.44921875, 'current_loss': 3.1059300899505615, 'train_loss': None, 'decision': 0, 'drift_rate': 0.032, 'target_domains': ['sketch']}
Loss historical diff: 2.9333762899041176; Loss Difference: 0.0, Decision: 0
Round 194 took 2.5690758228302s, results:
{'t': 193, 'current_accuracy': 0.44140625, 'current_loss': 3.1162859201431274, 'train_loss': None, 'decision': 0, 'drift_rate': 0.032, 'target_domains': ['sketch']}
Loss historical diff: 3.0668060556054115; Loss Difference: 0.0, Decision: 1
Average loss over 5 updates: 1.1639
Round 195 took 4.299946069717407s, results:
{'t': 194, 'current_accuracy': 0.4296875, 'current_loss': 3.2497156858444214, 'train_loss': 1.1639339447021484, 'decision': 1, 'drift_rate': 0.032, 'target_domains': ['sketch']}
Loss historical diff: 3.160026766359806; Loss Difference: 0.0, Decision: 1
Average loss over 5 updates: 1.0176
Round 196 took 4.373025417327881s, results:
{'t': 195, 'current_accuracy': 0.40625, 'current_loss': 3.342936396598816, 'train_loss': 1.017633843421936, 'decision': 1, 'drift_rate': 0.032, 'target_domains': ['sketch']}
Loss historical diff: 2.4345664754509926; Loss Difference: 0.0, Decision: 0
Round 197 took 2.546300172805786s, results:
{'t': 196, 'current_accuracy': 0.37109375, 'current_loss': 2.6174761056900024, 'train_loss': None, 'decision': 0, 'drift_rate': 0.032, 'target_domains': ['sketch']}
Loss historical diff: 2.41217789798975; Loss Difference: 0.0, Decision: 0
Round 198 took 2.4172353744506836s, results:
{'t': 197, 'current_accuracy': 0.3671875, 'current_loss': 2.5950875282287598, 'train_loss': None, 'decision': 0, 'drift_rate': 0.032, 'target_domains': ['sketch']}
Loss historical diff: 2.389561392366886; Loss Difference: 0.0, Decision: 0
Round 199 took 2.6460812091827393s, results:
{'t': 198, 'current_accuracy': 0.359375, 'current_loss': 2.572471022605896, 'train_loss': None, 'decision': 0, 'drift_rate': 0.032, 'target_domains': ['sketch']}
Loss historical diff: 2.3608299270272255; Loss Difference: 0.0, Decision: 0
Round 200 took 2.612699508666992s, results:
{'t': 199, 'current_accuracy': 0.36328125, 'current_loss': 2.5437395572662354, 'train_loss': None, 'decision': 0, 'drift_rate': 0.032, 'target_domains': ['sketch']}
Loss historical diff: 2.3913002982735634; Loss Difference: 0.0, Decision: 0
Round 201 took 2.3655011653900146s, results:
{'t': 200, 'current_accuracy': 0.36328125, 'current_loss': 2.5742099285125732, 'train_loss': None, 'decision': 0, 'drift_rate': 0.032, 'target_domains': ['sketch']}
Loss historical diff: 2.373085357248783; Loss Difference: 0.0, Decision: 0
Round 202 took 2.5262575149536133s, results:
{'t': 201, 'current_accuracy': 0.36328125, 'current_loss': 2.555994987487793, 'train_loss': None, 'decision': 0, 'drift_rate': 0.032, 'target_domains': ['sketch']}
Loss historical diff: 2.3081388249993324; Loss Difference: 0.0, Decision: 0
Round 203 took 2.543656349182129s, results:
{'t': 202, 'current_accuracy': 0.359375, 'current_loss': 2.4910484552383423, 'train_loss': None, 'decision': 0, 'drift_rate': 0.032, 'target_domains': ['sketch']}
Loss historical diff: 2.283881403505802; Loss Difference: 0.0, Decision: 0
Round 204 took 2.5754125118255615s, results:
{'t': 203, 'current_accuracy': 0.359375, 'current_loss': 2.466791033744812, 'train_loss': None, 'decision': 0, 'drift_rate': 0.032, 'target_domains': ['sketch']}
Loss historical diff: 2.278610445559025; Loss Difference: 0.0, Decision: 1
Average loss over 5 updates: 1.4625
Round 205 took 4.403184652328491s, results:
{'t': 204, 'current_accuracy': 0.3515625, 'current_loss': 2.4615200757980347, 'train_loss': 1.4625449657440186, 'decision': 1, 'drift_rate': 0.032, 'target_domains': ['sketch']}
Loss historical diff: 3.6579270139336586; Loss Difference: 0.0, Decision: 0
Round 206 took 2.4743247032165527s, results:
{'t': 205, 'current_accuracy': 0.234375, 'current_loss': 3.8408366441726685, 'train_loss': None, 'decision': 0, 'drift_rate': 0.032, 'target_domains': ['sketch']}
Loss historical diff: 3.4513708129525185; Loss Difference: 0.0, Decision: 0
Round 207 took 2.690134048461914s, results:
{'t': 206, 'current_accuracy': 0.234375, 'current_loss': 3.6342804431915283, 'train_loss': None, 'decision': 0, 'drift_rate': 0.032, 'target_domains': ['sketch']}
Loss historical diff: 3.3634451404213905; Loss Difference: 0.0, Decision: 0
Round 208 took 2.65144944190979s, results:
{'t': 207, 'current_accuracy': 0.2421875, 'current_loss': 3.5463547706604004, 'train_loss': None, 'decision': 0, 'drift_rate': 0.032, 'target_domains': ['sketch']}
Loss historical diff: 3.1800408139824867; Loss Difference: 0.0, Decision: 0
Round 209 took 2.571470022201538s, results:
{'t': 208, 'current_accuracy': 0.24609375, 'current_loss': 3.3629504442214966, 'train_loss': None, 'decision': 0, 'drift_rate': 0.032, 'target_domains': ['sketch']}
Loss historical diff: 3.0861513391137123; Loss Difference: 0.0, Decision: 0
Round 210 took 2.377471446990967s, results:
{'t': 209, 'current_accuracy': 0.25390625, 'current_loss': 3.269060969352722, 'train_loss': None, 'decision': 0, 'drift_rate': 0.032, 'target_domains': ['sketch']}
Loss historical diff: 2.921639658510685; Loss Difference: 0.0, Decision: 0
Round 211 took 2.60038685798645s, results:
{'t': 210, 'current_accuracy': 0.25390625, 'current_loss': 3.104549288749695, 'train_loss': None, 'decision': 0, 'drift_rate': 0.032, 'target_domains': ['sketch']}
Loss historical diff: 2.8384952321648598; Loss Difference: 0.0, Decision: 0
Round 212 took 2.47406268119812s, results:
{'t': 211, 'current_accuracy': 0.25, 'current_loss': 3.0214048624038696, 'train_loss': None, 'decision': 0, 'drift_rate': 0.032, 'target_domains': ['sketch']}
Loss historical diff: 2.797076441347599; Loss Difference: 0.0, Decision: 0
Round 213 took 2.584200620651245s, results:
{'t': 212, 'current_accuracy': 0.25, 'current_loss': 2.979986071586609, 'train_loss': None, 'decision': 0, 'drift_rate': 0.032, 'target_domains': ['sketch']}
Loss historical diff: 2.7130551114678383; Loss Difference: 0.0, Decision: 0
Round 214 took 2.7060320377349854s, results:
{'t': 213, 'current_accuracy': 0.25390625, 'current_loss': 2.895964741706848, 'train_loss': None, 'decision': 0, 'drift_rate': 0.032, 'target_domains': ['sketch']}
Loss historical diff: 2.6053372398018837; Loss Difference: 0.0, Decision: 0
Round 215 took 2.5781991481781006s, results:
{'t': 214, 'current_accuracy': 0.25390625, 'current_loss': 2.7882468700408936, 'train_loss': None, 'decision': 0, 'drift_rate': 0.032, 'target_domains': ['sketch']}
Loss historical diff: 2.609827972948551; Loss Difference: 0.0, Decision: 0
Round 216 took 2.498326539993286s, results:
{'t': 215, 'current_accuracy': 0.24609375, 'current_loss': 2.792737603187561, 'train_loss': None, 'decision': 0, 'drift_rate': 0.032, 'target_domains': ['sketch']}
Loss historical diff: 2.538223721086979; Loss Difference: 0.0, Decision: 0
Round 217 took 2.361137628555298s, results:
{'t': 216, 'current_accuracy': 0.2421875, 'current_loss': 2.7211333513259888, 'train_loss': None, 'decision': 0, 'drift_rate': 0.032, 'target_domains': ['sketch']}
Loss historical diff: 2.3872170224785805; Loss Difference: 0.0, Decision: 0
Round 218 took 2.547713041305542s, results:
{'t': 217, 'current_accuracy': 0.24609375, 'current_loss': 2.5701266527175903, 'train_loss': None, 'decision': 0, 'drift_rate': 0.032, 'target_domains': ['sketch']}
Loss historical diff: 2.290765143930912; Loss Difference: 0.0, Decision: 0
Round 219 took 2.5075554847717285s, results:
{'t': 218, 'current_accuracy': 0.26171875, 'current_loss': 2.473674774169922, 'train_loss': None, 'decision': 0, 'drift_rate': 0.032, 'target_domains': ['sketch']}
Loss historical diff: 2.239844538271427; Loss Difference: 0.0, Decision: 1
Average loss over 5 updates: 1.8056
Round 220 took 4.55147910118103s, results:
{'t': 219, 'current_accuracy': 0.2578125, 'current_loss': 2.422754168510437, 'train_loss': 1.805568790435791, 'decision': 1, 'drift_rate': 0.032, 'target_domains': ['sketch']}
Loss historical diff: 1.8437952175736427; Loss Difference: 0.0, Decision: 0
Round 221 took 2.5437347888946533s, results:
{'t': 220, 'current_accuracy': 0.3984375, 'current_loss': 2.0267048478126526, 'train_loss': None, 'decision': 0, 'drift_rate': 0.0, 'target_domains': ['sketch']}
Loss historical diff: 1.8437955752015114; Loss Difference: 0.0, Decision: 0
Round 222 took 2.333934783935547s, results:
{'t': 221, 'current_accuracy': 0.3984375, 'current_loss': 2.0267052054405212, 'train_loss': None, 'decision': 0, 'drift_rate': 0.0, 'target_domains': ['sketch']}
Loss historical diff: 1.843795694410801; Loss Difference: 0.0, Decision: 0
Round 223 took 2.4105396270751953s, results:
{'t': 222, 'current_accuracy': 0.3984375, 'current_loss': 2.026705324649811, 'train_loss': None, 'decision': 0, 'drift_rate': 0.0, 'target_domains': ['sketch']}
Loss historical diff: 1.8437957540154457; Loss Difference: 0.0, Decision: 0
Round 224 took 2.465637683868408s, results:
{'t': 223, 'current_accuracy': 0.3984375, 'current_loss': 2.0267053842544556, 'train_loss': None, 'decision': 0, 'drift_rate': 0.0, 'target_domains': ['sketch']}
Loss historical diff: 1.843795396387577; Loss Difference: 0.0, Decision: 0
Round 225 took 2.418827772140503s, results:
{'t': 224, 'current_accuracy': 0.3984375, 'current_loss': 2.026705026626587, 'train_loss': None, 'decision': 0, 'drift_rate': 0.0, 'target_domains': ['sketch']}
Loss historical diff: 1.843795694410801; Loss Difference: 0.0, Decision: 0
Round 226 took 2.6513466835021973s, results:
{'t': 225, 'current_accuracy': 0.3984375, 'current_loss': 2.026705324649811, 'train_loss': None, 'decision': 0, 'drift_rate': 0.0, 'target_domains': ['sketch']}
Loss historical diff: 1.843795694410801; Loss Difference: 0.0, Decision: 0
Round 227 took 2.349344491958618s, results:
{'t': 226, 'current_accuracy': 0.3984375, 'current_loss': 2.026705324649811, 'train_loss': None, 'decision': 0, 'drift_rate': 0.0, 'target_domains': ['sketch']}
Loss historical diff: 1.8437957540154457; Loss Difference: 0.0, Decision: 0
Round 228 took 2.461395025253296s, results:
{'t': 227, 'current_accuracy': 0.3984375, 'current_loss': 2.0267053842544556, 'train_loss': None, 'decision': 0, 'drift_rate': 0.0, 'target_domains': ['sketch']}
Loss historical diff: 1.8437954559922218; Loss Difference: 0.0, Decision: 0
Round 229 took 2.457106828689575s, results:
{'t': 228, 'current_accuracy': 0.3984375, 'current_loss': 2.0267050862312317, 'train_loss': None, 'decision': 0, 'drift_rate': 0.0, 'target_domains': ['sketch']}
Loss historical diff: 1.843795694410801; Loss Difference: 0.0, Decision: 0
Round 230 took 2.6656312942504883s, results:
{'t': 229, 'current_accuracy': 0.3984375, 'current_loss': 2.026705324649811, 'train_loss': None, 'decision': 0, 'drift_rate': 0.0, 'target_domains': ['sketch']}
Loss historical diff: 1.8437958136200905; Loss Difference: 0.0, Decision: 0
Round 231 took 2.6280465126037598s, results:
{'t': 230, 'current_accuracy': 0.3984375, 'current_loss': 2.0267054438591003, 'train_loss': None, 'decision': 0, 'drift_rate': 0.0, 'target_domains': ['sketch']}
Loss historical diff: 1.8437956348061562; Loss Difference: 0.0, Decision: 0
Round 232 took 2.5216715335845947s, results:
{'t': 231, 'current_accuracy': 0.3984375, 'current_loss': 2.026705265045166, 'train_loss': None, 'decision': 0, 'drift_rate': 0.0, 'target_domains': ['sketch']}
Loss historical diff: 1.843795694410801; Loss Difference: 0.0, Decision: 1
Average loss over 5 updates: 1.3803
Round 233 took 4.390368700027466s, results:
{'t': 232, 'current_accuracy': 0.3984375, 'current_loss': 2.026705324649811, 'train_loss': 1.3803114891052246, 'decision': 1, 'drift_rate': 0.0, 'target_domains': ['sketch']}
Loss historical diff: 1.9950760379433632; Loss Difference: 0.0, Decision: 0
Round 234 took 2.617114305496216s, results:
{'t': 233, 'current_accuracy': 0.37109375, 'current_loss': 2.177985668182373, 'train_loss': None, 'decision': 0, 'drift_rate': 0.0, 'target_domains': ['sketch']}
Loss historical diff: 1.9950765147805214; Loss Difference: 0.0, Decision: 0
Round 235 took 2.6143150329589844s, results:
{'t': 234, 'current_accuracy': 0.37109375, 'current_loss': 2.1779861450195312, 'train_loss': None, 'decision': 0, 'drift_rate': 0.0, 'target_domains': ['sketch']}
Loss historical diff: 1.995076633989811; Loss Difference: 0.0, Decision: 0
Round 236 took 2.4993252754211426s, results:
{'t': 235, 'current_accuracy': 0.37109375, 'current_loss': 2.177986264228821, 'train_loss': None, 'decision': 0, 'drift_rate': 0.0, 'target_domains': ['sketch']}
Loss historical diff: 1.9950765147805214; Loss Difference: 0.0, Decision: 0
Round 237 took 2.644629955291748s, results:
{'t': 236, 'current_accuracy': 0.37109375, 'current_loss': 2.1779861450195312, 'train_loss': None, 'decision': 0, 'drift_rate': 0.0, 'target_domains': ['sketch']}
Loss historical diff: 1.995076633989811; Loss Difference: 0.0, Decision: 0
Round 238 took 2.5296132564544678s, results:
{'t': 237, 'current_accuracy': 0.37109375, 'current_loss': 2.177986264228821, 'train_loss': None, 'decision': 0, 'drift_rate': 0.0, 'target_domains': ['sketch']}
Loss historical diff: 1.9950765147805214; Loss Difference: 0.0, Decision: 0
Round 239 took 2.5123164653778076s, results:
{'t': 238, 'current_accuracy': 0.37109375, 'current_loss': 2.1779861450195312, 'train_loss': None, 'decision': 0, 'drift_rate': 0.0, 'target_domains': ['sketch']}
Loss historical diff: 1.9950760379433632; Loss Difference: 0.0, Decision: 0
Round 240 took 2.554255962371826s, results:
{'t': 239, 'current_accuracy': 0.37109375, 'current_loss': 2.177985668182373, 'train_loss': None, 'decision': 0, 'drift_rate': 0.0, 'target_domains': ['sketch']}
Loss historical diff: 1.995076633989811; Loss Difference: 0.0, Decision: 0
Round 241 took 2.797630548477173s, results:
{'t': 240, 'current_accuracy': 0.37109375, 'current_loss': 2.177986264228821, 'train_loss': None, 'decision': 0, 'drift_rate': 0.0, 'target_domains': ['sketch']}
Loss historical diff: 1.9950762763619423; Loss Difference: 0.0, Decision: 0
Round 242 took 2.7149734497070312s, results:
{'t': 241, 'current_accuracy': 0.37109375, 'current_loss': 2.177985906600952, 'train_loss': None, 'decision': 0, 'drift_rate': 0.0, 'target_domains': ['sketch']}
Loss historical diff: 1.9950763955712318; Loss Difference: 0.0, Decision: 0
Round 243 took 2.629185438156128s, results:
{'t': 242, 'current_accuracy': 0.37109375, 'current_loss': 2.1779860258102417, 'train_loss': None, 'decision': 0, 'drift_rate': 0.0, 'target_domains': ['sketch']}
Loss historical diff: 1.9950769916176796; Loss Difference: 0.0, Decision: 0
Round 244 took 2.569244623184204s, results:
{'t': 243, 'current_accuracy': 0.37109375, 'current_loss': 2.1779866218566895, 'train_loss': None, 'decision': 0, 'drift_rate': 0.0, 'target_domains': ['sketch']}
Loss historical diff: 1.9950762763619423; Loss Difference: 0.0, Decision: 0
Round 245 took 2.5005784034729004s, results:
{'t': 244, 'current_accuracy': 0.37109375, 'current_loss': 2.177985906600952, 'train_loss': None, 'decision': 0, 'drift_rate': 0.0, 'target_domains': ['sketch']}
Loss historical diff: 1.9950767531991005; Loss Difference: 0.0, Decision: 0
Round 246 took 2.444624185562134s, results:
{'t': 245, 'current_accuracy': 0.37109375, 'current_loss': 2.1779863834381104, 'train_loss': None, 'decision': 0, 'drift_rate': 0.0, 'target_domains': ['sketch']}
Loss historical diff: 1.995076633989811; Loss Difference: 0.0, Decision: 0
Round 247 took 2.6296584606170654s, results:
{'t': 246, 'current_accuracy': 0.37109375, 'current_loss': 2.177986264228821, 'train_loss': None, 'decision': 0, 'drift_rate': 0.0, 'target_domains': ['sketch']}
Loss historical diff: 1.9950763955712318; Loss Difference: 0.0, Decision: 1
Average loss over 5 updates: 1.1876
Round 248 took 4.855909109115601s, results:
{'t': 247, 'current_accuracy': 0.37109375, 'current_loss': 2.1779860258102417, 'train_loss': 1.1876072883605957, 'decision': 1, 'drift_rate': 0.0, 'target_domains': ['sketch']}
Loss historical diff: 2.7400688901543617; Loss Difference: 0.0, Decision: 0
Round 249 took 2.2871172428131104s, results:
{'t': 248, 'current_accuracy': 0.32421875, 'current_loss': 2.9229785203933716, 'train_loss': None, 'decision': 0, 'drift_rate': 0.0, 'target_domains': ['sketch']}
Loss historical diff: 2.7400692477822304; Loss Difference: 0.0, Decision: 0
Round 250 took 2.2649412155151367s, results:
{'t': 249, 'current_accuracy': 0.32421875, 'current_loss': 2.9229788780212402, 'train_loss': None, 'decision': 0, 'drift_rate': 0.0, 'target_domains': ['sketch']}
Average time per round: 2.777393781661987
Total time: 694.3484454154968
