Using the latest cached version of the dataset since flwrlabs/pacs couldn't be found on the Hugging Face Hub
Found the latest cached dataset configuration 'default' at /home/apiasecz/.cache/huggingface/datasets/flwrlabs___pacs/default/0.0.0/394113073258ead631f617d2e13bb377c0715c4b (last modified on Wed Jan 29 16:59:35 2025).
Using the latest cached version of the dataset since flwrlabs/pacs couldn't be found on the Hugging Face Hub
Found the latest cached dataset configuration 'default' at /home/apiasecz/.cache/huggingface/datasets/flwrlabs___pacs/default/0.0.0/394113073258ead631f617d2e13bb377c0715c4b (last modified on Wed Jan 29 16:59:35 2025).
Using the latest cached version of the dataset since flwrlabs/pacs couldn't be found on the Hugging Face Hub
Found the latest cached dataset configuration 'default' at /home/apiasecz/.cache/huggingface/datasets/flwrlabs___pacs/default/0.0.0/394113073258ead631f617d2e13bb377c0715c4b (last modified on Wed Jan 29 16:59:35 2025).
Using the latest cached version of the dataset since flwrlabs/pacs couldn't be found on the Hugging Face Hub
Found the latest cached dataset configuration 'default' at /home/apiasecz/.cache/huggingface/datasets/flwrlabs___pacs/default/0.0.0/394113073258ead631f617d2e13bb377c0715c4b (last modified on Wed Jan 29 16:59:35 2025).
Using the latest cached version of the dataset since flwrlabs/pacs couldn't be found on the Hugging Face Hub
Found the latest cached dataset configuration 'default' at /home/apiasecz/.cache/huggingface/datasets/flwrlabs___pacs/default/0.0.0/394113073258ead631f617d2e13bb377c0715c4b (last modified on Wed Jan 29 16:59:35 2025).
Device: cuda
CUDA Version: 12.1
cuDNN Version: 8902
PyTorch Version: 2.3.0

Model used: PACSCNN_1
Initial dataset creation
Initial dataset creation
Initial loss: 0.21194414794445038
<__main__.Policy object at 0x151c7e627470>
0.21194414794445038
Round 1 took 0.1663358211517334s, results:
{'t': 0, 'current_accuracy': 0.92578125, 'current_loss': 0.20714296400547028, 'train_loss': None, 'decision': 0, 'drift_rate': 0.0, 'target_domains': ['photo']}
Round 2 took 0.13082313537597656s, results:
{'t': 1, 'current_accuracy': 0.92578125, 'current_loss': 0.2071429267525673, 'train_loss': None, 'decision': 0, 'drift_rate': 0.0, 'target_domains': ['photo']}
Round 3 took 0.13073325157165527s, results:
{'t': 2, 'current_accuracy': 0.92578125, 'current_loss': 0.2071429342031479, 'train_loss': None, 'decision': 0, 'drift_rate': 0.0, 'target_domains': ['photo']}
Round 4 took 0.1306455135345459s, results:
{'t': 3, 'current_accuracy': 0.92578125, 'current_loss': 0.20714294910430908, 'train_loss': None, 'decision': 0, 'drift_rate': 0.0, 'target_domains': ['photo']}
Round 5 took 0.1306452751159668s, results:
{'t': 4, 'current_accuracy': 0.92578125, 'current_loss': 0.2071429342031479, 'train_loss': None, 'decision': 0, 'drift_rate': 0.0, 'target_domains': ['photo']}
Round 6 took 0.13064193725585938s, results:
{'t': 5, 'current_accuracy': 0.92578125, 'current_loss': 0.20714294910430908, 'train_loss': None, 'decision': 0, 'drift_rate': 0.0, 'target_domains': ['photo']}
Round 7 took 0.13061070442199707s, results:
{'t': 6, 'current_accuracy': 0.92578125, 'current_loss': 0.2071429044008255, 'train_loss': None, 'decision': 0, 'drift_rate': 0.0, 'target_domains': ['photo']}
Round 8 took 0.1358966827392578s, results:
{'t': 7, 'current_accuracy': 0.92578125, 'current_loss': 0.20714294165372849, 'train_loss': None, 'decision': 0, 'drift_rate': 0.0, 'target_domains': ['photo']}
Round 9 took 0.13051223754882812s, results:
{'t': 8, 'current_accuracy': 0.92578125, 'current_loss': 0.2071429342031479, 'train_loss': None, 'decision': 0, 'drift_rate': 0.0, 'target_domains': ['photo']}
Round 10 took 0.13091063499450684s, results:
{'t': 9, 'current_accuracy': 0.92578125, 'current_loss': 0.2071429267525673, 'train_loss': None, 'decision': 0, 'drift_rate': 0.0, 'target_domains': ['photo']}
Round 11 took 0.13090777397155762s, results:
{'t': 10, 'current_accuracy': 0.92578125, 'current_loss': 0.2071429267525673, 'train_loss': None, 'decision': 0, 'drift_rate': 0.0, 'target_domains': ['photo']}
Round 12 took 0.13103055953979492s, results:
{'t': 11, 'current_accuracy': 0.92578125, 'current_loss': 0.20714294165372849, 'train_loss': None, 'decision': 0, 'drift_rate': 0.0, 'target_domains': ['photo']}
Round 13 took 0.130950927734375s, results:
{'t': 12, 'current_accuracy': 0.92578125, 'current_loss': 0.2071429118514061, 'train_loss': None, 'decision': 0, 'drift_rate': 0.0, 'target_domains': ['photo']}
Round 14 took 0.13025760650634766s, results:
{'t': 13, 'current_accuracy': 0.92578125, 'current_loss': 0.20714294165372849, 'train_loss': None, 'decision': 0, 'drift_rate': 0.0, 'target_domains': ['photo']}
Round 15 took 0.1304032802581787s, results:
{'t': 14, 'current_accuracy': 0.92578125, 'current_loss': 0.2071429342031479, 'train_loss': None, 'decision': 0, 'drift_rate': 0.0, 'target_domains': ['photo']}
Round 16 took 0.13022804260253906s, results:
{'t': 15, 'current_accuracy': 0.92578125, 'current_loss': 0.2071429342031479, 'train_loss': None, 'decision': 0, 'drift_rate': 0.0, 'target_domains': ['photo']}
Round 17 took 0.13041138648986816s, results:
{'t': 16, 'current_accuracy': 0.92578125, 'current_loss': 0.2071429342031479, 'train_loss': None, 'decision': 0, 'drift_rate': 0.0, 'target_domains': ['photo']}
Round 18 took 0.13028192520141602s, results:
{'t': 17, 'current_accuracy': 0.92578125, 'current_loss': 0.2071429267525673, 'train_loss': None, 'decision': 0, 'drift_rate': 0.0, 'target_domains': ['photo']}
Round 19 took 0.1307239532470703s, results:
{'t': 18, 'current_accuracy': 0.92578125, 'current_loss': 0.20714294910430908, 'train_loss': None, 'decision': 0, 'drift_rate': 0.0, 'target_domains': ['photo']}
Round 20 took 0.13013625144958496s, results:
{'t': 19, 'current_accuracy': 0.92578125, 'current_loss': 0.2071429267525673, 'train_loss': None, 'decision': 0, 'drift_rate': 0.0, 'target_domains': ['photo']}
Round 21 took 0.1303088665008545s, results:
{'t': 20, 'current_accuracy': 0.92578125, 'current_loss': 0.2071429267525673, 'train_loss': None, 'decision': 0, 'drift_rate': 0.0, 'target_domains': ['photo']}
Round 22 took 0.13050627708435059s, results:
{'t': 21, 'current_accuracy': 0.92578125, 'current_loss': 0.20714294910430908, 'train_loss': None, 'decision': 0, 'drift_rate': 0.0, 'target_domains': ['photo']}
Round 23 took 0.135267972946167s, results:
{'t': 22, 'current_accuracy': 0.92578125, 'current_loss': 0.2071429118514061, 'train_loss': None, 'decision': 0, 'drift_rate': 0.0, 'target_domains': ['photo']}
Round 24 took 0.1308145523071289s, results:
{'t': 23, 'current_accuracy': 0.92578125, 'current_loss': 0.2071429342031479, 'train_loss': None, 'decision': 0, 'drift_rate': 0.0, 'target_domains': ['photo']}
Round 25 took 0.13057708740234375s, results:
{'t': 24, 'current_accuracy': 0.92578125, 'current_loss': 0.20714296400547028, 'train_loss': None, 'decision': 0, 'drift_rate': 0.0, 'target_domains': ['photo']}
Round 26 took 0.130967378616333s, results:
{'t': 25, 'current_accuracy': 0.92578125, 'current_loss': 0.20714294165372849, 'train_loss': None, 'decision': 0, 'drift_rate': 0.0, 'target_domains': ['photo']}
Average loss over 3 updates: 0.1821
Round 27 took 0.3695063591003418s, results:
{'t': 26, 'current_accuracy': 0.92578125, 'current_loss': 0.20714294165372849, 'train_loss': 0.1820602665344874, 'decision': 1, 'drift_rate': 0.0, 'target_domains': ['photo']}
Round 28 took 0.1305701732635498s, results:
{'t': 27, 'current_accuracy': 0.97265625, 'current_loss': 0.17245401442050934, 'train_loss': None, 'decision': 0, 'drift_rate': 0.0, 'target_domains': ['photo']}
Round 29 took 0.13076114654541016s, results:
{'t': 28, 'current_accuracy': 0.97265625, 'current_loss': 0.17245402932167053, 'train_loss': None, 'decision': 0, 'drift_rate': 0.0, 'target_domains': ['photo']}
Average loss over 3 updates: 0.1635
Round 30 took 0.23620963096618652s, results:
{'t': 29, 'current_accuracy': 0.97265625, 'current_loss': 0.17245402932167053, 'train_loss': 0.16353296240170798, 'decision': 1, 'drift_rate': 0.0, 'target_domains': ['photo']}
Round 31 took 0.13081717491149902s, results:
{'t': 30, 'current_accuracy': 0.9765625, 'current_loss': 0.1697326824069023, 'train_loss': None, 'decision': 0, 'drift_rate': 0.0, 'target_domains': ['photo']}
Round 32 took 0.13064098358154297s, results:
{'t': 31, 'current_accuracy': 0.9765625, 'current_loss': 0.1697326898574829, 'train_loss': None, 'decision': 0, 'drift_rate': 0.0, 'target_domains': ['photo']}
Round 33 took 0.13079595565795898s, results:
{'t': 32, 'current_accuracy': 0.9765625, 'current_loss': 0.1697326824069023, 'train_loss': None, 'decision': 0, 'drift_rate': 0.0, 'target_domains': ['photo']}
Average loss over 3 updates: 0.2020
Round 34 took 0.23556828498840332s, results:
{'t': 33, 'current_accuracy': 0.9765625, 'current_loss': 0.1697326824069023, 'train_loss': 0.20196899274984995, 'decision': 1, 'drift_rate': 0.0, 'target_domains': ['photo']}
Round 35 took 0.13594937324523926s, results:
{'t': 34, 'current_accuracy': 0.9140625, 'current_loss': 0.24693980067968369, 'train_loss': None, 'decision': 0, 'drift_rate': 0.0, 'target_domains': ['photo']}
Round 36 took 0.13141369819641113s, results:
{'t': 35, 'current_accuracy': 0.9140625, 'current_loss': 0.24693983048200607, 'train_loss': None, 'decision': 0, 'drift_rate': 0.0, 'target_domains': ['photo']}
Average loss over 3 updates: 0.1860
Round 37 took 0.23456239700317383s, results:
{'t': 36, 'current_accuracy': 0.9140625, 'current_loss': 0.24693981558084488, 'train_loss': 0.18597570061683655, 'decision': 1, 'drift_rate': 0.0, 'target_domains': ['photo']}
Round 38 took 0.13061046600341797s, results:
{'t': 37, 'current_accuracy': 0.9609375, 'current_loss': 0.1664915606379509, 'train_loss': None, 'decision': 0, 'drift_rate': 0.0, 'target_domains': ['photo']}
Round 39 took 0.13002729415893555s, results:
{'t': 38, 'current_accuracy': 0.9609375, 'current_loss': 0.1664915680885315, 'train_loss': None, 'decision': 0, 'drift_rate': 0.0, 'target_domains': ['photo']}
Round 40 took 0.13058733940124512s, results:
{'t': 39, 'current_accuracy': 0.9609375, 'current_loss': 0.1664915382862091, 'train_loss': None, 'decision': 0, 'drift_rate': 0.0, 'target_domains': ['photo']}
Round 41 took 0.13051271438598633s, results:
{'t': 40, 'current_accuracy': 0.9609375, 'current_loss': 0.1664915680885315, 'train_loss': None, 'decision': 0, 'drift_rate': 0.0, 'target_domains': ['photo']}
Round 42 took 0.1304492950439453s, results:
{'t': 41, 'current_accuracy': 0.9609375, 'current_loss': 0.1664915457367897, 'train_loss': None, 'decision': 0, 'drift_rate': 0.0, 'target_domains': ['photo']}
Round 43 took 0.13050198554992676s, results:
{'t': 42, 'current_accuracy': 0.9609375, 'current_loss': 0.1664915755391121, 'train_loss': None, 'decision': 0, 'drift_rate': 0.0, 'target_domains': ['photo']}
Round 44 took 0.13094496726989746s, results:
{'t': 43, 'current_accuracy': 0.9609375, 'current_loss': 0.1664915606379509, 'train_loss': None, 'decision': 0, 'drift_rate': 0.0, 'target_domains': ['photo']}
Average loss over 3 updates: 0.1901
Round 45 took 0.23497843742370605s, results:
{'t': 44, 'current_accuracy': 0.9609375, 'current_loss': 0.1664915680885315, 'train_loss': 0.1900765299797058, 'decision': 1, 'drift_rate': 0.0, 'target_domains': ['photo']}
Round 46 took 0.13097500801086426s, results:
{'t': 45, 'current_accuracy': 0.96875, 'current_loss': 0.16659676283597946, 'train_loss': None, 'decision': 0, 'drift_rate': 0.0, 'target_domains': ['photo']}
Round 47 took 0.13071370124816895s, results:
{'t': 46, 'current_accuracy': 0.96875, 'current_loss': 0.16659677028656006, 'train_loss': None, 'decision': 0, 'drift_rate': 0.0, 'target_domains': ['photo']}
Round 48 took 0.1304457187652588s, results:
{'t': 47, 'current_accuracy': 0.96875, 'current_loss': 0.16659677773714066, 'train_loss': None, 'decision': 0, 'drift_rate': 0.0, 'target_domains': ['photo']}
Round 49 took 0.13462328910827637s, results:
{'t': 48, 'current_accuracy': 0.96875, 'current_loss': 0.16659678518772125, 'train_loss': None, 'decision': 0, 'drift_rate': 0.0, 'target_domains': ['photo']}
Round 50 took 0.1305074691772461s, results:
{'t': 49, 'current_accuracy': 0.96875, 'current_loss': 0.16659677028656006, 'train_loss': None, 'decision': 0, 'drift_rate': 0.0, 'target_domains': ['photo']}
Round 51 took 0.13029837608337402s, results:
{'t': 50, 'current_accuracy': 0.96875, 'current_loss': 0.16659676283597946, 'train_loss': None, 'decision': 0, 'drift_rate': 0.0, 'target_domains': ['photo']}
Round 52 took 0.13038325309753418s, results:
{'t': 51, 'current_accuracy': 0.96875, 'current_loss': 0.16659678518772125, 'train_loss': None, 'decision': 0, 'drift_rate': 0.0, 'target_domains': ['photo']}
Round 53 took 0.13034749031066895s, results:
{'t': 52, 'current_accuracy': 0.96875, 'current_loss': 0.16659677773714066, 'train_loss': None, 'decision': 0, 'drift_rate': 0.0, 'target_domains': ['photo']}
Round 54 took 0.1301586627960205s, results:
{'t': 53, 'current_accuracy': 0.96875, 'current_loss': 0.16659679263830185, 'train_loss': None, 'decision': 0, 'drift_rate': 0.0, 'target_domains': ['photo']}
Round 55 took 0.1304178237915039s, results:
{'t': 54, 'current_accuracy': 0.96875, 'current_loss': 0.16659677773714066, 'train_loss': None, 'decision': 0, 'drift_rate': 0.0, 'target_domains': ['photo']}
Round 56 took 0.13533830642700195s, results:
{'t': 55, 'current_accuracy': 0.68359375, 'current_loss': 1.4124500155448914, 'train_loss': None, 'decision': 0, 'drift_rate': 0.4, 'target_domains': ['sketch']}
Round 57 took 0.13363218307495117s, results:
{'t': 56, 'current_accuracy': 0.37109375, 'current_loss': 2.6538013219833374, 'train_loss': None, 'decision': 0, 'drift_rate': 0.4, 'target_domains': ['sketch']}
Round 58 took 0.13167786598205566s, results:
{'t': 57, 'current_accuracy': 0.19921875, 'current_loss': 3.2997474670410156, 'train_loss': None, 'decision': 0, 'drift_rate': 0.4, 'target_domains': ['sketch']}
Round 59 took 0.13047552108764648s, results:
{'t': 58, 'current_accuracy': 0.19921875, 'current_loss': 3.299747347831726, 'train_loss': None, 'decision': 0, 'drift_rate': 0.4, 'target_domains': ['sketch']}
Round 60 took 0.1306159496307373s, results:
{'t': 59, 'current_accuracy': 0.19921875, 'current_loss': 3.2997474670410156, 'train_loss': None, 'decision': 0, 'drift_rate': 0.4, 'target_domains': ['sketch']}
Average loss over 3 updates: 12.2742
Round 61 took 0.23845958709716797s, results:
{'t': 60, 'current_accuracy': 0.19921875, 'current_loss': 3.2997474670410156, 'train_loss': 12.274165074030558, 'decision': 1, 'drift_rate': 0.0, 'target_domains': ['sketch']}
Round 62 took 0.1301124095916748s, results:
{'t': 61, 'current_accuracy': 0.15625, 'current_loss': 9.638065814971924, 'train_loss': None, 'decision': 0, 'drift_rate': 0.0, 'target_domains': ['sketch']}
Round 63 took 0.13002467155456543s, results:
{'t': 62, 'current_accuracy': 0.15625, 'current_loss': 9.638065338134766, 'train_loss': None, 'decision': 0, 'drift_rate': 0.0, 'target_domains': ['sketch']}
Round 64 took 0.1347661018371582s, results:
{'t': 63, 'current_accuracy': 0.15625, 'current_loss': 9.638067245483398, 'train_loss': None, 'decision': 0, 'drift_rate': 0.0, 'target_domains': ['sketch']}
Round 65 took 0.12986111640930176s, results:
{'t': 64, 'current_accuracy': 0.15625, 'current_loss': 9.638066291809082, 'train_loss': None, 'decision': 0, 'drift_rate': 0.0, 'target_domains': ['sketch']}
Round 66 took 0.13006210327148438s, results:
{'t': 65, 'current_accuracy': 0.15625, 'current_loss': 9.63806676864624, 'train_loss': None, 'decision': 0, 'drift_rate': 0.0, 'target_domains': ['sketch']}
Round 67 took 0.13022828102111816s, results:
{'t': 66, 'current_accuracy': 0.15625, 'current_loss': 9.638065814971924, 'train_loss': None, 'decision': 0, 'drift_rate': 0.0, 'target_domains': ['sketch']}
Round 68 took 0.13006830215454102s, results:
{'t': 67, 'current_accuracy': 0.15625, 'current_loss': 9.63806676864624, 'train_loss': None, 'decision': 0, 'drift_rate': 0.0, 'target_domains': ['sketch']}
Round 69 took 0.13054752349853516s, results:
{'t': 68, 'current_accuracy': 0.15625, 'current_loss': 9.638065814971924, 'train_loss': None, 'decision': 0, 'drift_rate': 0.0, 'target_domains': ['sketch']}
Round 70 took 0.13048410415649414s, results:
{'t': 69, 'current_accuracy': 0.15625, 'current_loss': 9.638066291809082, 'train_loss': None, 'decision': 0, 'drift_rate': 0.0, 'target_domains': ['sketch']}
Round 71 took 0.1303997039794922s, results:
{'t': 70, 'current_accuracy': 0.15625, 'current_loss': 9.63806676864624, 'train_loss': None, 'decision': 0, 'drift_rate': 0.0, 'target_domains': ['sketch']}
Round 72 took 0.13041949272155762s, results:
{'t': 71, 'current_accuracy': 0.15625, 'current_loss': 9.638065814971924, 'train_loss': None, 'decision': 0, 'drift_rate': 0.0, 'target_domains': ['sketch']}
Round 73 took 0.13016247749328613s, results:
{'t': 72, 'current_accuracy': 0.15625, 'current_loss': 9.638066291809082, 'train_loss': None, 'decision': 0, 'drift_rate': 0.0, 'target_domains': ['sketch']}
Round 74 took 0.1301896572113037s, results:
{'t': 73, 'current_accuracy': 0.15625, 'current_loss': 9.63806676864624, 'train_loss': None, 'decision': 0, 'drift_rate': 0.0, 'target_domains': ['sketch']}
Round 75 took 0.12988018989562988s, results:
{'t': 74, 'current_accuracy': 0.15625, 'current_loss': 9.638067245483398, 'train_loss': None, 'decision': 0, 'drift_rate': 0.0, 'target_domains': ['sketch']}
Average loss over 3 updates: 4.6279
Round 76 took 0.23689866065979004s, results:
{'t': 75, 'current_accuracy': 0.15625, 'current_loss': 9.63806676864624, 'train_loss': 4.62788200378418, 'decision': 1, 'drift_rate': 0.0, 'target_domains': ['sketch']}
Round 77 took 0.13048768043518066s, results:
{'t': 76, 'current_accuracy': 0.1484375, 'current_loss': 1.8789874911308289, 'train_loss': None, 'decision': 0, 'drift_rate': 0.0, 'target_domains': ['sketch']}
Round 78 took 0.13443827629089355s, results:
{'t': 77, 'current_accuracy': 0.1484375, 'current_loss': 1.8789873719215393, 'train_loss': None, 'decision': 0, 'drift_rate': 0.0, 'target_domains': ['sketch']}
Round 79 took 0.1302623748779297s, results:
{'t': 78, 'current_accuracy': 0.1484375, 'current_loss': 1.8789872527122498, 'train_loss': None, 'decision': 0, 'drift_rate': 0.0, 'target_domains': ['sketch']}
Round 80 took 0.13041329383850098s, results:
{'t': 79, 'current_accuracy': 0.1484375, 'current_loss': 1.8789873123168945, 'train_loss': None, 'decision': 0, 'drift_rate': 0.0, 'target_domains': ['sketch']}
Average loss over 3 updates: 1.8300
Round 81 took 0.23534297943115234s, results:
{'t': 80, 'current_accuracy': 0.1484375, 'current_loss': 1.8789871335029602, 'train_loss': 1.830035924911499, 'decision': 1, 'drift_rate': 0.0, 'target_domains': ['sketch']}
Round 82 took 0.1310102939605713s, results:
{'t': 81, 'current_accuracy': 0.2421875, 'current_loss': 1.8217071294784546, 'train_loss': None, 'decision': 0, 'drift_rate': 0.0, 'target_domains': ['sketch']}
Round 83 took 0.13040876388549805s, results:
{'t': 82, 'current_accuracy': 0.2421875, 'current_loss': 1.8217071890830994, 'train_loss': None, 'decision': 0, 'drift_rate': 0.0, 'target_domains': ['sketch']}
Round 84 took 0.1300055980682373s, results:
{'t': 83, 'current_accuracy': 0.2421875, 'current_loss': 1.8217071294784546, 'train_loss': None, 'decision': 0, 'drift_rate': 0.0, 'target_domains': ['sketch']}
Round 85 took 0.12986040115356445s, results:
{'t': 84, 'current_accuracy': 0.2421875, 'current_loss': 1.8217072486877441, 'train_loss': None, 'decision': 0, 'drift_rate': 0.0, 'target_domains': ['sketch']}
Round 86 took 0.13008642196655273s, results:
{'t': 85, 'current_accuracy': 0.2421875, 'current_loss': 1.8217070698738098, 'train_loss': None, 'decision': 0, 'drift_rate': 0.0, 'target_domains': ['sketch']}
Round 87 took 0.13001346588134766s, results:
{'t': 86, 'current_accuracy': 0.2421875, 'current_loss': 1.821707308292389, 'train_loss': None, 'decision': 0, 'drift_rate': 0.0, 'target_domains': ['sketch']}
Round 88 took 0.1300361156463623s, results:
{'t': 87, 'current_accuracy': 0.2421875, 'current_loss': 1.821707308292389, 'train_loss': None, 'decision': 0, 'drift_rate': 0.0, 'target_domains': ['sketch']}
Round 89 took 0.12968945503234863s, results:
{'t': 88, 'current_accuracy': 0.2421875, 'current_loss': 1.8217070698738098, 'train_loss': None, 'decision': 0, 'drift_rate': 0.0, 'target_domains': ['sketch']}
Round 90 took 0.1298995018005371s, results:
{'t': 89, 'current_accuracy': 0.2421875, 'current_loss': 1.8217071294784546, 'train_loss': None, 'decision': 0, 'drift_rate': 0.0, 'target_domains': ['sketch']}
Round 91 took 0.13042473793029785s, results:
{'t': 90, 'current_accuracy': 0.2421875, 'current_loss': 1.821707308292389, 'train_loss': None, 'decision': 0, 'drift_rate': 0.0, 'target_domains': ['sketch']}
Round 92 took 0.13019156455993652s, results:
{'t': 91, 'current_accuracy': 0.2421875, 'current_loss': 1.821707010269165, 'train_loss': None, 'decision': 0, 'drift_rate': 0.0, 'target_domains': ['sketch']}
Round 93 took 0.13421249389648438s, results:
{'t': 92, 'current_accuracy': 0.2421875, 'current_loss': 1.8217071294784546, 'train_loss': None, 'decision': 0, 'drift_rate': 0.0, 'target_domains': ['sketch']}
Round 94 took 0.1304922103881836s, results:
{'t': 93, 'current_accuracy': 0.2421875, 'current_loss': 1.8217072486877441, 'train_loss': None, 'decision': 0, 'drift_rate': 0.0, 'target_domains': ['sketch']}
Round 95 took 0.1304919719696045s, results:
{'t': 94, 'current_accuracy': 0.2421875, 'current_loss': 1.8217071294784546, 'train_loss': None, 'decision': 0, 'drift_rate': 0.0, 'target_domains': ['sketch']}
Round 96 took 0.13028597831726074s, results:
{'t': 95, 'current_accuracy': 0.2421875, 'current_loss': 1.8217072486877441, 'train_loss': None, 'decision': 0, 'drift_rate': 0.0, 'target_domains': ['sketch']}
Round 97 took 0.1300950050354004s, results:
{'t': 96, 'current_accuracy': 0.2421875, 'current_loss': 1.8217073678970337, 'train_loss': None, 'decision': 0, 'drift_rate': 0.0, 'target_domains': ['sketch']}
Round 98 took 0.12970328330993652s, results:
{'t': 97, 'current_accuracy': 0.2421875, 'current_loss': 1.8217072486877441, 'train_loss': None, 'decision': 0, 'drift_rate': 0.0, 'target_domains': ['sketch']}
Round 99 took 0.12987637519836426s, results:
{'t': 98, 'current_accuracy': 0.2421875, 'current_loss': 1.8217071294784546, 'train_loss': None, 'decision': 0, 'drift_rate': 0.0, 'target_domains': ['sketch']}
Round 100 took 0.1302781105041504s, results:
{'t': 99, 'current_accuracy': 0.2421875, 'current_loss': 1.8217069506645203, 'train_loss': None, 'decision': 0, 'drift_rate': 0.0, 'target_domains': ['sketch']}
Round 101 took 0.13002252578735352s, results:
{'t': 100, 'current_accuracy': 0.2421875, 'current_loss': 1.8217071294784546, 'train_loss': None, 'decision': 0, 'drift_rate': 0.0, 'target_domains': ['sketch']}
Average loss over 3 updates: 1.7974
Round 102 took 0.23350906372070312s, results:
{'t': 101, 'current_accuracy': 0.2421875, 'current_loss': 1.821707308292389, 'train_loss': 1.7973901430765789, 'decision': 1, 'drift_rate': 0.0, 'target_domains': ['sketch']}
Round 103 took 0.13055896759033203s, results:
{'t': 102, 'current_accuracy': 0.23046875, 'current_loss': 1.7875752449035645, 'train_loss': None, 'decision': 0, 'drift_rate': 0.0, 'target_domains': ['sketch']}
Round 104 took 0.13062453269958496s, results:
{'t': 103, 'current_accuracy': 0.23046875, 'current_loss': 1.7875750064849854, 'train_loss': None, 'decision': 0, 'drift_rate': 0.0, 'target_domains': ['sketch']}
Round 105 took 0.13052701950073242s, results:
{'t': 104, 'current_accuracy': 0.23046875, 'current_loss': 1.787575125694275, 'train_loss': None, 'decision': 0, 'drift_rate': 0.0, 'target_domains': ['sketch']}
Round 106 took 0.13379764556884766s, results:
{'t': 105, 'current_accuracy': 0.2109375, 'current_loss': 2.9405966997146606, 'train_loss': None, 'decision': 0, 'drift_rate': 0.4, 'target_domains': ['cartoon']}
Round 107 took 0.1393263339996338s, results:
{'t': 106, 'current_accuracy': 0.12890625, 'current_loss': 4.091603755950928, 'train_loss': None, 'decision': 0, 'drift_rate': 0.4, 'target_domains': ['cartoon']}
Round 108 took 0.13261103630065918s, results:
{'t': 107, 'current_accuracy': 0.11328125, 'current_loss': 4.766211748123169, 'train_loss': None, 'decision': 0, 'drift_rate': 0.4, 'target_domains': ['cartoon']}
Round 109 took 0.1308739185333252s, results:
{'t': 108, 'current_accuracy': 0.11328125, 'current_loss': 4.766212224960327, 'train_loss': None, 'decision': 0, 'drift_rate': 0.4, 'target_domains': ['cartoon']}
Round 110 took 0.13047266006469727s, results:
{'t': 109, 'current_accuracy': 0.11328125, 'current_loss': 4.766212224960327, 'train_loss': None, 'decision': 0, 'drift_rate': 0.4, 'target_domains': ['cartoon']}
Round 111 took 0.13028717041015625s, results:
{'t': 110, 'current_accuracy': 0.11328125, 'current_loss': 4.766211986541748, 'train_loss': None, 'decision': 0, 'drift_rate': 0.0, 'target_domains': ['cartoon']}
Round 112 took 0.1308150291442871s, results:
{'t': 111, 'current_accuracy': 0.11328125, 'current_loss': 4.766211748123169, 'train_loss': None, 'decision': 0, 'drift_rate': 0.0, 'target_domains': ['cartoon']}
Round 113 took 0.1303880214691162s, results:
{'t': 112, 'current_accuracy': 0.11328125, 'current_loss': 4.76621150970459, 'train_loss': None, 'decision': 0, 'drift_rate': 0.0, 'target_domains': ['cartoon']}
Round 114 took 0.13036012649536133s, results:
{'t': 113, 'current_accuracy': 0.11328125, 'current_loss': 4.766211748123169, 'train_loss': None, 'decision': 0, 'drift_rate': 0.0, 'target_domains': ['cartoon']}
Round 115 took 0.13028764724731445s, results:
{'t': 114, 'current_accuracy': 0.11328125, 'current_loss': 4.766211986541748, 'train_loss': None, 'decision': 0, 'drift_rate': 0.0, 'target_domains': ['cartoon']}
Round 116 took 0.13072776794433594s, results:
{'t': 115, 'current_accuracy': 0.11328125, 'current_loss': 4.766211748123169, 'train_loss': None, 'decision': 0, 'drift_rate': 0.0, 'target_domains': ['cartoon']}
Round 117 took 0.1307525634765625s, results:
{'t': 116, 'current_accuracy': 0.11328125, 'current_loss': 4.766211986541748, 'train_loss': None, 'decision': 0, 'drift_rate': 0.0, 'target_domains': ['cartoon']}
Round 118 took 0.13087749481201172s, results:
{'t': 117, 'current_accuracy': 0.11328125, 'current_loss': 4.766211748123169, 'train_loss': None, 'decision': 0, 'drift_rate': 0.0, 'target_domains': ['cartoon']}
Round 119 took 0.13084816932678223s, results:
{'t': 118, 'current_accuracy': 0.11328125, 'current_loss': 4.766212224960327, 'train_loss': None, 'decision': 0, 'drift_rate': 0.0, 'target_domains': ['cartoon']}
Round 120 took 0.13072752952575684s, results:
{'t': 119, 'current_accuracy': 0.11328125, 'current_loss': 4.766212463378906, 'train_loss': None, 'decision': 0, 'drift_rate': 0.0, 'target_domains': ['cartoon']}
Round 121 took 0.13067078590393066s, results:
{'t': 120, 'current_accuracy': 0.11328125, 'current_loss': 4.766211748123169, 'train_loss': None, 'decision': 0, 'drift_rate': 0.0, 'target_domains': ['cartoon']}
Round 122 took 0.13442277908325195s, results:
{'t': 121, 'current_accuracy': 0.11328125, 'current_loss': 4.766212224960327, 'train_loss': None, 'decision': 0, 'drift_rate': 0.0, 'target_domains': ['cartoon']}
Round 123 took 0.13064789772033691s, results:
{'t': 122, 'current_accuracy': 0.11328125, 'current_loss': 4.766212224960327, 'train_loss': None, 'decision': 0, 'drift_rate': 0.0, 'target_domains': ['cartoon']}
Round 124 took 0.13078713417053223s, results:
{'t': 123, 'current_accuracy': 0.11328125, 'current_loss': 4.766211748123169, 'train_loss': None, 'decision': 0, 'drift_rate': 0.0, 'target_domains': ['cartoon']}
Round 125 took 0.13057804107666016s, results:
{'t': 124, 'current_accuracy': 0.11328125, 'current_loss': 4.766211748123169, 'train_loss': None, 'decision': 0, 'drift_rate': 0.0, 'target_domains': ['cartoon']}
Round 126 took 0.130629301071167s, results:
{'t': 125, 'current_accuracy': 0.11328125, 'current_loss': 4.766211986541748, 'train_loss': None, 'decision': 0, 'drift_rate': 0.0, 'target_domains': ['cartoon']}
Round 127 took 0.13049674034118652s, results:
{'t': 126, 'current_accuracy': 0.11328125, 'current_loss': 4.766211748123169, 'train_loss': None, 'decision': 0, 'drift_rate': 0.0, 'target_domains': ['cartoon']}
Round 128 took 0.13079500198364258s, results:
{'t': 127, 'current_accuracy': 0.11328125, 'current_loss': 4.766212224960327, 'train_loss': None, 'decision': 0, 'drift_rate': 0.0, 'target_domains': ['cartoon']}
Round 129 took 0.13086938858032227s, results:
{'t': 128, 'current_accuracy': 0.11328125, 'current_loss': 4.766211271286011, 'train_loss': None, 'decision': 0, 'drift_rate': 0.0, 'target_domains': ['cartoon']}
Round 130 took 0.13051509857177734s, results:
{'t': 129, 'current_accuracy': 0.11328125, 'current_loss': 4.766211748123169, 'train_loss': None, 'decision': 0, 'drift_rate': 0.0, 'target_domains': ['cartoon']}
Round 131 took 0.1314854621887207s, results:
{'t': 130, 'current_accuracy': 0.11328125, 'current_loss': 4.766211748123169, 'train_loss': None, 'decision': 0, 'drift_rate': 0.0, 'target_domains': ['cartoon']}
Round 132 took 0.13133907318115234s, results:
{'t': 131, 'current_accuracy': 0.11328125, 'current_loss': 4.766211748123169, 'train_loss': None, 'decision': 0, 'drift_rate': 0.0, 'target_domains': ['cartoon']}
Round 133 took 0.13117408752441406s, results:
{'t': 132, 'current_accuracy': 0.11328125, 'current_loss': 4.766212463378906, 'train_loss': None, 'decision': 0, 'drift_rate': 0.0, 'target_domains': ['cartoon']}
Round 134 took 0.1307659149169922s, results:
{'t': 133, 'current_accuracy': 0.11328125, 'current_loss': 4.76621150970459, 'train_loss': None, 'decision': 0, 'drift_rate': 0.0, 'target_domains': ['cartoon']}
Round 135 took 0.13082575798034668s, results:
{'t': 134, 'current_accuracy': 0.11328125, 'current_loss': 4.766211986541748, 'train_loss': None, 'decision': 0, 'drift_rate': 0.0, 'target_domains': ['cartoon']}
Round 136 took 0.13077068328857422s, results:
{'t': 135, 'current_accuracy': 0.11328125, 'current_loss': 4.766211748123169, 'train_loss': None, 'decision': 0, 'drift_rate': 0.0, 'target_domains': ['cartoon']}
Round 137 took 0.1362624168395996s, results:
{'t': 136, 'current_accuracy': 0.11328125, 'current_loss': 4.766211986541748, 'train_loss': None, 'decision': 0, 'drift_rate': 0.0, 'target_domains': ['cartoon']}
Round 138 took 0.130828857421875s, results:
{'t': 137, 'current_accuracy': 0.11328125, 'current_loss': 4.766211986541748, 'train_loss': None, 'decision': 0, 'drift_rate': 0.0, 'target_domains': ['cartoon']}
Round 139 took 0.13032770156860352s, results:
{'t': 138, 'current_accuracy': 0.11328125, 'current_loss': 4.766212463378906, 'train_loss': None, 'decision': 0, 'drift_rate': 0.0, 'target_domains': ['cartoon']}
Round 140 took 0.13046479225158691s, results:
{'t': 139, 'current_accuracy': 0.11328125, 'current_loss': 4.766212224960327, 'train_loss': None, 'decision': 0, 'drift_rate': 0.0, 'target_domains': ['cartoon']}
Average loss over 3 updates: 3.2870
Round 141 took 0.2432405948638916s, results:
{'t': 140, 'current_accuracy': 0.11328125, 'current_loss': 4.766211748123169, 'train_loss': 3.2869674364725747, 'decision': 1, 'drift_rate': 0.0, 'target_domains': ['cartoon']}
Round 142 took 0.13104486465454102s, results:
{'t': 141, 'current_accuracy': 0.35546875, 'current_loss': 2.237411856651306, 'train_loss': None, 'decision': 0, 'drift_rate': 0.0, 'target_domains': ['cartoon']}
Round 143 took 0.13133478164672852s, results:
{'t': 142, 'current_accuracy': 0.35546875, 'current_loss': 2.237411856651306, 'train_loss': None, 'decision': 0, 'drift_rate': 0.0, 'target_domains': ['cartoon']}
Round 144 took 0.13134360313415527s, results:
{'t': 143, 'current_accuracy': 0.35546875, 'current_loss': 2.2374117374420166, 'train_loss': None, 'decision': 0, 'drift_rate': 0.0, 'target_domains': ['cartoon']}
Round 145 took 0.13127470016479492s, results:
{'t': 144, 'current_accuracy': 0.35546875, 'current_loss': 2.2374117374420166, 'train_loss': None, 'decision': 0, 'drift_rate': 0.0, 'target_domains': ['cartoon']}
Average loss over 3 updates: 2.1732
Round 146 took 0.2380061149597168s, results:
{'t': 145, 'current_accuracy': 0.35546875, 'current_loss': 2.2374117374420166, 'train_loss': 2.1732355753580728, 'decision': 1, 'drift_rate': 0.0, 'target_domains': ['cartoon']}
Round 147 took 0.13121962547302246s, results:
{'t': 146, 'current_accuracy': 0.421875, 'current_loss': 1.8996749520301819, 'train_loss': None, 'decision': 0, 'drift_rate': 0.0, 'target_domains': ['cartoon']}
Round 148 took 0.1309492588043213s, results:
{'t': 147, 'current_accuracy': 0.421875, 'current_loss': 1.8996751308441162, 'train_loss': None, 'decision': 0, 'drift_rate': 0.0, 'target_domains': ['cartoon']}
Round 149 took 0.13105225563049316s, results:
{'t': 148, 'current_accuracy': 0.421875, 'current_loss': 1.8996749520301819, 'train_loss': None, 'decision': 0, 'drift_rate': 0.0, 'target_domains': ['cartoon']}
Round 150 took 0.13147735595703125s, results:
{'t': 149, 'current_accuracy': 0.421875, 'current_loss': 1.8996750712394714, 'train_loss': None, 'decision': 0, 'drift_rate': 0.0, 'target_domains': ['cartoon']}
Round 151 took 0.13115930557250977s, results:
{'t': 150, 'current_accuracy': 0.421875, 'current_loss': 1.8996749520301819, 'train_loss': None, 'decision': 0, 'drift_rate': 0.0, 'target_domains': ['cartoon']}
Average loss over 3 updates: 1.8953
Round 152 took 0.23720192909240723s, results:
{'t': 151, 'current_accuracy': 0.421875, 'current_loss': 1.8996751308441162, 'train_loss': 1.8953391313552856, 'decision': 1, 'drift_rate': 0.0, 'target_domains': ['cartoon']}
Round 153 took 0.13109087944030762s, results:
{'t': 152, 'current_accuracy': 0.43359375, 'current_loss': 1.7386738061904907, 'train_loss': None, 'decision': 0, 'drift_rate': 0.0, 'target_domains': ['cartoon']}
Round 154 took 0.13112425804138184s, results:
{'t': 153, 'current_accuracy': 0.43359375, 'current_loss': 1.7386738061904907, 'train_loss': None, 'decision': 0, 'drift_rate': 0.0, 'target_domains': ['cartoon']}
Round 155 took 0.13124370574951172s, results:
{'t': 154, 'current_accuracy': 0.43359375, 'current_loss': 1.738673985004425, 'train_loss': None, 'decision': 0, 'drift_rate': 0.0, 'target_domains': ['cartoon']}
Round 156 took 0.13467741012573242s, results:
{'t': 155, 'current_accuracy': 0.39453125, 'current_loss': 1.8713281154632568, 'train_loss': None, 'decision': 0, 'drift_rate': 0.4, 'target_domains': ['art_painting']}
Round 157 took 0.1336359977722168s, results:
{'t': 156, 'current_accuracy': 0.3203125, 'current_loss': 2.0110210180282593, 'train_loss': None, 'decision': 0, 'drift_rate': 0.4, 'target_domains': ['art_painting']}
Round 158 took 0.1330568790435791s, results:
{'t': 157, 'current_accuracy': 0.25390625, 'current_loss': 2.027098536491394, 'train_loss': None, 'decision': 0, 'drift_rate': 0.4, 'target_domains': ['art_painting']}
Round 159 took 0.13115882873535156s, results:
{'t': 158, 'current_accuracy': 0.25390625, 'current_loss': 2.027098536491394, 'train_loss': None, 'decision': 0, 'drift_rate': 0.4, 'target_domains': ['art_painting']}
Round 160 took 0.13113141059875488s, results:
{'t': 159, 'current_accuracy': 0.25390625, 'current_loss': 2.027098536491394, 'train_loss': None, 'decision': 0, 'drift_rate': 0.4, 'target_domains': ['art_painting']}
Round 161 took 0.13065433502197266s, results:
{'t': 160, 'current_accuracy': 0.25390625, 'current_loss': 2.027098298072815, 'train_loss': None, 'decision': 0, 'drift_rate': 0.0, 'target_domains': ['art_painting']}
Round 162 took 0.13078784942626953s, results:
{'t': 161, 'current_accuracy': 0.25390625, 'current_loss': 2.027098536491394, 'train_loss': None, 'decision': 0, 'drift_rate': 0.0, 'target_domains': ['art_painting']}
Average loss over 3 updates: 2.0056
Round 163 took 0.23876738548278809s, results:
{'t': 162, 'current_accuracy': 0.25390625, 'current_loss': 2.0270984172821045, 'train_loss': 2.0056100289026895, 'decision': 1, 'drift_rate': 0.0, 'target_domains': ['art_painting']}
Round 164 took 0.13095760345458984s, results:
{'t': 163, 'current_accuracy': 0.265625, 'current_loss': 1.8316606283187866, 'train_loss': None, 'decision': 0, 'drift_rate': 0.0, 'target_domains': ['art_painting']}
Round 165 took 0.13100671768188477s, results:
{'t': 164, 'current_accuracy': 0.265625, 'current_loss': 1.831660807132721, 'train_loss': None, 'decision': 0, 'drift_rate': 0.0, 'target_domains': ['art_painting']}
Round 166 took 0.13141393661499023s, results:
{'t': 165, 'current_accuracy': 0.265625, 'current_loss': 1.8316603899002075, 'train_loss': None, 'decision': 0, 'drift_rate': 0.0, 'target_domains': ['art_painting']}
Round 167 took 0.13439297676086426s, results:
{'t': 166, 'current_accuracy': 0.265625, 'current_loss': 1.8316606283187866, 'train_loss': None, 'decision': 0, 'drift_rate': 0.0, 'target_domains': ['art_painting']}
Round 168 took 0.13158535957336426s, results:
{'t': 167, 'current_accuracy': 0.265625, 'current_loss': 1.831660807132721, 'train_loss': None, 'decision': 0, 'drift_rate': 0.0, 'target_domains': ['art_painting']}
Round 169 took 0.1306440830230713s, results:
{'t': 168, 'current_accuracy': 0.265625, 'current_loss': 1.8316607475280762, 'train_loss': None, 'decision': 0, 'drift_rate': 0.0, 'target_domains': ['art_painting']}
Average loss over 3 updates: 1.8423
Round 170 took 0.23898744583129883s, results:
{'t': 169, 'current_accuracy': 0.265625, 'current_loss': 1.8316606879234314, 'train_loss': 1.842273195584615, 'decision': 1, 'drift_rate': 0.0, 'target_domains': ['art_painting']}
Round 171 took 0.13068723678588867s, results:
{'t': 170, 'current_accuracy': 0.33984375, 'current_loss': 1.7813827395439148, 'train_loss': None, 'decision': 0, 'drift_rate': 0.0, 'target_domains': ['art_painting']}
Round 172 took 0.13065505027770996s, results:
{'t': 171, 'current_accuracy': 0.33984375, 'current_loss': 1.7813828587532043, 'train_loss': None, 'decision': 0, 'drift_rate': 0.0, 'target_domains': ['art_painting']}
Round 173 took 0.13073277473449707s, results:
{'t': 172, 'current_accuracy': 0.33984375, 'current_loss': 1.7813827395439148, 'train_loss': None, 'decision': 0, 'drift_rate': 0.0, 'target_domains': ['art_painting']}
Round 174 took 0.13058853149414062s, results:
{'t': 173, 'current_accuracy': 0.33984375, 'current_loss': 1.7813827991485596, 'train_loss': None, 'decision': 0, 'drift_rate': 0.0, 'target_domains': ['art_painting']}
Round 175 took 0.1307816505432129s, results:
{'t': 174, 'current_accuracy': 0.33984375, 'current_loss': 1.7813828587532043, 'train_loss': None, 'decision': 0, 'drift_rate': 0.0, 'target_domains': ['art_painting']}
Round 176 took 0.13063526153564453s, results:
{'t': 175, 'current_accuracy': 0.33984375, 'current_loss': 1.781382977962494, 'train_loss': None, 'decision': 0, 'drift_rate': 0.0, 'target_domains': ['art_painting']}
Average loss over 3 updates: 1.8559
Round 177 took 0.23789334297180176s, results:
{'t': 176, 'current_accuracy': 0.33984375, 'current_loss': 1.7813827395439148, 'train_loss': 1.8558745781580608, 'decision': 1, 'drift_rate': 0.0, 'target_domains': ['art_painting']}
Round 178 took 0.13160467147827148s, results:
{'t': 177, 'current_accuracy': 0.3515625, 'current_loss': 1.7582257390022278, 'train_loss': None, 'decision': 0, 'drift_rate': 0.0, 'target_domains': ['art_painting']}
Average loss over 3 updates: 1.7778
Round 179 took 0.23511743545532227s, results:
{'t': 178, 'current_accuracy': 0.3515625, 'current_loss': 1.758225679397583, 'train_loss': 1.7777922948201497, 'decision': 1, 'drift_rate': 0.0, 'target_domains': ['art_painting']}
Round 180 took 0.13095307350158691s, results:
{'t': 179, 'current_accuracy': 0.3671875, 'current_loss': 1.7166811227798462, 'train_loss': None, 'decision': 0, 'drift_rate': 0.0, 'target_domains': ['art_painting']}
Round 181 took 0.13100957870483398s, results:
{'t': 180, 'current_accuracy': 0.3671875, 'current_loss': 1.71668142080307, 'train_loss': None, 'decision': 0, 'drift_rate': 0.0, 'target_domains': ['art_painting']}
Round 182 took 0.131028413772583s, results:
{'t': 181, 'current_accuracy': 0.3671875, 'current_loss': 1.7166813611984253, 'train_loss': None, 'decision': 0, 'drift_rate': 0.0, 'target_domains': ['art_painting']}
Round 183 took 0.13080477714538574s, results:
{'t': 182, 'current_accuracy': 0.3671875, 'current_loss': 1.7166813611984253, 'train_loss': None, 'decision': 0, 'drift_rate': 0.0, 'target_domains': ['art_painting']}
Round 184 took 0.1371304988861084s, results:
{'t': 183, 'current_accuracy': 0.3671875, 'current_loss': 1.7166814804077148, 'train_loss': None, 'decision': 0, 'drift_rate': 0.0, 'target_domains': ['art_painting']}
Round 185 took 0.13080215454101562s, results:
{'t': 184, 'current_accuracy': 0.3671875, 'current_loss': 1.7166814804077148, 'train_loss': None, 'decision': 0, 'drift_rate': 0.0, 'target_domains': ['art_painting']}
Round 186 took 0.13048458099365234s, results:
{'t': 185, 'current_accuracy': 0.3671875, 'current_loss': 1.71668142080307, 'train_loss': None, 'decision': 0, 'drift_rate': 0.0, 'target_domains': ['art_painting']}
Round 187 took 0.13091015815734863s, results:
{'t': 186, 'current_accuracy': 0.3671875, 'current_loss': 1.71668142080307, 'train_loss': None, 'decision': 0, 'drift_rate': 0.0, 'target_domains': ['art_painting']}
Round 188 took 0.13107538223266602s, results:
{'t': 187, 'current_accuracy': 0.3671875, 'current_loss': 1.7166813611984253, 'train_loss': None, 'decision': 0, 'drift_rate': 0.0, 'target_domains': ['art_painting']}
Round 189 took 0.1312243938446045s, results:
{'t': 188, 'current_accuracy': 0.3671875, 'current_loss': 1.7166812419891357, 'train_loss': None, 'decision': 0, 'drift_rate': 0.0, 'target_domains': ['art_painting']}
Round 190 took 0.13107752799987793s, results:
{'t': 189, 'current_accuracy': 0.3671875, 'current_loss': 1.7166814804077148, 'train_loss': None, 'decision': 0, 'drift_rate': 0.0, 'target_domains': ['art_painting']}
Average loss over 3 updates: 1.6966
Round 191 took 0.23699736595153809s, results:
{'t': 190, 'current_accuracy': 0.3671875, 'current_loss': 1.7166813611984253, 'train_loss': 1.6966267824172974, 'decision': 1, 'drift_rate': 0.0, 'target_domains': ['art_painting']}
Average loss over 3 updates: 1.7147
Round 192 took 0.2364645004272461s, results:
{'t': 191, 'current_accuracy': 0.3828125, 'current_loss': 1.7088346481323242, 'train_loss': 1.7146752278010051, 'decision': 1, 'drift_rate': 0.0, 'target_domains': ['art_painting']}
Round 193 took 0.1311016082763672s, results:
{'t': 192, 'current_accuracy': 0.3984375, 'current_loss': 1.67259281873703, 'train_loss': None, 'decision': 0, 'drift_rate': 0.0, 'target_domains': ['art_painting']}
Average loss over 3 updates: 1.7235
Round 194 took 0.23447704315185547s, results:
{'t': 193, 'current_accuracy': 0.3984375, 'current_loss': 1.6725929975509644, 'train_loss': 1.723528265953064, 'decision': 1, 'drift_rate': 0.0, 'target_domains': ['art_painting']}
Round 195 took 0.13084673881530762s, results:
{'t': 194, 'current_accuracy': 0.3984375, 'current_loss': 1.6560182571411133, 'train_loss': None, 'decision': 0, 'drift_rate': 0.0, 'target_domains': ['art_painting']}
Round 196 took 0.13082337379455566s, results:
{'t': 195, 'current_accuracy': 0.3984375, 'current_loss': 1.6560182571411133, 'train_loss': None, 'decision': 0, 'drift_rate': 0.0, 'target_domains': ['art_painting']}
Average loss over 3 updates: 1.6603
Round 197 took 0.23400449752807617s, results:
{'t': 196, 'current_accuracy': 0.3984375, 'current_loss': 1.656018316745758, 'train_loss': 1.6602524518966675, 'decision': 1, 'drift_rate': 0.0, 'target_domains': ['art_painting']}
Round 198 took 0.13108491897583008s, results:
{'t': 197, 'current_accuracy': 0.42578125, 'current_loss': 1.626653790473938, 'train_loss': None, 'decision': 0, 'drift_rate': 0.0, 'target_domains': ['art_painting']}
Round 199 took 0.13121843338012695s, results:
{'t': 198, 'current_accuracy': 0.42578125, 'current_loss': 1.6266539692878723, 'train_loss': None, 'decision': 0, 'drift_rate': 0.0, 'target_domains': ['art_painting']}
Average loss over 3 updates: 1.7332
Round 200 took 0.24133658409118652s, results:
{'t': 199, 'current_accuracy': 0.42578125, 'current_loss': 1.6266539096832275, 'train_loss': 1.7332141002019246, 'decision': 1, 'drift_rate': 0.0, 'target_domains': ['art_painting']}
Average time per round: 0.14305171608924866
Total time: 28.61034321784973
