Using the latest cached version of the dataset since flwrlabs/pacs couldn't be found on the Hugging Face Hub
Found the latest cached dataset configuration 'default' at /home/apiasecz/.cache/huggingface/datasets/flwrlabs___pacs/default/0.0.0/394113073258ead631f617d2e13bb377c0715c4b (last modified on Wed Jan 29 16:59:35 2025).
Using the latest cached version of the dataset since flwrlabs/pacs couldn't be found on the Hugging Face Hub
Found the latest cached dataset configuration 'default' at /home/apiasecz/.cache/huggingface/datasets/flwrlabs___pacs/default/0.0.0/394113073258ead631f617d2e13bb377c0715c4b (last modified on Wed Jan 29 16:59:35 2025).
Using the latest cached version of the dataset since flwrlabs/pacs couldn't be found on the Hugging Face Hub
Found the latest cached dataset configuration 'default' at /home/apiasecz/.cache/huggingface/datasets/flwrlabs___pacs/default/0.0.0/394113073258ead631f617d2e13bb377c0715c4b (last modified on Wed Jan 29 16:59:35 2025).
Device: cuda
CUDA Version: 12.1
cuDNN Version: 8902
PyTorch Version: 2.3.0

Model used: PACSCNN
Initial dataset creation
Initial dataset creation
Initial loss: 146.21334838867188
<__main__.Policy object at 0x14937b0d0f20>
146.21334838867188
Loss historical diff: 0.0; Loss Difference: 0.0, Decision: 0
Round 1 took 3.7204689979553223s, results:
{'t': 0, 'current_accuracy': 0.21484375, 'current_loss': 139.06764221191406, 'train_loss': None, 'decision': 0, 'drift_rate': 0, 'target_domains': ['sketch']}
Loss historical diff: 2.288818359375e-05; Loss Difference: 0.0, Decision: 0
Round 2 took 3.774400472640991s, results:
{'t': 1, 'current_accuracy': 0.21484375, 'current_loss': 139.06766510009766, 'train_loss': None, 'decision': 0, 'drift_rate': 0, 'target_domains': ['sketch']}
Loss historical diff: 0.0; Loss Difference: 0.0, Decision: 0
Round 3 took 3.2803897857666016s, results:
{'t': 2, 'current_accuracy': 0.21484375, 'current_loss': 139.06764221191406, 'train_loss': None, 'decision': 0, 'drift_rate': 0, 'target_domains': ['sketch']}
Loss historical diff: 1.52587890625e-05; Loss Difference: 0.0, Decision: 0
Round 4 took 3.4648122787475586s, results:
{'t': 3, 'current_accuracy': 0.21484375, 'current_loss': 139.06765747070312, 'train_loss': None, 'decision': 0, 'drift_rate': 0, 'target_domains': ['sketch']}
Loss historical diff: 0.0; Loss Difference: 0.0, Decision: 0
Round 5 took 3.5761735439300537s, results:
{'t': 4, 'current_accuracy': 0.21484375, 'current_loss': 139.06764221191406, 'train_loss': None, 'decision': 0, 'drift_rate': 0, 'target_domains': ['sketch']}
Loss historical diff: 7.62939453125e-06; Loss Difference: 0.0, Decision: 0
Round 6 took 3.5228376388549805s, results:
{'t': 5, 'current_accuracy': 0.21484375, 'current_loss': 139.0676498413086, 'train_loss': None, 'decision': 0, 'drift_rate': 0, 'target_domains': ['sketch']}
Loss historical diff: 1.52587890625e-05; Loss Difference: 0.0, Decision: 0
Round 7 took 3.4830050468444824s, results:
{'t': 6, 'current_accuracy': 0.21484375, 'current_loss': 139.06765747070312, 'train_loss': None, 'decision': 0, 'drift_rate': 0, 'target_domains': ['sketch']}
Loss historical diff: 0.0; Loss Difference: 0.0, Decision: 0
Round 8 took 3.4174840450286865s, results:
{'t': 7, 'current_accuracy': 0.21484375, 'current_loss': 139.06764221191406, 'train_loss': None, 'decision': 0, 'drift_rate': 0, 'target_domains': ['sketch']}
Loss historical diff: 0.0; Loss Difference: 0.0, Decision: 0
Round 9 took 4.32994270324707s, results:
{'t': 8, 'current_accuracy': 0.21484375, 'current_loss': 139.06764221191406, 'train_loss': None, 'decision': 0, 'drift_rate': 0, 'target_domains': ['sketch']}
Loss historical diff: 1.52587890625e-05; Loss Difference: 0.0, Decision: 0
Round 10 took 3.6277856826782227s, results:
{'t': 9, 'current_accuracy': 0.21484375, 'current_loss': 139.06765747070312, 'train_loss': None, 'decision': 0, 'drift_rate': 0, 'target_domains': ['sketch']}
Loss historical diff: 7.62939453125e-06; Loss Difference: 0.0, Decision: 0
Round 11 took 3.1171205043792725s, results:
{'t': 10, 'current_accuracy': 0.21484375, 'current_loss': 139.0676498413086, 'train_loss': None, 'decision': 0, 'drift_rate': 0.001, 'target_domains': ['photo']}
Loss historical diff: 0.0; Loss Difference: 0.0, Decision: 0
Round 12 took 3.819150924682617s, results:
{'t': 11, 'current_accuracy': 0.21484375, 'current_loss': 139.06764221191406, 'train_loss': None, 'decision': 0, 'drift_rate': 0.001670010459667194, 'target_domains': ['sketch']}
Loss historical diff: 2.288818359375e-05; Loss Difference: 0.0, Decision: 0
Round 13 took 3.2765133380889893s, results:
{'t': 12, 'current_accuracy': 0.21484375, 'current_loss': 139.06766510009766, 'train_loss': None, 'decision': 0, 'drift_rate': 0.002338845493317048, 'target_domains': ['sketch']}
Loss historical diff: 1.52587890625e-05; Loss Difference: 0.0, Decision: 0
Round 14 took 3.392406702041626s, results:
{'t': 13, 'current_accuracy': 0.21484375, 'current_loss': 139.06765747070312, 'train_loss': None, 'decision': 0, 'drift_rate': 0.003005331737028868, 'target_domains': ['sketch']}
Loss historical diff: 7.62939453125e-06; Loss Difference: 0.0, Decision: 0
Round 15 took 3.211801052093506s, results:
{'t': 14, 'current_accuracy': 0.21484375, 'current_loss': 139.0676498413086, 'train_loss': None, 'decision': 0, 'drift_rate': 0.003668299947457636, 'target_domains': ['sketch']}
Loss historical diff: 1.52587890625e-05; Loss Difference: 0.0, Decision: 0
Round 16 took 3.198806047439575s, results:
{'t': 15, 'current_accuracy': 0.21484375, 'current_loss': 139.06765747070312, 'train_loss': None, 'decision': 0, 'drift_rate': 0.00432658705308415, 'target_domains': ['sketch']}
Loss historical diff: 0.0; Loss Difference: 0.0, Decision: 0
Round 17 took 3.2328131198883057s, results:
{'t': 16, 'current_accuracy': 0.21484375, 'current_loss': 139.06764221191406, 'train_loss': None, 'decision': 0, 'drift_rate': 0.0049790381946376765, 'target_domains': ['sketch']}
Loss historical diff: 3.0517578125e-05; Loss Difference: 0.0, Decision: 0
Round 18 took 3.327238082885742s, results:
{'t': 17, 'current_accuracy': 0.21484375, 'current_loss': 139.0676727294922, 'train_loss': None, 'decision': 0, 'drift_rate': 0.005624508751111546, 'target_domains': ['sketch']}
Loss historical diff: 2.288818359375e-05; Loss Difference: 0.0, Decision: 0
Round 19 took 3.962073564529419s, results:
{'t': 18, 'current_accuracy': 0.21484375, 'current_loss': 139.06766510009766, 'train_loss': None, 'decision': 0, 'drift_rate': 0.006261866347817332, 'target_domains': ['sketch']}
Loss historical diff: 1.52587890625e-05; Loss Difference: 0.0, Decision: 0
Round 20 took 3.380539655685425s, results:
{'t': 19, 'current_accuracy': 0.21484375, 'current_loss': 139.06765747070312, 'train_loss': None, 'decision': 0, 'drift_rate': 0.006889992842954847, 'target_domains': ['sketch']}
Loss historical diff: 0.0; Loss Difference: 0.0, Decision: 0
Round 21 took 3.234189748764038s, results:
{'t': 20, 'current_accuracy': 0.21484375, 'current_loss': 139.06764221191406, 'train_loss': None, 'decision': 0, 'drift_rate': 0.007507786289212803, 'target_domains': ['sketch']}
Loss historical diff: 3.0517578125e-05; Loss Difference: 0.0, Decision: 0
Round 22 took 3.562108039855957s, results:
{'t': 21, 'current_accuracy': 0.21484375, 'current_loss': 139.0676727294922, 'train_loss': None, 'decision': 0, 'drift_rate': 0.00811416286695884, 'target_domains': ['sketch']}
Loss historical diff: 7.62939453125e-06; Loss Difference: 0.0, Decision: 0
Round 23 took 3.348602056503296s, results:
{'t': 22, 'current_accuracy': 0.21484375, 'current_loss': 139.0676498413086, 'train_loss': None, 'decision': 0, 'drift_rate': 0.008708058785627446, 'target_domains': ['sketch']}
Loss historical diff: 1.52587890625e-05; Loss Difference: 0.0, Decision: 0
Round 24 took 3.434295892715454s, results:
{'t': 23, 'current_accuracy': 0.21484375, 'current_loss': 139.06765747070312, 'train_loss': None, 'decision': 0, 'drift_rate': 0.009288432149970084, 'target_domains': ['sketch']}
Loss historical diff: 0.0; Loss Difference: 0.0, Decision: 0
Round 25 took 3.3949551582336426s, results:
{'t': 24, 'current_accuracy': 0.21484375, 'current_loss': 139.06764221191406, 'train_loss': None, 'decision': 0, 'drift_rate': 0.009854264787893505, 'target_domains': ['sketch']}
Loss historical diff: 0.0; Loss Difference: 0.0, Decision: 0
Round 26 took 3.662320852279663s, results:
{'t': 25, 'current_accuracy': 0.21484375, 'current_loss': 139.06764221191406, 'train_loss': None, 'decision': 0, 'drift_rate': 0.01040456403667957, 'target_domains': ['sketch']}
Loss historical diff: 3.0517578125e-05; Loss Difference: 0.0, Decision: 0
Round 27 took 3.3937630653381348s, results:
{'t': 26, 'current_accuracy': 0.21484375, 'current_loss': 139.0676727294922, 'train_loss': None, 'decision': 0, 'drift_rate': 0.010938364484452966, 'target_domains': ['sketch']}
Loss historical diff: 0.0; Loss Difference: 0.0, Decision: 0
Round 28 took 3.2475881576538086s, results:
{'t': 27, 'current_accuracy': 0.21484375, 'current_loss': 139.06763458251953, 'train_loss': None, 'decision': 0, 'drift_rate': 0.011454729663841687, 'target_domains': ['sketch']}
Loss historical diff: 2.288818359375e-05; Loss Difference: 0.0, Decision: 0
Round 29 took 3.4971156120300293s, results:
{'t': 28, 'current_accuracy': 0.21484375, 'current_loss': 139.06765747070312, 'train_loss': None, 'decision': 0, 'drift_rate': 0.011952753694859018, 'target_domains': ['sketch']}
Loss historical diff: 7.62939453125e-06; Loss Difference: 0.0, Decision: 0
Round 30 took 3.622343063354492s, results:
{'t': 29, 'current_accuracy': 0.21484375, 'current_loss': 139.06764221191406, 'train_loss': None, 'decision': 0, 'drift_rate': 0.012431562874124853, 'target_domains': ['sketch']}
Loss historical diff: 7.62939453125e-06; Loss Difference: 0.0, Decision: 0
Round 31 took 3.1020076274871826s, results:
{'t': 30, 'current_accuracy': 0.21484375, 'current_loss': 139.06764221191406, 'train_loss': None, 'decision': 0, 'drift_rate': 0.012890317207638308, 'target_domains': ['sketch']}
Loss historical diff: 3.0517578125e-05; Loss Difference: 0.0, Decision: 0
Round 32 took 3.7462759017944336s, results:
{'t': 31, 'current_accuracy': 0.21484375, 'current_loss': 139.06766510009766, 'train_loss': None, 'decision': 0, 'drift_rate': 0.01332821188441263, 'target_domains': ['sketch']}
Loss historical diff: 2.288818359375e-05; Loss Difference: 0.0, Decision: 0
Round 33 took 3.8812334537506104s, results:
{'t': 32, 'current_accuracy': 0.21484375, 'current_loss': 139.06765747070312, 'train_loss': None, 'decision': 0, 'drift_rate': 0.01374447868838714, 'target_domains': ['sketch']}
Loss historical diff: 2.288818359375e-05; Loss Difference: 0.0, Decision: 0
Round 34 took 3.505133628845215s, results:
{'t': 33, 'current_accuracy': 0.21484375, 'current_loss': 139.06765747070312, 'train_loss': None, 'decision': 0, 'drift_rate': 0.014138387346139262, 'target_domains': ['sketch']}
Loss historical diff: 2.288818359375e-05; Loss Difference: 0.0, Decision: 0
Round 35 took 3.580022096633911s, results:
{'t': 34, 'current_accuracy': 0.21484375, 'current_loss': 139.06765747070312, 'train_loss': None, 'decision': 0, 'drift_rate': 0.014509246808032242, 'target_domains': ['sketch']}
Loss historical diff: 2.288818359375e-05; Loss Difference: 0.0, Decision: 0
Round 36 took 4.17766547203064s, results:
{'t': 35, 'current_accuracy': 0.21484375, 'current_loss': 139.06765747070312, 'train_loss': None, 'decision': 0, 'drift_rate': 0.01485640646055102, 'target_domains': ['sketch']}
Loss historical diff: 1.52587890625e-05; Loss Difference: 0.0, Decision: 0
Round 37 took 3.639582872390747s, results:
{'t': 36, 'current_accuracy': 0.21484375, 'current_loss': 139.0676498413086, 'train_loss': None, 'decision': 0, 'drift_rate': 0.015179257267699437, 'target_domains': ['sketch']}
Loss historical diff: 1.52587890625e-05; Loss Difference: 0.0, Decision: 0
Round 38 took 3.562230110168457s, results:
{'t': 37, 'current_accuracy': 0.21484375, 'current_loss': 139.0676498413086, 'train_loss': None, 'decision': 0, 'drift_rate': 0.015477232839456314, 'target_domains': ['sketch']}
Loss historical diff: 3.0517578125e-05; Loss Difference: 0.0, Decision: 0
Round 39 took 3.2276365756988525s, results:
{'t': 38, 'current_accuracy': 0.21484375, 'current_loss': 139.06766510009766, 'train_loss': None, 'decision': 0, 'drift_rate': 0.015749810425416007, 'target_domains': ['sketch']}
Loss historical diff: 3.814697265625e-05; Loss Difference: 0.0, Decision: 0
Round 40 took 3.2015020847320557s, results:
{'t': 39, 'current_accuracy': 0.21484375, 'current_loss': 139.0676727294922, 'train_loss': None, 'decision': 0, 'drift_rate': 0.015996511831870265, 'target_domains': ['sketch']}
Loss historical diff: 4.57763671875e-05; Loss Difference: 0.0, Decision: 0
Round 41 took 3.397589921951294s, results:
{'t': 40, 'current_accuracy': 0.21484375, 'current_loss': 139.06768035888672, 'train_loss': None, 'decision': 0, 'drift_rate': 0.016216904260722458, 'target_domains': ['sketch']}
Loss historical diff: 0.0; Loss Difference: 0.0, Decision: 0
Round 42 took 3.4147443771362305s, results:
{'t': 41, 'current_accuracy': 0.21484375, 'current_loss': 139.067626953125, 'train_loss': None, 'decision': 0, 'drift_rate': 0.01641060106876253, 'target_domains': ['sketch']}
Loss historical diff: 4.57763671875e-05; Loss Difference: 0.0, Decision: 0
Round 43 took 3.253567695617676s, results:
{'t': 42, 'current_accuracy': 0.21484375, 'current_loss': 139.0676727294922, 'train_loss': None, 'decision': 0, 'drift_rate': 0.016577262445970565, 'target_domains': ['sketch']}
Loss historical diff: 3.814697265625e-05; Loss Difference: 0.0, Decision: 0
Round 44 took 3.320387601852417s, results:
{'t': 43, 'current_accuracy': 0.21484375, 'current_loss': 139.06766510009766, 'train_loss': None, 'decision': 0, 'drift_rate': 0.016716596011659018, 'target_domains': ['sketch']}
Loss historical diff: 2.288818359375e-05; Loss Difference: 0.0, Decision: 0
Round 45 took 3.333813428878784s, results:
{'t': 44, 'current_accuracy': 0.21484375, 'current_loss': 139.0676498413086, 'train_loss': None, 'decision': 0, 'drift_rate': 0.016828357327407815, 'target_domains': ['sketch']}
Loss historical diff: 2.288818359375e-05; Loss Difference: 0.0, Decision: 0
Round 46 took 3.3564391136169434s, results:
{'t': 45, 'current_accuracy': 0.21484375, 'current_loss': 139.0676498413086, 'train_loss': None, 'decision': 0, 'drift_rate': 0.016912350325892375, 'target_domains': ['sketch']}
Loss historical diff: 3.0517578125e-05; Loss Difference: 0.0, Decision: 0
Round 47 took 3.204171657562256s, results:
{'t': 46, 'current_accuracy': 0.21484375, 'current_loss': 139.06765747070312, 'train_loss': None, 'decision': 0, 'drift_rate': 0.016968427654852347, 'target_domains': ['sketch']}
Loss historical diff: 3.0517578125e-05; Loss Difference: 0.0, Decision: 0
Round 48 took 3.366499662399292s, results:
{'t': 47, 'current_accuracy': 0.21484375, 'current_loss': 139.06765747070312, 'train_loss': None, 'decision': 0, 'drift_rate': 0.01699649093559753, 'target_domains': ['sketch']}
Loss historical diff: 3.0517578125e-05; Loss Difference: 0.0, Decision: 0
Round 49 took 3.4362313747406006s, results:
{'t': 48, 'current_accuracy': 0.21484375, 'current_loss': 139.06765747070312, 'train_loss': None, 'decision': 0, 'drift_rate': 0.01699649093559753, 'target_domains': ['sketch']}
Loss historical diff: 3.0517578125e-05; Loss Difference: 0.0, Decision: 0
Round 50 took 3.338392734527588s, results:
{'t': 49, 'current_accuracy': 0.21484375, 'current_loss': 139.06765747070312, 'train_loss': None, 'decision': 0, 'drift_rate': 0.016968427654852347, 'target_domains': ['sketch']}
Loss historical diff: 3.0517578125e-05; Loss Difference: 0.0, Decision: 0
Round 51 took 3.3655622005462646s, results:
{'t': 50, 'current_accuracy': 0.21484375, 'current_loss': 139.06765747070312, 'train_loss': None, 'decision': 0, 'drift_rate': 0.016912350325892375, 'target_domains': ['sketch']}
Loss historical diff: 3.0517578125e-05; Loss Difference: 0.0, Decision: 0
Round 52 took 3.4051098823547363s, results:
{'t': 51, 'current_accuracy': 0.21484375, 'current_loss': 139.06765747070312, 'train_loss': None, 'decision': 0, 'drift_rate': 0.016828357327407815, 'target_domains': ['sketch']}
Loss historical diff: 1.9073486328125e-05; Loss Difference: 0.0, Decision: 0
Round 53 took 3.4490129947662354s, results:
{'t': 52, 'current_accuracy': 0.21484375, 'current_loss': 139.06764602661133, 'train_loss': None, 'decision': 0, 'drift_rate': 0.01671659601165902, 'target_domains': ['sketch']}
Loss historical diff: 3.0517578125e-05; Loss Difference: 0.0, Decision: 0
Round 54 took 3.110246181488037s, results:
{'t': 53, 'current_accuracy': 0.21484375, 'current_loss': 139.06765747070312, 'train_loss': None, 'decision': 0, 'drift_rate': 0.016577262445970565, 'target_domains': ['sketch']}
Loss historical diff: 3.814697265625e-05; Loss Difference: 0.0, Decision: 0
Round 55 took 3.313063859939575s, results:
{'t': 54, 'current_accuracy': 0.21484375, 'current_loss': 139.06766510009766, 'train_loss': None, 'decision': 0, 'drift_rate': 0.01641060106876253, 'target_domains': ['sketch']}
Loss historical diff: 3.0517578125e-05; Loss Difference: 0.0, Decision: 0
Round 56 took 3.619577407836914s, results:
{'t': 55, 'current_accuracy': 0.21484375, 'current_loss': 139.06765747070312, 'train_loss': None, 'decision': 0, 'drift_rate': 0.016216904260722458, 'target_domains': ['sketch']}
Loss historical diff: 1.52587890625e-05; Loss Difference: 0.0, Decision: 0
Round 57 took 3.4559643268585205s, results:
{'t': 56, 'current_accuracy': 0.21484375, 'current_loss': 139.06764221191406, 'train_loss': None, 'decision': 0, 'drift_rate': 0.015996511831870265, 'target_domains': ['sketch']}
Loss historical diff: 3.814697265625e-05; Loss Difference: 0.0, Decision: 0
Round 58 took 3.34560489654541s, results:
{'t': 57, 'current_accuracy': 0.21484375, 'current_loss': 139.06766510009766, 'train_loss': None, 'decision': 0, 'drift_rate': 0.015749810425416007, 'target_domains': ['sketch']}
Loss historical diff: 3.0517578125e-05; Loss Difference: 0.0, Decision: 0
Round 59 took 3.331758737564087s, results:
{'t': 58, 'current_accuracy': 0.21484375, 'current_loss': 139.06765747070312, 'train_loss': None, 'decision': 0, 'drift_rate': 0.01547723283945631, 'target_domains': ['sketch']}
Loss historical diff: 3.814697265625e-05; Loss Difference: 0.0, Decision: 0
Round 60 took 3.1928093433380127s, results:
{'t': 59, 'current_accuracy': 0.21484375, 'current_loss': 139.06766510009766, 'train_loss': None, 'decision': 0, 'drift_rate': 0.015179257267699437, 'target_domains': ['sketch']}
Loss historical diff: 3.814697265625e-05; Loss Difference: 0.0, Decision: 0
Round 61 took 3.585646390914917s, results:
{'t': 60, 'current_accuracy': 0.21484375, 'current_loss': 139.06766510009766, 'train_loss': None, 'decision': 0, 'drift_rate': 0.014856406460551017, 'target_domains': ['sketch']}
Loss historical diff: 4.57763671875e-05; Loss Difference: 0.0, Decision: 0
Round 62 took 3.667994499206543s, results:
{'t': 61, 'current_accuracy': 0.21484375, 'current_loss': 139.0676727294922, 'train_loss': None, 'decision': 0, 'drift_rate': 0.014509246808032242, 'target_domains': ['sketch']}
Loss historical diff: 2.288818359375e-05; Loss Difference: 0.0, Decision: 0
Round 63 took 3.3786795139312744s, results:
{'t': 62, 'current_accuracy': 0.21484375, 'current_loss': 139.0676498413086, 'train_loss': None, 'decision': 0, 'drift_rate': 0.014138387346139265, 'target_domains': ['sketch']}
Loss historical diff: 5.340576171875e-05; Loss Difference: 0.0, Decision: 0
Round 64 took 3.4479286670684814s, results:
{'t': 63, 'current_accuracy': 0.21484375, 'current_loss': 139.06768035888672, 'train_loss': None, 'decision': 0, 'drift_rate': 0.013744478688387143, 'target_domains': ['sketch']}
Loss historical diff: 2.288818359375e-05; Loss Difference: 0.0, Decision: 0
Round 65 took 3.8722193241119385s, results:
{'t': 64, 'current_accuracy': 0.21484375, 'current_loss': 139.0676498413086, 'train_loss': None, 'decision': 0, 'drift_rate': 0.01332821188441263, 'target_domains': ['sketch']}
Loss historical diff: 2.288818359375e-05; Loss Difference: 0.0, Decision: 0
Round 66 took 3.7202494144439697s, results:
{'t': 65, 'current_accuracy': 0.21484375, 'current_loss': 139.0676498413086, 'train_loss': None, 'decision': 0, 'drift_rate': 0.012890317207638308, 'target_domains': ['sketch']}
Loss historical diff: 3.814697265625e-05; Loss Difference: 0.0, Decision: 0
Round 67 took 3.234295129776001s, results:
{'t': 66, 'current_accuracy': 0.21484375, 'current_loss': 139.06766510009766, 'train_loss': None, 'decision': 0, 'drift_rate': 0.012431562874124853, 'target_domains': ['sketch']}
Loss historical diff: 2.288818359375e-05; Loss Difference: 0.0, Decision: 0
Round 68 took 3.5634939670562744s, results:
{'t': 67, 'current_accuracy': 0.21484375, 'current_loss': 139.0676498413086, 'train_loss': None, 'decision': 0, 'drift_rate': 0.011952753694859021, 'target_domains': ['sketch']}
Loss historical diff: 3.0517578125e-05; Loss Difference: 0.0, Decision: 0
Round 69 took 3.167083740234375s, results:
{'t': 68, 'current_accuracy': 0.21484375, 'current_loss': 139.06765747070312, 'train_loss': None, 'decision': 0, 'drift_rate': 0.01145472966384169, 'target_domains': ['sketch']}
Loss historical diff: 1.52587890625e-05; Loss Difference: 0.0, Decision: 0
Round 70 took 3.1565985679626465s, results:
{'t': 69, 'current_accuracy': 0.21484375, 'current_loss': 139.06764221191406, 'train_loss': None, 'decision': 0, 'drift_rate': 0.01093836448445297, 'target_domains': ['sketch']}
Loss historical diff: 2.288818359375e-05; Loss Difference: 0.0, Decision: 0
Round 71 took 3.5908567905426025s, results:
{'t': 70, 'current_accuracy': 0.21484375, 'current_loss': 139.0676498413086, 'train_loss': None, 'decision': 0, 'drift_rate': 0.01040456403667957, 'target_domains': ['sketch']}
Loss historical diff: 2.288818359375e-05; Loss Difference: 0.0, Decision: 0
Round 72 took 3.4053306579589844s, results:
{'t': 71, 'current_accuracy': 0.21484375, 'current_loss': 139.0676498413086, 'train_loss': None, 'decision': 0, 'drift_rate': 0.009854264787893505, 'target_domains': ['sketch']}
Loss historical diff: 2.288818359375e-05; Loss Difference: 0.0, Decision: 0
Round 73 took 3.440230131149292s, results:
{'t': 72, 'current_accuracy': 0.21484375, 'current_loss': 139.0676498413086, 'train_loss': None, 'decision': 0, 'drift_rate': 0.009288432149970084, 'target_domains': ['sketch']}
Loss historical diff: 2.288818359375e-05; Loss Difference: 0.0, Decision: 0
Round 74 took 3.422875165939331s, results:
{'t': 73, 'current_accuracy': 0.21484375, 'current_loss': 139.0676498413086, 'train_loss': None, 'decision': 0, 'drift_rate': 0.008708058785627443, 'target_domains': ['sketch']}
Loss historical diff: 3.814697265625e-05; Loss Difference: 0.0, Decision: 0
Round 75 took 3.629544973373413s, results:
{'t': 74, 'current_accuracy': 0.21484375, 'current_loss': 139.06766510009766, 'train_loss': None, 'decision': 0, 'drift_rate': 0.008114162866958844, 'target_domains': ['sketch']}
Loss historical diff: 4.57763671875e-05; Loss Difference: 0.0, Decision: 0
Round 76 took 3.5071024894714355s, results:
{'t': 75, 'current_accuracy': 0.21484375, 'current_loss': 139.0676727294922, 'train_loss': None, 'decision': 0, 'drift_rate': 0.007507786289212807, 'target_domains': ['sketch']}
Loss historical diff: 3.0517578125e-05; Loss Difference: 0.0, Decision: 0
Round 77 took 3.160855293273926s, results:
{'t': 76, 'current_accuracy': 0.21484375, 'current_loss': 139.06765747070312, 'train_loss': None, 'decision': 0, 'drift_rate': 0.00688999284295485, 'target_domains': ['sketch']}
Loss historical diff: 7.62939453125e-06; Loss Difference: 0.0, Decision: 0
Round 78 took 3.4166042804718018s, results:
{'t': 77, 'current_accuracy': 0.21484375, 'current_loss': 139.06763458251953, 'train_loss': None, 'decision': 0, 'drift_rate': 0.0062618663478173344, 'target_domains': ['sketch']}
Loss historical diff: 2.288818359375e-05; Loss Difference: 0.0, Decision: 0
Round 79 took 3.3592376708984375s, results:
{'t': 78, 'current_accuracy': 0.21484375, 'current_loss': 139.0676498413086, 'train_loss': None, 'decision': 0, 'drift_rate': 0.0056245087511115465, 'target_domains': ['sketch']}
Loss historical diff: 3.0517578125e-05; Loss Difference: 0.0, Decision: 0
Round 80 took 3.4297289848327637s, results:
{'t': 79, 'current_accuracy': 0.21484375, 'current_loss': 139.06765747070312, 'train_loss': None, 'decision': 0, 'drift_rate': 0.004979038194637677, 'target_domains': ['sketch']}
Loss historical diff: 1.52587890625e-05; Loss Difference: 0.0, Decision: 0
Round 81 took 3.525667667388916s, results:
{'t': 80, 'current_accuracy': 0.21484375, 'current_loss': 139.06764221191406, 'train_loss': None, 'decision': 0, 'drift_rate': 0.004326587053084156, 'target_domains': ['sketch']}
Loss historical diff: 2.288818359375e-05; Loss Difference: 0.0, Decision: 0
Round 82 took 3.502964735031128s, results:
{'t': 81, 'current_accuracy': 0.21484375, 'current_loss': 139.0676498413086, 'train_loss': None, 'decision': 0, 'drift_rate': 0.0036682999474576348, 'target_domains': ['sketch']}
Loss historical diff: 3.0517578125e-05; Loss Difference: 0.0, Decision: 0
Round 83 took 3.658911943435669s, results:
{'t': 82, 'current_accuracy': 0.21484375, 'current_loss': 139.06765747070312, 'train_loss': None, 'decision': 0, 'drift_rate': 0.003005331737028873, 'target_domains': ['sketch']}
Loss historical diff: 3.0517578125e-05; Loss Difference: 0.0, Decision: 0
Round 84 took 3.6739327907562256s, results:
{'t': 83, 'current_accuracy': 0.21484375, 'current_loss': 139.06765747070312, 'train_loss': None, 'decision': 0, 'drift_rate': 0.0023388454933170517, 'target_domains': ['sketch']}
Loss historical diff: 2.288818359375e-05; Loss Difference: 0.0, Decision: 0
Round 85 took 3.960204839706421s, results:
{'t': 84, 'current_accuracy': 0.21484375, 'current_loss': 139.0676498413086, 'train_loss': None, 'decision': 0, 'drift_rate': 0.001670010459667197, 'target_domains': ['sketch']}
Loss historical diff: 3.0517578125e-05; Loss Difference: 0.0, Decision: 0
Round 86 took 3.847515344619751s, results:
{'t': 85, 'current_accuracy': 0.21484375, 'current_loss': 139.06765747070312, 'train_loss': None, 'decision': 0, 'drift_rate': 0.001000000000000002, 'target_domains': ['photo']}
Loss historical diff: 7.62939453125e-06; Loss Difference: 0.0, Decision: 0
Round 87 took 3.6400153636932373s, results:
{'t': 86, 'current_accuracy': 0.21484375, 'current_loss': 139.06763458251953, 'train_loss': None, 'decision': 0, 'drift_rate': 0.001670010459667186, 'target_domains': ['photo']}
Loss historical diff: 3.814697265625e-05; Loss Difference: 0.0, Decision: 0
Round 88 took 3.801332950592041s, results:
{'t': 87, 'current_accuracy': 0.21484375, 'current_loss': 139.06766510009766, 'train_loss': None, 'decision': 0, 'drift_rate': 0.002338845493317048, 'target_domains': ['photo']}
Loss historical diff: 3.0517578125e-05; Loss Difference: 0.0, Decision: 0
Round 89 took 3.221442461013794s, results:
{'t': 88, 'current_accuracy': 0.21484375, 'current_loss': 139.06765747070312, 'train_loss': None, 'decision': 0, 'drift_rate': 0.0030053317370288615, 'target_domains': ['photo']}
Loss historical diff: 3.0517578125e-05; Loss Difference: 0.0, Decision: 0
Round 90 took 3.660205841064453s, results:
{'t': 89, 'current_accuracy': 0.21484375, 'current_loss': 139.06765747070312, 'train_loss': None, 'decision': 0, 'drift_rate': 0.003668299947457638, 'target_domains': ['photo']}
Loss historical diff: 0.01718902587890625; Loss Difference: 0.0, Decision: 0
Round 91 took 3.1844725608825684s, results:
{'t': 90, 'current_accuracy': 0.21484375, 'current_loss': 139.0848159790039, 'train_loss': None, 'decision': 0, 'drift_rate': 0.0043265870530841445, 'target_domains': ['photo']}
Loss historical diff: 0.0; Loss Difference: 0.0, Decision: 0
Round 92 took 3.474015712738037s, results:
{'t': 91, 'current_accuracy': 0.21484375, 'current_loss': 138.43204498291016, 'train_loss': None, 'decision': 0, 'drift_rate': 0.004979038194637673, 'target_domains': ['photo']}
Loss historical diff: 0.0; Loss Difference: 0.0, Decision: 0
Round 93 took 3.6480205059051514s, results:
{'t': 92, 'current_accuracy': 0.21875, 'current_loss': 138.07625579833984, 'train_loss': None, 'decision': 0, 'drift_rate': 0.005624508751111536, 'target_domains': ['photo']}
Loss historical diff: 0.0; Loss Difference: 0.0, Decision: 0
Round 94 took 3.3995299339294434s, results:
{'t': 93, 'current_accuracy': 0.21875, 'current_loss': 137.44945526123047, 'train_loss': None, 'decision': 0, 'drift_rate': 0.006261866347817337, 'target_domains': ['photo']}
Loss historical diff: 0.0; Loss Difference: 0.0, Decision: 0
Round 95 took 3.6111233234405518s, results:
{'t': 94, 'current_accuracy': 0.21875, 'current_loss': 137.1766815185547, 'train_loss': None, 'decision': 0, 'drift_rate': 0.006889992842954847, 'target_domains': ['photo']}
Loss historical diff: 0.0; Loss Difference: 0.0, Decision: 0
Round 96 took 3.734326124191284s, results:
{'t': 95, 'current_accuracy': 0.21875, 'current_loss': 136.563232421875, 'train_loss': None, 'decision': 0, 'drift_rate': 0.007507786289212804, 'target_domains': ['photo']}
Loss historical diff: 0.0; Loss Difference: 0.0, Decision: 0
Round 97 took 3.584599733352661s, results:
{'t': 96, 'current_accuracy': 0.21875, 'current_loss': 136.19761657714844, 'train_loss': None, 'decision': 0, 'drift_rate': 0.008114162866958834, 'target_domains': ['photo']}
Loss historical diff: 0.0; Loss Difference: 0.0, Decision: 0
Round 98 took 3.287166118621826s, results:
{'t': 97, 'current_accuracy': 0.21484375, 'current_loss': 135.97931671142578, 'train_loss': None, 'decision': 0, 'drift_rate': 0.00870805878562744, 'target_domains': ['photo']}
Loss historical diff: 0.26761627197265625; Loss Difference: 0.0, Decision: 0
Round 99 took 3.394688367843628s, results:
{'t': 98, 'current_accuracy': 0.2109375, 'current_loss': 136.24693298339844, 'train_loss': None, 'decision': 0, 'drift_rate': 0.009288432149970074, 'target_domains': ['photo']}
Loss historical diff: 0.0; Loss Difference: 0.0, Decision: 0
Round 100 took 3.253222942352295s, results:
{'t': 99, 'current_accuracy': 0.20703125, 'current_loss': 135.9458465576172, 'train_loss': None, 'decision': 0, 'drift_rate': 0.009854264787893509, 'target_domains': ['photo']}
Loss historical diff: 0.0; Loss Difference: 0.0, Decision: 0
Round 101 took 3.4845283031463623s, results:
{'t': 100, 'current_accuracy': 0.203125, 'current_loss': 135.61576080322266, 'train_loss': None, 'decision': 0, 'drift_rate': 0.010404564036679567, 'target_domains': ['photo']}
Loss historical diff: 0.0; Loss Difference: 0.0, Decision: 0
Round 102 took 3.363987922668457s, results:
{'t': 101, 'current_accuracy': 0.203125, 'current_loss': 135.42473602294922, 'train_loss': None, 'decision': 0, 'drift_rate': 0.010938364484452966, 'target_domains': ['photo']}
Loss historical diff: 0.0; Loss Difference: 0.0, Decision: 0
Round 103 took 3.2102558612823486s, results:
{'t': 102, 'current_accuracy': 0.203125, 'current_loss': 134.6373519897461, 'train_loss': None, 'decision': 0, 'drift_rate': 0.01145472966384168, 'target_domains': ['photo']}
Loss historical diff: 0.0; Loss Difference: 0.0, Decision: 0
Round 104 took 3.274265766143799s, results:
{'t': 103, 'current_accuracy': 0.19921875, 'current_loss': 134.36644744873047, 'train_loss': None, 'decision': 0, 'drift_rate': 0.011952753694859014, 'target_domains': ['photo']}
Loss historical diff: 0.0; Loss Difference: 0.0, Decision: 0
Round 105 took 3.6394951343536377s, results:
{'t': 104, 'current_accuracy': 0.19921875, 'current_loss': 132.68383026123047, 'train_loss': None, 'decision': 0, 'drift_rate': 0.012431562874124856, 'target_domains': ['photo']}
Loss historical diff: 0.0; Loss Difference: 0.0, Decision: 0
Round 106 took 3.685929536819458s, results:
{'t': 105, 'current_accuracy': 0.1953125, 'current_loss': 132.06163787841797, 'train_loss': None, 'decision': 0, 'drift_rate': 0.012890317207638311, 'target_domains': ['photo']}
Loss historical diff: 0.0; Loss Difference: 0.0, Decision: 0
Round 107 took 3.7067785263061523s, results:
{'t': 106, 'current_accuracy': 0.1953125, 'current_loss': 130.96430587768555, 'train_loss': None, 'decision': 0, 'drift_rate': 0.01332821188441263, 'target_domains': ['photo']}
Loss historical diff: 0.0; Loss Difference: 0.0, Decision: 0
Round 108 took 3.425454616546631s, results:
{'t': 107, 'current_accuracy': 0.19140625, 'current_loss': 130.06311416625977, 'train_loss': None, 'decision': 0, 'drift_rate': 0.013744478688387136, 'target_domains': ['photo']}
Loss historical diff: 0.0; Loss Difference: 0.0, Decision: 0
Round 109 took 3.2516579627990723s, results:
{'t': 108, 'current_accuracy': 0.19140625, 'current_loss': 129.64138793945312, 'train_loss': None, 'decision': 0, 'drift_rate': 0.014138387346139258, 'target_domains': ['photo']}
Loss historical diff: 0.0; Loss Difference: 0.0, Decision: 0
Round 110 took 3.3111915588378906s, results:
{'t': 109, 'current_accuracy': 0.19140625, 'current_loss': 128.64391708374023, 'train_loss': None, 'decision': 0, 'drift_rate': 0.014509246808032245, 'target_domains': ['photo']}
Loss historical diff: 0.0; Loss Difference: 0.0, Decision: 0
Round 111 took 3.9590415954589844s, results:
{'t': 110, 'current_accuracy': 0.19140625, 'current_loss': 128.20601272583008, 'train_loss': None, 'decision': 0, 'drift_rate': 0.01485640646055102, 'target_domains': ['photo']}
Loss historical diff: 0.0; Loss Difference: 0.0, Decision: 0
Round 112 took 3.9149129390716553s, results:
{'t': 111, 'current_accuracy': 0.1875, 'current_loss': 127.89668655395508, 'train_loss': None, 'decision': 0, 'drift_rate': 0.015179257267699434, 'target_domains': ['photo']}
Loss historical diff: 0.0; Loss Difference: 0.0, Decision: 0
Round 113 took 3.3365156650543213s, results:
{'t': 112, 'current_accuracy': 0.1875, 'current_loss': 126.4023551940918, 'train_loss': None, 'decision': 0, 'drift_rate': 0.01547723283945631, 'target_domains': ['photo']}
Loss historical diff: 0.0; Loss Difference: 0.0, Decision: 0
Round 114 took 3.2162837982177734s, results:
{'t': 113, 'current_accuracy': 0.1875, 'current_loss': 124.96878433227539, 'train_loss': None, 'decision': 0, 'drift_rate': 0.015749810425416007, 'target_domains': ['photo']}
Loss historical diff: 0.0; Loss Difference: 0.0, Decision: 0
Round 115 took 3.394160747528076s, results:
{'t': 114, 'current_accuracy': 0.18359375, 'current_loss': 124.60418319702148, 'train_loss': None, 'decision': 0, 'drift_rate': 0.015996511831870265, 'target_domains': ['photo']}
Loss historical diff: 0.0; Loss Difference: 0.0, Decision: 0
Round 116 took 3.353668212890625s, results:
{'t': 115, 'current_accuracy': 0.1796875, 'current_loss': 123.25845336914062, 'train_loss': None, 'decision': 0, 'drift_rate': 0.016216904260722458, 'target_domains': ['photo']}
Loss historical diff: 0.0; Loss Difference: 0.0, Decision: 0
Round 117 took 3.8478517532348633s, results:
{'t': 116, 'current_accuracy': 0.1796875, 'current_loss': 121.66568756103516, 'train_loss': None, 'decision': 0, 'drift_rate': 0.01641060106876253, 'target_domains': ['photo']}
Loss historical diff: 0.0; Loss Difference: 0.0, Decision: 0
Round 118 took 3.3051652908325195s, results:
{'t': 117, 'current_accuracy': 0.17578125, 'current_loss': 120.39460754394531, 'train_loss': None, 'decision': 0, 'drift_rate': 0.016577262445970565, 'target_domains': ['photo']}
Loss historical diff: 0.0; Loss Difference: 0.0, Decision: 0
Round 119 took 3.6878132820129395s, results:
{'t': 118, 'current_accuracy': 0.17578125, 'current_loss': 118.450439453125, 'train_loss': None, 'decision': 0, 'drift_rate': 0.01671659601165902, 'target_domains': ['photo']}
Loss historical diff: 0.0; Loss Difference: 0.0, Decision: 0
Round 120 took 3.936649799346924s, results:
{'t': 119, 'current_accuracy': 0.171875, 'current_loss': 117.91267013549805, 'train_loss': None, 'decision': 0, 'drift_rate': 0.01682835732740781, 'target_domains': ['photo']}
Loss historical diff: 0.0; Loss Difference: 0.0, Decision: 0
Round 121 took 3.854849338531494s, results:
{'t': 120, 'current_accuracy': 0.16796875, 'current_loss': 116.21096801757812, 'train_loss': None, 'decision': 0, 'drift_rate': 0.016912350325892375, 'target_domains': ['photo']}
Loss historical diff: 0.0; Loss Difference: 0.0, Decision: 0
Round 122 took 3.8746559619903564s, results:
{'t': 121, 'current_accuracy': 0.16796875, 'current_loss': 115.02273178100586, 'train_loss': None, 'decision': 0, 'drift_rate': 0.016968427654852347, 'target_domains': ['photo']}
Loss historical diff: 0.0; Loss Difference: 0.0, Decision: 0
Round 123 took 3.185096263885498s, results:
{'t': 122, 'current_accuracy': 0.16796875, 'current_loss': 114.14780807495117, 'train_loss': None, 'decision': 0, 'drift_rate': 0.01699649093559753, 'target_domains': ['photo']}
Loss historical diff: 0.0; Loss Difference: 0.0, Decision: 0
Round 124 took 3.1712098121643066s, results:
{'t': 123, 'current_accuracy': 0.16015625, 'current_loss': 114.03659057617188, 'train_loss': None, 'decision': 0, 'drift_rate': 0.01699649093559753, 'target_domains': ['photo']}
Loss historical diff: 0.0; Loss Difference: 0.0, Decision: 0
Round 125 took 3.8382091522216797s, results:
{'t': 124, 'current_accuracy': 0.16015625, 'current_loss': 113.64652252197266, 'train_loss': None, 'decision': 0, 'drift_rate': 0.016968427654852347, 'target_domains': ['photo']}
Loss historical diff: 0.0; Loss Difference: 0.0, Decision: 0
Round 126 took 3.749988079071045s, results:
{'t': 125, 'current_accuracy': 0.16015625, 'current_loss': 112.02711868286133, 'train_loss': None, 'decision': 0, 'drift_rate': 0.016912350325892375, 'target_domains': ['photo']}
Loss historical diff: 0.0; Loss Difference: 0.0, Decision: 0
Round 127 took 3.520324468612671s, results:
{'t': 126, 'current_accuracy': 0.15625, 'current_loss': 111.0226058959961, 'train_loss': None, 'decision': 0, 'drift_rate': 0.016828357327407815, 'target_domains': ['photo']}
Loss historical diff: 0.0; Loss Difference: 0.0, Decision: 0
Round 128 took 3.613457441329956s, results:
{'t': 127, 'current_accuracy': 0.15234375, 'current_loss': 109.39742660522461, 'train_loss': None, 'decision': 0, 'drift_rate': 0.01671659601165902, 'target_domains': ['photo']}
Loss historical diff: 0.0; Loss Difference: 0.0, Decision: 0
Round 129 took 3.5873916149139404s, results:
{'t': 128, 'current_accuracy': 0.1484375, 'current_loss': 108.85958099365234, 'train_loss': None, 'decision': 0, 'drift_rate': 0.016577262445970565, 'target_domains': ['photo']}
Loss historical diff: 0.0; Loss Difference: 0.0, Decision: 0
Round 130 took 3.5462422370910645s, results:
{'t': 129, 'current_accuracy': 0.14453125, 'current_loss': 107.50345611572266, 'train_loss': None, 'decision': 0, 'drift_rate': 0.01641060106876253, 'target_domains': ['photo']}
Loss historical diff: 0.0; Loss Difference: 0.0, Decision: 0
Round 131 took 3.616011142730713s, results:
{'t': 130, 'current_accuracy': 0.140625, 'current_loss': 106.92474746704102, 'train_loss': None, 'decision': 0, 'drift_rate': 0.016216904260722458, 'target_domains': ['photo']}
Loss historical diff: 0.0; Loss Difference: 0.0, Decision: 0
Round 132 took 3.3415188789367676s, results:
{'t': 131, 'current_accuracy': 0.140625, 'current_loss': 105.21500778198242, 'train_loss': None, 'decision': 0, 'drift_rate': 0.015996511831870265, 'target_domains': ['photo']}
Loss historical diff: 0.0; Loss Difference: 0.0, Decision: 0
Round 133 took 3.590379476547241s, results:
{'t': 132, 'current_accuracy': 0.140625, 'current_loss': 104.54712295532227, 'train_loss': None, 'decision': 0, 'drift_rate': 0.015749810425416007, 'target_domains': ['photo']}
Loss historical diff: 0.0; Loss Difference: 0.0, Decision: 0
Round 134 took 3.5694785118103027s, results:
{'t': 133, 'current_accuracy': 0.13671875, 'current_loss': 103.71451568603516, 'train_loss': None, 'decision': 0, 'drift_rate': 0.015477232839456314, 'target_domains': ['photo']}
Loss historical diff: 0.0; Loss Difference: 0.0, Decision: 0
Round 135 took 3.984804153442383s, results:
{'t': 134, 'current_accuracy': 0.1328125, 'current_loss': 103.18872833251953, 'train_loss': None, 'decision': 0, 'drift_rate': 0.015179257267699437, 'target_domains': ['photo']}
Loss historical diff: 0.026214599609375; Loss Difference: 0.0, Decision: 0
Round 136 took 3.689880609512329s, results:
{'t': 135, 'current_accuracy': 0.12890625, 'current_loss': 103.2149429321289, 'train_loss': None, 'decision': 0, 'drift_rate': 0.014856406460551023, 'target_domains': ['photo']}
Loss historical diff: 0.0; Loss Difference: 0.0, Decision: 0
Round 137 took 3.4542267322540283s, results:
{'t': 136, 'current_accuracy': 0.125, 'current_loss': 102.35289001464844, 'train_loss': None, 'decision': 0, 'drift_rate': 0.014509246808032238, 'target_domains': ['photo']}
Loss historical diff: 0.0; Loss Difference: 0.0, Decision: 0
Round 138 took 3.350100040435791s, results:
{'t': 137, 'current_accuracy': 0.12890625, 'current_loss': 101.61246871948242, 'train_loss': None, 'decision': 0, 'drift_rate': 0.014138387346139262, 'target_domains': ['photo']}
Loss historical diff: 0.9038314819335938; Loss Difference: 0.0, Decision: 0
Round 139 took 3.16174054145813s, results:
{'t': 138, 'current_accuracy': 0.1171875, 'current_loss': 102.51630020141602, 'train_loss': None, 'decision': 0, 'drift_rate': 0.013744478688387147, 'target_domains': ['photo']}
Loss historical diff: 0.0; Loss Difference: 0.0, Decision: 0
Round 140 took 3.4286694526672363s, results:
{'t': 139, 'current_accuracy': 0.12109375, 'current_loss': 101.17703628540039, 'train_loss': None, 'decision': 0, 'drift_rate': 0.013328211884412633, 'target_domains': ['photo']}
Loss historical diff: 0.0; Loss Difference: 0.0, Decision: 0
Round 141 took 3.4524168968200684s, results:
{'t': 140, 'current_accuracy': 0.12109375, 'current_loss': 100.2757453918457, 'train_loss': None, 'decision': 0, 'drift_rate': 0.012890317207638315, 'target_domains': ['photo']}
Loss historical diff: 0.3807868957519531; Loss Difference: 0.0, Decision: 0
Round 142 took 3.706083059310913s, results:
{'t': 141, 'current_accuracy': 0.1171875, 'current_loss': 100.65653228759766, 'train_loss': None, 'decision': 0, 'drift_rate': 0.012431562874124849, 'target_domains': ['photo']}
Loss historical diff: 0.0; Loss Difference: 0.0, Decision: 0
Round 143 took 3.289496660232544s, results:
{'t': 142, 'current_accuracy': 0.11328125, 'current_loss': 99.93045043945312, 'train_loss': None, 'decision': 0, 'drift_rate': 0.011952753694859024, 'target_domains': ['photo']}
Loss historical diff: 0.0; Loss Difference: 0.0, Decision: 0
Round 144 took 3.78070330619812s, results:
{'t': 143, 'current_accuracy': 0.11328125, 'current_loss': 99.2808952331543, 'train_loss': None, 'decision': 0, 'drift_rate': 0.01145472966384169, 'target_domains': ['photo']}
Loss historical diff: 0.0; Loss Difference: 0.0, Decision: 0
Round 145 took 3.440122365951538s, results:
{'t': 144, 'current_accuracy': 0.11328125, 'current_loss': 98.8664436340332, 'train_loss': None, 'decision': 0, 'drift_rate': 0.01093836448445297, 'target_domains': ['photo']}
Loss historical diff: 0.0; Loss Difference: 0.0, Decision: 0
Round 146 took 3.4959444999694824s, results:
{'t': 145, 'current_accuracy': 0.11328125, 'current_loss': 97.91024017333984, 'train_loss': None, 'decision': 0, 'drift_rate': 0.010404564036679574, 'target_domains': ['photo']}
Loss historical diff: 0.0; Loss Difference: 0.0, Decision: 0
Round 147 took 3.265129566192627s, results:
{'t': 146, 'current_accuracy': 0.1171875, 'current_loss': 96.59439086914062, 'train_loss': None, 'decision': 0, 'drift_rate': 0.009854264787893509, 'target_domains': ['photo']}
Loss historical diff: 0.4761772155761719; Loss Difference: 0.0, Decision: 0
Round 148 took 3.4687535762786865s, results:
{'t': 147, 'current_accuracy': 0.109375, 'current_loss': 97.0705680847168, 'train_loss': None, 'decision': 0, 'drift_rate': 0.009288432149970084, 'target_domains': ['photo']}
Loss historical diff: 0.0; Loss Difference: 0.0, Decision: 0
Round 149 took 3.1920065879821777s, results:
{'t': 148, 'current_accuracy': 0.109375, 'current_loss': 95.89739608764648, 'train_loss': None, 'decision': 0, 'drift_rate': 0.008708058785627446, 'target_domains': ['photo']}
Loss historical diff: 0.036357879638671875; Loss Difference: 0.0, Decision: 0
Round 150 took 3.371272325515747s, results:
{'t': 149, 'current_accuracy': 0.109375, 'current_loss': 95.93375396728516, 'train_loss': None, 'decision': 0, 'drift_rate': 0.00811416286695884, 'target_domains': ['photo']}
Loss historical diff: 0.0; Loss Difference: 0.0, Decision: 0
Round 151 took 3.569164991378784s, results:
{'t': 150, 'current_accuracy': 0.109375, 'current_loss': 95.6365966796875, 'train_loss': None, 'decision': 0, 'drift_rate': 0.007507786289212815, 'target_domains': ['photo']}
Loss historical diff: 0.0; Loss Difference: 0.0, Decision: 0
Round 152 took 3.1789824962615967s, results:
{'t': 151, 'current_accuracy': 0.109375, 'current_loss': 95.59870529174805, 'train_loss': None, 'decision': 0, 'drift_rate': 0.006889992842954859, 'target_domains': ['photo']}
Loss historical diff: 0.0; Loss Difference: 0.0, Decision: 0
Round 153 took 3.623234748840332s, results:
{'t': 152, 'current_accuracy': 0.109375, 'current_loss': 95.40805435180664, 'train_loss': None, 'decision': 0, 'drift_rate': 0.006261866347817329, 'target_domains': ['photo']}
Loss historical diff: 0.21789169311523438; Loss Difference: 0.0, Decision: 0
Round 154 took 4.004159688949585s, results:
{'t': 153, 'current_accuracy': 0.109375, 'current_loss': 95.62594604492188, 'train_loss': None, 'decision': 0, 'drift_rate': 0.005624508751111541, 'target_domains': ['photo']}
Loss historical diff: 0.0; Loss Difference: 0.0, Decision: 0
Round 155 took 3.6193888187408447s, results:
{'t': 154, 'current_accuracy': 0.109375, 'current_loss': 95.0546989440918, 'train_loss': None, 'decision': 0, 'drift_rate': 0.004979038194637686, 'target_domains': ['photo']}
Loss historical diff: 0.0; Loss Difference: 0.0, Decision: 0
Round 156 took 3.2547249794006348s, results:
{'t': 155, 'current_accuracy': 0.109375, 'current_loss': 94.48319244384766, 'train_loss': None, 'decision': 0, 'drift_rate': 0.004326587053084158, 'target_domains': ['photo']}
Loss historical diff: 1.1444091796875e-05; Loss Difference: 0.0, Decision: 0
Round 157 took 3.468628168106079s, results:
{'t': 156, 'current_accuracy': 0.109375, 'current_loss': 94.48320388793945, 'train_loss': None, 'decision': 0, 'drift_rate': 0.003668299947457644, 'target_domains': ['photo']}
Loss historical diff: 1.1444091796875e-05; Loss Difference: 0.0, Decision: 0
Round 158 took 3.6011409759521484s, results:
{'t': 157, 'current_accuracy': 0.109375, 'current_loss': 94.48320388793945, 'train_loss': None, 'decision': 0, 'drift_rate': 0.0030053317370288607, 'target_domains': ['photo']}
Loss historical diff: 0.0; Loss Difference: 0.0, Decision: 0
Round 159 took 3.466294050216675s, results:
{'t': 158, 'current_accuracy': 0.109375, 'current_loss': 94.48318862915039, 'train_loss': None, 'decision': 0, 'drift_rate': 0.002338845493317054, 'target_domains': ['photo']}
Loss historical diff: 0.0; Loss Difference: 0.0, Decision: 0
Round 160 took 3.2343366146087646s, results:
{'t': 159, 'current_accuracy': 0.109375, 'current_loss': 94.48318481445312, 'train_loss': None, 'decision': 0, 'drift_rate': 0.0016700104596671988, 'target_domains': ['photo']}
Loss historical diff: 0.0; Loss Difference: 0.0, Decision: 0
Round 161 took 3.4479904174804688s, results:
{'t': 160, 'current_accuracy': 0.109375, 'current_loss': 94.4831771850586, 'train_loss': None, 'decision': 0, 'drift_rate': 0.001000000000000004, 'target_domains': ['photo']}
Loss historical diff: 1.52587890625e-05; Loss Difference: 0.0, Decision: 0
Round 162 took 3.1287407875061035s, results:
{'t': 161, 'current_accuracy': 0.109375, 'current_loss': 94.48319244384766, 'train_loss': None, 'decision': 0, 'drift_rate': 0.001670010459667191, 'target_domains': ['sketch']}
Loss historical diff: 1.9073486328125e-05; Loss Difference: 0.0, Decision: 0
Round 163 took 3.26841402053833s, results:
{'t': 162, 'current_accuracy': 0.109375, 'current_loss': 94.48319625854492, 'train_loss': None, 'decision': 0, 'drift_rate': 0.0023388454933170317, 'target_domains': ['sketch']}
Loss historical diff: 2.6702880859375e-05; Loss Difference: 0.0, Decision: 0
Round 164 took 3.566420078277588s, results:
{'t': 163, 'current_accuracy': 0.109375, 'current_loss': 94.48320388793945, 'train_loss': None, 'decision': 0, 'drift_rate': 0.0030053317370288667, 'target_domains': ['sketch']}
Loss historical diff: 2.288818359375e-05; Loss Difference: 0.0, Decision: 0
Round 165 took 3.6391773223876953s, results:
{'t': 164, 'current_accuracy': 0.109375, 'current_loss': 94.48320007324219, 'train_loss': None, 'decision': 0, 'drift_rate': 0.003668299947457636, 'target_domains': ['sketch']}
Loss historical diff: 0.5680313110351562; Loss Difference: 0.0, Decision: 0
Round 166 took 3.2328357696533203s, results:
{'t': 165, 'current_accuracy': 0.109375, 'current_loss': 95.05120849609375, 'train_loss': None, 'decision': 0, 'drift_rate': 0.00432658705308415, 'target_domains': ['sketch']}
Loss historical diff: 1.3482589721679688; Loss Difference: 0.0, Decision: 0
Round 167 took 3.4319396018981934s, results:
{'t': 166, 'current_accuracy': 0.109375, 'current_loss': 95.83143615722656, 'train_loss': None, 'decision': 0, 'drift_rate': 0.004979038194637664, 'target_domains': ['sketch']}
Loss historical diff: 1.9578208923339844; Loss Difference: 0.0, Decision: 0
Round 168 took 3.7597768306732178s, results:
{'t': 167, 'current_accuracy': 0.109375, 'current_loss': 96.44099807739258, 'train_loss': None, 'decision': 0, 'drift_rate': 0.005624508751111534, 'target_domains': ['sketch']}
Loss historical diff: 1.7293434143066406; Loss Difference: 0.0, Decision: 0
Round 169 took 3.8249971866607666s, results:
{'t': 168, 'current_accuracy': 0.11328125, 'current_loss': 96.21252059936523, 'train_loss': None, 'decision': 0, 'drift_rate': 0.006261866347817335, 'target_domains': ['sketch']}
Loss historical diff: 1.9123649597167969; Loss Difference: 0.0, Decision: 0
Round 170 took 3.827263593673706s, results:
{'t': 169, 'current_accuracy': 0.11328125, 'current_loss': 96.39554214477539, 'train_loss': None, 'decision': 0, 'drift_rate': 0.006889992842954851, 'target_domains': ['sketch']}
Loss historical diff: 1.5755233764648438; Loss Difference: 0.0, Decision: 0
Round 171 took 3.43881893157959s, results:
{'t': 170, 'current_accuracy': 0.1171875, 'current_loss': 96.05870056152344, 'train_loss': None, 'decision': 0, 'drift_rate': 0.007507786289212796, 'target_domains': ['sketch']}
Loss historical diff: 1.9066581726074219; Loss Difference: 0.0, Decision: 0
Round 172 took 3.622694492340088s, results:
{'t': 171, 'current_accuracy': 0.12109375, 'current_loss': 96.38983535766602, 'train_loss': None, 'decision': 0, 'drift_rate': 0.008114162866958832, 'target_domains': ['sketch']}
Loss historical diff: 2.249469757080078; Loss Difference: 0.0, Decision: 0
Round 173 took 3.306798219680786s, results:
{'t': 172, 'current_accuracy': 0.1171875, 'current_loss': 96.73264694213867, 'train_loss': None, 'decision': 0, 'drift_rate': 0.00870805878562744, 'target_domains': ['sketch']}
Loss historical diff: 3.6764183044433594; Loss Difference: 0.0, Decision: 0
Round 174 took 3.690487861633301s, results:
{'t': 173, 'current_accuracy': 0.11328125, 'current_loss': 98.15959548950195, 'train_loss': None, 'decision': 0, 'drift_rate': 0.009288432149970077, 'target_domains': ['sketch']}
Loss historical diff: 4.365055084228516; Loss Difference: 0.0, Decision: 0
Round 175 took 3.7189385890960693s, results:
{'t': 174, 'current_accuracy': 0.11328125, 'current_loss': 98.84823226928711, 'train_loss': None, 'decision': 0, 'drift_rate': 0.009854264787893492, 'target_domains': ['sketch']}
Loss historical diff: 5.236473083496094; Loss Difference: 0.0, Decision: 0
Round 176 took 3.585618495941162s, results:
{'t': 175, 'current_accuracy': 0.11328125, 'current_loss': 99.71965026855469, 'train_loss': None, 'decision': 0, 'drift_rate': 0.010404564036679553, 'target_domains': ['sketch']}
Loss historical diff: 5.662162780761719; Loss Difference: 0.0, Decision: 0
Round 177 took 3.5247602462768555s, results:
{'t': 176, 'current_accuracy': 0.11328125, 'current_loss': 100.14533996582031, 'train_loss': None, 'decision': 0, 'drift_rate': 0.010938364484452973, 'target_domains': ['sketch']}
Loss historical diff: 7.064006805419922; Loss Difference: 0.0, Decision: 0
Round 178 took 3.812469959259033s, results:
{'t': 177, 'current_accuracy': 0.11328125, 'current_loss': 101.54718399047852, 'train_loss': None, 'decision': 0, 'drift_rate': 0.011454729663841687, 'target_domains': ['sketch']}
Loss historical diff: 7.6043548583984375; Loss Difference: 0.0, Decision: 0
Round 179 took 4.050545930862427s, results:
{'t': 178, 'current_accuracy': 0.1171875, 'current_loss': 102.08753204345703, 'train_loss': None, 'decision': 0, 'drift_rate': 0.011952753694859018, 'target_domains': ['sketch']}
Loss historical diff: 8.199573516845703; Loss Difference: 0.0, Decision: 0
Round 180 took 3.5090184211730957s, results:
{'t': 179, 'current_accuracy': 0.12109375, 'current_loss': 102.6827507019043, 'train_loss': None, 'decision': 0, 'drift_rate': 0.012431562874124853, 'target_domains': ['sketch']}
Loss historical diff: 9.450431823730469; Loss Difference: 0.0, Decision: 0
Round 181 took 3.631410598754883s, results:
{'t': 180, 'current_accuracy': 0.12109375, 'current_loss': 103.93360900878906, 'train_loss': None, 'decision': 0, 'drift_rate': 0.012890317207638308, 'target_domains': ['sketch']}
Loss historical diff: 9.586551666259766; Loss Difference: 0.0, Decision: 0
Round 182 took 3.5702226161956787s, results:
{'t': 181, 'current_accuracy': 0.125, 'current_loss': 104.06972885131836, 'train_loss': None, 'decision': 0, 'drift_rate': 0.01332821188441263, 'target_domains': ['sketch']}
Loss historical diff: 10.187992095947266; Loss Difference: 0.0, Decision: 0
Round 183 took 3.591707706451416s, results:
{'t': 182, 'current_accuracy': 0.125, 'current_loss': 104.67116928100586, 'train_loss': None, 'decision': 0, 'drift_rate': 0.013744478688387133, 'target_domains': ['sketch']}
Loss historical diff: 9.59908676147461; Loss Difference: 0.0, Decision: 0
Round 184 took 3.5835864543914795s, results:
{'t': 183, 'current_accuracy': 0.1328125, 'current_loss': 104.0822639465332, 'train_loss': None, 'decision': 0, 'drift_rate': 0.014138387346139258, 'target_domains': ['sketch']}
Loss historical diff: 10.194633483886719; Loss Difference: 0.0, Decision: 0
Round 185 took 3.3923637866973877s, results:
{'t': 184, 'current_accuracy': 0.12890625, 'current_loss': 104.67781066894531, 'train_loss': None, 'decision': 0, 'drift_rate': 0.014509246808032235, 'target_domains': ['sketch']}
Loss historical diff: 11.220283508300781; Loss Difference: 0.0, Decision: 0
Round 186 took 3.537260055541992s, results:
{'t': 185, 'current_accuracy': 0.12890625, 'current_loss': 105.70346069335938, 'train_loss': None, 'decision': 0, 'drift_rate': 0.014856406460551013, 'target_domains': ['sketch']}
Loss historical diff: 11.277912139892578; Loss Difference: 0.0, Decision: 0
Round 187 took 3.5366928577423096s, results:
{'t': 186, 'current_accuracy': 0.13671875, 'current_loss': 105.76108932495117, 'train_loss': None, 'decision': 0, 'drift_rate': 0.015179257267699427, 'target_domains': ['sketch']}
Loss historical diff: 12.066017150878906; Loss Difference: 0.0, Decision: 0
Round 188 took 3.718188524246216s, results:
{'t': 187, 'current_accuracy': 0.13671875, 'current_loss': 106.5491943359375, 'train_loss': None, 'decision': 0, 'drift_rate': 0.015477232839456314, 'target_domains': ['sketch']}
Loss historical diff: 13.594364166259766; Loss Difference: 0.0, Decision: 0
Round 189 took 3.3303637504577637s, results:
{'t': 188, 'current_accuracy': 0.13671875, 'current_loss': 108.07754135131836, 'train_loss': None, 'decision': 0, 'drift_rate': 0.01574981042541601, 'target_domains': ['sketch']}
Loss historical diff: 13.799564361572266; Loss Difference: 0.0, Decision: 0
Round 190 took 3.7636327743530273s, results:
{'t': 189, 'current_accuracy': 0.14453125, 'current_loss': 108.28274154663086, 'train_loss': None, 'decision': 0, 'drift_rate': 0.01599651183187026, 'target_domains': ['sketch']}
Loss historical diff: 14.590152740478516; Loss Difference: 0.0, Decision: 0
Round 191 took 3.7644617557525635s, results:
{'t': 190, 'current_accuracy': 0.140625, 'current_loss': 109.07332992553711, 'train_loss': None, 'decision': 0, 'drift_rate': 0.016216904260722458, 'target_domains': ['sketch']}
Loss historical diff: 16.323101043701172; Loss Difference: 0.0, Decision: 0
Round 192 took 3.1993114948272705s, results:
{'t': 191, 'current_accuracy': 0.13671875, 'current_loss': 110.80627822875977, 'train_loss': None, 'decision': 0, 'drift_rate': 0.01641060106876253, 'target_domains': ['sketch']}
Loss historical diff: 18.799617767333984; Loss Difference: 0.0, Decision: 0
Round 193 took 3.8147974014282227s, results:
{'t': 192, 'current_accuracy': 0.13671875, 'current_loss': 113.28279495239258, 'train_loss': None, 'decision': 0, 'drift_rate': 0.016577262445970565, 'target_domains': ['sketch']}
Loss historical diff: 19.655826568603516; Loss Difference: 0.0, Decision: 0
Round 194 took 3.6371710300445557s, results:
{'t': 193, 'current_accuracy': 0.140625, 'current_loss': 114.13900375366211, 'train_loss': None, 'decision': 0, 'drift_rate': 0.016716596011659018, 'target_domains': ['sketch']}
Loss historical diff: 22.001995086669922; Loss Difference: 0.0, Decision: 0
Round 195 took 3.9153826236724854s, results:
{'t': 194, 'current_accuracy': 0.13671875, 'current_loss': 116.48517227172852, 'train_loss': None, 'decision': 0, 'drift_rate': 0.01682835732740781, 'target_domains': ['sketch']}
Loss historical diff: 23.605514526367188; Loss Difference: 0.0, Decision: 0
Round 196 took 3.7171237468719482s, results:
{'t': 195, 'current_accuracy': 0.1328125, 'current_loss': 118.08869171142578, 'train_loss': None, 'decision': 0, 'drift_rate': 0.016912350325892375, 'target_domains': ['sketch']}
Loss historical diff: 25.001136779785156; Loss Difference: 0.0, Decision: 0
Round 197 took 3.4659533500671387s, results:
{'t': 196, 'current_accuracy': 0.13671875, 'current_loss': 119.48431396484375, 'train_loss': None, 'decision': 0, 'drift_rate': 0.016968427654852347, 'target_domains': ['sketch']}
Loss historical diff: 26.99327850341797; Loss Difference: 0.0, Decision: 0
Round 198 took 3.8723809719085693s, results:
{'t': 197, 'current_accuracy': 0.13671875, 'current_loss': 121.47645568847656, 'train_loss': None, 'decision': 0, 'drift_rate': 0.01699649093559753, 'target_domains': ['sketch']}
Loss historical diff: 27.364723205566406; Loss Difference: 0.0, Decision: 0
Round 199 took 3.6615941524505615s, results:
{'t': 198, 'current_accuracy': 0.140625, 'current_loss': 121.847900390625, 'train_loss': None, 'decision': 0, 'drift_rate': 0.01699649093559753, 'target_domains': ['sketch']}
Loss historical diff: 28.630809783935547; Loss Difference: 0.0, Decision: 0
Round 200 took 3.461432456970215s, results:
{'t': 199, 'current_accuracy': 0.140625, 'current_loss': 123.11398696899414, 'train_loss': None, 'decision': 0, 'drift_rate': 0.016968427654852347, 'target_domains': ['sketch']}
Loss historical diff: 30.69118881225586; Loss Difference: 0.0, Decision: 0
Round 201 took 3.588625192642212s, results:
{'t': 200, 'current_accuracy': 0.13671875, 'current_loss': 125.17436599731445, 'train_loss': None, 'decision': 0, 'drift_rate': 0.016912350325892375, 'target_domains': ['sketch']}
Loss historical diff: 32.297828674316406; Loss Difference: 0.0, Decision: 0
Round 202 took 3.321347951889038s, results:
{'t': 201, 'current_accuracy': 0.13671875, 'current_loss': 126.781005859375, 'train_loss': None, 'decision': 0, 'drift_rate': 0.016828357327407815, 'target_domains': ['sketch']}
Loss historical diff: 34.74781799316406; Loss Difference: 0.0, Decision: 0
Round 203 took 3.5409085750579834s, results:
{'t': 202, 'current_accuracy': 0.13671875, 'current_loss': 129.23099517822266, 'train_loss': None, 'decision': 0, 'drift_rate': 0.016716596011659018, 'target_domains': ['sketch']}
Loss historical diff: 36.37012481689453; Loss Difference: 0.0, Decision: 0
Round 204 took 3.456040620803833s, results:
{'t': 203, 'current_accuracy': 0.13671875, 'current_loss': 130.85330200195312, 'train_loss': None, 'decision': 0, 'drift_rate': 0.01657726244597057, 'target_domains': ['sketch']}
Loss historical diff: 37.909324645996094; Loss Difference: 0.0, Decision: 0
Round 205 took 3.6640472412109375s, results:
{'t': 204, 'current_accuracy': 0.1328125, 'current_loss': 132.3925018310547, 'train_loss': None, 'decision': 0, 'drift_rate': 0.016410601068762538, 'target_domains': ['sketch']}
Loss historical diff: 38.28785705566406; Loss Difference: 0.0, Decision: 0
Round 206 took 3.970529556274414s, results:
{'t': 205, 'current_accuracy': 0.13671875, 'current_loss': 132.77103424072266, 'train_loss': None, 'decision': 0, 'drift_rate': 0.016216904260722458, 'target_domains': ['sketch']}
Loss historical diff: 39.945335388183594; Loss Difference: 0.0, Decision: 0
Round 207 took 3.2577381134033203s, results:
{'t': 206, 'current_accuracy': 0.13671875, 'current_loss': 134.4285125732422, 'train_loss': None, 'decision': 0, 'drift_rate': 0.015996511831870272, 'target_domains': ['sketch']}
Loss historical diff: 40.413734436035156; Loss Difference: 0.0, Decision: 0
Round 208 took 3.8967435359954834s, results:
{'t': 207, 'current_accuracy': 0.14453125, 'current_loss': 134.89691162109375, 'train_loss': None, 'decision': 0, 'drift_rate': 0.01574981042541601, 'target_domains': ['sketch']}
Loss historical diff: 40.18501281738281; Loss Difference: 0.0, Decision: 0
Round 209 took 3.602325201034546s, results:
{'t': 208, 'current_accuracy': 0.1484375, 'current_loss': 134.6681900024414, 'train_loss': None, 'decision': 0, 'drift_rate': 0.015477232839456307, 'target_domains': ['sketch']}
Loss historical diff: 40.94996643066406; Loss Difference: 0.0, Decision: 0
Round 210 took 3.3481435775756836s, results:
{'t': 209, 'current_accuracy': 0.15234375, 'current_loss': 135.43314361572266, 'train_loss': None, 'decision': 0, 'drift_rate': 0.015179257267699437, 'target_domains': ['sketch']}
Loss historical diff: 41.262542724609375; Loss Difference: 0.0, Decision: 0
Round 211 took 3.5385959148406982s, results:
{'t': 210, 'current_accuracy': 0.15625, 'current_loss': 135.74571990966797, 'train_loss': None, 'decision': 0, 'drift_rate': 0.014856406460551013, 'target_domains': ['sketch']}
Loss historical diff: 41.98786926269531; Loss Difference: 0.0, Decision: 0
Round 212 took 3.5516715049743652s, results:
{'t': 211, 'current_accuracy': 0.15625, 'current_loss': 136.4710464477539, 'train_loss': None, 'decision': 0, 'drift_rate': 0.014509246808032242, 'target_domains': ['sketch']}
Loss historical diff: 42.73662567138672; Loss Difference: 0.0, Decision: 0
Round 213 took 3.1451046466827393s, results:
{'t': 212, 'current_accuracy': 0.15234375, 'current_loss': 137.2198028564453, 'train_loss': None, 'decision': 0, 'drift_rate': 0.014138387346139272, 'target_domains': ['sketch']}
Loss historical diff: 44.21949768066406; Loss Difference: 0.0, Decision: 0
Round 214 took 3.104398727416992s, results:
{'t': 213, 'current_accuracy': 0.15234375, 'current_loss': 138.70267486572266, 'train_loss': None, 'decision': 0, 'drift_rate': 0.01374447868838714, 'target_domains': ['sketch']}
Loss historical diff: 46.022483825683594; Loss Difference: 0.0, Decision: 0
Round 215 took 3.5491387844085693s, results:
{'t': 214, 'current_accuracy': 0.14453125, 'current_loss': 140.5056610107422, 'train_loss': None, 'decision': 0, 'drift_rate': 0.013328211884412636, 'target_domains': ['sketch']}
Loss historical diff: 46.90003967285156; Loss Difference: 0.0, Decision: 0
Round 216 took 3.3899011611938477s, results:
{'t': 215, 'current_accuracy': 0.14453125, 'current_loss': 141.38321685791016, 'train_loss': None, 'decision': 0, 'drift_rate': 0.012890317207638325, 'target_domains': ['sketch']}
Loss historical diff: 47.0733642578125; Loss Difference: 0.0, Decision: 0
Round 217 took 3.5096449851989746s, results:
{'t': 216, 'current_accuracy': 0.15234375, 'current_loss': 141.5565414428711, 'train_loss': None, 'decision': 0, 'drift_rate': 0.01243156287412486, 'target_domains': ['sketch']}
Loss historical diff: 47.34508514404297; Loss Difference: 0.0, Decision: 0
Round 218 took 3.493781805038452s, results:
{'t': 217, 'current_accuracy': 0.16015625, 'current_loss': 141.82826232910156, 'train_loss': None, 'decision': 0, 'drift_rate': 0.011952753694859035, 'target_domains': ['sketch']}
Loss historical diff: 48.27215576171875; Loss Difference: 0.0, Decision: 0
Round 219 took 3.4242022037506104s, results:
{'t': 218, 'current_accuracy': 0.16015625, 'current_loss': 142.75533294677734, 'train_loss': None, 'decision': 0, 'drift_rate': 0.011454729663841694, 'target_domains': ['sketch']}
Loss historical diff: 48.00402069091797; Loss Difference: 0.0, Decision: 0
Round 220 took 3.8407177925109863s, results:
{'t': 219, 'current_accuracy': 0.1640625, 'current_loss': 142.48719787597656, 'train_loss': None, 'decision': 0, 'drift_rate': 0.01093836448445296, 'target_domains': ['sketch']}
Loss historical diff: 48.529945373535156; Loss Difference: 0.0, Decision: 0
Round 221 took 3.8562302589416504s, results:
{'t': 220, 'current_accuracy': 0.1640625, 'current_loss': 143.01312255859375, 'train_loss': None, 'decision': 0, 'drift_rate': 0.010404564036679574, 'target_domains': ['sketch']}
Loss historical diff: 49.11243438720703; Loss Difference: 0.0, Decision: 0
Round 222 took 3.3673505783081055s, results:
{'t': 221, 'current_accuracy': 0.1640625, 'current_loss': 143.59561157226562, 'train_loss': None, 'decision': 0, 'drift_rate': 0.009854264787893498, 'target_domains': ['sketch']}
Loss historical diff: 49.61906433105469; Loss Difference: 0.0, Decision: 0
Round 223 took 3.6364684104919434s, results:
{'t': 222, 'current_accuracy': 0.16015625, 'current_loss': 144.10224151611328, 'train_loss': None, 'decision': 0, 'drift_rate': 0.009288432149970088, 'target_domains': ['sketch']}
Loss historical diff: 50.737945556640625; Loss Difference: 0.0, Decision: 0
Round 224 took 3.4857401847839355s, results:
{'t': 223, 'current_accuracy': 0.16015625, 'current_loss': 145.22112274169922, 'train_loss': None, 'decision': 0, 'drift_rate': 0.00870805878562746, 'target_domains': ['sketch']}
Loss historical diff: 50.91908264160156; Loss Difference: 0.0, Decision: 0
Round 225 took 3.4401960372924805s, results:
{'t': 224, 'current_accuracy': 0.16015625, 'current_loss': 145.40225982666016, 'train_loss': None, 'decision': 0, 'drift_rate': 0.008114162866958841, 'target_domains': ['sketch']}
Loss historical diff: 51.65239715576172; Loss Difference: 0.0, Decision: 0
Round 226 took 3.5106637477874756s, results:
{'t': 225, 'current_accuracy': 0.16015625, 'current_loss': 146.1355743408203, 'train_loss': None, 'decision': 0, 'drift_rate': 0.0075077862892128176, 'target_domains': ['sketch']}
Loss historical diff: 51.40611267089844; Loss Difference: 0.0, Decision: 0
Round 227 took 3.4932000637054443s, results:
{'t': 226, 'current_accuracy': 0.1640625, 'current_loss': 145.88928985595703, 'train_loss': None, 'decision': 0, 'drift_rate': 0.006889992842954848, 'target_domains': ['sketch']}
Loss historical diff: 51.53131866455078; Loss Difference: 0.0, Decision: 0
Round 228 took 3.168642520904541s, results:
{'t': 227, 'current_accuracy': 0.1640625, 'current_loss': 146.01449584960938, 'train_loss': None, 'decision': 0, 'drift_rate': 0.006261866347817344, 'target_domains': ['sketch']}
Loss historical diff: 51.35737609863281; Loss Difference: 0.0, Decision: 0
Round 229 took 3.201740264892578s, results:
{'t': 228, 'current_accuracy': 0.16796875, 'current_loss': 145.8405532836914, 'train_loss': None, 'decision': 0, 'drift_rate': 0.005624508751111571, 'target_domains': ['sketch']}
Loss historical diff: 51.43476867675781; Loss Difference: 0.0, Decision: 0
Round 230 took 3.3503758907318115s, results:
{'t': 229, 'current_accuracy': 0.16796875, 'current_loss': 145.9179458618164, 'train_loss': None, 'decision': 0, 'drift_rate': 0.00497903819463766, 'target_domains': ['sketch']}
Loss historical diff: 51.50194549560547; Loss Difference: 0.0, Decision: 0
Round 231 took 3.4078564643859863s, results:
{'t': 230, 'current_accuracy': 0.16796875, 'current_loss': 145.98512268066406, 'train_loss': None, 'decision': 0, 'drift_rate': 0.004326587053084146, 'target_domains': ['sketch']}
Loss historical diff: 51.50193786621094; Loss Difference: 0.0, Decision: 0
Round 232 took 3.4184579849243164s, results:
{'t': 231, 'current_accuracy': 0.16796875, 'current_loss': 145.98511505126953, 'train_loss': None, 'decision': 0, 'drift_rate': 0.003668299947457646, 'target_domains': ['sketch']}
Loss historical diff: 51.501922607421875; Loss Difference: 0.0, Decision: 0
Round 233 took 3.1817097663879395s, results:
{'t': 232, 'current_accuracy': 0.16796875, 'current_loss': 145.98509979248047, 'train_loss': None, 'decision': 0, 'drift_rate': 0.0030053317370288624, 'target_domains': ['sketch']}
Loss historical diff: 51.501922607421875; Loss Difference: 0.0, Decision: 0
Round 234 took 3.2425265312194824s, results:
{'t': 233, 'current_accuracy': 0.16796875, 'current_loss': 145.98509979248047, 'train_loss': None, 'decision': 0, 'drift_rate': 0.0023388454933170556, 'target_domains': ['sketch']}
Loss historical diff: 51.50189971923828; Loss Difference: 0.0, Decision: 0
Round 235 took 3.491678476333618s, results:
{'t': 234, 'current_accuracy': 0.16796875, 'current_loss': 145.98507690429688, 'train_loss': None, 'decision': 0, 'drift_rate': 0.0016700104596671867, 'target_domains': ['sketch']}
Loss historical diff: 51.501930236816406; Loss Difference: 0.0, Decision: 0
Round 236 took 3.5783982276916504s, results:
{'t': 235, 'current_accuracy': 0.16796875, 'current_loss': 145.985107421875, 'train_loss': None, 'decision': 0, 'drift_rate': 0.0010000000000000059, 'target_domains': ['photo']}
Loss historical diff: 51.501922607421875; Loss Difference: 0.0, Decision: 0
Round 237 took 3.4162237644195557s, results:
{'t': 236, 'current_accuracy': 0.16796875, 'current_loss': 145.98509979248047, 'train_loss': None, 'decision': 0, 'drift_rate': 0.001670010459667175, 'target_domains': ['photo']}
Loss historical diff: 51.501930236816406; Loss Difference: 0.0, Decision: 0
Round 238 took 3.1828882694244385s, results:
{'t': 237, 'current_accuracy': 0.16796875, 'current_loss': 145.985107421875, 'train_loss': None, 'decision': 0, 'drift_rate': 0.002338845493317044, 'target_domains': ['photo']}
Loss historical diff: 51.50190734863281; Loss Difference: 0.0, Decision: 0
Round 239 took 3.375589370727539s, results:
{'t': 238, 'current_accuracy': 0.16796875, 'current_loss': 145.9850845336914, 'train_loss': None, 'decision': 0, 'drift_rate': 0.0030053317370288507, 'target_domains': ['photo']}
Loss historical diff: 51.501930236816406; Loss Difference: 0.0, Decision: 0
Round 240 took 3.3162612915039062s, results:
{'t': 239, 'current_accuracy': 0.16796875, 'current_loss': 145.985107421875, 'train_loss': None, 'decision': 0, 'drift_rate': 0.0036682999474576066, 'target_domains': ['photo']}
Loss historical diff: 50.985382080078125; Loss Difference: 0.0, Decision: 0
Round 241 took 3.2045018672943115s, results:
{'t': 240, 'current_accuracy': 0.16796875, 'current_loss': 145.46855926513672, 'train_loss': None, 'decision': 0, 'drift_rate': 0.004326587053084162, 'target_domains': ['photo']}
Loss historical diff: 50.7081298828125; Loss Difference: 0.0, Decision: 0
Round 242 took 3.210146903991699s, results:
{'t': 241, 'current_accuracy': 0.16796875, 'current_loss': 145.1913070678711, 'train_loss': None, 'decision': 0, 'drift_rate': 0.0049790381946376765, 'target_domains': ['photo']}
Loss historical diff: 50.68598175048828; Loss Difference: 0.0, Decision: 0
Round 243 took 3.3601651191711426s, results:
{'t': 242, 'current_accuracy': 0.16796875, 'current_loss': 145.16915893554688, 'train_loss': None, 'decision': 0, 'drift_rate': 0.005624508751111533, 'target_domains': ['photo']}
Loss historical diff: 51.1390380859375; Loss Difference: 0.0, Decision: 0
Round 244 took 3.24361515045166s, results:
{'t': 243, 'current_accuracy': 0.1640625, 'current_loss': 145.6222152709961, 'train_loss': None, 'decision': 0, 'drift_rate': 0.006261866347817334, 'target_domains': ['photo']}
Loss historical diff: 51.001991271972656; Loss Difference: 0.0, Decision: 0
Round 245 took 3.1862924098968506s, results:
{'t': 244, 'current_accuracy': 0.1640625, 'current_loss': 145.48516845703125, 'train_loss': None, 'decision': 0, 'drift_rate': 0.006889992842954836, 'target_domains': ['photo']}
Loss historical diff: 50.76188659667969; Loss Difference: 0.0, Decision: 0
Round 246 took 3.151954412460327s, results:
{'t': 245, 'current_accuracy': 0.1640625, 'current_loss': 145.24506378173828, 'train_loss': None, 'decision': 0, 'drift_rate': 0.007507786289212806, 'target_domains': ['photo']}
Loss historical diff: 49.703224182128906; Loss Difference: 0.0, Decision: 0
Round 247 took 3.0441088676452637s, results:
{'t': 246, 'current_accuracy': 0.1640625, 'current_loss': 144.1864013671875, 'train_loss': None, 'decision': 0, 'drift_rate': 0.008114162866958832, 'target_domains': ['photo']}
Loss historical diff: 48.25091552734375; Loss Difference: 0.0, Decision: 0
Round 248 took 3.051206350326538s, results:
{'t': 247, 'current_accuracy': 0.1640625, 'current_loss': 142.73409271240234, 'train_loss': None, 'decision': 0, 'drift_rate': 0.008708058785627424, 'target_domains': ['photo']}
Loss historical diff: 47.71923828125; Loss Difference: 0.0, Decision: 0
Round 249 took 3.113340139389038s, results:
{'t': 248, 'current_accuracy': 0.16796875, 'current_loss': 142.2024154663086, 'train_loss': None, 'decision': 0, 'drift_rate': 0.009288432149970077, 'target_domains': ['photo']}
Loss historical diff: 47.01592254638672; Loss Difference: 0.0, Decision: 0
Round 250 took 3.230295419692993s, results:
{'t': 249, 'current_accuracy': 0.16796875, 'current_loss': 141.4990997314453, 'train_loss': None, 'decision': 0, 'drift_rate': 0.009854264787893488, 'target_domains': ['photo']}
Average time per round: 3.4877872009277344
Total time: 871.9468002319336
