Device: cuda
CUDA Version: 12.1
cuDNN Version: 8902
PyTorch Version: 2.3.0

Model used: PACSCNN_4
Initial dataset creation
Initial dataset creation
Initial loss: 0.35140079259872437
<__main__.Policy object at 0x154f4e5d9940>
0.35140079259872437
0.0 ['sketch']
Loss historical diff: 0.0; Loss Difference: 0.0, Decision: 0
Round 1 took 4.0035645961761475s, results:
{'t': 0, 'current_accuracy': 0.9140625, 'current_loss': 0.32906538248062134, 'train_loss': None, 'decision': 0, 'drift_rate': 0.0, 'target_domains': ['art_painting']}
0.0 ['sketch']
Loss historical diff: 0.0; Loss Difference: 0.0, Decision: 0
Round 2 took 4.246866941452026s, results:
{'t': 1, 'current_accuracy': 0.9140625, 'current_loss': 0.32906533777713776, 'train_loss': None, 'decision': 0, 'drift_rate': 0.0, 'target_domains': ['art_painting']}
0.0 ['sketch']
Loss historical diff: 1.4901161193847656e-08; Loss Difference: 0.0, Decision: 0
Round 3 took 3.99750018119812s, results:
{'t': 2, 'current_accuracy': 0.9140625, 'current_loss': 0.32906535267829895, 'train_loss': None, 'decision': 0, 'drift_rate': 0.0, 'target_domains': ['art_painting']}
0.0 ['sketch']
Loss historical diff: 2.2351741790771484e-08; Loss Difference: 0.0, Decision: 0
Round 4 took 4.048542022705078s, results:
{'t': 3, 'current_accuracy': 0.9140625, 'current_loss': 0.32906536012887955, 'train_loss': None, 'decision': 0, 'drift_rate': 0.0, 'target_domains': ['art_painting']}
0.0 ['sketch']
Loss historical diff: 1.4901161193847656e-08; Loss Difference: 0.0, Decision: 0
Round 5 took 4.177063941955566s, results:
{'t': 4, 'current_accuracy': 0.9140625, 'current_loss': 0.32906535267829895, 'train_loss': None, 'decision': 0, 'drift_rate': 0.0, 'target_domains': ['art_painting']}
0.0 ['sketch']
Loss historical diff: 0.0; Loss Difference: 0.0, Decision: 0
Round 6 took 4.321521282196045s, results:
{'t': 5, 'current_accuracy': 0.9140625, 'current_loss': 0.32906533777713776, 'train_loss': None, 'decision': 0, 'drift_rate': 0.0, 'target_domains': ['art_painting']}
0.0 ['sketch']
Loss historical diff: 1.4901161193847656e-08; Loss Difference: 0.0, Decision: 0
Round 7 took 4.160756587982178s, results:
{'t': 6, 'current_accuracy': 0.9140625, 'current_loss': 0.32906535267829895, 'train_loss': None, 'decision': 0, 'drift_rate': 0.0, 'target_domains': ['art_painting']}
0.0 ['sketch']
Loss historical diff: 7.450580596923828e-09; Loss Difference: 0.0, Decision: 0
Round 8 took 4.381508111953735s, results:
{'t': 7, 'current_accuracy': 0.9140625, 'current_loss': 0.32906534522771835, 'train_loss': None, 'decision': 0, 'drift_rate': 0.0, 'target_domains': ['art_painting']}
0.0 ['sketch']
Loss historical diff: 4.470348358154297e-08; Loss Difference: 0.0, Decision: 0
Round 9 took 3.9742045402526855s, results:
{'t': 8, 'current_accuracy': 0.9140625, 'current_loss': 0.32906538248062134, 'train_loss': None, 'decision': 0, 'drift_rate': 0.0, 'target_domains': ['art_painting']}
0.0 ['sketch']
Loss historical diff: 0.0; Loss Difference: 0.0, Decision: 0
Round 10 took 4.0562498569488525s, results:
{'t': 9, 'current_accuracy': 0.9140625, 'current_loss': 0.32906532287597656, 'train_loss': None, 'decision': 0, 'drift_rate': 0.0, 'target_domains': ['art_painting']}
0.0 ['sketch']
Loss historical diff: 0.0; Loss Difference: 0.0, Decision: 0
Round 11 took 4.343195915222168s, results:
{'t': 10, 'current_accuracy': 0.9140625, 'current_loss': 0.32906532287597656, 'train_loss': None, 'decision': 0, 'drift_rate': 0.0, 'target_domains': ['art_painting']}
0.0 ['sketch']
Loss historical diff: 1.4901161193847656e-08; Loss Difference: 0.0, Decision: 0
Round 12 took 3.9453043937683105s, results:
{'t': 11, 'current_accuracy': 0.9140625, 'current_loss': 0.32906533777713776, 'train_loss': None, 'decision': 0, 'drift_rate': 0.0, 'target_domains': ['art_painting']}
0.0 ['sketch']
Loss historical diff: 4.172325134277344e-07; Loss Difference: 0.0, Decision: 0
Round 13 took 4.245962381362915s, results:
{'t': 12, 'current_accuracy': 0.9140625, 'current_loss': 0.32906574010849, 'train_loss': None, 'decision': 0, 'drift_rate': 0.0, 'target_domains': ['art_painting']}
0.0 ['sketch']
Loss historical diff: 1.4901161193847656e-08; Loss Difference: 0.0, Decision: 0
Round 14 took 4.203354835510254s, results:
{'t': 13, 'current_accuracy': 0.9140625, 'current_loss': 0.32906533777713776, 'train_loss': None, 'decision': 0, 'drift_rate': 0.0, 'target_domains': ['art_painting']}
0.0 ['sketch']
Loss historical diff: 0.0; Loss Difference: 0.0, Decision: 0
Round 15 took 4.250345706939697s, results:
{'t': 14, 'current_accuracy': 0.9140625, 'current_loss': 0.32906532287597656, 'train_loss': None, 'decision': 0, 'drift_rate': 0.0, 'target_domains': ['art_painting']}
0.0 ['sketch']
Loss historical diff: 1.4901161193847656e-08; Loss Difference: 0.0, Decision: 0
Round 16 took 4.517145395278931s, results:
{'t': 15, 'current_accuracy': 0.9140625, 'current_loss': 0.32906533777713776, 'train_loss': None, 'decision': 0, 'drift_rate': 0.0, 'target_domains': ['art_painting']}
0.0 ['sketch']
Loss historical diff: 4.470348358154297e-08; Loss Difference: 0.0, Decision: 0
Round 17 took 4.492584228515625s, results:
{'t': 16, 'current_accuracy': 0.9140625, 'current_loss': 0.32906536757946014, 'train_loss': None, 'decision': 0, 'drift_rate': 0.0, 'target_domains': ['art_painting']}
0.0 ['sketch']
Loss historical diff: 1.4901161193847656e-08; Loss Difference: 0.0, Decision: 0
Round 18 took 4.362944602966309s, results:
{'t': 17, 'current_accuracy': 0.9140625, 'current_loss': 0.32906533777713776, 'train_loss': None, 'decision': 0, 'drift_rate': 0.0, 'target_domains': ['art_painting']}
0.0 ['sketch']
Loss historical diff: 4.470348358154297e-08; Loss Difference: 0.0, Decision: 0
Round 19 took 3.89591646194458s, results:
{'t': 18, 'current_accuracy': 0.9140625, 'current_loss': 0.32906536757946014, 'train_loss': None, 'decision': 0, 'drift_rate': 0.0, 'target_domains': ['art_painting']}
0.0 ['sketch']
Loss historical diff: 1.4901161193847656e-08; Loss Difference: 0.0, Decision: 0
Round 20 took 4.122253179550171s, results:
{'t': 19, 'current_accuracy': 0.9140625, 'current_loss': 0.32906533777713776, 'train_loss': None, 'decision': 0, 'drift_rate': 0.0, 'target_domains': ['art_painting']}
0.0 ['sketch']
Loss historical diff: 1.341104507446289e-07; Loss Difference: 0.0, Decision: 0
Round 21 took 4.0919458866119385s, results:
{'t': 20, 'current_accuracy': 0.9140625, 'current_loss': 0.3290654569864273, 'train_loss': None, 'decision': 0, 'drift_rate': 0.0, 'target_domains': ['art_painting']}
0.0 ['sketch']
Loss historical diff: 0.0; Loss Difference: 0.0, Decision: 0
Round 22 took 3.970858335494995s, results:
{'t': 21, 'current_accuracy': 0.9140625, 'current_loss': 0.3290623128414154, 'train_loss': None, 'decision': 0, 'drift_rate': 0.0, 'target_domains': ['art_painting']}
0.0 ['sketch']
Loss historical diff: 3.0174851417541504e-06; Loss Difference: 0.0, Decision: 0
Round 23 took 4.273480653762817s, results:
{'t': 22, 'current_accuracy': 0.9140625, 'current_loss': 0.32906533032655716, 'train_loss': None, 'decision': 0, 'drift_rate': 0.0, 'target_domains': ['art_painting']}
0.0 ['sketch']
Loss historical diff: 3.0249357223510742e-06; Loss Difference: 0.0, Decision: 0
Round 24 took 3.710993528366089s, results:
{'t': 23, 'current_accuracy': 0.9140625, 'current_loss': 0.32906533777713776, 'train_loss': None, 'decision': 0, 'drift_rate': 0.0, 'target_domains': ['art_painting']}
0.0 ['sketch']
Loss historical diff: 3.0174851417541504e-06; Loss Difference: 0.0, Decision: 0
Round 25 took 4.297276258468628s, results:
{'t': 24, 'current_accuracy': 0.9140625, 'current_loss': 0.32906533032655716, 'train_loss': None, 'decision': 0, 'drift_rate': 0.0, 'target_domains': ['art_painting']}
0.0 ['sketch']
Loss historical diff: 3.0547380447387695e-06; Loss Difference: 0.0, Decision: 0
Round 26 took 4.054624557495117s, results:
{'t': 25, 'current_accuracy': 0.9140625, 'current_loss': 0.32906536757946014, 'train_loss': None, 'decision': 0, 'drift_rate': 0.0, 'target_domains': ['art_painting']}
0.0 ['sketch']
Loss historical diff: 3.039836883544922e-06; Loss Difference: 0.0, Decision: 0
Round 27 took 4.373139381408691s, results:
{'t': 26, 'current_accuracy': 0.9140625, 'current_loss': 0.32906535267829895, 'train_loss': None, 'decision': 0, 'drift_rate': 0.0, 'target_domains': ['art_painting']}
0.0 ['sketch']
Loss historical diff: 3.032386302947998e-06; Loss Difference: 0.0, Decision: 0
Round 28 took 4.348644495010376s, results:
{'t': 27, 'current_accuracy': 0.9140625, 'current_loss': 0.32906534522771835, 'train_loss': None, 'decision': 0, 'drift_rate': 0.0, 'target_domains': ['art_painting']}
0.0 ['sketch']
Loss historical diff: 2.995133399963379e-06; Loss Difference: 0.0, Decision: 0
Round 29 took 4.790793418884277s, results:
{'t': 28, 'current_accuracy': 0.9140625, 'current_loss': 0.32906530797481537, 'train_loss': None, 'decision': 0, 'drift_rate': 0.0, 'target_domains': ['art_painting']}
0.0 ['sketch']
Loss historical diff: 4.842877388000488e-06; Loss Difference: 0.0, Decision: 0
Round 30 took 4.381066560745239s, results:
{'t': 29, 'current_accuracy': 0.9140625, 'current_loss': 0.3290671557188034, 'train_loss': None, 'decision': 0, 'drift_rate': 0.0, 'target_domains': ['art_painting']}
0.0 ['sketch']
Loss historical diff: 3.0100345611572266e-06; Loss Difference: 0.0, Decision: 0
Round 31 took 4.218839406967163s, results:
{'t': 30, 'current_accuracy': 0.9140625, 'current_loss': 0.32906532287597656, 'train_loss': None, 'decision': 0, 'drift_rate': 0.0, 'target_domains': ['art_painting']}
0.0 ['sketch']
Loss historical diff: 1.475214958190918e-06; Loss Difference: 0.0, Decision: 0
Round 32 took 4.125319004058838s, results:
{'t': 31, 'current_accuracy': 0.9140625, 'current_loss': 0.3290637880563736, 'train_loss': None, 'decision': 0, 'drift_rate': 0.0, 'target_domains': ['art_painting']}
0.0 ['sketch']
Loss historical diff: 3.039836883544922e-06; Loss Difference: 0.0, Decision: 0
Round 33 took 3.843651533126831s, results:
{'t': 32, 'current_accuracy': 0.9140625, 'current_loss': 0.32906535267829895, 'train_loss': None, 'decision': 0, 'drift_rate': 0.0, 'target_domains': ['art_painting']}
0.0 ['sketch']
Loss historical diff: 3.0472874641418457e-06; Loss Difference: 0.0, Decision: 0
Round 34 took 3.8475279808044434s, results:
{'t': 33, 'current_accuracy': 0.9140625, 'current_loss': 0.32906536012887955, 'train_loss': None, 'decision': 0, 'drift_rate': 0.0, 'target_domains': ['art_painting']}
0.0 ['sketch']
Loss historical diff: 2.9802322387695312e-06; Loss Difference: 0.0, Decision: 0
Round 35 took 4.125543594360352s, results:
{'t': 34, 'current_accuracy': 0.9140625, 'current_loss': 0.3290652930736542, 'train_loss': None, 'decision': 0, 'drift_rate': 0.0, 'target_domains': ['art_painting']}
0.0 ['sketch']
Loss historical diff: 2.1085143089294434e-06; Loss Difference: 0.0, Decision: 0
Round 36 took 4.387503385543823s, results:
{'t': 35, 'current_accuracy': 0.9140625, 'current_loss': 0.32906442135572433, 'train_loss': None, 'decision': 0, 'drift_rate': 0.0, 'target_domains': ['art_painting']}
0.0 ['sketch']
Loss historical diff: 3.0100345611572266e-06; Loss Difference: 0.0, Decision: 0
Round 37 took 4.3585240840911865s, results:
{'t': 36, 'current_accuracy': 0.9140625, 'current_loss': 0.32906532287597656, 'train_loss': None, 'decision': 0, 'drift_rate': 0.0, 'target_domains': ['art_painting']}
0.0 ['sketch']
Loss historical diff: 3.032386302947998e-06; Loss Difference: 0.0, Decision: 0
Round 38 took 4.077174663543701s, results:
{'t': 37, 'current_accuracy': 0.9140625, 'current_loss': 0.32906534522771835, 'train_loss': None, 'decision': 0, 'drift_rate': 0.0, 'target_domains': ['art_painting']}
0.0 ['sketch']
Loss historical diff: 3.039836883544922e-06; Loss Difference: 0.0, Decision: 0
Round 39 took 4.109228610992432s, results:
{'t': 38, 'current_accuracy': 0.9140625, 'current_loss': 0.32906535267829895, 'train_loss': None, 'decision': 0, 'drift_rate': 0.0, 'target_domains': ['art_painting']}
0.0 ['sketch']
Loss historical diff: 3.0249357223510742e-06; Loss Difference: 0.0, Decision: 0
Round 40 took 4.4033849239349365s, results:
{'t': 39, 'current_accuracy': 0.9140625, 'current_loss': 0.32906533777713776, 'train_loss': None, 'decision': 0, 'drift_rate': 0.0, 'target_domains': ['art_painting']}
0.0 ['sketch']
Loss historical diff: 3.039836883544922e-06; Loss Difference: 0.0, Decision: 0
Round 41 took 4.160479784011841s, results:
{'t': 40, 'current_accuracy': 0.9140625, 'current_loss': 0.32906535267829895, 'train_loss': None, 'decision': 0, 'drift_rate': 0.0, 'target_domains': ['art_painting']}
0.0 ['sketch']
Loss historical diff: 2.995133399963379e-06; Loss Difference: 0.0, Decision: 0
Round 42 took 4.20098614692688s, results:
{'t': 41, 'current_accuracy': 0.9140625, 'current_loss': 0.32906530797481537, 'train_loss': None, 'decision': 0, 'drift_rate': 0.0, 'target_domains': ['art_painting']}
0.0 ['sketch']
Loss historical diff: 2.995133399963379e-06; Loss Difference: 0.0, Decision: 0
Round 43 took 4.652777671813965s, results:
{'t': 42, 'current_accuracy': 0.9140625, 'current_loss': 0.32906530797481537, 'train_loss': None, 'decision': 0, 'drift_rate': 0.0, 'target_domains': ['art_painting']}
0.0 ['sketch']
Loss historical diff: 2.995133399963379e-06; Loss Difference: 0.0, Decision: 0
Round 44 took 4.031426191329956s, results:
{'t': 43, 'current_accuracy': 0.9140625, 'current_loss': 0.32906530797481537, 'train_loss': None, 'decision': 0, 'drift_rate': 0.0, 'target_domains': ['art_painting']}
0.0 ['sketch']
Loss historical diff: 3.0100345611572266e-06; Loss Difference: 0.0, Decision: 0
Round 45 took 3.8478527069091797s, results:
{'t': 44, 'current_accuracy': 0.9140625, 'current_loss': 0.32906532287597656, 'train_loss': None, 'decision': 0, 'drift_rate': 0.0, 'target_domains': ['art_painting']}
0.0 ['sketch']
Loss historical diff: 3.084540367126465e-06; Loss Difference: 0.0, Decision: 0
Round 46 took 3.815561532974243s, results:
{'t': 45, 'current_accuracy': 0.9140625, 'current_loss': 0.32906539738178253, 'train_loss': None, 'decision': 0, 'drift_rate': 0.0, 'target_domains': ['art_painting']}
0.0 ['sketch']
Loss historical diff: 2.8014183044433594e-06; Loss Difference: 0.0, Decision: 0
Round 47 took 3.88845157623291s, results:
{'t': 46, 'current_accuracy': 0.9140625, 'current_loss': 0.32906511425971985, 'train_loss': None, 'decision': 0, 'drift_rate': 0.0, 'target_domains': ['art_painting']}
0.0 ['sketch']
Loss historical diff: 2.428889274597168e-06; Loss Difference: 0.0, Decision: 0
Round 48 took 4.094773292541504s, results:
{'t': 47, 'current_accuracy': 0.9140625, 'current_loss': 0.32906474173069, 'train_loss': None, 'decision': 0, 'drift_rate': 0.0, 'target_domains': ['art_painting']}
0.0 ['sketch']
Loss historical diff: 3.039836883544922e-06; Loss Difference: 0.0, Decision: 0
Round 49 took 3.7654945850372314s, results:
{'t': 48, 'current_accuracy': 0.9140625, 'current_loss': 0.32906535267829895, 'train_loss': None, 'decision': 0, 'drift_rate': 0.0, 'target_domains': ['art_painting']}
0.0 ['sketch']
Loss historical diff: 3.0472874641418457e-06; Loss Difference: 0.0, Decision: 0
Round 50 took 3.85892653465271s, results:
{'t': 49, 'current_accuracy': 0.9140625, 'current_loss': 0.32906536012887955, 'train_loss': None, 'decision': 0, 'drift_rate': 0.0, 'target_domains': ['art_painting']}
0.0 ['sketch']
Loss historical diff: 3.0249357223510742e-06; Loss Difference: 0.0, Decision: 0
Round 51 took 3.777390956878662s, results:
{'t': 50, 'current_accuracy': 0.9140625, 'current_loss': 0.32906533777713776, 'train_loss': None, 'decision': 0, 'drift_rate': 0.0, 'target_domains': ['art_painting']}
0.0 ['sketch']
Loss historical diff: 3.0249357223510742e-06; Loss Difference: 0.0, Decision: 0
Round 52 took 3.9470114707946777s, results:
{'t': 51, 'current_accuracy': 0.9140625, 'current_loss': 0.32906533777713776, 'train_loss': None, 'decision': 0, 'drift_rate': 0.0, 'target_domains': ['art_painting']}
0.0 ['sketch']
Loss historical diff: 1.519918441772461e-06; Loss Difference: 0.0, Decision: 0
Round 53 took 3.971194267272949s, results:
{'t': 52, 'current_accuracy': 0.9140625, 'current_loss': 0.3290638327598572, 'train_loss': None, 'decision': 0, 'drift_rate': 0.0, 'target_domains': ['art_painting']}
0.0 ['sketch']
Loss historical diff: 3.039836883544922e-06; Loss Difference: 0.0, Decision: 0
Round 54 took 3.8543100357055664s, results:
{'t': 53, 'current_accuracy': 0.9140625, 'current_loss': 0.32906535267829895, 'train_loss': None, 'decision': 0, 'drift_rate': 0.0, 'target_domains': ['art_painting']}
0.0 ['sketch']
Loss historical diff: 3.0547380447387695e-06; Loss Difference: 0.0, Decision: 0
Round 55 took 3.897366762161255s, results:
{'t': 54, 'current_accuracy': 0.9140625, 'current_loss': 0.32906536757946014, 'train_loss': None, 'decision': 0, 'drift_rate': 0.0, 'target_domains': ['art_painting']}
0.0 ['sketch']
Loss historical diff: 3.069639205932617e-06; Loss Difference: 0.0, Decision: 0
Round 56 took 3.89591908454895s, results:
{'t': 55, 'current_accuracy': 0.9140625, 'current_loss': 0.32906538248062134, 'train_loss': None, 'decision': 0, 'drift_rate': 0.0, 'target_domains': ['art_painting']}
0.0 ['sketch']
Loss historical diff: 3.0249357223510742e-06; Loss Difference: 0.0, Decision: 0
Round 57 took 3.8475286960601807s, results:
{'t': 56, 'current_accuracy': 0.9140625, 'current_loss': 0.32906533777713776, 'train_loss': None, 'decision': 0, 'drift_rate': 0.0, 'target_domains': ['art_painting']}
0.0 ['sketch']
Loss historical diff: 2.995133399963379e-06; Loss Difference: 0.0, Decision: 0
Round 58 took 4.29540228843689s, results:
{'t': 57, 'current_accuracy': 0.9140625, 'current_loss': 0.32906530797481537, 'train_loss': None, 'decision': 0, 'drift_rate': 0.0, 'target_domains': ['art_painting']}
0.0 ['sketch']
Loss historical diff: 3.5762786865234375e-06; Loss Difference: 0.0, Decision: 0
Round 59 took 3.822253942489624s, results:
{'t': 58, 'current_accuracy': 0.9140625, 'current_loss': 0.32906588912010193, 'train_loss': None, 'decision': 0, 'drift_rate': 0.0, 'target_domains': ['art_painting']}
0.0 ['sketch']
Loss historical diff: 3.084540367126465e-06; Loss Difference: 0.0, Decision: 0
Round 60 took 3.8021905422210693s, results:
{'t': 59, 'current_accuracy': 0.9140625, 'current_loss': 0.32906539738178253, 'train_loss': None, 'decision': 0, 'drift_rate': 0.0, 'target_domains': ['art_painting']}
0.006 ['cartoon']
Loss historical diff: 0.029446005821228027; Loss Difference: 0.0, Decision: 0
Round 61 took 4.052440881729126s, results:
{'t': 60, 'current_accuracy': 0.91015625, 'current_loss': 0.35850831866264343, 'train_loss': None, 'decision': 0, 'drift_rate': 0.006, 'target_domains': ['cartoon']}
0.006 ['cartoon']
Loss historical diff: 0.04543304443359375; Loss Difference: 0.0, Decision: 0
Round 62 took 3.6962692737579346s, results:
{'t': 61, 'current_accuracy': 0.90625, 'current_loss': 0.37449535727500916, 'train_loss': None, 'decision': 0, 'drift_rate': 0.006, 'target_domains': ['cartoon']}
0.006 ['cartoon']
Loss historical diff: 0.06352134048938751; Loss Difference: 0.0, Decision: 0
Round 63 took 3.7349042892456055s, results:
{'t': 62, 'current_accuracy': 0.90234375, 'current_loss': 0.3925836533308029, 'train_loss': None, 'decision': 0, 'drift_rate': 0.006, 'target_domains': ['cartoon']}
0.006 ['cartoon']
Loss historical diff: 0.07718510925769806; Loss Difference: 0.0, Decision: 0
Round 64 took 4.142005205154419s, results:
{'t': 63, 'current_accuracy': 0.8984375, 'current_loss': 0.40624742209911346, 'train_loss': None, 'decision': 0, 'drift_rate': 0.006, 'target_domains': ['cartoon']}
0.006 ['cartoon']
Loss historical diff: 0.07638080418109894; Loss Difference: 0.0, Decision: 0
Round 65 took 4.228386878967285s, results:
{'t': 64, 'current_accuracy': 0.90234375, 'current_loss': 0.40544311702251434, 'train_loss': None, 'decision': 0, 'drift_rate': 0.006, 'target_domains': ['cartoon']}
0.006 ['cartoon']
Loss historical diff: 0.08403714001178741; Loss Difference: 0.0, Decision: 0
Round 66 took 4.035907745361328s, results:
{'t': 65, 'current_accuracy': 0.8984375, 'current_loss': 0.4130994528532028, 'train_loss': None, 'decision': 0, 'drift_rate': 0.006, 'target_domains': ['cartoon']}
0.006 ['cartoon']
Loss historical diff: 0.10265998542308807; Loss Difference: 0.0, Decision: 0
Round 67 took 3.7874374389648438s, results:
{'t': 66, 'current_accuracy': 0.89453125, 'current_loss': 0.4317222982645035, 'train_loss': None, 'decision': 0, 'drift_rate': 0.006, 'target_domains': ['cartoon']}
0.006 ['cartoon']
Loss historical diff: 0.11302883923053741; Loss Difference: 0.0, Decision: 0
Round 68 took 3.8749730587005615s, results:
{'t': 67, 'current_accuracy': 0.890625, 'current_loss': 0.4420911520719528, 'train_loss': None, 'decision': 0, 'drift_rate': 0.006, 'target_domains': ['cartoon']}
0.006 ['cartoon']
Loss historical diff: 0.11402146518230438; Loss Difference: 0.0, Decision: 0
Round 69 took 3.8737258911132812s, results:
{'t': 68, 'current_accuracy': 0.890625, 'current_loss': 0.4430837780237198, 'train_loss': None, 'decision': 0, 'drift_rate': 0.006, 'target_domains': ['cartoon']}
0.006 ['cartoon']
Loss historical diff: 0.15380875766277313; Loss Difference: 0.0, Decision: 0
Round 70 took 3.8386783599853516s, results:
{'t': 69, 'current_accuracy': 0.88671875, 'current_loss': 0.48287107050418854, 'train_loss': None, 'decision': 0, 'drift_rate': 0.006, 'target_domains': ['cartoon']}
0.006 ['cartoon']
Loss historical diff: 0.14402692019939423; Loss Difference: 0.0, Decision: 0
Round 71 took 3.812530517578125s, results:
{'t': 70, 'current_accuracy': 0.890625, 'current_loss': 0.47308923304080963, 'train_loss': None, 'decision': 0, 'drift_rate': 0.006, 'target_domains': ['cartoon']}
0.006 ['cartoon']
Loss historical diff: 0.14143766462802887; Loss Difference: 0.0, Decision: 0
Round 72 took 4.150708913803101s, results:
{'t': 71, 'current_accuracy': 0.890625, 'current_loss': 0.4704999774694443, 'train_loss': None, 'decision': 0, 'drift_rate': 0.006, 'target_domains': ['cartoon']}
0.006 ['cartoon']
Loss historical diff: 0.14345532655715942; Loss Difference: 0.0, Decision: 0
Round 73 took 3.8915340900421143s, results:
{'t': 72, 'current_accuracy': 0.890625, 'current_loss': 0.47251763939857483, 'train_loss': None, 'decision': 0, 'drift_rate': 0.006, 'target_domains': ['cartoon']}
0.006 ['cartoon']
Loss historical diff: 0.15567445755004883; Loss Difference: 0.0, Decision: 0
Round 74 took 3.7724363803863525s, results:
{'t': 73, 'current_accuracy': 0.88671875, 'current_loss': 0.48473677039146423, 'train_loss': None, 'decision': 0, 'drift_rate': 0.006, 'target_domains': ['cartoon']}
0.006 ['cartoon']
Loss historical diff: 0.16971084475517273; Loss Difference: 0.0, Decision: 0
Round 75 took 3.8552262783050537s, results:
{'t': 74, 'current_accuracy': 0.8828125, 'current_loss': 0.49877315759658813, 'train_loss': None, 'decision': 0, 'drift_rate': 0.006, 'target_domains': ['cartoon']}
0.006 ['cartoon']
Loss historical diff: 0.19013525545597076; Loss Difference: 0.0, Decision: 0
Round 76 took 4.178244352340698s, results:
{'t': 75, 'current_accuracy': 0.87890625, 'current_loss': 0.5191975682973862, 'train_loss': None, 'decision': 0, 'drift_rate': 0.006, 'target_domains': ['cartoon']}
0.006 ['cartoon']
Loss historical diff: 0.2096300721168518; Loss Difference: 0.0, Decision: 0
Round 77 took 3.828023672103882s, results:
{'t': 76, 'current_accuracy': 0.875, 'current_loss': 0.5386923849582672, 'train_loss': None, 'decision': 0, 'drift_rate': 0.006, 'target_domains': ['cartoon']}
0.006 ['cartoon']
Loss historical diff: 0.22554488480091095; Loss Difference: 0.0, Decision: 0
Round 78 took 3.9993789196014404s, results:
{'t': 77, 'current_accuracy': 0.87109375, 'current_loss': 0.5546071976423264, 'train_loss': None, 'decision': 0, 'drift_rate': 0.006, 'target_domains': ['cartoon']}
0.006 ['cartoon']
Loss historical diff: 0.22658315300941467; Loss Difference: 0.0, Decision: 0
Round 79 took 3.806576728820801s, results:
{'t': 78, 'current_accuracy': 0.87109375, 'current_loss': 0.5556454658508301, 'train_loss': None, 'decision': 0, 'drift_rate': 0.006, 'target_domains': ['cartoon']}
0.006 ['cartoon']
Loss historical diff: 0.24407655000686646; Loss Difference: 0.0, Decision: 0
Round 80 took 3.970486640930176s, results:
{'t': 79, 'current_accuracy': 0.8671875, 'current_loss': 0.5731388628482819, 'train_loss': None, 'decision': 0, 'drift_rate': 0.006, 'target_domains': ['cartoon']}
0.006 ['cartoon']
Loss historical diff: 0.24697628617286682; Loss Difference: 0.0, Decision: 0
Round 81 took 4.2479870319366455s, results:
{'t': 80, 'current_accuracy': 0.8671875, 'current_loss': 0.5760385990142822, 'train_loss': None, 'decision': 0, 'drift_rate': 0.006, 'target_domains': ['cartoon']}
0.006 ['cartoon']
Loss historical diff: 0.257836177945137; Loss Difference: 0.0, Decision: 0
Round 82 took 3.891101837158203s, results:
{'t': 81, 'current_accuracy': 0.86328125, 'current_loss': 0.5868984907865524, 'train_loss': None, 'decision': 0, 'drift_rate': 0.006, 'target_domains': ['cartoon']}
0.006 ['cartoon']
Loss historical diff: 0.2579256594181061; Loss Difference: 0.0, Decision: 0
Round 83 took 4.144816160202026s, results:
{'t': 82, 'current_accuracy': 0.86328125, 'current_loss': 0.5869879722595215, 'train_loss': None, 'decision': 0, 'drift_rate': 0.006, 'target_domains': ['cartoon']}
0.006 ['cartoon']
Loss historical diff: 0.26362109184265137; Loss Difference: 0.0, Decision: 0
Round 84 took 3.8355472087860107s, results:
{'t': 83, 'current_accuracy': 0.859375, 'current_loss': 0.5926834046840668, 'train_loss': None, 'decision': 0, 'drift_rate': 0.006, 'target_domains': ['cartoon']}
0.006 ['cartoon']
Loss historical diff: 0.2636222243309021; Loss Difference: 0.0, Decision: 0
Round 85 took 3.808978796005249s, results:
{'t': 84, 'current_accuracy': 0.859375, 'current_loss': 0.5926845371723175, 'train_loss': None, 'decision': 0, 'drift_rate': 0.006, 'target_domains': ['cartoon']}
0.006 ['cartoon']
Loss historical diff: 0.32382267713546753; Loss Difference: 0.0, Decision: 1
Average loss over 5 updates: 1.0056
Round 86 took 6.247378349304199s, results:
{'t': 85, 'current_accuracy': 0.85546875, 'current_loss': 0.6528849899768829, 'train_loss': 1.005580985546112, 'decision': 1, 'drift_rate': 0.006, 'target_domains': ['cartoon']}
0.006 ['cartoon']
Loss historical diff: 1.875448852777481; Loss Difference: 0.0, Decision: 0
Round 87 took 3.8759686946868896s, results:
{'t': 86, 'current_accuracy': 0.625, 'current_loss': 2.2045111656188965, 'train_loss': None, 'decision': 0, 'drift_rate': 0.006, 'target_domains': ['cartoon']}
0.006 ['cartoon']
Loss historical diff: 1.8753518164157867; Loss Difference: 0.0, Decision: 0
Round 88 took 3.912754535675049s, results:
{'t': 87, 'current_accuracy': 0.625, 'current_loss': 2.204414129257202, 'train_loss': None, 'decision': 0, 'drift_rate': 0.006, 'target_domains': ['cartoon']}
0.006 ['cartoon']
Loss historical diff: 1.896522432565689; Loss Difference: 0.0, Decision: 0
Round 89 took 3.830209970474243s, results:
{'t': 88, 'current_accuracy': 0.62109375, 'current_loss': 2.2255847454071045, 'train_loss': None, 'decision': 0, 'drift_rate': 0.006, 'target_domains': ['cartoon']}
0.006 ['cartoon']
Loss historical diff: 1.9622649252414703; Loss Difference: 0.0, Decision: 0
Round 90 took 4.39452338218689s, results:
{'t': 89, 'current_accuracy': 0.6171875, 'current_loss': 2.2913272380828857, 'train_loss': None, 'decision': 0, 'drift_rate': 0.006, 'target_domains': ['cartoon']}
0.006 ['cartoon']
Loss historical diff: 1.9661294519901276; Loss Difference: 0.0, Decision: 0
Round 91 took 4.401280403137207s, results:
{'t': 90, 'current_accuracy': 0.61328125, 'current_loss': 2.295191764831543, 'train_loss': None, 'decision': 0, 'drift_rate': 0.006, 'target_domains': ['cartoon']}
0.006 ['cartoon']
Loss historical diff: 1.9962497055530548; Loss Difference: 0.0, Decision: 0
Round 92 took 4.117178678512573s, results:
{'t': 91, 'current_accuracy': 0.609375, 'current_loss': 2.32531201839447, 'train_loss': None, 'decision': 0, 'drift_rate': 0.006, 'target_domains': ['cartoon']}
0.006 ['cartoon']
Loss historical diff: 2.0140176117420197; Loss Difference: 0.0, Decision: 0
Round 93 took 4.0649237632751465s, results:
{'t': 92, 'current_accuracy': 0.60546875, 'current_loss': 2.343079924583435, 'train_loss': None, 'decision': 0, 'drift_rate': 0.006, 'target_domains': ['cartoon']}
0.006 ['cartoon']
Loss historical diff: 2.023535043001175; Loss Difference: 0.0, Decision: 0
Round 94 took 3.872783899307251s, results:
{'t': 93, 'current_accuracy': 0.6015625, 'current_loss': 2.3525973558425903, 'train_loss': None, 'decision': 0, 'drift_rate': 0.006, 'target_domains': ['cartoon']}
0.006 ['cartoon']
Loss historical diff: 2.0234475433826447; Loss Difference: 0.0, Decision: 0
Round 95 took 3.968059539794922s, results:
{'t': 94, 'current_accuracy': 0.6015625, 'current_loss': 2.35250985622406, 'train_loss': None, 'decision': 0, 'drift_rate': 0.006, 'target_domains': ['cartoon']}
0.006 ['cartoon']
Loss historical diff: 2.0231520235538483; Loss Difference: 0.0, Decision: 0
Round 96 took 4.106043100357056s, results:
{'t': 95, 'current_accuracy': 0.6015625, 'current_loss': 2.3522143363952637, 'train_loss': None, 'decision': 0, 'drift_rate': 0.006, 'target_domains': ['cartoon']}
0.006 ['cartoon']
Loss historical diff: 2.038892298936844; Loss Difference: 0.0, Decision: 0
Round 97 took 4.202443599700928s, results:
{'t': 96, 'current_accuracy': 0.6015625, 'current_loss': 2.3679546117782593, 'train_loss': None, 'decision': 0, 'drift_rate': 0.006, 'target_domains': ['cartoon']}
0.006 ['cartoon']
Loss historical diff: 2.0689994394779205; Loss Difference: 0.0, Decision: 0
Round 98 took 4.220469951629639s, results:
{'t': 97, 'current_accuracy': 0.59765625, 'current_loss': 2.398061752319336, 'train_loss': None, 'decision': 0, 'drift_rate': 0.006, 'target_domains': ['cartoon']}
0.006 ['cartoon']
Loss historical diff: 2.0339960157871246; Loss Difference: 0.0, Decision: 0
Round 99 took 3.9512827396392822s, results:
{'t': 98, 'current_accuracy': 0.6015625, 'current_loss': 2.36305832862854, 'train_loss': None, 'decision': 0, 'drift_rate': 0.006, 'target_domains': ['cartoon']}
0.006 ['cartoon']
Loss historical diff: 2.0373869240283966; Loss Difference: 0.0, Decision: 0
Round 100 took 4.303584814071655s, results:
{'t': 99, 'current_accuracy': 0.6015625, 'current_loss': 2.366449236869812, 'train_loss': None, 'decision': 0, 'drift_rate': 0.006, 'target_domains': ['cartoon']}
0.006 ['cartoon']
Loss historical diff: 2.0342580378055573; Loss Difference: 0.0, Decision: 0
Round 101 took 4.334541082382202s, results:
{'t': 100, 'current_accuracy': 0.6015625, 'current_loss': 2.3633203506469727, 'train_loss': None, 'decision': 0, 'drift_rate': 0.006, 'target_domains': ['cartoon']}
0.006 ['cartoon']
Loss historical diff: 2.064343124628067; Loss Difference: 0.0, Decision: 0
Round 102 took 3.953169345855713s, results:
{'t': 101, 'current_accuracy': 0.59765625, 'current_loss': 2.3934054374694824, 'train_loss': None, 'decision': 0, 'drift_rate': 0.006, 'target_domains': ['cartoon']}
0.006 ['cartoon']
Loss historical diff: 2.0849497616291046; Loss Difference: 0.0, Decision: 0
Round 103 took 4.0557334423065186s, results:
{'t': 102, 'current_accuracy': 0.59375, 'current_loss': 2.41401207447052, 'train_loss': None, 'decision': 0, 'drift_rate': 0.006, 'target_domains': ['cartoon']}
0.006 ['cartoon']
Loss historical diff: 2.0938917696475983; Loss Difference: 0.0, Decision: 0
Round 104 took 3.9402613639831543s, results:
{'t': 103, 'current_accuracy': 0.58984375, 'current_loss': 2.4229540824890137, 'train_loss': None, 'decision': 0, 'drift_rate': 0.006, 'target_domains': ['cartoon']}
0.006 ['cartoon']
Loss historical diff: 2.1066536009311676; Loss Difference: 0.0, Decision: 0
Round 105 took 3.9149575233459473s, results:
{'t': 104, 'current_accuracy': 0.5859375, 'current_loss': 2.435715913772583, 'train_loss': None, 'decision': 0, 'drift_rate': 0.006, 'target_domains': ['cartoon']}
0.006 ['cartoon']
Loss historical diff: 2.1461248695850372; Loss Difference: 0.0, Decision: 0
Round 106 took 3.9739136695861816s, results:
{'t': 105, 'current_accuracy': 0.58203125, 'current_loss': 2.4751871824264526, 'train_loss': None, 'decision': 0, 'drift_rate': 0.006, 'target_domains': ['cartoon']}
0.006 ['cartoon']
Loss historical diff: 2.101885825395584; Loss Difference: 0.0, Decision: 0
Round 107 took 3.9152884483337402s, results:
{'t': 106, 'current_accuracy': 0.58203125, 'current_loss': 2.4309481382369995, 'train_loss': None, 'decision': 0, 'drift_rate': 0.006, 'target_domains': ['cartoon']}
0.006 ['cartoon']
Loss historical diff: 2.1163969337940216; Loss Difference: 0.0, Decision: 0
Round 108 took 4.127512693405151s, results:
{'t': 107, 'current_accuracy': 0.58203125, 'current_loss': 2.445459246635437, 'train_loss': None, 'decision': 0, 'drift_rate': 0.006, 'target_domains': ['cartoon']}
0.006 ['cartoon']
Loss historical diff: 2.1164149343967438; Loss Difference: 0.0, Decision: 0
Round 109 took 4.042673110961914s, results:
{'t': 108, 'current_accuracy': 0.58203125, 'current_loss': 2.445477247238159, 'train_loss': None, 'decision': 0, 'drift_rate': 0.006, 'target_domains': ['cartoon']}
0.006 ['cartoon']
Loss historical diff: 2.115834027528763; Loss Difference: 0.0, Decision: 0
Round 110 took 4.2429118156433105s, results:
{'t': 109, 'current_accuracy': 0.58203125, 'current_loss': 2.4448963403701782, 'train_loss': None, 'decision': 0, 'drift_rate': 0.006, 'target_domains': ['cartoon']}
0.006 ['cartoon']
Loss historical diff: 2.13266184926033; Loss Difference: 0.0, Decision: 0
Round 111 took 4.406379699707031s, results:
{'t': 110, 'current_accuracy': 0.578125, 'current_loss': 2.4617241621017456, 'train_loss': None, 'decision': 0, 'drift_rate': 0.006, 'target_domains': ['cartoon']}
0.006 ['cartoon']
Loss historical diff: 2.1364590227603912; Loss Difference: 0.0, Decision: 0
Round 112 took 4.749532461166382s, results:
{'t': 111, 'current_accuracy': 0.57421875, 'current_loss': 2.4655213356018066, 'train_loss': None, 'decision': 0, 'drift_rate': 0.006, 'target_domains': ['cartoon']}
0.006 ['cartoon']
Loss historical diff: 2.164376050233841; Loss Difference: 0.0, Decision: 0
Round 113 took 4.5681233406066895s, results:
{'t': 112, 'current_accuracy': 0.5703125, 'current_loss': 2.4934383630752563, 'train_loss': None, 'decision': 0, 'drift_rate': 0.006, 'target_domains': ['cartoon']}
0.006 ['cartoon']
Loss historical diff: 2.1549198925495148; Loss Difference: 0.0, Decision: 0
Round 114 took 4.74810004234314s, results:
{'t': 113, 'current_accuracy': 0.57421875, 'current_loss': 2.48398220539093, 'train_loss': None, 'decision': 0, 'drift_rate': 0.006, 'target_domains': ['cartoon']}
0.006 ['cartoon']
Loss historical diff: 2.156063348054886; Loss Difference: 0.0, Decision: 0
Round 115 took 4.418673753738403s, results:
{'t': 114, 'current_accuracy': 0.57421875, 'current_loss': 2.4851256608963013, 'train_loss': None, 'decision': 0, 'drift_rate': 0.006, 'target_domains': ['cartoon']}
0.006 ['cartoon']
Loss historical diff: 2.1409949362277985; Loss Difference: 0.0, Decision: 0
Round 116 took 4.291855335235596s, results:
{'t': 115, 'current_accuracy': 0.57421875, 'current_loss': 2.470057249069214, 'train_loss': None, 'decision': 0, 'drift_rate': 0.006, 'target_domains': ['cartoon']}
0.006 ['cartoon']
Loss historical diff: 2.1776826679706573; Loss Difference: 0.0, Decision: 0
Round 117 took 4.416370153427124s, results:
{'t': 116, 'current_accuracy': 0.5703125, 'current_loss': 2.5067449808120728, 'train_loss': None, 'decision': 0, 'drift_rate': 0.006, 'target_domains': ['cartoon']}
0.006 ['cartoon']
Loss historical diff: 2.217130094766617; Loss Difference: 0.0, Decision: 0
Round 118 took 4.614468812942505s, results:
{'t': 117, 'current_accuracy': 0.56640625, 'current_loss': 2.5461924076080322, 'train_loss': None, 'decision': 0, 'drift_rate': 0.006, 'target_domains': ['cartoon']}
0.006 ['cartoon']
Loss historical diff: 2.2185658514499664; Loss Difference: 0.0, Decision: 0
Round 119 took 4.307593822479248s, results:
{'t': 118, 'current_accuracy': 0.56640625, 'current_loss': 2.547628164291382, 'train_loss': None, 'decision': 0, 'drift_rate': 0.006, 'target_domains': ['cartoon']}
0.006 ['cartoon']
Loss historical diff: 2.245322734117508; Loss Difference: 0.0, Decision: 0
Round 120 took 4.592290163040161s, results:
{'t': 119, 'current_accuracy': 0.5625, 'current_loss': 2.5743850469589233, 'train_loss': None, 'decision': 0, 'drift_rate': 0.006, 'target_domains': ['cartoon']}
0.008 ['art_painting']
Loss historical diff: 2.268906742334366; Loss Difference: 0.0, Decision: 0
Round 121 took 4.4206862449646s, results:
{'t': 120, 'current_accuracy': 0.5546875, 'current_loss': 2.5979690551757812, 'train_loss': None, 'decision': 0, 'drift_rate': 0.008, 'target_domains': ['art_painting']}
0.008 ['art_painting']
Loss historical diff: 2.2358407080173492; Loss Difference: 0.0, Decision: 0
Round 122 took 4.460622072219849s, results:
{'t': 121, 'current_accuracy': 0.5546875, 'current_loss': 2.5649030208587646, 'train_loss': None, 'decision': 0, 'drift_rate': 0.008, 'target_domains': ['art_painting']}
0.008 ['art_painting']
Loss historical diff: 2.213852435350418; Loss Difference: 0.0, Decision: 0
Round 123 took 4.488462448120117s, results:
{'t': 122, 'current_accuracy': 0.55859375, 'current_loss': 2.5429147481918335, 'train_loss': None, 'decision': 0, 'drift_rate': 0.008, 'target_domains': ['art_painting']}
0.008 ['art_painting']
Loss historical diff: 2.183683305978775; Loss Difference: 0.0, Decision: 0
Round 124 took 4.51017951965332s, results:
{'t': 123, 'current_accuracy': 0.55859375, 'current_loss': 2.5127456188201904, 'train_loss': None, 'decision': 0, 'drift_rate': 0.008, 'target_domains': ['art_painting']}
0.008 ['art_painting']
Loss historical diff: 2.1489507257938385; Loss Difference: 0.0, Decision: 0
Round 125 took 4.265717029571533s, results:
{'t': 124, 'current_accuracy': 0.56640625, 'current_loss': 2.478013038635254, 'train_loss': None, 'decision': 0, 'drift_rate': 0.008, 'target_domains': ['art_painting']}
0.008 ['art_painting']
Loss historical diff: 2.112287253141403; Loss Difference: 0.0, Decision: 0
Round 126 took 4.578155279159546s, results:
{'t': 125, 'current_accuracy': 0.57421875, 'current_loss': 2.4413495659828186, 'train_loss': None, 'decision': 0, 'drift_rate': 0.008, 'target_domains': ['art_painting']}
0.008 ['art_painting']
Loss historical diff: 2.1386305391788483; Loss Difference: 0.0, Decision: 0
Round 127 took 4.48563027381897s, results:
{'t': 126, 'current_accuracy': 0.5703125, 'current_loss': 2.4676928520202637, 'train_loss': None, 'decision': 0, 'drift_rate': 0.008, 'target_domains': ['art_painting']}
0.008 ['art_painting']
Loss historical diff: 2.182129293680191; Loss Difference: 0.0, Decision: 0
Round 128 took 4.651935815811157s, results:
{'t': 127, 'current_accuracy': 0.5703125, 'current_loss': 2.5111916065216064, 'train_loss': None, 'decision': 0, 'drift_rate': 0.008, 'target_domains': ['art_painting']}
0.008 ['art_painting']
Loss historical diff: 2.1495303213596344; Loss Difference: 0.0, Decision: 0
Round 129 took 4.2191009521484375s, results:
{'t': 128, 'current_accuracy': 0.57421875, 'current_loss': 2.47859263420105, 'train_loss': None, 'decision': 0, 'drift_rate': 0.008, 'target_domains': ['art_painting']}
0.008 ['art_painting']
Loss historical diff: 2.184818297624588; Loss Difference: 0.0, Decision: 0
Round 130 took 4.684187412261963s, results:
{'t': 129, 'current_accuracy': 0.57421875, 'current_loss': 2.5138806104660034, 'train_loss': None, 'decision': 0, 'drift_rate': 0.008, 'target_domains': ['art_painting']}
0.008 ['art_painting']
Loss historical diff: 2.1433506309986115; Loss Difference: 0.0, Decision: 0
Round 131 took 4.054852247238159s, results:
{'t': 130, 'current_accuracy': 0.58203125, 'current_loss': 2.472412943840027, 'train_loss': None, 'decision': 0, 'drift_rate': 0.008, 'target_domains': ['art_painting']}
0.008 ['art_painting']
Loss historical diff: 2.12797811627388; Loss Difference: 0.0, Decision: 0
Round 132 took 4.36556339263916s, results:
{'t': 131, 'current_accuracy': 0.58203125, 'current_loss': 2.4570404291152954, 'train_loss': None, 'decision': 0, 'drift_rate': 0.008, 'target_domains': ['art_painting']}
0.008 ['art_painting']
Loss historical diff: 2.0894488394260406; Loss Difference: 0.0, Decision: 0
Round 133 took 4.387837648391724s, results:
{'t': 132, 'current_accuracy': 0.5859375, 'current_loss': 2.418511152267456, 'train_loss': None, 'decision': 0, 'drift_rate': 0.008, 'target_domains': ['art_painting']}
0.008 ['art_painting']
Loss historical diff: 2.044125109910965; Loss Difference: 0.0, Decision: 0
Round 134 took 4.602793455123901s, results:
{'t': 133, 'current_accuracy': 0.58984375, 'current_loss': 2.3731874227523804, 'train_loss': None, 'decision': 0, 'drift_rate': 0.008, 'target_domains': ['art_painting']}
0.008 ['art_painting']
Loss historical diff: 2.0407208502292633; Loss Difference: 0.0, Decision: 0
Round 135 took 4.574068069458008s, results:
{'t': 134, 'current_accuracy': 0.58984375, 'current_loss': 2.3697831630706787, 'train_loss': None, 'decision': 0, 'drift_rate': 0.008, 'target_domains': ['art_painting']}
0.008 ['art_painting']
Loss historical diff: 2.048775941133499; Loss Difference: 0.0, Decision: 0
Round 136 took 4.297665119171143s, results:
{'t': 135, 'current_accuracy': 0.58984375, 'current_loss': 2.3778382539749146, 'train_loss': None, 'decision': 0, 'drift_rate': 0.008, 'target_domains': ['art_painting']}
0.008 ['art_painting']
Loss historical diff: 2.0728740990161896; Loss Difference: 0.0, Decision: 0
Round 137 took 4.524354457855225s, results:
{'t': 136, 'current_accuracy': 0.58984375, 'current_loss': 2.401936411857605, 'train_loss': None, 'decision': 0, 'drift_rate': 0.008, 'target_domains': ['art_painting']}
0.008 ['art_painting']
Loss historical diff: 1.9988471567630768; Loss Difference: 0.0, Decision: 0
Round 138 took 4.3890769481658936s, results:
{'t': 137, 'current_accuracy': 0.59765625, 'current_loss': 2.327909469604492, 'train_loss': None, 'decision': 0, 'drift_rate': 0.008, 'target_domains': ['art_painting']}
0.008 ['art_painting']
Loss historical diff: 1.9542787373065948; Loss Difference: 0.0, Decision: 0
Round 139 took 4.42607307434082s, results:
{'t': 138, 'current_accuracy': 0.60546875, 'current_loss': 2.2833410501480103, 'train_loss': None, 'decision': 0, 'drift_rate': 0.008, 'target_domains': ['art_painting']}
0.008 ['art_painting']
Loss historical diff: 1.9725653231143951; Loss Difference: 0.0, Decision: 0
Round 140 took 4.658131837844849s, results:
{'t': 139, 'current_accuracy': 0.6015625, 'current_loss': 2.3016276359558105, 'train_loss': None, 'decision': 0, 'drift_rate': 0.008, 'target_domains': ['art_painting']}
0.008 ['art_painting']
Loss historical diff: 1.9475808441638947; Loss Difference: 0.0, Decision: 0
Round 141 took 4.605146408081055s, results:
{'t': 140, 'current_accuracy': 0.609375, 'current_loss': 2.27664315700531, 'train_loss': None, 'decision': 0, 'drift_rate': 0.008, 'target_domains': ['art_painting']}
0.008 ['art_painting']
Loss historical diff: 1.924435406923294; Loss Difference: 0.0, Decision: 0
Round 142 took 4.745911598205566s, results:
{'t': 141, 'current_accuracy': 0.6171875, 'current_loss': 2.2534977197647095, 'train_loss': None, 'decision': 0, 'drift_rate': 0.008, 'target_domains': ['art_painting']}
0.008 ['art_painting']
Loss historical diff: 1.8718853294849396; Loss Difference: 0.0, Decision: 0
Round 143 took 4.50263237953186s, results:
{'t': 142, 'current_accuracy': 0.625, 'current_loss': 2.200947642326355, 'train_loss': None, 'decision': 0, 'drift_rate': 0.008, 'target_domains': ['art_painting']}
0.008 ['art_painting']
Loss historical diff: 1.8753452003002167; Loss Difference: 0.0, Decision: 0
Round 144 took 4.5643017292022705s, results:
{'t': 143, 'current_accuracy': 0.625, 'current_loss': 2.204407513141632, 'train_loss': None, 'decision': 0, 'drift_rate': 0.008, 'target_domains': ['art_painting']}
0.008 ['art_painting']
Loss historical diff: 1.8228700459003448; Loss Difference: 0.0, Decision: 0
Round 145 took 4.48364782333374s, results:
{'t': 144, 'current_accuracy': 0.62890625, 'current_loss': 2.1519323587417603, 'train_loss': None, 'decision': 0, 'drift_rate': 0.008, 'target_domains': ['art_painting']}
0.008 ['art_painting']
Loss historical diff: 1.8098606169223785; Loss Difference: 0.0, Decision: 0
Round 146 took 4.579102516174316s, results:
{'t': 145, 'current_accuracy': 0.62890625, 'current_loss': 2.138922929763794, 'train_loss': None, 'decision': 0, 'drift_rate': 0.008, 'target_domains': ['art_painting']}
0.008 ['art_painting']
Loss historical diff: 1.8132566511631012; Loss Difference: 0.0, Decision: 0
Round 147 took 3.9070303440093994s, results:
{'t': 146, 'current_accuracy': 0.6328125, 'current_loss': 2.1423189640045166, 'train_loss': None, 'decision': 0, 'drift_rate': 0.008, 'target_domains': ['art_painting']}
0.008 ['art_painting']
Loss historical diff: 1.8013423383235931; Loss Difference: 0.0, Decision: 0
Round 148 took 4.271219730377197s, results:
{'t': 147, 'current_accuracy': 0.63671875, 'current_loss': 2.1304046511650085, 'train_loss': None, 'decision': 0, 'drift_rate': 0.008, 'target_domains': ['art_painting']}
0.008 ['art_painting']
Loss historical diff: 1.7858681976795197; Loss Difference: 0.0, Decision: 0
Round 149 took 4.389667510986328s, results:
{'t': 148, 'current_accuracy': 0.640625, 'current_loss': 2.114930510520935, 'train_loss': None, 'decision': 0, 'drift_rate': 0.008, 'target_domains': ['art_painting']}
0.008 ['art_painting']
Loss historical diff: 1.7763333022594452; Loss Difference: 0.0, Decision: 0
Round 150 took 4.486584663391113s, results:
{'t': 149, 'current_accuracy': 0.64453125, 'current_loss': 2.1053956151008606, 'train_loss': None, 'decision': 0, 'drift_rate': 0.008, 'target_domains': ['art_painting']}
0.008 ['art_painting']
Loss historical diff: 1.776333063840866; Loss Difference: 0.0, Decision: 0
Round 151 took 4.6216418743133545s, results:
{'t': 150, 'current_accuracy': 0.64453125, 'current_loss': 2.1053953766822815, 'train_loss': None, 'decision': 0, 'drift_rate': 0.008, 'target_domains': ['art_painting']}
0.008 ['art_painting']
Loss historical diff: 1.7763318121433258; Loss Difference: 0.0, Decision: 0
Round 152 took 4.538986444473267s, results:
{'t': 151, 'current_accuracy': 0.64453125, 'current_loss': 2.105394124984741, 'train_loss': None, 'decision': 0, 'drift_rate': 0.008, 'target_domains': ['art_painting']}
0.008 ['art_painting']
Loss historical diff: 1.77633336186409; Loss Difference: 0.0, Decision: 0
Round 153 took 4.392632007598877s, results:
{'t': 152, 'current_accuracy': 0.64453125, 'current_loss': 2.1053956747055054, 'train_loss': None, 'decision': 0, 'drift_rate': 0.008, 'target_domains': ['art_painting']}
0.008 ['art_painting']
Loss historical diff: 1.776332825422287; Loss Difference: 0.0, Decision: 0
Round 154 took 4.635481595993042s, results:
{'t': 153, 'current_accuracy': 0.64453125, 'current_loss': 2.1053951382637024, 'train_loss': None, 'decision': 0, 'drift_rate': 0.008, 'target_domains': ['art_painting']}
0.008 ['art_painting']
Loss historical diff: 1.7763330042362213; Loss Difference: 0.0, Decision: 0
Round 155 took 4.4705235958099365s, results:
{'t': 154, 'current_accuracy': 0.64453125, 'current_loss': 2.1053953170776367, 'train_loss': None, 'decision': 0, 'drift_rate': 0.008, 'target_domains': ['art_painting']}
0.008 ['art_painting']
Loss historical diff: 1.7763326466083527; Loss Difference: 0.0, Decision: 0
Round 156 took 4.475802421569824s, results:
{'t': 155, 'current_accuracy': 0.64453125, 'current_loss': 2.105394959449768, 'train_loss': None, 'decision': 0, 'drift_rate': 0.008, 'target_domains': ['art_painting']}
0.008 ['art_painting']
Loss historical diff: 1.77633336186409; Loss Difference: 0.0, Decision: 0
Round 157 took 4.5187647342681885s, results:
{'t': 156, 'current_accuracy': 0.64453125, 'current_loss': 2.1053956747055054, 'train_loss': None, 'decision': 0, 'drift_rate': 0.008, 'target_domains': ['art_painting']}
0.008 ['art_painting']
Loss historical diff: 1.7763331830501556; Loss Difference: 0.0, Decision: 0
Round 158 took 3.992377519607544s, results:
{'t': 157, 'current_accuracy': 0.64453125, 'current_loss': 2.105395495891571, 'train_loss': None, 'decision': 0, 'drift_rate': 0.008, 'target_domains': ['art_painting']}
0.008 ['art_painting']
Loss historical diff: 1.776333600282669; Loss Difference: 0.0, Decision: 0
Round 159 took 4.105731725692749s, results:
{'t': 158, 'current_accuracy': 0.64453125, 'current_loss': 2.1053959131240845, 'train_loss': None, 'decision': 0, 'drift_rate': 0.008, 'target_domains': ['art_painting']}
0.008 ['art_painting']
Loss historical diff: 1.7763340771198273; Loss Difference: 0.0, Decision: 0
Round 160 took 4.426581382751465s, results:
{'t': 159, 'current_accuracy': 0.64453125, 'current_loss': 2.1053963899612427, 'train_loss': None, 'decision': 0, 'drift_rate': 0.008, 'target_domains': ['art_painting']}
0.008 ['art_painting']
Loss historical diff: 1.7763326466083527; Loss Difference: 0.0, Decision: 0
Round 161 took 4.736103057861328s, results:
{'t': 160, 'current_accuracy': 0.64453125, 'current_loss': 2.105394959449768, 'train_loss': None, 'decision': 0, 'drift_rate': 0.008, 'target_domains': ['art_painting']}
0.008 ['art_painting']
Loss historical diff: 1.7763332426548004; Loss Difference: 0.0, Decision: 0
Round 162 took 4.371089458465576s, results:
{'t': 161, 'current_accuracy': 0.64453125, 'current_loss': 2.105395555496216, 'train_loss': None, 'decision': 0, 'drift_rate': 0.008, 'target_domains': ['art_painting']}
0.008 ['art_painting']
Loss historical diff: 1.7763330042362213; Loss Difference: 0.0, Decision: 0
Round 163 took 4.445375919342041s, results:
{'t': 162, 'current_accuracy': 0.64453125, 'current_loss': 2.1053953170776367, 'train_loss': None, 'decision': 0, 'drift_rate': 0.008, 'target_domains': ['art_painting']}
0.008 ['art_painting']
Loss historical diff: 1.7763332426548004; Loss Difference: 0.0, Decision: 0
Round 164 took 4.427230358123779s, results:
{'t': 163, 'current_accuracy': 0.64453125, 'current_loss': 2.105395555496216, 'train_loss': None, 'decision': 0, 'drift_rate': 0.008, 'target_domains': ['art_painting']}
0.008 ['art_painting']
Loss historical diff: 1.7763327658176422; Loss Difference: 0.0, Decision: 0
Round 165 took 4.4962122440338135s, results:
{'t': 164, 'current_accuracy': 0.64453125, 'current_loss': 2.1053950786590576, 'train_loss': None, 'decision': 0, 'drift_rate': 0.008, 'target_domains': ['art_painting']}
0.008 ['art_painting']
Loss historical diff: 1.776332825422287; Loss Difference: 0.0, Decision: 0
Round 166 took 4.516734838485718s, results:
{'t': 165, 'current_accuracy': 0.64453125, 'current_loss': 2.1053951382637024, 'train_loss': None, 'decision': 0, 'drift_rate': 0.008, 'target_domains': ['art_painting']}
0.008 ['art_painting']
Loss historical diff: 1.7763312757015228; Loss Difference: 0.0, Decision: 0
Round 167 took 4.202739238739014s, results:
{'t': 166, 'current_accuracy': 0.64453125, 'current_loss': 2.1053935885429382, 'train_loss': None, 'decision': 0, 'drift_rate': 0.008, 'target_domains': ['art_painting']}
0.008 ['art_painting']
Loss historical diff: 1.77633336186409; Loss Difference: 0.0, Decision: 0
Round 168 took 4.126631498336792s, results:
{'t': 167, 'current_accuracy': 0.64453125, 'current_loss': 2.1053956747055054, 'train_loss': None, 'decision': 0, 'drift_rate': 0.008, 'target_domains': ['art_painting']}
0.008 ['art_painting']
Loss historical diff: 1.7763331234455109; Loss Difference: 0.0, Decision: 0
Round 169 took 4.15519118309021s, results:
{'t': 168, 'current_accuracy': 0.64453125, 'current_loss': 2.1053954362869263, 'train_loss': None, 'decision': 0, 'drift_rate': 0.008, 'target_domains': ['art_painting']}
0.008 ['art_painting']
Loss historical diff: 1.7763330042362213; Loss Difference: 0.0, Decision: 0
Round 170 took 4.232833623886108s, results:
{'t': 169, 'current_accuracy': 0.64453125, 'current_loss': 2.1053953170776367, 'train_loss': None, 'decision': 0, 'drift_rate': 0.008, 'target_domains': ['art_painting']}
0.008 ['art_painting']
Loss historical diff: 1.7763331234455109; Loss Difference: 0.0, Decision: 0
Round 171 took 4.055075168609619s, results:
{'t': 170, 'current_accuracy': 0.64453125, 'current_loss': 2.1053954362869263, 'train_loss': None, 'decision': 0, 'drift_rate': 0.008, 'target_domains': ['art_painting']}
0.008 ['art_painting']
Loss historical diff: 1.7763331234455109; Loss Difference: 0.0, Decision: 0
Round 172 took 3.831557512283325s, results:
{'t': 171, 'current_accuracy': 0.64453125, 'current_loss': 2.1053954362869263, 'train_loss': None, 'decision': 0, 'drift_rate': 0.008, 'target_domains': ['art_painting']}
0.008 ['art_painting']
Loss historical diff: 1.7763324081897736; Loss Difference: 0.0, Decision: 0
Round 173 took 4.0018885135650635s, results:
{'t': 172, 'current_accuracy': 0.64453125, 'current_loss': 2.105394721031189, 'train_loss': None, 'decision': 0, 'drift_rate': 0.008, 'target_domains': ['art_painting']}
0.008 ['art_painting']
Loss historical diff: 1.7763343155384064; Loss Difference: 0.0, Decision: 0
Round 174 took 3.947561264038086s, results:
{'t': 173, 'current_accuracy': 0.64453125, 'current_loss': 2.1053966283798218, 'train_loss': None, 'decision': 0, 'drift_rate': 0.008, 'target_domains': ['art_painting']}
0.008 ['art_painting']
Loss historical diff: 1.7763325870037079; Loss Difference: 0.0, Decision: 0
Round 175 took 3.990358591079712s, results:
{'t': 174, 'current_accuracy': 0.64453125, 'current_loss': 2.1053948998451233, 'train_loss': None, 'decision': 0, 'drift_rate': 0.008, 'target_domains': ['art_painting']}
0.008 ['art_painting']
Loss historical diff: 1.776332527399063; Loss Difference: 0.0, Decision: 0
Round 176 took 4.055006980895996s, results:
{'t': 175, 'current_accuracy': 0.64453125, 'current_loss': 2.1053948402404785, 'train_loss': None, 'decision': 0, 'drift_rate': 0.008, 'target_domains': ['art_painting']}
0.008 ['art_painting']
Loss historical diff: 1.7763331830501556; Loss Difference: 0.0, Decision: 0
Round 177 took 4.247920989990234s, results:
{'t': 176, 'current_accuracy': 0.64453125, 'current_loss': 2.105395495891571, 'train_loss': None, 'decision': 0, 'drift_rate': 0.008, 'target_domains': ['art_painting']}
0.008 ['art_painting']
Loss historical diff: 1.7763327658176422; Loss Difference: 0.0, Decision: 0
Round 178 took 4.616213083267212s, results:
{'t': 177, 'current_accuracy': 0.64453125, 'current_loss': 2.1053950786590576, 'train_loss': None, 'decision': 0, 'drift_rate': 0.008, 'target_domains': ['art_painting']}
0.008 ['art_painting']
Loss historical diff: 1.7763331234455109; Loss Difference: 0.0, Decision: 0
Round 179 took 4.574276924133301s, results:
{'t': 178, 'current_accuracy': 0.64453125, 'current_loss': 2.1053954362869263, 'train_loss': None, 'decision': 0, 'drift_rate': 0.008, 'target_domains': ['art_painting']}
0.008 ['art_painting']
Loss historical diff: 1.7763328850269318; Loss Difference: 0.0, Decision: 0
Round 180 took 4.4118218421936035s, results:
{'t': 179, 'current_accuracy': 0.64453125, 'current_loss': 2.105395197868347, 'train_loss': None, 'decision': 0, 'drift_rate': 0.008, 'target_domains': ['art_painting']}
0.01 ['sketch']
Loss historical diff: 1.7965082824230194; Loss Difference: 0.0, Decision: 0
Round 181 took 4.111302852630615s, results:
{'t': 180, 'current_accuracy': 0.640625, 'current_loss': 2.125570595264435, 'train_loss': None, 'decision': 0, 'drift_rate': 0.01, 'target_domains': ['sketch']}
0.01 ['sketch']
Loss historical diff: 1.826163500547409; Loss Difference: 0.0, Decision: 0
Round 182 took 3.869523525238037s, results:
{'t': 181, 'current_accuracy': 0.6328125, 'current_loss': 2.1552258133888245, 'train_loss': None, 'decision': 0, 'drift_rate': 0.01, 'target_domains': ['sketch']}
0.01 ['sketch']
Loss historical diff: 1.853036791086197; Loss Difference: 0.0, Decision: 0
Round 183 took 4.1800620555877686s, results:
{'t': 182, 'current_accuracy': 0.625, 'current_loss': 2.1820991039276123, 'train_loss': None, 'decision': 0, 'drift_rate': 0.01, 'target_domains': ['sketch']}
0.01 ['sketch']
Loss historical diff: 1.8674335777759552; Loss Difference: 0.0, Decision: 0
Round 184 took 4.370428085327148s, results:
{'t': 183, 'current_accuracy': 0.62109375, 'current_loss': 2.1964958906173706, 'train_loss': None, 'decision': 0, 'drift_rate': 0.01, 'target_domains': ['sketch']}
0.01 ['sketch']
Loss historical diff: 1.9111707508563995; Loss Difference: 0.0, Decision: 0
Round 185 took 4.294786214828491s, results:
{'t': 184, 'current_accuracy': 0.61328125, 'current_loss': 2.240233063697815, 'train_loss': None, 'decision': 0, 'drift_rate': 0.01, 'target_domains': ['sketch']}
0.01 ['sketch']
Loss historical diff: 1.9408284723758698; Loss Difference: 0.0, Decision: 0
Round 186 took 3.8759360313415527s, results:
{'t': 185, 'current_accuracy': 0.60546875, 'current_loss': 2.269890785217285, 'train_loss': None, 'decision': 0, 'drift_rate': 0.01, 'target_domains': ['sketch']}
0.01 ['sketch']
Loss historical diff: 1.965279370546341; Loss Difference: 0.0, Decision: 0
Round 187 took 4.449561595916748s, results:
{'t': 186, 'current_accuracy': 0.6015625, 'current_loss': 2.2943416833877563, 'train_loss': None, 'decision': 0, 'drift_rate': 0.01, 'target_domains': ['sketch']}
0.01 ['sketch']
Loss historical diff: 1.9766161739826202; Loss Difference: 0.0, Decision: 0
Round 188 took 4.079609155654907s, results:
{'t': 187, 'current_accuracy': 0.59765625, 'current_loss': 2.3056784868240356, 'train_loss': None, 'decision': 0, 'drift_rate': 0.01, 'target_domains': ['sketch']}
0.01 ['sketch']
Loss historical diff: 1.986575871706009; Loss Difference: 0.0, Decision: 0
Round 189 took 4.176766633987427s, results:
{'t': 188, 'current_accuracy': 0.59765625, 'current_loss': 2.3156381845474243, 'train_loss': None, 'decision': 0, 'drift_rate': 0.01, 'target_domains': ['sketch']}
0.01 ['sketch']
Loss historical diff: 2.0216948091983795; Loss Difference: 0.0, Decision: 0
Round 190 took 3.926038980484009s, results:
{'t': 189, 'current_accuracy': 0.59375, 'current_loss': 2.350757122039795, 'train_loss': None, 'decision': 0, 'drift_rate': 0.01, 'target_domains': ['sketch']}
0.01 ['sketch']
Loss historical diff: 2.0647304356098175; Loss Difference: 0.0, Decision: 0
Round 191 took 4.149747371673584s, results:
{'t': 190, 'current_accuracy': 0.5859375, 'current_loss': 2.393792748451233, 'train_loss': None, 'decision': 0, 'drift_rate': 0.01, 'target_domains': ['sketch']}
0.01 ['sketch']
Loss historical diff: 2.033991128206253; Loss Difference: 0.0, Decision: 0
Round 192 took 3.934148073196411s, results:
{'t': 191, 'current_accuracy': 0.5859375, 'current_loss': 2.3630534410476685, 'train_loss': None, 'decision': 0, 'drift_rate': 0.01, 'target_domains': ['sketch']}
0.01 ['sketch']
Loss historical diff: 2.0592117607593536; Loss Difference: 0.0, Decision: 0
Round 193 took 4.040376663208008s, results:
{'t': 192, 'current_accuracy': 0.58203125, 'current_loss': 2.388274073600769, 'train_loss': None, 'decision': 0, 'drift_rate': 0.01, 'target_domains': ['sketch']}
0.01 ['sketch']
Loss historical diff: 2.076889783143997; Loss Difference: 0.0, Decision: 0
Round 194 took 3.9821348190307617s, results:
{'t': 193, 'current_accuracy': 0.578125, 'current_loss': 2.4059520959854126, 'train_loss': None, 'decision': 0, 'drift_rate': 0.01, 'target_domains': ['sketch']}
0.01 ['sketch']
Loss historical diff: 2.058122545480728; Loss Difference: 0.0, Decision: 0
Round 195 took 3.972933053970337s, results:
{'t': 194, 'current_accuracy': 0.578125, 'current_loss': 2.3871848583221436, 'train_loss': None, 'decision': 0, 'drift_rate': 0.01, 'target_domains': ['sketch']}
0.01 ['sketch']
Loss historical diff: 2.065551310777664; Loss Difference: 0.0, Decision: 0
Round 196 took 4.086879253387451s, results:
{'t': 195, 'current_accuracy': 0.57421875, 'current_loss': 2.3946136236190796, 'train_loss': None, 'decision': 0, 'drift_rate': 0.01, 'target_domains': ['sketch']}
0.01 ['sketch']
Loss historical diff: 2.107694774866104; Loss Difference: 0.0, Decision: 0
Round 197 took 4.22473669052124s, results:
{'t': 196, 'current_accuracy': 0.56640625, 'current_loss': 2.4367570877075195, 'train_loss': None, 'decision': 0, 'drift_rate': 0.01, 'target_domains': ['sketch']}
0.01 ['sketch']
Loss historical diff: 2.122404843568802; Loss Difference: 0.0, Decision: 0
Round 198 took 3.93800687789917s, results:
{'t': 197, 'current_accuracy': 0.5625, 'current_loss': 2.4514671564102173, 'train_loss': None, 'decision': 0, 'drift_rate': 0.01, 'target_domains': ['sketch']}
0.01 ['sketch']
Loss historical diff: 2.1040304005146027; Loss Difference: 0.0, Decision: 0
Round 199 took 4.260993480682373s, results:
{'t': 198, 'current_accuracy': 0.5625, 'current_loss': 2.433092713356018, 'train_loss': None, 'decision': 0, 'drift_rate': 0.01, 'target_domains': ['sketch']}
0.01 ['sketch']
Loss historical diff: 2.142976611852646; Loss Difference: 0.0, Decision: 0
Round 200 took 4.145364284515381s, results:
{'t': 199, 'current_accuracy': 0.55859375, 'current_loss': 2.4720389246940613, 'train_loss': None, 'decision': 0, 'drift_rate': 0.01, 'target_domains': ['sketch']}
0.01 ['sketch']
Loss historical diff: 2.180366426706314; Loss Difference: 0.0, Decision: 0
Round 201 took 4.179455995559692s, results:
{'t': 200, 'current_accuracy': 0.55078125, 'current_loss': 2.5094287395477295, 'train_loss': None, 'decision': 0, 'drift_rate': 0.01, 'target_domains': ['sketch']}
0.01 ['sketch']
Loss historical diff: 2.2004500925540924; Loss Difference: 0.0, Decision: 0
Round 202 took 4.005212068557739s, results:
{'t': 201, 'current_accuracy': 0.54296875, 'current_loss': 2.529512405395508, 'train_loss': None, 'decision': 0, 'drift_rate': 0.01, 'target_domains': ['sketch']}
0.01 ['sketch']
Loss historical diff: 2.178134709596634; Loss Difference: 0.0, Decision: 0
Round 203 took 4.326941967010498s, results:
{'t': 202, 'current_accuracy': 0.54296875, 'current_loss': 2.5071970224380493, 'train_loss': None, 'decision': 0, 'drift_rate': 0.01, 'target_domains': ['sketch']}
0.01 ['sketch']
Loss historical diff: 2.2189492285251617; Loss Difference: 0.0, Decision: 0
Round 204 took 3.705162525177002s, results:
{'t': 203, 'current_accuracy': 0.5390625, 'current_loss': 2.548011541366577, 'train_loss': None, 'decision': 0, 'drift_rate': 0.01, 'target_domains': ['sketch']}
0.01 ['sketch']
Loss historical diff: 2.2226933538913727; Loss Difference: 0.0, Decision: 0
Round 205 took 3.8659005165100098s, results:
{'t': 204, 'current_accuracy': 0.53515625, 'current_loss': 2.551755666732788, 'train_loss': None, 'decision': 0, 'drift_rate': 0.01, 'target_domains': ['sketch']}
0.01 ['sketch']
Loss historical diff: 2.256133943796158; Loss Difference: 0.0, Decision: 0
Round 206 took 4.214453458786011s, results:
{'t': 205, 'current_accuracy': 0.53125, 'current_loss': 2.5851962566375732, 'train_loss': None, 'decision': 0, 'drift_rate': 0.01, 'target_domains': ['sketch']}
0.01 ['sketch']
Loss historical diff: 2.2085000574588776; Loss Difference: 0.0, Decision: 0
Round 207 took 4.06760573387146s, results:
{'t': 206, 'current_accuracy': 0.53125, 'current_loss': 2.537562370300293, 'train_loss': None, 'decision': 0, 'drift_rate': 0.01, 'target_domains': ['sketch']}
0.01 ['sketch']
Loss historical diff: 2.225946456193924; Loss Difference: 0.0, Decision: 0
Round 208 took 3.8509981632232666s, results:
{'t': 207, 'current_accuracy': 0.52734375, 'current_loss': 2.5550087690353394, 'train_loss': None, 'decision': 0, 'drift_rate': 0.01, 'target_domains': ['sketch']}
0.01 ['sketch']
Loss historical diff: 2.27066507935524; Loss Difference: 0.0, Decision: 0
Round 209 took 3.9940037727355957s, results:
{'t': 208, 'current_accuracy': 0.51953125, 'current_loss': 2.5997273921966553, 'train_loss': None, 'decision': 0, 'drift_rate': 0.01, 'target_domains': ['sketch']}
0.01 ['sketch']
Loss historical diff: 2.260775476694107; Loss Difference: 0.0, Decision: 0
Round 210 took 3.8826417922973633s, results:
{'t': 209, 'current_accuracy': 0.515625, 'current_loss': 2.5898377895355225, 'train_loss': None, 'decision': 0, 'drift_rate': 0.01, 'target_domains': ['sketch']}
0.01 ['sketch']
Loss historical diff: 2.29028382897377; Loss Difference: 0.0, Decision: 0
Round 211 took 4.206431150436401s, results:
{'t': 210, 'current_accuracy': 0.51171875, 'current_loss': 2.6193461418151855, 'train_loss': None, 'decision': 0, 'drift_rate': 0.01, 'target_domains': ['sketch']}
0.01 ['sketch']
Loss historical diff: 2.311479240655899; Loss Difference: 0.0, Decision: 0
Round 212 took 3.9555184841156006s, results:
{'t': 211, 'current_accuracy': 0.50390625, 'current_loss': 2.6405415534973145, 'train_loss': None, 'decision': 0, 'drift_rate': 0.01, 'target_domains': ['sketch']}
0.01 ['sketch']
Loss historical diff: 2.30435910820961; Loss Difference: 0.0, Decision: 0
Round 213 took 3.89877986907959s, results:
{'t': 212, 'current_accuracy': 0.50390625, 'current_loss': 2.6334214210510254, 'train_loss': None, 'decision': 0, 'drift_rate': 0.01, 'target_domains': ['sketch']}
0.01 ['sketch']
Loss historical diff: 2.32508447766304; Loss Difference: 0.0, Decision: 0
Round 214 took 4.481410980224609s, results:
{'t': 213, 'current_accuracy': 0.5, 'current_loss': 2.6541467905044556, 'train_loss': None, 'decision': 0, 'drift_rate': 0.01, 'target_domains': ['sketch']}
0.01 ['sketch']
Loss historical diff: 2.348020225763321; Loss Difference: 0.0, Decision: 0
Round 215 took 3.9872281551361084s, results:
{'t': 214, 'current_accuracy': 0.49609375, 'current_loss': 2.6770825386047363, 'train_loss': None, 'decision': 0, 'drift_rate': 0.01, 'target_domains': ['sketch']}
0.01 ['sketch']
Loss historical diff: 2.361731916666031; Loss Difference: 0.0, Decision: 0
Round 216 took 4.2471394538879395s, results:
{'t': 215, 'current_accuracy': 0.4921875, 'current_loss': 2.6907942295074463, 'train_loss': None, 'decision': 0, 'drift_rate': 0.01, 'target_domains': ['sketch']}
0.01 ['sketch']
Loss historical diff: 2.412603050470352; Loss Difference: 0.0, Decision: 0
Round 217 took 4.1970415115356445s, results:
{'t': 216, 'current_accuracy': 0.484375, 'current_loss': 2.7416653633117676, 'train_loss': None, 'decision': 0, 'drift_rate': 0.01, 'target_domains': ['sketch']}
0.01 ['sketch']
Loss historical diff: 2.4651152193546295; Loss Difference: 0.0, Decision: 0
Round 218 took 4.292431116104126s, results:
{'t': 217, 'current_accuracy': 0.4765625, 'current_loss': 2.794177532196045, 'train_loss': None, 'decision': 0, 'drift_rate': 0.01, 'target_domains': ['sketch']}
0.01 ['sketch']
Loss historical diff: 2.4742659628391266; Loss Difference: 0.0, Decision: 0
Round 219 took 4.411440372467041s, results:
{'t': 218, 'current_accuracy': 0.4765625, 'current_loss': 2.803328275680542, 'train_loss': None, 'decision': 0, 'drift_rate': 0.01, 'target_domains': ['sketch']}
0.01 ['sketch']
Loss historical diff: 2.518913060426712; Loss Difference: 0.0, Decision: 0
Round 220 took 4.543746471405029s, results:
{'t': 219, 'current_accuracy': 0.47265625, 'current_loss': 2.8479753732681274, 'train_loss': None, 'decision': 0, 'drift_rate': 0.01, 'target_domains': ['sketch']}
0.01 ['sketch']
Loss historical diff: 2.5451965630054474; Loss Difference: 0.0, Decision: 0
Round 221 took 4.195737838745117s, results:
{'t': 220, 'current_accuracy': 0.46875, 'current_loss': 2.874258875846863, 'train_loss': None, 'decision': 0, 'drift_rate': 0.01, 'target_domains': ['sketch']}
0.01 ['sketch']
Loss historical diff: 2.5532367527484894; Loss Difference: 0.0, Decision: 0
Round 222 took 4.180426359176636s, results:
{'t': 221, 'current_accuracy': 0.46875, 'current_loss': 2.882299065589905, 'train_loss': None, 'decision': 0, 'drift_rate': 0.01, 'target_domains': ['sketch']}
0.01 ['sketch']
Loss historical diff: 2.5710982382297516; Loss Difference: 0.0, Decision: 0
Round 223 took 4.269975185394287s, results:
{'t': 222, 'current_accuracy': 0.46875, 'current_loss': 2.900160551071167, 'train_loss': None, 'decision': 0, 'drift_rate': 0.01, 'target_domains': ['sketch']}
0.01 ['sketch']
Loss historical diff: 2.555571109056473; Loss Difference: 0.0, Decision: 0
Round 224 took 3.986395835876465s, results:
{'t': 223, 'current_accuracy': 0.46875, 'current_loss': 2.884633421897888, 'train_loss': None, 'decision': 0, 'drift_rate': 0.01, 'target_domains': ['sketch']}
0.01 ['sketch']
Loss historical diff: 2.534086734056473; Loss Difference: 0.0, Decision: 0
Round 225 took 4.043858051300049s, results:
{'t': 224, 'current_accuracy': 0.47265625, 'current_loss': 2.863149046897888, 'train_loss': None, 'decision': 0, 'drift_rate': 0.01, 'target_domains': ['sketch']}
0.01 ['sketch']
Loss historical diff: 2.5386208593845367; Loss Difference: 0.0, Decision: 0
Round 226 took 4.359081268310547s, results:
{'t': 225, 'current_accuracy': 0.47265625, 'current_loss': 2.867683172225952, 'train_loss': None, 'decision': 0, 'drift_rate': 0.01, 'target_domains': ['sketch']}
0.01 ['sketch']
Loss historical diff: 2.5836168825626373; Loss Difference: 0.0, Decision: 0
Round 227 took 4.3639397621154785s, results:
{'t': 226, 'current_accuracy': 0.46484375, 'current_loss': 2.9126791954040527, 'train_loss': None, 'decision': 0, 'drift_rate': 0.01, 'target_domains': ['sketch']}
0.01 ['sketch']
Loss historical diff: 2.576927810907364; Loss Difference: 0.0, Decision: 0
Round 228 took 4.428048610687256s, results:
{'t': 227, 'current_accuracy': 0.46484375, 'current_loss': 2.9059901237487793, 'train_loss': None, 'decision': 0, 'drift_rate': 0.01, 'target_domains': ['sketch']}
0.01 ['sketch']
Loss historical diff: 2.6089976131916046; Loss Difference: 0.0, Decision: 0
Round 229 took 4.433248281478882s, results:
{'t': 228, 'current_accuracy': 0.46484375, 'current_loss': 2.93805992603302, 'train_loss': None, 'decision': 0, 'drift_rate': 0.01, 'target_domains': ['sketch']}
0.01 ['sketch']
Loss historical diff: 2.605670243501663; Loss Difference: 0.0, Decision: 0
Round 230 took 4.677233934402466s, results:
{'t': 229, 'current_accuracy': 0.46484375, 'current_loss': 2.9347325563430786, 'train_loss': None, 'decision': 0, 'drift_rate': 0.01, 'target_domains': ['sketch']}
0.01 ['sketch']
Loss historical diff: 2.616383343935013; Loss Difference: 0.0, Decision: 0
Round 231 took 4.417821407318115s, results:
{'t': 230, 'current_accuracy': 0.4609375, 'current_loss': 2.9454456567764282, 'train_loss': None, 'decision': 0, 'drift_rate': 0.01, 'target_domains': ['sketch']}
0.01 ['sketch']
Loss historical diff: 2.667171150445938; Loss Difference: 0.0, Decision: 0
Round 232 took 4.543967962265015s, results:
{'t': 231, 'current_accuracy': 0.453125, 'current_loss': 2.9962334632873535, 'train_loss': None, 'decision': 0, 'drift_rate': 0.01, 'target_domains': ['sketch']}
0.01 ['sketch']
Loss historical diff: 2.6941029131412506; Loss Difference: 0.0, Decision: 0
Round 233 took 4.470671892166138s, results:
{'t': 232, 'current_accuracy': 0.4453125, 'current_loss': 3.023165225982666, 'train_loss': None, 'decision': 0, 'drift_rate': 0.01, 'target_domains': ['sketch']}
0.01 ['sketch']
Loss historical diff: 2.7241884768009186; Loss Difference: 0.0, Decision: 0
Round 234 took 3.9176254272460938s, results:
{'t': 233, 'current_accuracy': 0.44140625, 'current_loss': 3.053250789642334, 'train_loss': None, 'decision': 0, 'drift_rate': 0.01, 'target_domains': ['sketch']}
0.01 ['sketch']
Loss historical diff: 2.7456178963184357; Loss Difference: 0.0, Decision: 0
Round 235 took 4.554938316345215s, results:
{'t': 234, 'current_accuracy': 0.4375, 'current_loss': 3.074680209159851, 'train_loss': None, 'decision': 0, 'drift_rate': 0.01, 'target_domains': ['sketch']}
0.01 ['sketch']
Loss historical diff: 2.7773469984531403; Loss Difference: 0.0, Decision: 0
Round 236 took 4.266812801361084s, results:
{'t': 235, 'current_accuracy': 0.4296875, 'current_loss': 3.1064093112945557, 'train_loss': None, 'decision': 0, 'drift_rate': 0.01, 'target_domains': ['sketch']}
0.01 ['sketch']
Loss historical diff: 2.8216271698474884; Loss Difference: 0.0, Decision: 0
Round 237 took 4.351222991943359s, results:
{'t': 236, 'current_accuracy': 0.421875, 'current_loss': 3.150689482688904, 'train_loss': None, 'decision': 0, 'drift_rate': 0.01, 'target_domains': ['sketch']}
0.01 ['sketch']
Loss historical diff: 2.849875122308731; Loss Difference: 0.0, Decision: 0
Round 238 took 3.695557117462158s, results:
{'t': 237, 'current_accuracy': 0.41796875, 'current_loss': 3.1789374351501465, 'train_loss': None, 'decision': 0, 'drift_rate': 0.01, 'target_domains': ['sketch']}
0.01 ['sketch']
Loss historical diff: 2.849086672067642; Loss Difference: 0.0, Decision: 0
Round 239 took 4.0454487800598145s, results:
{'t': 238, 'current_accuracy': 0.41796875, 'current_loss': 3.1781489849090576, 'train_loss': None, 'decision': 0, 'drift_rate': 0.01, 'target_domains': ['sketch']}
0.01 ['sketch']
Loss historical diff: 2.817716747522354; Loss Difference: 0.0, Decision: 0
Round 240 took 3.9390323162078857s, results:
{'t': 239, 'current_accuracy': 0.41796875, 'current_loss': 3.1467790603637695, 'train_loss': None, 'decision': 0, 'drift_rate': 0.01, 'target_domains': ['sketch']}
0.01 ['sketch']
Loss historical diff: 2.85930398106575; Loss Difference: 0.0, Decision: 0
Round 241 took 4.049565553665161s, results:
{'t': 240, 'current_accuracy': 0.4140625, 'current_loss': 3.1883662939071655, 'train_loss': None, 'decision': 0, 'drift_rate': 0.01, 'target_domains': ['sketch']}
0.01 ['sketch']
Loss historical diff: 2.867162376642227; Loss Difference: 0.0, Decision: 0
Round 242 took 3.97052001953125s, results:
{'t': 241, 'current_accuracy': 0.4140625, 'current_loss': 3.1962246894836426, 'train_loss': None, 'decision': 0, 'drift_rate': 0.01, 'target_domains': ['sketch']}
0.01 ['sketch']
Loss historical diff: 2.8638292849063873; Loss Difference: 0.0, Decision: 0
Round 243 took 3.8681490421295166s, results:
{'t': 242, 'current_accuracy': 0.41015625, 'current_loss': 3.1928915977478027, 'train_loss': None, 'decision': 0, 'drift_rate': 0.01, 'target_domains': ['sketch']}
0.01 ['sketch']
Loss historical diff: 2.835004359483719; Loss Difference: 0.0, Decision: 0
Round 244 took 3.905881643295288s, results:
{'t': 243, 'current_accuracy': 0.4140625, 'current_loss': 3.1640666723251343, 'train_loss': None, 'decision': 0, 'drift_rate': 0.01, 'target_domains': ['sketch']}
0.01 ['sketch']
Loss historical diff: 2.8386018574237823; Loss Difference: 0.0, Decision: 0
Round 245 took 3.608757734298706s, results:
{'t': 244, 'current_accuracy': 0.4140625, 'current_loss': 3.1676641702651978, 'train_loss': None, 'decision': 0, 'drift_rate': 0.01, 'target_domains': ['sketch']}
0.01 ['sketch']
Loss historical diff: 2.8296983540058136; Loss Difference: 0.0, Decision: 0
Round 246 took 3.7825520038604736s, results:
{'t': 245, 'current_accuracy': 0.41015625, 'current_loss': 3.158760666847229, 'train_loss': None, 'decision': 0, 'drift_rate': 0.01, 'target_domains': ['sketch']}
0.01 ['sketch']
Loss historical diff: 2.846629172563553; Loss Difference: 0.0, Decision: 0
Round 247 took 4.049259424209595s, results:
{'t': 246, 'current_accuracy': 0.41015625, 'current_loss': 3.1756914854049683, 'train_loss': None, 'decision': 0, 'drift_rate': 0.01, 'target_domains': ['sketch']}
0.01 ['sketch']
Loss historical diff: 2.872146040201187; Loss Difference: 0.0, Decision: 0
Round 248 took 4.023576021194458s, results:
{'t': 247, 'current_accuracy': 0.41015625, 'current_loss': 3.2012083530426025, 'train_loss': None, 'decision': 0, 'drift_rate': 0.01, 'target_domains': ['sketch']}
0.01 ['sketch']
Loss historical diff: 2.8781457245349884; Loss Difference: 0.0, Decision: 0
Round 249 took 4.196467399597168s, results:
{'t': 248, 'current_accuracy': 0.40625, 'current_loss': 3.207208037376404, 'train_loss': None, 'decision': 0, 'drift_rate': 0.01, 'target_domains': ['sketch']}
0.01 ['sketch']
Loss historical diff: 2.8788050711154938; Loss Difference: 0.0, Decision: 0
Round 250 took 4.077333688735962s, results:
{'t': 249, 'current_accuracy': 0.40625, 'current_loss': 3.207867383956909, 'train_loss': None, 'decision': 0, 'drift_rate': 0.01, 'target_domains': ['sketch']}
Average time per round: 4.187047260284424
Total time: 1046.761815071106
