/home/apiasecz/programming/concept_drift_optimal_adaptation_FL/src/test_loss_behavior_under_drift.py:171: FutureWarning: You are using `torch.load` with `weights_only=False` (the current default value), which uses the default pickle module implicitly. It is possible to construct malicious pickle data which will execute arbitrary code during unpickling (See https://github.com/pytorch/pytorch/blob/main/SECURITY.md#untrusted-models for more details). In a future release, the default value for `weights_only` will be flipped to `True`. This limits the functions that could be executed during unpickling. Arbitrary objects will no longer be allowed to be loaded via this mode unless they are explicitly allowlisted by the user via `torch.serialization.add_safe_globals`. We recommend you start setting `weights_only=True` for any use case where you don't have full control of the loaded file. Please open an issue on GitHub for any issues related to this experimental feature.
  model.load_state_dict(torch.load(model_path))
seed: 0
policy_id: 3
setting_id: 0
pi_bar: 0.1
drift_rate: 0.01
V: 65
0.0634954282167283 0.006153846153846154
Epoch 1/5, Loss: 0.4030
Epoch 2/5, Loss: 0.3531
Epoch 3/5, Loss: 0.3037
Epoch 4/5, Loss: 0.2692
Epoch 5/5, Loss: 0.2293
Round 0: Accuracy = 0.8214, Decision = 1
0.4082002700729803 0.019999999999999997
Epoch 1/5, Loss: 0.2499
Epoch 2/5, Loss: 0.2194
Epoch 3/5, Loss: 0.2643
Epoch 4/5, Loss: 0.2497
Epoch 5/5, Loss: 0.2357
Round 1: Accuracy = 0.7069, Decision = 1
0.2780527933077379 0.033846153846153845
Epoch 1/5, Loss: 0.2641
Epoch 2/5, Loss: 0.2544
Epoch 3/5, Loss: 0.2407
Epoch 4/5, Loss: 0.2607
Epoch 5/5, Loss: 0.2059
Round 2: Accuracy = 0.6643, Decision = 1
-0.29911794231245015 0.04769230769230769
Round 3: Accuracy = 0.7418, Decision = 0
0.028774528453747505 0.04615384615384615
Round 4: Accuracy = 0.7356, Decision = 0
0.06362347304821014 0.044615384615384605
Epoch 1/5, Loss: 0.3947
Epoch 2/5, Loss: 0.3768
Epoch 3/5, Loss: 0.3741
Epoch 4/5, Loss: 0.3776
Epoch 5/5, Loss: 0.2933
Round 5: Accuracy = 0.7320, Decision = 1
-0.30110902587572735 0.058461538461538454
Round 6: Accuracy = 0.7757, Decision = 0
0.0023471054931481494 0.05692307692307691
Round 7: Accuracy = 0.7784, Decision = 0
0.02531374618411064 0.05538461538461537
Round 8: Accuracy = 0.7737, Decision = 0
0.018109971036513628 0.053846153846153835
Round 9: Accuracy = 0.7692, Decision = 0
0.013775096585353253 0.05230769230769229
Round 10: Accuracy = 0.7664, Decision = 0
0.010341006020704868 0.050769230769230754
Round 11: Accuracy = 0.7686, Decision = 0
-0.007898018146172525 0.04923076923076921
Round 12: Accuracy = 0.7656, Decision = 0
0.04770851192566067 0.04769230769230767
Epoch 1/5, Loss: 0.4056
Epoch 2/5, Loss: 0.4708
Epoch 3/5, Loss: 0.3682
Epoch 4/5, Loss: 0.4983
Epoch 5/5, Loss: 0.5150
Round 13: Accuracy = 0.7604, Decision = 1
0.3367363271804956 0.06153846153846152
Epoch 1/5, Loss: 0.4314
Epoch 2/5, Loss: 0.3654
Epoch 3/5, Loss: 0.3211
Epoch 4/5, Loss: 0.2841
Epoch 5/5, Loss: 0.2867
Round 14: Accuracy = 0.6402, Decision = 1
-0.32293452666356015 0.07538461538461538
Round 15: Accuracy = 0.7179, Decision = 0
0.018535100496732293 0.07384615384615384
Round 16: Accuracy = 0.7126, Decision = 0
0.019413019602115333 0.07230769230769231
Round 17: Accuracy = 0.7059, Decision = 0
0.0111605502091921 0.07076923076923078
Round 18: Accuracy = 0.7034, Decision = 0
0.008375119704466638 0.06923076923076925
Round 19: Accuracy = 0.6988, Decision = 0
0.006017359403463485 0.06769230769230772
Round 20: Accuracy = 0.6932, Decision = 0
0.01488855055400301 0.06615384615384616
Round 21: Accuracy = 0.6903, Decision = 0
0.0038822719029018016 0.06461538461538463
Round 22: Accuracy = 0.6876, Decision = 0
0.02117725781032015 0.0630769230769231
Round 23: Accuracy = 0.6854, Decision = 0
0.0073167575257165884 0.06153846153846155
Round 24: Accuracy = 0.6803, Decision = 0
0.01979676527636387 0.06
Round 25: Accuracy = 0.6830, Decision = 0
0.009105673858097574 0.05846153846153847
Round 26: Accuracy = 0.7578, Decision = 0
0.0019318738154002757 0.05692307692307692
Round 27: Accuracy = 0.6348, Decision = 0
0.018901859436716406 0.055384615384615386
Round 28: Accuracy = 0.6169, Decision = 0
0.0013913869857787864 0.05384615384615385
Round 29: Accuracy = 0.6328, Decision = 0
0.009206382433573412 0.052307692307692305
Round 30: Accuracy = 0.6597, Decision = 0
0.008616417646408081 0.05076923076923077
Round 31: Accuracy = 0.6465, Decision = 0
0.016599323352177953 0.049230769230769224
Round 32: Accuracy = 0.6559, Decision = 0
0.00901209115982049 0.04769230769230769
Round 33: Accuracy = 0.6582, Decision = 0
0.006375886996587199 0.04615384615384615
Round 34: Accuracy = 0.6557, Decision = 0
0.07484398471812403 0.044615384615384605
Epoch 1/5, Loss: 0.5211
Epoch 2/5, Loss: 0.6802
Epoch 3/5, Loss: 0.5074
Epoch 4/5, Loss: 0.4561
Epoch 5/5, Loss: 0.4262
Round 35: Accuracy = 0.6543, Decision = 1
-0.1394218560308218 0.058461538461538454
Round 36: Accuracy = 0.7046, Decision = 0
0.008416509255766869 0.05692307692307691
Round 37: Accuracy = 0.6988, Decision = 0
-0.0011765900999307632 0.05538461538461537
Round 38: Accuracy = 0.6985, Decision = 0
0.02054688334465027 0.053846153846153835
Round 39: Accuracy = 0.7018, Decision = 0
-0.006677452474832535 0.05230769230769229
Round 40: Accuracy = 0.7094, Decision = 0
-0.024439960937316374 0.050769230769230754
Round 41: Accuracy = 0.7076, Decision = 0
0.03831965081834665 0.04923076923076921
Round 42: Accuracy = 0.7055, Decision = 0
0.008425172637490652 0.04769230769230767
Round 43: Accuracy = 0.7109, Decision = 0
0.0010146358433891223 0.046153846153846136
Round 44: Accuracy = 0.7121, Decision = 0
0.01781177520751953 0.04461538461538459
Round 45: Accuracy = 0.7146, Decision = 0
0.0060210280558642415 0.043076923076923054
Round 46: Accuracy = 0.7154, Decision = 0
0.00818777084350586 0.04153846153846152
Round 47: Accuracy = 0.7129, Decision = 0
-0.0005010661541247075 0.03999999999999997
Round 48: Accuracy = 0.7126, Decision = 0
0.020069436894522785 0.038461538461538436
Round 49: Accuracy = 0.7115, Decision = 0
0.0066441280974282035 0.03692307692307689
Round 50: Accuracy = 0.7068, Decision = 0
0.00438234872288179 0.035384615384615355
Round 51: Accuracy = 0.7077, Decision = 0
0.017900049686431885 0.03384615384615382
Round 52: Accuracy = 0.7091, Decision = 0
0.0004266798496246338 0.03230769230769227
Round 53: Accuracy = 0.7073, Decision = 0
0.020598344809827696 0.030769230769230736
Round 54: Accuracy = 0.7061, Decision = 0
0.006947097025419624 0.029230769230769196
Round 55: Accuracy = 0.7009, Decision = 0
0.01149142415899973 0.027692307692307655
Round 56: Accuracy = 0.7017, Decision = 0
0.008927200969896854 0.026153846153846114
Round 57: Accuracy = 0.7026, Decision = 0
0.00942085918627289 0.024615384615384577
Round 58: Accuracy = 0.7019, Decision = 0
0.00958750373438777 0.023076923076923037
Round 59: Accuracy = 0.6943, Decision = 0
0.006201612949371382 0.021538461538461496
Round 60: Accuracy = 0.6625, Decision = 0
0.016111040115356468 0.01999999999999996
Round 61: Accuracy = 0.6733, Decision = 0
0.008080780506134033 0.01846153846153842
Round 62: Accuracy = 0.6927, Decision = 0
0.004689088463783242 0.016923076923076884
Round 63: Accuracy = 0.6898, Decision = 0
-0.023951058586438534 0.015384615384615346
Round 64: Accuracy = 0.6935, Decision = 0
0.037020900419780234 0.013846153846153808
Epoch 1/5, Loss: 0.7341
Epoch 2/5, Loss: 0.6194
Epoch 3/5, Loss: 0.5430
Epoch 4/5, Loss: 0.5185
Epoch 5/5, Loss: 0.5099
Round 65: Accuracy = 0.6837, Decision = 1
-0.3588008398101443 0.02769230769230765
Round 66: Accuracy = 0.6908, Decision = 0
0.006181003082366188 0.02615384615384611
Round 67: Accuracy = 0.6959, Decision = 0
0.0015949606895446777 0.024615384615384574
Round 68: Accuracy = 0.6917, Decision = 0
-0.012145898945919886 0.023076923076923033
Round 69: Accuracy = 0.6980, Decision = 0
0.00860990854826843 0.021538461538461496
Round 70: Accuracy = 0.6995, Decision = 0
0.010831112211400817 0.019999999999999955
Round 71: Accuracy = 0.6989, Decision = 0
0.006745166399262148 0.018461538461538418
Round 72: Accuracy = 0.6982, Decision = 0
0.004422525113279174 0.01692307692307688
Round 73: Accuracy = 0.6979, Decision = 0
0.01122895077518793 0.015384615384615346
Round 74: Accuracy = 0.7001, Decision = 0
-0.009104144314061036 0.013846153846153805
Round 75: Accuracy = 0.7036, Decision = 0
-0.0010225721027539714 0.012307692307692268
Round 76: Accuracy = 0.7021, Decision = 0
0.0043280552262844885 0.010769230769230729
Round 77: Accuracy = 0.7044, Decision = 0
0.014374401258385683 0.009230769230769192
Epoch 1/5, Loss: 0.4951
Epoch 2/5, Loss: 0.4623
Epoch 3/5, Loss: 0.4819
Epoch 4/5, Loss: 0.4450
Epoch 5/5, Loss: 0.4145
Round 78: Accuracy = 0.7079, Decision = 1
-0.04529185053231055 0.023076923076923033
Round 79: Accuracy = 0.7401, Decision = 0
0.008266795426607132 0.021538461538461496
Round 80: Accuracy = 0.7406, Decision = 0
0.004304099828004837 0.019999999999999955
Round 81: Accuracy = 0.7424, Decision = 0
0.002311964829762758 0.018461538461538418
Round 82: Accuracy = 0.7409, Decision = 0
0.005128402411937738 0.01692307692307688
Round 83: Accuracy = 0.7839, Decision = 0
0.014463309049606299 0.015384615384615346
Round 84: Accuracy = 0.7604, Decision = 0
0.0033322632312774436 0.013846153846153805
Round 85: Accuracy = 0.7362, Decision = 0
0.0007544875144958607 0.012307692307692268
Round 86: Accuracy = 0.7466, Decision = 0
0.02322509816059698 0.010769230769230729
Epoch 1/5, Loss: 0.4634
Epoch 2/5, Loss: 0.4607
Epoch 3/5, Loss: 0.4554
Epoch 4/5, Loss: 0.5119
Epoch 5/5, Loss: 0.5565
Round 87: Accuracy = 0.7453, Decision = 1
0.06886335576956093 0.024615384615384574
Epoch 1/5, Loss: 0.4515
Epoch 2/5, Loss: 0.4192
Epoch 3/5, Loss: 0.3800
Epoch 4/5, Loss: 0.3742
Epoch 5/5, Loss: 0.3351
Round 88: Accuracy = 0.7292, Decision = 1
No available target samples left. Reusing existing target indices.
-0.30731456468884766 0.03846153846153842
Round 89: Accuracy = 0.7927, Decision = 0
No available target samples left. Reusing existing target indices.
0.0030123823537276384 0.03692307692307688
Round 90: Accuracy = 0.7912, Decision = 0
No available target samples left. Reusing existing target indices.
0.0013455914763303989 0.03538461538461534
Round 91: Accuracy = 0.7864, Decision = 0
No available target samples left. Reusing existing target indices.
0.0030822094816427836 0.033846153846153804
Round 92: Accuracy = 0.7866, Decision = 0
No available target samples left. Reusing existing target indices.
-0.0029152230574533977 0.03230769230769226
Round 93: Accuracy = 0.7868, Decision = 0
No available target samples left. Reusing existing target indices.
0.0022947421440711047 0.030769230769230722
Round 94: Accuracy = 0.7837, Decision = 0
No available target samples left. Reusing existing target indices.
-0.004547912340897797 0.029230769230769182
Round 95: Accuracy = 0.7822, Decision = 0
No available target samples left. Reusing existing target indices.
0.005265508706753075 0.02769230769230764
Round 96: Accuracy = 0.7803, Decision = 0
No available target samples left. Reusing existing target indices.
-0.008549913190878333 0.0261538461538461
Round 97: Accuracy = 0.7788, Decision = 0
No available target samples left. Reusing existing target indices.
0.003768029121252181 0.024615384615384563
Round 98: Accuracy = 0.7786, Decision = 0
No available target samples left. Reusing existing target indices.
-0.001041657076432112 0.023076923076923023
Round 99: Accuracy = 0.7795, Decision = 0
No available target samples left. Reusing existing target indices.
-0.0020235232435740214 0.021538461538461482
Round 100: Accuracy = 0.7806, Decision = 0
No available target samples left. Reusing existing target indices.
0.0037888213992118835 0.019999999999999945
Round 101: Accuracy = 0.7771, Decision = 0
No available target samples left. Reusing existing target indices.
0.0053371437467061855 0.01846153846153841
Round 102: Accuracy = 0.7778, Decision = 0
No available target samples left. Reusing existing target indices.
-0.005744217680050789 0.01692307692307687
Round 103: Accuracy = 0.8092, Decision = 0
No available target samples left. Reusing existing target indices.
0.0033911437942431566 0.015384615384615332
Round 104: Accuracy = 0.7854, Decision = 0
No available target samples left. Reusing existing target indices.
-0.0034812178749304423 0.013846153846153795
Round 105: Accuracy = 0.7785, Decision = 0
No available target samples left. Reusing existing target indices.
0.0009121006497969653 0.012307692307692257
Round 106: Accuracy = 0.7863, Decision = 0
No available target samples left. Reusing existing target indices.
No available target samples left. Reusing existing target indices.
0.004614615096495689 0.010769230769230718
Round 107: Accuracy = 0.7863, Decision = 0
No available target samples left. Reusing existing target indices.
No available target samples left. Reusing existing target indices.
-0.002869810622471991 0.009230769230769181
Round 108: Accuracy = 0.7863, Decision = 0
No available target samples left. Reusing existing target indices.
No available target samples left. Reusing existing target indices.
-0.0005200023834522338 0.007692307692307642
Round 109: Accuracy = 0.7863, Decision = 0
No available target samples left. Reusing existing target indices.
No available target samples left. Reusing existing target indices.
-0.004098140276395323 0.006153846153846154
Round 110: Accuracy = 0.7863, Decision = 0
No available target samples left. Reusing existing target indices.
No available target samples left. Reusing existing target indices.
0.002868890189207496 0.006153846153846154
Round 111: Accuracy = 0.7863, Decision = 0
No available target samples left. Reusing existing target indices.
No available target samples left. Reusing existing target indices.
-0.0045358584477351305 0.006153846153846154
Round 112: Accuracy = 0.7863, Decision = 0
No available target samples left. Reusing existing target indices.
No available target samples left. Reusing existing target indices.
0.0032960589115436645 0.006153846153846154
Round 113: Accuracy = 0.7863, Decision = 0
No available target samples left. Reusing existing target indices.
No available target samples left. Reusing existing target indices.
0.000805870844767631 0.006153846153846154
Round 114: Accuracy = 0.7863, Decision = 0
No available target samples left. Reusing existing target indices.
No available target samples left. Reusing existing target indices.
0.0015561884412398364 0.006153846153846154
Round 115: Accuracy = 0.7863, Decision = 0
No available target samples left. Reusing existing target indices.
No available target samples left. Reusing existing target indices.
-0.005536843950931847 0.006153846153846154
Round 116: Accuracy = 0.7863, Decision = 0
No available target samples left. Reusing existing target indices.
No available target samples left. Reusing existing target indices.
0.007382952823088762 0.006153846153846154
Epoch 1/5, Loss: 0.3265
Epoch 2/5, Loss: 0.2974
Epoch 3/5, Loss: 0.2949
Epoch 4/5, Loss: 0.3484
Epoch 5/5, Loss: 0.2815
Round 117: Accuracy = 0.7863, Decision = 1
No available target samples left. Reusing existing target indices.
No available target samples left. Reusing existing target indices.
-0.05025995064240238 0.019999999999999997
Round 118: Accuracy = 0.7852, Decision = 0
No available target samples left. Reusing existing target indices.
No available target samples left. Reusing existing target indices.
-0.0016655337352018962 0.01846153846153846
Round 119: Accuracy = 0.7852, Decision = 0
No available target samples left. Reusing existing target indices.
No available target samples left. Reusing existing target indices.
0.009565756871150077 0.016923076923076926
Round 120: Accuracy = 0.7852, Decision = 0
No available target samples left. Reusing existing target indices.
No available target samples left. Reusing existing target indices.
-0.007181427799738377 0.015384615384615385
Round 121: Accuracy = 0.7852, Decision = 0
No available target samples left. Reusing existing target indices.
No available target samples left. Reusing existing target indices.
-0.0007749924866052582 0.013846153846153847
Round 122: Accuracy = 0.7852, Decision = 0
No available target samples left. Reusing existing target indices.
No available target samples left. Reusing existing target indices.
0.0005306082849318994 0.01230769230769231
Round 123: Accuracy = 0.7852, Decision = 0
No available target samples left. Reusing existing target indices.
No available target samples left. Reusing existing target indices.
0.003183582654366135 0.010769230769230772
Round 124: Accuracy = 0.7852, Decision = 0
No available target samples left. Reusing existing target indices.
No available target samples left. Reusing existing target indices.
-0.0014564635661932224 0.009230769230769233
Round 125: Accuracy = 0.7852, Decision = 0
No available target samples left. Reusing existing target indices.
No available target samples left. Reusing existing target indices.
-0.002346248007737667 0.007692307692307694
Round 126: Accuracy = 0.7852, Decision = 0
No available target samples left. Reusing existing target indices.
No available target samples left. Reusing existing target indices.
0.009007894648955433 0.006153846153846156
Epoch 1/5, Loss: 0.2693
Epoch 2/5, Loss: 0.2632
Epoch 3/5, Loss: 0.2633
Epoch 4/5, Loss: 0.2992
Epoch 5/5, Loss: 0.2803
Round 127: Accuracy = 0.7852, Decision = 1
No available target samples left. Reusing existing target indices.
No available target samples left. Reusing existing target indices.
0.20040066425616923 0.020000000000000004
Epoch 1/5, Loss: 0.2974
Epoch 2/5, Loss: 0.3462
Epoch 3/5, Loss: 0.2970
Epoch 4/5, Loss: 0.2678
Epoch 5/5, Loss: 0.2200
Round 128: Accuracy = 0.7394, Decision = 1
No available target samples left. Reusing existing target indices.
No available target samples left. Reusing existing target indices.
-0.23976874236877146 0.03384615384615385
Round 129: Accuracy = 0.8110, Decision = 0
No available target samples left. Reusing existing target indices.
No available target samples left. Reusing existing target indices.
0.003855627889816554 0.03230769230769231
Round 130: Accuracy = 0.8110, Decision = 0
No available target samples left. Reusing existing target indices.
No available target samples left. Reusing existing target indices.
-0.005445372313261032 0.03076923076923077
Round 131: Accuracy = 0.8110, Decision = 0
No available target samples left. Reusing existing target indices.
No available target samples left. Reusing existing target indices.
0.0012747258521043359 0.02923076923076923
Round 132: Accuracy = 0.8110, Decision = 0
No available target samples left. Reusing existing target indices.
No available target samples left. Reusing existing target indices.
0.005441566785940766 0.02769230769230769
Round 133: Accuracy = 0.8110, Decision = 0
No available target samples left. Reusing existing target indices.
No available target samples left. Reusing existing target indices.
-0.004624328361107738 0.02615384615384615
Round 134: Accuracy = 0.8110, Decision = 0
No available target samples left. Reusing existing target indices.
No available target samples left. Reusing existing target indices.
0.011711846750516147 0.02461538461538461
Round 135: Accuracy = 0.8110, Decision = 0
No available target samples left. Reusing existing target indices.
No available target samples left. Reusing existing target indices.
-0.010056859312149197 0.02307692307692307
Round 136: Accuracy = 0.8110, Decision = 0
No available target samples left. Reusing existing target indices.
No available target samples left. Reusing existing target indices.
0.0011351747581591909 0.02153846153846153
Round 137: Accuracy = 0.8110, Decision = 0
No available target samples left. Reusing existing target indices.
No available target samples left. Reusing existing target indices.
0.00028680866727462395 0.019999999999999993
Round 138: Accuracy = 0.8110, Decision = 0
No available target samples left. Reusing existing target indices.
No available target samples left. Reusing existing target indices.
-0.003800643464693665 0.018461538461538456
Round 139: Accuracy = 0.8110, Decision = 0
No available target samples left. Reusing existing target indices.
No available target samples left. Reusing existing target indices.
0.0008527576350249033 0.01692307692307692
Round 140: Accuracy = 0.8110, Decision = 0
No available target samples left. Reusing existing target indices.
No available target samples left. Reusing existing target indices.
0.009157428947778823 0.01538461538461538
Round 141: Accuracy = 0.8110, Decision = 0
No available target samples left. Reusing existing target indices.
No available target samples left. Reusing existing target indices.
-0.006663011243710132 0.013846153846153843
Round 142: Accuracy = 0.8110, Decision = 0
No available target samples left. Reusing existing target indices.
No available target samples left. Reusing existing target indices.
-0.0037393985459437673 0.012307692307692304
Round 143: Accuracy = 0.8110, Decision = 0
No available target samples left. Reusing existing target indices.
No available target samples left. Reusing existing target indices.
-0.000772915780544281 0.010769230769230767
Round 144: Accuracy = 0.8110, Decision = 0
No available target samples left. Reusing existing target indices.
No available target samples left. Reusing existing target indices.
0.0011784282441322513 0.009230769230769228
Round 145: Accuracy = 0.8110, Decision = 0
No available target samples left. Reusing existing target indices.
No available target samples left. Reusing existing target indices.
0.011507825209544242 0.007692307692307691
Epoch 1/5, Loss: 0.1919
Epoch 2/5, Loss: 0.1926
Epoch 3/5, Loss: 0.2464
Epoch 4/5, Loss: 0.2607
Epoch 5/5, Loss: 0.2160
Round 146: Accuracy = 0.8110, Decision = 1
No available target samples left. Reusing existing target indices.
No available target samples left. Reusing existing target indices.
0.11188427588114372 0.021538461538461538
Epoch 1/5, Loss: 0.2033
Epoch 2/5, Loss: 0.2427
Epoch 3/5, Loss: 0.2080
Epoch 4/5, Loss: 0.2066
Epoch 5/5, Loss: 0.2079
Round 147: Accuracy = 0.7853, Decision = 1
No available target samples left. Reusing existing target indices.
No available target samples left. Reusing existing target indices.
-0.09379769689761674 0.03538461538461538
Round 148: Accuracy = 0.7866, Decision = 0
No available target samples left. Reusing existing target indices.
No available target samples left. Reusing existing target indices.
-0.01131171432252115 0.033846153846153845
Round 149: Accuracy = 0.7866, Decision = 0
No available target samples left. Reusing existing target indices.
No available target samples left. Reusing existing target indices.
0.0014498203706282964 0.0323076923076923
Round 150: Accuracy = 0.7866, Decision = 0
No available target samples left. Reusing existing target indices.
No available target samples left. Reusing existing target indices.
0.00627276673913002 0.030769230769230764
Round 151: Accuracy = 0.7866, Decision = 0
No available target samples left. Reusing existing target indices.
No available target samples left. Reusing existing target indices.
-0.006107243494345604 0.029230769230769223
Round 152: Accuracy = 0.7866, Decision = 0
No available target samples left. Reusing existing target indices.
No available target samples left. Reusing existing target indices.
0.007190213180505334 0.027692307692307683
Round 153: Accuracy = 0.7866, Decision = 0
No available target samples left. Reusing existing target indices.
No available target samples left. Reusing existing target indices.
-0.005172139750077187 0.026153846153846142
Round 154: Accuracy = 0.7866, Decision = 0
No available target samples left. Reusing existing target indices.
No available target samples left. Reusing existing target indices.
0.0011245075326699605 0.0246153846153846
Round 155: Accuracy = 0.7866, Decision = 0
No available target samples left. Reusing existing target indices.
No available target samples left. Reusing existing target indices.
0.004370669332834393 0.023076923076923064
Round 156: Accuracy = 0.7866, Decision = 0
No available target samples left. Reusing existing target indices.
No available target samples left. Reusing existing target indices.
-0.011218744688309162 0.021538461538461524
Round 157: Accuracy = 0.7866, Decision = 0
No available target samples left. Reusing existing target indices.
No available target samples left. Reusing existing target indices.
0.0018853837480911906 0.019999999999999987
Round 158: Accuracy = 0.7866, Decision = 0
No available target samples left. Reusing existing target indices.
No available target samples left. Reusing existing target indices.
0.0015817169959728428 0.01846153846153845
Round 159: Accuracy = 0.7866, Decision = 0
No available target samples left. Reusing existing target indices.
No available target samples left. Reusing existing target indices.
-8.573812934067893e-05 0.016923076923076912
Round 160: Accuracy = 0.7866, Decision = 0
No available target samples left. Reusing existing target indices.
No available target samples left. Reusing existing target indices.
0.005240908895547569 0.015384615384615373
Round 161: Accuracy = 0.7866, Decision = 0
No available target samples left. Reusing existing target indices.
No available target samples left. Reusing existing target indices.
-0.007612462800282688 0.013846153846153836
Round 162: Accuracy = 0.7866, Decision = 0
No available target samples left. Reusing existing target indices.
No available target samples left. Reusing existing target indices.
0.012829875430235477 0.012307692307692297
Epoch 1/5, Loss: 0.1689
Epoch 2/5, Loss: 0.1293
Epoch 3/5, Loss: 0.1475
Epoch 4/5, Loss: 0.1380
Epoch 5/5, Loss: 0.1678
Round 163: Accuracy = 0.7866, Decision = 1
No available target samples left. Reusing existing target indices.
No available target samples left. Reusing existing target indices.
-0.13229446743543333 0.026153846153846142
Round 164: Accuracy = 0.8064, Decision = 0
No available target samples left. Reusing existing target indices.
No available target samples left. Reusing existing target indices.
0.0014605817313377706 0.0246153846153846
Round 165: Accuracy = 0.8064, Decision = 0
No available target samples left. Reusing existing target indices.
No available target samples left. Reusing existing target indices.
0.00197109422431542 0.023076923076923064
Round 166: Accuracy = 0.8064, Decision = 0
No available target samples left. Reusing existing target indices.
No available target samples left. Reusing existing target indices.
-0.002262950373383657 0.021538461538461524
Round 167: Accuracy = 0.8064, Decision = 0
No available target samples left. Reusing existing target indices.
No available target samples left. Reusing existing target indices.
-0.0007507154144919953 0.019999999999999987
Round 168: Accuracy = 0.8064, Decision = 0
No available target samples left. Reusing existing target indices.
No available target samples left. Reusing existing target indices.
0.0006750647981579594 0.01846153846153845
Round 169: Accuracy = 0.8064, Decision = 0
No available target samples left. Reusing existing target indices.
No available target samples left. Reusing existing target indices.
0.001463507803586811 0.016923076923076912
Round 170: Accuracy = 0.8064, Decision = 0
No available target samples left. Reusing existing target indices.
No available target samples left. Reusing existing target indices.
-0.004082899146641686 0.015384615384615373
Round 171: Accuracy = 0.8064, Decision = 0
No available target samples left. Reusing existing target indices.
No available target samples left. Reusing existing target indices.
0.0027398503958605824 0.013846153846153836
Round 172: Accuracy = 0.8064, Decision = 0
No available target samples left. Reusing existing target indices.
No available target samples left. Reusing existing target indices.
-0.0016342374997643239 0.012307692307692297
Round 173: Accuracy = 0.8064, Decision = 0
No available target samples left. Reusing existing target indices.
No available target samples left. Reusing existing target indices.
0.0009855467539567203 0.01076923076923076
Round 174: Accuracy = 0.8064, Decision = 0
No available target samples left. Reusing existing target indices.
No available target samples left. Reusing existing target indices.
-0.0010512406006455421 0.009230769230769221
Round 175: Accuracy = 0.8064, Decision = 0
No available target samples left. Reusing existing target indices.
No available target samples left. Reusing existing target indices.
0.000930807051750332 0.007692307692307684
Round 176: Accuracy = 0.8064, Decision = 0
No available target samples left. Reusing existing target indices.
No available target samples left. Reusing existing target indices.
0.0001911493018269539 0.006153846153846154
Round 177: Accuracy = 0.8064, Decision = 0
No available target samples left. Reusing existing target indices.
No available target samples left. Reusing existing target indices.
0.0053882843886430415 0.006153846153846154
Round 178: Accuracy = 0.8064, Decision = 0
No available target samples left. Reusing existing target indices.
No available target samples left. Reusing existing target indices.
-0.004636840035135925 0.006153846153846154
Round 179: Accuracy = 0.8064, Decision = 0
No available target samples left. Reusing existing target indices.
No available target samples left. Reusing existing target indices.
0.0004622500676375041 0.006153846153846154
Round 180: Accuracy = 0.8064, Decision = 0
No available target samples left. Reusing existing target indices.
No available target samples left. Reusing existing target indices.
0.0008468884401596627 0.006153846153846154
Round 181: Accuracy = 0.8064, Decision = 0
No available target samples left. Reusing existing target indices.
No available target samples left. Reusing existing target indices.
-0.0027015209197998047 0.006153846153846154
Round 182: Accuracy = 0.8064, Decision = 0
No available target samples left. Reusing existing target indices.
No available target samples left. Reusing existing target indices.
0.00394594124876535 0.006153846153846154
Round 183: Accuracy = 0.8064, Decision = 0
No available target samples left. Reusing existing target indices.
No available target samples left. Reusing existing target indices.
-0.0043497415116200006 0.006153846153846154
Round 184: Accuracy = 0.8064, Decision = 0
No available target samples left. Reusing existing target indices.
No available target samples left. Reusing existing target indices.
0.005897535441013485 0.006153846153846154
Round 185: Accuracy = 0.8064, Decision = 0
No available target samples left. Reusing existing target indices.
No available target samples left. Reusing existing target indices.
0.00199056975543499 0.006153846153846154
Round 186: Accuracy = 0.8064, Decision = 0
No available target samples left. Reusing existing target indices.
No available target samples left. Reusing existing target indices.
-0.00676705888830699 0.006153846153846154
Round 187: Accuracy = 0.8064, Decision = 0
No available target samples left. Reusing existing target indices.
No available target samples left. Reusing existing target indices.
0.002593093766615942 0.006153846153846154
Round 188: Accuracy = 0.8064, Decision = 0
No available target samples left. Reusing existing target indices.
No available target samples left. Reusing existing target indices.
-0.0007750413452203425 0.006153846153846154
Round 189: Accuracy = 0.8064, Decision = 0
No available target samples left. Reusing existing target indices.
No available target samples left. Reusing existing target indices.
-0.002047795659074425 0.006153846153846154
Round 190: Accuracy = 0.8064, Decision = 0
No available target samples left. Reusing existing target indices.
No available target samples left. Reusing existing target indices.
-0.001581216947390482 0.006153846153846154
Round 191: Accuracy = 0.8064, Decision = 0
No available target samples left. Reusing existing target indices.
No available target samples left. Reusing existing target indices.
0.002720205543132931 0.006153846153846154
Round 192: Accuracy = 0.8064, Decision = 0
No available target samples left. Reusing existing target indices.
No available target samples left. Reusing existing target indices.
-0.0012131874951032545 0.006153846153846154
Round 193: Accuracy = 0.8064, Decision = 0
No available target samples left. Reusing existing target indices.
No available target samples left. Reusing existing target indices.
-0.0007949550277911582 0.006153846153846154
Round 194: Accuracy = 0.8064, Decision = 0
No available target samples left. Reusing existing target indices.
No available target samples left. Reusing existing target indices.
0.0006461061823826442 0.006153846153846154
Round 195: Accuracy = 0.8064, Decision = 0
No available target samples left. Reusing existing target indices.
No available target samples left. Reusing existing target indices.
-0.0017492030389033714 0.006153846153846154
Round 196: Accuracy = 0.8064, Decision = 0
No available target samples left. Reusing existing target indices.
No available target samples left. Reusing existing target indices.
-0.0002869509447079449 0.006153846153846154
Round 197: Accuracy = 0.8064, Decision = 0
No available target samples left. Reusing existing target indices.
No available target samples left. Reusing existing target indices.
0.0006600890236978241 0.006153846153846154
Round 198: Accuracy = 0.8064, Decision = 0
No available target samples left. Reusing existing target indices.
No available target samples left. Reusing existing target indices.
0.0011028384145062714 0.006153846153846154
Round 199: Accuracy = 0.8064, Decision = 0
