Device: cuda
CUDA Version: 12.1
cuDNN Version: 8902
PyTorch Version: 2.3.0

Model used: PACSCNN_4
Initial dataset creation
Initial dataset creation
Initial loss: 0.19367919862270355
<__main__.Policy object at 0x148508d11fa0>
0.19367919862270355
0.0 []
Loss historical diff: 0.0347881093621254; Loss Difference: 0.0, Decision: 0
Round 1 took 3.353219509124756s, results:
{'t': 0, 'current_accuracy': 0.953125, 'current_loss': 0.22846730798482895, 'train_loss': None, 'decision': 0, 'drift_rate': 0.0, 'target_domains': ['sketch']}
0.0 []
Loss historical diff: 0.0347881093621254; Loss Difference: 0.0, Decision: 0
Round 2 took 3.246981620788574s, results:
{'t': 1, 'current_accuracy': 0.953125, 'current_loss': 0.22846730798482895, 'train_loss': None, 'decision': 0, 'drift_rate': 0.0, 'target_domains': ['sketch']}
0.0 []
Loss historical diff: 0.0347881019115448; Loss Difference: 0.0, Decision: 0
Round 3 took 3.333132266998291s, results:
{'t': 2, 'current_accuracy': 0.953125, 'current_loss': 0.22846730053424835, 'train_loss': None, 'decision': 0, 'drift_rate': 0.0, 'target_domains': ['sketch']}
0.0 []
Loss historical diff: 0.034788087010383606; Loss Difference: 0.0, Decision: 0
Round 4 took 3.283276081085205s, results:
{'t': 3, 'current_accuracy': 0.953125, 'current_loss': 0.22846728563308716, 'train_loss': None, 'decision': 0, 'drift_rate': 0.0, 'target_domains': ['sketch']}
0.0 []
Loss historical diff: 0.03478807583451271; Loss Difference: 0.0, Decision: 1
Average loss over 5 updates: 0.2563
Round 5 took 5.562148571014404s, results:
{'t': 4, 'current_accuracy': 0.953125, 'current_loss': 0.22846727445721626, 'train_loss': 0.25631201863288877, 'decision': 1, 'drift_rate': 0.0, 'target_domains': ['sketch']}
0.0 []
Loss historical diff: 0.14205962419509888; Loss Difference: 0.0, Decision: 0
Round 6 took 3.4166035652160645s, results:
{'t': 5, 'current_accuracy': 0.9296875, 'current_loss': 0.33573882281780243, 'train_loss': None, 'decision': 0, 'drift_rate': 0.0, 'target_domains': ['sketch']}
0.0 []
Loss historical diff: 0.1420595794916153; Loss Difference: 0.0, Decision: 1
Average loss over 5 updates: 0.1075
Round 7 took 5.504131317138672s, results:
{'t': 6, 'current_accuracy': 0.9296875, 'current_loss': 0.33573877811431885, 'train_loss': 0.10752065032720566, 'decision': 1, 'drift_rate': 0.0, 'target_domains': ['sketch']}
0.0 []
Loss historical diff: 0.16603659093379974; Loss Difference: 0.0, Decision: 0
Round 8 took 3.409306764602661s, results:
{'t': 7, 'current_accuracy': 0.92578125, 'current_loss': 0.3597157895565033, 'train_loss': None, 'decision': 0, 'drift_rate': 0.0, 'target_domains': ['sketch']}
0.0 []
Loss historical diff: 0.16603660583496094; Loss Difference: 0.0, Decision: 0
Round 9 took 3.5475728511810303s, results:
{'t': 8, 'current_accuracy': 0.92578125, 'current_loss': 0.3597158044576645, 'train_loss': None, 'decision': 0, 'drift_rate': 0.0, 'target_domains': ['sketch']}
0.0 []
Loss historical diff: 0.16603660583496094; Loss Difference: 0.0, Decision: 0
Round 10 took 3.463655710220337s, results:
{'t': 9, 'current_accuracy': 0.92578125, 'current_loss': 0.3597158044576645, 'train_loss': None, 'decision': 0, 'drift_rate': 0.0, 'target_domains': ['sketch']}
0.0 []
Loss historical diff: 0.16603659838438034; Loss Difference: 0.0, Decision: 0
Round 11 took 3.3365273475646973s, results:
{'t': 10, 'current_accuracy': 0.92578125, 'current_loss': 0.3597157970070839, 'train_loss': None, 'decision': 0, 'drift_rate': 0.0, 'target_domains': ['sketch']}
0.0 []
Loss historical diff: 0.16603662073612213; Loss Difference: 0.0, Decision: 0
Round 12 took 3.356890916824341s, results:
{'t': 11, 'current_accuracy': 0.92578125, 'current_loss': 0.3597158193588257, 'train_loss': None, 'decision': 0, 'drift_rate': 0.0, 'target_domains': ['sketch']}
0.0 []
Loss historical diff: 0.16603651642799377; Loss Difference: 0.0, Decision: 1
Average loss over 5 updates: 0.0589
Round 13 took 5.7271974086761475s, results:
{'t': 12, 'current_accuracy': 0.92578125, 'current_loss': 0.3597157150506973, 'train_loss': 0.05893909297883511, 'decision': 1, 'drift_rate': 0.0, 'target_domains': ['sketch']}
0.0 []
Loss historical diff: 0.04790332913398743; Loss Difference: 0.0, Decision: 0
Round 14 took 3.329530954360962s, results:
{'t': 13, 'current_accuracy': 0.94921875, 'current_loss': 0.24158252775669098, 'train_loss': None, 'decision': 0, 'drift_rate': 0.0, 'target_domains': ['sketch']}
0.0 []
Loss historical diff: 0.047903336584568024; Loss Difference: 0.0, Decision: 0
Round 15 took 3.509854793548584s, results:
{'t': 14, 'current_accuracy': 0.94921875, 'current_loss': 0.24158253520727158, 'train_loss': None, 'decision': 0, 'drift_rate': 0.0, 'target_domains': ['sketch']}
0.0 []
Loss historical diff: 0.0479033887386322; Loss Difference: 0.0, Decision: 0
Round 16 took 3.4894940853118896s, results:
{'t': 15, 'current_accuracy': 0.94921875, 'current_loss': 0.24158258736133575, 'train_loss': None, 'decision': 0, 'drift_rate': 0.0, 'target_domains': ['sketch']}
0.0 []
Loss historical diff: 0.04790329560637474; Loss Difference: 0.0, Decision: 0
Round 17 took 3.441413640975952s, results:
{'t': 16, 'current_accuracy': 0.94921875, 'current_loss': 0.2415824942290783, 'train_loss': None, 'decision': 0, 'drift_rate': 0.0, 'target_domains': ['sketch']}
0.0 []
Loss historical diff: 0.04790331423282623; Loss Difference: 0.0, Decision: 0
Round 18 took 3.331970453262329s, results:
{'t': 17, 'current_accuracy': 0.94921875, 'current_loss': 0.24158251285552979, 'train_loss': None, 'decision': 0, 'drift_rate': 0.0, 'target_domains': ['sketch']}
0.0 []
Loss historical diff: 0.04790332168340683; Loss Difference: 0.0, Decision: 0
Round 19 took 3.70983624458313s, results:
{'t': 18, 'current_accuracy': 0.94921875, 'current_loss': 0.24158252030611038, 'train_loss': None, 'decision': 0, 'drift_rate': 0.0, 'target_domains': ['sketch']}
0.0 []
Loss historical diff: 0.04790312051773071; Loss Difference: 0.0, Decision: 0
Round 20 took 3.442404270172119s, results:
{'t': 19, 'current_accuracy': 0.94921875, 'current_loss': 0.24158231914043427, 'train_loss': None, 'decision': 0, 'drift_rate': 0.0, 'target_domains': ['sketch']}
0.0 []
Loss historical diff: 0.04790332168340683; Loss Difference: 0.0, Decision: 0
Round 21 took 3.362199068069458s, results:
{'t': 20, 'current_accuracy': 0.94921875, 'current_loss': 0.24158252030611038, 'train_loss': None, 'decision': 0, 'drift_rate': 0.0, 'target_domains': ['sketch']}
0.0 []
Loss historical diff: 0.04790331423282623; Loss Difference: 0.0, Decision: 0
Round 22 took 3.6472651958465576s, results:
{'t': 21, 'current_accuracy': 0.94921875, 'current_loss': 0.24158251285552979, 'train_loss': None, 'decision': 0, 'drift_rate': 0.0, 'target_domains': ['sketch']}
0.0 []
Loss historical diff: 0.04790331423282623; Loss Difference: 0.0, Decision: 0
Round 23 took 3.4024946689605713s, results:
{'t': 22, 'current_accuracy': 0.94921875, 'current_loss': 0.24158251285552979, 'train_loss': None, 'decision': 0, 'drift_rate': 0.0, 'target_domains': ['sketch']}
0.0 []
Loss historical diff: 0.04790293425321579; Loss Difference: 0.0, Decision: 1
Average loss over 5 updates: 0.0344
Round 24 took 5.722300291061401s, results:
{'t': 23, 'current_accuracy': 0.94921875, 'current_loss': 0.24158213287591934, 'train_loss': 0.034380050376057625, 'decision': 1, 'drift_rate': 0.0, 'target_domains': ['sketch']}
0.0 []
Loss historical diff: 0.19075609743595123; Loss Difference: 0.0, Decision: 0
Round 25 took 3.5347635746002197s, results:
{'t': 24, 'current_accuracy': 0.9296875, 'current_loss': 0.3844352960586548, 'train_loss': None, 'decision': 0, 'drift_rate': 0.0, 'target_domains': ['sketch']}
0.0 []
Loss historical diff: 0.19075612723827362; Loss Difference: 0.0, Decision: 0
Round 26 took 3.4258720874786377s, results:
{'t': 25, 'current_accuracy': 0.9296875, 'current_loss': 0.3844353258609772, 'train_loss': None, 'decision': 0, 'drift_rate': 0.0, 'target_domains': ['sketch']}
0.0 []
Loss historical diff: 0.1907561719417572; Loss Difference: 0.0, Decision: 1
Average loss over 5 updates: 0.0123
Round 27 took 5.647031545639038s, results:
{'t': 26, 'current_accuracy': 0.9296875, 'current_loss': 0.38443537056446075, 'train_loss': 0.01228809067979455, 'decision': 1, 'drift_rate': 0.0, 'target_domains': ['sketch']}
0.0 []
Loss historical diff: 0.0; Loss Difference: 0.0, Decision: 0
Round 28 took 3.4158477783203125s, results:
{'t': 27, 'current_accuracy': 0.9609375, 'current_loss': 0.16532526910305023, 'train_loss': None, 'decision': 0, 'drift_rate': 0.0, 'target_domains': ['sketch']}
0.0 []
Loss historical diff: 0.0; Loss Difference: 0.0, Decision: 0
Round 29 took 3.3995654582977295s, results:
{'t': 28, 'current_accuracy': 0.9609375, 'current_loss': 0.16532518342137337, 'train_loss': None, 'decision': 0, 'drift_rate': 0.0, 'target_domains': ['sketch']}
0.0 []
Loss historical diff: 2.421438694000244e-08; Loss Difference: 0.0, Decision: 0
Round 30 took 3.5561623573303223s, results:
{'t': 29, 'current_accuracy': 0.9609375, 'current_loss': 0.1653252076357603, 'train_loss': None, 'decision': 0, 'drift_rate': 0.0, 'target_domains': ['sketch']}
0.0 []
Loss historical diff: 7.450580596923828e-09; Loss Difference: 0.0, Decision: 1
Average loss over 5 updates: 0.0160
Round 31 took 5.623979091644287s, results:
{'t': 30, 'current_accuracy': 0.9609375, 'current_loss': 0.16532519087195396, 'train_loss': 0.01600261414423585, 'decision': 1, 'drift_rate': 0.0, 'target_domains': ['sketch']}
0.0 []
Loss historical diff: 0.000779520720243454; Loss Difference: 0.0, Decision: 1
Average loss over 5 updates: 0.0074
Round 32 took 5.645094156265259s, results:
{'t': 31, 'current_accuracy': 0.96484375, 'current_loss': 0.16610470414161682, 'train_loss': 0.007443947158753872, 'decision': 1, 'drift_rate': 0.0, 'target_domains': ['sketch']}
0.0 []
Loss historical diff: 0.0; Loss Difference: 0.0, Decision: 0
Round 33 took 3.482316493988037s, results:
{'t': 32, 'current_accuracy': 0.96484375, 'current_loss': 0.164322629570961, 'train_loss': None, 'decision': 0, 'drift_rate': 0.0, 'target_domains': ['sketch']}
0.0 []
Loss historical diff: 3.725290298461914e-09; Loss Difference: 0.0, Decision: 1
Average loss over 5 updates: 0.0072
Round 34 took 5.955716371536255s, results:
{'t': 33, 'current_accuracy': 0.96484375, 'current_loss': 0.1643226332962513, 'train_loss': 0.007234747242182493, 'decision': 1, 'drift_rate': 0.0, 'target_domains': ['sketch']}
0.0 []
Loss historical diff: 0.0; Loss Difference: 0.0, Decision: 0
Round 35 took 3.5397794246673584s, results:
{'t': 34, 'current_accuracy': 0.96484375, 'current_loss': 0.13493511825799942, 'train_loss': None, 'decision': 0, 'drift_rate': 0.0, 'target_domains': ['sketch']}
0.0 []
Loss historical diff: 7.450580596923828e-09; Loss Difference: 0.0, Decision: 0
Round 36 took 3.769045829772949s, results:
{'t': 35, 'current_accuracy': 0.96484375, 'current_loss': 0.13493512570858002, 'train_loss': None, 'decision': 0, 'drift_rate': 0.0, 'target_domains': ['sketch']}
0.0 []
Loss historical diff: 0.0; Loss Difference: 0.0, Decision: 1
Average loss over 5 updates: 0.0063
Round 37 took 5.759100675582886s, results:
{'t': 36, 'current_accuracy': 0.96484375, 'current_loss': 0.13493511825799942, 'train_loss': 0.006293219979852438, 'decision': 1, 'drift_rate': 0.0, 'target_domains': ['sketch']}
0.0 []
Loss historical diff: 0.0; Loss Difference: 0.0, Decision: 1
Average loss over 5 updates: 0.0081
Round 38 took 5.676765203475952s, results:
{'t': 37, 'current_accuracy': 0.97265625, 'current_loss': 0.134514931589365, 'train_loss': 0.008076924784108996, 'decision': 1, 'drift_rate': 0.0, 'target_domains': ['sketch']}
0.0 []
Loss historical diff: 0.026417512446641922; Loss Difference: 0.0, Decision: 0
Round 39 took 3.3728764057159424s, results:
{'t': 38, 'current_accuracy': 0.96875, 'current_loss': 0.16093244403600693, 'train_loss': None, 'decision': 0, 'drift_rate': 0.0, 'target_domains': ['sketch']}
0.0 []
Loss historical diff: 0.026417504996061325; Loss Difference: 0.0, Decision: 0
Round 40 took 3.6645350456237793s, results:
{'t': 39, 'current_accuracy': 0.96875, 'current_loss': 0.16093243658542633, 'train_loss': None, 'decision': 0, 'drift_rate': 0.0, 'target_domains': ['sketch']}
0.0 []
Loss historical diff: 0.02641751989722252; Loss Difference: 0.0, Decision: 1
Average loss over 5 updates: 0.0059
Round 41 took 5.691936492919922s, results:
{'t': 40, 'current_accuracy': 0.96875, 'current_loss': 0.16093245148658752, 'train_loss': 0.00587104931473732, 'decision': 1, 'drift_rate': 0.0, 'target_domains': ['sketch']}
0.0 []
Loss historical diff: 0.014302056282758713; Loss Difference: 0.0, Decision: 1
Average loss over 5 updates: 0.0059
Round 42 took 5.969634532928467s, results:
{'t': 41, 'current_accuracy': 0.96484375, 'current_loss': 0.14881698787212372, 'train_loss': 0.005898474296554923, 'decision': 1, 'drift_rate': 0.0, 'target_domains': ['sketch']}
0.0 []
Loss historical diff: 0.008482430130243301; Loss Difference: 0.0, Decision: 0
Round 43 took 3.6134400367736816s, results:
{'t': 42, 'current_accuracy': 0.96875, 'current_loss': 0.1429973617196083, 'train_loss': None, 'decision': 0, 'drift_rate': 0.0, 'target_domains': ['sketch']}
0.0 []
Loss historical diff: 0.008482426404953003; Loss Difference: 0.0, Decision: 0
Round 44 took 3.4850947856903076s, results:
{'t': 43, 'current_accuracy': 0.96875, 'current_loss': 0.142997357994318, 'train_loss': None, 'decision': 0, 'drift_rate': 0.0, 'target_domains': ['sketch']}
0.0 []
Loss historical diff: 0.008482418954372406; Loss Difference: 0.0, Decision: 1
Average loss over 5 updates: 0.0044
Round 45 took 5.649966478347778s, results:
{'t': 44, 'current_accuracy': 0.96875, 'current_loss': 0.1429973505437374, 'train_loss': 0.004369942797347903, 'decision': 1, 'drift_rate': 0.0, 'target_domains': ['sketch']}
0.4 ['photo']
Loss historical diff: 11.763589259237051; Loss Difference: 0.0, Decision: 0
Round 46 took 3.353581428527832s, results:
{'t': 45, 'current_accuracy': 0.62890625, 'current_loss': 11.898104190826416, 'train_loss': None, 'decision': 0, 'drift_rate': 0.4, 'target_domains': ['photo']}
0.4 ['photo']
Loss historical diff: 24.192831870168447; Loss Difference: 0.0, Decision: 0
Round 47 took 3.414839506149292s, results:
{'t': 46, 'current_accuracy': 0.2734375, 'current_loss': 24.327346801757812, 'train_loss': None, 'decision': 0, 'drift_rate': 0.4, 'target_domains': ['photo']}
0.4 ['photo']
Loss historical diff: 29.52025019749999; Loss Difference: 0.0, Decision: 1
Average loss over 5 updates: 6.5614
Round 48 took 5.462708234786987s, results:
{'t': 47, 'current_accuracy': 0.11328125, 'current_loss': 29.654765129089355, 'train_loss': 6.561384391784668, 'decision': 1, 'drift_rate': 0.4, 'target_domains': ['photo']}
0.0 []
Loss historical diff: 139.18498885259032; Loss Difference: 0.0, Decision: 1
Average loss over 5 updates: 3.1158
Round 49 took 5.671135663986206s, results:
{'t': 48, 'current_accuracy': 0.13671875, 'current_loss': 139.3195037841797, 'train_loss': 3.1157790660858153, 'decision': 1, 'drift_rate': 0.0, 'target_domains': ['photo']}
0.0 []
Loss historical diff: 94.54679762944579; Loss Difference: 0.0, Decision: 0
Round 50 took 3.410492181777954s, results:
{'t': 49, 'current_accuracy': 0.11328125, 'current_loss': 94.68131256103516, 'train_loss': None, 'decision': 0, 'drift_rate': 0.0, 'target_domains': ['photo']}
0.0 []
Loss historical diff: 94.54679000005126; Loss Difference: 0.0, Decision: 0
Round 51 took 3.772493600845337s, results:
{'t': 50, 'current_accuracy': 0.11328125, 'current_loss': 94.68130493164062, 'train_loss': None, 'decision': 0, 'drift_rate': 0.0, 'target_domains': ['photo']}
0.0 []
Loss historical diff: 94.54678237065673; Loss Difference: 0.0, Decision: 0
Round 52 took 3.537506341934204s, results:
{'t': 51, 'current_accuracy': 0.11328125, 'current_loss': 94.6812973022461, 'train_loss': None, 'decision': 0, 'drift_rate': 0.0, 'target_domains': ['photo']}
0.0 []
Loss historical diff: 94.54678237065673; Loss Difference: 0.0, Decision: 0
Round 53 took 3.5089409351348877s, results:
{'t': 52, 'current_accuracy': 0.11328125, 'current_loss': 94.6812973022461, 'train_loss': None, 'decision': 0, 'drift_rate': 0.0, 'target_domains': ['photo']}
0.0 []
Loss historical diff: 94.54679000005126; Loss Difference: 0.0, Decision: 1
Average loss over 5 updates: 1.7290
Round 54 took 5.846750259399414s, results:
{'t': 53, 'current_accuracy': 0.11328125, 'current_loss': 94.68130493164062, 'train_loss': 1.7290226459503173, 'decision': 1, 'drift_rate': 0.0, 'target_domains': ['photo']}
0.0 []
Loss historical diff: 13.637097235769033; Loss Difference: 0.0, Decision: 1
Average loss over 5 updates: 1.5539
Round 55 took 5.5862908363342285s, results:
{'t': 54, 'current_accuracy': 0.140625, 'current_loss': 13.771612167358398, 'train_loss': 1.5538991928100585, 'decision': 1, 'drift_rate': 0.0, 'target_domains': ['photo']}
0.0 []
Loss historical diff: 5.094309207051992; Loss Difference: 0.0, Decision: 0
Round 56 took 3.5207102298736572s, results:
{'t': 55, 'current_accuracy': 0.26171875, 'current_loss': 5.228824138641357, 'train_loss': None, 'decision': 0, 'drift_rate': 0.0, 'target_domains': ['photo']}
0.0 []
Loss historical diff: 5.09430729970336; Loss Difference: 0.0, Decision: 0
Round 57 took 3.4640049934387207s, results:
{'t': 56, 'current_accuracy': 0.26171875, 'current_loss': 5.228822231292725, 'train_loss': None, 'decision': 0, 'drift_rate': 0.0, 'target_domains': ['photo']}
0.0 []
Loss historical diff: 5.0943094454705715; Loss Difference: 0.0, Decision: 0
Round 58 took 3.6954071521759033s, results:
{'t': 57, 'current_accuracy': 0.26171875, 'current_loss': 5.2288243770599365, 'train_loss': None, 'decision': 0, 'drift_rate': 0.0, 'target_domains': ['photo']}
0.0 []
Loss historical diff: 5.094309207051992; Loss Difference: 0.0, Decision: 0
Round 59 took 3.8559083938598633s, results:
{'t': 58, 'current_accuracy': 0.26171875, 'current_loss': 5.228824138641357, 'train_loss': None, 'decision': 0, 'drift_rate': 0.0, 'target_domains': ['photo']}
0.0 []
Loss historical diff: 5.094309207051992; Loss Difference: 0.0, Decision: 0
Round 60 took 3.550685405731201s, results:
{'t': 59, 'current_accuracy': 0.26171875, 'current_loss': 5.228824138641357, 'train_loss': None, 'decision': 0, 'drift_rate': 0.0, 'target_domains': ['photo']}
0.0 []
Loss historical diff: 5.094308968633413; Loss Difference: 0.0, Decision: 0
Round 61 took 3.526818037033081s, results:
{'t': 60, 'current_accuracy': 0.26171875, 'current_loss': 5.228823900222778, 'train_loss': None, 'decision': 0, 'drift_rate': 0.0, 'target_domains': ['photo']}
0.0 []
Loss historical diff: 5.0943094454705715; Loss Difference: 0.0, Decision: 0
Round 62 took 3.594653606414795s, results:
{'t': 61, 'current_accuracy': 0.26171875, 'current_loss': 5.2288243770599365, 'train_loss': None, 'decision': 0, 'drift_rate': 0.0, 'target_domains': ['photo']}
0.0 []
Loss historical diff: 5.094309207051992; Loss Difference: 0.0, Decision: 0
Round 63 took 3.5476486682891846s, results:
{'t': 62, 'current_accuracy': 0.26171875, 'current_loss': 5.228824138641357, 'train_loss': None, 'decision': 0, 'drift_rate': 0.0, 'target_domains': ['photo']}
0.0 []
Loss historical diff: 5.09430992230773; Loss Difference: 0.0, Decision: 0
Round 64 took 3.630671739578247s, results:
{'t': 63, 'current_accuracy': 0.26171875, 'current_loss': 5.228824853897095, 'train_loss': None, 'decision': 0, 'drift_rate': 0.0, 'target_domains': ['photo']}
0.0 []
Loss historical diff: 5.094308968633413; Loss Difference: 0.0, Decision: 1
Average loss over 5 updates: 1.2767
Round 65 took 5.904516935348511s, results:
{'t': 64, 'current_accuracy': 0.26171875, 'current_loss': 5.228823900222778, 'train_loss': 1.2767158269882202, 'decision': 1, 'drift_rate': 0.0, 'target_domains': ['photo']}
0.0 []
Loss historical diff: 1.561200138181448; Loss Difference: 0.0, Decision: 1
Average loss over 5 updates: 1.2198
Round 66 took 6.007833242416382s, results:
{'t': 65, 'current_accuracy': 0.50390625, 'current_loss': 1.695715069770813, 'train_loss': 1.2198221206665039, 'decision': 1, 'drift_rate': 0.0, 'target_domains': ['photo']}
0.0 []
Loss historical diff: 1.1131854616105556; Loss Difference: 0.0, Decision: 0
Round 67 took 3.6703317165374756s, results:
{'t': 66, 'current_accuracy': 0.5859375, 'current_loss': 1.2477003931999207, 'train_loss': None, 'decision': 0, 'drift_rate': 0.0, 'target_domains': ['photo']}
0.0 []
Loss historical diff: 1.1131854020059109; Loss Difference: 0.0, Decision: 1
Average loss over 5 updates: 1.1847
Round 68 took 6.0662171840667725s, results:
{'t': 67, 'current_accuracy': 0.5859375, 'current_loss': 1.2477003335952759, 'train_loss': 1.1846849203109742, 'decision': 1, 'drift_rate': 0.0, 'target_domains': ['photo']}
0.0 []
Loss historical diff: 0.9672232829034328; Loss Difference: 0.0, Decision: 1
Average loss over 5 updates: 1.0029
Round 69 took 5.740918159484863s, results:
{'t': 68, 'current_accuracy': 0.6328125, 'current_loss': 1.1017382144927979, 'train_loss': 1.0028822660446166, 'decision': 1, 'drift_rate': 0.0, 'target_domains': ['photo']}
0.0 []
Loss historical diff: 0.9746525846421719; Loss Difference: 0.0, Decision: 0
Round 70 took 3.5467450618743896s, results:
{'t': 69, 'current_accuracy': 0.5859375, 'current_loss': 1.1091675162315369, 'train_loss': None, 'decision': 0, 'drift_rate': 0.0, 'target_domains': ['photo']}
0.0 []
Loss historical diff: 0.9746527634561062; Loss Difference: 0.0, Decision: 0
Round 71 took 3.551813840866089s, results:
{'t': 70, 'current_accuracy': 0.5859375, 'current_loss': 1.1091676950454712, 'train_loss': None, 'decision': 0, 'drift_rate': 0.0, 'target_domains': ['photo']}
0.0 []
Loss historical diff: 0.9746527038514614; Loss Difference: 0.0, Decision: 1
Average loss over 5 updates: 0.8810
Round 72 took 6.264959335327148s, results:
{'t': 71, 'current_accuracy': 0.5859375, 'current_loss': 1.1091676354408264, 'train_loss': 0.88104168176651, 'decision': 1, 'drift_rate': 0.0, 'target_domains': ['photo']}
0.0 []
Loss historical diff: 1.1562531553208828; Loss Difference: 0.0, Decision: 0
Round 73 took 3.4916903972625732s, results:
{'t': 72, 'current_accuracy': 0.61328125, 'current_loss': 1.2907680869102478, 'train_loss': None, 'decision': 0, 'drift_rate': 0.0, 'target_domains': ['photo']}
0.0 []
Loss historical diff: 1.1562533341348171; Loss Difference: 0.0, Decision: 1
Average loss over 5 updates: 0.9954
Round 74 took 6.019030332565308s, results:
{'t': 73, 'current_accuracy': 0.61328125, 'current_loss': 1.2907682657241821, 'train_loss': 0.9953950047492981, 'decision': 1, 'drift_rate': 0.0, 'target_domains': ['photo']}
0.0 []
Loss historical diff: 1.3368875943124294; Loss Difference: 0.0, Decision: 0
Round 75 took 3.4605581760406494s, results:
{'t': 74, 'current_accuracy': 0.57421875, 'current_loss': 1.4714025259017944, 'train_loss': None, 'decision': 0, 'drift_rate': 0.0, 'target_domains': ['photo']}
0.0 []
Loss historical diff: 1.3368881307542324; Loss Difference: 0.0, Decision: 0
Round 76 took 3.500835418701172s, results:
{'t': 75, 'current_accuracy': 0.57421875, 'current_loss': 1.4714030623435974, 'train_loss': None, 'decision': 0, 'drift_rate': 0.0, 'target_domains': ['photo']}
0.0 []
Loss historical diff: 1.3368869982659817; Loss Difference: 0.0, Decision: 0
Round 77 took 3.512761116027832s, results:
{'t': 76, 'current_accuracy': 0.57421875, 'current_loss': 1.4714019298553467, 'train_loss': None, 'decision': 0, 'drift_rate': 0.0, 'target_domains': ['photo']}
0.0 []
Loss historical diff: 1.3368872962892056; Loss Difference: 0.0, Decision: 0
Round 78 took 3.5328307151794434s, results:
{'t': 77, 'current_accuracy': 0.57421875, 'current_loss': 1.4714022278785706, 'train_loss': None, 'decision': 0, 'drift_rate': 0.0, 'target_domains': ['photo']}
0.0 []
Loss historical diff: 1.336887415498495; Loss Difference: 0.0, Decision: 0
Round 79 took 3.690967082977295s, results:
{'t': 78, 'current_accuracy': 0.57421875, 'current_loss': 1.47140234708786, 'train_loss': None, 'decision': 0, 'drift_rate': 0.0, 'target_domains': ['photo']}
0.0 []
Loss historical diff: 1.3368878327310085; Loss Difference: 0.0, Decision: 1
Average loss over 5 updates: 0.7567
Round 80 took 5.770596981048584s, results:
{'t': 79, 'current_accuracy': 0.57421875, 'current_loss': 1.4714027643203735, 'train_loss': 0.7566895127296448, 'decision': 1, 'drift_rate': 0.0, 'target_domains': ['photo']}
0.0 []
Loss historical diff: 0.896975364536047; Loss Difference: 0.0, Decision: 0
Round 81 took 3.6178576946258545s, results:
{'t': 80, 'current_accuracy': 0.67578125, 'current_loss': 1.031490296125412, 'train_loss': None, 'decision': 0, 'drift_rate': 0.0, 'target_domains': ['photo']}
0.0 []
Loss historical diff: 0.8969755433499813; Loss Difference: 0.0, Decision: 1
Average loss over 5 updates: 0.7623
Round 82 took 5.690782308578491s, results:
{'t': 81, 'current_accuracy': 0.67578125, 'current_loss': 1.0314904749393463, 'train_loss': 0.762254273891449, 'decision': 1, 'drift_rate': 0.0, 'target_domains': ['photo']}
0.0 []
Loss historical diff: 1.05672412738204; Loss Difference: 0.0, Decision: 0
Round 83 took 3.530205488204956s, results:
{'t': 82, 'current_accuracy': 0.60546875, 'current_loss': 1.191239058971405, 'train_loss': None, 'decision': 0, 'drift_rate': 0.0, 'target_domains': ['photo']}
0.0 []
Loss historical diff: 1.0567240677773952; Loss Difference: 0.0, Decision: 0
Round 84 took 3.5043957233428955s, results:
{'t': 83, 'current_accuracy': 0.60546875, 'current_loss': 1.1912389993667603, 'train_loss': None, 'decision': 0, 'drift_rate': 0.0, 'target_domains': ['photo']}
0.0 []
Loss historical diff: 1.05672412738204; Loss Difference: 0.0, Decision: 0
Round 85 took 3.5534074306488037s, results:
{'t': 84, 'current_accuracy': 0.60546875, 'current_loss': 1.191239058971405, 'train_loss': None, 'decision': 0, 'drift_rate': 0.0, 'target_domains': ['photo']}
0.0 []
Loss historical diff: 1.0567240677773952; Loss Difference: 0.0, Decision: 1
Average loss over 5 updates: 0.6919
Round 86 took 5.801353454589844s, results:
{'t': 85, 'current_accuracy': 0.60546875, 'current_loss': 1.1912389993667603, 'train_loss': 0.6919162750244141, 'decision': 1, 'drift_rate': 0.0, 'target_domains': ['photo']}
0.0 []
Loss historical diff: 0.7151025198400021; Loss Difference: 0.0, Decision: 1
Average loss over 5 updates: 0.7240
Round 87 took 5.958018064498901s, results:
{'t': 86, 'current_accuracy': 0.7265625, 'current_loss': 0.8496174514293671, 'train_loss': 0.7240217447280883, 'decision': 1, 'drift_rate': 0.0, 'target_domains': ['photo']}
0.0 []
Loss historical diff: 0.6206441484391689; Loss Difference: 0.0, Decision: 1
Average loss over 5 updates: 0.5525
Round 88 took 5.591078281402588s, results:
{'t': 87, 'current_accuracy': 0.734375, 'current_loss': 0.7551590800285339, 'train_loss': 0.5525075852870941, 'decision': 1, 'drift_rate': 0.0, 'target_domains': ['photo']}
0.0 []
Loss historical diff: 0.6156270764768124; Loss Difference: 0.0, Decision: 0
Round 89 took 3.4971630573272705s, results:
{'t': 88, 'current_accuracy': 0.74609375, 'current_loss': 0.7501420080661774, 'train_loss': None, 'decision': 0, 'drift_rate': 0.0, 'target_domains': ['photo']}
0.0 []
Loss historical diff: 0.6156267188489437; Loss Difference: 0.0, Decision: 0
Round 90 took 3.6162266731262207s, results:
{'t': 89, 'current_accuracy': 0.74609375, 'current_loss': 0.7501416504383087, 'train_loss': None, 'decision': 0, 'drift_rate': 0.0, 'target_domains': ['photo']}
0.0 []
Loss historical diff: 0.6156265996396542; Loss Difference: 0.0, Decision: 0
Round 91 took 3.5335497856140137s, results:
{'t': 90, 'current_accuracy': 0.74609375, 'current_loss': 0.7501415312290192, 'train_loss': None, 'decision': 0, 'drift_rate': 0.0, 'target_domains': ['photo']}
0.0 []
Loss historical diff: 0.6156264804303646; Loss Difference: 0.0, Decision: 0
Round 92 took 3.761537551879883s, results:
{'t': 91, 'current_accuracy': 0.74609375, 'current_loss': 0.7501414120197296, 'train_loss': None, 'decision': 0, 'drift_rate': 0.0, 'target_domains': ['photo']}
0.0 []
Loss historical diff: 0.6156264804303646; Loss Difference: 0.0, Decision: 0
Round 93 took 3.7472898960113525s, results:
{'t': 92, 'current_accuracy': 0.74609375, 'current_loss': 0.7501414120197296, 'train_loss': None, 'decision': 0, 'drift_rate': 0.0, 'target_domains': ['photo']}
0.0 []
Loss historical diff: 0.6156266890466213; Loss Difference: 0.0, Decision: 0
Round 94 took 3.607470989227295s, results:
{'t': 93, 'current_accuracy': 0.74609375, 'current_loss': 0.7501416206359863, 'train_loss': None, 'decision': 0, 'drift_rate': 0.0, 'target_domains': ['photo']}
0.0 []
Loss historical diff: 0.6156267784535885; Loss Difference: 0.0, Decision: 0
Round 95 took 3.6922497749328613s, results:
{'t': 94, 'current_accuracy': 0.74609375, 'current_loss': 0.7501417100429535, 'train_loss': None, 'decision': 0, 'drift_rate': 0.0, 'target_domains': ['photo']}
0.0 []
Loss historical diff: 0.6156263314187527; Loss Difference: 0.0, Decision: 0
Round 96 took 3.9830126762390137s, results:
{'t': 95, 'current_accuracy': 0.74609375, 'current_loss': 0.7501412630081177, 'train_loss': None, 'decision': 0, 'drift_rate': 0.0, 'target_domains': ['photo']}
0.0 []
Loss historical diff: 0.6156266294419765; Loss Difference: 0.0, Decision: 0
Round 97 took 3.7338271141052246s, results:
{'t': 96, 'current_accuracy': 0.74609375, 'current_loss': 0.7501415610313416, 'train_loss': None, 'decision': 0, 'drift_rate': 0.0, 'target_domains': ['photo']}
0.0 []
Loss historical diff: 0.6156266592442989; Loss Difference: 0.0, Decision: 0
Round 98 took 3.6731746196746826s, results:
{'t': 97, 'current_accuracy': 0.74609375, 'current_loss': 0.7501415908336639, 'train_loss': None, 'decision': 0, 'drift_rate': 0.0, 'target_domains': ['photo']}
0.0 []
Loss historical diff: 0.6156268678605556; Loss Difference: 0.0, Decision: 0
Round 99 took 3.6995513439178467s, results:
{'t': 98, 'current_accuracy': 0.74609375, 'current_loss': 0.7501417994499207, 'train_loss': None, 'decision': 0, 'drift_rate': 0.0, 'target_domains': ['photo']}
0.0 []
Loss historical diff: 0.6156267784535885; Loss Difference: 0.0, Decision: 0
Round 100 took 3.6913421154022217s, results:
{'t': 99, 'current_accuracy': 0.74609375, 'current_loss': 0.7501417100429535, 'train_loss': None, 'decision': 0, 'drift_rate': 0.0, 'target_domains': ['photo']}
0.0 []
Loss historical diff: 0.6156268082559109; Loss Difference: 0.0, Decision: 0
Round 101 took 3.9699370861053467s, results:
{'t': 100, 'current_accuracy': 0.74609375, 'current_loss': 0.7501417398452759, 'train_loss': None, 'decision': 0, 'drift_rate': 0.0, 'target_domains': ['photo']}
0.0 []
Loss historical diff: 0.6156262122094631; Loss Difference: 0.0, Decision: 0
Round 102 took 3.6099162101745605s, results:
{'t': 101, 'current_accuracy': 0.74609375, 'current_loss': 0.7501411437988281, 'train_loss': None, 'decision': 0, 'drift_rate': 0.0, 'target_domains': ['photo']}
0.0 []
Loss historical diff: 0.6156265996396542; Loss Difference: 0.0, Decision: 0
Round 103 took 3.772672414779663s, results:
{'t': 102, 'current_accuracy': 0.74609375, 'current_loss': 0.7501415312290192, 'train_loss': None, 'decision': 0, 'drift_rate': 0.0, 'target_domains': ['photo']}
0.0 []
Loss historical diff: 0.61562704667449; Loss Difference: 0.0, Decision: 0
Round 104 took 3.492121934890747s, results:
{'t': 103, 'current_accuracy': 0.74609375, 'current_loss': 0.750141978263855, 'train_loss': None, 'decision': 0, 'drift_rate': 0.0, 'target_domains': ['photo']}
0.0 []
Loss historical diff: 0.6156260035932064; Loss Difference: 0.0, Decision: 0
Round 105 took 3.72733211517334s, results:
{'t': 104, 'current_accuracy': 0.74609375, 'current_loss': 0.7501409351825714, 'train_loss': None, 'decision': 0, 'drift_rate': 0.0, 'target_domains': ['photo']}
0.0 []
Loss historical diff: 0.6156267784535885; Loss Difference: 0.0, Decision: 1
Average loss over 5 updates: 0.4574
Round 106 took 5.78582501411438s, results:
{'t': 105, 'current_accuracy': 0.74609375, 'current_loss': 0.7501417100429535, 'train_loss': 0.45737836360931394, 'decision': 1, 'drift_rate': 0.0, 'target_domains': ['photo']}
0.0 []
Loss historical diff: 1.273299690335989; Loss Difference: 0.0, Decision: 0
Round 107 took 4.016071796417236s, results:
{'t': 106, 'current_accuracy': 0.6171875, 'current_loss': 1.407814621925354, 'train_loss': None, 'decision': 0, 'drift_rate': 0.0, 'target_domains': ['photo']}
0.0 []
Loss historical diff: 1.2732995115220547; Loss Difference: 0.0, Decision: 0
Round 108 took 3.639845848083496s, results:
{'t': 107, 'current_accuracy': 0.6171875, 'current_loss': 1.4078144431114197, 'train_loss': None, 'decision': 0, 'drift_rate': 0.0, 'target_domains': ['photo']}
0.0 []
Loss historical diff: 1.27329808101058; Loss Difference: 0.0, Decision: 0
Round 109 took 3.8337533473968506s, results:
{'t': 108, 'current_accuracy': 0.6171875, 'current_loss': 1.407813012599945, 'train_loss': None, 'decision': 0, 'drift_rate': 0.0, 'target_domains': ['photo']}
0.0 []
Loss historical diff: 1.273299690335989; Loss Difference: 0.0, Decision: 0
Round 110 took 3.6872756481170654s, results:
{'t': 109, 'current_accuracy': 0.6171875, 'current_loss': 1.407814621925354, 'train_loss': None, 'decision': 0, 'drift_rate': 0.0, 'target_domains': ['photo']}
0.0 []
Loss historical diff: 1.2732997499406338; Loss Difference: 0.0, Decision: 0
Round 111 took 3.6713063716888428s, results:
{'t': 110, 'current_accuracy': 0.6171875, 'current_loss': 1.4078146815299988, 'train_loss': None, 'decision': 0, 'drift_rate': 0.0, 'target_domains': ['photo']}
0.0 []
Loss historical diff: 1.2732993327081203; Loss Difference: 0.0, Decision: 1
Average loss over 5 updates: 0.4536
Round 112 took 5.884934425354004s, results:
{'t': 111, 'current_accuracy': 0.6171875, 'current_loss': 1.4078142642974854, 'train_loss': 0.4536114275455475, 'decision': 1, 'drift_rate': 0.0, 'target_domains': ['photo']}
0.0 []
Loss historical diff: 1.0038787387311459; Loss Difference: 0.0, Decision: 0
Round 113 took 3.6971261501312256s, results:
{'t': 112, 'current_accuracy': 0.66796875, 'current_loss': 1.1383936703205109, 'train_loss': None, 'decision': 0, 'drift_rate': 0.0, 'target_domains': ['photo']}
0.0 []
Loss historical diff: 1.0038787089288235; Loss Difference: 0.0, Decision: 0
Round 114 took 3.6756157875061035s, results:
{'t': 113, 'current_accuracy': 0.66796875, 'current_loss': 1.1383936405181885, 'train_loss': None, 'decision': 0, 'drift_rate': 0.0, 'target_domains': ['photo']}
0.0 []
Loss historical diff: 1.0038792453706264; Loss Difference: 0.0, Decision: 0
Round 115 took 3.7841992378234863s, results:
{'t': 114, 'current_accuracy': 0.66796875, 'current_loss': 1.1383941769599915, 'train_loss': None, 'decision': 0, 'drift_rate': 0.0, 'target_domains': ['photo']}
0.0 []
Loss historical diff: 1.0038790069520473; Loss Difference: 0.0, Decision: 0
Round 116 took 3.667900562286377s, results:
{'t': 115, 'current_accuracy': 0.66796875, 'current_loss': 1.1383939385414124, 'train_loss': None, 'decision': 0, 'drift_rate': 0.0, 'target_domains': ['photo']}
0.0 []
Loss historical diff: 1.0038800798356533; Loss Difference: 0.0, Decision: 0
Round 117 took 3.809436082839966s, results:
{'t': 116, 'current_accuracy': 0.66796875, 'current_loss': 1.1383950114250183, 'train_loss': None, 'decision': 0, 'drift_rate': 0.0, 'target_domains': ['photo']}
0.0 []
Loss historical diff: 1.0038789175450802; Loss Difference: 0.0, Decision: 0
Round 118 took 3.8033981323242188s, results:
{'t': 117, 'current_accuracy': 0.66796875, 'current_loss': 1.1383938491344452, 'train_loss': None, 'decision': 0, 'drift_rate': 0.0, 'target_domains': ['photo']}
0.0 []
Loss historical diff: 1.0038776360452175; Loss Difference: 0.0, Decision: 0
Round 119 took 3.7217328548431396s, results:
{'t': 118, 'current_accuracy': 0.66796875, 'current_loss': 1.1383925676345825, 'train_loss': None, 'decision': 0, 'drift_rate': 0.0, 'target_domains': ['photo']}
0.0 []
Loss historical diff: 1.003879126161337; Loss Difference: 0.0, Decision: 1
Average loss over 5 updates: 0.3538
Round 120 took 6.088123798370361s, results:
{'t': 119, 'current_accuracy': 0.66796875, 'current_loss': 1.138394057750702, 'train_loss': 0.35382294952869414, 'decision': 1, 'drift_rate': 0.0, 'target_domains': ['photo']}
0.0 []
Loss historical diff: 0.8244475983083248; Loss Difference: 0.0, Decision: 1
Average loss over 5 updates: 0.2432
Round 121 took 6.172797203063965s, results:
{'t': 120, 'current_accuracy': 0.71875, 'current_loss': 0.9589625298976898, 'train_loss': 0.24324432015419006, 'decision': 1, 'drift_rate': 0.0, 'target_domains': ['photo']}
0.0 []
Loss historical diff: 0.662120159715414; Loss Difference: 0.0, Decision: 0
Round 122 took 3.8450849056243896s, results:
{'t': 121, 'current_accuracy': 0.74609375, 'current_loss': 0.796635091304779, 'train_loss': None, 'decision': 0, 'drift_rate': 0.0, 'target_domains': ['photo']}
0.0 []
Loss historical diff: 0.6621200107038021; Loss Difference: 0.0, Decision: 0
Round 123 took 3.9033756256103516s, results:
{'t': 122, 'current_accuracy': 0.74609375, 'current_loss': 0.7966349422931671, 'train_loss': None, 'decision': 0, 'drift_rate': 0.0, 'target_domains': ['photo']}
0.0 []
Loss historical diff: 0.6621199510991573; Loss Difference: 0.0, Decision: 0
Round 124 took 3.7732977867126465s, results:
{'t': 123, 'current_accuracy': 0.74609375, 'current_loss': 0.7966348826885223, 'train_loss': None, 'decision': 0, 'drift_rate': 0.0, 'target_domains': ['photo']}
0.0 []
Loss historical diff: 0.662120308727026; Loss Difference: 0.0, Decision: 0
Round 125 took 3.723496675491333s, results:
{'t': 124, 'current_accuracy': 0.74609375, 'current_loss': 0.796635240316391, 'train_loss': None, 'decision': 0, 'drift_rate': 0.0, 'target_domains': ['photo']}
0.0 []
Loss historical diff: 0.6621200405061245; Loss Difference: 0.0, Decision: 0
Round 126 took 3.551236152648926s, results:
{'t': 125, 'current_accuracy': 0.74609375, 'current_loss': 0.7966349720954895, 'train_loss': None, 'decision': 0, 'drift_rate': 0.0, 'target_domains': ['photo']}
0.0 []
Loss historical diff: 0.6621200703084469; Loss Difference: 0.0, Decision: 1
Average loss over 5 updates: 0.2090
Round 127 took 5.893806457519531s, results:
{'t': 126, 'current_accuracy': 0.74609375, 'current_loss': 0.7966350018978119, 'train_loss': 0.20897571742534637, 'decision': 1, 'drift_rate': 0.0, 'target_domains': ['photo']}
0.0 []
Loss historical diff: 0.4864917956292629; Loss Difference: 0.0, Decision: 1
Average loss over 5 updates: 0.2043
Round 128 took 6.1698644161224365s, results:
{'t': 127, 'current_accuracy': 0.8203125, 'current_loss': 0.6210067272186279, 'train_loss': 0.20428621470928193, 'decision': 1, 'drift_rate': 0.0, 'target_domains': ['photo']}
0.0 []
Loss historical diff: 0.4123636595904827; Loss Difference: 0.0, Decision: 1
Average loss over 5 updates: 0.1639
Round 129 took 6.0271570682525635s, results:
{'t': 128, 'current_accuracy': 0.84375, 'current_loss': 0.5468785911798477, 'train_loss': 0.163900925219059, 'decision': 1, 'drift_rate': 0.0, 'target_domains': ['photo']}
0.0 []
Loss historical diff: 0.4147716723382473; Loss Difference: 0.0, Decision: 0
Round 130 took 3.4925103187561035s, results:
{'t': 129, 'current_accuracy': 0.82421875, 'current_loss': 0.5492866039276123, 'train_loss': None, 'decision': 0, 'drift_rate': 0.0, 'target_domains': ['photo']}
0.0 []
Loss historical diff: 0.4147714339196682; Loss Difference: 0.0, Decision: 0
Round 131 took 3.6696579456329346s, results:
{'t': 130, 'current_accuracy': 0.82421875, 'current_loss': 0.5492863655090332, 'train_loss': None, 'decision': 0, 'drift_rate': 0.0, 'target_domains': ['photo']}
0.0 []
Loss historical diff: 0.41477129980921745; Loss Difference: 0.0, Decision: 0
Round 132 took 3.673860788345337s, results:
{'t': 131, 'current_accuracy': 0.82421875, 'current_loss': 0.5492862313985825, 'train_loss': None, 'decision': 0, 'drift_rate': 0.0, 'target_domains': ['photo']}
0.0 []
Loss historical diff: 0.4147712253034115; Loss Difference: 0.0, Decision: 0
Round 133 took 3.806387186050415s, results:
{'t': 132, 'current_accuracy': 0.82421875, 'current_loss': 0.5492861568927765, 'train_loss': None, 'decision': 0, 'drift_rate': 0.0, 'target_domains': ['photo']}
0.0 []
Loss historical diff: 0.41477086767554283; Loss Difference: 0.0, Decision: 1
Average loss over 5 updates: 0.1647
Round 134 took 6.397272348403931s, results:
{'t': 133, 'current_accuracy': 0.82421875, 'current_loss': 0.5492857992649078, 'train_loss': 0.16466634273529052, 'decision': 1, 'drift_rate': 0.0, 'target_domains': ['photo']}
0.0 []
Loss historical diff: 0.23138703033328056; Loss Difference: 0.0, Decision: 0
Round 135 took 3.7506985664367676s, results:
{'t': 134, 'current_accuracy': 0.890625, 'current_loss': 0.36590196192264557, 'train_loss': None, 'decision': 0, 'drift_rate': 0.0, 'target_domains': ['photo']}
0.0 []
Loss historical diff: 0.23138700053095818; Loss Difference: 0.0, Decision: 0
Round 136 took 3.6517481803894043s, results:
{'t': 135, 'current_accuracy': 0.890625, 'current_loss': 0.3659019321203232, 'train_loss': None, 'decision': 0, 'drift_rate': 0.0, 'target_domains': ['photo']}
0.0 []
Loss historical diff: 0.23138710483908653; Loss Difference: 0.0, Decision: 0
Round 137 took 3.7004599571228027s, results:
{'t': 136, 'current_accuracy': 0.890625, 'current_loss': 0.36590203642845154, 'train_loss': None, 'decision': 0, 'drift_rate': 0.0, 'target_domains': ['photo']}
0.0 []
Loss historical diff: 0.23138708993792534; Loss Difference: 0.0, Decision: 1
Average loss over 5 updates: 0.0964
Round 138 took 5.714879274368286s, results:
{'t': 137, 'current_accuracy': 0.890625, 'current_loss': 0.36590202152729034, 'train_loss': 0.09638838171958923, 'decision': 1, 'drift_rate': 0.0, 'target_domains': ['photo']}
0.0 []
Loss historical diff: 0.25696561858057976; Loss Difference: 0.0, Decision: 0
Round 139 took 3.6707797050476074s, results:
{'t': 138, 'current_accuracy': 0.890625, 'current_loss': 0.39148055016994476, 'train_loss': None, 'decision': 0, 'drift_rate': 0.0, 'target_domains': ['photo']}
0.0 []
Loss historical diff: 0.25696611031889915; Loss Difference: 0.0, Decision: 0
Round 140 took 3.7361488342285156s, results:
{'t': 139, 'current_accuracy': 0.890625, 'current_loss': 0.39148104190826416, 'train_loss': None, 'decision': 0, 'drift_rate': 0.0, 'target_domains': ['photo']}
0.0 []
Loss historical diff: 0.2569657973945141; Loss Difference: 0.0, Decision: 0
Round 141 took 3.947667121887207s, results:
{'t': 140, 'current_accuracy': 0.890625, 'current_loss': 0.3914807289838791, 'train_loss': None, 'decision': 0, 'drift_rate': 0.0, 'target_domains': ['photo']}
0.0 []
Loss historical diff: 0.25696563348174095; Loss Difference: 0.0, Decision: 0
Round 142 took 3.964686632156372s, results:
{'t': 141, 'current_accuracy': 0.890625, 'current_loss': 0.39148056507110596, 'train_loss': None, 'decision': 0, 'drift_rate': 0.0, 'target_domains': ['photo']}
0.0 []
Loss historical diff: 0.25696540996432304; Loss Difference: 0.0, Decision: 0
Round 143 took 3.6839439868927s, results:
{'t': 142, 'current_accuracy': 0.890625, 'current_loss': 0.39148034155368805, 'train_loss': None, 'decision': 0, 'drift_rate': 0.0, 'target_domains': ['photo']}
0.0 []
Loss historical diff: 0.25696560367941856; Loss Difference: 0.0, Decision: 0
Round 144 took 3.5726826190948486s, results:
{'t': 143, 'current_accuracy': 0.890625, 'current_loss': 0.39148053526878357, 'train_loss': None, 'decision': 0, 'drift_rate': 0.0, 'target_domains': ['photo']}
0.0 []
Loss historical diff: 0.25696584209799767; Loss Difference: 0.0, Decision: 0
Round 145 took 3.5976901054382324s, results:
{'t': 144, 'current_accuracy': 0.890625, 'current_loss': 0.39148077368736267, 'train_loss': None, 'decision': 0, 'drift_rate': 0.0, 'target_domains': ['photo']}
0.0 []
Loss historical diff: 0.25696560367941856; Loss Difference: 0.0, Decision: 0
Round 146 took 3.7812445163726807s, results:
{'t': 145, 'current_accuracy': 0.890625, 'current_loss': 0.39148053526878357, 'train_loss': None, 'decision': 0, 'drift_rate': 0.0, 'target_domains': ['photo']}
0.0 []
Loss historical diff: 0.25696564838290215; Loss Difference: 0.0, Decision: 1
Average loss over 5 updates: 0.1056
Round 147 took 6.529613256454468s, results:
{'t': 146, 'current_accuracy': 0.890625, 'current_loss': 0.39148057997226715, 'train_loss': 0.10556873381137848, 'decision': 1, 'drift_rate': 0.0, 'target_domains': ['photo']}
0.0 []
Loss historical diff: 0.21752415224909782; Loss Difference: 0.0, Decision: 1
Average loss over 5 updates: 0.1633
Round 148 took 5.836580514907837s, results:
{'t': 147, 'current_accuracy': 0.890625, 'current_loss': 0.35203908383846283, 'train_loss': 0.16334057599306107, 'decision': 1, 'drift_rate': 0.0, 'target_domains': ['photo']}
0.0 []
Loss historical diff: 1.1916616521775723; Loss Difference: 0.0, Decision: 0
Round 149 took 3.50593638420105s, results:
{'t': 148, 'current_accuracy': 0.671875, 'current_loss': 1.3261765837669373, 'train_loss': None, 'decision': 0, 'drift_rate': 0.0, 'target_domains': ['photo']}
0.0 []
Loss historical diff: 1.1916612945497036; Loss Difference: 0.0, Decision: 0
Round 150 took 3.6619346141815186s, results:
{'t': 149, 'current_accuracy': 0.671875, 'current_loss': 1.3261762261390686, 'train_loss': None, 'decision': 0, 'drift_rate': 0.0, 'target_domains': ['photo']}
0.0 []
Loss historical diff: 1.1916616521775723; Loss Difference: 0.0, Decision: 1
Average loss over 5 updates: 0.1465
Round 151 took 5.701195478439331s, results:
{'t': 150, 'current_accuracy': 0.671875, 'current_loss': 1.3261765837669373, 'train_loss': 0.1465312957763672, 'decision': 1, 'drift_rate': 0.0, 'target_domains': ['photo']}
0.0 []
Loss historical diff: 0.5887504182755947; Loss Difference: 0.0, Decision: 0
Round 152 took 3.750603675842285s, results:
{'t': 151, 'current_accuracy': 0.8125, 'current_loss': 0.7232653498649597, 'train_loss': None, 'decision': 0, 'drift_rate': 0.0, 'target_domains': ['photo']}
0.0 []
Loss historical diff: 0.588751282542944; Loss Difference: 0.0, Decision: 0
Round 153 took 3.649029493331909s, results:
{'t': 152, 'current_accuracy': 0.8125, 'current_loss': 0.723266214132309, 'train_loss': None, 'decision': 0, 'drift_rate': 0.0, 'target_domains': ['photo']}
0.0 []
Loss historical diff: 0.5887506566941738; Loss Difference: 0.0, Decision: 1
Average loss over 5 updates: 0.0670
Round 154 took 6.2011096477508545s, results:
{'t': 153, 'current_accuracy': 0.8125, 'current_loss': 0.7232655882835388, 'train_loss': 0.06699958592653274, 'decision': 1, 'drift_rate': 0.0, 'target_domains': ['photo']}
0.0 []
Loss historical diff: 0.28217655047774315; Loss Difference: 0.0, Decision: 0
Round 155 took 3.8109209537506104s, results:
{'t': 154, 'current_accuracy': 0.88671875, 'current_loss': 0.41669148206710815, 'train_loss': None, 'decision': 0, 'drift_rate': 0.0, 'target_domains': ['photo']}
0.0 []
Loss historical diff: 0.28217656537890434; Loss Difference: 0.0, Decision: 1
Average loss over 5 updates: 0.0584
Round 156 took 6.037665843963623s, results:
{'t': 155, 'current_accuracy': 0.88671875, 'current_loss': 0.41669149696826935, 'train_loss': 0.05835332274436951, 'decision': 1, 'drift_rate': 0.0, 'target_domains': ['photo']}
0.0 []
Loss historical diff: 0.1987413875758648; Loss Difference: 0.0, Decision: 1
Average loss over 5 updates: 0.0361
Round 157 took 6.140815496444702s, results:
{'t': 156, 'current_accuracy': 0.90625, 'current_loss': 0.3332563191652298, 'train_loss': 0.036098971590399744, 'decision': 1, 'drift_rate': 0.0, 'target_domains': ['photo']}
0.0 []
Loss historical diff: 0.21386943385004997; Loss Difference: 0.0, Decision: 0
Round 158 took 3.671912908554077s, results:
{'t': 157, 'current_accuracy': 0.90234375, 'current_loss': 0.348384365439415, 'train_loss': None, 'decision': 0, 'drift_rate': 0.0, 'target_domains': ['photo']}
0.0 []
Loss historical diff: 0.21386929973959923; Loss Difference: 0.0, Decision: 0
Round 159 took 3.5813300609588623s, results:
{'t': 158, 'current_accuracy': 0.90234375, 'current_loss': 0.34838423132896423, 'train_loss': None, 'decision': 0, 'drift_rate': 0.0, 'target_domains': ['photo']}
0.0 []
Loss historical diff: 0.21386944875121117; Loss Difference: 0.0, Decision: 0
Round 160 took 3.4835798740386963s, results:
{'t': 159, 'current_accuracy': 0.90234375, 'current_loss': 0.34838438034057617, 'train_loss': None, 'decision': 0, 'drift_rate': 0.0, 'target_domains': ['photo']}
0.0 []
Loss historical diff: 0.21386947855353355; Loss Difference: 0.0, Decision: 0
Round 161 took 3.575057029724121s, results:
{'t': 160, 'current_accuracy': 0.90234375, 'current_loss': 0.34838441014289856, 'train_loss': None, 'decision': 0, 'drift_rate': 0.0, 'target_domains': ['photo']}
0.0 []
Loss historical diff: 0.21386940404772758; Loss Difference: 0.0, Decision: 0
Round 162 took 3.693957567214966s, results:
{'t': 161, 'current_accuracy': 0.90234375, 'current_loss': 0.3483843356370926, 'train_loss': None, 'decision': 0, 'drift_rate': 0.0, 'target_domains': ['photo']}
0.0 []
Loss historical diff: 0.21386944875121117; Loss Difference: 0.0, Decision: 0
Round 163 took 3.8662219047546387s, results:
{'t': 162, 'current_accuracy': 0.90234375, 'current_loss': 0.34838438034057617, 'train_loss': None, 'decision': 0, 'drift_rate': 0.0, 'target_domains': ['photo']}
0.0 []
Loss historical diff: 0.2138693891465664; Loss Difference: 0.0, Decision: 0
Round 164 took 3.744040012359619s, results:
{'t': 163, 'current_accuracy': 0.90234375, 'current_loss': 0.3483843207359314, 'train_loss': None, 'decision': 0, 'drift_rate': 0.0, 'target_domains': ['photo']}
0.0 []
Loss historical diff: 0.2138693891465664; Loss Difference: 0.0, Decision: 0
Round 165 took 3.6636581420898438s, results:
{'t': 164, 'current_accuracy': 0.90234375, 'current_loss': 0.3483843207359314, 'train_loss': None, 'decision': 0, 'drift_rate': 0.0, 'target_domains': ['photo']}
0.4 ['cartoon']
Loss historical diff: 1.8592534624040127; Loss Difference: 0.0, Decision: 0
Round 166 took 3.9980716705322266s, results:
{'t': 165, 'current_accuracy': 0.59765625, 'current_loss': 1.9937683939933777, 'train_loss': None, 'decision': 0, 'drift_rate': 0.4, 'target_domains': ['cartoon']}
0.4 ['cartoon']
Loss historical diff: 3.1886960230767727; Loss Difference: 0.0, Decision: 1
Average loss over 5 updates: 3.5264
Round 167 took 6.168483257293701s, results:
{'t': 166, 'current_accuracy': 0.30078125, 'current_loss': 3.3232109546661377, 'train_loss': 3.526408338546753, 'decision': 1, 'drift_rate': 0.4, 'target_domains': ['cartoon']}
0.4 ['cartoon']
Loss historical diff: 42.89362418279052; Loss Difference: 0.0, Decision: 1
Average loss over 5 updates: 1.8053
Round 168 took 6.332122802734375s, results:
{'t': 167, 'current_accuracy': 0.16015625, 'current_loss': 43.02813911437988, 'train_loss': 1.805346965789795, 'decision': 1, 'drift_rate': 0.4, 'target_domains': ['cartoon']}
0.0 []
Loss historical diff: 5.9819482527673244; Loss Difference: 0.0, Decision: 0
Round 169 took 3.6400277614593506s, results:
{'t': 168, 'current_accuracy': 0.35546875, 'current_loss': 6.1164631843566895, 'train_loss': None, 'decision': 0, 'drift_rate': 0.0, 'target_domains': ['cartoon']}
0.0 []
Loss historical diff: 5.981949206441641; Loss Difference: 0.0, Decision: 0
Round 170 took 3.676990270614624s, results:
{'t': 169, 'current_accuracy': 0.35546875, 'current_loss': 6.116464138031006, 'train_loss': None, 'decision': 0, 'drift_rate': 0.0, 'target_domains': ['cartoon']}
0.0 []
Loss historical diff: 5.9819482527673244; Loss Difference: 0.0, Decision: 0
Round 171 took 3.716695785522461s, results:
{'t': 170, 'current_accuracy': 0.35546875, 'current_loss': 6.1164631843566895, 'train_loss': None, 'decision': 0, 'drift_rate': 0.0, 'target_domains': ['cartoon']}
0.0 []
Loss historical diff: 5.9819482527673244; Loss Difference: 0.0, Decision: 0
Round 172 took 3.419203281402588s, results:
{'t': 171, 'current_accuracy': 0.35546875, 'current_loss': 6.1164631843566895, 'train_loss': None, 'decision': 0, 'drift_rate': 0.0, 'target_domains': ['cartoon']}
0.0 []
Loss historical diff: 5.981948014348745; Loss Difference: 0.0, Decision: 1
Average loss over 5 updates: 1.1630
Round 173 took 5.850870609283447s, results:
{'t': 172, 'current_accuracy': 0.35546875, 'current_loss': 6.11646294593811, 'train_loss': 1.1629686594009399, 'decision': 1, 'drift_rate': 0.0, 'target_domains': ['cartoon']}
0.0 []
Loss historical diff: 4.01940369233489; Loss Difference: 0.0, Decision: 0
Round 174 took 3.7139768600463867s, results:
{'t': 173, 'current_accuracy': 0.45703125, 'current_loss': 4.153918623924255, 'train_loss': None, 'decision': 0, 'drift_rate': 0.0, 'target_domains': ['cartoon']}
0.0 []
Loss historical diff: 4.019404049962759; Loss Difference: 0.0, Decision: 1
Average loss over 5 updates: 1.1267
Round 175 took 5.959799289703369s, results:
{'t': 174, 'current_accuracy': 0.45703125, 'current_loss': 4.153918981552124, 'train_loss': 1.1267333626747131, 'decision': 1, 'drift_rate': 0.0, 'target_domains': ['cartoon']}
0.0 []
Loss historical diff: 1.939960416406393; Loss Difference: 0.0, Decision: 0
Round 176 took 3.611452102661133s, results:
{'t': 175, 'current_accuracy': 0.5078125, 'current_loss': 2.074475347995758, 'train_loss': None, 'decision': 0, 'drift_rate': 0.0, 'target_domains': ['cartoon']}
0.0 []
Loss historical diff: 1.9399602971971035; Loss Difference: 0.0, Decision: 0
Round 177 took 3.7291526794433594s, results:
{'t': 176, 'current_accuracy': 0.5078125, 'current_loss': 2.0744752287864685, 'train_loss': None, 'decision': 0, 'drift_rate': 0.0, 'target_domains': ['cartoon']}
0.0 []
Loss historical diff: 1.9399602375924587; Loss Difference: 0.0, Decision: 0
Round 178 took 3.8423056602478027s, results:
{'t': 177, 'current_accuracy': 0.5078125, 'current_loss': 2.0744751691818237, 'train_loss': None, 'decision': 0, 'drift_rate': 0.0, 'target_domains': ['cartoon']}
0.0 []
Loss historical diff: 1.9399605952203274; Loss Difference: 0.0, Decision: 1
Average loss over 5 updates: 0.8029
Round 179 took 5.7383317947387695s, results:
{'t': 178, 'current_accuracy': 0.5078125, 'current_loss': 2.0744755268096924, 'train_loss': 0.802860963344574, 'decision': 1, 'drift_rate': 0.0, 'target_domains': ['cartoon']}
0.0 []
Loss historical diff: 0.9399857185781002; Loss Difference: 0.0, Decision: 1
Average loss over 5 updates: 0.5697
Round 180 took 6.279078483581543s, results:
{'t': 179, 'current_accuracy': 0.66015625, 'current_loss': 1.0745006501674652, 'train_loss': 0.5696564793586731, 'decision': 1, 'drift_rate': 0.0, 'target_domains': ['cartoon']}
0.0 []
Loss historical diff: 0.8542181216180325; Loss Difference: 0.0, Decision: 0
Round 181 took 4.033844947814941s, results:
{'t': 180, 'current_accuracy': 0.64453125, 'current_loss': 0.9887330532073975, 'train_loss': None, 'decision': 0, 'drift_rate': 0.0, 'target_domains': ['cartoon']}
0.0 []
Loss historical diff: 0.8542182110249996; Loss Difference: 0.0, Decision: 0
Round 182 took 3.864703893661499s, results:
{'t': 181, 'current_accuracy': 0.64453125, 'current_loss': 0.9887331426143646, 'train_loss': None, 'decision': 0, 'drift_rate': 0.0, 'target_domains': ['cartoon']}
0.0 []
Loss historical diff: 0.8542181812226772; Loss Difference: 0.0, Decision: 0
Round 183 took 3.9674606323242188s, results:
{'t': 182, 'current_accuracy': 0.64453125, 'current_loss': 0.9887331128120422, 'train_loss': None, 'decision': 0, 'drift_rate': 0.0, 'target_domains': ['cartoon']}
0.0 []
Loss historical diff: 0.8542179726064205; Loss Difference: 0.0, Decision: 0
Round 184 took 4.1186439990997314s, results:
{'t': 183, 'current_accuracy': 0.64453125, 'current_loss': 0.9887329041957855, 'train_loss': None, 'decision': 0, 'drift_rate': 0.0, 'target_domains': ['cartoon']}
0.0 []
Loss historical diff: 0.8542189858853817; Loss Difference: 0.0, Decision: 0
Round 185 took 3.751380443572998s, results:
{'t': 184, 'current_accuracy': 0.64453125, 'current_loss': 0.9887339174747467, 'train_loss': None, 'decision': 0, 'drift_rate': 0.0, 'target_domains': ['cartoon']}
0.0 []
Loss historical diff: 0.8542179726064205; Loss Difference: 0.0, Decision: 1
Average loss over 5 updates: 0.5568
Round 186 took 6.116873741149902s, results:
{'t': 185, 'current_accuracy': 0.64453125, 'current_loss': 0.9887329041957855, 'train_loss': 0.5568387150764466, 'decision': 1, 'drift_rate': 0.0, 'target_domains': ['cartoon']}
0.0 []
Loss historical diff: 0.6634545885026455; Loss Difference: 0.0, Decision: 0
Round 187 took 3.735386610031128s, results:
{'t': 186, 'current_accuracy': 0.73046875, 'current_loss': 0.7979695200920105, 'train_loss': None, 'decision': 0, 'drift_rate': 0.0, 'target_domains': ['cartoon']}
0.0 []
Loss historical diff: 0.6634544692933559; Loss Difference: 0.0, Decision: 0
Round 188 took 3.7722320556640625s, results:
{'t': 187, 'current_accuracy': 0.73046875, 'current_loss': 0.797969400882721, 'train_loss': None, 'decision': 0, 'drift_rate': 0.0, 'target_domains': ['cartoon']}
0.0 []
Loss historical diff: 0.6634546183049679; Loss Difference: 0.0, Decision: 1
Average loss over 5 updates: 0.4398
Round 189 took 6.056129693984985s, results:
{'t': 188, 'current_accuracy': 0.73046875, 'current_loss': 0.7979695498943329, 'train_loss': 0.43976901173591615, 'decision': 1, 'drift_rate': 0.0, 'target_domains': ['cartoon']}
0.0 []
Loss historical diff: 1.3169053755700588; Loss Difference: 0.0, Decision: 0
Round 190 took 3.7465732097625732s, results:
{'t': 189, 'current_accuracy': 0.609375, 'current_loss': 1.4514203071594238, 'train_loss': None, 'decision': 0, 'drift_rate': 0.0, 'target_domains': ['cartoon']}
0.0 []
Loss historical diff: 1.316905077546835; Loss Difference: 0.0, Decision: 0
Round 191 took 3.728271484375s, results:
{'t': 190, 'current_accuracy': 0.609375, 'current_loss': 1.4514200091362, 'train_loss': None, 'decision': 0, 'drift_rate': 0.0, 'target_domains': ['cartoon']}
0.0 []
Loss historical diff: 1.316905077546835; Loss Difference: 0.0, Decision: 0
Round 192 took 3.9218621253967285s, results:
{'t': 191, 'current_accuracy': 0.609375, 'current_loss': 1.4514200091362, 'train_loss': None, 'decision': 0, 'drift_rate': 0.0, 'target_domains': ['cartoon']}
0.0 []
Loss historical diff: 1.316905315965414; Loss Difference: 0.0, Decision: 1
Average loss over 5 updates: 0.4100
Round 193 took 6.125013828277588s, results:
{'t': 192, 'current_accuracy': 0.609375, 'current_loss': 1.451420247554779, 'train_loss': 0.40996925830841063, 'decision': 1, 'drift_rate': 0.0, 'target_domains': ['cartoon']}
0.0 []
Loss historical diff: 0.7396186254918575; Loss Difference: 0.0, Decision: 0
Round 194 took 3.848957061767578s, results:
{'t': 193, 'current_accuracy': 0.7578125, 'current_loss': 0.8741335570812225, 'train_loss': None, 'decision': 0, 'drift_rate': 0.0, 'target_domains': ['cartoon']}
0.0 []
Loss historical diff: 0.7396187745034695; Loss Difference: 0.0, Decision: 1
Average loss over 5 updates: 0.3062
Round 195 took 6.138247966766357s, results:
{'t': 194, 'current_accuracy': 0.7578125, 'current_loss': 0.8741337060928345, 'train_loss': 0.3061622083187103, 'decision': 1, 'drift_rate': 0.0, 'target_domains': ['cartoon']}
0.0 []
Loss historical diff: 0.5903452597558498; Loss Difference: 0.0, Decision: 1
Average loss over 5 updates: 0.2396
Round 196 took 5.907083034515381s, results:
{'t': 195, 'current_accuracy': 0.80859375, 'current_loss': 0.7248601913452148, 'train_loss': 0.2395932286977768, 'decision': 1, 'drift_rate': 0.0, 'target_domains': ['cartoon']}
0.0 []
Loss historical diff: 0.5636589787900448; Loss Difference: 0.0, Decision: 0
Round 197 took 3.6708266735076904s, results:
{'t': 196, 'current_accuracy': 0.79296875, 'current_loss': 0.6981739103794098, 'train_loss': None, 'decision': 0, 'drift_rate': 0.0, 'target_domains': ['cartoon']}
0.0 []
Loss historical diff: 0.5636589191854; Loss Difference: 0.0, Decision: 0
Round 198 took 3.824932813644409s, results:
{'t': 197, 'current_accuracy': 0.79296875, 'current_loss': 0.698173850774765, 'train_loss': None, 'decision': 0, 'drift_rate': 0.0, 'target_domains': ['cartoon']}
0.0 []
Loss historical diff: 0.5636587105691433; Loss Difference: 0.0, Decision: 0
Round 199 took 3.698071241378784s, results:
{'t': 198, 'current_accuracy': 0.79296875, 'current_loss': 0.6981736421585083, 'train_loss': None, 'decision': 0, 'drift_rate': 0.0, 'target_domains': ['cartoon']}
0.0 []
Loss historical diff: 0.5636586807668209; Loss Difference: 0.0, Decision: 0
Round 200 took 3.634428024291992s, results:
{'t': 199, 'current_accuracy': 0.79296875, 'current_loss': 0.6981736123561859, 'train_loss': None, 'decision': 0, 'drift_rate': 0.0, 'target_domains': ['cartoon']}
0.0 []
Loss historical diff: 0.5636587403714657; Loss Difference: 0.0, Decision: 0
Round 201 took 3.8447935581207275s, results:
{'t': 200, 'current_accuracy': 0.79296875, 'current_loss': 0.6981736719608307, 'train_loss': None, 'decision': 0, 'drift_rate': 0.0, 'target_domains': ['cartoon']}
0.0 []
Loss historical diff: 0.5636586360633373; Loss Difference: 0.0, Decision: 0
Round 202 took 3.940929889678955s, results:
{'t': 201, 'current_accuracy': 0.79296875, 'current_loss': 0.6981735676527023, 'train_loss': None, 'decision': 0, 'drift_rate': 0.0, 'target_domains': ['cartoon']}
0.0 []
Loss historical diff: 0.5636587999761105; Loss Difference: 0.0, Decision: 1
Average loss over 5 updates: 0.1946
Round 203 took 6.313822984695435s, results:
{'t': 202, 'current_accuracy': 0.79296875, 'current_loss': 0.6981737315654755, 'train_loss': 0.1946016103029251, 'decision': 1, 'drift_rate': 0.0, 'target_domains': ['cartoon']}
0.0 []
Loss historical diff: 0.5705439411103725; Loss Difference: 0.0, Decision: 0
Round 204 took 3.9307782649993896s, results:
{'t': 203, 'current_accuracy': 0.77734375, 'current_loss': 0.7050588726997375, 'train_loss': None, 'decision': 0, 'drift_rate': 0.0, 'target_domains': ['cartoon']}
0.0 []
Loss historical diff: 0.5705444179475307; Loss Difference: 0.0, Decision: 0
Round 205 took 3.8297390937805176s, results:
{'t': 204, 'current_accuracy': 0.77734375, 'current_loss': 0.7050593495368958, 'train_loss': None, 'decision': 0, 'drift_rate': 0.0, 'target_domains': ['cartoon']}
0.0 []
Loss historical diff: 0.5705441199243069; Loss Difference: 0.0, Decision: 0
Round 206 took 3.581458806991577s, results:
{'t': 205, 'current_accuracy': 0.77734375, 'current_loss': 0.7050590515136719, 'train_loss': None, 'decision': 0, 'drift_rate': 0.0, 'target_domains': ['cartoon']}
0.0 []
Loss historical diff: 0.5705430470407009; Loss Difference: 0.0, Decision: 0
Round 207 took 3.7839035987854004s, results:
{'t': 206, 'current_accuracy': 0.77734375, 'current_loss': 0.7050579786300659, 'train_loss': None, 'decision': 0, 'drift_rate': 0.0, 'target_domains': ['cartoon']}
0.0 []
Loss historical diff: 0.5705440007150173; Loss Difference: 0.0, Decision: 0
Round 208 took 3.686429977416992s, results:
{'t': 207, 'current_accuracy': 0.77734375, 'current_loss': 0.7050589323043823, 'train_loss': None, 'decision': 0, 'drift_rate': 0.0, 'target_domains': ['cartoon']}
0.0 []
Loss historical diff: 0.5705440007150173; Loss Difference: 0.0, Decision: 0
Round 209 took 3.828808546066284s, results:
{'t': 208, 'current_accuracy': 0.77734375, 'current_loss': 0.7050589323043823, 'train_loss': None, 'decision': 0, 'drift_rate': 0.0, 'target_domains': ['cartoon']}
0.0 []
Loss historical diff: 0.5705440901219845; Loss Difference: 0.0, Decision: 0
Round 210 took 4.088164806365967s, results:
{'t': 209, 'current_accuracy': 0.77734375, 'current_loss': 0.7050590217113495, 'train_loss': None, 'decision': 0, 'drift_rate': 0.0, 'target_domains': ['cartoon']}
0.0 []
Loss historical diff: 0.5705440901219845; Loss Difference: 0.0, Decision: 0
Round 211 took 3.6530678272247314s, results:
{'t': 210, 'current_accuracy': 0.77734375, 'current_loss': 0.7050590217113495, 'train_loss': None, 'decision': 0, 'drift_rate': 0.0, 'target_domains': ['cartoon']}
0.0 []
Loss historical diff: 0.570544209331274; Loss Difference: 0.0, Decision: 0
Round 212 took 3.8158605098724365s, results:
{'t': 211, 'current_accuracy': 0.77734375, 'current_loss': 0.705059140920639, 'train_loss': None, 'decision': 0, 'drift_rate': 0.0, 'target_domains': ['cartoon']}
0.0 []
Loss historical diff: 0.5705444179475307; Loss Difference: 0.0, Decision: 0
Round 213 took 3.8167338371276855s, results:
{'t': 212, 'current_accuracy': 0.77734375, 'current_loss': 0.7050593495368958, 'train_loss': None, 'decision': 0, 'drift_rate': 0.0, 'target_domains': ['cartoon']}
0.0 []
Loss historical diff: 0.5705440901219845; Loss Difference: 0.0, Decision: 0
Round 214 took 3.8141419887542725s, results:
{'t': 213, 'current_accuracy': 0.77734375, 'current_loss': 0.7050590217113495, 'train_loss': None, 'decision': 0, 'drift_rate': 0.0, 'target_domains': ['cartoon']}
0.0 []
Loss historical diff: 0.5705439709126949; Loss Difference: 0.0, Decision: 0
Round 215 took 3.7339000701904297s, results:
{'t': 214, 'current_accuracy': 0.77734375, 'current_loss': 0.7050589025020599, 'train_loss': None, 'decision': 0, 'drift_rate': 0.0, 'target_domains': ['cartoon']}
0.0 []
Loss historical diff: 0.5705439411103725; Loss Difference: 0.0, Decision: 0
Round 216 took 3.8042984008789062s, results:
{'t': 215, 'current_accuracy': 0.77734375, 'current_loss': 0.7050588726997375, 'train_loss': None, 'decision': 0, 'drift_rate': 0.0, 'target_domains': ['cartoon']}
0.0 []
Loss historical diff: 0.5705441199243069; Loss Difference: 0.0, Decision: 0
Round 217 took 3.8148984909057617s, results:
{'t': 216, 'current_accuracy': 0.77734375, 'current_loss': 0.7050590515136719, 'train_loss': None, 'decision': 0, 'drift_rate': 0.0, 'target_domains': ['cartoon']}
0.0 []
Loss historical diff: 0.5705440901219845; Loss Difference: 0.0, Decision: 0
Round 218 took 3.7164061069488525s, results:
{'t': 217, 'current_accuracy': 0.77734375, 'current_loss': 0.7050590217113495, 'train_loss': None, 'decision': 0, 'drift_rate': 0.0, 'target_domains': ['cartoon']}
0.0 []
Loss historical diff: 0.5705446861684322; Loss Difference: 0.0, Decision: 1
Average loss over 5 updates: 0.1700
Round 219 took 5.877440690994263s, results:
{'t': 218, 'current_accuracy': 0.77734375, 'current_loss': 0.7050596177577972, 'train_loss': 0.16995141208171843, 'decision': 1, 'drift_rate': 0.0, 'target_domains': ['cartoon']}
0.0 []
Loss historical diff: 0.49494948610663414; Loss Difference: 0.0, Decision: 0
Round 220 took 3.7365527153015137s, results:
{'t': 219, 'current_accuracy': 0.83984375, 'current_loss': 0.6294644176959991, 'train_loss': None, 'decision': 0, 'drift_rate': 0.0, 'target_domains': ['cartoon']}
0.0 []
Loss historical diff: 0.4949495159089565; Loss Difference: 0.0, Decision: 0
Round 221 took 3.7014901638031006s, results:
{'t': 220, 'current_accuracy': 0.83984375, 'current_loss': 0.6294644474983215, 'train_loss': None, 'decision': 0, 'drift_rate': 0.0, 'target_domains': ['cartoon']}
0.0 []
Loss historical diff: 0.4949488900601864; Loss Difference: 0.0, Decision: 1
Average loss over 5 updates: 0.1513
Round 222 took 6.251596450805664s, results:
{'t': 221, 'current_accuracy': 0.83984375, 'current_loss': 0.6294638216495514, 'train_loss': 0.15134812742471696, 'decision': 1, 'drift_rate': 0.0, 'target_domains': ['cartoon']}
0.0 []
Loss historical diff: 0.5456107817590237; Loss Difference: 0.0, Decision: 0
Round 223 took 3.7634809017181396s, results:
{'t': 222, 'current_accuracy': 0.828125, 'current_loss': 0.6801257133483887, 'train_loss': None, 'decision': 0, 'drift_rate': 0.0, 'target_domains': ['cartoon']}
0.0 []
Loss historical diff: 0.5456107519567013; Loss Difference: 0.0, Decision: 1
Average loss over 5 updates: 0.1383
Round 224 took 5.930825710296631s, results:
{'t': 223, 'current_accuracy': 0.828125, 'current_loss': 0.6801256835460663, 'train_loss': 0.1382959708571434, 'decision': 1, 'drift_rate': 0.0, 'target_domains': ['cartoon']}
0.0 []
Loss historical diff: 0.5102607868611813; Loss Difference: 0.0, Decision: 0
Round 225 took 3.8060407638549805s, results:
{'t': 224, 'current_accuracy': 0.828125, 'current_loss': 0.6447757184505463, 'train_loss': None, 'decision': 0, 'drift_rate': 0.0, 'target_domains': ['cartoon']}
0.0 []
Loss historical diff: 0.5102567933499813; Loss Difference: 0.0, Decision: 0
Round 226 took 3.8210020065307617s, results:
{'t': 225, 'current_accuracy': 0.828125, 'current_loss': 0.6447717249393463, 'train_loss': None, 'decision': 0, 'drift_rate': 0.0, 'target_domains': ['cartoon']}
0.0 []
Loss historical diff: 0.5102609060704708; Loss Difference: 0.0, Decision: 0
Round 227 took 3.881727933883667s, results:
{'t': 226, 'current_accuracy': 0.828125, 'current_loss': 0.6447758376598358, 'train_loss': None, 'decision': 0, 'drift_rate': 0.0, 'target_domains': ['cartoon']}
0.0 []
Loss historical diff: 0.5102609656751156; Loss Difference: 0.0, Decision: 1
Average loss over 5 updates: 0.1159
Round 228 took 5.982725143432617s, results:
{'t': 227, 'current_accuracy': 0.828125, 'current_loss': 0.6447758972644806, 'train_loss': 0.11593375504016876, 'decision': 1, 'drift_rate': 0.0, 'target_domains': ['cartoon']}
0.0 []
Loss historical diff: 0.4443645738065243; Loss Difference: 0.0, Decision: 0
Round 229 took 3.691885232925415s, results:
{'t': 228, 'current_accuracy': 0.83203125, 'current_loss': 0.5788795053958893, 'train_loss': None, 'decision': 0, 'drift_rate': 0.0, 'target_domains': ['cartoon']}
0.0 []
Loss historical diff: 0.4443644545972347; Loss Difference: 0.0, Decision: 0
Round 230 took 3.8005449771881104s, results:
{'t': 229, 'current_accuracy': 0.83203125, 'current_loss': 0.5788793861865997, 'train_loss': None, 'decision': 0, 'drift_rate': 0.0, 'target_domains': ['cartoon']}
0.0 []
Loss historical diff: 0.444364707916975; Loss Difference: 0.0, Decision: 0
Round 231 took 3.64749813079834s, results:
{'t': 230, 'current_accuracy': 0.83203125, 'current_loss': 0.57887963950634, 'train_loss': None, 'decision': 0, 'drift_rate': 0.0, 'target_domains': ['cartoon']}
0.0 []
Loss historical diff: 0.4443644545972347; Loss Difference: 0.0, Decision: 1
Average loss over 5 updates: 0.0886
Round 232 took 6.194307327270508s, results:
{'t': 231, 'current_accuracy': 0.83203125, 'current_loss': 0.5788793861865997, 'train_loss': 0.08858128637075424, 'decision': 1, 'drift_rate': 0.0, 'target_domains': ['cartoon']}
0.0 []
Loss historical diff: 0.43018316850066185; Loss Difference: 0.0, Decision: 0
Round 233 took 3.8158318996429443s, results:
{'t': 232, 'current_accuracy': 0.83203125, 'current_loss': 0.5646981000900269, 'train_loss': None, 'decision': 0, 'drift_rate': 0.0, 'target_domains': ['cartoon']}
0.0 []
Loss historical diff: 0.4301830939948559; Loss Difference: 0.0, Decision: 0
Round 234 took 3.9037084579467773s, results:
{'t': 233, 'current_accuracy': 0.83203125, 'current_loss': 0.5646980255842209, 'train_loss': None, 'decision': 0, 'drift_rate': 0.0, 'target_domains': ['cartoon']}
0.0 []
Loss historical diff: 0.43018319830298424; Loss Difference: 0.0, Decision: 0
Round 235 took 3.9584689140319824s, results:
{'t': 234, 'current_accuracy': 0.83203125, 'current_loss': 0.5646981298923492, 'train_loss': None, 'decision': 0, 'drift_rate': 0.0, 'target_domains': ['cartoon']}
0.0 []
Loss historical diff: 0.430183257907629; Loss Difference: 0.0, Decision: 0
Round 236 took 3.812300682067871s, results:
{'t': 235, 'current_accuracy': 0.83203125, 'current_loss': 0.564698189496994, 'train_loss': None, 'decision': 0, 'drift_rate': 0.0, 'target_domains': ['cartoon']}
0.0 []
Loss historical diff: 0.4301828406751156; Loss Difference: 0.0, Decision: 0
Round 237 took 3.825913906097412s, results:
{'t': 236, 'current_accuracy': 0.83203125, 'current_loss': 0.5646977722644806, 'train_loss': None, 'decision': 0, 'drift_rate': 0.0, 'target_domains': ['cartoon']}
0.0 []
Loss historical diff: 0.43018364533782005; Loss Difference: 0.0, Decision: 0
Round 238 took 3.8968656063079834s, results:
{'t': 237, 'current_accuracy': 0.83203125, 'current_loss': 0.5646985769271851, 'train_loss': None, 'decision': 0, 'drift_rate': 0.0, 'target_domains': ['cartoon']}
0.0 []
Loss historical diff: 0.43018343672156334; Loss Difference: 0.0, Decision: 0
Round 239 took 3.87534761428833s, results:
{'t': 238, 'current_accuracy': 0.83203125, 'current_loss': 0.5646983683109283, 'train_loss': None, 'decision': 0, 'drift_rate': 0.0, 'target_domains': ['cartoon']}
0.0 []
Loss historical diff: 0.4301843158900738; Loss Difference: 0.0, Decision: 0
Round 240 took 3.658642053604126s, results:
{'t': 239, 'current_accuracy': 0.83203125, 'current_loss': 0.5646992474794388, 'train_loss': None, 'decision': 0, 'drift_rate': 0.0, 'target_domains': ['cartoon']}
0.0 []
Loss historical diff: 0.43018336221575737; Loss Difference: 0.0, Decision: 1
Average loss over 5 updates: 0.0662
Round 241 took 6.050638198852539s, results:
{'t': 240, 'current_accuracy': 0.83203125, 'current_loss': 0.5646982938051224, 'train_loss': 0.06624339744448662, 'decision': 1, 'drift_rate': 0.0, 'target_domains': ['cartoon']}
0.0 []
Loss historical diff: 0.5115670524537563; Loss Difference: 0.0, Decision: 0
Round 242 took 3.611445188522339s, results:
{'t': 241, 'current_accuracy': 0.83984375, 'current_loss': 0.6460819840431213, 'train_loss': None, 'decision': 0, 'drift_rate': 0.0, 'target_domains': ['cartoon']}
0.0 []
Loss historical diff: 0.5115670524537563; Loss Difference: 0.0, Decision: 1
Average loss over 5 updates: 0.0552
Round 243 took 6.0994789600372314s, results:
{'t': 242, 'current_accuracy': 0.83984375, 'current_loss': 0.6460819840431213, 'train_loss': 0.0552470438182354, 'decision': 1, 'drift_rate': 0.0, 'target_domains': ['cartoon']}
0.0 []
Loss historical diff: 0.459302868694067; Loss Difference: 0.0, Decision: 0
Round 244 took 3.635347366333008s, results:
{'t': 243, 'current_accuracy': 0.8359375, 'current_loss': 0.593817800283432, 'train_loss': None, 'decision': 0, 'drift_rate': 0.0, 'target_domains': ['cartoon']}
0.0 []
Loss historical diff: 0.45930271968245506; Loss Difference: 0.0, Decision: 0
Round 245 took 3.7466046810150146s, results:
{'t': 244, 'current_accuracy': 0.8359375, 'current_loss': 0.5938176512718201, 'train_loss': None, 'decision': 0, 'drift_rate': 0.0, 'target_domains': ['cartoon']}
0.0 []
Loss historical diff: 0.4593026451766491; Loss Difference: 0.0, Decision: 0
Round 246 took 3.794527769088745s, results:
{'t': 245, 'current_accuracy': 0.8359375, 'current_loss': 0.5938175767660141, 'train_loss': None, 'decision': 0, 'drift_rate': 0.0, 'target_domains': ['cartoon']}
0.0 []
Loss historical diff: 0.4593028984963894; Loss Difference: 0.0, Decision: 0
Round 247 took 3.588348865509033s, results:
{'t': 246, 'current_accuracy': 0.8359375, 'current_loss': 0.5938178300857544, 'train_loss': None, 'decision': 0, 'drift_rate': 0.0, 'target_domains': ['cartoon']}
0.0 []
Loss historical diff: 0.4593030773103237; Loss Difference: 0.0, Decision: 0
Round 248 took 4.028258800506592s, results:
{'t': 247, 'current_accuracy': 0.8359375, 'current_loss': 0.5938180088996887, 'train_loss': None, 'decision': 0, 'drift_rate': 0.0, 'target_domains': ['cartoon']}
0.0 []
Loss historical diff: 0.4593026302754879; Loss Difference: 0.0, Decision: 0
Round 249 took 3.7069284915924072s, results:
{'t': 248, 'current_accuracy': 0.8359375, 'current_loss': 0.5938175618648529, 'train_loss': None, 'decision': 0, 'drift_rate': 0.0, 'target_domains': ['cartoon']}
0.0 []
Loss historical diff: 0.4593026600778103; Loss Difference: 0.0, Decision: 1
Average loss over 5 updates: 0.0592
Round 250 took 5.92620849609375s, results:
{'t': 249, 'current_accuracy': 0.8359375, 'current_loss': 0.5938175916671753, 'train_loss': 0.0591579519212246, 'decision': 1, 'drift_rate': 0.0, 'target_domains': ['cartoon']}
Average time per round: 4.238596028327942
Total time: 1059.6490070819855
