Device: cuda
CUDA Version: 12.1
cuDNN Version: 8902
PyTorch Version: 2.3.0
Model used: PACSCNN_4
Initial training subset size: 1670
Round 0 took 1.0628113746643066 seconds
    Round 0: Decision = 0, Drift = 0.0000
    Current accuracy: 0.7568, Loss: 0.7232
Current target domain: sketch
Round 1 took 1.0939033031463623 seconds
    Round 1: Decision = 0, Drift = 0.0000
    Current accuracy: 0.7568, Loss: 0.7232
Current target domain: sketch
Round 2 took 1.141040325164795 seconds
    Round 2: Decision = 0, Drift = 0.0000
    Current accuracy: 0.7568, Loss: 0.7232
Current target domain: sketch
Round 3 took 1.0790672302246094 seconds
    Round 3: Decision = 0, Drift = 0.0000
    Current accuracy: 0.7568, Loss: 0.7232
Current target domain: sketch
Round 4 took 1.1140751838684082 seconds
    Round 4: Decision = 0, Drift = 0.0000
    Current accuracy: 0.7568, Loss: 0.7232
Current target domain: sketch
Round 5 took 1.0807647705078125 seconds
    Round 5: Decision = 0, Drift = 0.0000
    Current accuracy: 0.7568, Loss: 0.7232
Current target domain: sketch
Round 6 took 1.0759556293487549 seconds
    Round 6: Decision = 0, Drift = 0.0000
    Current accuracy: 0.7568, Loss: 0.7232
Current target domain: sketch
Round 7 took 1.0404071807861328 seconds
    Round 7: Decision = 0, Drift = 0.0000
    Current accuracy: 0.7568, Loss: 0.7232
Current target domain: sketch
Round 8 took 1.202681541442871 seconds
    Round 8: Decision = 0, Drift = 0.0000
    Current accuracy: 0.7568, Loss: 0.7232
Current target domain: sketch
Round 9 took 1.1246416568756104 seconds
    Round 9: Decision = 0, Drift = 0.0000
    Current accuracy: 0.7568, Loss: 0.7232
Current target domain: sketch
Round 10 took 1.1004986763000488 seconds
    Round 10: Decision = 0, Drift = 0.0000
    Current accuracy: 0.7568, Loss: 0.7232
Current target domain: sketch
Round 11 took 1.095879077911377 seconds
    Round 11: Decision = 0, Drift = 0.0000
    Current accuracy: 0.7568, Loss: 0.7232
Current target domain: sketch
Round 12 took 1.1567232608795166 seconds
    Round 12: Decision = 0, Drift = 0.0000
    Current accuracy: 0.7568, Loss: 0.7232
Current target domain: sketch
Round 13 took 1.0579147338867188 seconds
    Round 13: Decision = 0, Drift = 0.0000
    Current accuracy: 0.7568, Loss: 0.7232
Current target domain: sketch
Round 14 took 1.156846046447754 seconds
    Round 14: Decision = 0, Drift = 0.0000
    Current accuracy: 0.7568, Loss: 0.7232
Current target domain: sketch
Round 15 took 1.1124272346496582 seconds
    Round 15: Decision = 0, Drift = 0.0000
    Current accuracy: 0.7568, Loss: 0.7232
Current target domain: sketch
Round 16 took 1.1302084922790527 seconds
    Round 16: Decision = 0, Drift = 0.0000
    Current accuracy: 0.7568, Loss: 0.7232
Current target domain: sketch
Round 17 took 1.1526386737823486 seconds
    Round 17: Decision = 0, Drift = 0.0000
    Current accuracy: 0.7568, Loss: 0.7232
Current target domain: sketch
Round 18 took 1.14902663230896 seconds
    Round 18: Decision = 0, Drift = 0.0000
    Current accuracy: 0.7568, Loss: 0.7232
Current target domain: sketch
Round 19 took 1.2454509735107422 seconds
    Round 19: Decision = 0, Drift = 0.0000
    Current accuracy: 0.7568, Loss: 0.7232
Current target domain: sketch
Round 20 took 1.069054365158081 seconds
    Round 20: Decision = 0, Drift = 0.0000
    Current accuracy: 0.7568, Loss: 0.7232
Current target domain: sketch
Round 21 took 1.0789685249328613 seconds
    Round 21: Decision = 0, Drift = 0.0000
    Current accuracy: 0.7568, Loss: 0.7232
Current target domain: sketch
Round 22 took 1.1364922523498535 seconds
    Round 22: Decision = 0, Drift = 0.0000
    Current accuracy: 0.7568, Loss: 0.7232
Current target domain: sketch
Round 23 took 1.2124550342559814 seconds
    Round 23: Decision = 0, Drift = 0.0000
    Current accuracy: 0.7568, Loss: 0.7232
Current target domain: sketch
Round 24 took 1.2110543251037598 seconds
    Round 24: Decision = 0, Drift = 0.0000
    Current accuracy: 0.7568, Loss: 0.7232
Current target domain: sketch
Round 25 took 12.469866514205933 seconds
    Round 25: Decision = 0, Drift = 0.5000
    Current accuracy: 0.4122, Loss: 3.4981
Current target domain: sketch
Round 26 took 11.766894578933716 seconds
    Round 26: Decision = 0, Drift = 0.5000
    Current accuracy: 0.1411, Loss: 6.4827
Current target domain: sketch
Round 27 took 1.1084952354431152 seconds
    Round 27: Decision = 0, Drift = 0.0000
    Current accuracy: 0.1411, Loss: 6.4827
Current target domain: sketch
Round 28 took 1.1600892543792725 seconds
    Round 28: Decision = 0, Drift = 0.0000
    Current accuracy: 0.1411, Loss: 6.4827
Current target domain: sketch
Round 29 took 1.1165194511413574 seconds
    Round 29: Decision = 0, Drift = 0.0000
    Current accuracy: 0.1411, Loss: 6.4827
Current target domain: sketch
Round 30 took 1.1499168872833252 seconds
    Round 30: Decision = 0, Drift = 0.0000
    Current accuracy: 0.1411, Loss: 6.4827
Current target domain: sketch
Round 31 took 1.1467998027801514 seconds
    Round 31: Decision = 0, Drift = 0.0000
    Current accuracy: 0.1411, Loss: 6.4827
Current target domain: sketch
Round 32 took 1.1966681480407715 seconds
    Round 32: Decision = 0, Drift = 0.0000
    Current accuracy: 0.1411, Loss: 6.4827
Current target domain: sketch
Round 33 took 1.1238863468170166 seconds
    Round 33: Decision = 0, Drift = 0.0000
    Current accuracy: 0.1411, Loss: 6.4827
Current target domain: sketch
Round 34 took 1.107461929321289 seconds
    Round 34: Decision = 0, Drift = 0.0000
    Current accuracy: 0.1411, Loss: 6.4827
Current target domain: sketch
Round 35 took 1.2126882076263428 seconds
    Round 35: Decision = 0, Drift = 0.0000
    Current accuracy: 0.1411, Loss: 6.4827
Current target domain: sketch
Round 36 took 1.228654384613037 seconds
    Round 36: Decision = 0, Drift = 0.0000
    Current accuracy: 0.1411, Loss: 6.4827
Current target domain: sketch
Round 37 took 1.085726261138916 seconds
    Round 37: Decision = 0, Drift = 0.0000
    Current accuracy: 0.1411, Loss: 6.4827
Current target domain: sketch
Round 38 took 1.1836543083190918 seconds
    Round 38: Decision = 0, Drift = 0.0000
    Current accuracy: 0.1411, Loss: 6.4827
Current target domain: sketch
Round 39 took 1.214439868927002 seconds
    Round 39: Decision = 0, Drift = 0.0000
    Current accuracy: 0.1411, Loss: 6.4827
Current target domain: sketch
Round 40 took 1.2183420658111572 seconds
    Round 40: Decision = 0, Drift = 0.0000
    Current accuracy: 0.1411, Loss: 6.4827
Current target domain: sketch
Round 41 took 1.293510913848877 seconds
    Round 41: Decision = 0, Drift = 0.0000
    Current accuracy: 0.1411, Loss: 6.4827
Current target domain: sketch
Round 42 took 1.2609624862670898 seconds
    Round 42: Decision = 0, Drift = 0.0000
    Current accuracy: 0.1411, Loss: 6.4827
Current target domain: sketch
Round 43 took 1.1907732486724854 seconds
    Round 43: Decision = 0, Drift = 0.0000
    Current accuracy: 0.1411, Loss: 6.4827
Current target domain: sketch
Round 44 took 1.1334223747253418 seconds
    Round 44: Decision = 0, Drift = 0.0000
    Current accuracy: 0.1411, Loss: 6.4827
Current target domain: sketch
Round 45 took 1.1273553371429443 seconds
    Round 45: Decision = 0, Drift = 0.0000
    Current accuracy: 0.1411, Loss: 6.4827
Current target domain: sketch
Round 46 took 1.1027069091796875 seconds
    Round 46: Decision = 0, Drift = 0.0000
    Current accuracy: 0.1411, Loss: 6.4827
Current target domain: sketch
Round 47 took 1.123279333114624 seconds
    Round 47: Decision = 0, Drift = 0.0000
    Current accuracy: 0.1411, Loss: 6.4827
Current target domain: sketch
Round 48 took 1.1203839778900146 seconds
    Round 48: Decision = 0, Drift = 0.0000
    Current accuracy: 0.1411, Loss: 6.4827
Current target domain: sketch
Round 49 took 1.1275153160095215 seconds
    Round 49: Decision = 0, Drift = 0.0000
    Current accuracy: 0.1411, Loss: 6.4827
Current target domain: sketch
Round 50 took 1.221709966659546 seconds
    Round 50: Decision = 0, Drift = 0.0000
    Current accuracy: 0.1411, Loss: 6.4827
Current target domain: sketch
Round 51 took 1.093752384185791 seconds
    Round 51: Decision = 0, Drift = 0.0000
    Current accuracy: 0.1411, Loss: 6.4827
Current target domain: sketch
Round 52 took 1.090135097503662 seconds
    Round 52: Decision = 0, Drift = 0.0000
    Current accuracy: 0.1411, Loss: 6.4827
Current target domain: sketch
Round 53 took 1.2411162853240967 seconds
    Round 53: Decision = 0, Drift = 0.0000
    Current accuracy: 0.1411, Loss: 6.4827
Current target domain: sketch
Round 54 took 1.2630882263183594 seconds
    Round 54: Decision = 0, Drift = 0.0000
    Current accuracy: 0.1411, Loss: 6.4827
Current target domain: sketch
Average loss over 1 updates: 2.3824
Round 55 took 2.040752649307251 seconds
    Round 55: Decision = 1, Drift = 0.0000
    Current accuracy: 0.1707, Loss: 6.4827
Current target domain: sketch
Average loss over 1 updates: 2.0311
Round 56 took 2.031414270401001 seconds
    Round 56: Decision = 1, Drift = 0.0000
    Current accuracy: 0.1411, Loss: 4.4498
Current target domain: sketch
Average loss over 1 updates: 1.5221
Round 57 took 2.145211696624756 seconds
    Round 57: Decision = 1, Drift = 0.0000
    Current accuracy: 0.1774, Loss: 4.3258
Current target domain: sketch
Average loss over 1 updates: 1.3325
Round 58 took 2.2401678562164307 seconds
    Round 58: Decision = 1, Drift = 0.0000
    Current accuracy: 0.2158, Loss: 3.4879
Current target domain: sketch
Average loss over 1 updates: 1.1785
Round 59 took 2.084343433380127 seconds
    Round 59: Decision = 1, Drift = 0.0000
    Current accuracy: 0.2069, Loss: 3.3586
Current target domain: sketch
Average loss over 1 updates: 1.0860
Round 60 took 1.9846289157867432 seconds
    Round 60: Decision = 1, Drift = 0.0000
    Current accuracy: 0.2198, Loss: 3.2748
Current target domain: sketch
Average loss over 1 updates: 1.0088
Round 61 took 1.8609044551849365 seconds
    Round 61: Decision = 1, Drift = 0.0000
    Current accuracy: 0.2276, Loss: 3.1959
Current target domain: sketch
Round 62 took 1.2302062511444092 seconds
    Round 62: Decision = 0, Drift = 0.0000
    Current accuracy: 0.2276, Loss: 3.1239
Current target domain: sketch
Round 63 took 1.179903507232666 seconds
    Round 63: Decision = 0, Drift = 0.0000
    Current accuracy: 0.2276, Loss: 3.1239
Current target domain: sketch
Round 64 took 1.1597437858581543 seconds
    Round 64: Decision = 0, Drift = 0.0000
    Current accuracy: 0.2276, Loss: 3.1239
Current target domain: sketch
Round 65 took 1.20054292678833 seconds
    Round 65: Decision = 0, Drift = 0.0000
    Current accuracy: 0.2276, Loss: 3.1239
Current target domain: sketch
Round 66 took 1.2879116535186768 seconds
    Round 66: Decision = 0, Drift = 0.0000
    Current accuracy: 0.2276, Loss: 3.1239
Current target domain: sketch
Round 67 took 1.159808874130249 seconds
    Round 67: Decision = 0, Drift = 0.0000
    Current accuracy: 0.2276, Loss: 3.1239
Current target domain: sketch
Round 68 took 1.125896692276001 seconds
    Round 68: Decision = 0, Drift = 0.0000
    Current accuracy: 0.2276, Loss: 3.1239
Current target domain: sketch
Round 69 took 1.131394386291504 seconds
    Round 69: Decision = 0, Drift = 0.0000
    Current accuracy: 0.2276, Loss: 3.1239
Current target domain: sketch
Round 70 took 1.0934102535247803 seconds
    Round 70: Decision = 0, Drift = 0.0000
    Current accuracy: 0.2276, Loss: 3.1239
Current target domain: sketch
Round 71 took 1.1317133903503418 seconds
    Round 71: Decision = 0, Drift = 0.0000
    Current accuracy: 0.2276, Loss: 3.1239
Current target domain: sketch
Round 72 took 1.1612308025360107 seconds
    Round 72: Decision = 0, Drift = 0.0000
    Current accuracy: 0.2276, Loss: 3.1239
Current target domain: sketch
Round 73 took 1.1409916877746582 seconds
    Round 73: Decision = 0, Drift = 0.0000
    Current accuracy: 0.2276, Loss: 3.1239
Current target domain: sketch
Round 74 took 1.1710162162780762 seconds
    Round 74: Decision = 0, Drift = 0.0000
    Current accuracy: 0.2276, Loss: 3.1239
Current target domain: sketch
Round 75 took 1.144331455230713 seconds
    Round 75: Decision = 0, Drift = 0.0000
    Current accuracy: 0.2276, Loss: 3.1239
Current target domain: sketch
Round 76 took 1.122603416442871 seconds
    Round 76: Decision = 0, Drift = 0.0000
    Current accuracy: 0.2276, Loss: 3.1239
Current target domain: sketch
Round 77 took 1.2647545337677002 seconds
    Round 77: Decision = 0, Drift = 0.0000
    Current accuracy: 0.2276, Loss: 3.1239
Current target domain: sketch
Round 78 took 1.1557233333587646 seconds
    Round 78: Decision = 0, Drift = 0.0000
    Current accuracy: 0.2276, Loss: 3.1239
Current target domain: sketch
Round 79 took 1.1420929431915283 seconds
    Round 79: Decision = 0, Drift = 0.0000
    Current accuracy: 0.2276, Loss: 3.1239
Current target domain: sketch
Round 80 took 1.1719191074371338 seconds
    Round 80: Decision = 0, Drift = 0.0000
    Current accuracy: 0.2276, Loss: 3.1239
Current target domain: sketch
Round 81 took 1.2001254558563232 seconds
    Round 81: Decision = 0, Drift = 0.0000
    Current accuracy: 0.2276, Loss: 3.1239
Current target domain: sketch
Round 82 took 1.1198232173919678 seconds
    Round 82: Decision = 0, Drift = 0.0000
    Current accuracy: 0.2276, Loss: 3.1239
Current target domain: sketch
Round 83 took 1.239525556564331 seconds
    Round 83: Decision = 0, Drift = 0.0000
    Current accuracy: 0.2276, Loss: 3.1239
Current target domain: sketch
Round 84 took 1.1967859268188477 seconds
    Round 84: Decision = 0, Drift = 0.0000
    Current accuracy: 0.2276, Loss: 3.1239
Current target domain: sketch
Round 85 took 1.0768153667449951 seconds
    Round 85: Decision = 0, Drift = 0.0000
    Current accuracy: 0.2276, Loss: 3.1239
Current target domain: sketch
Round 86 took 1.3023741245269775 seconds
    Round 86: Decision = 0, Drift = 0.0000
    Current accuracy: 0.2276, Loss: 3.1239
Current target domain: sketch
Round 87 took 1.1384632587432861 seconds
    Round 87: Decision = 0, Drift = 0.0000
    Current accuracy: 0.2276, Loss: 3.1239
Current target domain: sketch
Round 88 took 1.080955982208252 seconds
    Round 88: Decision = 0, Drift = 0.0000
    Current accuracy: 0.2276, Loss: 3.1239
Current target domain: sketch
Round 89 took 1.149360179901123 seconds
    Round 89: Decision = 0, Drift = 0.0000
    Current accuracy: 0.2276, Loss: 3.1239
Current target domain: sketch
Round 90 took 1.0833373069763184 seconds
    Round 90: Decision = 0, Drift = 0.0000
    Current accuracy: 0.2276, Loss: 3.1239
Current target domain: sketch
Round 91 took 1.1728339195251465 seconds
    Round 91: Decision = 0, Drift = 0.0000
    Current accuracy: 0.2276, Loss: 3.1239
Current target domain: sketch
Round 92 took 1.1648106575012207 seconds
    Round 92: Decision = 0, Drift = 0.0000
    Current accuracy: 0.2276, Loss: 3.1239
Current target domain: sketch
Round 93 took 1.0775434970855713 seconds
    Round 93: Decision = 0, Drift = 0.0000
    Current accuracy: 0.2276, Loss: 3.1239
Current target domain: sketch
Round 94 took 1.214829921722412 seconds
    Round 94: Decision = 0, Drift = 0.0000
    Current accuracy: 0.2276, Loss: 3.1239
Current target domain: sketch
Round 95 took 1.1441013813018799 seconds
    Round 95: Decision = 0, Drift = 0.0000
    Current accuracy: 0.2276, Loss: 3.1239
Current target domain: sketch
Round 96 took 1.1288621425628662 seconds
    Round 96: Decision = 0, Drift = 0.0000
    Current accuracy: 0.2276, Loss: 3.1239
Current target domain: sketch
Round 97 took 1.0844614505767822 seconds
    Round 97: Decision = 0, Drift = 0.0000
    Current accuracy: 0.2276, Loss: 3.1239
Current target domain: sketch
Round 98 took 1.1962997913360596 seconds
    Round 98: Decision = 0, Drift = 0.0000
    Current accuracy: 0.2276, Loss: 3.1239
Current target domain: sketch
Round 99 took 1.2084500789642334 seconds
    Round 99: Decision = 0, Drift = 0.0000
    Current accuracy: 0.2276, Loss: 3.1239
Current target domain: sketch
Round 100 took 1.187368631362915 seconds
    Round 100: Decision = 0, Drift = 0.0000
    Current accuracy: 0.2276, Loss: 3.1239
Current target domain: sketch
Round 101 took 1.1002838611602783 seconds
    Round 101: Decision = 0, Drift = 0.0000
    Current accuracy: 0.2276, Loss: 3.1239
Current target domain: sketch
Round 102 took 1.2009496688842773 seconds
    Round 102: Decision = 0, Drift = 0.0000
    Current accuracy: 0.2276, Loss: 3.1239
Current target domain: sketch
Round 103 took 1.1361842155456543 seconds
    Round 103: Decision = 0, Drift = 0.0000
    Current accuracy: 0.2276, Loss: 3.1239
Current target domain: sketch
Round 104 took 1.1014385223388672 seconds
    Round 104: Decision = 0, Drift = 0.0000
    Current accuracy: 0.2276, Loss: 3.1239
Current target domain: sketch
Average loss over 1 updates: 0.9406
Round 105 took 1.990020513534546 seconds
    Round 105: Decision = 1, Drift = 0.0000
    Current accuracy: 0.2393, Loss: 3.1239
Current target domain: sketch
Average loss over 1 updates: 0.8792
Round 106 took 2.0503857135772705 seconds
    Round 106: Decision = 1, Drift = 0.0000
    Current accuracy: 0.2354, Loss: 3.0570
Current target domain: sketch
Average loss over 1 updates: 0.8236
Round 107 took 2.0861215591430664 seconds
    Round 107: Decision = 1, Drift = 0.0000
    Current accuracy: 0.2354, Loss: 2.9970
Current target domain: sketch
Average loss over 1 updates: 0.7728
Round 108 took 2.0562779903411865 seconds
    Round 108: Decision = 1, Drift = 0.0000
    Current accuracy: 0.2471, Loss: 2.9001
Current target domain: sketch
Average loss over 1 updates: 0.7269
Round 109 took 1.9403502941131592 seconds
    Round 109: Decision = 1, Drift = 0.0000
    Current accuracy: 0.2716, Loss: 2.9190
Current target domain: sketch
Average loss over 1 updates: 0.6874
Round 110 took 2.199049949645996 seconds
    Round 110: Decision = 1, Drift = 0.0000
    Current accuracy: 0.2510, Loss: 2.6340
Current target domain: sketch
Average loss over 1 updates: 0.6599
Round 111 took 2.070214033126831 seconds
    Round 111: Decision = 1, Drift = 0.0000
    Current accuracy: 0.3051, Loss: 2.9448
Current target domain: sketch
Average loss over 1 updates: 0.6663
Round 112 took 1.9377236366271973 seconds
    Round 112: Decision = 1, Drift = 0.0000
    Current accuracy: 0.2471, Loss: 2.2924
Current target domain: sketch
Round 113 took 1.1079065799713135 seconds
    Round 113: Decision = 0, Drift = 0.0000
    Current accuracy: 0.2471, Loss: 3.1730
Current target domain: sketch
Round 114 took 1.195953607559204 seconds
    Round 114: Decision = 0, Drift = 0.0000
    Current accuracy: 0.2471, Loss: 3.1730
Current target domain: sketch
Round 115 took 1.2393596172332764 seconds
    Round 115: Decision = 0, Drift = 0.0000
    Current accuracy: 0.2471, Loss: 3.1730
Current target domain: sketch
Round 116 took 1.1686010360717773 seconds
    Round 116: Decision = 0, Drift = 0.0000
    Current accuracy: 0.2471, Loss: 3.1730
Current target domain: sketch
Round 117 took 1.141385793685913 seconds
    Round 117: Decision = 0, Drift = 0.0000
    Current accuracy: 0.2471, Loss: 3.1730
Current target domain: sketch
Round 118 took 1.1699604988098145 seconds
    Round 118: Decision = 0, Drift = 0.0000
    Current accuracy: 0.2471, Loss: 3.1730
Current target domain: sketch
Round 119 took 1.2429344654083252 seconds
    Round 119: Decision = 0, Drift = 0.0000
    Current accuracy: 0.2471, Loss: 3.1730
Current target domain: sketch
Round 120 took 1.139988899230957 seconds
    Round 120: Decision = 0, Drift = 0.0000
    Current accuracy: 0.2471, Loss: 3.1730
Current target domain: sketch
Round 121 took 1.1634516716003418 seconds
    Round 121: Decision = 0, Drift = 0.0000
    Current accuracy: 0.2471, Loss: 3.1730
Current target domain: sketch
Round 122 took 1.254256248474121 seconds
    Round 122: Decision = 0, Drift = 0.0000
    Current accuracy: 0.2471, Loss: 3.1730
Current target domain: sketch
Round 123 took 1.0767180919647217 seconds
    Round 123: Decision = 0, Drift = 0.0000
    Current accuracy: 0.2471, Loss: 3.1730
Current target domain: sketch
Round 124 took 1.0754730701446533 seconds
    Round 124: Decision = 0, Drift = 0.0000
    Current accuracy: 0.2471, Loss: 3.1730
Current target domain: sketch
Round 125 took 11.70107102394104 seconds
    Round 125: Decision = 0, Drift = 0.5000
    Current accuracy: 0.1707, Loss: 5.7067
Current target domain: cartoon
Round 126 took 11.26212215423584 seconds
    Round 126: Decision = 0, Drift = 0.5000
    Current accuracy: 0.1422, Loss: 6.8155
Current target domain: cartoon
Round 127 took 1.1886191368103027 seconds
    Round 127: Decision = 0, Drift = 0.0000
    Current accuracy: 0.1422, Loss: 6.8155
Current target domain: cartoon
Round 128 took 1.2569139003753662 seconds
    Round 128: Decision = 0, Drift = 0.0000
    Current accuracy: 0.1422, Loss: 6.8155
Current target domain: cartoon
Round 129 took 1.1344318389892578 seconds
    Round 129: Decision = 0, Drift = 0.0000
    Current accuracy: 0.1422, Loss: 6.8155
Current target domain: cartoon
Round 130 took 1.180830717086792 seconds
    Round 130: Decision = 0, Drift = 0.0000
    Current accuracy: 0.1422, Loss: 6.8155
Current target domain: cartoon
Round 131 took 1.2521791458129883 seconds
    Round 131: Decision = 0, Drift = 0.0000
    Current accuracy: 0.1422, Loss: 6.8155
Current target domain: cartoon
Round 132 took 1.2052574157714844 seconds
    Round 132: Decision = 0, Drift = 0.0000
    Current accuracy: 0.1422, Loss: 6.8155
Current target domain: cartoon
Round 133 took 1.2493057250976562 seconds
    Round 133: Decision = 0, Drift = 0.0000
    Current accuracy: 0.1422, Loss: 6.8155
Current target domain: cartoon
Round 134 took 1.2263081073760986 seconds
    Round 134: Decision = 0, Drift = 0.0000
    Current accuracy: 0.1422, Loss: 6.8155
Current target domain: cartoon
Round 135 took 1.4107716083526611 seconds
    Round 135: Decision = 0, Drift = 0.0000
    Current accuracy: 0.1422, Loss: 6.8155
Current target domain: cartoon
Round 136 took 1.149301290512085 seconds
    Round 136: Decision = 0, Drift = 0.0000
    Current accuracy: 0.1422, Loss: 6.8155
Current target domain: cartoon
Round 137 took 1.1576738357543945 seconds
    Round 137: Decision = 0, Drift = 0.0000
    Current accuracy: 0.1422, Loss: 6.8155
Current target domain: cartoon
Round 138 took 1.1655254364013672 seconds
    Round 138: Decision = 0, Drift = 0.0000
    Current accuracy: 0.1422, Loss: 6.8155
Current target domain: cartoon
Round 139 took 1.1752097606658936 seconds
    Round 139: Decision = 0, Drift = 0.0000
    Current accuracy: 0.1422, Loss: 6.8155
Current target domain: cartoon
Round 140 took 1.158085584640503 seconds
    Round 140: Decision = 0, Drift = 0.0000
    Current accuracy: 0.1422, Loss: 6.8155
Current target domain: cartoon
Round 141 took 1.1591911315917969 seconds
    Round 141: Decision = 0, Drift = 0.0000
    Current accuracy: 0.1422, Loss: 6.8155
Current target domain: cartoon
Round 142 took 1.1947102546691895 seconds
    Round 142: Decision = 0, Drift = 0.0000
    Current accuracy: 0.1422, Loss: 6.8155
Current target domain: cartoon
Round 143 took 1.1734378337860107 seconds
    Round 143: Decision = 0, Drift = 0.0000
    Current accuracy: 0.1422, Loss: 6.8155
Current target domain: cartoon
Round 144 took 1.1581013202667236 seconds
    Round 144: Decision = 0, Drift = 0.0000
    Current accuracy: 0.1422, Loss: 6.8155
Current target domain: cartoon
Round 145 took 1.1491467952728271 seconds
    Round 145: Decision = 0, Drift = 0.0000
    Current accuracy: 0.1422, Loss: 6.8155
Current target domain: cartoon
Round 146 took 1.180589199066162 seconds
    Round 146: Decision = 0, Drift = 0.0000
    Current accuracy: 0.1422, Loss: 6.8155
Current target domain: cartoon
Round 147 took 1.0815980434417725 seconds
    Round 147: Decision = 0, Drift = 0.0000
    Current accuracy: 0.1422, Loss: 6.8155
Current target domain: cartoon
Round 148 took 1.188711404800415 seconds
    Round 148: Decision = 0, Drift = 0.0000
    Current accuracy: 0.1422, Loss: 6.8155
Current target domain: cartoon
Round 149 took 1.2131762504577637 seconds
    Round 149: Decision = 0, Drift = 0.0000
    Current accuracy: 0.1422, Loss: 6.8155
Current target domain: cartoon
Round 150 took 1.3428723812103271 seconds
    Round 150: Decision = 0, Drift = 0.0000
    Current accuracy: 0.1422, Loss: 6.8155
Current target domain: cartoon
Round 151 took 1.2058570384979248 seconds
    Round 151: Decision = 0, Drift = 0.0000
    Current accuracy: 0.1422, Loss: 6.8155
Current target domain: cartoon
Round 152 took 1.2982127666473389 seconds
    Round 152: Decision = 0, Drift = 0.0000
    Current accuracy: 0.1422, Loss: 6.8155
Current target domain: cartoon
Round 153 took 1.1792423725128174 seconds
    Round 153: Decision = 0, Drift = 0.0000
    Current accuracy: 0.1422, Loss: 6.8155
Current target domain: cartoon
Round 154 took 1.1677594184875488 seconds
    Round 154: Decision = 0, Drift = 0.0000
    Current accuracy: 0.1422, Loss: 6.8155
Current target domain: cartoon
Average loss over 1 updates: 2.4102
Round 155 took 2.1570475101470947 seconds
    Round 155: Decision = 1, Drift = 0.0000
    Current accuracy: 0.2226, Loss: 6.8155
Current target domain: cartoon
Average loss over 1 updates: 1.6761
Round 156 took 2.072587013244629 seconds
    Round 156: Decision = 1, Drift = 0.0000
    Current accuracy: 0.2638, Loss: 4.2315
Current target domain: cartoon
Average loss over 1 updates: 1.1721
Round 157 took 1.9705209732055664 seconds
    Round 157: Decision = 1, Drift = 0.0000
    Current accuracy: 0.3659, Loss: 2.4686
Current target domain: cartoon
Average loss over 1 updates: 1.0083
Round 158 took 2.2688844203948975 seconds
    Round 158: Decision = 1, Drift = 0.0000
    Current accuracy: 0.3363, Loss: 2.2588
Current target domain: cartoon
Average loss over 1 updates: 0.8900
Round 159 took 2.0505013465881348 seconds
    Round 159: Decision = 1, Drift = 0.0000
    Current accuracy: 0.3787, Loss: 2.2123
Current target domain: cartoon
Average loss over 1 updates: 0.8208
Round 160 took 2.024876117706299 seconds
    Round 160: Decision = 1, Drift = 0.0000
    Current accuracy: 0.3470, Loss: 2.1665
Current target domain: cartoon
Average loss over 1 updates: 0.8329
Round 161 took 2.1028332710266113 seconds
    Round 161: Decision = 1, Drift = 0.0000
    Current accuracy: 0.3943, Loss: 2.3522
Current target domain: cartoon
Average loss over 1 updates: 0.6654
Round 162 took 2.0370841026306152 seconds
    Round 162: Decision = 1, Drift = 0.0000
    Current accuracy: 0.4150, Loss: 1.8724
Current target domain: cartoon
Round 163 took 1.167898416519165 seconds
    Round 163: Decision = 0, Drift = 0.0000
    Current accuracy: 0.4150, Loss: 1.8317
Current target domain: cartoon
Round 164 took 1.3138206005096436 seconds
    Round 164: Decision = 0, Drift = 0.0000
    Current accuracy: 0.4150, Loss: 1.8317
Current target domain: cartoon
Round 165 took 1.072305679321289 seconds
    Round 165: Decision = 0, Drift = 0.0000
    Current accuracy: 0.4150, Loss: 1.8317
Current target domain: cartoon
Round 166 took 1.1064231395721436 seconds
    Round 166: Decision = 0, Drift = 0.0000
    Current accuracy: 0.4150, Loss: 1.8317
Current target domain: cartoon
Round 167 took 1.1679110527038574 seconds
    Round 167: Decision = 0, Drift = 0.0000
    Current accuracy: 0.4150, Loss: 1.8317
Current target domain: cartoon
Round 168 took 1.1033926010131836 seconds
    Round 168: Decision = 0, Drift = 0.0000
    Current accuracy: 0.4150, Loss: 1.8317
Current target domain: cartoon
Round 169 took 1.0875587463378906 seconds
    Round 169: Decision = 0, Drift = 0.0000
    Current accuracy: 0.4150, Loss: 1.8317
Current target domain: cartoon
Round 170 took 1.231738567352295 seconds
    Round 170: Decision = 0, Drift = 0.0000
    Current accuracy: 0.4150, Loss: 1.8317
Current target domain: cartoon
Round 171 took 1.149888515472412 seconds
    Round 171: Decision = 0, Drift = 0.0000
    Current accuracy: 0.4150, Loss: 1.8317
Current target domain: cartoon
Round 172 took 1.2325646877288818 seconds
    Round 172: Decision = 0, Drift = 0.0000
    Current accuracy: 0.4150, Loss: 1.8317
Current target domain: cartoon
Round 173 took 1.1529996395111084 seconds
    Round 173: Decision = 0, Drift = 0.0000
    Current accuracy: 0.4150, Loss: 1.8317
Current target domain: cartoon
Round 174 took 1.184629201889038 seconds
    Round 174: Decision = 0, Drift = 0.0000
    Current accuracy: 0.4150, Loss: 1.8317
Current target domain: cartoon
Round 175 took 1.1976935863494873 seconds
    Round 175: Decision = 0, Drift = 0.0000
    Current accuracy: 0.4150, Loss: 1.8317
Current target domain: cartoon
Round 176 took 1.1116747856140137 seconds
    Round 176: Decision = 0, Drift = 0.0000
    Current accuracy: 0.4150, Loss: 1.8317
Current target domain: cartoon
Round 177 took 1.2157626152038574 seconds
    Round 177: Decision = 0, Drift = 0.0000
    Current accuracy: 0.4150, Loss: 1.8317
Current target domain: cartoon
Round 178 took 1.1960124969482422 seconds
    Round 178: Decision = 0, Drift = 0.0000
    Current accuracy: 0.4150, Loss: 1.8317
Current target domain: cartoon
Round 179 took 1.2220258712768555 seconds
    Round 179: Decision = 0, Drift = 0.0000
    Current accuracy: 0.4150, Loss: 1.8317
Current target domain: cartoon
Round 180 took 1.2208216190338135 seconds
    Round 180: Decision = 0, Drift = 0.0000
    Current accuracy: 0.4150, Loss: 1.8317
Current target domain: cartoon
Round 181 took 1.2565793991088867 seconds
    Round 181: Decision = 0, Drift = 0.0000
    Current accuracy: 0.4150, Loss: 1.8317
Current target domain: cartoon
Round 182 took 1.2012395858764648 seconds
    Round 182: Decision = 0, Drift = 0.0000
    Current accuracy: 0.4150, Loss: 1.8317
Current target domain: cartoon
Round 183 took 1.152822732925415 seconds
    Round 183: Decision = 0, Drift = 0.0000
    Current accuracy: 0.4150, Loss: 1.8317
Current target domain: cartoon
Round 184 took 1.1386265754699707 seconds
    Round 184: Decision = 0, Drift = 0.0000
    Current accuracy: 0.4150, Loss: 1.8317
Current target domain: cartoon
Round 185 took 1.2272002696990967 seconds
    Round 185: Decision = 0, Drift = 0.0000
    Current accuracy: 0.4150, Loss: 1.8317
Current target domain: cartoon
Round 186 took 1.176151990890503 seconds
    Round 186: Decision = 0, Drift = 0.0000
    Current accuracy: 0.4150, Loss: 1.8317
Current target domain: cartoon
Round 187 took 1.0896944999694824 seconds
    Round 187: Decision = 0, Drift = 0.0000
    Current accuracy: 0.4150, Loss: 1.8317
Current target domain: cartoon
Round 188 took 1.0380160808563232 seconds
    Round 188: Decision = 0, Drift = 0.0000
    Current accuracy: 0.4150, Loss: 1.8317
Current target domain: cartoon
Round 189 took 1.1924324035644531 seconds
    Round 189: Decision = 0, Drift = 0.0000
    Current accuracy: 0.4150, Loss: 1.8317
Current target domain: cartoon
Round 190 took 1.1264126300811768 seconds
    Round 190: Decision = 0, Drift = 0.0000
    Current accuracy: 0.4150, Loss: 1.8317
Current target domain: cartoon
Round 191 took 1.1960158348083496 seconds
    Round 191: Decision = 0, Drift = 0.0000
    Current accuracy: 0.4150, Loss: 1.8317
Current target domain: cartoon
Round 192 took 1.160484790802002 seconds
    Round 192: Decision = 0, Drift = 0.0000
    Current accuracy: 0.4150, Loss: 1.8317
Current target domain: cartoon
Round 193 took 1.2465975284576416 seconds
    Round 193: Decision = 0, Drift = 0.0000
    Current accuracy: 0.4150, Loss: 1.8317
Current target domain: cartoon
Round 194 took 1.2504675388336182 seconds
    Round 194: Decision = 0, Drift = 0.0000
    Current accuracy: 0.4150, Loss: 1.8317
Current target domain: cartoon
Round 195 took 1.1179912090301514 seconds
    Round 195: Decision = 0, Drift = 0.0000
    Current accuracy: 0.4150, Loss: 1.8317
Current target domain: cartoon
Round 196 took 1.219444990158081 seconds
    Round 196: Decision = 0, Drift = 0.0000
    Current accuracy: 0.4150, Loss: 1.8317
Current target domain: cartoon
Round 197 took 1.1703758239746094 seconds
    Round 197: Decision = 0, Drift = 0.0000
    Current accuracy: 0.4150, Loss: 1.8317
Current target domain: cartoon
Round 198 took 1.1647226810455322 seconds
    Round 198: Decision = 0, Drift = 0.0000
    Current accuracy: 0.4150, Loss: 1.8317
Current target domain: cartoon
Round 199 took 1.1294736862182617 seconds
    Round 199: Decision = 0, Drift = 0.0000
    Current accuracy: 0.4150, Loss: 1.8317
Current target domain: cartoon
Average time per round: 1.4808797860145568
Total time: 296.1759572029114
