Device: cuda
CUDA Version: 12.1
cuDNN Version: 8902
PyTorch Version: 2.3.0

Model used: PACSCNN_1
Initial dataset creation
Initial dataset creation
Initial loss: 0.619831383228302
<__main__.Policy object at 0x1503dee56a80>
0.619831383228302
Round 1 took 0.1461963653564453s, results:
{'t': 0, 'current_accuracy': 0.796875, 'current_loss': 0.6073046624660492, 'train_loss': None, 'decision': 0, 'drift_rate': 0.0, 'target_domains': ['photo']}
Round 2 took 0.12792515754699707s, results:
{'t': 1, 'current_accuracy': 0.796875, 'current_loss': 0.6073046326637268, 'train_loss': None, 'decision': 0, 'drift_rate': 0.0, 'target_domains': ['photo']}
Round 3 took 0.1278977394104004s, results:
{'t': 2, 'current_accuracy': 0.796875, 'current_loss': 0.607304573059082, 'train_loss': None, 'decision': 0, 'drift_rate': 0.0, 'target_domains': ['photo']}
Round 4 took 0.12782788276672363s, results:
{'t': 3, 'current_accuracy': 0.796875, 'current_loss': 0.6073046922683716, 'train_loss': None, 'decision': 0, 'drift_rate': 0.0, 'target_domains': ['photo']}
Round 5 took 0.12771129608154297s, results:
{'t': 4, 'current_accuracy': 0.796875, 'current_loss': 0.6073046326637268, 'train_loss': None, 'decision': 0, 'drift_rate': 0.0, 'target_domains': ['photo']}
Round 6 took 0.1277298927307129s, results:
{'t': 5, 'current_accuracy': 0.796875, 'current_loss': 0.6073046624660492, 'train_loss': None, 'decision': 0, 'drift_rate': 0.0, 'target_domains': ['photo']}
Round 7 took 0.13159537315368652s, results:
{'t': 6, 'current_accuracy': 0.796875, 'current_loss': 0.6073046028614044, 'train_loss': None, 'decision': 0, 'drift_rate': 0.0, 'target_domains': ['photo']}
Round 8 took 0.12838268280029297s, results:
{'t': 7, 'current_accuracy': 0.796875, 'current_loss': 0.6073046624660492, 'train_loss': None, 'decision': 0, 'drift_rate': 0.0, 'target_domains': ['photo']}
Round 9 took 0.12785005569458008s, results:
{'t': 8, 'current_accuracy': 0.796875, 'current_loss': 0.607304722070694, 'train_loss': None, 'decision': 0, 'drift_rate': 0.0, 'target_domains': ['photo']}
Round 10 took 0.1278095245361328s, results:
{'t': 9, 'current_accuracy': 0.796875, 'current_loss': 0.6073046922683716, 'train_loss': None, 'decision': 0, 'drift_rate': 0.0, 'target_domains': ['photo']}
Round 11 took 0.12781596183776855s, results:
{'t': 10, 'current_accuracy': 0.796875, 'current_loss': 0.6073046922683716, 'train_loss': None, 'decision': 0, 'drift_rate': 0.0, 'target_domains': ['photo']}
Round 12 took 0.12769579887390137s, results:
{'t': 11, 'current_accuracy': 0.796875, 'current_loss': 0.6073046922683716, 'train_loss': None, 'decision': 0, 'drift_rate': 0.0, 'target_domains': ['photo']}
Round 13 took 0.12758708000183105s, results:
{'t': 12, 'current_accuracy': 0.796875, 'current_loss': 0.6073046624660492, 'train_loss': None, 'decision': 0, 'drift_rate': 0.0, 'target_domains': ['photo']}
Round 14 took 0.1277930736541748s, results:
{'t': 13, 'current_accuracy': 0.796875, 'current_loss': 0.6073046326637268, 'train_loss': None, 'decision': 0, 'drift_rate': 0.0, 'target_domains': ['photo']}
Round 15 took 0.12769627571105957s, results:
{'t': 14, 'current_accuracy': 0.796875, 'current_loss': 0.6073046624660492, 'train_loss': None, 'decision': 0, 'drift_rate': 0.0, 'target_domains': ['photo']}
Round 16 took 0.12741756439208984s, results:
{'t': 15, 'current_accuracy': 0.796875, 'current_loss': 0.6073046624660492, 'train_loss': None, 'decision': 0, 'drift_rate': 0.0, 'target_domains': ['photo']}
Round 17 took 0.1276559829711914s, results:
{'t': 16, 'current_accuracy': 0.796875, 'current_loss': 0.6073046922683716, 'train_loss': None, 'decision': 0, 'drift_rate': 0.0, 'target_domains': ['photo']}
Round 18 took 0.1274096965789795s, results:
{'t': 17, 'current_accuracy': 0.796875, 'current_loss': 0.6073046326637268, 'train_loss': None, 'decision': 0, 'drift_rate': 0.0, 'target_domains': ['photo']}
Round 19 took 0.12726783752441406s, results:
{'t': 18, 'current_accuracy': 0.796875, 'current_loss': 0.6073046326637268, 'train_loss': None, 'decision': 0, 'drift_rate': 0.0, 'target_domains': ['photo']}
Round 20 took 0.12769484519958496s, results:
{'t': 19, 'current_accuracy': 0.796875, 'current_loss': 0.6073046326637268, 'train_loss': None, 'decision': 0, 'drift_rate': 0.0, 'target_domains': ['photo']}
Round 21 took 0.12739300727844238s, results:
{'t': 20, 'current_accuracy': 0.796875, 'current_loss': 0.6073046326637268, 'train_loss': None, 'decision': 0, 'drift_rate': 0.0, 'target_domains': ['photo']}
Round 22 took 0.13049840927124023s, results:
{'t': 21, 'current_accuracy': 0.796875, 'current_loss': 0.6073046624660492, 'train_loss': None, 'decision': 0, 'drift_rate': 0.0, 'target_domains': ['photo']}
Round 23 took 0.12842369079589844s, results:
{'t': 22, 'current_accuracy': 0.796875, 'current_loss': 0.6073046624660492, 'train_loss': None, 'decision': 0, 'drift_rate': 0.0, 'target_domains': ['photo']}
Round 24 took 0.12760567665100098s, results:
{'t': 23, 'current_accuracy': 0.796875, 'current_loss': 0.6073046624660492, 'train_loss': None, 'decision': 0, 'drift_rate': 0.0, 'target_domains': ['photo']}
Round 25 took 0.1275017261505127s, results:
{'t': 24, 'current_accuracy': 0.796875, 'current_loss': 0.6073046922683716, 'train_loss': None, 'decision': 0, 'drift_rate': 0.0, 'target_domains': ['photo']}
Round 26 took 0.12753534317016602s, results:
{'t': 25, 'current_accuracy': 0.796875, 'current_loss': 0.6073046624660492, 'train_loss': None, 'decision': 0, 'drift_rate': 0.0, 'target_domains': ['photo']}
Round 27 took 0.12786507606506348s, results:
{'t': 26, 'current_accuracy': 0.796875, 'current_loss': 0.6073047518730164, 'train_loss': None, 'decision': 0, 'drift_rate': 0.0, 'target_domains': ['photo']}
Round 28 took 0.12778592109680176s, results:
{'t': 27, 'current_accuracy': 0.796875, 'current_loss': 0.6073046624660492, 'train_loss': None, 'decision': 0, 'drift_rate': 0.0, 'target_domains': ['photo']}
Round 29 took 0.12756562232971191s, results:
{'t': 28, 'current_accuracy': 0.796875, 'current_loss': 0.6073046922683716, 'train_loss': None, 'decision': 0, 'drift_rate': 0.0, 'target_domains': ['photo']}
Round 30 took 0.1276254653930664s, results:
{'t': 29, 'current_accuracy': 0.796875, 'current_loss': 0.607304722070694, 'train_loss': None, 'decision': 0, 'drift_rate': 0.0, 'target_domains': ['photo']}
Round 31 took 0.12767338752746582s, results:
{'t': 30, 'current_accuracy': 0.796875, 'current_loss': 0.6073046326637268, 'train_loss': None, 'decision': 0, 'drift_rate': 0.0, 'target_domains': ['photo']}
Round 32 took 0.12740826606750488s, results:
{'t': 31, 'current_accuracy': 0.796875, 'current_loss': 0.6073046028614044, 'train_loss': None, 'decision': 0, 'drift_rate': 0.0, 'target_domains': ['photo']}
Round 33 took 0.1275038719177246s, results:
{'t': 32, 'current_accuracy': 0.796875, 'current_loss': 0.6073046326637268, 'train_loss': None, 'decision': 0, 'drift_rate': 0.0, 'target_domains': ['photo']}
Round 34 took 0.12748289108276367s, results:
{'t': 33, 'current_accuracy': 0.796875, 'current_loss': 0.6073047518730164, 'train_loss': None, 'decision': 0, 'drift_rate': 0.0, 'target_domains': ['photo']}
Round 35 took 0.1278088092803955s, results:
{'t': 34, 'current_accuracy': 0.796875, 'current_loss': 0.6073046624660492, 'train_loss': None, 'decision': 0, 'drift_rate': 0.0, 'target_domains': ['photo']}
Round 36 took 0.12750458717346191s, results:
{'t': 35, 'current_accuracy': 0.796875, 'current_loss': 0.6073046326637268, 'train_loss': None, 'decision': 0, 'drift_rate': 0.0, 'target_domains': ['photo']}
Round 37 took 0.13188672065734863s, results:
{'t': 36, 'current_accuracy': 0.796875, 'current_loss': 0.6073046326637268, 'train_loss': None, 'decision': 0, 'drift_rate': 0.0, 'target_domains': ['photo']}
Round 38 took 0.1279463768005371s, results:
{'t': 37, 'current_accuracy': 0.796875, 'current_loss': 0.6073046922683716, 'train_loss': None, 'decision': 0, 'drift_rate': 0.0, 'target_domains': ['photo']}
Round 39 took 0.12782955169677734s, results:
{'t': 38, 'current_accuracy': 0.796875, 'current_loss': 0.6073046028614044, 'train_loss': None, 'decision': 0, 'drift_rate': 0.0, 'target_domains': ['photo']}
Round 40 took 0.12786102294921875s, results:
{'t': 39, 'current_accuracy': 0.796875, 'current_loss': 0.6073046922683716, 'train_loss': None, 'decision': 0, 'drift_rate': 0.0, 'target_domains': ['photo']}
Round 41 took 0.12773633003234863s, results:
{'t': 40, 'current_accuracy': 0.796875, 'current_loss': 0.6073046922683716, 'train_loss': None, 'decision': 0, 'drift_rate': 0.0, 'target_domains': ['photo']}
Round 42 took 0.1274402141571045s, results:
{'t': 41, 'current_accuracy': 0.796875, 'current_loss': 0.6073046773672104, 'train_loss': None, 'decision': 0, 'drift_rate': 0.0, 'target_domains': ['photo']}
Round 43 took 0.1276836395263672s, results:
{'t': 42, 'current_accuracy': 0.796875, 'current_loss': 0.6073046922683716, 'train_loss': None, 'decision': 0, 'drift_rate': 0.0, 'target_domains': ['photo']}
Round 44 took 0.12773489952087402s, results:
{'t': 43, 'current_accuracy': 0.796875, 'current_loss': 0.6073047071695328, 'train_loss': None, 'decision': 0, 'drift_rate': 0.0, 'target_domains': ['photo']}
Round 45 took 0.12761735916137695s, results:
{'t': 44, 'current_accuracy': 0.796875, 'current_loss': 0.607304722070694, 'train_loss': None, 'decision': 0, 'drift_rate': 0.0, 'target_domains': ['photo']}
Round 46 took 0.1276707649230957s, results:
{'t': 45, 'current_accuracy': 0.796875, 'current_loss': 0.6073046326637268, 'train_loss': None, 'decision': 0, 'drift_rate': 0.0, 'target_domains': ['photo']}
Round 47 took 0.12757492065429688s, results:
{'t': 46, 'current_accuracy': 0.796875, 'current_loss': 0.6073046624660492, 'train_loss': None, 'decision': 0, 'drift_rate': 0.0, 'target_domains': ['photo']}
Round 48 took 0.12763404846191406s, results:
{'t': 47, 'current_accuracy': 0.796875, 'current_loss': 0.6073046028614044, 'train_loss': None, 'decision': 0, 'drift_rate': 0.0, 'target_domains': ['photo']}
Round 49 took 0.12763261795043945s, results:
{'t': 48, 'current_accuracy': 0.796875, 'current_loss': 0.6073046326637268, 'train_loss': None, 'decision': 0, 'drift_rate': 0.0, 'target_domains': ['photo']}
Round 50 took 0.12761950492858887s, results:
{'t': 49, 'current_accuracy': 0.796875, 'current_loss': 0.6073046326637268, 'train_loss': None, 'decision': 0, 'drift_rate': 0.0, 'target_domains': ['photo']}
Round 51 took 0.12769007682800293s, results:
{'t': 50, 'current_accuracy': 0.796875, 'current_loss': 0.6073046326637268, 'train_loss': None, 'decision': 0, 'drift_rate': 0.0, 'target_domains': ['photo']}
Round 52 took 0.13201594352722168s, results:
{'t': 51, 'current_accuracy': 0.796875, 'current_loss': 0.6073046326637268, 'train_loss': None, 'decision': 0, 'drift_rate': 0.0, 'target_domains': ['photo']}
Round 53 took 0.12748003005981445s, results:
{'t': 52, 'current_accuracy': 0.796875, 'current_loss': 0.6073046326637268, 'train_loss': None, 'decision': 0, 'drift_rate': 0.0, 'target_domains': ['photo']}
Round 54 took 0.12771224975585938s, results:
{'t': 53, 'current_accuracy': 0.796875, 'current_loss': 0.607304722070694, 'train_loss': None, 'decision': 0, 'drift_rate': 0.0, 'target_domains': ['photo']}
Round 55 took 0.12749719619750977s, results:
{'t': 54, 'current_accuracy': 0.796875, 'current_loss': 0.6073046028614044, 'train_loss': None, 'decision': 0, 'drift_rate': 0.0, 'target_domains': ['photo']}
Average loss over 3 updates: 1.5617
Round 56 took 0.2953474521636963s, results:
{'t': 55, 'current_accuracy': 0.5546875, 'current_loss': 1.6273497939109802, 'train_loss': 1.5617166757583618, 'decision': 1, 'drift_rate': 0.4, 'target_domains': ['sketch']}
Average loss over 3 updates: 2.3523
Round 57 took 0.2360548973083496s, results:
{'t': 56, 'current_accuracy': 0.31640625, 'current_loss': 1.942029893398285, 'train_loss': 2.352323055267334, 'decision': 1, 'drift_rate': 0.4, 'target_domains': ['sketch']}
Average loss over 3 updates: 1.7250
Round 58 took 0.23256230354309082s, results:
{'t': 57, 'current_accuracy': 0.34375, 'current_loss': 1.788191020488739, 'train_loss': 1.7249655326207478, 'decision': 1, 'drift_rate': 0.4, 'target_domains': ['sketch']}
Average loss over 3 updates: 1.6724
Round 59 took 0.22929167747497559s, results:
{'t': 58, 'current_accuracy': 0.375, 'current_loss': 1.713892936706543, 'train_loss': 1.6723852554957073, 'decision': 1, 'drift_rate': 0.4, 'target_domains': ['sketch']}
Average loss over 3 updates: 1.6476
Round 60 took 0.2281968593597412s, results:
{'t': 59, 'current_accuracy': 0.38671875, 'current_loss': 1.6737287044525146, 'train_loss': 1.6476342678070068, 'decision': 1, 'drift_rate': 0.4, 'target_domains': ['sketch']}
Average loss over 3 updates: 1.5917
Round 61 took 0.22728300094604492s, results:
{'t': 60, 'current_accuracy': 0.3671875, 'current_loss': 1.6533893942832947, 'train_loss': 1.5916542609532673, 'decision': 1, 'drift_rate': 0.0, 'target_domains': ['sketch']}
Round 62 took 0.12764430046081543s, results:
{'t': 61, 'current_accuracy': 0.37109375, 'current_loss': 1.625079870223999, 'train_loss': None, 'decision': 0, 'drift_rate': 0.0, 'target_domains': ['sketch']}
Round 63 took 0.13118290901184082s, results:
{'t': 62, 'current_accuracy': 0.37109375, 'current_loss': 1.6250798106193542, 'train_loss': None, 'decision': 0, 'drift_rate': 0.0, 'target_domains': ['sketch']}
Round 64 took 0.12717962265014648s, results:
{'t': 63, 'current_accuracy': 0.37109375, 'current_loss': 1.6250796914100647, 'train_loss': None, 'decision': 0, 'drift_rate': 0.0, 'target_domains': ['sketch']}
Round 65 took 0.1271359920501709s, results:
{'t': 64, 'current_accuracy': 0.37109375, 'current_loss': 1.625079870223999, 'train_loss': None, 'decision': 0, 'drift_rate': 0.0, 'target_domains': ['sketch']}
Round 66 took 0.12721490859985352s, results:
{'t': 65, 'current_accuracy': 0.37109375, 'current_loss': 1.6250798106193542, 'train_loss': None, 'decision': 0, 'drift_rate': 0.0, 'target_domains': ['sketch']}
Round 67 took 0.12746286392211914s, results:
{'t': 66, 'current_accuracy': 0.37109375, 'current_loss': 1.6250796914100647, 'train_loss': None, 'decision': 0, 'drift_rate': 0.0, 'target_domains': ['sketch']}
Round 68 took 0.12723875045776367s, results:
{'t': 67, 'current_accuracy': 0.37109375, 'current_loss': 1.6250798106193542, 'train_loss': None, 'decision': 0, 'drift_rate': 0.0, 'target_domains': ['sketch']}
Round 69 took 0.1272730827331543s, results:
{'t': 68, 'current_accuracy': 0.37109375, 'current_loss': 1.6250797510147095, 'train_loss': None, 'decision': 0, 'drift_rate': 0.0, 'target_domains': ['sketch']}
Average loss over 3 updates: 1.5837
Round 70 took 0.22672319412231445s, results:
{'t': 69, 'current_accuracy': 0.37109375, 'current_loss': 1.6250797510147095, 'train_loss': 1.583725094795227, 'decision': 1, 'drift_rate': 0.0, 'target_domains': ['sketch']}
Round 71 took 0.12749862670898438s, results:
{'t': 70, 'current_accuracy': 0.375, 'current_loss': 1.6299883723258972, 'train_loss': None, 'decision': 0, 'drift_rate': 0.0, 'target_domains': ['sketch']}
Round 72 took 0.12739014625549316s, results:
{'t': 71, 'current_accuracy': 0.375, 'current_loss': 1.6299881339073181, 'train_loss': None, 'decision': 0, 'drift_rate': 0.0, 'target_domains': ['sketch']}
Round 73 took 0.12700796127319336s, results:
{'t': 72, 'current_accuracy': 0.375, 'current_loss': 1.6299883723258972, 'train_loss': None, 'decision': 0, 'drift_rate': 0.0, 'target_domains': ['sketch']}
Round 74 took 0.1269981861114502s, results:
{'t': 73, 'current_accuracy': 0.375, 'current_loss': 1.6299886107444763, 'train_loss': None, 'decision': 0, 'drift_rate': 0.0, 'target_domains': ['sketch']}
Round 75 took 0.1270151138305664s, results:
{'t': 74, 'current_accuracy': 0.375, 'current_loss': 1.6299884915351868, 'train_loss': None, 'decision': 0, 'drift_rate': 0.0, 'target_domains': ['sketch']}
Round 76 took 0.1271038055419922s, results:
{'t': 75, 'current_accuracy': 0.375, 'current_loss': 1.6299883723258972, 'train_loss': None, 'decision': 0, 'drift_rate': 0.0, 'target_domains': ['sketch']}
Round 77 took 0.12705421447753906s, results:
{'t': 76, 'current_accuracy': 0.375, 'current_loss': 1.6299883127212524, 'train_loss': None, 'decision': 0, 'drift_rate': 0.0, 'target_domains': ['sketch']}
Round 78 took 0.1303391456604004s, results:
{'t': 77, 'current_accuracy': 0.375, 'current_loss': 1.6299883127212524, 'train_loss': None, 'decision': 0, 'drift_rate': 0.0, 'target_domains': ['sketch']}
Average loss over 3 updates: 1.5130
Round 79 took 0.22608470916748047s, results:
{'t': 78, 'current_accuracy': 0.375, 'current_loss': 1.6299883723258972, 'train_loss': 1.5129632155100505, 'decision': 1, 'drift_rate': 0.0, 'target_domains': ['sketch']}
Round 80 took 0.1272716522216797s, results:
{'t': 79, 'current_accuracy': 0.390625, 'current_loss': 1.599608600139618, 'train_loss': None, 'decision': 0, 'drift_rate': 0.0, 'target_domains': ['sketch']}
Round 81 took 0.12723565101623535s, results:
{'t': 80, 'current_accuracy': 0.390625, 'current_loss': 1.599608302116394, 'train_loss': None, 'decision': 0, 'drift_rate': 0.0, 'target_domains': ['sketch']}
Round 82 took 0.12721037864685059s, results:
{'t': 81, 'current_accuracy': 0.390625, 'current_loss': 1.5996083617210388, 'train_loss': None, 'decision': 0, 'drift_rate': 0.0, 'target_domains': ['sketch']}
Round 83 took 0.12729573249816895s, results:
{'t': 82, 'current_accuracy': 0.390625, 'current_loss': 1.599608302116394, 'train_loss': None, 'decision': 0, 'drift_rate': 0.0, 'target_domains': ['sketch']}
Round 84 took 0.1272115707397461s, results:
{'t': 83, 'current_accuracy': 0.390625, 'current_loss': 1.599608302116394, 'train_loss': None, 'decision': 0, 'drift_rate': 0.0, 'target_domains': ['sketch']}
Round 85 took 0.1272594928741455s, results:
{'t': 84, 'current_accuracy': 0.390625, 'current_loss': 1.5996084809303284, 'train_loss': None, 'decision': 0, 'drift_rate': 0.0, 'target_domains': ['sketch']}
Round 86 took 0.12716412544250488s, results:
{'t': 85, 'current_accuracy': 0.390625, 'current_loss': 1.5996083617210388, 'train_loss': None, 'decision': 0, 'drift_rate': 0.0, 'target_domains': ['sketch']}
Round 87 took 0.12719988822937012s, results:
{'t': 86, 'current_accuracy': 0.390625, 'current_loss': 1.5996083617210388, 'train_loss': None, 'decision': 0, 'drift_rate': 0.0, 'target_domains': ['sketch']}
Round 88 took 0.1271677017211914s, results:
{'t': 87, 'current_accuracy': 0.390625, 'current_loss': 1.599608302116394, 'train_loss': None, 'decision': 0, 'drift_rate': 0.0, 'target_domains': ['sketch']}
Round 89 took 0.12738966941833496s, results:
{'t': 88, 'current_accuracy': 0.390625, 'current_loss': 1.5996084213256836, 'train_loss': None, 'decision': 0, 'drift_rate': 0.0, 'target_domains': ['sketch']}
Round 90 took 0.1271059513092041s, results:
{'t': 89, 'current_accuracy': 0.390625, 'current_loss': 1.5996081233024597, 'train_loss': None, 'decision': 0, 'drift_rate': 0.0, 'target_domains': ['sketch']}
Average loss over 3 updates: 1.5498
Round 91 took 0.22924542427062988s, results:
{'t': 90, 'current_accuracy': 0.390625, 'current_loss': 1.5996082425117493, 'train_loss': 1.5498435099919636, 'decision': 1, 'drift_rate': 0.0, 'target_domains': ['sketch']}
Round 92 took 0.12735414505004883s, results:
{'t': 91, 'current_accuracy': 0.359375, 'current_loss': 1.617123782634735, 'train_loss': None, 'decision': 0, 'drift_rate': 0.0, 'target_domains': ['sketch']}
Round 93 took 0.127366304397583s, results:
{'t': 92, 'current_accuracy': 0.359375, 'current_loss': 1.6171239018440247, 'train_loss': None, 'decision': 0, 'drift_rate': 0.0, 'target_domains': ['sketch']}
Round 94 took 0.12716150283813477s, results:
{'t': 93, 'current_accuracy': 0.359375, 'current_loss': 1.6171237230300903, 'train_loss': None, 'decision': 0, 'drift_rate': 0.0, 'target_domains': ['sketch']}
Round 95 took 0.1270911693572998s, results:
{'t': 94, 'current_accuracy': 0.359375, 'current_loss': 1.617123782634735, 'train_loss': None, 'decision': 0, 'drift_rate': 0.0, 'target_domains': ['sketch']}
Round 96 took 0.12722206115722656s, results:
{'t': 95, 'current_accuracy': 0.359375, 'current_loss': 1.617123782634735, 'train_loss': None, 'decision': 0, 'drift_rate': 0.0, 'target_domains': ['sketch']}
Round 97 took 0.12711858749389648s, results:
{'t': 96, 'current_accuracy': 0.359375, 'current_loss': 1.6171236634254456, 'train_loss': None, 'decision': 0, 'drift_rate': 0.0, 'target_domains': ['sketch']}
Round 98 took 0.12720465660095215s, results:
{'t': 97, 'current_accuracy': 0.359375, 'current_loss': 1.6171236634254456, 'train_loss': None, 'decision': 0, 'drift_rate': 0.0, 'target_domains': ['sketch']}
Round 99 took 0.12724852561950684s, results:
{'t': 98, 'current_accuracy': 0.359375, 'current_loss': 1.617123782634735, 'train_loss': None, 'decision': 0, 'drift_rate': 0.0, 'target_domains': ['sketch']}
Average loss over 3 updates: 1.5443
Round 100 took 0.22618985176086426s, results:
{'t': 99, 'current_accuracy': 0.359375, 'current_loss': 1.6171238422393799, 'train_loss': 1.5443003177642822, 'decision': 1, 'drift_rate': 0.0, 'target_domains': ['sketch']}
Round 101 took 0.12746882438659668s, results:
{'t': 100, 'current_accuracy': 0.34765625, 'current_loss': 1.549236238002777, 'train_loss': None, 'decision': 0, 'drift_rate': 0.0, 'target_domains': ['sketch']}
Round 102 took 0.12733864784240723s, results:
{'t': 101, 'current_accuracy': 0.34765625, 'current_loss': 1.549236238002777, 'train_loss': None, 'decision': 0, 'drift_rate': 0.0, 'target_domains': ['sketch']}
Round 103 took 0.12720513343811035s, results:
{'t': 102, 'current_accuracy': 0.34765625, 'current_loss': 1.5492364168167114, 'train_loss': None, 'decision': 0, 'drift_rate': 0.0, 'target_domains': ['sketch']}
Round 104 took 0.12708640098571777s, results:
{'t': 103, 'current_accuracy': 0.34765625, 'current_loss': 1.549236238002777, 'train_loss': None, 'decision': 0, 'drift_rate': 0.0, 'target_domains': ['sketch']}
Round 105 took 0.12720060348510742s, results:
{'t': 104, 'current_accuracy': 0.34765625, 'current_loss': 1.5492362976074219, 'train_loss': None, 'decision': 0, 'drift_rate': 0.0, 'target_domains': ['sketch']}
Average loss over 3 updates: 1.9656
Round 106 took 0.23909211158752441s, results:
{'t': 105, 'current_accuracy': 0.3125, 'current_loss': 2.079424798488617, 'train_loss': 1.9656127293904622, 'decision': 1, 'drift_rate': 0.4, 'target_domains': ['cartoon']}
Average loss over 3 updates: 1.9556
Round 107 took 0.23451638221740723s, results:
{'t': 106, 'current_accuracy': 0.34765625, 'current_loss': 1.9824092984199524, 'train_loss': 1.9555923144022624, 'decision': 1, 'drift_rate': 0.4, 'target_domains': ['cartoon']}
Round 108 took 0.12979984283447266s, results:
{'t': 107, 'current_accuracy': 0.359375, 'current_loss': 1.7315911650657654, 'train_loss': None, 'decision': 0, 'drift_rate': 0.4, 'target_domains': ['cartoon']}
Round 109 took 0.1283252239227295s, results:
{'t': 108, 'current_accuracy': 0.359375, 'current_loss': 1.7315911054611206, 'train_loss': None, 'decision': 0, 'drift_rate': 0.4, 'target_domains': ['cartoon']}
Round 110 took 0.12819910049438477s, results:
{'t': 109, 'current_accuracy': 0.359375, 'current_loss': 1.7315911650657654, 'train_loss': None, 'decision': 0, 'drift_rate': 0.4, 'target_domains': ['cartoon']}
Round 111 took 0.12788176536560059s, results:
{'t': 110, 'current_accuracy': 0.359375, 'current_loss': 1.7315912246704102, 'train_loss': None, 'decision': 0, 'drift_rate': 0.0, 'target_domains': ['cartoon']}
Round 112 took 0.1281294822692871s, results:
{'t': 111, 'current_accuracy': 0.359375, 'current_loss': 1.731590986251831, 'train_loss': None, 'decision': 0, 'drift_rate': 0.0, 'target_domains': ['cartoon']}
Round 113 took 0.12784337997436523s, results:
{'t': 112, 'current_accuracy': 0.359375, 'current_loss': 1.7315911054611206, 'train_loss': None, 'decision': 0, 'drift_rate': 0.0, 'target_domains': ['cartoon']}
Round 114 took 0.12788105010986328s, results:
{'t': 113, 'current_accuracy': 0.359375, 'current_loss': 1.7315911054611206, 'train_loss': None, 'decision': 0, 'drift_rate': 0.0, 'target_domains': ['cartoon']}
Round 115 took 0.1282196044921875s, results:
{'t': 114, 'current_accuracy': 0.359375, 'current_loss': 1.7315912246704102, 'train_loss': None, 'decision': 0, 'drift_rate': 0.0, 'target_domains': ['cartoon']}
Round 116 took 0.1278367042541504s, results:
{'t': 115, 'current_accuracy': 0.359375, 'current_loss': 1.731590986251831, 'train_loss': None, 'decision': 0, 'drift_rate': 0.0, 'target_domains': ['cartoon']}
Round 117 took 0.127943754196167s, results:
{'t': 116, 'current_accuracy': 0.359375, 'current_loss': 1.731591284275055, 'train_loss': None, 'decision': 0, 'drift_rate': 0.0, 'target_domains': ['cartoon']}
Round 118 took 0.12773799896240234s, results:
{'t': 117, 'current_accuracy': 0.359375, 'current_loss': 1.7315913438796997, 'train_loss': None, 'decision': 0, 'drift_rate': 0.0, 'target_domains': ['cartoon']}
Round 119 took 0.13091707229614258s, results:
{'t': 118, 'current_accuracy': 0.359375, 'current_loss': 1.7315911650657654, 'train_loss': None, 'decision': 0, 'drift_rate': 0.0, 'target_domains': ['cartoon']}
Round 120 took 0.12812185287475586s, results:
{'t': 119, 'current_accuracy': 0.359375, 'current_loss': 1.7315911650657654, 'train_loss': None, 'decision': 0, 'drift_rate': 0.0, 'target_domains': ['cartoon']}
Round 121 took 0.12777113914489746s, results:
{'t': 120, 'current_accuracy': 0.359375, 'current_loss': 1.7315911054611206, 'train_loss': None, 'decision': 0, 'drift_rate': 0.0, 'target_domains': ['cartoon']}
Round 122 took 0.12775802612304688s, results:
{'t': 121, 'current_accuracy': 0.359375, 'current_loss': 1.731590986251831, 'train_loss': None, 'decision': 0, 'drift_rate': 0.0, 'target_domains': ['cartoon']}
Round 123 took 0.1279749870300293s, results:
{'t': 122, 'current_accuracy': 0.359375, 'current_loss': 1.731590986251831, 'train_loss': None, 'decision': 0, 'drift_rate': 0.0, 'target_domains': ['cartoon']}
Average loss over 3 updates: 1.6858
Round 124 took 0.23173809051513672s, results:
{'t': 123, 'current_accuracy': 0.359375, 'current_loss': 1.7315911650657654, 'train_loss': 1.6857941548029582, 'decision': 1, 'drift_rate': 0.0, 'target_domains': ['cartoon']}
Round 125 took 0.12823843955993652s, results:
{'t': 124, 'current_accuracy': 0.4453125, 'current_loss': 1.5316818356513977, 'train_loss': None, 'decision': 0, 'drift_rate': 0.0, 'target_domains': ['cartoon']}
Round 126 took 0.12806940078735352s, results:
{'t': 125, 'current_accuracy': 0.4453125, 'current_loss': 1.5316819548606873, 'train_loss': None, 'decision': 0, 'drift_rate': 0.0, 'target_domains': ['cartoon']}
Round 127 took 0.12814784049987793s, results:
{'t': 126, 'current_accuracy': 0.4453125, 'current_loss': 1.5316819548606873, 'train_loss': None, 'decision': 0, 'drift_rate': 0.0, 'target_domains': ['cartoon']}
Round 128 took 0.12810087203979492s, results:
{'t': 127, 'current_accuracy': 0.4453125, 'current_loss': 1.5316818952560425, 'train_loss': None, 'decision': 0, 'drift_rate': 0.0, 'target_domains': ['cartoon']}
Round 129 took 0.12811779975891113s, results:
{'t': 128, 'current_accuracy': 0.4453125, 'current_loss': 1.5316818952560425, 'train_loss': None, 'decision': 0, 'drift_rate': 0.0, 'target_domains': ['cartoon']}
Round 130 took 0.1278388500213623s, results:
{'t': 129, 'current_accuracy': 0.4453125, 'current_loss': 1.5316820740699768, 'train_loss': None, 'decision': 0, 'drift_rate': 0.0, 'target_domains': ['cartoon']}
Round 131 took 0.12797999382019043s, results:
{'t': 130, 'current_accuracy': 0.4453125, 'current_loss': 1.5316818952560425, 'train_loss': None, 'decision': 0, 'drift_rate': 0.0, 'target_domains': ['cartoon']}
Round 132 took 0.1278524398803711s, results:
{'t': 131, 'current_accuracy': 0.4453125, 'current_loss': 1.5316818952560425, 'train_loss': None, 'decision': 0, 'drift_rate': 0.0, 'target_domains': ['cartoon']}
Round 133 took 0.12806367874145508s, results:
{'t': 132, 'current_accuracy': 0.4453125, 'current_loss': 1.5316818952560425, 'train_loss': None, 'decision': 0, 'drift_rate': 0.0, 'target_domains': ['cartoon']}
Round 134 took 0.1279749870300293s, results:
{'t': 133, 'current_accuracy': 0.4453125, 'current_loss': 1.5316818952560425, 'train_loss': None, 'decision': 0, 'drift_rate': 0.0, 'target_domains': ['cartoon']}
Round 135 took 0.12783384323120117s, results:
{'t': 134, 'current_accuracy': 0.4453125, 'current_loss': 1.5316818356513977, 'train_loss': None, 'decision': 0, 'drift_rate': 0.0, 'target_domains': ['cartoon']}
Round 136 took 0.12799453735351562s, results:
{'t': 135, 'current_accuracy': 0.4453125, 'current_loss': 1.5316819548606873, 'train_loss': None, 'decision': 0, 'drift_rate': 0.0, 'target_domains': ['cartoon']}
Round 137 took 0.1280217170715332s, results:
{'t': 136, 'current_accuracy': 0.4453125, 'current_loss': 1.5316818952560425, 'train_loss': None, 'decision': 0, 'drift_rate': 0.0, 'target_domains': ['cartoon']}
Round 138 took 0.13225436210632324s, results:
{'t': 137, 'current_accuracy': 0.4453125, 'current_loss': 1.5316818952560425, 'train_loss': None, 'decision': 0, 'drift_rate': 0.0, 'target_domains': ['cartoon']}
Round 139 took 0.12813115119934082s, results:
{'t': 138, 'current_accuracy': 0.4453125, 'current_loss': 1.5316818952560425, 'train_loss': None, 'decision': 0, 'drift_rate': 0.0, 'target_domains': ['cartoon']}
Round 140 took 0.12800049781799316s, results:
{'t': 139, 'current_accuracy': 0.4453125, 'current_loss': 1.5316818952560425, 'train_loss': None, 'decision': 0, 'drift_rate': 0.0, 'target_domains': ['cartoon']}
Round 141 took 0.12809348106384277s, results:
{'t': 140, 'current_accuracy': 0.4453125, 'current_loss': 1.531682014465332, 'train_loss': None, 'decision': 0, 'drift_rate': 0.0, 'target_domains': ['cartoon']}
Round 142 took 0.12787318229675293s, results:
{'t': 141, 'current_accuracy': 0.4453125, 'current_loss': 1.5316819548606873, 'train_loss': None, 'decision': 0, 'drift_rate': 0.0, 'target_domains': ['cartoon']}
Round 143 took 0.1279134750366211s, results:
{'t': 142, 'current_accuracy': 0.4453125, 'current_loss': 1.5316818952560425, 'train_loss': None, 'decision': 0, 'drift_rate': 0.0, 'target_domains': ['cartoon']}
Average loss over 3 updates: 1.5678
Round 144 took 0.2309112548828125s, results:
{'t': 143, 'current_accuracy': 0.4453125, 'current_loss': 1.531681776046753, 'train_loss': 1.5678311189015706, 'decision': 1, 'drift_rate': 0.0, 'target_domains': ['cartoon']}
Round 145 took 0.1282949447631836s, results:
{'t': 144, 'current_accuracy': 0.50390625, 'current_loss': 1.4479381442070007, 'train_loss': None, 'decision': 0, 'drift_rate': 0.0, 'target_domains': ['cartoon']}
Round 146 took 0.12799310684204102s, results:
{'t': 145, 'current_accuracy': 0.50390625, 'current_loss': 1.447938323020935, 'train_loss': None, 'decision': 0, 'drift_rate': 0.0, 'target_domains': ['cartoon']}
Round 147 took 0.12815594673156738s, results:
{'t': 146, 'current_accuracy': 0.50390625, 'current_loss': 1.4479382634162903, 'train_loss': None, 'decision': 0, 'drift_rate': 0.0, 'target_domains': ['cartoon']}
Round 148 took 0.1278221607208252s, results:
{'t': 147, 'current_accuracy': 0.50390625, 'current_loss': 1.4479382634162903, 'train_loss': None, 'decision': 0, 'drift_rate': 0.0, 'target_domains': ['cartoon']}
Round 149 took 0.1279287338256836s, results:
{'t': 148, 'current_accuracy': 0.50390625, 'current_loss': 1.4479381442070007, 'train_loss': None, 'decision': 0, 'drift_rate': 0.0, 'target_domains': ['cartoon']}
Round 150 took 0.1279587745666504s, results:
{'t': 149, 'current_accuracy': 0.50390625, 'current_loss': 1.4479381442070007, 'train_loss': None, 'decision': 0, 'drift_rate': 0.0, 'target_domains': ['cartoon']}
Round 151 took 0.12786245346069336s, results:
{'t': 150, 'current_accuracy': 0.50390625, 'current_loss': 1.4479382038116455, 'train_loss': None, 'decision': 0, 'drift_rate': 0.0, 'target_domains': ['cartoon']}
Round 152 took 0.12800192832946777s, results:
{'t': 151, 'current_accuracy': 0.50390625, 'current_loss': 1.4479381442070007, 'train_loss': None, 'decision': 0, 'drift_rate': 0.0, 'target_domains': ['cartoon']}
Round 153 took 0.12800240516662598s, results:
{'t': 152, 'current_accuracy': 0.50390625, 'current_loss': 1.4479381442070007, 'train_loss': None, 'decision': 0, 'drift_rate': 0.0, 'target_domains': ['cartoon']}
Round 154 took 0.12793493270874023s, results:
{'t': 153, 'current_accuracy': 0.50390625, 'current_loss': 1.447938084602356, 'train_loss': None, 'decision': 0, 'drift_rate': 0.0, 'target_domains': ['cartoon']}
Round 155 took 0.12807250022888184s, results:
{'t': 154, 'current_accuracy': 0.50390625, 'current_loss': 1.4479382038116455, 'train_loss': None, 'decision': 0, 'drift_rate': 0.0, 'target_domains': ['cartoon']}
Average loss over 3 updates: 1.7562
Round 156 took 0.24155330657958984s, results:
{'t': 155, 'current_accuracy': 0.421875, 'current_loss': 1.6650402545928955, 'train_loss': 1.7561813990275066, 'decision': 1, 'drift_rate': 0.4, 'target_domains': ['art_painting']}
Average loss over 3 updates: 1.8870
Round 157 took 0.23715996742248535s, results:
{'t': 156, 'current_accuracy': 0.375, 'current_loss': 1.7364127039909363, 'train_loss': 1.8869913419087727, 'decision': 1, 'drift_rate': 0.4, 'target_domains': ['art_painting']}
Round 158 took 0.12970519065856934s, results:
{'t': 157, 'current_accuracy': 0.359375, 'current_loss': 1.7108662128448486, 'train_loss': None, 'decision': 0, 'drift_rate': 0.4, 'target_domains': ['art_painting']}
Round 159 took 0.1282975673675537s, results:
{'t': 158, 'current_accuracy': 0.359375, 'current_loss': 1.710866093635559, 'train_loss': None, 'decision': 0, 'drift_rate': 0.4, 'target_domains': ['art_painting']}
Round 160 took 0.12824320793151855s, results:
{'t': 159, 'current_accuracy': 0.359375, 'current_loss': 1.710866093635559, 'train_loss': None, 'decision': 0, 'drift_rate': 0.4, 'target_domains': ['art_painting']}
Round 161 took 0.1278831958770752s, results:
{'t': 160, 'current_accuracy': 0.359375, 'current_loss': 1.710866093635559, 'train_loss': None, 'decision': 0, 'drift_rate': 0.0, 'target_domains': ['art_painting']}
Round 162 took 0.12767624855041504s, results:
{'t': 161, 'current_accuracy': 0.359375, 'current_loss': 1.7108662128448486, 'train_loss': None, 'decision': 0, 'drift_rate': 0.0, 'target_domains': ['art_painting']}
Round 163 took 0.12769818305969238s, results:
{'t': 162, 'current_accuracy': 0.359375, 'current_loss': 1.7108659744262695, 'train_loss': None, 'decision': 0, 'drift_rate': 0.0, 'target_domains': ['art_painting']}
Round 164 took 0.1276102066040039s, results:
{'t': 163, 'current_accuracy': 0.359375, 'current_loss': 1.7108661532402039, 'train_loss': None, 'decision': 0, 'drift_rate': 0.0, 'target_domains': ['art_painting']}
Average loss over 3 updates: 1.7735
Round 165 took 0.23152875900268555s, results:
{'t': 164, 'current_accuracy': 0.359375, 'current_loss': 1.710866093635559, 'train_loss': 1.7734833558400471, 'decision': 1, 'drift_rate': 0.0, 'target_domains': ['art_painting']}
Round 166 took 0.12807726860046387s, results:
{'t': 165, 'current_accuracy': 0.375, 'current_loss': 1.6661850810050964, 'train_loss': None, 'decision': 0, 'drift_rate': 0.0, 'target_domains': ['art_painting']}
Round 167 took 0.12804770469665527s, results:
{'t': 166, 'current_accuracy': 0.375, 'current_loss': 1.6661851406097412, 'train_loss': None, 'decision': 0, 'drift_rate': 0.0, 'target_domains': ['art_painting']}
Round 168 took 0.12793517112731934s, results:
{'t': 167, 'current_accuracy': 0.375, 'current_loss': 1.666185200214386, 'train_loss': None, 'decision': 0, 'drift_rate': 0.0, 'target_domains': ['art_painting']}
Round 169 took 0.12799739837646484s, results:
{'t': 168, 'current_accuracy': 0.375, 'current_loss': 1.6661851406097412, 'train_loss': None, 'decision': 0, 'drift_rate': 0.0, 'target_domains': ['art_painting']}
Round 170 took 0.1279296875s, results:
{'t': 169, 'current_accuracy': 0.375, 'current_loss': 1.6661852598190308, 'train_loss': None, 'decision': 0, 'drift_rate': 0.0, 'target_domains': ['art_painting']}
Round 171 took 0.12803125381469727s, results:
{'t': 170, 'current_accuracy': 0.375, 'current_loss': 1.6661852598190308, 'train_loss': None, 'decision': 0, 'drift_rate': 0.0, 'target_domains': ['art_painting']}
Round 172 took 0.1277604103088379s, results:
{'t': 171, 'current_accuracy': 0.375, 'current_loss': 1.666185200214386, 'train_loss': None, 'decision': 0, 'drift_rate': 0.0, 'target_domains': ['art_painting']}
Round 173 took 0.13097810745239258s, results:
{'t': 172, 'current_accuracy': 0.375, 'current_loss': 1.6661851406097412, 'train_loss': None, 'decision': 0, 'drift_rate': 0.0, 'target_domains': ['art_painting']}
Round 174 took 0.12894558906555176s, results:
{'t': 173, 'current_accuracy': 0.375, 'current_loss': 1.6661850810050964, 'train_loss': None, 'decision': 0, 'drift_rate': 0.0, 'target_domains': ['art_painting']}
Round 175 took 0.12801456451416016s, results:
{'t': 174, 'current_accuracy': 0.375, 'current_loss': 1.6661851406097412, 'train_loss': None, 'decision': 0, 'drift_rate': 0.0, 'target_domains': ['art_painting']}
Round 176 took 0.12801480293273926s, results:
{'t': 175, 'current_accuracy': 0.375, 'current_loss': 1.6661850810050964, 'train_loss': None, 'decision': 0, 'drift_rate': 0.0, 'target_domains': ['art_painting']}
Round 177 took 0.12799787521362305s, results:
{'t': 176, 'current_accuracy': 0.375, 'current_loss': 1.666185200214386, 'train_loss': None, 'decision': 0, 'drift_rate': 0.0, 'target_domains': ['art_painting']}
Average loss over 3 updates: 1.7586
Round 178 took 0.23334789276123047s, results:
{'t': 177, 'current_accuracy': 0.375, 'current_loss': 1.6661850214004517, 'train_loss': 1.7585795323053997, 'decision': 1, 'drift_rate': 0.0, 'target_domains': ['art_painting']}
Round 179 took 0.12835955619812012s, results:
{'t': 178, 'current_accuracy': 0.37890625, 'current_loss': 1.634958803653717, 'train_loss': None, 'decision': 0, 'drift_rate': 0.0, 'target_domains': ['art_painting']}
Round 180 took 0.12796640396118164s, results:
{'t': 179, 'current_accuracy': 0.37890625, 'current_loss': 1.6349587440490723, 'train_loss': None, 'decision': 0, 'drift_rate': 0.0, 'target_domains': ['art_painting']}
Round 181 took 0.1278982162475586s, results:
{'t': 180, 'current_accuracy': 0.37890625, 'current_loss': 1.6349589228630066, 'train_loss': None, 'decision': 0, 'drift_rate': 0.0, 'target_domains': ['art_painting']}
Round 182 took 0.12862348556518555s, results:
{'t': 181, 'current_accuracy': 0.37890625, 'current_loss': 1.634958803653717, 'train_loss': None, 'decision': 0, 'drift_rate': 0.0, 'target_domains': ['art_painting']}
Round 183 took 0.12839770317077637s, results:
{'t': 182, 'current_accuracy': 0.37890625, 'current_loss': 1.6349586844444275, 'train_loss': None, 'decision': 0, 'drift_rate': 0.0, 'target_domains': ['art_painting']}
Round 184 took 0.12856769561767578s, results:
{'t': 183, 'current_accuracy': 0.37890625, 'current_loss': 1.6349587440490723, 'train_loss': None, 'decision': 0, 'drift_rate': 0.0, 'target_domains': ['art_painting']}
Round 185 took 0.1281588077545166s, results:
{'t': 184, 'current_accuracy': 0.37890625, 'current_loss': 1.6349586844444275, 'train_loss': None, 'decision': 0, 'drift_rate': 0.0, 'target_domains': ['art_painting']}
Round 186 took 0.12803339958190918s, results:
{'t': 185, 'current_accuracy': 0.37890625, 'current_loss': 1.6349589228630066, 'train_loss': None, 'decision': 0, 'drift_rate': 0.0, 'target_domains': ['art_painting']}
Round 187 took 0.1286485195159912s, results:
{'t': 186, 'current_accuracy': 0.37890625, 'current_loss': 1.6349586248397827, 'train_loss': None, 'decision': 0, 'drift_rate': 0.0, 'target_domains': ['art_painting']}
Round 188 took 0.1301126480102539s, results:
{'t': 187, 'current_accuracy': 0.37890625, 'current_loss': 1.6349588632583618, 'train_loss': None, 'decision': 0, 'drift_rate': 0.0, 'target_domains': ['art_painting']}
Average loss over 3 updates: 1.7207
Round 189 took 0.22983479499816895s, results:
{'t': 188, 'current_accuracy': 0.37890625, 'current_loss': 1.6349586844444275, 'train_loss': 1.720656434694926, 'decision': 1, 'drift_rate': 0.0, 'target_domains': ['art_painting']}
Round 190 took 0.1275486946105957s, results:
{'t': 189, 'current_accuracy': 0.390625, 'current_loss': 1.6147114634513855, 'train_loss': None, 'decision': 0, 'drift_rate': 0.0, 'target_domains': ['art_painting']}
Round 191 took 0.13135647773742676s, results:
{'t': 190, 'current_accuracy': 0.390625, 'current_loss': 1.614711582660675, 'train_loss': None, 'decision': 0, 'drift_rate': 0.0, 'target_domains': ['art_painting']}
Round 192 took 0.12778782844543457s, results:
{'t': 191, 'current_accuracy': 0.390625, 'current_loss': 1.6147114634513855, 'train_loss': None, 'decision': 0, 'drift_rate': 0.0, 'target_domains': ['art_painting']}
Round 193 took 0.12739157676696777s, results:
{'t': 192, 'current_accuracy': 0.390625, 'current_loss': 1.614711582660675, 'train_loss': None, 'decision': 0, 'drift_rate': 0.0, 'target_domains': ['art_painting']}
Round 194 took 0.1273658275604248s, results:
{'t': 193, 'current_accuracy': 0.390625, 'current_loss': 1.6147117614746094, 'train_loss': None, 'decision': 0, 'drift_rate': 0.0, 'target_domains': ['art_painting']}
Round 195 took 0.12738490104675293s, results:
{'t': 194, 'current_accuracy': 0.390625, 'current_loss': 1.6147114634513855, 'train_loss': None, 'decision': 0, 'drift_rate': 0.0, 'target_domains': ['art_painting']}
Round 196 took 0.1274123191833496s, results:
{'t': 195, 'current_accuracy': 0.390625, 'current_loss': 1.6147115230560303, 'train_loss': None, 'decision': 0, 'drift_rate': 0.0, 'target_domains': ['art_painting']}
Round 197 took 0.1273043155670166s, results:
{'t': 196, 'current_accuracy': 0.390625, 'current_loss': 1.614711582660675, 'train_loss': None, 'decision': 0, 'drift_rate': 0.0, 'target_domains': ['art_painting']}
Round 198 took 0.1272878646850586s, results:
{'t': 197, 'current_accuracy': 0.390625, 'current_loss': 1.614711582660675, 'train_loss': None, 'decision': 0, 'drift_rate': 0.0, 'target_domains': ['art_painting']}
Round 199 took 0.1275022029876709s, results:
{'t': 198, 'current_accuracy': 0.390625, 'current_loss': 1.6147115230560303, 'train_loss': None, 'decision': 0, 'drift_rate': 0.0, 'target_domains': ['art_painting']}
Average loss over 3 updates: 1.6675
Round 200 took 0.2327284812927246s, results:
{'t': 199, 'current_accuracy': 0.390625, 'current_loss': 1.6147116422653198, 'train_loss': 1.6674794753392537, 'decision': 1, 'drift_rate': 0.0, 'target_domains': ['art_painting']}
Average time per round: 0.13874467611312866
Total time: 27.748935222625732
