Device: cuda
CUDA Version: 12.1
cuDNN Version: 8902
PyTorch Version: 2.3.0
Model used: PACSCNN_4
Client device: cuda
PACSCNN_4
Round 0 took 2.48468279838562 seconds
Round 0: Accuracy = 0.8164, Decision = 0, Drift = 0.0000
Current target domain: sketch
Round 1 took 2.4143288135528564 seconds
Round 1: Accuracy = 0.8164, Decision = 0, Drift = 0.0000
Current target domain: sketch
Round 2 took 2.4059741497039795 seconds
Round 2: Accuracy = 0.8164, Decision = 0, Drift = 0.0000
Current target domain: sketch
Round 3 took 2.4178543090820312 seconds
Round 3: Accuracy = 0.8164, Decision = 0, Drift = 0.0000
Current target domain: sketch
Round 4 took 2.403146505355835 seconds
Round 4: Accuracy = 0.8164, Decision = 0, Drift = 0.0000
Current target domain: sketch
Round 5 took 2.413861036300659 seconds
Round 5: Accuracy = 0.8164, Decision = 0, Drift = 0.0000
Current target domain: sketch
Round 6 took 2.4086310863494873 seconds
Round 6: Accuracy = 0.8164, Decision = 0, Drift = 0.0000
Current target domain: sketch
Round 7 took 2.4119765758514404 seconds
Round 7: Accuracy = 0.8164, Decision = 0, Drift = 0.0000
Current target domain: sketch
Round 8 took 2.4038145542144775 seconds
Round 8: Accuracy = 0.8164, Decision = 0, Drift = 0.0000
Current target domain: sketch
Round 9 took 2.407043933868408 seconds
Round 9: Accuracy = 0.8164, Decision = 0, Drift = 0.0000
Current target domain: sketch
Round 10 took 2.409372568130493 seconds
Round 10: Accuracy = 0.8164, Decision = 0, Drift = 0.0000
Current target domain: sketch
Round 11 took 2.4016504287719727 seconds
Round 11: Accuracy = 0.8164, Decision = 0, Drift = 0.0000
Current target domain: sketch
Round 12 took 2.40978741645813 seconds
Round 12: Accuracy = 0.8164, Decision = 0, Drift = 0.0000
Current target domain: sketch
Round 13 took 2.3979735374450684 seconds
Round 13: Accuracy = 0.8164, Decision = 0, Drift = 0.0000
Current target domain: sketch
Round 14 took 2.4030568599700928 seconds
Round 14: Accuracy = 0.8164, Decision = 0, Drift = 0.0000
Current target domain: sketch
Round 15 took 2.4086716175079346 seconds
Round 15: Accuracy = 0.8164, Decision = 0, Drift = 0.0000
Current target domain: sketch
Round 16 took 2.407642126083374 seconds
Round 16: Accuracy = 0.8164, Decision = 0, Drift = 0.0000
Current target domain: sketch
Round 17 took 2.395170211791992 seconds
Round 17: Accuracy = 0.8164, Decision = 0, Drift = 0.0000
Current target domain: sketch
Round 18 took 2.425067663192749 seconds
Round 18: Accuracy = 0.8164, Decision = 0, Drift = 0.0000
Current target domain: sketch
Round 19 took 2.400182008743286 seconds
Round 19: Accuracy = 0.8164, Decision = 0, Drift = 0.0000
Current target domain: sketch
Round 20 took 2.4017245769500732 seconds
Round 20: Accuracy = 0.8164, Decision = 0, Drift = 0.0000
Current target domain: sketch
Round 21 took 2.408083438873291 seconds
Round 21: Accuracy = 0.8164, Decision = 0, Drift = 0.0000
Current target domain: sketch
Round 22 took 2.4105966091156006 seconds
Round 22: Accuracy = 0.8164, Decision = 0, Drift = 0.0000
Current target domain: sketch
Round 23 took 2.407761335372925 seconds
Round 23: Accuracy = 0.8164, Decision = 0, Drift = 0.0000
Current target domain: sketch
Round 24 took 2.409484386444092 seconds
Round 24: Accuracy = 0.8164, Decision = 0, Drift = 0.0000
Current target domain: sketch
Round 25 took 2.4065139293670654 seconds
Round 25: Accuracy = 0.8164, Decision = 0, Drift = 0.0000
Current target domain: sketch
Round 26 took 2.404043674468994 seconds
Round 26: Accuracy = 0.8164, Decision = 0, Drift = 0.0000
Current target domain: sketch
Round 27 took 2.3942832946777344 seconds
Round 27: Accuracy = 0.8164, Decision = 0, Drift = 0.0000
Current target domain: sketch
Round 28 took 2.404866933822632 seconds
Round 28: Accuracy = 0.8164, Decision = 0, Drift = 0.0000
Current target domain: sketch
Round 29 took 2.405463457107544 seconds
Round 29: Accuracy = 0.8164, Decision = 0, Drift = 0.0000
Current target domain: sketch
Round 30 took 2.397061347961426 seconds
Round 30: Accuracy = 0.8164, Decision = 0, Drift = 0.0000
Current target domain: sketch
Round 31 took 2.397873878479004 seconds
Round 31: Accuracy = 0.8164, Decision = 0, Drift = 0.0000
Current target domain: sketch
Round 32 took 2.4025521278381348 seconds
Round 32: Accuracy = 0.8164, Decision = 0, Drift = 0.0000
Current target domain: sketch
Round 33 took 2.402238368988037 seconds
Round 33: Accuracy = 0.8164, Decision = 0, Drift = 0.0000
Current target domain: sketch
Round 34 took 2.4027674198150635 seconds
Round 34: Accuracy = 0.8164, Decision = 0, Drift = 0.0000
Current target domain: sketch
Round 35 took 2.4015634059906006 seconds
Round 35: Accuracy = 0.8164, Decision = 0, Drift = 0.0000
Current target domain: sketch
Round 36 took 2.405122756958008 seconds
Round 36: Accuracy = 0.8164, Decision = 0, Drift = 0.0000
Current target domain: sketch
Round 37 took 2.4073402881622314 seconds
Round 37: Accuracy = 0.8164, Decision = 0, Drift = 0.0000
Current target domain: sketch
Round 38 took 2.3997912406921387 seconds
Round 38: Accuracy = 0.8164, Decision = 0, Drift = 0.0000
Current target domain: sketch
Round 39 took 2.3892135620117188 seconds
Round 39: Accuracy = 0.8164, Decision = 0, Drift = 0.0000
Current target domain: sketch
Epoch 1/10, Loss: 0.9015
Epoch 2/10, Loss: 0.8381
Epoch 3/10, Loss: 0.7524
Epoch 4/10, Loss: 0.6265
Epoch 5/10, Loss: 0.6430
Epoch 6/10, Loss: 0.6680
Epoch 7/10, Loss: 0.7208
Epoch 8/10, Loss: 0.7665
Epoch 9/10, Loss: 0.5145
Epoch 10/10, Loss: 0.8722
Round 40 took 36.71954107284546 seconds
Round 40: Accuracy = 0.5864, Decision = 1, Drift = 0.5000
Current target domain: sketch
Round 41 took 10.731001377105713 seconds
Round 41: Accuracy = 0.5813, Decision = 0, Drift = 0.5000
Current target domain: sketch
Round 42 took 5.797703504562378 seconds
Round 42: Accuracy = 0.5813, Decision = 0, Drift = 0.0000
Current target domain: sketch
Epoch 1/10, Loss: 1.1546
Epoch 2/10, Loss: 0.9968
Epoch 3/10, Loss: 0.8079
Epoch 4/10, Loss: 0.9107
Epoch 5/10, Loss: 0.8434
Epoch 6/10, Loss: 0.8193
Epoch 7/10, Loss: 0.8674
Epoch 8/10, Loss: 0.9001
Epoch 9/10, Loss: 0.8710
Epoch 10/10, Loss: 0.7422
Round 43 took 47.193808794021606 seconds
Round 43: Accuracy = 0.5813, Decision = 1, Drift = 0.0000
Current target domain: sketch
Epoch 1/10, Loss: 0.8596
Epoch 2/10, Loss: 0.7191
Epoch 3/10, Loss: 0.6617
Epoch 4/10, Loss: 0.7507
Epoch 5/10, Loss: 0.7733
Epoch 6/10, Loss: 0.6974
Epoch 7/10, Loss: 0.6967
Epoch 8/10, Loss: 0.8173
Epoch 9/10, Loss: 0.7085
Epoch 10/10, Loss: 0.6382
Round 44 took 47.55821871757507 seconds
Round 44: Accuracy = 0.5332, Decision = 1, Drift = 0.0000
Current target domain: sketch
Round 45 took 5.908855199813843 seconds
Round 45: Accuracy = 0.6241, Decision = 0, Drift = 0.0000
Current target domain: sketch
Round 46 took 5.86800217628479 seconds
Round 46: Accuracy = 0.6241, Decision = 0, Drift = 0.0000
Current target domain: sketch
Epoch 1/10, Loss: 0.6247
Epoch 2/10, Loss: 0.7322
Epoch 3/10, Loss: 0.7349
Epoch 4/10, Loss: 0.5565
Epoch 5/10, Loss: 0.6414
Epoch 6/10, Loss: 0.5942
Epoch 7/10, Loss: 0.6511
Epoch 8/10, Loss: 0.6262
Epoch 9/10, Loss: 0.5758
Epoch 10/10, Loss: 0.5887
Round 47 took 47.45817232131958 seconds
Round 47: Accuracy = 0.6241, Decision = 1, Drift = 0.0000
Current target domain: sketch
Epoch 1/10, Loss: 0.6404
Epoch 2/10, Loss: 0.5796
Epoch 3/10, Loss: 0.4974
Epoch 4/10, Loss: 0.5598
Epoch 5/10, Loss: 0.5207
Epoch 6/10, Loss: 0.6104
Epoch 7/10, Loss: 0.5272
Epoch 8/10, Loss: 0.5640
Epoch 9/10, Loss: 0.6092
Epoch 10/10, Loss: 0.4916
Round 48 took 47.43984889984131 seconds
Round 48: Accuracy = 0.5779, Decision = 1, Drift = 0.0000
Current target domain: sketch
Epoch 1/10, Loss: 0.4314
Epoch 2/10, Loss: 0.4251
Epoch 3/10, Loss: 0.5957
Epoch 4/10, Loss: 0.5607
Epoch 5/10, Loss: 0.5847
Epoch 6/10, Loss: 0.6155
Epoch 7/10, Loss: 0.4073
Epoch 8/10, Loss: 0.5287
Epoch 9/10, Loss: 0.4569
Epoch 10/10, Loss: 0.4519
Round 49 took 47.45305132865906 seconds
Round 49: Accuracy = 0.5488, Decision = 1, Drift = 0.0000
Current target domain: sketch
Epoch 1/10, Loss: 0.4192
Epoch 2/10, Loss: 0.4520
Epoch 3/10, Loss: 0.4393
Epoch 4/10, Loss: 0.3869
Epoch 5/10, Loss: 0.5210
Epoch 6/10, Loss: 0.4830
Epoch 7/10, Loss: 0.3874
Epoch 8/10, Loss: 0.3784
Epoch 9/10, Loss: 0.4084
Epoch 10/10, Loss: 0.3431
Round 50 took 47.39428496360779 seconds
Round 50: Accuracy = 0.4688, Decision = 1, Drift = 0.0000
Current target domain: sketch
Round 51 took 5.899785757064819 seconds
Round 51: Accuracy = 0.5859, Decision = 0, Drift = 0.0000
Current target domain: sketch
Round 52 took 5.814332723617554 seconds
Round 52: Accuracy = 0.5859, Decision = 0, Drift = 0.0000
Current target domain: sketch
Round 53 took 5.853392601013184 seconds
Round 53: Accuracy = 0.5859, Decision = 0, Drift = 0.0000
Current target domain: sketch
Epoch 1/10, Loss: 0.3809
Epoch 2/10, Loss: 0.3488
Epoch 3/10, Loss: 0.4340
Epoch 4/10, Loss: 0.5335
Epoch 5/10, Loss: 0.3694
Epoch 6/10, Loss: 0.3986
Epoch 7/10, Loss: 0.2901
Epoch 8/10, Loss: 0.3913
Epoch 9/10, Loss: 0.4328
Epoch 10/10, Loss: 0.2665
Round 54 took 47.424036502838135 seconds
Round 54: Accuracy = 0.5859, Decision = 1, Drift = 0.0000
Current target domain: sketch
Round 55 took 5.8525917530059814 seconds
Round 55: Accuracy = 0.5774, Decision = 0, Drift = 0.0000
Current target domain: sketch
Round 56 took 5.838755369186401 seconds
Round 56: Accuracy = 0.5774, Decision = 0, Drift = 0.0000
Current target domain: sketch
Round 57 took 5.850428342819214 seconds
Round 57: Accuracy = 0.5774, Decision = 0, Drift = 0.0000
Current target domain: sketch
Round 58 took 5.838074207305908 seconds
Round 58: Accuracy = 0.5774, Decision = 0, Drift = 0.0000
Current target domain: sketch
Round 59 took 5.8442463874816895 seconds
Round 59: Accuracy = 0.5774, Decision = 0, Drift = 0.0000
Current target domain: sketch
Round 60 took 5.885849714279175 seconds
Round 60: Accuracy = 0.5774, Decision = 0, Drift = 0.0000
Current target domain: sketch
Round 61 took 5.874946117401123 seconds
Round 61: Accuracy = 0.5774, Decision = 0, Drift = 0.0000
Current target domain: sketch
Round 62 took 5.86527681350708 seconds
Round 62: Accuracy = 0.5774, Decision = 0, Drift = 0.0000
Current target domain: sketch
Round 63 took 5.863554954528809 seconds
Round 63: Accuracy = 0.5774, Decision = 0, Drift = 0.0000
Current target domain: sketch
Round 64 took 5.856709241867065 seconds
Round 64: Accuracy = 0.5774, Decision = 0, Drift = 0.0000
Current target domain: sketch
Round 65 took 5.854988098144531 seconds
Round 65: Accuracy = 0.5774, Decision = 0, Drift = 0.0000
Current target domain: sketch
Round 66 took 5.854959726333618 seconds
Round 66: Accuracy = 0.5774, Decision = 0, Drift = 0.0000
Current target domain: sketch
Epoch 1/10, Loss: 0.2712
Epoch 2/10, Loss: 0.4562
Epoch 3/10, Loss: 0.3075
Epoch 4/10, Loss: 0.2822
Epoch 5/10, Loss: 0.2966
Epoch 6/10, Loss: 0.2685
Epoch 7/10, Loss: 0.2706
Epoch 8/10, Loss: 0.4247
Epoch 9/10, Loss: 0.4452
Epoch 10/10, Loss: 0.3569
Round 67 took 47.4570426940918 seconds
Round 67: Accuracy = 0.5774, Decision = 1, Drift = 0.0000
Current target domain: sketch
Round 68 took 5.875292778015137 seconds
Round 68: Accuracy = 0.6040, Decision = 0, Drift = 0.0000
Current target domain: sketch
Round 69 took 5.6712806224823 seconds
Round 69: Accuracy = 0.6040, Decision = 0, Drift = 0.0000
Current target domain: sketch
Round 70 took 5.672432899475098 seconds
Round 70: Accuracy = 0.6040, Decision = 0, Drift = 0.0000
Current target domain: sketch
Round 71 took 5.849406957626343 seconds
Round 71: Accuracy = 0.6040, Decision = 0, Drift = 0.0000
Current target domain: sketch
Round 72 took 5.7320473194122314 seconds
Round 72: Accuracy = 0.6040, Decision = 0, Drift = 0.0000
Current target domain: sketch
Round 73 took 5.728283643722534 seconds
Round 73: Accuracy = 0.6040, Decision = 0, Drift = 0.0000
Current target domain: sketch
Round 74 took 5.701598882675171 seconds
Round 74: Accuracy = 0.6040, Decision = 0, Drift = 0.0000
Current target domain: sketch
Round 75 took 5.865632772445679 seconds
Round 75: Accuracy = 0.6040, Decision = 0, Drift = 0.0000
Current target domain: sketch
Round 76 took 5.858771324157715 seconds
Round 76: Accuracy = 0.6040, Decision = 0, Drift = 0.0000
Current target domain: sketch
Round 77 took 5.673461675643921 seconds
Round 77: Accuracy = 0.6040, Decision = 0, Drift = 0.0000
Current target domain: sketch
Round 78 took 5.675311803817749 seconds
Round 78: Accuracy = 0.6040, Decision = 0, Drift = 0.0000
Current target domain: sketch
Round 79 took 5.824650526046753 seconds
Round 79: Accuracy = 0.6040, Decision = 0, Drift = 0.0000
Current target domain: sketch
Round 80 took 5.832711458206177 seconds
Round 80: Accuracy = 0.6040, Decision = 0, Drift = 0.0000
Current target domain: sketch
Round 81 took 5.8116278648376465 seconds
Round 81: Accuracy = 0.6040, Decision = 0, Drift = 0.0000
Current target domain: sketch
Round 82 took 5.8885416984558105 seconds
Round 82: Accuracy = 0.6040, Decision = 0, Drift = 0.0000
Current target domain: sketch
Round 83 took 5.846304655075073 seconds
Round 83: Accuracy = 0.6040, Decision = 0, Drift = 0.0000
Current target domain: sketch
Round 84 took 5.8498711585998535 seconds
Round 84: Accuracy = 0.6040, Decision = 0, Drift = 0.0000
Current target domain: sketch
Round 85 took 5.742530345916748 seconds
Round 85: Accuracy = 0.6040, Decision = 0, Drift = 0.0000
Current target domain: sketch
Round 86 took 5.701156377792358 seconds
Round 86: Accuracy = 0.6040, Decision = 0, Drift = 0.0000
Current target domain: sketch
Round 87 took 5.862043142318726 seconds
Round 87: Accuracy = 0.6040, Decision = 0, Drift = 0.0000
Current target domain: sketch
Round 88 took 5.863707065582275 seconds
Round 88: Accuracy = 0.6040, Decision = 0, Drift = 0.0000
Current target domain: sketch
Round 89 took 5.6624274253845215 seconds
Round 89: Accuracy = 0.6040, Decision = 0, Drift = 0.0000
Current target domain: sketch
Round 90 took 5.840925931930542 seconds
Round 90: Accuracy = 0.6040, Decision = 0, Drift = 0.0000
Current target domain: sketch
Round 91 took 5.836996555328369 seconds
Round 91: Accuracy = 0.6040, Decision = 0, Drift = 0.0000
Current target domain: sketch
Round 92 took 5.849442481994629 seconds
Round 92: Accuracy = 0.6040, Decision = 0, Drift = 0.0000
Current target domain: sketch
Round 93 took 5.736222743988037 seconds
Round 93: Accuracy = 0.6040, Decision = 0, Drift = 0.0000
Current target domain: sketch
Round 94 took 5.879887104034424 seconds
Round 94: Accuracy = 0.6040, Decision = 0, Drift = 0.0000
Current target domain: sketch
Round 95 took 5.869646072387695 seconds
Round 95: Accuracy = 0.6040, Decision = 0, Drift = 0.0000
Current target domain: sketch
Round 96 took 5.801623821258545 seconds
Round 96: Accuracy = 0.6040, Decision = 0, Drift = 0.0000
Current target domain: sketch
Round 97 took 5.841106414794922 seconds
Round 97: Accuracy = 0.6040, Decision = 0, Drift = 0.0000
Current target domain: sketch
Round 98 took 5.712968826293945 seconds
Round 98: Accuracy = 0.6040, Decision = 0, Drift = 0.0000
Current target domain: sketch
Round 99 took 5.836410045623779 seconds
Round 99: Accuracy = 0.6040, Decision = 0, Drift = 0.0000
Current target domain: sketch
Epoch 1/10, Loss: 0.9227
Epoch 2/10, Loss: 0.7953
Epoch 3/10, Loss: 0.7027
Epoch 4/10, Loss: 0.6523
Epoch 5/10, Loss: 0.5638
Epoch 6/10, Loss: 0.5837
Epoch 7/10, Loss: 0.4953
Epoch 8/10, Loss: 0.4979
Epoch 9/10, Loss: 0.5508
Epoch 10/10, Loss: 0.5999
Round 100 took 75.81022000312805 seconds
Round 100: Accuracy = 0.5578, Decision = 1, Drift = 0.5000
Current target domain: cartoon
Round 101 took 13.993179559707642 seconds
Round 101: Accuracy = 0.6077, Decision = 0, Drift = 0.5000
Current target domain: cartoon
Round 102 took 8.431387662887573 seconds
Round 102: Accuracy = 0.6077, Decision = 0, Drift = 0.0000
Current target domain: cartoon
Round 103 took 8.496968269348145 seconds
Round 103: Accuracy = 0.6077, Decision = 0, Drift = 0.0000
Current target domain: cartoon
Round 104 took 8.44059944152832 seconds
Round 104: Accuracy = 0.6077, Decision = 0, Drift = 0.0000
Current target domain: cartoon
Round 105 took 8.467278957366943 seconds
Round 105: Accuracy = 0.6077, Decision = 0, Drift = 0.0000
Current target domain: cartoon
Round 106 took 8.515778303146362 seconds
Round 106: Accuracy = 0.6077, Decision = 0, Drift = 0.0000
Current target domain: cartoon
Round 107 took 8.525041818618774 seconds
Round 107: Accuracy = 0.6077, Decision = 0, Drift = 0.0000
Current target domain: cartoon
Round 108 took 8.50539755821228 seconds
Round 108: Accuracy = 0.6077, Decision = 0, Drift = 0.0000
Current target domain: cartoon
Round 109 took 8.47663164138794 seconds
Round 109: Accuracy = 0.6077, Decision = 0, Drift = 0.0000
Current target domain: cartoon
Epoch 1/10, Loss: 0.4569
Epoch 2/10, Loss: 0.4425
Epoch 3/10, Loss: 0.4177
Epoch 4/10, Loss: 0.3995
Epoch 5/10, Loss: 0.3865
Epoch 6/10, Loss: 0.3826
Epoch 7/10, Loss: 0.3707
Epoch 8/10, Loss: 0.3548
Epoch 9/10, Loss: 0.3621
Epoch 10/10, Loss: 0.3337
Round 110 took 71.23651790618896 seconds
Round 110: Accuracy = 0.6077, Decision = 1, Drift = 0.0000
Current target domain: cartoon
Round 111 took 8.574626207351685 seconds
Round 111: Accuracy = 0.6516, Decision = 0, Drift = 0.0000
Current target domain: cartoon
Round 112 took 8.540149927139282 seconds
Round 112: Accuracy = 0.6516, Decision = 0, Drift = 0.0000
Current target domain: cartoon
Round 113 took 8.557749032974243 seconds
Round 113: Accuracy = 0.6516, Decision = 0, Drift = 0.0000
Current target domain: cartoon
Round 114 took 8.528272151947021 seconds
Round 114: Accuracy = 0.6516, Decision = 0, Drift = 0.0000
Current target domain: cartoon
Round 115 took 8.502816915512085 seconds
Round 115: Accuracy = 0.6516, Decision = 0, Drift = 0.0000
Current target domain: cartoon
Round 116 took 8.498524904251099 seconds
Round 116: Accuracy = 0.6516, Decision = 0, Drift = 0.0000
Current target domain: cartoon
Round 117 took 8.454614639282227 seconds
Round 117: Accuracy = 0.6516, Decision = 0, Drift = 0.0000
Current target domain: cartoon
Round 118 took 8.526308059692383 seconds
Round 118: Accuracy = 0.6516, Decision = 0, Drift = 0.0000
Current target domain: cartoon
Round 119 took 8.538016319274902 seconds
Round 119: Accuracy = 0.6516, Decision = 0, Drift = 0.0000
Current target domain: cartoon
Round 120 took 8.544769287109375 seconds
Round 120: Accuracy = 0.6516, Decision = 0, Drift = 0.0000
Current target domain: cartoon
Round 121 took 8.50256872177124 seconds
Round 121: Accuracy = 0.6516, Decision = 0, Drift = 0.0000
Current target domain: cartoon
Round 122 took 8.524291276931763 seconds
Round 122: Accuracy = 0.6516, Decision = 0, Drift = 0.0000
Current target domain: cartoon
Round 123 took 8.465085744857788 seconds
Round 123: Accuracy = 0.6516, Decision = 0, Drift = 0.0000
Current target domain: cartoon
Round 124 took 8.472398519515991 seconds
Round 124: Accuracy = 0.6516, Decision = 0, Drift = 0.0000
Current target domain: cartoon
Round 125 took 8.55034613609314 seconds
Round 125: Accuracy = 0.6516, Decision = 0, Drift = 0.0000
Current target domain: cartoon
Round 126 took 8.540058374404907 seconds
Round 126: Accuracy = 0.6516, Decision = 0, Drift = 0.0000
Current target domain: cartoon
Round 127 took 8.536200761795044 seconds
Round 127: Accuracy = 0.6516, Decision = 0, Drift = 0.0000
Current target domain: cartoon
Round 128 took 8.474137306213379 seconds
Round 128: Accuracy = 0.6516, Decision = 0, Drift = 0.0000
Current target domain: cartoon
Round 129 took 8.528894424438477 seconds
Round 129: Accuracy = 0.6516, Decision = 0, Drift = 0.0000
Current target domain: cartoon
Epoch 1/10, Loss: 0.3353
Epoch 2/10, Loss: 0.3003
Epoch 3/10, Loss: 0.2974
Epoch 4/10, Loss: 0.2920
Epoch 5/10, Loss: 0.2885
Epoch 6/10, Loss: 0.2693
Epoch 7/10, Loss: 0.2673
Epoch 8/10, Loss: 0.2578
Epoch 9/10, Loss: 0.2535
Epoch 10/10, Loss: 0.2428
Round 130 took 71.2454240322113 seconds
Round 130: Accuracy = 0.6516, Decision = 1, Drift = 0.0000
Current target domain: cartoon
Round 131 took 8.596972465515137 seconds
Round 131: Accuracy = 0.6333, Decision = 0, Drift = 0.0000
Current target domain: cartoon
Round 132 took 8.532941102981567 seconds
Round 132: Accuracy = 0.6333, Decision = 0, Drift = 0.0000
Current target domain: cartoon
Round 133 took 8.520984172821045 seconds
Round 133: Accuracy = 0.6333, Decision = 0, Drift = 0.0000
Current target domain: cartoon
Round 134 took 8.480630159378052 seconds
Round 134: Accuracy = 0.6333, Decision = 0, Drift = 0.0000
Current target domain: cartoon
Round 135 took 8.488771200180054 seconds
Round 135: Accuracy = 0.6333, Decision = 0, Drift = 0.0000
Current target domain: cartoon
Round 136 took 8.436561107635498 seconds
Round 136: Accuracy = 0.6333, Decision = 0, Drift = 0.0000
Current target domain: cartoon
Round 137 took 8.498975038528442 seconds
Round 137: Accuracy = 0.6333, Decision = 0, Drift = 0.0000
Current target domain: cartoon
Round 138 took 8.524247646331787 seconds
Round 138: Accuracy = 0.6333, Decision = 0, Drift = 0.0000
Current target domain: cartoon
Round 139 took 8.525692462921143 seconds
Round 139: Accuracy = 0.6333, Decision = 0, Drift = 0.0000
Current target domain: cartoon
Round 140 took 8.481913805007935 seconds
Round 140: Accuracy = 0.6333, Decision = 0, Drift = 0.0000
Current target domain: cartoon
Round 141 took 8.486741781234741 seconds
Round 141: Accuracy = 0.6333, Decision = 0, Drift = 0.0000
Current target domain: cartoon
Round 142 took 8.480981826782227 seconds
Round 142: Accuracy = 0.6333, Decision = 0, Drift = 0.0000
Current target domain: cartoon
Round 143 took 8.458086729049683 seconds
Round 143: Accuracy = 0.6333, Decision = 0, Drift = 0.0000
Current target domain: cartoon
Round 144 took 8.519192695617676 seconds
Round 144: Accuracy = 0.6333, Decision = 0, Drift = 0.0000
Current target domain: cartoon
Epoch 1/10, Loss: 0.2412
Epoch 2/10, Loss: 0.2193
Epoch 3/10, Loss: 0.2204
Epoch 4/10, Loss: 0.2205
Epoch 5/10, Loss: 0.2242
Epoch 6/10, Loss: 0.2044
Epoch 7/10, Loss: 0.1926
Epoch 8/10, Loss: 0.1872
Epoch 9/10, Loss: 0.1794
Epoch 10/10, Loss: 0.1806
Round 145 took 71.37758016586304 seconds
Round 145: Accuracy = 0.6333, Decision = 1, Drift = 0.0000
Current target domain: cartoon
Round 146 took 8.586408615112305 seconds
Round 146: Accuracy = 0.7008, Decision = 0, Drift = 0.0000
Current target domain: cartoon
Round 147 took 8.495673894882202 seconds
Round 147: Accuracy = 0.7008, Decision = 0, Drift = 0.0000
Current target domain: cartoon
Round 148 took 8.493674039840698 seconds
Round 148: Accuracy = 0.7008, Decision = 0, Drift = 0.0000
Current target domain: cartoon
Round 149 took 8.482155323028564 seconds
Round 149: Accuracy = 0.7008, Decision = 0, Drift = 0.0000
Current target domain: cartoon
Round 150 took 8.538357734680176 seconds
Round 150: Accuracy = 0.7008, Decision = 0, Drift = 0.0000
Current target domain: cartoon
Round 151 took 8.544986009597778 seconds
Round 151: Accuracy = 0.7008, Decision = 0, Drift = 0.0000
Current target domain: cartoon
Round 152 took 8.53205943107605 seconds
Round 152: Accuracy = 0.7008, Decision = 0, Drift = 0.0000
Current target domain: cartoon
Round 153 took 8.475712299346924 seconds
Round 153: Accuracy = 0.7008, Decision = 0, Drift = 0.0000
Current target domain: cartoon
Round 154 took 8.517199993133545 seconds
Round 154: Accuracy = 0.7008, Decision = 0, Drift = 0.0000
Current target domain: cartoon
Round 155 took 8.456182956695557 seconds
Round 155: Accuracy = 0.7008, Decision = 0, Drift = 0.0000
Current target domain: cartoon
Round 156 took 8.464951038360596 seconds
Round 156: Accuracy = 0.7008, Decision = 0, Drift = 0.0000
Current target domain: cartoon
Round 157 took 8.533292770385742 seconds
Round 157: Accuracy = 0.7008, Decision = 0, Drift = 0.0000
Current target domain: cartoon
Round 158 took 8.529871702194214 seconds
Round 158: Accuracy = 0.7008, Decision = 0, Drift = 0.0000
Current target domain: cartoon
Round 159 took 8.499755382537842 seconds
Round 159: Accuracy = 0.7008, Decision = 0, Drift = 0.0000
Current target domain: cartoon
Round 160 took 13.370584726333618 seconds
Round 160: Accuracy = 0.7008, Decision = 0, Drift = 0.5000
Current target domain: photo
No available target samples left. Reusing existing target indices.
No available target samples left. Reusing existing target indices.
Round 161 took 13.126258134841919 seconds
Round 161: Accuracy = 0.7008, Decision = 0, Drift = 0.5000
Current target domain: photo
Round 162 took 8.51379919052124 seconds
Round 162: Accuracy = 0.7008, Decision = 0, Drift = 0.0000
Current target domain: photo
Round 163 took 8.531888961791992 seconds
Round 163: Accuracy = 0.7008, Decision = 0, Drift = 0.0000
Current target domain: photo
Round 164 took 8.514589309692383 seconds
Round 164: Accuracy = 0.7008, Decision = 0, Drift = 0.0000
Current target domain: photo
Round 165 took 8.487243175506592 seconds
Round 165: Accuracy = 0.7008, Decision = 0, Drift = 0.0000
Current target domain: photo
Round 166 took 8.507176399230957 seconds
Round 166: Accuracy = 0.7008, Decision = 0, Drift = 0.0000
Current target domain: photo
Round 167 took 8.473631620407104 seconds
Round 167: Accuracy = 0.7008, Decision = 0, Drift = 0.0000
Current target domain: photo
Epoch 1/10, Loss: 0.1726
Epoch 2/10, Loss: 0.1850
Epoch 3/10, Loss: 0.1713
Epoch 4/10, Loss: 0.1587
Epoch 5/10, Loss: 0.1592
Epoch 6/10, Loss: 0.1482
Epoch 7/10, Loss: 0.1506
Epoch 8/10, Loss: 0.1464
Epoch 9/10, Loss: 0.1445
Epoch 10/10, Loss: 0.1343
Round 168 took 71.27420926094055 seconds
Round 168: Accuracy = 0.7008, Decision = 1, Drift = 0.0000
Current target domain: photo
Round 169 took 8.61698842048645 seconds
Round 169: Accuracy = 0.6905, Decision = 0, Drift = 0.0000
Current target domain: photo
Round 170 took 8.520585775375366 seconds
Round 170: Accuracy = 0.6905, Decision = 0, Drift = 0.0000
Current target domain: photo
Round 171 took 8.479372024536133 seconds
Round 171: Accuracy = 0.6905, Decision = 0, Drift = 0.0000
Current target domain: photo
Round 172 took 8.517193078994751 seconds
Round 172: Accuracy = 0.6905, Decision = 0, Drift = 0.0000
Current target domain: photo
Round 173 took 8.454907417297363 seconds
Round 173: Accuracy = 0.6905, Decision = 0, Drift = 0.0000
Current target domain: photo
Round 174 took 8.474976301193237 seconds
Round 174: Accuracy = 0.6905, Decision = 0, Drift = 0.0000
Current target domain: photo
Round 175 took 8.54628610610962 seconds
Round 175: Accuracy = 0.6905, Decision = 0, Drift = 0.0000
Current target domain: photo
Round 176 took 8.549083709716797 seconds
Round 176: Accuracy = 0.6905, Decision = 0, Drift = 0.0000
Current target domain: photo
Round 177 took 8.52571439743042 seconds
Round 177: Accuracy = 0.6905, Decision = 0, Drift = 0.0000
Current target domain: photo
Round 178 took 8.454349517822266 seconds
Round 178: Accuracy = 0.6905, Decision = 0, Drift = 0.0000
Current target domain: photo
Epoch 1/10, Loss: 0.1350
Epoch 2/10, Loss: 0.1285
Epoch 3/10, Loss: 0.1261
Epoch 4/10, Loss: 0.1276
Epoch 5/10, Loss: 0.1277
Epoch 6/10, Loss: 0.1177
Epoch 7/10, Loss: 0.1169
Epoch 8/10, Loss: 0.1104
Epoch 9/10, Loss: 0.1201
Epoch 10/10, Loss: 0.1102
Round 179 took 71.30790877342224 seconds
Round 179: Accuracy = 0.6905, Decision = 1, Drift = 0.0000
Current target domain: photo
Round 180 took 8.538128852844238 seconds
Round 180: Accuracy = 0.6723, Decision = 0, Drift = 0.0000
Current target domain: photo
Round 181 took 8.542908430099487 seconds
Round 181: Accuracy = 0.6723, Decision = 0, Drift = 0.0000
Current target domain: photo
Round 182 took 8.554261445999146 seconds
Round 182: Accuracy = 0.6723, Decision = 0, Drift = 0.0000
Current target domain: photo
Round 183 took 8.532358169555664 seconds
Round 183: Accuracy = 0.6723, Decision = 0, Drift = 0.0000
Current target domain: photo
Round 184 took 8.494231462478638 seconds
Round 184: Accuracy = 0.6723, Decision = 0, Drift = 0.0000
Current target domain: photo
Round 185 took 8.464599132537842 seconds
Round 185: Accuracy = 0.6723, Decision = 0, Drift = 0.0000
Current target domain: photo
Round 186 took 8.451398849487305 seconds
Round 186: Accuracy = 0.6723, Decision = 0, Drift = 0.0000
Current target domain: photo
Round 187 took 8.49386191368103 seconds
Round 187: Accuracy = 0.6723, Decision = 0, Drift = 0.0000
Current target domain: photo
Round 188 took 8.538732767105103 seconds
Round 188: Accuracy = 0.6723, Decision = 0, Drift = 0.0000
Current target domain: photo
Epoch 1/10, Loss: 0.1092
Epoch 2/10, Loss: 0.1054
Epoch 3/10, Loss: 0.1004
Epoch 4/10, Loss: 0.0971
Epoch 5/10, Loss: 0.1045
Epoch 6/10, Loss: 0.1015
Epoch 7/10, Loss: 0.0914
Epoch 8/10, Loss: 0.0916
Epoch 9/10, Loss: 0.0960
Epoch 10/10, Loss: 0.0906
Round 189 took 71.31892275810242 seconds
Round 189: Accuracy = 0.6723, Decision = 1, Drift = 0.0000
Current target domain: photo
Round 190 took 8.533943891525269 seconds
Round 190: Accuracy = 0.6580, Decision = 0, Drift = 0.0000
Current target domain: photo
Round 191 took 8.478006601333618 seconds
Round 191: Accuracy = 0.6580, Decision = 0, Drift = 0.0000
Current target domain: photo
Round 192 took 8.445584058761597 seconds
Round 192: Accuracy = 0.6580, Decision = 0, Drift = 0.0000
Current target domain: photo
Round 193 took 8.516620874404907 seconds
Round 193: Accuracy = 0.6580, Decision = 0, Drift = 0.0000
Current target domain: photo
Round 194 took 8.536745071411133 seconds
Round 194: Accuracy = 0.6580, Decision = 0, Drift = 0.0000
Current target domain: photo
Round 195 took 8.542606115341187 seconds
Round 195: Accuracy = 0.6580, Decision = 0, Drift = 0.0000
Current target domain: photo
Round 196 took 8.505038976669312 seconds
Round 196: Accuracy = 0.6580, Decision = 0, Drift = 0.0000
Current target domain: photo
Round 197 took 8.484461307525635 seconds
Round 197: Accuracy = 0.6580, Decision = 0, Drift = 0.0000
Current target domain: photo
Round 198 took 8.476841926574707 seconds
Round 198: Accuracy = 0.6580, Decision = 0, Drift = 0.0000
Current target domain: photo
Epoch 1/10, Loss: 0.0862
Epoch 2/10, Loss: 0.0803
Epoch 3/10, Loss: 0.0787
Epoch 4/10, Loss: 0.0789
Epoch 5/10, Loss: 0.0765
Epoch 6/10, Loss: 0.0799
Epoch 7/10, Loss: 0.0744
Epoch 8/10, Loss: 0.0736
Epoch 9/10, Loss: 0.0746
Epoch 10/10, Loss: 0.0781
Round 199 took 70.96289443969727 seconds
Round 199: Accuracy = 0.6580, Decision = 1, Drift = 0.0000
Current target domain: photo
Average time per round: 10.930788583755493
Total time: 2186.1577167510986
