Using the latest cached version of the dataset since flwrlabs/pacs couldn't be found on the Hugging Face Hub
Found the latest cached dataset configuration 'default' at /home/apiasecz/.cache/huggingface/datasets/flwrlabs___pacs/default/0.0.0/394113073258ead631f617d2e13bb377c0715c4b (last modified on Wed Jan 29 16:59:35 2025).
Device: cuda
CUDA Version: 12.1
cuDNN Version: 8902
PyTorch Version: 2.3.0

Model used: PACSCNN_4
Initial dataset creation
Initial dataset creation
Initial loss: 0.6921877264976501
<__main__.Policy object at 0x14788d675a00>
0.6921877264976501
Loss historical diff: 0.0; Loss Difference: 0.0, Decision: 0
Round 1 took 0.44260358810424805s, results:
{'t': 0, 'current_accuracy': 0.75, 'current_loss': 0.6601464450359344, 'train_loss': None, 'decision': 0, 'drift_rate': 0.0, 'target_domains': ['photo']}
Loss historical diff: 0.0; Loss Difference: 0.0, Decision: 0
Round 2 took 0.405501127243042s, results:
{'t': 1, 'current_accuracy': 0.75, 'current_loss': 0.6601464450359344, 'train_loss': None, 'decision': 0, 'drift_rate': 0.0, 'target_domains': ['photo']}
Loss historical diff: 0.0; Loss Difference: 0.0, Decision: 0
Round 3 took 0.39690446853637695s, results:
{'t': 2, 'current_accuracy': 0.75, 'current_loss': 0.6601463854312897, 'train_loss': None, 'decision': 0, 'drift_rate': 0.0, 'target_domains': ['photo']}
Loss historical diff: 8.940696716308594e-08; Loss Difference: 0.0, Decision: 0
Round 4 took 0.4185981750488281s, results:
{'t': 3, 'current_accuracy': 0.75, 'current_loss': 0.6601464748382568, 'train_loss': None, 'decision': 0, 'drift_rate': 0.0, 'target_domains': ['photo']}
Loss historical diff: 1.7881393432617188e-07; Loss Difference: 0.0, Decision: 0
Round 5 took 0.3969733715057373s, results:
{'t': 4, 'current_accuracy': 0.75, 'current_loss': 0.660146564245224, 'train_loss': None, 'decision': 0, 'drift_rate': 0.0, 'target_domains': ['photo']}
Loss historical diff: 1.1920928955078125e-07; Loss Difference: 0.0, Decision: 0
Round 6 took 0.4018104076385498s, results:
{'t': 5, 'current_accuracy': 0.75, 'current_loss': 0.6601465046405792, 'train_loss': None, 'decision': 0, 'drift_rate': 0.0, 'target_domains': ['photo']}
Loss historical diff: 8.940696716308594e-08; Loss Difference: 0.0, Decision: 0
Round 7 took 0.39562416076660156s, results:
{'t': 6, 'current_accuracy': 0.75, 'current_loss': 0.6601464748382568, 'train_loss': None, 'decision': 0, 'drift_rate': 0.0, 'target_domains': ['photo']}
Loss historical diff: 0.0; Loss Difference: 0.0, Decision: 0
Round 8 took 0.3983769416809082s, results:
{'t': 7, 'current_accuracy': 0.75, 'current_loss': 0.6601463854312897, 'train_loss': None, 'decision': 0, 'drift_rate': 0.0, 'target_domains': ['photo']}
Loss historical diff: 5.960464477539063e-08; Loss Difference: 0.0, Decision: 0
Round 9 took 0.3926408290863037s, results:
{'t': 8, 'current_accuracy': 0.75, 'current_loss': 0.6601464450359344, 'train_loss': None, 'decision': 0, 'drift_rate': 0.0, 'target_domains': ['photo']}
Loss historical diff: 2.9802322387695312e-08; Loss Difference: 0.0, Decision: 0
Round 10 took 0.39963555335998535s, results:
{'t': 9, 'current_accuracy': 0.75, 'current_loss': 0.6601464152336121, 'train_loss': None, 'decision': 0, 'drift_rate': 0.0, 'target_domains': ['photo']}
Loss historical diff: 5.960464477539063e-08; Loss Difference: 0.0, Decision: 0
Round 11 took 0.3948965072631836s, results:
{'t': 10, 'current_accuracy': 0.75, 'current_loss': 0.6601464450359344, 'train_loss': None, 'decision': 0, 'drift_rate': 0.0, 'target_domains': ['photo']}
Loss historical diff: 2.9802322387695312e-08; Loss Difference: 0.0, Decision: 0
Round 12 took 0.39670681953430176s, results:
{'t': 11, 'current_accuracy': 0.75, 'current_loss': 0.6601464152336121, 'train_loss': None, 'decision': 0, 'drift_rate': 0.0, 'target_domains': ['photo']}
Loss historical diff: 2.9802322387695312e-08; Loss Difference: 0.0, Decision: 0
Round 13 took 0.39455556869506836s, results:
{'t': 12, 'current_accuracy': 0.75, 'current_loss': 0.6601464152336121, 'train_loss': None, 'decision': 0, 'drift_rate': 0.0, 'target_domains': ['photo']}
Loss historical diff: 8.940696716308594e-08; Loss Difference: 0.0, Decision: 0
Round 14 took 0.3992938995361328s, results:
{'t': 13, 'current_accuracy': 0.75, 'current_loss': 0.6601464748382568, 'train_loss': None, 'decision': 0, 'drift_rate': 0.0, 'target_domains': ['photo']}
Loss historical diff: 0.0; Loss Difference: 0.0, Decision: 0
Round 15 took 0.39461517333984375s, results:
{'t': 14, 'current_accuracy': 0.75, 'current_loss': 0.6601463854312897, 'train_loss': None, 'decision': 0, 'drift_rate': 0.0, 'target_domains': ['photo']}
Loss historical diff: 8.940696716308594e-08; Loss Difference: 0.0, Decision: 0
Round 16 took 0.39615654945373535s, results:
{'t': 15, 'current_accuracy': 0.75, 'current_loss': 0.6601464748382568, 'train_loss': None, 'decision': 0, 'drift_rate': 0.0, 'target_domains': ['photo']}
Loss historical diff: 1.1920928955078125e-07; Loss Difference: 0.0, Decision: 0
Round 17 took 0.3960897922515869s, results:
{'t': 16, 'current_accuracy': 0.75, 'current_loss': 0.6601465046405792, 'train_loss': None, 'decision': 0, 'drift_rate': 0.0, 'target_domains': ['photo']}
Loss historical diff: 1.4901161193847656e-07; Loss Difference: 0.0, Decision: 0
Round 18 took 0.39527034759521484s, results:
{'t': 17, 'current_accuracy': 0.75, 'current_loss': 0.6601465344429016, 'train_loss': None, 'decision': 0, 'drift_rate': 0.0, 'target_domains': ['photo']}
Loss historical diff: 0.0; Loss Difference: 0.0, Decision: 0
Round 19 took 0.422565221786499s, results:
{'t': 18, 'current_accuracy': 0.75, 'current_loss': 0.6601463854312897, 'train_loss': None, 'decision': 0, 'drift_rate': 0.0, 'target_domains': ['photo']}
Loss historical diff: 1.1920928955078125e-07; Loss Difference: 0.0, Decision: 0
Round 20 took 0.4081883430480957s, results:
{'t': 19, 'current_accuracy': 0.75, 'current_loss': 0.6601465046405792, 'train_loss': None, 'decision': 0, 'drift_rate': 0.0, 'target_domains': ['photo']}
Loss historical diff: 0.0; Loss Difference: 0.0, Decision: 0
Round 21 took 0.39888978004455566s, results:
{'t': 20, 'current_accuracy': 0.75, 'current_loss': 0.6601463556289673, 'train_loss': None, 'decision': 0, 'drift_rate': 0.0, 'target_domains': ['photo']}
Loss historical diff: 0.0; Loss Difference: 0.0, Decision: 0
Round 22 took 0.3940563201904297s, results:
{'t': 21, 'current_accuracy': 0.75, 'current_loss': 0.6601463258266449, 'train_loss': None, 'decision': 0, 'drift_rate': 0.0, 'target_domains': ['photo']}
Loss historical diff: 2.682209014892578e-07; Loss Difference: 0.0, Decision: 0
Round 23 took 0.3960270881652832s, results:
{'t': 22, 'current_accuracy': 0.75, 'current_loss': 0.6601465940475464, 'train_loss': None, 'decision': 0, 'drift_rate': 0.0, 'target_domains': ['photo']}
Loss historical diff: 1.1920928955078125e-07; Loss Difference: 0.0, Decision: 0
Round 24 took 0.3948338031768799s, results:
{'t': 23, 'current_accuracy': 0.75, 'current_loss': 0.6601464450359344, 'train_loss': None, 'decision': 0, 'drift_rate': 0.0, 'target_domains': ['photo']}
Loss historical diff: 0.0; Loss Difference: 0.0, Decision: 0
Round 25 took 0.3978593349456787s, results:
{'t': 24, 'current_accuracy': 0.75, 'current_loss': 0.6601463258266449, 'train_loss': None, 'decision': 0, 'drift_rate': 0.0, 'target_domains': ['photo']}
Loss historical diff: 1.1920928955078125e-07; Loss Difference: 0.0, Decision: 0
Round 26 took 0.39643025398254395s, results:
{'t': 25, 'current_accuracy': 0.75, 'current_loss': 0.6601464450359344, 'train_loss': None, 'decision': 0, 'drift_rate': 0.0, 'target_domains': ['photo']}
Loss historical diff: 1.1920928955078125e-07; Loss Difference: 0.0, Decision: 0
Round 27 took 0.3981609344482422s, results:
{'t': 26, 'current_accuracy': 0.75, 'current_loss': 0.6601464450359344, 'train_loss': None, 'decision': 0, 'drift_rate': 0.0, 'target_domains': ['photo']}
Loss historical diff: 0.0; Loss Difference: 0.0, Decision: 0
Round 28 took 0.39598703384399414s, results:
{'t': 27, 'current_accuracy': 0.75, 'current_loss': 0.6601462960243225, 'train_loss': None, 'decision': 0, 'drift_rate': 0.0, 'target_domains': ['photo']}
Loss historical diff: 8.940696716308594e-08; Loss Difference: 0.0, Decision: 0
Round 29 took 0.399275541305542s, results:
{'t': 28, 'current_accuracy': 0.75, 'current_loss': 0.6601463854312897, 'train_loss': None, 'decision': 0, 'drift_rate': 0.0, 'target_domains': ['photo']}
Loss historical diff: 1.7881393432617188e-07; Loss Difference: 0.0, Decision: 0
Round 30 took 0.39624524116516113s, results:
{'t': 29, 'current_accuracy': 0.75, 'current_loss': 0.6601464748382568, 'train_loss': None, 'decision': 0, 'drift_rate': 0.0, 'target_domains': ['photo']}
Loss historical diff: 0.0; Loss Difference: 0.0, Decision: 0
Round 31 took 0.4006671905517578s, results:
{'t': 30, 'current_accuracy': 0.75, 'current_loss': 0.6601462960243225, 'train_loss': None, 'decision': 0, 'drift_rate': 0.0, 'target_domains': ['photo']}
Loss historical diff: 1.7881393432617188e-07; Loss Difference: 0.0, Decision: 0
Round 32 took 0.3968172073364258s, results:
{'t': 31, 'current_accuracy': 0.75, 'current_loss': 0.6601464748382568, 'train_loss': None, 'decision': 0, 'drift_rate': 0.0, 'target_domains': ['photo']}
Loss historical diff: 5.960464477539063e-08; Loss Difference: 0.0, Decision: 0
Round 33 took 0.400418758392334s, results:
{'t': 32, 'current_accuracy': 0.75, 'current_loss': 0.6601463556289673, 'train_loss': None, 'decision': 0, 'drift_rate': 0.0, 'target_domains': ['photo']}
Loss historical diff: 5.960464477539063e-08; Loss Difference: 0.0, Decision: 0
Round 34 took 0.39689207077026367s, results:
{'t': 33, 'current_accuracy': 0.75, 'current_loss': 0.6601463556289673, 'train_loss': None, 'decision': 0, 'drift_rate': 0.0, 'target_domains': ['photo']}
Loss historical diff: 1.4901161193847656e-07; Loss Difference: 0.0, Decision: 0
Round 35 took 0.39914584159851074s, results:
{'t': 34, 'current_accuracy': 0.75, 'current_loss': 0.6601464450359344, 'train_loss': None, 'decision': 0, 'drift_rate': 0.0, 'target_domains': ['photo']}
Loss historical diff: 3.2782554626464844e-07; Loss Difference: 0.0, Decision: 0
Round 36 took 0.3974795341491699s, results:
{'t': 35, 'current_accuracy': 0.75, 'current_loss': 0.6601466238498688, 'train_loss': None, 'decision': 0, 'drift_rate': 0.0, 'target_domains': ['photo']}
Loss historical diff: 1.7881393432617188e-07; Loss Difference: 0.0, Decision: 0
Round 37 took 0.39810752868652344s, results:
{'t': 36, 'current_accuracy': 0.75, 'current_loss': 0.6601464748382568, 'train_loss': None, 'decision': 0, 'drift_rate': 0.0, 'target_domains': ['photo']}
Loss historical diff: 2.086162567138672e-07; Loss Difference: 0.0, Decision: 0
Round 38 took 0.39530134201049805s, results:
{'t': 37, 'current_accuracy': 0.75, 'current_loss': 0.6601465046405792, 'train_loss': None, 'decision': 0, 'drift_rate': 0.0, 'target_domains': ['photo']}
Loss historical diff: 2.682209014892578e-07; Loss Difference: 0.0, Decision: 0
Round 39 took 0.3980226516723633s, results:
{'t': 38, 'current_accuracy': 0.75, 'current_loss': 0.660146564245224, 'train_loss': None, 'decision': 0, 'drift_rate': 0.0, 'target_domains': ['photo']}
Loss historical diff: 2.682209014892578e-07; Loss Difference: 0.0, Decision: 0
Round 40 took 0.39717721939086914s, results:
{'t': 39, 'current_accuracy': 0.75, 'current_loss': 0.660146564245224, 'train_loss': None, 'decision': 0, 'drift_rate': 0.0, 'target_domains': ['photo']}
Loss historical diff: 2.086162567138672e-07; Loss Difference: 0.0, Decision: 0
Round 41 took 0.39795351028442383s, results:
{'t': 40, 'current_accuracy': 0.75, 'current_loss': 0.6601465046405792, 'train_loss': None, 'decision': 0, 'drift_rate': 0.0, 'target_domains': ['photo']}
Loss historical diff: 1.7881393432617188e-07; Loss Difference: 0.0, Decision: 0
Round 42 took 0.39613795280456543s, results:
{'t': 41, 'current_accuracy': 0.75, 'current_loss': 0.6601464748382568, 'train_loss': None, 'decision': 0, 'drift_rate': 0.0, 'target_domains': ['photo']}
Loss historical diff: 1.7881393432617188e-07; Loss Difference: 0.0, Decision: 0
Round 43 took 0.39594388008117676s, results:
{'t': 42, 'current_accuracy': 0.75, 'current_loss': 0.6601464748382568, 'train_loss': None, 'decision': 0, 'drift_rate': 0.0, 'target_domains': ['photo']}
Loss historical diff: 1.4901161193847656e-07; Loss Difference: 0.0, Decision: 0
Round 44 took 0.39719295501708984s, results:
{'t': 43, 'current_accuracy': 0.75, 'current_loss': 0.6601464450359344, 'train_loss': None, 'decision': 0, 'drift_rate': 0.0, 'target_domains': ['photo']}
Loss historical diff: 1.1920928955078125e-07; Loss Difference: 0.0, Decision: 0
Round 45 took 0.41971445083618164s, results:
{'t': 44, 'current_accuracy': 0.75, 'current_loss': 0.6601464152336121, 'train_loss': None, 'decision': 0, 'drift_rate': 0.0, 'target_domains': ['photo']}
Loss historical diff: 2.682209014892578e-07; Loss Difference: 0.0, Decision: 0
Round 46 took 0.41579198837280273s, results:
{'t': 45, 'current_accuracy': 0.75, 'current_loss': 0.660146564245224, 'train_loss': None, 'decision': 0, 'drift_rate': 0.0, 'target_domains': ['photo']}
Loss historical diff: 8.940696716308594e-08; Loss Difference: 0.0, Decision: 0
Round 47 took 0.3976156711578369s, results:
{'t': 46, 'current_accuracy': 0.75, 'current_loss': 0.6601463854312897, 'train_loss': None, 'decision': 0, 'drift_rate': 0.0, 'target_domains': ['photo']}
Loss historical diff: 5.960464477539063e-08; Loss Difference: 0.0, Decision: 0
Round 48 took 0.3987283706665039s, results:
{'t': 47, 'current_accuracy': 0.75, 'current_loss': 0.6601463556289673, 'train_loss': None, 'decision': 0, 'drift_rate': 0.0, 'target_domains': ['photo']}
Loss historical diff: 2.682209014892578e-07; Loss Difference: 0.0, Decision: 0
Round 49 took 0.394881010055542s, results:
{'t': 48, 'current_accuracy': 0.75, 'current_loss': 0.660146564245224, 'train_loss': None, 'decision': 0, 'drift_rate': 0.0, 'target_domains': ['photo']}
Loss historical diff: 8.940696716308594e-08; Loss Difference: 0.0, Decision: 0
Round 50 took 0.3957388401031494s, results:
{'t': 49, 'current_accuracy': 0.75, 'current_loss': 0.6601463854312897, 'train_loss': None, 'decision': 0, 'drift_rate': 0.0, 'target_domains': ['photo']}
Loss historical diff: 1.4901161193847656e-07; Loss Difference: 0.0, Decision: 0
Round 51 took 0.3962976932525635s, results:
{'t': 50, 'current_accuracy': 0.75, 'current_loss': 0.6601464450359344, 'train_loss': None, 'decision': 0, 'drift_rate': 0.032, 'target_domains': ['photo']}
Loss historical diff: 1.1920928955078125e-07; Loss Difference: 0.0, Decision: 0
Round 52 took 0.3966217041015625s, results:
{'t': 51, 'current_accuracy': 0.75, 'current_loss': 0.6601464152336121, 'train_loss': None, 'decision': 0, 'drift_rate': 0.032, 'target_domains': ['photo']}
Loss historical diff: 0.0; Loss Difference: 0.0, Decision: 0
Round 53 took 0.39472270011901855s, results:
{'t': 52, 'current_accuracy': 0.75, 'current_loss': 0.6601462960243225, 'train_loss': None, 'decision': 0, 'drift_rate': 0.032, 'target_domains': ['photo']}
Loss historical diff: 2.086162567138672e-07; Loss Difference: 0.0, Decision: 0
Round 54 took 0.3975057601928711s, results:
{'t': 53, 'current_accuracy': 0.75, 'current_loss': 0.6601465046405792, 'train_loss': None, 'decision': 0, 'drift_rate': 0.032, 'target_domains': ['photo']}
Loss historical diff: 1.7881393432617188e-07; Loss Difference: 0.0, Decision: 0
Round 55 took 0.39638495445251465s, results:
{'t': 54, 'current_accuracy': 0.75, 'current_loss': 0.6601464748382568, 'train_loss': None, 'decision': 0, 'drift_rate': 0.032, 'target_domains': ['photo']}
Loss historical diff: 1.7881393432617188e-07; Loss Difference: 0.0, Decision: 0
Round 56 took 0.39638590812683105s, results:
{'t': 55, 'current_accuracy': 0.75, 'current_loss': 0.6601464748382568, 'train_loss': None, 'decision': 0, 'drift_rate': 0.032, 'target_domains': ['photo']}
Loss historical diff: 1.1920928955078125e-07; Loss Difference: 0.0, Decision: 0
Round 57 took 0.3978278636932373s, results:
{'t': 56, 'current_accuracy': 0.75, 'current_loss': 0.6601464152336121, 'train_loss': None, 'decision': 0, 'drift_rate': 0.032, 'target_domains': ['photo']}
Loss historical diff: 2.980232238769531e-07; Loss Difference: 0.0, Decision: 0
Round 58 took 0.3950800895690918s, results:
{'t': 57, 'current_accuracy': 0.75, 'current_loss': 0.6601465940475464, 'train_loss': None, 'decision': 0, 'drift_rate': 0.032, 'target_domains': ['photo']}
Loss historical diff: 1.4901161193847656e-07; Loss Difference: 0.0, Decision: 0
Round 59 took 0.39790987968444824s, results:
{'t': 58, 'current_accuracy': 0.75, 'current_loss': 0.6601464450359344, 'train_loss': None, 'decision': 0, 'drift_rate': 0.032, 'target_domains': ['photo']}
Loss historical diff: 1.4901161193847656e-07; Loss Difference: 0.0, Decision: 0
Round 60 took 0.3957040309906006s, results:
{'t': 59, 'current_accuracy': 0.75, 'current_loss': 0.6601464450359344, 'train_loss': None, 'decision': 0, 'drift_rate': 0.032, 'target_domains': ['photo']}
Loss historical diff: 8.940696716308594e-08; Loss Difference: 0.0, Decision: 0
Round 61 took 0.3961608409881592s, results:
{'t': 60, 'current_accuracy': 0.75, 'current_loss': 0.6601463854312897, 'train_loss': None, 'decision': 0, 'drift_rate': 0.032, 'target_domains': ['photo']}
Loss historical diff: 1.4901161193847656e-07; Loss Difference: 0.0, Decision: 0
Round 62 took 0.39782214164733887s, results:
{'t': 61, 'current_accuracy': 0.75, 'current_loss': 0.6601464450359344, 'train_loss': None, 'decision': 0, 'drift_rate': 0.032, 'target_domains': ['photo']}
Loss historical diff: 1.1920928955078125e-07; Loss Difference: 0.0, Decision: 0
Round 63 took 0.3969001770019531s, results:
{'t': 62, 'current_accuracy': 0.75, 'current_loss': 0.6601464152336121, 'train_loss': None, 'decision': 0, 'drift_rate': 0.032, 'target_domains': ['photo']}
Loss historical diff: 2.384185791015625e-07; Loss Difference: 0.0, Decision: 0
Round 64 took 0.3974289894104004s, results:
{'t': 63, 'current_accuracy': 0.75, 'current_loss': 0.6601465344429016, 'train_loss': None, 'decision': 0, 'drift_rate': 0.032, 'target_domains': ['photo']}
Loss historical diff: 5.960464477539063e-08; Loss Difference: 0.0, Decision: 0
Round 65 took 0.39594340324401855s, results:
{'t': 64, 'current_accuracy': 0.75, 'current_loss': 0.6601463556289673, 'train_loss': None, 'decision': 0, 'drift_rate': 0.032, 'target_domains': ['photo']}
Loss historical diff: 8.940696716308594e-08; Loss Difference: 0.0, Decision: 0
Round 66 took 0.39731693267822266s, results:
{'t': 65, 'current_accuracy': 0.75, 'current_loss': 0.6601463854312897, 'train_loss': None, 'decision': 0, 'drift_rate': 0.032, 'target_domains': ['photo']}
Loss historical diff: 5.960464477539063e-08; Loss Difference: 0.0, Decision: 0
Round 67 took 0.39504075050354004s, results:
{'t': 66, 'current_accuracy': 0.75, 'current_loss': 0.6601463556289673, 'train_loss': None, 'decision': 0, 'drift_rate': 0.032, 'target_domains': ['photo']}
Loss historical diff: 1.7881393432617188e-07; Loss Difference: 0.0, Decision: 0
Round 68 took 0.39301419258117676s, results:
{'t': 67, 'current_accuracy': 0.75, 'current_loss': 0.6601464748382568, 'train_loss': None, 'decision': 0, 'drift_rate': 0.032, 'target_domains': ['photo']}
Loss historical diff: 1.1920928955078125e-07; Loss Difference: 0.0, Decision: 0
Round 69 took 0.39772844314575195s, results:
{'t': 68, 'current_accuracy': 0.75, 'current_loss': 0.6601464152336121, 'train_loss': None, 'decision': 0, 'drift_rate': 0.032, 'target_domains': ['photo']}
Loss historical diff: 1.7881393432617188e-07; Loss Difference: 0.0, Decision: 0
Round 70 took 0.3956131935119629s, results:
{'t': 69, 'current_accuracy': 0.75, 'current_loss': 0.6601464748382568, 'train_loss': None, 'decision': 0, 'drift_rate': 0.032, 'target_domains': ['photo']}
Loss historical diff: 8.940696716308594e-08; Loss Difference: 0.0, Decision: 0
Round 71 took 0.3951752185821533s, results:
{'t': 70, 'current_accuracy': 0.75, 'current_loss': 0.6601463854312897, 'train_loss': None, 'decision': 0, 'drift_rate': 0.032, 'target_domains': ['photo']}
Loss historical diff: 1.1920928955078125e-07; Loss Difference: 0.0, Decision: 0
Round 72 took 0.3966391086578369s, results:
{'t': 71, 'current_accuracy': 0.75, 'current_loss': 0.6601464152336121, 'train_loss': None, 'decision': 0, 'drift_rate': 0.032, 'target_domains': ['photo']}
Loss historical diff: 5.960464477539063e-08; Loss Difference: 0.0, Decision: 0
Round 73 took 0.39493608474731445s, results:
{'t': 72, 'current_accuracy': 0.75, 'current_loss': 0.6601463556289673, 'train_loss': None, 'decision': 0, 'drift_rate': 0.032, 'target_domains': ['photo']}
Loss historical diff: 8.940696716308594e-08; Loss Difference: 0.0, Decision: 0
Round 74 took 0.395768404006958s, results:
{'t': 73, 'current_accuracy': 0.75, 'current_loss': 0.6601463854312897, 'train_loss': None, 'decision': 0, 'drift_rate': 0.032, 'target_domains': ['photo']}
Loss historical diff: 2.9802322387695312e-08; Loss Difference: 0.0, Decision: 0
Round 75 took 0.3950936794281006s, results:
{'t': 74, 'current_accuracy': 0.75, 'current_loss': 0.6601463258266449, 'train_loss': None, 'decision': 0, 'drift_rate': 0.032, 'target_domains': ['photo']}
Loss historical diff: 1.4901161193847656e-07; Loss Difference: 0.0, Decision: 0
Round 76 took 0.40993738174438477s, results:
{'t': 75, 'current_accuracy': 0.75, 'current_loss': 0.6601464450359344, 'train_loss': None, 'decision': 0, 'drift_rate': 0.032, 'target_domains': ['photo']}
Loss historical diff: 2.086162567138672e-07; Loss Difference: 0.0, Decision: 0
Round 77 took 0.4008026123046875s, results:
{'t': 76, 'current_accuracy': 0.75, 'current_loss': 0.6601465046405792, 'train_loss': None, 'decision': 0, 'drift_rate': 0.032, 'target_domains': ['photo']}
Loss historical diff: 2.384185791015625e-07; Loss Difference: 0.0, Decision: 0
Round 78 took 0.4014599323272705s, results:
{'t': 77, 'current_accuracy': 0.75, 'current_loss': 0.6601465344429016, 'train_loss': None, 'decision': 0, 'drift_rate': 0.032, 'target_domains': ['photo']}
Loss historical diff: 1.4901161193847656e-07; Loss Difference: 0.0, Decision: 0
Round 79 took 0.40929293632507324s, results:
{'t': 78, 'current_accuracy': 0.75, 'current_loss': 0.6601464450359344, 'train_loss': None, 'decision': 0, 'drift_rate': 0.032, 'target_domains': ['photo']}
Loss historical diff: 2.9802322387695312e-08; Loss Difference: 0.0, Decision: 0
Round 80 took 0.3954191207885742s, results:
{'t': 79, 'current_accuracy': 0.75, 'current_loss': 0.6601463258266449, 'train_loss': None, 'decision': 0, 'drift_rate': 0.032, 'target_domains': ['photo']}
Loss historical diff: 2.086162567138672e-07; Loss Difference: 0.0, Decision: 0
Round 81 took 0.3950178623199463s, results:
{'t': 80, 'current_accuracy': 0.75, 'current_loss': 0.6601465046405792, 'train_loss': None, 'decision': 0, 'drift_rate': 0.0, 'target_domains': ['photo']}
Loss historical diff: 1.1920928955078125e-07; Loss Difference: 0.0, Decision: 0
Round 82 took 0.3929109573364258s, results:
{'t': 81, 'current_accuracy': 0.75, 'current_loss': 0.6601464152336121, 'train_loss': None, 'decision': 0, 'drift_rate': 0.0, 'target_domains': ['photo']}
Loss historical diff: 1.1920928955078125e-07; Loss Difference: 0.0, Decision: 0
Round 83 took 0.3943808078765869s, results:
{'t': 82, 'current_accuracy': 0.75, 'current_loss': 0.6601464152336121, 'train_loss': None, 'decision': 0, 'drift_rate': 0.0, 'target_domains': ['photo']}
Loss historical diff: 1.4901161193847656e-07; Loss Difference: 0.0, Decision: 0
Round 84 took 0.39656734466552734s, results:
{'t': 83, 'current_accuracy': 0.75, 'current_loss': 0.6601464450359344, 'train_loss': None, 'decision': 0, 'drift_rate': 0.0, 'target_domains': ['photo']}
Loss historical diff: 8.940696716308594e-08; Loss Difference: 0.0, Decision: 0
Round 85 took 0.39534687995910645s, results:
{'t': 84, 'current_accuracy': 0.75, 'current_loss': 0.6601463854312897, 'train_loss': None, 'decision': 0, 'drift_rate': 0.0, 'target_domains': ['photo']}
Loss historical diff: 1.7881393432617188e-07; Loss Difference: 0.0, Decision: 0
Round 86 took 0.3953895568847656s, results:
{'t': 85, 'current_accuracy': 0.75, 'current_loss': 0.6601464748382568, 'train_loss': None, 'decision': 0, 'drift_rate': 0.0, 'target_domains': ['photo']}
Loss historical diff: 1.7881393432617188e-07; Loss Difference: 0.0, Decision: 0
Round 87 took 0.39664506912231445s, results:
{'t': 86, 'current_accuracy': 0.75, 'current_loss': 0.6601464748382568, 'train_loss': None, 'decision': 0, 'drift_rate': 0.0, 'target_domains': ['photo']}
Loss historical diff: 8.940696716308594e-08; Loss Difference: 0.0, Decision: 0
Round 88 took 0.39541053771972656s, results:
{'t': 87, 'current_accuracy': 0.75, 'current_loss': 0.6601463854312897, 'train_loss': None, 'decision': 0, 'drift_rate': 0.0, 'target_domains': ['photo']}
Loss historical diff: 5.960464477539063e-08; Loss Difference: 0.0, Decision: 0
Round 89 took 0.39597606658935547s, results:
{'t': 88, 'current_accuracy': 0.75, 'current_loss': 0.6601463556289673, 'train_loss': None, 'decision': 0, 'drift_rate': 0.0, 'target_domains': ['photo']}
Loss historical diff: 2.384185791015625e-07; Loss Difference: 0.0, Decision: 0
Round 90 took 0.3963899612426758s, results:
{'t': 89, 'current_accuracy': 0.75, 'current_loss': 0.6601465344429016, 'train_loss': None, 'decision': 0, 'drift_rate': 0.0, 'target_domains': ['photo']}
Loss historical diff: 8.940696716308594e-08; Loss Difference: 0.0, Decision: 0
Round 91 took 0.3960690498352051s, results:
{'t': 90, 'current_accuracy': 0.75, 'current_loss': 0.6601463854312897, 'train_loss': None, 'decision': 0, 'drift_rate': 0.0, 'target_domains': ['photo']}
Loss historical diff: 5.960464477539063e-08; Loss Difference: 0.0, Decision: 0
Round 92 took 0.3942906856536865s, results:
{'t': 91, 'current_accuracy': 0.75, 'current_loss': 0.6601463556289673, 'train_loss': None, 'decision': 0, 'drift_rate': 0.0, 'target_domains': ['photo']}
Loss historical diff: 2.9802322387695312e-08; Loss Difference: 0.0, Decision: 0
Round 93 took 0.3973972797393799s, results:
{'t': 92, 'current_accuracy': 0.75, 'current_loss': 0.6601463258266449, 'train_loss': None, 'decision': 0, 'drift_rate': 0.0, 'target_domains': ['photo']}
Loss historical diff: 2.384185791015625e-07; Loss Difference: 0.0, Decision: 0
Round 94 took 0.3945026397705078s, results:
{'t': 93, 'current_accuracy': 0.75, 'current_loss': 0.6601465344429016, 'train_loss': None, 'decision': 0, 'drift_rate': 0.0, 'target_domains': ['photo']}
Loss historical diff: 8.940696716308594e-08; Loss Difference: 0.0, Decision: 0
Round 95 took 0.3947582244873047s, results:
{'t': 94, 'current_accuracy': 0.75, 'current_loss': 0.6601463854312897, 'train_loss': None, 'decision': 0, 'drift_rate': 0.0, 'target_domains': ['photo']}
Loss historical diff: 1.4901161193847656e-07; Loss Difference: 0.0, Decision: 0
Round 96 took 0.3950765132904053s, results:
{'t': 95, 'current_accuracy': 0.75, 'current_loss': 0.6601464450359344, 'train_loss': None, 'decision': 0, 'drift_rate': 0.0, 'target_domains': ['photo']}
Loss historical diff: 1.4901161193847656e-07; Loss Difference: 0.0, Decision: 0
Round 97 took 0.3944838047027588s, results:
{'t': 96, 'current_accuracy': 0.75, 'current_loss': 0.6601464450359344, 'train_loss': None, 'decision': 0, 'drift_rate': 0.0, 'target_domains': ['photo']}
Loss historical diff: 1.1920928955078125e-07; Loss Difference: 0.0, Decision: 0
Round 98 took 0.3948345184326172s, results:
{'t': 97, 'current_accuracy': 0.75, 'current_loss': 0.6601464152336121, 'train_loss': None, 'decision': 0, 'drift_rate': 0.0, 'target_domains': ['photo']}
Loss historical diff: 1.7881393432617188e-07; Loss Difference: 0.0, Decision: 0
Round 99 took 0.39702796936035156s, results:
{'t': 98, 'current_accuracy': 0.75, 'current_loss': 0.6601464748382568, 'train_loss': None, 'decision': 0, 'drift_rate': 0.0, 'target_domains': ['photo']}
Loss historical diff: 2.086162567138672e-07; Loss Difference: 0.0, Decision: 0
Round 100 took 0.3950355052947998s, results:
{'t': 99, 'current_accuracy': 0.75, 'current_loss': 0.6601465046405792, 'train_loss': None, 'decision': 0, 'drift_rate': 0.0, 'target_domains': ['photo']}
Loss historical diff: 1.4901161193847656e-07; Loss Difference: 0.0, Decision: 0
Round 101 took 0.39461231231689453s, results:
{'t': 100, 'current_accuracy': 0.75, 'current_loss': 0.6601464450359344, 'train_loss': None, 'decision': 0, 'drift_rate': 0.0, 'target_domains': ['photo']}
Loss historical diff: 8.940696716308594e-08; Loss Difference: 0.0, Decision: 0
Round 102 took 0.3964998722076416s, results:
{'t': 101, 'current_accuracy': 0.75, 'current_loss': 0.6601463854312897, 'train_loss': None, 'decision': 0, 'drift_rate': 0.0, 'target_domains': ['photo']}
Loss historical diff: 1.1920928955078125e-07; Loss Difference: 0.0, Decision: 0
Round 103 took 0.39514636993408203s, results:
{'t': 102, 'current_accuracy': 0.75, 'current_loss': 0.6601464152336121, 'train_loss': None, 'decision': 0, 'drift_rate': 0.0, 'target_domains': ['photo']}
Loss historical diff: 5.960464477539063e-08; Loss Difference: 0.0, Decision: 0
Round 104 took 0.39432597160339355s, results:
{'t': 103, 'current_accuracy': 0.75, 'current_loss': 0.6601463556289673, 'train_loss': None, 'decision': 0, 'drift_rate': 0.0, 'target_domains': ['photo']}
Loss historical diff: 1.1920928955078125e-07; Loss Difference: 0.0, Decision: 0
Round 105 took 0.39670872688293457s, results:
{'t': 104, 'current_accuracy': 0.75, 'current_loss': 0.6601464152336121, 'train_loss': None, 'decision': 0, 'drift_rate': 0.0, 'target_domains': ['photo']}
Loss historical diff: 5.960464477539063e-08; Loss Difference: 0.0, Decision: 0
Round 106 took 0.3948376178741455s, results:
{'t': 105, 'current_accuracy': 0.75, 'current_loss': 0.6601463556289673, 'train_loss': None, 'decision': 0, 'drift_rate': 0.0, 'target_domains': ['photo']}
Loss historical diff: 1.4901161193847656e-07; Loss Difference: 0.0, Decision: 0
Round 107 took 0.395888090133667s, results:
{'t': 106, 'current_accuracy': 0.75, 'current_loss': 0.6601464450359344, 'train_loss': None, 'decision': 0, 'drift_rate': 0.0, 'target_domains': ['photo']}
Loss historical diff: 2.682209014892578e-07; Loss Difference: 0.0, Decision: 0
Round 108 took 0.3954448699951172s, results:
{'t': 107, 'current_accuracy': 0.75, 'current_loss': 0.660146564245224, 'train_loss': None, 'decision': 0, 'drift_rate': 0.0, 'target_domains': ['photo']}
Loss historical diff: 1.4901161193847656e-07; Loss Difference: 0.0, Decision: 0
Round 109 took 0.3952627182006836s, results:
{'t': 108, 'current_accuracy': 0.75, 'current_loss': 0.6601464450359344, 'train_loss': None, 'decision': 0, 'drift_rate': 0.0, 'target_domains': ['photo']}
Loss historical diff: 1.1920928955078125e-07; Loss Difference: 0.0, Decision: 0
Round 110 took 0.39623045921325684s, results:
{'t': 109, 'current_accuracy': 0.75, 'current_loss': 0.6601464152336121, 'train_loss': None, 'decision': 0, 'drift_rate': 0.0, 'target_domains': ['photo']}
Loss historical diff: 1.1920928955078125e-07; Loss Difference: 0.0, Decision: 0
Round 111 took 0.3939375877380371s, results:
{'t': 110, 'current_accuracy': 0.75, 'current_loss': 0.6601464152336121, 'train_loss': None, 'decision': 0, 'drift_rate': 0.0, 'target_domains': ['photo']}
Loss historical diff: 8.940696716308594e-08; Loss Difference: 0.0, Decision: 0
Round 112 took 0.3947455883026123s, results:
{'t': 111, 'current_accuracy': 0.75, 'current_loss': 0.6601463854312897, 'train_loss': None, 'decision': 0, 'drift_rate': 0.0, 'target_domains': ['photo']}
Loss historical diff: 5.960464477539063e-08; Loss Difference: 0.0, Decision: 0
Round 113 took 0.3962135314941406s, results:
{'t': 112, 'current_accuracy': 0.75, 'current_loss': 0.6601463556289673, 'train_loss': None, 'decision': 0, 'drift_rate': 0.0, 'target_domains': ['photo']}
Loss historical diff: 8.940696716308594e-08; Loss Difference: 0.0, Decision: 0
Round 114 took 0.4302701950073242s, results:
{'t': 113, 'current_accuracy': 0.75, 'current_loss': 0.6601463854312897, 'train_loss': None, 'decision': 0, 'drift_rate': 0.0, 'target_domains': ['photo']}
Loss historical diff: 3.2782554626464844e-07; Loss Difference: 0.0, Decision: 0
Round 115 took 0.4012298583984375s, results:
{'t': 114, 'current_accuracy': 0.75, 'current_loss': 0.6601466238498688, 'train_loss': None, 'decision': 0, 'drift_rate': 0.0, 'target_domains': ['photo']}
Loss historical diff: 1.1920928955078125e-07; Loss Difference: 0.0, Decision: 0
Round 116 took 0.39614248275756836s, results:
{'t': 115, 'current_accuracy': 0.75, 'current_loss': 0.6601464152336121, 'train_loss': None, 'decision': 0, 'drift_rate': 0.0, 'target_domains': ['photo']}
Loss historical diff: 2.086162567138672e-07; Loss Difference: 0.0, Decision: 0
Round 117 took 0.39833569526672363s, results:
{'t': 116, 'current_accuracy': 0.75, 'current_loss': 0.6601465046405792, 'train_loss': None, 'decision': 0, 'drift_rate': 0.0, 'target_domains': ['photo']}
Loss historical diff: 2.384185791015625e-07; Loss Difference: 0.0, Decision: 0
Round 118 took 0.3955190181732178s, results:
{'t': 117, 'current_accuracy': 0.75, 'current_loss': 0.6601465344429016, 'train_loss': None, 'decision': 0, 'drift_rate': 0.0, 'target_domains': ['photo']}
Loss historical diff: 8.940696716308594e-08; Loss Difference: 0.0, Decision: 0
Round 119 took 0.39541101455688477s, results:
{'t': 118, 'current_accuracy': 0.75, 'current_loss': 0.6601463854312897, 'train_loss': None, 'decision': 0, 'drift_rate': 0.0, 'target_domains': ['photo']}
Loss historical diff: 5.960464477539063e-08; Loss Difference: 0.0, Decision: 0
Round 120 took 0.39615702629089355s, results:
{'t': 119, 'current_accuracy': 0.75, 'current_loss': 0.6601463556289673, 'train_loss': None, 'decision': 0, 'drift_rate': 0.0, 'target_domains': ['photo']}
Loss historical diff: 0.0917595624923706; Loss Difference: 0.0, Decision: 1
Average loss over 5 updates: 0.7002
Round 121 took 1.3710377216339111s, results:
{'t': 120, 'current_accuracy': 0.7265625, 'current_loss': 0.7519058585166931, 'train_loss': 0.7001697301864624, 'decision': 1, 'drift_rate': 0.032, 'target_domains': ['cartoon']}
Loss historical diff: 0.0; Loss Difference: 0.0, Decision: 0
Round 122 took 0.3968470096588135s, results:
{'t': 121, 'current_accuracy': 0.7734375, 'current_loss': 0.6446786224842072, 'train_loss': None, 'decision': 0, 'drift_rate': 0.032, 'target_domains': ['cartoon']}
Loss historical diff: 0.03340202569961548; Loss Difference: 0.0, Decision: 0
Round 123 took 0.3939089775085449s, results:
{'t': 122, 'current_accuracy': 0.76171875, 'current_loss': 0.6780806481838226, 'train_loss': None, 'decision': 0, 'drift_rate': 0.032, 'target_domains': ['cartoon']}
Loss historical diff: 0.09474658966064453; Loss Difference: 0.0, Decision: 0
Round 124 took 0.3963165283203125s, results:
{'t': 123, 'current_accuracy': 0.7421875, 'current_loss': 0.7394252121448517, 'train_loss': None, 'decision': 0, 'drift_rate': 0.032, 'target_domains': ['cartoon']}
Loss historical diff: 0.1466725766658783; Loss Difference: 0.0, Decision: 0
Round 125 took 0.3986237049102783s, results:
{'t': 124, 'current_accuracy': 0.73046875, 'current_loss': 0.7913511991500854, 'train_loss': None, 'decision': 0, 'drift_rate': 0.032, 'target_domains': ['cartoon']}
Loss historical diff: 0.26682838797569275; Loss Difference: 0.0, Decision: 1
Average loss over 5 updates: 0.9677
Round 126 took 1.2782416343688965s, results:
{'t': 125, 'current_accuracy': 0.71875, 'current_loss': 0.9115070104598999, 'train_loss': 0.967730724811554, 'decision': 1, 'drift_rate': 0.032, 'target_domains': ['cartoon']}
Loss historical diff: 0.20395895838737488; Loss Difference: 0.0, Decision: 0
Round 127 took 0.3983192443847656s, results:
{'t': 126, 'current_accuracy': 0.70703125, 'current_loss': 0.848637580871582, 'train_loss': None, 'decision': 0, 'drift_rate': 0.032, 'target_domains': ['cartoon']}
Loss historical diff: 0.23516756296157837; Loss Difference: 0.0, Decision: 0
Round 128 took 0.3957796096801758s, results:
{'t': 127, 'current_accuracy': 0.703125, 'current_loss': 0.8798461854457855, 'train_loss': None, 'decision': 0, 'drift_rate': 0.032, 'target_domains': ['cartoon']}
Loss historical diff: 0.2659669518470764; Loss Difference: 0.0, Decision: 0
Round 129 took 0.3972187042236328s, results:
{'t': 128, 'current_accuracy': 0.6953125, 'current_loss': 0.9106455743312836, 'train_loss': None, 'decision': 0, 'drift_rate': 0.032, 'target_domains': ['cartoon']}
Loss historical diff: 0.2866430878639221; Loss Difference: 0.0, Decision: 0
Round 130 took 0.3972761631011963s, results:
{'t': 129, 'current_accuracy': 0.6875, 'current_loss': 0.9313217103481293, 'train_loss': None, 'decision': 0, 'drift_rate': 0.032, 'target_domains': ['cartoon']}
Loss historical diff: 0.32324865460395813; Loss Difference: 0.0, Decision: 0
Round 131 took 0.39636754989624023s, results:
{'t': 130, 'current_accuracy': 0.67578125, 'current_loss': 0.9679272770881653, 'train_loss': None, 'decision': 0, 'drift_rate': 0.032, 'target_domains': ['cartoon']}
Loss historical diff: 0.35745030641555786; Loss Difference: 0.0, Decision: 0
Round 132 took 0.39612722396850586s, results:
{'t': 131, 'current_accuracy': 0.6640625, 'current_loss': 1.002128928899765, 'train_loss': None, 'decision': 0, 'drift_rate': 0.032, 'target_domains': ['cartoon']}
Loss historical diff: 0.40128862857818604; Loss Difference: 0.0, Decision: 0
Round 133 took 0.4001331329345703s, results:
{'t': 132, 'current_accuracy': 0.640625, 'current_loss': 1.0459672510623932, 'train_loss': None, 'decision': 0, 'drift_rate': 0.032, 'target_domains': ['cartoon']}
Loss historical diff: 0.4470941126346588; Loss Difference: 0.0, Decision: 0
Round 134 took 0.3947744369506836s, results:
{'t': 133, 'current_accuracy': 0.62109375, 'current_loss': 1.091772735118866, 'train_loss': None, 'decision': 0, 'drift_rate': 0.032, 'target_domains': ['cartoon']}
Loss historical diff: 0.5005068480968475; Loss Difference: 0.0, Decision: 0
Round 135 took 0.392986536026001s, results:
{'t': 134, 'current_accuracy': 0.6015625, 'current_loss': 1.1451854705810547, 'train_loss': None, 'decision': 0, 'drift_rate': 0.032, 'target_domains': ['cartoon']}
Loss historical diff: 0.5518617928028107; Loss Difference: 0.0, Decision: 0
Round 136 took 0.3974928855895996s, results:
{'t': 135, 'current_accuracy': 0.5859375, 'current_loss': 1.1965404152870178, 'train_loss': None, 'decision': 0, 'drift_rate': 0.032, 'target_domains': ['cartoon']}
Loss historical diff: 0.5783686339855194; Loss Difference: 0.0, Decision: 0
Round 137 took 0.3981332778930664s, results:
{'t': 136, 'current_accuracy': 0.5859375, 'current_loss': 1.2230472564697266, 'train_loss': None, 'decision': 0, 'drift_rate': 0.032, 'target_domains': ['cartoon']}
Loss historical diff: 0.610367089509964; Loss Difference: 0.0, Decision: 0
Round 138 took 0.3983876705169678s, results:
{'t': 137, 'current_accuracy': 0.578125, 'current_loss': 1.2550457119941711, 'train_loss': None, 'decision': 0, 'drift_rate': 0.032, 'target_domains': ['cartoon']}
Loss historical diff: 0.6229375898838043; Loss Difference: 0.0, Decision: 0
Round 139 took 0.3978452682495117s, results:
{'t': 138, 'current_accuracy': 0.57421875, 'current_loss': 1.2676162123680115, 'train_loss': None, 'decision': 0, 'drift_rate': 0.032, 'target_domains': ['cartoon']}
Loss historical diff: 0.676158994436264; Loss Difference: 0.0, Decision: 0
Round 140 took 0.398406982421875s, results:
{'t': 139, 'current_accuracy': 0.55859375, 'current_loss': 1.3208376169204712, 'train_loss': None, 'decision': 0, 'drift_rate': 0.032, 'target_domains': ['cartoon']}
Loss historical diff: 0.7163883745670319; Loss Difference: 0.0, Decision: 0
Round 141 took 0.39603281021118164s, results:
{'t': 140, 'current_accuracy': 0.54296875, 'current_loss': 1.361066997051239, 'train_loss': None, 'decision': 0, 'drift_rate': 0.032, 'target_domains': ['cartoon']}
Loss historical diff: 0.753517359495163; Loss Difference: 0.0, Decision: 0
Round 142 took 0.39602041244506836s, results:
{'t': 141, 'current_accuracy': 0.53125, 'current_loss': 1.3981959819793701, 'train_loss': None, 'decision': 0, 'drift_rate': 0.032, 'target_domains': ['cartoon']}
Loss historical diff: 0.7863372266292572; Loss Difference: 0.0, Decision: 0
Round 143 took 0.39734959602355957s, results:
{'t': 142, 'current_accuracy': 0.5234375, 'current_loss': 1.4310158491134644, 'train_loss': None, 'decision': 0, 'drift_rate': 0.032, 'target_domains': ['cartoon']}
Loss historical diff: 0.819677859544754; Loss Difference: 0.0, Decision: 0
Round 144 took 0.39738917350769043s, results:
{'t': 143, 'current_accuracy': 0.5078125, 'current_loss': 1.4643564820289612, 'train_loss': None, 'decision': 0, 'drift_rate': 0.032, 'target_domains': ['cartoon']}
Loss historical diff: 0.8969301879405975; Loss Difference: 0.0, Decision: 0
Round 145 took 0.39722275733947754s, results:
{'t': 144, 'current_accuracy': 0.48828125, 'current_loss': 1.5416088104248047, 'train_loss': None, 'decision': 0, 'drift_rate': 0.032, 'target_domains': ['cartoon']}
Loss historical diff: 0.9413950145244598; Loss Difference: 0.0, Decision: 0
Round 146 took 0.39707446098327637s, results:
{'t': 145, 'current_accuracy': 0.48046875, 'current_loss': 1.586073637008667, 'train_loss': None, 'decision': 0, 'drift_rate': 0.032, 'target_domains': ['cartoon']}
Loss historical diff: 1.017164021730423; Loss Difference: 0.0, Decision: 0
Round 147 took 0.39777183532714844s, results:
{'t': 146, 'current_accuracy': 0.4609375, 'current_loss': 1.6618426442146301, 'train_loss': None, 'decision': 0, 'drift_rate': 0.032, 'target_domains': ['cartoon']}
Loss historical diff: 1.065676897764206; Loss Difference: 0.0, Decision: 0
Round 148 took 0.39940786361694336s, results:
{'t': 147, 'current_accuracy': 0.4453125, 'current_loss': 1.710355520248413, 'train_loss': None, 'decision': 0, 'drift_rate': 0.032, 'target_domains': ['cartoon']}
Loss historical diff: 1.1246635615825653; Loss Difference: 0.0, Decision: 0
Round 149 took 0.393125057220459s, results:
{'t': 148, 'current_accuracy': 0.421875, 'current_loss': 1.7693421840667725, 'train_loss': None, 'decision': 0, 'drift_rate': 0.032, 'target_domains': ['cartoon']}
Loss historical diff: 1.1541216671466827; Loss Difference: 0.0, Decision: 0
Round 150 took 0.39449286460876465s, results:
{'t': 149, 'current_accuracy': 0.40625, 'current_loss': 1.79880028963089, 'train_loss': None, 'decision': 0, 'drift_rate': 0.032, 'target_domains': ['cartoon']}
Loss historical diff: 1.1541217863559723; Loss Difference: 0.0, Decision: 0
Round 151 took 0.39510631561279297s, results:
{'t': 150, 'current_accuracy': 0.40625, 'current_loss': 1.7988004088401794, 'train_loss': None, 'decision': 0, 'drift_rate': 0.0, 'target_domains': ['cartoon']}
Loss historical diff: 1.1541217267513275; Loss Difference: 0.0, Decision: 0
Round 152 took 0.3935704231262207s, results:
{'t': 151, 'current_accuracy': 0.40625, 'current_loss': 1.7988003492355347, 'train_loss': None, 'decision': 0, 'drift_rate': 0.0, 'target_domains': ['cartoon']}
Loss historical diff: 1.154122143983841; Loss Difference: 0.0, Decision: 0
Round 153 took 0.39470887184143066s, results:
{'t': 152, 'current_accuracy': 0.40625, 'current_loss': 1.798800766468048, 'train_loss': None, 'decision': 0, 'drift_rate': 0.0, 'target_domains': ['cartoon']}
Loss historical diff: 1.1541217267513275; Loss Difference: 0.0, Decision: 0
Round 154 took 0.41737937927246094s, results:
{'t': 153, 'current_accuracy': 0.40625, 'current_loss': 1.7988003492355347, 'train_loss': None, 'decision': 0, 'drift_rate': 0.0, 'target_domains': ['cartoon']}
Loss historical diff: 1.1541219651699066; Loss Difference: 0.0, Decision: 0
Round 155 took 0.39763617515563965s, results:
{'t': 154, 'current_accuracy': 0.40625, 'current_loss': 1.7988005876541138, 'train_loss': None, 'decision': 0, 'drift_rate': 0.0, 'target_domains': ['cartoon']}
Loss historical diff: 1.1541219651699066; Loss Difference: 0.0, Decision: 0
Round 156 took 0.39493346214294434s, results:
{'t': 155, 'current_accuracy': 0.40625, 'current_loss': 1.7988005876541138, 'train_loss': None, 'decision': 0, 'drift_rate': 0.0, 'target_domains': ['cartoon']}
Loss historical diff: 1.1541219055652618; Loss Difference: 0.0, Decision: 0
Round 157 took 0.3940541744232178s, results:
{'t': 156, 'current_accuracy': 0.40625, 'current_loss': 1.798800528049469, 'train_loss': None, 'decision': 0, 'drift_rate': 0.0, 'target_domains': ['cartoon']}
Loss historical diff: 1.154121845960617; Loss Difference: 0.0, Decision: 0
Round 158 took 0.3944871425628662s, results:
{'t': 157, 'current_accuracy': 0.40625, 'current_loss': 1.7988004684448242, 'train_loss': None, 'decision': 0, 'drift_rate': 0.0, 'target_domains': ['cartoon']}
Loss historical diff: 1.154121845960617; Loss Difference: 0.0, Decision: 0
Round 159 took 0.39410877227783203s, results:
{'t': 158, 'current_accuracy': 0.40625, 'current_loss': 1.7988004684448242, 'train_loss': None, 'decision': 0, 'drift_rate': 0.0, 'target_domains': ['cartoon']}
Loss historical diff: 1.1541219055652618; Loss Difference: 0.0, Decision: 0
Round 160 took 0.39632630348205566s, results:
{'t': 159, 'current_accuracy': 0.40625, 'current_loss': 1.798800528049469, 'train_loss': None, 'decision': 0, 'drift_rate': 0.0, 'target_domains': ['cartoon']}
Loss historical diff: 1.1541219055652618; Loss Difference: 0.0, Decision: 0
Round 161 took 0.3966977596282959s, results:
{'t': 160, 'current_accuracy': 0.40625, 'current_loss': 1.798800528049469, 'train_loss': None, 'decision': 0, 'drift_rate': 0.0, 'target_domains': ['cartoon']}
Loss historical diff: 1.1541217267513275; Loss Difference: 0.0, Decision: 0
Round 162 took 0.3966238498687744s, results:
{'t': 161, 'current_accuracy': 0.40625, 'current_loss': 1.7988003492355347, 'train_loss': None, 'decision': 0, 'drift_rate': 0.0, 'target_domains': ['cartoon']}
Loss historical diff: 1.1541214883327484; Loss Difference: 0.0, Decision: 0
Round 163 took 0.393507719039917s, results:
{'t': 162, 'current_accuracy': 0.40625, 'current_loss': 1.7988001108169556, 'train_loss': None, 'decision': 0, 'drift_rate': 0.0, 'target_domains': ['cartoon']}
Loss historical diff: 1.1541214883327484; Loss Difference: 0.0, Decision: 0
Round 164 took 0.39267516136169434s, results:
{'t': 163, 'current_accuracy': 0.40625, 'current_loss': 1.7988001108169556, 'train_loss': None, 'decision': 0, 'drift_rate': 0.0, 'target_domains': ['cartoon']}
Loss historical diff: 1.1541219055652618; Loss Difference: 0.0, Decision: 0
Round 165 took 0.3953208923339844s, results:
{'t': 164, 'current_accuracy': 0.40625, 'current_loss': 1.798800528049469, 'train_loss': None, 'decision': 0, 'drift_rate': 0.0, 'target_domains': ['cartoon']}
Loss historical diff: 1.1541220247745514; Loss Difference: 0.0, Decision: 0
Round 166 took 0.3962745666503906s, results:
{'t': 165, 'current_accuracy': 0.40625, 'current_loss': 1.7988006472587585, 'train_loss': None, 'decision': 0, 'drift_rate': 0.0, 'target_domains': ['cartoon']}
Loss historical diff: 1.1541220843791962; Loss Difference: 0.0, Decision: 0
Round 167 took 0.39423608779907227s, results:
{'t': 166, 'current_accuracy': 0.40625, 'current_loss': 1.7988007068634033, 'train_loss': None, 'decision': 0, 'drift_rate': 0.0, 'target_domains': ['cartoon']}
Loss historical diff: 1.1541217863559723; Loss Difference: 0.0, Decision: 0
Round 168 took 0.3958101272583008s, results:
{'t': 167, 'current_accuracy': 0.40625, 'current_loss': 1.7988004088401794, 'train_loss': None, 'decision': 0, 'drift_rate': 0.0, 'target_domains': ['cartoon']}
Loss historical diff: 1.154121607542038; Loss Difference: 0.0, Decision: 0
Round 169 took 0.39416980743408203s, results:
{'t': 168, 'current_accuracy': 0.40625, 'current_loss': 1.7988002300262451, 'train_loss': None, 'decision': 0, 'drift_rate': 0.0, 'target_domains': ['cartoon']}
Loss historical diff: 1.1541220247745514; Loss Difference: 0.0, Decision: 0
Round 170 took 0.39684391021728516s, results:
{'t': 169, 'current_accuracy': 0.40625, 'current_loss': 1.7988006472587585, 'train_loss': None, 'decision': 0, 'drift_rate': 0.0, 'target_domains': ['cartoon']}
Loss historical diff: 1.1541219055652618; Loss Difference: 0.0, Decision: 0
Round 171 took 0.39559507369995117s, results:
{'t': 170, 'current_accuracy': 0.40625, 'current_loss': 1.798800528049469, 'train_loss': None, 'decision': 0, 'drift_rate': 0.0, 'target_domains': ['cartoon']}
Loss historical diff: 1.154121845960617; Loss Difference: 0.0, Decision: 0
Round 172 took 0.3942568302154541s, results:
{'t': 171, 'current_accuracy': 0.40625, 'current_loss': 1.7988004684448242, 'train_loss': None, 'decision': 0, 'drift_rate': 0.0, 'target_domains': ['cartoon']}
Loss historical diff: 1.1541216671466827; Loss Difference: 0.0, Decision: 0
Round 173 took 0.39464402198791504s, results:
{'t': 172, 'current_accuracy': 0.40625, 'current_loss': 1.79880028963089, 'train_loss': None, 'decision': 0, 'drift_rate': 0.0, 'target_domains': ['cartoon']}
Loss historical diff: 1.1541217863559723; Loss Difference: 0.0, Decision: 0
Round 174 took 0.396068811416626s, results:
{'t': 173, 'current_accuracy': 0.40625, 'current_loss': 1.7988004088401794, 'train_loss': None, 'decision': 0, 'drift_rate': 0.0, 'target_domains': ['cartoon']}
Loss historical diff: 1.1541216671466827; Loss Difference: 0.0, Decision: 0
Round 175 took 0.39579296112060547s, results:
{'t': 174, 'current_accuracy': 0.40625, 'current_loss': 1.79880028963089, 'train_loss': None, 'decision': 0, 'drift_rate': 0.0, 'target_domains': ['cartoon']}
Loss historical diff: 1.1541219055652618; Loss Difference: 0.0, Decision: 0
Round 176 took 0.39392852783203125s, results:
{'t': 175, 'current_accuracy': 0.40625, 'current_loss': 1.798800528049469, 'train_loss': None, 'decision': 0, 'drift_rate': 0.0, 'target_domains': ['cartoon']}
Loss historical diff: 1.1541216671466827; Loss Difference: 0.0, Decision: 0
Round 177 took 0.3954739570617676s, results:
{'t': 176, 'current_accuracy': 0.40625, 'current_loss': 1.79880028963089, 'train_loss': None, 'decision': 0, 'drift_rate': 0.0, 'target_domains': ['cartoon']}
Loss historical diff: 1.1541216671466827; Loss Difference: 0.0, Decision: 0
Round 178 took 0.3924896717071533s, results:
{'t': 177, 'current_accuracy': 0.40625, 'current_loss': 1.79880028963089, 'train_loss': None, 'decision': 0, 'drift_rate': 0.0, 'target_domains': ['cartoon']}
Loss historical diff: 1.154121845960617; Loss Difference: 0.0, Decision: 0
Round 179 took 0.39547228813171387s, results:
{'t': 178, 'current_accuracy': 0.40625, 'current_loss': 1.7988004684448242, 'train_loss': None, 'decision': 0, 'drift_rate': 0.0, 'target_domains': ['cartoon']}
Loss historical diff: 1.1541220247745514; Loss Difference: 0.0, Decision: 0
Round 180 took 0.39585185050964355s, results:
{'t': 179, 'current_accuracy': 0.40625, 'current_loss': 1.7988006472587585, 'train_loss': None, 'decision': 0, 'drift_rate': 0.0, 'target_domains': ['cartoon']}
Loss historical diff: 1.154121845960617; Loss Difference: 0.0, Decision: 0
Round 181 took 0.3969578742980957s, results:
{'t': 180, 'current_accuracy': 0.40625, 'current_loss': 1.7988004684448242, 'train_loss': None, 'decision': 0, 'drift_rate': 0.0, 'target_domains': ['cartoon']}
Loss historical diff: 1.154121607542038; Loss Difference: 0.0, Decision: 0
Round 182 took 0.3960108757019043s, results:
{'t': 181, 'current_accuracy': 0.40625, 'current_loss': 1.7988002300262451, 'train_loss': None, 'decision': 0, 'drift_rate': 0.0, 'target_domains': ['cartoon']}
Loss historical diff: 1.154122143983841; Loss Difference: 0.0, Decision: 0
Round 183 took 0.39894771575927734s, results:
{'t': 182, 'current_accuracy': 0.40625, 'current_loss': 1.798800766468048, 'train_loss': None, 'decision': 0, 'drift_rate': 0.0, 'target_domains': ['cartoon']}
Loss historical diff: 1.1541217267513275; Loss Difference: 0.0, Decision: 0
Round 184 took 0.3966538906097412s, results:
{'t': 183, 'current_accuracy': 0.40625, 'current_loss': 1.7988003492355347, 'train_loss': None, 'decision': 0, 'drift_rate': 0.0, 'target_domains': ['cartoon']}
Loss historical diff: 1.1541217863559723; Loss Difference: 0.0, Decision: 0
Round 185 took 0.39650392532348633s, results:
{'t': 184, 'current_accuracy': 0.40625, 'current_loss': 1.7988004088401794, 'train_loss': None, 'decision': 0, 'drift_rate': 0.0, 'target_domains': ['cartoon']}
Loss historical diff: 1.1541216671466827; Loss Difference: 0.0, Decision: 0
Round 186 took 0.3967878818511963s, results:
{'t': 185, 'current_accuracy': 0.40625, 'current_loss': 1.79880028963089, 'train_loss': None, 'decision': 0, 'drift_rate': 0.0, 'target_domains': ['cartoon']}
Loss historical diff: 1.154121845960617; Loss Difference: 0.0, Decision: 0
Round 187 took 0.3981003761291504s, results:
{'t': 186, 'current_accuracy': 0.40625, 'current_loss': 1.7988004684448242, 'train_loss': None, 'decision': 0, 'drift_rate': 0.0, 'target_domains': ['cartoon']}
Loss historical diff: 1.1541219651699066; Loss Difference: 0.0, Decision: 0
Round 188 took 0.3968992233276367s, results:
{'t': 187, 'current_accuracy': 0.40625, 'current_loss': 1.7988005876541138, 'train_loss': None, 'decision': 0, 'drift_rate': 0.0, 'target_domains': ['cartoon']}
Loss historical diff: 1.1541219651699066; Loss Difference: 0.0, Decision: 0
Round 189 took 0.3968386650085449s, results:
{'t': 188, 'current_accuracy': 0.40625, 'current_loss': 1.7988005876541138, 'train_loss': None, 'decision': 0, 'drift_rate': 0.0, 'target_domains': ['cartoon']}
Loss historical diff: 1.1541219651699066; Loss Difference: 0.0, Decision: 0
Round 190 took 0.3962399959564209s, results:
{'t': 189, 'current_accuracy': 0.40625, 'current_loss': 1.7988005876541138, 'train_loss': None, 'decision': 0, 'drift_rate': 0.0, 'target_domains': ['cartoon']}
Loss historical diff: 1.1654196083545685; Loss Difference: 0.0, Decision: 0
Round 191 took 0.3988535404205322s, results:
{'t': 190, 'current_accuracy': 0.390625, 'current_loss': 1.8100982308387756, 'train_loss': None, 'decision': 0, 'drift_rate': 0.032, 'target_domains': ['sketch']}
Loss historical diff: 1.1897479593753815; Loss Difference: 0.0, Decision: 0
Round 192 took 0.39812803268432617s, results:
{'t': 191, 'current_accuracy': 0.375, 'current_loss': 1.8344265818595886, 'train_loss': None, 'decision': 0, 'drift_rate': 0.032, 'target_domains': ['sketch']}
Loss historical diff: 1.187587708234787; Loss Difference: 0.0, Decision: 0
Round 193 took 0.39648938179016113s, results:
{'t': 192, 'current_accuracy': 0.375, 'current_loss': 1.8322663307189941, 'train_loss': None, 'decision': 0, 'drift_rate': 0.032, 'target_domains': ['sketch']}
Loss historical diff: 1.2026169002056122; Loss Difference: 0.0, Decision: 0
Round 194 took 0.39670324325561523s, results:
{'t': 193, 'current_accuracy': 0.36328125, 'current_loss': 1.8472955226898193, 'train_loss': None, 'decision': 0, 'drift_rate': 0.032, 'target_domains': ['sketch']}
Loss historical diff: 1.225509911775589; Loss Difference: 0.0, Decision: 0
Round 195 took 0.3989732265472412s, results:
{'t': 194, 'current_accuracy': 0.34375, 'current_loss': 1.8701885342597961, 'train_loss': None, 'decision': 0, 'drift_rate': 0.032, 'target_domains': ['sketch']}
Loss historical diff: 1.2276701033115387; Loss Difference: 0.0, Decision: 0
Round 196 took 0.3984560966491699s, results:
{'t': 195, 'current_accuracy': 0.33984375, 'current_loss': 1.8723487257957458, 'train_loss': None, 'decision': 0, 'drift_rate': 0.032, 'target_domains': ['sketch']}
Loss historical diff: 1.2399382889270782; Loss Difference: 0.0, Decision: 0
Round 197 took 0.3977692127227783s, results:
{'t': 196, 'current_accuracy': 0.328125, 'current_loss': 1.8846169114112854, 'train_loss': None, 'decision': 0, 'drift_rate': 0.032, 'target_domains': ['sketch']}
Loss historical diff: 1.220577210187912; Loss Difference: 0.0, Decision: 0
Round 198 took 0.397327184677124s, results:
{'t': 197, 'current_accuracy': 0.3359375, 'current_loss': 1.8652558326721191, 'train_loss': None, 'decision': 0, 'drift_rate': 0.032, 'target_domains': ['sketch']}
Loss historical diff: 1.1813466250896454; Loss Difference: 0.0, Decision: 0
Round 199 took 0.39780330657958984s, results:
{'t': 198, 'current_accuracy': 0.3359375, 'current_loss': 1.8260252475738525, 'train_loss': None, 'decision': 0, 'drift_rate': 0.032, 'target_domains': ['sketch']}
Loss historical diff: 1.1887173354625702; Loss Difference: 0.0, Decision: 0
Round 200 took 0.3982117176055908s, results:
{'t': 199, 'current_accuracy': 0.328125, 'current_loss': 1.8333959579467773, 'train_loss': None, 'decision': 0, 'drift_rate': 0.032, 'target_domains': ['sketch']}
Loss historical diff: 1.1914825737476349; Loss Difference: 0.0, Decision: 0
Round 201 took 0.39880800247192383s, results:
{'t': 200, 'current_accuracy': 0.32421875, 'current_loss': 1.836161196231842, 'train_loss': None, 'decision': 0, 'drift_rate': 0.032, 'target_domains': ['sketch']}
Loss historical diff: 1.194056898355484; Loss Difference: 0.0, Decision: 0
Round 202 took 0.3983638286590576s, results:
{'t': 201, 'current_accuracy': 0.3203125, 'current_loss': 1.8387355208396912, 'train_loss': None, 'decision': 0, 'drift_rate': 0.032, 'target_domains': ['sketch']}
Loss historical diff: 1.1867805421352386; Loss Difference: 0.0, Decision: 0
Round 203 took 0.3973109722137451s, results:
{'t': 202, 'current_accuracy': 0.32421875, 'current_loss': 1.8314591646194458, 'train_loss': None, 'decision': 0, 'drift_rate': 0.032, 'target_domains': ['sketch']}
Loss historical diff: 1.1708362400531769; Loss Difference: 0.0, Decision: 0
Round 204 took 0.39798521995544434s, results:
{'t': 203, 'current_accuracy': 0.30859375, 'current_loss': 1.815514862537384, 'train_loss': None, 'decision': 0, 'drift_rate': 0.032, 'target_domains': ['sketch']}
Loss historical diff: 1.1866922676563263; Loss Difference: 0.0, Decision: 0
Round 205 took 0.3964245319366455s, results:
{'t': 204, 'current_accuracy': 0.30078125, 'current_loss': 1.8313708901405334, 'train_loss': None, 'decision': 0, 'drift_rate': 0.032, 'target_domains': ['sketch']}
Loss historical diff: 1.2072831094264984; Loss Difference: 0.0, Decision: 0
Round 206 took 0.3982093334197998s, results:
{'t': 205, 'current_accuracy': 0.296875, 'current_loss': 1.8519617319107056, 'train_loss': None, 'decision': 0, 'drift_rate': 0.032, 'target_domains': ['sketch']}
Loss historical diff: 1.228587955236435; Loss Difference: 0.0, Decision: 0
Round 207 took 0.39548158645629883s, results:
{'t': 206, 'current_accuracy': 0.29296875, 'current_loss': 1.873266577720642, 'train_loss': None, 'decision': 0, 'drift_rate': 0.032, 'target_domains': ['sketch']}
Loss historical diff: 1.2506293952465057; Loss Difference: 0.0, Decision: 0
Round 208 took 0.420147180557251s, results:
{'t': 207, 'current_accuracy': 0.27734375, 'current_loss': 1.895308017730713, 'train_loss': None, 'decision': 0, 'drift_rate': 0.032, 'target_domains': ['sketch']}
Loss historical diff: 1.2813147604465485; Loss Difference: 0.0, Decision: 0
Round 209 took 0.4000842571258545s, results:
{'t': 208, 'current_accuracy': 0.26953125, 'current_loss': 1.9259933829307556, 'train_loss': None, 'decision': 0, 'drift_rate': 0.032, 'target_domains': ['sketch']}
Loss historical diff: 1.270149439573288; Loss Difference: 0.0, Decision: 0
Round 210 took 0.39702844619750977s, results:
{'t': 209, 'current_accuracy': 0.26953125, 'current_loss': 1.9148280620574951, 'train_loss': None, 'decision': 0, 'drift_rate': 0.032, 'target_domains': ['sketch']}
Loss historical diff: 1.2482379376888275; Loss Difference: 0.0, Decision: 0
Round 211 took 0.3956277370452881s, results:
{'t': 210, 'current_accuracy': 0.2734375, 'current_loss': 1.8929165601730347, 'train_loss': None, 'decision': 0, 'drift_rate': 0.032, 'target_domains': ['sketch']}
Loss historical diff: 1.255821853876114; Loss Difference: 0.0, Decision: 0
Round 212 took 0.3983745574951172s, results:
{'t': 211, 'current_accuracy': 0.265625, 'current_loss': 1.900500476360321, 'train_loss': None, 'decision': 0, 'drift_rate': 0.032, 'target_domains': ['sketch']}
Loss historical diff: 1.2777917087078094; Loss Difference: 0.0, Decision: 0
Round 213 took 0.3970208168029785s, results:
{'t': 212, 'current_accuracy': 0.25390625, 'current_loss': 1.9224703311920166, 'train_loss': None, 'decision': 0, 'drift_rate': 0.032, 'target_domains': ['sketch']}
Loss historical diff: 1.2629443109035492; Loss Difference: 0.0, Decision: 0
Round 214 took 0.3970634937286377s, results:
{'t': 213, 'current_accuracy': 0.2578125, 'current_loss': 1.9076229333877563, 'train_loss': None, 'decision': 0, 'drift_rate': 0.032, 'target_domains': ['sketch']}
Loss historical diff: 1.2625640332698822; Loss Difference: 0.0, Decision: 0
Round 215 took 0.3957240581512451s, results:
{'t': 214, 'current_accuracy': 0.25390625, 'current_loss': 1.9072426557540894, 'train_loss': None, 'decision': 0, 'drift_rate': 0.032, 'target_domains': ['sketch']}
Loss historical diff: 1.2843449413776398; Loss Difference: 0.0, Decision: 0
Round 216 took 0.395688533782959s, results:
{'t': 215, 'current_accuracy': 0.24609375, 'current_loss': 1.929023563861847, 'train_loss': None, 'decision': 0, 'drift_rate': 0.032, 'target_domains': ['sketch']}
Loss historical diff: 1.3046409785747528; Loss Difference: 0.0, Decision: 0
Round 217 took 0.3987612724304199s, results:
{'t': 216, 'current_accuracy': 0.24609375, 'current_loss': 1.94931960105896, 'train_loss': None, 'decision': 0, 'drift_rate': 0.032, 'target_domains': ['sketch']}
Loss historical diff: 1.325078696012497; Loss Difference: 0.0, Decision: 0
Round 218 took 0.39517736434936523s, results:
{'t': 217, 'current_accuracy': 0.23828125, 'current_loss': 1.969757318496704, 'train_loss': None, 'decision': 0, 'drift_rate': 0.032, 'target_domains': ['sketch']}
Loss historical diff: 1.3527242839336395; Loss Difference: 0.0, Decision: 0
Round 219 took 0.3961319923400879s, results:
{'t': 218, 'current_accuracy': 0.22265625, 'current_loss': 1.9974029064178467, 'train_loss': None, 'decision': 0, 'drift_rate': 0.032, 'target_domains': ['sketch']}
Loss historical diff: 1.37071093916893; Loss Difference: 0.0, Decision: 0
Round 220 took 0.3951716423034668s, results:
{'t': 219, 'current_accuracy': 0.21484375, 'current_loss': 2.015389561653137, 'train_loss': None, 'decision': 0, 'drift_rate': 0.032, 'target_domains': ['sketch']}
Loss historical diff: 1.37071093916893; Loss Difference: 0.0, Decision: 0
Round 221 took 0.39380669593811035s, results:
{'t': 220, 'current_accuracy': 0.21484375, 'current_loss': 2.015389561653137, 'train_loss': None, 'decision': 0, 'drift_rate': 0.0, 'target_domains': ['sketch']}
Loss historical diff: 1.3707107603549957; Loss Difference: 0.0, Decision: 0
Round 222 took 0.3945503234863281s, results:
{'t': 221, 'current_accuracy': 0.21484375, 'current_loss': 2.015389382839203, 'train_loss': None, 'decision': 0, 'drift_rate': 0.0, 'target_domains': ['sketch']}
Loss historical diff: 1.3707108795642853; Loss Difference: 0.0, Decision: 0
Round 223 took 0.39343857765197754s, results:
{'t': 222, 'current_accuracy': 0.21484375, 'current_loss': 2.0153895020484924, 'train_loss': None, 'decision': 0, 'drift_rate': 0.0, 'target_domains': ['sketch']}
Loss historical diff: 1.37071093916893; Loss Difference: 0.0, Decision: 0
Round 224 took 0.393932580947876s, results:
{'t': 223, 'current_accuracy': 0.21484375, 'current_loss': 2.015389561653137, 'train_loss': None, 'decision': 0, 'drift_rate': 0.0, 'target_domains': ['sketch']}
Loss historical diff: 1.3707107603549957; Loss Difference: 0.0, Decision: 0
Round 225 took 0.3950033187866211s, results:
{'t': 224, 'current_accuracy': 0.21484375, 'current_loss': 2.015389382839203, 'train_loss': None, 'decision': 0, 'drift_rate': 0.0, 'target_domains': ['sketch']}
Loss historical diff: 1.3707108199596405; Loss Difference: 0.0, Decision: 0
Round 226 took 0.393843412399292s, results:
{'t': 225, 'current_accuracy': 0.21484375, 'current_loss': 2.0153894424438477, 'train_loss': None, 'decision': 0, 'drift_rate': 0.0, 'target_domains': ['sketch']}
Loss historical diff: 1.3707108795642853; Loss Difference: 0.0, Decision: 0
Round 227 took 0.39612269401550293s, results:
{'t': 226, 'current_accuracy': 0.21484375, 'current_loss': 2.0153895020484924, 'train_loss': None, 'decision': 0, 'drift_rate': 0.0, 'target_domains': ['sketch']}
Loss historical diff: 1.3707109987735748; Loss Difference: 0.0, Decision: 0
Round 228 took 0.3938267230987549s, results:
{'t': 227, 'current_accuracy': 0.21484375, 'current_loss': 2.015389621257782, 'train_loss': None, 'decision': 0, 'drift_rate': 0.0, 'target_domains': ['sketch']}
Loss historical diff: 1.37071093916893; Loss Difference: 0.0, Decision: 0
Round 229 took 0.39452481269836426s, results:
{'t': 228, 'current_accuracy': 0.21484375, 'current_loss': 2.015389561653137, 'train_loss': None, 'decision': 0, 'drift_rate': 0.0, 'target_domains': ['sketch']}
Loss historical diff: 1.37071093916893; Loss Difference: 0.0, Decision: 0
Round 230 took 0.3933093547821045s, results:
{'t': 229, 'current_accuracy': 0.21484375, 'current_loss': 2.015389561653137, 'train_loss': None, 'decision': 0, 'drift_rate': 0.0, 'target_domains': ['sketch']}
Loss historical diff: 1.3707108795642853; Loss Difference: 0.0, Decision: 0
Round 231 took 0.3948943614959717s, results:
{'t': 230, 'current_accuracy': 0.21484375, 'current_loss': 2.0153895020484924, 'train_loss': None, 'decision': 0, 'drift_rate': 0.0, 'target_domains': ['sketch']}
Loss historical diff: 1.3707110583782196; Loss Difference: 0.0, Decision: 0
Round 232 took 0.3957808017730713s, results:
{'t': 231, 'current_accuracy': 0.21484375, 'current_loss': 2.0153896808624268, 'train_loss': None, 'decision': 0, 'drift_rate': 0.0, 'target_domains': ['sketch']}
Loss historical diff: 1.37071093916893; Loss Difference: 0.0, Decision: 0
Round 233 took 0.39565587043762207s, results:
{'t': 232, 'current_accuracy': 0.21484375, 'current_loss': 2.015389561653137, 'train_loss': None, 'decision': 0, 'drift_rate': 0.0, 'target_domains': ['sketch']}
Loss historical diff: 1.3707111775875092; Loss Difference: 0.0, Decision: 0
Round 234 took 0.39444422721862793s, results:
{'t': 233, 'current_accuracy': 0.21484375, 'current_loss': 2.0153898000717163, 'train_loss': None, 'decision': 0, 'drift_rate': 0.0, 'target_domains': ['sketch']}
Loss historical diff: 1.3707108199596405; Loss Difference: 0.0, Decision: 0
Round 235 took 0.39455270767211914s, results:
{'t': 234, 'current_accuracy': 0.21484375, 'current_loss': 2.0153894424438477, 'train_loss': None, 'decision': 0, 'drift_rate': 0.0, 'target_domains': ['sketch']}
Loss historical diff: 1.3707110583782196; Loss Difference: 0.0, Decision: 0
Round 236 took 0.3920130729675293s, results:
{'t': 235, 'current_accuracy': 0.21484375, 'current_loss': 2.0153896808624268, 'train_loss': None, 'decision': 0, 'drift_rate': 0.0, 'target_domains': ['sketch']}
Loss historical diff: 1.3707111775875092; Loss Difference: 0.0, Decision: 0
Round 237 took 0.3955516815185547s, results:
{'t': 236, 'current_accuracy': 0.21484375, 'current_loss': 2.0153898000717163, 'train_loss': None, 'decision': 0, 'drift_rate': 0.0, 'target_domains': ['sketch']}
Loss historical diff: 1.3707105815410614; Loss Difference: 0.0, Decision: 0
Round 238 took 0.39394712448120117s, results:
{'t': 237, 'current_accuracy': 0.21484375, 'current_loss': 2.0153892040252686, 'train_loss': None, 'decision': 0, 'drift_rate': 0.0, 'target_domains': ['sketch']}
Loss historical diff: 1.3707108795642853; Loss Difference: 0.0, Decision: 0
Round 239 took 0.3947262763977051s, results:
{'t': 238, 'current_accuracy': 0.21484375, 'current_loss': 2.0153895020484924, 'train_loss': None, 'decision': 0, 'drift_rate': 0.0, 'target_domains': ['sketch']}
Loss historical diff: 1.3707109987735748; Loss Difference: 0.0, Decision: 0
Round 240 took 0.3947327136993408s, results:
{'t': 239, 'current_accuracy': 0.21484375, 'current_loss': 2.015389621257782, 'train_loss': None, 'decision': 0, 'drift_rate': 0.0, 'target_domains': ['sketch']}
Loss historical diff: 1.37071093916893; Loss Difference: 0.0, Decision: 0
Round 241 took 0.3947463035583496s, results:
{'t': 240, 'current_accuracy': 0.21484375, 'current_loss': 2.015389561653137, 'train_loss': None, 'decision': 0, 'drift_rate': 0.0, 'target_domains': ['sketch']}
Loss historical diff: 1.3707108199596405; Loss Difference: 0.0, Decision: 0
Round 242 took 0.39461636543273926s, results:
{'t': 241, 'current_accuracy': 0.21484375, 'current_loss': 2.0153894424438477, 'train_loss': None, 'decision': 0, 'drift_rate': 0.0, 'target_domains': ['sketch']}
Loss historical diff: 1.3707110583782196; Loss Difference: 0.0, Decision: 0
Round 243 took 0.39568424224853516s, results:
{'t': 242, 'current_accuracy': 0.21484375, 'current_loss': 2.0153896808624268, 'train_loss': None, 'decision': 0, 'drift_rate': 0.0, 'target_domains': ['sketch']}
Loss historical diff: 1.3707108199596405; Loss Difference: 0.0, Decision: 0
Round 244 took 0.39427924156188965s, results:
{'t': 243, 'current_accuracy': 0.21484375, 'current_loss': 2.0153894424438477, 'train_loss': None, 'decision': 0, 'drift_rate': 0.0, 'target_domains': ['sketch']}
Loss historical diff: 1.3707110583782196; Loss Difference: 0.0, Decision: 0
Round 245 took 0.3947606086730957s, results:
{'t': 244, 'current_accuracy': 0.21484375, 'current_loss': 2.0153896808624268, 'train_loss': None, 'decision': 0, 'drift_rate': 0.0, 'target_domains': ['sketch']}
Loss historical diff: 1.3707107603549957; Loss Difference: 0.0, Decision: 0
Round 246 took 0.3952651023864746s, results:
{'t': 245, 'current_accuracy': 0.21484375, 'current_loss': 2.015389382839203, 'train_loss': None, 'decision': 0, 'drift_rate': 0.0, 'target_domains': ['sketch']}
Loss historical diff: 1.370710700750351; Loss Difference: 0.0, Decision: 0
Round 247 took 0.39614367485046387s, results:
{'t': 246, 'current_accuracy': 0.21484375, 'current_loss': 2.015389323234558, 'train_loss': None, 'decision': 0, 'drift_rate': 0.0, 'target_domains': ['sketch']}
Loss historical diff: 1.3707110583782196; Loss Difference: 0.0, Decision: 0
Round 248 took 0.39686083793640137s, results:
{'t': 247, 'current_accuracy': 0.21484375, 'current_loss': 2.0153896808624268, 'train_loss': None, 'decision': 0, 'drift_rate': 0.0, 'target_domains': ['sketch']}
Loss historical diff: 1.3707108795642853; Loss Difference: 0.0, Decision: 0
Round 249 took 0.39624643325805664s, results:
{'t': 248, 'current_accuracy': 0.21484375, 'current_loss': 2.0153895020484924, 'train_loss': None, 'decision': 0, 'drift_rate': 0.0, 'target_domains': ['sketch']}
Loss historical diff: 1.37071093916893; Loss Difference: 0.0, Decision: 0
Round 250 took 0.3935117721557617s, results:
{'t': 249, 'current_accuracy': 0.21484375, 'current_loss': 2.015389561653137, 'train_loss': None, 'decision': 0, 'drift_rate': 0.0, 'target_domains': ['sketch']}
Average time per round: 0.40470013046264647
Total time: 101.17503261566162
