Device: cuda
CUDA Version: 12.1
cuDNN Version: 8902
PyTorch Version: 2.3.0
Model used: PACSCNN_1
Client device: cuda
Round 0 took 2.7733829021453857 seconds
Round 0: Accuracy = 0.7057, Decision = 0, Drift = 0.0000
Current target domain: sketch
Round 1 took 2.748164415359497 seconds
Round 1: Accuracy = 0.7057, Decision = 0, Drift = 0.0000
Current target domain: sketch
Round 2 took 2.7742371559143066 seconds
Round 2: Accuracy = 0.7057, Decision = 0, Drift = 0.0000
Current target domain: sketch
Round 3 took 2.7155981063842773 seconds
Round 3: Accuracy = 0.7057, Decision = 0, Drift = 0.0000
Current target domain: sketch
Round 4 took 2.7183167934417725 seconds
Round 4: Accuracy = 0.7057, Decision = 0, Drift = 0.0000
Current target domain: sketch
Round 5 took 2.727874994277954 seconds
Round 5: Accuracy = 0.7057, Decision = 0, Drift = 0.0000
Current target domain: sketch
Round 6 took 2.7232470512390137 seconds
Round 6: Accuracy = 0.7057, Decision = 0, Drift = 0.0000
Current target domain: sketch
Round 7 took 2.7243051528930664 seconds
Round 7: Accuracy = 0.7057, Decision = 0, Drift = 0.0000
Current target domain: sketch
Round 8 took 2.743377685546875 seconds
Round 8: Accuracy = 0.7057, Decision = 0, Drift = 0.0000
Current target domain: sketch
Round 9 took 2.728990316390991 seconds
Round 9: Accuracy = 0.7057, Decision = 0, Drift = 0.0000
Current target domain: sketch
Round 10 took 2.7222864627838135 seconds
Round 10: Accuracy = 0.7057, Decision = 0, Drift = 0.0000
Current target domain: sketch
Round 11 took 2.719306468963623 seconds
Round 11: Accuracy = 0.7057, Decision = 0, Drift = 0.0000
Current target domain: sketch
Round 12 took 2.749521493911743 seconds
Round 12: Accuracy = 0.7057, Decision = 0, Drift = 0.0000
Current target domain: sketch
Round 13 took 2.719696283340454 seconds
Round 13: Accuracy = 0.7057, Decision = 0, Drift = 0.0000
Current target domain: sketch
Round 14 took 2.717130184173584 seconds
Round 14: Accuracy = 0.7057, Decision = 0, Drift = 0.0000
Current target domain: sketch
Round 15 took 2.71787428855896 seconds
Round 15: Accuracy = 0.7057, Decision = 0, Drift = 0.0000
Current target domain: sketch
Round 16 took 2.7235617637634277 seconds
Round 16: Accuracy = 0.7057, Decision = 0, Drift = 0.0000
Current target domain: sketch
Round 17 took 2.710068702697754 seconds
Round 17: Accuracy = 0.7057, Decision = 0, Drift = 0.0000
Current target domain: sketch
Round 18 took 2.7265636920928955 seconds
Round 18: Accuracy = 0.7057, Decision = 0, Drift = 0.0000
Current target domain: sketch
Round 19 took 2.84830904006958 seconds
Round 19: Accuracy = 0.7057, Decision = 0, Drift = 0.0000
Current target domain: sketch
Round 20 took 2.7463762760162354 seconds
Round 20: Accuracy = 0.7057, Decision = 0, Drift = 0.0000
Current target domain: sketch
Round 21 took 2.7026469707489014 seconds
Round 21: Accuracy = 0.7057, Decision = 0, Drift = 0.0000
Current target domain: sketch
Round 22 took 2.673875093460083 seconds
Round 22: Accuracy = 0.7057, Decision = 0, Drift = 0.0000
Current target domain: sketch
Round 23 took 2.669572353363037 seconds
Round 23: Accuracy = 0.7057, Decision = 0, Drift = 0.0000
Current target domain: sketch
Round 24 took 2.7503576278686523 seconds
Round 24: Accuracy = 0.7057, Decision = 0, Drift = 0.0000
Current target domain: sketch
Round 25 took 3.003114700317383 seconds
Round 25: Accuracy = 0.7057, Decision = 0, Drift = 0.0000
Current target domain: sketch
Round 26 took 2.795165777206421 seconds
Round 26: Accuracy = 0.7057, Decision = 0, Drift = 0.0000
Current target domain: sketch
Round 27 took 2.751757860183716 seconds
Round 27: Accuracy = 0.7057, Decision = 0, Drift = 0.0000
Current target domain: sketch
Round 28 took 2.731288433074951 seconds
Round 28: Accuracy = 0.7057, Decision = 0, Drift = 0.0000
Current target domain: sketch
Round 29 took 2.7201192378997803 seconds
Round 29: Accuracy = 0.7057, Decision = 0, Drift = 0.0000
Current target domain: sketch
Round 30 took 2.831960916519165 seconds
Round 30: Accuracy = 0.7057, Decision = 0, Drift = 0.0000
Current target domain: sketch
Round 31 took 2.732057571411133 seconds
Round 31: Accuracy = 0.7057, Decision = 0, Drift = 0.0000
Current target domain: sketch
Round 32 took 2.7125091552734375 seconds
Round 32: Accuracy = 0.7057, Decision = 0, Drift = 0.0000
Current target domain: sketch
Round 33 took 2.7388319969177246 seconds
Round 33: Accuracy = 0.7057, Decision = 0, Drift = 0.0000
Current target domain: sketch
Round 34 took 2.7030889987945557 seconds
Round 34: Accuracy = 0.7057, Decision = 0, Drift = 0.0000
Current target domain: sketch
Round 35 took 2.6946847438812256 seconds
Round 35: Accuracy = 0.7057, Decision = 0, Drift = 0.0000
Current target domain: sketch
Round 36 took 2.7036452293395996 seconds
Round 36: Accuracy = 0.7057, Decision = 0, Drift = 0.0000
Current target domain: sketch
Round 37 took 2.7219603061676025 seconds
Round 37: Accuracy = 0.7057, Decision = 0, Drift = 0.0000
Current target domain: sketch
Round 38 took 2.6984245777130127 seconds
Round 38: Accuracy = 0.7057, Decision = 0, Drift = 0.0000
Current target domain: sketch
Round 39 took 2.6860928535461426 seconds
Round 39: Accuracy = 0.7057, Decision = 0, Drift = 0.0000
Current target domain: sketch
Round 40 took 2.749107599258423 seconds
Round 40: Accuracy = 0.7057, Decision = 0, Drift = 0.0000
Current target domain: sketch
Round 41 took 2.701552391052246 seconds
Round 41: Accuracy = 0.7057, Decision = 0, Drift = 0.0000
Current target domain: sketch
Round 42 took 2.675874710083008 seconds
Round 42: Accuracy = 0.7057, Decision = 0, Drift = 0.0000
Current target domain: sketch
Round 43 took 2.6906633377075195 seconds
Round 43: Accuracy = 0.7057, Decision = 0, Drift = 0.0000
Current target domain: sketch
Round 44 took 2.6645474433898926 seconds
Round 44: Accuracy = 0.7057, Decision = 0, Drift = 0.0000
Current target domain: sketch
Round 45 took 2.6713004112243652 seconds
Round 45: Accuracy = 0.7057, Decision = 0, Drift = 0.0000
Current target domain: sketch
Round 46 took 2.67217755317688 seconds
Round 46: Accuracy = 0.7057, Decision = 0, Drift = 0.0000
Current target domain: sketch
Round 47 took 2.6731629371643066 seconds
Round 47: Accuracy = 0.7057, Decision = 0, Drift = 0.0000
Current target domain: sketch
Round 48 took 2.6604182720184326 seconds
Round 48: Accuracy = 0.7057, Decision = 0, Drift = 0.0000
Current target domain: sketch
Round 49 took 2.7049224376678467 seconds
Round 49: Accuracy = 0.7057, Decision = 0, Drift = 0.0000
Current target domain: sketch
Round 50 took 8.018674373626709 seconds
Round 50: Accuracy = 0.6180, Decision = 0, Drift = 0.2000
Current target domain: sketch
Round 51 took 8.898171186447144 seconds
Round 51: Accuracy = 0.5508, Decision = 0, Drift = 0.2000
Current target domain: sketch
Round 52 took 8.877071857452393 seconds
Round 52: Accuracy = 0.4696, Decision = 0, Drift = 0.2000
Current target domain: sketch
Round 53 took 9.520266056060791 seconds
Round 53: Accuracy = 0.4220, Decision = 0, Drift = 0.2000
Current target domain: sketch
Round 54 took 10.72148084640503 seconds
Round 54: Accuracy = 0.3733, Decision = 0, Drift = 0.2000
Current target domain: sketch
Round 55 took 6.6618852615356445 seconds
Round 55: Accuracy = 0.3733, Decision = 0, Drift = 0.0000
Current target domain: sketch
Round 56 took 6.626331567764282 seconds
Round 56: Accuracy = 0.3733, Decision = 0, Drift = 0.0000
Current target domain: sketch
Round 57 took 6.637073278427124 seconds
Round 57: Accuracy = 0.3733, Decision = 0, Drift = 0.0000
Current target domain: sketch
Round 58 took 6.5304155349731445 seconds
Round 58: Accuracy = 0.3733, Decision = 0, Drift = 0.0000
Current target domain: sketch
Round 59 took 6.6376752853393555 seconds
Round 59: Accuracy = 0.3733, Decision = 0, Drift = 0.0000
Current target domain: sketch
Round 60 took 6.662551403045654 seconds
Round 60: Accuracy = 0.3733, Decision = 0, Drift = 0.0000
Current target domain: sketch
Round 61 took 6.648986577987671 seconds
Round 61: Accuracy = 0.3733, Decision = 0, Drift = 0.0000
Current target domain: sketch
Round 62 took 6.640276908874512 seconds
Round 62: Accuracy = 0.3733, Decision = 0, Drift = 0.0000
Current target domain: sketch
Round 63 took 6.646472692489624 seconds
Round 63: Accuracy = 0.3733, Decision = 0, Drift = 0.0000
Current target domain: sketch
Round 64 took 6.588947296142578 seconds
Round 64: Accuracy = 0.3733, Decision = 0, Drift = 0.0000
Current target domain: sketch
Round 65 took 6.657159328460693 seconds
Round 65: Accuracy = 0.3733, Decision = 0, Drift = 0.0000
Current target domain: sketch
Round 66 took 6.574351072311401 seconds
Round 66: Accuracy = 0.3733, Decision = 0, Drift = 0.0000
Current target domain: sketch
Round 67 took 6.597417831420898 seconds
Round 67: Accuracy = 0.3733, Decision = 0, Drift = 0.0000
Current target domain: sketch
Round 68 took 6.6609885692596436 seconds
Round 68: Accuracy = 0.3733, Decision = 0, Drift = 0.0000
Current target domain: sketch
Round 69 took 6.614742994308472 seconds
Round 69: Accuracy = 0.3733, Decision = 0, Drift = 0.0000
Current target domain: sketch
Round 70 took 6.591752052307129 seconds
Round 70: Accuracy = 0.3733, Decision = 0, Drift = 0.0000
Current target domain: sketch
Round 71 took 6.632422208786011 seconds
Round 71: Accuracy = 0.3733, Decision = 0, Drift = 0.0000
Current target domain: sketch
Round 72 took 6.5655341148376465 seconds
Round 72: Accuracy = 0.3733, Decision = 0, Drift = 0.0000
Current target domain: sketch
Round 73 took 6.607224702835083 seconds
Round 73: Accuracy = 0.3733, Decision = 0, Drift = 0.0000
Current target domain: sketch
Round 74 took 6.658198356628418 seconds
Round 74: Accuracy = 0.3733, Decision = 0, Drift = 0.0000
Current target domain: sketch
Round 75 took 6.600685119628906 seconds
Round 75: Accuracy = 0.3733, Decision = 0, Drift = 0.0000
Current target domain: sketch
Round 76 took 6.670580148696899 seconds
Round 76: Accuracy = 0.3733, Decision = 0, Drift = 0.0000
Current target domain: sketch
Round 77 took 6.622144460678101 seconds
Round 77: Accuracy = 0.3733, Decision = 0, Drift = 0.0000
Current target domain: sketch
Round 78 took 6.628480672836304 seconds
Round 78: Accuracy = 0.3733, Decision = 0, Drift = 0.0000
Current target domain: sketch
Round 79 took 6.6833436489105225 seconds
Round 79: Accuracy = 0.3733, Decision = 0, Drift = 0.0000
Current target domain: sketch
Round 80 took 6.631453514099121 seconds
Round 80: Accuracy = 0.3733, Decision = 0, Drift = 0.0000
Current target domain: sketch
Round 81 took 6.634106159210205 seconds
Round 81: Accuracy = 0.3733, Decision = 0, Drift = 0.0000
Current target domain: sketch
Round 82 took 6.653693675994873 seconds
Round 82: Accuracy = 0.3733, Decision = 0, Drift = 0.0000
Current target domain: sketch
Round 83 took 6.712964057922363 seconds
Round 83: Accuracy = 0.3733, Decision = 0, Drift = 0.0000
Current target domain: sketch
Round 84 took 6.658489465713501 seconds
Round 84: Accuracy = 0.3733, Decision = 0, Drift = 0.0000
Current target domain: sketch
Round 85 took 6.600955486297607 seconds
Round 85: Accuracy = 0.3733, Decision = 0, Drift = 0.0000
Current target domain: sketch
Round 86 took 6.7061827182769775 seconds
Round 86: Accuracy = 0.3733, Decision = 0, Drift = 0.0000
Current target domain: sketch
Round 87 took 6.61529803276062 seconds
Round 87: Accuracy = 0.3733, Decision = 0, Drift = 0.0000
Current target domain: sketch
Round 88 took 6.677536964416504 seconds
Round 88: Accuracy = 0.3733, Decision = 0, Drift = 0.0000
Current target domain: sketch
Round 89 took 6.649679899215698 seconds
Round 89: Accuracy = 0.3733, Decision = 0, Drift = 0.0000
Current target domain: sketch
Round 90 took 6.705142974853516 seconds
Round 90: Accuracy = 0.3733, Decision = 0, Drift = 0.0000
Current target domain: sketch
Round 91 took 6.5718443393707275 seconds
Round 91: Accuracy = 0.3733, Decision = 0, Drift = 0.0000
Current target domain: sketch
Round 92 took 6.635230302810669 seconds
Round 92: Accuracy = 0.3733, Decision = 0, Drift = 0.0000
Current target domain: sketch
Round 93 took 6.6843788623809814 seconds
Round 93: Accuracy = 0.3733, Decision = 0, Drift = 0.0000
Current target domain: sketch
Round 94 took 6.684388160705566 seconds
Round 94: Accuracy = 0.3733, Decision = 0, Drift = 0.0000
Current target domain: sketch
Round 95 took 6.70627498626709 seconds
Round 95: Accuracy = 0.3733, Decision = 0, Drift = 0.0000
Current target domain: sketch
Round 96 took 6.605943441390991 seconds
Round 96: Accuracy = 0.3733, Decision = 0, Drift = 0.0000
Current target domain: sketch
Round 97 took 6.683724403381348 seconds
Round 97: Accuracy = 0.3733, Decision = 0, Drift = 0.0000
Current target domain: sketch
Round 98 took 6.7120373249053955 seconds
Round 98: Accuracy = 0.3733, Decision = 0, Drift = 0.0000
Current target domain: sketch
Round 99 took 6.661437273025513 seconds
Round 99: Accuracy = 0.3733, Decision = 0, Drift = 0.0000
Current target domain: sketch
Round 100 took 11.9344961643219 seconds
Round 100: Accuracy = 0.4001, Decision = 0, Drift = 0.2000
Current target domain: sketch
Round 101 took 12.776796579360962 seconds
Round 101: Accuracy = 0.3055, Decision = 0, Drift = 0.2000
Current target domain: sketch
No available target samples left. Reusing existing target indices.
Round 102 took 12.691569089889526 seconds
Round 102: Accuracy = 0.3036, Decision = 0, Drift = 0.2000
Current target domain: sketch
No available target samples left. Reusing existing target indices.
No available target samples left. Reusing existing target indices.
Round 103 took 12.77446961402893 seconds
Round 103: Accuracy = 0.3036, Decision = 0, Drift = 0.2000
Current target domain: sketch
No available target samples left. Reusing existing target indices.
No available target samples left. Reusing existing target indices.
Round 104 took 12.678073406219482 seconds
Round 104: Accuracy = 0.3036, Decision = 0, Drift = 0.2000
Current target domain: sketch
Round 105 took 8.935320377349854 seconds
Round 105: Accuracy = 0.3036, Decision = 0, Drift = 0.0000
Current target domain: cartoon
Round 106 took 8.903918027877808 seconds
Round 106: Accuracy = 0.3036, Decision = 0, Drift = 0.0000
Current target domain: cartoon
Round 107 took 9.002870082855225 seconds
Round 107: Accuracy = 0.3036, Decision = 0, Drift = 0.0000
Current target domain: cartoon
Round 108 took 8.95104694366455 seconds
Round 108: Accuracy = 0.3036, Decision = 0, Drift = 0.0000
Current target domain: cartoon
Round 109 took 8.935437202453613 seconds
Round 109: Accuracy = 0.3036, Decision = 0, Drift = 0.0000
Current target domain: cartoon
Round 110 took 8.959770202636719 seconds
Round 110: Accuracy = 0.3036, Decision = 0, Drift = 0.0000
Current target domain: cartoon
Round 111 took 8.883552074432373 seconds
Round 111: Accuracy = 0.3036, Decision = 0, Drift = 0.0000
Current target domain: cartoon
Round 112 took 8.91111159324646 seconds
Round 112: Accuracy = 0.3036, Decision = 0, Drift = 0.0000
Current target domain: cartoon
Round 113 took 8.973206043243408 seconds
Round 113: Accuracy = 0.3036, Decision = 0, Drift = 0.0000
Current target domain: cartoon
Round 114 took 9.02343463897705 seconds
Round 114: Accuracy = 0.3036, Decision = 0, Drift = 0.0000
Current target domain: cartoon
Round 115 took 8.950092554092407 seconds
Round 115: Accuracy = 0.3036, Decision = 0, Drift = 0.0000
Current target domain: cartoon
Round 116 took 8.856101989746094 seconds
Round 116: Accuracy = 0.3036, Decision = 0, Drift = 0.0000
Current target domain: cartoon
Round 117 took 8.87366271018982 seconds
Round 117: Accuracy = 0.3036, Decision = 0, Drift = 0.0000
Current target domain: cartoon
Round 118 took 8.891921758651733 seconds
Round 118: Accuracy = 0.3036, Decision = 0, Drift = 0.0000
Current target domain: cartoon
Round 119 took 8.917307615280151 seconds
Round 119: Accuracy = 0.3036, Decision = 0, Drift = 0.0000
Current target domain: cartoon
Round 120 took 8.871307373046875 seconds
Round 120: Accuracy = 0.3036, Decision = 0, Drift = 0.0000
Current target domain: cartoon
Round 121 took 8.904155731201172 seconds
Round 121: Accuracy = 0.3036, Decision = 0, Drift = 0.0000
Current target domain: cartoon
Round 122 took 8.876492738723755 seconds
Round 122: Accuracy = 0.3036, Decision = 0, Drift = 0.0000
Current target domain: cartoon
Round 123 took 8.891472339630127 seconds
Round 123: Accuracy = 0.3036, Decision = 0, Drift = 0.0000
Current target domain: cartoon
Round 124 took 8.952726602554321 seconds
Round 124: Accuracy = 0.3036, Decision = 0, Drift = 0.0000
Current target domain: cartoon
Round 125 took 8.917836666107178 seconds
Round 125: Accuracy = 0.3036, Decision = 0, Drift = 0.0000
Current target domain: cartoon
Round 126 took 8.939157485961914 seconds
Round 126: Accuracy = 0.3036, Decision = 0, Drift = 0.0000
Current target domain: cartoon
Round 127 took 8.983229637145996 seconds
Round 127: Accuracy = 0.3036, Decision = 0, Drift = 0.0000
Current target domain: cartoon
Round 128 took 9.07961130142212 seconds
Round 128: Accuracy = 0.3036, Decision = 0, Drift = 0.0000
Current target domain: cartoon
Round 129 took 9.044482469558716 seconds
Round 129: Accuracy = 0.3036, Decision = 0, Drift = 0.0000
Current target domain: cartoon
Round 130 took 9.065197706222534 seconds
Round 130: Accuracy = 0.3036, Decision = 0, Drift = 0.0000
Current target domain: cartoon
Round 131 took 9.003068447113037 seconds
Round 131: Accuracy = 0.3036, Decision = 0, Drift = 0.0000
Current target domain: cartoon
Round 132 took 8.97823429107666 seconds
Round 132: Accuracy = 0.3036, Decision = 0, Drift = 0.0000
Current target domain: cartoon
Round 133 took 8.992790222167969 seconds
Round 133: Accuracy = 0.3036, Decision = 0, Drift = 0.0000
Current target domain: cartoon
Round 134 took 8.988616228103638 seconds
Round 134: Accuracy = 0.3036, Decision = 0, Drift = 0.0000
Current target domain: cartoon
Round 135 took 8.993492364883423 seconds
Round 135: Accuracy = 0.3036, Decision = 0, Drift = 0.0000
Current target domain: cartoon
Round 136 took 9.02101445198059 seconds
Round 136: Accuracy = 0.3036, Decision = 0, Drift = 0.0000
Current target domain: cartoon
Round 137 took 9.037515878677368 seconds
Round 137: Accuracy = 0.3036, Decision = 0, Drift = 0.0000
Current target domain: cartoon
Round 138 took 8.97425103187561 seconds
Round 138: Accuracy = 0.3036, Decision = 0, Drift = 0.0000
Current target domain: cartoon
Round 139 took 8.991998434066772 seconds
Round 139: Accuracy = 0.3036, Decision = 0, Drift = 0.0000
Current target domain: cartoon
Round 140 took 8.97420859336853 seconds
Round 140: Accuracy = 0.3036, Decision = 0, Drift = 0.0000
Current target domain: cartoon
Round 141 took 9.02125358581543 seconds
Round 141: Accuracy = 0.3036, Decision = 0, Drift = 0.0000
Current target domain: cartoon
Round 142 took 9.022025108337402 seconds
Round 142: Accuracy = 0.3036, Decision = 0, Drift = 0.0000
Current target domain: cartoon
Round 143 took 9.011465549468994 seconds
Round 143: Accuracy = 0.3036, Decision = 0, Drift = 0.0000
Current target domain: cartoon
Round 144 took 8.98643445968628 seconds
Round 144: Accuracy = 0.3036, Decision = 0, Drift = 0.0000
Current target domain: cartoon
Round 145 took 9.017760992050171 seconds
Round 145: Accuracy = 0.3036, Decision = 0, Drift = 0.0000
Current target domain: cartoon
Round 146 took 8.945745468139648 seconds
Round 146: Accuracy = 0.3036, Decision = 0, Drift = 0.0000
Current target domain: cartoon
Round 147 took 8.999948501586914 seconds
Round 147: Accuracy = 0.3036, Decision = 0, Drift = 0.0000
Current target domain: cartoon
Round 148 took 9.00611424446106 seconds
Round 148: Accuracy = 0.3036, Decision = 0, Drift = 0.0000
Current target domain: cartoon
Round 149 took 8.999059915542603 seconds
Round 149: Accuracy = 0.3036, Decision = 0, Drift = 0.0000
Current target domain: cartoon
Round 150 took 14.644520044326782 seconds
Round 150: Accuracy = 0.2689, Decision = 0, Drift = 0.2000
Current target domain: cartoon
Round 151 took 16.469452381134033 seconds
Round 151: Accuracy = 0.2448, Decision = 0, Drift = 0.2000
Current target domain: cartoon
No available target samples left. Reusing existing target indices.
Round 152 took 16.572848558425903 seconds
Round 152: Accuracy = 0.2441, Decision = 0, Drift = 0.2000
Current target domain: cartoon
No available target samples left. Reusing existing target indices.
No available target samples left. Reusing existing target indices.
Round 153 took 16.828008890151978 seconds
Round 153: Accuracy = 0.2441, Decision = 0, Drift = 0.2000
Current target domain: cartoon
No available target samples left. Reusing existing target indices.
No available target samples left. Reusing existing target indices.
Round 154 took 16.552189111709595 seconds
Round 154: Accuracy = 0.2441, Decision = 0, Drift = 0.2000
Current target domain: cartoon
Round 155 took 12.749661445617676 seconds
Round 155: Accuracy = 0.2441, Decision = 0, Drift = 0.0000
Current target domain: art_painting
Round 156 took 12.815709352493286 seconds
Round 156: Accuracy = 0.2441, Decision = 0, Drift = 0.0000
Current target domain: art_painting
Round 157 took 12.72549557685852 seconds
Round 157: Accuracy = 0.2441, Decision = 0, Drift = 0.0000
Current target domain: art_painting
Round 158 took 12.828620672225952 seconds
Round 158: Accuracy = 0.2441, Decision = 0, Drift = 0.0000
Current target domain: art_painting
Round 159 took 12.795717477798462 seconds
Round 159: Accuracy = 0.2441, Decision = 0, Drift = 0.0000
Current target domain: art_painting
Round 160 took 12.71223759651184 seconds
Round 160: Accuracy = 0.2441, Decision = 0, Drift = 0.0000
Current target domain: art_painting
Round 161 took 12.708655595779419 seconds
Round 161: Accuracy = 0.2441, Decision = 0, Drift = 0.0000
Current target domain: art_painting
Round 162 took 12.783721923828125 seconds
Round 162: Accuracy = 0.2441, Decision = 0, Drift = 0.0000
Current target domain: art_painting
Round 163 took 12.776977777481079 seconds
Round 163: Accuracy = 0.2441, Decision = 0, Drift = 0.0000
Current target domain: art_painting
Round 164 took 12.751028060913086 seconds
Round 164: Accuracy = 0.2441, Decision = 0, Drift = 0.0000
Current target domain: art_painting
Round 165 took 12.717341899871826 seconds
Round 165: Accuracy = 0.2441, Decision = 0, Drift = 0.0000
Current target domain: art_painting
Round 166 took 12.776891708374023 seconds
Round 166: Accuracy = 0.2441, Decision = 0, Drift = 0.0000
Current target domain: art_painting
Round 167 took 12.819844484329224 seconds
Round 167: Accuracy = 0.2441, Decision = 0, Drift = 0.0000
Current target domain: art_painting
Round 168 took 12.804388761520386 seconds
Round 168: Accuracy = 0.2441, Decision = 0, Drift = 0.0000
Current target domain: art_painting
Round 169 took 12.745083093643188 seconds
Round 169: Accuracy = 0.2441, Decision = 0, Drift = 0.0000
Current target domain: art_painting
Round 170 took 12.76826024055481 seconds
Round 170: Accuracy = 0.2441, Decision = 0, Drift = 0.0000
Current target domain: art_painting
Round 171 took 12.829490661621094 seconds
Round 171: Accuracy = 0.2441, Decision = 0, Drift = 0.0000
Current target domain: art_painting
Round 172 took 12.845611572265625 seconds
Round 172: Accuracy = 0.2441, Decision = 0, Drift = 0.0000
Current target domain: art_painting
Round 173 took 12.7292320728302 seconds
Round 173: Accuracy = 0.2441, Decision = 0, Drift = 0.0000
Current target domain: art_painting
Round 174 took 12.773646354675293 seconds
Round 174: Accuracy = 0.2441, Decision = 0, Drift = 0.0000
Current target domain: art_painting
Round 175 took 12.831022500991821 seconds
Round 175: Accuracy = 0.2441, Decision = 0, Drift = 0.0000
Current target domain: art_painting
Round 176 took 12.854206323623657 seconds
Round 176: Accuracy = 0.2441, Decision = 0, Drift = 0.0000
Current target domain: art_painting
Round 177 took 12.839725971221924 seconds
Round 177: Accuracy = 0.2441, Decision = 0, Drift = 0.0000
Current target domain: art_painting
Round 178 took 12.813019275665283 seconds
Round 178: Accuracy = 0.2441, Decision = 0, Drift = 0.0000
Current target domain: art_painting
Round 179 took 12.801177024841309 seconds
Round 179: Accuracy = 0.2441, Decision = 0, Drift = 0.0000
Current target domain: art_painting
Round 180 took 12.861114263534546 seconds
Round 180: Accuracy = 0.2441, Decision = 0, Drift = 0.0000
Current target domain: art_painting
Round 181 took 12.785287618637085 seconds
Round 181: Accuracy = 0.2441, Decision = 0, Drift = 0.0000
Current target domain: art_painting
Round 182 took 12.81111192703247 seconds
Round 182: Accuracy = 0.2441, Decision = 0, Drift = 0.0000
Current target domain: art_painting
Round 183 took 12.820713758468628 seconds
Round 183: Accuracy = 0.2441, Decision = 0, Drift = 0.0000
Current target domain: art_painting
Round 184 took 12.860671520233154 seconds
Round 184: Accuracy = 0.2441, Decision = 0, Drift = 0.0000
Current target domain: art_painting
Round 185 took 12.775944709777832 seconds
Round 185: Accuracy = 0.2441, Decision = 0, Drift = 0.0000
Current target domain: art_painting
Round 186 took 12.853954076766968 seconds
Round 186: Accuracy = 0.2441, Decision = 0, Drift = 0.0000
Current target domain: art_painting
Round 187 took 12.859994888305664 seconds
Round 187: Accuracy = 0.2441, Decision = 0, Drift = 0.0000
Current target domain: art_painting
Round 188 took 12.874186515808105 seconds
Round 188: Accuracy = 0.2441, Decision = 0, Drift = 0.0000
Current target domain: art_painting
Round 189 took 12.802014589309692 seconds
Round 189: Accuracy = 0.2441, Decision = 0, Drift = 0.0000
Current target domain: art_painting
Round 190 took 12.85325574874878 seconds
Round 190: Accuracy = 0.2441, Decision = 0, Drift = 0.0000
Current target domain: art_painting
Round 191 took 12.822898864746094 seconds
Round 191: Accuracy = 0.2441, Decision = 0, Drift = 0.0000
Current target domain: art_painting
Round 192 took 12.77908968925476 seconds
Round 192: Accuracy = 0.2441, Decision = 0, Drift = 0.0000
Current target domain: art_painting
Round 193 took 12.730459213256836 seconds
Round 193: Accuracy = 0.2441, Decision = 0, Drift = 0.0000
Current target domain: art_painting
Round 194 took 12.8186514377594 seconds
Round 194: Accuracy = 0.2441, Decision = 0, Drift = 0.0000
Current target domain: art_painting
Round 195 took 12.866151332855225 seconds
Round 195: Accuracy = 0.2441, Decision = 0, Drift = 0.0000
Current target domain: art_painting
Round 196 took 12.825483083724976 seconds
Round 196: Accuracy = 0.2441, Decision = 0, Drift = 0.0000
Current target domain: art_painting
Round 197 took 12.763383150100708 seconds
Round 197: Accuracy = 0.2441, Decision = 0, Drift = 0.0000
Current target domain: art_painting
Round 198 took 12.850866556167603 seconds
Round 198: Accuracy = 0.2441, Decision = 0, Drift = 0.0000
Current target domain: art_painting
Round 199 took 12.860377788543701 seconds
Round 199: Accuracy = 0.2441, Decision = 0, Drift = 0.0000
Current target domain: art_painting
Average time per round: 8.023446809053421
Total time: 1604.6893618106842
