Using the latest cached version of the dataset since flwrlabs/pacs couldn't be found on the Hugging Face Hub
Found the latest cached dataset configuration 'default' at /home/apiasecz/.cache/huggingface/datasets/flwrlabs___pacs/default/0.0.0/394113073258ead631f617d2e13bb377c0715c4b (last modified on Wed Jan 29 16:59:35 2025).
Using the latest cached version of the dataset since flwrlabs/pacs couldn't be found on the Hugging Face Hub
Found the latest cached dataset configuration 'default' at /home/apiasecz/.cache/huggingface/datasets/flwrlabs___pacs/default/0.0.0/394113073258ead631f617d2e13bb377c0715c4b (last modified on Wed Jan 29 16:59:35 2025).
Using the latest cached version of the dataset since flwrlabs/pacs couldn't be found on the Hugging Face Hub
Found the latest cached dataset configuration 'default' at /home/apiasecz/.cache/huggingface/datasets/flwrlabs___pacs/default/0.0.0/394113073258ead631f617d2e13bb377c0715c4b (last modified on Wed Jan 29 16:59:35 2025).
Using the latest cached version of the dataset since flwrlabs/pacs couldn't be found on the Hugging Face Hub
Found the latest cached dataset configuration 'default' at /home/apiasecz/.cache/huggingface/datasets/flwrlabs___pacs/default/0.0.0/394113073258ead631f617d2e13bb377c0715c4b (last modified on Wed Jan 29 16:59:35 2025).
Using the latest cached version of the dataset since flwrlabs/pacs couldn't be found on the Hugging Face Hub
Found the latest cached dataset configuration 'default' at /home/apiasecz/.cache/huggingface/datasets/flwrlabs___pacs/default/0.0.0/394113073258ead631f617d2e13bb377c0715c4b (last modified on Wed Jan 29 16:59:35 2025).
Device: cuda
CUDA Version: 12.1
cuDNN Version: 8902
PyTorch Version: 2.3.0

Model used: PACSCNN_1
Initial dataset creation
Initial dataset creation
Initial loss: 0.0037415872793644667
<__main__.Policy object at 0x14dfda6f7140>
0.0037415872793644667
Average loss over 5 updates: 0.0037
Round 1 took 0.3742961883544922s, results:
{'t': 0, 'current_accuracy': 1.0, 'current_loss': 0.003729731310158968, 'train_loss': 0.0036599624436348677, 'decision': 1, 'drift_rate': 0.0, 'target_domains': ['art_painting']}
Round 2 took 0.12759113311767578s, results:
{'t': 1, 'current_accuracy': 1.0, 'current_loss': 0.0036956369876861572, 'train_loss': None, 'decision': 0, 'drift_rate': 0.0, 'target_domains': ['art_painting']}
Round 3 took 0.12717127799987793s, results:
{'t': 2, 'current_accuracy': 1.0, 'current_loss': 0.0036956369876861572, 'train_loss': None, 'decision': 0, 'drift_rate': 0.0, 'target_domains': ['art_painting']}
Round 4 took 0.13149166107177734s, results:
{'t': 3, 'current_accuracy': 1.0, 'current_loss': 0.003695637104101479, 'train_loss': None, 'decision': 0, 'drift_rate': 0.0, 'target_domains': ['art_painting']}
Round 5 took 0.12724614143371582s, results:
{'t': 4, 'current_accuracy': 1.0, 'current_loss': 0.003695637104101479, 'train_loss': None, 'decision': 0, 'drift_rate': 0.0, 'target_domains': ['art_painting']}
Round 6 took 0.12729954719543457s, results:
{'t': 5, 'current_accuracy': 1.0, 'current_loss': 0.003695637220516801, 'train_loss': None, 'decision': 0, 'drift_rate': 0.0, 'target_domains': ['art_painting']}
Round 7 took 0.1272742748260498s, results:
{'t': 6, 'current_accuracy': 1.0, 'current_loss': 0.003695637220516801, 'train_loss': None, 'decision': 0, 'drift_rate': 0.0, 'target_domains': ['art_painting']}
Round 8 took 0.12705755233764648s, results:
{'t': 7, 'current_accuracy': 1.0, 'current_loss': 0.003695637104101479, 'train_loss': None, 'decision': 0, 'drift_rate': 0.0, 'target_domains': ['art_painting']}
Round 9 took 0.1271960735321045s, results:
{'t': 8, 'current_accuracy': 1.0, 'current_loss': 0.0036956367548555136, 'train_loss': None, 'decision': 0, 'drift_rate': 0.0, 'target_domains': ['art_painting']}
Round 10 took 0.12690305709838867s, results:
{'t': 9, 'current_accuracy': 1.0, 'current_loss': 0.0036956369876861572, 'train_loss': None, 'decision': 0, 'drift_rate': 0.0, 'target_domains': ['art_painting']}
Average loss over 5 updates: 0.0034
Round 11 took 0.2946035861968994s, results:
{'t': 10, 'current_accuracy': 1.0, 'current_loss': 0.0036956366384401917, 'train_loss': 0.0034404429607093334, 'decision': 1, 'drift_rate': 0.0, 'target_domains': ['art_painting']}
Round 12 took 0.12724852561950684s, results:
{'t': 11, 'current_accuracy': 1.0, 'current_loss': 0.00363663409370929, 'train_loss': None, 'decision': 0, 'drift_rate': 0.0, 'target_domains': ['art_painting']}
Round 13 took 0.1271500587463379s, results:
{'t': 12, 'current_accuracy': 1.0, 'current_loss': 0.0036366338608786464, 'train_loss': None, 'decision': 0, 'drift_rate': 0.0, 'target_domains': ['art_painting']}
Round 14 took 0.12720465660095215s, results:
{'t': 13, 'current_accuracy': 1.0, 'current_loss': 0.003636634210124612, 'train_loss': None, 'decision': 0, 'drift_rate': 0.0, 'target_domains': ['art_painting']}
Round 15 took 0.12704992294311523s, results:
{'t': 14, 'current_accuracy': 1.0, 'current_loss': 0.0036366338608786464, 'train_loss': None, 'decision': 0, 'drift_rate': 0.0, 'target_domains': ['art_painting']}
Round 16 took 0.12705445289611816s, results:
{'t': 15, 'current_accuracy': 1.0, 'current_loss': 0.0036366338608786464, 'train_loss': None, 'decision': 0, 'drift_rate': 0.0, 'target_domains': ['art_painting']}
Round 17 took 0.12723994255065918s, results:
{'t': 16, 'current_accuracy': 1.0, 'current_loss': 0.00363663409370929, 'train_loss': None, 'decision': 0, 'drift_rate': 0.0, 'target_domains': ['art_painting']}
Round 18 took 0.13216948509216309s, results:
{'t': 17, 'current_accuracy': 1.0, 'current_loss': 0.003636633977293968, 'train_loss': None, 'decision': 0, 'drift_rate': 0.0, 'target_domains': ['art_painting']}
Round 19 took 0.1276097297668457s, results:
{'t': 18, 'current_accuracy': 1.0, 'current_loss': 0.003636633977293968, 'train_loss': None, 'decision': 0, 'drift_rate': 0.0, 'target_domains': ['art_painting']}
Round 20 took 0.12766051292419434s, results:
{'t': 19, 'current_accuracy': 1.0, 'current_loss': 0.00363663409370929, 'train_loss': None, 'decision': 0, 'drift_rate': 0.0, 'target_domains': ['art_painting']}
Average loss over 5 updates: 0.0033
Round 21 took 0.2960691452026367s, results:
{'t': 20, 'current_accuracy': 1.0, 'current_loss': 0.003636634210124612, 'train_loss': 0.0033487024251371623, 'decision': 1, 'drift_rate': 0.0, 'target_domains': ['art_painting']}
Round 22 took 0.12766075134277344s, results:
{'t': 21, 'current_accuracy': 1.0, 'current_loss': 0.0035873985616490245, 'train_loss': None, 'decision': 0, 'drift_rate': 0.0, 'target_domains': ['art_painting']}
Round 23 took 0.127410888671875s, results:
{'t': 22, 'current_accuracy': 1.0, 'current_loss': 0.0035873984452337027, 'train_loss': None, 'decision': 0, 'drift_rate': 0.0, 'target_domains': ['art_painting']}
Round 24 took 0.1275327205657959s, results:
{'t': 23, 'current_accuracy': 1.0, 'current_loss': 0.0035873985616490245, 'train_loss': None, 'decision': 0, 'drift_rate': 0.0, 'target_domains': ['art_painting']}
Round 25 took 0.12746143341064453s, results:
{'t': 24, 'current_accuracy': 1.0, 'current_loss': 0.003587398794479668, 'train_loss': None, 'decision': 0, 'drift_rate': 0.0, 'target_domains': ['art_painting']}
Round 26 took 0.12753820419311523s, results:
{'t': 25, 'current_accuracy': 1.0, 'current_loss': 0.003587398794479668, 'train_loss': None, 'decision': 0, 'drift_rate': 0.0, 'target_domains': ['art_painting']}
Round 27 took 0.12746381759643555s, results:
{'t': 26, 'current_accuracy': 1.0, 'current_loss': 0.0035873986780643463, 'train_loss': None, 'decision': 0, 'drift_rate': 0.0, 'target_domains': ['art_painting']}
Round 28 took 0.1275925636291504s, results:
{'t': 27, 'current_accuracy': 1.0, 'current_loss': 0.0035873986780643463, 'train_loss': None, 'decision': 0, 'drift_rate': 0.0, 'target_domains': ['art_painting']}
Round 29 took 0.1274399757385254s, results:
{'t': 28, 'current_accuracy': 1.0, 'current_loss': 0.0035873985616490245, 'train_loss': None, 'decision': 0, 'drift_rate': 0.0, 'target_domains': ['art_painting']}
Round 30 took 0.12754178047180176s, results:
{'t': 29, 'current_accuracy': 1.0, 'current_loss': 0.0035873986780643463, 'train_loss': None, 'decision': 0, 'drift_rate': 0.0, 'target_domains': ['art_painting']}
Average loss over 5 updates: 0.0036
Round 31 took 0.29990458488464355s, results:
{'t': 30, 'current_accuracy': 1.0, 'current_loss': 0.0035873985616490245, 'train_loss': 0.0035850122570991517, 'decision': 1, 'drift_rate': 0.0, 'target_domains': ['art_painting']}
Round 32 took 0.12843775749206543s, results:
{'t': 31, 'current_accuracy': 1.0, 'current_loss': 0.003583101788535714, 'train_loss': None, 'decision': 0, 'drift_rate': 0.0, 'target_domains': ['art_painting']}
Round 33 took 0.12746787071228027s, results:
{'t': 32, 'current_accuracy': 1.0, 'current_loss': 0.003583102021366358, 'train_loss': None, 'decision': 0, 'drift_rate': 0.0, 'target_domains': ['art_painting']}
Round 34 took 0.1273188591003418s, results:
{'t': 33, 'current_accuracy': 1.0, 'current_loss': 0.0035831021377816796, 'train_loss': None, 'decision': 0, 'drift_rate': 0.0, 'target_domains': ['art_painting']}
Round 35 took 0.12718820571899414s, results:
{'t': 34, 'current_accuracy': 1.0, 'current_loss': 0.003583101788535714, 'train_loss': None, 'decision': 0, 'drift_rate': 0.0, 'target_domains': ['art_painting']}
Round 36 took 0.1274855136871338s, results:
{'t': 35, 'current_accuracy': 1.0, 'current_loss': 0.003583102021366358, 'train_loss': None, 'decision': 0, 'drift_rate': 0.0, 'target_domains': ['art_painting']}
Round 37 took 0.12729239463806152s, results:
{'t': 36, 'current_accuracy': 1.0, 'current_loss': 0.003583101904951036, 'train_loss': None, 'decision': 0, 'drift_rate': 0.0, 'target_domains': ['art_painting']}
Round 38 took 0.12735342979431152s, results:
{'t': 37, 'current_accuracy': 1.0, 'current_loss': 0.003583101788535714, 'train_loss': None, 'decision': 0, 'drift_rate': 0.0, 'target_domains': ['art_painting']}
Round 39 took 0.12760066986083984s, results:
{'t': 38, 'current_accuracy': 1.0, 'current_loss': 0.003583101904951036, 'train_loss': None, 'decision': 0, 'drift_rate': 0.0, 'target_domains': ['art_painting']}
Round 40 took 0.12747931480407715s, results:
{'t': 39, 'current_accuracy': 1.0, 'current_loss': 0.0035831015557050705, 'train_loss': None, 'decision': 0, 'drift_rate': 0.0, 'target_domains': ['art_painting']}
Average loss over 5 updates: 0.0036
Round 41 took 0.29329586029052734s, results:
{'t': 40, 'current_accuracy': 1.0, 'current_loss': 0.003583101904951036, 'train_loss': 0.0036032596137374638, 'decision': 1, 'drift_rate': 0.0, 'target_domains': ['art_painting']}
Round 42 took 0.12775135040283203s, results:
{'t': 41, 'current_accuracy': 1.0, 'current_loss': 0.003589186118915677, 'train_loss': None, 'decision': 0, 'drift_rate': 0.0, 'target_domains': ['art_painting']}
Round 43 took 0.127593994140625s, results:
{'t': 42, 'current_accuracy': 1.0, 'current_loss': 0.0035891858860850334, 'train_loss': None, 'decision': 0, 'drift_rate': 0.0, 'target_domains': ['art_painting']}
Round 44 took 0.1320953369140625s, results:
{'t': 43, 'current_accuracy': 1.0, 'current_loss': 0.0035891865845769644, 'train_loss': None, 'decision': 0, 'drift_rate': 0.0, 'target_domains': ['art_painting']}
Round 45 took 0.12830328941345215s, results:
{'t': 44, 'current_accuracy': 1.0, 'current_loss': 0.0035891863517463207, 'train_loss': None, 'decision': 0, 'drift_rate': 0.0, 'target_domains': ['art_painting']}
Round 46 took 0.13042783737182617s, results:
{'t': 45, 'current_accuracy': 0.7578125, 'current_loss': 2.0215001106262207, 'train_loss': None, 'decision': 0, 'drift_rate': 0.4, 'target_domains': ['photo']}
Round 47 took 0.13007688522338867s, results:
{'t': 46, 'current_accuracy': 0.53515625, 'current_loss': 3.634679079055786, 'train_loss': None, 'decision': 0, 'drift_rate': 0.4, 'target_domains': ['photo']}
Round 48 took 0.12950634956359863s, results:
{'t': 47, 'current_accuracy': 0.421875, 'current_loss': 4.425602436065674, 'train_loss': None, 'decision': 0, 'drift_rate': 0.4, 'target_domains': ['photo']}
Round 49 took 0.1278820037841797s, results:
{'t': 48, 'current_accuracy': 0.421875, 'current_loss': 4.425601959228516, 'train_loss': None, 'decision': 0, 'drift_rate': 0.0, 'target_domains': ['photo']}
Round 50 took 0.12769460678100586s, results:
{'t': 49, 'current_accuracy': 0.421875, 'current_loss': 4.425602674484253, 'train_loss': None, 'decision': 0, 'drift_rate': 0.0, 'target_domains': ['photo']}
Average loss over 5 updates: 6.3934
Round 51 took 0.300853967666626s, results:
{'t': 50, 'current_accuracy': 0.421875, 'current_loss': 4.425601959228516, 'train_loss': 6.393352031707764, 'decision': 1, 'drift_rate': 0.0, 'target_domains': ['photo']}
Round 52 took 0.1278212070465088s, results:
{'t': 51, 'current_accuracy': 0.4140625, 'current_loss': 3.114882707595825, 'train_loss': None, 'decision': 0, 'drift_rate': 0.0, 'target_domains': ['photo']}
Round 53 took 0.12758159637451172s, results:
{'t': 52, 'current_accuracy': 0.4140625, 'current_loss': 3.1148828268051147, 'train_loss': None, 'decision': 0, 'drift_rate': 0.0, 'target_domains': ['photo']}
Round 54 took 0.1276836395263672s, results:
{'t': 53, 'current_accuracy': 0.4140625, 'current_loss': 3.1148828268051147, 'train_loss': None, 'decision': 0, 'drift_rate': 0.0, 'target_domains': ['photo']}
Round 55 took 0.1276993751525879s, results:
{'t': 54, 'current_accuracy': 0.4140625, 'current_loss': 3.114882707595825, 'train_loss': None, 'decision': 0, 'drift_rate': 0.0, 'target_domains': ['photo']}
Round 56 took 0.1276867389678955s, results:
{'t': 55, 'current_accuracy': 0.4140625, 'current_loss': 3.114882707595825, 'train_loss': None, 'decision': 0, 'drift_rate': 0.0, 'target_domains': ['photo']}
Round 57 took 0.12764835357666016s, results:
{'t': 56, 'current_accuracy': 0.4140625, 'current_loss': 3.114882707595825, 'train_loss': None, 'decision': 0, 'drift_rate': 0.0, 'target_domains': ['photo']}
Round 58 took 0.13163280487060547s, results:
{'t': 57, 'current_accuracy': 0.4140625, 'current_loss': 3.1148828268051147, 'train_loss': None, 'decision': 0, 'drift_rate': 0.0, 'target_domains': ['photo']}
Round 59 took 0.12765288352966309s, results:
{'t': 58, 'current_accuracy': 0.4140625, 'current_loss': 3.1148828268051147, 'train_loss': None, 'decision': 0, 'drift_rate': 0.0, 'target_domains': ['photo']}
Round 60 took 0.12778902053833008s, results:
{'t': 59, 'current_accuracy': 0.4140625, 'current_loss': 3.1148828268051147, 'train_loss': None, 'decision': 0, 'drift_rate': 0.0, 'target_domains': ['photo']}
Average loss over 5 updates: 1.8918
Round 61 took 0.29591846466064453s, results:
{'t': 60, 'current_accuracy': 0.4140625, 'current_loss': 3.1148828268051147, 'train_loss': 1.8918371438980102, 'decision': 1, 'drift_rate': 0.0, 'target_domains': ['photo']}
Round 62 took 0.12772774696350098s, results:
{'t': 61, 'current_accuracy': 0.51953125, 'current_loss': 1.3995850086212158, 'train_loss': None, 'decision': 0, 'drift_rate': 0.0, 'target_domains': ['photo']}
Round 63 took 0.12772369384765625s, results:
{'t': 62, 'current_accuracy': 0.51953125, 'current_loss': 1.3995848298072815, 'train_loss': None, 'decision': 0, 'drift_rate': 0.0, 'target_domains': ['photo']}
Round 64 took 0.1275184154510498s, results:
{'t': 63, 'current_accuracy': 0.51953125, 'current_loss': 1.399584949016571, 'train_loss': None, 'decision': 0, 'drift_rate': 0.0, 'target_domains': ['photo']}
Round 65 took 0.12758517265319824s, results:
{'t': 64, 'current_accuracy': 0.51953125, 'current_loss': 1.3995848298072815, 'train_loss': None, 'decision': 0, 'drift_rate': 0.0, 'target_domains': ['photo']}
Round 66 took 0.12781524658203125s, results:
{'t': 65, 'current_accuracy': 0.51953125, 'current_loss': 1.3995848298072815, 'train_loss': None, 'decision': 0, 'drift_rate': 0.0, 'target_domains': ['photo']}
Round 67 took 0.12767815589904785s, results:
{'t': 66, 'current_accuracy': 0.51953125, 'current_loss': 1.399584949016571, 'train_loss': None, 'decision': 0, 'drift_rate': 0.0, 'target_domains': ['photo']}
Round 68 took 0.1278247833251953s, results:
{'t': 67, 'current_accuracy': 0.51953125, 'current_loss': 1.399584710597992, 'train_loss': None, 'decision': 0, 'drift_rate': 0.0, 'target_domains': ['photo']}
Round 69 took 0.1273488998413086s, results:
{'t': 68, 'current_accuracy': 0.51953125, 'current_loss': 1.3995847702026367, 'train_loss': None, 'decision': 0, 'drift_rate': 0.0, 'target_domains': ['photo']}
Round 70 took 0.12744641304016113s, results:
{'t': 69, 'current_accuracy': 0.51953125, 'current_loss': 1.3995850682258606, 'train_loss': None, 'decision': 0, 'drift_rate': 0.0, 'target_domains': ['photo']}
Average loss over 5 updates: 1.3697
Round 71 took 0.2975444793701172s, results:
{'t': 70, 'current_accuracy': 0.51953125, 'current_loss': 1.399584949016571, 'train_loss': 1.3697360038757325, 'decision': 1, 'drift_rate': 0.0, 'target_domains': ['photo']}
Round 72 took 0.1279737949371338s, results:
{'t': 71, 'current_accuracy': 0.58984375, 'current_loss': 1.1870942115783691, 'train_loss': None, 'decision': 0, 'drift_rate': 0.0, 'target_domains': ['photo']}
Round 73 took 0.12749743461608887s, results:
{'t': 72, 'current_accuracy': 0.58984375, 'current_loss': 1.187094271183014, 'train_loss': None, 'decision': 0, 'drift_rate': 0.0, 'target_domains': ['photo']}
Round 74 took 0.1275792121887207s, results:
{'t': 73, 'current_accuracy': 0.58984375, 'current_loss': 1.1870942115783691, 'train_loss': None, 'decision': 0, 'drift_rate': 0.0, 'target_domains': ['photo']}
Round 75 took 0.12746310234069824s, results:
{'t': 74, 'current_accuracy': 0.58984375, 'current_loss': 1.1870943307876587, 'train_loss': None, 'decision': 0, 'drift_rate': 0.0, 'target_domains': ['photo']}
Round 76 took 0.12743926048278809s, results:
{'t': 75, 'current_accuracy': 0.58984375, 'current_loss': 1.1870940327644348, 'train_loss': None, 'decision': 0, 'drift_rate': 0.0, 'target_domains': ['photo']}
Round 77 took 0.12758207321166992s, results:
{'t': 76, 'current_accuracy': 0.58984375, 'current_loss': 1.187094271183014, 'train_loss': None, 'decision': 0, 'drift_rate': 0.0, 'target_domains': ['photo']}
Round 78 took 0.1275031566619873s, results:
{'t': 77, 'current_accuracy': 0.58984375, 'current_loss': 1.1870941519737244, 'train_loss': None, 'decision': 0, 'drift_rate': 0.0, 'target_domains': ['photo']}
Round 79 took 0.1276557445526123s, results:
{'t': 78, 'current_accuracy': 0.58984375, 'current_loss': 1.1870942115783691, 'train_loss': None, 'decision': 0, 'drift_rate': 0.0, 'target_domains': ['photo']}
Round 80 took 0.12748503684997559s, results:
{'t': 79, 'current_accuracy': 0.58984375, 'current_loss': 1.1870942115783691, 'train_loss': None, 'decision': 0, 'drift_rate': 0.0, 'target_domains': ['photo']}
Average loss over 5 updates: 1.1337
Round 81 took 0.2921614646911621s, results:
{'t': 80, 'current_accuracy': 0.58984375, 'current_loss': 1.1870941519737244, 'train_loss': 1.1336862444877625, 'decision': 1, 'drift_rate': 0.0, 'target_domains': ['photo']}
Round 82 took 0.12754011154174805s, results:
{'t': 81, 'current_accuracy': 0.60546875, 'current_loss': 1.1263737678527832, 'train_loss': None, 'decision': 0, 'drift_rate': 0.0, 'target_domains': ['photo']}
Round 83 took 0.1271679401397705s, results:
{'t': 82, 'current_accuracy': 0.60546875, 'current_loss': 1.1263738870620728, 'train_loss': None, 'decision': 0, 'drift_rate': 0.0, 'target_domains': ['photo']}
Round 84 took 0.12732934951782227s, results:
{'t': 83, 'current_accuracy': 0.60546875, 'current_loss': 1.1263737678527832, 'train_loss': None, 'decision': 0, 'drift_rate': 0.0, 'target_domains': ['photo']}
Round 85 took 0.13076043128967285s, results:
{'t': 84, 'current_accuracy': 0.60546875, 'current_loss': 1.1263737082481384, 'train_loss': None, 'decision': 0, 'drift_rate': 0.0, 'target_domains': ['photo']}
Round 86 took 0.12773609161376953s, results:
{'t': 85, 'current_accuracy': 0.60546875, 'current_loss': 1.126373827457428, 'train_loss': None, 'decision': 0, 'drift_rate': 0.0, 'target_domains': ['photo']}
Round 87 took 0.12772727012634277s, results:
{'t': 86, 'current_accuracy': 0.60546875, 'current_loss': 1.1263738870620728, 'train_loss': None, 'decision': 0, 'drift_rate': 0.0, 'target_domains': ['photo']}
Round 88 took 0.12766313552856445s, results:
{'t': 87, 'current_accuracy': 0.60546875, 'current_loss': 1.1263737380504608, 'train_loss': None, 'decision': 0, 'drift_rate': 0.0, 'target_domains': ['photo']}
Round 89 took 0.1276838779449463s, results:
{'t': 88, 'current_accuracy': 0.60546875, 'current_loss': 1.126373827457428, 'train_loss': None, 'decision': 0, 'drift_rate': 0.0, 'target_domains': ['photo']}
Round 90 took 0.12759017944335938s, results:
{'t': 89, 'current_accuracy': 0.60546875, 'current_loss': 1.1263738870620728, 'train_loss': None, 'decision': 0, 'drift_rate': 0.0, 'target_domains': ['photo']}
Average loss over 5 updates: 1.0918
Round 91 took 0.2927987575531006s, results:
{'t': 90, 'current_accuracy': 0.60546875, 'current_loss': 1.1263737082481384, 'train_loss': 1.0917513966560364, 'decision': 1, 'drift_rate': 0.0, 'target_domains': ['photo']}
Round 92 took 0.12775969505310059s, results:
{'t': 91, 'current_accuracy': 0.6328125, 'current_loss': 1.0497425198554993, 'train_loss': None, 'decision': 0, 'drift_rate': 0.0, 'target_domains': ['photo']}
Round 93 took 0.12784504890441895s, results:
{'t': 92, 'current_accuracy': 0.6328125, 'current_loss': 1.049742341041565, 'train_loss': None, 'decision': 0, 'drift_rate': 0.0, 'target_domains': ['photo']}
Round 94 took 0.12772417068481445s, results:
{'t': 93, 'current_accuracy': 0.6328125, 'current_loss': 1.0497424602508545, 'train_loss': None, 'decision': 0, 'drift_rate': 0.0, 'target_domains': ['photo']}
Round 95 took 0.12787866592407227s, results:
{'t': 94, 'current_accuracy': 0.6328125, 'current_loss': 1.049742341041565, 'train_loss': None, 'decision': 0, 'drift_rate': 0.0, 'target_domains': ['photo']}
Round 96 took 0.1280066967010498s, results:
{'t': 95, 'current_accuracy': 0.6328125, 'current_loss': 1.0497425496578217, 'train_loss': None, 'decision': 0, 'drift_rate': 0.0, 'target_domains': ['photo']}
Round 97 took 0.12771201133728027s, results:
{'t': 96, 'current_accuracy': 0.6328125, 'current_loss': 1.0497423112392426, 'train_loss': None, 'decision': 0, 'drift_rate': 0.0, 'target_domains': ['photo']}
Round 98 took 0.12753033638000488s, results:
{'t': 97, 'current_accuracy': 0.6328125, 'current_loss': 1.049742341041565, 'train_loss': None, 'decision': 0, 'drift_rate': 0.0, 'target_domains': ['photo']}
Round 99 took 0.13219332695007324s, results:
{'t': 98, 'current_accuracy': 0.6328125, 'current_loss': 1.0497425198554993, 'train_loss': None, 'decision': 0, 'drift_rate': 0.0, 'target_domains': ['photo']}
Round 100 took 0.12907695770263672s, results:
{'t': 99, 'current_accuracy': 0.6328125, 'current_loss': 1.0497423708438873, 'train_loss': None, 'decision': 0, 'drift_rate': 0.0, 'target_domains': ['photo']}
Average loss over 5 updates: 1.0365
Round 101 took 0.29501986503601074s, results:
{'t': 100, 'current_accuracy': 0.6328125, 'current_loss': 1.0497424602508545, 'train_loss': 1.036488115787506, 'decision': 1, 'drift_rate': 0.0, 'target_domains': ['photo']}
Round 102 took 0.12771058082580566s, results:
{'t': 101, 'current_accuracy': 0.66796875, 'current_loss': 0.9924515187740326, 'train_loss': None, 'decision': 0, 'drift_rate': 0.0, 'target_domains': ['photo']}
Round 103 took 0.12760162353515625s, results:
{'t': 102, 'current_accuracy': 0.66796875, 'current_loss': 0.9924514889717102, 'train_loss': None, 'decision': 0, 'drift_rate': 0.0, 'target_domains': ['photo']}
Round 104 took 0.12771105766296387s, results:
{'t': 103, 'current_accuracy': 0.66796875, 'current_loss': 0.992451399564743, 'train_loss': None, 'decision': 0, 'drift_rate': 0.0, 'target_domains': ['photo']}
Round 105 took 0.12775349617004395s, results:
{'t': 104, 'current_accuracy': 0.66796875, 'current_loss': 0.9924515783786774, 'train_loss': None, 'decision': 0, 'drift_rate': 0.0, 'target_domains': ['photo']}
Round 106 took 0.1308002471923828s, results:
{'t': 105, 'current_accuracy': 0.51171875, 'current_loss': 1.7762609124183655, 'train_loss': None, 'decision': 0, 'drift_rate': 0.4, 'target_domains': ['cartoon']}
Round 107 took 0.13059306144714355s, results:
{'t': 106, 'current_accuracy': 0.3359375, 'current_loss': 2.6425377130508423, 'train_loss': None, 'decision': 0, 'drift_rate': 0.4, 'target_domains': ['cartoon']}
Round 108 took 0.12909317016601562s, results:
{'t': 107, 'current_accuracy': 0.234375, 'current_loss': 3.0972132682800293, 'train_loss': None, 'decision': 0, 'drift_rate': 0.4, 'target_domains': ['cartoon']}
Round 109 took 0.1278390884399414s, results:
{'t': 108, 'current_accuracy': 0.234375, 'current_loss': 3.0972131490707397, 'train_loss': None, 'decision': 0, 'drift_rate': 0.0, 'target_domains': ['cartoon']}
Round 110 took 0.12768793106079102s, results:
{'t': 109, 'current_accuracy': 0.234375, 'current_loss': 3.097212791442871, 'train_loss': None, 'decision': 0, 'drift_rate': 0.0, 'target_domains': ['cartoon']}
Average loss over 5 updates: 2.8160
Round 111 took 0.30292201042175293s, results:
{'t': 110, 'current_accuracy': 0.234375, 'current_loss': 3.09721302986145, 'train_loss': 2.8160198450088503, 'decision': 1, 'drift_rate': 0.0, 'target_domains': ['cartoon']}
Round 112 took 0.1286168098449707s, results:
{'t': 111, 'current_accuracy': 0.40625, 'current_loss': 1.7032291293144226, 'train_loss': None, 'decision': 0, 'drift_rate': 0.0, 'target_domains': ['cartoon']}
Round 113 took 0.1280193328857422s, results:
{'t': 112, 'current_accuracy': 0.40625, 'current_loss': 1.703229308128357, 'train_loss': None, 'decision': 0, 'drift_rate': 0.0, 'target_domains': ['cartoon']}
Round 114 took 0.1277635097503662s, results:
{'t': 113, 'current_accuracy': 0.40625, 'current_loss': 1.703229308128357, 'train_loss': None, 'decision': 0, 'drift_rate': 0.0, 'target_domains': ['cartoon']}
Round 115 took 0.12788057327270508s, results:
{'t': 114, 'current_accuracy': 0.40625, 'current_loss': 1.7032291889190674, 'train_loss': None, 'decision': 0, 'drift_rate': 0.0, 'target_domains': ['cartoon']}
Round 116 took 0.12773990631103516s, results:
{'t': 115, 'current_accuracy': 0.40625, 'current_loss': 1.7032291293144226, 'train_loss': None, 'decision': 0, 'drift_rate': 0.0, 'target_domains': ['cartoon']}
Round 117 took 0.12772679328918457s, results:
{'t': 116, 'current_accuracy': 0.40625, 'current_loss': 1.7032292485237122, 'train_loss': None, 'decision': 0, 'drift_rate': 0.0, 'target_domains': ['cartoon']}
Round 118 took 0.12792754173278809s, results:
{'t': 117, 'current_accuracy': 0.40625, 'current_loss': 1.7032292485237122, 'train_loss': None, 'decision': 0, 'drift_rate': 0.0, 'target_domains': ['cartoon']}
Round 119 took 0.12775516510009766s, results:
{'t': 118, 'current_accuracy': 0.40625, 'current_loss': 1.7032291889190674, 'train_loss': None, 'decision': 0, 'drift_rate': 0.0, 'target_domains': ['cartoon']}
Round 120 took 0.127824068069458s, results:
{'t': 119, 'current_accuracy': 0.40625, 'current_loss': 1.7032292485237122, 'train_loss': None, 'decision': 0, 'drift_rate': 0.0, 'target_domains': ['cartoon']}
Average loss over 5 updates: 1.6457
Round 121 took 0.29601240158081055s, results:
{'t': 120, 'current_accuracy': 0.40625, 'current_loss': 1.7032292485237122, 'train_loss': 1.6456604957580567, 'decision': 1, 'drift_rate': 0.0, 'target_domains': ['cartoon']}
Round 122 took 0.12777972221374512s, results:
{'t': 121, 'current_accuracy': 0.46875, 'current_loss': 1.4742931127548218, 'train_loss': None, 'decision': 0, 'drift_rate': 0.0, 'target_domains': ['cartoon']}
Round 123 took 0.1277608871459961s, results:
{'t': 122, 'current_accuracy': 0.46875, 'current_loss': 1.4742931723594666, 'train_loss': None, 'decision': 0, 'drift_rate': 0.0, 'target_domains': ['cartoon']}
Round 124 took 0.1277768611907959s, results:
{'t': 123, 'current_accuracy': 0.46875, 'current_loss': 1.4742934107780457, 'train_loss': None, 'decision': 0, 'drift_rate': 0.0, 'target_domains': ['cartoon']}
Round 125 took 0.12771368026733398s, results:
{'t': 124, 'current_accuracy': 0.46875, 'current_loss': 1.4742931723594666, 'train_loss': None, 'decision': 0, 'drift_rate': 0.0, 'target_domains': ['cartoon']}
Round 126 took 0.12758374214172363s, results:
{'t': 125, 'current_accuracy': 0.46875, 'current_loss': 1.4742934703826904, 'train_loss': None, 'decision': 0, 'drift_rate': 0.0, 'target_domains': ['cartoon']}
Round 127 took 0.12777495384216309s, results:
{'t': 126, 'current_accuracy': 0.46875, 'current_loss': 1.474293291568756, 'train_loss': None, 'decision': 0, 'drift_rate': 0.0, 'target_domains': ['cartoon']}
Round 128 took 0.12769269943237305s, results:
{'t': 127, 'current_accuracy': 0.46875, 'current_loss': 1.474293053150177, 'train_loss': None, 'decision': 0, 'drift_rate': 0.0, 'target_domains': ['cartoon']}
Round 129 took 0.12773561477661133s, results:
{'t': 128, 'current_accuracy': 0.46875, 'current_loss': 1.4742932319641113, 'train_loss': None, 'decision': 0, 'drift_rate': 0.0, 'target_domains': ['cartoon']}
Round 130 took 0.13146376609802246s, results:
{'t': 129, 'current_accuracy': 0.46875, 'current_loss': 1.4742931723594666, 'train_loss': None, 'decision': 0, 'drift_rate': 0.0, 'target_domains': ['cartoon']}
Average loss over 5 updates: 1.4014
Round 131 took 0.2962656021118164s, results:
{'t': 130, 'current_accuracy': 0.46875, 'current_loss': 1.4742933511734009, 'train_loss': 1.4013713598251343, 'decision': 1, 'drift_rate': 0.0, 'target_domains': ['cartoon']}
Round 132 took 0.12792372703552246s, results:
{'t': 131, 'current_accuracy': 0.4765625, 'current_loss': 1.4344790577888489, 'train_loss': None, 'decision': 0, 'drift_rate': 0.0, 'target_domains': ['cartoon']}
Round 133 took 0.12774991989135742s, results:
{'t': 132, 'current_accuracy': 0.4765625, 'current_loss': 1.434478998184204, 'train_loss': None, 'decision': 0, 'drift_rate': 0.0, 'target_domains': ['cartoon']}
Round 134 took 0.1276552677154541s, results:
{'t': 133, 'current_accuracy': 0.4765625, 'current_loss': 1.4344790577888489, 'train_loss': None, 'decision': 0, 'drift_rate': 0.0, 'target_domains': ['cartoon']}
Round 135 took 0.12775015830993652s, results:
{'t': 134, 'current_accuracy': 0.4765625, 'current_loss': 1.4344792366027832, 'train_loss': None, 'decision': 0, 'drift_rate': 0.0, 'target_domains': ['cartoon']}
Round 136 took 0.12794280052185059s, results:
{'t': 135, 'current_accuracy': 0.4765625, 'current_loss': 1.4344790577888489, 'train_loss': None, 'decision': 0, 'drift_rate': 0.0, 'target_domains': ['cartoon']}
Round 137 took 0.12774658203125s, results:
{'t': 136, 'current_accuracy': 0.4765625, 'current_loss': 1.4344790577888489, 'train_loss': None, 'decision': 0, 'drift_rate': 0.0, 'target_domains': ['cartoon']}
Round 138 took 0.1276695728302002s, results:
{'t': 137, 'current_accuracy': 0.4765625, 'current_loss': 1.4344790577888489, 'train_loss': None, 'decision': 0, 'drift_rate': 0.0, 'target_domains': ['cartoon']}
Round 139 took 0.12802815437316895s, results:
{'t': 138, 'current_accuracy': 0.4765625, 'current_loss': 1.4344791173934937, 'train_loss': None, 'decision': 0, 'drift_rate': 0.0, 'target_domains': ['cartoon']}
Round 140 took 0.1279582977294922s, results:
{'t': 139, 'current_accuracy': 0.4765625, 'current_loss': 1.4344790577888489, 'train_loss': None, 'decision': 0, 'drift_rate': 0.0, 'target_domains': ['cartoon']}
Average loss over 5 updates: 1.3252
Round 141 took 0.2939746379852295s, results:
{'t': 140, 'current_accuracy': 0.4765625, 'current_loss': 1.4344792366027832, 'train_loss': 1.3251791954040528, 'decision': 1, 'drift_rate': 0.0, 'target_domains': ['cartoon']}
Round 142 took 0.1279892921447754s, results:
{'t': 141, 'current_accuracy': 0.53515625, 'current_loss': 1.312972068786621, 'train_loss': None, 'decision': 0, 'drift_rate': 0.0, 'target_domains': ['cartoon']}
Round 143 took 0.12780976295471191s, results:
{'t': 142, 'current_accuracy': 0.53515625, 'current_loss': 1.3129721879959106, 'train_loss': None, 'decision': 0, 'drift_rate': 0.0, 'target_domains': ['cartoon']}
Round 144 took 0.12759757041931152s, results:
{'t': 143, 'current_accuracy': 0.53515625, 'current_loss': 1.3129719495773315, 'train_loss': None, 'decision': 0, 'drift_rate': 0.0, 'target_domains': ['cartoon']}
Round 145 took 0.1277017593383789s, results:
{'t': 144, 'current_accuracy': 0.53515625, 'current_loss': 1.3129722476005554, 'train_loss': None, 'decision': 0, 'drift_rate': 0.0, 'target_domains': ['cartoon']}
Round 146 took 0.12767696380615234s, results:
{'t': 145, 'current_accuracy': 0.53515625, 'current_loss': 1.3129721879959106, 'train_loss': None, 'decision': 0, 'drift_rate': 0.0, 'target_domains': ['cartoon']}
Round 147 took 0.13265752792358398s, results:
{'t': 146, 'current_accuracy': 0.53515625, 'current_loss': 1.3129722476005554, 'train_loss': None, 'decision': 0, 'drift_rate': 0.0, 'target_domains': ['cartoon']}
Round 148 took 0.12773418426513672s, results:
{'t': 147, 'current_accuracy': 0.53515625, 'current_loss': 1.3129721283912659, 'train_loss': None, 'decision': 0, 'drift_rate': 0.0, 'target_domains': ['cartoon']}
Round 149 took 0.1276719570159912s, results:
{'t': 148, 'current_accuracy': 0.53515625, 'current_loss': 1.3129722476005554, 'train_loss': None, 'decision': 0, 'drift_rate': 0.0, 'target_domains': ['cartoon']}
Round 150 took 0.12782597541809082s, results:
{'t': 149, 'current_accuracy': 0.53515625, 'current_loss': 1.3129721879959106, 'train_loss': None, 'decision': 0, 'drift_rate': 0.0, 'target_domains': ['cartoon']}
Average loss over 5 updates: 1.2656
Round 151 took 0.2965366840362549s, results:
{'t': 150, 'current_accuracy': 0.53515625, 'current_loss': 1.3129721283912659, 'train_loss': 1.2656197547912598, 'decision': 1, 'drift_rate': 0.0, 'target_domains': ['cartoon']}
Round 152 took 0.12800908088684082s, results:
{'t': 151, 'current_accuracy': 0.5234375, 'current_loss': 1.2490527033805847, 'train_loss': None, 'decision': 0, 'drift_rate': 0.0, 'target_domains': ['cartoon']}
Round 153 took 0.12790560722351074s, results:
{'t': 152, 'current_accuracy': 0.5234375, 'current_loss': 1.2490529417991638, 'train_loss': None, 'decision': 0, 'drift_rate': 0.0, 'target_domains': ['cartoon']}
Round 154 took 0.12801814079284668s, results:
{'t': 153, 'current_accuracy': 0.5234375, 'current_loss': 1.2490528225898743, 'train_loss': None, 'decision': 0, 'drift_rate': 0.0, 'target_domains': ['cartoon']}
Round 155 took 0.12772798538208008s, results:
{'t': 154, 'current_accuracy': 0.5234375, 'current_loss': 1.2490528225898743, 'train_loss': None, 'decision': 0, 'drift_rate': 0.0, 'target_domains': ['cartoon']}
Round 156 took 0.1280534267425537s, results:
{'t': 155, 'current_accuracy': 0.5234375, 'current_loss': 1.249052882194519, 'train_loss': None, 'decision': 0, 'drift_rate': 0.0, 'target_domains': ['cartoon']}
Round 157 took 0.128068208694458s, results:
{'t': 156, 'current_accuracy': 0.5234375, 'current_loss': 1.2490530610084534, 'train_loss': None, 'decision': 0, 'drift_rate': 0.0, 'target_domains': ['cartoon']}
Round 158 took 0.1279773712158203s, results:
{'t': 157, 'current_accuracy': 0.5234375, 'current_loss': 1.2490529417991638, 'train_loss': None, 'decision': 0, 'drift_rate': 0.0, 'target_domains': ['cartoon']}
Round 159 took 0.1280231475830078s, results:
{'t': 158, 'current_accuracy': 0.5234375, 'current_loss': 1.249052882194519, 'train_loss': None, 'decision': 0, 'drift_rate': 0.0, 'target_domains': ['cartoon']}
Round 160 took 0.12801098823547363s, results:
{'t': 159, 'current_accuracy': 0.5234375, 'current_loss': 1.2490527629852295, 'train_loss': None, 'decision': 0, 'drift_rate': 0.0, 'target_domains': ['cartoon']}
Average loss over 5 updates: 1.1699
Round 161 took 0.294893741607666s, results:
{'t': 160, 'current_accuracy': 0.5234375, 'current_loss': 1.2490529417991638, 'train_loss': 1.1699380159378052, 'decision': 1, 'drift_rate': 0.0, 'target_domains': ['cartoon']}
Round 162 took 0.12797832489013672s, results:
{'t': 161, 'current_accuracy': 0.5390625, 'current_loss': 1.2112993001937866, 'train_loss': None, 'decision': 0, 'drift_rate': 0.0, 'target_domains': ['cartoon']}
Round 163 took 0.12752270698547363s, results:
{'t': 162, 'current_accuracy': 0.5390625, 'current_loss': 1.2112994194030762, 'train_loss': None, 'decision': 0, 'drift_rate': 0.0, 'target_domains': ['cartoon']}
Round 164 took 0.13249707221984863s, results:
{'t': 163, 'current_accuracy': 0.5390625, 'current_loss': 1.2112993001937866, 'train_loss': None, 'decision': 0, 'drift_rate': 0.0, 'target_domains': ['cartoon']}
Round 165 took 0.1276564598083496s, results:
{'t': 164, 'current_accuracy': 0.5390625, 'current_loss': 1.2112993001937866, 'train_loss': None, 'decision': 0, 'drift_rate': 0.0, 'target_domains': ['cartoon']}
Round 166 took 0.13205695152282715s, results:
{'t': 165, 'current_accuracy': 0.3984375, 'current_loss': 1.6785854697227478, 'train_loss': None, 'decision': 0, 'drift_rate': 0.4, 'target_domains': ['sketch']}
Round 167 took 0.13198328018188477s, results:
{'t': 166, 'current_accuracy': 0.234375, 'current_loss': 2.2113571166992188, 'train_loss': None, 'decision': 0, 'drift_rate': 0.4, 'target_domains': ['sketch']}
Round 168 took 0.12976861000061035s, results:
{'t': 167, 'current_accuracy': 0.14453125, 'current_loss': 2.504015564918518, 'train_loss': None, 'decision': 0, 'drift_rate': 0.4, 'target_domains': ['sketch']}
Round 169 took 0.12731623649597168s, results:
{'t': 168, 'current_accuracy': 0.14453125, 'current_loss': 2.5040159225463867, 'train_loss': None, 'decision': 0, 'drift_rate': 0.0, 'target_domains': ['sketch']}
Round 170 took 0.12758135795593262s, results:
{'t': 169, 'current_accuracy': 0.14453125, 'current_loss': 2.5040159225463867, 'train_loss': None, 'decision': 0, 'drift_rate': 0.0, 'target_domains': ['sketch']}
Average loss over 5 updates: 2.2241
Round 171 took 0.3118619918823242s, results:
{'t': 170, 'current_accuracy': 0.14453125, 'current_loss': 2.5040160417556763, 'train_loss': 2.2240557193756105, 'decision': 1, 'drift_rate': 0.0, 'target_domains': ['sketch']}
Round 172 took 0.12768220901489258s, results:
{'t': 171, 'current_accuracy': 0.1796875, 'current_loss': 1.9080877900123596, 'train_loss': None, 'decision': 0, 'drift_rate': 0.0, 'target_domains': ['sketch']}
Round 173 took 0.12754201889038086s, results:
{'t': 172, 'current_accuracy': 0.1796875, 'current_loss': 1.9080877304077148, 'train_loss': None, 'decision': 0, 'drift_rate': 0.0, 'target_domains': ['sketch']}
Round 174 took 0.12758779525756836s, results:
{'t': 173, 'current_accuracy': 0.1796875, 'current_loss': 1.908087968826294, 'train_loss': None, 'decision': 0, 'drift_rate': 0.0, 'target_domains': ['sketch']}
Round 175 took 0.12758994102478027s, results:
{'t': 174, 'current_accuracy': 0.1796875, 'current_loss': 1.9080878496170044, 'train_loss': None, 'decision': 0, 'drift_rate': 0.0, 'target_domains': ['sketch']}
Round 176 took 0.12758326530456543s, results:
{'t': 175, 'current_accuracy': 0.1796875, 'current_loss': 1.9080878496170044, 'train_loss': None, 'decision': 0, 'drift_rate': 0.0, 'target_domains': ['sketch']}
Round 177 took 0.12746167182922363s, results:
{'t': 176, 'current_accuracy': 0.1796875, 'current_loss': 1.9080879092216492, 'train_loss': None, 'decision': 0, 'drift_rate': 0.0, 'target_domains': ['sketch']}
Round 178 took 0.12729406356811523s, results:
{'t': 177, 'current_accuracy': 0.1796875, 'current_loss': 1.9080877900123596, 'train_loss': None, 'decision': 0, 'drift_rate': 0.0, 'target_domains': ['sketch']}
Round 179 took 0.12769699096679688s, results:
{'t': 178, 'current_accuracy': 0.1796875, 'current_loss': 1.9080877900123596, 'train_loss': None, 'decision': 0, 'drift_rate': 0.0, 'target_domains': ['sketch']}
Round 180 took 0.12749552726745605s, results:
{'t': 179, 'current_accuracy': 0.1796875, 'current_loss': 1.9080879092216492, 'train_loss': None, 'decision': 0, 'drift_rate': 0.0, 'target_domains': ['sketch']}
Average loss over 5 updates: 1.8487
Round 181 took 0.30562520027160645s, results:
{'t': 180, 'current_accuracy': 0.1796875, 'current_loss': 1.90808767080307, 'train_loss': 1.8486753463745118, 'decision': 1, 'drift_rate': 0.0, 'target_domains': ['sketch']}
Round 182 took 0.12918949127197266s, results:
{'t': 181, 'current_accuracy': 0.37109375, 'current_loss': 1.717732012271881, 'train_loss': None, 'decision': 0, 'drift_rate': 0.0, 'target_domains': ['sketch']}
Round 183 took 0.12736010551452637s, results:
{'t': 182, 'current_accuracy': 0.37109375, 'current_loss': 1.7177319526672363, 'train_loss': None, 'decision': 0, 'drift_rate': 0.0, 'target_domains': ['sketch']}
Round 184 took 0.1275031566619873s, results:
{'t': 183, 'current_accuracy': 0.37109375, 'current_loss': 1.7177320718765259, 'train_loss': None, 'decision': 0, 'drift_rate': 0.0, 'target_domains': ['sketch']}
Round 185 took 0.1274709701538086s, results:
{'t': 184, 'current_accuracy': 0.37109375, 'current_loss': 1.7177321314811707, 'train_loss': None, 'decision': 0, 'drift_rate': 0.0, 'target_domains': ['sketch']}
Round 186 took 0.12725567817687988s, results:
{'t': 185, 'current_accuracy': 0.37109375, 'current_loss': 1.7177320718765259, 'train_loss': None, 'decision': 0, 'drift_rate': 0.0, 'target_domains': ['sketch']}
Round 187 took 0.12744832038879395s, results:
{'t': 186, 'current_accuracy': 0.37109375, 'current_loss': 1.7177318930625916, 'train_loss': None, 'decision': 0, 'drift_rate': 0.0, 'target_domains': ['sketch']}
Round 188 took 0.12758946418762207s, results:
{'t': 187, 'current_accuracy': 0.37109375, 'current_loss': 1.7177321314811707, 'train_loss': None, 'decision': 0, 'drift_rate': 0.0, 'target_domains': ['sketch']}
Round 189 took 0.1272904872894287s, results:
{'t': 188, 'current_accuracy': 0.37109375, 'current_loss': 1.717732012271881, 'train_loss': None, 'decision': 0, 'drift_rate': 0.0, 'target_domains': ['sketch']}
Round 190 took 0.12737107276916504s, results:
{'t': 189, 'current_accuracy': 0.37109375, 'current_loss': 1.7177321910858154, 'train_loss': None, 'decision': 0, 'drift_rate': 0.0, 'target_domains': ['sketch']}
Average loss over 5 updates: 1.7187
Round 191 took 0.2955818176269531s, results:
{'t': 190, 'current_accuracy': 0.37109375, 'current_loss': 1.7177321910858154, 'train_loss': 1.718711256980896, 'decision': 1, 'drift_rate': 0.0, 'target_domains': ['sketch']}
Round 192 took 0.1277482509613037s, results:
{'t': 191, 'current_accuracy': 0.37109375, 'current_loss': 1.6100115180015564, 'train_loss': None, 'decision': 0, 'drift_rate': 0.0, 'target_domains': ['sketch']}
Round 193 took 0.1274878978729248s, results:
{'t': 192, 'current_accuracy': 0.37109375, 'current_loss': 1.6100112199783325, 'train_loss': None, 'decision': 0, 'drift_rate': 0.0, 'target_domains': ['sketch']}
Round 194 took 0.12733244895935059s, results:
{'t': 193, 'current_accuracy': 0.37109375, 'current_loss': 1.610011339187622, 'train_loss': None, 'decision': 0, 'drift_rate': 0.0, 'target_domains': ['sketch']}
Round 195 took 0.12762737274169922s, results:
{'t': 194, 'current_accuracy': 0.37109375, 'current_loss': 1.6100112199783325, 'train_loss': None, 'decision': 0, 'drift_rate': 0.0, 'target_domains': ['sketch']}
Round 196 took 0.12737011909484863s, results:
{'t': 195, 'current_accuracy': 0.37109375, 'current_loss': 1.6100112795829773, 'train_loss': None, 'decision': 0, 'drift_rate': 0.0, 'target_domains': ['sketch']}
Round 197 took 0.12724709510803223s, results:
{'t': 196, 'current_accuracy': 0.37109375, 'current_loss': 1.610011100769043, 'train_loss': None, 'decision': 0, 'drift_rate': 0.0, 'target_domains': ['sketch']}
Round 198 took 0.13086915016174316s, results:
{'t': 197, 'current_accuracy': 0.37109375, 'current_loss': 1.610011339187622, 'train_loss': None, 'decision': 0, 'drift_rate': 0.0, 'target_domains': ['sketch']}
Round 199 took 0.12861204147338867s, results:
{'t': 198, 'current_accuracy': 0.37109375, 'current_loss': 1.6100111603736877, 'train_loss': None, 'decision': 0, 'drift_rate': 0.0, 'target_domains': ['sketch']}
Round 200 took 0.12756562232971191s, results:
{'t': 199, 'current_accuracy': 0.37109375, 'current_loss': 1.6100112199783325, 'train_loss': None, 'decision': 0, 'drift_rate': 0.0, 'target_domains': ['sketch']}
Average time per round: 0.14535083532333373
Total time: 29.070167064666748
