Using the latest cached version of the dataset since flwrlabs/pacs couldn't be found on the Hugging Face Hub
Found the latest cached dataset configuration 'default' at /home/apiasecz/.cache/huggingface/datasets/flwrlabs___pacs/default/0.0.0/394113073258ead631f617d2e13bb377c0715c4b (last modified on Wed Jan 29 16:59:35 2025).
Using the latest cached version of the dataset since flwrlabs/pacs couldn't be found on the Hugging Face Hub
Found the latest cached dataset configuration 'default' at /home/apiasecz/.cache/huggingface/datasets/flwrlabs___pacs/default/0.0.0/394113073258ead631f617d2e13bb377c0715c4b (last modified on Wed Jan 29 16:59:35 2025).
Using the latest cached version of the dataset since flwrlabs/pacs couldn't be found on the Hugging Face Hub
Found the latest cached dataset configuration 'default' at /home/apiasecz/.cache/huggingface/datasets/flwrlabs___pacs/default/0.0.0/394113073258ead631f617d2e13bb377c0715c4b (last modified on Wed Jan 29 16:59:35 2025).
Using the latest cached version of the dataset since flwrlabs/pacs couldn't be found on the Hugging Face Hub
Found the latest cached dataset configuration 'default' at /home/apiasecz/.cache/huggingface/datasets/flwrlabs___pacs/default/0.0.0/394113073258ead631f617d2e13bb377c0715c4b (last modified on Wed Jan 29 16:59:35 2025).
Using the latest cached version of the dataset since flwrlabs/pacs couldn't be found on the Hugging Face Hub
Found the latest cached dataset configuration 'default' at /home/apiasecz/.cache/huggingface/datasets/flwrlabs___pacs/default/0.0.0/394113073258ead631f617d2e13bb377c0715c4b (last modified on Wed Jan 29 16:59:35 2025).
Device: cuda
CUDA Version: 12.1
cuDNN Version: 8902
PyTorch Version: 2.3.0

Model used: PACSCNN_4
Initial dataset creation
Initial dataset creation
Initial loss: 0.26874637603759766
<__main__.Policy object at 0x146a2f217530>
0.26874637603759766
Round 1 took 0.4028360843658447s, results:
{'t': 0, 'current_accuracy': 0.890625, 'current_loss': 0.346796452999115, 'train_loss': None, 'decision': 0, 'drift_rate': 0.0, 'target_domains': ['cartoon']}
Round 2 took 0.3832426071166992s, results:
{'t': 1, 'current_accuracy': 0.890625, 'current_loss': 0.3467964231967926, 'train_loss': None, 'decision': 0, 'drift_rate': 0.0, 'target_domains': ['cartoon']}
Round 3 took 0.38103747367858887s, results:
{'t': 2, 'current_accuracy': 0.890625, 'current_loss': 0.3467964828014374, 'train_loss': None, 'decision': 0, 'drift_rate': 0.0, 'target_domains': ['cartoon']}
Round 4 took 0.38277649879455566s, results:
{'t': 3, 'current_accuracy': 0.890625, 'current_loss': 0.3467963635921478, 'train_loss': None, 'decision': 0, 'drift_rate': 0.0, 'target_domains': ['cartoon']}
Round 5 took 0.38099241256713867s, results:
{'t': 4, 'current_accuracy': 0.890625, 'current_loss': 0.3467964231967926, 'train_loss': None, 'decision': 0, 'drift_rate': 0.0, 'target_domains': ['cartoon']}
Round 6 took 0.38274407386779785s, results:
{'t': 5, 'current_accuracy': 0.890625, 'current_loss': 0.346796378493309, 'train_loss': None, 'decision': 0, 'drift_rate': 0.0, 'target_domains': ['cartoon']}
Round 7 took 0.385983943939209s, results:
{'t': 6, 'current_accuracy': 0.890625, 'current_loss': 0.3467964679002762, 'train_loss': None, 'decision': 0, 'drift_rate': 0.0, 'target_domains': ['cartoon']}
Round 8 took 0.3863992691040039s, results:
{'t': 7, 'current_accuracy': 0.890625, 'current_loss': 0.346796378493309, 'train_loss': None, 'decision': 0, 'drift_rate': 0.0, 'target_domains': ['cartoon']}
Round 9 took 0.40044164657592773s, results:
{'t': 8, 'current_accuracy': 0.890625, 'current_loss': 0.3467964380979538, 'train_loss': None, 'decision': 0, 'drift_rate': 0.0, 'target_domains': ['cartoon']}
Round 10 took 0.39316296577453613s, results:
{'t': 9, 'current_accuracy': 0.890625, 'current_loss': 0.3467963635921478, 'train_loss': None, 'decision': 0, 'drift_rate': 0.0, 'target_domains': ['cartoon']}
Round 11 took 0.3864593505859375s, results:
{'t': 10, 'current_accuracy': 0.890625, 'current_loss': 0.346796452999115, 'train_loss': None, 'decision': 0, 'drift_rate': 0.0, 'target_domains': ['cartoon']}
Round 12 took 0.38631176948547363s, results:
{'t': 11, 'current_accuracy': 0.890625, 'current_loss': 0.3467964828014374, 'train_loss': None, 'decision': 0, 'drift_rate': 0.0, 'target_domains': ['cartoon']}
Round 13 took 0.38718247413635254s, results:
{'t': 12, 'current_accuracy': 0.890625, 'current_loss': 0.3467964231967926, 'train_loss': None, 'decision': 0, 'drift_rate': 0.0, 'target_domains': ['cartoon']}
Round 14 took 0.3876802921295166s, results:
{'t': 13, 'current_accuracy': 0.890625, 'current_loss': 0.3467964231967926, 'train_loss': None, 'decision': 0, 'drift_rate': 0.0, 'target_domains': ['cartoon']}
Round 15 took 0.3879687786102295s, results:
{'t': 14, 'current_accuracy': 0.890625, 'current_loss': 0.34679657220840454, 'train_loss': None, 'decision': 0, 'drift_rate': 0.0, 'target_domains': ['cartoon']}
Round 16 took 0.38837432861328125s, results:
{'t': 15, 'current_accuracy': 0.890625, 'current_loss': 0.3467964380979538, 'train_loss': None, 'decision': 0, 'drift_rate': 0.0, 'target_domains': ['cartoon']}
Round 17 took 0.3894064426422119s, results:
{'t': 16, 'current_accuracy': 0.890625, 'current_loss': 0.34679652750492096, 'train_loss': None, 'decision': 0, 'drift_rate': 0.0, 'target_domains': ['cartoon']}
Round 18 took 0.3887300491333008s, results:
{'t': 17, 'current_accuracy': 0.890625, 'current_loss': 0.3467961847782135, 'train_loss': None, 'decision': 0, 'drift_rate': 0.0, 'target_domains': ['cartoon']}
Round 19 took 0.3911776542663574s, results:
{'t': 18, 'current_accuracy': 0.890625, 'current_loss': 0.34679651260375977, 'train_loss': None, 'decision': 0, 'drift_rate': 0.0, 'target_domains': ['cartoon']}
Round 20 took 0.386915922164917s, results:
{'t': 19, 'current_accuracy': 0.890625, 'current_loss': 0.346796452999115, 'train_loss': None, 'decision': 0, 'drift_rate': 0.0, 'target_domains': ['cartoon']}
Round 21 took 0.3867509365081787s, results:
{'t': 20, 'current_accuracy': 0.890625, 'current_loss': 0.3467964082956314, 'train_loss': None, 'decision': 0, 'drift_rate': 0.0, 'target_domains': ['cartoon']}
Round 22 took 0.38736867904663086s, results:
{'t': 21, 'current_accuracy': 0.890625, 'current_loss': 0.3467964380979538, 'train_loss': None, 'decision': 0, 'drift_rate': 0.0, 'target_domains': ['cartoon']}
Round 23 took 0.3871796131134033s, results:
{'t': 22, 'current_accuracy': 0.890625, 'current_loss': 0.3467964679002762, 'train_loss': None, 'decision': 0, 'drift_rate': 0.0, 'target_domains': ['cartoon']}
Round 24 took 0.3878319263458252s, results:
{'t': 23, 'current_accuracy': 0.890625, 'current_loss': 0.3467964231967926, 'train_loss': None, 'decision': 0, 'drift_rate': 0.0, 'target_domains': ['cartoon']}
Round 25 took 0.38874197006225586s, results:
{'t': 24, 'current_accuracy': 0.890625, 'current_loss': 0.3467964380979538, 'train_loss': None, 'decision': 0, 'drift_rate': 0.0, 'target_domains': ['cartoon']}
Round 26 took 0.38849377632141113s, results:
{'t': 25, 'current_accuracy': 0.890625, 'current_loss': 0.3467964231967926, 'train_loss': None, 'decision': 0, 'drift_rate': 0.0, 'target_domains': ['cartoon']}
Round 27 took 0.38805603981018066s, results:
{'t': 26, 'current_accuracy': 0.890625, 'current_loss': 0.346796452999115, 'train_loss': None, 'decision': 0, 'drift_rate': 0.0, 'target_domains': ['cartoon']}
Round 28 took 0.38809657096862793s, results:
{'t': 27, 'current_accuracy': 0.890625, 'current_loss': 0.34679660201072693, 'train_loss': None, 'decision': 0, 'drift_rate': 0.0, 'target_domains': ['cartoon']}
Round 29 took 0.38775157928466797s, results:
{'t': 28, 'current_accuracy': 0.890625, 'current_loss': 0.3467964231967926, 'train_loss': None, 'decision': 0, 'drift_rate': 0.0, 'target_domains': ['cartoon']}
Round 30 took 0.39390087127685547s, results:
{'t': 29, 'current_accuracy': 0.890625, 'current_loss': 0.3467964231967926, 'train_loss': None, 'decision': 0, 'drift_rate': 0.0, 'target_domains': ['cartoon']}
Round 31 took 0.387845516204834s, results:
{'t': 30, 'current_accuracy': 0.890625, 'current_loss': 0.34679631888866425, 'train_loss': None, 'decision': 0, 'drift_rate': 0.0, 'target_domains': ['cartoon']}
Round 32 took 0.3879585266113281s, results:
{'t': 31, 'current_accuracy': 0.890625, 'current_loss': 0.3467964231967926, 'train_loss': None, 'decision': 0, 'drift_rate': 0.0, 'target_domains': ['cartoon']}
Round 33 took 0.38824892044067383s, results:
{'t': 32, 'current_accuracy': 0.890625, 'current_loss': 0.346796452999115, 'train_loss': None, 'decision': 0, 'drift_rate': 0.0, 'target_domains': ['cartoon']}
Round 34 took 0.38857293128967285s, results:
{'t': 33, 'current_accuracy': 0.890625, 'current_loss': 0.3467964679002762, 'train_loss': None, 'decision': 0, 'drift_rate': 0.0, 'target_domains': ['cartoon']}
Round 35 took 0.38718438148498535s, results:
{'t': 34, 'current_accuracy': 0.890625, 'current_loss': 0.346796378493309, 'train_loss': None, 'decision': 0, 'drift_rate': 0.0, 'target_domains': ['cartoon']}
Round 36 took 0.3908963203430176s, results:
{'t': 35, 'current_accuracy': 0.890625, 'current_loss': 0.346796452999115, 'train_loss': None, 'decision': 0, 'drift_rate': 0.0, 'target_domains': ['cartoon']}
Round 37 took 0.38829827308654785s, results:
{'t': 36, 'current_accuracy': 0.890625, 'current_loss': 0.3467964679002762, 'train_loss': None, 'decision': 0, 'drift_rate': 0.0, 'target_domains': ['cartoon']}
Round 38 took 0.38878846168518066s, results:
{'t': 37, 'current_accuracy': 0.890625, 'current_loss': 0.3467964082956314, 'train_loss': None, 'decision': 0, 'drift_rate': 0.0, 'target_domains': ['cartoon']}
Round 39 took 0.38762903213500977s, results:
{'t': 38, 'current_accuracy': 0.890625, 'current_loss': 0.3467963933944702, 'train_loss': None, 'decision': 0, 'drift_rate': 0.0, 'target_domains': ['cartoon']}
Round 40 took 0.3867988586425781s, results:
{'t': 39, 'current_accuracy': 0.890625, 'current_loss': 0.346796378493309, 'train_loss': None, 'decision': 0, 'drift_rate': 0.0, 'target_domains': ['cartoon']}
Round 41 took 0.3881192207336426s, results:
{'t': 40, 'current_accuracy': 0.890625, 'current_loss': 0.34679631888866425, 'train_loss': None, 'decision': 0, 'drift_rate': 0.0, 'target_domains': ['cartoon']}
Round 42 took 0.38721227645874023s, results:
{'t': 41, 'current_accuracy': 0.890625, 'current_loss': 0.3467964231967926, 'train_loss': None, 'decision': 0, 'drift_rate': 0.0, 'target_domains': ['cartoon']}
Round 43 took 0.39394521713256836s, results:
{'t': 42, 'current_accuracy': 0.890625, 'current_loss': 0.3467964679002762, 'train_loss': None, 'decision': 0, 'drift_rate': 0.0, 'target_domains': ['cartoon']}
Round 44 took 0.38765668869018555s, results:
{'t': 43, 'current_accuracy': 0.890625, 'current_loss': 0.34679649770259857, 'train_loss': None, 'decision': 0, 'drift_rate': 0.0, 'target_domains': ['cartoon']}
Round 45 took 0.38806986808776855s, results:
{'t': 44, 'current_accuracy': 0.890625, 'current_loss': 0.346796452999115, 'train_loss': None, 'decision': 0, 'drift_rate': 0.0, 'target_domains': ['cartoon']}
Round 46 took 0.38720011711120605s, results:
{'t': 45, 'current_accuracy': 0.890625, 'current_loss': 0.3467964231967926, 'train_loss': None, 'decision': 0, 'drift_rate': 0.0, 'target_domains': ['cartoon']}
Round 47 took 0.38734865188598633s, results:
{'t': 46, 'current_accuracy': 0.890625, 'current_loss': 0.34679649770259857, 'train_loss': None, 'decision': 0, 'drift_rate': 0.0, 'target_domains': ['cartoon']}
Round 48 took 0.38726019859313965s, results:
{'t': 47, 'current_accuracy': 0.890625, 'current_loss': 0.34679679572582245, 'train_loss': None, 'decision': 0, 'drift_rate': 0.0, 'target_domains': ['cartoon']}
Round 49 took 0.39269113540649414s, results:
{'t': 48, 'current_accuracy': 0.890625, 'current_loss': 0.3467964828014374, 'train_loss': None, 'decision': 0, 'drift_rate': 0.0, 'target_domains': ['cartoon']}
Round 50 took 0.3872873783111572s, results:
{'t': 49, 'current_accuracy': 0.890625, 'current_loss': 0.3467963933944702, 'train_loss': None, 'decision': 0, 'drift_rate': 0.0, 'target_domains': ['cartoon']}
Round 51 took 0.38925766944885254s, results:
{'t': 50, 'current_accuracy': 0.890625, 'current_loss': 0.3467964679002762, 'train_loss': None, 'decision': 0, 'drift_rate': 0.0, 'target_domains': ['cartoon']}
Round 52 took 0.38855838775634766s, results:
{'t': 51, 'current_accuracy': 0.890625, 'current_loss': 0.3467964380979538, 'train_loss': None, 'decision': 0, 'drift_rate': 0.0, 'target_domains': ['cartoon']}
Round 53 took 0.3874974250793457s, results:
{'t': 52, 'current_accuracy': 0.890625, 'current_loss': 0.34679605066776276, 'train_loss': None, 'decision': 0, 'drift_rate': 0.0, 'target_domains': ['cartoon']}
Round 54 took 0.38930654525756836s, results:
{'t': 53, 'current_accuracy': 0.890625, 'current_loss': 0.346796452999115, 'train_loss': None, 'decision': 0, 'drift_rate': 0.0, 'target_domains': ['cartoon']}
Round 55 took 0.38788700103759766s, results:
{'t': 54, 'current_accuracy': 0.890625, 'current_loss': 0.3467967361211777, 'train_loss': None, 'decision': 0, 'drift_rate': 0.0, 'target_domains': ['cartoon']}
Round 56 took 0.39328432083129883s, results:
{'t': 55, 'current_accuracy': 0.890625, 'current_loss': 0.3467964380979538, 'train_loss': None, 'decision': 0, 'drift_rate': 1.0, 'target_domains': ['cartoon']}
Round 57 took 0.3883047103881836s, results:
{'t': 56, 'current_accuracy': 0.890625, 'current_loss': 0.3467964679002762, 'train_loss': None, 'decision': 0, 'drift_rate': 1.0, 'target_domains': ['cartoon']}
Round 58 took 0.3882150650024414s, results:
{'t': 57, 'current_accuracy': 0.890625, 'current_loss': 0.346796452999115, 'train_loss': None, 'decision': 0, 'drift_rate': 1.0, 'target_domains': ['cartoon']}
Round 59 took 0.3883986473083496s, results:
{'t': 58, 'current_accuracy': 0.890625, 'current_loss': 0.3467964380979538, 'train_loss': None, 'decision': 0, 'drift_rate': 1.0, 'target_domains': ['cartoon']}
Round 60 took 0.38854384422302246s, results:
{'t': 59, 'current_accuracy': 0.890625, 'current_loss': 0.3467964380979538, 'train_loss': None, 'decision': 0, 'drift_rate': 1.0, 'target_domains': ['cartoon']}
Round 61 took 0.38831496238708496s, results:
{'t': 60, 'current_accuracy': 0.890625, 'current_loss': 0.3467964679002762, 'train_loss': None, 'decision': 0, 'drift_rate': 0.0, 'target_domains': ['cartoon']}
Round 62 took 0.3931233882904053s, results:
{'t': 61, 'current_accuracy': 0.890625, 'current_loss': 0.3467963635921478, 'train_loss': None, 'decision': 0, 'drift_rate': 0.0, 'target_domains': ['cartoon']}
Round 63 took 0.3879866600036621s, results:
{'t': 62, 'current_accuracy': 0.890625, 'current_loss': 0.346796452999115, 'train_loss': None, 'decision': 0, 'drift_rate': 0.0, 'target_domains': ['cartoon']}
Round 64 took 0.38827085494995117s, results:
{'t': 63, 'current_accuracy': 0.890625, 'current_loss': 0.3467964828014374, 'train_loss': None, 'decision': 0, 'drift_rate': 0.0, 'target_domains': ['cartoon']}
Round 65 took 0.388533353805542s, results:
{'t': 64, 'current_accuracy': 0.890625, 'current_loss': 0.346796452999115, 'train_loss': None, 'decision': 0, 'drift_rate': 0.0, 'target_domains': ['cartoon']}
Round 66 took 0.38801097869873047s, results:
{'t': 65, 'current_accuracy': 0.890625, 'current_loss': 0.346796378493309, 'train_loss': None, 'decision': 0, 'drift_rate': 0.0, 'target_domains': ['cartoon']}
Round 67 took 0.3881230354309082s, results:
{'t': 66, 'current_accuracy': 0.890625, 'current_loss': 0.3467964231967926, 'train_loss': None, 'decision': 0, 'drift_rate': 0.0, 'target_domains': ['cartoon']}
Round 68 took 0.391448974609375s, results:
{'t': 67, 'current_accuracy': 0.890625, 'current_loss': 0.34679679572582245, 'train_loss': None, 'decision': 0, 'drift_rate': 0.0, 'target_domains': ['cartoon']}
Round 69 took 0.3897287845611572s, results:
{'t': 68, 'current_accuracy': 0.890625, 'current_loss': 0.3467964231967926, 'train_loss': None, 'decision': 0, 'drift_rate': 0.0, 'target_domains': ['cartoon']}
Round 70 took 0.3876328468322754s, results:
{'t': 69, 'current_accuracy': 0.890625, 'current_loss': 0.3467964828014374, 'train_loss': None, 'decision': 0, 'drift_rate': 0.0, 'target_domains': ['cartoon']}
Round 71 took 0.38735508918762207s, results:
{'t': 70, 'current_accuracy': 0.890625, 'current_loss': 0.3467964380979538, 'train_loss': None, 'decision': 0, 'drift_rate': 0.0, 'target_domains': ['cartoon']}
Round 72 took 0.38706278800964355s, results:
{'t': 71, 'current_accuracy': 0.890625, 'current_loss': 0.3467964082956314, 'train_loss': None, 'decision': 0, 'drift_rate': 0.0, 'target_domains': ['cartoon']}
Round 73 took 0.3880128860473633s, results:
{'t': 72, 'current_accuracy': 0.890625, 'current_loss': 0.34679655730724335, 'train_loss': None, 'decision': 0, 'drift_rate': 0.0, 'target_domains': ['cartoon']}
Round 74 took 0.3889169692993164s, results:
{'t': 73, 'current_accuracy': 0.890625, 'current_loss': 0.34679606556892395, 'train_loss': None, 'decision': 0, 'drift_rate': 0.0, 'target_domains': ['cartoon']}
Round 75 took 0.39099621772766113s, results:
{'t': 74, 'current_accuracy': 0.890625, 'current_loss': 0.34679634869098663, 'train_loss': None, 'decision': 0, 'drift_rate': 0.0, 'target_domains': ['cartoon']}
Round 76 took 0.38938093185424805s, results:
{'t': 75, 'current_accuracy': 0.890625, 'current_loss': 0.3467964828014374, 'train_loss': None, 'decision': 0, 'drift_rate': 0.0, 'target_domains': ['cartoon']}
Round 77 took 0.3880460262298584s, results:
{'t': 76, 'current_accuracy': 0.890625, 'current_loss': 0.346796452999115, 'train_loss': None, 'decision': 0, 'drift_rate': 0.0, 'target_domains': ['cartoon']}
Round 78 took 0.3883044719696045s, results:
{'t': 77, 'current_accuracy': 0.890625, 'current_loss': 0.3467964828014374, 'train_loss': None, 'decision': 0, 'drift_rate': 0.0, 'target_domains': ['cartoon']}
Round 79 took 0.38818836212158203s, results:
{'t': 78, 'current_accuracy': 0.890625, 'current_loss': 0.34679634869098663, 'train_loss': None, 'decision': 0, 'drift_rate': 0.0, 'target_domains': ['cartoon']}
Round 80 took 0.3884100914001465s, results:
{'t': 79, 'current_accuracy': 0.890625, 'current_loss': 0.3467961847782135, 'train_loss': None, 'decision': 0, 'drift_rate': 0.0, 'target_domains': ['cartoon']}
Round 81 took 0.3896214962005615s, results:
{'t': 80, 'current_accuracy': 0.890625, 'current_loss': 0.3467963933944702, 'train_loss': None, 'decision': 0, 'drift_rate': 0.0, 'target_domains': ['cartoon']}
Round 82 took 0.3872494697570801s, results:
{'t': 81, 'current_accuracy': 0.890625, 'current_loss': 0.34679652750492096, 'train_loss': None, 'decision': 0, 'drift_rate': 0.0, 'target_domains': ['cartoon']}
Round 83 took 0.3869774341583252s, results:
{'t': 82, 'current_accuracy': 0.890625, 'current_loss': 0.3467964082956314, 'train_loss': None, 'decision': 0, 'drift_rate': 0.0, 'target_domains': ['cartoon']}
Round 84 took 0.3868110179901123s, results:
{'t': 83, 'current_accuracy': 0.890625, 'current_loss': 0.346796452999115, 'train_loss': None, 'decision': 0, 'drift_rate': 0.0, 'target_domains': ['cartoon']}
Round 85 took 0.38776230812072754s, results:
{'t': 84, 'current_accuracy': 0.890625, 'current_loss': 0.34679658710956573, 'train_loss': None, 'decision': 0, 'drift_rate': 0.0, 'target_domains': ['cartoon']}
Round 86 took 0.3868579864501953s, results:
{'t': 85, 'current_accuracy': 0.890625, 'current_loss': 0.3467964679002762, 'train_loss': None, 'decision': 0, 'drift_rate': 0.0, 'target_domains': ['cartoon']}
Round 87 took 0.38760948181152344s, results:
{'t': 86, 'current_accuracy': 0.890625, 'current_loss': 0.3467964082956314, 'train_loss': None, 'decision': 0, 'drift_rate': 0.0, 'target_domains': ['cartoon']}
Round 88 took 0.3878915309906006s, results:
{'t': 87, 'current_accuracy': 0.890625, 'current_loss': 0.3467966169118881, 'train_loss': None, 'decision': 0, 'drift_rate': 0.0, 'target_domains': ['cartoon']}
Round 89 took 0.38738203048706055s, results:
{'t': 88, 'current_accuracy': 0.890625, 'current_loss': 0.3467964380979538, 'train_loss': None, 'decision': 0, 'drift_rate': 0.0, 'target_domains': ['cartoon']}
Round 90 took 0.38827943801879883s, results:
{'t': 89, 'current_accuracy': 0.890625, 'current_loss': 0.3467964828014374, 'train_loss': None, 'decision': 0, 'drift_rate': 0.0, 'target_domains': ['cartoon']}
Round 91 took 0.3884541988372803s, results:
{'t': 90, 'current_accuracy': 0.890625, 'current_loss': 0.346796452999115, 'train_loss': None, 'decision': 0, 'drift_rate': 0.0, 'target_domains': ['cartoon']}
Round 92 took 0.3874320983886719s, results:
{'t': 91, 'current_accuracy': 0.890625, 'current_loss': 0.346796452999115, 'train_loss': None, 'decision': 0, 'drift_rate': 0.0, 'target_domains': ['cartoon']}
Round 93 took 0.3893618583679199s, results:
{'t': 92, 'current_accuracy': 0.890625, 'current_loss': 0.3467964828014374, 'train_loss': None, 'decision': 0, 'drift_rate': 0.0, 'target_domains': ['cartoon']}
Round 94 took 0.40997982025146484s, results:
{'t': 93, 'current_accuracy': 0.890625, 'current_loss': 0.3467963635921478, 'train_loss': None, 'decision': 0, 'drift_rate': 0.0, 'target_domains': ['cartoon']}
Round 95 took 0.3882894515991211s, results:
{'t': 94, 'current_accuracy': 0.890625, 'current_loss': 0.3467964828014374, 'train_loss': None, 'decision': 0, 'drift_rate': 0.0, 'target_domains': ['cartoon']}
Round 96 took 0.3886301517486572s, results:
{'t': 95, 'current_accuracy': 0.890625, 'current_loss': 0.3467964231967926, 'train_loss': None, 'decision': 0, 'drift_rate': 0.0, 'target_domains': ['cartoon']}
Round 97 took 0.3879828453063965s, results:
{'t': 96, 'current_accuracy': 0.890625, 'current_loss': 0.3467964380979538, 'train_loss': None, 'decision': 0, 'drift_rate': 0.0, 'target_domains': ['cartoon']}
Round 98 took 0.38865017890930176s, results:
{'t': 97, 'current_accuracy': 0.890625, 'current_loss': 0.34679660201072693, 'train_loss': None, 'decision': 0, 'drift_rate': 0.0, 'target_domains': ['cartoon']}
Round 99 took 0.3883399963378906s, results:
{'t': 98, 'current_accuracy': 0.890625, 'current_loss': 0.3467963933944702, 'train_loss': None, 'decision': 0, 'drift_rate': 0.0, 'target_domains': ['cartoon']}
Round 100 took 0.38993096351623535s, results:
{'t': 99, 'current_accuracy': 0.890625, 'current_loss': 0.34679633378982544, 'train_loss': None, 'decision': 0, 'drift_rate': 0.0, 'target_domains': ['cartoon']}
Round 101 took 0.38849639892578125s, results:
{'t': 100, 'current_accuracy': 0.890625, 'current_loss': 0.3467964082956314, 'train_loss': None, 'decision': 0, 'drift_rate': 0.0, 'target_domains': ['cartoon']}
Round 102 took 0.38858556747436523s, results:
{'t': 101, 'current_accuracy': 0.890625, 'current_loss': 0.3467964679002762, 'train_loss': None, 'decision': 0, 'drift_rate': 0.0, 'target_domains': ['cartoon']}
Round 103 took 0.388033390045166s, results:
{'t': 102, 'current_accuracy': 0.890625, 'current_loss': 0.3467964231967926, 'train_loss': None, 'decision': 0, 'drift_rate': 0.0, 'target_domains': ['cartoon']}
Round 104 took 0.3880188465118408s, results:
{'t': 103, 'current_accuracy': 0.890625, 'current_loss': 0.3467966318130493, 'train_loss': None, 'decision': 0, 'drift_rate': 0.0, 'target_domains': ['cartoon']}
Round 105 took 0.38785791397094727s, results:
{'t': 104, 'current_accuracy': 0.890625, 'current_loss': 0.346796452999115, 'train_loss': None, 'decision': 0, 'drift_rate': 0.0, 'target_domains': ['cartoon']}
Average loss over 3 updates: 4.2167
Round 106 took 1.023437738418579s, results:
{'t': 105, 'current_accuracy': 0.25390625, 'current_loss': 3.2040380239486694, 'train_loss': 4.216678698857625, 'decision': 1, 'drift_rate': 1.0, 'target_domains': ['photo']}
Average loss over 3 updates: 2.3685
Round 107 took 0.908848762512207s, results:
{'t': 106, 'current_accuracy': 0.2734375, 'current_loss': 879.1305236816406, 'train_loss': 2.368529756863912, 'decision': 1, 'drift_rate': 1.0, 'target_domains': ['photo']}
Average loss over 3 updates: 1.6820
Round 108 took 0.9038305282592773s, results:
{'t': 107, 'current_accuracy': 0.16015625, 'current_loss': 152.21897888183594, 'train_loss': 1.6820197502772014, 'decision': 1, 'drift_rate': 1.0, 'target_domains': ['photo']}
Average loss over 3 updates: 1.4909
Round 109 took 0.9035935401916504s, results:
{'t': 108, 'current_accuracy': 0.28515625, 'current_loss': 8.036112785339355, 'train_loss': 1.490896224975586, 'decision': 1, 'drift_rate': 1.0, 'target_domains': ['photo']}
Average loss over 3 updates: 1.5003
Round 110 took 0.9027698040008545s, results:
{'t': 109, 'current_accuracy': 0.32421875, 'current_loss': 4.993425369262695, 'train_loss': 1.5002611875534058, 'decision': 1, 'drift_rate': 1.0, 'target_domains': ['photo']}
Average loss over 3 updates: 1.2063
Round 111 took 0.9018139839172363s, results:
{'t': 110, 'current_accuracy': 0.48046875, 'current_loss': 2.0214963555336, 'train_loss': 1.2062650124231975, 'decision': 1, 'drift_rate': 0.0, 'target_domains': ['photo']}
Average loss over 3 updates: 1.3918
Round 112 took 0.8985457420349121s, results:
{'t': 111, 'current_accuracy': 0.4765625, 'current_loss': 1.9225940704345703, 'train_loss': 1.3918112913767497, 'decision': 1, 'drift_rate': 0.0, 'target_domains': ['photo']}
Round 113 took 0.3883233070373535s, results:
{'t': 112, 'current_accuracy': 0.48828125, 'current_loss': 1.4980842471122742, 'train_loss': None, 'decision': 0, 'drift_rate': 0.0, 'target_domains': ['photo']}
Round 114 took 0.38776087760925293s, results:
{'t': 113, 'current_accuracy': 0.48828125, 'current_loss': 1.4980844259262085, 'train_loss': None, 'decision': 0, 'drift_rate': 0.0, 'target_domains': ['photo']}
Round 115 took 0.3875110149383545s, results:
{'t': 114, 'current_accuracy': 0.48828125, 'current_loss': 1.498084306716919, 'train_loss': None, 'decision': 0, 'drift_rate': 0.0, 'target_domains': ['photo']}
Round 116 took 0.3878357410430908s, results:
{'t': 115, 'current_accuracy': 0.48828125, 'current_loss': 1.4980842471122742, 'train_loss': None, 'decision': 0, 'drift_rate': 0.0, 'target_domains': ['photo']}
Round 117 took 0.38672566413879395s, results:
{'t': 116, 'current_accuracy': 0.48828125, 'current_loss': 1.4980841875076294, 'train_loss': None, 'decision': 0, 'drift_rate': 0.0, 'target_domains': ['photo']}
Round 118 took 0.3881804943084717s, results:
{'t': 117, 'current_accuracy': 0.48828125, 'current_loss': 1.4980841279029846, 'train_loss': None, 'decision': 0, 'drift_rate': 0.0, 'target_domains': ['photo']}
Average loss over 3 updates: 1.2223
Round 119 took 0.9015052318572998s, results:
{'t': 118, 'current_accuracy': 0.48828125, 'current_loss': 1.4980842471122742, 'train_loss': 1.2223179340362549, 'decision': 1, 'drift_rate': 0.0, 'target_domains': ['photo']}
Average loss over 3 updates: 1.2741
Round 120 took 0.9028785228729248s, results:
{'t': 119, 'current_accuracy': 0.43359375, 'current_loss': 1.7232654094696045, 'train_loss': 1.2741195758183796, 'decision': 1, 'drift_rate': 0.0, 'target_domains': ['photo']}
Round 121 took 0.38620424270629883s, results:
{'t': 120, 'current_accuracy': 0.49609375, 'current_loss': 1.4143835306167603, 'train_loss': None, 'decision': 0, 'drift_rate': 0.0, 'target_domains': ['photo']}
Round 122 took 0.38610148429870605s, results:
{'t': 121, 'current_accuracy': 0.49609375, 'current_loss': 1.4143836498260498, 'train_loss': None, 'decision': 0, 'drift_rate': 0.0, 'target_domains': ['photo']}
Round 123 took 0.38475966453552246s, results:
{'t': 122, 'current_accuracy': 0.49609375, 'current_loss': 1.4143835306167603, 'train_loss': None, 'decision': 0, 'drift_rate': 0.0, 'target_domains': ['photo']}
Round 124 took 0.38626766204833984s, results:
{'t': 123, 'current_accuracy': 0.49609375, 'current_loss': 1.4143835306167603, 'train_loss': None, 'decision': 0, 'drift_rate': 0.0, 'target_domains': ['photo']}
Round 125 took 0.3856966495513916s, results:
{'t': 124, 'current_accuracy': 0.49609375, 'current_loss': 1.4143836498260498, 'train_loss': None, 'decision': 0, 'drift_rate': 0.0, 'target_domains': ['photo']}
Round 126 took 0.3853952884674072s, results:
{'t': 125, 'current_accuracy': 0.49609375, 'current_loss': 1.4143835306167603, 'train_loss': None, 'decision': 0, 'drift_rate': 0.0, 'target_domains': ['photo']}
Round 127 took 0.38774657249450684s, results:
{'t': 126, 'current_accuracy': 0.49609375, 'current_loss': 1.4143836498260498, 'train_loss': None, 'decision': 0, 'drift_rate': 0.0, 'target_domains': ['photo']}
Round 128 took 0.3859741687774658s, results:
{'t': 127, 'current_accuracy': 0.49609375, 'current_loss': 1.4143834710121155, 'train_loss': None, 'decision': 0, 'drift_rate': 0.0, 'target_domains': ['photo']}
Round 129 took 0.3859221935272217s, results:
{'t': 128, 'current_accuracy': 0.49609375, 'current_loss': 1.4143837690353394, 'train_loss': None, 'decision': 0, 'drift_rate': 0.0, 'target_domains': ['photo']}
Round 130 took 0.3862581253051758s, results:
{'t': 129, 'current_accuracy': 0.49609375, 'current_loss': 1.4143835306167603, 'train_loss': None, 'decision': 0, 'drift_rate': 0.0, 'target_domains': ['photo']}
Round 131 took 0.38582706451416016s, results:
{'t': 130, 'current_accuracy': 0.49609375, 'current_loss': 1.414383351802826, 'train_loss': None, 'decision': 0, 'drift_rate': 0.0, 'target_domains': ['photo']}
Round 132 took 0.38567686080932617s, results:
{'t': 131, 'current_accuracy': 0.49609375, 'current_loss': 1.4143836498260498, 'train_loss': None, 'decision': 0, 'drift_rate': 0.0, 'target_domains': ['photo']}
Round 133 took 0.38622307777404785s, results:
{'t': 132, 'current_accuracy': 0.49609375, 'current_loss': 1.4143835306167603, 'train_loss': None, 'decision': 0, 'drift_rate': 0.0, 'target_domains': ['photo']}
Round 134 took 0.3856165409088135s, results:
{'t': 133, 'current_accuracy': 0.49609375, 'current_loss': 1.4143835306167603, 'train_loss': None, 'decision': 0, 'drift_rate': 0.0, 'target_domains': ['photo']}
Round 135 took 0.3892812728881836s, results:
{'t': 134, 'current_accuracy': 0.49609375, 'current_loss': 1.4143836498260498, 'train_loss': None, 'decision': 0, 'drift_rate': 0.0, 'target_domains': ['photo']}
Round 136 took 0.38651013374328613s, results:
{'t': 135, 'current_accuracy': 0.49609375, 'current_loss': 1.4143835306167603, 'train_loss': None, 'decision': 0, 'drift_rate': 0.0, 'target_domains': ['photo']}
Round 137 took 0.3863868713378906s, results:
{'t': 136, 'current_accuracy': 0.49609375, 'current_loss': 1.4143836498260498, 'train_loss': None, 'decision': 0, 'drift_rate': 0.0, 'target_domains': ['photo']}
Round 138 took 0.3862600326538086s, results:
{'t': 137, 'current_accuracy': 0.49609375, 'current_loss': 1.4143835306167603, 'train_loss': None, 'decision': 0, 'drift_rate': 0.0, 'target_domains': ['photo']}
Round 139 took 0.38612914085388184s, results:
{'t': 138, 'current_accuracy': 0.49609375, 'current_loss': 1.4143834114074707, 'train_loss': None, 'decision': 0, 'drift_rate': 0.0, 'target_domains': ['photo']}
Round 140 took 0.38655877113342285s, results:
{'t': 139, 'current_accuracy': 0.49609375, 'current_loss': 1.4143835306167603, 'train_loss': None, 'decision': 0, 'drift_rate': 0.0, 'target_domains': ['photo']}
Round 141 took 0.38568615913391113s, results:
{'t': 140, 'current_accuracy': 0.49609375, 'current_loss': 1.4143836498260498, 'train_loss': None, 'decision': 0, 'drift_rate': 0.0, 'target_domains': ['photo']}
Round 142 took 0.386976957321167s, results:
{'t': 141, 'current_accuracy': 0.49609375, 'current_loss': 1.4143835306167603, 'train_loss': None, 'decision': 0, 'drift_rate': 0.0, 'target_domains': ['photo']}
Average loss over 3 updates: 1.1662
Round 143 took 0.9072175025939941s, results:
{'t': 142, 'current_accuracy': 0.49609375, 'current_loss': 1.414383590221405, 'train_loss': 1.1662226517995198, 'decision': 1, 'drift_rate': 0.0, 'target_domains': ['photo']}
Round 144 took 0.38742780685424805s, results:
{'t': 143, 'current_accuracy': 0.51953125, 'current_loss': 1.229439377784729, 'train_loss': None, 'decision': 0, 'drift_rate': 0.0, 'target_domains': ['photo']}
Round 145 took 0.3859140872955322s, results:
{'t': 144, 'current_accuracy': 0.51953125, 'current_loss': 1.229439377784729, 'train_loss': None, 'decision': 0, 'drift_rate': 0.0, 'target_domains': ['photo']}
Round 146 took 0.386488676071167s, results:
{'t': 145, 'current_accuracy': 0.51953125, 'current_loss': 1.2294394373893738, 'train_loss': None, 'decision': 0, 'drift_rate': 0.0, 'target_domains': ['photo']}
Round 147 took 0.38657283782958984s, results:
{'t': 146, 'current_accuracy': 0.51953125, 'current_loss': 1.2294394373893738, 'train_loss': None, 'decision': 0, 'drift_rate': 0.0, 'target_domains': ['photo']}
Round 148 took 0.38754749298095703s, results:
{'t': 147, 'current_accuracy': 0.51953125, 'current_loss': 1.2294394373893738, 'train_loss': None, 'decision': 0, 'drift_rate': 0.0, 'target_domains': ['photo']}
Round 149 took 0.3867042064666748s, results:
{'t': 148, 'current_accuracy': 0.51953125, 'current_loss': 1.2294393181800842, 'train_loss': None, 'decision': 0, 'drift_rate': 0.0, 'target_domains': ['photo']}
Round 150 took 0.3870077133178711s, results:
{'t': 149, 'current_accuracy': 0.51953125, 'current_loss': 1.2294392585754395, 'train_loss': None, 'decision': 0, 'drift_rate': 0.0, 'target_domains': ['photo']}
Round 151 took 0.38723087310791016s, results:
{'t': 150, 'current_accuracy': 0.51953125, 'current_loss': 1.2294394373893738, 'train_loss': None, 'decision': 0, 'drift_rate': 0.0, 'target_domains': ['photo']}
Round 152 took 0.38715624809265137s, results:
{'t': 151, 'current_accuracy': 0.51953125, 'current_loss': 1.2294391989707947, 'train_loss': None, 'decision': 0, 'drift_rate': 0.0, 'target_domains': ['photo']}
Round 153 took 0.3861546516418457s, results:
{'t': 152, 'current_accuracy': 0.51953125, 'current_loss': 1.2294393181800842, 'train_loss': None, 'decision': 0, 'drift_rate': 0.0, 'target_domains': ['photo']}
Round 154 took 0.3874537944793701s, results:
{'t': 153, 'current_accuracy': 0.51953125, 'current_loss': 1.229439377784729, 'train_loss': None, 'decision': 0, 'drift_rate': 0.0, 'target_domains': ['photo']}
Round 155 took 0.387927770614624s, results:
{'t': 154, 'current_accuracy': 0.51953125, 'current_loss': 1.22943913936615, 'train_loss': None, 'decision': 0, 'drift_rate': 0.0, 'target_domains': ['photo']}
Average loss over 3 updates: 1.9831
Round 156 took 0.9326601028442383s, results:
{'t': 155, 'current_accuracy': 0.1953125, 'current_loss': 7.07905650138855, 'train_loss': 1.9830657243728638, 'decision': 1, 'drift_rate': 1.0, 'target_domains': ['sketch']}
Average loss over 3 updates: 1.6193
Round 157 took 0.9125957489013672s, results:
{'t': 156, 'current_accuracy': 0.2109375, 'current_loss': 10.781717300415039, 'train_loss': 1.6192946434020996, 'decision': 1, 'drift_rate': 1.0, 'target_domains': ['sketch']}
Average loss over 3 updates: 1.4633
Round 158 took 0.907050609588623s, results:
{'t': 157, 'current_accuracy': 0.1953125, 'current_loss': 10.609523296356201, 'train_loss': 1.4633165995279949, 'decision': 1, 'drift_rate': 1.0, 'target_domains': ['sketch']}
Average loss over 3 updates: 1.4641
Round 159 took 0.9029123783111572s, results:
{'t': 158, 'current_accuracy': 0.1953125, 'current_loss': 11.503205299377441, 'train_loss': 1.4641178448994954, 'decision': 1, 'drift_rate': 1.0, 'target_domains': ['sketch']}
Average loss over 3 updates: 1.5502
Round 160 took 0.9037165641784668s, results:
{'t': 159, 'current_accuracy': 0.171875, 'current_loss': 7.812950611114502, 'train_loss': 1.5502230326334636, 'decision': 1, 'drift_rate': 1.0, 'target_domains': ['sketch']}
Average loss over 3 updates: 1.2744
Round 161 took 0.9018139839172363s, results:
{'t': 160, 'current_accuracy': 0.1953125, 'current_loss': 5.877577304840088, 'train_loss': 1.2744012276331584, 'decision': 1, 'drift_rate': 0.0, 'target_domains': ['sketch']}
Average loss over 3 updates: 1.1701
Round 162 took 0.9002537727355957s, results:
{'t': 161, 'current_accuracy': 0.16796875, 'current_loss': 4.003989100456238, 'train_loss': 1.1700890064239502, 'decision': 1, 'drift_rate': 0.0, 'target_domains': ['sketch']}
Average loss over 3 updates: 1.2412
Round 163 took 0.8982789516448975s, results:
{'t': 162, 'current_accuracy': 0.24609375, 'current_loss': 3.6334861516952515, 'train_loss': 1.241180459658305, 'decision': 1, 'drift_rate': 0.0, 'target_domains': ['sketch']}
Average loss over 3 updates: 1.0497
Round 164 took 0.9115281105041504s, results:
{'t': 163, 'current_accuracy': 0.296875, 'current_loss': 3.2659422159194946, 'train_loss': 1.049706220626831, 'decision': 1, 'drift_rate': 0.0, 'target_domains': ['sketch']}
Average loss over 3 updates: 1.2338
Round 165 took 0.8967206478118896s, results:
{'t': 164, 'current_accuracy': 0.19140625, 'current_loss': 3.0991166830062866, 'train_loss': 1.2338250478108723, 'decision': 1, 'drift_rate': 0.0, 'target_domains': ['sketch']}
Round 166 took 0.3873934745788574s, results:
{'t': 165, 'current_accuracy': 0.1875, 'current_loss': 3.0428675413131714, 'train_loss': None, 'decision': 0, 'drift_rate': 0.0, 'target_domains': ['sketch']}
Round 167 took 0.3859975337982178s, results:
{'t': 166, 'current_accuracy': 0.1875, 'current_loss': 3.0428673028945923, 'train_loss': None, 'decision': 0, 'drift_rate': 0.0, 'target_domains': ['sketch']}
Round 168 took 0.38637566566467285s, results:
{'t': 167, 'current_accuracy': 0.1875, 'current_loss': 3.042867660522461, 'train_loss': None, 'decision': 0, 'drift_rate': 0.0, 'target_domains': ['sketch']}
Round 169 took 0.39235520362854004s, results:
{'t': 168, 'current_accuracy': 0.1875, 'current_loss': 3.0428673028945923, 'train_loss': None, 'decision': 0, 'drift_rate': 0.0, 'target_domains': ['sketch']}
Round 170 took 0.38661861419677734s, results:
{'t': 169, 'current_accuracy': 0.1875, 'current_loss': 3.0428673028945923, 'train_loss': None, 'decision': 0, 'drift_rate': 0.0, 'target_domains': ['sketch']}
Round 171 took 0.3866841793060303s, results:
{'t': 170, 'current_accuracy': 0.1875, 'current_loss': 3.042867660522461, 'train_loss': None, 'decision': 0, 'drift_rate': 0.0, 'target_domains': ['sketch']}
Average loss over 3 updates: 1.2542
Round 172 took 0.8979940414428711s, results:
{'t': 171, 'current_accuracy': 0.1875, 'current_loss': 3.0428675413131714, 'train_loss': 1.2541857560475667, 'decision': 1, 'drift_rate': 0.0, 'target_domains': ['sketch']}
Round 173 took 0.38673901557922363s, results:
{'t': 172, 'current_accuracy': 0.5, 'current_loss': 1.4670560359954834, 'train_loss': None, 'decision': 0, 'drift_rate': 0.0, 'target_domains': ['sketch']}
Round 174 took 0.3862473964691162s, results:
{'t': 173, 'current_accuracy': 0.5, 'current_loss': 1.4670560956001282, 'train_loss': None, 'decision': 0, 'drift_rate': 0.0, 'target_domains': ['sketch']}
Round 175 took 0.3863494396209717s, results:
{'t': 174, 'current_accuracy': 0.5, 'current_loss': 1.4670559763908386, 'train_loss': None, 'decision': 0, 'drift_rate': 0.0, 'target_domains': ['sketch']}
Round 176 took 0.3873562812805176s, results:
{'t': 175, 'current_accuracy': 0.5, 'current_loss': 1.4670563340187073, 'train_loss': None, 'decision': 0, 'drift_rate': 0.0, 'target_domains': ['sketch']}
Round 177 took 0.3872246742248535s, results:
{'t': 176, 'current_accuracy': 0.5, 'current_loss': 1.4670557975769043, 'train_loss': None, 'decision': 0, 'drift_rate': 0.0, 'target_domains': ['sketch']}
Round 178 took 0.38719630241394043s, results:
{'t': 177, 'current_accuracy': 0.5, 'current_loss': 1.4670560359954834, 'train_loss': None, 'decision': 0, 'drift_rate': 0.0, 'target_domains': ['sketch']}
Round 179 took 0.38790059089660645s, results:
{'t': 178, 'current_accuracy': 0.5, 'current_loss': 1.4670560359954834, 'train_loss': None, 'decision': 0, 'drift_rate': 0.0, 'target_domains': ['sketch']}
Round 180 took 0.3865633010864258s, results:
{'t': 179, 'current_accuracy': 0.5, 'current_loss': 1.4670560956001282, 'train_loss': None, 'decision': 0, 'drift_rate': 0.0, 'target_domains': ['sketch']}
Round 181 took 0.38752174377441406s, results:
{'t': 180, 'current_accuracy': 0.5, 'current_loss': 1.4670560956001282, 'train_loss': None, 'decision': 0, 'drift_rate': 0.0, 'target_domains': ['sketch']}
Round 182 took 0.385606050491333s, results:
{'t': 181, 'current_accuracy': 0.5, 'current_loss': 1.4670562148094177, 'train_loss': None, 'decision': 0, 'drift_rate': 0.0, 'target_domains': ['sketch']}
Round 183 took 0.38602232933044434s, results:
{'t': 182, 'current_accuracy': 0.5, 'current_loss': 1.4670560359954834, 'train_loss': None, 'decision': 0, 'drift_rate': 0.0, 'target_domains': ['sketch']}
Round 184 took 0.38854241371154785s, results:
{'t': 183, 'current_accuracy': 0.5, 'current_loss': 1.4670562148094177, 'train_loss': None, 'decision': 0, 'drift_rate': 0.0, 'target_domains': ['sketch']}
Round 185 took 0.386974573135376s, results:
{'t': 184, 'current_accuracy': 0.5, 'current_loss': 1.4670559167861938, 'train_loss': None, 'decision': 0, 'drift_rate': 0.0, 'target_domains': ['sketch']}
Round 186 took 0.38653087615966797s, results:
{'t': 185, 'current_accuracy': 0.5, 'current_loss': 1.4670562148094177, 'train_loss': None, 'decision': 0, 'drift_rate': 0.0, 'target_domains': ['sketch']}
Round 187 took 0.38694095611572266s, results:
{'t': 186, 'current_accuracy': 0.5, 'current_loss': 1.4670559167861938, 'train_loss': None, 'decision': 0, 'drift_rate': 0.0, 'target_domains': ['sketch']}
Round 188 took 0.3860495090484619s, results:
{'t': 187, 'current_accuracy': 0.5, 'current_loss': 1.4670560359954834, 'train_loss': None, 'decision': 0, 'drift_rate': 0.0, 'target_domains': ['sketch']}
Round 189 took 0.38687705993652344s, results:
{'t': 188, 'current_accuracy': 0.5, 'current_loss': 1.4670560956001282, 'train_loss': None, 'decision': 0, 'drift_rate': 0.0, 'target_domains': ['sketch']}
Round 190 took 0.3861815929412842s, results:
{'t': 189, 'current_accuracy': 0.5, 'current_loss': 1.467056155204773, 'train_loss': None, 'decision': 0, 'drift_rate': 0.0, 'target_domains': ['sketch']}
Round 191 took 0.38643479347229004s, results:
{'t': 190, 'current_accuracy': 0.5, 'current_loss': 1.4670562744140625, 'train_loss': None, 'decision': 0, 'drift_rate': 0.0, 'target_domains': ['sketch']}
Round 192 took 0.3856391906738281s, results:
{'t': 191, 'current_accuracy': 0.5, 'current_loss': 1.4670560359954834, 'train_loss': None, 'decision': 0, 'drift_rate': 0.0, 'target_domains': ['sketch']}
Round 193 took 0.3874502182006836s, results:
{'t': 192, 'current_accuracy': 0.5, 'current_loss': 1.4670559763908386, 'train_loss': None, 'decision': 0, 'drift_rate': 0.0, 'target_domains': ['sketch']}
Round 194 took 0.3858144283294678s, results:
{'t': 193, 'current_accuracy': 0.5, 'current_loss': 1.4670559167861938, 'train_loss': None, 'decision': 0, 'drift_rate': 0.0, 'target_domains': ['sketch']}
Round 195 took 0.38715410232543945s, results:
{'t': 194, 'current_accuracy': 0.5, 'current_loss': 1.4670560359954834, 'train_loss': None, 'decision': 0, 'drift_rate': 0.0, 'target_domains': ['sketch']}
Round 196 took 0.38675808906555176s, results:
{'t': 195, 'current_accuracy': 0.5, 'current_loss': 1.4670559763908386, 'train_loss': None, 'decision': 0, 'drift_rate': 0.0, 'target_domains': ['sketch']}
Round 197 took 0.3856356143951416s, results:
{'t': 196, 'current_accuracy': 0.5, 'current_loss': 1.4670560359954834, 'train_loss': None, 'decision': 0, 'drift_rate': 0.0, 'target_domains': ['sketch']}
Round 198 took 0.3861372470855713s, results:
{'t': 197, 'current_accuracy': 0.5, 'current_loss': 1.4670560956001282, 'train_loss': None, 'decision': 0, 'drift_rate': 0.0, 'target_domains': ['sketch']}
Round 199 took 0.3858304023742676s, results:
{'t': 198, 'current_accuracy': 0.5, 'current_loss': 1.467055857181549, 'train_loss': None, 'decision': 0, 'drift_rate': 0.0, 'target_domains': ['sketch']}
Round 200 took 0.38643622398376465s, results:
{'t': 199, 'current_accuracy': 0.5, 'current_loss': 1.4670562148094177, 'train_loss': None, 'decision': 0, 'drift_rate': 0.0, 'target_domains': ['sketch']}
Average time per round: 0.4427074134349823
Total time: 88.54148268699646
