Device: cuda
CUDA Version: 12.1
cuDNN Version: 8902
PyTorch Version: 2.3.0
Model used: PACSCNN_1
Client device: cuda
Round 0 took 2.7926859855651855 seconds
Round 0: Accuracy = 0.7257, Decision = 0, Drift = 0.0000
Current target domain: cartoon
Round 1 took 2.9503560066223145 seconds
Round 1: Accuracy = 0.7257, Decision = 0, Drift = 0.0000
Current target domain: cartoon
Round 2 took 2.921290874481201 seconds
Round 2: Accuracy = 0.7257, Decision = 0, Drift = 0.0000
Current target domain: cartoon
Round 3 took 3.0401558876037598 seconds
Round 3: Accuracy = 0.7257, Decision = 0, Drift = 0.0000
Current target domain: cartoon
Round 4 took 2.887514114379883 seconds
Round 4: Accuracy = 0.7257, Decision = 0, Drift = 0.0000
Current target domain: cartoon
Round 5 took 3.0369341373443604 seconds
Round 5: Accuracy = 0.7257, Decision = 0, Drift = 0.0000
Current target domain: cartoon
Round 6 took 3.0146243572235107 seconds
Round 6: Accuracy = 0.7257, Decision = 0, Drift = 0.0000
Current target domain: cartoon
Round 7 took 3.0274338722229004 seconds
Round 7: Accuracy = 0.7257, Decision = 0, Drift = 0.0000
Current target domain: cartoon
Round 8 took 3.016284227371216 seconds
Round 8: Accuracy = 0.7257, Decision = 0, Drift = 0.0000
Current target domain: cartoon
Round 9 took 3.148627758026123 seconds
Round 9: Accuracy = 0.7257, Decision = 0, Drift = 0.0000
Current target domain: cartoon
Round 10 took 3.1410868167877197 seconds
Round 10: Accuracy = 0.7257, Decision = 0, Drift = 0.0000
Current target domain: cartoon
Round 11 took 2.896742343902588 seconds
Round 11: Accuracy = 0.7257, Decision = 0, Drift = 0.0000
Current target domain: cartoon
Round 12 took 3.02831768989563 seconds
Round 12: Accuracy = 0.7257, Decision = 0, Drift = 0.0000
Current target domain: cartoon
Round 13 took 2.917496919631958 seconds
Round 13: Accuracy = 0.7257, Decision = 0, Drift = 0.0000
Current target domain: cartoon
Round 14 took 2.8430237770080566 seconds
Round 14: Accuracy = 0.7257, Decision = 0, Drift = 0.0000
Current target domain: cartoon
Round 15 took 3.0209109783172607 seconds
Round 15: Accuracy = 0.7257, Decision = 0, Drift = 0.0000
Current target domain: cartoon
Round 16 took 2.8351995944976807 seconds
Round 16: Accuracy = 0.7257, Decision = 0, Drift = 0.0000
Current target domain: cartoon
Round 17 took 2.9917562007904053 seconds
Round 17: Accuracy = 0.7257, Decision = 0, Drift = 0.0000
Current target domain: cartoon
Round 18 took 2.98994779586792 seconds
Round 18: Accuracy = 0.7257, Decision = 0, Drift = 0.0000
Current target domain: cartoon
Round 19 took 2.9894649982452393 seconds
Round 19: Accuracy = 0.7257, Decision = 0, Drift = 0.0000
Current target domain: cartoon
Round 20 took 2.9288132190704346 seconds
Round 20: Accuracy = 0.7257, Decision = 0, Drift = 0.0000
Current target domain: cartoon
Round 21 took 3.0273239612579346 seconds
Round 21: Accuracy = 0.7257, Decision = 0, Drift = 0.0000
Current target domain: cartoon
Round 22 took 2.8652658462524414 seconds
Round 22: Accuracy = 0.7257, Decision = 0, Drift = 0.0000
Current target domain: cartoon
Round 23 took 2.9819633960723877 seconds
Round 23: Accuracy = 0.7257, Decision = 0, Drift = 0.0000
Current target domain: cartoon
Round 24 took 2.963256359100342 seconds
Round 24: Accuracy = 0.7257, Decision = 0, Drift = 0.0000
Current target domain: cartoon
Round 25 took 2.863632917404175 seconds
Round 25: Accuracy = 0.7257, Decision = 0, Drift = 0.0000
Current target domain: cartoon
Round 26 took 2.8893535137176514 seconds
Round 26: Accuracy = 0.7257, Decision = 0, Drift = 0.0000
Current target domain: cartoon
Round 27 took 2.909789800643921 seconds
Round 27: Accuracy = 0.7257, Decision = 0, Drift = 0.0000
Current target domain: cartoon
Round 28 took 2.895270586013794 seconds
Round 28: Accuracy = 0.7257, Decision = 0, Drift = 0.0000
Current target domain: cartoon
Round 29 took 3.0435030460357666 seconds
Round 29: Accuracy = 0.7257, Decision = 0, Drift = 0.0000
Current target domain: cartoon
Round 30 took 2.9708685874938965 seconds
Round 30: Accuracy = 0.7257, Decision = 0, Drift = 0.0000
Current target domain: cartoon
Round 31 took 2.952575445175171 seconds
Round 31: Accuracy = 0.7257, Decision = 0, Drift = 0.0000
Current target domain: cartoon
Round 32 took 2.7685656547546387 seconds
Round 32: Accuracy = 0.7257, Decision = 0, Drift = 0.0000
Current target domain: cartoon
Round 33 took 3.1363742351531982 seconds
Round 33: Accuracy = 0.7257, Decision = 0, Drift = 0.0000
Current target domain: cartoon
Round 34 took 3.0332751274108887 seconds
Round 34: Accuracy = 0.7257, Decision = 0, Drift = 0.0000
Current target domain: cartoon
Round 35 took 3.045610189437866 seconds
Round 35: Accuracy = 0.7257, Decision = 0, Drift = 0.0000
Current target domain: cartoon
Round 36 took 2.868502378463745 seconds
Round 36: Accuracy = 0.7257, Decision = 0, Drift = 0.0000
Current target domain: cartoon
Round 37 took 2.7609035968780518 seconds
Round 37: Accuracy = 0.7257, Decision = 0, Drift = 0.0000
Current target domain: cartoon
Round 38 took 3.0096707344055176 seconds
Round 38: Accuracy = 0.7257, Decision = 0, Drift = 0.0000
Current target domain: cartoon
Round 39 took 2.8405652046203613 seconds
Round 39: Accuracy = 0.7257, Decision = 0, Drift = 0.0000
Current target domain: cartoon
Round 40 took 2.893965482711792 seconds
Round 40: Accuracy = 0.7257, Decision = 0, Drift = 0.0000
Current target domain: cartoon
Round 41 took 3.099057912826538 seconds
Round 41: Accuracy = 0.7257, Decision = 0, Drift = 0.0000
Current target domain: cartoon
Round 42 took 2.8997488021850586 seconds
Round 42: Accuracy = 0.7257, Decision = 0, Drift = 0.0000
Current target domain: cartoon
Round 43 took 2.998670816421509 seconds
Round 43: Accuracy = 0.7257, Decision = 0, Drift = 0.0000
Current target domain: cartoon
Round 44 took 2.981853485107422 seconds
Round 44: Accuracy = 0.7257, Decision = 0, Drift = 0.0000
Current target domain: cartoon
Round 45 took 2.9949071407318115 seconds
Round 45: Accuracy = 0.7257, Decision = 0, Drift = 0.0000
Current target domain: cartoon
Round 46 took 2.940430164337158 seconds
Round 46: Accuracy = 0.7257, Decision = 0, Drift = 0.0000
Current target domain: cartoon
Round 47 took 3.0178937911987305 seconds
Round 47: Accuracy = 0.7257, Decision = 0, Drift = 0.0000
Current target domain: cartoon
Round 48 took 3.0497195720672607 seconds
Round 48: Accuracy = 0.7257, Decision = 0, Drift = 0.0000
Current target domain: cartoon
Round 49 took 2.708413600921631 seconds
Round 49: Accuracy = 0.7257, Decision = 0, Drift = 0.0000
Current target domain: cartoon
Round 50 took 7.696920156478882 seconds
Round 50: Accuracy = 0.6220, Decision = 0, Drift = 0.2000
Current target domain: cartoon
Round 51 took 9.50795602798462 seconds
Round 51: Accuracy = 0.5370, Decision = 0, Drift = 0.2000
Current target domain: cartoon
Round 52 took 9.678378343582153 seconds
Round 52: Accuracy = 0.4706, Decision = 0, Drift = 0.2000
Current target domain: cartoon
Round 53 took 10.216672658920288 seconds
Round 53: Accuracy = 0.4128, Decision = 0, Drift = 0.2000
Current target domain: cartoon
Round 54 took 10.822849988937378 seconds
Round 54: Accuracy = 0.3597, Decision = 0, Drift = 0.2000
Current target domain: cartoon
Round 55 took 6.704756021499634 seconds
Round 55: Accuracy = 0.3597, Decision = 0, Drift = 0.0000
Current target domain: cartoon
Round 56 took 6.814778089523315 seconds
Round 56: Accuracy = 0.3597, Decision = 0, Drift = 0.0000
Current target domain: cartoon
Round 57 took 6.7209413051605225 seconds
Round 57: Accuracy = 0.3597, Decision = 0, Drift = 0.0000
Current target domain: cartoon
Round 58 took 6.6759984493255615 seconds
Round 58: Accuracy = 0.3597, Decision = 0, Drift = 0.0000
Current target domain: cartoon
Round 59 took 6.689820289611816 seconds
Round 59: Accuracy = 0.3597, Decision = 0, Drift = 0.0000
Current target domain: cartoon
Round 60 took 6.616069316864014 seconds
Round 60: Accuracy = 0.3597, Decision = 0, Drift = 0.0000
Current target domain: cartoon
Round 61 took 6.632883071899414 seconds
Round 61: Accuracy = 0.3597, Decision = 0, Drift = 0.0000
Current target domain: cartoon
Round 62 took 6.690946102142334 seconds
Round 62: Accuracy = 0.3597, Decision = 0, Drift = 0.0000
Current target domain: cartoon
Round 63 took 6.6581408977508545 seconds
Round 63: Accuracy = 0.3597, Decision = 0, Drift = 0.0000
Current target domain: cartoon
Round 64 took 6.670809030532837 seconds
Round 64: Accuracy = 0.3597, Decision = 0, Drift = 0.0000
Current target domain: cartoon
Round 65 took 6.653035879135132 seconds
Round 65: Accuracy = 0.3597, Decision = 0, Drift = 0.0000
Current target domain: cartoon
Round 66 took 6.624813556671143 seconds
Round 66: Accuracy = 0.3597, Decision = 0, Drift = 0.0000
Current target domain: cartoon
Round 67 took 6.633437156677246 seconds
Round 67: Accuracy = 0.3597, Decision = 0, Drift = 0.0000
Current target domain: cartoon
Round 68 took 6.596583843231201 seconds
Round 68: Accuracy = 0.3597, Decision = 0, Drift = 0.0000
Current target domain: cartoon
Round 69 took 6.555527687072754 seconds
Round 69: Accuracy = 0.3597, Decision = 0, Drift = 0.0000
Current target domain: cartoon
Round 70 took 6.47143030166626 seconds
Round 70: Accuracy = 0.3597, Decision = 0, Drift = 0.0000
Current target domain: cartoon
Round 71 took 6.531510591506958 seconds
Round 71: Accuracy = 0.3597, Decision = 0, Drift = 0.0000
Current target domain: cartoon
Round 72 took 6.542695760726929 seconds
Round 72: Accuracy = 0.3597, Decision = 0, Drift = 0.0000
Current target domain: cartoon
Round 73 took 6.52252197265625 seconds
Round 73: Accuracy = 0.3597, Decision = 0, Drift = 0.0000
Current target domain: cartoon
Round 74 took 6.541914463043213 seconds
Round 74: Accuracy = 0.3597, Decision = 0, Drift = 0.0000
Current target domain: cartoon
Round 75 took 6.4943413734436035 seconds
Round 75: Accuracy = 0.3597, Decision = 0, Drift = 0.0000
Current target domain: cartoon
Round 76 took 6.5214314460754395 seconds
Round 76: Accuracy = 0.3597, Decision = 0, Drift = 0.0000
Current target domain: cartoon
Round 77 took 6.499100685119629 seconds
Round 77: Accuracy = 0.3597, Decision = 0, Drift = 0.0000
Current target domain: cartoon
Round 78 took 6.462252378463745 seconds
Round 78: Accuracy = 0.3597, Decision = 0, Drift = 0.0000
Current target domain: cartoon
Round 79 took 6.489033460617065 seconds
Round 79: Accuracy = 0.3597, Decision = 0, Drift = 0.0000
Current target domain: cartoon
Round 80 took 6.5651535987854 seconds
Round 80: Accuracy = 0.3597, Decision = 0, Drift = 0.0000
Current target domain: cartoon
Round 81 took 6.642735481262207 seconds
Round 81: Accuracy = 0.3597, Decision = 0, Drift = 0.0000
Current target domain: cartoon
Round 82 took 6.652807712554932 seconds
Round 82: Accuracy = 0.3597, Decision = 0, Drift = 0.0000
Current target domain: cartoon
Round 83 took 6.646462917327881 seconds
Round 83: Accuracy = 0.3597, Decision = 0, Drift = 0.0000
Current target domain: cartoon
Round 84 took 6.601731300354004 seconds
Round 84: Accuracy = 0.3597, Decision = 0, Drift = 0.0000
Current target domain: cartoon
Round 85 took 6.62836766242981 seconds
Round 85: Accuracy = 0.3597, Decision = 0, Drift = 0.0000
Current target domain: cartoon
Round 86 took 6.581395149230957 seconds
Round 86: Accuracy = 0.3597, Decision = 0, Drift = 0.0000
Current target domain: cartoon
Round 87 took 6.5720415115356445 seconds
Round 87: Accuracy = 0.3597, Decision = 0, Drift = 0.0000
Current target domain: cartoon
Round 88 took 6.572378158569336 seconds
Round 88: Accuracy = 0.3597, Decision = 0, Drift = 0.0000
Current target domain: cartoon
Round 89 took 6.601118326187134 seconds
Round 89: Accuracy = 0.3597, Decision = 0, Drift = 0.0000
Current target domain: cartoon
Round 90 took 6.623549461364746 seconds
Round 90: Accuracy = 0.3597, Decision = 0, Drift = 0.0000
Current target domain: cartoon
Round 91 took 6.622707366943359 seconds
Round 91: Accuracy = 0.3597, Decision = 0, Drift = 0.0000
Current target domain: cartoon
Round 92 took 6.598288059234619 seconds
Round 92: Accuracy = 0.3597, Decision = 0, Drift = 0.0000
Current target domain: cartoon
Round 93 took 6.547302722930908 seconds
Round 93: Accuracy = 0.3597, Decision = 0, Drift = 0.0000
Current target domain: cartoon
Round 94 took 6.521595239639282 seconds
Round 94: Accuracy = 0.3597, Decision = 0, Drift = 0.0000
Current target domain: cartoon
Round 95 took 6.519910573959351 seconds
Round 95: Accuracy = 0.3597, Decision = 0, Drift = 0.0000
Current target domain: cartoon
Round 96 took 6.512447118759155 seconds
Round 96: Accuracy = 0.3597, Decision = 0, Drift = 0.0000
Current target domain: cartoon
Round 97 took 6.478074789047241 seconds
Round 97: Accuracy = 0.3597, Decision = 0, Drift = 0.0000
Current target domain: cartoon
Round 98 took 6.5204877853393555 seconds
Round 98: Accuracy = 0.3597, Decision = 0, Drift = 0.0000
Current target domain: cartoon
Round 99 took 6.548739194869995 seconds
Round 99: Accuracy = 0.3597, Decision = 0, Drift = 0.0000
Current target domain: cartoon
No available target samples left. Reusing existing target indices.
Round 100 took 10.981407642364502 seconds
Round 100: Accuracy = 0.3575, Decision = 0, Drift = 0.2000
Current target domain: cartoon
No available target samples left. Reusing existing target indices.
No available target samples left. Reusing existing target indices.
Round 101 took 10.40022897720337 seconds
Round 101: Accuracy = 0.3575, Decision = 0, Drift = 0.2000
Current target domain: cartoon
No available target samples left. Reusing existing target indices.
No available target samples left. Reusing existing target indices.
Round 102 took 10.432746887207031 seconds
Round 102: Accuracy = 0.3575, Decision = 0, Drift = 0.2000
Current target domain: cartoon
No available target samples left. Reusing existing target indices.
No available target samples left. Reusing existing target indices.
Round 103 took 10.332862854003906 seconds
Round 103: Accuracy = 0.3575, Decision = 0, Drift = 0.2000
Current target domain: cartoon
No available target samples left. Reusing existing target indices.
No available target samples left. Reusing existing target indices.
Round 104 took 10.350478649139404 seconds
Round 104: Accuracy = 0.3575, Decision = 0, Drift = 0.2000
Current target domain: cartoon
Round 105 took 6.527283430099487 seconds
Round 105: Accuracy = 0.3575, Decision = 0, Drift = 0.0000
Current target domain: sketch
Round 106 took 6.54108452796936 seconds
Round 106: Accuracy = 0.3575, Decision = 0, Drift = 0.0000
Current target domain: sketch
Round 107 took 6.515059471130371 seconds
Round 107: Accuracy = 0.3575, Decision = 0, Drift = 0.0000
Current target domain: sketch
Round 108 took 6.506514549255371 seconds
Round 108: Accuracy = 0.3575, Decision = 0, Drift = 0.0000
Current target domain: sketch
Round 109 took 6.525497198104858 seconds
Round 109: Accuracy = 0.3575, Decision = 0, Drift = 0.0000
Current target domain: sketch
Round 110 took 6.605575323104858 seconds
Round 110: Accuracy = 0.3575, Decision = 0, Drift = 0.0000
Current target domain: sketch
Round 111 took 6.605476379394531 seconds
Round 111: Accuracy = 0.3575, Decision = 0, Drift = 0.0000
Current target domain: sketch
Round 112 took 6.586577892303467 seconds
Round 112: Accuracy = 0.3575, Decision = 0, Drift = 0.0000
Current target domain: sketch
Round 113 took 6.579114198684692 seconds
Round 113: Accuracy = 0.3575, Decision = 0, Drift = 0.0000
Current target domain: sketch
Round 114 took 6.640322685241699 seconds
Round 114: Accuracy = 0.3575, Decision = 0, Drift = 0.0000
Current target domain: sketch
Round 115 took 6.640708684921265 seconds
Round 115: Accuracy = 0.3575, Decision = 0, Drift = 0.0000
Current target domain: sketch
Round 116 took 6.622162818908691 seconds
Round 116: Accuracy = 0.3575, Decision = 0, Drift = 0.0000
Current target domain: sketch
Round 117 took 6.636062145233154 seconds
Round 117: Accuracy = 0.3575, Decision = 0, Drift = 0.0000
Current target domain: sketch
Round 118 took 6.624211072921753 seconds
Round 118: Accuracy = 0.3575, Decision = 0, Drift = 0.0000
Current target domain: sketch
Round 119 took 6.618005037307739 seconds
Round 119: Accuracy = 0.3575, Decision = 0, Drift = 0.0000
Current target domain: sketch
Round 120 took 6.579821586608887 seconds
Round 120: Accuracy = 0.3575, Decision = 0, Drift = 0.0000
Current target domain: sketch
Round 121 took 6.566783428192139 seconds
Round 121: Accuracy = 0.3575, Decision = 0, Drift = 0.0000
Current target domain: sketch
Round 122 took 6.5939366817474365 seconds
Round 122: Accuracy = 0.3575, Decision = 0, Drift = 0.0000
Current target domain: sketch
Round 123 took 6.601949453353882 seconds
Round 123: Accuracy = 0.3575, Decision = 0, Drift = 0.0000
Current target domain: sketch
Round 124 took 6.570980787277222 seconds
Round 124: Accuracy = 0.3575, Decision = 0, Drift = 0.0000
Current target domain: sketch
Round 125 took 6.482090950012207 seconds
Round 125: Accuracy = 0.3575, Decision = 0, Drift = 0.0000
Current target domain: sketch
Round 126 took 6.558551073074341 seconds
Round 126: Accuracy = 0.3575, Decision = 0, Drift = 0.0000
Current target domain: sketch
Round 127 took 6.513442754745483 seconds
Round 127: Accuracy = 0.3575, Decision = 0, Drift = 0.0000
Current target domain: sketch
Round 128 took 6.53337025642395 seconds
Round 128: Accuracy = 0.3575, Decision = 0, Drift = 0.0000
Current target domain: sketch
Round 129 took 6.491260290145874 seconds
Round 129: Accuracy = 0.3575, Decision = 0, Drift = 0.0000
Current target domain: sketch
Round 130 took 6.501965284347534 seconds
Round 130: Accuracy = 0.3575, Decision = 0, Drift = 0.0000
Current target domain: sketch
Round 131 took 6.4925501346588135 seconds
Round 131: Accuracy = 0.3575, Decision = 0, Drift = 0.0000
Current target domain: sketch
Round 132 took 6.527501583099365 seconds
Round 132: Accuracy = 0.3575, Decision = 0, Drift = 0.0000
Current target domain: sketch
Round 133 took 6.555237531661987 seconds
Round 133: Accuracy = 0.3575, Decision = 0, Drift = 0.0000
Current target domain: sketch
Round 134 took 6.554864406585693 seconds
Round 134: Accuracy = 0.3575, Decision = 0, Drift = 0.0000
Current target domain: sketch
Round 135 took 6.599405527114868 seconds
Round 135: Accuracy = 0.3575, Decision = 0, Drift = 0.0000
Current target domain: sketch
Round 136 took 6.645431995391846 seconds
Round 136: Accuracy = 0.3575, Decision = 0, Drift = 0.0000
Current target domain: sketch
Round 137 took 6.615038633346558 seconds
Round 137: Accuracy = 0.3575, Decision = 0, Drift = 0.0000
Current target domain: sketch
Round 138 took 6.646439790725708 seconds
Round 138: Accuracy = 0.3575, Decision = 0, Drift = 0.0000
Current target domain: sketch
Round 139 took 6.5850677490234375 seconds
Round 139: Accuracy = 0.3575, Decision = 0, Drift = 0.0000
Current target domain: sketch
Round 140 took 6.594416856765747 seconds
Round 140: Accuracy = 0.3575, Decision = 0, Drift = 0.0000
Current target domain: sketch
Round 141 took 6.632343530654907 seconds
Round 141: Accuracy = 0.3575, Decision = 0, Drift = 0.0000
Current target domain: sketch
Round 142 took 6.645844221115112 seconds
Round 142: Accuracy = 0.3575, Decision = 0, Drift = 0.0000
Current target domain: sketch
Round 143 took 6.6512672901153564 seconds
Round 143: Accuracy = 0.3575, Decision = 0, Drift = 0.0000
Current target domain: sketch
Round 144 took 6.644512891769409 seconds
Round 144: Accuracy = 0.3575, Decision = 0, Drift = 0.0000
Current target domain: sketch
Round 145 took 6.599115610122681 seconds
Round 145: Accuracy = 0.3575, Decision = 0, Drift = 0.0000
Current target domain: sketch
Round 146 took 6.634198904037476 seconds
Round 146: Accuracy = 0.3575, Decision = 0, Drift = 0.0000
Current target domain: sketch
Round 147 took 6.5781285762786865 seconds
Round 147: Accuracy = 0.3575, Decision = 0, Drift = 0.0000
Current target domain: sketch
Round 148 took 6.530675172805786 seconds
Round 148: Accuracy = 0.3575, Decision = 0, Drift = 0.0000
Current target domain: sketch
Round 149 took 6.470872163772583 seconds
Round 149: Accuracy = 0.3575, Decision = 0, Drift = 0.0000
Current target domain: sketch
Round 150 took 11.97301173210144 seconds
Round 150: Accuracy = 0.3189, Decision = 0, Drift = 0.2000
Current target domain: sketch
Round 151 took 13.351906061172485 seconds
Round 151: Accuracy = 0.2864, Decision = 0, Drift = 0.2000
Current target domain: sketch
Round 152 took 15.439236402511597 seconds
Round 152: Accuracy = 0.2599, Decision = 0, Drift = 0.2000
Current target domain: sketch
Round 153 took 16.84851360321045 seconds
Round 153: Accuracy = 0.2492, Decision = 0, Drift = 0.2000
Current target domain: sketch
No available target samples left. Reusing existing target indices.
No available target samples left. Reusing existing target indices.
Round 154 took 16.85378360748291 seconds
Round 154: Accuracy = 0.2492, Decision = 0, Drift = 0.2000
Current target domain: sketch
Round 155 took 13.00046968460083 seconds
Round 155: Accuracy = 0.2492, Decision = 0, Drift = 0.0000
Current target domain: photo
Round 156 took 12.986974239349365 seconds
Round 156: Accuracy = 0.2492, Decision = 0, Drift = 0.0000
Current target domain: photo
Round 157 took 12.988745212554932 seconds
Round 157: Accuracy = 0.2492, Decision = 0, Drift = 0.0000
Current target domain: photo
Round 158 took 13.028370380401611 seconds
Round 158: Accuracy = 0.2492, Decision = 0, Drift = 0.0000
Current target domain: photo
Round 159 took 13.169142961502075 seconds
Round 159: Accuracy = 0.2492, Decision = 0, Drift = 0.0000
Current target domain: photo
Round 160 took 13.156793355941772 seconds
Round 160: Accuracy = 0.2492, Decision = 0, Drift = 0.0000
Current target domain: photo
Round 161 took 13.086633920669556 seconds
Round 161: Accuracy = 0.2492, Decision = 0, Drift = 0.0000
Current target domain: photo
Round 162 took 12.972534894943237 seconds
Round 162: Accuracy = 0.2492, Decision = 0, Drift = 0.0000
Current target domain: photo
Round 163 took 13.054605722427368 seconds
Round 163: Accuracy = 0.2492, Decision = 0, Drift = 0.0000
Current target domain: photo
Round 164 took 13.10701060295105 seconds
Round 164: Accuracy = 0.2492, Decision = 0, Drift = 0.0000
Current target domain: photo
Round 165 took 13.07438039779663 seconds
Round 165: Accuracy = 0.2492, Decision = 0, Drift = 0.0000
Current target domain: photo
Round 166 took 12.947280883789062 seconds
Round 166: Accuracy = 0.2492, Decision = 0, Drift = 0.0000
Current target domain: photo
Round 167 took 12.915591478347778 seconds
Round 167: Accuracy = 0.2492, Decision = 0, Drift = 0.0000
Current target domain: photo
Round 168 took 12.976714611053467 seconds
Round 168: Accuracy = 0.2492, Decision = 0, Drift = 0.0000
Current target domain: photo
Round 169 took 12.91273283958435 seconds
Round 169: Accuracy = 0.2492, Decision = 0, Drift = 0.0000
Current target domain: photo
Round 170 took 12.835781335830688 seconds
Round 170: Accuracy = 0.2492, Decision = 0, Drift = 0.0000
Current target domain: photo
Round 171 took 12.942335605621338 seconds
Round 171: Accuracy = 0.2492, Decision = 0, Drift = 0.0000
Current target domain: photo
Round 172 took 13.013112783432007 seconds
Round 172: Accuracy = 0.2492, Decision = 0, Drift = 0.0000
Current target domain: photo
Round 173 took 13.104224443435669 seconds
Round 173: Accuracy = 0.2492, Decision = 0, Drift = 0.0000
Current target domain: photo
Round 174 took 12.984081029891968 seconds
Round 174: Accuracy = 0.2492, Decision = 0, Drift = 0.0000
Current target domain: photo
Round 175 took 12.950660943984985 seconds
Round 175: Accuracy = 0.2492, Decision = 0, Drift = 0.0000
Current target domain: photo
Round 176 took 12.900199890136719 seconds
Round 176: Accuracy = 0.2492, Decision = 0, Drift = 0.0000
Current target domain: photo
Round 177 took 12.970705270767212 seconds
Round 177: Accuracy = 0.2492, Decision = 0, Drift = 0.0000
Current target domain: photo
Round 178 took 12.851221084594727 seconds
Round 178: Accuracy = 0.2492, Decision = 0, Drift = 0.0000
Current target domain: photo
Round 179 took 12.849946737289429 seconds
Round 179: Accuracy = 0.2492, Decision = 0, Drift = 0.0000
Current target domain: photo
Round 180 took 12.804214000701904 seconds
Round 180: Accuracy = 0.2492, Decision = 0, Drift = 0.0000
Current target domain: photo
Round 181 took 12.846859455108643 seconds
Round 181: Accuracy = 0.2492, Decision = 0, Drift = 0.0000
Current target domain: photo
Round 182 took 12.865958452224731 seconds
Round 182: Accuracy = 0.2492, Decision = 0, Drift = 0.0000
Current target domain: photo
Round 183 took 12.877479791641235 seconds
Round 183: Accuracy = 0.2492, Decision = 0, Drift = 0.0000
Current target domain: photo
Round 184 took 12.829230070114136 seconds
Round 184: Accuracy = 0.2492, Decision = 0, Drift = 0.0000
Current target domain: photo
Round 185 took 12.820851564407349 seconds
Round 185: Accuracy = 0.2492, Decision = 0, Drift = 0.0000
Current target domain: photo
Round 186 took 12.831754207611084 seconds
Round 186: Accuracy = 0.2492, Decision = 0, Drift = 0.0000
Current target domain: photo
Round 187 took 12.883078813552856 seconds
Round 187: Accuracy = 0.2492, Decision = 0, Drift = 0.0000
Current target domain: photo
Round 188 took 12.97227144241333 seconds
Round 188: Accuracy = 0.2492, Decision = 0, Drift = 0.0000
Current target domain: photo
Round 189 took 13.030201435089111 seconds
Round 189: Accuracy = 0.2492, Decision = 0, Drift = 0.0000
Current target domain: photo
Round 190 took 12.97451376914978 seconds
Round 190: Accuracy = 0.2492, Decision = 0, Drift = 0.0000
Current target domain: photo
Round 191 took 12.964488983154297 seconds
Round 191: Accuracy = 0.2492, Decision = 0, Drift = 0.0000
Current target domain: photo
Round 192 took 13.000861883163452 seconds
Round 192: Accuracy = 0.2492, Decision = 0, Drift = 0.0000
Current target domain: photo
Round 193 took 12.951536893844604 seconds
Round 193: Accuracy = 0.2492, Decision = 0, Drift = 0.0000
Current target domain: photo
Round 194 took 12.9207444190979 seconds
Round 194: Accuracy = 0.2492, Decision = 0, Drift = 0.0000
Current target domain: photo
Round 195 took 12.837339401245117 seconds
Round 195: Accuracy = 0.2492, Decision = 0, Drift = 0.0000
Current target domain: photo
Round 196 took 12.872203826904297 seconds
Round 196: Accuracy = 0.2492, Decision = 0, Drift = 0.0000
Current target domain: photo
Round 197 took 12.885302305221558 seconds
Round 197: Accuracy = 0.2492, Decision = 0, Drift = 0.0000
Current target domain: photo
Round 198 took 12.8684401512146 seconds
Round 198: Accuracy = 0.2492, Decision = 0, Drift = 0.0000
Current target domain: photo
Round 199 took 12.78614616394043 seconds
Round 199: Accuracy = 0.2492, Decision = 0, Drift = 0.0000
Current target domain: photo
Average time per round: 7.489315338134766
Total time: 1497.8630676269531
