Using the latest cached version of the dataset since flwrlabs/pacs couldn't be found on the Hugging Face Hub
Found the latest cached dataset configuration 'default' at /home/apiasecz/.cache/huggingface/datasets/flwrlabs___pacs/default/0.0.0/394113073258ead631f617d2e13bb377c0715c4b (last modified on Wed Jan 29 16:59:35 2025).
Using the latest cached version of the dataset since flwrlabs/pacs couldn't be found on the Hugging Face Hub
Found the latest cached dataset configuration 'default' at /home/apiasecz/.cache/huggingface/datasets/flwrlabs___pacs/default/0.0.0/394113073258ead631f617d2e13bb377c0715c4b (last modified on Wed Jan 29 16:59:35 2025).
Using the latest cached version of the dataset since flwrlabs/pacs couldn't be found on the Hugging Face Hub
Found the latest cached dataset configuration 'default' at /home/apiasecz/.cache/huggingface/datasets/flwrlabs___pacs/default/0.0.0/394113073258ead631f617d2e13bb377c0715c4b (last modified on Wed Jan 29 16:59:35 2025).
Device: cuda
CUDA Version: 12.1
cuDNN Version: 8902
PyTorch Version: 2.3.0

Model used: PACSCNN_4
Initial dataset creation
Initial dataset creation
Initial loss: 0.001455867663025856
<__main__.Policy object at 0x14e22bdb7d40>
0.001455867663025856
Loss historical diff: 0.0; Loss Difference: 0.0, Decision: 0
Round 1 took 2.856666088104248s, results:
{'t': 0, 'current_accuracy': 1.0, 'current_loss': 0.0014294133870862424, 'train_loss': None, 'decision': 0, 'drift_rate': 0.004, 'target_domains': ['sketch']}
Loss historical diff: 1.280568540096283e-09; Loss Difference: 0.0, Decision: 0
Round 2 took 3.0978877544403076s, results:
{'t': 1, 'current_accuracy': 1.0, 'current_loss': 0.0014294146676547825, 'train_loss': None, 'decision': 0, 'drift_rate': 0.004, 'target_domains': ['sketch']}
Loss historical diff: 3.4924596548080444e-10; Loss Difference: 0.0, Decision: 0
Round 3 took 3.1809775829315186s, results:
{'t': 2, 'current_accuracy': 1.0, 'current_loss': 0.001429413736332208, 'train_loss': None, 'decision': 0, 'drift_rate': 0.004, 'target_domains': ['sketch']}
Loss historical diff: 0.0; Loss Difference: 0.0, Decision: 0
Round 4 took 3.1117031574249268s, results:
{'t': 3, 'current_accuracy': 1.0, 'current_loss': 0.0014294128050096333, 'train_loss': None, 'decision': 0, 'drift_rate': 0.004, 'target_domains': ['sketch']}
Loss historical diff: 8.149072527885437e-10; Loss Difference: 0.0, Decision: 0
Round 5 took 2.996755599975586s, results:
{'t': 4, 'current_accuracy': 1.0, 'current_loss': 0.001429413619916886, 'train_loss': None, 'decision': 0, 'drift_rate': 0.004, 'target_domains': ['sketch']}
Loss historical diff: 2.7939677238464355e-09; Loss Difference: 0.0, Decision: 0
Round 6 took 3.117795467376709s, results:
{'t': 5, 'current_accuracy': 1.0, 'current_loss': 0.0014294155989773571, 'train_loss': None, 'decision': 0, 'drift_rate': 0.004, 'target_domains': ['sketch']}
Loss historical diff: 5.238689482212067e-10; Loss Difference: 0.0, Decision: 0
Round 7 took 3.0190534591674805s, results:
{'t': 6, 'current_accuracy': 1.0, 'current_loss': 0.0014294133288785815, 'train_loss': None, 'decision': 0, 'drift_rate': 0.004, 'target_domains': ['sketch']}
Loss historical diff: 4.656612873077393e-10; Loss Difference: 0.0, Decision: 0
Round 8 took 3.012627124786377s, results:
{'t': 7, 'current_accuracy': 1.0, 'current_loss': 0.0014294132706709206, 'train_loss': None, 'decision': 0, 'drift_rate': 0.004, 'target_domains': ['sketch']}
Loss historical diff: 4.0745362639427185e-10; Loss Difference: 0.0, Decision: 0
Round 9 took 2.796926736831665s, results:
{'t': 8, 'current_accuracy': 1.0, 'current_loss': 0.0014294132124632597, 'train_loss': None, 'decision': 0, 'drift_rate': 0.004, 'target_domains': ['sketch']}
Loss historical diff: 1.1059455573558807e-09; Loss Difference: 0.0, Decision: 0
Round 10 took 2.8735408782958984s, results:
{'t': 9, 'current_accuracy': 1.0, 'current_loss': 0.0014294139109551907, 'train_loss': None, 'decision': 0, 'drift_rate': 0.004, 'target_domains': ['sketch']}
Loss historical diff: 0.0; Loss Difference: 0.0, Decision: 0
Round 11 took 3.068613052368164s, results:
{'t': 10, 'current_accuracy': 1.0, 'current_loss': 0.0014294119901023805, 'train_loss': None, 'decision': 0, 'drift_rate': 0.004, 'target_domains': ['sketch']}
Loss historical diff: 0.0; Loss Difference: 0.0, Decision: 0
Round 12 took 3.134056568145752s, results:
{'t': 11, 'current_accuracy': 1.0, 'current_loss': 0.0014294119318947196, 'train_loss': None, 'decision': 0, 'drift_rate': 0.004, 'target_domains': ['sketch']}
Loss historical diff: 5.820766091346741e-11; Loss Difference: 0.0, Decision: 0
Round 13 took 3.0208353996276855s, results:
{'t': 12, 'current_accuracy': 1.0, 'current_loss': 0.0014294119901023805, 'train_loss': None, 'decision': 0, 'drift_rate': 0.004, 'target_domains': ['sketch']}
Loss historical diff: 8.731149137020111e-10; Loss Difference: 0.0, Decision: 0
Round 14 took 3.223026752471924s, results:
{'t': 13, 'current_accuracy': 1.0, 'current_loss': 0.0014294128050096333, 'train_loss': None, 'decision': 0, 'drift_rate': 0.004, 'target_domains': ['sketch']}
Loss historical diff: 1.3969838619232178e-09; Loss Difference: 0.0, Decision: 1
Average loss over 5 updates: 0.0053
Round 15 took 5.025602579116821s, results:
{'t': 14, 'current_accuracy': 1.0, 'current_loss': 0.0014294133288785815, 'train_loss': 0.005335168959572911, 'decision': 1, 'drift_rate': 0.004, 'target_domains': ['sketch']}
Loss historical diff: 0.0; Loss Difference: 0.0, Decision: 0
Round 16 took 3.262164831161499s, results:
{'t': 15, 'current_accuracy': 1.0, 'current_loss': 0.0013686033780686557, 'train_loss': None, 'decision': 0, 'drift_rate': 0.004, 'target_domains': ['sketch']}
Loss historical diff: 0.0; Loss Difference: 0.0, Decision: 0
Round 17 took 3.2996938228607178s, results:
{'t': 16, 'current_accuracy': 1.0, 'current_loss': 0.001368601922877133, 'train_loss': None, 'decision': 0, 'drift_rate': 0.004, 'target_domains': ['sketch']}
Loss historical diff: 0.0; Loss Difference: 0.0, Decision: 0
Round 18 took 2.901904344558716s, results:
{'t': 17, 'current_accuracy': 1.0, 'current_loss': 0.0013686017482541502, 'train_loss': None, 'decision': 0, 'drift_rate': 0.004, 'target_domains': ['sketch']}
Loss historical diff: 1.7462298274040222e-10; Loss Difference: 0.0, Decision: 0
Round 19 took 3.2900807857513428s, results:
{'t': 18, 'current_accuracy': 1.0, 'current_loss': 0.001368601922877133, 'train_loss': None, 'decision': 0, 'drift_rate': 0.004, 'target_domains': ['sketch']}
Loss historical diff: 5.820766091346741e-11; Loss Difference: 0.0, Decision: 0
Round 20 took 3.2255756855010986s, results:
{'t': 19, 'current_accuracy': 1.0, 'current_loss': 0.001368601806461811, 'train_loss': None, 'decision': 0, 'drift_rate': 0.004, 'target_domains': ['sketch']}
Loss historical diff: 1.1641532182693481e-09; Loss Difference: 0.0, Decision: 0
Round 21 took 3.2642629146575928s, results:
{'t': 20, 'current_accuracy': 1.0, 'current_loss': 0.0013686029124073684, 'train_loss': None, 'decision': 0, 'drift_rate': 0.004, 'target_domains': ['sketch']}
Loss historical diff: 7.566995918750763e-10; Loss Difference: 0.0, Decision: 0
Round 22 took 3.3482115268707275s, results:
{'t': 21, 'current_accuracy': 1.0, 'current_loss': 0.001368602504953742, 'train_loss': None, 'decision': 0, 'drift_rate': 0.004, 'target_domains': ['sketch']}
Loss historical diff: 5.238689482212067e-10; Loss Difference: 0.0, Decision: 0
Round 23 took 3.3343231678009033s, results:
{'t': 22, 'current_accuracy': 1.0, 'current_loss': 0.0013686022721230984, 'train_loss': None, 'decision': 0, 'drift_rate': 0.004, 'target_domains': ['sketch']}
Loss historical diff: 6.984919309616089e-10; Loss Difference: 0.0, Decision: 0
Round 24 took 3.2905280590057373s, results:
{'t': 23, 'current_accuracy': 1.0, 'current_loss': 0.0013686024467460811, 'train_loss': None, 'decision': 0, 'drift_rate': 0.004, 'target_domains': ['sketch']}
Loss historical diff: 4.0745362639427185e-10; Loss Difference: 0.0, Decision: 0
Round 25 took 3.22322154045105s, results:
{'t': 24, 'current_accuracy': 1.0, 'current_loss': 0.0013686021557077765, 'train_loss': None, 'decision': 0, 'drift_rate': 0.004, 'target_domains': ['sketch']}
Loss historical diff: 1.1641532182693481e-10; Loss Difference: 0.0, Decision: 0
Round 26 took 3.361340284347534s, results:
{'t': 25, 'current_accuracy': 1.0, 'current_loss': 0.001368601864669472, 'train_loss': None, 'decision': 0, 'drift_rate': 0.004, 'target_domains': ['sketch']}
Loss historical diff: 1.1641532182693481e-09; Loss Difference: 0.0, Decision: 0
Round 27 took 3.6081418991088867s, results:
{'t': 26, 'current_accuracy': 1.0, 'current_loss': 0.0013686029124073684, 'train_loss': None, 'decision': 0, 'drift_rate': 0.004, 'target_domains': ['sketch']}
Loss historical diff: 1.1641532182693481e-10; Loss Difference: 0.0, Decision: 0
Round 28 took 3.3716683387756348s, results:
{'t': 27, 'current_accuracy': 1.0, 'current_loss': 0.001368601864669472, 'train_loss': None, 'decision': 0, 'drift_rate': 0.004, 'target_domains': ['sketch']}
Loss historical diff: 5.820766091346741e-11; Loss Difference: 0.0, Decision: 0
Round 29 took 3.3430259227752686s, results:
{'t': 28, 'current_accuracy': 1.0, 'current_loss': 0.001368601806461811, 'train_loss': None, 'decision': 0, 'drift_rate': 0.004, 'target_domains': ['sketch']}
Loss historical diff: 1.4551915228366852e-09; Loss Difference: 0.0, Decision: 0
Round 30 took 3.4762067794799805s, results:
{'t': 29, 'current_accuracy': 1.0, 'current_loss': 0.001368603203445673, 'train_loss': None, 'decision': 0, 'drift_rate': 0.004, 'target_domains': ['sketch']}
Loss historical diff: 6.984919309616089e-10; Loss Difference: 0.0, Decision: 0
Round 31 took 3.437164068222046s, results:
{'t': 30, 'current_accuracy': 1.0, 'current_loss': 0.0013686024467460811, 'train_loss': None, 'decision': 0, 'drift_rate': 0.004, 'target_domains': ['sketch']}
Loss historical diff: 0.0; Loss Difference: 0.0, Decision: 0
Round 32 took 3.343209981918335s, results:
{'t': 31, 'current_accuracy': 1.0, 'current_loss': 0.0013686009333468974, 'train_loss': None, 'decision': 0, 'drift_rate': 0.004, 'target_domains': ['sketch']}
Loss historical diff: 1.979060471057892e-09; Loss Difference: 0.0, Decision: 0
Round 33 took 3.435502052307129s, results:
{'t': 32, 'current_accuracy': 1.0, 'current_loss': 0.0013686029124073684, 'train_loss': None, 'decision': 0, 'drift_rate': 0.004, 'target_domains': ['sketch']}
Loss historical diff: 1.0477378964424133e-09; Loss Difference: 0.0, Decision: 0
Round 34 took 3.1276609897613525s, results:
{'t': 33, 'current_accuracy': 1.0, 'current_loss': 0.0013686019810847938, 'train_loss': None, 'decision': 0, 'drift_rate': 0.004, 'target_domains': ['sketch']}
Loss historical diff: 1.5133991837501526e-09; Loss Difference: 0.0, Decision: 0
Round 35 took 3.3321175575256348s, results:
{'t': 34, 'current_accuracy': 1.0, 'current_loss': 0.0013686024467460811, 'train_loss': None, 'decision': 0, 'drift_rate': 0.004, 'target_domains': ['sketch']}
Loss historical diff: 2.270098775625229e-09; Loss Difference: 0.0, Decision: 0
Round 36 took 3.101114273071289s, results:
{'t': 35, 'current_accuracy': 1.0, 'current_loss': 0.001368603203445673, 'train_loss': None, 'decision': 0, 'drift_rate': 0.004, 'target_domains': ['sketch']}
Loss historical diff: 4.831235855817795e-09; Loss Difference: 0.0, Decision: 1
Average loss over 5 updates: 0.0038
Round 37 took 5.653208017349243s, results:
{'t': 36, 'current_accuracy': 1.0, 'current_loss': 0.0013686057645827532, 'train_loss': 0.0038126041181385517, 'decision': 1, 'drift_rate': 0.004, 'target_domains': ['sketch']}
Loss historical diff: 0.0; Loss Difference: 0.0, Decision: 0
Round 38 took 3.519676685333252s, results:
{'t': 37, 'current_accuracy': 1.0, 'current_loss': 0.0012600200134329498, 'train_loss': None, 'decision': 0, 'drift_rate': 0.004, 'target_domains': ['sketch']}
Loss historical diff: 8.149072527885437e-10; Loss Difference: 0.0, Decision: 0
Round 39 took 3.2407796382904053s, results:
{'t': 38, 'current_accuracy': 1.0, 'current_loss': 0.0012600208283402026, 'train_loss': None, 'decision': 0, 'drift_rate': 0.004, 'target_domains': ['sketch']}
Loss historical diff: 2.2118911147117615e-09; Loss Difference: 0.0, Decision: 0
Round 40 took 3.3785204887390137s, results:
{'t': 39, 'current_accuracy': 1.0, 'current_loss': 0.0012600222253240645, 'train_loss': None, 'decision': 0, 'drift_rate': 0.004, 'target_domains': ['sketch']}
Loss historical diff: 1.280568540096283e-09; Loss Difference: 0.0, Decision: 0
Round 41 took 3.280388832092285s, results:
{'t': 40, 'current_accuracy': 1.0, 'current_loss': 0.0012600212940014899, 'train_loss': None, 'decision': 0, 'drift_rate': 0.004, 'target_domains': ['sketch']}
Loss historical diff: 1.862645149230957e-09; Loss Difference: 0.0, Decision: 0
Round 42 took 3.406888961791992s, results:
{'t': 41, 'current_accuracy': 1.0, 'current_loss': 0.001260021876078099, 'train_loss': None, 'decision': 0, 'drift_rate': 0.004, 'target_domains': ['sketch']}
Loss historical diff: 2.3283064365386963e-10; Loss Difference: 0.0, Decision: 0
Round 43 took 3.308715343475342s, results:
{'t': 42, 'current_accuracy': 1.0, 'current_loss': 0.0012600202462635934, 'train_loss': None, 'decision': 0, 'drift_rate': 0.004, 'target_domains': ['sketch']}
Loss historical diff: 3.4924596548080444e-10; Loss Difference: 0.0, Decision: 0
Round 44 took 3.3785197734832764s, results:
{'t': 43, 'current_accuracy': 1.0, 'current_loss': 0.0012600203626789153, 'train_loss': None, 'decision': 0, 'drift_rate': 0.004, 'target_domains': ['sketch']}
Loss historical diff: 1.862645149230957e-09; Loss Difference: 0.0, Decision: 0
Round 45 took 3.3966243267059326s, results:
{'t': 44, 'current_accuracy': 1.0, 'current_loss': 0.001260021876078099, 'train_loss': None, 'decision': 0, 'drift_rate': 0.004, 'target_domains': ['sketch']}
Loss historical diff: 4.598405212163925e-09; Loss Difference: 0.0, Decision: 1
Average loss over 5 updates: 0.0037
Round 46 took 5.228922605514526s, results:
{'t': 45, 'current_accuracy': 1.0, 'current_loss': 0.001260024611838162, 'train_loss': 0.0037457872182130813, 'decision': 1, 'drift_rate': 0.004, 'target_domains': ['sketch']}
Loss historical diff: 9.96532617136836e-06; Loss Difference: 0.0, Decision: 1
Average loss over 5 updates: 0.0023
Round 47 took 5.399543285369873s, results:
{'t': 46, 'current_accuracy': 1.0, 'current_loss': 0.0012699853396043181, 'train_loss': 0.0022756935562938453, 'decision': 1, 'drift_rate': 0.004, 'target_domains': ['sketch']}
Loss historical diff: 1.108349533751607e-05; Loss Difference: 0.0, Decision: 0
Round 48 took 3.308870792388916s, results:
{'t': 47, 'current_accuracy': 1.0, 'current_loss': 0.0012711035087704659, 'train_loss': None, 'decision': 0, 'drift_rate': 0.004, 'target_domains': ['sketch']}
Loss historical diff: 1.1083902791142464e-05; Loss Difference: 0.0, Decision: 0
Round 49 took 3.3814005851745605s, results:
{'t': 48, 'current_accuracy': 1.0, 'current_loss': 0.0012711039162240922, 'train_loss': None, 'decision': 0, 'drift_rate': 0.004, 'target_domains': ['sketch']}
Loss historical diff: 1.1084543075412512e-05; Loss Difference: 0.0, Decision: 0
Round 50 took 3.38703989982605s, results:
{'t': 49, 'current_accuracy': 1.0, 'current_loss': 0.0012711045565083623, 'train_loss': None, 'decision': 0, 'drift_rate': 0.004, 'target_domains': ['sketch']}
Loss historical diff: 0.15106770116835833; Loss Difference: 0.0, Decision: 0
Round 51 took 3.3446946144104004s, results:
{'t': 50, 'current_accuracy': 0.99609375, 'current_loss': 0.15232772118179128, 'train_loss': None, 'decision': 0, 'drift_rate': 0.004, 'target_domains': ['photo']}
Loss historical diff: 0.28586929867742583; Loss Difference: 0.0, Decision: 0
Round 52 took 3.2599658966064453s, results:
{'t': 51, 'current_accuracy': 0.9921875, 'current_loss': 0.2871293186908588, 'train_loss': None, 'decision': 0, 'drift_rate': 0.004, 'target_domains': ['photo']}
Loss historical diff: 0.2858690752182156; Loss Difference: 0.0, Decision: 0
Round 53 took 3.094963312149048s, results:
{'t': 52, 'current_accuracy': 0.9921875, 'current_loss': 0.28712909523164853, 'train_loss': None, 'decision': 0, 'drift_rate': 0.004, 'target_domains': ['photo']}
Loss historical diff: 0.3783565385383554; Loss Difference: 0.0, Decision: 0
Round 54 took 3.306527614593506s, results:
{'t': 53, 'current_accuracy': 0.98828125, 'current_loss': 0.37961655855178833, 'train_loss': None, 'decision': 0, 'drift_rate': 0.004, 'target_domains': ['photo']}
Loss historical diff: 0.5768140925210901; Loss Difference: 0.0, Decision: 0
Round 55 took 3.3313605785369873s, results:
{'t': 54, 'current_accuracy': 0.984375, 'current_loss': 0.578074112534523, 'train_loss': None, 'decision': 0, 'drift_rate': 0.004, 'target_domains': ['photo']}
Loss historical diff: 0.5768049134057947; Loss Difference: 0.0, Decision: 0
Round 56 took 3.324755907058716s, results:
{'t': 55, 'current_accuracy': 0.984375, 'current_loss': 0.5780649334192276, 'train_loss': None, 'decision': 0, 'drift_rate': 0.004, 'target_domains': ['photo']}
Loss historical diff: 0.812808058981318; Loss Difference: 0.0, Decision: 0
Round 57 took 3.192601442337036s, results:
{'t': 56, 'current_accuracy': 0.98046875, 'current_loss': 0.814068078994751, 'train_loss': None, 'decision': 0, 'drift_rate': 0.004, 'target_domains': ['photo']}
Loss historical diff: 0.9890860838931985; Loss Difference: 0.0, Decision: 0
Round 58 took 3.404148817062378s, results:
{'t': 57, 'current_accuracy': 0.9765625, 'current_loss': 0.9903461039066315, 'train_loss': None, 'decision': 0, 'drift_rate': 0.004, 'target_domains': ['photo']}
Loss historical diff: 1.192368857387919; Loss Difference: 0.0, Decision: 1
Average loss over 5 updates: 0.5204
Round 59 took 5.389294862747192s, results:
{'t': 58, 'current_accuracy': 0.97265625, 'current_loss': 1.193628877401352, 'train_loss': 0.5203672170639038, 'decision': 1, 'drift_rate': 0.004, 'target_domains': ['photo']}
Loss historical diff: 48.320236943487544; Loss Difference: 0.0, Decision: 0
Round 60 took 3.3484442234039307s, results:
{'t': 59, 'current_accuracy': 0.3984375, 'current_loss': 48.32149696350098, 'train_loss': None, 'decision': 0, 'drift_rate': 0.004, 'target_domains': ['photo']}
Loss historical diff: 47.95893933606567; Loss Difference: 0.0, Decision: 0
Round 61 took 3.2828190326690674s, results:
{'t': 60, 'current_accuracy': 0.3984375, 'current_loss': 47.9601993560791, 'train_loss': None, 'decision': 0, 'drift_rate': 0.004, 'target_domains': ['photo']}
Loss historical diff: 47.66374661755981; Loss Difference: 0.0, Decision: 0
Round 62 took 3.2936506271362305s, results:
{'t': 61, 'current_accuracy': 0.40234375, 'current_loss': 47.66500663757324, 'train_loss': None, 'decision': 0, 'drift_rate': 0.004, 'target_domains': ['photo']}
Loss historical diff: 47.20948102307739; Loss Difference: 0.0, Decision: 0
Round 63 took 3.3452446460723877s, results:
{'t': 62, 'current_accuracy': 0.40234375, 'current_loss': 47.21074104309082, 'train_loss': None, 'decision': 0, 'drift_rate': 0.004, 'target_domains': ['photo']}
Loss historical diff: 47.36479832959594; Loss Difference: 0.0, Decision: 0
Round 64 took 3.276301383972168s, results:
{'t': 63, 'current_accuracy': 0.3984375, 'current_loss': 47.366058349609375, 'train_loss': None, 'decision': 0, 'drift_rate': 0.004, 'target_domains': ['photo']}
Loss historical diff: 46.867329381231684; Loss Difference: 0.0, Decision: 0
Round 65 took 3.6208159923553467s, results:
{'t': 64, 'current_accuracy': 0.3984375, 'current_loss': 46.86858940124512, 'train_loss': None, 'decision': 0, 'drift_rate': 0.004, 'target_domains': ['photo']}
Loss historical diff: 46.46650006604614; Loss Difference: 0.0, Decision: 0
Round 66 took 3.291304111480713s, results:
{'t': 65, 'current_accuracy': 0.3984375, 'current_loss': 46.46776008605957, 'train_loss': None, 'decision': 0, 'drift_rate': 0.004, 'target_domains': ['photo']}
Loss historical diff: 45.99107816052856; Loss Difference: 0.0, Decision: 0
Round 67 took 3.421269416809082s, results:
{'t': 66, 'current_accuracy': 0.3984375, 'current_loss': 45.99233818054199, 'train_loss': None, 'decision': 0, 'drift_rate': 0.004, 'target_domains': ['photo']}
Loss historical diff: 46.049364827398676; Loss Difference: 0.0, Decision: 0
Round 68 took 3.454228639602661s, results:
{'t': 67, 'current_accuracy': 0.39453125, 'current_loss': 46.05062484741211, 'train_loss': None, 'decision': 0, 'drift_rate': 0.004, 'target_domains': ['photo']}
Loss historical diff: 45.815083287481684; Loss Difference: 0.0, Decision: 0
Round 69 took 3.3297109603881836s, results:
{'t': 68, 'current_accuracy': 0.39453125, 'current_loss': 45.81634330749512, 'train_loss': None, 'decision': 0, 'drift_rate': 0.004, 'target_domains': ['photo']}
Loss historical diff: 45.420695088629145; Loss Difference: 0.0, Decision: 0
Round 70 took 3.4060654640197754s, results:
{'t': 69, 'current_accuracy': 0.39453125, 'current_loss': 45.42195510864258, 'train_loss': None, 'decision': 0, 'drift_rate': 0.004, 'target_domains': ['photo']}
Loss historical diff: 45.29492642713012; Loss Difference: 0.0, Decision: 0
Round 71 took 3.366122007369995s, results:
{'t': 70, 'current_accuracy': 0.39453125, 'current_loss': 45.296186447143555, 'train_loss': None, 'decision': 0, 'drift_rate': 0.004, 'target_domains': ['photo']}
Loss historical diff: 45.410258076910395; Loss Difference: 0.0, Decision: 0
Round 72 took 3.4945764541625977s, results:
{'t': 71, 'current_accuracy': 0.390625, 'current_loss': 45.41151809692383, 'train_loss': None, 'decision': 0, 'drift_rate': 0.004, 'target_domains': ['photo']}
Loss historical diff: 45.12140919995727; Loss Difference: 0.0, Decision: 0
Round 73 took 3.6779685020446777s, results:
{'t': 72, 'current_accuracy': 0.390625, 'current_loss': 45.1226692199707, 'train_loss': None, 'decision': 0, 'drift_rate': 0.004, 'target_domains': ['photo']}
Loss historical diff: 45.12140729260864; Loss Difference: 0.0, Decision: 0
Round 74 took 3.600658655166626s, results:
{'t': 73, 'current_accuracy': 0.390625, 'current_loss': 45.12266731262207, 'train_loss': None, 'decision': 0, 'drift_rate': 0.004, 'target_domains': ['photo']}
Loss historical diff: 45.156479619268794; Loss Difference: 0.0, Decision: 0
Round 75 took 3.416989326477051s, results:
{'t': 74, 'current_accuracy': 0.38671875, 'current_loss': 45.15773963928223, 'train_loss': None, 'decision': 0, 'drift_rate': 0.004, 'target_domains': ['photo']}
Loss historical diff: 44.629015706304926; Loss Difference: 0.0, Decision: 0
Round 76 took 3.342987537384033s, results:
{'t': 75, 'current_accuracy': 0.390625, 'current_loss': 44.63027572631836, 'train_loss': None, 'decision': 0, 'drift_rate': 0.004, 'target_domains': ['photo']}
Loss historical diff: 44.679367802862544; Loss Difference: 0.0, Decision: 0
Round 77 took 3.482740879058838s, results:
{'t': 76, 'current_accuracy': 0.38671875, 'current_loss': 44.68062782287598, 'train_loss': None, 'decision': 0, 'drift_rate': 0.004, 'target_domains': ['photo']}
Loss historical diff: 44.69405247998657; Loss Difference: 0.0, Decision: 0
Round 78 took 3.42733097076416s, results:
{'t': 77, 'current_accuracy': 0.3828125, 'current_loss': 44.6953125, 'train_loss': None, 'decision': 0, 'drift_rate': 0.004, 'target_domains': ['photo']}
Loss historical diff: 44.587782643560786; Loss Difference: 0.0, Decision: 0
Round 79 took 3.350238084793091s, results:
{'t': 78, 'current_accuracy': 0.3828125, 'current_loss': 44.58904266357422, 'train_loss': None, 'decision': 0, 'drift_rate': 0.004, 'target_domains': ['photo']}
Loss historical diff: 44.669895909552; Loss Difference: 0.0, Decision: 0
Round 80 took 3.332566976547241s, results:
{'t': 79, 'current_accuracy': 0.37890625, 'current_loss': 44.67115592956543, 'train_loss': None, 'decision': 0, 'drift_rate': 0.004, 'target_domains': ['photo']}
Loss historical diff: 44.72878911328735; Loss Difference: 0.0, Decision: 0
Round 81 took 3.597522497177124s, results:
{'t': 80, 'current_accuracy': 0.375, 'current_loss': 44.73004913330078, 'train_loss': None, 'decision': 0, 'drift_rate': 0.004, 'target_domains': ['photo']}
Loss historical diff: 44.78065755200805; Loss Difference: 0.0, Decision: 1
Average loss over 5 updates: 0.8858
Round 82 took 5.679437160491943s, results:
{'t': 81, 'current_accuracy': 0.37109375, 'current_loss': 44.781917572021484, 'train_loss': 0.885827112197876, 'decision': 1, 'drift_rate': 0.004, 'target_domains': ['photo']}
Loss historical diff: 28.50144364667358; Loss Difference: 0.0, Decision: 0
Round 83 took 3.5257115364074707s, results:
{'t': 82, 'current_accuracy': 0.09765625, 'current_loss': 28.50270366668701, 'train_loss': None, 'decision': 0, 'drift_rate': 0.004, 'target_domains': ['photo']}
Loss historical diff: 28.388858578924555; Loss Difference: 0.0, Decision: 0
Round 84 took 3.366501808166504s, results:
{'t': 83, 'current_accuracy': 0.09765625, 'current_loss': 28.39011859893799, 'train_loss': None, 'decision': 0, 'drift_rate': 0.004, 'target_domains': ['photo']}
Loss historical diff: 28.379188321356196; Loss Difference: 0.0, Decision: 0
Round 85 took 3.3256847858428955s, results:
{'t': 84, 'current_accuracy': 0.09765625, 'current_loss': 28.38044834136963, 'train_loss': None, 'decision': 0, 'drift_rate': 0.004, 'target_domains': ['photo']}
Loss historical diff: 28.271997235540766; Loss Difference: 0.0, Decision: 0
Round 86 took 3.1626431941986084s, results:
{'t': 85, 'current_accuracy': 0.09765625, 'current_loss': 28.2732572555542, 'train_loss': None, 'decision': 0, 'drift_rate': 0.004, 'target_domains': ['photo']}
Loss historical diff: 27.996189854864497; Loss Difference: 0.0, Decision: 0
Round 87 took 3.339639186859131s, results:
{'t': 86, 'current_accuracy': 0.09765625, 'current_loss': 27.99744987487793, 'train_loss': None, 'decision': 0, 'drift_rate': 0.004, 'target_domains': ['photo']}
Loss historical diff: 27.981783650640864; Loss Difference: 0.0, Decision: 0
Round 88 took 3.1153838634490967s, results:
{'t': 87, 'current_accuracy': 0.09765625, 'current_loss': 27.983043670654297, 'train_loss': None, 'decision': 0, 'drift_rate': 0.004, 'target_domains': ['photo']}
Loss historical diff: 27.912792943243403; Loss Difference: 0.0, Decision: 0
Round 89 took 3.275465726852417s, results:
{'t': 88, 'current_accuracy': 0.09765625, 'current_loss': 27.914052963256836, 'train_loss': None, 'decision': 0, 'drift_rate': 0.004, 'target_domains': ['photo']}
Loss historical diff: 27.811660550360102; Loss Difference: 0.0, Decision: 0
Round 90 took 3.3369152545928955s, results:
{'t': 89, 'current_accuracy': 0.1015625, 'current_loss': 27.812920570373535, 'train_loss': None, 'decision': 0, 'drift_rate': 0.004, 'target_domains': ['photo']}
Loss historical diff: 27.809438489202876; Loss Difference: 0.0, Decision: 0
Round 91 took 3.5384528636932373s, results:
{'t': 90, 'current_accuracy': 0.1015625, 'current_loss': 27.81069850921631, 'train_loss': None, 'decision': 0, 'drift_rate': 0.004, 'target_domains': ['photo']}
Loss historical diff: 27.525702260260005; Loss Difference: 0.0, Decision: 0
Round 92 took 3.3106579780578613s, results:
{'t': 91, 'current_accuracy': 0.1015625, 'current_loss': 27.526962280273438, 'train_loss': None, 'decision': 0, 'drift_rate': 0.004, 'target_domains': ['photo']}
Loss historical diff: 27.512103818182368; Loss Difference: 0.0, Decision: 0
Round 93 took 3.2780582904815674s, results:
{'t': 92, 'current_accuracy': 0.1015625, 'current_loss': 27.5133638381958, 'train_loss': None, 'decision': 0, 'drift_rate': 0.004, 'target_domains': ['photo']}
Loss historical diff: 27.382487080816645; Loss Difference: 0.0, Decision: 0
Round 94 took 3.394426107406616s, results:
{'t': 93, 'current_accuracy': 0.1015625, 'current_loss': 27.383747100830078, 'train_loss': None, 'decision': 0, 'drift_rate': 0.004, 'target_domains': ['photo']}
Loss historical diff: 27.38712479901733; Loss Difference: 0.0, Decision: 0
Round 95 took 3.435072898864746s, results:
{'t': 94, 'current_accuracy': 0.09765625, 'current_loss': 27.38838481903076, 'train_loss': None, 'decision': 0, 'drift_rate': 0.004, 'target_domains': ['photo']}
Loss historical diff: 27.339544080023188; Loss Difference: 0.0, Decision: 0
Round 96 took 3.4772775173187256s, results:
{'t': 95, 'current_accuracy': 0.09765625, 'current_loss': 27.34080410003662, 'train_loss': None, 'decision': 0, 'drift_rate': 0.004, 'target_domains': ['photo']}
Loss historical diff: 27.347806714300532; Loss Difference: 0.0, Decision: 0
Round 97 took 3.1685872077941895s, results:
{'t': 96, 'current_accuracy': 0.09375, 'current_loss': 27.349066734313965, 'train_loss': None, 'decision': 0, 'drift_rate': 0.004, 'target_domains': ['photo']}
Loss historical diff: 27.03547456098022; Loss Difference: 0.0, Decision: 0
Round 98 took 3.3427727222442627s, results:
{'t': 97, 'current_accuracy': 0.09375, 'current_loss': 27.036734580993652, 'train_loss': None, 'decision': 0, 'drift_rate': 0.004, 'target_domains': ['photo']}
Loss historical diff: 27.0117452366394; Loss Difference: 0.0, Decision: 0
Round 99 took 3.328861951828003s, results:
{'t': 98, 'current_accuracy': 0.09375, 'current_loss': 27.013005256652832, 'train_loss': None, 'decision': 0, 'drift_rate': 0.004, 'target_domains': ['photo']}
Loss historical diff: 26.997712872747798; Loss Difference: 0.0, Decision: 0
Round 100 took 3.4539854526519775s, results:
{'t': 99, 'current_accuracy': 0.09375, 'current_loss': 26.99897289276123, 'train_loss': None, 'decision': 0, 'drift_rate': 0.004, 'target_domains': ['photo']}
Loss historical diff: 27.09018304181518; Loss Difference: 0.0, Decision: 0
Round 101 took 3.655848264694214s, results:
{'t': 100, 'current_accuracy': 0.09375, 'current_loss': 27.091443061828613, 'train_loss': None, 'decision': 0, 'drift_rate': 0.004, 'target_domains': ['cartoon']}
Loss historical diff: 27.113494656805415; Loss Difference: 0.0, Decision: 0
Round 102 took 3.335939645767212s, results:
{'t': 101, 'current_accuracy': 0.09375, 'current_loss': 27.114754676818848, 'train_loss': None, 'decision': 0, 'drift_rate': 0.004, 'target_domains': ['cartoon']}
Loss historical diff: 27.054194234136958; Loss Difference: 0.0, Decision: 0
Round 103 took 3.4052317142486572s, results:
{'t': 102, 'current_accuracy': 0.09375, 'current_loss': 27.05545425415039, 'train_loss': None, 'decision': 0, 'drift_rate': 0.004, 'target_domains': ['cartoon']}
Loss historical diff: 27.0335958225769; Loss Difference: 0.0, Decision: 0
Round 104 took 3.314443826675415s, results:
{'t': 103, 'current_accuracy': 0.09375, 'current_loss': 27.034855842590332, 'train_loss': None, 'decision': 0, 'drift_rate': 0.004, 'target_domains': ['cartoon']}
Loss historical diff: 27.025602124456782; Loss Difference: 0.0, Decision: 0
Round 105 took 3.493060350418091s, results:
{'t': 104, 'current_accuracy': 0.09375, 'current_loss': 27.026862144470215, 'train_loss': None, 'decision': 0, 'drift_rate': 0.004, 'target_domains': ['cartoon']}
Loss historical diff: 27.21818711591186; Loss Difference: 0.0, Decision: 0
Round 106 took 3.3641369342803955s, results:
{'t': 105, 'current_accuracy': 0.08984375, 'current_loss': 27.219447135925293, 'train_loss': None, 'decision': 0, 'drift_rate': 0.004, 'target_domains': ['cartoon']}
Loss historical diff: 26.91196038556518; Loss Difference: 0.0, Decision: 0
Round 107 took 3.421308994293213s, results:
{'t': 106, 'current_accuracy': 0.08984375, 'current_loss': 26.913220405578613, 'train_loss': None, 'decision': 0, 'drift_rate': 0.004, 'target_domains': ['cartoon']}
Loss historical diff: 26.89660909009399; Loss Difference: 0.0, Decision: 0
Round 108 took 3.316554069519043s, results:
{'t': 107, 'current_accuracy': 0.08984375, 'current_loss': 26.897869110107422, 'train_loss': None, 'decision': 0, 'drift_rate': 0.004, 'target_domains': ['cartoon']}
Loss historical diff: 26.675771497015376; Loss Difference: 0.0, Decision: 0
Round 109 took 3.3973803520202637s, results:
{'t': 108, 'current_accuracy': 0.08984375, 'current_loss': 26.67703151702881, 'train_loss': None, 'decision': 0, 'drift_rate': 0.004, 'target_domains': ['cartoon']}
Loss historical diff: 26.54228951764526; Loss Difference: 0.0, Decision: 0
Round 110 took 3.359825849533081s, results:
{'t': 109, 'current_accuracy': 0.08984375, 'current_loss': 26.54354953765869, 'train_loss': None, 'decision': 0, 'drift_rate': 0.004, 'target_domains': ['cartoon']}
Loss historical diff: 26.458863042120356; Loss Difference: 0.0, Decision: 0
Round 111 took 3.6885201930999756s, results:
{'t': 110, 'current_accuracy': 0.08984375, 'current_loss': 26.46012306213379, 'train_loss': None, 'decision': 0, 'drift_rate': 0.004, 'target_domains': ['cartoon']}
Loss historical diff: 26.21982171369018; Loss Difference: 0.0, Decision: 0
Round 112 took 3.322070598602295s, results:
{'t': 111, 'current_accuracy': 0.08984375, 'current_loss': 26.221081733703613, 'train_loss': None, 'decision': 0, 'drift_rate': 0.004, 'target_domains': ['cartoon']}
Loss historical diff: 26.13394048047485; Loss Difference: 0.0, Decision: 0
Round 113 took 3.225184440612793s, results:
{'t': 112, 'current_accuracy': 0.08984375, 'current_loss': 26.13520050048828, 'train_loss': None, 'decision': 0, 'drift_rate': 0.004, 'target_domains': ['cartoon']}
Loss historical diff: 26.16748502088012; Loss Difference: 0.0, Decision: 0
Round 114 took 3.3094732761383057s, results:
{'t': 113, 'current_accuracy': 0.08984375, 'current_loss': 26.168745040893555, 'train_loss': None, 'decision': 0, 'drift_rate': 0.004, 'target_domains': ['cartoon']}
Loss historical diff: 26.21268346143188; Loss Difference: 0.0, Decision: 0
Round 115 took 3.3238472938537598s, results:
{'t': 114, 'current_accuracy': 0.08984375, 'current_loss': 26.213943481445312, 'train_loss': None, 'decision': 0, 'drift_rate': 0.004, 'target_domains': ['cartoon']}
Loss historical diff: 26.38645341229858; Loss Difference: 0.0, Decision: 1
Average loss over 5 updates: 0.5512
Round 116 took 5.7098143100738525s, results:
{'t': 115, 'current_accuracy': 0.08984375, 'current_loss': 26.38771343231201, 'train_loss': 0.551199448108673, 'decision': 1, 'drift_rate': 0.004, 'target_domains': ['cartoon']}
Loss historical diff: 23.288331769232173; Loss Difference: 0.0, Decision: 0
Round 117 took 3.3457558155059814s, results:
{'t': 116, 'current_accuracy': 0.1640625, 'current_loss': 23.289591789245605, 'train_loss': None, 'decision': 0, 'drift_rate': 0.004, 'target_domains': ['cartoon']}
Loss historical diff: 23.293673299078364; Loss Difference: 0.0, Decision: 0
Round 118 took 3.3807342052459717s, results:
{'t': 117, 'current_accuracy': 0.1640625, 'current_loss': 23.294933319091797, 'train_loss': None, 'decision': 0, 'drift_rate': 0.004, 'target_domains': ['cartoon']}
Loss historical diff: 23.19140603375854; Loss Difference: 0.0, Decision: 0
Round 119 took 3.317370653152466s, results:
{'t': 118, 'current_accuracy': 0.1640625, 'current_loss': 23.192666053771973, 'train_loss': None, 'decision': 0, 'drift_rate': 0.004, 'target_domains': ['cartoon']}
Loss historical diff: 23.153217099432368; Loss Difference: 0.0, Decision: 0
Round 120 took 3.5114357471466064s, results:
{'t': 119, 'current_accuracy': 0.1640625, 'current_loss': 23.1544771194458, 'train_loss': None, 'decision': 0, 'drift_rate': 0.004, 'target_domains': ['cartoon']}
Loss historical diff: 23.29803159070434; Loss Difference: 0.0, Decision: 0
Round 121 took 3.4290542602539062s, results:
{'t': 120, 'current_accuracy': 0.1640625, 'current_loss': 23.299291610717773, 'train_loss': None, 'decision': 0, 'drift_rate': 0.004, 'target_domains': ['cartoon']}
Loss historical diff: 23.241686604742426; Loss Difference: 0.0, Decision: 0
Round 122 took 3.3598787784576416s, results:
{'t': 121, 'current_accuracy': 0.16796875, 'current_loss': 23.24294662475586, 'train_loss': None, 'decision': 0, 'drift_rate': 0.004, 'target_domains': ['cartoon']}
Loss historical diff: 23.10657479596557; Loss Difference: 0.0, Decision: 0
Round 123 took 3.4212944507598877s, results:
{'t': 122, 'current_accuracy': 0.16796875, 'current_loss': 23.107834815979004, 'train_loss': None, 'decision': 0, 'drift_rate': 0.004, 'target_domains': ['cartoon']}
Loss historical diff: 23.191880009893794; Loss Difference: 0.0, Decision: 0
Round 124 took 3.153918743133545s, results:
{'t': 123, 'current_accuracy': 0.16796875, 'current_loss': 23.193140029907227, 'train_loss': None, 'decision': 0, 'drift_rate': 0.004, 'target_domains': ['cartoon']}
Loss historical diff: 23.035712025885005; Loss Difference: 0.0, Decision: 0
Round 125 took 3.3595128059387207s, results:
{'t': 124, 'current_accuracy': 0.16796875, 'current_loss': 23.036972045898438, 'train_loss': None, 'decision': 0, 'drift_rate': 0.004, 'target_domains': ['cartoon']}
Loss historical diff: 22.976857922796626; Loss Difference: 0.0, Decision: 0
Round 126 took 3.4182677268981934s, results:
{'t': 125, 'current_accuracy': 0.16796875, 'current_loss': 22.97811794281006, 'train_loss': None, 'decision': 0, 'drift_rate': 0.004, 'target_domains': ['cartoon']}
Loss historical diff: 22.969130299810786; Loss Difference: 0.0, Decision: 0
Round 127 took 3.525156021118164s, results:
{'t': 126, 'current_accuracy': 0.16796875, 'current_loss': 22.97039031982422, 'train_loss': None, 'decision': 0, 'drift_rate': 0.004, 'target_domains': ['cartoon']}
Loss historical diff: 22.858670018438715; Loss Difference: 0.0, Decision: 0
Round 128 took 3.374556064605713s, results:
{'t': 127, 'current_accuracy': 0.16796875, 'current_loss': 22.85993003845215, 'train_loss': None, 'decision': 0, 'drift_rate': 0.004, 'target_domains': ['cartoon']}
