Device: cuda
CUDA Version: 12.1
cuDNN Version: 8902
PyTorch Version: 2.3.0

Model used: DigitsDGCNN
Initial dataset creation
Initial dataset creation
Initial loss: 0.9076094627380371
<__main__.Policy object at 0x148dd0ce0c20>
0.9076094627380371
0.0 []
Loss historical diff: 0.0; Loss Difference: 0.0, Decision: 0
Round 1 took 0.7375550270080566s, results:
{'t': 0, 'current_accuracy': 0.8359375, 'current_loss': 0.8272081315517426, 'train_loss': None, 'decision': 0, 'drift_rate': 0.0, 'target_domains': ['mnist']}
0.0 []
Loss historical diff: 0.0; Loss Difference: 0.0, Decision: 0
Round 2 took 0.5892236232757568s, results:
{'t': 1, 'current_accuracy': 0.8359375, 'current_loss': 0.8272081017494202, 'train_loss': None, 'decision': 0, 'drift_rate': 0.0, 'target_domains': ['mnist']}
0.0 []
Loss historical diff: 0.0; Loss Difference: 0.0, Decision: 0
Round 3 took 0.5514705181121826s, results:
{'t': 2, 'current_accuracy': 0.8359375, 'current_loss': 0.8272080421447754, 'train_loss': None, 'decision': 0, 'drift_rate': 0.0, 'target_domains': ['mnist']}
0.0 []
Loss historical diff: 5.960464477539063e-08; Loss Difference: 0.0, Decision: 0
Round 4 took 0.5842585563659668s, results:
{'t': 3, 'current_accuracy': 0.8359375, 'current_loss': 0.8272081017494202, 'train_loss': None, 'decision': 0, 'drift_rate': 0.0, 'target_domains': ['mnist']}
0.0 []
Loss historical diff: 0.0; Loss Difference: 0.0, Decision: 0
Round 5 took 0.543142557144165s, results:
{'t': 4, 'current_accuracy': 0.8359375, 'current_loss': 0.827208012342453, 'train_loss': None, 'decision': 0, 'drift_rate': 0.0, 'target_domains': ['mnist']}
0.0 []
Loss historical diff: 8.940696716308594e-08; Loss Difference: 0.0, Decision: 0
Round 6 took 0.5626263618469238s, results:
{'t': 5, 'current_accuracy': 0.8359375, 'current_loss': 0.8272081017494202, 'train_loss': None, 'decision': 0, 'drift_rate': 0.0, 'target_domains': ['mnist']}
0.0 []
Loss historical diff: 5.960464477539063e-08; Loss Difference: 0.0, Decision: 0
Round 7 took 0.621267557144165s, results:
{'t': 6, 'current_accuracy': 0.8359375, 'current_loss': 0.8272080719470978, 'train_loss': None, 'decision': 0, 'drift_rate': 0.0, 'target_domains': ['mnist']}
0.0 []
Loss historical diff: 8.940696716308594e-08; Loss Difference: 0.0, Decision: 0
Round 8 took 0.572742223739624s, results:
{'t': 7, 'current_accuracy': 0.8359375, 'current_loss': 0.8272081017494202, 'train_loss': None, 'decision': 0, 'drift_rate': 0.0, 'target_domains': ['mnist']}
0.0 []
Loss historical diff: 1.1920928955078125e-07; Loss Difference: 0.0, Decision: 0
Round 9 took 0.5496642589569092s, results:
{'t': 8, 'current_accuracy': 0.8359375, 'current_loss': 0.8272081315517426, 'train_loss': None, 'decision': 0, 'drift_rate': 0.0, 'target_domains': ['mnist']}
0.0 []
Loss historical diff: 0.0; Loss Difference: 0.0, Decision: 0
Round 10 took 0.6363658905029297s, results:
{'t': 9, 'current_accuracy': 0.8359375, 'current_loss': 0.827208012342453, 'train_loss': None, 'decision': 0, 'drift_rate': 0.0, 'target_domains': ['mnist']}
0.0 []
Loss historical diff: 5.960464477539063e-08; Loss Difference: 0.0, Decision: 0
Round 11 took 0.5927670001983643s, results:
{'t': 10, 'current_accuracy': 0.8359375, 'current_loss': 0.8272080719470978, 'train_loss': None, 'decision': 0, 'drift_rate': 0.0, 'target_domains': ['mnist']}
0.0 []
Loss historical diff: 5.960464477539063e-08; Loss Difference: 0.0, Decision: 0
Round 12 took 0.558861255645752s, results:
{'t': 11, 'current_accuracy': 0.8359375, 'current_loss': 0.8272080719470978, 'train_loss': None, 'decision': 0, 'drift_rate': 0.0, 'target_domains': ['mnist']}
0.0 []
Loss historical diff: 8.940696716308594e-08; Loss Difference: 0.0, Decision: 0
Round 13 took 0.602832555770874s, results:
{'t': 12, 'current_accuracy': 0.8359375, 'current_loss': 0.8272081017494202, 'train_loss': None, 'decision': 0, 'drift_rate': 0.0, 'target_domains': ['mnist']}
0.0 []
Loss historical diff: 5.960464477539063e-08; Loss Difference: 0.0, Decision: 0
Round 14 took 0.6220622062683105s, results:
{'t': 13, 'current_accuracy': 0.8359375, 'current_loss': 0.8272080719470978, 'train_loss': None, 'decision': 0, 'drift_rate': 0.0, 'target_domains': ['mnist']}
0.0 []
Loss historical diff: 2.9802322387695312e-08; Loss Difference: 0.0, Decision: 0
Round 15 took 0.5964844226837158s, results:
{'t': 14, 'current_accuracy': 0.8359375, 'current_loss': 0.8272080421447754, 'train_loss': None, 'decision': 0, 'drift_rate': 0.0, 'target_domains': ['mnist']}
0.0 []
Loss historical diff: 0.0; Loss Difference: 0.0, Decision: 0
Round 16 took 0.6051876544952393s, results:
{'t': 15, 'current_accuracy': 0.8359375, 'current_loss': 0.8272079527378082, 'train_loss': None, 'decision': 0, 'drift_rate': 0.0, 'target_domains': ['mnist']}
0.0 []
Loss historical diff: 1.4901161193847656e-07; Loss Difference: 0.0, Decision: 0
Round 17 took 0.5995757579803467s, results:
{'t': 16, 'current_accuracy': 0.8359375, 'current_loss': 0.8272081017494202, 'train_loss': None, 'decision': 0, 'drift_rate': 0.0, 'target_domains': ['mnist']}
0.0 []
Loss historical diff: 1.1920928955078125e-07; Loss Difference: 0.0, Decision: 0
Round 18 took 0.5936882495880127s, results:
{'t': 17, 'current_accuracy': 0.8359375, 'current_loss': 0.8272080719470978, 'train_loss': None, 'decision': 0, 'drift_rate': 0.0, 'target_domains': ['mnist']}
0.0 []
Loss historical diff: 2.086162567138672e-07; Loss Difference: 0.0, Decision: 0
Round 19 took 0.6467807292938232s, results:
{'t': 18, 'current_accuracy': 0.8359375, 'current_loss': 0.8272081613540649, 'train_loss': None, 'decision': 0, 'drift_rate': 0.0, 'target_domains': ['mnist']}
0.0 []
Loss historical diff: 1.7881393432617188e-07; Loss Difference: 0.0, Decision: 0
Round 20 took 0.591174840927124s, results:
{'t': 19, 'current_accuracy': 0.8359375, 'current_loss': 0.8272081315517426, 'train_loss': None, 'decision': 0, 'drift_rate': 0.0, 'target_domains': ['mnist']}
0.0 []
Loss historical diff: 2.384185791015625e-07; Loss Difference: 0.0, Decision: 0
Round 21 took 0.6018626689910889s, results:
{'t': 20, 'current_accuracy': 0.8359375, 'current_loss': 0.8272081911563873, 'train_loss': None, 'decision': 0, 'drift_rate': 0.0, 'target_domains': ['mnist']}
0.0 []
Loss historical diff: 2.086162567138672e-07; Loss Difference: 0.0, Decision: 0
Round 22 took 0.580707311630249s, results:
{'t': 21, 'current_accuracy': 0.8359375, 'current_loss': 0.8272081613540649, 'train_loss': None, 'decision': 0, 'drift_rate': 0.0, 'target_domains': ['mnist']}
0.0 []
Loss historical diff: 1.1920928955078125e-07; Loss Difference: 0.0, Decision: 0
Round 23 took 0.6595327854156494s, results:
{'t': 22, 'current_accuracy': 0.8359375, 'current_loss': 0.8272080719470978, 'train_loss': None, 'decision': 0, 'drift_rate': 0.0, 'target_domains': ['mnist']}
0.0 []
Loss historical diff: 1.4901161193847656e-07; Loss Difference: 0.0, Decision: 0
Round 24 took 0.5723421573638916s, results:
{'t': 23, 'current_accuracy': 0.8359375, 'current_loss': 0.8272081017494202, 'train_loss': None, 'decision': 0, 'drift_rate': 0.0, 'target_domains': ['mnist']}
0.0 []
Loss historical diff: 1.4901161193847656e-07; Loss Difference: 0.0, Decision: 0
Round 25 took 0.5559682846069336s, results:
{'t': 24, 'current_accuracy': 0.8359375, 'current_loss': 0.8272081017494202, 'train_loss': None, 'decision': 0, 'drift_rate': 0.0, 'target_domains': ['mnist']}
0.0 []
Loss historical diff: 8.940696716308594e-08; Loss Difference: 0.0, Decision: 0
Round 26 took 0.6010594367980957s, results:
{'t': 25, 'current_accuracy': 0.8359375, 'current_loss': 0.8272080421447754, 'train_loss': None, 'decision': 0, 'drift_rate': 0.0, 'target_domains': ['mnist']}
0.0 []
Loss historical diff: 1.4901161193847656e-07; Loss Difference: 0.0, Decision: 0
Round 27 took 0.5454835891723633s, results:
{'t': 26, 'current_accuracy': 0.8359375, 'current_loss': 0.8272081017494202, 'train_loss': None, 'decision': 0, 'drift_rate': 0.0, 'target_domains': ['mnist']}
0.0 []
Loss historical diff: 2.9802322387695312e-08; Loss Difference: 0.0, Decision: 0
Round 28 took 0.5491101741790771s, results:
{'t': 27, 'current_accuracy': 0.8359375, 'current_loss': 0.8272079825401306, 'train_loss': None, 'decision': 0, 'drift_rate': 0.0, 'target_domains': ['mnist']}
0.0 []
Loss historical diff: 1.4901161193847656e-07; Loss Difference: 0.0, Decision: 0
Round 29 took 0.6141834259033203s, results:
{'t': 28, 'current_accuracy': 0.8359375, 'current_loss': 0.8272081017494202, 'train_loss': None, 'decision': 0, 'drift_rate': 0.0, 'target_domains': ['mnist']}
0.0 []
Loss historical diff: 1.4901161193847656e-07; Loss Difference: 0.0, Decision: 0
Round 30 took 0.6501026153564453s, results:
{'t': 29, 'current_accuracy': 0.8359375, 'current_loss': 0.8272081017494202, 'train_loss': None, 'decision': 0, 'drift_rate': 0.0, 'target_domains': ['mnist']}
0.0 []
Loss historical diff: 5.960464477539063e-08; Loss Difference: 0.0, Decision: 0
Round 31 took 0.5842845439910889s, results:
{'t': 30, 'current_accuracy': 0.8359375, 'current_loss': 0.827208012342453, 'train_loss': None, 'decision': 0, 'drift_rate': 0.0, 'target_domains': ['mnist']}
0.0 []
Loss historical diff: 8.940696716308594e-08; Loss Difference: 0.0, Decision: 0
Round 32 took 0.6190078258514404s, results:
{'t': 31, 'current_accuracy': 0.8359375, 'current_loss': 0.8272080421447754, 'train_loss': None, 'decision': 0, 'drift_rate': 0.0, 'target_domains': ['mnist']}
0.0 []
Loss historical diff: 2.086162567138672e-07; Loss Difference: 0.0, Decision: 0
Round 33 took 0.6701459884643555s, results:
{'t': 32, 'current_accuracy': 0.8359375, 'current_loss': 0.8272081613540649, 'train_loss': None, 'decision': 0, 'drift_rate': 0.0, 'target_domains': ['mnist']}
0.0 []
Loss historical diff: 2.9802322387695312e-08; Loss Difference: 0.0, Decision: 0
Round 34 took 0.5843112468719482s, results:
{'t': 33, 'current_accuracy': 0.8359375, 'current_loss': 0.8272079825401306, 'train_loss': None, 'decision': 0, 'drift_rate': 0.0, 'target_domains': ['mnist']}
0.0 []
Loss historical diff: 1.7881393432617188e-07; Loss Difference: 0.0, Decision: 0
Round 35 took 0.504859447479248s, results:
{'t': 34, 'current_accuracy': 0.8359375, 'current_loss': 0.8272081315517426, 'train_loss': None, 'decision': 0, 'drift_rate': 0.0, 'target_domains': ['mnist']}
0.0 []
Loss historical diff: 2.9802322387695312e-08; Loss Difference: 0.0, Decision: 0
Round 36 took 0.639934778213501s, results:
{'t': 35, 'current_accuracy': 0.8359375, 'current_loss': 0.8272079825401306, 'train_loss': None, 'decision': 0, 'drift_rate': 0.0, 'target_domains': ['mnist']}
0.0 []
Loss historical diff: 1.4901161193847656e-07; Loss Difference: 0.0, Decision: 0
Round 37 took 0.6563606262207031s, results:
{'t': 36, 'current_accuracy': 0.8359375, 'current_loss': 0.8272081017494202, 'train_loss': None, 'decision': 0, 'drift_rate': 0.0, 'target_domains': ['mnist']}
0.0 []
Loss historical diff: 5.960464477539063e-08; Loss Difference: 0.0, Decision: 0
Round 38 took 0.5458340644836426s, results:
{'t': 37, 'current_accuracy': 0.8359375, 'current_loss': 0.827208012342453, 'train_loss': None, 'decision': 0, 'drift_rate': 0.0, 'target_domains': ['mnist']}
0.0 []
Loss historical diff: 1.7881393432617188e-07; Loss Difference: 0.0, Decision: 0
Round 39 took 0.5176365375518799s, results:
{'t': 38, 'current_accuracy': 0.8359375, 'current_loss': 0.8272081315517426, 'train_loss': None, 'decision': 0, 'drift_rate': 0.0, 'target_domains': ['mnist']}
0.0 []
Loss historical diff: 1.1920928955078125e-07; Loss Difference: 0.0, Decision: 0
Round 40 took 0.6235787868499756s, results:
{'t': 39, 'current_accuracy': 0.8359375, 'current_loss': 0.8272080719470978, 'train_loss': None, 'decision': 0, 'drift_rate': 0.0, 'target_domains': ['mnist']}
0.0 []
Loss historical diff: 1.4901161193847656e-07; Loss Difference: 0.0, Decision: 0
Round 41 took 0.5660200119018555s, results:
{'t': 40, 'current_accuracy': 0.8359375, 'current_loss': 0.8272081017494202, 'train_loss': None, 'decision': 0, 'drift_rate': 0.0, 'target_domains': ['mnist']}
0.0 []
Loss historical diff: 1.1920928955078125e-07; Loss Difference: 0.0, Decision: 0
Round 42 took 0.5055124759674072s, results:
{'t': 41, 'current_accuracy': 0.8359375, 'current_loss': 0.8272080719470978, 'train_loss': None, 'decision': 0, 'drift_rate': 0.0, 'target_domains': ['mnist']}
0.0 []
Loss historical diff: 1.7881393432617188e-07; Loss Difference: 0.0, Decision: 0
Round 43 took 0.6123754978179932s, results:
{'t': 42, 'current_accuracy': 0.8359375, 'current_loss': 0.8272081315517426, 'train_loss': None, 'decision': 0, 'drift_rate': 0.0, 'target_domains': ['mnist']}
0.0 []
Loss historical diff: 8.940696716308594e-08; Loss Difference: 0.0, Decision: 0
Round 44 took 0.6396219730377197s, results:
{'t': 43, 'current_accuracy': 0.8359375, 'current_loss': 0.8272080421447754, 'train_loss': None, 'decision': 0, 'drift_rate': 0.0, 'target_domains': ['mnist']}
0.0 []
Loss historical diff: 1.4901161193847656e-07; Loss Difference: 0.0, Decision: 0
Round 45 took 0.615635871887207s, results:
{'t': 44, 'current_accuracy': 0.8359375, 'current_loss': 0.8272081017494202, 'train_loss': None, 'decision': 0, 'drift_rate': 0.0, 'target_domains': ['mnist']}
0.4 ['mnist']
Loss historical diff: 1.7881393432617188e-07; Loss Difference: 0.0, Decision: 0
Round 46 took 0.5990517139434814s, results:
{'t': 45, 'current_accuracy': 0.8359375, 'current_loss': 0.8272081315517426, 'train_loss': None, 'decision': 0, 'drift_rate': 0.4, 'target_domains': ['mnist']}
0.4 ['mnist']
Loss historical diff: 5.960464477539063e-08; Loss Difference: 0.0, Decision: 0
Round 47 took 0.6268994808197021s, results:
{'t': 46, 'current_accuracy': 0.8359375, 'current_loss': 0.827208012342453, 'train_loss': None, 'decision': 0, 'drift_rate': 0.4, 'target_domains': ['mnist']}
0.4 ['mnist']
Loss historical diff: 5.960464477539063e-08; Loss Difference: 0.0, Decision: 0
Round 48 took 0.5937833786010742s, results:
{'t': 47, 'current_accuracy': 0.8359375, 'current_loss': 0.827208012342453, 'train_loss': None, 'decision': 0, 'drift_rate': 0.4, 'target_domains': ['mnist']}
0.0 []
Loss historical diff: 8.940696716308594e-08; Loss Difference: 0.0, Decision: 0
Round 49 took 0.5816144943237305s, results:
{'t': 48, 'current_accuracy': 0.8359375, 'current_loss': 0.8272080421447754, 'train_loss': None, 'decision': 0, 'drift_rate': 0.0, 'target_domains': ['mnist']}
0.0 []
Loss historical diff: 1.1920928955078125e-07; Loss Difference: 0.0, Decision: 0
Round 50 took 0.6232976913452148s, results:
{'t': 49, 'current_accuracy': 0.8359375, 'current_loss': 0.8272080719470978, 'train_loss': None, 'decision': 0, 'drift_rate': 0.0, 'target_domains': ['mnist']}
0.0 []
Loss historical diff: 8.940696716308594e-08; Loss Difference: 0.0, Decision: 0
Round 51 took 0.5227093696594238s, results:
{'t': 50, 'current_accuracy': 0.8359375, 'current_loss': 0.8272080421447754, 'train_loss': None, 'decision': 0, 'drift_rate': 0.0, 'target_domains': ['mnist']}
0.0 []
Loss historical diff: 2.384185791015625e-07; Loss Difference: 0.0, Decision: 0
Round 52 took 0.5722618103027344s, results:
{'t': 51, 'current_accuracy': 0.8359375, 'current_loss': 0.8272081911563873, 'train_loss': None, 'decision': 0, 'drift_rate': 0.0, 'target_domains': ['mnist']}
0.0 []
Loss historical diff: 1.4901161193847656e-07; Loss Difference: 0.0, Decision: 0
Round 53 took 0.6087493896484375s, results:
{'t': 52, 'current_accuracy': 0.8359375, 'current_loss': 0.8272081017494202, 'train_loss': None, 'decision': 0, 'drift_rate': 0.0, 'target_domains': ['mnist']}
0.0 []
Loss historical diff: 1.1920928955078125e-07; Loss Difference: 0.0, Decision: 0
Round 54 took 0.6301980018615723s, results:
{'t': 53, 'current_accuracy': 0.8359375, 'current_loss': 0.8272080719470978, 'train_loss': None, 'decision': 0, 'drift_rate': 0.0, 'target_domains': ['mnist']}
0.0 []
Loss historical diff: 2.384185791015625e-07; Loss Difference: 0.0, Decision: 0
Round 55 took 0.6026105880737305s, results:
{'t': 54, 'current_accuracy': 0.8359375, 'current_loss': 0.8272081911563873, 'train_loss': None, 'decision': 0, 'drift_rate': 0.0, 'target_domains': ['mnist']}
0.0 []
Loss historical diff: 1.1920928955078125e-07; Loss Difference: 0.0, Decision: 0
Round 56 took 0.617234468460083s, results:
{'t': 55, 'current_accuracy': 0.8359375, 'current_loss': 0.8272080719470978, 'train_loss': None, 'decision': 0, 'drift_rate': 0.0, 'target_domains': ['mnist']}
0.0 []
Loss historical diff: 1.1920928955078125e-07; Loss Difference: 0.0, Decision: 0
Round 57 took 0.6164278984069824s, results:
{'t': 56, 'current_accuracy': 0.8359375, 'current_loss': 0.8272080719470978, 'train_loss': None, 'decision': 0, 'drift_rate': 0.0, 'target_domains': ['mnist']}
0.0 []
Loss historical diff: 1.4901161193847656e-07; Loss Difference: 0.0, Decision: 0
Round 58 took 0.5764327049255371s, results:
{'t': 57, 'current_accuracy': 0.8359375, 'current_loss': 0.8272081017494202, 'train_loss': None, 'decision': 0, 'drift_rate': 0.0, 'target_domains': ['mnist']}
0.0 []
Loss historical diff: 2.9802322387695312e-08; Loss Difference: 0.0, Decision: 0
Round 59 took 0.6317729949951172s, results:
{'t': 58, 'current_accuracy': 0.8359375, 'current_loss': 0.8272079825401306, 'train_loss': None, 'decision': 0, 'drift_rate': 0.0, 'target_domains': ['mnist']}
0.0 []
Loss historical diff: 8.940696716308594e-08; Loss Difference: 0.0, Decision: 0
Round 60 took 0.6039948463439941s, results:
{'t': 59, 'current_accuracy': 0.8359375, 'current_loss': 0.8272080421447754, 'train_loss': None, 'decision': 0, 'drift_rate': 0.0, 'target_domains': ['mnist']}
0.0 []
Loss historical diff: 1.4901161193847656e-07; Loss Difference: 0.0, Decision: 0
Round 61 took 0.5676620006561279s, results:
{'t': 60, 'current_accuracy': 0.8359375, 'current_loss': 0.8272081017494202, 'train_loss': None, 'decision': 0, 'drift_rate': 0.0, 'target_domains': ['mnist']}
0.0 []
Loss historical diff: 1.4901161193847656e-07; Loss Difference: 0.0, Decision: 0
Round 62 took 0.5623517036437988s, results:
{'t': 61, 'current_accuracy': 0.8359375, 'current_loss': 0.8272081017494202, 'train_loss': None, 'decision': 0, 'drift_rate': 0.0, 'target_domains': ['mnist']}
0.0 []
Loss historical diff: 8.940696716308594e-08; Loss Difference: 0.0, Decision: 0
Round 63 took 0.5431418418884277s, results:
{'t': 62, 'current_accuracy': 0.8359375, 'current_loss': 0.8272080421447754, 'train_loss': None, 'decision': 0, 'drift_rate': 0.0, 'target_domains': ['mnist']}
0.0 []
Loss historical diff: 2.086162567138672e-07; Loss Difference: 0.0, Decision: 0
Round 64 took 0.6244564056396484s, results:
{'t': 63, 'current_accuracy': 0.8359375, 'current_loss': 0.8272081613540649, 'train_loss': None, 'decision': 0, 'drift_rate': 0.0, 'target_domains': ['mnist']}
0.0 []
Loss historical diff: 8.940696716308594e-08; Loss Difference: 0.0, Decision: 0
Round 65 took 0.6393258571624756s, results:
{'t': 64, 'current_accuracy': 0.8359375, 'current_loss': 0.8272080421447754, 'train_loss': None, 'decision': 0, 'drift_rate': 0.0, 'target_domains': ['mnist']}
0.0 []
Loss historical diff: 1.7881393432617188e-07; Loss Difference: 0.0, Decision: 0
Round 66 took 0.6176519393920898s, results:
{'t': 65, 'current_accuracy': 0.8359375, 'current_loss': 0.8272081315517426, 'train_loss': None, 'decision': 0, 'drift_rate': 0.0, 'target_domains': ['mnist']}
0.0 []
Loss historical diff: 1.1920928955078125e-07; Loss Difference: 0.0, Decision: 0
Round 67 took 0.6609044075012207s, results:
{'t': 66, 'current_accuracy': 0.8359375, 'current_loss': 0.8272080719470978, 'train_loss': None, 'decision': 0, 'drift_rate': 0.0, 'target_domains': ['mnist']}
0.0 []
Loss historical diff: 1.1920928955078125e-07; Loss Difference: 0.0, Decision: 0
Round 68 took 0.5875310897827148s, results:
{'t': 67, 'current_accuracy': 0.8359375, 'current_loss': 0.8272080719470978, 'train_loss': None, 'decision': 0, 'drift_rate': 0.0, 'target_domains': ['mnist']}
0.0 []
Loss historical diff: 1.4901161193847656e-07; Loss Difference: 0.0, Decision: 0
Round 69 took 0.595106840133667s, results:
{'t': 68, 'current_accuracy': 0.8359375, 'current_loss': 0.8272081017494202, 'train_loss': None, 'decision': 0, 'drift_rate': 0.0, 'target_domains': ['mnist']}
0.0 []
Loss historical diff: 5.960464477539063e-08; Loss Difference: 0.0, Decision: 0
Round 70 took 0.5790243148803711s, results:
{'t': 69, 'current_accuracy': 0.8359375, 'current_loss': 0.827208012342453, 'train_loss': None, 'decision': 0, 'drift_rate': 0.0, 'target_domains': ['mnist']}
0.0 []
Loss historical diff: 8.940696716308594e-08; Loss Difference: 0.0, Decision: 0
Round 71 took 0.5620758533477783s, results:
{'t': 70, 'current_accuracy': 0.8359375, 'current_loss': 0.8272080421447754, 'train_loss': None, 'decision': 0, 'drift_rate': 0.0, 'target_domains': ['mnist']}
0.0 []
Loss historical diff: 1.1920928955078125e-07; Loss Difference: 0.0, Decision: 0
Round 72 took 0.599754810333252s, results:
{'t': 71, 'current_accuracy': 0.8359375, 'current_loss': 0.8272080719470978, 'train_loss': None, 'decision': 0, 'drift_rate': 0.0, 'target_domains': ['mnist']}
0.0 []
Loss historical diff: 1.1920928955078125e-07; Loss Difference: 0.0, Decision: 0
Round 73 took 0.5949125289916992s, results:
{'t': 72, 'current_accuracy': 0.8359375, 'current_loss': 0.8272080719470978, 'train_loss': None, 'decision': 0, 'drift_rate': 0.0, 'target_domains': ['mnist']}
0.0 []
Loss historical diff: 5.960464477539063e-08; Loss Difference: 0.0, Decision: 0
Round 74 took 0.595745325088501s, results:
{'t': 73, 'current_accuracy': 0.8359375, 'current_loss': 0.827208012342453, 'train_loss': None, 'decision': 0, 'drift_rate': 0.0, 'target_domains': ['mnist']}
0.0 []
Loss historical diff: 8.940696716308594e-08; Loss Difference: 0.0, Decision: 0
Round 75 took 0.6374859809875488s, results:
{'t': 74, 'current_accuracy': 0.8359375, 'current_loss': 0.8272080421447754, 'train_loss': None, 'decision': 0, 'drift_rate': 0.0, 'target_domains': ['mnist']}
0.0 []
Loss historical diff: 8.940696716308594e-08; Loss Difference: 0.0, Decision: 0
Round 76 took 0.6294963359832764s, results:
{'t': 75, 'current_accuracy': 0.8359375, 'current_loss': 0.8272080421447754, 'train_loss': None, 'decision': 0, 'drift_rate': 0.0, 'target_domains': ['mnist']}
0.0 []
Loss historical diff: 2.086162567138672e-07; Loss Difference: 0.0, Decision: 0
Round 77 took 0.5912621021270752s, results:
{'t': 76, 'current_accuracy': 0.8359375, 'current_loss': 0.8272081613540649, 'train_loss': None, 'decision': 0, 'drift_rate': 0.0, 'target_domains': ['mnist']}
0.0 []
Loss historical diff: 5.960464477539063e-08; Loss Difference: 0.0, Decision: 0
Round 78 took 0.530062198638916s, results:
{'t': 77, 'current_accuracy': 0.8359375, 'current_loss': 0.827208012342453, 'train_loss': None, 'decision': 0, 'drift_rate': 0.0, 'target_domains': ['mnist']}
0.0 []
Loss historical diff: 1.1920928955078125e-07; Loss Difference: 0.0, Decision: 0
Round 79 took 0.6641454696655273s, results:
{'t': 78, 'current_accuracy': 0.8359375, 'current_loss': 0.8272080719470978, 'train_loss': None, 'decision': 0, 'drift_rate': 0.0, 'target_domains': ['mnist']}
0.0 []
Loss historical diff: 1.7881393432617188e-07; Loss Difference: 0.0, Decision: 0
Round 80 took 0.564749002456665s, results:
{'t': 79, 'current_accuracy': 0.8359375, 'current_loss': 0.8272081315517426, 'train_loss': None, 'decision': 0, 'drift_rate': 0.0, 'target_domains': ['mnist']}
0.0 []
Loss historical diff: 1.1920928955078125e-07; Loss Difference: 0.0, Decision: 0
Round 81 took 0.5175302028656006s, results:
{'t': 80, 'current_accuracy': 0.8359375, 'current_loss': 0.8272080719470978, 'train_loss': None, 'decision': 0, 'drift_rate': 0.0, 'target_domains': ['mnist']}
0.0 []
Loss historical diff: 1.1920928955078125e-07; Loss Difference: 0.0, Decision: 0
Round 82 took 0.6461424827575684s, results:
{'t': 81, 'current_accuracy': 0.8359375, 'current_loss': 0.8272080719470978, 'train_loss': None, 'decision': 0, 'drift_rate': 0.0, 'target_domains': ['mnist']}
0.0 []
Loss historical diff: 1.7881393432617188e-07; Loss Difference: 0.0, Decision: 0
Round 83 took 0.6027548313140869s, results:
{'t': 82, 'current_accuracy': 0.8359375, 'current_loss': 0.8272081315517426, 'train_loss': None, 'decision': 0, 'drift_rate': 0.0, 'target_domains': ['mnist']}
0.0 []
Loss historical diff: 8.940696716308594e-08; Loss Difference: 0.0, Decision: 0
Round 84 took 0.5574889183044434s, results:
{'t': 83, 'current_accuracy': 0.8359375, 'current_loss': 0.8272080421447754, 'train_loss': None, 'decision': 0, 'drift_rate': 0.0, 'target_domains': ['mnist']}
0.0 []
Loss historical diff: 1.4901161193847656e-07; Loss Difference: 0.0, Decision: 0
Round 85 took 0.5942177772521973s, results:
{'t': 84, 'current_accuracy': 0.8359375, 'current_loss': 0.8272081017494202, 'train_loss': None, 'decision': 0, 'drift_rate': 0.0, 'target_domains': ['mnist']}
0.0 []
Loss historical diff: 1.4901161193847656e-07; Loss Difference: 0.0, Decision: 0
Round 86 took 0.672478199005127s, results:
{'t': 85, 'current_accuracy': 0.8359375, 'current_loss': 0.8272081017494202, 'train_loss': None, 'decision': 0, 'drift_rate': 0.0, 'target_domains': ['mnist']}
0.0 []
Loss historical diff: 5.960464477539063e-08; Loss Difference: 0.0, Decision: 0
Round 87 took 0.52970290184021s, results:
{'t': 86, 'current_accuracy': 0.8359375, 'current_loss': 0.827208012342453, 'train_loss': None, 'decision': 0, 'drift_rate': 0.0, 'target_domains': ['mnist']}
0.0 []
Loss historical diff: 1.4901161193847656e-07; Loss Difference: 0.0, Decision: 0
Round 88 took 0.543818473815918s, results:
{'t': 87, 'current_accuracy': 0.8359375, 'current_loss': 0.8272081017494202, 'train_loss': None, 'decision': 0, 'drift_rate': 0.0, 'target_domains': ['mnist']}
0.0 []
Loss historical diff: 1.4901161193847656e-07; Loss Difference: 0.0, Decision: 0
Round 89 took 0.6008882522583008s, results:
{'t': 88, 'current_accuracy': 0.8359375, 'current_loss': 0.8272081017494202, 'train_loss': None, 'decision': 0, 'drift_rate': 0.0, 'target_domains': ['mnist']}
0.0 []
Loss historical diff: 1.1920928955078125e-07; Loss Difference: 0.0, Decision: 0
Round 90 took 0.6493229866027832s, results:
{'t': 89, 'current_accuracy': 0.8359375, 'current_loss': 0.8272080719470978, 'train_loss': None, 'decision': 0, 'drift_rate': 0.0, 'target_domains': ['mnist']}
0.0 []
Loss historical diff: 2.086162567138672e-07; Loss Difference: 0.0, Decision: 0
Round 91 took 0.6205737590789795s, results:
{'t': 90, 'current_accuracy': 0.8359375, 'current_loss': 0.8272081613540649, 'train_loss': None, 'decision': 0, 'drift_rate': 0.0, 'target_domains': ['mnist']}
0.0 []
Loss historical diff: 1.4901161193847656e-07; Loss Difference: 0.0, Decision: 0
Round 92 took 0.5753233432769775s, results:
{'t': 91, 'current_accuracy': 0.8359375, 'current_loss': 0.8272081017494202, 'train_loss': None, 'decision': 0, 'drift_rate': 0.0, 'target_domains': ['mnist']}
0.0 []
Loss historical diff: 1.4901161193847656e-07; Loss Difference: 0.0, Decision: 0
Round 93 took 0.6643939018249512s, results:
{'t': 92, 'current_accuracy': 0.8359375, 'current_loss': 0.8272081017494202, 'train_loss': None, 'decision': 0, 'drift_rate': 0.0, 'target_domains': ['mnist']}
0.0 []
Loss historical diff: 1.1920928955078125e-07; Loss Difference: 0.0, Decision: 0
Round 94 took 0.6203184127807617s, results:
{'t': 93, 'current_accuracy': 0.8359375, 'current_loss': 0.8272080719470978, 'train_loss': None, 'decision': 0, 'drift_rate': 0.0, 'target_domains': ['mnist']}
0.0 []
Loss historical diff: 1.1920928955078125e-07; Loss Difference: 0.0, Decision: 0
Round 95 took 0.536841630935669s, results:
{'t': 94, 'current_accuracy': 0.8359375, 'current_loss': 0.8272080719470978, 'train_loss': None, 'decision': 0, 'drift_rate': 0.0, 'target_domains': ['mnist']}
0.0 []
Loss historical diff: 5.960464477539063e-08; Loss Difference: 0.0, Decision: 0
Round 96 took 0.6030025482177734s, results:
{'t': 95, 'current_accuracy': 0.8359375, 'current_loss': 0.827208012342453, 'train_loss': None, 'decision': 0, 'drift_rate': 0.0, 'target_domains': ['mnist']}
0.0 []
Loss historical diff: 1.7881393432617188e-07; Loss Difference: 0.0, Decision: 0
Round 97 took 0.6652815341949463s, results:
{'t': 96, 'current_accuracy': 0.8359375, 'current_loss': 0.8272081315517426, 'train_loss': None, 'decision': 0, 'drift_rate': 0.0, 'target_domains': ['mnist']}
0.0 []
Loss historical diff: 1.4901161193847656e-07; Loss Difference: 0.0, Decision: 0
Round 98 took 0.6062710285186768s, results:
{'t': 97, 'current_accuracy': 0.8359375, 'current_loss': 0.8272081017494202, 'train_loss': None, 'decision': 0, 'drift_rate': 0.0, 'target_domains': ['mnist']}
0.0 []
Loss historical diff: 5.960464477539063e-08; Loss Difference: 0.0, Decision: 0
Round 99 took 0.6240348815917969s, results:
{'t': 98, 'current_accuracy': 0.8359375, 'current_loss': 0.827208012342453, 'train_loss': None, 'decision': 0, 'drift_rate': 0.0, 'target_domains': ['mnist']}
0.0 []
Loss historical diff: 1.4901161193847656e-07; Loss Difference: 0.0, Decision: 0
Round 100 took 0.6122496128082275s, results:
{'t': 99, 'current_accuracy': 0.8359375, 'current_loss': 0.8272081017494202, 'train_loss': None, 'decision': 0, 'drift_rate': 0.0, 'target_domains': ['mnist']}
0.0 []
Loss historical diff: 2.086162567138672e-07; Loss Difference: 0.0, Decision: 0
Round 101 took 0.6072907447814941s, results:
{'t': 100, 'current_accuracy': 0.8359375, 'current_loss': 0.8272081613540649, 'train_loss': None, 'decision': 0, 'drift_rate': 0.0, 'target_domains': ['mnist']}
0.0 []
Loss historical diff: 8.940696716308594e-08; Loss Difference: 0.0, Decision: 0
Round 102 took 0.5625169277191162s, results:
{'t': 101, 'current_accuracy': 0.8359375, 'current_loss': 0.8272080421447754, 'train_loss': None, 'decision': 0, 'drift_rate': 0.0, 'target_domains': ['mnist']}
0.0 []
Loss historical diff: 1.1920928955078125e-07; Loss Difference: 0.0, Decision: 0
Round 103 took 0.5513105392456055s, results:
{'t': 102, 'current_accuracy': 0.8359375, 'current_loss': 0.8272080719470978, 'train_loss': None, 'decision': 0, 'drift_rate': 0.0, 'target_domains': ['mnist']}
0.0 []
Loss historical diff: 5.960464477539063e-08; Loss Difference: 0.0, Decision: 0
Round 104 took 0.5570962429046631s, results:
{'t': 103, 'current_accuracy': 0.8359375, 'current_loss': 0.827208012342453, 'train_loss': None, 'decision': 0, 'drift_rate': 0.0, 'target_domains': ['mnist']}
0.0 []
Loss historical diff: 1.1920928955078125e-07; Loss Difference: 0.0, Decision: 0
Round 105 took 0.6162018775939941s, results:
{'t': 104, 'current_accuracy': 0.8359375, 'current_loss': 0.8272080719470978, 'train_loss': None, 'decision': 0, 'drift_rate': 0.0, 'target_domains': ['mnist']}
0.0 []
Loss historical diff: 1.4901161193847656e-07; Loss Difference: 0.0, Decision: 0
Round 106 took 0.5785965919494629s, results:
{'t': 105, 'current_accuracy': 0.8359375, 'current_loss': 0.8272081017494202, 'train_loss': None, 'decision': 0, 'drift_rate': 0.0, 'target_domains': ['mnist']}
0.0 []
Loss historical diff: 1.7881393432617188e-07; Loss Difference: 0.0, Decision: 0
Round 107 took 0.5940876007080078s, results:
{'t': 106, 'current_accuracy': 0.8359375, 'current_loss': 0.8272081315517426, 'train_loss': None, 'decision': 0, 'drift_rate': 0.0, 'target_domains': ['mnist']}
0.0 []
Loss historical diff: 8.940696716308594e-08; Loss Difference: 0.0, Decision: 0
Round 108 took 0.663386344909668s, results:
{'t': 107, 'current_accuracy': 0.8359375, 'current_loss': 0.8272080421447754, 'train_loss': None, 'decision': 0, 'drift_rate': 0.0, 'target_domains': ['mnist']}
0.0 []
Loss historical diff: 5.960464477539063e-08; Loss Difference: 0.0, Decision: 0
Round 109 took 0.5947976112365723s, results:
{'t': 108, 'current_accuracy': 0.8359375, 'current_loss': 0.827208012342453, 'train_loss': None, 'decision': 0, 'drift_rate': 0.0, 'target_domains': ['mnist']}
0.0 []
Loss historical diff: 1.4901161193847656e-07; Loss Difference: 0.0, Decision: 0
Round 110 took 0.5957517623901367s, results:
{'t': 109, 'current_accuracy': 0.8359375, 'current_loss': 0.8272081017494202, 'train_loss': None, 'decision': 0, 'drift_rate': 0.0, 'target_domains': ['mnist']}
0.0 []
Loss historical diff: 8.940696716308594e-08; Loss Difference: 0.0, Decision: 0
Round 111 took 0.606564998626709s, results:
{'t': 110, 'current_accuracy': 0.8359375, 'current_loss': 0.8272080421447754, 'train_loss': None, 'decision': 0, 'drift_rate': 0.0, 'target_domains': ['mnist']}
0.0 []
Loss historical diff: 2.9802322387695312e-08; Loss Difference: 0.0, Decision: 0
Round 112 took 0.6143894195556641s, results:
{'t': 111, 'current_accuracy': 0.8359375, 'current_loss': 0.8272079825401306, 'train_loss': None, 'decision': 0, 'drift_rate': 0.0, 'target_domains': ['mnist']}
0.0 []
Loss historical diff: 5.960464477539063e-08; Loss Difference: 0.0, Decision: 0
Round 113 took 0.5830960273742676s, results:
{'t': 112, 'current_accuracy': 0.8359375, 'current_loss': 0.827208012342453, 'train_loss': None, 'decision': 0, 'drift_rate': 0.0, 'target_domains': ['mnist']}
0.0 []
Loss historical diff: 1.4901161193847656e-07; Loss Difference: 0.0, Decision: 0
Round 114 took 0.6084940433502197s, results:
{'t': 113, 'current_accuracy': 0.8359375, 'current_loss': 0.8272081017494202, 'train_loss': None, 'decision': 0, 'drift_rate': 0.0, 'target_domains': ['mnist']}
0.0 []
Loss historical diff: 1.4901161193847656e-07; Loss Difference: 0.0, Decision: 0
Round 115 took 0.5546278953552246s, results:
{'t': 114, 'current_accuracy': 0.8359375, 'current_loss': 0.8272081017494202, 'train_loss': None, 'decision': 0, 'drift_rate': 0.0, 'target_domains': ['mnist']}
0.0 []
Loss historical diff: 1.1920928955078125e-07; Loss Difference: 0.0, Decision: 0
Round 116 took 0.6197807788848877s, results:
{'t': 115, 'current_accuracy': 0.8359375, 'current_loss': 0.8272080719470978, 'train_loss': None, 'decision': 0, 'drift_rate': 0.0, 'target_domains': ['mnist']}
0.0 []
Loss historical diff: 2.086162567138672e-07; Loss Difference: 0.0, Decision: 0
Round 117 took 0.5587775707244873s, results:
{'t': 116, 'current_accuracy': 0.8359375, 'current_loss': 0.8272081613540649, 'train_loss': None, 'decision': 0, 'drift_rate': 0.0, 'target_domains': ['mnist']}
0.0 []
Loss historical diff: 1.4901161193847656e-07; Loss Difference: 0.0, Decision: 0
Round 118 took 0.5437304973602295s, results:
{'t': 117, 'current_accuracy': 0.8359375, 'current_loss': 0.8272081017494202, 'train_loss': None, 'decision': 0, 'drift_rate': 0.0, 'target_domains': ['mnist']}
0.0 []
Loss historical diff: 1.4901161193847656e-07; Loss Difference: 0.0, Decision: 0
Round 119 took 0.6179103851318359s, results:
{'t': 118, 'current_accuracy': 0.8359375, 'current_loss': 0.8272081017494202, 'train_loss': None, 'decision': 0, 'drift_rate': 0.0, 'target_domains': ['mnist']}
0.0 []
Loss historical diff: 1.4901161193847656e-07; Loss Difference: 0.0, Decision: 0
Round 120 took 0.5603983402252197s, results:
{'t': 119, 'current_accuracy': 0.8359375, 'current_loss': 0.8272081017494202, 'train_loss': None, 'decision': 0, 'drift_rate': 0.0, 'target_domains': ['mnist']}
0.0 []
Loss historical diff: 1.1920928955078125e-07; Loss Difference: 0.0, Decision: 0
Round 121 took 0.6112101078033447s, results:
{'t': 120, 'current_accuracy': 0.8359375, 'current_loss': 0.8272080719470978, 'train_loss': None, 'decision': 0, 'drift_rate': 0.0, 'target_domains': ['mnist']}
0.0 []
Loss historical diff: 2.384185791015625e-07; Loss Difference: 0.0, Decision: 0
Round 122 took 0.5558178424835205s, results:
{'t': 121, 'current_accuracy': 0.8359375, 'current_loss': 0.8272081911563873, 'train_loss': None, 'decision': 0, 'drift_rate': 0.0, 'target_domains': ['mnist']}
0.0 []
Loss historical diff: 5.960464477539063e-08; Loss Difference: 0.0, Decision: 0
Round 123 took 0.6231238842010498s, results:
{'t': 122, 'current_accuracy': 0.8359375, 'current_loss': 0.827208012342453, 'train_loss': None, 'decision': 0, 'drift_rate': 0.0, 'target_domains': ['mnist']}
0.0 []
Loss historical diff: 8.940696716308594e-08; Loss Difference: 0.0, Decision: 0
Round 124 took 0.563584566116333s, results:
{'t': 123, 'current_accuracy': 0.8359375, 'current_loss': 0.8272080421447754, 'train_loss': None, 'decision': 0, 'drift_rate': 0.0, 'target_domains': ['mnist']}
0.0 []
Loss historical diff: 1.7881393432617188e-07; Loss Difference: 0.0, Decision: 0
Round 125 took 0.5940468311309814s, results:
{'t': 124, 'current_accuracy': 0.8359375, 'current_loss': 0.8272081315517426, 'train_loss': None, 'decision': 0, 'drift_rate': 0.0, 'target_domains': ['mnist']}
0.0 []
Loss historical diff: 2.9802322387695312e-08; Loss Difference: 0.0, Decision: 0
Round 126 took 0.6129662990570068s, results:
{'t': 125, 'current_accuracy': 0.8359375, 'current_loss': 0.8272079825401306, 'train_loss': None, 'decision': 0, 'drift_rate': 0.0, 'target_domains': ['mnist']}
0.0 []
Loss historical diff: 1.1920928955078125e-07; Loss Difference: 0.0, Decision: 0
Round 127 took 0.5795731544494629s, results:
{'t': 126, 'current_accuracy': 0.8359375, 'current_loss': 0.8272080719470978, 'train_loss': None, 'decision': 0, 'drift_rate': 0.0, 'target_domains': ['mnist']}
0.0 []
Loss historical diff: 5.960464477539063e-08; Loss Difference: 0.0, Decision: 0
Round 128 took 0.5224685668945312s, results:
{'t': 127, 'current_accuracy': 0.8359375, 'current_loss': 0.827208012342453, 'train_loss': None, 'decision': 0, 'drift_rate': 0.0, 'target_domains': ['mnist']}
0.0 []
Loss historical diff: 1.7881393432617188e-07; Loss Difference: 0.0, Decision: 0
Round 129 took 0.6324729919433594s, results:
{'t': 128, 'current_accuracy': 0.8359375, 'current_loss': 0.8272081315517426, 'train_loss': None, 'decision': 0, 'drift_rate': 0.0, 'target_domains': ['mnist']}
0.0 []
Loss historical diff: 2.086162567138672e-07; Loss Difference: 0.0, Decision: 0
Round 130 took 0.5694065093994141s, results:
{'t': 129, 'current_accuracy': 0.8359375, 'current_loss': 0.8272081613540649, 'train_loss': None, 'decision': 0, 'drift_rate': 0.0, 'target_domains': ['mnist']}
0.0 []
Loss historical diff: 1.1920928955078125e-07; Loss Difference: 0.0, Decision: 0
Round 131 took 0.5851428508758545s, results:
{'t': 130, 'current_accuracy': 0.8359375, 'current_loss': 0.8272080719470978, 'train_loss': None, 'decision': 0, 'drift_rate': 0.0, 'target_domains': ['mnist']}
0.0 []
Loss historical diff: 1.1920928955078125e-07; Loss Difference: 0.0, Decision: 0
Round 132 took 0.5912692546844482s, results:
{'t': 131, 'current_accuracy': 0.8359375, 'current_loss': 0.8272080719470978, 'train_loss': None, 'decision': 0, 'drift_rate': 0.0, 'target_domains': ['mnist']}
0.0 []
Loss historical diff: 1.4901161193847656e-07; Loss Difference: 0.0, Decision: 0
Round 133 took 0.6135728359222412s, results:
{'t': 132, 'current_accuracy': 0.8359375, 'current_loss': 0.8272081017494202, 'train_loss': None, 'decision': 0, 'drift_rate': 0.0, 'target_domains': ['mnist']}
0.0 []
Loss historical diff: 8.940696716308594e-08; Loss Difference: 0.0, Decision: 0
Round 134 took 0.6125185489654541s, results:
{'t': 133, 'current_accuracy': 0.8359375, 'current_loss': 0.8272080421447754, 'train_loss': None, 'decision': 0, 'drift_rate': 0.0, 'target_domains': ['mnist']}
0.0 []
Loss historical diff: 0.0; Loss Difference: 0.0, Decision: 0
Round 135 took 0.5819613933563232s, results:
{'t': 134, 'current_accuracy': 0.8359375, 'current_loss': 0.8272079527378082, 'train_loss': None, 'decision': 0, 'drift_rate': 0.0, 'target_domains': ['mnist']}
0.0 []
Loss historical diff: 1.1920928955078125e-07; Loss Difference: 0.0, Decision: 0
Round 136 took 0.6139135360717773s, results:
{'t': 135, 'current_accuracy': 0.8359375, 'current_loss': 0.8272080719470978, 'train_loss': None, 'decision': 0, 'drift_rate': 0.0, 'target_domains': ['mnist']}
0.0 []
Loss historical diff: 1.1920928955078125e-07; Loss Difference: 0.0, Decision: 0
Round 137 took 0.5578062534332275s, results:
{'t': 136, 'current_accuracy': 0.8359375, 'current_loss': 0.8272080719470978, 'train_loss': None, 'decision': 0, 'drift_rate': 0.0, 'target_domains': ['mnist']}
0.0 []
Loss historical diff: 1.1920928955078125e-07; Loss Difference: 0.0, Decision: 0
Round 138 took 0.6047909259796143s, results:
{'t': 137, 'current_accuracy': 0.8359375, 'current_loss': 0.8272080719470978, 'train_loss': None, 'decision': 0, 'drift_rate': 0.0, 'target_domains': ['mnist']}
0.0 []
Loss historical diff: 0.0; Loss Difference: 0.0, Decision: 0
Round 139 took 0.6317520141601562s, results:
{'t': 138, 'current_accuracy': 0.8359375, 'current_loss': 0.8272079527378082, 'train_loss': None, 'decision': 0, 'drift_rate': 0.0, 'target_domains': ['mnist']}
0.0 []
Loss historical diff: 1.1920928955078125e-07; Loss Difference: 0.0, Decision: 0
Round 140 took 0.5671839714050293s, results:
{'t': 139, 'current_accuracy': 0.8359375, 'current_loss': 0.8272080719470978, 'train_loss': None, 'decision': 0, 'drift_rate': 0.0, 'target_domains': ['mnist']}
0.0 []
Loss historical diff: 1.1920928955078125e-07; Loss Difference: 0.0, Decision: 0
Round 141 took 0.5937821865081787s, results:
{'t': 140, 'current_accuracy': 0.8359375, 'current_loss': 0.8272080719470978, 'train_loss': None, 'decision': 0, 'drift_rate': 0.0, 'target_domains': ['mnist']}
0.0 []
Loss historical diff: 2.384185791015625e-07; Loss Difference: 0.0, Decision: 0
Round 142 took 0.6284022331237793s, results:
{'t': 141, 'current_accuracy': 0.8359375, 'current_loss': 0.8272081911563873, 'train_loss': None, 'decision': 0, 'drift_rate': 0.0, 'target_domains': ['mnist']}
0.0 []
Loss historical diff: 8.940696716308594e-08; Loss Difference: 0.0, Decision: 0
Round 143 took 0.5779895782470703s, results:
{'t': 142, 'current_accuracy': 0.8359375, 'current_loss': 0.8272080421447754, 'train_loss': None, 'decision': 0, 'drift_rate': 0.0, 'target_domains': ['mnist']}
0.0 []
Loss historical diff: 1.1920928955078125e-07; Loss Difference: 0.0, Decision: 0
Round 144 took 0.5039663314819336s, results:
{'t': 143, 'current_accuracy': 0.8359375, 'current_loss': 0.8272080719470978, 'train_loss': None, 'decision': 0, 'drift_rate': 0.0, 'target_domains': ['mnist']}
0.0 []
Loss historical diff: 1.1920928955078125e-07; Loss Difference: 0.0, Decision: 0
Round 145 took 0.6209146976470947s, results:
{'t': 144, 'current_accuracy': 0.8359375, 'current_loss': 0.8272080719470978, 'train_loss': None, 'decision': 0, 'drift_rate': 0.0, 'target_domains': ['mnist']}
0.0 []
Loss historical diff: 1.7881393432617188e-07; Loss Difference: 0.0, Decision: 0
Round 146 took 0.5907931327819824s, results:
{'t': 145, 'current_accuracy': 0.8359375, 'current_loss': 0.8272081315517426, 'train_loss': None, 'decision': 0, 'drift_rate': 0.0, 'target_domains': ['mnist']}
0.0 []
Loss historical diff: 1.7881393432617188e-07; Loss Difference: 0.0, Decision: 0
Round 147 took 0.5919756889343262s, results:
{'t': 146, 'current_accuracy': 0.8359375, 'current_loss': 0.8272081315517426, 'train_loss': None, 'decision': 0, 'drift_rate': 0.0, 'target_domains': ['mnist']}
0.0 []
Loss historical diff: 1.4901161193847656e-07; Loss Difference: 0.0, Decision: 0
Round 148 took 0.565187931060791s, results:
{'t': 147, 'current_accuracy': 0.8359375, 'current_loss': 0.8272081017494202, 'train_loss': None, 'decision': 0, 'drift_rate': 0.0, 'target_domains': ['mnist']}
0.0 []
Loss historical diff: 2.9802322387695312e-08; Loss Difference: 0.0, Decision: 0
Round 149 took 0.6028001308441162s, results:
{'t': 148, 'current_accuracy': 0.8359375, 'current_loss': 0.8272079825401306, 'train_loss': None, 'decision': 0, 'drift_rate': 0.0, 'target_domains': ['mnist']}
0.0 []
Loss historical diff: 1.4901161193847656e-07; Loss Difference: 0.0, Decision: 0
Round 150 took 0.615546703338623s, results:
{'t': 149, 'current_accuracy': 0.8359375, 'current_loss': 0.8272081017494202, 'train_loss': None, 'decision': 0, 'drift_rate': 0.0, 'target_domains': ['mnist']}
0.0 []
Loss historical diff: 1.4901161193847656e-07; Loss Difference: 0.0, Decision: 0
Round 151 took 0.5866162776947021s, results:
{'t': 150, 'current_accuracy': 0.8359375, 'current_loss': 0.8272081017494202, 'train_loss': None, 'decision': 0, 'drift_rate': 0.0, 'target_domains': ['mnist']}
0.0 []
Loss historical diff: 1.1920928955078125e-07; Loss Difference: 0.0, Decision: 0
Round 152 took 0.6366925239562988s, results:
{'t': 151, 'current_accuracy': 0.8359375, 'current_loss': 0.8272080719470978, 'train_loss': None, 'decision': 0, 'drift_rate': 0.0, 'target_domains': ['mnist']}
0.0 []
Loss historical diff: 1.1920928955078125e-07; Loss Difference: 0.0, Decision: 0
Round 153 took 0.6069517135620117s, results:
{'t': 152, 'current_accuracy': 0.8359375, 'current_loss': 0.8272080719470978, 'train_loss': None, 'decision': 0, 'drift_rate': 0.0, 'target_domains': ['mnist']}
0.0 []
Loss historical diff: 8.940696716308594e-08; Loss Difference: 0.0, Decision: 0
Round 154 took 0.5495800971984863s, results:
{'t': 153, 'current_accuracy': 0.8359375, 'current_loss': 0.8272080421447754, 'train_loss': None, 'decision': 0, 'drift_rate': 0.0, 'target_domains': ['mnist']}
0.0 []
Loss historical diff: 2.9802322387695312e-08; Loss Difference: 0.0, Decision: 0
Round 155 took 0.6153018474578857s, results:
{'t': 154, 'current_accuracy': 0.8359375, 'current_loss': 0.8272079825401306, 'train_loss': None, 'decision': 0, 'drift_rate': 0.0, 'target_domains': ['mnist']}
0.0 []
Loss historical diff: 8.940696716308594e-08; Loss Difference: 0.0, Decision: 0
Round 156 took 0.6017234325408936s, results:
{'t': 155, 'current_accuracy': 0.8359375, 'current_loss': 0.8272080421447754, 'train_loss': None, 'decision': 0, 'drift_rate': 0.0, 'target_domains': ['mnist']}
0.0 []
Loss historical diff: 8.940696716308594e-08; Loss Difference: 0.0, Decision: 0
Round 157 took 0.5849738121032715s, results:
{'t': 156, 'current_accuracy': 0.8359375, 'current_loss': 0.8272080421447754, 'train_loss': None, 'decision': 0, 'drift_rate': 0.0, 'target_domains': ['mnist']}
0.0 []
Loss historical diff: 1.1920928955078125e-07; Loss Difference: 0.0, Decision: 0
Round 158 took 0.6456241607666016s, results:
{'t': 157, 'current_accuracy': 0.8359375, 'current_loss': 0.8272080719470978, 'train_loss': None, 'decision': 0, 'drift_rate': 0.0, 'target_domains': ['mnist']}
0.0 []
Loss historical diff: 1.4901161193847656e-07; Loss Difference: 0.0, Decision: 0
Round 159 took 0.59281325340271s, results:
{'t': 158, 'current_accuracy': 0.8359375, 'current_loss': 0.8272081017494202, 'train_loss': None, 'decision': 0, 'drift_rate': 0.0, 'target_domains': ['mnist']}
0.0 []
Loss historical diff: 1.4901161193847656e-07; Loss Difference: 0.0, Decision: 0
Round 160 took 0.579782247543335s, results:
{'t': 159, 'current_accuracy': 0.8359375, 'current_loss': 0.8272081017494202, 'train_loss': None, 'decision': 0, 'drift_rate': 0.0, 'target_domains': ['mnist']}
0.0 []
Loss historical diff: 5.960464477539063e-08; Loss Difference: 0.0, Decision: 0
Round 161 took 0.5890140533447266s, results:
{'t': 160, 'current_accuracy': 0.8359375, 'current_loss': 0.827208012342453, 'train_loss': None, 'decision': 0, 'drift_rate': 0.0, 'target_domains': ['mnist']}
0.0 []
Loss historical diff: 5.960464477539063e-08; Loss Difference: 0.0, Decision: 0
Round 162 took 0.6360936164855957s, results:
{'t': 161, 'current_accuracy': 0.8359375, 'current_loss': 0.827208012342453, 'train_loss': None, 'decision': 0, 'drift_rate': 0.0, 'target_domains': ['mnist']}
0.0 []
Loss historical diff: 5.960464477539063e-08; Loss Difference: 0.0, Decision: 0
Round 163 took 0.5337300300598145s, results:
{'t': 162, 'current_accuracy': 0.8359375, 'current_loss': 0.827208012342453, 'train_loss': None, 'decision': 0, 'drift_rate': 0.0, 'target_domains': ['mnist']}
0.0 []
Loss historical diff: 8.940696716308594e-08; Loss Difference: 0.0, Decision: 0
Round 164 took 0.591078519821167s, results:
{'t': 163, 'current_accuracy': 0.8359375, 'current_loss': 0.8272080421447754, 'train_loss': None, 'decision': 0, 'drift_rate': 0.0, 'target_domains': ['mnist']}
0.0 []
Loss historical diff: 1.4901161193847656e-07; Loss Difference: 0.0, Decision: 0
Round 165 took 0.6223504543304443s, results:
{'t': 164, 'current_accuracy': 0.8359375, 'current_loss': 0.8272081017494202, 'train_loss': None, 'decision': 0, 'drift_rate': 0.0, 'target_domains': ['mnist']}
0.4 ['syn']
Loss historical diff: 0.5928308665752411; Loss Difference: 0.0, Decision: 1
/home/apiasecz/.conda/envs/cog_fl_llm_env/lib/python3.12/site-packages/torch/autograd/graph.py:744: UserWarning: Plan failed with a cudnnException: CUDNN_BACKEND_EXECUTION_PLAN_DESCRIPTOR: cudnnFinalize Descriptor Failed cudnn_status: CUDNN_STATUS_NOT_SUPPORTED (Triggered internally at /opt/conda/conda-bld/pytorch_1712608847532/work/aten/src/ATen/native/cudnn/Conv_v8.cpp:919.)
  return Variable._execution_engine.run_backward(  # Calls into the C++ engine to run the backward pass
Average loss over 1 updates: 1.5630
Round 166 took 1.0835204124450684s, results:
{'t': 165, 'current_accuracy': 0.59375, 'current_loss': 1.4200388193130493, 'train_loss': 1.5629757642745972, 'decision': 1, 'drift_rate': 0.4, 'target_domains': ['syn']}
0.4 ['syn']
Loss historical diff: 1.1328506767749786; Loss Difference: 0.0, Decision: 1
Average loss over 1 updates: 1.9892
Round 167 took 1.258918285369873s, results:
{'t': 166, 'current_accuracy': 0.33203125, 'current_loss': 1.9600586295127869, 'train_loss': 1.9891504049301147, 'decision': 1, 'drift_rate': 0.4, 'target_domains': ['syn']}
0.4 ['syn']
Loss historical diff: 1.4466876685619354; Loss Difference: 0.0, Decision: 1
Average loss over 1 updates: 2.4210
Round 168 took 1.071152687072754s, results:
{'t': 167, 'current_accuracy': 0.18359375, 'current_loss': 2.2738956212997437, 'train_loss': 2.4209723472595215, 'decision': 1, 'drift_rate': 0.4, 'target_domains': ['syn']}
0.0 []
Loss historical diff: 1.4890157878398895; Loss Difference: 0.0, Decision: 1
Average loss over 1 updates: 2.2269
Round 169 took 1.1840686798095703s, results:
{'t': 168, 'current_accuracy': 0.1484375, 'current_loss': 2.3162237405776978, 'train_loss': 2.226874351501465, 'decision': 1, 'drift_rate': 0.0, 'target_domains': ['syn']}
0.0 []
Loss historical diff: 1.3771413266658783; Loss Difference: 0.0, Decision: 1
Average loss over 1 updates: 2.1441
Round 170 took 1.0954203605651855s, results:
{'t': 169, 'current_accuracy': 0.20703125, 'current_loss': 2.2043492794036865, 'train_loss': 2.144125461578369, 'decision': 1, 'drift_rate': 0.0, 'target_domains': ['syn']}
0.0 []
Loss historical diff: 1.429209440946579; Loss Difference: 0.0, Decision: 1
Average loss over 1 updates: 2.0841
Round 171 took 1.2477774620056152s, results:
{'t': 170, 'current_accuracy': 0.203125, 'current_loss': 2.256417393684387, 'train_loss': 2.0841267108917236, 'decision': 1, 'drift_rate': 0.0, 'target_domains': ['syn']}
0.0 []
Loss historical diff: 1.4133284986019135; Loss Difference: 0.0, Decision: 1
Average loss over 1 updates: 2.3205
Round 172 took 1.082580327987671s, results:
{'t': 171, 'current_accuracy': 0.1875, 'current_loss': 2.2405364513397217, 'train_loss': 2.320478916168213, 'decision': 1, 'drift_rate': 0.0, 'target_domains': ['syn']}
0.0 []
Loss historical diff: 1.378089040517807; Loss Difference: 0.0, Decision: 1
Average loss over 1 updates: 1.9254
Round 173 took 1.1628012657165527s, results:
{'t': 172, 'current_accuracy': 0.1796875, 'current_loss': 2.2052969932556152, 'train_loss': 1.925400972366333, 'decision': 1, 'drift_rate': 0.0, 'target_domains': ['syn']}
0.0 []
Loss historical diff: 1.2800650298595428; Loss Difference: 0.0, Decision: 1
Average loss over 1 updates: 1.8979
Round 174 took 1.1311204433441162s, results:
{'t': 173, 'current_accuracy': 0.265625, 'current_loss': 2.107272982597351, 'train_loss': 1.89792799949646, 'decision': 1, 'drift_rate': 0.0, 'target_domains': ['syn']}
0.0 []
Loss historical diff: 1.2691291272640228; Loss Difference: 0.0, Decision: 1
Average loss over 1 updates: 1.8696
Round 175 took 0.9328665733337402s, results:
{'t': 174, 'current_accuracy': 0.25, 'current_loss': 2.096337080001831, 'train_loss': 1.8695690631866455, 'decision': 1, 'drift_rate': 0.0, 'target_domains': ['syn']}
0.0 []
Loss historical diff: 1.1946530044078827; Loss Difference: 0.0, Decision: 1
Average loss over 1 updates: 1.8303
Round 176 took 1.1440060138702393s, results:
{'t': 175, 'current_accuracy': 0.30078125, 'current_loss': 2.021860957145691, 'train_loss': 1.8302513360977173, 'decision': 1, 'drift_rate': 0.0, 'target_domains': ['syn']}
0.0 []
Loss historical diff: 1.1531156599521637; Loss Difference: 0.0, Decision: 1
Average loss over 1 updates: 1.6818
Round 177 took 1.060112476348877s, results:
{'t': 176, 'current_accuracy': 0.31640625, 'current_loss': 1.980323612689972, 'train_loss': 1.6817554235458374, 'decision': 1, 'drift_rate': 0.0, 'target_domains': ['syn']}
0.0 []
Loss historical diff: 1.1125588715076447; Loss Difference: 0.0, Decision: 1
Average loss over 1 updates: 1.7047
Round 178 took 1.089810848236084s, results:
{'t': 177, 'current_accuracy': 0.3359375, 'current_loss': 1.9397668242454529, 'train_loss': 1.7046977281570435, 'decision': 1, 'drift_rate': 0.0, 'target_domains': ['syn']}
0.0 []
Loss historical diff: 1.0624748766422272; Loss Difference: 0.0, Decision: 1
Average loss over 1 updates: 1.6598
Round 179 took 1.1154115200042725s, results:
{'t': 178, 'current_accuracy': 0.38671875, 'current_loss': 1.8896828293800354, 'train_loss': 1.6598297357559204, 'decision': 1, 'drift_rate': 0.0, 'target_domains': ['syn']}
0.0 []
Loss historical diff: 1.174416869878769; Loss Difference: 0.0, Decision: 1
Average loss over 1 updates: 1.5958
Round 180 took 1.15449857711792s, results:
{'t': 179, 'current_accuracy': 0.34375, 'current_loss': 2.001624822616577, 'train_loss': 1.5958033800125122, 'decision': 1, 'drift_rate': 0.0, 'target_domains': ['syn']}
0.0 []
Loss historical diff: 1.1154986917972565; Loss Difference: 0.0, Decision: 1
Average loss over 1 updates: 1.6076
Round 181 took 1.1219651699066162s, results:
{'t': 180, 'current_accuracy': 0.40234375, 'current_loss': 1.9427066445350647, 'train_loss': 1.6076455116271973, 'decision': 1, 'drift_rate': 0.0, 'target_domains': ['syn']}
0.0 []
Loss historical diff: 0.9741393625736237; Loss Difference: 0.0, Decision: 1
Average loss over 1 updates: 1.5241
Round 182 took 1.0392696857452393s, results:
{'t': 181, 'current_accuracy': 0.44140625, 'current_loss': 1.8013473153114319, 'train_loss': 1.5241416692733765, 'decision': 1, 'drift_rate': 0.0, 'target_domains': ['syn']}
0.0 []
Loss historical diff: 0.9591266810894012; Loss Difference: 0.0, Decision: 1
Average loss over 1 updates: 1.4480
Round 183 took 1.1950042247772217s, results:
{'t': 182, 'current_accuracy': 0.4609375, 'current_loss': 1.7863346338272095, 'train_loss': 1.4479540586471558, 'decision': 1, 'drift_rate': 0.0, 'target_domains': ['syn']}
0.0 []
Loss historical diff: 0.9303201138973236; Loss Difference: 0.0, Decision: 1
Average loss over 1 updates: 1.4742
Round 184 took 1.0848217010498047s, results:
{'t': 183, 'current_accuracy': 0.46875, 'current_loss': 1.7575280666351318, 'train_loss': 1.4741803407669067, 'decision': 1, 'drift_rate': 0.0, 'target_domains': ['syn']}
0.0 []
Loss historical diff: 0.8333072364330292; Loss Difference: 0.0, Decision: 1
Average loss over 1 updates: 1.4308
Round 185 took 1.1278998851776123s, results:
{'t': 184, 'current_accuracy': 0.48046875, 'current_loss': 1.6605151891708374, 'train_loss': 1.430783987045288, 'decision': 1, 'drift_rate': 0.0, 'target_domains': ['syn']}
0.0 []
Loss historical diff: 0.7476088106632233; Loss Difference: 0.0, Decision: 1
Average loss over 1 updates: 1.3219
Round 186 took 1.0734105110168457s, results:
{'t': 185, 'current_accuracy': 0.515625, 'current_loss': 1.5748167634010315, 'train_loss': 1.3219481706619263, 'decision': 1, 'drift_rate': 0.0, 'target_domains': ['syn']}
0.0 []
Loss historical diff: 0.7516476809978485; Loss Difference: 0.0, Decision: 1
Average loss over 1 updates: 1.2592
Round 187 took 1.0760509967803955s, results:
{'t': 186, 'current_accuracy': 0.54296875, 'current_loss': 1.5788556337356567, 'train_loss': 1.2591755390167236, 'decision': 1, 'drift_rate': 0.0, 'target_domains': ['syn']}
0.0 []
Loss historical diff: 0.7100398242473602; Loss Difference: 0.0, Decision: 1
Average loss over 1 updates: 1.2761
Round 188 took 1.1422016620635986s, results:
{'t': 187, 'current_accuracy': 0.55078125, 'current_loss': 1.5372477769851685, 'train_loss': 1.276116132736206, 'decision': 1, 'drift_rate': 0.0, 'target_domains': ['syn']}
0.0 []
Loss historical diff: 0.7697475850582123; Loss Difference: 0.0, Decision: 1
Average loss over 1 updates: 1.4448
Round 189 took 1.1978824138641357s, results:
{'t': 188, 'current_accuracy': 0.5078125, 'current_loss': 1.5969555377960205, 'train_loss': 1.4447760581970215, 'decision': 1, 'drift_rate': 0.0, 'target_domains': ['syn']}
0.0 []
Loss historical diff: 1.291896492242813; Loss Difference: 0.0, Decision: 1
Average loss over 1 updates: 1.6179
Round 190 took 1.1004807949066162s, results:
{'t': 189, 'current_accuracy': 0.3828125, 'current_loss': 2.1191044449806213, 'train_loss': 1.6179299354553223, 'decision': 1, 'drift_rate': 0.0, 'target_domains': ['syn']}
0.0 []
Loss historical diff: 0.8330728709697723; Loss Difference: 0.0, Decision: 1
Average loss over 1 updates: 1.4008
Round 191 took 1.1800475120544434s, results:
{'t': 190, 'current_accuracy': 0.52734375, 'current_loss': 1.6602808237075806, 'train_loss': 1.4007543325424194, 'decision': 1, 'drift_rate': 0.0, 'target_domains': ['syn']}
0.0 []
Loss historical diff: 0.6414877474308014; Loss Difference: 0.0, Decision: 1
Average loss over 1 updates: 1.2618
Round 192 took 1.0800421237945557s, results:
{'t': 191, 'current_accuracy': 0.5625, 'current_loss': 1.4686957001686096, 'train_loss': 1.2617921829223633, 'decision': 1, 'drift_rate': 0.0, 'target_domains': ['syn']}
0.0 []
Loss historical diff: 0.6158756911754608; Loss Difference: 0.0, Decision: 1
Average loss over 1 updates: 1.1230
Round 193 took 1.2013309001922607s, results:
{'t': 192, 'current_accuracy': 0.5234375, 'current_loss': 1.443083643913269, 'train_loss': 1.1230461597442627, 'decision': 1, 'drift_rate': 0.0, 'target_domains': ['syn']}
0.0 []
Loss historical diff: 0.5137774646282196; Loss Difference: 0.0, Decision: 1
Average loss over 1 updates: 1.1469
Round 194 took 1.1619436740875244s, results:
{'t': 193, 'current_accuracy': 0.62109375, 'current_loss': 1.3409854173660278, 'train_loss': 1.1468639373779297, 'decision': 1, 'drift_rate': 0.0, 'target_domains': ['syn']}
0.0 []
Loss historical diff: 0.49041804671287537; Loss Difference: 0.0, Decision: 1
Average loss over 1 updates: 1.1061
Round 195 took 1.0306386947631836s, results:
{'t': 194, 'current_accuracy': 0.62890625, 'current_loss': 1.3176259994506836, 'train_loss': 1.1061298847198486, 'decision': 1, 'drift_rate': 0.0, 'target_domains': ['syn']}
0.0 []
Loss historical diff: 0.46111467480659485; Loss Difference: 0.0, Decision: 1
Average loss over 1 updates: 1.0935
Round 196 took 1.0837912559509277s, results:
{'t': 195, 'current_accuracy': 0.62890625, 'current_loss': 1.288322627544403, 'train_loss': 1.0934604406356812, 'decision': 1, 'drift_rate': 0.0, 'target_domains': ['syn']}
0.0 []
Loss historical diff: 0.4442923367023468; Loss Difference: 0.0, Decision: 1
Average loss over 1 updates: 1.0549
Round 197 took 1.0463988780975342s, results:
{'t': 196, 'current_accuracy': 0.6640625, 'current_loss': 1.271500289440155, 'train_loss': 1.0548640489578247, 'decision': 1, 'drift_rate': 0.0, 'target_domains': ['syn']}
0.0 []
Loss historical diff: 0.4249766170978546; Loss Difference: 0.0, Decision: 1
Average loss over 1 updates: 0.9728
Round 198 took 1.0298690795898438s, results:
{'t': 197, 'current_accuracy': 0.6484375, 'current_loss': 1.2521845698356628, 'train_loss': 0.9727889895439148, 'decision': 1, 'drift_rate': 0.0, 'target_domains': ['syn']}
0.0 []
Loss historical diff: 0.4115072786808014; Loss Difference: 0.0, Decision: 1
Average loss over 1 updates: 1.0186
Round 199 took 1.230741262435913s, results:
{'t': 198, 'current_accuracy': 0.65625, 'current_loss': 1.2387152314186096, 'train_loss': 1.018640398979187, 'decision': 1, 'drift_rate': 0.0, 'target_domains': ['syn']}
0.0 []
Loss historical diff: 0.4010835587978363; Loss Difference: 0.0, Decision: 1
Average loss over 1 updates: 0.8238
Round 200 took 1.033451795578003s, results:
{'t': 199, 'current_accuracy': 0.66015625, 'current_loss': 1.2282915115356445, 'train_loss': 0.8237976431846619, 'decision': 1, 'drift_rate': 0.0, 'target_domains': ['syn']}
0.0 []
Loss historical diff: 0.3462836444377899; Loss Difference: 0.0, Decision: 1
Average loss over 1 updates: 0.9008
Round 201 took 1.2030620574951172s, results:
{'t': 200, 'current_accuracy': 0.63671875, 'current_loss': 1.1734915971755981, 'train_loss': 0.9007671475410461, 'decision': 1, 'drift_rate': 0.0, 'target_domains': ['syn']}
0.0 []
Loss historical diff: 0.33895304799079895; Loss Difference: 0.0, Decision: 1
Average loss over 1 updates: 0.8545
Round 202 took 1.1653509140014648s, results:
{'t': 201, 'current_accuracy': 0.65234375, 'current_loss': 1.1661610007286072, 'train_loss': 0.8544533848762512, 'decision': 1, 'drift_rate': 0.0, 'target_domains': ['syn']}
0.0 []
Loss historical diff: 0.3797820508480072; Loss Difference: 0.0, Decision: 1
Average loss over 1 updates: 0.9319
Round 203 took 1.1836268901824951s, results:
{'t': 202, 'current_accuracy': 0.625, 'current_loss': 1.2069900035858154, 'train_loss': 0.9318755865097046, 'decision': 1, 'drift_rate': 0.0, 'target_domains': ['syn']}
0.0 []
Loss historical diff: 0.37987110018730164; Loss Difference: 0.0, Decision: 1
Average loss over 1 updates: 0.8925
Round 204 took 1.146406888961792s, results:
{'t': 203, 'current_accuracy': 0.61328125, 'current_loss': 1.2070790529251099, 'train_loss': 0.8925123810768127, 'decision': 1, 'drift_rate': 0.0, 'target_domains': ['syn']}
0.0 []
Loss historical diff: 0.32547727227211; Loss Difference: 0.0, Decision: 1
Average loss over 1 updates: 0.8217
Round 205 took 1.0976908206939697s, results:
{'t': 204, 'current_accuracy': 0.68359375, 'current_loss': 1.1526852250099182, 'train_loss': 0.8217148184776306, 'decision': 1, 'drift_rate': 0.0, 'target_domains': ['syn']}
0.0 []
Loss historical diff: 0.26482120156288147; Loss Difference: 0.0, Decision: 1
Average loss over 1 updates: 0.7674
Round 206 took 1.1802432537078857s, results:
{'t': 205, 'current_accuracy': 0.734375, 'current_loss': 1.0920291543006897, 'train_loss': 0.7674363255500793, 'decision': 1, 'drift_rate': 0.0, 'target_domains': ['syn']}
0.0 []
Loss historical diff: 0.2310728132724762; Loss Difference: 0.0, Decision: 1
Average loss over 1 updates: 0.7669
Round 207 took 1.0977177619934082s, results:
{'t': 206, 'current_accuracy': 0.703125, 'current_loss': 1.0582807660102844, 'train_loss': 0.7669005393981934, 'decision': 1, 'drift_rate': 0.0, 'target_domains': ['syn']}
0.0 []
Loss historical diff: 0.1837121546268463; Loss Difference: 0.0, Decision: 1
Average loss over 1 updates: 0.6207
Round 208 took 1.0233104228973389s, results:
{'t': 207, 'current_accuracy': 0.73046875, 'current_loss': 1.0109201073646545, 'train_loss': 0.6207133531570435, 'decision': 1, 'drift_rate': 0.0, 'target_domains': ['syn']}
0.0 []
Loss historical diff: 0.15768438577651978; Loss Difference: 0.0, Decision: 1
Average loss over 1 updates: 0.8098
Round 209 took 1.2819223403930664s, results:
{'t': 208, 'current_accuracy': 0.74609375, 'current_loss': 0.984892338514328, 'train_loss': 0.8098438382148743, 'decision': 1, 'drift_rate': 0.0, 'target_domains': ['syn']}
0.0 []
Loss historical diff: 0.18508628010749817; Loss Difference: 0.0, Decision: 1
Average loss over 1 updates: 0.5708
Round 210 took 1.0358011722564697s, results:
{'t': 209, 'current_accuracy': 0.7109375, 'current_loss': 1.0122942328453064, 'train_loss': 0.5708220601081848, 'decision': 1, 'drift_rate': 0.0, 'target_domains': ['syn']}
0.0 []
Loss historical diff: 0.1099981963634491; Loss Difference: 0.0, Decision: 0
Round 211 took 0.7169780731201172s, results:
{'t': 210, 'current_accuracy': 0.76953125, 'current_loss': 0.9372061491012573, 'train_loss': None, 'decision': 0, 'drift_rate': 0.0, 'target_domains': ['syn']}
0.0 []
Loss historical diff: 0.10999816656112671; Loss Difference: 0.0, Decision: 0
Round 212 took 0.686373233795166s, results:
{'t': 211, 'current_accuracy': 0.76953125, 'current_loss': 0.9372061192989349, 'train_loss': None, 'decision': 0, 'drift_rate': 0.0, 'target_domains': ['syn']}
0.0 []
Loss historical diff: 0.10999822616577148; Loss Difference: 0.0, Decision: 0
Round 213 took 0.6455409526824951s, results:
{'t': 212, 'current_accuracy': 0.76953125, 'current_loss': 0.9372061789035797, 'train_loss': None, 'decision': 0, 'drift_rate': 0.0, 'target_domains': ['syn']}
0.0 []
Loss historical diff: 0.10999822616577148; Loss Difference: 0.0, Decision: 0
Round 214 took 0.6842620372772217s, results:
{'t': 213, 'current_accuracy': 0.76953125, 'current_loss': 0.9372061789035797, 'train_loss': None, 'decision': 0, 'drift_rate': 0.0, 'target_domains': ['syn']}
0.0 []
Loss historical diff: 0.1099981963634491; Loss Difference: 0.0, Decision: 0
Round 215 took 0.6404390335083008s, results:
{'t': 214, 'current_accuracy': 0.76953125, 'current_loss': 0.9372061491012573, 'train_loss': None, 'decision': 0, 'drift_rate': 0.0, 'target_domains': ['syn']}
0.0 []
Loss historical diff: 0.10999825596809387; Loss Difference: 0.0, Decision: 0
Round 216 took 0.6255643367767334s, results:
{'t': 215, 'current_accuracy': 0.76953125, 'current_loss': 0.9372062087059021, 'train_loss': None, 'decision': 0, 'drift_rate': 0.0, 'target_domains': ['syn']}
0.0 []
Loss historical diff: 0.1099981963634491; Loss Difference: 0.0, Decision: 0
Round 217 took 0.6915969848632812s, results:
{'t': 216, 'current_accuracy': 0.76953125, 'current_loss': 0.9372061491012573, 'train_loss': None, 'decision': 0, 'drift_rate': 0.0, 'target_domains': ['syn']}
0.0 []
Loss historical diff: 0.10999816656112671; Loss Difference: 0.0, Decision: 0
Round 218 took 0.6408321857452393s, results:
{'t': 217, 'current_accuracy': 0.76953125, 'current_loss': 0.9372061192989349, 'train_loss': None, 'decision': 0, 'drift_rate': 0.0, 'target_domains': ['syn']}
0.0 []
Loss historical diff: 0.10999816656112671; Loss Difference: 0.0, Decision: 0
Round 219 took 0.6772093772888184s, results:
{'t': 218, 'current_accuracy': 0.76953125, 'current_loss': 0.9372061192989349, 'train_loss': None, 'decision': 0, 'drift_rate': 0.0, 'target_domains': ['syn']}
0.0 []
Loss historical diff: 0.10999822616577148; Loss Difference: 0.0, Decision: 0
Round 220 took 0.6783580780029297s, results:
{'t': 219, 'current_accuracy': 0.76953125, 'current_loss': 0.9372061789035797, 'train_loss': None, 'decision': 0, 'drift_rate': 0.0, 'target_domains': ['syn']}
0.0 []
Loss historical diff: 0.1099981963634491; Loss Difference: 0.0, Decision: 0
Round 221 took 0.652463436126709s, results:
{'t': 220, 'current_accuracy': 0.76953125, 'current_loss': 0.9372061491012573, 'train_loss': None, 'decision': 0, 'drift_rate': 0.0, 'target_domains': ['syn']}
0.0 []
Loss historical diff: 0.1099981963634491; Loss Difference: 0.0, Decision: 0
Round 222 took 0.7123920917510986s, results:
{'t': 221, 'current_accuracy': 0.76953125, 'current_loss': 0.9372061491012573, 'train_loss': None, 'decision': 0, 'drift_rate': 0.0, 'target_domains': ['syn']}
0.0 []
Loss historical diff: 0.10999813675880432; Loss Difference: 0.0, Decision: 0
Round 223 took 0.6777818202972412s, results:
{'t': 222, 'current_accuracy': 0.76953125, 'current_loss': 0.9372060894966125, 'train_loss': None, 'decision': 0, 'drift_rate': 0.0, 'target_domains': ['syn']}
0.0 []
Loss historical diff: 0.1099981963634491; Loss Difference: 0.0, Decision: 0
Round 224 took 0.5883941650390625s, results:
{'t': 223, 'current_accuracy': 0.76953125, 'current_loss': 0.9372061491012573, 'train_loss': None, 'decision': 0, 'drift_rate': 0.0, 'target_domains': ['syn']}
0.0 []
Loss historical diff: 0.10999825596809387; Loss Difference: 0.0, Decision: 0
Round 225 took 0.6514372825622559s, results:
{'t': 224, 'current_accuracy': 0.76953125, 'current_loss': 0.9372062087059021, 'train_loss': None, 'decision': 0, 'drift_rate': 0.0, 'target_domains': ['syn']}
0.0 []
Loss historical diff: 0.1099981963634491; Loss Difference: 0.0, Decision: 0
Round 226 took 0.7062830924987793s, results:
{'t': 225, 'current_accuracy': 0.76953125, 'current_loss': 0.9372061491012573, 'train_loss': None, 'decision': 0, 'drift_rate': 0.0, 'target_domains': ['syn']}
0.0 []
Loss historical diff: 0.10999816656112671; Loss Difference: 0.0, Decision: 0
Round 227 took 0.6262826919555664s, results:
{'t': 226, 'current_accuracy': 0.76953125, 'current_loss': 0.9372061192989349, 'train_loss': None, 'decision': 0, 'drift_rate': 0.0, 'target_domains': ['syn']}
0.0 []
Loss historical diff: 0.10999816656112671; Loss Difference: 0.0, Decision: 0
Round 228 took 0.6712477207183838s, results:
{'t': 227, 'current_accuracy': 0.76953125, 'current_loss': 0.9372061192989349, 'train_loss': None, 'decision': 0, 'drift_rate': 0.0, 'target_domains': ['syn']}
0.0 []
Loss historical diff: 0.1099981963634491; Loss Difference: 0.0, Decision: 0
Round 229 took 0.7047035694122314s, results:
{'t': 228, 'current_accuracy': 0.76953125, 'current_loss': 0.9372061491012573, 'train_loss': None, 'decision': 0, 'drift_rate': 0.0, 'target_domains': ['syn']}
0.0 []
Loss historical diff: 0.10999825596809387; Loss Difference: 0.0, Decision: 0
Round 230 took 0.6671032905578613s, results:
{'t': 229, 'current_accuracy': 0.76953125, 'current_loss': 0.9372062087059021, 'train_loss': None, 'decision': 0, 'drift_rate': 0.0, 'target_domains': ['syn']}
0.0 []
Loss historical diff: 0.10999828577041626; Loss Difference: 0.0, Decision: 0
Round 231 took 0.6579153537750244s, results:
{'t': 230, 'current_accuracy': 0.76953125, 'current_loss': 0.9372062385082245, 'train_loss': None, 'decision': 0, 'drift_rate': 0.0, 'target_domains': ['syn']}
0.0 []
Loss historical diff: 0.1099981963634491; Loss Difference: 0.0, Decision: 0
Round 232 took 0.6438949108123779s, results:
{'t': 231, 'current_accuracy': 0.76953125, 'current_loss': 0.9372061491012573, 'train_loss': None, 'decision': 0, 'drift_rate': 0.0, 'target_domains': ['syn']}
0.0 []
Loss historical diff: 0.10999822616577148; Loss Difference: 0.0, Decision: 0
Round 233 took 0.701300859451294s, results:
{'t': 232, 'current_accuracy': 0.76953125, 'current_loss': 0.9372061789035797, 'train_loss': None, 'decision': 0, 'drift_rate': 0.0, 'target_domains': ['syn']}
0.0 []
Loss historical diff: 0.10999828577041626; Loss Difference: 0.0, Decision: 0
Round 234 took 0.6357016563415527s, results:
{'t': 233, 'current_accuracy': 0.76953125, 'current_loss': 0.9372062385082245, 'train_loss': None, 'decision': 0, 'drift_rate': 0.0, 'target_domains': ['syn']}
0.0 []
Loss historical diff: 0.1099981963634491; Loss Difference: 0.0, Decision: 0
Round 235 took 0.6004016399383545s, results:
{'t': 234, 'current_accuracy': 0.76953125, 'current_loss': 0.9372061491012573, 'train_loss': None, 'decision': 0, 'drift_rate': 0.0, 'target_domains': ['syn']}
0.0 []
Loss historical diff: 0.10999813675880432; Loss Difference: 0.0, Decision: 0
Round 236 took 0.7381644248962402s, results:
{'t': 235, 'current_accuracy': 0.76953125, 'current_loss': 0.9372060894966125, 'train_loss': None, 'decision': 0, 'drift_rate': 0.0, 'target_domains': ['syn']}
0.0 []
Loss historical diff: 0.10999813675880432; Loss Difference: 0.0, Decision: 0
Round 237 took 0.6170182228088379s, results:
{'t': 236, 'current_accuracy': 0.76953125, 'current_loss': 0.9372060894966125, 'train_loss': None, 'decision': 0, 'drift_rate': 0.0, 'target_domains': ['syn']}
0.0 []
Loss historical diff: 0.10999813675880432; Loss Difference: 0.0, Decision: 0
Round 238 took 0.7219419479370117s, results:
{'t': 237, 'current_accuracy': 0.76953125, 'current_loss': 0.9372060894966125, 'train_loss': None, 'decision': 0, 'drift_rate': 0.0, 'target_domains': ['syn']}
0.0 []
Loss historical diff: 0.10999822616577148; Loss Difference: 0.0, Decision: 0
Round 239 took 0.6833641529083252s, results:
{'t': 238, 'current_accuracy': 0.76953125, 'current_loss': 0.9372061789035797, 'train_loss': None, 'decision': 0, 'drift_rate': 0.0, 'target_domains': ['syn']}
0.0 []
Loss historical diff: 0.10999828577041626; Loss Difference: 0.0, Decision: 0
Round 240 took 0.7178559303283691s, results:
{'t': 239, 'current_accuracy': 0.76953125, 'current_loss': 0.9372062385082245, 'train_loss': None, 'decision': 0, 'drift_rate': 0.0, 'target_domains': ['syn']}
0.0 []
Loss historical diff: 0.10999822616577148; Loss Difference: 0.0, Decision: 0
Round 241 took 0.7230758666992188s, results:
{'t': 240, 'current_accuracy': 0.76953125, 'current_loss': 0.9372061789035797, 'train_loss': None, 'decision': 0, 'drift_rate': 0.0, 'target_domains': ['syn']}
0.0 []
Loss historical diff: 0.10999816656112671; Loss Difference: 0.0, Decision: 0
Round 242 took 0.6693856716156006s, results:
{'t': 241, 'current_accuracy': 0.76953125, 'current_loss': 0.9372061192989349, 'train_loss': None, 'decision': 0, 'drift_rate': 0.0, 'target_domains': ['syn']}
0.0 []
Loss historical diff: 0.10999825596809387; Loss Difference: 0.0, Decision: 0
Round 243 took 0.6838819980621338s, results:
{'t': 242, 'current_accuracy': 0.76953125, 'current_loss': 0.9372062087059021, 'train_loss': None, 'decision': 0, 'drift_rate': 0.0, 'target_domains': ['syn']}
0.0 []
Loss historical diff: 0.10999822616577148; Loss Difference: 0.0, Decision: 1
Average loss over 1 updates: 0.7623
Round 244 took 1.1410367488861084s, results:
{'t': 243, 'current_accuracy': 0.76953125, 'current_loss': 0.9372061789035797, 'train_loss': 0.7623472809791565, 'decision': 1, 'drift_rate': 0.0, 'target_domains': ['syn']}
0.0 []
Loss historical diff: 0.16773155331611633; Loss Difference: 0.0, Decision: 1
Average loss over 1 updates: 0.5541
Round 245 took 1.2126941680908203s, results:
{'t': 244, 'current_accuracy': 0.72265625, 'current_loss': 0.9949395060539246, 'train_loss': 0.5541463494300842, 'decision': 1, 'drift_rate': 0.0, 'target_domains': ['syn']}
0.0 []
Loss historical diff: 0.20234045386314392; Loss Difference: 0.0, Decision: 1
Average loss over 1 updates: 0.6307
Round 246 took 1.1802568435668945s, results:
{'t': 245, 'current_accuracy': 0.7265625, 'current_loss': 1.0295484066009521, 'train_loss': 0.6306833028793335, 'decision': 1, 'drift_rate': 0.0, 'target_domains': ['syn']}
0.0 []
Loss historical diff: 0.22092154622077942; Loss Difference: 0.0, Decision: 1
Average loss over 1 updates: 0.7320
Round 247 took 1.2539315223693848s, results:
{'t': 246, 'current_accuracy': 0.69921875, 'current_loss': 1.0481294989585876, 'train_loss': 0.7319720983505249, 'decision': 1, 'drift_rate': 0.0, 'target_domains': ['syn']}
0.0 []
Loss historical diff: 0.2093110978603363; Loss Difference: 0.0, Decision: 1
Average loss over 1 updates: 0.6266
Round 248 took 1.2242236137390137s, results:
{'t': 247, 'current_accuracy': 0.68359375, 'current_loss': 1.0365190505981445, 'train_loss': 0.6265964508056641, 'decision': 1, 'drift_rate': 0.0, 'target_domains': ['syn']}
0.0 []
Loss historical diff: 0.2777998149394989; Loss Difference: 0.0, Decision: 1
Average loss over 1 updates: 0.6453
Round 249 took 1.1344013214111328s, results:
{'t': 248, 'current_accuracy': 0.671875, 'current_loss': 1.1050077676773071, 'train_loss': 0.6452770233154297, 'decision': 1, 'drift_rate': 0.0, 'target_domains': ['syn']}
0.0 []
Loss historical diff: 0.21885791420936584; Loss Difference: 0.0, Decision: 1
Average loss over 1 updates: 0.5442
Round 250 took 1.0837905406951904s, results:
{'t': 249, 'current_accuracy': 0.6875, 'current_loss': 1.046065866947174, 'train_loss': 0.5441818833351135, 'decision': 1, 'drift_rate': 0.0, 'target_domains': ['syn']}
Average time per round: 0.7163308744430542
Total time: 179.08271861076355
