Using the latest cached version of the dataset since flwrlabs/pacs couldn't be found on the Hugging Face Hub
Found the latest cached dataset configuration 'default' at /home/apiasecz/.cache/huggingface/datasets/flwrlabs___pacs/default/0.0.0/394113073258ead631f617d2e13bb377c0715c4b (last modified on Wed Jan 29 16:59:35 2025).
Using the latest cached version of the dataset since flwrlabs/pacs couldn't be found on the Hugging Face Hub
Found the latest cached dataset configuration 'default' at /home/apiasecz/.cache/huggingface/datasets/flwrlabs___pacs/default/0.0.0/394113073258ead631f617d2e13bb377c0715c4b (last modified on Wed Jan 29 16:59:35 2025).
Using the latest cached version of the dataset since flwrlabs/pacs couldn't be found on the Hugging Face Hub
Found the latest cached dataset configuration 'default' at /home/apiasecz/.cache/huggingface/datasets/flwrlabs___pacs/default/0.0.0/394113073258ead631f617d2e13bb377c0715c4b (last modified on Wed Jan 29 16:59:35 2025).
Using the latest cached version of the dataset since flwrlabs/pacs couldn't be found on the Hugging Face Hub
Found the latest cached dataset configuration 'default' at /home/apiasecz/.cache/huggingface/datasets/flwrlabs___pacs/default/0.0.0/394113073258ead631f617d2e13bb377c0715c4b (last modified on Wed Jan 29 16:59:35 2025).
Using the latest cached version of the dataset since flwrlabs/pacs couldn't be found on the Hugging Face Hub
Found the latest cached dataset configuration 'default' at /home/apiasecz/.cache/huggingface/datasets/flwrlabs___pacs/default/0.0.0/394113073258ead631f617d2e13bb377c0715c4b (last modified on Wed Jan 29 16:59:35 2025).
Device: cuda
CUDA Version: 12.1
cuDNN Version: 8902
PyTorch Version: 2.3.0

Model used: PACSCNN_4
Initial dataset creation
Initial dataset creation
Initial loss: 0.9443321228027344
<__main__.Policy object at 0x14c0528c30b0>
0.9443321228027344
Loss historical diff: 0.0; Loss Difference: 0.0, Decision: 0
Round 1 took 0.4019913673400879s, results:
{'t': 0, 'current_accuracy': 0.7890625, 'current_loss': 0.6588378846645355, 'train_loss': None, 'decision': 0, 'drift_rate': 0.0, 'target_domains': ['cartoon']}
Loss historical diff: 0.0; Loss Difference: 0.0, Decision: 0
Round 2 took 0.3960001468658447s, results:
{'t': 1, 'current_accuracy': 0.7890625, 'current_loss': 0.6588376760482788, 'train_loss': None, 'decision': 0, 'drift_rate': 0.0, 'target_domains': ['cartoon']}
Loss historical diff: 0.0; Loss Difference: 0.0, Decision: 0
Round 3 took 0.3916606903076172s, results:
{'t': 2, 'current_accuracy': 0.7890625, 'current_loss': 0.658837616443634, 'train_loss': None, 'decision': 0, 'drift_rate': 0.0, 'target_domains': ['cartoon']}
Loss historical diff: 0.0; Loss Difference: 0.0, Decision: 0
Round 4 took 0.3892991542816162s, results:
{'t': 3, 'current_accuracy': 0.7890625, 'current_loss': 0.6588374674320221, 'train_loss': None, 'decision': 0, 'drift_rate': 0.0, 'target_domains': ['cartoon']}
Loss historical diff: 1.7881393432617188e-07; Loss Difference: 0.0, Decision: 0
Round 5 took 0.3908658027648926s, results:
{'t': 4, 'current_accuracy': 0.7890625, 'current_loss': 0.6588376462459564, 'train_loss': None, 'decision': 0, 'drift_rate': 0.0, 'target_domains': ['cartoon']}
Loss historical diff: 1.1920928955078125e-07; Loss Difference: 0.0, Decision: 0
Round 6 took 0.3907604217529297s, results:
{'t': 5, 'current_accuracy': 0.7890625, 'current_loss': 0.6588375866413116, 'train_loss': None, 'decision': 0, 'drift_rate': 0.0, 'target_domains': ['cartoon']}
Loss historical diff: 1.1920928955078125e-07; Loss Difference: 0.0, Decision: 0
Round 7 took 0.41751718521118164s, results:
{'t': 6, 'current_accuracy': 0.7890625, 'current_loss': 0.6588375866413116, 'train_loss': None, 'decision': 0, 'drift_rate': 0.0, 'target_domains': ['cartoon']}
Loss historical diff: 1.1920928955078125e-07; Loss Difference: 0.0, Decision: 0
Round 8 took 0.39054155349731445s, results:
{'t': 7, 'current_accuracy': 0.7890625, 'current_loss': 0.6588375866413116, 'train_loss': None, 'decision': 0, 'drift_rate': 0.0, 'target_domains': ['cartoon']}
Loss historical diff: 0.0; Loss Difference: 0.0, Decision: 0
Round 9 took 0.39136314392089844s, results:
{'t': 8, 'current_accuracy': 0.7890625, 'current_loss': 0.6588374376296997, 'train_loss': None, 'decision': 0, 'drift_rate': 0.0, 'target_domains': ['cartoon']}
Loss historical diff: 1.7881393432617188e-07; Loss Difference: 0.0, Decision: 0
Round 10 took 0.39206457138061523s, results:
{'t': 9, 'current_accuracy': 0.7890625, 'current_loss': 0.658837616443634, 'train_loss': None, 'decision': 0, 'drift_rate': 0.0, 'target_domains': ['cartoon']}
Loss historical diff: 1.4901161193847656e-07; Loss Difference: 0.0, Decision: 0
Round 11 took 0.39075493812561035s, results:
{'t': 10, 'current_accuracy': 0.7890625, 'current_loss': 0.6588375866413116, 'train_loss': None, 'decision': 0, 'drift_rate': 0.0, 'target_domains': ['cartoon']}
Loss historical diff: 0.0; Loss Difference: 0.0, Decision: 0
Round 12 took 0.3945190906524658s, results:
{'t': 11, 'current_accuracy': 0.7890625, 'current_loss': 0.6588373482227325, 'train_loss': None, 'decision': 0, 'drift_rate': 0.0, 'target_domains': ['cartoon']}
Loss historical diff: 2.086162567138672e-07; Loss Difference: 0.0, Decision: 0
Round 13 took 0.3912088871002197s, results:
{'t': 12, 'current_accuracy': 0.7890625, 'current_loss': 0.6588375568389893, 'train_loss': None, 'decision': 0, 'drift_rate': 0.0, 'target_domains': ['cartoon']}
Loss historical diff: 2.980232238769531e-07; Loss Difference: 0.0, Decision: 0
Round 14 took 0.39091992378234863s, results:
{'t': 13, 'current_accuracy': 0.7890625, 'current_loss': 0.6588376462459564, 'train_loss': None, 'decision': 0, 'drift_rate': 0.0, 'target_domains': ['cartoon']}
Loss historical diff: 1.7881393432617188e-07; Loss Difference: 0.0, Decision: 0
Round 15 took 0.3923358917236328s, results:
{'t': 14, 'current_accuracy': 0.7890625, 'current_loss': 0.6588375270366669, 'train_loss': None, 'decision': 0, 'drift_rate': 0.0, 'target_domains': ['cartoon']}
Loss historical diff: 2.980232238769531e-07; Loss Difference: 0.0, Decision: 0
Round 16 took 0.3926384449005127s, results:
{'t': 15, 'current_accuracy': 0.7890625, 'current_loss': 0.6588376462459564, 'train_loss': None, 'decision': 0, 'drift_rate': 0.0, 'target_domains': ['cartoon']}
Loss historical diff: 2.384185791015625e-07; Loss Difference: 0.0, Decision: 0
Round 17 took 0.39437198638916016s, results:
{'t': 16, 'current_accuracy': 0.7890625, 'current_loss': 0.6588375866413116, 'train_loss': None, 'decision': 0, 'drift_rate': 0.0, 'target_domains': ['cartoon']}
Loss historical diff: 2.682209014892578e-07; Loss Difference: 0.0, Decision: 0
Round 18 took 0.3915276527404785s, results:
{'t': 17, 'current_accuracy': 0.7890625, 'current_loss': 0.658837616443634, 'train_loss': None, 'decision': 0, 'drift_rate': 0.0, 'target_domains': ['cartoon']}
Loss historical diff: 2.384185791015625e-07; Loss Difference: 0.0, Decision: 0
Round 19 took 0.39194536209106445s, results:
{'t': 18, 'current_accuracy': 0.7890625, 'current_loss': 0.6588375866413116, 'train_loss': None, 'decision': 0, 'drift_rate': 0.0, 'target_domains': ['cartoon']}
Loss historical diff: 3.2782554626464844e-07; Loss Difference: 0.0, Decision: 0
Round 20 took 0.3911423683166504s, results:
{'t': 19, 'current_accuracy': 0.7890625, 'current_loss': 0.6588376760482788, 'train_loss': None, 'decision': 0, 'drift_rate': 0.0, 'target_domains': ['cartoon']}
Loss historical diff: 3.8743019104003906e-07; Loss Difference: 0.0, Decision: 0
Round 21 took 0.3905308246612549s, results:
{'t': 20, 'current_accuracy': 0.7890625, 'current_loss': 0.6588377356529236, 'train_loss': None, 'decision': 0, 'drift_rate': 0.0, 'target_domains': ['cartoon']}
Loss historical diff: 2.980232238769531e-07; Loss Difference: 0.0, Decision: 0
Round 22 took 0.3949265480041504s, results:
{'t': 21, 'current_accuracy': 0.7890625, 'current_loss': 0.6588376462459564, 'train_loss': None, 'decision': 0, 'drift_rate': 0.0, 'target_domains': ['cartoon']}
Loss historical diff: 2.682209014892578e-07; Loss Difference: 0.0, Decision: 0
Round 23 took 0.3919236660003662s, results:
{'t': 22, 'current_accuracy': 0.7890625, 'current_loss': 0.658837616443634, 'train_loss': None, 'decision': 0, 'drift_rate': 0.0, 'target_domains': ['cartoon']}
Loss historical diff: 2.682209014892578e-07; Loss Difference: 0.0, Decision: 0
Round 24 took 0.39136791229248047s, results:
{'t': 23, 'current_accuracy': 0.7890625, 'current_loss': 0.658837616443634, 'train_loss': None, 'decision': 0, 'drift_rate': 0.0, 'target_domains': ['cartoon']}
Loss historical diff: 2.682209014892578e-07; Loss Difference: 0.0, Decision: 0
Round 25 took 0.3917355537414551s, results:
{'t': 24, 'current_accuracy': 0.7890625, 'current_loss': 0.658837616443634, 'train_loss': None, 'decision': 0, 'drift_rate': 0.0, 'target_domains': ['cartoon']}
Loss historical diff: 2.980232238769531e-07; Loss Difference: 0.0, Decision: 0
Round 26 took 0.39316701889038086s, results:
{'t': 25, 'current_accuracy': 0.7890625, 'current_loss': 0.6588376462459564, 'train_loss': None, 'decision': 0, 'drift_rate': 0.0, 'target_domains': ['cartoon']}
Loss historical diff: 2.682209014892578e-07; Loss Difference: 0.0, Decision: 0
Round 27 took 0.3972768783569336s, results:
{'t': 26, 'current_accuracy': 0.7890625, 'current_loss': 0.658837616443634, 'train_loss': None, 'decision': 0, 'drift_rate': 0.0, 'target_domains': ['cartoon']}
Loss historical diff: 2.086162567138672e-07; Loss Difference: 0.0, Decision: 0
Round 28 took 0.3921067714691162s, results:
{'t': 27, 'current_accuracy': 0.7890625, 'current_loss': 0.6588375568389893, 'train_loss': None, 'decision': 0, 'drift_rate': 0.0, 'target_domains': ['cartoon']}
Loss historical diff: 2.384185791015625e-07; Loss Difference: 0.0, Decision: 0
Round 29 took 0.39105916023254395s, results:
{'t': 28, 'current_accuracy': 0.7890625, 'current_loss': 0.6588375866413116, 'train_loss': None, 'decision': 0, 'drift_rate': 0.0, 'target_domains': ['cartoon']}
Loss historical diff: 3.5762786865234375e-07; Loss Difference: 0.0, Decision: 0
Round 30 took 0.3923525810241699s, results:
{'t': 29, 'current_accuracy': 0.7890625, 'current_loss': 0.6588377058506012, 'train_loss': None, 'decision': 0, 'drift_rate': 0.0, 'target_domains': ['cartoon']}
Loss historical diff: 2.682209014892578e-07; Loss Difference: 0.0, Decision: 0
Round 31 took 0.3918755054473877s, results:
{'t': 30, 'current_accuracy': 0.7890625, 'current_loss': 0.658837616443634, 'train_loss': None, 'decision': 0, 'drift_rate': 0.0, 'target_domains': ['cartoon']}
Loss historical diff: 1.7881393432617188e-07; Loss Difference: 0.0, Decision: 0
Round 32 took 0.39239048957824707s, results:
{'t': 31, 'current_accuracy': 0.7890625, 'current_loss': 0.6588375270366669, 'train_loss': None, 'decision': 0, 'drift_rate': 0.0, 'target_domains': ['cartoon']}
Loss historical diff: 3.2782554626464844e-07; Loss Difference: 0.0, Decision: 0
Round 33 took 0.39206790924072266s, results:
{'t': 32, 'current_accuracy': 0.7890625, 'current_loss': 0.6588376760482788, 'train_loss': None, 'decision': 0, 'drift_rate': 0.0, 'target_domains': ['cartoon']}
Loss historical diff: 2.682209014892578e-07; Loss Difference: 0.0, Decision: 0
Round 34 took 0.39545392990112305s, results:
{'t': 33, 'current_accuracy': 0.7890625, 'current_loss': 0.658837616443634, 'train_loss': None, 'decision': 0, 'drift_rate': 0.0, 'target_domains': ['cartoon']}
Loss historical diff: 2.682209014892578e-07; Loss Difference: 0.0, Decision: 0
Round 35 took 0.3919665813446045s, results:
{'t': 34, 'current_accuracy': 0.7890625, 'current_loss': 0.658837616443634, 'train_loss': None, 'decision': 0, 'drift_rate': 0.0, 'target_domains': ['cartoon']}
Loss historical diff: 2.980232238769531e-07; Loss Difference: 0.0, Decision: 0
Round 36 took 0.39327168464660645s, results:
{'t': 35, 'current_accuracy': 0.7890625, 'current_loss': 0.6588376462459564, 'train_loss': None, 'decision': 0, 'drift_rate': 0.0, 'target_domains': ['cartoon']}
Loss historical diff: 3.2782554626464844e-07; Loss Difference: 0.0, Decision: 0
Round 37 took 0.3918430805206299s, results:
{'t': 36, 'current_accuracy': 0.7890625, 'current_loss': 0.6588376760482788, 'train_loss': None, 'decision': 0, 'drift_rate': 0.0, 'target_domains': ['cartoon']}
Loss historical diff: 2.682209014892578e-07; Loss Difference: 0.0, Decision: 0
Round 38 took 0.3912086486816406s, results:
{'t': 37, 'current_accuracy': 0.7890625, 'current_loss': 0.658837616443634, 'train_loss': None, 'decision': 0, 'drift_rate': 0.0, 'target_domains': ['cartoon']}
Loss historical diff: 2.980232238769531e-07; Loss Difference: 0.0, Decision: 0
Round 39 took 0.3928792476654053s, results:
{'t': 38, 'current_accuracy': 0.7890625, 'current_loss': 0.6588376462459564, 'train_loss': None, 'decision': 0, 'drift_rate': 0.0, 'target_domains': ['cartoon']}
Loss historical diff: 2.384185791015625e-07; Loss Difference: 0.0, Decision: 0
Round 40 took 0.3975226879119873s, results:
{'t': 39, 'current_accuracy': 0.7890625, 'current_loss': 0.6588375866413116, 'train_loss': None, 'decision': 0, 'drift_rate': 0.0, 'target_domains': ['cartoon']}
Loss historical diff: 2.384185791015625e-07; Loss Difference: 0.0, Decision: 0
Round 41 took 0.39170360565185547s, results:
{'t': 40, 'current_accuracy': 0.7890625, 'current_loss': 0.6588375866413116, 'train_loss': None, 'decision': 0, 'drift_rate': 0.0, 'target_domains': ['cartoon']}
Loss historical diff: 2.086162567138672e-07; Loss Difference: 0.0, Decision: 0
Round 42 took 0.39336061477661133s, results:
{'t': 41, 'current_accuracy': 0.7890625, 'current_loss': 0.6588375568389893, 'train_loss': None, 'decision': 0, 'drift_rate': 0.0, 'target_domains': ['cartoon']}
Loss historical diff: 2.682209014892578e-07; Loss Difference: 0.0, Decision: 0
Round 43 took 0.39216041564941406s, results:
{'t': 42, 'current_accuracy': 0.7890625, 'current_loss': 0.658837616443634, 'train_loss': None, 'decision': 0, 'drift_rate': 0.0, 'target_domains': ['cartoon']}
Loss historical diff: 2.384185791015625e-07; Loss Difference: 0.0, Decision: 0
Round 44 took 0.392439603805542s, results:
{'t': 43, 'current_accuracy': 0.7890625, 'current_loss': 0.6588375866413116, 'train_loss': None, 'decision': 0, 'drift_rate': 0.0, 'target_domains': ['cartoon']}
Loss historical diff: 1.1920928955078125e-07; Loss Difference: 0.0, Decision: 0
Round 45 took 0.39250802993774414s, results:
{'t': 44, 'current_accuracy': 0.7890625, 'current_loss': 0.6588374674320221, 'train_loss': None, 'decision': 0, 'drift_rate': 0.0, 'target_domains': ['cartoon']}
Loss historical diff: 2.980232238769531e-07; Loss Difference: 0.0, Decision: 0
Round 46 took 0.39648008346557617s, results:
{'t': 45, 'current_accuracy': 0.7890625, 'current_loss': 0.6588376462459564, 'train_loss': None, 'decision': 0, 'drift_rate': 0.0, 'target_domains': ['cartoon']}
Loss historical diff: 2.682209014892578e-07; Loss Difference: 0.0, Decision: 0
Round 47 took 0.39427614212036133s, results:
{'t': 46, 'current_accuracy': 0.7890625, 'current_loss': 0.658837616443634, 'train_loss': None, 'decision': 0, 'drift_rate': 0.0, 'target_domains': ['cartoon']}
Loss historical diff: 1.7881393432617188e-07; Loss Difference: 0.0, Decision: 0
Round 48 took 0.39275455474853516s, results:
{'t': 47, 'current_accuracy': 0.7890625, 'current_loss': 0.6588375270366669, 'train_loss': None, 'decision': 0, 'drift_rate': 0.0, 'target_domains': ['cartoon']}
Loss historical diff: 8.642673492431641e-07; Loss Difference: 0.0, Decision: 0
Round 49 took 0.39423155784606934s, results:
{'t': 48, 'current_accuracy': 0.7890625, 'current_loss': 0.6588382124900818, 'train_loss': None, 'decision': 0, 'drift_rate': 0.0, 'target_domains': ['cartoon']}
Loss historical diff: 3.2782554626464844e-07; Loss Difference: 0.0, Decision: 0
Round 50 took 0.39299464225769043s, results:
{'t': 49, 'current_accuracy': 0.7890625, 'current_loss': 0.6588376760482788, 'train_loss': None, 'decision': 0, 'drift_rate': 0.0, 'target_domains': ['cartoon']}
Loss historical diff: 0.019809961318969727; Loss Difference: 0.0, Decision: 0
Round 51 took 0.3942985534667969s, results:
{'t': 50, 'current_accuracy': 0.77734375, 'current_loss': 0.6786473095417023, 'train_loss': None, 'decision': 0, 'drift_rate': 0.032, 'target_domains': ['photo']}
Loss historical diff: 0.08630692958831787; Loss Difference: 0.0, Decision: 1
Average loss over 5 updates: 0.7663
Round 52 took 1.3742554187774658s, results:
{'t': 51, 'current_accuracy': 0.765625, 'current_loss': 0.7451442778110504, 'train_loss': 0.7662991523742676, 'decision': 1, 'drift_rate': 0.032, 'target_domains': ['photo']}
Loss historical diff: 0.0; Loss Difference: 0.0, Decision: 0
Round 53 took 0.3956584930419922s, results:
{'t': 52, 'current_accuracy': 0.82421875, 'current_loss': 0.56064772605896, 'train_loss': None, 'decision': 0, 'drift_rate': 0.032, 'target_domains': ['photo']}
Loss historical diff: 0.042427003383636475; Loss Difference: 0.0, Decision: 0
Round 54 took 0.3950502872467041s, results:
{'t': 53, 'current_accuracy': 0.80859375, 'current_loss': 0.6030747294425964, 'train_loss': None, 'decision': 0, 'drift_rate': 0.032, 'target_domains': ['photo']}
Loss historical diff: 0.07769915461540222; Loss Difference: 0.0, Decision: 0
Round 55 took 0.39435267448425293s, results:
{'t': 54, 'current_accuracy': 0.796875, 'current_loss': 0.6383468806743622, 'train_loss': None, 'decision': 0, 'drift_rate': 0.032, 'target_domains': ['photo']}
Loss historical diff: 0.12161141633987427; Loss Difference: 0.0, Decision: 0
Round 56 took 0.3947780132293701s, results:
{'t': 55, 'current_accuracy': 0.78125, 'current_loss': 0.6822591423988342, 'train_loss': None, 'decision': 0, 'drift_rate': 0.032, 'target_domains': ['photo']}
Loss historical diff: 0.16467976570129395; Loss Difference: 0.0, Decision: 1
Average loss over 5 updates: 0.9323
Round 57 took 1.270972490310669s, results:
{'t': 56, 'current_accuracy': 0.76171875, 'current_loss': 0.7253274917602539, 'train_loss': 0.9323246359825135, 'decision': 1, 'drift_rate': 0.032, 'target_domains': ['photo']}
Loss historical diff: 0.5038378238677979; Loss Difference: 0.0, Decision: 1
Average loss over 5 updates: 0.8505
Round 58 took 1.2569639682769775s, results:
{'t': 57, 'current_accuracy': 0.61328125, 'current_loss': 1.0644855499267578, 'train_loss': 0.8504639029502868, 'decision': 1, 'drift_rate': 0.032, 'target_domains': ['photo']}
Loss historical diff: 0.3326917588710785; Loss Difference: 0.0, Decision: 1
Average loss over 5 updates: 0.8242
Round 59 took 1.2628815174102783s, results:
{'t': 58, 'current_accuracy': 0.6875, 'current_loss': 0.8933394849300385, 'train_loss': 0.8241949081420898, 'decision': 1, 'drift_rate': 0.032, 'target_domains': ['photo']}
Loss historical diff: 0.2928787171840668; Loss Difference: 0.0, Decision: 1
Average loss over 5 updates: 0.8005
Round 60 took 1.2546494007110596s, results:
{'t': 59, 'current_accuracy': 0.703125, 'current_loss': 0.8535264432430267, 'train_loss': 0.8004752278327942, 'decision': 1, 'drift_rate': 0.032, 'target_domains': ['photo']}
Loss historical diff: 0.16162455081939697; Loss Difference: 0.0, Decision: 0
Round 61 took 0.39890456199645996s, results:
{'t': 60, 'current_accuracy': 0.78125, 'current_loss': 0.7222722768783569, 'train_loss': None, 'decision': 0, 'drift_rate': 0.032, 'target_domains': ['photo']}
Loss historical diff: 0.187890887260437; Loss Difference: 0.0, Decision: 0
Round 62 took 0.3946046829223633s, results:
{'t': 61, 'current_accuracy': 0.7734375, 'current_loss': 0.748538613319397, 'train_loss': None, 'decision': 0, 'drift_rate': 0.032, 'target_domains': ['photo']}
Loss historical diff: 0.18168732523918152; Loss Difference: 0.0, Decision: 0
Round 63 took 0.39452552795410156s, results:
{'t': 62, 'current_accuracy': 0.77734375, 'current_loss': 0.7423350512981415, 'train_loss': None, 'decision': 0, 'drift_rate': 0.032, 'target_domains': ['photo']}
Loss historical diff: 0.19211837649345398; Loss Difference: 0.0, Decision: 0
Round 64 took 0.39496684074401855s, results:
{'t': 63, 'current_accuracy': 0.7734375, 'current_loss': 0.7527661025524139, 'train_loss': None, 'decision': 0, 'drift_rate': 0.032, 'target_domains': ['photo']}
Loss historical diff: 0.22679314017295837; Loss Difference: 0.0, Decision: 0
Round 65 took 0.3943209648132324s, results:
{'t': 64, 'current_accuracy': 0.76171875, 'current_loss': 0.7874408662319183, 'train_loss': None, 'decision': 0, 'drift_rate': 0.032, 'target_domains': ['photo']}
Loss historical diff: 0.24236196279525757; Loss Difference: 0.0, Decision: 0
Round 66 took 0.39518165588378906s, results:
{'t': 65, 'current_accuracy': 0.76171875, 'current_loss': 0.8030096888542175, 'train_loss': None, 'decision': 0, 'drift_rate': 0.032, 'target_domains': ['photo']}
Loss historical diff: 0.26147133111953735; Loss Difference: 0.0, Decision: 0
Round 67 took 0.39655137062072754s, results:
{'t': 66, 'current_accuracy': 0.75390625, 'current_loss': 0.8221190571784973, 'train_loss': None, 'decision': 0, 'drift_rate': 0.032, 'target_domains': ['photo']}
Loss historical diff: 0.2866109609603882; Loss Difference: 0.0, Decision: 0
Round 68 took 0.39469289779663086s, results:
{'t': 67, 'current_accuracy': 0.74609375, 'current_loss': 0.8472586870193481, 'train_loss': None, 'decision': 0, 'drift_rate': 0.032, 'target_domains': ['photo']}
Loss historical diff: 0.3192356526851654; Loss Difference: 0.0, Decision: 0
Round 69 took 0.3937804698944092s, results:
{'t': 68, 'current_accuracy': 0.734375, 'current_loss': 0.8798833787441254, 'train_loss': None, 'decision': 0, 'drift_rate': 0.032, 'target_domains': ['photo']}
Loss historical diff: 0.3462308645248413; Loss Difference: 0.0, Decision: 0
Round 70 took 0.39575791358947754s, results:
{'t': 69, 'current_accuracy': 0.7265625, 'current_loss': 0.9068785905838013, 'train_loss': None, 'decision': 0, 'drift_rate': 0.032, 'target_domains': ['photo']}
Loss historical diff: 0.37619978189468384; Loss Difference: 0.0, Decision: 0
Round 71 took 0.39435505867004395s, results:
{'t': 70, 'current_accuracy': 0.71484375, 'current_loss': 0.9368475079536438, 'train_loss': None, 'decision': 0, 'drift_rate': 0.032, 'target_domains': ['photo']}
Loss historical diff: 0.4304371774196625; Loss Difference: 0.0, Decision: 1
Average loss over 5 updates: 1.1425
Round 72 took 1.2724990844726562s, results:
{'t': 71, 'current_accuracy': 0.69140625, 'current_loss': 0.9910849034786224, 'train_loss': 1.1425256609916687, 'decision': 1, 'drift_rate': 0.032, 'target_domains': ['photo']}
Loss historical diff: 1.4185617566108704; Loss Difference: 0.0, Decision: 0
Round 73 took 0.3954024314880371s, results:
{'t': 72, 'current_accuracy': 0.51953125, 'current_loss': 1.9792094826698303, 'train_loss': None, 'decision': 0, 'drift_rate': 0.032, 'target_domains': ['photo']}
Loss historical diff: 1.4403532147407532; Loss Difference: 0.0, Decision: 0
Round 74 took 0.39330577850341797s, results:
{'t': 73, 'current_accuracy': 0.51171875, 'current_loss': 2.001000940799713, 'train_loss': None, 'decision': 0, 'drift_rate': 0.032, 'target_domains': ['photo']}
Loss historical diff: 1.4126798510551453; Loss Difference: 0.0, Decision: 0
Round 75 took 0.394000768661499s, results:
{'t': 74, 'current_accuracy': 0.52734375, 'current_loss': 1.9733275771141052, 'train_loss': None, 'decision': 0, 'drift_rate': 0.032, 'target_domains': ['photo']}
Loss historical diff: 1.373500406742096; Loss Difference: 0.0, Decision: 0
Round 76 took 0.39499735832214355s, results:
{'t': 75, 'current_accuracy': 0.53515625, 'current_loss': 1.934148132801056, 'train_loss': None, 'decision': 0, 'drift_rate': 0.032, 'target_domains': ['photo']}
Loss historical diff: 1.3413602113723755; Loss Difference: 0.0, Decision: 0
Round 77 took 0.39382505416870117s, results:
{'t': 76, 'current_accuracy': 0.52734375, 'current_loss': 1.9020079374313354, 'train_loss': None, 'decision': 0, 'drift_rate': 0.032, 'target_domains': ['photo']}
Loss historical diff: 1.393287479877472; Loss Difference: 0.0, Decision: 0
Round 78 took 0.40956878662109375s, results:
{'t': 77, 'current_accuracy': 0.5234375, 'current_loss': 1.9539352059364319, 'train_loss': None, 'decision': 0, 'drift_rate': 0.032, 'target_domains': ['photo']}
Loss historical diff: 1.3495347499847412; Loss Difference: 0.0, Decision: 0
Round 79 took 0.39180541038513184s, results:
{'t': 78, 'current_accuracy': 0.53125, 'current_loss': 1.9101824760437012, 'train_loss': None, 'decision': 0, 'drift_rate': 0.032, 'target_domains': ['photo']}
Loss historical diff: 1.3598477244377136; Loss Difference: 0.0, Decision: 0
Round 80 took 0.3937501907348633s, results:
{'t': 79, 'current_accuracy': 0.51953125, 'current_loss': 1.9204954504966736, 'train_loss': None, 'decision': 0, 'drift_rate': 0.032, 'target_domains': ['photo']}
Loss historical diff: 1.3598478436470032; Loss Difference: 0.0, Decision: 0
Round 81 took 0.39216065406799316s, results:
{'t': 80, 'current_accuracy': 0.51953125, 'current_loss': 1.9204955697059631, 'train_loss': None, 'decision': 0, 'drift_rate': 0.0, 'target_domains': ['photo']}
Loss historical diff: 1.359848141670227; Loss Difference: 0.0, Decision: 0
Round 82 took 0.3928649425506592s, results:
{'t': 81, 'current_accuracy': 0.51953125, 'current_loss': 1.920495867729187, 'train_loss': None, 'decision': 0, 'drift_rate': 0.0, 'target_domains': ['photo']}
Loss historical diff: 1.3598480820655823; Loss Difference: 0.0, Decision: 0
Round 83 took 0.39180898666381836s, results:
{'t': 82, 'current_accuracy': 0.51953125, 'current_loss': 1.9204958081245422, 'train_loss': None, 'decision': 0, 'drift_rate': 0.0, 'target_domains': ['photo']}
Loss historical diff: 1.359847903251648; Loss Difference: 0.0, Decision: 0
Round 84 took 0.39936375617980957s, results:
{'t': 83, 'current_accuracy': 0.51953125, 'current_loss': 1.920495629310608, 'train_loss': None, 'decision': 0, 'drift_rate': 0.0, 'target_domains': ['photo']}
Loss historical diff: 1.359847903251648; Loss Difference: 0.0, Decision: 0
Round 85 took 0.39359021186828613s, results:
{'t': 84, 'current_accuracy': 0.51953125, 'current_loss': 1.920495629310608, 'train_loss': None, 'decision': 0, 'drift_rate': 0.0, 'target_domains': ['photo']}
Loss historical diff: 1.3598477840423584; Loss Difference: 0.0, Decision: 0
Round 86 took 0.394439697265625s, results:
{'t': 85, 'current_accuracy': 0.51953125, 'current_loss': 1.9204955101013184, 'train_loss': None, 'decision': 0, 'drift_rate': 0.0, 'target_domains': ['photo']}
Loss historical diff: 1.359848141670227; Loss Difference: 0.0, Decision: 0
Round 87 took 0.3931858539581299s, results:
{'t': 86, 'current_accuracy': 0.51953125, 'current_loss': 1.920495867729187, 'train_loss': None, 'decision': 0, 'drift_rate': 0.0, 'target_domains': ['photo']}
Loss historical diff: 1.3598487377166748; Loss Difference: 0.0, Decision: 0
Round 88 took 0.3928952217102051s, results:
{'t': 87, 'current_accuracy': 0.51953125, 'current_loss': 1.9204964637756348, 'train_loss': None, 'decision': 0, 'drift_rate': 0.0, 'target_domains': ['photo']}
Loss historical diff: 1.359847903251648; Loss Difference: 0.0, Decision: 0
Round 89 took 0.39259767532348633s, results:
{'t': 88, 'current_accuracy': 0.51953125, 'current_loss': 1.920495629310608, 'train_loss': None, 'decision': 0, 'drift_rate': 0.0, 'target_domains': ['photo']}
Loss historical diff: 1.3598477840423584; Loss Difference: 0.0, Decision: 0
Round 90 took 0.39325499534606934s, results:
{'t': 89, 'current_accuracy': 0.51953125, 'current_loss': 1.9204955101013184, 'train_loss': None, 'decision': 0, 'drift_rate': 0.0, 'target_domains': ['photo']}
Loss historical diff: 1.359847903251648; Loss Difference: 0.0, Decision: 0
Round 91 took 0.39093971252441406s, results:
{'t': 90, 'current_accuracy': 0.51953125, 'current_loss': 1.920495629310608, 'train_loss': None, 'decision': 0, 'drift_rate': 0.0, 'target_domains': ['photo']}
Loss historical diff: 1.359848141670227; Loss Difference: 0.0, Decision: 0
Round 92 took 0.3924546241760254s, results:
{'t': 91, 'current_accuracy': 0.51953125, 'current_loss': 1.920495867729187, 'train_loss': None, 'decision': 0, 'drift_rate': 0.0, 'target_domains': ['photo']}
Loss historical diff: 1.3598480224609375; Loss Difference: 0.0, Decision: 0
Round 93 took 0.39351391792297363s, results:
{'t': 92, 'current_accuracy': 0.51953125, 'current_loss': 1.9204957485198975, 'train_loss': None, 'decision': 0, 'drift_rate': 0.0, 'target_domains': ['photo']}
Loss historical diff: 1.3598480224609375; Loss Difference: 0.0, Decision: 0
Round 94 took 0.39310765266418457s, results:
{'t': 93, 'current_accuracy': 0.51953125, 'current_loss': 1.9204957485198975, 'train_loss': None, 'decision': 0, 'drift_rate': 0.0, 'target_domains': ['photo']}
Loss historical diff: 1.3598477840423584; Loss Difference: 0.0, Decision: 0
Round 95 took 0.39334630966186523s, results:
{'t': 94, 'current_accuracy': 0.51953125, 'current_loss': 1.9204955101013184, 'train_loss': None, 'decision': 0, 'drift_rate': 0.0, 'target_domains': ['photo']}
Loss historical diff: 1.3598478436470032; Loss Difference: 0.0, Decision: 0
Round 96 took 0.39571380615234375s, results:
{'t': 95, 'current_accuracy': 0.51953125, 'current_loss': 1.9204955697059631, 'train_loss': None, 'decision': 0, 'drift_rate': 0.0, 'target_domains': ['photo']}
Loss historical diff: 1.3598482012748718; Loss Difference: 0.0, Decision: 0
Round 97 took 0.39350414276123047s, results:
{'t': 96, 'current_accuracy': 0.51953125, 'current_loss': 1.9204959273338318, 'train_loss': None, 'decision': 0, 'drift_rate': 0.0, 'target_domains': ['photo']}
Loss historical diff: 1.359847903251648; Loss Difference: 0.0, Decision: 0
Round 98 took 0.3931915760040283s, results:
{'t': 97, 'current_accuracy': 0.51953125, 'current_loss': 1.920495629310608, 'train_loss': None, 'decision': 0, 'drift_rate': 0.0, 'target_domains': ['photo']}
Loss historical diff: 1.3598479628562927; Loss Difference: 0.0, Decision: 0
Round 99 took 0.39284372329711914s, results:
{'t': 98, 'current_accuracy': 0.51953125, 'current_loss': 1.9204956889152527, 'train_loss': None, 'decision': 0, 'drift_rate': 0.0, 'target_domains': ['photo']}
Loss historical diff: 1.3598483204841614; Loss Difference: 0.0, Decision: 0
Round 100 took 0.3921325206756592s, results:
{'t': 99, 'current_accuracy': 0.51953125, 'current_loss': 1.9204960465431213, 'train_loss': None, 'decision': 0, 'drift_rate': 0.0, 'target_domains': ['photo']}
Loss historical diff: 1.3598477840423584; Loss Difference: 0.0, Decision: 0
Round 101 took 0.3921830654144287s, results:
{'t': 100, 'current_accuracy': 0.51953125, 'current_loss': 1.9204955101013184, 'train_loss': None, 'decision': 0, 'drift_rate': 0.0, 'target_domains': ['photo']}
Loss historical diff: 1.3598478436470032; Loss Difference: 0.0, Decision: 0
Round 102 took 0.39258313179016113s, results:
{'t': 101, 'current_accuracy': 0.51953125, 'current_loss': 1.9204955697059631, 'train_loss': None, 'decision': 0, 'drift_rate': 0.0, 'target_domains': ['photo']}
Loss historical diff: 1.3598479628562927; Loss Difference: 0.0, Decision: 0
Round 103 took 0.3925950527191162s, results:
{'t': 102, 'current_accuracy': 0.51953125, 'current_loss': 1.9204956889152527, 'train_loss': None, 'decision': 0, 'drift_rate': 0.0, 'target_domains': ['photo']}
Loss historical diff: 1.359848141670227; Loss Difference: 0.0, Decision: 0
Round 104 took 0.3932309150695801s, results:
{'t': 103, 'current_accuracy': 0.51953125, 'current_loss': 1.920495867729187, 'train_loss': None, 'decision': 0, 'drift_rate': 0.0, 'target_domains': ['photo']}
Loss historical diff: 1.3598479628562927; Loss Difference: 0.0, Decision: 0
Round 105 took 0.3926429748535156s, results:
{'t': 104, 'current_accuracy': 0.51953125, 'current_loss': 1.9204956889152527, 'train_loss': None, 'decision': 0, 'drift_rate': 0.0, 'target_domains': ['photo']}
Loss historical diff: 1.3598480224609375; Loss Difference: 0.0, Decision: 0
Round 106 took 0.39264893531799316s, results:
{'t': 105, 'current_accuracy': 0.51953125, 'current_loss': 1.9204957485198975, 'train_loss': None, 'decision': 0, 'drift_rate': 0.0, 'target_domains': ['photo']}
Loss historical diff: 1.359847903251648; Loss Difference: 0.0, Decision: 0
Round 107 took 0.3921971321105957s, results:
{'t': 106, 'current_accuracy': 0.51953125, 'current_loss': 1.920495629310608, 'train_loss': None, 'decision': 0, 'drift_rate': 0.0, 'target_domains': ['photo']}
Loss historical diff: 1.3598483204841614; Loss Difference: 0.0, Decision: 0
Round 108 took 0.39178895950317383s, results:
{'t': 107, 'current_accuracy': 0.51953125, 'current_loss': 1.9204960465431213, 'train_loss': None, 'decision': 0, 'drift_rate': 0.0, 'target_domains': ['photo']}
Loss historical diff: 1.3598480224609375; Loss Difference: 0.0, Decision: 0
Round 109 took 0.39312005043029785s, results:
{'t': 108, 'current_accuracy': 0.51953125, 'current_loss': 1.9204957485198975, 'train_loss': None, 'decision': 0, 'drift_rate': 0.0, 'target_domains': ['photo']}
Loss historical diff: 1.3598485589027405; Loss Difference: 0.0, Decision: 0
Round 110 took 0.3954308032989502s, results:
{'t': 109, 'current_accuracy': 0.51953125, 'current_loss': 1.9204962849617004, 'train_loss': None, 'decision': 0, 'drift_rate': 0.0, 'target_domains': ['photo']}
Loss historical diff: 1.3598480820655823; Loss Difference: 0.0, Decision: 0
Round 111 took 0.39430737495422363s, results:
{'t': 110, 'current_accuracy': 0.51953125, 'current_loss': 1.9204958081245422, 'train_loss': None, 'decision': 0, 'drift_rate': 0.0, 'target_domains': ['photo']}
Loss historical diff: 1.359848141670227; Loss Difference: 0.0, Decision: 0
Round 112 took 0.3932640552520752s, results:
{'t': 111, 'current_accuracy': 0.51953125, 'current_loss': 1.920495867729187, 'train_loss': None, 'decision': 0, 'drift_rate': 0.0, 'target_domains': ['photo']}
Loss historical diff: 1.3598480820655823; Loss Difference: 0.0, Decision: 0
Round 113 took 0.39316368103027344s, results:
{'t': 112, 'current_accuracy': 0.51953125, 'current_loss': 1.9204958081245422, 'train_loss': None, 'decision': 0, 'drift_rate': 0.0, 'target_domains': ['photo']}
Loss historical diff: 1.3598480224609375; Loss Difference: 0.0, Decision: 0
Round 114 took 0.3939933776855469s, results:
{'t': 113, 'current_accuracy': 0.51953125, 'current_loss': 1.9204957485198975, 'train_loss': None, 'decision': 0, 'drift_rate': 0.0, 'target_domains': ['photo']}
Loss historical diff: 1.3598479628562927; Loss Difference: 0.0, Decision: 0
Round 115 took 0.3934769630432129s, results:
{'t': 114, 'current_accuracy': 0.51953125, 'current_loss': 1.9204956889152527, 'train_loss': None, 'decision': 0, 'drift_rate': 0.0, 'target_domains': ['photo']}
Loss historical diff: 1.3598478436470032; Loss Difference: 0.0, Decision: 0
Round 116 took 0.393740177154541s, results:
{'t': 115, 'current_accuracy': 0.51953125, 'current_loss': 1.9204955697059631, 'train_loss': None, 'decision': 0, 'drift_rate': 0.0, 'target_domains': ['photo']}
Loss historical diff: 1.3598477840423584; Loss Difference: 0.0, Decision: 0
Round 117 took 0.3908250331878662s, results:
{'t': 116, 'current_accuracy': 0.51953125, 'current_loss': 1.9204955101013184, 'train_loss': None, 'decision': 0, 'drift_rate': 0.0, 'target_domains': ['photo']}
Loss historical diff: 1.359847903251648; Loss Difference: 0.0, Decision: 0
Round 118 took 0.39472436904907227s, results:
{'t': 117, 'current_accuracy': 0.51953125, 'current_loss': 1.920495629310608, 'train_loss': None, 'decision': 0, 'drift_rate': 0.0, 'target_domains': ['photo']}
Loss historical diff: 1.3598483204841614; Loss Difference: 0.0, Decision: 0
Round 119 took 0.39411187171936035s, results:
{'t': 118, 'current_accuracy': 0.51953125, 'current_loss': 1.9204960465431213, 'train_loss': None, 'decision': 0, 'drift_rate': 0.0, 'target_domains': ['photo']}
Loss historical diff: 1.3598479628562927; Loss Difference: 0.0, Decision: 0
Round 120 took 0.3923344612121582s, results:
{'t': 119, 'current_accuracy': 0.51953125, 'current_loss': 1.9204956889152527, 'train_loss': None, 'decision': 0, 'drift_rate': 0.0, 'target_domains': ['photo']}
Loss historical diff: 1.3799909353256226; Loss Difference: 0.0, Decision: 0
Round 121 took 0.3984410762786865s, results:
{'t': 120, 'current_accuracy': 0.5078125, 'current_loss': 1.9406386613845825, 'train_loss': None, 'decision': 0, 'drift_rate': 0.032, 'target_domains': ['cartoon']}
Loss historical diff: 1.3349326252937317; Loss Difference: 0.0, Decision: 0
Round 122 took 0.39269351959228516s, results:
{'t': 121, 'current_accuracy': 0.51953125, 'current_loss': 1.8955803513526917, 'train_loss': None, 'decision': 0, 'drift_rate': 0.032, 'target_domains': ['cartoon']}
Loss historical diff: 1.3556655049324036; Loss Difference: 0.0, Decision: 0
Round 123 took 0.39116644859313965s, results:
{'t': 122, 'current_accuracy': 0.51171875, 'current_loss': 1.9163132309913635, 'train_loss': None, 'decision': 0, 'drift_rate': 0.032, 'target_domains': ['cartoon']}
Loss historical diff: 1.3875572085380554; Loss Difference: 0.0, Decision: 0
Round 124 took 0.3919548988342285s, results:
{'t': 123, 'current_accuracy': 0.50390625, 'current_loss': 1.9482049345970154, 'train_loss': None, 'decision': 0, 'drift_rate': 0.032, 'target_domains': ['cartoon']}
Loss historical diff: 1.3436105251312256; Loss Difference: 0.0, Decision: 0
Round 125 took 0.39002275466918945s, results:
{'t': 124, 'current_accuracy': 0.5078125, 'current_loss': 1.9042582511901855, 'train_loss': None, 'decision': 0, 'drift_rate': 0.032, 'target_domains': ['cartoon']}
Loss historical diff: 1.373007893562317; Loss Difference: 0.0, Decision: 0
Round 126 took 0.39221954345703125s, results:
{'t': 125, 'current_accuracy': 0.5078125, 'current_loss': 1.9336556196212769, 'train_loss': None, 'decision': 0, 'drift_rate': 0.032, 'target_domains': ['cartoon']}
Loss historical diff: 1.4175452589988708; Loss Difference: 0.0, Decision: 0
Round 127 took 0.39223647117614746s, results:
{'t': 126, 'current_accuracy': 0.5, 'current_loss': 1.9781929850578308, 'train_loss': None, 'decision': 0, 'drift_rate': 0.032, 'target_domains': ['cartoon']}
Loss historical diff: 1.4245298504829407; Loss Difference: 0.0, Decision: 0
Round 128 took 0.39098024368286133s, results:
{'t': 127, 'current_accuracy': 0.5, 'current_loss': 1.9851775765419006, 'train_loss': None, 'decision': 0, 'drift_rate': 0.032, 'target_domains': ['cartoon']}
Loss historical diff: 1.5140303373336792; Loss Difference: 0.0, Decision: 0
Round 129 took 0.39171314239501953s, results:
{'t': 128, 'current_accuracy': 0.484375, 'current_loss': 2.074678063392639, 'train_loss': None, 'decision': 0, 'drift_rate': 0.032, 'target_domains': ['cartoon']}
Loss historical diff: 1.4978734850883484; Loss Difference: 0.0, Decision: 0
Round 130 took 0.39098572731018066s, results:
{'t': 129, 'current_accuracy': 0.48828125, 'current_loss': 2.0585212111473083, 'train_loss': None, 'decision': 0, 'drift_rate': 0.032, 'target_domains': ['cartoon']}
Loss historical diff: 1.4816842079162598; Loss Difference: 0.0, Decision: 0
Round 131 took 0.3909718990325928s, results:
{'t': 130, 'current_accuracy': 0.48828125, 'current_loss': 2.0423319339752197, 'train_loss': None, 'decision': 0, 'drift_rate': 0.032, 'target_domains': ['cartoon']}
Loss historical diff: 1.4613417983055115; Loss Difference: 0.0, Decision: 0
Round 132 took 0.39128851890563965s, results:
{'t': 131, 'current_accuracy': 0.5, 'current_loss': 2.0219895243644714, 'train_loss': None, 'decision': 0, 'drift_rate': 0.032, 'target_domains': ['cartoon']}
Loss historical diff: 1.4428963661193848; Loss Difference: 0.0, Decision: 0
Round 133 took 0.3900179862976074s, results:
{'t': 132, 'current_accuracy': 0.5, 'current_loss': 2.0035440921783447, 'train_loss': None, 'decision': 0, 'drift_rate': 0.032, 'target_domains': ['cartoon']}
Loss historical diff: 1.432215392589569; Loss Difference: 0.0, Decision: 0
Round 134 took 0.38945841789245605s, results:
{'t': 133, 'current_accuracy': 0.49609375, 'current_loss': 1.992863118648529, 'train_loss': None, 'decision': 0, 'drift_rate': 0.032, 'target_domains': ['cartoon']}
Loss historical diff: 1.4567463994026184; Loss Difference: 0.0, Decision: 0
Round 135 took 0.3929743766784668s, results:
{'t': 134, 'current_accuracy': 0.49609375, 'current_loss': 2.0173941254615784, 'train_loss': None, 'decision': 0, 'drift_rate': 0.032, 'target_domains': ['cartoon']}
Loss historical diff: 1.4895912408828735; Loss Difference: 0.0, Decision: 0
Round 136 took 0.39178895950317383s, results:
{'t': 135, 'current_accuracy': 0.4921875, 'current_loss': 2.0502389669418335, 'train_loss': None, 'decision': 0, 'drift_rate': 0.032, 'target_domains': ['cartoon']}
Loss historical diff: 1.4407064318656921; Loss Difference: 0.0, Decision: 0
Round 137 took 0.39132261276245117s, results:
{'t': 136, 'current_accuracy': 0.484375, 'current_loss': 2.001354157924652, 'train_loss': None, 'decision': 0, 'drift_rate': 0.032, 'target_domains': ['cartoon']}
Loss historical diff: 1.3957838416099548; Loss Difference: 0.0, Decision: 0
Round 138 took 0.3912234306335449s, results:
{'t': 137, 'current_accuracy': 0.5, 'current_loss': 1.9564315676689148, 'train_loss': None, 'decision': 0, 'drift_rate': 0.032, 'target_domains': ['cartoon']}
Loss historical diff: 1.4381911158561707; Loss Difference: 0.0, Decision: 0
Round 139 took 0.39084386825561523s, results:
{'t': 138, 'current_accuracy': 0.4921875, 'current_loss': 1.9988388419151306, 'train_loss': None, 'decision': 0, 'drift_rate': 0.032, 'target_domains': ['cartoon']}
Loss historical diff: 1.407059371471405; Loss Difference: 0.0, Decision: 0
Round 140 took 0.3910939693450928s, results:
{'t': 139, 'current_accuracy': 0.4921875, 'current_loss': 1.967707097530365, 'train_loss': None, 'decision': 0, 'drift_rate': 0.032, 'target_domains': ['cartoon']}
Loss historical diff: 1.3790749907493591; Loss Difference: 0.0, Decision: 0
Round 141 took 0.3905808925628662s, results:
{'t': 140, 'current_accuracy': 0.5, 'current_loss': 1.939722716808319, 'train_loss': None, 'decision': 0, 'drift_rate': 0.032, 'target_domains': ['cartoon']}
Loss historical diff: 1.482463777065277; Loss Difference: 0.0, Decision: 0
Round 142 took 0.3903317451477051s, results:
{'t': 141, 'current_accuracy': 0.4921875, 'current_loss': 2.043111503124237, 'train_loss': None, 'decision': 0, 'drift_rate': 0.032, 'target_domains': ['cartoon']}
Loss historical diff: 1.4760929346084595; Loss Difference: 0.0, Decision: 0
Round 143 took 0.39334940910339355s, results:
{'t': 142, 'current_accuracy': 0.4921875, 'current_loss': 2.0367406606674194, 'train_loss': None, 'decision': 0, 'drift_rate': 0.032, 'target_domains': ['cartoon']}
Loss historical diff: 1.4844819903373718; Loss Difference: 0.0, Decision: 0
Round 144 took 0.3914804458618164s, results:
{'t': 143, 'current_accuracy': 0.48828125, 'current_loss': 2.045129716396332, 'train_loss': None, 'decision': 0, 'drift_rate': 0.032, 'target_domains': ['cartoon']}
Loss historical diff: 1.4861985445022583; Loss Difference: 0.0, Decision: 0
Round 145 took 0.391756534576416s, results:
{'t': 144, 'current_accuracy': 0.5, 'current_loss': 2.0468462705612183, 'train_loss': None, 'decision': 0, 'drift_rate': 0.032, 'target_domains': ['cartoon']}
Loss historical diff: 1.451530396938324; Loss Difference: 0.0, Decision: 0
Round 146 took 0.3918135166168213s, results:
{'t': 145, 'current_accuracy': 0.50390625, 'current_loss': 2.012178122997284, 'train_loss': None, 'decision': 0, 'drift_rate': 0.032, 'target_domains': ['cartoon']}
Loss historical diff: 1.4588150382041931; Loss Difference: 0.0, Decision: 0
Round 147 took 0.39074063301086426s, results:
{'t': 146, 'current_accuracy': 0.50390625, 'current_loss': 2.019462764263153, 'train_loss': None, 'decision': 0, 'drift_rate': 0.032, 'target_domains': ['cartoon']}
Loss historical diff: 1.3800346851348877; Loss Difference: 0.0, Decision: 0
Round 148 took 0.39135265350341797s, results:
{'t': 147, 'current_accuracy': 0.51953125, 'current_loss': 1.9406824111938477, 'train_loss': None, 'decision': 0, 'drift_rate': 0.032, 'target_domains': ['cartoon']}
Loss historical diff: 1.3623126745224; Loss Difference: 0.0, Decision: 0
Round 149 took 0.39098072052001953s, results:
{'t': 148, 'current_accuracy': 0.52734375, 'current_loss': 1.9229604005813599, 'train_loss': None, 'decision': 0, 'drift_rate': 0.032, 'target_domains': ['cartoon']}
Loss historical diff: 1.36411052942276; Loss Difference: 0.0, Decision: 0
Round 150 took 0.39073610305786133s, results:
{'t': 149, 'current_accuracy': 0.515625, 'current_loss': 1.92475825548172, 'train_loss': None, 'decision': 0, 'drift_rate': 0.032, 'target_domains': ['cartoon']}
Loss historical diff: 1.3641103506088257; Loss Difference: 0.0, Decision: 0
Round 151 took 0.39161014556884766s, results:
{'t': 150, 'current_accuracy': 0.515625, 'current_loss': 1.9247580766677856, 'train_loss': None, 'decision': 0, 'drift_rate': 0.0, 'target_domains': ['cartoon']}
Loss historical diff: 1.3641104698181152; Loss Difference: 0.0, Decision: 0
Round 152 took 0.39017391204833984s, results:
{'t': 151, 'current_accuracy': 0.515625, 'current_loss': 1.9247581958770752, 'train_loss': None, 'decision': 0, 'drift_rate': 0.0, 'target_domains': ['cartoon']}
Loss historical diff: 1.3641108274459839; Loss Difference: 0.0, Decision: 0
Round 153 took 0.389453649520874s, results:
{'t': 152, 'current_accuracy': 0.515625, 'current_loss': 1.9247585535049438, 'train_loss': None, 'decision': 0, 'drift_rate': 0.0, 'target_domains': ['cartoon']}
Loss historical diff: 1.3641107678413391; Loss Difference: 0.0, Decision: 0
Round 154 took 0.3903777599334717s, results:
{'t': 153, 'current_accuracy': 0.515625, 'current_loss': 1.924758493900299, 'train_loss': None, 'decision': 0, 'drift_rate': 0.0, 'target_domains': ['cartoon']}
Loss historical diff: 1.3641103506088257; Loss Difference: 0.0, Decision: 0
Round 155 took 0.38983893394470215s, results:
{'t': 154, 'current_accuracy': 0.515625, 'current_loss': 1.9247580766677856, 'train_loss': None, 'decision': 0, 'drift_rate': 0.0, 'target_domains': ['cartoon']}
Loss historical diff: 1.3641104698181152; Loss Difference: 0.0, Decision: 0
Round 156 took 0.38880228996276855s, results:
{'t': 155, 'current_accuracy': 0.515625, 'current_loss': 1.9247581958770752, 'train_loss': None, 'decision': 0, 'drift_rate': 0.0, 'target_domains': ['cartoon']}
Loss historical diff: 1.3641107678413391; Loss Difference: 0.0, Decision: 0
Round 157 took 0.3893392086029053s, results:
{'t': 156, 'current_accuracy': 0.515625, 'current_loss': 1.924758493900299, 'train_loss': None, 'decision': 0, 'drift_rate': 0.0, 'target_domains': ['cartoon']}
Loss historical diff: 1.3641105890274048; Loss Difference: 0.0, Decision: 0
Round 158 took 0.3903958797454834s, results:
{'t': 157, 'current_accuracy': 0.515625, 'current_loss': 1.9247583150863647, 'train_loss': None, 'decision': 0, 'drift_rate': 0.0, 'target_domains': ['cartoon']}
Loss historical diff: 1.3641104102134705; Loss Difference: 0.0, Decision: 0
Round 159 took 0.39057469367980957s, results:
{'t': 158, 'current_accuracy': 0.515625, 'current_loss': 1.9247581362724304, 'train_loss': None, 'decision': 0, 'drift_rate': 0.0, 'target_domains': ['cartoon']}
Loss historical diff: 1.3641101717948914; Loss Difference: 0.0, Decision: 0
Round 160 took 0.38887643814086914s, results:
{'t': 159, 'current_accuracy': 0.515625, 'current_loss': 1.9247578978538513, 'train_loss': None, 'decision': 0, 'drift_rate': 0.0, 'target_domains': ['cartoon']}
Loss historical diff: 1.36411052942276; Loss Difference: 0.0, Decision: 0
Round 161 took 0.38976144790649414s, results:
{'t': 160, 'current_accuracy': 0.515625, 'current_loss': 1.92475825548172, 'train_loss': None, 'decision': 0, 'drift_rate': 0.0, 'target_domains': ['cartoon']}
Loss historical diff: 1.36411052942276; Loss Difference: 0.0, Decision: 0
Round 162 took 0.3900108337402344s, results:
{'t': 161, 'current_accuracy': 0.515625, 'current_loss': 1.92475825548172, 'train_loss': None, 'decision': 0, 'drift_rate': 0.0, 'target_domains': ['cartoon']}
Loss historical diff: 1.36411052942276; Loss Difference: 0.0, Decision: 0
Round 163 took 0.38892483711242676s, results:
{'t': 162, 'current_accuracy': 0.515625, 'current_loss': 1.92475825548172, 'train_loss': None, 'decision': 0, 'drift_rate': 0.0, 'target_domains': ['cartoon']}
Loss historical diff: 1.364110291004181; Loss Difference: 0.0, Decision: 0
Round 164 took 0.3890087604522705s, results:
{'t': 163, 'current_accuracy': 0.515625, 'current_loss': 1.9247580170631409, 'train_loss': None, 'decision': 0, 'drift_rate': 0.0, 'target_domains': ['cartoon']}
Loss historical diff: 1.3641104102134705; Loss Difference: 0.0, Decision: 0
Round 165 took 0.39060235023498535s, results:
{'t': 164, 'current_accuracy': 0.515625, 'current_loss': 1.9247581362724304, 'train_loss': None, 'decision': 0, 'drift_rate': 0.0, 'target_domains': ['cartoon']}
Loss historical diff: 1.3641106486320496; Loss Difference: 0.0, Decision: 0
Round 166 took 0.3894462585449219s, results:
{'t': 165, 'current_accuracy': 0.515625, 'current_loss': 1.9247583746910095, 'train_loss': None, 'decision': 0, 'drift_rate': 0.0, 'target_domains': ['cartoon']}
Loss historical diff: 1.3641103506088257; Loss Difference: 0.0, Decision: 0
Round 167 took 0.3911099433898926s, results:
{'t': 166, 'current_accuracy': 0.515625, 'current_loss': 1.9247580766677856, 'train_loss': None, 'decision': 0, 'drift_rate': 0.0, 'target_domains': ['cartoon']}
Loss historical diff: 1.3641104102134705; Loss Difference: 0.0, Decision: 0
Round 168 took 0.38847899436950684s, results:
{'t': 167, 'current_accuracy': 0.515625, 'current_loss': 1.9247581362724304, 'train_loss': None, 'decision': 0, 'drift_rate': 0.0, 'target_domains': ['cartoon']}
Loss historical diff: 1.36411052942276; Loss Difference: 0.0, Decision: 0
Round 169 took 0.3885161876678467s, results:
{'t': 168, 'current_accuracy': 0.515625, 'current_loss': 1.92475825548172, 'train_loss': None, 'decision': 0, 'drift_rate': 0.0, 'target_domains': ['cartoon']}
Loss historical diff: 1.3641104698181152; Loss Difference: 0.0, Decision: 0
Round 170 took 0.38916540145874023s, results:
{'t': 169, 'current_accuracy': 0.515625, 'current_loss': 1.9247581958770752, 'train_loss': None, 'decision': 0, 'drift_rate': 0.0, 'target_domains': ['cartoon']}
Loss historical diff: 1.3641104102134705; Loss Difference: 0.0, Decision: 0
Round 171 took 0.39000487327575684s, results:
{'t': 170, 'current_accuracy': 0.515625, 'current_loss': 1.9247581362724304, 'train_loss': None, 'decision': 0, 'drift_rate': 0.0, 'target_domains': ['cartoon']}
Loss historical diff: 1.3641101121902466; Loss Difference: 0.0, Decision: 0
Round 172 took 0.38987183570861816s, results:
{'t': 171, 'current_accuracy': 0.515625, 'current_loss': 1.9247578382492065, 'train_loss': None, 'decision': 0, 'drift_rate': 0.0, 'target_domains': ['cartoon']}
Loss historical diff: 1.36411052942276; Loss Difference: 0.0, Decision: 0
Round 173 took 0.3888871669769287s, results:
{'t': 172, 'current_accuracy': 0.515625, 'current_loss': 1.92475825548172, 'train_loss': None, 'decision': 0, 'drift_rate': 0.0, 'target_domains': ['cartoon']}
Loss historical diff: 1.3641101121902466; Loss Difference: 0.0, Decision: 0
Round 174 took 0.3895223140716553s, results:
{'t': 173, 'current_accuracy': 0.515625, 'current_loss': 1.9247578382492065, 'train_loss': None, 'decision': 0, 'drift_rate': 0.0, 'target_domains': ['cartoon']}
Loss historical diff: 1.36411052942276; Loss Difference: 0.0, Decision: 0
Round 175 took 0.3924434185028076s, results:
{'t': 174, 'current_accuracy': 0.515625, 'current_loss': 1.92475825548172, 'train_loss': None, 'decision': 0, 'drift_rate': 0.0, 'target_domains': ['cartoon']}
Loss historical diff: 1.3641104698181152; Loss Difference: 0.0, Decision: 0
Round 176 took 0.38983607292175293s, results:
{'t': 175, 'current_accuracy': 0.515625, 'current_loss': 1.9247581958770752, 'train_loss': None, 'decision': 0, 'drift_rate': 0.0, 'target_domains': ['cartoon']}
Loss historical diff: 1.3641104698181152; Loss Difference: 0.0, Decision: 0
Round 177 took 0.3897223472595215s, results:
{'t': 176, 'current_accuracy': 0.515625, 'current_loss': 1.9247581958770752, 'train_loss': None, 'decision': 0, 'drift_rate': 0.0, 'target_domains': ['cartoon']}
Loss historical diff: 1.3641103506088257; Loss Difference: 0.0, Decision: 0
Round 178 took 0.3901820182800293s, results:
{'t': 177, 'current_accuracy': 0.515625, 'current_loss': 1.9247580766677856, 'train_loss': None, 'decision': 0, 'drift_rate': 0.0, 'target_domains': ['cartoon']}
Loss historical diff: 1.3641106486320496; Loss Difference: 0.0, Decision: 0
Round 179 took 0.38965511322021484s, results:
{'t': 178, 'current_accuracy': 0.515625, 'current_loss': 1.9247583746910095, 'train_loss': None, 'decision': 0, 'drift_rate': 0.0, 'target_domains': ['cartoon']}
Loss historical diff: 1.3641103506088257; Loss Difference: 0.0, Decision: 0
Round 180 took 0.3900461196899414s, results:
{'t': 179, 'current_accuracy': 0.515625, 'current_loss': 1.9247580766677856, 'train_loss': None, 'decision': 0, 'drift_rate': 0.0, 'target_domains': ['cartoon']}
Loss historical diff: 1.3641098737716675; Loss Difference: 0.0, Decision: 0
Round 181 took 0.3894202709197998s, results:
{'t': 180, 'current_accuracy': 0.515625, 'current_loss': 1.9247575998306274, 'train_loss': None, 'decision': 0, 'drift_rate': 0.0, 'target_domains': ['cartoon']}
Loss historical diff: 1.3641104698181152; Loss Difference: 0.0, Decision: 0
Round 182 took 0.3902740478515625s, results:
{'t': 181, 'current_accuracy': 0.515625, 'current_loss': 1.9247581958770752, 'train_loss': None, 'decision': 0, 'drift_rate': 0.0, 'target_domains': ['cartoon']}
Loss historical diff: 1.3641104102134705; Loss Difference: 0.0, Decision: 0
Round 183 took 0.40640854835510254s, results:
{'t': 182, 'current_accuracy': 0.515625, 'current_loss': 1.9247581362724304, 'train_loss': None, 'decision': 0, 'drift_rate': 0.0, 'target_domains': ['cartoon']}
Loss historical diff: 1.3641105890274048; Loss Difference: 0.0, Decision: 0
Round 184 took 0.3912491798400879s, results:
{'t': 183, 'current_accuracy': 0.515625, 'current_loss': 1.9247583150863647, 'train_loss': None, 'decision': 0, 'drift_rate': 0.0, 'target_domains': ['cartoon']}
Loss historical diff: 1.3641104102134705; Loss Difference: 0.0, Decision: 0
Round 185 took 0.39138031005859375s, results:
{'t': 184, 'current_accuracy': 0.515625, 'current_loss': 1.9247581362724304, 'train_loss': None, 'decision': 0, 'drift_rate': 0.0, 'target_domains': ['cartoon']}
Loss historical diff: 1.364110291004181; Loss Difference: 0.0, Decision: 0
Round 186 took 0.39089465141296387s, results:
{'t': 185, 'current_accuracy': 0.515625, 'current_loss': 1.9247580170631409, 'train_loss': None, 'decision': 0, 'drift_rate': 0.0, 'target_domains': ['cartoon']}
Loss historical diff: 1.3641103506088257; Loss Difference: 0.0, Decision: 0
Round 187 took 0.39017510414123535s, results:
{'t': 186, 'current_accuracy': 0.515625, 'current_loss': 1.9247580766677856, 'train_loss': None, 'decision': 0, 'drift_rate': 0.0, 'target_domains': ['cartoon']}
Loss historical diff: 1.3641106486320496; Loss Difference: 0.0, Decision: 0
Round 188 took 0.3912830352783203s, results:
{'t': 187, 'current_accuracy': 0.515625, 'current_loss': 1.9247583746910095, 'train_loss': None, 'decision': 0, 'drift_rate': 0.0, 'target_domains': ['cartoon']}
Loss historical diff: 1.3641104698181152; Loss Difference: 0.0, Decision: 0
Round 189 took 0.39098429679870605s, results:
{'t': 188, 'current_accuracy': 0.515625, 'current_loss': 1.9247581958770752, 'train_loss': None, 'decision': 0, 'drift_rate': 0.0, 'target_domains': ['cartoon']}
Loss historical diff: 1.3641107082366943; Loss Difference: 0.0, Decision: 0
Round 190 took 0.3913135528564453s, results:
{'t': 189, 'current_accuracy': 0.515625, 'current_loss': 1.9247584342956543, 'train_loss': None, 'decision': 0, 'drift_rate': 0.0, 'target_domains': ['cartoon']}
Loss historical diff: 1.4341404438018799; Loss Difference: 0.0, Decision: 0
Round 191 took 0.4009697437286377s, results:
{'t': 190, 'current_accuracy': 0.51171875, 'current_loss': 1.9947881698608398, 'train_loss': None, 'decision': 0, 'drift_rate': 0.032, 'target_domains': ['sketch']}
Loss historical diff: 1.5190163254737854; Loss Difference: 0.0, Decision: 0
Round 192 took 0.39409351348876953s, results:
{'t': 191, 'current_accuracy': 0.49609375, 'current_loss': 2.0796640515327454, 'train_loss': None, 'decision': 0, 'drift_rate': 0.032, 'target_domains': ['sketch']}
Loss historical diff: 1.5414279699325562; Loss Difference: 0.0, Decision: 0
Round 193 took 0.3982064723968506s, results:
{'t': 192, 'current_accuracy': 0.4921875, 'current_loss': 2.102075695991516, 'train_loss': None, 'decision': 0, 'drift_rate': 0.032, 'target_domains': ['sketch']}
Loss historical diff: 1.634971022605896; Loss Difference: 0.0, Decision: 0
Round 194 took 0.3934950828552246s, results:
{'t': 193, 'current_accuracy': 0.484375, 'current_loss': 2.195618748664856, 'train_loss': None, 'decision': 0, 'drift_rate': 0.032, 'target_domains': ['sketch']}
Loss historical diff: 1.6890526413917542; Loss Difference: 0.0, Decision: 0
Round 195 took 0.39565563201904297s, results:
{'t': 194, 'current_accuracy': 0.47265625, 'current_loss': 2.249700367450714, 'train_loss': None, 'decision': 0, 'drift_rate': 0.032, 'target_domains': ['sketch']}
Loss historical diff: 1.7634804248809814; Loss Difference: 0.0, Decision: 0
Round 196 took 0.3931152820587158s, results:
{'t': 195, 'current_accuracy': 0.4609375, 'current_loss': 2.3241281509399414, 'train_loss': None, 'decision': 0, 'drift_rate': 0.032, 'target_domains': ['sketch']}
Loss historical diff: 1.7721619606018066; Loss Difference: 0.0, Decision: 0
Round 197 took 0.394641637802124s, results:
{'t': 196, 'current_accuracy': 0.453125, 'current_loss': 2.3328096866607666, 'train_loss': None, 'decision': 0, 'drift_rate': 0.032, 'target_domains': ['sketch']}
Loss historical diff: 1.85615873336792; Loss Difference: 0.0, Decision: 0
Round 198 took 0.39514756202697754s, results:
{'t': 197, 'current_accuracy': 0.4453125, 'current_loss': 2.41680645942688, 'train_loss': None, 'decision': 0, 'drift_rate': 0.032, 'target_domains': ['sketch']}
Loss historical diff: 1.9035142660140991; Loss Difference: 0.0, Decision: 0
Round 199 took 0.39415979385375977s, results:
{'t': 198, 'current_accuracy': 0.4296875, 'current_loss': 2.464161992073059, 'train_loss': None, 'decision': 0, 'drift_rate': 0.032, 'target_domains': ['sketch']}
Loss historical diff: 1.9650497436523438; Loss Difference: 0.0, Decision: 0
Round 200 took 0.39377593994140625s, results:
{'t': 199, 'current_accuracy': 0.41015625, 'current_loss': 2.5256974697113037, 'train_loss': None, 'decision': 0, 'drift_rate': 0.032, 'target_domains': ['sketch']}
Loss historical diff: 2.0194770097732544; Loss Difference: 0.0, Decision: 0
Round 201 took 0.39462924003601074s, results:
{'t': 200, 'current_accuracy': 0.3984375, 'current_loss': 2.5801247358322144, 'train_loss': None, 'decision': 0, 'drift_rate': 0.032, 'target_domains': ['sketch']}
Loss historical diff: 2.05867862701416; Loss Difference: 0.0, Decision: 0
Round 202 took 0.3922271728515625s, results:
{'t': 201, 'current_accuracy': 0.38671875, 'current_loss': 2.61932635307312, 'train_loss': None, 'decision': 0, 'drift_rate': 0.032, 'target_domains': ['sketch']}
Loss historical diff: 2.16501784324646; Loss Difference: 0.0, Decision: 0
Round 203 took 0.3940412998199463s, results:
{'t': 202, 'current_accuracy': 0.37109375, 'current_loss': 2.72566556930542, 'train_loss': None, 'decision': 0, 'drift_rate': 0.032, 'target_domains': ['sketch']}
Loss historical diff: 2.251478433609009; Loss Difference: 0.0, Decision: 0
Round 204 took 0.3950526714324951s, results:
{'t': 203, 'current_accuracy': 0.359375, 'current_loss': 2.8121261596679688, 'train_loss': None, 'decision': 0, 'drift_rate': 0.032, 'target_domains': ['sketch']}
Loss historical diff: 2.3669729232788086; Loss Difference: 0.0, Decision: 0
Round 205 took 0.3927125930786133s, results:
{'t': 204, 'current_accuracy': 0.3359375, 'current_loss': 2.9276206493377686, 'train_loss': None, 'decision': 0, 'drift_rate': 0.032, 'target_domains': ['sketch']}
Loss historical diff: 2.466599225997925; Loss Difference: 0.0, Decision: 0
Round 206 took 0.39356303215026855s, results:
{'t': 205, 'current_accuracy': 0.31640625, 'current_loss': 3.0272469520568848, 'train_loss': None, 'decision': 0, 'drift_rate': 0.032, 'target_domains': ['sketch']}
Loss historical diff: 2.4971821308135986; Loss Difference: 0.0, Decision: 0
Round 207 took 0.39725685119628906s, results:
{'t': 206, 'current_accuracy': 0.3046875, 'current_loss': 3.0578298568725586, 'train_loss': None, 'decision': 0, 'drift_rate': 0.032, 'target_domains': ['sketch']}
Loss historical diff: 2.4611337184906006; Loss Difference: 0.0, Decision: 0
Round 208 took 0.3937654495239258s, results:
{'t': 207, 'current_accuracy': 0.3046875, 'current_loss': 3.0217814445495605, 'train_loss': None, 'decision': 0, 'drift_rate': 0.032, 'target_domains': ['sketch']}
Loss historical diff: 2.5279126167297363; Loss Difference: 0.0, Decision: 0
Round 209 took 0.39548277854919434s, results:
{'t': 208, 'current_accuracy': 0.29296875, 'current_loss': 3.0885603427886963, 'train_loss': None, 'decision': 0, 'drift_rate': 0.032, 'target_domains': ['sketch']}
Loss historical diff: 2.590887188911438; Loss Difference: 0.0, Decision: 0
Round 210 took 0.3936917781829834s, results:
{'t': 209, 'current_accuracy': 0.26953125, 'current_loss': 3.151534914970398, 'train_loss': None, 'decision': 0, 'drift_rate': 0.032, 'target_domains': ['sketch']}
Loss historical diff: 2.6463658809661865; Loss Difference: 0.0, Decision: 0
Round 211 took 0.392352819442749s, results:
{'t': 210, 'current_accuracy': 0.2578125, 'current_loss': 3.2070136070251465, 'train_loss': None, 'decision': 0, 'drift_rate': 0.032, 'target_domains': ['sketch']}
Loss historical diff: 2.726120948791504; Loss Difference: 0.0, Decision: 0
Round 212 took 0.3941199779510498s, results:
{'t': 211, 'current_accuracy': 0.24609375, 'current_loss': 3.286768674850464, 'train_loss': None, 'decision': 0, 'drift_rate': 0.032, 'target_domains': ['sketch']}
Loss historical diff: 2.769699811935425; Loss Difference: 0.0, Decision: 0
Round 213 took 0.39449548721313477s, results:
{'t': 212, 'current_accuracy': 0.23828125, 'current_loss': 3.3303475379943848, 'train_loss': None, 'decision': 0, 'drift_rate': 0.032, 'target_domains': ['sketch']}
Loss historical diff: 2.8069928884506226; Loss Difference: 0.0, Decision: 0
Round 214 took 0.3921792507171631s, results:
{'t': 213, 'current_accuracy': 0.234375, 'current_loss': 3.3676406145095825, 'train_loss': None, 'decision': 0, 'drift_rate': 0.032, 'target_domains': ['sketch']}
Loss historical diff: 2.860523223876953; Loss Difference: 0.0, Decision: 0
Round 215 took 0.3949751853942871s, results:
{'t': 214, 'current_accuracy': 0.21875, 'current_loss': 3.421170949935913, 'train_loss': None, 'decision': 0, 'drift_rate': 0.032, 'target_domains': ['sketch']}
Loss historical diff: 2.9111218452453613; Loss Difference: 0.0, Decision: 0
Round 216 took 0.3942410945892334s, results:
{'t': 215, 'current_accuracy': 0.21484375, 'current_loss': 3.4717695713043213, 'train_loss': None, 'decision': 0, 'drift_rate': 0.032, 'target_domains': ['sketch']}
Loss historical diff: 2.973523259162903; Loss Difference: 0.0, Decision: 0
Round 217 took 0.3928861618041992s, results:
{'t': 216, 'current_accuracy': 0.19921875, 'current_loss': 3.534170985221863, 'train_loss': None, 'decision': 0, 'drift_rate': 0.032, 'target_domains': ['sketch']}
Loss historical diff: 3.0088698863983154; Loss Difference: 0.0, Decision: 0
Round 218 took 0.3931539058685303s, results:
{'t': 217, 'current_accuracy': 0.19140625, 'current_loss': 3.5695176124572754, 'train_loss': None, 'decision': 0, 'drift_rate': 0.032, 'target_domains': ['sketch']}
Loss historical diff: 3.116809129714966; Loss Difference: 0.0, Decision: 0
Round 219 took 0.3925809860229492s, results:
{'t': 218, 'current_accuracy': 0.1796875, 'current_loss': 3.677456855773926, 'train_loss': None, 'decision': 0, 'drift_rate': 0.032, 'target_domains': ['sketch']}
Loss historical diff: 3.196815848350525; Loss Difference: 0.0, Decision: 0
Round 220 took 0.3913452625274658s, results:
{'t': 219, 'current_accuracy': 0.15625, 'current_loss': 3.757463574409485, 'train_loss': None, 'decision': 0, 'drift_rate': 0.032, 'target_domains': ['sketch']}
Loss historical diff: 3.1968154907226562; Loss Difference: 0.0, Decision: 0
Round 221 took 0.3919658660888672s, results:
{'t': 220, 'current_accuracy': 0.15625, 'current_loss': 3.757463216781616, 'train_loss': None, 'decision': 0, 'drift_rate': 0.0, 'target_domains': ['sketch']}
Loss historical diff: 3.196815848350525; Loss Difference: 0.0, Decision: 0
Round 222 took 0.3917877674102783s, results:
{'t': 221, 'current_accuracy': 0.15625, 'current_loss': 3.757463574409485, 'train_loss': None, 'decision': 0, 'drift_rate': 0.0, 'target_domains': ['sketch']}
Loss historical diff: 3.196816086769104; Loss Difference: 0.0, Decision: 0
Round 223 took 0.39052486419677734s, results:
{'t': 222, 'current_accuracy': 0.15625, 'current_loss': 3.757463812828064, 'train_loss': None, 'decision': 0, 'drift_rate': 0.0, 'target_domains': ['sketch']}
Loss historical diff: 3.196815609931946; Loss Difference: 0.0, Decision: 0
Round 224 took 0.3908970355987549s, results:
{'t': 223, 'current_accuracy': 0.15625, 'current_loss': 3.7574633359909058, 'train_loss': None, 'decision': 0, 'drift_rate': 0.0, 'target_domains': ['sketch']}
Loss historical diff: 3.1968154907226562; Loss Difference: 0.0, Decision: 0
Round 225 took 0.3928835391998291s, results:
{'t': 224, 'current_accuracy': 0.15625, 'current_loss': 3.757463216781616, 'train_loss': None, 'decision': 0, 'drift_rate': 0.0, 'target_domains': ['sketch']}
Loss historical diff: 3.196815848350525; Loss Difference: 0.0, Decision: 0
Round 226 took 0.39125609397888184s, results:
{'t': 225, 'current_accuracy': 0.15625, 'current_loss': 3.757463574409485, 'train_loss': None, 'decision': 0, 'drift_rate': 0.0, 'target_domains': ['sketch']}
Loss historical diff: 3.196815609931946; Loss Difference: 0.0, Decision: 0
Round 227 took 0.3900275230407715s, results:
{'t': 226, 'current_accuracy': 0.15625, 'current_loss': 3.7574633359909058, 'train_loss': None, 'decision': 0, 'drift_rate': 0.0, 'target_domains': ['sketch']}
Loss historical diff: 3.1968157291412354; Loss Difference: 0.0, Decision: 0
Round 228 took 0.3901708126068115s, results:
{'t': 227, 'current_accuracy': 0.15625, 'current_loss': 3.7574634552001953, 'train_loss': None, 'decision': 0, 'drift_rate': 0.0, 'target_domains': ['sketch']}
Loss historical diff: 3.1968159675598145; Loss Difference: 0.0, Decision: 0
Round 229 took 0.3919796943664551s, results:
{'t': 228, 'current_accuracy': 0.15625, 'current_loss': 3.7574636936187744, 'train_loss': None, 'decision': 0, 'drift_rate': 0.0, 'target_domains': ['sketch']}
Loss historical diff: 3.1968154907226562; Loss Difference: 0.0, Decision: 0
Round 230 took 0.3908376693725586s, results:
{'t': 229, 'current_accuracy': 0.15625, 'current_loss': 3.757463216781616, 'train_loss': None, 'decision': 0, 'drift_rate': 0.0, 'target_domains': ['sketch']}
Loss historical diff: 3.196815609931946; Loss Difference: 0.0, Decision: 0
Round 231 took 0.3898944854736328s, results:
{'t': 230, 'current_accuracy': 0.15625, 'current_loss': 3.7574633359909058, 'train_loss': None, 'decision': 0, 'drift_rate': 0.0, 'target_domains': ['sketch']}
Loss historical diff: 3.1968159675598145; Loss Difference: 0.0, Decision: 0
Round 232 took 0.39124393463134766s, results:
{'t': 231, 'current_accuracy': 0.15625, 'current_loss': 3.7574636936187744, 'train_loss': None, 'decision': 0, 'drift_rate': 0.0, 'target_domains': ['sketch']}
Loss historical diff: 3.1968157291412354; Loss Difference: 0.0, Decision: 0
Round 233 took 0.3913431167602539s, results:
{'t': 232, 'current_accuracy': 0.15625, 'current_loss': 3.7574634552001953, 'train_loss': None, 'decision': 0, 'drift_rate': 0.0, 'target_domains': ['sketch']}
Loss historical diff: 3.1968154907226562; Loss Difference: 0.0, Decision: 0
Round 234 took 0.39090943336486816s, results:
{'t': 233, 'current_accuracy': 0.15625, 'current_loss': 3.757463216781616, 'train_loss': None, 'decision': 0, 'drift_rate': 0.0, 'target_domains': ['sketch']}
Loss historical diff: 3.196815848350525; Loss Difference: 0.0, Decision: 0
Round 235 took 0.39290809631347656s, results:
{'t': 234, 'current_accuracy': 0.15625, 'current_loss': 3.757463574409485, 'train_loss': None, 'decision': 0, 'drift_rate': 0.0, 'target_domains': ['sketch']}
Loss historical diff: 3.196815848350525; Loss Difference: 0.0, Decision: 0
Round 236 took 0.3895730972290039s, results:
{'t': 235, 'current_accuracy': 0.15625, 'current_loss': 3.757463574409485, 'train_loss': None, 'decision': 0, 'drift_rate': 0.0, 'target_domains': ['sketch']}
Loss historical diff: 3.1968154907226562; Loss Difference: 0.0, Decision: 0
Round 237 took 0.38988780975341797s, results:
{'t': 236, 'current_accuracy': 0.15625, 'current_loss': 3.757463216781616, 'train_loss': None, 'decision': 0, 'drift_rate': 0.0, 'target_domains': ['sketch']}
Loss historical diff: 3.1968154907226562; Loss Difference: 0.0, Decision: 0
Round 238 took 0.38976573944091797s, results:
{'t': 237, 'current_accuracy': 0.15625, 'current_loss': 3.757463216781616, 'train_loss': None, 'decision': 0, 'drift_rate': 0.0, 'target_domains': ['sketch']}
Loss historical diff: 3.196815609931946; Loss Difference: 0.0, Decision: 0
Round 239 took 0.3905482292175293s, results:
{'t': 238, 'current_accuracy': 0.15625, 'current_loss': 3.7574633359909058, 'train_loss': None, 'decision': 0, 'drift_rate': 0.0, 'target_domains': ['sketch']}
Loss historical diff: 3.196815848350525; Loss Difference: 0.0, Decision: 0
Round 240 took 0.39104795455932617s, results:
{'t': 239, 'current_accuracy': 0.15625, 'current_loss': 3.757463574409485, 'train_loss': None, 'decision': 0, 'drift_rate': 0.0, 'target_domains': ['sketch']}
Loss historical diff: 3.1968157291412354; Loss Difference: 0.0, Decision: 0
Round 241 took 0.3909468650817871s, results:
{'t': 240, 'current_accuracy': 0.15625, 'current_loss': 3.7574634552001953, 'train_loss': None, 'decision': 0, 'drift_rate': 0.0, 'target_domains': ['sketch']}
Loss historical diff: 3.196815609931946; Loss Difference: 0.0, Decision: 0
Round 242 took 0.39203763008117676s, results:
{'t': 241, 'current_accuracy': 0.15625, 'current_loss': 3.7574633359909058, 'train_loss': None, 'decision': 0, 'drift_rate': 0.0, 'target_domains': ['sketch']}
Loss historical diff: 3.1968153715133667; Loss Difference: 0.0, Decision: 0
Round 243 took 0.38958191871643066s, results:
{'t': 242, 'current_accuracy': 0.15625, 'current_loss': 3.7574630975723267, 'train_loss': None, 'decision': 0, 'drift_rate': 0.0, 'target_domains': ['sketch']}
Loss historical diff: 3.1968154907226562; Loss Difference: 0.0, Decision: 0
Round 244 took 0.38996338844299316s, results:
{'t': 243, 'current_accuracy': 0.15625, 'current_loss': 3.757463216781616, 'train_loss': None, 'decision': 0, 'drift_rate': 0.0, 'target_domains': ['sketch']}
Loss historical diff: 3.1968154907226562; Loss Difference: 0.0, Decision: 0
Round 245 took 0.3904132843017578s, results:
{'t': 244, 'current_accuracy': 0.15625, 'current_loss': 3.757463216781616, 'train_loss': None, 'decision': 0, 'drift_rate': 0.0, 'target_domains': ['sketch']}
Loss historical diff: 3.196815609931946; Loss Difference: 0.0, Decision: 0
Round 246 took 0.3907802104949951s, results:
{'t': 245, 'current_accuracy': 0.15625, 'current_loss': 3.7574633359909058, 'train_loss': None, 'decision': 0, 'drift_rate': 0.0, 'target_domains': ['sketch']}
Loss historical diff: 3.1968154907226562; Loss Difference: 0.0, Decision: 0
Round 247 took 0.3902137279510498s, results:
{'t': 246, 'current_accuracy': 0.15625, 'current_loss': 3.757463216781616, 'train_loss': None, 'decision': 0, 'drift_rate': 0.0, 'target_domains': ['sketch']}
Loss historical diff: 3.196816086769104; Loss Difference: 0.0, Decision: 0
Round 248 took 0.39127540588378906s, results:
{'t': 247, 'current_accuracy': 0.15625, 'current_loss': 3.757463812828064, 'train_loss': None, 'decision': 0, 'drift_rate': 0.0, 'target_domains': ['sketch']}
Loss historical diff: 3.1968157291412354; Loss Difference: 0.0, Decision: 0
Round 249 took 0.392505407333374s, results:
{'t': 248, 'current_accuracy': 0.15625, 'current_loss': 3.7574634552001953, 'train_loss': None, 'decision': 0, 'drift_rate': 0.0, 'target_domains': ['sketch']}
Loss historical diff: 3.1968157291412354; Loss Difference: 0.0, Decision: 0
Round 250 took 0.39160752296447754s, results:
{'t': 249, 'current_accuracy': 0.15625, 'current_loss': 3.7574634552001953, 'train_loss': None, 'decision': 0, 'drift_rate': 0.0, 'target_domains': ['sketch']}
Average time per round: 0.4139781160354614
Total time: 103.49452900886536
